BLOCK00/SES002/SA002S12	SES002	1.34307	-40.9062	-42.2492
BLOCK00/SES002/SA002S13	SES002	1.66869	-41.0729	-42.7416
BLOCK00/SES002/SA002S23	SES002	1.29452	-40.9453	-42.2398
BLOCK00/SES002/SA002S26	SES002	1.75793	-40.6198	-42.3777
BLOCK00/SES002/SA002S28	SES002	1.04571	-41.3707	-42.4164
BLOCK00/SES007/SA007S14	SES007	1.23899	-40.2664	-41.5054
BLOCK00/SES007/SA007S15	SES007	0.422085	-41.9208	-42.3428
BLOCK00/SES007/SA007S24	SES007	0.567051	-41.9114	-42.4784
BLOCK00/SES007/SA007S27	SES007	0.243099	-42.6674	-42.9105
BLOCK00/SES007/SA007S29	SES007	0.369114	-41.1945	-41.5636
BLOCK00/SES008/SA008S11	SES008	0.938904	-41.7203	-42.6592
BLOCK00/SES008/SA008S12	SES008	0.183891	-42.5551	-42.739
BLOCK00/SES008/SA008S19	SES008	1.08463	-41.1916	-42.2763
BLOCK00/SES008/SA008S22	SES008	1.07211	-42.0535	-43.1256
BLOCK00/SES008/SA008S29	SES008	1.24846	-41.0652	-42.3136
BLOCK01/SES014/SA014S10	SES014	1.85837	-40.872	-42.7304
BLOCK01/SES014/SA014S12	SES014	2.54436	-38.8981	-41.4425
BLOCK01/SES014/SA014S24	SES014	1.53764	-40.6666	-42.2043
BLOCK01/SES014/SA014S26	SES014	2.11071	-38.7908	-40.9015
BLOCK01/SES014/SA014S28	SES014	2.6424	-38.8204	-41.4628
BLOCK01/SES016/SA016S12	SES016	1.02142	-43.3333	-44.3547
BLOCK01/SES016/SA016S13	SES016	1.20473	-42.0201	-43.2249
BLOCK01/SES016/SA016S22	SES016	0.5527	-42.8476	-43.4003
BLOCK01/SES016/SA016S25	SES016	1.62548	-39.6588	-41.2843
BLOCK01/SES016/SA016S27	SES016	1.38568	-40.3267	-41.7123
BLOCK01/SES019/SA019S13	SES019	3.00985	-41.404	-44.4138
BLOCK01/SES019/SA019S14	SES019	1.9127	-41.8612	-43.7739
BLOCK01/SES019/SA019S22	SES019	2.52997	-41.2053	-43.7353
BLOCK01/SES019/SA019S25	SES019	2.42953	-41.6892	-44.1188
BLOCK01/SES019/SA019S29	SES019	3.13823	-41.342	-44.4802
BLOCK02/SES029/SA029S11	SES029	0.886921	-41.5909	-42.4779
BLOCK02/SES029/SA029S12	SES029	-0.049366	-41.9567	-41.9073
BLOCK02/SES029/SA029S20	SES029	0.164288	-42.9847	-43.149
BLOCK02/SES029/SA029S25	SES029	0.409168	-41.5307	-41.9398
BLOCK02/SES029/SA029S28	SES029	0.249355	-42.3726	-42.6219
BLOCK04/SES042/SA042S12	SES042	2.24297	-39.8655	-42.1085
BLOCK04/SES042/SA042S15	SES042	2.26731	-40.476	-42.7433
BLOCK04/SES042/SA042S22	SES042	3.11274	-38.729	-41.8417
BLOCK04/SES042/SA042S25	SES042	2.06221	-41.3803	-43.4425
BLOCK04/SES042/SA042S27	SES042	1.92258	-40.0639	-41.9865
BLOCK04/SES048/SA048S11	SES048	1.29454	-41.0924	-42.387
BLOCK04/SES048/SA048S12	SES048	0.53841	-41.4403	-41.9787
BLOCK04/SES048/SA048S20	SES048	0.726677	-41.2251	-41.9517
BLOCK04/SES048/SA048S23	SES048	1.35996	-41.4254	-42.7854
BLOCK04/SES048/SA048S27	SES048	0.924774	-40.6618	-41.5866
BLOCK06/SES060/SA060S11	SES060	1.50638	-40.9077	-42.4141
BLOCK06/SES060/SA060S12	SES060	-1.46688	-43.8094	-42.3425
BLOCK06/SES060/SA060S22	SES060	-0.321918	-43.297	-42.9751
BLOCK06/SES060/SA060S24	SES060	0.837467	-41.4002	-42.2376
BLOCK06/SES060/SA060S28	SES060	0.755352	-39.9072	-40.6625
BLOCK06/SES062/SA062S10	SES062	0.465813	-41.6399	-42.1057
BLOCK06/SES062/SA062S11	SES062	1.269	-40.7808	-42.0498
BLOCK06/SES062/SA062S21	SES062	2.0094	-38.6697	-40.6791
BLOCK06/SES062/SA062S26	SES062	0.506058	-40.5893	-41.0954
BLOCK06/SES062/SA062S29	SES062	1.31786	-39.8817	-41.1996
BLOCK06/SES068/SA068S14	SES068	0.357754	-41.8882	-42.2459
BLOCK06/SES068/SA068S15	SES068	1.09639	-40.4835	-41.5799
BLOCK06/SES068/SA068S23	SES068	0.619663	-42.3209	-42.9405
BLOCK06/SES068/SA068S27	SES068	1.36957	-40.2943	-41.6638
BLOCK06/SES068/SA068S29	SES068	0.803204	-41.2127	-42.0159
BLOCK08/SES082/SA082S12	SES082	0.535191	-43.0137	-43.5489
BLOCK08/SES082/SA082S14	SES082	0.196865	-43.1015	-43.2984
BLOCK08/SES082/SA082S21	SES082	0.828499	-41.991	-42.8195
BLOCK08/SES082/SA082S24	SES082	1.05249	-41.5745	-42.627
BLOCK08/SES082/SA082S28	SES082	0.332954	-42.5197	-42.8526
BLOCK08/SES083/SA083S14	SES083	-0.825397	-42.9009	-42.0755
BLOCK08/SES083/SA083S15	SES083	0.120968	-41.9392	-42.0602
BLOCK08/SES083/SA083S24	SES083	-0.514374	-42.7871	-42.2727
BLOCK08/SES083/SA083S26	SES083	0.824715	-41.4379	-42.2626
BLOCK08/SES083/SA083S29	SES083	0.0292625	-41.7599	-41.7891
BLOCK08/SES085/SA085S10	SES085	-0.135735	-42.0276	-41.8918
BLOCK08/SES085/SA085S13	SES085	0.0702934	-42.5809	-42.6512
BLOCK08/SES085/SA085S22	SES085	-2.24847	-44.669	-42.4205
BLOCK08/SES085/SA085S26	SES085	-0.864468	-42.7171	-41.8527
BLOCK08/SES085/SA085S28	SES085	0.523724	-41.6316	-42.1553
BLOCK08/SES087/SA087S15	SES087	1.56265	-41.4926	-43.0552
BLOCK08/SES087/SA087S16	SES087	1.68779	-41.1545	-42.8423
BLOCK08/SES087/SA087S24	SES087	1.51487	-41.431	-42.9459
BLOCK08/SES087/SA087S26	SES087	1.17177	-40.5625	-41.7343
BLOCK08/SES087/SA087S29	SES087	1.85093	-41.2957	-43.1467
BLOCK09/SES099/SA099S15	SES099	1.15256	-41.9255	-43.0781
BLOCK09/SES099/SA099S16	SES099	1.0591	-41.8309	-42.89
BLOCK09/SES099/SA099S24	SES099	1.16816	-41.1217	-42.2899
BLOCK09/SES099/SA099S26	SES099	1.26134	-41.1158	-42.3771
BLOCK09/SES099/SA099S29	SES099	1.23883	-41.1951	-42.4339
BLOCK10/SES101/SA101S11	SES101	0.2728	-41.5581	-41.8309
BLOCK10/SES101/SA101S13	SES101	0.879356	-40.9085	-41.7879
BLOCK10/SES101/SA101S22	SES101	0.724644	-42.172	-42.8966
BLOCK10/SES101/SA101S24	SES101	1.06164	-41.5122	-42.5738
BLOCK10/SES101/SA101S28	SES101	0.116455	-42.6564	-42.7729
BLOCK10/SES104/SA104S11	SES104	1.05557	-40.4607	-41.5163
BLOCK10/SES104/SA104S12	SES104	1.59473	-40.0864	-41.6812
BLOCK10/SES104/SA104S21	SES104	1.10682	-41.1946	-42.3014
BLOCK10/SES104/SA104S24	SES104	0.955036	-41.6275	-42.5825
BLOCK10/SES104/SA104S28	SES104	1.10691	-41.2343	-42.3412
BLOCK10/SES105/SA105S12	SES105	0.443008	-42.7677	-43.2107
BLOCK10/SES105/SA105S13	SES105	1.02398	-42.034	-43.058
BLOCK10/SES105/SA105S22	SES105	0.30368	-43.2499	-43.5536
BLOCK10/SES105/SA105S26	SES105	1.26659	-42.1352	-43.4018
BLOCK10/SES105/SA105S29	SES105	0.69202	-42.1611	-42.8532
BLOCK10/SES106/SA106S09	SES106	1.4651	-42.3293	-43.7944
BLOCK10/SES106/SA106S11	SES106	1.35104	-40.9633	-42.3143
BLOCK10/SES106/SA106S22	SES106	2.10776	-41.402	-43.5098
BLOCK10/SES106/SA106S27	SES106	1.23484	-41.4151	-42.65
BLOCK10/SES106/SA106S29	SES106	1.0028	-41.4085	-42.4113
BLOCK11/SES117/SA117S12	SES117	0.732559	-42.2758	-43.0084
BLOCK11/SES117/SA117S13	SES117	0.251427	-42.1879	-42.4393
BLOCK11/SES117/SA117S23	SES117	1.6463	-42.6176	-44.2639
BLOCK11/SES117/SA117S25	SES117	0.536251	-42.9917	-43.5279
BLOCK11/SES117/SA117S28	SES117	1.11594	-42.6737	-43.7897
BLOCK12/SES120/SA120S08	SES120	0.858093	-43.5819	-44.44
BLOCK12/SES120/SA120S11	SES120	0.341702	-44.4958	-44.8375
BLOCK12/SES120/SA120S22	SES120	0.270535	-42.3752	-42.6457
BLOCK12/SES120/SA120S24	SES120	0.583626	-42.5524	-43.1361
BLOCK12/SES120/SA120S28	SES120	0.354614	-43.9678	-44.3224
BLOCK12/SES125/SA125S13	SES125	2.18064	-40.2578	-42.4384
BLOCK12/SES125/SA125S14	SES125	1.16652	-41.518	-42.6845
BLOCK12/SES125/SA125S25	SES125	1.96173	-40.5753	-42.5371
BLOCK12/SES125/SA125S27	SES125	1.5478	-40.32	-41.8678
BLOCK12/SES125/SA125S29	SES125	1.75753	-40.6009	-42.3585
BLOCK12/SES127/SA127S11	SES127	0.882603	-41.7688	-42.6514
BLOCK12/SES127/SA127S12	SES127	-0.489723	-42.5093	-42.0195
BLOCK12/SES127/SA127S23	SES127	0.330799	-42.0469	-42.3777
BLOCK12/SES127/SA127S25	SES127	-0.40593	-42.6963	-42.2904
BLOCK12/SES127/SA127S27	SES127	0.554707	-41.5135	-42.0683
BLOCK12/SES129/SA129S11	SES129	1.11106	-40.8511	-41.9621
BLOCK12/SES129/SA129S12	SES129	1.01353	-40.5133	-41.5268
BLOCK12/SES129/SA129S22	SES129	1.03351	-41.3601	-42.3936
BLOCK12/SES129/SA129S27	SES129	1.2298	-40.5209	-41.7507
BLOCK12/SES129/SA129S29	SES129	1.33852	-40.5171	-41.8556
BLOCK14/SES142/SA142S11	SES142	1.42105	-41.6463	-43.0674
BLOCK14/SES142/SA142S12	SES142	0.272438	-43.0383	-43.3107
BLOCK14/SES142/SA142S24	SES142	1.39773	-41.8238	-43.2215
BLOCK14/SES142/SA142S27	SES142	1.85049	-41.2238	-43.0743
BLOCK14/SES142/SA142S29	SES142	1.87339	-40.7339	-42.6073
BLOCK14/SES143/SA143S12	SES143	0.965572	-42.1471	-43.1127
BLOCK14/SES143/SA143S13	SES143	0.602764	-42.5928	-43.1956
BLOCK14/SES143/SA143S23	SES143	0.929932	-42.3145	-43.2445
BLOCK14/SES143/SA143S25	SES143	0.692215	-42.4904	-43.1826
BLOCK14/SES143/SA143S28	SES143	0.938831	-41.6248	-42.5636
BLOCK14/SES144/SA144S09	SES144	0.711369	-41.8011	-42.5125
BLOCK14/SES144/SA144S11	SES144	0.617302	-42.7743	-43.3917
BLOCK14/SES144/SA144S21	SES144	0.252995	-42.7968	-43.0498
BLOCK14/SES144/SA144S25	SES144	0.67083	-42.3505	-43.0214
BLOCK14/SES144/SA144S29	SES144	0.209724	-42.5259	-42.7356
BLOCK14/SES146/SA146S14	SES146	0.525539	-42.7478	-43.2733
BLOCK14/SES146/SA146S15	SES146	0.318127	-42.4207	-42.7389
BLOCK14/SES146/SA146S24	SES146	0.208328	-42.5441	-42.7524
BLOCK14/SES146/SA146S26	SES146	0.621693	-42.9999	-43.6216
BLOCK14/SES146/SA146S29	SES146	0.328178	-43.4096	-43.7378
BLOCK14/SES147/SA147S11	SES147	1.47874	-41.9156	-43.3943
BLOCK14/SES147/SA147S13	SES147	1.47336	-41.2247	-42.6981
BLOCK14/SES147/SA147S23	SES147	0.997669	-42.618	-43.6157
BLOCK14/SES147/SA147S26	SES147	0.831135	-42.2715	-43.1026
BLOCK14/SES147/SA147S28	SES147	1.50108	-41.5017	-43.0028
BLOCK14/SES148/SA148S10	SES148	0.803352	-41.4626	-42.2659
BLOCK14/SES148/SA148S12	SES148	0.762577	-42.2218	-42.9844
BLOCK14/SES148/SA148S22	SES148	1.09023	-40.5578	-41.648
BLOCK14/SES148/SA148S26	SES148	0.30843	-42.0221	-42.3305
BLOCK14/SES148/SA148S29	SES148	0.466736	-42.3416	-42.8084
BLOCK14/SES149/SA149S13	SES149	0.360508	-42.1445	-42.505
BLOCK14/SES149/SA149S14	SES149	0.316696	-41.6186	-41.9353
BLOCK14/SES149/SA149S24	SES149	1.35626	-40.9739	-42.3302
BLOCK14/SES149/SA149S26	SES149	1.87603	-40.5017	-42.3777
BLOCK14/SES149/SA149S28	SES149	1.66493	-40.1184	-41.7833
BLOCK15/SES158/SA158S13	SES158	1.03027	-42.1648	-43.195
BLOCK15/SES158/SA158S14	SES158	1.58889	-41.7101	-43.299
BLOCK15/SES158/SA158S23	SES158	1.07674	-41.6717	-42.7485
BLOCK15/SES158/SA158S26	SES158	1.45295	-41.4305	-42.8835
BLOCK15/SES158/SA158S28	SES158	0.584789	-42.4277	-43.0125
BLOCK16/SES162/SA162S10	SES162	0.814896	-42.9181	-43.733
BLOCK16/SES162/SA162S11	SES162	0.850666	-41.6968	-42.5475
BLOCK16/SES162/SA162S21	SES162	1.41923	-41.7243	-43.1436
BLOCK16/SES162/SA162S24	SES162	0.763634	-42.2572	-43.0209
BLOCK16/SES162/SA162S27	SES162	1.29728	-42.1879	-43.4852
BLOCK16/SES167/SA167S14	SES167	0.899132	-40.7451	-41.6442
BLOCK16/SES167/SA167S15	SES167	1.42566	-41.6185	-43.0442
BLOCK16/SES167/SA167S21	SES167	1.25983	-40.4363	-41.6961
BLOCK16/SES167/SA167S25	SES167	1.40987	-41.4846	-42.8945
BLOCK16/SES167/SA167S29	SES167	1.85683	-39.9596	-41.8165
BLOCK17/SES172/SA172S12	SES172	1.27173	-41.5128	-42.7845
BLOCK17/SES172/SA172S13	SES172	1.85468	-41.2079	-43.0626
BLOCK17/SES172/SA172S23	SES172	0.694206	-40.6698	-41.364
BLOCK17/SES172/SA172S27	SES172	0.406178	-42.1274	-42.5335
BLOCK17/SES172/SA172S29	SES172	1.07813	-41.6354	-42.7135
BLOCK17/SES175/SA175S11	SES175	1.3637	-41.48	-42.8437
BLOCK17/SES175/SA175S13	SES175	1.05317	-41.6697	-42.7229
BLOCK17/SES175/SA175S23	SES175	1.46505	-41.7369	-43.2019
BLOCK17/SES175/SA175S25	SES175	0.744221	-43.4326	-44.1768
BLOCK17/SES175/SA175S28	SES175	1.21481	-41.3967	-42.6115
BLOCK17/SES177/SA177S15	SES177	0.0647736	-42.492	-42.5568
BLOCK17/SES177/SA177S17	SES177	0.205582	-42.3415	-42.5471
BLOCK17/SES177/SA177S23	SES177	-0.148022	-42.8296	-42.6816
BLOCK17/SES177/SA177S26	SES177	0.659168	-40.4738	-41.133
BLOCK17/SES177/SA177S28	SES177	0.52116	-41.2191	-41.7403
BLOCK18/SES180/SA180S13	SES180	0.33276	-42.1153	-42.4481
BLOCK18/SES180/SA180S15	SES180	0.321674	-42.4813	-42.803
BLOCK18/SES180/SA180S24	SES180	0.816105	-40.6829	-41.499
BLOCK18/SES180/SA180S26	SES180	0.539436	-41.605	-42.1445
BLOCK18/SES180/SA180S29	SES180	0.811432	-42.2301	-43.0415
BLOCK18/SES183/SA183S13	SES183	0.864471	-42.7225	-43.587
BLOCK18/SES183/SA183S14	SES183	0.303608	-42.8008	-43.1044
BLOCK18/SES183/SA183S24	SES183	0.935379	-42.5104	-43.4458
BLOCK18/SES183/SA183S27	SES183	1.05931	-41.9841	-43.0434
BLOCK18/SES183/SA183S29	SES183	1.03409	-41.7071	-42.7412
BLOCK18/SES187/SA187S13	SES187	0.962433	-42.9291	-43.8915
BLOCK18/SES187/SA187S14	SES187	0.602695	-42.719	-43.3217
BLOCK18/SES187/SA187S24	SES187	0.900551	-42.159	-43.0596
BLOCK18/SES187/SA187S27	SES187	1.21902	-41.6587	-42.8778
BLOCK18/SES187/SA187S29	SES187	0.776531	-42.7642	-43.5407
BLOCK18/SES189/SA189S10	SES189	1.22011	-44.0175	-45.2376
BLOCK18/SES189/SA189S13	SES189	1.72513	-44.1359	-45.861
BLOCK18/SES189/SA189S24	SES189	1.46305	-43.2157	-44.6788
BLOCK18/SES189/SA189S26	SES189	0.758305	-43.4058	-44.1641
BLOCK18/SES189/SA189S29	SES189	1.66675	-42.8105	-44.4773
BLOCK20/SES202/SA202S12	SES202	1.25249	-42.8369	-44.0894
BLOCK20/SES202/SA202S14	SES202	2.54292	-41.1269	-43.6698
BLOCK20/SES202/SA202S24	SES202	1.54073	-41.9337	-43.4745
BLOCK20/SES202/SA202S27	SES202	1.60285	-40.5801	-42.1829
BLOCK20/SES202/SA202S29	SES202	2.16508	-40.5198	-42.6849
BLOCK20/SES206/SA206S15	SES206	0.0426903	-41.7368	-41.7795
BLOCK20/SES206/SA206S17	SES206	1.56614	-40.3877	-41.9539
BLOCK20/SES206/SA206S24	SES206	1.54813	-40.3693	-41.9174
BLOCK20/SES206/SA206S27	SES206	1.56791	-40.9511	-42.519
BLOCK20/SES206/SA206S29	SES206	1.42215	-40.101	-41.5232
BLOCK22/SES226/SA226S12	SES226	1.33496	-42.1174	-43.4523
BLOCK22/SES226/SA226S13	SES226	0.0185547	-42.9356	-42.9541
BLOCK22/SES226/SA226S20	SES226	1.04702	-42.2427	-43.2897
BLOCK22/SES226/SA226S23	SES226	1.61516	-41.0798	-42.695
BLOCK22/SES226/SA226S28	SES226	1.73965	-41.0616	-42.8013
BLOCK25/SES259/SA259S13	SES259	2.61532	-39.9769	-42.5922
BLOCK25/SES259/SA259S14	SES259	1.52648	-41.1058	-42.6323
BLOCK25/SES259/SA259S22	SES259	1.36087	-41.1184	-42.4793
BLOCK25/SES259/SA259S24	SES259	1.58695	-40.3646	-41.9515
BLOCK25/SES259/SA259S28	SES259	1.42299	-40.589	-42.012
BLOCK27/SES270/SA270S14	SES270	1.90466	-42.1119	-44.0165
BLOCK27/SES270/SA270S16	SES270	0.505295	-42.4138	-42.9191
BLOCK27/SES270/SA270S22	SES270	2.31996	-40.8763	-43.1963
BLOCK27/SES270/SA270S26	SES270	1.20359	-42.7119	-43.9155
BLOCK27/SES270/SA270S28	SES270	0.811794	-41.7507	-42.5625
BLOCK27/SES275/SA275S17	SES275	0.951725	-42.4076	-43.3594
BLOCK27/SES275/SA275S18	SES275	0.200287	-42.4239	-42.6242
BLOCK27/SES275/SA275S24	SES275	0.573704	-43.3352	-43.9089
BLOCK27/SES275/SA275S26	SES275	0.841583	-41.6363	-42.4779
BLOCK27/SES275/SA275S28	SES275	0.360668	-42.078	-42.4387
BLOCK29/SES292/SA292S10	SES292	0.0388756	-42.612	-42.6509
BLOCK29/SES292/SA292S12	SES292	0.11594	-43.0151	-43.1311
BLOCK29/SES292/SA292S22	SES292	0.841831	-41.2321	-42.074
BLOCK29/SES292/SA292S24	SES292	0.117138	-42.0145	-42.1316
BLOCK29/SES292/SA292S27	SES292	-0.0345306	-41.718	-41.6835
BLOCK00/SES001/SA001S14	SES062	-1.81771	-44.6725	-42.8548
BLOCK00/SES001/SA001S14	SES082	-1.53839	-44.3932	-42.8548
BLOCK00/SES001/SA001S14	SES106	-1.50253	-44.3573	-42.8548
BLOCK00/SES001/SA001S14	SES206	-1.36342	-44.2182	-42.8548
BLOCK00/SES001/SA001S15	SES062	-1.33816	-43.4513	-42.1132
BLOCK00/SES001/SA001S15	SES104	-1.83432	-43.9475	-42.1132
BLOCK00/SES001/SA001S15	SES106	-1.34034	-43.4535	-42.1132
BLOCK00/SES001/SA001S15	SES206	-0.898674	-43.0119	-42.1132
BLOCK00/SES001/SA001S24	SES062	-2.49974	-45.7321	-43.2324
BLOCK00/SES001/SA001S24	SES082	-2.52218	-45.7545	-43.2324
BLOCK00/SES001/SA001S24	SES087	-2.04232	-45.2747	-43.2324
BLOCK00/SES001/SA001S24	SES206	-1.20383	-44.4362	-43.2324
BLOCK00/SES001/SA001S27	SES062	-1.51206	-43.6897	-42.1776
BLOCK00/SES001/SA001S27	SES082	-2.47935	-44.657	-42.1776
BLOCK00/SES001/SA001S27	SES087	-2.51171	-44.6893	-42.1776
BLOCK00/SES001/SA001S27	SES206	-2.3382	-44.5158	-42.1776
BLOCK00/SES001/SA001S29	SES062	-2.0751	-45.0924	-43.0173
BLOCK00/SES001/SA001S29	SES082	-1.63844	-44.6557	-43.0173
BLOCK00/SES001/SA001S29	SES158	-1.1137	-44.131	-43.0173
BLOCK00/SES001/SA001S29	SES206	-2.24014	-45.2574	-43.0173
BLOCK00/SES003/SA003S11	SES002	-0.447983	-43.4191	-42.9711
BLOCK00/SES003/SA003S11	SES019	-0.669579	-43.6407	-42.9711
BLOCK00/SES003/SA003S11	SES082	0.478447	-42.4927	-42.9711
BLOCK00/SES003/SA003S11	SES125	-0.860592	-43.8317	-42.9711
BLOCK00/SES003/SA003S15	SES016	-3.00533	-45.5298	-42.5245
BLOCK00/SES003/SA003S15	SES019	-1.11973	-43.6442	-42.5245
BLOCK00/SES003/SA003S15	SES062	-1.46463	-43.9891	-42.5245
BLOCK00/SES003/SA003S15	SES206	-0.947998	-43.4725	-42.5245
BLOCK00/SES003/SA003S22	SES002	-0.56311	-43.0632	-42.5001
BLOCK00/SES003/SA003S22	SES062	-0.729053	-43.2291	-42.5001
BLOCK00/SES003/SA003S22	SES082	-0.238564	-42.7386	-42.5001
BLOCK00/SES003/SA003S22	SES087	-0.931675	-43.4317	-42.5001
BLOCK00/SES003/SA003S25	SES062	-1.75428	-44.6375	-42.8832
BLOCK00/SES003/SA003S25	SES082	0.0297012	-42.8535	-42.8832
BLOCK00/SES003/SA003S25	SES087	-0.906029	-43.7892	-42.8832
BLOCK00/SES003/SA003S25	SES206	-0.727688	-43.6109	-42.8832
BLOCK00/SES003/SA003S29	SES002	-0.782158	-43.8185	-43.0364
BLOCK00/SES003/SA003S29	SES062	-1.50359	-44.54	-43.0364
BLOCK00/SES003/SA003S29	SES082	-0.0885353	-43.1249	-43.0364
BLOCK00/SES003/SA003S29	SES087	-1.37358	-44.41	-43.0364
BLOCK00/SES004/SA004S12	SES083	-2.4325	-45.7119	-43.2794
BLOCK00/SES004/SA004S12	SES148	-2.05157	-45.331	-43.2794
BLOCK00/SES004/SA004S12	SES172	-1.17229	-44.4517	-43.2794
BLOCK00/SES004/SA004S12	SES292	-2.29039	-45.5698	-43.2794
BLOCK00/SES004/SA004S17	SES083	-2.37579	-45.7964	-43.4206
BLOCK00/SES004/SA004S17	SES162	-1.16071	-44.5813	-43.4206
BLOCK00/SES004/SA004S17	SES172	-1.7009	-45.1215	-43.4206
BLOCK00/SES004/SA004S17	SES292	-2.14013	-45.5607	-43.4206
BLOCK00/SES004/SA004S24	SES083	-1.96442	-44.8169	-42.8525
BLOCK00/SES004/SA004S24	SES148	-1.99008	-44.8426	-42.8525
BLOCK00/SES004/SA004S24	SES172	-0.942982	-43.7955	-42.8525
BLOCK00/SES004/SA004S24	SES292	-1.49794	-44.3505	-42.8525
BLOCK00/SES004/SA004S26	SES083	-1.91953	-44.9454	-43.0259
BLOCK00/SES004/SA004S26	SES127	-1.10861	-44.1345	-43.0259
BLOCK00/SES004/SA004S26	SES148	-2.91245	-45.9384	-43.0259
BLOCK00/SES004/SA004S26	SES292	-1.17397	-44.1999	-43.0259
BLOCK00/SES004/SA004S28	SES083	-2.6451	-44.6192	-41.9741
BLOCK00/SES004/SA004S28	SES127	-1.77368	-43.7478	-41.9741
BLOCK00/SES004/SA004S28	SES187	-1.34769	-43.3218	-41.9741
BLOCK00/SES004/SA004S28	SES292	-2.99711	-44.9712	-41.9741
BLOCK00/SES006/SA006S10	SES014	-2.61943	-47.7758	-45.1564
BLOCK00/SES006/SA006S10	SES158	-0.299076	-45.4554	-45.1564
BLOCK00/SES006/SA006S10	SES226	-3.02634	-48.1827	-45.1564
BLOCK00/SES006/SA006S10	SES270	-0.492386	-45.6488	-45.1564
BLOCK00/SES006/SA006S11	SES158	-0.713093	-45.7006	-44.9876
BLOCK00/SES006/SA006S11	SES226	-1.95527	-46.9428	-44.9876
BLOCK00/SES006/SA006S11	SES270	-0.258209	-45.2458	-44.9876
BLOCK00/SES006/SA006S11	SES275	-2.41509	-47.4026	-44.9876
BLOCK00/SES006/SA006S23	SES062	-1.62853	-45.3952	-43.7666
BLOCK00/SES006/SA006S23	SES105	-1.8868	-45.6534	-43.7666
BLOCK00/SES006/SA006S23	SES158	-0.529305	-44.2959	-43.7666
BLOCK00/SES006/SA006S23	SES275	-1.9439	-45.7105	-43.7666
BLOCK00/SES006/SA006S26	SES104	-1.63728	-44.9868	-43.3495
BLOCK00/SES006/SA006S26	SES158	-0.131168	-43.4807	-43.3495
BLOCK00/SES006/SA006S26	SES270	0.328712	-43.0208	-43.3495
BLOCK00/SES006/SA006S26	SES275	-2.56726	-45.9168	-43.3495
BLOCK00/SES006/SA006S28	SES007	-1.93273	-46.2683	-44.3355
BLOCK00/SES006/SA006S28	SES105	-2.62277	-46.9583	-44.3355
BLOCK00/SES006/SA006S28	SES158	-1.04041	-45.376	-44.3355
BLOCK00/SES006/SA006S28	SES275	-2.6875	-47.023	-44.3355
BLOCK00/SES009/SA009S12	SES083	-1.88499	-44.2403	-42.3553
BLOCK00/SES009/SA009S12	SES148	-1.67179	-44.0271	-42.3553
BLOCK00/SES009/SA009S12	SES177	-1.78017	-44.1355	-42.3553
BLOCK00/SES009/SA009S12	SES292	-1.22646	-43.5818	-42.3553
BLOCK00/SES009/SA009S15	SES007	-0.208794	-41.593	-41.3843
BLOCK00/SES009/SA009S15	SES099	-3.08122	-44.4655	-41.3843
BLOCK00/SES009/SA009S15	SES148	-2.33597	-43.7202	-41.3843
BLOCK00/SES009/SA009S15	SES172	-2.05091	-43.4352	-41.3843
BLOCK00/SES009/SA009S24	SES146	-1.0941	-42.9432	-41.8491
BLOCK00/SES009/SA009S24	SES148	-2.03042	-43.8795	-41.8491
BLOCK00/SES009/SA009S24	SES177	-1.64958	-43.4987	-41.8491
BLOCK00/SES009/SA009S24	SES292	-1.22106	-43.0702	-41.8491
BLOCK00/SES009/SA009S26	SES083	-2.09905	-44.4609	-42.3618
BLOCK00/SES009/SA009S26	SES101	-1.90421	-44.266	-42.3618
BLOCK00/SES009/SA009S26	SES120	-1.50973	-43.8716	-42.3618
BLOCK00/SES009/SA009S26	SES177	-2.00443	-44.3663	-42.3618
BLOCK00/SES009/SA009S29	SES083	-1.56443	-43.3682	-41.8038
BLOCK00/SES009/SA009S29	SES101	-1.58856	-43.3924	-41.8038
BLOCK00/SES009/SA009S29	SES177	-1.75463	-43.5584	-41.8038
BLOCK00/SES009/SA009S29	SES292	-1.40832	-43.2121	-41.8038
BLOCK01/SES011/SA011S10	SES019	-0.803452	-44.0814	-43.278
BLOCK01/SES011/SA011S10	SES042	-0.587002	-43.865	-43.278
BLOCK01/SES011/SA011S10	SES082	-1.78716	-45.0651	-43.278
BLOCK01/SES011/SA011S10	SES206	-0.953663	-44.2317	-43.278
BLOCK01/SES011/SA011S11	SES019	-0.921352	-44.757	-43.8356
BLOCK01/SES011/SA011S11	SES042	-0.934696	-44.7703	-43.8356
BLOCK01/SES011/SA011S11	SES082	-1.60394	-45.4396	-43.8356
BLOCK01/SES011/SA011S11	SES206	-0.270615	-44.1062	-43.8356
BLOCK01/SES011/SA011S22	SES019	-0.122631	-43.8454	-43.7228
BLOCK01/SES011/SA011S22	SES042	-0.183464	-43.9062	-43.7228
BLOCK01/SES011/SA011S22	SES082	-1.07019	-44.7929	-43.7228
BLOCK01/SES011/SA011S22	SES206	-0.417355	-44.1401	-43.7228
BLOCK01/SES011/SA011S24	SES019	-0.703789	-43.6038	-42.9
BLOCK01/SES011/SA011S24	SES042	-0.602402	-43.5024	-42.9
BLOCK01/SES011/SA011S24	SES104	-1.27166	-44.1717	-42.9
BLOCK01/SES011/SA011S24	SES206	-0.154694	-43.0547	-42.9
BLOCK01/SES011/SA011S27	SES082	0.289093	-42.343	-42.6321
BLOCK01/SES011/SA011S27	SES087	-0.910629	-43.5428	-42.6321
BLOCK01/SES011/SA011S27	SES125	-0.490726	-43.1229	-42.6321
BLOCK01/SES011/SA011S27	SES206	-0.0471115	-42.6793	-42.6321
BLOCK01/SES012/SA012S11	SES007	-1.25988	-42.8638	-41.604
BLOCK01/SES012/SA012S11	SES082	-1.23238	-42.8363	-41.604
BLOCK01/SES012/SA012S11	SES083	-2.05898	-43.6629	-41.604
BLOCK01/SES012/SA012S11	SES206	-1.07664	-42.6806	-41.604
BLOCK01/SES012/SA012S14	SES082	-1.42915	-43.6723	-42.2432
BLOCK01/SES012/SA012S14	SES087	-1.51307	-43.7562	-42.2432
BLOCK01/SES012/SA012S14	SES206	-0.967644	-43.2108	-42.2432
BLOCK01/SES012/SA012S14	SES292	-2.19583	-44.439	-42.2432
BLOCK01/SES012/SA012S24	SES082	0.218456	-43.0397	-43.2582
BLOCK01/SES012/SA012S24	SES087	-1.25632	-44.5145	-43.2582
BLOCK01/SES012/SA012S24	SES120	-3.7286	-46.9868	-43.2582
BLOCK01/SES012/SA012S24	SES206	-0.326218	-43.5844	-43.2582
BLOCK01/SES012/SA012S26	SES019	-2.07507	-44.4344	-42.3593
BLOCK01/SES012/SA012S26	SES082	-1.68447	-44.0438	-42.3593
BLOCK01/SES012/SA012S26	SES206	-0.372593	-42.7319	-42.3593
BLOCK01/SES012/SA012S26	SES292	-1.94033	-44.2996	-42.3593
BLOCK01/SES012/SA012S29	SES062	-1.19323	-43.1387	-41.9454
BLOCK01/SES012/SA012S29	SES082	-0.798481	-42.7439	-41.9454
BLOCK01/SES012/SA012S29	SES083	-1.98691	-43.9323	-41.9454
BLOCK01/SES012/SA012S29	SES206	-1.36915	-43.3146	-41.9454
BLOCK01/SES013/SA013S16	SES062	-2.14323	-44.8438	-42.7006
BLOCK01/SES013/SA013S16	SES106	-0.808475	-43.5091	-42.7006
BLOCK01/SES013/SA013S16	SES206	-1.09502	-43.7956	-42.7006
BLOCK01/SES013/SA013S16	SES226	-0.450676	-43.1513	-42.7006
BLOCK01/SES013/SA013S17	SES062	-1.88677	-43.8722	-41.9854
BLOCK01/SES013/SA013S17	SES106	-1.30631	-43.2917	-41.9854
BLOCK01/SES013/SA013S17	SES206	-0.621067	-42.6065	-41.9854
BLOCK01/SES013/SA013S17	SES226	0.063591	-41.9218	-41.9854
BLOCK01/SES013/SA013S23	SES104	-1.13952	-44.0738	-42.9343
BLOCK01/SES013/SA013S23	SES106	-0.343185	-43.2775	-42.9343
BLOCK01/SES013/SA013S23	SES206	-0.883476	-43.8178	-42.9343
BLOCK01/SES013/SA013S23	SES270	-0.303513	-43.2378	-42.9343
BLOCK01/SES013/SA013S25	SES042	-1.79939	-44.1385	-42.3391
BLOCK01/SES013/SA013S25	SES104	-0.957836	-43.297	-42.3391
BLOCK01/SES013/SA013S25	SES106	-0.48098	-42.8201	-42.3391
BLOCK01/SES013/SA013S25	SES206	-0.885933	-43.2251	-42.3391
BLOCK01/SES013/SA013S29	SES062	-2.30916	-44.9355	-42.6263
BLOCK01/SES013/SA013S29	SES104	-1.42621	-44.0526	-42.6263
BLOCK01/SES013/SA013S29	SES106	-0.498085	-43.1244	-42.6263
BLOCK01/SES013/SA013S29	SES206	-1.34969	-43.976	-42.6263
BLOCK02/SES021/SA021S13	SES016	-3.28029	-45.2304	-41.9501
BLOCK02/SES021/SA021S13	SES029	-2.86455	-44.8147	-41.9501
BLOCK02/SES021/SA021S13	SES087	-1.50901	-43.4591	-41.9501
BLOCK02/SES021/SA021S13	SES206	-0.460522	-42.4107	-41.9501
BLOCK02/SES021/SA021S15	SES087	-0.944828	-41.8695	-40.9247
BLOCK02/SES021/SA021S15	SES125	-0.319981	-41.2447	-40.9247
BLOCK02/SES021/SA021S15	SES206	-0.0870895	-41.0118	-40.9247
BLOCK02/SES021/SA021S15	SES226	-1.75963	-42.6843	-40.9247
BLOCK02/SES021/SA021S23	SES062	-2.39646	-45.3868	-42.9903
BLOCK02/SES021/SA021S23	SES087	-1.22578	-44.2161	-42.9903
BLOCK02/SES021/SA021S23	SES206	-1.33479	-44.3251	-42.9903
BLOCK02/SES021/SA021S23	SES226	-0.990082	-43.9804	-42.9903
BLOCK02/SES021/SA021S27	SES002	-0.830662	-42.4706	-41.6399
BLOCK02/SES021/SA021S27	SES016	-3.73845	-45.3784	-41.6399
BLOCK02/SES021/SA021S27	SES019	-2.03454	-43.6744	-41.6399
BLOCK02/SES021/SA021S27	SES062	-1.08024	-42.7201	-41.6399
BLOCK02/SES021/SA021S29	SES087	-1.56699	-43.0806	-41.5136
BLOCK02/SES021/SA021S29	SES125	-0.814823	-42.3284	-41.5136
BLOCK02/SES021/SA021S29	SES206	-0.615658	-42.1292	-41.5136
BLOCK02/SES021/SA021S29	SES226	-1.03885	-42.5524	-41.5136
BLOCK04/SES043/SA043S09	SES083	-2.56045	-46.2724	-43.7119
BLOCK04/SES043/SA043S09	SES101	-2.52171	-46.2337	-43.7119
BLOCK04/SES043/SA043S09	SES144	-0.835716	-44.5477	-43.7119
BLOCK04/SES043/SA043S09	SES172	-2.51602	-46.228	-43.7119
BLOCK04/SES043/SA043S11	SES083	-0.862892	-43.2683	-42.4054
BLOCK04/SES043/SA043S11	SES101	-1.61492	-44.0204	-42.4054
BLOCK04/SES043/SA043S11	SES144	-0.710155	-43.1156	-42.4054
BLOCK04/SES043/SA043S11	SES172	-1.30386	-43.7093	-42.4054
BLOCK04/SES043/SA043S23	SES083	-1.34548	-44.2828	-42.9373
BLOCK04/SES043/SA043S23	SES144	-0.321182	-43.2585	-42.9373
BLOCK04/SES043/SA043S23	SES177	-1.98711	-44.9244	-42.9373
BLOCK04/SES043/SA043S23	SES275	-0.658737	-43.596	-42.9373
BLOCK04/SES043/SA043S26	SES083	-1.41052	-44.3351	-42.9246
BLOCK04/SES043/SA043S26	SES101	-1.49807	-44.4226	-42.9246
BLOCK04/SES043/SA043S26	SES144	-0.649315	-43.5739	-42.9246
BLOCK04/SES043/SA043S26	SES177	-1.71559	-44.6402	-42.9246
BLOCK04/SES043/SA043S28	SES016	-1.62113	-43.882	-42.2609
BLOCK04/SES043/SA043S28	SES083	-0.965565	-43.2265	-42.2609
BLOCK04/SES043/SA043S28	SES101	-1.072	-43.3329	-42.2609
BLOCK04/SES043/SA043S28	SES144	-0.91473	-43.1756	-42.2609
BLOCK04/SES044/SA044S10	SES127	-3.05093	-48.7982	-45.7472
BLOCK04/SES044/SA044S10	SES144	-0.754379	-46.5016	-45.7472
BLOCK04/SES044/SA044S10	SES147	-2.47101	-48.2182	-45.7472
BLOCK04/SES044/SA044S10	SES148	-2.64758	-48.3948	-45.7472
BLOCK04/SES044/SA044S11	SES101	-1.77028	-46.4301	-44.6598
BLOCK04/SES044/SA044S11	SES144	-0.156048	-44.8158	-44.6598
BLOCK04/SES044/SA044S11	SES147	-1.77594	-46.4357	-44.6598
BLOCK04/SES044/SA044S11	SES177	-1.66988	-46.3297	-44.6598
BLOCK04/SES044/SA044S24	SES007	-2.3469	-46.5674	-44.2205
BLOCK04/SES044/SA044S24	SES101	-1.08306	-45.3035	-44.2205
BLOCK04/SES044/SA044S24	SES147	-1.89154	-46.112	-44.2205
BLOCK04/SES044/SA044S24	SES177	-1.60389	-45.8244	-44.2205
BLOCK04/SES044/SA044S26	SES007	-1.87135	-45.2667	-43.3953
BLOCK04/SES044/SA044S26	SES016	-1.20193	-44.5973	-43.3953
BLOCK04/SES044/SA044S26	SES101	-1.73219	-45.1275	-43.3953
BLOCK04/SES044/SA044S26	SES147	-1.53019	-44.9255	-43.3953
BLOCK04/SES044/SA044S29	SES007	-1.91091	-44.5078	-42.5969
BLOCK04/SES044/SA044S29	SES101	-0.979061	-43.576	-42.5969
BLOCK04/SES044/SA044S29	SES147	-2.03731	-44.6342	-42.5969
BLOCK04/SES044/SA044S29	SES177	-2.42569	-45.0226	-42.5969
BLOCK04/SES046/SA046S13	SES101	-2.96834	-46.6717	-43.7034
BLOCK04/SES046/SA046S13	SES144	-1.40941	-45.1128	-43.7034
BLOCK04/SES046/SA046S13	SES147	-2.26967	-45.9731	-43.7034
BLOCK04/SES046/SA046S13	SES177	-1.59029	-45.2937	-43.7034
BLOCK04/SES046/SA046S15	SES048	-2.2907	-44.3804	-42.0897
BLOCK04/SES046/SA046S15	SES083	-1.34256	-43.4322	-42.0897
BLOCK04/SES046/SA046S15	SES120	-2.46015	-44.5498	-42.0897
BLOCK04/SES046/SA046S15	SES148	-1.36446	-43.4541	-42.0897
BLOCK04/SES046/SA046S22	SES101	-1.36428	-44.5962	-43.2319
BLOCK04/SES046/SA046S22	SES144	-0.794567	-44.0265	-43.2319
BLOCK04/SES046/SA046S22	SES147	-2.54481	-45.7767	-43.2319
BLOCK04/SES046/SA046S22	SES172	-1.18036	-44.4123	-43.2319
BLOCK04/SES046/SA046S25	SES083	-1.89684	-44.8126	-42.9157
BLOCK04/SES046/SA046S25	SES127	-1.66761	-44.5834	-42.9157
BLOCK04/SES046/SA046S25	SES144	-1.5761	-44.4919	-42.9157
BLOCK04/SES046/SA046S25	SES148	-1.31698	-44.2327	-42.9157
BLOCK04/SES046/SA046S28	SES007	-3.16428	-46.9151	-43.7508
BLOCK04/SES046/SA046S28	SES105	-2.46568	-46.2165	-43.7508
BLOCK04/SES046/SA046S28	SES147	-2.00366	-45.7544	-43.7508
BLOCK04/SES046/SA046S28	SES148	-2.33403	-46.0848	-43.7508
BLOCK04/SES049/SA049S16	SES104	-1.05387	-44.9737	-43.9199
BLOCK04/SES049/SA049S16	SES106	-0.806679	-44.7265	-43.9199
BLOCK04/SES049/SA049S16	SES120	-2.98888	-46.9087	-43.9199
BLOCK04/SES049/SA049S16	SES206	-0.806694	-44.7266	-43.9199
BLOCK04/SES049/SA049S18	SES099	0.185291	-44.6433	-44.8286
BLOCK04/SES049/SA049S18	SES104	-1.946	-46.7746	-44.8286
BLOCK04/SES049/SA049S18	SES125	-1.84151	-46.6701	-44.8286
BLOCK04/SES049/SA049S18	SES206	-1.63757	-46.4662	-44.8286
BLOCK04/SES049/SA049S25	SES087	-0.448734	-43.9479	-43.4991
BLOCK04/SES049/SA049S25	SES104	-0.917511	-44.4166	-43.4991
BLOCK04/SES049/SA049S25	SES125	-1.32673	-44.8258	-43.4991
BLOCK04/SES049/SA049S25	SES206	-0.288368	-43.7875	-43.4991
BLOCK04/SES049/SA049S27	SES099	-0.195312	-43.28	-43.0847
BLOCK04/SES049/SA049S27	SES104	-0.155239	-43.2399	-43.0847
BLOCK04/SES049/SA049S27	SES125	-1.47464	-44.5593	-43.0847
BLOCK04/SES049/SA049S27	SES206	-0.658905	-43.7436	-43.0847
BLOCK04/SES049/SA049S29	SES099	0.366985	-41.7351	-42.1021
BLOCK04/SES049/SA049S29	SES104	-0.00570297	-42.1078	-42.1021
BLOCK04/SES049/SA049S29	SES125	-0.721172	-42.8232	-42.1021
BLOCK04/SES049/SA049S29	SES206	-0.13599	-42.2381	-42.1021
BLOCK06/SES063/SA063S09	SES068	-1.75688	-44.5692	-42.8123
BLOCK06/SES063/SA063S09	SES083	-1.12449	-43.9368	-42.8123
BLOCK06/SES063/SA063S09	SES177	-1.06691	-43.8792	-42.8123
BLOCK06/SES063/SA063S09	SES187	-1.45286	-44.2651	-42.8123
BLOCK06/SES063/SA063S10	SES068	-1.92297	-45.4057	-43.4827
BLOCK06/SES063/SA063S10	SES083	-0.227798	-43.7105	-43.4827
BLOCK06/SES063/SA063S10	SES172	-0.484291	-43.967	-43.4827
BLOCK06/SES063/SA063S10	SES187	-1.24655	-44.7293	-43.4827
BLOCK06/SES063/SA063S20	SES068	-2.57092	-45.7054	-43.1345
BLOCK06/SES063/SA063S20	SES083	-1.47504	-44.6095	-43.1345
BLOCK06/SES063/SA063S20	SES172	-0.784943	-43.9194	-43.1345
BLOCK06/SES063/SA063S20	SES187	-0.761974	-43.8964	-43.1345
BLOCK06/SES063/SA063S24	SES029	-2.74093	-45.2467	-42.5058
BLOCK06/SES063/SA063S24	SES083	-0.116123	-42.6219	-42.5058
BLOCK06/SES063/SA063S24	SES177	-1.01768	-43.5235	-42.5058
BLOCK06/SES063/SA063S24	SES189	-1.56719	-44.073	-42.5058
BLOCK06/SES063/SA063S27	SES083	-0.724152	-44.632	-43.9079
BLOCK06/SES063/SA063S27	SES172	-0.490101	-44.398	-43.9079
BLOCK06/SES063/SA063S27	SES187	-1.38796	-45.2958	-43.9079
BLOCK06/SES063/SA063S27	SES292	-2.24965	-46.1575	-43.9079
BLOCK06/SES067/SA067S12	SES083	-2.57877	-45.3449	-42.7661
BLOCK06/SES067/SA067S12	SES172	-2.37916	-45.1453	-42.7661
BLOCK06/SES067/SA067S12	SES202	-0.0733452	-42.8395	-42.7661
BLOCK06/SES067/SA067S12	SES292	-2.07725	-44.8434	-42.7661
BLOCK06/SES067/SA067S14	SES085	-1.47731	-43.808	-42.3307
BLOCK06/SES067/SA067S14	SES177	-1.18962	-43.5203	-42.3307
BLOCK06/SES067/SA067S14	SES183	-1.7591	-44.0898	-42.3307
BLOCK06/SES067/SA067S14	SES202	-0.405811	-42.7365	-42.3307
BLOCK06/SES067/SA067S21	SES144	-1.36628	-45.1373	-43.771
BLOCK06/SES067/SA067S21	SES177	-0.907623	-44.6786	-43.771
BLOCK06/SES067/SA067S21	SES183	-3.40232	-47.1733	-43.771
BLOCK06/SES067/SA067S21	SES189	-0.258492	-44.0295	-43.771
BLOCK06/SES067/SA067S25	SES085	-1.45955	-44.3752	-42.9157
BLOCK06/SES067/SA067S25	SES177	-1.31911	-44.2348	-42.9157
BLOCK06/SES067/SA067S25	SES183	-1.91526	-44.831	-42.9157
BLOCK06/SES067/SA067S25	SES202	-0.837784	-43.7535	-42.9157
BLOCK06/SES067/SA067S29	SES085	-1.25727	-44.1221	-42.8648
BLOCK06/SES067/SA067S29	SES177	-1.89211	-44.7569	-42.8648
BLOCK06/SES067/SA067S29	SES183	-1.84826	-44.7131	-42.8648
BLOCK06/SES067/SA067S29	SES202	-0.0110893	-42.8759	-42.8648
BLOCK06/SES069/SA069S12	SES029	-2.69586	-44.8656	-42.1697
BLOCK06/SES069/SA069S12	SES082	-0.847427	-43.0172	-42.1697
BLOCK06/SES069/SA069S12	SES087	-1.72296	-43.8927	-42.1697
BLOCK06/SES069/SA069S12	SES206	-1.0164	-43.1861	-42.1697
BLOCK06/SES069/SA069S13	SES029	-2.84932	-45.2397	-42.3904
BLOCK06/SES069/SA069S13	SES087	-2.07776	-44.4681	-42.3904
BLOCK06/SES069/SA069S13	SES206	-1.83245	-44.2228	-42.3904
BLOCK06/SES069/SA069S13	SES226	-1.12336	-43.5137	-42.3904
BLOCK06/SES069/SA069S23	SES029	-1.63133	-42.4282	-40.7969
BLOCK06/SES069/SA069S23	SES087	-1.4085	-42.2054	-40.7969
BLOCK06/SES069/SA069S23	SES206	-1.41082	-42.2077	-40.7969
BLOCK06/SES069/SA069S23	SES226	-0.571762	-41.3686	-40.7969
BLOCK06/SES069/SA069S25	SES087	-1.3609	-42.8866	-41.5257
BLOCK06/SES069/SA069S25	SES206	-1.85576	-43.3815	-41.5257
BLOCK06/SES069/SA069S25	SES226	-0.645527	-42.1713	-41.5257
BLOCK06/SES069/SA069S25	SES270	-0.895321	-42.4211	-41.5257
BLOCK06/SES069/SA069S27	SES087	-1.75213	-43.3491	-41.597
BLOCK06/SES069/SA069S27	SES206	-0.535782	-42.1328	-41.597
BLOCK06/SES069/SA069S27	SES226	-0.28952	-41.8865	-41.597
BLOCK06/SES069/SA069S27	SES270	-0.416023	-42.013	-41.597
BLOCK08/SES081/SA081S11	SES060	-1.73521	-44.3335	-42.5982
BLOCK08/SES081/SA081S11	SES062	-3.5187	-46.1169	-42.5982
BLOCK08/SES081/SA081S11	SES117	-2.49615	-45.0944	-42.5982
BLOCK08/SES081/SA081S11	SES162	-2.19595	-44.7942	-42.5982
BLOCK08/SES081/SA081S13	SES016	-1.17945	-42.9809	-41.8015
BLOCK08/SES081/SA081S13	SES060	-0.371403	-42.1729	-41.8015
BLOCK08/SES081/SA081S13	SES068	-0.681656	-42.4831	-41.8015
BLOCK08/SES081/SA081S13	SES129	-1.99119	-43.7926	-41.8015
BLOCK08/SES081/SA081S24	SES060	-1.20011	-43.3386	-42.1385
BLOCK08/SES081/SA081S24	SES068	-1.3277	-43.4662	-42.1385
BLOCK08/SES081/SA081S24	SES117	-1.73302	-43.8715	-42.1385
BLOCK08/SES081/SA081S24	SES275	-2.30071	-44.4392	-42.1385
BLOCK08/SES081/SA081S27	SES007	-1.41702	-43.7116	-42.2946
BLOCK08/SES081/SA081S27	SES060	-1.76674	-44.0613	-42.2946
BLOCK08/SES081/SA081S27	SES117	-1.06081	-43.3554	-42.2946
BLOCK08/SES081/SA081S27	SES275	-2.43312	-44.7277	-42.2946
BLOCK08/SES081/SA081S29	SES007	-1.85564	-43.8114	-41.9558
BLOCK08/SES081/SA081S29	SES060	-1.3171	-43.2729	-41.9558
BLOCK08/SES081/SA081S29	SES117	-1.55334	-43.5091	-41.9558
BLOCK08/SES081/SA081S29	SES275	-2.8274	-44.7832	-41.9558
BLOCK08/SES086/SA086S11	SES029	-4.24592	-48.5548	-44.3089
BLOCK08/SES086/SA086S11	SES082	-1.84508	-46.154	-44.3089
BLOCK08/SES086/SA086S11	SES087	-0.78912	-45.098	-44.3089
BLOCK08/SES086/SA086S11	SES206	-2.05107	-46.36	-44.3089
BLOCK08/SES086/SA086S12	SES029	-4.08536	-47.6976	-43.6123
BLOCK08/SES086/SA086S12	SES082	-2.01344	-45.6257	-43.6123
BLOCK08/SES086/SA086S12	SES087	0.0718803	-43.5404	-43.6123
BLOCK08/SES086/SA086S12	SES206	-1.14723	-44.7595	-43.6123
BLOCK08/SES086/SA086S20	SES029	-3.51918	-45.963	-42.4438
BLOCK08/SES086/SA086S20	SES082	-1.80924	-44.253	-42.4438
BLOCK08/SES086/SA086S20	SES087	0.449604	-41.9942	-42.4438
BLOCK08/SES086/SA086S20	SES206	-0.273476	-42.7173	-42.4438
BLOCK08/SES086/SA086S24	SES087	-0.170708	-43.4068	-43.2361
BLOCK08/SES086/SA086S24	SES104	-1.55837	-44.7945	-43.2361
BLOCK08/SES086/SA086S24	SES120	-3.24497	-46.4811	-43.2361
BLOCK08/SES086/SA086S24	SES206	-0.434742	-43.6709	-43.2361
BLOCK08/SES086/SA086S28	SES029	-3.31356	-45.5957	-42.2822
BLOCK08/SES086/SA086S28	SES082	-1.72086	-44.003	-42.2822
BLOCK08/SES086/SA086S28	SES087	0.0815659	-42.2006	-42.2822
BLOCK08/SES086/SA086S28	SES206	-0.628971	-42.9111	-42.2822
BLOCK08/SES089/SA089S13	SES087	-1.27484	-44.1291	-42.8542
BLOCK08/SES089/SA089S13	SES206	-1.34597	-44.2002	-42.8542
BLOCK08/SES089/SA089S13	SES226	-1.29532	-44.1496	-42.8542
BLOCK08/SES089/SA089S13	SES270	-2.11203	-44.9663	-42.8542
BLOCK08/SES089/SA089S14	SES062	-1.63633	-44.3643	-42.728
BLOCK08/SES089/SA089S14	SES087	-0.163174	-42.8912	-42.728
BLOCK08/SES089/SA089S14	SES206	-0.522072	-43.2501	-42.728
BLOCK08/SES089/SA089S14	SES226	-0.6567	-43.3847	-42.728
BLOCK08/SES089/SA089S23	SES087	-0.35136	-43.8835	-43.5322
BLOCK08/SES089/SA089S23	SES206	-0.353703	-43.8859	-43.5322
BLOCK08/SES089/SA089S23	SES226	-0.618729	-44.1509	-43.5322
BLOCK08/SES089/SA089S23	SES270	-1.63114	-45.1633	-43.5322
BLOCK08/SES089/SA089S25	SES062	-2.25661	-44.7556	-42.499
BLOCK08/SES089/SA089S25	SES087	-0.39941	-42.8984	-42.499
BLOCK08/SES089/SA089S25	SES206	-0.944984	-43.444	-42.499
BLOCK08/SES089/SA089S25	SES226	-0.637501	-43.1365	-42.499
BLOCK08/SES089/SA089S28	SES062	-1.28212	-43.7967	-42.5146
BLOCK08/SES089/SA089S28	SES087	-0.360298	-42.8749	-42.5146
BLOCK08/SES089/SA089S28	SES206	-0.0926971	-42.6073	-42.5146
BLOCK08/SES089/SA089S28	SES226	-0.506561	-43.0212	-42.5146
BLOCK09/SES097/SA097S11	SES099	0.31916	-42.9285	-43.2477
BLOCK09/SES097/SA097S11	SES125	-2.23832	-45.486	-43.2477
BLOCK09/SES097/SA097S11	SES206	-1.56382	-44.8115	-43.2477
BLOCK09/SES097/SA097S11	SES226	-0.300278	-43.548	-43.2477
BLOCK09/SES097/SA097S14	SES062	-2.00709	-44.7425	-42.7354
BLOCK09/SES097/SA097S14	SES099	-0.454609	-43.19	-42.7354
BLOCK09/SES097/SA097S14	SES104	-1.22519	-43.9606	-42.7354
BLOCK09/SES097/SA097S14	SES206	-1.53761	-44.273	-42.7354
BLOCK09/SES097/SA097S22	SES099	0.436375	-42.647	-43.0834
BLOCK09/SES097/SA097S22	SES206	-1.16449	-44.2479	-43.0834
BLOCK09/SES097/SA097S22	SES226	-1.73392	-44.8173	-43.0834
BLOCK09/SES097/SA097S22	SES270	-0.147568	-43.231	-43.0834
BLOCK09/SES097/SA097S26	SES099	0.306824	-42.163	-42.4698
BLOCK09/SES097/SA097S26	SES120	-2.29887	-44.7687	-42.4698
BLOCK09/SES097/SA097S26	SES206	-1.09264	-43.5624	-42.4698
BLOCK09/SES097/SA097S26	SES226	-1.33523	-43.805	-42.4698
BLOCK09/SES097/SA097S28	SES099	-0.358646	-43.2042	-42.8455
BLOCK09/SES097/SA097S28	SES120	-2.59771	-45.4432	-42.8455
BLOCK09/SES097/SA097S28	SES206	-1.79731	-44.6428	-42.8455
BLOCK09/SES097/SA097S28	SES226	-1.66317	-44.5087	-42.8455
BLOCK09/SES098/SA098S11	SES127	-2.26778	-46.2174	-43.9496
BLOCK09/SES098/SA098S11	SES144	-1.26102	-45.2106	-43.9496
BLOCK09/SES098/SA098S11	SES147	-1.11547	-45.0651	-43.9496
BLOCK09/SES098/SA098S11	SES148	-3.48008	-47.4297	-43.9496
BLOCK09/SES098/SA098S12	SES127	-3.5685	-48.8728	-45.3043
BLOCK09/SES098/SA098S12	SES144	-1.99011	-47.2944	-45.3043
BLOCK09/SES098/SA098S12	SES147	-2.2896	-47.5939	-45.3043
BLOCK09/SES098/SA098S12	SES189	-1.59439	-46.8987	-45.3043
BLOCK09/SES098/SA098S20	SES127	-2.70102	-47.4085	-44.7075
BLOCK09/SES098/SA098S20	SES147	-1.48524	-46.1927	-44.7075
BLOCK09/SES098/SA098S20	SES148	-4.48249	-49.1899	-44.7075
BLOCK09/SES098/SA098S20	SES292	-3.24286	-47.9503	-44.7075
BLOCK09/SES098/SA098S23	SES127	-1.5447	-45.9416	-44.3969
BLOCK09/SES098/SA098S23	SES147	-0.907806	-45.3047	-44.3969
BLOCK09/SES098/SA098S23	SES187	-1.0234	-45.4203	-44.3969
BLOCK09/SES098/SA098S23	SES292	-1.99706	-46.3939	-44.3969
BLOCK09/SES098/SA098S27	SES127	-2.36096	-46.6343	-44.2734
BLOCK09/SES098/SA098S27	SES147	-2.17342	-46.4468	-44.2734
BLOCK09/SES098/SA098S27	SES148	-3.66653	-47.9399	-44.2734
BLOCK09/SES098/SA098S27	SES292	-2.6107	-46.8841	-44.2734
BLOCK10/SES102/SA102S13	SES101	-0.66288	-44.8623	-44.1994
BLOCK10/SES102/SA102S13	SES105	-1.99382	-46.1932	-44.1994
BLOCK10/SES102/SA102S13	SES120	-1.41228	-45.6117	-44.1994
BLOCK10/SES102/SA102S13	SES158	-5.57085	-49.7703	-44.1994
BLOCK10/SES102/SA102S14	SES007	-0.59338	-42.9014	-42.308
BLOCK10/SES102/SA102S14	SES101	-0.0778542	-42.3859	-42.308
BLOCK10/SES102/SA102S14	SES105	-0.87735	-43.1854	-42.308
BLOCK10/SES102/SA102S14	SES147	-1.93906	-44.2471	-42.308
BLOCK10/SES102/SA102S22	SES007	-1.69681	-44.2546	-42.5578
BLOCK10/SES102/SA102S22	SES101	-0.142044	-42.6998	-42.5578
BLOCK10/SES102/SA102S22	SES105	-0.887901	-43.4457	-42.5578
BLOCK10/SES102/SA102S22	SES158	-3.50617	-46.064	-42.5578
BLOCK10/SES102/SA102S25	SES007	-0.751247	-43.2351	-42.4839
BLOCK10/SES102/SA102S25	SES101	-0.335194	-42.8191	-42.4839
BLOCK10/SES102/SA102S25	SES105	-1.04524	-43.5291	-42.4839
BLOCK10/SES102/SA102S25	SES147	-2.58739	-45.0713	-42.4839
BLOCK10/SES102/SA102S27	SES007	-1.64068	-44.68	-43.0393
BLOCK10/SES102/SA102S27	SES101	-0.905071	-43.9444	-43.0393
BLOCK10/SES102/SA102S27	SES105	-1.48164	-44.521	-43.0393
BLOCK10/SES102/SA102S27	SES147	-1.64635	-44.6857	-43.0393
BLOCK10/SES103/SA103S14	SES105	-1.92845	-46.1977	-44.2693
BLOCK10/SES103/SA103S14	SES106	-0.724613	-44.9939	-44.2693
BLOCK10/SES103/SA103S14	SES120	-2.8092	-47.0785	-44.2693
BLOCK10/SES103/SA103S14	SES206	-1.45522	-45.7245	-44.2693
BLOCK10/SES103/SA103S15	SES099	-0.565231	-45.4684	-44.9032
BLOCK10/SES103/SA103S15	SES101	-2.67424	-47.5774	-44.9032
BLOCK10/SES103/SA103S15	SES104	-0.885651	-45.7888	-44.9032
BLOCK10/SES103/SA103S15	SES125	-1.02474	-45.9279	-44.9032
BLOCK10/SES103/SA103S24	SES104	-1.11009	-44.4732	-43.3631
BLOCK10/SES103/SA103S24	SES125	-1.05881	-44.422	-43.3631
BLOCK10/SES103/SA103S24	SES148	-2.84665	-46.2098	-43.3631
BLOCK10/SES103/SA103S24	SES158	-0.359798	-43.7229	-43.3631
BLOCK10/SES103/SA103S26	SES104	-1.34314	-45.2923	-43.9492
BLOCK10/SES103/SA103S26	SES106	-0.985378	-44.9346	-43.9492
BLOCK10/SES103/SA103S26	SES125	-1.37401	-45.3232	-43.9492
BLOCK10/SES103/SA103S26	SES148	-3.27408	-47.2233	-43.9492
BLOCK10/SES103/SA103S28	SES104	-1.76924	-46.2737	-44.5045
BLOCK10/SES103/SA103S28	SES106	-1.16647	-45.6709	-44.5045
BLOCK10/SES103/SA103S28	SES125	-1.82543	-46.3299	-44.5045
BLOCK10/SES103/SA103S28	SES206	-2.32505	-46.8295	-44.5045
BLOCK12/SES121/SA121S12	SES042	-1.65708	-46.7455	-45.0884
BLOCK12/SES121/SA121S12	SES087	-1.24125	-46.3297	-45.0884
BLOCK12/SES121/SA121S12	SES105	-1.36295	-46.4514	-45.0884
BLOCK12/SES121/SA121S12	SES206	-1.15955	-46.248	-45.0884
BLOCK12/SES121/SA121S14	SES007	-2.45951	-48.1812	-45.7216
BLOCK12/SES121/SA121S14	SES105	-2.27887	-48.0005	-45.7216
BLOCK12/SES121/SA121S14	SES106	-1.15218	-46.8738	-45.7216
BLOCK12/SES121/SA121S14	SES206	-1.72273	-47.4444	-45.7216
BLOCK12/SES121/SA121S23	SES105	-2.73633	-48.6642	-45.9279
BLOCK12/SES121/SA121S23	SES106	-0.899075	-46.827	-45.9279
BLOCK12/SES121/SA121S23	SES120	-3.09795	-49.0259	-45.9279
BLOCK12/SES121/SA121S23	SES206	-1.14574	-47.0736	-45.9279
BLOCK12/SES121/SA121S25	SES007	-1.61917	-48.2182	-46.599
BLOCK12/SES121/SA121S25	SES105	-2.45586	-49.0549	-46.599
BLOCK12/SES121/SA121S25	SES106	-1.03333	-47.6324	-46.599
BLOCK12/SES121/SA121S25	SES206	-1.99102	-48.59	-46.599
BLOCK12/SES121/SA121S27	SES087	-0.161987	-44.8796	-44.7176
BLOCK12/SES121/SA121S27	SES105	-3.64651	-48.3641	-44.7176
BLOCK12/SES121/SA121S27	SES120	-2.47506	-47.1927	-44.7176
BLOCK12/SES121/SA121S27	SES206	-1.16815	-45.8858	-44.7176
BLOCK12/SES124/SA124S16	SES042	-0.616985	-43.3659	-42.7489
BLOCK12/SES124/SA124S16	SES082	-0.867317	-43.6163	-42.7489
BLOCK12/SES124/SA124S16	SES183	-3.24306	-45.992	-42.7489
BLOCK12/SES124/SA124S16	SES206	-1.1636	-43.9125	-42.7489
BLOCK12/SES124/SA124S17	SES105	-1.90348	-45.8258	-43.9223
BLOCK12/SES124/SA124S17	SES149	-2.16344	-46.0857	-43.9223
BLOCK12/SES124/SA124S17	SES158	-2.15147	-46.0738	-43.9223
BLOCK12/SES124/SA124S17	SES275	-2.07594	-45.9982	-43.9223
BLOCK12/SES124/SA124S23	SES105	-2.08061	-43.5811	-41.5005
BLOCK12/SES124/SA124S23	SES125	-0.0699806	-41.5704	-41.5005
BLOCK12/SES124/SA124S23	SES129	-3.59703	-45.0975	-41.5005
BLOCK12/SES124/SA124S23	SES158	-0.615631	-42.1161	-41.5005
BLOCK12/SES124/SA124S26	SES105	-2.22547	-44.4109	-42.1854
BLOCK12/SES124/SA124S26	SES125	-0.611813	-42.7972	-42.1854
BLOCK12/SES124/SA124S26	SES129	-3.18943	-45.3748	-42.1854
BLOCK12/SES124/SA124S26	SES158	-0.784195	-42.9696	-42.1854
BLOCK12/SES124/SA124S28	SES104	-0.785973	-42.7322	-41.9463
BLOCK12/SES124/SA124S28	SES106	-0.540218	-42.4865	-41.9463
BLOCK12/SES124/SA124S28	SES125	-0.525261	-42.4715	-41.9463
BLOCK12/SES124/SA124S28	SES275	-2.67241	-44.6187	-41.9463
BLOCK12/SES126/SA126S13	SES007	-2.49414	-46.9365	-44.4423
BLOCK12/SES126/SA126S13	SES162	-1.92699	-46.3693	-44.4423
BLOCK12/SES126/SA126S13	SES177	-1.21598	-45.6583	-44.4423
BLOCK12/SES126/SA126S13	SES180	-2.00099	-46.4433	-44.4423
BLOCK12/SES126/SA126S14	SES144	-1.46976	-44.4889	-43.0192
BLOCK12/SES126/SA126S14	SES148	-1.98172	-45.0009	-43.0192
BLOCK12/SES126/SA126S14	SES177	-0.794415	-43.8136	-43.0192
BLOCK12/SES126/SA126S14	SES180	-1.0583	-44.0775	-43.0192
BLOCK12/SES126/SA126S20	SES007	-2.95257	-46.3935	-43.441
BLOCK12/SES126/SA126S20	SES162	-2.26036	-45.7013	-43.441
BLOCK12/SES126/SA126S20	SES172	-2.90139	-46.3424	-43.441
BLOCK12/SES126/SA126S20	SES180	-2.79062	-46.2316	-43.441
BLOCK12/SES126/SA126S24	SES120	-1.08029	-43.8808	-42.8005
BLOCK12/SES126/SA126S24	SES162	-1.33552	-44.1361	-42.8005
BLOCK12/SES126/SA126S24	SES177	-1.04802	-43.8486	-42.8005
BLOCK12/SES126/SA126S24	SES180	-0.998695	-43.7992	-42.8005
BLOCK12/SES126/SA126S26	SES120	-0.820908	-44.3628	-43.5419
BLOCK12/SES126/SA126S26	SES177	-1.08483	-44.6267	-43.5419
BLOCK12/SES126/SA126S26	SES180	-1.43815	-44.98	-43.5419
BLOCK12/SES126/SA126S26	SES202	-2.15573	-45.6976	-43.5419
BLOCK12/SES128/SA128S10	SES087	-2.10592	-44.7872	-42.6812
BLOCK12/SES128/SA128S10	SES206	-1.46685	-44.1481	-42.6812
BLOCK12/SES128/SA128S10	SES226	-0.73917	-43.4204	-42.6812
BLOCK12/SES128/SA128S10	SES270	-0.738716	-43.42	-42.6812
BLOCK12/SES128/SA128S12	SES120	-2.0083	-44.8942	-42.8859
BLOCK12/SES128/SA128S12	SES158	-0.883808	-43.7697	-42.8859
BLOCK12/SES128/SA128S12	SES206	-1.0776	-43.9635	-42.8859
BLOCK12/SES128/SA128S12	SES226	-1.25454	-44.1404	-42.8859
BLOCK12/SES128/SA128S21	SES106	-2.05843	-45.4875	-43.4291
BLOCK12/SES128/SA128S21	SES120	-2.20143	-45.6305	-43.4291
BLOCK12/SES128/SA128S21	SES206	-1.36103	-44.7901	-43.4291
BLOCK12/SES128/SA128S21	SES226	-1.17841	-44.6075	-43.4291
BLOCK12/SES128/SA128S24	SES087	-1.65055	-44.7117	-43.0612
BLOCK12/SES128/SA128S24	SES120	-1.41639	-44.4776	-43.0612
BLOCK12/SES128/SA128S24	SES206	-1.11557	-44.1768	-43.0612
BLOCK12/SES128/SA128S24	SES226	-1.47076	-44.5319	-43.0612
BLOCK12/SES128/SA128S27	SES099	-0.405628	-42.7786	-42.373
BLOCK12/SES128/SA128S27	SES120	-1.72597	-44.0989	-42.373
BLOCK12/SES128/SA128S27	SES206	-0.777122	-43.1501	-42.373
BLOCK12/SES128/SA128S27	SES226	-0.986824	-43.3598	-42.373
BLOCK13/SES130/SA130S13	SES143	-2.84194	-47.2064	-44.3644
BLOCK13/SES130/SA130S13	SES144	-0.641869	-45.0063	-44.3644
BLOCK13/SES130/SA130S13	SES146	-1.02048	-45.3849	-44.3644
BLOCK13/SES130/SA130S13	SES275	-3.14841	-47.5129	-44.3644
BLOCK13/SES130/SA130S15	SES143	-1.95618	-45.1033	-43.1471
BLOCK13/SES130/SA130S15	SES144	-0.7766	-43.9237	-43.1471
BLOCK13/SES130/SA130S15	SES146	-0.524303	-43.6714	-43.1471
BLOCK13/SES130/SA130S15	SES275	-1.80236	-44.9495	-43.1471
BLOCK13/SES130/SA130S23	SES127	-2.9336	-47.6721	-44.7385
BLOCK13/SES130/SA130S23	SES144	-1.49198	-46.2305	-44.7385
BLOCK13/SES130/SA130S23	SES146	-0.90501	-45.6435	-44.7385
BLOCK13/SES130/SA130S23	SES162	-1.36474	-46.1032	-44.7385
BLOCK13/SES130/SA130S25	SES127	-1.92125	-44.8533	-42.9321
BLOCK13/SES130/SA130S25	SES144	-0.556068	-43.4881	-42.9321
BLOCK13/SES130/SA130S25	SES146	-0.73608	-43.6681	-42.9321
BLOCK13/SES130/SA130S25	SES275	-0.871212	-43.8033	-42.9321
BLOCK13/SES130/SA130S28	SES127	-1.71037	-44.816	-43.1057
BLOCK13/SES130/SA130S28	SES144	-1.03745	-44.1431	-43.1057
BLOCK13/SES130/SA130S28	SES146	-1.32522	-44.4309	-43.1057
BLOCK13/SES130/SA130S28	SES275	-0.639935	-43.7456	-43.1057
BLOCK13/SES131/SA131S13	SES002	-1.73367	-46.7997	-45.066
BLOCK13/SES131/SA131S13	SES007	-2.69836	-47.7644	-45.066
BLOCK13/SES131/SA131S13	SES099	-1.48489	-46.5509	-45.066
BLOCK13/SES131/SA131S13	SES105	-1.73037	-46.7964	-45.066
BLOCK13/SES131/SA131S14	SES104	-0.724674	-44.2192	-43.4945
BLOCK13/SES131/SA131S14	SES106	-0.495983	-43.9905	-43.4945
BLOCK13/SES131/SA131S14	SES125	-1.38179	-44.8763	-43.4945
BLOCK13/SES131/SA131S14	SES148	-2.29989	-45.7944	-43.4945
BLOCK13/SES131/SA131S20	SES104	-1.33204	-45.9602	-44.6281
BLOCK13/SES131/SA131S20	SES106	-0.739914	-45.368	-44.6281
BLOCK13/SES131/SA131S20	SES125	-1.49889	-46.127	-44.6281
BLOCK13/SES131/SA131S20	SES148	-3.45449	-48.0826	-44.6281
BLOCK13/SES131/SA131S22	SES099	-1.06532	-44.9033	-43.8379
BLOCK13/SES131/SA131S22	SES104	-1.37011	-45.2081	-43.8379
BLOCK13/SES131/SA131S22	SES125	-1.32019	-45.1581	-43.8379
BLOCK13/SES131/SA131S22	SES206	-1.87887	-45.7168	-43.8379
BLOCK13/SES131/SA131S29	SES087	-1.40074	-45.92	-44.5193
BLOCK13/SES131/SA131S29	SES104	-1.32381	-45.8431	-44.5193
BLOCK13/SES131/SA131S29	SES125	-1.72586	-46.2451	-44.5193
BLOCK13/SES131/SA131S29	SES206	-1.43337	-45.9527	-44.5193
BLOCK13/SES132/SA132S11	SES083	-2.17909	-44.9588	-42.7797
BLOCK13/SES132/SA132S11	SES120	-0.32888	-43.1086	-42.7797
BLOCK13/SES132/SA132S11	SES127	-1.2748	-44.0545	-42.7797
BLOCK13/SES132/SA132S11	SES275	-1.41641	-44.1962	-42.7797
BLOCK13/SES132/SA132S12	SES083	-1.61073	-44.0907	-42.4799
BLOCK13/SES132/SA132S12	SES143	-1.53826	-44.0182	-42.4799
BLOCK13/SES132/SA132S12	SES144	-1.32392	-43.8039	-42.4799
BLOCK13/SES132/SA132S12	SES148	-1.63436	-44.1143	-42.4799
BLOCK13/SES132/SA132S22	SES062	-1.07456	-43.5707	-42.4962
BLOCK13/SES132/SA132S22	SES083	-1.2663	-43.7625	-42.4962
BLOCK13/SES132/SA132S22	SES127	-1.19516	-43.6913	-42.4962
BLOCK13/SES132/SA132S22	SES275	-1.00654	-43.5027	-42.4962
BLOCK13/SES132/SA132S24	SES007	-0.737499	-42.998	-42.2605
BLOCK13/SES132/SA132S24	SES083	-1.88569	-44.1462	-42.2605
BLOCK13/SES132/SA132S24	SES127	-2.01112	-44.2716	-42.2605
BLOCK13/SES132/SA132S24	SES275	-1.6626	-43.9231	-42.2605
BLOCK13/SES132/SA132S27	SES083	-2.12233	-45.246	-43.1236
BLOCK13/SES132/SA132S27	SES120	-0.33889	-43.4625	-43.1236
BLOCK13/SES132/SA132S27	SES127	-1.72821	-44.8518	-43.1236
BLOCK13/SES132/SA132S27	SES275	-1.97065	-45.0943	-43.1236
BLOCK14/SES141/SA141S09	SES143	-1.31836	-44.4694	-43.1511
BLOCK14/SES141/SA141S09	SES144	-1.26323	-44.4143	-43.1511
BLOCK14/SES141/SA141S09	SES162	-1.22329	-44.3743	-43.1511
BLOCK14/SES141/SA141S09	SES180	-1.19993	-44.351	-43.1511
BLOCK14/SES141/SA141S15	SES127	-2.24096	-45.1507	-42.9097
BLOCK14/SES141/SA141S15	SES144	-1.35722	-44.2669	-42.9097
BLOCK14/SES141/SA141S15	SES162	-1.36312	-44.2728	-42.9097
BLOCK14/SES141/SA141S15	SES180	-0.987694	-43.8974	-42.9097
BLOCK14/SES141/SA141S24	SES127	-1.37509	-43.8715	-42.4965
BLOCK14/SES141/SA141S24	SES144	-1.7556	-44.2521	-42.4965
BLOCK14/SES141/SA141S24	SES162	-1.08977	-43.5862	-42.4965
BLOCK14/SES141/SA141S24	SES183	-2.28493	-44.7814	-42.4965
BLOCK14/SES141/SA141S26	SES142	-1.67025	-45.1122	-43.442
BLOCK14/SES141/SA141S26	SES144	-1.72791	-45.1699	-43.442
BLOCK14/SES141/SA141S26	SES172	-1.43327	-44.8752	-43.442
BLOCK14/SES141/SA141S26	SES180	-1.08006	-44.522	-43.442
BLOCK14/SES141/SA141S29	SES127	-0.799217	-43.5537	-42.7545
BLOCK14/SES141/SA141S29	SES142	-0.443169	-43.1977	-42.7545
BLOCK14/SES141/SA141S29	SES144	-1.3984	-44.1529	-42.7545
BLOCK14/SES141/SA141S29	SES180	-0.721355	-43.4759	-42.7545
BLOCK15/SES157/SA157S08	SES083	-2.73315	-46.067	-43.3338
BLOCK15/SES157/SA157S08	SES127	-1.75498	-45.0888	-43.3338
BLOCK15/SES157/SA157S08	SES148	-1.37091	-44.7047	-43.3338
BLOCK15/SES157/SA157S08	SES292	-2.45769	-45.7915	-43.3338
BLOCK15/SES157/SA157S11	SES083	-2.9517	-46.0766	-43.1249
BLOCK15/SES157/SA157S11	SES127	-1.87122	-44.9961	-43.1249
BLOCK15/SES157/SA157S11	SES148	-1.48285	-44.6077	-43.1249
BLOCK15/SES157/SA157S11	SES292	-2.2643	-45.3892	-43.1249
BLOCK15/SES157/SA157S21	SES127	-1.84536	-44.45	-42.6046
BLOCK15/SES157/SA157S21	SES148	-1.03882	-43.6434	-42.6046
BLOCK15/SES157/SA157S21	SES158	-4.1725	-46.7771	-42.6046
BLOCK15/SES157/SA157S21	SES292	-1.82156	-44.4262	-42.6046
BLOCK15/SES157/SA157S24	SES127	-2.18411	-45.0227	-42.8386
BLOCK15/SES157/SA157S24	SES148	-1.42316	-44.2617	-42.8386
BLOCK15/SES157/SA157S24	SES183	-2.14622	-44.9848	-42.8386
BLOCK15/SES157/SA157S24	SES292	-2.04196	-44.8805	-42.8386
BLOCK15/SES157/SA157S26	SES007	-1.11457	-43.5301	-42.4155
BLOCK15/SES157/SA157S26	SES127	-0.793316	-43.2089	-42.4155
BLOCK15/SES157/SA157S26	SES147	-1.79528	-44.2108	-42.4155
BLOCK15/SES157/SA157S26	SES148	-1.32248	-43.738	-42.4155
BLOCK16/SES161/SA161S10	SES007	-2.40838	-46.6859	-44.2775
BLOCK16/SES161/SA161S10	SES105	-1.82356	-46.101	-44.2775
BLOCK16/SES161/SA161S10	SES158	-2.04317	-46.3206	-44.2775
BLOCK16/SES161/SA161S10	SES275	-1.79911	-46.0766	-44.2775
BLOCK16/SES161/SA161S12	SES007	-1.49044	-45.462	-43.9715
BLOCK16/SES161/SA161S12	SES105	-1.89467	-45.8662	-43.9715
BLOCK16/SES161/SA161S12	SES158	-1.03922	-45.0108	-43.9715
BLOCK16/SES161/SA161S12	SES275	-1.47118	-45.4427	-43.9715
BLOCK16/SES161/SA161S20	SES007	-2.40363	-47.5884	-45.1848
BLOCK16/SES161/SA161S20	SES105	-2.28627	-47.471	-45.1848
BLOCK16/SES161/SA161S20	SES158	-1.41443	-46.5992	-45.1848
BLOCK16/SES161/SA161S20	SES275	-2.39551	-47.5803	-45.1848
BLOCK16/SES161/SA161S23	SES007	-1.97987	-45.5248	-43.5449
BLOCK16/SES161/SA161S23	SES105	-1.28111	-44.826	-43.5449
BLOCK16/SES161/SA161S23	SES148	-2.099	-45.6439	-43.5449
BLOCK16/SES161/SA161S23	SES158	-0.814598	-44.3595	-43.5449
BLOCK16/SES161/SA161S28	SES007	-2.55542	-46.7153	-44.1599
BLOCK16/SES161/SA161S28	SES105	-2.26817	-46.4281	-44.1599
BLOCK16/SES161/SA161S28	SES158	-0.899456	-45.0593	-44.1599
BLOCK16/SES161/SA161S28	SES206	-1.1498	-45.3097	-44.1599
BLOCK16/SES164/SA164S11	SES104	-1.68131	-44.4089	-42.7276
BLOCK16/SES164/SA164S11	SES125	-0.695099	-43.4227	-42.7276
BLOCK16/SES164/SA164S11	SES158	-0.0137901	-42.7414	-42.7276
BLOCK16/SES164/SA164S11	SES206	-1.88717	-44.6148	-42.7276
BLOCK16/SES164/SA164S13	SES099	-1.03094	-44.9404	-43.9094
BLOCK16/SES164/SA164S13	SES104	-1.93219	-45.8416	-43.9094
BLOCK16/SES164/SA164S13	SES125	-2.19133	-46.1007	-43.9094
BLOCK16/SES164/SA164S13	SES206	-2.10765	-46.0171	-43.9094
BLOCK16/SES164/SA164S24	SES002	-0.458351	-43.7232	-43.2649
BLOCK16/SES164/SA164S24	SES099	-0.612926	-43.8778	-43.2649
BLOCK16/SES164/SA164S24	SES125	-1.94245	-45.2073	-43.2649
BLOCK16/SES164/SA164S24	SES226	-0.947247	-44.2121	-43.2649
BLOCK16/SES164/SA164S27	SES087	-2.28299	-45.8596	-43.5766
BLOCK16/SES164/SA164S27	SES125	-1.75323	-45.3298	-43.5766
BLOCK16/SES164/SA164S27	SES206	-1.97923	-45.5558	-43.5766
BLOCK16/SES164/SA164S27	SES226	-1.31223	-44.8888	-43.5766
BLOCK16/SES164/SA164S29	SES002	-0.0354042	-43.2986	-43.2632
BLOCK16/SES164/SA164S29	SES019	-1.51682	-44.78	-43.2632
BLOCK16/SES164/SA164S29	SES125	-1.34922	-44.6124	-43.2632
BLOCK16/SES164/SA164S29	SES226	-1.24677	-44.51	-43.2632
BLOCK16/SES169/SA169S13	SES117	-1.66311	-44.8697	-43.2065
BLOCK16/SES169/SA169S13	SES144	-1.16447	-44.371	-43.2065
BLOCK16/SES169/SA169S13	SES146	-1.45365	-44.6602	-43.2065
BLOCK16/SES169/SA169S13	SES162	-1.46518	-44.6717	-43.2065
BLOCK16/SES169/SA169S14	SES144	-0.72942	-42.9634	-42.234
BLOCK16/SES169/SA169S14	SES148	-1.367	-43.601	-42.234
BLOCK16/SES169/SA169S14	SES177	-1.60848	-43.8425	-42.234
BLOCK16/SES169/SA169S14	SES180	-2.63301	-44.867	-42.234
BLOCK16/SES169/SA169S24	SES117	-1.06888	-45.0547	-43.9859
BLOCK16/SES169/SA169S24	SES144	-0.903736	-44.8896	-43.9859
BLOCK16/SES169/SA169S24	SES146	-1.46872	-45.4546	-43.9859
BLOCK16/SES169/SA169S24	SES162	-1.19184	-45.1777	-43.9859
BLOCK16/SES169/SA169S27	SES127	-1.47992	-44.6027	-43.1228
BLOCK16/SES169/SA169S27	SES129	-1.49813	-44.6209	-43.1228
BLOCK16/SES169/SA169S27	SES144	-1.5742	-44.697	-43.1228
BLOCK16/SES169/SA169S27	SES146	-0.924095	-44.0469	-43.1228
BLOCK16/SES169/SA169S29	SES144	-0.844406	-43.2173	-42.3729
BLOCK16/SES169/SA169S29	SES162	-0.743176	-43.116	-42.3729
BLOCK16/SES169/SA169S29	SES177	-2.1859	-44.5588	-42.3729
BLOCK16/SES169/SA169S29	SES180	-1.47382	-43.8467	-42.3729
BLOCK17/SES171/SA171S12	SES083	-1.80018	-45.7414	-43.9412
BLOCK17/SES171/SA171S12	SES148	-1.81256	-45.7537	-43.9412
BLOCK17/SES171/SA171S12	SES172	-1.44497	-45.3861	-43.9412
BLOCK17/SES171/SA171S12	SES292	-2.26809	-46.2093	-43.9412
BLOCK17/SES171/SA171S15	SES148	-2.10722	-46.2853	-44.1781
BLOCK17/SES171/SA171S15	SES177	-1.64525	-45.8233	-44.1781
BLOCK17/SES171/SA171S15	SES180	-3.90921	-48.0873	-44.1781
BLOCK17/SES171/SA171S15	SES292	-3.1673	-47.3454	-44.1781
BLOCK17/SES171/SA171S22	SES007	-1.90183	-44.7196	-42.8178
BLOCK17/SES171/SA171S22	SES148	-1.56791	-44.3857	-42.8178
BLOCK17/SES171/SA171S22	SES177	-0.793858	-43.6116	-42.8178
BLOCK17/SES171/SA171S22	SES180	-2.01705	-44.8348	-42.8178
BLOCK17/SES171/SA171S25	SES101	-3.00163	-47.1321	-44.1304
BLOCK17/SES171/SA171S25	SES120	-2.78678	-46.9172	-44.1304
BLOCK17/SES171/SA171S25	SES177	-1.34069	-45.4711	-44.1304
BLOCK17/SES171/SA171S25	SES180	-3.02054	-47.151	-44.1304
BLOCK17/SES171/SA171S27	SES177	-1.11133	-44.6116	-43.5003
BLOCK17/SES171/SA171S27	SES180	-2.57451	-46.0748	-43.5003
BLOCK17/SES171/SA171S27	SES189	-1.25882	-44.7591	-43.5003
BLOCK17/SES171/SA171S27	SES292	-2.56687	-46.0672	-43.5003
BLOCK17/SES173/SA173S13	SES162	-2.57833	-47.381	-44.8026
BLOCK17/SES173/SA173S13	SES177	-2.29817	-47.1008	-44.8026
BLOCK17/SES173/SA173S13	SES180	-3.0668	-47.8694	-44.8026
BLOCK17/SES173/SA173S13	SES292	-2.55938	-47.362	-44.8026
BLOCK17/SES173/SA173S14	SES007	-3.34417	-48.1124	-44.7682
BLOCK17/SES173/SA173S14	SES162	-2.50401	-47.2722	-44.7682
BLOCK17/SES173/SA173S14	SES177	-1.49749	-46.2657	-44.7682
BLOCK17/SES173/SA173S14	SES180	-3.23577	-48.004	-44.7682
BLOCK17/SES173/SA173S24	SES144	-1.64487	-47.0415	-45.3966
BLOCK17/SES173/SA173S24	SES162	-2.80847	-48.2051	-45.3966
BLOCK17/SES173/SA173S24	SES177	-2.16202	-47.5586	-45.3966
BLOCK17/SES173/SA173S24	SES180	-3.45581	-48.8524	-45.3966
BLOCK17/SES173/SA173S27	SES162	-2.71183	-47.182	-44.4702
BLOCK17/SES173/SA173S27	SES177	-1.63797	-46.1082	-44.4702
BLOCK17/SES173/SA173S27	SES180	-2.53517	-47.0054	-44.4702
BLOCK17/SES173/SA173S27	SES292	-2.7001	-47.1703	-44.4702
BLOCK17/SES173/SA173S29	SES162	-3.06458	-47.5543	-44.4898
BLOCK17/SES173/SA173S29	SES175	-1.95171	-46.4415	-44.4898
BLOCK17/SES173/SA173S29	SES177	-2.32714	-46.8169	-44.4898
BLOCK17/SES173/SA173S29	SES292	-3.54927	-48.039	-44.4898
BLOCK18/SES182/SA182S10	SES144	-1.23239	-44.1513	-42.9189
BLOCK18/SES182/SA182S10	SES177	-1.50084	-44.4197	-42.9189
BLOCK18/SES182/SA182S10	SES180	-2.39	-45.3089	-42.9189
BLOCK18/SES182/SA182S10	SES275	-1.23743	-44.1563	-42.9189
BLOCK18/SES182/SA182S12	SES144	-0.715652	-43.6758	-42.9601
BLOCK18/SES182/SA182S12	SES177	-0.950027	-43.9102	-42.9601
BLOCK18/SES182/SA182S12	SES180	-1.64174	-44.6019	-42.9601
BLOCK18/SES182/SA182S12	SES275	-1.05829	-44.0184	-42.9601
BLOCK18/SES182/SA182S21	SES117	-1.52804	-45.3734	-43.8454
BLOCK18/SES182/SA182S21	SES144	-1.47917	-45.3245	-43.8454
BLOCK18/SES182/SA182S21	SES162	-0.845821	-44.6912	-43.8454
BLOCK18/SES182/SA182S21	SES180	-1.95568	-45.801	-43.8454
BLOCK18/SES182/SA182S23	SES117	-1.49353	-44.8855	-43.3919
BLOCK18/SES182/SA182S23	SES144	-1.48609	-44.878	-43.3919
BLOCK18/SES182/SA182S23	SES180	-2.1438	-45.5357	-43.3919
BLOCK18/SES182/SA182S23	SES275	-1.10335	-44.4953	-43.3919
BLOCK18/SES182/SA182S25	SES007	-0.96059	-44.363	-43.4024
BLOCK18/SES182/SA182S25	SES162	-0.933167	-44.3356	-43.4024
BLOCK18/SES182/SA182S25	SES177	-1.22204	-44.6245	-43.4024
BLOCK18/SES182/SA182S25	SES180	-1.70155	-45.104	-43.4024
BLOCK18/SES184/SA184S12	SES177	-1.73923	-45.0748	-43.3356
BLOCK18/SES184/SA184S12	SES180	-1.5805	-44.9161	-43.3356
BLOCK18/SES184/SA184S12	SES189	-2.55324	-45.8888	-43.3356
BLOCK18/SES184/SA184S12	SES292	-2.43198	-45.7676	-43.3356
BLOCK18/SES184/SA184S13	SES101	-2.07562	-45.0637	-42.9881
BLOCK18/SES184/SA184S13	SES177	-1.47614	-44.4642	-42.9881
BLOCK18/SES184/SA184S13	SES180	-1.52463	-44.5127	-42.9881
BLOCK18/SES184/SA184S13	SES292	-1.85955	-44.8477	-42.9881
BLOCK18/SES184/SA184S22	SES177	-1.46444	-43.5386	-42.0742
BLOCK18/SES184/SA184S22	SES180	-1.42198	-43.4962	-42.0742
BLOCK18/SES184/SA184S22	SES189	-2.8918	-44.966	-42.0742
BLOCK18/SES184/SA184S22	SES292	-1.98149	-44.0557	-42.0742
BLOCK18/SES184/SA184S25	SES101	-1.05622	-43.0275	-41.9713
BLOCK18/SES184/SA184S25	SES177	-1.79556	-43.7669	-41.9713
BLOCK18/SES184/SA184S25	SES180	-0.990898	-42.9622	-41.9713
BLOCK18/SES184/SA184S25	SES292	-1.38868	-43.36	-41.9713
BLOCK18/SES184/SA184S27	SES083	-2.13127	-44.9754	-42.8442
BLOCK18/SES184/SA184S27	SES177	-1.30281	-44.147	-42.8442
BLOCK18/SES184/SA184S27	SES202	-2.33296	-45.1771	-42.8442
BLOCK18/SES184/SA184S27	SES292	-1.95115	-44.7953	-42.8442
BLOCK20/SES204/SA204S12	SES062	-1.82166	-44.0486	-42.227
BLOCK20/SES204/SA204S12	SES083	-2.44184	-44.6688	-42.227
BLOCK20/SES204/SA204S12	SES206	-0.81049	-43.0374	-42.227
BLOCK20/SES204/SA204S12	SES226	-1.9318	-44.1587	-42.227
BLOCK20/SES204/SA204S14	SES068	-2.59682	-44.0031	-41.4063
BLOCK20/SES204/SA204S14	SES087	-0.488384	-41.8947	-41.4063
BLOCK20/SES204/SA204S14	SES206	-1.1419	-42.5482	-41.4063
BLOCK20/SES204/SA204S14	SES226	-1.86942	-43.2757	-41.4063
BLOCK20/SES204/SA204S22	SES068	-3.09302	-45.3985	-42.3055
BLOCK20/SES204/SA204S22	SES082	-2.95707	-45.2626	-42.3055
BLOCK20/SES204/SA204S22	SES083	-2.78474	-45.0903	-42.3055
BLOCK20/SES204/SA204S22	SES206	-1.1646	-43.4701	-42.3055
BLOCK20/SES204/SA204S25	SES062	-2.1221	-44.6737	-42.5516
BLOCK20/SES204/SA204S25	SES083	-2.53195	-45.0835	-42.5516
BLOCK20/SES204/SA204S25	SES206	-0.801846	-43.3534	-42.5516
BLOCK20/SES204/SA204S25	SES226	-1.8059	-44.3575	-42.5516
BLOCK20/SES204/SA204S27	SES068	-3.13301	-45.9324	-42.7994
BLOCK20/SES204/SA204S27	SES082	-1.64064	-44.44	-42.7994
BLOCK20/SES204/SA204S27	SES087	-0.950863	-43.7502	-42.7994
BLOCK20/SES204/SA204S27	SES206	-1.1012	-43.9006	-42.7994
BLOCK20/SES207/SA207S10	SES127	-1.49496	-44.9593	-43.4643
BLOCK20/SES207/SA207S10	SES183	-2.02972	-45.494	-43.4643
BLOCK20/SES207/SA207S10	SES189	-1.82959	-45.2939	-43.4643
BLOCK20/SES207/SA207S10	SES292	-1.87095	-45.3353	-43.4643
BLOCK20/SES207/SA207S11	SES127	-2.38881	-45.7124	-43.3236
BLOCK20/SES207/SA207S11	SES183	-2.46148	-45.7851	-43.3236
BLOCK20/SES207/SA207S11	SES187	-1.04097	-44.3646	-43.3236
BLOCK20/SES207/SA207S11	SES292	-1.56516	-44.8887	-43.3236
BLOCK20/SES207/SA207S25	SES068	-1.92682	-45.289	-43.3622
BLOCK20/SES207/SA207S25	SES083	-3.2086	-46.5708	-43.3622
BLOCK20/SES207/SA207S25	SES127	-1.62019	-44.9824	-43.3622
BLOCK20/SES207/SA207S25	SES187	-0.931732	-44.2939	-43.3622
BLOCK20/SES207/SA207S27	SES127	-1.82421	-45.4852	-43.661
BLOCK20/SES207/SA207S27	SES183	-1.21372	-44.8748	-43.661
BLOCK20/SES207/SA207S27	SES187	-1.61675	-45.2778	-43.661
BLOCK20/SES207/SA207S27	SES292	-2.32961	-45.9906	-43.661
BLOCK20/SES207/SA207S29	SES083	-2.78637	-46.2347	-43.4483
BLOCK20/SES207/SA207S29	SES085	-0.86005	-44.3084	-43.4483
BLOCK20/SES207/SA207S29	SES172	-1.61848	-45.0668	-43.4483
BLOCK20/SES207/SA207S29	SES189	-1.88535	-45.3337	-43.4483
BLOCK22/SES221/SA221S12	SES068	-1.8368	-45.0669	-43.2301
BLOCK22/SES221/SA221S12	SES143	-2.54556	-45.7757	-43.2301
BLOCK22/SES221/SA221S12	SES175	-1.18943	-44.4195	-43.2301
BLOCK22/SES221/SA221S12	SES202	-0.911568	-44.1417	-43.2301
BLOCK22/SES221/SA221S15	SES085	-3.01743	-47.4697	-44.4522
BLOCK22/SES221/SA221S15	SES143	-2.97718	-47.4294	-44.4522
BLOCK22/SES221/SA221S15	SES175	-1.4297	-45.8819	-44.4522
BLOCK22/SES221/SA221S15	SES187	-1.52631	-45.9785	-44.4522
BLOCK22/SES221/SA221S23	SES068	-3.0652	-46.4175	-43.3523
BLOCK22/SES221/SA221S23	SES143	-2.9288	-46.2811	-43.3523
BLOCK22/SES221/SA221S23	SES175	-1.33866	-44.691	-43.3523
BLOCK22/SES221/SA221S23	SES189	-0.559402	-43.9117	-43.3523
BLOCK22/SES221/SA221S27	SES085	-3.56448	-47.2247	-43.6602
BLOCK22/SES221/SA221S27	SES143	-2.18463	-45.8448	-43.6602
BLOCK22/SES221/SA221S27	SES175	-1.87149	-45.5317	-43.6602
BLOCK22/SES221/SA221S27	SES189	0.209656	-43.4506	-43.6602
BLOCK22/SES221/SA221S29	SES085	-4.91385	-49.5594	-44.6456
BLOCK22/SES221/SA221S29	SES143	-2.33489	-46.9805	-44.6456
BLOCK22/SES221/SA221S29	SES175	-1.76456	-46.4101	-44.6456
BLOCK22/SES221/SA221S29	SES187	-0.699791	-45.3454	-44.6456
BLOCK22/SES223/SA223S11	SES143	-1.51655	-45.6239	-44.1074
BLOCK22/SES223/SA223S11	SES144	-2.49137	-46.5987	-44.1074
BLOCK22/SES223/SA223S11	SES175	-0.877319	-44.9847	-44.1074
BLOCK22/SES223/SA223S11	SES187	-1.7696	-45.877	-44.1074
BLOCK22/SES223/SA223S13	SES068	-2.14666	-47.1148	-44.9682
BLOCK22/SES223/SA223S13	SES143	-2.49982	-47.468	-44.9682
BLOCK22/SES223/SA223S13	SES146	-3.36719	-48.3353	-44.9682
BLOCK22/SES223/SA223S13	SES202	-2.29112	-47.2593	-44.9682
BLOCK22/SES223/SA223S22	SES143	-1.50021	-45.6918	-44.1916
BLOCK22/SES223/SA223S22	SES144	-2.83882	-47.0304	-44.1916
BLOCK22/SES223/SA223S22	SES175	-1.61597	-45.8076	-44.1916
BLOCK22/SES223/SA223S22	SES187	-1.48259	-45.6742	-44.1916
BLOCK22/SES223/SA223S25	SES068	-2.425	-46.5812	-44.1562
BLOCK22/SES223/SA223S25	SES143	-2.19948	-46.3557	-44.1562
BLOCK22/SES223/SA223S25	SES175	-1.19484	-45.3511	-44.1562
BLOCK22/SES223/SA223S25	SES187	-1.69407	-45.8503	-44.1562
BLOCK22/SES223/SA223S27	SES143	-1.39741	-45.5791	-44.1817
BLOCK22/SES223/SA223S27	SES146	-2.00316	-46.1849	-44.1817
BLOCK22/SES223/SA223S27	SES187	-1.58955	-45.7713	-44.1817
BLOCK22/SES223/SA223S27	SES292	-1.58132	-45.763	-44.1817
BLOCK27/SES273/SA273S12	SES099	-0.175529	-41.7355	-41.56
BLOCK27/SES273/SA273S12	SES104	-0.657104	-42.2171	-41.56
BLOCK27/SES273/SA273S12	SES125	-0.829281	-42.3892	-41.56
BLOCK27/SES273/SA273S12	SES206	-0.436871	-41.9968	-41.56
BLOCK27/SES273/SA273S13	SES099	-0.425739	-41.871	-41.4452
BLOCK27/SES273/SA273S13	SES104	-0.911053	-42.3563	-41.4452
BLOCK27/SES273/SA273S13	SES206	-0.702618	-42.1479	-41.4452
BLOCK27/SES273/SA273S13	SES292	-2.22065	-43.6659	-41.4452
BLOCK27/SES273/SA273S21	SES099	-0.269821	-42.1151	-41.8453
BLOCK27/SES273/SA273S21	SES148	-2.47361	-44.3189	-41.8453
BLOCK27/SES273/SA273S21	SES149	-0.958237	-42.8036	-41.8453
BLOCK27/SES273/SA273S21	SES177	-3.39367	-45.239	-41.8453
BLOCK27/SES273/SA273S25	SES104	-0.957912	-42.7909	-41.833
BLOCK27/SES273/SA273S25	SES125	-1.27242	-43.1054	-41.833
BLOCK27/SES273/SA273S25	SES158	-0.6404	-42.4734	-41.833
BLOCK27/SES273/SA273S25	SES206	-0.295628	-42.1287	-41.833
BLOCK27/SES273/SA273S27	SES099	-0.432316	-42.0076	-41.5752
BLOCK27/SES273/SA273S27	SES104	-0.98698	-42.5622	-41.5752
BLOCK27/SES273/SA273S27	SES149	-0.674919	-42.2502	-41.5752
BLOCK27/SES273/SA273S27	SES275	-1.49112	-43.0664	-41.5752
BLOCK27/SES274/SA274S10	SES105	-0.893879	-42.6029	-41.7091
BLOCK27/SES274/SA274S10	SES125	-1.17418	-42.8832	-41.7091
BLOCK27/SES274/SA274S10	SES129	-0.581955	-42.291	-41.7091
BLOCK27/SES274/SA274S10	SES158	-1.46737	-43.1764	-41.7091
BLOCK27/SES274/SA274S11	SES105	-1.18684	-43.211	-42.0242
BLOCK27/SES274/SA274S11	SES149	-1.24633	-43.2705	-42.0242
BLOCK27/SES274/SA274S11	SES158	-0.94733	-42.9715	-42.0242
BLOCK27/SES274/SA274S11	SES275	-0.861622	-42.8858	-42.0242
BLOCK27/SES274/SA274S21	SES105	-1.1879	-43.3069	-42.1191
BLOCK27/SES274/SA274S21	SES129	-0.793705	-42.9128	-42.1191
BLOCK27/SES274/SA274S21	SES149	-0.915775	-43.0348	-42.1191
BLOCK27/SES274/SA274S21	SES158	-1.95637	-44.0754	-42.1191
BLOCK27/SES274/SA274S24	SES105	-0.740002	-43.1528	-42.4128
BLOCK27/SES274/SA274S24	SES129	-1.6277	-44.0405	-42.4128
BLOCK27/SES274/SA274S24	SES149	-1.1671	-43.5799	-42.4128
BLOCK27/SES274/SA274S24	SES158	-1.86348	-44.2763	-42.4128
BLOCK27/SES274/SA274S29	SES105	-1.50178	-43.7436	-42.2418
BLOCK27/SES274/SA274S29	SES106	-1.93267	-44.1745	-42.2418
BLOCK27/SES274/SA274S29	SES120	-2.05777	-44.2996	-42.2418
BLOCK27/SES274/SA274S29	SES275	-1.00336	-43.2452	-42.2418
BLOCK27/SES276/SA276S16	SES148	-1.49738	-44.7738	-43.2764
BLOCK27/SES276/SA276S16	SES172	-2.02385	-45.3003	-43.2764
BLOCK27/SES276/SA276S16	SES180	-3.06058	-46.337	-43.2764
BLOCK27/SES276/SA276S16	SES292	-1.35621	-44.6327	-43.2764
BLOCK27/SES276/SA276S17	SES101	-1.50221	-44.471	-42.9688
BLOCK27/SES276/SA276S17	SES177	-1.77522	-44.744	-42.9688
BLOCK27/SES276/SA276S17	SES180	-2.01132	-44.9801	-42.9688
BLOCK27/SES276/SA276S17	SES292	-1.98745	-44.9563	-42.9688
BLOCK27/SES276/SA276S24	SES101	-1.22846	-43.3063	-42.0779
BLOCK27/SES276/SA276S24	SES177	-1.79916	-43.877	-42.0779
BLOCK27/SES276/SA276S24	SES180	-1.73977	-43.8177	-42.0779
BLOCK27/SES276/SA276S24	SES292	-1.94476	-44.0226	-42.0779
BLOCK27/SES276/SA276S26	SES101	-2.18655	-44.5793	-42.3927
BLOCK27/SES276/SA276S26	SES177	-1.399	-43.7917	-42.3927
BLOCK27/SES276/SA276S26	SES180	-1.51278	-43.9055	-42.3927
BLOCK27/SES276/SA276S26	SES292	-1.2218	-43.6145	-42.3927
BLOCK27/SES276/SA276S28	SES101	-1.86291	-44.4849	-42.622
BLOCK27/SES276/SA276S28	SES177	-1.69237	-44.3144	-42.622
BLOCK27/SES276/SA276S28	SES180	-1.39449	-44.0165	-42.622
BLOCK27/SES276/SA276S28	SES292	-2.07122	-44.6932	-42.622
BLOCK27/SES277/SA277S12	SES101	-1.06915	-44.6443	-43.5752
BLOCK27/SES277/SA277S12	SES177	-1.90567	-45.4808	-43.5752
BLOCK27/SES277/SA277S12	SES180	-2.99105	-46.5662	-43.5752
BLOCK27/SES277/SA277S12	SES292	-3.00314	-46.5783	-43.5752
BLOCK27/SES277/SA277S14	SES177	-1.66129	-45.6905	-44.0292
BLOCK27/SES277/SA277S14	SES180	-2.76382	-46.793	-44.0292
BLOCK27/SES277/SA277S14	SES189	-1.33908	-45.3682	-44.0292
BLOCK27/SES277/SA277S14	SES292	-3.23969	-47.2688	-44.0292
BLOCK27/SES277/SA277S21	SES177	-1.0878	-44.0603	-42.9725
BLOCK27/SES277/SA277S21	SES180	-3.05667	-46.0292	-42.9725
BLOCK27/SES277/SA277S21	SES189	-1.28125	-44.2538	-42.9725
BLOCK27/SES277/SA277S21	SES292	-2.91138	-45.8839	-42.9725
BLOCK27/SES277/SA277S24	SES144	-1.65948	-45.8256	-44.1661
BLOCK27/SES277/SA277S24	SES177	-1.59874	-45.7649	-44.1661
BLOCK27/SES277/SA277S24	SES180	-2.90451	-47.0706	-44.1661
BLOCK27/SES277/SA277S24	SES189	-1.6226	-45.7887	-44.1661
BLOCK27/SES277/SA277S29	SES177	-1.15346	-43.1456	-41.9921
BLOCK27/SES277/SA277S29	SES180	-1.5805	-43.5726	-41.9921
BLOCK27/SES277/SA277S29	SES202	-1.43538	-43.4275	-41.9921
BLOCK27/SES277/SA277S29	SES292	-2.6073	-44.5994	-41.9921
BLOCK27/SES279/SA279S09	SES120	-1.69323	-44.1369	-42.4437
BLOCK27/SES279/SA279S09	SES146	-1.5557	-43.9994	-42.4437
BLOCK27/SES279/SA279S09	SES206	-1.61841	-44.0621	-42.4437
BLOCK27/SES279/SA279S09	SES226	-1.98742	-44.4311	-42.4437
BLOCK27/SES279/SA279S10	SES099	-0.463596	-42.737	-42.2734
BLOCK27/SES279/SA279S10	SES206	-0.811886	-43.0853	-42.2734
BLOCK27/SES279/SA279S10	SES226	-1.4051	-43.6785	-42.2734
BLOCK27/SES279/SA279S10	SES292	-1.27002	-43.5434	-42.2734
BLOCK27/SES279/SA279S20	SES099	-1.32941	-43.9621	-42.6327
BLOCK27/SES279/SA279S20	SES206	-0.718281	-43.351	-42.6327
BLOCK27/SES279/SA279S20	SES226	-1.60668	-44.2394	-42.6327
BLOCK27/SES279/SA279S20	SES292	-0.72477	-43.3575	-42.6327
BLOCK27/SES279/SA279S26	SES099	-0.908482	-43.3888	-42.4803
BLOCK27/SES279/SA279S26	SES206	-0.387054	-42.8673	-42.4803
BLOCK27/SES279/SA279S26	SES226	-1.48605	-43.9663	-42.4803
BLOCK27/SES279/SA279S26	SES292	-1.33811	-43.8184	-42.4803
BLOCK27/SES279/SA279S28	SES099	-1.05739	-42.2194	-41.162
BLOCK27/SES279/SA279S28	SES120	-1.53906	-42.7011	-41.162
BLOCK27/SES279/SA279S28	SES177	-2.53521	-43.6972	-41.162
BLOCK27/SES279/SA279S28	SES206	-1.1262	-42.2882	-41.162
BLOCK29/SES290/SA290S12	SES162	-1.95974	-44.6063	-42.6466
BLOCK29/SES290/SA290S12	SES177	-1.76344	-44.41	-42.6466
BLOCK29/SES290/SA290S12	SES180	-2.29855	-44.9451	-42.6466
BLOCK29/SES290/SA290S12	SES292	-1.95554	-44.6021	-42.6466
BLOCK29/SES290/SA290S13	SES007	-3.16983	-46.5204	-43.3506
BLOCK29/SES290/SA290S13	SES162	-2.31046	-45.6611	-43.3506
BLOCK29/SES290/SA290S13	SES177	-1.06388	-44.4145	-43.3506
BLOCK29/SES290/SA290S13	SES180	-2.28409	-45.6347	-43.3506
BLOCK29/SES290/SA290S22	SES177	-1.04084	-43.9165	-42.8757
BLOCK29/SES290/SA290S22	SES180	-1.83045	-44.7061	-42.8757
BLOCK29/SES290/SA290S22	SES202	-1.38872	-44.2644	-42.8757
BLOCK29/SES290/SA290S22	SES292	-2.26979	-45.1455	-42.8757
BLOCK29/SES290/SA290S25	SES162	-1.46366	-44.0046	-42.5409
BLOCK29/SES290/SA290S25	SES177	-1.02309	-43.564	-42.5409
BLOCK29/SES290/SA290S25	SES180	-1.38761	-43.9286	-42.5409
BLOCK29/SES290/SA290S25	SES292	-1.61655	-44.1575	-42.5409
BLOCK29/SES290/SA290S29	SES177	-0.247955	-42.5955	-42.3475
BLOCK29/SES290/SA290S29	SES180	-0.909687	-43.2572	-42.3475
BLOCK29/SES290/SA290S29	SES275	-2.36151	-44.7091	-42.3475
BLOCK29/SES290/SA290S29	SES292	-1.54536	-43.8929	-42.3475
BLOCK29/SES291/SA291S11	SES105	-2.61802	-45.7552	-43.1372
BLOCK29/SES291/SA291S11	SES125	-1.51902	-44.6562	-43.1372
BLOCK29/SES291/SA291S11	SES158	-1.13438	-44.2715	-43.1372
BLOCK29/SES291/SA291S11	SES275	-2.75119	-45.8884	-43.1372
BLOCK29/SES291/SA291S12	SES158	-0.0260773	-42.6115	-42.5854
BLOCK29/SES291/SA291S12	SES226	-1.26741	-43.8528	-42.5854
BLOCK29/SES291/SA291S12	SES270	-0.11478	-42.7002	-42.5854
BLOCK29/SES291/SA291S12	SES275	-3.85795	-46.4433	-42.5854
BLOCK29/SES291/SA291S22	SES082	-0.821133	-43.3537	-42.5326
BLOCK29/SES291/SA291S22	SES158	-0.766468	-43.299	-42.5326
BLOCK29/SES291/SA291S22	SES259	-1.29891	-43.8315	-42.5326
BLOCK29/SES291/SA291S22	SES275	-2.87602	-45.4086	-42.5326
BLOCK29/SES291/SA291S24	SES104	-0.60284	-41.9949	-41.392
BLOCK29/SES291/SA291S24	SES125	-0.321682	-41.7137	-41.392
BLOCK29/SES291/SA291S24	SES158	-0.458614	-41.8507	-41.392
BLOCK29/SES291/SA291S24	SES275	-3.03589	-44.4279	-41.392
BLOCK29/SES291/SA291S27	SES158	-0.30714	-42.0818	-41.7747
BLOCK29/SES291/SA291S27	SES172	-4.37096	-46.1456	-41.7747
BLOCK29/SES291/SA291S27	SES275	-3.06504	-44.8397	-41.7747
BLOCK29/SES291/SA291S27	SES292	-2.08842	-43.8631	-41.7747
