BLOCK00/SES002/SA002S12	SES002	1.3549	-39.5169	-40.8718
BLOCK00/SES002/SA002S13	SES002	1.91997	-38.968	-40.888
BLOCK00/SES002/SA002S23	SES002	1.85967	-38.5934	-40.4531
BLOCK00/SES002/SA002S26	SES002	2.43644	-38.3168	-40.7533
BLOCK00/SES002/SA002S28	SES002	1.6313	-39.3174	-40.9487
BLOCK00/SES007/SA007S14	SES007	1.23722	-38.9355	-40.1727
BLOCK00/SES007/SA007S15	SES007	0.612713	-40.4861	-41.0988
BLOCK00/SES007/SA007S24	SES007	0.651569	-40.2746	-40.9262
BLOCK00/SES007/SA007S27	SES007	0.48909	-41.108	-41.5971
BLOCK00/SES007/SA007S29	SES007	0.404972	-40.1132	-40.5182
BLOCK00/SES008/SA008S11	SES008	1.40473	-40.2263	-41.631
BLOCK00/SES008/SA008S12	SES008	0.474293	-41.1446	-41.6189
BLOCK00/SES008/SA008S19	SES008	1.67273	-39.5502	-41.223
BLOCK00/SES008/SA008S22	SES008	1.0886	-40.4469	-41.5355
BLOCK00/SES008/SA008S29	SES008	0.791641	-40.431	-41.2227
BLOCK01/SES014/SA014S10	SES014	2.06968	-39.6614	-41.7311
BLOCK01/SES014/SA014S12	SES014	2.56667	-37.7397	-40.3064
BLOCK01/SES014/SA014S24	SES014	1.64113	-39.2823	-40.9234
BLOCK01/SES014/SA014S26	SES014	2.74677	-36.7357	-39.4824
BLOCK01/SES014/SA014S28	SES014	2.56151	-37.7877	-40.3492
BLOCK01/SES016/SA016S12	SES016	1.39882	-41.673	-43.0718
BLOCK01/SES016/SA016S13	SES016	1.18497	-40.6665	-41.8515
BLOCK01/SES016/SA016S22	SES016	0.393284	-41.4476	-41.8409
BLOCK01/SES016/SA016S25	SES016	1.5241	-38.8122	-40.3363
BLOCK01/SES016/SA016S27	SES016	1.26274	-39.5375	-40.8003
BLOCK01/SES019/SA019S13	SES019	3.00551	-39.6162	-42.6217
BLOCK01/SES019/SA019S14	SES019	2.15218	-39.927	-42.0791
BLOCK01/SES019/SA019S22	SES019	2.71125	-39.2921	-42.0033
BLOCK01/SES019/SA019S25	SES019	2.52052	-39.785	-42.3055
BLOCK01/SES019/SA019S29	SES019	3.19458	-39.6117	-42.8062
BLOCK02/SES029/SA029S11	SES029	1.29749	-40.0474	-41.3449
BLOCK02/SES029/SA029S12	SES029	0.469044	-40.2133	-40.6824
BLOCK02/SES029/SA029S20	SES029	0.60453	-41.3793	-41.9838
BLOCK02/SES029/SA029S25	SES029	0.447926	-40.2284	-40.6764
BLOCK02/SES029/SA029S28	SES029	0.439053	-40.8053	-41.2443
BLOCK04/SES042/SA042S12	SES042	2.19987	-38.1549	-40.3548
BLOCK04/SES042/SA042S15	SES042	2.40236	-38.7211	-41.1235
BLOCK04/SES042/SA042S22	SES042	3.3539	-36.8934	-40.2473
BLOCK04/SES042/SA042S25	SES042	1.99225	-39.737	-41.7292
BLOCK04/SES042/SA042S27	SES042	2.0675	-38.5392	-40.6067
BLOCK04/SES048/SA048S11	SES048	1.26971	-39.8004	-41.0701
BLOCK04/SES048/SA048S12	SES048	0.820374	-40.1843	-41.0046
BLOCK04/SES048/SA048S20	SES048	1.00096	-39.633	-40.634
BLOCK04/SES048/SA048S23	SES048	1.38969	-40.1315	-41.5212
BLOCK04/SES048/SA048S27	SES048	0.814888	-39.4798	-40.2947
BLOCK06/SES060/SA060S11	SES060	1.44869	-39.8498	-41.2985
BLOCK06/SES060/SA060S12	SES060	-1.51554	-42.7236	-41.208
BLOCK06/SES060/SA060S22	SES060	-0.224457	-41.7979	-41.5734
BLOCK06/SES060/SA060S24	SES060	1.0251	-39.9634	-40.9886
BLOCK06/SES060/SA060S28	SES060	1.60742	-38.2595	-39.8669
BLOCK06/SES062/SA062S10	SES062	1.09348	-39.6976	-40.791
BLOCK06/SES062/SA062S11	SES062	1.43745	-39.3107	-40.7482
BLOCK06/SES062/SA062S21	SES062	1.97684	-37.9347	-39.9116
BLOCK06/SES062/SA062S26	SES062	0.727001	-39.2513	-39.9783
BLOCK06/SES062/SA062S29	SES062	1.61481	-38.6473	-40.2621
BLOCK06/SES068/SA068S14	SES068	0.242374	-40.7157	-40.958
BLOCK06/SES068/SA068S15	SES068	0.867188	-39.281	-40.1482
BLOCK06/SES068/SA068S23	SES068	0.60968	-40.7444	-41.3541
BLOCK06/SES068/SA068S27	SES068	0.921741	-39.5261	-40.4479
BLOCK06/SES068/SA068S29	SES068	0.682728	-40.0058	-40.6885
BLOCK08/SES082/SA082S12	SES082	0.848484	-41.402	-42.2505
BLOCK08/SES082/SA082S14	SES082	0.59882	-41.2333	-41.8321
BLOCK08/SES082/SA082S21	SES082	0.911861	-40.5034	-41.4153
BLOCK08/SES082/SA082S24	SES082	0.895344	-40.5467	-41.442
BLOCK08/SES082/SA082S28	SES082	-0.000644684	-41.4098	-41.4091
BLOCK08/SES083/SA083S14	SES083	-0.290306	-40.8967	-40.6064
BLOCK08/SES083/SA083S15	SES083	-0.0482254	-40.7756	-40.7274
BLOCK08/SES083/SA083S24	SES083	-0.331135	-41.3125	-40.9814
BLOCK08/SES083/SA083S26	SES083	0.732597	-40.3667	-41.0993
BLOCK08/SES083/SA083S29	SES083	0.215454	-40.3031	-40.5185
BLOCK08/SES085/SA085S10	SES085	-0.213505	-41.042	-40.8284
BLOCK08/SES085/SA085S13	SES085	0.702126	-40.7556	-41.4577
BLOCK08/SES085/SA085S22	SES085	-1.71775	-42.9139	-41.1961
BLOCK08/SES085/SA085S26	SES085	-0.45713	-41.2213	-40.7642
BLOCK08/SES085/SA085S28	SES085	0.969879	-40.1062	-41.0761
BLOCK08/SES087/SA087S15	SES087	1.85227	-39.7655	-41.6178
BLOCK08/SES087/SA087S16	SES087	1.90109	-39.4941	-41.3952
BLOCK08/SES087/SA087S24	SES087	1.71004	-39.674	-41.384
BLOCK08/SES087/SA087S26	SES087	1.46238	-38.6783	-40.1407
BLOCK08/SES087/SA087S29	SES087	1.90221	-39.5382	-41.4404
BLOCK09/SES099/SA099S15	SES099	1.22751	-40.2583	-41.4858
BLOCK09/SES099/SA099S16	SES099	1.30929	-40.0177	-41.327
BLOCK09/SES099/SA099S24	SES099	1.43824	-39.4089	-40.8472
BLOCK09/SES099/SA099S26	SES099	1.40677	-39.411	-40.8178
BLOCK09/SES099/SA099S29	SES099	1.2541	-39.5925	-40.8466
BLOCK10/SES101/SA101S11	SES101	-0.0506935	-40.706	-40.6553
BLOCK10/SES101/SA101S13	SES101	0.86145	-39.8453	-40.7067
BLOCK10/SES101/SA101S22	SES101	0.456463	-41.2087	-41.6652
BLOCK10/SES101/SA101S24	SES101	1.10263	-40.0888	-41.1914
BLOCK10/SES101/SA101S28	SES101	0.353306	-41.067	-41.4204
BLOCK10/SES104/SA104S11	SES104	1.07992	-39.0505	-40.1304
BLOCK10/SES104/SA104S12	SES104	1.49344	-38.9215	-40.4149
BLOCK10/SES104/SA104S21	SES104	1.03011	-39.9527	-40.9828
BLOCK10/SES104/SA104S24	SES104	0.766468	-40.3769	-41.1433
BLOCK10/SES104/SA104S28	SES104	1.44407	-39.9008	-41.3449
BLOCK10/SES105/SA105S12	SES105	0.884605	-41.208	-42.0926
BLOCK10/SES105/SA105S13	SES105	0.656975	-41.0316	-41.6885
BLOCK10/SES105/SA105S22	SES105	0.297787	-41.9397	-42.2375
BLOCK10/SES105/SA105S26	SES105	1.22512	-40.666	-41.8912
BLOCK10/SES105/SA105S29	SES105	0.722691	-40.8758	-41.5985
BLOCK10/SES106/SA106S09	SES106	1.45619	-40.6673	-42.1235
BLOCK10/SES106/SA106S11	SES106	1.2123	-39.1229	-40.3352
BLOCK10/SES106/SA106S22	SES106	2.00259	-39.7138	-41.7164
BLOCK10/SES106/SA106S27	SES106	0.983616	-39.7512	-40.7348
BLOCK10/SES106/SA106S29	SES106	1.26159	-39.5543	-40.8159
BLOCK11/SES117/SA117S12	SES117	0.339226	-40.8206	-41.1598
BLOCK11/SES117/SA117S13	SES117	0.445034	-40.4648	-40.9098
BLOCK11/SES117/SA117S23	SES117	1.18053	-41.51	-42.6905
BLOCK11/SES117/SA117S25	SES117	0.908409	-41.0667	-41.9751
BLOCK11/SES117/SA117S28	SES117	0.934963	-41.2433	-42.1783
BLOCK12/SES120/SA120S08	SES120	1.42397	-41.837	-43.261
BLOCK12/SES120/SA120S11	SES120	1.08946	-42.983	-44.0724
BLOCK12/SES120/SA120S22	SES120	0.0303535	-41.2464	-41.2768
BLOCK12/SES120/SA120S24	SES120	0.257179	-41.4646	-41.7218
BLOCK12/SES120/SA120S28	SES120	0.360725	-42.7267	-43.0875
BLOCK12/SES125/SA125S13	SES125	1.7027	-39.1899	-40.8926
BLOCK12/SES125/SA125S14	SES125	1.33289	-39.6647	-40.9975
BLOCK12/SES125/SA125S25	SES125	2.3516	-38.6505	-41.0021
BLOCK12/SES125/SA125S27	SES125	2.04583	-38.4612	-40.5071
BLOCK12/SES125/SA125S29	SES125	1.60557	-38.9112	-40.5168
BLOCK12/SES127/SA127S11	SES127	0.884933	-40.5432	-41.4281
BLOCK12/SES127/SA127S12	SES127	-0.877106	-41.4844	-40.6073
BLOCK12/SES127/SA127S23	SES127	0.181122	-41.1038	-41.285
BLOCK12/SES127/SA127S25	SES127	-0.519577	-41.5113	-40.9918
BLOCK12/SES127/SA127S27	SES127	0.529461	-40.3754	-40.9049
BLOCK12/SES129/SA129S11	SES129	0.816963	-40.0906	-40.9075
BLOCK12/SES129/SA129S12	SES129	0.956917	-39.5358	-40.4927
BLOCK12/SES129/SA129S22	SES129	0.98341	-39.7215	-40.7049
BLOCK12/SES129/SA129S27	SES129	1.44278	-39.4026	-40.8454
BLOCK12/SES129/SA129S29	SES129	1.80045	-39.0357	-40.8362
BLOCK14/SES142/SA142S11	SES142	1.78862	-40.2162	-42.0048
BLOCK14/SES142/SA142S12	SES142	1.08024	-40.7748	-41.8551
BLOCK14/SES142/SA142S24	SES142	1.70465	-40.4485	-42.1532
BLOCK14/SES142/SA142S27	SES142	2.0377	-39.7006	-41.7383
BLOCK14/SES142/SA142S29	SES142	2.50617	-38.999	-41.5052
BLOCK14/SES143/SA143S12	SES143	1.10934	-40.452	-41.5613
BLOCK14/SES143/SA143S13	SES143	0.578621	-40.9513	-41.53
BLOCK14/SES143/SA143S23	SES143	0.884216	-41.0951	-41.9793
BLOCK14/SES143/SA143S25	SES143	0.951	-40.5146	-41.4656
BLOCK14/SES143/SA143S28	SES143	1.02515	-39.8099	-40.835
BLOCK14/SES144/SA144S09	SES144	0.785961	-40.678	-41.464
BLOCK14/SES144/SA144S11	SES144	0.541752	-41.5493	-42.091
BLOCK14/SES144/SA144S21	SES144	0.458206	-41.2433	-41.7015
BLOCK14/SES144/SA144S25	SES144	0.577873	-41.4197	-41.9976
BLOCK14/SES144/SA144S29	SES144	0.139378	-41.2548	-41.3942
BLOCK14/SES146/SA146S14	SES146	0.652172	-41.3128	-41.965
BLOCK14/SES146/SA146S15	SES146	0.147827	-41.4291	-41.5769
BLOCK14/SES146/SA146S24	SES146	0.260899	-41.4833	-41.7442
BLOCK14/SES146/SA146S26	SES146	0.878506	-41.6276	-42.5061
BLOCK14/SES146/SA146S29	SES146	0.596352	-41.818	-42.4143
BLOCK14/SES147/SA147S11	SES147	1.92505	-40.7746	-42.6996
BLOCK14/SES147/SA147S13	SES147	2.65711	-39.1635	-41.8207
BLOCK14/SES147/SA147S23	SES147	2.04908	-40.9973	-43.0464
BLOCK14/SES147/SA147S26	SES147	1.7962	-40.827	-42.6232
BLOCK14/SES147/SA147S28	SES147	2.45891	-39.9321	-42.391
BLOCK14/SES148/SA148S10	SES148	1.3713	-39.8377	-41.209
BLOCK14/SES148/SA148S12	SES148	0.67625	-40.8786	-41.5548
BLOCK14/SES148/SA148S22	SES148	1.07621	-39.6306	-40.7069
BLOCK14/SES148/SA148S26	SES148	0.455894	-40.4035	-40.8594
BLOCK14/SES148/SA148S29	SES148	0.639481	-40.8768	-41.5163
BLOCK14/SES149/SA149S13	SES149	-0.135628	-41.5891	-41.4535
BLOCK14/SES149/SA149S14	SES149	0.644054	-40.1395	-40.7835
BLOCK14/SES149/SA149S24	SES149	1.50322	-39.9176	-41.4208
BLOCK14/SES149/SA149S26	SES149	2.0155	-39.6593	-41.6748
BLOCK14/SES149/SA149S28	SES149	2.05687	-39.2259	-41.2827
BLOCK15/SES158/SA158S13	SES158	0.969013	-40.6829	-41.6519
BLOCK15/SES158/SA158S14	SES158	1.80217	-40.0516	-41.8538
BLOCK15/SES158/SA158S23	SES158	1.15523	-40.0085	-41.1638
BLOCK15/SES158/SA158S26	SES158	1.58973	-39.8037	-41.3934
BLOCK15/SES158/SA158S28	SES158	1.12328	-40.3443	-41.4676
BLOCK16/SES162/SA162S10	SES162	0.36655	-41.9947	-42.3613
BLOCK16/SES162/SA162S11	SES162	0.925114	-40.6284	-41.5535
BLOCK16/SES162/SA162S21	SES162	1.43295	-40.1976	-41.6306
BLOCK16/SES162/SA162S24	SES162	0.72509	-40.798	-41.5231
BLOCK16/SES162/SA162S27	SES162	1.34265	-40.6524	-41.995
BLOCK16/SES167/SA167S14	SES167	0.608326	-39.901	-40.5093
BLOCK16/SES167/SA167S15	SES167	1.47784	-40.0194	-41.4973
BLOCK16/SES167/SA167S21	SES167	1.26464	-39.4273	-40.692
BLOCK16/SES167/SA167S25	SES167	1.5291	-40.1324	-41.6615
BLOCK16/SES167/SA167S29	SES167	1.72504	-39.013	-40.7381
BLOCK17/SES172/SA172S12	SES172	1.46422	-40.3312	-41.7954
BLOCK17/SES172/SA172S13	SES172	1.57691	-40.5351	-42.112
BLOCK17/SES172/SA172S23	SES172	0.839493	-39.4279	-40.2674
BLOCK17/SES172/SA172S27	SES172	1.05707	-40.6253	-41.6824
BLOCK17/SES172/SA172S29	SES172	1.75784	-39.9799	-41.7378
BLOCK17/SES175/SA175S11	SES175	1.45488	-40.1124	-41.5672
BLOCK17/SES175/SA175S13	SES175	1.189	-40.0434	-41.2324
BLOCK17/SES175/SA175S23	SES175	1.75813	-40.2211	-41.9792
BLOCK17/SES175/SA175S25	SES175	0.941254	-41.5998	-42.5411
BLOCK17/SES175/SA175S28	SES175	1.51008	-39.7176	-41.2277
BLOCK17/SES177/SA177S15	SES177	-0.117992	-41.2012	-41.0832
BLOCK17/SES177/SA177S17	SES177	-0.12466	-41.1713	-41.0466
BLOCK17/SES177/SA177S23	SES177	-0.116795	-41.2178	-41.101
BLOCK17/SES177/SA177S26	SES177	0.586197	-39.2367	-39.8229
BLOCK17/SES177/SA177S28	SES177	0.556831	-39.9195	-40.4763
BLOCK18/SES180/SA180S13	SES180	0.781414	-40.6371	-41.4185
BLOCK18/SES180/SA180S15	SES180	0.377884	-41.2531	-41.631
BLOCK18/SES180/SA180S24	SES180	1.09043	-39.3191	-40.4096
BLOCK18/SES180/SA180S26	SES180	0.876434	-40.1865	-41.0629
BLOCK18/SES180/SA180S29	SES180	0.817879	-40.9563	-41.7742
BLOCK18/SES183/SA183S13	SES183	1.03024	-40.9012	-41.9315
BLOCK18/SES183/SA183S14	SES183	0.260288	-41.5642	-41.8245
BLOCK18/SES183/SA183S24	SES183	0.94664	-41.1272	-42.0739
BLOCK18/SES183/SA183S27	SES183	1.36301	-40.6529	-42.0159
BLOCK18/SES183/SA183S29	SES183	1.11949	-40.3629	-41.4824
BLOCK18/SES187/SA187S13	SES187	0.741749	-41.4175	-42.1592
BLOCK18/SES187/SA187S14	SES187	0.722881	-41.4074	-42.1303
BLOCK18/SES187/SA187S24	SES187	1.07989	-40.7279	-41.8078
BLOCK18/SES187/SA187S27	SES187	0.800369	-40.9085	-41.7089
BLOCK18/SES187/SA187S29	SES187	0.336521	-41.46	-41.7965
BLOCK18/SES189/SA189S10	SES189	1.2018	-42.5149	-43.7167
BLOCK18/SES189/SA189S13	SES189	1.80746	-42.4155	-44.2229
BLOCK18/SES189/SA189S24	SES189	1.33965	-41.5178	-42.8575
BLOCK18/SES189/SA189S26	SES189	1.05566	-41.5323	-42.588
BLOCK18/SES189/SA189S29	SES189	1.74948	-41.0535	-42.8029
BLOCK20/SES202/SA202S12	SES202	1.63274	-40.6735	-42.3062
BLOCK20/SES202/SA202S14	SES202	2.43832	-39.3119	-41.7502
BLOCK20/SES202/SA202S24	SES202	1.32208	-40.7143	-42.0364
BLOCK20/SES202/SA202S27	SES202	1.57067	-39.1909	-40.7616
BLOCK20/SES202/SA202S29	SES202	1.90206	-39.1522	-41.0543
BLOCK20/SES206/SA206S15	SES206	0.141869	-39.9636	-40.1055
BLOCK20/SES206/SA206S17	SES206	1.80009	-38.6617	-40.4618
BLOCK20/SES206/SA206S24	SES206	1.31841	-39.0033	-40.3218
BLOCK20/SES206/SA206S27	SES206	1.57717	-39.6423	-41.2195
BLOCK20/SES206/SA206S29	SES206	1.69009	-38.3496	-40.0397
BLOCK22/SES226/SA226S12	SES226	1.41912	-40.1539	-41.5731
BLOCK22/SES226/SA226S13	SES226	-0.326832	-41.7753	-41.4485
BLOCK22/SES226/SA226S20	SES226	1.08107	-40.5752	-41.6563
BLOCK22/SES226/SA226S23	SES226	1.17465	-40.0325	-41.2071
BLOCK22/SES226/SA226S28	SES226	1.44969	-39.7763	-41.226
BLOCK25/SES259/SA259S13	SES259	2.83921	-38.0968	-40.936
BLOCK25/SES259/SA259S14	SES259	1.69373	-39.3801	-41.0738
BLOCK25/SES259/SA259S22	SES259	1.56662	-39.0598	-40.6264
BLOCK25/SES259/SA259S24	SES259	2.15139	-38.4483	-40.5997
BLOCK25/SES259/SA259S28	SES259	1.71801	-38.6804	-40.3984
BLOCK27/SES270/SA270S14	SES270	2.15228	-40.146	-42.2983
BLOCK27/SES270/SA270S16	SES270	0.670929	-40.2782	-40.9491
BLOCK27/SES270/SA270S22	SES270	2.41623	-39.3556	-41.7718
BLOCK27/SES270/SA270S26	SES270	1.83388	-40.4729	-42.3068
BLOCK27/SES270/SA270S28	SES270	1.11688	-39.8593	-40.9762
BLOCK27/SES275/SA275S17	SES275	1.3466	-40.9736	-42.3202
BLOCK27/SES275/SA275S18	SES275	0.309807	-41.0245	-41.3343
BLOCK27/SES275/SA275S24	SES275	0.45591	-42.0897	-42.5456
BLOCK27/SES275/SA275S26	SES275	1.21444	-40.3392	-41.5537
BLOCK27/SES275/SA275S28	SES275	0.536873	-40.6187	-41.1556
BLOCK29/SES292/SA292S10	SES292	0.577	-40.8472	-41.4242
BLOCK29/SES292/SA292S12	SES292	0.426731	-41.5519	-41.9786
BLOCK29/SES292/SA292S22	SES292	1.16659	-39.966	-41.1326
BLOCK29/SES292/SA292S24	SES292	0.382046	-40.6222	-41.0042
BLOCK29/SES292/SA292S27	SES292	0.0125351	-40.4595	-40.472
BLOCK00/SES001/SA001S14	SES062	-0.920864	-42.7276	-41.8067
BLOCK00/SES001/SA001S14	SES082	-2.27195	-44.0787	-41.8067
BLOCK00/SES001/SA001S14	SES106	-2.19093	-43.9977	-41.8067
BLOCK00/SES001/SA001S14	SES206	-3.6705	-45.4772	-41.8067
BLOCK00/SES001/SA001S15	SES062	-1.59357	-42.1991	-40.6056
BLOCK00/SES001/SA001S15	SES104	-4.1786	-44.7842	-40.6056
BLOCK00/SES001/SA001S15	SES106	-2.63069	-43.2363	-40.6056
BLOCK00/SES001/SA001S15	SES206	-3.75224	-44.3578	-40.6056
BLOCK00/SES001/SA001S24	SES062	-2.38111	-44.062	-41.6809
BLOCK00/SES001/SA001S24	SES082	-2.39996	-44.0809	-41.6809
BLOCK00/SES001/SA001S24	SES087	-3.39591	-45.0768	-41.6809
BLOCK00/SES001/SA001S24	SES206	-1.38239	-43.0633	-41.6809
BLOCK00/SES001/SA001S27	SES062	-1.33343	-42.0814	-40.748
BLOCK00/SES001/SA001S27	SES082	-2.163	-42.911	-40.748
BLOCK00/SES001/SA001S27	SES087	-2.6255	-43.3735	-40.748
BLOCK00/SES001/SA001S27	SES206	-2.9732	-43.7212	-40.748
BLOCK00/SES001/SA001S29	SES062	-1.70897	-43.1214	-41.4124
BLOCK00/SES001/SA001S29	SES082	-1.50573	-42.9181	-41.4124
BLOCK00/SES001/SA001S29	SES158	-1.34695	-42.7594	-41.4124
BLOCK00/SES001/SA001S29	SES206	-3.26768	-44.6801	-41.4124
BLOCK00/SES003/SA003S11	SES002	-1.47449	-42.8991	-41.4246
BLOCK00/SES003/SA003S11	SES019	-0.895199	-42.3198	-41.4246
BLOCK00/SES003/SA003S11	SES082	-0.226089	-41.6507	-41.4246
BLOCK00/SES003/SA003S11	SES125	-1.34544	-42.77	-41.4246
BLOCK00/SES003/SA003S15	SES016	-2.71264	-44.1517	-41.4391
BLOCK00/SES003/SA003S15	SES019	-0.865044	-42.3041	-41.4391
BLOCK00/SES003/SA003S15	SES062	-2.17804	-43.6171	-41.4391
BLOCK00/SES003/SA003S15	SES206	-1.52318	-42.9622	-41.4391
BLOCK00/SES003/SA003S22	SES002	-3.31414	-44.4092	-41.095
BLOCK00/SES003/SA003S22	SES062	-0.950565	-42.0456	-41.095
BLOCK00/SES003/SA003S22	SES082	-1.44623	-42.5413	-41.095
BLOCK00/SES003/SA003S22	SES087	-2.20868	-43.3037	-41.095
BLOCK00/SES003/SA003S25	SES062	-2.17083	-44.3574	-42.1866
BLOCK00/SES003/SA003S25	SES082	-0.308273	-42.4949	-42.1866
BLOCK00/SES003/SA003S25	SES087	-1.36039	-43.547	-42.1866
BLOCK00/SES003/SA003S25	SES206	-1.44725	-43.6338	-42.1866
BLOCK00/SES003/SA003S29	SES002	-2.24076	-44.0415	-41.8007
BLOCK00/SES003/SA003S29	SES062	-1.93282	-43.7335	-41.8007
BLOCK00/SES003/SA003S29	SES082	-0.869392	-42.6701	-41.8007
BLOCK00/SES003/SA003S29	SES087	-2.26918	-44.0699	-41.8007
BLOCK00/SES004/SA004S12	SES083	-2.23655	-43.7912	-41.5547
BLOCK00/SES004/SA004S12	SES148	-1.70908	-43.2638	-41.5547
BLOCK00/SES004/SA004S12	SES172	-1.3108	-42.8655	-41.5547
BLOCK00/SES004/SA004S12	SES292	-1.88847	-43.4432	-41.5547
BLOCK00/SES004/SA004S17	SES083	-2.30262	-44.2517	-41.9491
BLOCK00/SES004/SA004S17	SES162	-1.19689	-43.146	-41.9491
BLOCK00/SES004/SA004S17	SES172	-1.90878	-43.8579	-41.9491
BLOCK00/SES004/SA004S17	SES292	-1.7107	-43.6598	-41.9491
BLOCK00/SES004/SA004S24	SES083	-2.14122	-43.0744	-40.9332
BLOCK00/SES004/SA004S24	SES148	-1.93205	-42.8653	-40.9332
BLOCK00/SES004/SA004S24	SES172	-0.938473	-41.8717	-40.9332
BLOCK00/SES004/SA004S24	SES292	-1.42779	-42.361	-40.9332
BLOCK00/SES004/SA004S26	SES083	-1.70984	-42.3972	-40.6874
BLOCK00/SES004/SA004S26	SES127	-1.50584	-42.1932	-40.6874
BLOCK00/SES004/SA004S26	SES148	-1.89456	-42.582	-40.6874
BLOCK00/SES004/SA004S26	SES292	-1.42506	-42.1125	-40.6874
BLOCK00/SES004/SA004S28	SES083	-2.04651	-42.7703	-40.7238
BLOCK00/SES004/SA004S28	SES127	-1.03894	-41.7627	-40.7238
BLOCK00/SES004/SA004S28	SES187	-1.23635	-41.9601	-40.7238
BLOCK00/SES004/SA004S28	SES292	-2.33872	-43.0625	-40.7238
BLOCK00/SES006/SA006S10	SES014	-2.27851	-45.1899	-42.9114
BLOCK00/SES006/SA006S10	SES158	-0.579945	-43.4913	-42.9114
BLOCK00/SES006/SA006S10	SES226	-2.9278	-45.8392	-42.9114
BLOCK00/SES006/SA006S10	SES270	-0.295696	-43.2071	-42.9114
BLOCK00/SES006/SA006S11	SES158	-0.56015	-43.6279	-43.0677
BLOCK00/SES006/SA006S11	SES226	-1.81407	-44.8818	-43.0677
BLOCK00/SES006/SA006S11	SES270	-0.102692	-43.1704	-43.0677
BLOCK00/SES006/SA006S11	SES275	-3.30374	-46.3715	-43.0677
BLOCK00/SES006/SA006S23	SES062	-1.77282	-44.1835	-42.4107
BLOCK00/SES006/SA006S23	SES105	-1.69342	-44.1041	-42.4107
BLOCK00/SES006/SA006S23	SES158	-0.600315	-43.011	-42.4107
BLOCK00/SES006/SA006S23	SES275	-2.21661	-44.6273	-42.4107
BLOCK00/SES006/SA006S26	SES104	-1.80103	-43.6984	-41.8974
BLOCK00/SES006/SA006S26	SES158	-0.0707626	-41.9681	-41.8974
BLOCK00/SES006/SA006S26	SES270	0.364628	-41.5327	-41.8974
BLOCK00/SES006/SA006S26	SES275	-2.92895	-44.8263	-41.8974
BLOCK00/SES006/SA006S28	SES007	-2.70369	-45.4882	-42.7845
BLOCK00/SES006/SA006S28	SES105	-2.15533	-44.9398	-42.7845
BLOCK00/SES006/SA006S28	SES158	-1.1729	-43.9574	-42.7845
BLOCK00/SES006/SA006S28	SES275	-3.26785	-46.0524	-42.7845
BLOCK00/SES009/SA009S12	SES083	-1.84731	-43.0427	-41.1954
BLOCK00/SES009/SA009S12	SES148	-1.3783	-42.5737	-41.1954
BLOCK00/SES009/SA009S12	SES177	-2.05175	-43.2471	-41.1954
BLOCK00/SES009/SA009S12	SES292	-1.01583	-42.2112	-41.1954
BLOCK00/SES009/SA009S15	SES007	0.53516	-40.076	-40.6112
BLOCK00/SES009/SA009S15	SES099	-9.39536	-50.0065	-40.6112
BLOCK00/SES009/SA009S15	SES148	-1.40675	-42.0179	-40.6112
BLOCK00/SES009/SA009S15	SES172	-1.3455	-41.9567	-40.6112
BLOCK00/SES009/SA009S24	SES146	-1.12052	-41.75	-40.6295
BLOCK00/SES009/SA009S24	SES148	-1.14566	-41.7752	-40.6295
BLOCK00/SES009/SA009S24	SES177	-1.70487	-42.3344	-40.6295
BLOCK00/SES009/SA009S24	SES292	-0.939602	-41.5691	-40.6295
BLOCK00/SES009/SA009S26	SES083	-1.77485	-43.1077	-41.3329
BLOCK00/SES009/SA009S26	SES101	-1.92671	-43.2596	-41.3329
BLOCK00/SES009/SA009S26	SES120	-1.21019	-42.5431	-41.3329
BLOCK00/SES009/SA009S26	SES177	-2.01952	-43.3524	-41.3329
BLOCK00/SES009/SA009S29	SES083	-1.48182	-42.4172	-40.9354
BLOCK00/SES009/SA009S29	SES101	-1.50317	-42.4386	-40.9354
BLOCK00/SES009/SA009S29	SES177	-2.06807	-43.0035	-40.9354
BLOCK00/SES009/SA009S29	SES292	-1.35291	-42.2883	-40.9354
BLOCK01/SES011/SA011S10	SES019	-0.4762	-42.0363	-41.5601
BLOCK01/SES011/SA011S10	SES042	-0.631874	-42.1919	-41.5601
BLOCK01/SES011/SA011S10	SES082	-2.20192	-43.762	-41.5601
BLOCK01/SES011/SA011S10	SES206	-0.780441	-42.3405	-41.5601
BLOCK01/SES011/SA011S11	SES019	-0.396038	-42.1404	-41.7443
BLOCK01/SES011/SA011S11	SES042	-0.948463	-42.6928	-41.7443
BLOCK01/SES011/SA011S11	SES082	-2.26123	-44.0056	-41.7443
BLOCK01/SES011/SA011S11	SES206	-0.0443153	-41.7886	-41.7443
BLOCK01/SES011/SA011S22	SES019	-0.370018	-41.7196	-41.3496
BLOCK01/SES011/SA011S22	SES042	-1.05083	-42.4005	-41.3496
BLOCK01/SES011/SA011S22	SES082	-1.49595	-42.8456	-41.3496
BLOCK01/SES011/SA011S22	SES206	-0.556263	-41.9059	-41.3496
BLOCK01/SES011/SA011S24	SES019	-0.866737	-41.8412	-40.9745
BLOCK01/SES011/SA011S24	SES042	-0.79546	-41.7699	-40.9745
BLOCK01/SES011/SA011S24	SES104	-1.71557	-42.6901	-40.9745
BLOCK01/SES011/SA011S24	SES206	-0.114754	-41.0892	-40.9745
BLOCK01/SES011/SA011S27	SES082	0.1259	-40.7089	-40.8348
BLOCK01/SES011/SA011S27	SES087	-0.701172	-41.536	-40.8348
BLOCK01/SES011/SA011S27	SES125	-0.26548	-41.1003	-40.8348
BLOCK01/SES011/SA011S27	SES206	0.151409	-40.6834	-40.8348
BLOCK01/SES012/SA012S11	SES007	-2.45152	-42.5041	-40.0525
BLOCK01/SES012/SA012S11	SES082	-1.56336	-41.6159	-40.0525
BLOCK01/SES012/SA012S11	SES083	-2.72154	-42.7741	-40.0525
BLOCK01/SES012/SA012S11	SES206	-1.29632	-41.3489	-40.0525
BLOCK01/SES012/SA012S14	SES082	-1.12054	-42.0606	-40.9401
BLOCK01/SES012/SA012S14	SES087	-1.74496	-42.6851	-40.9401
BLOCK01/SES012/SA012S14	SES206	-1.39034	-42.3304	-40.9401
BLOCK01/SES012/SA012S14	SES292	-3.65449	-44.5946	-40.9401
BLOCK01/SES012/SA012S24	SES082	-0.162079	-41.7726	-41.6105
BLOCK01/SES012/SA012S24	SES087	-1.26769	-42.8782	-41.6105
BLOCK01/SES012/SA012S24	SES120	-3.71013	-45.3207	-41.6105
BLOCK01/SES012/SA012S24	SES206	-0.556458	-42.167	-41.6105
BLOCK01/SES012/SA012S26	SES019	-2.42619	-43.3133	-40.8871
BLOCK01/SES012/SA012S26	SES082	-2.02877	-42.9159	-40.8871
BLOCK01/SES012/SA012S26	SES206	-0.494507	-41.3816	-40.8871
BLOCK01/SES012/SA012S26	SES292	-3.47934	-44.3665	-40.8871
BLOCK01/SES012/SA012S29	SES062	-2.1009	-42.5058	-40.4049
BLOCK01/SES012/SA012S29	SES082	-1.53138	-41.9362	-40.4049
BLOCK01/SES012/SA012S29	SES083	-2.04351	-42.4484	-40.4049
BLOCK01/SES012/SA012S29	SES206	-1.71356	-42.1184	-40.4049
BLOCK01/SES013/SA013S16	SES062	-3.81977	-45.0095	-41.1897
BLOCK01/SES013/SA013S16	SES106	-0.49445	-41.6842	-41.1897
BLOCK01/SES013/SA013S16	SES206	-0.717937	-41.9077	-41.1897
BLOCK01/SES013/SA013S16	SES226	-0.341316	-41.531	-41.1897
BLOCK01/SES013/SA013S17	SES062	-3.47657	-44.1546	-40.6781
BLOCK01/SES013/SA013S17	SES106	-0.639622	-41.3177	-40.6781
BLOCK01/SES013/SA013S17	SES206	-0.231007	-40.9091	-40.6781
BLOCK01/SES013/SA013S17	SES226	-0.153522	-40.8316	-40.6781
BLOCK01/SES013/SA013S23	SES104	-1.46699	-42.6693	-41.2023
BLOCK01/SES013/SA013S23	SES106	-0.306183	-41.5085	-41.2023
BLOCK01/SES013/SA013S23	SES206	-0.715279	-41.9176	-41.2023
BLOCK01/SES013/SA013S23	SES270	-0.22525	-41.4276	-41.2023
BLOCK01/SES013/SA013S25	SES042	-1.89535	-42.7319	-40.8366
BLOCK01/SES013/SA013S25	SES104	-1.06243	-41.899	-40.8366
BLOCK01/SES013/SA013S25	SES106	-0.247116	-41.0837	-40.8366
BLOCK01/SES013/SA013S25	SES206	-1.03949	-41.876	-40.8366
BLOCK01/SES013/SA013S29	SES062	-3.81983	-44.7112	-40.8914
BLOCK01/SES013/SA013S29	SES104	-1.0634	-41.9548	-40.8914
BLOCK01/SES013/SA013S29	SES106	-0.0923767	-40.9837	-40.8914
BLOCK01/SES013/SA013S29	SES206	-1.11639	-42.0078	-40.8914
BLOCK02/SES021/SA021S13	SES016	-2.23964	-42.5718	-40.3321
BLOCK02/SES021/SA021S13	SES029	-2.02659	-42.3587	-40.3321
BLOCK02/SES021/SA021S13	SES087	-1.17611	-41.5082	-40.3321
BLOCK02/SES021/SA021S13	SES206	-0.513138	-40.8452	-40.3321
BLOCK02/SES021/SA021S15	SES087	-1.27913	-40.4364	-39.1573
BLOCK02/SES021/SA021S15	SES125	-1.1572	-40.3145	-39.1573
BLOCK02/SES021/SA021S15	SES206	-0.439068	-39.5963	-39.1573
BLOCK02/SES021/SA021S15	SES226	-1.05602	-40.2133	-39.1573
BLOCK02/SES021/SA021S23	SES062	-2.36441	-43.8351	-41.4707
BLOCK02/SES021/SA021S23	SES087	-1.8108	-43.2815	-41.4707
BLOCK02/SES021/SA021S23	SES206	-1.52948	-43.0002	-41.4707
BLOCK02/SES021/SA021S23	SES226	-0.838093	-42.3088	-41.4707
BLOCK02/SES021/SA021S27	SES002	-2.48034	-42.5991	-40.1188
BLOCK02/SES021/SA021S27	SES016	-3.50269	-43.6215	-40.1188
BLOCK02/SES021/SA021S27	SES019	-1.96419	-42.083	-40.1188
BLOCK02/SES021/SA021S27	SES062	-1.251	-41.3698	-40.1188
BLOCK02/SES021/SA021S29	SES087	-1.60375	-41.5017	-39.8979
BLOCK02/SES021/SA021S29	SES125	-1.96737	-41.8653	-39.8979
BLOCK02/SES021/SA021S29	SES206	-0.997314	-40.8952	-39.8979
BLOCK02/SES021/SA021S29	SES226	-1.03621	-40.9341	-39.8979
BLOCK04/SES043/SA043S09	SES083	-2.67572	-44.9323	-42.2566
BLOCK04/SES043/SA043S09	SES101	-2.29729	-44.5539	-42.2566
BLOCK04/SES043/SA043S09	SES144	-0.626122	-42.8827	-42.2566
BLOCK04/SES043/SA043S09	SES172	-3.24404	-45.5006	-42.2566
BLOCK04/SES043/SA043S11	SES083	-0.88393	-42.0056	-41.1217
BLOCK04/SES043/SA043S11	SES101	-1.40144	-42.5231	-41.1217
BLOCK04/SES043/SA043S11	SES144	-0.667519	-41.7892	-41.1217
BLOCK04/SES043/SA043S11	SES172	-2.0598	-43.1815	-41.1217
BLOCK04/SES043/SA043S23	SES083	-1.53193	-43.0737	-41.5417
BLOCK04/SES043/SA043S23	SES144	-0.0444794	-41.5862	-41.5417
BLOCK04/SES043/SA043S23	SES177	-2.04418	-43.5859	-41.5417
BLOCK04/SES043/SA043S23	SES275	-0.747189	-42.2889	-41.5417
BLOCK04/SES043/SA043S26	SES083	-0.643646	-42.6739	-42.0302
BLOCK04/SES043/SA043S26	SES101	-1.1764	-43.2066	-42.0302
BLOCK04/SES043/SA043S26	SES144	-0.241722	-42.272	-42.0302
BLOCK04/SES043/SA043S26	SES177	-1.84439	-43.8746	-42.0302
BLOCK04/SES043/SA043S28	SES016	-1.65174	-42.7755	-41.1238
BLOCK04/SES043/SA043S28	SES083	-0.395737	-41.5195	-41.1238
BLOCK04/SES043/SA043S28	SES101	-0.730637	-41.8544	-41.1238
BLOCK04/SES043/SA043S28	SES144	-0.621746	-41.7455	-41.1238
BLOCK04/SES044/SA044S10	SES127	-2.6586	-46.7894	-44.1308
BLOCK04/SES044/SA044S10	SES144	-0.665432	-44.7962	-44.1308
BLOCK04/SES044/SA044S10	SES147	-4.36187	-48.4927	-44.1308
BLOCK04/SES044/SA044S10	SES148	-2.47443	-46.6052	-44.1308
BLOCK04/SES044/SA044S11	SES101	-2.16579	-45.051	-42.8852
BLOCK04/SES044/SA044S11	SES144	-0.0536652	-42.9389	-42.8852
BLOCK04/SES044/SA044S11	SES147	-3.658	-46.5432	-42.8852
BLOCK04/SES044/SA044S11	SES177	-2.11352	-44.9988	-42.8852
BLOCK04/SES044/SA044S24	SES007	-2.1736	-44.495	-42.3214
BLOCK04/SES044/SA044S24	SES101	-1.41546	-43.7369	-42.3214
BLOCK04/SES044/SA044S24	SES147	-4.06434	-46.3857	-42.3214
BLOCK04/SES044/SA044S24	SES177	-1.80638	-44.1278	-42.3214
BLOCK04/SES044/SA044S26	SES007	-1.76211	-43.7975	-42.0354
BLOCK04/SES044/SA044S26	SES016	-0.794991	-42.8304	-42.0354
BLOCK04/SES044/SA044S26	SES101	-1.50964	-43.545	-42.0354
BLOCK04/SES044/SA044S26	SES147	-1.99065	-44.026	-42.0354
BLOCK04/SES044/SA044S29	SES007	-2.48064	-43.7749	-41.2943
BLOCK04/SES044/SA044S29	SES101	-1.1328	-42.4271	-41.2943
BLOCK04/SES044/SA044S29	SES147	-2.8909	-44.1852	-41.2943
BLOCK04/SES044/SA044S29	SES177	-2.10526	-43.3996	-41.2943
BLOCK04/SES046/SA046S13	SES101	-2.28938	-44.5452	-42.2559
BLOCK04/SES046/SA046S13	SES144	-1.02998	-43.2859	-42.2559
BLOCK04/SES046/SA046S13	SES147	-3.15824	-45.4141	-42.2559
BLOCK04/SES046/SA046S13	SES177	-1.42975	-43.6856	-42.2559
BLOCK04/SES046/SA046S15	SES048	-2.33498	-43.4802	-41.1453
BLOCK04/SES046/SA046S15	SES083	-0.834522	-41.9798	-41.1453
BLOCK04/SES046/SA046S15	SES120	-2.12511	-43.2704	-41.1453
BLOCK04/SES046/SA046S15	SES148	-1.29448	-42.4398	-41.1453
BLOCK04/SES046/SA046S22	SES101	-1.10788	-43.4519	-42.344
BLOCK04/SES046/SA046S22	SES144	-1.13935	-43.4834	-42.344
BLOCK04/SES046/SA046S22	SES147	-1.94874	-44.2928	-42.344
BLOCK04/SES046/SA046S22	SES172	-1.23105	-43.5751	-42.344
BLOCK04/SES046/SA046S25	SES083	-1.8883	-43.73	-41.8417
BLOCK04/SES046/SA046S25	SES127	-1.25826	-43.0999	-41.8417
BLOCK04/SES046/SA046S25	SES144	-1.97213	-43.8138	-41.8417
BLOCK04/SES046/SA046S25	SES148	-1.32724	-43.1689	-41.8417
BLOCK04/SES046/SA046S28	SES007	-4.01708	-46.5641	-42.547
BLOCK04/SES046/SA046S28	SES105	-1.90565	-44.4527	-42.547
BLOCK04/SES046/SA046S28	SES147	-2.37883	-44.9259	-42.547
BLOCK04/SES046/SA046S28	SES148	-1.51017	-44.0572	-42.547
BLOCK04/SES049/SA049S16	SES104	-1.34768	-43.6093	-42.2616
BLOCK04/SES049/SA049S16	SES106	-0.745564	-43.0072	-42.2616
BLOCK04/SES049/SA049S16	SES120	-3.58819	-45.8498	-42.2616
BLOCK04/SES049/SA049S16	SES206	-1.26422	-43.5259	-42.2616
BLOCK04/SES049/SA049S18	SES099	0.165798	-43.2782	-43.444
BLOCK04/SES049/SA049S18	SES104	-1.5164	-44.9604	-43.444
BLOCK04/SES049/SA049S18	SES125	-1.88424	-45.3282	-43.444
BLOCK04/SES049/SA049S18	SES206	-1.00303	-44.447	-43.444
BLOCK04/SES049/SA049S25	SES087	-1.1796	-43.4552	-42.2756
BLOCK04/SES049/SA049S25	SES104	-0.808308	-43.0839	-42.2756
BLOCK04/SES049/SA049S25	SES125	-1.27434	-43.5499	-42.2756
BLOCK04/SES049/SA049S25	SES206	-0.565201	-42.8408	-42.2756
BLOCK04/SES049/SA049S27	SES099	-0.136909	-41.792	-41.6551
BLOCK04/SES049/SA049S27	SES104	-0.625961	-42.281	-41.6551
BLOCK04/SES049/SA049S27	SES125	-1.72454	-43.3796	-41.6551
BLOCK04/SES049/SA049S27	SES206	-1.13459	-42.7897	-41.6551
BLOCK04/SES049/SA049S29	SES099	-0.0987206	-41.0232	-40.9245
BLOCK04/SES049/SA049S29	SES104	-0.151604	-41.0761	-40.9245
BLOCK04/SES049/SA049S29	SES125	-1.30811	-42.2326	-40.9245
BLOCK04/SES049/SA049S29	SES206	-0.775444	-41.7	-40.9245
BLOCK06/SES063/SA063S09	SES068	-1.95466	-43.6132	-41.6585
BLOCK06/SES063/SA063S09	SES083	-0.661682	-42.3202	-41.6585
BLOCK06/SES063/SA063S09	SES177	-1.47287	-43.1314	-41.6585
BLOCK06/SES063/SA063S09	SES187	-1.84038	-43.4989	-41.6585
BLOCK06/SES063/SA063S10	SES068	-1.83922	-44.0874	-42.2482
BLOCK06/SES063/SA063S10	SES083	-0.585129	-42.8333	-42.2482
BLOCK06/SES063/SA063S10	SES172	-0.824242	-43.0724	-42.2482
BLOCK06/SES063/SA063S10	SES187	-1.41552	-43.6637	-42.2482
BLOCK06/SES063/SA063S20	SES068	-2.52761	-44.6592	-42.1316
BLOCK06/SES063/SA063S20	SES083	-1.07382	-43.2054	-42.1316
BLOCK06/SES063/SA063S20	SES172	-1.51169	-43.6433	-42.1316
BLOCK06/SES063/SA063S20	SES187	-0.599266	-42.7309	-42.1316
BLOCK06/SES063/SA063S24	SES029	-2.62126	-44.0161	-41.3948
BLOCK06/SES063/SA063S24	SES083	-0.241932	-41.6367	-41.3948
BLOCK06/SES063/SA063S24	SES177	-1.4264	-42.8212	-41.3948
BLOCK06/SES063/SA063S24	SES189	-1.6777	-43.0725	-41.3948
BLOCK06/SES063/SA063S27	SES083	-0.430222	-43.2215	-42.7913
BLOCK06/SES063/SA063S27	SES172	-0.500069	-43.2914	-42.7913
BLOCK06/SES063/SA063S27	SES187	-1.32393	-44.1152	-42.7913
BLOCK06/SES063/SA063S27	SES292	-1.44882	-44.2401	-42.7913
BLOCK06/SES067/SA067S12	SES083	-2.32352	-43.7886	-41.4651
BLOCK06/SES067/SA067S12	SES172	-2.75681	-44.2219	-41.4651
BLOCK06/SES067/SA067S12	SES202	0.11705	-41.348	-41.4651
BLOCK06/SES067/SA067S12	SES292	-1.79173	-43.2568	-41.4651
BLOCK06/SES067/SA067S14	SES085	-1.42639	-42.3556	-40.9292
BLOCK06/SES067/SA067S14	SES177	-1.5775	-42.5067	-40.9292
BLOCK06/SES067/SA067S14	SES183	-2.41452	-43.3438	-40.9292
BLOCK06/SES067/SA067S14	SES202	-0.931831	-41.8611	-40.9292
BLOCK06/SES067/SA067S21	SES144	-0.967617	-43.3032	-42.3356
BLOCK06/SES067/SA067S21	SES177	-0.773991	-43.1096	-42.3356
BLOCK06/SES067/SA067S21	SES183	-4.10048	-46.436	-42.3356
BLOCK06/SES067/SA067S21	SES189	-0.601223	-42.9368	-42.3356
BLOCK06/SES067/SA067S25	SES085	-0.983509	-42.6245	-41.641
BLOCK06/SES067/SA067S25	SES177	-1.00668	-42.6477	-41.641
BLOCK06/SES067/SA067S25	SES183	-2.53889	-44.1799	-41.641
BLOCK06/SES067/SA067S25	SES202	-0.108093	-41.7491	-41.641
BLOCK06/SES067/SA067S29	SES085	-0.843533	-42.7594	-41.9159
BLOCK06/SES067/SA067S29	SES177	-1.58496	-43.5009	-41.9159
BLOCK06/SES067/SA067S29	SES183	-2.10091	-44.0168	-41.9159
BLOCK06/SES067/SA067S29	SES202	0.22311	-41.6928	-41.9159
BLOCK06/SES069/SA069S12	SES029	-1.80859	-42.8356	-41.027
BLOCK06/SES069/SA069S12	SES082	-0.75322	-41.7802	-41.027
BLOCK06/SES069/SA069S12	SES087	-2.02623	-43.0532	-41.027
BLOCK06/SES069/SA069S12	SES206	-1.68133	-42.7083	-41.027
BLOCK06/SES069/SA069S13	SES029	-2.53029	-43.3315	-40.8012
BLOCK06/SES069/SA069S13	SES087	-2.21447	-43.0156	-40.8012
BLOCK06/SES069/SA069S13	SES206	-2.20937	-43.0105	-40.8012
BLOCK06/SES069/SA069S13	SES226	-1.54961	-42.3508	-40.8012
BLOCK06/SES069/SA069S23	SES029	-1.17002	-41.0576	-39.8876
BLOCK06/SES069/SA069S23	SES087	-3.45798	-43.3456	-39.8876
BLOCK06/SES069/SA069S23	SES206	-2.52976	-42.4174	-39.8876
BLOCK06/SES069/SA069S23	SES226	-1.05994	-40.9476	-39.8876
BLOCK06/SES069/SA069S25	SES087	-1.61648	-41.6034	-39.9869
BLOCK06/SES069/SA069S25	SES206	-2.20383	-42.1907	-39.9869
BLOCK06/SES069/SA069S25	SES226	-1.49502	-41.4819	-39.9869
BLOCK06/SES069/SA069S25	SES270	-0.933983	-40.9209	-39.9869
BLOCK06/SES069/SA069S27	SES087	-2.00023	-42.4975	-40.4973
BLOCK06/SES069/SA069S27	SES206	-1.16822	-41.6655	-40.4973
BLOCK06/SES069/SA069S27	SES226	-0.582088	-41.0794	-40.4973
BLOCK06/SES069/SA069S27	SES270	-0.781155	-41.2785	-40.4973
BLOCK08/SES081/SA081S11	SES060	-1.48168	-42.7127	-41.231
BLOCK08/SES081/SA081S11	SES062	-2.75492	-43.986	-41.231
BLOCK08/SES081/SA081S11	SES117	-2.59416	-43.8252	-41.231
BLOCK08/SES081/SA081S11	SES162	-1.88927	-43.1203	-41.231
BLOCK08/SES081/SA081S13	SES016	-1.14766	-41.6915	-40.5439
BLOCK08/SES081/SA081S13	SES060	-0.799438	-41.3433	-40.5439
BLOCK08/SES081/SA081S13	SES068	-0.807652	-41.3515	-40.5439
BLOCK08/SES081/SA081S13	SES129	-1.94926	-42.4931	-40.5439
BLOCK08/SES081/SA081S24	SES060	-1.23825	-42.1715	-40.9333
BLOCK08/SES081/SA081S24	SES068	-1.23854	-42.1718	-40.9333
BLOCK08/SES081/SA081S24	SES117	-2.29467	-43.2279	-40.9333
BLOCK08/SES081/SA081S24	SES275	-2.41458	-43.3479	-40.9333
BLOCK08/SES081/SA081S27	SES007	-1.92311	-42.9178	-40.9947
BLOCK08/SES081/SA081S27	SES060	-2.21918	-43.2139	-40.9947
BLOCK08/SES081/SA081S27	SES117	-1.43334	-42.428	-40.9947
BLOCK08/SES081/SA081S27	SES275	-1.80305	-42.7977	-40.9947
BLOCK08/SES081/SA081S29	SES007	-1.41349	-42.2626	-40.8491
BLOCK08/SES081/SA081S29	SES060	-1.17017	-42.0193	-40.8491
BLOCK08/SES081/SA081S29	SES117	-2.06569	-42.9148	-40.8491
BLOCK08/SES081/SA081S29	SES275	-2.12347	-42.9726	-40.8491
BLOCK08/SES086/SA086S11	SES029	-4.64209	-47.2653	-42.6232
BLOCK08/SES086/SA086S11	SES082	-1.64251	-44.2657	-42.6232
BLOCK08/SES086/SA086S11	SES087	-0.266903	-42.8901	-42.6232
BLOCK08/SES086/SA086S11	SES206	-1.75536	-44.3786	-42.6232
BLOCK08/SES086/SA086S12	SES029	-4.36206	-46.359	-41.997
BLOCK08/SES086/SA086S12	SES082	-1.34628	-43.3432	-41.997
BLOCK08/SES086/SA086S12	SES087	0.324215	-41.6727	-41.997
BLOCK08/SES086/SA086S12	SES206	-1.35467	-43.3516	-41.997
BLOCK08/SES086/SA086S20	SES029	-3.92575	-44.8645	-40.9388
BLOCK08/SES086/SA086S20	SES082	-1.53188	-42.4707	-40.9388
BLOCK08/SES086/SA086S20	SES087	0.725082	-40.2137	-40.9388
BLOCK08/SES086/SA086S20	SES206	-0.209229	-41.148	-40.9388
BLOCK08/SES086/SA086S24	SES087	0.106003	-41.8375	-41.9435
BLOCK08/SES086/SA086S24	SES104	-1.20992	-43.1534	-41.9435
BLOCK08/SES086/SA086S24	SES120	-3.7313	-45.6748	-41.9435
BLOCK08/SES086/SA086S24	SES206	-0.223244	-42.1668	-41.9435
BLOCK08/SES086/SA086S28	SES029	-3.16039	-44.0392	-40.8788
BLOCK08/SES086/SA086S28	SES082	-1.33879	-42.2176	-40.8788
BLOCK08/SES086/SA086S28	SES087	-0.222889	-41.1017	-40.8788
BLOCK08/SES086/SA086S28	SES206	-0.729908	-41.6087	-40.8788
BLOCK08/SES089/SA089S13	SES087	-2.19979	-43.6824	-41.4826
BLOCK08/SES089/SA089S13	SES206	-2.8945	-44.3771	-41.4826
BLOCK08/SES089/SA089S13	SES226	-1.18663	-42.6692	-41.4826
BLOCK08/SES089/SA089S13	SES270	-2.63462	-44.1172	-41.4826
BLOCK08/SES089/SA089S14	SES062	-1.39838	-42.5358	-41.1374
BLOCK08/SES089/SA089S14	SES087	-0.563393	-41.7008	-41.1374
BLOCK08/SES089/SA089S14	SES206	-0.727077	-41.8645	-41.1374
BLOCK08/SES089/SA089S14	SES226	-0.163952	-41.3014	-41.1374
BLOCK08/SES089/SA089S23	SES087	-2.48688	-44.6749	-42.188
BLOCK08/SES089/SA089S23	SES206	-2.55568	-44.7437	-42.188
BLOCK08/SES089/SA089S23	SES226	-1.59712	-43.7851	-42.188
BLOCK08/SES089/SA089S23	SES270	-2.60193	-44.7899	-42.188
BLOCK08/SES089/SA089S25	SES062	-2.11669	-43.2248	-41.1081
BLOCK08/SES089/SA089S25	SES087	-1.1505	-42.2586	-41.1081
BLOCK08/SES089/SA089S25	SES206	-2.20527	-43.3133	-41.1081
BLOCK08/SES089/SA089S25	SES226	-0.333195	-41.4413	-41.1081
BLOCK08/SES089/SA089S28	SES062	-1.5192	-42.5006	-40.9814
BLOCK08/SES089/SA089S28	SES087	-1.4434	-42.4248	-40.9814
BLOCK08/SES089/SA089S28	SES206	-1.11644	-42.0978	-40.9814
BLOCK08/SES089/SA089S28	SES226	-0.171684	-41.153	-40.9814
BLOCK09/SES097/SA097S11	SES099	0.0856323	-41.4534	-41.5391
BLOCK09/SES097/SA097S11	SES125	-2.00461	-43.5437	-41.5391
BLOCK09/SES097/SA097S11	SES206	-1.23451	-42.7736	-41.5391
BLOCK09/SES097/SA097S11	SES226	-0.437309	-41.9764	-41.5391
BLOCK09/SES097/SA097S14	SES062	-3.34954	-44.7744	-41.4249
BLOCK09/SES097/SA097S14	SES099	-0.576405	-42.0013	-41.4249
BLOCK09/SES097/SA097S14	SES104	-1.15297	-42.5778	-41.4249
BLOCK09/SES097/SA097S14	SES206	-1.63159	-43.0565	-41.4249
BLOCK09/SES097/SA097S22	SES099	0.104172	-41.7164	-41.8206
BLOCK09/SES097/SA097S22	SES206	-0.83025	-42.6508	-41.8206
BLOCK09/SES097/SA097S22	SES226	-1.02283	-42.8434	-41.8206
BLOCK09/SES097/SA097S22	SES270	0.170734	-41.6498	-41.8206
BLOCK09/SES097/SA097S26	SES099	-0.339054	-41.4092	-41.0702
BLOCK09/SES097/SA097S26	SES120	-3.59003	-44.6602	-41.0702
BLOCK09/SES097/SA097S26	SES206	-1.13592	-42.2061	-41.0702
BLOCK09/SES097/SA097S26	SES226	-0.702827	-41.773	-41.0702
BLOCK09/SES097/SA097S28	SES099	-1.04237	-42.5342	-41.4919
BLOCK09/SES097/SA097S28	SES120	-2.66852	-44.1604	-41.4919
BLOCK09/SES097/SA097S28	SES206	-2.12517	-43.617	-41.4919
BLOCK09/SES097/SA097S28	SES226	-1.69257	-43.1844	-41.4919
BLOCK09/SES098/SA098S11	SES127	-2.52626	-45.0402	-42.5139
BLOCK09/SES098/SA098S11	SES144	-1.59625	-44.1102	-42.5139
BLOCK09/SES098/SA098S11	SES147	-1.34658	-43.8605	-42.5139
BLOCK09/SES098/SA098S11	SES148	-3.40266	-45.9166	-42.5139
BLOCK09/SES098/SA098S12	SES127	-4.25838	-48.0728	-43.8144
BLOCK09/SES098/SA098S12	SES144	-2.02582	-45.8402	-43.8144
BLOCK09/SES098/SA098S12	SES147	-2.30022	-46.1146	-43.8144
BLOCK09/SES098/SA098S12	SES189	-1.03537	-44.8498	-43.8144
BLOCK09/SES098/SA098S20	SES127	-2.78553	-45.9508	-43.1653
BLOCK09/SES098/SA098S20	SES147	-1.75211	-44.9174	-43.1653
BLOCK09/SES098/SA098S20	SES148	-3.82063	-46.9859	-43.1653
BLOCK09/SES098/SA098S20	SES292	-2.71037	-45.8757	-43.1653
BLOCK09/SES098/SA098S23	SES127	-1.88467	-44.2746	-42.3899
BLOCK09/SES098/SA098S23	SES147	-1.1923	-43.5822	-42.3899
BLOCK09/SES098/SA098S23	SES187	-1.15033	-43.5403	-42.3899
BLOCK09/SES098/SA098S23	SES292	-2.16048	-44.5504	-42.3899
BLOCK09/SES098/SA098S27	SES127	-3.09574	-45.7599	-42.6642
BLOCK09/SES098/SA098S27	SES147	-2.18561	-44.8498	-42.6642
BLOCK09/SES098/SA098S27	SES148	-4.00985	-46.674	-42.6642
BLOCK09/SES098/SA098S27	SES292	-2.435	-45.0992	-42.6642
BLOCK10/SES102/SA102S13	SES101	-1.0905	-43.7827	-42.6922
BLOCK10/SES102/SA102S13	SES105	-1.86319	-44.5553	-42.6922
BLOCK10/SES102/SA102S13	SES120	-0.884048	-43.5762	-42.6922
BLOCK10/SES102/SA102S13	SES158	-5.67728	-48.3694	-42.6922
BLOCK10/SES102/SA102S14	SES007	-0.502865	-41.3539	-40.8511
BLOCK10/SES102/SA102S14	SES101	-0.481724	-41.3328	-40.8511
BLOCK10/SES102/SA102S14	SES105	-0.66618	-41.5173	-40.8511
BLOCK10/SES102/SA102S14	SES147	-3.96688	-44.818	-40.8511
BLOCK10/SES102/SA102S22	SES007	-0.890839	-41.844	-40.9532
BLOCK10/SES102/SA102S22	SES101	-0.241531	-41.1947	-40.9532
BLOCK10/SES102/SA102S22	SES105	-0.59737	-41.5506	-40.9532
BLOCK10/SES102/SA102S22	SES158	-3.48976	-44.4429	-40.9532
BLOCK10/SES102/SA102S25	SES007	-0.948227	-42.202	-41.2538
BLOCK10/SES102/SA102S25	SES101	-0.445415	-41.6992	-41.2538
BLOCK10/SES102/SA102S25	SES105	-0.847069	-42.1008	-41.2538
BLOCK10/SES102/SA102S25	SES147	-4.79872	-46.0525	-41.2538
BLOCK10/SES102/SA102S27	SES007	-1.47226	-43.063	-41.5907
BLOCK10/SES102/SA102S27	SES101	-0.820976	-42.4117	-41.5907
BLOCK10/SES102/SA102S27	SES105	-1.15209	-42.7428	-41.5907
BLOCK10/SES102/SA102S27	SES147	-3.57696	-45.1677	-41.5907
BLOCK10/SES103/SA103S14	SES105	-2.51452	-45.0416	-42.527
BLOCK10/SES103/SA103S14	SES106	-0.723602	-43.2506	-42.527
BLOCK10/SES103/SA103S14	SES120	-3.56117	-46.0882	-42.527
BLOCK10/SES103/SA103S14	SES206	-1.29268	-43.8197	-42.527
BLOCK10/SES103/SA103S15	SES099	-0.382854	-43.253	-42.8702
BLOCK10/SES103/SA103S15	SES101	-3.37664	-46.2468	-42.8702
BLOCK10/SES103/SA103S15	SES104	-0.916096	-43.7863	-42.8702
BLOCK10/SES103/SA103S15	SES125	-0.812656	-43.6828	-42.8702
BLOCK10/SES103/SA103S24	SES104	-1.38832	-43.4171	-42.0288
BLOCK10/SES103/SA103S24	SES125	-1.47972	-43.5085	-42.0288
BLOCK10/SES103/SA103S24	SES148	-2.48686	-44.5156	-42.0288
BLOCK10/SES103/SA103S24	SES158	-0.585785	-42.6146	-42.0288
BLOCK10/SES103/SA103S26	SES104	-1.50648	-43.8275	-42.321
BLOCK10/SES103/SA103S26	SES106	-0.813366	-43.1344	-42.321
BLOCK10/SES103/SA103S26	SES125	-1.35055	-43.6715	-42.321
BLOCK10/SES103/SA103S26	SES148	-2.78762	-45.1086	-42.321
BLOCK10/SES103/SA103S28	SES104	-2.32978	-44.4085	-42.0787
BLOCK10/SES103/SA103S28	SES106	-1.71621	-43.795	-42.0787
BLOCK10/SES103/SA103S28	SES125	-2.45278	-44.5315	-42.0787
BLOCK10/SES103/SA103S28	SES206	-2.31785	-44.3966	-42.0787
BLOCK12/SES121/SA121S12	SES042	-1.92129	-45.4517	-43.5304
BLOCK12/SES121/SA121S12	SES087	-1.23892	-44.7693	-43.5304
BLOCK12/SES121/SA121S12	SES105	-1.34587	-44.8763	-43.5304
BLOCK12/SES121/SA121S12	SES206	-1.46875	-44.9992	-43.5304
BLOCK12/SES121/SA121S14	SES007	-3.10164	-47.1525	-44.0508
BLOCK12/SES121/SA121S14	SES105	-2.27673	-46.3276	-44.0508
BLOCK12/SES121/SA121S14	SES106	-1.10576	-45.1566	-44.0508
BLOCK12/SES121/SA121S14	SES206	-1.54641	-45.5972	-44.0508
BLOCK12/SES121/SA121S23	SES105	-2.42852	-46.3093	-43.8808
BLOCK12/SES121/SA121S23	SES106	-1.25082	-45.1316	-43.8808
BLOCK12/SES121/SA121S23	SES120	-3.31337	-47.1942	-43.8808
BLOCK12/SES121/SA121S23	SES206	-1.17086	-45.0517	-43.8808
BLOCK12/SES121/SA121S25	SES007	-2.78515	-47.6415	-44.8563
BLOCK12/SES121/SA121S25	SES105	-2.89676	-47.7531	-44.8563
BLOCK12/SES121/SA121S25	SES106	-1.13489	-45.9912	-44.8563
BLOCK12/SES121/SA121S25	SES206	-1.74426	-46.6006	-44.8563
BLOCK12/SES121/SA121S27	SES087	-0.257866	-43.8071	-43.5492
BLOCK12/SES121/SA121S27	SES105	-3.3255	-46.8747	-43.5492
BLOCK12/SES121/SA121S27	SES120	-2.70413	-46.2533	-43.5492
BLOCK12/SES121/SA121S27	SES206	-1.05293	-44.6021	-43.5492
BLOCK12/SES124/SA124S16	SES042	-0.585979	-41.7286	-41.1427
BLOCK12/SES124/SA124S16	SES082	-0.59227	-41.7349	-41.1427
BLOCK12/SES124/SA124S16	SES183	-4.00758	-45.1502	-41.1427
BLOCK12/SES124/SA124S16	SES206	-0.449776	-41.5924	-41.1427
BLOCK12/SES124/SA124S17	SES105	-2.6553	-44.9579	-42.3026
BLOCK12/SES124/SA124S17	SES149	-2.22949	-44.5321	-42.3026
BLOCK12/SES124/SA124S17	SES158	-2.35752	-44.6601	-42.3026
BLOCK12/SES124/SA124S17	SES275	-3.99683	-46.2994	-42.3026
BLOCK12/SES124/SA124S23	SES105	-3.06451	-42.8916	-39.8271
BLOCK12/SES124/SA124S23	SES125	0.379707	-39.4474	-39.8271
BLOCK12/SES124/SA124S23	SES129	-3.54423	-43.3713	-39.8271
BLOCK12/SES124/SA124S23	SES158	-0.713505	-40.5406	-39.8271
BLOCK12/SES124/SA124S26	SES105	-3.4205	-44.1517	-40.7312
BLOCK12/SES124/SA124S26	SES125	0.567402	-40.1638	-40.7312
BLOCK12/SES124/SA124S26	SES129	-3.99963	-44.7308	-40.7312
BLOCK12/SES124/SA124S26	SES158	-1.49302	-42.2242	-40.7312
BLOCK12/SES124/SA124S28	SES104	-0.571365	-41.0606	-40.4893
BLOCK12/SES124/SA124S28	SES106	-0.404003	-40.8933	-40.4893
BLOCK12/SES124/SA124S28	SES125	-0.265373	-40.7547	-40.4893
BLOCK12/SES124/SA124S28	SES275	-4.57736	-45.0666	-40.4893
BLOCK12/SES126/SA126S13	SES007	-3.2092	-46.4228	-43.2136
BLOCK12/SES126/SA126S13	SES162	-1.54118	-44.7548	-43.2136
BLOCK12/SES126/SA126S13	SES177	-1.19535	-44.409	-43.2136
BLOCK12/SES126/SA126S13	SES180	-1.7049	-44.9185	-43.2136
BLOCK12/SES126/SA126S14	SES144	-1.09251	-42.4735	-41.381
BLOCK12/SES126/SA126S14	SES148	-2.46435	-43.8454	-41.381
BLOCK12/SES126/SA126S14	SES177	-1.04995	-42.431	-41.381
BLOCK12/SES126/SA126S14	SES180	-1.52221	-42.9032	-41.381
BLOCK12/SES126/SA126S20	SES007	-2.43811	-44.1572	-41.7191
BLOCK12/SES126/SA126S20	SES162	-1.76191	-43.481	-41.7191
BLOCK12/SES126/SA126S20	SES172	-3.80897	-45.528	-41.7191
BLOCK12/SES126/SA126S20	SES180	-2.53589	-44.2549	-41.7191
BLOCK12/SES126/SA126S24	SES120	-1.26055	-42.7184	-41.4578
BLOCK12/SES126/SA126S24	SES162	-1.34719	-42.805	-41.4578
BLOCK12/SES126/SA126S24	SES177	-1.03593	-42.4937	-41.4578
BLOCK12/SES126/SA126S24	SES180	-0.818378	-42.2762	-41.4578
BLOCK12/SES126/SA126S26	SES120	-1.41682	-43.1992	-41.7824
BLOCK12/SES126/SA126S26	SES177	-1.13391	-42.9163	-41.7824
BLOCK12/SES126/SA126S26	SES180	-0.97525	-42.7577	-41.7824
BLOCK12/SES126/SA126S26	SES202	-2.72436	-44.5068	-41.7824
BLOCK12/SES128/SA128S10	SES087	-2.34903	-43.8021	-41.453
BLOCK12/SES128/SA128S10	SES206	-1.90847	-43.3615	-41.453
BLOCK12/SES128/SA128S10	SES226	-1.11347	-42.5665	-41.453
BLOCK12/SES128/SA128S10	SES270	-0.847172	-42.3002	-41.453
BLOCK12/SES128/SA128S12	SES120	-2.29328	-43.8269	-41.5336
BLOCK12/SES128/SA128S12	SES158	-1.30315	-42.8368	-41.5336
BLOCK12/SES128/SA128S12	SES206	-1.52165	-43.0553	-41.5336
BLOCK12/SES128/SA128S12	SES226	-1.50517	-43.0388	-41.5336
BLOCK12/SES128/SA128S21	SES106	-3.06584	-45.8717	-42.8058
BLOCK12/SES128/SA128S21	SES120	-1.39951	-44.2053	-42.8058
BLOCK12/SES128/SA128S21	SES206	-2.96963	-45.7754	-42.8058
BLOCK12/SES128/SA128S21	SES226	-1.95227	-44.7581	-42.8058
BLOCK12/SES128/SA128S24	SES087	-2.92247	-45.2081	-42.2856
BLOCK12/SES128/SA128S24	SES120	-1.09706	-43.3827	-42.2856
BLOCK12/SES128/SA128S24	SES206	-2.91491	-45.2005	-42.2856
BLOCK12/SES128/SA128S24	SES226	-1.48523	-43.7708	-42.2856
BLOCK12/SES128/SA128S27	SES099	-1.49993	-42.9782	-41.4783
BLOCK12/SES128/SA128S27	SES120	-1.58301	-43.0613	-41.4783
BLOCK12/SES128/SA128S27	SES206	-1.84845	-43.3267	-41.4783
BLOCK12/SES128/SA128S27	SES226	-0.605297	-42.0836	-41.4783
BLOCK13/SES130/SA130S13	SES143	-2.58385	-45.8385	-43.2547
BLOCK13/SES130/SA130S13	SES144	-0.502319	-43.757	-43.2547
BLOCK13/SES130/SA130S13	SES146	-1.6963	-44.951	-43.2547
BLOCK13/SES130/SA130S13	SES275	-3.57161	-46.8263	-43.2547
BLOCK13/SES130/SA130S15	SES143	-2.35703	-44.5038	-42.1468
BLOCK13/SES130/SA130S15	SES144	-0.765854	-42.9127	-42.1468
BLOCK13/SES130/SA130S15	SES146	-0.816132	-42.9629	-42.1468
BLOCK13/SES130/SA130S15	SES275	-1.60477	-43.7516	-42.1468
BLOCK13/SES130/SA130S23	SES127	-2.87313	-46.5085	-43.6354
BLOCK13/SES130/SA130S23	SES144	-1.46722	-45.1026	-43.6354
BLOCK13/SES130/SA130S23	SES146	-1.15849	-44.7939	-43.6354
BLOCK13/SES130/SA130S23	SES162	-1.35176	-44.9872	-43.6354
BLOCK13/SES130/SA130S25	SES127	-2.24739	-43.9446	-41.6972
BLOCK13/SES130/SA130S25	SES144	-0.962097	-42.6593	-41.6972
BLOCK13/SES130/SA130S25	SES146	-0.923309	-42.6205	-41.6972
BLOCK13/SES130/SA130S25	SES275	-1.3349	-43.0321	-41.6972
BLOCK13/SES130/SA130S28	SES127	-1.29288	-43.1081	-41.8152
BLOCK13/SES130/SA130S28	SES144	-0.858692	-42.6739	-41.8152
BLOCK13/SES130/SA130S28	SES146	-0.858841	-42.6741	-41.8152
BLOCK13/SES130/SA130S28	SES275	-0.429878	-42.2451	-41.8152
BLOCK13/SES131/SA131S13	SES002	-2.57638	-46.1555	-43.5791
BLOCK13/SES131/SA131S13	SES007	-4.06549	-47.6446	-43.5791
BLOCK13/SES131/SA131S13	SES099	-1.71214	-45.2913	-43.5791
BLOCK13/SES131/SA131S13	SES105	-2.67908	-46.2582	-43.5791
BLOCK13/SES131/SA131S14	SES104	-1.01117	-42.83	-41.8188
BLOCK13/SES131/SA131S14	SES106	-0.469837	-42.2887	-41.8188
BLOCK13/SES131/SA131S14	SES125	-1.61145	-43.4303	-41.8188
BLOCK13/SES131/SA131S14	SES148	-2.63598	-44.4548	-41.8188
BLOCK13/SES131/SA131S20	SES104	-1.26839	-44.0918	-42.8234
BLOCK13/SES131/SA131S20	SES106	-0.518398	-43.3418	-42.8234
BLOCK13/SES131/SA131S20	SES125	-0.836769	-43.6602	-42.8234
BLOCK13/SES131/SA131S20	SES148	-3.49308	-46.3165	-42.8234
BLOCK13/SES131/SA131S22	SES099	-0.661518	-42.8906	-42.2291
BLOCK13/SES131/SA131S22	SES104	-1.2608	-43.4899	-42.2291
BLOCK13/SES131/SA131S22	SES125	-1.07402	-43.3031	-42.2291
BLOCK13/SES131/SA131S22	SES206	-1.39072	-43.6198	-42.2291
BLOCK13/SES131/SA131S29	SES087	-0.724842	-43.3442	-42.6193
BLOCK13/SES131/SA131S29	SES104	-1.82251	-44.4419	-42.6193
BLOCK13/SES131/SA131S29	SES125	-1.65668	-44.276	-42.6193
BLOCK13/SES131/SA131S29	SES206	-1.21921	-43.8385	-42.6193
BLOCK13/SES132/SA132S11	SES083	-1.84762	-43.0346	-41.187
BLOCK13/SES132/SA132S11	SES120	-0.409798	-41.5968	-41.187
BLOCK13/SES132/SA132S11	SES127	-1.21326	-42.4003	-41.187
BLOCK13/SES132/SA132S11	SES275	-1.42618	-42.6132	-41.187
BLOCK13/SES132/SA132S12	SES083	-1.34677	-42.1966	-40.8498
BLOCK13/SES132/SA132S12	SES143	-1.78247	-42.6323	-40.8498
BLOCK13/SES132/SA132S12	SES144	-0.583553	-41.4334	-40.8498
BLOCK13/SES132/SA132S12	SES148	-1.36216	-42.212	-40.8498
BLOCK13/SES132/SA132S22	SES062	-1.17121	-42.213	-41.0418
BLOCK13/SES132/SA132S22	SES083	-1.1298	-42.1716	-41.0418
BLOCK13/SES132/SA132S22	SES127	-1.19494	-42.2368	-41.0418
BLOCK13/SES132/SA132S22	SES275	-0.912788	-41.9546	-41.0418
BLOCK13/SES132/SA132S24	SES007	-0.999569	-42.0577	-41.0581
BLOCK13/SES132/SA132S24	SES083	-1.95898	-43.0171	-41.0581
BLOCK13/SES132/SA132S24	SES127	-1.95435	-43.0124	-41.0581
BLOCK13/SES132/SA132S24	SES275	-1.67046	-42.7285	-41.0581
BLOCK13/SES132/SA132S27	SES083	-2.15423	-43.8349	-41.6807
BLOCK13/SES132/SA132S27	SES120	-0.414093	-42.0948	-41.6807
BLOCK13/SES132/SA132S27	SES127	-2.10031	-43.781	-41.6807
BLOCK13/SES132/SA132S27	SES275	-1.83619	-43.5169	-41.6807
BLOCK14/SES141/SA141S09	SES143	-1.07622	-42.9181	-41.8418
BLOCK14/SES141/SA141S09	SES144	-1.11939	-42.9612	-41.8418
BLOCK14/SES141/SA141S09	SES162	-0.983677	-42.8255	-41.8418
BLOCK14/SES141/SA141S09	SES180	-1.22022	-43.0621	-41.8418
BLOCK14/SES141/SA141S15	SES127	-1.30186	-42.968	-41.6662
BLOCK14/SES141/SA141S15	SES144	-0.935116	-42.6013	-41.6662
BLOCK14/SES141/SA141S15	SES162	-1.15033	-42.8165	-41.6662
BLOCK14/SES141/SA141S15	SES180	-0.746475	-42.4126	-41.6662
BLOCK14/SES141/SA141S24	SES127	-1.15978	-42.729	-41.5692
BLOCK14/SES141/SA141S24	SES144	-1.47908	-43.0483	-41.5692
BLOCK14/SES141/SA141S24	SES162	-0.479031	-42.0483	-41.5692
BLOCK14/SES141/SA141S24	SES183	-2.89576	-44.465	-41.5692
BLOCK14/SES141/SA141S26	SES142	-2.27414	-44.6115	-42.3374
BLOCK14/SES141/SA141S26	SES144	-1.93558	-44.273	-42.3374
BLOCK14/SES141/SA141S26	SES172	-1.70509	-44.0425	-42.3374
BLOCK14/SES141/SA141S26	SES180	-0.631527	-42.9689	-42.3374
BLOCK14/SES141/SA141S29	SES127	-0.918625	-42.2787	-41.3601
BLOCK14/SES141/SA141S29	SES142	-0.49654	-41.8567	-41.3601
BLOCK14/SES141/SA141S29	SES144	-1.06888	-42.429	-41.3601
BLOCK14/SES141/SA141S29	SES180	-0.455208	-41.8153	-41.3601
BLOCK15/SES157/SA157S08	SES083	-2.39452	-44.7559	-42.3614
BLOCK15/SES157/SA157S08	SES127	-2.4309	-44.7923	-42.3614
BLOCK15/SES157/SA157S08	SES148	-1.08345	-43.4448	-42.3614
BLOCK15/SES157/SA157S08	SES292	-1.84927	-44.2107	-42.3614
BLOCK15/SES157/SA157S11	SES083	-2.59626	-44.5857	-41.9894
BLOCK15/SES157/SA157S11	SES127	-2.5958	-44.5852	-41.9894
BLOCK15/SES157/SA157S11	SES148	-1.37434	-43.3638	-41.9894
BLOCK15/SES157/SA157S11	SES292	-1.56644	-43.5559	-41.9894
BLOCK15/SES157/SA157S21	SES127	-2.19488	-43.8613	-41.6664
BLOCK15/SES157/SA157S21	SES148	-0.727509	-42.3939	-41.6664
BLOCK15/SES157/SA157S21	SES158	-4.30578	-45.9722	-41.6664
BLOCK15/SES157/SA157S21	SES292	-1.67747	-43.3439	-41.6664
BLOCK15/SES157/SA157S24	SES127	-2.14962	-43.6892	-41.5395
BLOCK15/SES157/SA157S24	SES148	-1.07379	-42.6133	-41.5395
BLOCK15/SES157/SA157S24	SES183	-1.8886	-43.4281	-41.5395
BLOCK15/SES157/SA157S24	SES292	-1.61464	-43.1542	-41.5395
BLOCK15/SES157/SA157S26	SES007	-0.812347	-42.1649	-41.3526
BLOCK15/SES157/SA157S26	SES127	-1.13283	-42.4854	-41.3526
BLOCK15/SES157/SA157S26	SES147	-5.0229	-46.3755	-41.3526
BLOCK15/SES157/SA157S26	SES148	-1.00582	-42.3584	-41.3526
BLOCK16/SES161/SA161S10	SES007	-2.1623	-45.3936	-43.2313
BLOCK16/SES161/SA161S10	SES105	-1.38356	-44.6149	-43.2313
BLOCK16/SES161/SA161S10	SES158	-2.17013	-45.4014	-43.2313
BLOCK16/SES161/SA161S10	SES275	-2.1802	-45.4115	-43.2313
BLOCK16/SES161/SA161S12	SES007	-1.59951	-44.2986	-42.699
BLOCK16/SES161/SA161S12	SES105	-1.52056	-44.2196	-42.699
BLOCK16/SES161/SA161S12	SES158	-1.48891	-44.188	-42.699
BLOCK16/SES161/SA161S12	SES275	-1.64726	-44.3463	-42.699
BLOCK16/SES161/SA161S20	SES007	-1.63161	-45.6411	-44.0095
BLOCK16/SES161/SA161S20	SES105	-1.7958	-45.8053	-44.0095
BLOCK16/SES161/SA161S20	SES158	-1.98428	-45.9938	-44.0095
BLOCK16/SES161/SA161S20	SES275	-2.41274	-46.4223	-44.0095
BLOCK16/SES161/SA161S23	SES007	-2.16159	-44.5135	-42.3519
BLOCK16/SES161/SA161S23	SES105	-1.2477	-43.5996	-42.3519
BLOCK16/SES161/SA161S23	SES148	-2.11028	-44.4622	-42.3519
BLOCK16/SES161/SA161S23	SES158	-1.38632	-43.7382	-42.3519
BLOCK16/SES161/SA161S28	SES007	-2.672	-45.6743	-43.0023
BLOCK16/SES161/SA161S28	SES105	-2.2605	-45.2628	-43.0023
BLOCK16/SES161/SA161S28	SES158	-1.12464	-44.127	-43.0023
BLOCK16/SES161/SA161S28	SES206	-2.09245	-45.0948	-43.0023
BLOCK16/SES164/SA164S11	SES104	-1.21268	-42.56	-41.3473
BLOCK16/SES164/SA164S11	SES125	-0.053894	-41.4012	-41.3473
BLOCK16/SES164/SA164S11	SES158	0.0128632	-41.3344	-41.3473
BLOCK16/SES164/SA164S11	SES206	-0.898594	-42.2459	-41.3473
BLOCK16/SES164/SA164S13	SES099	-0.339497	-42.4568	-42.1173
BLOCK16/SES164/SA164S13	SES104	-1.59439	-43.7117	-42.1173
BLOCK16/SES164/SA164S13	SES125	-1.33551	-43.4528	-42.1173
BLOCK16/SES164/SA164S13	SES206	-1.41715	-43.5344	-42.1173
BLOCK16/SES164/SA164S24	SES002	-0.521404	-42.0089	-41.4875
BLOCK16/SES164/SA164S24	SES099	0.165352	-41.3222	-41.4875
BLOCK16/SES164/SA164S24	SES125	-0.956474	-42.444	-41.4875
BLOCK16/SES164/SA164S24	SES226	-0.569061	-42.0566	-41.4875
BLOCK16/SES164/SA164S27	SES087	-1.21311	-43.1963	-41.9832
BLOCK16/SES164/SA164S27	SES125	-0.516266	-42.4995	-41.9832
BLOCK16/SES164/SA164S27	SES206	-1.15977	-43.143	-41.9832
BLOCK16/SES164/SA164S27	SES226	-0.649632	-42.6329	-41.9832
BLOCK16/SES164/SA164S29	SES002	0.0951843	-41.3205	-41.4157
BLOCK16/SES164/SA164S29	SES019	-1.07966	-42.4954	-41.4157
BLOCK16/SES164/SA164S29	SES125	-0.561775	-41.9775	-41.4157
BLOCK16/SES164/SA164S29	SES226	-0.978722	-42.3944	-41.4157
BLOCK16/SES169/SA169S13	SES117	-2.10613	-43.7718	-41.6657
BLOCK16/SES169/SA169S13	SES144	-1.09032	-42.756	-41.6657
BLOCK16/SES169/SA169S13	SES146	-1.78777	-43.4534	-41.6657
BLOCK16/SES169/SA169S13	SES162	-1.73651	-43.4022	-41.6657
BLOCK16/SES169/SA169S14	SES144	-0.908867	-41.3772	-40.4683
BLOCK16/SES169/SA169S14	SES148	-1.01024	-41.4786	-40.4683
BLOCK16/SES169/SA169S14	SES177	-1.0953	-41.5636	-40.4683
BLOCK16/SES169/SA169S14	SES180	-2.85845	-43.3268	-40.4683
BLOCK16/SES169/SA169S24	SES117	-1.48527	-43.8984	-42.4131
BLOCK16/SES169/SA169S24	SES144	-0.762897	-43.176	-42.4131
BLOCK16/SES169/SA169S24	SES146	-1.48552	-43.8986	-42.4131
BLOCK16/SES169/SA169S24	SES162	-1.39754	-43.8107	-42.4131
BLOCK16/SES169/SA169S27	SES127	-1.7112	-43.164	-41.4528
BLOCK16/SES169/SA169S27	SES129	-1.1555	-42.6083	-41.4528
BLOCK16/SES169/SA169S27	SES144	-1.19609	-42.6489	-41.4528
BLOCK16/SES169/SA169S27	SES146	-0.730373	-42.1832	-41.4528
BLOCK16/SES169/SA169S29	SES144	-0.400528	-41.5403	-41.1397
BLOCK16/SES169/SA169S29	SES162	-0.814991	-41.9547	-41.1397
BLOCK16/SES169/SA169S29	SES177	-2.12368	-43.2634	-41.1397
BLOCK16/SES169/SA169S29	SES180	-2.01289	-43.1526	-41.1397
BLOCK17/SES171/SA171S12	SES083	-1.583	-44.0693	-42.4863
BLOCK17/SES171/SA171S12	SES148	-1.63993	-44.1262	-42.4863
BLOCK17/SES171/SA171S12	SES172	-1.34454	-43.8308	-42.4863
BLOCK17/SES171/SA171S12	SES292	-2.31913	-44.8054	-42.4863
BLOCK17/SES171/SA171S15	SES148	-1.98602	-44.7886	-42.8026
BLOCK17/SES171/SA171S15	SES177	-1.86455	-44.6672	-42.8026
BLOCK17/SES171/SA171S15	SES180	-4.1381	-46.9407	-42.8026
BLOCK17/SES171/SA171S15	SES292	-2.9336	-45.7362	-42.8026
BLOCK17/SES171/SA171S22	SES007	-1.82202	-43.6685	-41.8465
BLOCK17/SES171/SA171S22	SES148	-1.02354	-42.87	-41.8465
BLOCK17/SES171/SA171S22	SES177	-0.326588	-42.1731	-41.8465
BLOCK17/SES171/SA171S22	SES180	-2.09642	-43.9429	-41.8465
BLOCK17/SES171/SA171S25	SES101	-1.9334	-44.6661	-42.7327
BLOCK17/SES171/SA171S25	SES120	-2.50015	-45.2328	-42.7327
BLOCK17/SES171/SA171S25	SES177	-1.25308	-43.9858	-42.7327
BLOCK17/SES171/SA171S25	SES180	-2.93316	-45.6658	-42.7327
BLOCK17/SES171/SA171S27	SES177	-0.756985	-42.8968	-42.1398
BLOCK17/SES171/SA171S27	SES180	-2.15152	-44.2913	-42.1398
BLOCK17/SES171/SA171S27	SES189	-1.00707	-43.1468	-42.1398
BLOCK17/SES171/SA171S27	SES292	-2.42648	-44.5663	-42.1398
BLOCK17/SES173/SA173S13	SES162	-1.79578	-44.7395	-42.9438
BLOCK17/SES173/SA173S13	SES177	-1.90604	-44.8498	-42.9438
BLOCK17/SES173/SA173S13	SES180	-3.08431	-46.0281	-42.9438
BLOCK17/SES173/SA173S13	SES292	-1.84223	-44.786	-42.9438
BLOCK17/SES173/SA173S14	SES007	-4.00504	-47.0484	-43.0434
BLOCK17/SES173/SA173S14	SES162	-1.98295	-45.0264	-43.0434
BLOCK17/SES173/SA173S14	SES177	-1.06712	-44.1105	-43.0434
BLOCK17/SES173/SA173S14	SES180	-3.02396	-46.0674	-43.0434
BLOCK17/SES173/SA173S24	SES144	-1.24906	-45.0002	-43.7511
BLOCK17/SES173/SA173S24	SES162	-2.32859	-46.0797	-43.7511
BLOCK17/SES173/SA173S24	SES177	-1.88084	-45.632	-43.7511
BLOCK17/SES173/SA173S24	SES180	-3.17304	-46.9242	-43.7511
BLOCK17/SES173/SA173S27	SES162	-2.5249	-45.2433	-42.7184
BLOCK17/SES173/SA173S27	SES177	-1.63485	-44.3533	-42.7184
BLOCK17/SES173/SA173S27	SES180	-2.95466	-45.6731	-42.7184
BLOCK17/SES173/SA173S27	SES292	-2.18707	-44.9055	-42.7184
BLOCK17/SES173/SA173S29	SES162	-2.27666	-45.069	-42.7923
BLOCK17/SES173/SA173S29	SES175	-1.38937	-44.1817	-42.7923
BLOCK17/SES173/SA173S29	SES177	-1.70242	-44.4948	-42.7923
BLOCK17/SES173/SA173S29	SES292	-2.85952	-45.6519	-42.7923
BLOCK18/SES182/SA182S10	SES144	-1.20802	-43.0802	-41.8722
BLOCK18/SES182/SA182S10	SES177	-1.38295	-43.2551	-41.8722
BLOCK18/SES182/SA182S10	SES180	-2.1745	-44.0467	-41.8722
BLOCK18/SES182/SA182S10	SES275	-0.75565	-42.6278	-41.8722
BLOCK18/SES182/SA182S12	SES144	-0.667923	-42.0739	-41.406
BLOCK18/SES182/SA182S12	SES177	-1.3358	-42.7418	-41.406
BLOCK18/SES182/SA182S12	SES180	-1.94613	-43.3521	-41.406
BLOCK18/SES182/SA182S12	SES275	-1.318	-42.724	-41.406
BLOCK18/SES182/SA182S21	SES117	-1.3424	-43.735	-42.3926
BLOCK18/SES182/SA182S21	SES144	-1.19987	-43.5925	-42.3926
BLOCK18/SES182/SA182S21	SES162	-0.463097	-42.8557	-42.3926
BLOCK18/SES182/SA182S21	SES180	-1.74591	-44.1385	-42.3926
BLOCK18/SES182/SA182S23	SES117	-1.46483	-43.8547	-42.3898
BLOCK18/SES182/SA182S23	SES144	-1.3443	-43.7341	-42.3898
BLOCK18/SES182/SA182S23	SES180	-1.89452	-44.2844	-42.3898
BLOCK18/SES182/SA182S23	SES275	-0.922894	-43.3127	-42.3898
BLOCK18/SES182/SA182S25	SES007	-1.03674	-43.2956	-42.2589
BLOCK18/SES182/SA182S25	SES162	-0.377949	-42.6368	-42.2589
BLOCK18/SES182/SA182S25	SES177	-0.749462	-43.0084	-42.2589
BLOCK18/SES182/SA182S25	SES180	-1.25687	-43.5158	-42.2589
BLOCK18/SES184/SA184S12	SES177	-1.0719	-43.3719	-42.3
BLOCK18/SES184/SA184S12	SES180	-1.56858	-43.8686	-42.3
BLOCK18/SES184/SA184S12	SES189	-2.17143	-44.4714	-42.3
BLOCK18/SES184/SA184S12	SES292	-2.51019	-44.8102	-42.3
BLOCK18/SES184/SA184S13	SES101	-2.21168	-44.0677	-41.856
BLOCK18/SES184/SA184S13	SES177	-1.58361	-43.4396	-41.856
BLOCK18/SES184/SA184S13	SES180	-1.6376	-43.4936	-41.856
BLOCK18/SES184/SA184S13	SES292	-1.68538	-43.5414	-41.856
BLOCK18/SES184/SA184S22	SES177	-1.37734	-42.6188	-41.2414
BLOCK18/SES184/SA184S22	SES180	-1.23737	-42.4788	-41.2414
BLOCK18/SES184/SA184S22	SES189	-3.41496	-44.6564	-41.2414
BLOCK18/SES184/SA184S22	SES292	-1.91955	-43.161	-41.2414
BLOCK18/SES184/SA184S25	SES101	-1.43217	-42.1357	-40.7035
BLOCK18/SES184/SA184S25	SES177	-1.4658	-42.1693	-40.7035
BLOCK18/SES184/SA184S25	SES180	-1.67403	-42.3776	-40.7035
BLOCK18/SES184/SA184S25	SES292	-1.48272	-42.1863	-40.7035
BLOCK18/SES184/SA184S27	SES083	-1.90346	-43.2035	-41.3
BLOCK18/SES184/SA184S27	SES177	-1.20736	-42.5074	-41.3
BLOCK18/SES184/SA184S27	SES202	-2.90306	-44.2031	-41.3
BLOCK18/SES184/SA184S27	SES292	-1.4709	-42.7709	-41.3
BLOCK20/SES204/SA204S12	SES062	-2.3861	-43.3532	-40.9671
BLOCK20/SES204/SA204S12	SES083	-2.17191	-43.139	-40.9671
BLOCK20/SES204/SA204S12	SES206	-1.32254	-42.2897	-40.9671
BLOCK20/SES204/SA204S12	SES226	-1.64846	-42.6156	-40.9671
BLOCK20/SES204/SA204S14	SES068	-2.59445	-43.0049	-40.4105
BLOCK20/SES204/SA204S14	SES087	-1.07284	-41.4833	-40.4105
BLOCK20/SES204/SA204S14	SES206	-2.26757	-42.678	-40.4105
BLOCK20/SES204/SA204S14	SES226	-1.62591	-42.0364	-40.4105
BLOCK20/SES204/SA204S22	SES068	-3.69401	-44.7535	-41.0595
BLOCK20/SES204/SA204S22	SES082	-3.05559	-44.115	-41.0595
BLOCK20/SES204/SA204S22	SES083	-3.34232	-44.4018	-41.0595
BLOCK20/SES204/SA204S22	SES206	-2.2102	-43.2696	-41.0595
BLOCK20/SES204/SA204S25	SES062	-3.37099	-44.5843	-41.2133
BLOCK20/SES204/SA204S25	SES083	-3.1862	-44.3995	-41.2133
BLOCK20/SES204/SA204S25	SES206	-1.32737	-42.5406	-41.2133
BLOCK20/SES204/SA204S25	SES226	-1.45926	-42.6725	-41.2133
BLOCK20/SES204/SA204S27	SES068	-3.92251	-45.4157	-41.4932
BLOCK20/SES204/SA204S27	SES082	-2.14168	-43.6348	-41.4932
BLOCK20/SES204/SA204S27	SES087	-0.964996	-42.4582	-41.4932
BLOCK20/SES204/SA204S27	SES206	-1.24508	-42.7382	-41.4932
BLOCK20/SES207/SA207S10	SES127	-1.57833	-43.4917	-41.9134
BLOCK20/SES207/SA207S10	SES183	-2.5182	-44.4316	-41.9134
BLOCK20/SES207/SA207S10	SES189	-1.55986	-43.4733	-41.9134
BLOCK20/SES207/SA207S10	SES292	-1.60667	-43.5201	-41.9134
BLOCK20/SES207/SA207S11	SES127	-3.05627	-44.9952	-41.9389
BLOCK20/SES207/SA207S11	SES183	-2.23642	-44.1754	-41.9389
BLOCK20/SES207/SA207S11	SES187	-1.59593	-43.5349	-41.9389
BLOCK20/SES207/SA207S11	SES292	-1.35999	-43.2989	-41.9389
BLOCK20/SES207/SA207S25	SES068	-1.67303	-43.6223	-41.9493
BLOCK20/SES207/SA207S25	SES083	-2.55876	-44.508	-41.9493
BLOCK20/SES207/SA207S25	SES127	-1.34518	-43.2945	-41.9493
BLOCK20/SES207/SA207S25	SES187	-0.739662	-42.6889	-41.9493
BLOCK20/SES207/SA207S27	SES127	-2.03473	-44.5003	-42.4655
BLOCK20/SES207/SA207S27	SES183	-1.41154	-43.8771	-42.4655
BLOCK20/SES207/SA207S27	SES187	-1.49412	-43.9597	-42.4655
BLOCK20/SES207/SA207S27	SES292	-1.84406	-44.3096	-42.4655
BLOCK20/SES207/SA207S29	SES083	-1.79356	-43.4728	-41.6792
BLOCK20/SES207/SA207S29	SES085	-1.14217	-42.8214	-41.6792
BLOCK20/SES207/SA207S29	SES172	-1.86184	-43.5411	-41.6792
BLOCK20/SES207/SA207S29	SES189	-2.46363	-44.1429	-41.6792
BLOCK22/SES221/SA221S12	SES068	-2.51054	-43.8181	-41.3076
BLOCK22/SES221/SA221S12	SES143	-2.15475	-43.4623	-41.3076
BLOCK22/SES221/SA221S12	SES175	-1.13935	-42.4469	-41.3076
BLOCK22/SES221/SA221S12	SES202	-1.01879	-42.3263	-41.3076
BLOCK22/SES221/SA221S15	SES085	-2.6708	-45.1943	-42.5235
BLOCK22/SES221/SA221S15	SES143	-3.43968	-45.9631	-42.5235
BLOCK22/SES221/SA221S15	SES175	-1.30436	-43.8278	-42.5235
BLOCK22/SES221/SA221S15	SES187	-1.22903	-43.7525	-42.5235
BLOCK22/SES221/SA221S23	SES068	-2.31035	-43.9102	-41.5999
BLOCK22/SES221/SA221S23	SES143	-2.25104	-43.8509	-41.5999
BLOCK22/SES221/SA221S23	SES175	-0.798344	-42.3982	-41.5999
BLOCK22/SES221/SA221S23	SES189	-0.27953	-41.8794	-41.5999
BLOCK22/SES221/SA221S27	SES085	-3.12691	-45.1886	-42.0617
BLOCK22/SES221/SA221S27	SES143	-2.16286	-44.2246	-42.0617
BLOCK22/SES221/SA221S27	SES175	-1.0563	-43.118	-42.0617
BLOCK22/SES221/SA221S27	SES189	0.412315	-41.6494	-42.0617
BLOCK22/SES221/SA221S29	SES085	-4.42787	-46.9554	-42.5276
BLOCK22/SES221/SA221S29	SES143	-2.339	-44.8666	-42.5276
BLOCK22/SES221/SA221S29	SES175	-0.716518	-43.2441	-42.5276
BLOCK22/SES221/SA221S29	SES187	-1.5323	-44.0599	-42.5276
BLOCK22/SES223/SA223S11	SES143	-1.45355	-43.9081	-42.4546
BLOCK22/SES223/SA223S11	SES144	-2.72683	-45.1814	-42.4546
BLOCK22/SES223/SA223S11	SES175	-1.64668	-44.1013	-42.4546
BLOCK22/SES223/SA223S11	SES187	-1.62634	-44.0809	-42.4546
BLOCK22/SES223/SA223S13	SES068	-2.80241	-46.1113	-43.3089
BLOCK22/SES223/SA223S13	SES143	-2.45764	-45.7665	-43.3089
BLOCK22/SES223/SA223S13	SES146	-3.51144	-46.8203	-43.3089
BLOCK22/SES223/SA223S13	SES202	-1.64417	-44.9531	-43.3089
BLOCK22/SES223/SA223S22	SES143	-1.7166	-44.3708	-42.6542
BLOCK22/SES223/SA223S22	SES144	-2.14499	-44.7992	-42.6542
BLOCK22/SES223/SA223S22	SES175	-0.994324	-43.6485	-42.6542
BLOCK22/SES223/SA223S22	SES187	-1.23031	-43.8845	-42.6542
BLOCK22/SES223/SA223S25	SES068	-1.92603	-44.4544	-42.5283
BLOCK22/SES223/SA223S25	SES143	-1.68702	-44.2154	-42.5283
BLOCK22/SES223/SA223S25	SES175	-0.811974	-43.3403	-42.5283
BLOCK22/SES223/SA223S25	SES187	-0.823238	-43.3516	-42.5283
BLOCK22/SES223/SA223S27	SES143	-1.64872	-44.2626	-42.6139
BLOCK22/SES223/SA223S27	SES146	-1.8075	-44.4214	-42.6139
BLOCK22/SES223/SA223S27	SES187	-1.01096	-43.6248	-42.6139
BLOCK22/SES223/SA223S27	SES292	-1.41909	-44.033	-42.6139
BLOCK27/SES273/SA273S12	SES099	0.21796	-40.02	-40.238
BLOCK27/SES273/SA273S12	SES104	-0.436848	-40.6748	-40.238
BLOCK27/SES273/SA273S12	SES125	-1.14813	-41.3861	-40.238
BLOCK27/SES273/SA273S12	SES206	0.0724449	-40.1655	-40.238
BLOCK27/SES273/SA273S13	SES099	-0.64143	-40.423	-39.7816
BLOCK27/SES273/SA273S13	SES104	-0.587559	-40.3691	-39.7816
BLOCK27/SES273/SA273S13	SES206	-0.79303	-40.5746	-39.7816
BLOCK27/SES273/SA273S13	SES292	-3.85048	-43.632	-39.7816
BLOCK27/SES273/SA273S21	SES099	0.354073	-40.23	-40.5841
BLOCK27/SES273/SA273S21	SES148	-3.50248	-44.0866	-40.5841
BLOCK27/SES273/SA273S21	SES149	-1.21991	-41.804	-40.5841
BLOCK27/SES273/SA273S21	SES177	-4.57205	-45.1561	-40.5841
BLOCK27/SES273/SA273S25	SES104	-0.612999	-40.7897	-40.1767
BLOCK27/SES273/SA273S25	SES125	-1.24089	-41.4176	-40.1767
BLOCK27/SES273/SA273S25	SES158	-0.334629	-40.5113	-40.1767
BLOCK27/SES273/SA273S25	SES206	0.032814	-40.1439	-40.1767
BLOCK27/SES273/SA273S27	SES099	-0.477684	-40.5084	-40.0307
BLOCK27/SES273/SA273S27	SES104	-1.10296	-41.1336	-40.0307
BLOCK27/SES273/SA273S27	SES149	-1.19719	-41.2279	-40.0307
BLOCK27/SES273/SA273S27	SES275	-2.27151	-42.3022	-40.0307
BLOCK27/SES274/SA274S10	SES105	-1.77853	-42.4705	-40.6919
BLOCK27/SES274/SA274S10	SES125	-0.357311	-41.0492	-40.6919
BLOCK27/SES274/SA274S10	SES129	-0.692986	-41.3849	-40.6919
BLOCK27/SES274/SA274S10	SES158	-1.47319	-42.1651	-40.6919
BLOCK27/SES274/SA274S11	SES105	-1.9782	-42.5729	-40.5947
BLOCK27/SES274/SA274S11	SES149	-1.2062	-41.8009	-40.5947
BLOCK27/SES274/SA274S11	SES158	-1.1548	-41.7495	-40.5947
BLOCK27/SES274/SA274S11	SES275	-2.74354	-43.3382	-40.5947
BLOCK27/SES274/SA274S21	SES105	-2.14494	-43.4681	-41.3231
BLOCK27/SES274/SA274S21	SES129	-0.785328	-42.1085	-41.3231
BLOCK27/SES274/SA274S21	SES149	-0.825306	-42.1484	-41.3231
BLOCK27/SES274/SA274S21	SES158	-1.65783	-42.981	-41.3231
BLOCK27/SES274/SA274S24	SES105	-2.15388	-43.5204	-41.3666
BLOCK27/SES274/SA274S24	SES129	-1.46801	-42.8346	-41.3666
BLOCK27/SES274/SA274S24	SES149	-1.05187	-42.4184	-41.3666
BLOCK27/SES274/SA274S24	SES158	-1.52061	-42.8872	-41.3666
BLOCK27/SES274/SA274S29	SES105	-2.44548	-43.2135	-40.768
BLOCK27/SES274/SA274S29	SES106	-1.56551	-42.3335	-40.768
BLOCK27/SES274/SA274S29	SES120	-2.50632	-43.2743	-40.768
BLOCK27/SES274/SA274S29	SES275	-2.46136	-43.2294	-40.768
BLOCK27/SES276/SA276S16	SES148	-1.11588	-43.3674	-42.2515
BLOCK27/SES276/SA276S16	SES172	-2.1893	-44.4408	-42.2515
BLOCK27/SES276/SA276S16	SES180	-3.34304	-45.5945	-42.2515
BLOCK27/SES276/SA276S16	SES292	-0.51104	-42.7625	-42.2515
BLOCK27/SES276/SA276S17	SES101	-1.77581	-43.7028	-41.927
BLOCK27/SES276/SA276S17	SES177	-1.95941	-43.8864	-41.927
BLOCK27/SES276/SA276S17	SES180	-2.31348	-44.2405	-41.927
BLOCK27/SES276/SA276S17	SES292	-1.54929	-43.4763	-41.927
BLOCK27/SES276/SA276S24	SES101	-1.3563	-42.2852	-40.9289
BLOCK27/SES276/SA276S24	SES177	-1.66892	-42.5978	-40.9289
BLOCK27/SES276/SA276S24	SES180	-2.25702	-43.1859	-40.9289
BLOCK27/SES276/SA276S24	SES292	-1.84732	-42.7762	-40.9289
BLOCK27/SES276/SA276S26	SES101	-2.40704	-43.7467	-41.3397
BLOCK27/SES276/SA276S26	SES177	-1.3815	-42.7212	-41.3397
BLOCK27/SES276/SA276S26	SES180	-1.65745	-42.9971	-41.3397
BLOCK27/SES276/SA276S26	SES292	-1.53293	-42.8726	-41.3397
BLOCK27/SES276/SA276S28	SES101	-1.91686	-43.3819	-41.465
BLOCK27/SES276/SA276S28	SES177	-1.46635	-42.9314	-41.465
BLOCK27/SES276/SA276S28	SES180	-1.56279	-43.0278	-41.465
BLOCK27/SES276/SA276S28	SES292	-1.24915	-42.7142	-41.465
BLOCK27/SES277/SA277S12	SES101	-0.284515	-43.0039	-42.7194
BLOCK27/SES277/SA277S12	SES177	-1.79976	-44.5191	-42.7194
BLOCK27/SES277/SA277S12	SES180	-2.45612	-45.1755	-42.7194
BLOCK27/SES277/SA277S12	SES292	-2.51182	-45.2312	-42.7194
BLOCK27/SES277/SA277S14	SES177	-1.2126	-44.0428	-42.8302
BLOCK27/SES277/SA277S14	SES180	-2.08197	-44.9122	-42.8302
BLOCK27/SES277/SA277S14	SES189	-0.852932	-43.6832	-42.8302
BLOCK27/SES277/SA277S14	SES292	-2.84827	-45.6785	-42.8302
BLOCK27/SES277/SA277S21	SES177	-0.610561	-42.2551	-41.6446
BLOCK27/SES277/SA277S21	SES180	-2.19127	-43.8358	-41.6446
BLOCK27/SES277/SA277S21	SES189	-0.87801	-42.5226	-41.6446
BLOCK27/SES277/SA277S21	SES292	-2.47658	-44.1211	-41.6446
BLOCK27/SES277/SA277S24	SES144	-1.68375	-44.3253	-42.6416
BLOCK27/SES277/SA277S24	SES177	-1.34083	-43.9824	-42.6416
BLOCK27/SES277/SA277S24	SES180	-2.26022	-44.9018	-42.6416
BLOCK27/SES277/SA277S24	SES189	-1.50604	-44.1476	-42.6416
BLOCK27/SES277/SA277S29	SES177	-0.838169	-41.5731	-40.7349
BLOCK27/SES277/SA277S29	SES180	-1.58173	-42.3167	-40.7349
BLOCK27/SES277/SA277S29	SES202	-1.72657	-42.4615	-40.7349
BLOCK27/SES277/SA277S29	SES292	-2.31114	-43.0461	-40.7349
BLOCK27/SES279/SA279S09	SES120	-1.30515	-42.6068	-41.3017
BLOCK27/SES279/SA279S09	SES146	-1.50932	-42.811	-41.3017
BLOCK27/SES279/SA279S09	SES206	-2.79144	-44.0931	-41.3017
BLOCK27/SES279/SA279S09	SES226	-2.35825	-43.66	-41.3017
BLOCK27/SES279/SA279S10	SES099	-2.39029	-43.8441	-41.4539
BLOCK27/SES279/SA279S10	SES206	-2.08892	-43.5428	-41.4539
BLOCK27/SES279/SA279S10	SES226	-1.83842	-43.2923	-41.4539
BLOCK27/SES279/SA279S10	SES292	-1.24466	-42.6985	-41.4539
BLOCK27/SES279/SA279S20	SES099	-3.13193	-44.939	-41.8071
BLOCK27/SES279/SA279S20	SES206	-2.7947	-44.6018	-41.8071
BLOCK27/SES279/SA279S20	SES226	-2.37233	-44.1794	-41.8071
BLOCK27/SES279/SA279S20	SES292	-0.471279	-42.2783	-41.8071
BLOCK27/SES279/SA279S26	SES099	-2.70176	-44.4194	-41.7176
BLOCK27/SES279/SA279S26	SES206	-2.19637	-43.914	-41.7176
BLOCK27/SES279/SA279S26	SES226	-1.59748	-43.3151	-41.7176
BLOCK27/SES279/SA279S26	SES292	-1.58123	-43.2988	-41.7176
BLOCK27/SES279/SA279S28	SES099	-2.84999	-43.0551	-40.2051
BLOCK27/SES279/SA279S28	SES120	-1.51726	-41.7224	-40.2051
BLOCK27/SES279/SA279S28	SES177	-3.28355	-43.4887	-40.2051
BLOCK27/SES279/SA279S28	SES206	-2.65757	-42.8627	-40.2051
BLOCK29/SES290/SA290S12	SES162	-1.63998	-42.455	-40.815
BLOCK29/SES290/SA290S12	SES177	-1.88485	-42.6998	-40.815
BLOCK29/SES290/SA290S12	SES180	-2.99586	-43.8108	-40.815
BLOCK29/SES290/SA290S12	SES292	-2.15282	-42.9678	-40.815
BLOCK29/SES290/SA290S13	SES007	-4.33255	-46.3026	-41.97
BLOCK29/SES290/SA290S13	SES162	-2.67618	-44.6462	-41.97
BLOCK29/SES290/SA290S13	SES177	-1.03549	-43.0055	-41.97
BLOCK29/SES290/SA290S13	SES180	-1.98803	-43.9581	-41.97
BLOCK29/SES290/SA290S22	SES177	-0.824409	-42.2565	-41.4321
BLOCK29/SES290/SA290S22	SES180	-1.48152	-42.9136	-41.4321
BLOCK29/SES290/SA290S22	SES202	-1.40017	-42.8322	-41.4321
BLOCK29/SES290/SA290S22	SES292	-2.7459	-44.178	-41.4321
BLOCK29/SES290/SA290S25	SES162	-1.08164	-42.1143	-41.0326
BLOCK29/SES290/SA290S25	SES177	-0.952923	-41.9855	-41.0326
BLOCK29/SES290/SA290S25	SES180	-1.55708	-42.5897	-41.0326
BLOCK29/SES290/SA290S25	SES292	-1.43215	-42.4648	-41.0326
BLOCK29/SES290/SA290S29	SES177	-0.312222	-40.925	-40.6128
BLOCK29/SES290/SA290S29	SES180	-1.00549	-41.6183	-40.6128
BLOCK29/SES290/SA290S29	SES275	-2.34513	-42.9579	-40.6128
BLOCK29/SES290/SA290S29	SES292	-1.36663	-41.9794	-40.6128
BLOCK29/SES291/SA291S11	SES105	-3.56395	-45.137	-41.573
BLOCK29/SES291/SA291S11	SES125	-1.10621	-42.6792	-41.573
BLOCK29/SES291/SA291S11	SES158	-1.44296	-43.016	-41.573
BLOCK29/SES291/SA291S11	SES275	-4.98821	-46.5612	-41.573
BLOCK29/SES291/SA291S12	SES158	-0.455143	-41.2792	-40.8241
BLOCK29/SES291/SA291S12	SES226	-1.47641	-42.3005	-40.8241
BLOCK29/SES291/SA291S12	SES270	0.0595741	-40.7645	-40.8241
BLOCK29/SES291/SA291S12	SES275	-5.46373	-46.2878	-40.8241
BLOCK29/SES291/SA291S22	SES082	-1.08482	-42.1175	-41.0327
BLOCK29/SES291/SA291S22	SES158	-1.00696	-42.0397	-41.0327
BLOCK29/SES291/SA291S22	SES259	-1.32058	-42.3533	-41.0327
BLOCK29/SES291/SA291S22	SES275	-4.01514	-45.0479	-41.0327
BLOCK29/SES291/SA291S24	SES104	-0.542522	-40.6052	-40.0627
BLOCK29/SES291/SA291S24	SES125	-0.266094	-40.3288	-40.0627
BLOCK29/SES291/SA291S24	SES158	-0.998463	-41.0612	-40.0627
BLOCK29/SES291/SA291S24	SES275	-4.91644	-44.9791	-40.0627
BLOCK29/SES291/SA291S27	SES158	-0.280434	-40.5501	-40.2696
BLOCK29/SES291/SA291S27	SES172	-5.53789	-45.8075	-40.2696
BLOCK29/SES291/SA291S27	SES275	-4.72512	-44.9947	-40.2696
BLOCK29/SES291/SA291S27	SES292	-4.33104	-44.6007	-40.2696
