BLOCK00/SES002/SA002S12	SES002	1.10102	-34.6376	-35.7387
BLOCK00/SES002/SA002S13	SES002	1.67289	-34.5736	-36.2464
BLOCK00/SES002/SA002S23	SES002	1.12737	-34.2847	-35.4121
BLOCK00/SES002/SA002S26	SES002	1.3265	-34.2631	-35.5896
BLOCK00/SES002/SA002S28	SES002	0.802818	-34.7338	-35.5366
BLOCK00/SES007/SA007S14	SES007	0.916798	-33.8195	-34.7363
BLOCK00/SES007/SA007S15	SES007	0.466835	-35.1304	-35.5972
BLOCK00/SES007/SA007S24	SES007	0.52763	-35.1335	-35.6612
BLOCK00/SES007/SA007S27	SES007	0.259747	-35.8386	-36.0984
BLOCK00/SES007/SA007S29	SES007	0.124775	-34.64	-34.7648
BLOCK00/SES008/SA008S11	SES008	1.07362	-35.0244	-36.098
BLOCK00/SES008/SA008S12	SES008	0.245628	-36.0603	-36.3059
BLOCK00/SES008/SA008S19	SES008	1.54465	-34.1409	-35.6855
BLOCK00/SES008/SA008S22	SES008	0.695179	-35.5544	-36.2496
BLOCK00/SES008/SA008S29	SES008	0.874519	-34.597	-35.4715
BLOCK01/SES014/SA014S10	SES014	1.46688	-34.9842	-36.4511
BLOCK01/SES014/SA014S12	SES014	2.44071	-32.6552	-35.0959
BLOCK01/SES014/SA014S24	SES014	1.10962	-34.1858	-35.2954
BLOCK01/SES014/SA014S26	SES014	1.95084	-32.2302	-34.1811
BLOCK01/SES014/SA014S28	SES014	2.29179	-32.6862	-34.978
BLOCK01/SES016/SA016S12	SES016	0.920547	-36.981	-37.9015
BLOCK01/SES016/SA016S13	SES016	0.948349	-35.4763	-36.4246
BLOCK01/SES016/SA016S22	SES016	-0.26392	-36.654	-36.3901
BLOCK01/SES016/SA016S25	SES016	0.979008	-33.8668	-34.8459
BLOCK01/SES016/SA016S27	SES016	1.16379	-33.7281	-34.8919
BLOCK01/SES019/SA019S13	SES019	2.41747	-35.0916	-37.5091
BLOCK01/SES019/SA019S14	SES019	1.41179	-35.5012	-36.913
BLOCK01/SES019/SA019S22	SES019	1.98036	-35.2037	-37.1841
BLOCK01/SES019/SA019S25	SES019	1.88856	-35.4964	-37.3849
BLOCK01/SES019/SA019S29	SES019	2.97623	-34.7043	-37.6806
BLOCK02/SES029/SA029S11	SES029	0.93623	-34.7845	-35.7207
BLOCK02/SES029/SA029S12	SES029	0.313831	-35.1064	-35.4202
BLOCK02/SES029/SA029S20	SES029	0.654106	-35.7417	-36.3958
BLOCK02/SES029/SA029S25	SES029	0.481152	-35.0582	-35.5393
BLOCK02/SES029/SA029S28	SES029	0.18005	-35.5466	-35.7266
BLOCK04/SES042/SA042S12	SES042	1.68489	-33.6418	-35.3267
BLOCK04/SES042/SA042S15	SES042	1.48646	-34.2859	-35.7724
BLOCK04/SES042/SA042S22	SES042	2.06523	-32.5829	-34.6482
BLOCK04/SES042/SA042S25	SES042	1.61763	-34.9317	-36.5493
BLOCK04/SES042/SA042S27	SES042	1.1501	-34.105	-35.2551
BLOCK04/SES048/SA048S11	SES048	1.04832	-34.4568	-35.5051
BLOCK04/SES048/SA048S12	SES048	0.725006	-34.4458	-35.1708
BLOCK04/SES048/SA048S20	SES048	0.523788	-34.7165	-35.2403
BLOCK04/SES048/SA048S23	SES048	1.0921	-34.6975	-35.7896
BLOCK04/SES048/SA048S27	SES048	0.731972	-33.8161	-34.548
BLOCK06/SES060/SA060S11	SES060	1.13274	-34.7321	-35.8648
BLOCK06/SES060/SA060S12	SES060	-1.62096	-37.5009	-35.88
BLOCK06/SES060/SA060S22	SES060	-0.352959	-36.9134	-36.5605
BLOCK06/SES060/SA060S24	SES060	0.805035	-34.4542	-35.2592
BLOCK06/SES060/SA060S28	SES060	0.75211	-33.3251	-34.0772
BLOCK06/SES062/SA062S10	SES062	0.310143	-34.872	-35.1822
BLOCK06/SES062/SA062S11	SES062	0.800255	-34.6954	-35.4957
BLOCK06/SES062/SA062S21	SES062	1.51351	-32.2464	-33.7599
BLOCK06/SES062/SA062S26	SES062	0.626789	-33.965	-34.5917
BLOCK06/SES062/SA062S29	SES062	1.30282	-33.2163	-34.5191
BLOCK06/SES068/SA068S14	SES068	-0.156803	-35.4479	-35.2911
BLOCK06/SES068/SA068S15	SES068	0.573994	-33.955	-34.529
BLOCK06/SES068/SA068S23	SES068	0.463371	-35.5079	-35.9712
BLOCK06/SES068/SA068S27	SES068	0.786831	-34.3182	-35.1051
BLOCK06/SES068/SA068S29	SES068	0.249092	-34.9073	-35.1564
BLOCK08/SES082/SA082S12	SES082	0.0555153	-36.5716	-36.6271
BLOCK08/SES082/SA082S14	SES082	0.407928	-36.3065	-36.7145
BLOCK08/SES082/SA082S21	SES082	0.629265	-35.6846	-36.3139
BLOCK08/SES082/SA082S24	SES082	0.318909	-35.4114	-35.7303
BLOCK08/SES082/SA082S28	SES082	0.563972	-35.7391	-36.3031
BLOCK08/SES083/SA083S14	SES083	-0.466591	-35.7765	-35.3099
BLOCK08/SES083/SA083S15	SES083	-0.212791	-35.61	-35.3972
BLOCK08/SES083/SA083S24	SES083	-0.104382	-36.029	-35.9246
BLOCK08/SES083/SA083S26	SES083	0.737556	-35.0375	-35.7751
BLOCK08/SES083/SA083S29	SES083	-0.219601	-35.3627	-35.1431
BLOCK08/SES085/SA085S10	SES085	0.259716	-35.2502	-35.5099
BLOCK08/SES085/SA085S13	SES085	-0.501476	-36.4612	-35.9597
BLOCK08/SES085/SA085S22	SES085	-2.15315	-37.5386	-35.3854
BLOCK08/SES085/SA085S26	SES085	-0.821957	-35.8927	-35.0707
BLOCK08/SES085/SA085S28	SES085	0.322563	-35.2271	-35.5496
BLOCK08/SES087/SA087S15	SES087	0.890297	-35.348	-36.2383
BLOCK08/SES087/SA087S16	SES087	1.03737	-35.2691	-36.3064
BLOCK08/SES087/SA087S24	SES087	0.936588	-34.9747	-35.9113
BLOCK08/SES087/SA087S26	SES087	1.14051	-34.0255	-35.166
BLOCK08/SES087/SA087S29	SES087	1.03597	-35.2594	-36.2954
BLOCK09/SES099/SA099S15	SES099	0.700069	-35.8919	-36.592
BLOCK09/SES099/SA099S16	SES099	0.934414	-35.392	-36.3264
BLOCK09/SES099/SA099S24	SES099	0.710354	-34.8526	-35.563
BLOCK09/SES099/SA099S26	SES099	0.862518	-34.8236	-35.6861
BLOCK09/SES099/SA099S29	SES099	0.796989	-34.8883	-35.6853
BLOCK10/SES101/SA101S11	SES101	0.230385	-34.7526	-34.983
BLOCK10/SES101/SA101S13	SES101	0.6408	-34.3488	-34.9896
BLOCK10/SES101/SA101S22	SES101	0.740902	-35.1838	-35.9247
BLOCK10/SES101/SA101S24	SES101	0.692242	-34.8562	-35.5485
BLOCK10/SES101/SA101S28	SES101	-0.3083	-36.2742	-35.9659
BLOCK10/SES104/SA104S11	SES104	1.11781	-33.8916	-35.0094
BLOCK10/SES104/SA104S12	SES104	1.24198	-34.0166	-35.2585
BLOCK10/SES104/SA104S21	SES104	1.16224	-34.8241	-35.9863
BLOCK10/SES104/SA104S24	SES104	0.948841	-35.1175	-36.0663
BLOCK10/SES104/SA104S28	SES104	0.614239	-35.0359	-35.6501
BLOCK10/SES105/SA105S12	SES105	0.711651	-35.8461	-36.5578
BLOCK10/SES105/SA105S13	SES105	0.935612	-35.5298	-36.4654
BLOCK10/SES105/SA105S22	SES105	0.153919	-36.811	-36.9649
BLOCK10/SES105/SA105S26	SES105	1.29212	-35.2764	-36.5686
BLOCK10/SES105/SA105S29	SES105	0.595367	-35.5911	-36.1865
BLOCK10/SES106/SA106S09	SES106	1.80057	-35.4925	-37.2931
BLOCK10/SES106/SA106S11	SES106	1.28369	-34.4713	-35.755
BLOCK10/SES106/SA106S22	SES106	2.29593	-34.3359	-36.6318
BLOCK10/SES106/SA106S27	SES106	1.13286	-34.7742	-35.9071
BLOCK10/SES106/SA106S29	SES106	0.965336	-34.6041	-35.5694
BLOCK11/SES117/SA117S12	SES117	0.41571	-35.67	-36.0857
BLOCK11/SES117/SA117S13	SES117	0.153103	-35.5135	-35.6666
BLOCK11/SES117/SA117S23	SES117	1.40781	-36.1966	-37.6044
BLOCK11/SES117/SA117S25	SES117	0.965958	-35.8097	-36.7757
BLOCK11/SES117/SA117S28	SES117	0.966476	-36.2088	-37.1753
BLOCK12/SES120/SA120S08	SES120	1.01649	-36.305	-37.3215
BLOCK12/SES120/SA120S11	SES120	0.298096	-37.8099	-38.108
BLOCK12/SES120/SA120S22	SES120	0.472675	-35.4236	-35.8963
BLOCK12/SES120/SA120S24	SES120	-0.0115128	-35.8385	-35.827
BLOCK12/SES120/SA120S28	SES120	0.0508652	-37.1801	-37.231
BLOCK12/SES125/SA125S13	SES125	1.48297	-34.1959	-35.6789
BLOCK12/SES125/SA125S14	SES125	0.930874	-34.9893	-35.9201
BLOCK12/SES125/SA125S25	SES125	1.47464	-34.317	-35.7917
BLOCK12/SES125/SA125S27	SES125	1.36493	-33.5009	-34.8658
BLOCK12/SES125/SA125S29	SES125	1.25182	-34.1712	-35.423
BLOCK12/SES127/SA127S11	SES127	0.504196	-35.2082	-35.7124
BLOCK12/SES127/SA127S12	SES127	-0.810673	-35.9494	-35.1388
BLOCK12/SES127/SA127S23	SES127	-0.0822563	-35.4908	-35.4086
BLOCK12/SES127/SA127S25	SES127	-0.46841	-36.1603	-35.6919
BLOCK12/SES127/SA127S27	SES127	0.142654	-34.9766	-35.1193
BLOCK12/SES129/SA129S11	SES129	0.863762	-34.2105	-35.0742
BLOCK12/SES129/SA129S12	SES129	0.655148	-34.0754	-34.7305
BLOCK12/SES129/SA129S22	SES129	0.495018	-34.8093	-35.3043
BLOCK12/SES129/SA129S27	SES129	1.19535	-33.8582	-35.0535
BLOCK12/SES129/SA129S29	SES129	1.41859	-33.819	-35.2376
BLOCK14/SES142/SA142S11	SES142	1.33771	-35.4851	-36.8228
BLOCK14/SES142/SA142S12	SES142	0.946609	-35.7053	-36.652
BLOCK14/SES142/SA142S24	SES142	1.39714	-35.3365	-36.7336
BLOCK14/SES142/SA142S27	SES142	1.65063	-34.7552	-36.4059
BLOCK14/SES142/SA142S29	SES142	1.71276	-34.141	-35.8537
BLOCK14/SES143/SA143S12	SES143	0.898811	-35.4515	-36.3503
BLOCK14/SES143/SA143S13	SES143	0.552292	-35.6917	-36.2439
BLOCK14/SES143/SA143S23	SES143	0.818394	-36.0473	-36.8657
BLOCK14/SES143/SA143S25	SES143	0.547993	-35.5986	-36.1466
BLOCK14/SES143/SA143S28	SES143	0.567524	-35.1918	-35.7593
BLOCK14/SES144/SA144S09	SES144	0.561615	-35.2249	-35.7865
BLOCK14/SES144/SA144S11	SES144	0.42823	-36.0746	-36.5028
BLOCK14/SES144/SA144S21	SES144	-0.246273	-36.2495	-36.0033
BLOCK14/SES144/SA144S25	SES144	0.244759	-35.9803	-36.2251
BLOCK14/SES144/SA144S29	SES144	0.0512009	-35.8348	-35.886
BLOCK14/SES146/SA146S14	SES146	0.322208	-35.9528	-36.275
BLOCK14/SES146/SA146S15	SES146	0.367943	-35.5267	-35.8947
BLOCK14/SES146/SA146S24	SES146	0.314266	-35.8715	-36.1858
BLOCK14/SES146/SA146S26	SES146	0.816799	-35.9488	-36.7656
BLOCK14/SES146/SA146S29	SES146	0.264175	-36.4041	-36.6683
BLOCK14/SES147/SA147S11	SES147	0.833549	-35.3569	-36.1904
BLOCK14/SES147/SA147S13	SES147	1.06227	-34.6574	-35.7196
BLOCK14/SES147/SA147S23	SES147	0.42548	-35.834	-36.2595
BLOCK14/SES147/SA147S26	SES147	0.323631	-35.7453	-36.0689
BLOCK14/SES147/SA147S28	SES147	0.532204	-35.3861	-35.9183
BLOCK14/SES148/SA148S10	SES148	0.986774	-34.8372	-35.824
BLOCK14/SES148/SA148S12	SES148	0.882393	-35.6152	-36.4976
BLOCK14/SES148/SA148S22	SES148	0.947086	-34.1952	-35.1423
BLOCK14/SES148/SA148S26	SES148	0.0336189	-35.4308	-35.4644
BLOCK14/SES148/SA148S29	SES148	0.304199	-35.5394	-35.8436
BLOCK14/SES149/SA149S13	SES149	-0.0834885	-35.6835	-35.6
BLOCK14/SES149/SA149S14	SES149	0.297195	-35.0242	-35.3214
BLOCK14/SES149/SA149S24	SES149	1.02263	-34.6499	-35.6725
BLOCK14/SES149/SA149S26	SES149	1.04568	-34.4657	-35.5114
BLOCK14/SES149/SA149S28	SES149	0.887871	-33.8035	-34.6913
BLOCK15/SES158/SA158S13	SES158	0.799736	-35.7539	-36.5536
BLOCK15/SES158/SA158S14	SES158	1.44838	-35.1585	-36.6069
BLOCK15/SES158/SA158S23	SES158	0.975075	-34.843	-35.8181
BLOCK15/SES158/SA158S26	SES158	1.55782	-35.0723	-36.6301
BLOCK15/SES158/SA158S28	SES158	0.815754	-35.515	-36.3307
BLOCK16/SES162/SA162S10	SES162	0.555103	-36.1543	-36.7094
BLOCK16/SES162/SA162S11	SES162	0.550705	-35.3053	-35.856
BLOCK16/SES162/SA162S21	SES162	1.22161	-35.1862	-36.4079
BLOCK16/SES162/SA162S24	SES162	0.761921	-35.5345	-36.2964
BLOCK16/SES162/SA162S27	SES162	0.920742	-36.0706	-36.9913
BLOCK16/SES167/SA167S14	SES167	0.478695	-34.2815	-34.7602
BLOCK16/SES167/SA167S15	SES167	0.751373	-35.0985	-35.8498
BLOCK16/SES167/SA167S21	SES167	0.805695	-34.4532	-35.2589
BLOCK16/SES167/SA167S25	SES167	1.16677	-34.9914	-36.1582
BLOCK16/SES167/SA167S29	SES167	1.76245	-33.4649	-35.2273
BLOCK17/SES172/SA172S12	SES172	1.18843	-35.0034	-36.1918
BLOCK17/SES172/SA172S13	SES172	1.46838	-35.1555	-36.6239
BLOCK17/SES172/SA172S23	SES172	0.552761	-34.0997	-34.6524
BLOCK17/SES172/SA172S27	SES172	0.330704	-35.1938	-35.5245
BLOCK17/SES172/SA172S29	SES172	1.16858	-34.8523	-36.0209
BLOCK17/SES175/SA175S11	SES175	1.17168	-35.0737	-36.2454
BLOCK17/SES175/SA175S13	SES175	0.778267	-35.2954	-36.0737
BLOCK17/SES175/SA175S23	SES175	1.30592	-35.0554	-36.3613
BLOCK17/SES175/SA175S25	SES175	0.688232	-36.6695	-37.3578
BLOCK17/SES175/SA175S28	SES175	1.06924	-34.6668	-35.736
BLOCK17/SES177/SA177S15	SES177	-0.171959	-35.8332	-35.6612
BLOCK17/SES177/SA177S17	SES177	0.00314331	-35.6631	-35.6663
BLOCK17/SES177/SA177S23	SES177	-0.291328	-36.1592	-35.8678
BLOCK17/SES177/SA177S26	SES177	0.498142	-33.9637	-34.4619
BLOCK17/SES177/SA177S28	SES177	0.572197	-34.6937	-35.2659
BLOCK18/SES180/SA180S13	SES180	-0.137066	-35.7504	-35.6133
BLOCK18/SES180/SA180S15	SES180	0.348644	-35.741	-36.0897
BLOCK18/SES180/SA180S24	SES180	0.376442	-34.3714	-34.7478
BLOCK18/SES180/SA180S26	SES180	0.736622	-34.8418	-35.5784
BLOCK18/SES180/SA180S29	SES180	0.505192	-35.8035	-36.3087
BLOCK18/SES183/SA183S13	SES183	0.768906	-35.9877	-36.7567
BLOCK18/SES183/SA183S14	SES183	0.325504	-36.2863	-36.6118
BLOCK18/SES183/SA183S24	SES183	0.554859	-36.0843	-36.6392
BLOCK18/SES183/SA183S27	SES183	0.756939	-35.3449	-36.1018
BLOCK18/SES183/SA183S29	SES183	0.918701	-35.3615	-36.2802
BLOCK18/SES187/SA187S13	SES187	0.355228	-36.6048	-36.96
BLOCK18/SES187/SA187S14	SES187	0.618	-36.1869	-36.8049
BLOCK18/SES187/SA187S24	SES187	0.568459	-35.9167	-36.4851
BLOCK18/SES187/SA187S27	SES187	1.07947	-35.4795	-36.5589
BLOCK18/SES187/SA187S29	SES187	0.761204	-35.7876	-36.5489
BLOCK18/SES189/SA189S10	SES189	1.09199	-37.2757	-38.3677
BLOCK18/SES189/SA189S13	SES189	1.21708	-37.685	-38.9021
BLOCK18/SES189/SA189S24	SES189	1.29466	-37.0755	-38.3701
BLOCK18/SES189/SA189S26	SES189	0.984333	-36.51	-37.4943
BLOCK18/SES189/SA189S29	SES189	1.39037	-36.4131	-37.8035
BLOCK20/SES202/SA202S12	SES202	1.14321	-35.9971	-37.1403
BLOCK20/SES202/SA202S14	SES202	2.12568	-34.5314	-36.6571
BLOCK20/SES202/SA202S24	SES202	1.37486	-35.58	-36.9548
BLOCK20/SES202/SA202S27	SES202	1.30701	-34.2394	-35.5464
BLOCK20/SES202/SA202S29	SES202	1.79036	-34.2821	-36.0725
BLOCK20/SES206/SA206S15	SES206	-0.144703	-35.4113	-35.2666
BLOCK20/SES206/SA206S17	SES206	1.08574	-34.038	-35.1237
BLOCK20/SES206/SA206S24	SES206	1.20346	-33.9501	-35.1536
BLOCK20/SES206/SA206S27	SES206	1.46529	-34.6637	-36.129
BLOCK20/SES206/SA206S29	SES206	1.14917	-33.6876	-34.8368
BLOCK22/SES226/SA226S12	SES226	0.895412	-35.7699	-36.6653
BLOCK22/SES226/SA226S13	SES226	0.132248	-36.2277	-36.36
BLOCK22/SES226/SA226S20	SES226	0.842201	-35.8681	-36.7103
BLOCK22/SES226/SA226S23	SES226	1.31421	-35.035	-36.3492
BLOCK22/SES226/SA226S28	SES226	1.62394	-34.715	-36.339
BLOCK25/SES259/SA259S13	SES259	2.08563	-33.901	-35.9866
BLOCK25/SES259/SA259S14	SES259	1.18254	-34.9495	-36.1321
BLOCK25/SES259/SA259S22	SES259	1.11264	-34.6192	-35.7319
BLOCK25/SES259/SA259S24	SES259	1.3128	-33.9695	-35.2823
BLOCK25/SES259/SA259S28	SES259	1.20747	-34.058	-35.2654
BLOCK27/SES270/SA270S14	SES270	1.8056	-35.5186	-37.3242
BLOCK27/SES270/SA270S16	SES270	0.296001	-35.7185	-36.0145
BLOCK27/SES270/SA270S22	SES270	2.07239	-35.0332	-37.1056
BLOCK27/SES270/SA270S26	SES270	1.02015	-36.0394	-37.0595
BLOCK27/SES270/SA270S28	SES270	0.665783	-35.4298	-36.0956
BLOCK27/SES275/SA275S17	SES275	0.844299	-35.6996	-36.5439
BLOCK27/SES275/SA275S18	SES275	0.186092	-35.7544	-35.9405
BLOCK27/SES275/SA275S24	SES275	0.187458	-37.0295	-37.217
BLOCK27/SES275/SA275S26	SES275	0.858662	-35.1899	-36.0486
BLOCK27/SES275/SA275S28	SES275	0.300915	-35.6023	-35.9032
BLOCK29/SES292/SA292S10	SES292	0.549042	-35.3007	-35.8498
BLOCK29/SES292/SA292S12	SES292	-0.410328	-36.7101	-36.2998
BLOCK29/SES292/SA292S22	SES292	0.520229	-34.7439	-35.2642
BLOCK29/SES292/SA292S24	SES292	0.0397682	-35.2415	-35.2813
BLOCK29/SES292/SA292S27	SES292	-0.01157	-34.9363	-34.9247
BLOCK00/SES001/SA001S14	SES062	-1.19752	-37.5811	-36.3836
BLOCK00/SES001/SA001S14	SES082	-1.31324	-37.6968	-36.3836
BLOCK00/SES001/SA001S14	SES106	-0.805798	-37.1894	-36.3836
BLOCK00/SES001/SA001S14	SES206	-1.04598	-37.4296	-36.3836
BLOCK00/SES001/SA001S15	SES062	-0.97575	-36.4405	-35.4647
BLOCK00/SES001/SA001S15	SES104	-1.61737	-37.0821	-35.4647
BLOCK00/SES001/SA001S15	SES106	-1.01512	-36.4798	-35.4647
BLOCK00/SES001/SA001S15	SES206	-0.619804	-36.0845	-35.4647
BLOCK00/SES001/SA001S24	SES062	-1.90413	-38.464	-36.5599
BLOCK00/SES001/SA001S24	SES082	-1.9293	-38.4892	-36.5599
BLOCK00/SES001/SA001S24	SES087	-0.895206	-37.4551	-36.5599
BLOCK00/SES001/SA001S24	SES206	-0.92197	-37.4819	-36.5599
BLOCK00/SES001/SA001S27	SES062	-1.49585	-36.8825	-35.3866
BLOCK00/SES001/SA001S27	SES082	-1.38491	-36.7715	-35.3866
BLOCK00/SES001/SA001S27	SES087	-1.25228	-36.6389	-35.3866
BLOCK00/SES001/SA001S27	SES206	-0.917557	-36.3042	-35.3866
BLOCK00/SES001/SA001S29	SES062	-1.90752	-37.7315	-35.824
BLOCK00/SES001/SA001S29	SES082	-0.715919	-36.5399	-35.824
BLOCK00/SES001/SA001S29	SES158	-1.07312	-36.8971	-35.824
BLOCK00/SES001/SA001S29	SES206	-1.12104	-36.945	-35.824
BLOCK00/SES003/SA003S11	SES002	-0.871231	-36.9499	-36.0787
BLOCK00/SES003/SA003S11	SES019	-1.04461	-37.1233	-36.0787
BLOCK00/SES003/SA003S11	SES082	-0.115005	-36.1937	-36.0787
BLOCK00/SES003/SA003S11	SES125	-1.03753	-37.1162	-36.0787
BLOCK00/SES003/SA003S15	SES016	-1.55965	-37.1461	-35.5864
BLOCK00/SES003/SA003S15	SES019	-1.4836	-37.07	-35.5864
BLOCK00/SES003/SA003S15	SES062	-1.16616	-36.7526	-35.5864
BLOCK00/SES003/SA003S15	SES206	-1.13418	-36.7206	-35.5864
BLOCK00/SES003/SA003S22	SES002	-1.02747	-36.8137	-35.7862
BLOCK00/SES003/SA003S22	SES062	-0.453651	-36.2399	-35.7862
BLOCK00/SES003/SA003S22	SES082	-0.988743	-36.775	-35.7862
BLOCK00/SES003/SA003S22	SES087	-1.01488	-36.8011	-35.7862
BLOCK00/SES003/SA003S25	SES062	-1.7812	-37.9211	-36.1399
BLOCK00/SES003/SA003S25	SES082	-0.701736	-36.8416	-36.1399
BLOCK00/SES003/SA003S25	SES087	-0.936649	-37.0766	-36.1399
BLOCK00/SES003/SA003S25	SES206	-1.06594	-37.2059	-36.1399
BLOCK00/SES003/SA003S29	SES002	-0.960896	-37.3085	-36.3476
BLOCK00/SES003/SA003S29	SES062	-1.29175	-37.6393	-36.3476
BLOCK00/SES003/SA003S29	SES082	-0.396011	-36.7436	-36.3476
BLOCK00/SES003/SA003S29	SES087	-1.59555	-37.9431	-36.3476
BLOCK00/SES004/SA004S12	SES083	-2.99356	-39.332	-36.3384
BLOCK00/SES004/SA004S12	SES148	-2.27482	-38.6133	-36.3384
BLOCK00/SES004/SA004S12	SES172	-2.1834	-38.5218	-36.3384
BLOCK00/SES004/SA004S12	SES292	-2.48066	-38.8191	-36.3384
BLOCK00/SES004/SA004S17	SES083	-2.10765	-38.8916	-36.784
BLOCK00/SES004/SA004S17	SES162	-1.08561	-37.8696	-36.784
BLOCK00/SES004/SA004S17	SES172	-1.7773	-38.5613	-36.784
BLOCK00/SES004/SA004S17	SES292	-2.21793	-39.0019	-36.784
BLOCK00/SES004/SA004S24	SES083	-2.17742	-38.1791	-36.0017
BLOCK00/SES004/SA004S24	SES148	-2.00515	-38.0068	-36.0017
BLOCK00/SES004/SA004S24	SES172	-1.53556	-37.5372	-36.0017
BLOCK00/SES004/SA004S24	SES292	-1.89474	-37.8964	-36.0017
BLOCK00/SES004/SA004S26	SES083	-2.12295	-37.5742	-35.4512
BLOCK00/SES004/SA004S26	SES127	-1.99824	-37.4495	-35.4512
BLOCK00/SES004/SA004S26	SES148	-2.41468	-37.8659	-35.4512
BLOCK00/SES004/SA004S26	SES292	-2.19412	-37.6454	-35.4512
BLOCK00/SES004/SA004S28	SES083	-2.38771	-37.7743	-35.3866
BLOCK00/SES004/SA004S28	SES127	-1.32822	-36.7148	-35.3866
BLOCK00/SES004/SA004S28	SES187	-1.76255	-37.1492	-35.3866
BLOCK00/SES004/SA004S28	SES292	-2.48002	-37.8666	-35.3866
BLOCK00/SES006/SA006S10	SES014	-3.32117	-41.8917	-38.5705
BLOCK00/SES006/SA006S10	SES158	-0.483311	-39.0538	-38.5705
BLOCK00/SES006/SA006S10	SES226	-3.13069	-41.7012	-38.5705
BLOCK00/SES006/SA006S10	SES270	-0.415768	-38.9863	-38.5705
BLOCK00/SES006/SA006S11	SES158	-0.80003	-39.1821	-38.3821
BLOCK00/SES006/SA006S11	SES226	-2.198	-40.5801	-38.3821
BLOCK00/SES006/SA006S11	SES270	-0.223476	-38.6056	-38.3821
BLOCK00/SES006/SA006S11	SES275	-2.01345	-40.3956	-38.3821
BLOCK00/SES006/SA006S23	SES062	-1.06818	-38.3234	-37.2552
BLOCK00/SES006/SA006S23	SES105	-1.73783	-38.9931	-37.2552
BLOCK00/SES006/SA006S23	SES158	-0.548721	-37.804	-37.2552
BLOCK00/SES006/SA006S23	SES275	-0.968597	-38.2238	-37.2552
BLOCK00/SES006/SA006S26	SES104	-2.2583	-38.9596	-36.7013
BLOCK00/SES006/SA006S26	SES158	-0.260582	-36.9618	-36.7013
BLOCK00/SES006/SA006S26	SES270	0.0819473	-36.6193	-36.7013
BLOCK00/SES006/SA006S26	SES275	-2.14309	-38.8443	-36.7013
BLOCK00/SES006/SA006S28	SES007	-1.82671	-39.8053	-37.9786
BLOCK00/SES006/SA006S28	SES105	-2.54418	-40.5228	-37.9786
BLOCK00/SES006/SA006S28	SES158	-1.14653	-39.1251	-37.9786
BLOCK00/SES006/SA006S28	SES275	-2.17855	-40.1572	-37.9786
BLOCK00/SES009/SA009S12	SES083	-1.88435	-37.3287	-35.4443
BLOCK00/SES009/SA009S12	SES148	-1.58109	-37.0254	-35.4443
BLOCK00/SES009/SA009S12	SES177	-1.72569	-37.17	-35.4443
BLOCK00/SES009/SA009S12	SES292	-1.41172	-36.856	-35.4443
BLOCK00/SES009/SA009S15	SES007	-0.16256	-35.0302	-34.8676
BLOCK00/SES009/SA009S15	SES099	-1.52709	-36.3947	-34.8676
BLOCK00/SES009/SA009S15	SES148	-1.97455	-36.8422	-34.8676
BLOCK00/SES009/SA009S15	SES172	-1.6358	-36.5034	-34.8676
BLOCK00/SES009/SA009S24	SES146	-1.18685	-36.2083	-35.0215
BLOCK00/SES009/SA009S24	SES148	-1.88842	-36.9099	-35.0215
BLOCK00/SES009/SA009S24	SES177	-1.35648	-36.3779	-35.0215
BLOCK00/SES009/SA009S24	SES292	-1.6223	-36.6438	-35.0215
BLOCK00/SES009/SA009S26	SES083	-1.97743	-37.6536	-35.6762
BLOCK00/SES009/SA009S26	SES101	-2.18503	-37.8612	-35.6762
BLOCK00/SES009/SA009S26	SES120	-1.30141	-36.9776	-35.6762
BLOCK00/SES009/SA009S26	SES177	-1.79837	-37.4746	-35.6762
BLOCK00/SES009/SA009S29	SES083	-1.36552	-36.5038	-35.1383
BLOCK00/SES009/SA009S29	SES101	-1.72395	-36.8623	-35.1383
BLOCK00/SES009/SA009S29	SES177	-1.5368	-36.6751	-35.1383
BLOCK00/SES009/SA009S29	SES292	-1.57366	-36.712	-35.1383
BLOCK01/SES011/SA011S10	SES019	-1.1185	-37.3206	-36.2021
BLOCK01/SES011/SA011S10	SES042	-1.26516	-37.4672	-36.2021
BLOCK01/SES011/SA011S10	SES082	-2.7707	-38.9728	-36.2021
BLOCK01/SES011/SA011S10	SES206	-0.975063	-37.1771	-36.2021
BLOCK01/SES011/SA011S11	SES019	-1.52522	-38.3413	-36.816
BLOCK01/SES011/SA011S11	SES042	-1.45593	-38.272	-36.816
BLOCK01/SES011/SA011S11	SES082	-2.83144	-39.6475	-36.816
BLOCK01/SES011/SA011S11	SES206	-0.791534	-37.6076	-36.816
BLOCK01/SES011/SA011S22	SES019	-0.886654	-37.235	-36.3483
BLOCK01/SES011/SA011S22	SES042	-1.07507	-37.4234	-36.3483
BLOCK01/SES011/SA011S22	SES082	-1.98409	-38.3324	-36.3483
BLOCK01/SES011/SA011S22	SES206	-0.934799	-37.2831	-36.3483
BLOCK01/SES011/SA011S24	SES019	-1.11291	-37.1241	-36.0112
BLOCK01/SES011/SA011S24	SES042	-0.813671	-36.8249	-36.0112
BLOCK01/SES011/SA011S24	SES104	-1.90808	-37.9193	-36.0112
BLOCK01/SES011/SA011S24	SES206	-0.449757	-36.461	-36.0112
BLOCK01/SES011/SA011S27	SES082	-0.153191	-35.9817	-35.8285
BLOCK01/SES011/SA011S27	SES087	-0.886868	-36.7154	-35.8285
BLOCK01/SES011/SA011S27	SES125	-0.517147	-36.3456	-35.8285
BLOCK01/SES011/SA011S27	SES206	-0.358631	-36.1871	-35.8285
BLOCK01/SES012/SA012S11	SES007	-1.11349	-35.8415	-34.728
BLOCK01/SES012/SA012S11	SES082	-2.11603	-36.844	-34.728
BLOCK01/SES012/SA012S11	SES083	-1.22691	-35.9549	-34.728
BLOCK01/SES012/SA012S11	SES206	-1.69577	-36.4237	-34.728
BLOCK01/SES012/SA012S14	SES082	-1.51204	-37.2582	-35.7461
BLOCK01/SES012/SA012S14	SES087	-1.37257	-37.1187	-35.7461
BLOCK01/SES012/SA012S14	SES206	-1.11606	-36.8622	-35.7461
BLOCK01/SES012/SA012S14	SES292	-1.47597	-37.2221	-35.7461
BLOCK01/SES012/SA012S24	SES082	-0.595169	-36.8716	-36.2765
BLOCK01/SES012/SA012S24	SES087	-0.973373	-37.2498	-36.2765
BLOCK01/SES012/SA012S24	SES120	-1.88374	-38.1602	-36.2765
BLOCK01/SES012/SA012S24	SES206	-0.96698	-37.2435	-36.2765
BLOCK01/SES012/SA012S26	SES019	-1.95011	-37.6209	-35.6708
BLOCK01/SES012/SA012S26	SES082	-2.2181	-37.8889	-35.6708
BLOCK01/SES012/SA012S26	SES206	-0.643875	-36.3147	-35.6708
BLOCK01/SES012/SA012S26	SES292	-1.0418	-36.7126	-35.6708
BLOCK01/SES012/SA012S29	SES062	-1.39907	-36.7567	-35.3576
BLOCK01/SES012/SA012S29	SES082	-1.78863	-37.1462	-35.3576
BLOCK01/SES012/SA012S29	SES083	-1.95039	-37.308	-35.3576
BLOCK01/SES012/SA012S29	SES206	-1.58182	-36.9394	-35.3576
BLOCK01/SES013/SA013S16	SES062	-2.25989	-38.5653	-36.3054
BLOCK01/SES013/SA013S16	SES106	-0.92387	-37.2293	-36.3054
BLOCK01/SES013/SA013S16	SES206	-0.893288	-37.1987	-36.3054
BLOCK01/SES013/SA013S16	SES226	-0.154022	-36.4594	-36.3054
BLOCK01/SES013/SA013S17	SES062	-2.26519	-37.9444	-35.6792
BLOCK01/SES013/SA013S17	SES106	-1.45275	-37.1319	-35.6792
BLOCK01/SES013/SA013S17	SES206	-0.601147	-36.2803	-35.6792
BLOCK01/SES013/SA013S17	SES226	-0.043808	-35.723	-35.6792
BLOCK01/SES013/SA013S23	SES104	-1.69847	-38.0656	-36.3671
BLOCK01/SES013/SA013S23	SES106	-0.862411	-37.2295	-36.3671
BLOCK01/SES013/SA013S23	SES206	-0.837505	-37.2046	-36.3671
BLOCK01/SES013/SA013S23	SES270	-0.415199	-36.7823	-36.3671
BLOCK01/SES013/SA013S25	SES042	-1.85581	-37.6945	-35.8387
BLOCK01/SES013/SA013S25	SES104	-1.37045	-37.2091	-35.8387
BLOCK01/SES013/SA013S25	SES106	-0.701683	-36.5404	-35.8387
BLOCK01/SES013/SA013S25	SES206	-1.00414	-36.8428	-35.8387
BLOCK01/SES013/SA013S29	SES062	-2.59808	-38.5294	-35.9314
BLOCK01/SES013/SA013S29	SES104	-1.57046	-37.5018	-35.9314
BLOCK01/SES013/SA013S29	SES106	-0.946259	-36.8776	-35.9314
BLOCK01/SES013/SA013S29	SES206	-1.11387	-37.0452	-35.9314
BLOCK02/SES021/SA021S13	SES016	-2.17828	-37.2347	-35.0564
BLOCK02/SES021/SA021S13	SES029	-1.30668	-36.3631	-35.0564
BLOCK02/SES021/SA021S13	SES087	-1.82137	-36.8778	-35.0564
BLOCK02/SES021/SA021S13	SES206	-0.815735	-35.8722	-35.0564
BLOCK02/SES021/SA021S15	SES087	-1.1226	-35.2809	-34.1583
BLOCK02/SES021/SA021S15	SES125	-0.889324	-35.0476	-34.1583
BLOCK02/SES021/SA021S15	SES206	-0.636593	-34.7949	-34.1583
BLOCK02/SES021/SA021S15	SES226	-1.9469	-36.1052	-34.1583
BLOCK02/SES021/SA021S23	SES062	-1.95599	-38.1485	-36.1925
BLOCK02/SES021/SA021S23	SES087	-1.18909	-37.3816	-36.1925
BLOCK02/SES021/SA021S23	SES206	-1.34821	-37.5407	-36.1925
BLOCK02/SES021/SA021S23	SES226	-0.929619	-37.1221	-36.1925
BLOCK02/SES021/SA021S27	SES002	-0.672924	-35.7337	-35.0608
BLOCK02/SES021/SA021S27	SES016	-3.17824	-38.239	-35.0608
BLOCK02/SES021/SA021S27	SES019	-1.1841	-36.2449	-35.0608
BLOCK02/SES021/SA021S27	SES062	-0.859703	-35.9205	-35.0608
BLOCK02/SES021/SA021S29	SES087	-1.33484	-36.1729	-34.8381
BLOCK02/SES021/SA021S29	SES125	-0.606064	-35.4441	-34.8381
BLOCK02/SES021/SA021S29	SES206	-0.563683	-35.4017	-34.8381
BLOCK02/SES021/SA021S29	SES226	-0.946957	-35.785	-34.8381
BLOCK04/SES043/SA043S09	SES083	-1.73385	-38.5687	-36.8349
BLOCK04/SES043/SA043S09	SES101	-2.56794	-39.4028	-36.8349
BLOCK04/SES043/SA043S09	SES144	-0.840847	-37.6757	-36.8349
BLOCK04/SES043/SA043S09	SES172	-2.3017	-39.1366	-36.8349
BLOCK04/SES043/SA043S11	SES083	-0.948959	-36.5932	-35.6442
BLOCK04/SES043/SA043S11	SES101	-1.13165	-36.7758	-35.6442
BLOCK04/SES043/SA043S11	SES144	-0.564442	-36.2086	-35.6442
BLOCK04/SES043/SA043S11	SES172	-1.0147	-36.6589	-35.6442
BLOCK04/SES043/SA043S23	SES083	-0.720245	-36.8005	-36.0802
BLOCK04/SES043/SA043S23	SES144	-0.0210381	-36.1013	-36.0802
BLOCK04/SES043/SA043S23	SES177	-1.25871	-37.3389	-36.0802
BLOCK04/SES043/SA043S23	SES275	-0.695129	-36.7753	-36.0802
BLOCK04/SES043/SA043S26	SES083	-0.865871	-37.0366	-36.1707
BLOCK04/SES043/SA043S26	SES101	-1.08722	-37.2579	-36.1707
BLOCK04/SES043/SA043S26	SES144	-0.544418	-36.7151	-36.1707
BLOCK04/SES043/SA043S26	SES177	-1.5646	-37.7353	-36.1707
BLOCK04/SES043/SA043S28	SES016	-1.43523	-37.0497	-35.6145
BLOCK04/SES043/SA043S28	SES083	-0.846523	-36.461	-35.6145
BLOCK04/SES043/SA043S28	SES101	-0.951263	-36.5657	-35.6145
BLOCK04/SES043/SA043S28	SES144	-0.545849	-36.1603	-35.6145
BLOCK04/SES044/SA044S10	SES127	-3.50537	-42.2481	-38.7427
BLOCK04/SES044/SA044S10	SES144	-0.710468	-39.4532	-38.7427
BLOCK04/SES044/SA044S10	SES147	-1.6844	-40.4271	-38.7427
BLOCK04/SES044/SA044S10	SES148	-2.84563	-41.5884	-38.7427
BLOCK04/SES044/SA044S11	SES101	-2.63776	-40.3739	-37.7361
BLOCK04/SES044/SA044S11	SES144	-0.264233	-38.0003	-37.7361
BLOCK04/SES044/SA044S11	SES147	-1.36993	-39.106	-37.7361
BLOCK04/SES044/SA044S11	SES177	-1.58215	-39.3183	-37.7361
BLOCK04/SES044/SA044S24	SES007	-1.72505	-38.6737	-36.9486
BLOCK04/SES044/SA044S24	SES101	-1.15022	-38.0989	-36.9486
BLOCK04/SES044/SA044S24	SES147	-1.47132	-38.42	-36.9486
BLOCK04/SES044/SA044S24	SES177	-1.37005	-38.3187	-36.9486
BLOCK04/SES044/SA044S26	SES007	-1.63503	-38.1745	-36.5395
BLOCK04/SES044/SA044S26	SES016	-0.764107	-37.3036	-36.5395
BLOCK04/SES044/SA044S26	SES101	-1.37281	-37.9123	-36.5395
BLOCK04/SES044/SA044S26	SES147	-0.898609	-37.4381	-36.5395
BLOCK04/SES044/SA044S29	SES007	-1.62621	-37.096	-35.4698
BLOCK04/SES044/SA044S29	SES101	-0.626949	-36.0968	-35.4698
BLOCK04/SES044/SA044S29	SES147	-0.968746	-36.4386	-35.4698
BLOCK04/SES044/SA044S29	SES177	-1.15424	-36.624	-35.4698
BLOCK04/SES046/SA046S13	SES101	-3.03135	-39.9598	-36.9284
BLOCK04/SES046/SA046S13	SES144	-0.858715	-37.7871	-36.9284
BLOCK04/SES046/SA046S13	SES147	-2.02298	-38.9514	-36.9284
BLOCK04/SES046/SA046S13	SES177	-1.29221	-38.2206	-36.9284
BLOCK04/SES046/SA046S15	SES048	-1.94452	-37.4223	-35.4778
BLOCK04/SES046/SA046S15	SES083	-0.92485	-36.4027	-35.4778
BLOCK04/SES046/SA046S15	SES120	-2.35085	-37.8287	-35.4778
BLOCK04/SES046/SA046S15	SES148	-1.57916	-37.057	-35.4778
BLOCK04/SES046/SA046S22	SES101	-1.43083	-38.1971	-36.7663
BLOCK04/SES046/SA046S22	SES144	-0.843372	-37.6097	-36.7663
BLOCK04/SES046/SA046S22	SES147	-1.46897	-38.2353	-36.7663
BLOCK04/SES046/SA046S22	SES172	-1.08507	-37.8514	-36.7663
BLOCK04/SES046/SA046S25	SES083	-1.61572	-38.0778	-36.4621
BLOCK04/SES046/SA046S25	SES127	-1.15438	-37.6165	-36.4621
BLOCK04/SES046/SA046S25	SES144	-1.18813	-37.6502	-36.4621
BLOCK04/SES046/SA046S25	SES148	-1.11821	-37.5803	-36.4621
BLOCK04/SES046/SA046S28	SES007	-2.94082	-39.612	-36.6712
BLOCK04/SES046/SA046S28	SES105	-1.82971	-38.5009	-36.6712
BLOCK04/SES046/SA046S28	SES147	-1.80972	-38.4809	-36.6712
BLOCK04/SES046/SA046S28	SES148	-1.39362	-38.0648	-36.6712
BLOCK04/SES049/SA049S16	SES104	-1.53913	-38.46	-36.9209
BLOCK04/SES049/SA049S16	SES106	-0.756741	-37.6776	-36.9209
BLOCK04/SES049/SA049S16	SES120	-1.42186	-38.3427	-36.9209
BLOCK04/SES049/SA049S16	SES206	-0.888531	-37.8094	-36.9209
BLOCK04/SES049/SA049S18	SES099	-0.390945	-38.2463	-37.8553
BLOCK04/SES049/SA049S18	SES104	-2.32833	-40.1837	-37.8553
BLOCK04/SES049/SA049S18	SES125	-2.20814	-40.0635	-37.8553
BLOCK04/SES049/SA049S18	SES206	-1.57032	-39.4256	-37.8553
BLOCK04/SES049/SA049S25	SES087	-1.09481	-37.8895	-36.7947
BLOCK04/SES049/SA049S25	SES104	-1.52515	-38.3199	-36.7947
BLOCK04/SES049/SA049S25	SES125	-1.644	-38.4387	-36.7947
BLOCK04/SES049/SA049S25	SES206	-1.22361	-38.0183	-36.7947
BLOCK04/SES049/SA049S27	SES099	-0.0681458	-36.5271	-36.459
BLOCK04/SES049/SA049S27	SES104	-0.940208	-37.3992	-36.459
BLOCK04/SES049/SA049S27	SES125	-0.956604	-37.4156	-36.459
BLOCK04/SES049/SA049S27	SES206	-0.649895	-37.1089	-36.459
BLOCK04/SES049/SA049S29	SES099	-0.240265	-35.2896	-35.0493
BLOCK04/SES049/SA049S29	SES104	-0.620693	-35.67	-35.0493
BLOCK04/SES049/SA049S29	SES125	-0.970226	-36.0195	-35.0493
BLOCK04/SES049/SA049S29	SES206	-0.505123	-35.5544	-35.0493
BLOCK06/SES063/SA063S09	SES068	-1.98577	-38.0981	-36.1123
BLOCK06/SES063/SA063S09	SES083	-0.813107	-36.9254	-36.1123
BLOCK06/SES063/SA063S09	SES177	-1.31908	-37.4314	-36.1123
BLOCK06/SES063/SA063S09	SES187	-1.88328	-37.9956	-36.1123
BLOCK06/SES063/SA063S10	SES068	-2.50368	-39.432	-36.9283
BLOCK06/SES063/SA063S10	SES083	-0.602306	-37.5306	-36.9283
BLOCK06/SES063/SA063S10	SES172	-0.88723	-37.8155	-36.9283
BLOCK06/SES063/SA063S10	SES187	-0.816799	-37.7451	-36.9283
BLOCK06/SES063/SA063S20	SES068	-3.0335	-39.6284	-36.5949
BLOCK06/SES063/SA063S20	SES083	-1.47464	-38.0695	-36.5949
BLOCK06/SES063/SA063S20	SES172	-1.32531	-37.9202	-36.5949
BLOCK06/SES063/SA063S20	SES187	-0.196438	-36.7913	-36.5949
BLOCK06/SES063/SA063S24	SES029	-2.55536	-38.1148	-35.5594
BLOCK06/SES063/SA063S24	SES083	-0.692543	-36.2519	-35.5594
BLOCK06/SES063/SA063S24	SES177	-0.749485	-36.3089	-35.5594
BLOCK06/SES063/SA063S24	SES189	-1.06101	-36.6204	-35.5594
BLOCK06/SES063/SA063S27	SES083	-0.724277	-37.8877	-37.1634
BLOCK06/SES063/SA063S27	SES172	-0.946384	-38.1098	-37.1634
BLOCK06/SES063/SA063S27	SES187	-1.5815	-38.7449	-37.1634
BLOCK06/SES063/SA063S27	SES292	-1.73601	-38.8994	-37.1634
BLOCK06/SES067/SA067S12	SES083	-2.05597	-38.069	-36.0131
BLOCK06/SES067/SA067S12	SES172	-2.35363	-38.3667	-36.0131
BLOCK06/SES067/SA067S12	SES202	-0.0548019	-36.0679	-36.0131
BLOCK06/SES067/SA067S12	SES292	-1.77872	-37.7918	-36.0131
BLOCK06/SES067/SA067S14	SES085	-1.25166	-36.8829	-35.6313
BLOCK06/SES067/SA067S14	SES177	-1.01706	-36.6483	-35.6313
BLOCK06/SES067/SA067S14	SES183	-1.55992	-37.1912	-35.6313
BLOCK06/SES067/SA067S14	SES202	-0.187	-35.8183	-35.6313
BLOCK06/SES067/SA067S21	SES144	-1.29733	-38.2239	-36.9265
BLOCK06/SES067/SA067S21	SES177	-1.15728	-38.0838	-36.9265
BLOCK06/SES067/SA067S21	SES183	-2.44536	-39.3719	-36.9265
BLOCK06/SES067/SA067S21	SES189	-0.106075	-37.0326	-36.9265
BLOCK06/SES067/SA067S25	SES085	-0.659916	-37.1309	-36.471
BLOCK06/SES067/SA067S25	SES177	-0.896954	-37.368	-36.471
BLOCK06/SES067/SA067S25	SES183	-1.3518	-37.8228	-36.471
BLOCK06/SES067/SA067S25	SES202	-0.074604	-36.5456	-36.471
BLOCK06/SES067/SA067S29	SES085	-0.949375	-37.3316	-36.3822
BLOCK06/SES067/SA067S29	SES177	-1.21589	-37.5981	-36.3822
BLOCK06/SES067/SA067S29	SES183	-2.10695	-38.4892	-36.3822
BLOCK06/SES067/SA067S29	SES202	0.0799141	-36.3023	-36.3822
BLOCK06/SES069/SA069S12	SES029	-1.97335	-37.8077	-35.8344
BLOCK06/SES069/SA069S12	SES082	-0.925873	-36.7602	-35.8344
BLOCK06/SES069/SA069S12	SES087	-1.41728	-37.2516	-35.8344
BLOCK06/SES069/SA069S12	SES206	-0.777378	-36.6117	-35.8344
BLOCK06/SES069/SA069S13	SES029	-2.02674	-37.8751	-35.8483
BLOCK06/SES069/SA069S13	SES087	-1.78502	-37.6333	-35.8483
BLOCK06/SES069/SA069S13	SES206	-0.811699	-36.66	-35.8483
BLOCK06/SES069/SA069S13	SES226	-0.858185	-36.7065	-35.8483
BLOCK06/SES069/SA069S23	SES029	-1.27516	-35.7054	-34.4302
BLOCK06/SES069/SA069S23	SES087	-1.64739	-36.0776	-34.4302
BLOCK06/SES069/SA069S23	SES206	-0.892826	-35.3231	-34.4302
BLOCK06/SES069/SA069S23	SES226	-0.499023	-34.9293	-34.4302
BLOCK06/SES069/SA069S25	SES087	-1.09586	-35.8697	-34.7738
BLOCK06/SES069/SA069S25	SES206	-1.462	-36.2358	-34.7738
BLOCK06/SES069/SA069S25	SES226	-0.456039	-35.2298	-34.7738
BLOCK06/SES069/SA069S25	SES270	-0.878201	-35.652	-34.7738
BLOCK06/SES069/SA069S27	SES087	-1.94052	-36.9867	-35.0462
BLOCK06/SES069/SA069S27	SES206	-0.539314	-35.5855	-35.0462
BLOCK06/SES069/SA069S27	SES226	-0.56916	-35.6154	-35.0462
BLOCK06/SES069/SA069S27	SES270	-0.732822	-35.7791	-35.0462
BLOCK08/SES081/SA081S11	SES060	-1.98361	-37.9209	-35.9373
BLOCK08/SES081/SA081S11	SES062	-3.57164	-39.5089	-35.9373
BLOCK08/SES081/SA081S11	SES117	-1.9061	-37.8434	-35.9373
BLOCK08/SES081/SA081S11	SES162	-2.45561	-38.3929	-35.9373
BLOCK08/SES081/SA081S13	SES016	-0.761192	-36.0816	-35.3204
BLOCK08/SES081/SA081S13	SES060	-0.965683	-36.2861	-35.3204
BLOCK08/SES081/SA081S13	SES068	-1.08153	-36.4019	-35.3204
BLOCK08/SES081/SA081S13	SES129	-1.93412	-37.2545	-35.3204
BLOCK08/SES081/SA081S24	SES060	-1.07967	-36.4515	-35.3719
BLOCK08/SES081/SA081S24	SES068	-1.4154	-36.7873	-35.3719
BLOCK08/SES081/SA081S24	SES117	-1.55547	-36.9273	-35.3719
BLOCK08/SES081/SA081S24	SES275	-2.08121	-37.4531	-35.3719
BLOCK08/SES081/SA081S27	SES007	-1.46927	-37.0194	-35.5502
BLOCK08/SES081/SA081S27	SES060	-2.56627	-38.1164	-35.5502
BLOCK08/SES081/SA081S27	SES117	-0.829258	-36.3794	-35.5502
BLOCK08/SES081/SA081S27	SES275	-2.13532	-37.6855	-35.5502
BLOCK08/SES081/SA081S29	SES007	-1.73861	-37.1377	-35.3991
BLOCK08/SES081/SA081S29	SES060	-1.30285	-36.702	-35.3991
BLOCK08/SES081/SA081S29	SES117	-1.62986	-37.029	-35.3991
BLOCK08/SES081/SA081S29	SES275	-2.30494	-37.7041	-35.3991
BLOCK08/SES086/SA086S11	SES029	-3.2059	-41.1131	-37.9072
BLOCK08/SES086/SA086S11	SES082	-1.77427	-39.6815	-37.9072
BLOCK08/SES086/SA086S11	SES087	-0.839027	-38.7462	-37.9072
BLOCK08/SES086/SA086S11	SES206	-1.74255	-39.6497	-37.9072
BLOCK08/SES086/SA086S12	SES029	-3.22961	-39.9764	-36.7468
BLOCK08/SES086/SA086S12	SES082	-2.11581	-38.8626	-36.7468
BLOCK08/SES086/SA086S12	SES087	-0.0628357	-36.8096	-36.7468
BLOCK08/SES086/SA086S12	SES206	-1.94279	-38.6896	-36.7468
BLOCK08/SES086/SA086S20	SES029	-2.69473	-38.3508	-35.6561
BLOCK08/SES086/SA086S20	SES082	-2.72115	-38.3772	-35.6561
BLOCK08/SES086/SA086S20	SES087	-0.309509	-35.9656	-35.6561
BLOCK08/SES086/SA086S20	SES206	-0.422829	-36.0789	-35.6561
BLOCK08/SES086/SA086S24	SES087	-0.442955	-37.1367	-36.6937
BLOCK08/SES086/SA086S24	SES104	-2.03291	-38.7266	-36.6937
BLOCK08/SES086/SA086S24	SES120	-1.3334	-38.0271	-36.6937
BLOCK08/SES086/SA086S24	SES206	-1.00052	-37.6942	-36.6937
BLOCK08/SES086/SA086S28	SES029	-2.12336	-37.9796	-35.8562
BLOCK08/SES086/SA086S28	SES082	-1.76057	-37.6168	-35.8562
BLOCK08/SES086/SA086S28	SES087	-0.131783	-35.988	-35.8562
BLOCK08/SES086/SA086S28	SES206	-1.04726	-36.9035	-35.8562
BLOCK08/SES089/SA089S13	SES087	-1.06694	-37.4522	-36.3852
BLOCK08/SES089/SA089S13	SES206	-1.11478	-37.5	-36.3852
BLOCK08/SES089/SA089S13	SES226	-1.02867	-37.4139	-36.3852
BLOCK08/SES089/SA089S13	SES270	-2.03861	-38.4238	-36.3852
BLOCK08/SES089/SA089S14	SES062	-1.46993	-37.0702	-35.6003
BLOCK08/SES089/SA089S14	SES087	-0.469425	-36.0697	-35.6003
BLOCK08/SES089/SA089S14	SES206	-0.930019	-36.5303	-35.6003
BLOCK08/SES089/SA089S14	SES226	-1.03214	-36.6324	-35.6003
BLOCK08/SES089/SA089S23	SES087	-0.965042	-37.5745	-36.6095
BLOCK08/SES089/SA089S23	SES206	-1.29679	-37.9063	-36.6095
BLOCK08/SES089/SA089S23	SES226	-1.37501	-37.9845	-36.6095
BLOCK08/SES089/SA089S23	SES270	-2.1358	-38.7453	-36.6095
BLOCK08/SES089/SA089S25	SES062	-1.71132	-37.2767	-35.5653
BLOCK08/SES089/SA089S25	SES087	-0.0250511	-35.5904	-35.5653
BLOCK08/SES089/SA089S25	SES206	-1.17453	-36.7399	-35.5653
BLOCK08/SES089/SA089S25	SES226	-0.611229	-36.1766	-35.5653
BLOCK08/SES089/SA089S28	SES062	-1.22502	-36.7575	-35.5325
BLOCK08/SES089/SA089S28	SES087	-0.569366	-36.1019	-35.5325
BLOCK08/SES089/SA089S28	SES206	-0.369316	-35.9018	-35.5325
BLOCK08/SES089/SA089S28	SES226	-0.420605	-35.9531	-35.5325
BLOCK09/SES097/SA097S11	SES099	0.156765	-36.5367	-36.6935
BLOCK09/SES097/SA097S11	SES125	-1.41393	-38.1074	-36.6935
BLOCK09/SES097/SA097S11	SES206	-1.196	-37.8895	-36.6935
BLOCK09/SES097/SA097S11	SES226	-0.279453	-36.973	-36.6935
BLOCK09/SES097/SA097S14	SES062	-1.29553	-37.4595	-36.164
BLOCK09/SES097/SA097S14	SES099	-0.271996	-36.436	-36.164
BLOCK09/SES097/SA097S14	SES104	-1.36278	-37.5268	-36.164
BLOCK09/SES097/SA097S14	SES206	-0.928562	-37.0926	-36.164
BLOCK09/SES097/SA097S22	SES099	0.270882	-36.0473	-36.3182
BLOCK09/SES097/SA097S22	SES206	-1.07924	-37.3975	-36.3182
BLOCK09/SES097/SA097S22	SES226	-1.4043	-37.7225	-36.3182
BLOCK09/SES097/SA097S22	SES270	0.0662613	-36.252	-36.3182
BLOCK09/SES097/SA097S26	SES099	0.217278	-35.4951	-35.7124
BLOCK09/SES097/SA097S26	SES120	-1.3646	-37.077	-35.7124
BLOCK09/SES097/SA097S26	SES206	-1.24451	-36.9569	-35.7124
BLOCK09/SES097/SA097S26	SES226	-1.27906	-36.9914	-35.7124
BLOCK09/SES097/SA097S28	SES099	-0.735092	-36.9018	-36.1667
BLOCK09/SES097/SA097S28	SES120	-1.32753	-37.4942	-36.1667
BLOCK09/SES097/SA097S28	SES206	-1.70041	-37.8671	-36.1667
BLOCK09/SES097/SA097S28	SES226	-1.82978	-37.9965	-36.1667
BLOCK09/SES098/SA098S11	SES127	-2.98543	-40.8556	-37.8701
BLOCK09/SES098/SA098S11	SES144	-1.37701	-39.2471	-37.8701
BLOCK09/SES098/SA098S11	SES147	-0.742188	-38.6123	-37.8701
BLOCK09/SES098/SA098S11	SES148	-2.92271	-40.7928	-37.8701
BLOCK09/SES098/SA098S12	SES127	-4.2991	-42.9156	-38.6165
BLOCK09/SES098/SA098S12	SES144	-1.86646	-40.4829	-38.6165
BLOCK09/SES098/SA098S12	SES147	-1.5082	-40.1247	-38.6165
BLOCK09/SES098/SA098S12	SES189	-1.11412	-39.7306	-38.6165
BLOCK09/SES098/SA098S20	SES127	-3.16039	-40.8061	-37.6457
BLOCK09/SES098/SA098S20	SES147	-0.551201	-38.1969	-37.6457
BLOCK09/SES098/SA098S20	SES148	-3.40348	-41.0492	-37.6457
BLOCK09/SES098/SA098S20	SES292	-3.42632	-41.0721	-37.6457
BLOCK09/SES098/SA098S23	SES127	-1.80661	-38.9035	-37.0969
BLOCK09/SES098/SA098S23	SES147	-0.757656	-37.8545	-37.0969
BLOCK09/SES098/SA098S23	SES187	-1.75853	-38.8554	-37.0969
BLOCK09/SES098/SA098S23	SES292	-2.14322	-39.2401	-37.0969
BLOCK09/SES098/SA098S27	SES127	-2.87605	-40.416	-37.5399
BLOCK09/SES098/SA098S27	SES147	-1.49348	-39.0334	-37.5399
BLOCK09/SES098/SA098S27	SES148	-4.12528	-41.6652	-37.5399
BLOCK09/SES098/SA098S27	SES292	-2.47491	-40.0148	-37.5399
BLOCK10/SES102/SA102S13	SES101	-1.23226	-38.3452	-37.113
BLOCK10/SES102/SA102S13	SES105	-1.65336	-38.7663	-37.113
BLOCK10/SES102/SA102S13	SES120	-1.42685	-38.5398	-37.113
BLOCK10/SES102/SA102S13	SES158	-3.11313	-40.2261	-37.113
BLOCK10/SES102/SA102S14	SES007	-0.577229	-35.9981	-35.4209
BLOCK10/SES102/SA102S14	SES101	-0.618374	-36.0393	-35.4209
BLOCK10/SES102/SA102S14	SES105	-0.714542	-36.1355	-35.4209
BLOCK10/SES102/SA102S14	SES147	-1.52874	-36.9497	-35.4209
BLOCK10/SES102/SA102S22	SES007	-1.64279	-37.3694	-35.7266
BLOCK10/SES102/SA102S22	SES101	-0.680794	-36.4074	-35.7266
BLOCK10/SES102/SA102S22	SES105	-0.437721	-36.1643	-35.7266
BLOCK10/SES102/SA102S22	SES158	-2.34595	-38.0726	-35.7266
BLOCK10/SES102/SA102S25	SES007	-0.912949	-36.3362	-35.4233
BLOCK10/SES102/SA102S25	SES101	-0.476658	-35.8999	-35.4233
BLOCK10/SES102/SA102S25	SES105	-1.00645	-36.4297	-35.4233
BLOCK10/SES102/SA102S25	SES147	-2.25917	-37.6825	-35.4233
BLOCK10/SES102/SA102S27	SES007	-1.49732	-37.4627	-35.9654
BLOCK10/SES102/SA102S27	SES101	-1.14061	-37.106	-35.9654
BLOCK10/SES102/SA102S27	SES105	-1.08311	-37.0485	-35.9654
BLOCK10/SES102/SA102S27	SES147	-1.67029	-37.6356	-35.9654
BLOCK10/SES103/SA103S14	SES105	-2.30369	-39.6126	-37.3089
BLOCK10/SES103/SA103S14	SES106	-1.40536	-38.7143	-37.3089
BLOCK10/SES103/SA103S14	SES120	-1.56808	-38.877	-37.3089
BLOCK10/SES103/SA103S14	SES206	-1.60229	-38.9112	-37.3089
BLOCK10/SES103/SA103S15	SES099	-0.557617	-38.5986	-38.041
BLOCK10/SES103/SA103S15	SES101	-2.54342	-40.5844	-38.041
BLOCK10/SES103/SA103S15	SES104	-1.36312	-39.4041	-38.041
BLOCK10/SES103/SA103S15	SES125	-1.34165	-39.3826	-38.041
BLOCK10/SES103/SA103S24	SES104	-1.59801	-38.5235	-36.9254
BLOCK10/SES103/SA103S24	SES125	-1.07924	-38.0047	-36.9254
BLOCK10/SES103/SA103S24	SES148	-1.89569	-38.8211	-36.9254
BLOCK10/SES103/SA103S24	SES158	-0.474297	-37.3997	-36.9254
BLOCK10/SES103/SA103S26	SES104	-1.625	-38.9901	-37.365
BLOCK10/SES103/SA103S26	SES106	-0.962967	-38.328	-37.365
BLOCK10/SES103/SA103S26	SES125	-1.16359	-38.5286	-37.365
BLOCK10/SES103/SA103S26	SES148	-2.23504	-39.6001	-37.365
BLOCK10/SES103/SA103S28	SES104	-1.7601	-39.4141	-37.654
BLOCK10/SES103/SA103S28	SES106	-1.04547	-38.6995	-37.654
BLOCK10/SES103/SA103S28	SES125	-1.31526	-38.9693	-37.654
BLOCK10/SES103/SA103S28	SES206	-1.5869	-39.2409	-37.654
BLOCK12/SES121/SA121S12	SES042	-1.75241	-39.9534	-38.201
BLOCK12/SES121/SA121S12	SES087	-1.03666	-39.2377	-38.201
BLOCK12/SES121/SA121S12	SES105	-0.841888	-39.0429	-38.201
BLOCK12/SES121/SA121S12	SES206	-1.11891	-39.3199	-38.201
BLOCK12/SES121/SA121S14	SES007	-1.83295	-40.5896	-38.7567
BLOCK12/SES121/SA121S14	SES105	-1.97231	-40.729	-38.7567
BLOCK12/SES121/SA121S14	SES106	-1.66662	-40.4233	-38.7567
BLOCK12/SES121/SA121S14	SES206	-1.90348	-40.6602	-38.7567
BLOCK12/SES121/SA121S23	SES105	-2.05	-40.8565	-38.8065
BLOCK12/SES121/SA121S23	SES106	-1.05223	-39.8588	-38.8065
BLOCK12/SES121/SA121S23	SES120	-1.86396	-40.6705	-38.8065
BLOCK12/SES121/SA121S23	SES206	-0.982975	-39.7895	-38.8065
BLOCK12/SES121/SA121S25	SES007	-1.38716	-40.938	-39.5509
BLOCK12/SES121/SA121S25	SES105	-1.84663	-41.3975	-39.5509
BLOCK12/SES121/SA121S25	SES106	-1.56509	-41.1159	-39.5509
BLOCK12/SES121/SA121S25	SES206	-1.72913	-41.28	-39.5509
BLOCK12/SES121/SA121S27	SES087	-0.401295	-38.8679	-38.4666
BLOCK12/SES121/SA121S27	SES105	-2.6012	-41.0678	-38.4666
BLOCK12/SES121/SA121S27	SES120	-0.928753	-39.3954	-38.4666
BLOCK12/SES121/SA121S27	SES206	-1.26323	-39.7298	-38.4666
BLOCK12/SES124/SA124S16	SES042	-1.08175	-37.2439	-36.1621
BLOCK12/SES124/SA124S16	SES082	-0.831387	-36.9935	-36.1621
BLOCK12/SES124/SA124S16	SES183	-1.88734	-38.0494	-36.1621
BLOCK12/SES124/SA124S16	SES206	-1.07382	-37.2359	-36.1621
BLOCK12/SES124/SA124S17	SES105	-1.93399	-38.9127	-36.9787
BLOCK12/SES124/SA124S17	SES149	-2.52223	-39.5009	-36.9787
BLOCK12/SES124/SA124S17	SES158	-2.05092	-39.0296	-36.9787
BLOCK12/SES124/SA124S17	SES275	-1.84126	-38.82	-36.9787
BLOCK12/SES124/SA124S23	SES105	-2.09011	-37.1964	-35.1062
BLOCK12/SES124/SA124S23	SES125	-0.0947227	-35.201	-35.1062
BLOCK12/SES124/SA124S23	SES129	-1.99416	-37.1004	-35.1062
BLOCK12/SES124/SA124S23	SES158	-0.270393	-35.3766	-35.1062
BLOCK12/SES124/SA124S26	SES105	-2.27911	-37.8941	-35.615
BLOCK12/SES124/SA124S26	SES125	-0.118141	-35.7332	-35.615
BLOCK12/SES124/SA124S26	SES129	-2.51872	-38.1337	-35.615
BLOCK12/SES124/SA124S26	SES158	-0.790058	-36.4051	-35.615
BLOCK12/SES124/SA124S28	SES104	-0.87178	-36.5563	-35.6845
BLOCK12/SES124/SA124S28	SES106	-0.818607	-36.5031	-35.6845
BLOCK12/SES124/SA124S28	SES125	-0.83606	-36.5206	-35.6845
BLOCK12/SES124/SA124S28	SES275	-1.96883	-37.6534	-35.6845
BLOCK12/SES126/SA126S13	SES007	-2.64516	-40.4645	-37.8193
BLOCK12/SES126/SA126S13	SES162	-2.20199	-40.0213	-37.8193
BLOCK12/SES126/SA126S13	SES177	-1.87275	-39.692	-37.8193
BLOCK12/SES126/SA126S13	SES180	-2.54113	-40.3604	-37.8193
BLOCK12/SES126/SA126S14	SES144	-1.58001	-37.6642	-36.0842
BLOCK12/SES126/SA126S14	SES148	-2.27521	-38.3594	-36.0842
BLOCK12/SES126/SA126S14	SES177	-0.382725	-36.4669	-36.0842
BLOCK12/SES126/SA126S14	SES180	-1.52869	-37.6129	-36.0842
BLOCK12/SES126/SA126S20	SES007	-2.66092	-39.2431	-36.5822
BLOCK12/SES126/SA126S20	SES162	-1.94981	-38.532	-36.5822
BLOCK12/SES126/SA126S20	SES172	-2.35996	-38.9421	-36.5822
BLOCK12/SES126/SA126S20	SES180	-2.70355	-39.2857	-36.5822
BLOCK12/SES126/SA126S24	SES120	-1.42942	-37.3721	-35.9427
BLOCK12/SES126/SA126S24	SES162	-1.80098	-37.7437	-35.9427
BLOCK12/SES126/SA126S24	SES177	-1.10797	-37.0507	-35.9427
BLOCK12/SES126/SA126S24	SES180	-1.34623	-37.2889	-35.9427
BLOCK12/SES126/SA126S26	SES120	-1.33282	-38.3637	-37.0309
BLOCK12/SES126/SA126S26	SES177	-1.02965	-38.0606	-37.0309
BLOCK12/SES126/SA126S26	SES180	-1.79986	-38.8308	-37.0309
BLOCK12/SES126/SA126S26	SES202	-2.2059	-39.2368	-37.0309
BLOCK12/SES128/SA128S10	SES087	-2.16718	-38.5777	-36.4105
BLOCK12/SES128/SA128S10	SES206	-1.10339	-37.5139	-36.4105
BLOCK12/SES128/SA128S10	SES226	-0.787769	-37.1982	-36.4105
BLOCK12/SES128/SA128S10	SES270	-0.634617	-37.0451	-36.4105
BLOCK12/SES128/SA128S12	SES120	-1.09401	-37.5176	-36.4236
BLOCK12/SES128/SA128S12	SES158	-1.13037	-37.554	-36.4236
BLOCK12/SES128/SA128S12	SES206	-0.825954	-37.2496	-36.4236
BLOCK12/SES128/SA128S12	SES226	-0.841755	-37.2654	-36.4236
BLOCK12/SES128/SA128S21	SES106	-1.82746	-38.2813	-36.4538
BLOCK12/SES128/SA128S21	SES120	-1.93058	-38.3844	-36.4538
BLOCK12/SES128/SA128S21	SES206	-1.31139	-37.7652	-36.4538
BLOCK12/SES128/SA128S21	SES226	-1.16276	-37.6166	-36.4538
BLOCK12/SES128/SA128S24	SES087	-1.6452	-38.329	-36.6838
BLOCK12/SES128/SA128S24	SES120	-0.873798	-37.5576	-36.6838
BLOCK12/SES128/SA128S24	SES206	-0.886139	-37.5699	-36.6838
BLOCK12/SES128/SA128S24	SES226	-1.05231	-37.7361	-36.6838
BLOCK12/SES128/SA128S27	SES099	0.0779762	-35.5466	-35.6246
BLOCK12/SES128/SA128S27	SES120	-0.966782	-36.5914	-35.6246
BLOCK12/SES128/SA128S27	SES206	-0.279694	-35.9043	-35.6246
BLOCK12/SES128/SA128S27	SES226	-0.344948	-35.9695	-35.6246
BLOCK13/SES130/SA130S13	SES143	-1.01556	-38.0667	-37.0511
BLOCK13/SES130/SA130S13	SES144	-1.01904	-38.0701	-37.0511
BLOCK13/SES130/SA130S13	SES146	-0.733326	-37.7844	-37.0511
BLOCK13/SES130/SA130S13	SES275	-2.40475	-39.4558	-37.0511
BLOCK13/SES130/SA130S15	SES143	-1.74306	-37.9655	-36.2224
BLOCK13/SES130/SA130S15	SES144	-0.735722	-36.9582	-36.2224
BLOCK13/SES130/SA130S15	SES146	-0.602875	-36.8253	-36.2224
BLOCK13/SES130/SA130S15	SES275	-1.52643	-37.7489	-36.2224
BLOCK13/SES130/SA130S23	SES127	-2.73107	-40.4161	-37.685
BLOCK13/SES130/SA130S23	SES144	-1.25958	-38.9446	-37.685
BLOCK13/SES130/SA130S23	SES146	-0.688728	-38.3737	-37.685
BLOCK13/SES130/SA130S23	SES162	-1.26617	-38.9512	-37.685
BLOCK13/SES130/SA130S25	SES127	-1.68984	-37.7114	-36.0215
BLOCK13/SES130/SA130S25	SES144	-0.467457	-36.489	-36.0215
BLOCK13/SES130/SA130S25	SES146	-0.861984	-36.8835	-36.0215
BLOCK13/SES130/SA130S25	SES275	-1.01827	-37.0398	-36.0215
BLOCK13/SES130/SA130S28	SES127	-1.87766	-38.0912	-36.2136
BLOCK13/SES130/SA130S28	SES144	-1.21579	-37.4294	-36.2136
BLOCK13/SES130/SA130S28	SES146	-0.988171	-37.2018	-36.2136
BLOCK13/SES130/SA130S28	SES275	-0.869133	-37.0827	-36.2136
BLOCK13/SES131/SA131S13	SES002	-2.21113	-40.9818	-38.7706
BLOCK13/SES131/SA131S13	SES007	-2.16852	-40.9391	-38.7706
BLOCK13/SES131/SA131S13	SES099	-1.06987	-39.8405	-38.7706
BLOCK13/SES131/SA131S13	SES105	-1.86959	-40.6402	-38.7706
BLOCK13/SES131/SA131S14	SES104	-0.953987	-37.83	-36.876
BLOCK13/SES131/SA131S14	SES106	-0.683945	-37.56	-36.876
BLOCK13/SES131/SA131S14	SES125	-0.994854	-37.8709	-36.876
BLOCK13/SES131/SA131S14	SES148	-1.44274	-38.3188	-36.876
BLOCK13/SES131/SA131S20	SES104	-1.4156	-39.3866	-37.971
BLOCK13/SES131/SA131S20	SES106	-0.509632	-38.4807	-37.971
BLOCK13/SES131/SA131S20	SES125	-1.23623	-39.2073	-37.971
BLOCK13/SES131/SA131S20	SES148	-1.909	-39.88	-37.971
BLOCK13/SES131/SA131S22	SES099	-0.562828	-37.6152	-37.0524
BLOCK13/SES131/SA131S22	SES104	-1.4823	-38.5347	-37.0524
BLOCK13/SES131/SA131S22	SES125	-1.35816	-38.4105	-37.0524
BLOCK13/SES131/SA131S22	SES206	-1.58698	-38.6394	-37.0524
BLOCK13/SES131/SA131S29	SES087	-1.07754	-38.9225	-37.845
BLOCK13/SES131/SA131S29	SES104	-2.14439	-39.9894	-37.845
BLOCK13/SES131/SA131S29	SES125	-1.49585	-39.3408	-37.845
BLOCK13/SES131/SA131S29	SES206	-1.48634	-39.3313	-37.845
BLOCK13/SES132/SA132S11	SES083	-1.80517	-37.6494	-35.8442
BLOCK13/SES132/SA132S11	SES120	-0.388191	-36.2324	-35.8442
BLOCK13/SES132/SA132S11	SES127	-1.21575	-37.06	-35.8442
BLOCK13/SES132/SA132S11	SES275	-1.32481	-37.1691	-35.8442
BLOCK13/SES132/SA132S12	SES083	-1.51469	-37.1977	-35.683
BLOCK13/SES132/SA132S12	SES143	-1.70723	-37.3902	-35.683
BLOCK13/SES132/SA132S12	SES144	-1.2729	-36.9559	-35.683
BLOCK13/SES132/SA132S12	SES148	-1.28668	-36.9697	-35.683
BLOCK13/SES132/SA132S22	SES062	-1.15827	-36.8565	-35.6982
BLOCK13/SES132/SA132S22	SES083	-1.4847	-37.1829	-35.6982
BLOCK13/SES132/SA132S22	SES127	-1.39452	-37.0927	-35.6982
BLOCK13/SES132/SA132S22	SES275	-1.21934	-36.9176	-35.6982
BLOCK13/SES132/SA132S24	SES007	-0.984386	-36.5178	-35.5334
BLOCK13/SES132/SA132S24	SES083	-2.07186	-37.6053	-35.5334
BLOCK13/SES132/SA132S24	SES127	-1.9955	-37.5289	-35.5334
BLOCK13/SES132/SA132S24	SES275	-1.53382	-37.0672	-35.5334
BLOCK13/SES132/SA132S27	SES083	-1.96341	-38.0231	-36.0597
BLOCK13/SES132/SA132S27	SES120	-0.361164	-36.4209	-36.0597
BLOCK13/SES132/SA132S27	SES127	-1.73785	-37.7976	-36.0597
BLOCK13/SES132/SA132S27	SES275	-2.03262	-38.0923	-36.0597
BLOCK14/SES141/SA141S09	SES143	-1.09872	-37.3815	-36.2828
BLOCK14/SES141/SA141S09	SES144	-1.10604	-37.3888	-36.2828
BLOCK14/SES141/SA141S09	SES162	-1.34528	-37.6281	-36.2828
BLOCK14/SES141/SA141S09	SES180	-1.26925	-37.552	-36.2828
BLOCK14/SES141/SA141S15	SES127	-1.21264	-37.4015	-36.1889
BLOCK14/SES141/SA141S15	SES144	-1.2594	-37.4483	-36.1889
BLOCK14/SES141/SA141S15	SES162	-1.20669	-37.3956	-36.1889
BLOCK14/SES141/SA141S15	SES180	-0.882912	-37.0718	-36.1889
BLOCK14/SES141/SA141S24	SES127	-1.08015	-36.9753	-35.8951
BLOCK14/SES141/SA141S24	SES144	-1.58439	-37.4795	-35.8951
BLOCK14/SES141/SA141S24	SES162	-0.847378	-36.7425	-35.8951
BLOCK14/SES141/SA141S24	SES183	-1.69824	-37.5934	-35.8951
BLOCK14/SES141/SA141S26	SES142	-1.60907	-38.1644	-36.5554
BLOCK14/SES141/SA141S26	SES144	-1.64228	-38.1977	-36.5554
BLOCK14/SES141/SA141S26	SES172	-1.14966	-37.705	-36.5554
BLOCK14/SES141/SA141S26	SES180	-0.864857	-37.4202	-36.5554
BLOCK14/SES141/SA141S29	SES127	-0.705944	-36.7466	-36.0407
BLOCK14/SES141/SA141S29	SES142	-0.722698	-36.7634	-36.0407
BLOCK14/SES141/SA141S29	SES144	-1.36776	-37.4085	-36.0407
BLOCK14/SES141/SA141S29	SES180	-0.783073	-36.8238	-36.0407
BLOCK15/SES157/SA157S08	SES083	-2.37087	-39.1805	-36.8096
BLOCK15/SES157/SA157S08	SES127	-2.36004	-39.1697	-36.8096
BLOCK15/SES157/SA157S08	SES148	-1.56927	-38.3789	-36.8096
BLOCK15/SES157/SA157S08	SES292	-2.47661	-39.2862	-36.8096
BLOCK15/SES157/SA157S11	SES083	-1.98627	-38.3779	-36.3916
BLOCK15/SES157/SA157S11	SES127	-2.22517	-38.6168	-36.3916
BLOCK15/SES157/SA157S11	SES148	-1.25039	-37.642	-36.3916
BLOCK15/SES157/SA157S11	SES292	-1.90011	-38.2917	-36.3916
BLOCK15/SES157/SA157S21	SES127	-1.59774	-37.5955	-35.9978
BLOCK15/SES157/SA157S21	SES148	-1.00814	-37.0059	-35.9978
BLOCK15/SES157/SA157S21	SES158	-3.7062	-39.704	-35.9978
BLOCK15/SES157/SA157S21	SES292	-1.69872	-37.6965	-35.9978
BLOCK15/SES157/SA157S24	SES127	-1.90749	-38.1576	-36.2501
BLOCK15/SES157/SA157S24	SES148	-1.49684	-37.7469	-36.2501
BLOCK15/SES157/SA157S24	SES183	-1.50962	-37.7597	-36.2501
BLOCK15/SES157/SA157S24	SES292	-2.01055	-38.2606	-36.2501
BLOCK15/SES157/SA157S26	SES007	-0.88591	-36.4618	-35.5759
BLOCK15/SES157/SA157S26	SES127	-1.11629	-36.6922	-35.5759
BLOCK15/SES157/SA157S26	SES147	-1.92969	-37.5056	-35.5759
BLOCK15/SES157/SA157S26	SES148	-1.41824	-36.9942	-35.5759
BLOCK16/SES161/SA161S10	SES007	-1.8065	-39.454	-37.6475
BLOCK16/SES161/SA161S10	SES105	-1.4138	-39.0613	-37.6475
BLOCK16/SES161/SA161S10	SES158	-1.85005	-39.4976	-37.6475
BLOCK16/SES161/SA161S10	SES275	-1.43061	-39.0781	-37.6475
BLOCK16/SES161/SA161S12	SES007	-1.43523	-38.7994	-37.3642
BLOCK16/SES161/SA161S12	SES105	-1.51376	-38.878	-37.3642
BLOCK16/SES161/SA161S12	SES158	-1.37264	-38.7368	-37.3642
BLOCK16/SES161/SA161S12	SES275	-1.09366	-38.4579	-37.3642
BLOCK16/SES161/SA161S20	SES007	-1.29325	-39.9271	-38.6338
BLOCK16/SES161/SA161S20	SES105	-1.54868	-40.1825	-38.6338
BLOCK16/SES161/SA161S20	SES158	-1.2416	-39.8754	-38.6338
BLOCK16/SES161/SA161S20	SES275	-1.81953	-40.4533	-38.6338
BLOCK16/SES161/SA161S23	SES007	-1.71841	-38.7358	-37.0174
BLOCK16/SES161/SA161S23	SES105	-1.08072	-38.0982	-37.0174
BLOCK16/SES161/SA161S23	SES148	-1.81011	-38.8275	-37.0174
BLOCK16/SES161/SA161S23	SES158	-1.20379	-38.2212	-37.0174
BLOCK16/SES161/SA161S28	SES007	-2.19422	-39.6491	-37.4549
BLOCK16/SES161/SA161S28	SES105	-1.78936	-39.2443	-37.4549
BLOCK16/SES161/SA161S28	SES158	-0.786449	-38.2413	-37.4549
BLOCK16/SES161/SA161S28	SES206	-1.18422	-38.6391	-37.4549
BLOCK16/SES164/SA164S11	SES104	-1.7099	-38.039	-36.3291
BLOCK16/SES164/SA164S11	SES125	-0.602974	-36.9321	-36.3291
BLOCK16/SES164/SA164S11	SES158	-0.0156021	-36.3447	-36.3291
BLOCK16/SES164/SA164S11	SES206	-1.48882	-37.8179	-36.3291
BLOCK16/SES164/SA164S13	SES099	-0.846249	-38.4309	-37.5846
BLOCK16/SES164/SA164S13	SES104	-2.04733	-39.6319	-37.5846
BLOCK16/SES164/SA164S13	SES125	-1.7099	-39.2945	-37.5846
BLOCK16/SES164/SA164S13	SES206	-1.50779	-39.0924	-37.5846
BLOCK16/SES164/SA164S24	SES002	-0.520626	-37.3558	-36.8351
BLOCK16/SES164/SA164S24	SES099	0.158356	-36.6768	-36.8351
BLOCK16/SES164/SA164S24	SES125	-1.40679	-38.2419	-36.8351
BLOCK16/SES164/SA164S24	SES226	-0.335659	-37.1708	-36.8351
BLOCK16/SES164/SA164S27	SES087	-1.96758	-39.0801	-37.1125
BLOCK16/SES164/SA164S27	SES125	-1.31507	-38.4275	-37.1125
BLOCK16/SES164/SA164S27	SES206	-1.608	-38.7205	-37.1125
BLOCK16/SES164/SA164S27	SES226	-0.982563	-38.095	-37.1125
BLOCK16/SES164/SA164S29	SES002	0.0031929	-36.9049	-36.9081
BLOCK16/SES164/SA164S29	SES019	-1.07591	-37.984	-36.9081
BLOCK16/SES164/SA164S29	SES125	-0.9048	-37.8129	-36.9081
BLOCK16/SES164/SA164S29	SES226	-1.12213	-38.0303	-36.9081
BLOCK16/SES169/SA169S13	SES117	-1.40059	-37.7852	-36.3847
BLOCK16/SES169/SA169S13	SES144	-1.21333	-37.598	-36.3847
BLOCK16/SES169/SA169S13	SES146	-1.47292	-37.8576	-36.3847
BLOCK16/SES169/SA169S13	SES162	-1.44276	-37.8274	-36.3847
BLOCK16/SES169/SA169S14	SES144	-1.0202	-36.3447	-35.3245
BLOCK16/SES169/SA169S14	SES148	-1.05287	-36.3773	-35.3245
BLOCK16/SES169/SA169S14	SES177	-1.0466	-36.3711	-35.3245
BLOCK16/SES169/SA169S14	SES180	-2.00893	-37.3334	-35.3245
BLOCK16/SES169/SA169S24	SES117	-0.965942	-37.7913	-36.8254
BLOCK16/SES169/SA169S24	SES144	-0.967224	-37.7926	-36.8254
BLOCK16/SES169/SA169S24	SES146	-1.26994	-38.0953	-36.8254
BLOCK16/SES169/SA169S24	SES162	-1.23708	-38.0625	-36.8254
BLOCK16/SES169/SA169S27	SES127	-1.93045	-38.1154	-36.1849
BLOCK16/SES169/SA169S27	SES129	-1.40643	-37.5913	-36.1849
BLOCK16/SES169/SA169S27	SES144	-1.44463	-37.6295	-36.1849
BLOCK16/SES169/SA169S27	SES146	-0.843655	-37.0286	-36.1849
BLOCK16/SES169/SA169S29	SES144	-1.09757	-36.9719	-35.8744
BLOCK16/SES169/SA169S29	SES162	-0.976803	-36.8512	-35.8744
BLOCK16/SES169/SA169S29	SES177	-1.90197	-37.7763	-35.8744
BLOCK16/SES169/SA169S29	SES180	-1.92735	-37.8017	-35.8744
BLOCK17/SES171/SA171S12	SES083	-1.36697	-38.6897	-37.3227
BLOCK17/SES171/SA171S12	SES148	-1.83449	-39.1572	-37.3227
BLOCK17/SES171/SA171S12	SES172	-1.07102	-38.3937	-37.3227
BLOCK17/SES171/SA171S12	SES292	-2.5089	-39.8316	-37.3227
BLOCK17/SES171/SA171S15	SES148	-2.10833	-39.7631	-37.6548
BLOCK17/SES171/SA171S15	SES177	-1.55888	-39.2137	-37.6548
BLOCK17/SES171/SA171S15	SES180	-3.75833	-41.4131	-37.6548
BLOCK17/SES171/SA171S15	SES292	-4.06739	-41.7222	-37.6548
BLOCK17/SES171/SA171S22	SES007	-2.13299	-38.7276	-36.5946
BLOCK17/SES171/SA171S22	SES148	-1.32391	-37.9185	-36.5946
BLOCK17/SES171/SA171S22	SES177	-0.978279	-37.5729	-36.5946
BLOCK17/SES171/SA171S22	SES180	-1.82572	-38.4203	-36.5946
BLOCK17/SES171/SA171S25	SES101	-2.34428	-39.5826	-37.2383
BLOCK17/SES171/SA171S25	SES120	-3.39141	-40.6297	-37.2383
BLOCK17/SES171/SA171S25	SES177	-1.67383	-38.9122	-37.2383
BLOCK17/SES171/SA171S25	SES180	-2.76307	-40.0014	-37.2383
BLOCK17/SES171/SA171S27	SES177	-0.762699	-37.7311	-36.9684
BLOCK17/SES171/SA171S27	SES180	-2.24215	-39.2105	-36.9684
BLOCK17/SES171/SA171S27	SES189	-0.984531	-37.9529	-36.9684
BLOCK17/SES171/SA171S27	SES292	-2.80158	-39.7699	-36.9684
BLOCK17/SES173/SA173S13	SES162	-2.7401	-40.875	-38.1349
BLOCK17/SES173/SA173S13	SES177	-2.12956	-40.2645	-38.1349
BLOCK17/SES173/SA173S13	SES180	-3.02616	-41.1611	-38.1349
BLOCK17/SES173/SA173S13	SES292	-2.17862	-40.3135	-38.1349
BLOCK17/SES173/SA173S14	SES007	-2.901	-40.8025	-37.9015
BLOCK17/SES173/SA173S14	SES162	-1.92432	-39.8258	-37.9015
BLOCK17/SES173/SA173S14	SES177	-1.70655	-39.608	-37.9015
BLOCK17/SES173/SA173S14	SES180	-2.99751	-40.899	-37.9015
BLOCK17/SES173/SA173S24	SES144	-1.46476	-39.9664	-38.5017
BLOCK17/SES173/SA173S24	SES162	-2.66835	-41.17	-38.5017
BLOCK17/SES173/SA173S24	SES177	-2.09782	-40.5995	-38.5017
BLOCK17/SES173/SA173S24	SES180	-3.54594	-42.0476	-38.5017
BLOCK17/SES173/SA173S27	SES162	-2.97133	-40.9199	-37.9485
BLOCK17/SES173/SA173S27	SES177	-1.56904	-39.5176	-37.9485
BLOCK17/SES173/SA173S27	SES180	-2.8998	-40.8483	-37.9485
BLOCK17/SES173/SA173S27	SES292	-2.67613	-40.6247	-37.9485
BLOCK17/SES173/SA173S29	SES162	-2.4349	-40.1255	-37.6906
BLOCK17/SES173/SA173S29	SES175	-2.0176	-39.7082	-37.6906
BLOCK17/SES173/SA173S29	SES177	-1.82857	-39.5192	-37.6906
BLOCK17/SES173/SA173S29	SES292	-3.81881	-41.5094	-37.6906
BLOCK18/SES182/SA182S10	SES144	-1.50594	-37.9129	-36.407
BLOCK18/SES182/SA182S10	SES177	-1.59955	-38.0065	-36.407
BLOCK18/SES182/SA182S10	SES180	-2.73909	-39.1461	-36.407
BLOCK18/SES182/SA182S10	SES275	-1.17325	-37.5802	-36.407
BLOCK18/SES182/SA182S12	SES144	-0.277962	-36.7255	-36.4475
BLOCK18/SES182/SA182S12	SES177	-0.94651	-37.394	-36.4475
BLOCK18/SES182/SA182S12	SES180	-1.81379	-38.2613	-36.4475
BLOCK18/SES182/SA182S12	SES275	-0.974979	-37.4225	-36.4475
BLOCK18/SES182/SA182S21	SES117	-1.17964	-38.4581	-37.2785
BLOCK18/SES182/SA182S21	SES144	-1.19985	-38.4783	-37.2785
BLOCK18/SES182/SA182S21	SES162	-1.28174	-38.5602	-37.2785
BLOCK18/SES182/SA182S21	SES180	-2.20744	-39.4859	-37.2785
BLOCK18/SES182/SA182S23	SES117	-1.03878	-37.8687	-36.8299
BLOCK18/SES182/SA182S23	SES144	-1.27026	-38.1001	-36.8299
BLOCK18/SES182/SA182S23	SES180	-2.35353	-39.1834	-36.8299
BLOCK18/SES182/SA182S23	SES275	-1.27821	-38.1081	-36.8299
BLOCK18/SES182/SA182S25	SES007	-1.13617	-37.9093	-36.7732
BLOCK18/SES182/SA182S25	SES162	-0.880005	-37.6532	-36.7732
BLOCK18/SES182/SA182S25	SES177	-1.14343	-37.9166	-36.7732
BLOCK18/SES182/SA182S25	SES180	-1.84591	-38.6191	-36.7732
BLOCK18/SES184/SA184S12	SES177	-1.9133	-38.2327	-36.3194
BLOCK18/SES184/SA184S12	SES180	-1.61937	-37.9388	-36.3194
BLOCK18/SES184/SA184S12	SES189	-2.28961	-38.609	-36.3194
BLOCK18/SES184/SA184S12	SES292	-2.55032	-38.8697	-36.3194
BLOCK18/SES184/SA184S13	SES101	-1.76974	-37.8344	-36.0646
BLOCK18/SES184/SA184S13	SES177	-1.42803	-37.4926	-36.0646
BLOCK18/SES184/SA184S13	SES180	-1.4335	-37.4981	-36.0646
BLOCK18/SES184/SA184S13	SES292	-2.1485	-38.2131	-36.0646
BLOCK18/SES184/SA184S22	SES177	-1.47421	-36.7753	-35.3011
BLOCK18/SES184/SA184S22	SES180	-1.66817	-36.9692	-35.3011
BLOCK18/SES184/SA184S22	SES189	-2.87287	-38.1739	-35.3011
BLOCK18/SES184/SA184S22	SES292	-2.24046	-37.5415	-35.3011
BLOCK18/SES184/SA184S25	SES101	-1.37556	-36.4503	-35.0748
BLOCK18/SES184/SA184S25	SES177	-1.45175	-36.5265	-35.0748
BLOCK18/SES184/SA184S25	SES180	-1.34769	-36.4225	-35.0748
BLOCK18/SES184/SA184S25	SES292	-1.37973	-36.4545	-35.0748
BLOCK18/SES184/SA184S27	SES083	-2.04897	-37.9234	-35.8744
BLOCK18/SES184/SA184S27	SES177	-1.18657	-37.061	-35.8744
BLOCK18/SES184/SA184S27	SES202	-1.97941	-37.8538	-35.8744
BLOCK18/SES184/SA184S27	SES292	-1.78238	-37.6568	-35.8744
BLOCK20/SES204/SA204S12	SES062	-2.11292	-37.6988	-35.5859
BLOCK20/SES204/SA204S12	SES083	-1.87025	-37.4562	-35.5859
BLOCK20/SES204/SA204S12	SES206	-0.929237	-36.5151	-35.5859
BLOCK20/SES204/SA204S12	SES226	-1.89767	-37.4836	-35.5859
BLOCK20/SES204/SA204S14	SES068	-1.41532	-36.1785	-34.7632
BLOCK20/SES204/SA204S14	SES087	-0.612896	-35.3761	-34.7632
BLOCK20/SES204/SA204S14	SES206	-1.0177	-35.7809	-34.7632
BLOCK20/SES204/SA204S14	SES226	-1.82256	-36.5857	-34.7632
BLOCK20/SES204/SA204S22	SES068	-1.51532	-37.2213	-35.706
BLOCK20/SES204/SA204S22	SES082	-3.16729	-38.8732	-35.706
BLOCK20/SES204/SA204S22	SES083	-2.36816	-38.0741	-35.706
BLOCK20/SES204/SA204S22	SES206	-1.08443	-36.7904	-35.706
BLOCK20/SES204/SA204S25	SES062	-2.26397	-38.326	-36.062
BLOCK20/SES204/SA204S25	SES083	-2.31149	-38.3735	-36.062
BLOCK20/SES204/SA204S25	SES206	-0.819466	-36.8815	-36.062
BLOCK20/SES204/SA204S25	SES226	-2.22087	-38.2829	-36.062
BLOCK20/SES204/SA204S27	SES068	-1.79797	-37.8875	-36.0895
BLOCK20/SES204/SA204S27	SES082	-2.62637	-38.7159	-36.0895
BLOCK20/SES204/SA204S27	SES087	-1.26397	-37.3535	-36.0895
BLOCK20/SES204/SA204S27	SES206	-1.06254	-37.152	-36.0895
BLOCK20/SES207/SA207S10	SES127	-0.886799	-37.34	-36.4532
BLOCK20/SES207/SA207S10	SES183	-1.55236	-38.0056	-36.4532
BLOCK20/SES207/SA207S10	SES189	-1.44188	-37.8951	-36.4532
BLOCK20/SES207/SA207S10	SES292	-1.62024	-38.0735	-36.4532
BLOCK20/SES207/SA207S11	SES127	-2.58456	-39.2094	-36.6248
BLOCK20/SES207/SA207S11	SES183	-1.62733	-38.2521	-36.6248
BLOCK20/SES207/SA207S11	SES187	-1.53497	-38.1598	-36.6248
BLOCK20/SES207/SA207S11	SES292	-1.75858	-38.3834	-36.6248
BLOCK20/SES207/SA207S25	SES068	-1.68941	-38.3808	-36.6913
BLOCK20/SES207/SA207S25	SES083	-2.40855	-39.0999	-36.6913
BLOCK20/SES207/SA207S25	SES127	-1.4137	-38.105	-36.6913
BLOCK20/SES207/SA207S25	SES187	-1.12738	-37.8187	-36.6913
BLOCK20/SES207/SA207S27	SES127	-1.71515	-38.9454	-37.2303
BLOCK20/SES207/SA207S27	SES183	-1.0139	-38.2442	-37.2303
BLOCK20/SES207/SA207S27	SES187	-1.51676	-38.747	-37.2303
BLOCK20/SES207/SA207S27	SES292	-2.09721	-39.3275	-37.2303
BLOCK20/SES207/SA207S29	SES083	-2.35323	-38.7638	-36.4106
BLOCK20/SES207/SA207S29	SES085	-1.41252	-37.8231	-36.4106
BLOCK20/SES207/SA207S29	SES172	-1.34068	-37.7513	-36.4106
BLOCK20/SES207/SA207S29	SES189	-2.01701	-38.4276	-36.4106
BLOCK22/SES221/SA221S12	SES068	-2.46256	-38.9063	-36.4437
BLOCK22/SES221/SA221S12	SES143	-1.66716	-38.1108	-36.4437
BLOCK22/SES221/SA221S12	SES175	-0.662991	-37.1067	-36.4437
BLOCK22/SES221/SA221S12	SES202	-0.615448	-37.0591	-36.4437
BLOCK22/SES221/SA221S15	SES085	-3.6417	-41.3581	-37.7164
BLOCK22/SES221/SA221S15	SES143	-2.42161	-40.138	-37.7164
BLOCK22/SES221/SA221S15	SES175	-1.85167	-39.5681	-37.7164
BLOCK22/SES221/SA221S15	SES187	-1.03341	-38.7498	-37.7164
BLOCK22/SES221/SA221S23	SES068	-2.11283	-38.8956	-36.7827
BLOCK22/SES221/SA221S23	SES143	-1.96074	-38.7435	-36.7827
BLOCK22/SES221/SA221S23	SES175	-0.381351	-37.1641	-36.7827
BLOCK22/SES221/SA221S23	SES189	-0.497189	-37.2799	-36.7827
BLOCK22/SES221/SA221S27	SES085	-3.22608	-40.1487	-36.9226
BLOCK22/SES221/SA221S27	SES143	-1.7057	-38.6283	-36.9226
BLOCK22/SES221/SA221S27	SES175	-1.92355	-38.8462	-36.9226
BLOCK22/SES221/SA221S27	SES189	0.389465	-36.5332	-36.9226
BLOCK22/SES221/SA221S29	SES085	-2.81519	-40.1179	-37.3027
BLOCK22/SES221/SA221S29	SES143	-1.88246	-39.1852	-37.3027
BLOCK22/SES221/SA221S29	SES175	-1.35436	-38.6571	-37.3027
BLOCK22/SES221/SA221S29	SES187	-0.433655	-37.7364	-37.3027
BLOCK22/SES223/SA223S11	SES143	-1.1528	-38.6805	-37.5277
BLOCK22/SES223/SA223S11	SES144	-2.12558	-39.6532	-37.5277
BLOCK22/SES223/SA223S11	SES175	-1.11182	-38.6395	-37.5277
BLOCK22/SES223/SA223S11	SES187	-1.40445	-38.9321	-37.5277
BLOCK22/SES223/SA223S13	SES068	-1.88984	-40.0983	-38.2085
BLOCK22/SES223/SA223S13	SES143	-1.88539	-40.0939	-38.2085
BLOCK22/SES223/SA223S13	SES146	-2.63752	-40.846	-38.2085
BLOCK22/SES223/SA223S13	SES202	-1.1058	-39.3143	-38.2085
BLOCK22/SES223/SA223S22	SES143	-1.65593	-39.0549	-37.399
BLOCK22/SES223/SA223S22	SES144	-2.25398	-39.6529	-37.399
BLOCK22/SES223/SA223S22	SES175	-1.70912	-39.1081	-37.399
BLOCK22/SES223/SA223S22	SES187	-1.10379	-38.5028	-37.399
BLOCK22/SES223/SA223S25	SES068	-2.22281	-39.4888	-37.266
BLOCK22/SES223/SA223S25	SES143	-1.24736	-38.5134	-37.266
BLOCK22/SES223/SA223S25	SES175	-0.553486	-37.8195	-37.266
BLOCK22/SES223/SA223S25	SES187	-1.28586	-38.5519	-37.266
BLOCK22/SES223/SA223S27	SES143	-1.5542	-38.6919	-37.1377
BLOCK22/SES223/SA223S27	SES146	-1.41095	-38.5487	-37.1377
BLOCK22/SES223/SA223S27	SES187	-1.39514	-38.5329	-37.1377
BLOCK22/SES223/SA223S27	SES292	-3.37365	-40.5114	-37.1377
BLOCK27/SES273/SA273S12	SES099	-0.331665	-35.2632	-34.9315
BLOCK27/SES273/SA273S12	SES104	-0.937195	-35.8687	-34.9315
BLOCK27/SES273/SA273S12	SES125	-1.12967	-36.0612	-34.9315
BLOCK27/SES273/SA273S12	SES206	-0.8288	-35.7603	-34.9315
BLOCK27/SES273/SA273S13	SES099	-0.920841	-35.5791	-34.6583
BLOCK27/SES273/SA273S13	SES104	-1.34583	-36.0041	-34.6583
BLOCK27/SES273/SA273S13	SES206	-1.23195	-35.8902	-34.6583
BLOCK27/SES273/SA273S13	SES292	-1.36734	-36.0256	-34.6583
BLOCK27/SES273/SA273S21	SES099	-0.657978	-35.7624	-35.1045
BLOCK27/SES273/SA273S21	SES148	-2.17832	-37.2828	-35.1045
BLOCK27/SES273/SA273S21	SES149	-1.4762	-36.5807	-35.1045
BLOCK27/SES273/SA273S21	SES177	-1.77877	-36.8832	-35.1045
BLOCK27/SES273/SA273S25	SES104	-1.38473	-36.6768	-35.292
BLOCK27/SES273/SA273S25	SES125	-1.2352	-36.5272	-35.292
BLOCK27/SES273/SA273S25	SES158	-0.375656	-35.6677	-35.292
BLOCK27/SES273/SA273S25	SES206	-0.56012	-35.8521	-35.292
BLOCK27/SES273/SA273S27	SES099	-0.53492	-35.5593	-35.0244
BLOCK27/SES273/SA273S27	SES104	-1.48043	-36.5049	-35.0244
BLOCK27/SES273/SA273S27	SES149	-0.749187	-35.7736	-35.0244
BLOCK27/SES273/SA273S27	SES275	-1.29774	-36.3222	-35.0244
BLOCK27/SES274/SA274S10	SES105	-1.39309	-36.4209	-35.0278
BLOCK27/SES274/SA274S10	SES125	-1.17041	-36.1982	-35.0278
BLOCK27/SES274/SA274S10	SES129	-0.65213	-35.68	-35.0278
BLOCK27/SES274/SA274S10	SES158	-1.66116	-36.689	-35.0278
BLOCK27/SES274/SA274S11	SES105	-1.56364	-36.7599	-35.1962
BLOCK27/SES274/SA274S11	SES149	-1.06944	-36.2657	-35.1962
BLOCK27/SES274/SA274S11	SES158	-1.33553	-36.5318	-35.1962
BLOCK27/SES274/SA274S11	SES275	-0.394375	-35.5906	-35.1962
BLOCK27/SES274/SA274S21	SES105	-1.68813	-37.2332	-35.5451
BLOCK27/SES274/SA274S21	SES129	-0.753639	-36.2987	-35.5451
BLOCK27/SES274/SA274S21	SES149	-1.87699	-37.4221	-35.5451
BLOCK27/SES274/SA274S21	SES158	-2.53254	-38.0776	-35.5451
BLOCK27/SES274/SA274S24	SES105	-1.1152	-36.2652	-35.15
BLOCK27/SES274/SA274S24	SES129	-1.28281	-36.4328	-35.15
BLOCK27/SES274/SA274S24	SES149	-1.80734	-36.9573	-35.15
BLOCK27/SES274/SA274S24	SES158	-2.93498	-38.0849	-35.15
BLOCK27/SES274/SA274S29	SES105	-1.51612	-36.9726	-35.4565
BLOCK27/SES274/SA274S29	SES106	-2.29792	-37.7544	-35.4565
BLOCK27/SES274/SA274S29	SES120	-1.23706	-36.6935	-35.4565
BLOCK27/SES274/SA274S29	SES275	-1.06578	-36.5223	-35.4565
BLOCK27/SES276/SA276S16	SES148	-2.1198	-38.5766	-36.4568
BLOCK27/SES276/SA276S16	SES172	-2.16832	-38.6251	-36.4568
BLOCK27/SES276/SA276S16	SES180	-2.81562	-39.2724	-36.4568
BLOCK27/SES276/SA276S16	SES292	-1.7909	-38.2477	-36.4568
BLOCK27/SES276/SA276S17	SES101	-1.41911	-37.6085	-36.1894
BLOCK27/SES276/SA276S17	SES177	-1.45749	-37.6469	-36.1894
BLOCK27/SES276/SA276S17	SES180	-1.99922	-38.1886	-36.1894
BLOCK27/SES276/SA276S17	SES292	-2.23399	-38.4234	-36.1894
BLOCK27/SES276/SA276S24	SES101	-1.21015	-36.6903	-35.4802
BLOCK27/SES276/SA276S24	SES177	-1.44856	-36.9287	-35.4802
BLOCK27/SES276/SA276S24	SES180	-1.72893	-37.2091	-35.4802
BLOCK27/SES276/SA276S24	SES292	-2.42681	-37.907	-35.4802
BLOCK27/SES276/SA276S26	SES101	-2.09733	-37.7301	-35.6328
BLOCK27/SES276/SA276S26	SES177	-1.51054	-37.1433	-35.6328
BLOCK27/SES276/SA276S26	SES180	-1.56739	-37.2002	-35.6328
BLOCK27/SES276/SA276S26	SES292	-1.37122	-37.004	-35.6328
BLOCK27/SES276/SA276S28	SES101	-1.75298	-37.5094	-35.7564
BLOCK27/SES276/SA276S28	SES177	-1.29553	-37.0519	-35.7564
BLOCK27/SES276/SA276S28	SES180	-1.90443	-37.6608	-35.7564
BLOCK27/SES276/SA276S28	SES292	-1.78213	-37.5385	-35.7564
BLOCK27/SES277/SA277S12	SES101	-1.29742	-38.3918	-37.0943
BLOCK27/SES277/SA277S12	SES177	-1.88346	-38.9778	-37.0943
BLOCK27/SES277/SA277S12	SES180	-2.53049	-39.6248	-37.0943
BLOCK27/SES277/SA277S12	SES292	-2.7618	-39.8561	-37.0943
BLOCK27/SES277/SA277S14	SES177	-1.35959	-38.9044	-37.5448
BLOCK27/SES277/SA277S14	SES180	-2.01698	-39.5618	-37.5448
BLOCK27/SES277/SA277S14	SES189	-0.600945	-38.1458	-37.5448
BLOCK27/SES277/SA277S14	SES292	-2.96283	-40.5077	-37.5448
BLOCK27/SES277/SA277S21	SES177	-1.03813	-37.3573	-36.3191
BLOCK27/SES277/SA277S21	SES180	-2.15604	-38.4752	-36.3191
BLOCK27/SES277/SA277S21	SES189	-1.15779	-37.4769	-36.3191
BLOCK27/SES277/SA277S21	SES292	-2.18642	-38.5055	-36.3191
BLOCK27/SES277/SA277S24	SES144	-1.50016	-39.041	-37.5408
BLOCK27/SES277/SA277S24	SES177	-1.39822	-38.939	-37.5408
BLOCK27/SES277/SA277S24	SES180	-2.64228	-40.1831	-37.5408
BLOCK27/SES277/SA277S24	SES189	-1.19769	-38.7385	-37.5408
BLOCK27/SES277/SA277S29	SES177	-0.895679	-36.361	-35.4654
BLOCK27/SES277/SA277S29	SES180	-1.3302	-36.7956	-35.4654
BLOCK27/SES277/SA277S29	SES202	-1.5709	-37.0363	-35.4654
BLOCK27/SES277/SA277S29	SES292	-2.03645	-37.5018	-35.4654
BLOCK27/SES279/SA279S09	SES120	-1.07173	-36.8361	-35.7643
BLOCK27/SES279/SA279S09	SES146	-1.32579	-37.0901	-35.7643
BLOCK27/SES279/SA279S09	SES206	-1.17472	-36.9391	-35.7643
BLOCK27/SES279/SA279S09	SES226	-1.86611	-37.6305	-35.7643
BLOCK27/SES279/SA279S10	SES099	-0.640602	-36.3585	-35.7179
BLOCK27/SES279/SA279S10	SES206	-0.958832	-36.6767	-35.7179
BLOCK27/SES279/SA279S10	SES226	-1.51503	-37.2329	-35.7179
BLOCK27/SES279/SA279S10	SES292	-0.454296	-36.1722	-35.7179
BLOCK27/SES279/SA279S20	SES099	-0.746029	-36.8089	-36.0628
BLOCK27/SES279/SA279S20	SES206	-0.619133	-36.682	-36.0628
BLOCK27/SES279/SA279S20	SES226	-1.48577	-37.5486	-36.0628
BLOCK27/SES279/SA279S20	SES292	-0.527153	-36.59	-36.0628
BLOCK27/SES279/SA279S26	SES099	-0.944355	-36.7676	-35.8232
BLOCK27/SES279/SA279S26	SES206	-0.365505	-36.1888	-35.8232
BLOCK27/SES279/SA279S26	SES226	-1.136	-36.9592	-35.8232
BLOCK27/SES279/SA279S26	SES292	-0.718204	-36.5415	-35.8232
BLOCK27/SES279/SA279S28	SES099	-0.982304	-35.3327	-34.3504
BLOCK27/SES279/SA279S28	SES120	-1.04004	-35.3904	-34.3504
BLOCK27/SES279/SA279S28	SES177	-1.92673	-36.2771	-34.3504
BLOCK27/SES279/SA279S28	SES206	-0.9114	-35.2618	-34.3504
BLOCK29/SES290/SA290S12	SES162	-1.51582	-37.3845	-35.8687
BLOCK29/SES290/SA290S12	SES177	-1.20594	-37.0746	-35.8687
BLOCK29/SES290/SA290S12	SES180	-2.83329	-38.702	-35.8687
BLOCK29/SES290/SA290S12	SES292	-3.38896	-39.2576	-35.8687
BLOCK29/SES290/SA290S13	SES007	-2.99018	-39.545	-36.5549
BLOCK29/SES290/SA290S13	SES162	-2.31921	-38.8741	-36.5549
BLOCK29/SES290/SA290S13	SES177	-1.05523	-37.6101	-36.5549
BLOCK29/SES290/SA290S13	SES180	-1.8416	-38.3965	-36.5549
BLOCK29/SES290/SA290S22	SES177	-1.0614	-37.19	-36.1286
BLOCK29/SES290/SA290S22	SES180	-1.6926	-37.8212	-36.1286
BLOCK29/SES290/SA290S22	SES202	-1.60879	-37.7374	-36.1286
BLOCK29/SES290/SA290S22	SES292	-2.27334	-38.402	-36.1286
BLOCK29/SES290/SA290S25	SES162	-1.35069	-37.0934	-35.7427
BLOCK29/SES290/SA290S25	SES177	-0.904346	-36.647	-35.7427
BLOCK29/SES290/SA290S25	SES180	-1.61192	-37.3546	-35.7427
BLOCK29/SES290/SA290S25	SES292	-2.64851	-38.3912	-35.7427
BLOCK29/SES290/SA290S29	SES177	-0.167198	-36.111	-35.9438
BLOCK29/SES290/SA290S29	SES180	-0.902214	-36.846	-35.9438
BLOCK29/SES290/SA290S29	SES275	-2.12482	-38.0686	-35.9438
BLOCK29/SES290/SA290S29	SES292	-1.46731	-37.4111	-35.9438
BLOCK29/SES291/SA291S11	SES105	-2.4941	-38.9854	-36.4913
BLOCK29/SES291/SA291S11	SES125	-1.2426	-37.7339	-36.4913
BLOCK29/SES291/SA291S11	SES158	-1.05211	-37.5434	-36.4913
BLOCK29/SES291/SA291S11	SES275	-2.2412	-38.7325	-36.4913
BLOCK29/SES291/SA291S12	SES158	-0.38942	-36.0593	-35.6699
BLOCK29/SES291/SA291S12	SES226	-1.06908	-36.739	-35.6699
BLOCK29/SES291/SA291S12	SES270	-0.439491	-36.1094	-35.6699
BLOCK29/SES291/SA291S12	SES275	-2.95056	-38.6204	-35.6699
BLOCK29/SES291/SA291S22	SES082	-1.08615	-37.1358	-36.0497
BLOCK29/SES291/SA291S22	SES158	-0.865417	-36.9151	-36.0497
BLOCK29/SES291/SA291S22	SES259	-1.00764	-37.0573	-36.0497
BLOCK29/SES291/SA291S22	SES275	-2.22922	-38.2789	-36.0497
BLOCK29/SES291/SA291S24	SES104	-0.608772	-35.5872	-34.9784
BLOCK29/SES291/SA291S24	SES125	-0.291275	-35.2697	-34.9784
BLOCK29/SES291/SA291S24	SES158	-0.683731	-35.6622	-34.9784
BLOCK29/SES291/SA291S24	SES275	-2.50574	-37.4842	-34.9784
BLOCK29/SES291/SA291S27	SES158	-0.516045	-35.7582	-35.2422
BLOCK29/SES291/SA291S27	SES172	-2.87951	-38.1217	-35.2422
BLOCK29/SES291/SA291S27	SES275	-2.81575	-38.0579	-35.2422
BLOCK29/SES291/SA291S27	SES292	-1.40918	-36.6513	-35.2422
