BLOCK00/SES002/SA002S12	SES002	0.635307	-43.5301	-44.1654
BLOCK00/SES002/SA002S13	SES002	0.471699	-44.8231	-45.2948
BLOCK00/SES002/SA002S23	SES002	0.163326	-44.1422	-44.3056
BLOCK00/SES002/SA002S26	SES002	0.0881805	-44.3561	-44.4443
BLOCK00/SES002/SA002S28	SES002	0.329018	-44.0842	-44.4132
BLOCK00/SES007/SA007S14	SES007	0.508575	-42.7533	-43.2619
BLOCK00/SES007/SA007S15	SES007	-0.0507698	-44.6901	-44.6393
BLOCK00/SES007/SA007S24	SES007	0.0937233	-43.9395	-44.0332
BLOCK00/SES007/SA007S27	SES007	0.0197983	-45.8069	-45.8267
BLOCK00/SES007/SA007S29	SES007	-0.555305	-44.8033	-44.248
BLOCK00/SES008/SA008S11	SES008	0.786961	-45.5308	-46.3177
BLOCK00/SES008/SA008S12	SES008	-0.149139	-46.2046	-46.0554
BLOCK00/SES008/SA008S19	SES008	0.336876	-45.7237	-46.0606
BLOCK00/SES008/SA008S22	SES008	0.215698	-45.9013	-46.117
BLOCK00/SES008/SA008S29	SES008	0.841747	-45.1173	-45.959
BLOCK01/SES014/SA014S10	SES014	0.202511	-45.158	-45.3605
BLOCK01/SES014/SA014S12	SES014	0.926411	-43.3858	-44.3122
BLOCK01/SES014/SA014S24	SES014	0.376942	-44.1152	-44.4921
BLOCK01/SES014/SA014S26	SES014	1.51887	-41.9624	-43.4813
BLOCK01/SES014/SA014S28	SES014	1.79263	-43.6221	-45.4148
BLOCK01/SES016/SA016S12	SES016	-0.626171	-48.4846	-47.8584
BLOCK01/SES016/SA016S13	SES016	0.411007	-44.5932	-45.0042
BLOCK01/SES016/SA016S22	SES016	0.104988	-45.254	-45.359
BLOCK01/SES016/SA016S25	SES016	0.71162	-42.7157	-43.4273
BLOCK01/SES016/SA016S27	SES016	1.29189	-43.1895	-44.4814
BLOCK01/SES019/SA019S13	SES019	1.2954	-44.4884	-45.7838
BLOCK01/SES019/SA019S14	SES019	0.0724716	-46.5639	-46.6364
BLOCK01/SES019/SA019S22	SES019	0.956512	-44.2243	-45.1808
BLOCK01/SES019/SA019S25	SES019	1.47631	-45.0092	-46.4855
BLOCK01/SES019/SA019S29	SES019	1.41764	-45.3766	-46.7943
BLOCK02/SES029/SA029S11	SES029	0.387508	-44.7468	-45.1343
BLOCK02/SES029/SA029S12	SES029	-0.346451	-44.1882	-43.8417
BLOCK02/SES029/SA029S20	SES029	0.239632	-45.772	-46.0116
BLOCK02/SES029/SA029S25	SES029	0.0783501	-44.6427	-44.721
BLOCK02/SES029/SA029S28	SES029	0.0128937	-45.4346	-45.4475
BLOCK04/SES042/SA042S12	SES042	1.2412	-43.4593	-44.7005
BLOCK04/SES042/SA042S15	SES042	0.428707	-42.5475	-42.9762
BLOCK04/SES042/SA042S22	SES042	1.36783	-41.1897	-42.5576
BLOCK04/SES042/SA042S25	SES042	0.0424461	-44.8601	-44.9026
BLOCK04/SES042/SA042S27	SES042	0.656761	-42.4167	-43.0734
BLOCK04/SES048/SA048S11	SES048	0.516098	-43.1613	-43.6774
BLOCK04/SES048/SA048S12	SES048	0.457474	-43.78	-44.2375
BLOCK04/SES048/SA048S20	SES048	0.405411	-43.2792	-43.6846
BLOCK04/SES048/SA048S23	SES048	0.834694	-44.8419	-45.6766
BLOCK04/SES048/SA048S27	SES048	0.407307	-43.3895	-43.7969
BLOCK06/SES060/SA060S11	SES060	0.601646	-43.1171	-43.7188
BLOCK06/SES060/SA060S12	SES060	-0.422501	-45.5661	-45.1436
BLOCK06/SES060/SA060S22	SES060	-1.99536	-47.4806	-45.4853
BLOCK06/SES060/SA060S24	SES060	0.380615	-43.7044	-44.0851
BLOCK06/SES060/SA060S28	SES060	0.738216	-42.4481	-43.1864
BLOCK06/SES062/SA062S10	SES062	-0.282791	-43.8946	-43.6118
BLOCK06/SES062/SA062S11	SES062	0.550022	-44.613	-45.163
BLOCK06/SES062/SA062S21	SES062	0.929695	-41.688	-42.6177
BLOCK06/SES062/SA062S26	SES062	0.145832	-43.8791	-44.0249
BLOCK06/SES062/SA062S29	SES062	0.477036	-42.9853	-43.4623
BLOCK06/SES068/SA068S14	SES068	-0.21693	-45.1463	-44.9294
BLOCK06/SES068/SA068S15	SES068	0.0452003	-44.559	-44.6042
BLOCK06/SES068/SA068S23	SES068	-0.0912704	-45.5606	-45.4694
BLOCK06/SES068/SA068S27	SES068	0.965099	-43.3039	-44.269
BLOCK06/SES068/SA068S29	SES068	0.111439	-44.669	-44.7804
BLOCK08/SES082/SA082S12	SES082	-0.908382	-46.5	-45.5916
BLOCK08/SES082/SA082S14	SES082	-0.250824	-46.826	-46.5751
BLOCK08/SES082/SA082S21	SES082	-0.147972	-45.8041	-45.6561
BLOCK08/SES082/SA082S24	SES082	-0.624508	-45.7542	-45.1297
BLOCK08/SES082/SA082S28	SES082	-0.101536	-45.2472	-45.1457
BLOCK08/SES083/SA083S14	SES083	-0.792973	-45.8861	-45.0931
BLOCK08/SES083/SA083S15	SES083	-0.533585	-44.2761	-43.7426
BLOCK08/SES083/SA083S24	SES083	-0.818233	-45.373	-44.5548
BLOCK08/SES083/SA083S26	SES083	-0.138496	-44.2722	-44.1337
BLOCK08/SES083/SA083S29	SES083	-0.544884	-44.768	-44.2231
BLOCK08/SES085/SA085S10	SES085	-0.186111	-45.0786	-44.8925
BLOCK08/SES085/SA085S13	SES085	-0.699448	-46.1273	-45.4278
BLOCK08/SES085/SA085S22	SES085	-1.36651	-47.191	-45.8245
BLOCK08/SES085/SA085S26	SES085	-1.27761	-45.6786	-44.401
BLOCK08/SES085/SA085S28	SES085	0.189819	-44.6133	-44.8031
BLOCK08/SES087/SA087S15	SES087	0.236053	-46.1267	-46.3628
BLOCK08/SES087/SA087S16	SES087	0.519371	-46.2562	-46.7756
BLOCK08/SES087/SA087S24	SES087	0.438858	-43.9763	-44.4152
BLOCK08/SES087/SA087S26	SES087	0.0806999	-43.9541	-44.0348
BLOCK08/SES087/SA087S29	SES087	0.387321	-45.8746	-46.2619
BLOCK09/SES099/SA099S15	SES099	-0.0695496	-45.5208	-45.4512
BLOCK09/SES099/SA099S16	SES099	-0.0161972	-45.7776	-45.7614
BLOCK09/SES099/SA099S24	SES099	-0.209984	-45.9543	-45.7443
BLOCK09/SES099/SA099S26	SES099	0.287025	-44.647	-44.934
BLOCK09/SES099/SA099S29	SES099	0.452438	-45.0061	-45.4585
BLOCK10/SES101/SA101S11	SES101	0.038002	-43.4487	-43.4867
BLOCK10/SES101/SA101S13	SES101	0.297363	-43.0356	-43.333
BLOCK10/SES101/SA101S22	SES101	-0.252884	-45.9851	-45.7322
BLOCK10/SES101/SA101S24	SES101	0.0659752	-43.8087	-43.8747
BLOCK10/SES101/SA101S28	SES101	-0.502079	-45.4734	-44.9713
BLOCK10/SES104/SA104S11	SES104	0.667	-42.87	-43.537
BLOCK10/SES104/SA104S12	SES104	0.391174	-44.8059	-45.1971
BLOCK10/SES104/SA104S21	SES104	-0.308521	-45.7021	-45.3936
BLOCK10/SES104/SA104S24	SES104	-0.0651855	-44.2766	-44.2114
BLOCK10/SES104/SA104S28	SES104	0.384846	-45.3063	-45.6911
BLOCK10/SES105/SA105S12	SES105	0.243347	-44.6344	-44.8778
BLOCK10/SES105/SA105S13	SES105	0.0285835	-44.2335	-44.2621
BLOCK10/SES105/SA105S22	SES105	-0.301483	-45.7555	-45.454
BLOCK10/SES105/SA105S26	SES105	0.573074	-44.545	-45.1181
BLOCK10/SES105/SA105S29	SES105	0.453011	-44.0389	-44.4919
BLOCK10/SES106/SA106S09	SES106	0.487015	-44.9461	-45.4331
BLOCK10/SES106/SA106S11	SES106	0.251446	-43.88	-44.1314
BLOCK10/SES106/SA106S22	SES106	0.957687	-44.1332	-45.0908
BLOCK10/SES106/SA106S27	SES106	0.674328	-43.6469	-44.3213
BLOCK10/SES106/SA106S29	SES106	0.0447121	-43.7422	-43.7869
BLOCK11/SES117/SA117S12	SES117	-1.16224	-46.0874	-44.9252
BLOCK11/SES117/SA117S13	SES117	-1.71122	-47.0006	-45.2894
BLOCK11/SES117/SA117S23	SES117	0.244789	-46.4896	-46.7344
BLOCK11/SES117/SA117S25	SES117	0.240482	-45.4564	-45.6969
BLOCK11/SES117/SA117S28	SES117	0.0989761	-45.6953	-45.7942
BLOCK12/SES120/SA120S08	SES120	-0.451382	-45.0572	-44.6058
BLOCK12/SES120/SA120S11	SES120	0.127705	-45.4306	-45.5583
BLOCK12/SES120/SA120S22	SES120	-0.759308	-44.8805	-44.1212
BLOCK12/SES120/SA120S24	SES120	-0.338867	-44.9201	-44.5812
BLOCK12/SES120/SA120S28	SES120	-0.538017	-47.2148	-46.6768
BLOCK12/SES125/SA125S13	SES125	0.674423	-43.4671	-44.1415
BLOCK12/SES125/SA125S14	SES125	0.0249443	-44.0747	-44.0997
BLOCK12/SES125/SA125S25	SES125	0.567516	-44.8245	-45.392
BLOCK12/SES125/SA125S27	SES125	1.24287	-42.7598	-44.0026
BLOCK12/SES125/SA125S29	SES125	0.159248	-44.596	-44.7553
BLOCK12/SES127/SA127S11	SES127	-0.648804	-46.2454	-45.5966
BLOCK12/SES127/SA127S12	SES127	-0.734112	-44.9133	-44.1791
BLOCK12/SES127/SA127S23	SES127	-0.0982933	-44.8035	-44.7052
BLOCK12/SES127/SA127S25	SES127	-0.278759	-45.0826	-44.8038
BLOCK12/SES127/SA127S27	SES127	0.0797997	-44.4893	-44.5691
BLOCK12/SES129/SA129S11	SES129	0.891537	-42.9719	-43.8635
BLOCK12/SES129/SA129S12	SES129	0.821327	-42.754	-43.5753
BLOCK12/SES129/SA129S22	SES129	0.164204	-44.8	-44.9642
BLOCK12/SES129/SA129S27	SES129	0.811905	-44.0182	-44.8302
BLOCK12/SES129/SA129S29	SES129	0.863342	-42.6519	-43.5153
BLOCK14/SES142/SA142S11	SES142	0.987514	-44.8948	-45.8823
BLOCK14/SES142/SA142S12	SES142	0.0270348	-46.2063	-46.2334
BLOCK14/SES142/SA142S24	SES142	0.894138	-44.867	-45.7611
BLOCK14/SES142/SA142S27	SES142	0.671616	-44.6252	-45.2968
BLOCK14/SES142/SA142S29	SES142	0.58165	-43.9056	-44.4873
BLOCK14/SES143/SA143S12	SES143	0.0422287	-45.0719	-45.1142
BLOCK14/SES143/SA143S13	SES143	0.196091	-45.3043	-45.5004
BLOCK14/SES143/SA143S23	SES143	-0.122971	-45.8926	-45.7696
BLOCK14/SES143/SA143S25	SES143	0.331417	-44.7889	-45.1203
BLOCK14/SES143/SA143S28	SES143	-0.252144	-43.8284	-43.5763
BLOCK14/SES144/SA144S09	SES144	-0.443649	-45.3152	-44.8716
BLOCK14/SES144/SA144S11	SES144	0.284683	-45.6456	-45.9303
BLOCK14/SES144/SA144S21	SES144	-0.51799	-46.5077	-45.9897
BLOCK14/SES144/SA144S25	SES144	-0.287209	-45.6985	-45.4113
BLOCK14/SES144/SA144S29	SES144	-0.283627	-45.3802	-45.0966
BLOCK14/SES146/SA146S14	SES146	-0.0044632	-45.2824	-45.2779
BLOCK14/SES146/SA146S15	SES146	-0.23951	-45.9355	-45.696
BLOCK14/SES146/SA146S24	SES146	0.227657	-44.0692	-44.2968
BLOCK14/SES146/SA146S26	SES146	0.404785	-43.9219	-44.3267
BLOCK14/SES146/SA146S29	SES146	0.266399	-44.6402	-44.9066
BLOCK14/SES147/SA147S11	SES147	0.642277	-44.1786	-44.8209
BLOCK14/SES147/SA147S13	SES147	0.399319	-43.8869	-44.2863
BLOCK14/SES147/SA147S23	SES147	0.414268	-45.1751	-45.5893
BLOCK14/SES147/SA147S26	SES147	0.416767	-44.7373	-45.154
BLOCK14/SES147/SA147S28	SES147	0.867992	-44.6033	-45.4713
BLOCK14/SES148/SA148S10	SES148	1.08482	-44.6931	-45.7779
BLOCK14/SES148/SA148S12	SES148	0.0690422	-45.672	-45.7411
BLOCK14/SES148/SA148S22	SES148	0.886322	-44.3136	-45.1999
BLOCK14/SES148/SA148S26	SES148	-0.583118	-45.0545	-44.4714
BLOCK14/SES148/SA148S29	SES148	-0.315189	-45.6151	-45.2999
BLOCK14/SES149/SA149S13	SES149	-0.790615	-44.2597	-43.4691
BLOCK14/SES149/SA149S14	SES149	-0.430908	-45.4055	-44.9746
BLOCK14/SES149/SA149S24	SES149	0.225574	-44.9636	-45.1891
BLOCK14/SES149/SA149S26	SES149	0.688591	-43.0001	-43.6887
BLOCK14/SES149/SA149S28	SES149	1.03527	-43.8545	-44.8898
BLOCK15/SES158/SA158S13	SES158	0.315964	-43.49	-43.8059
BLOCK15/SES158/SA158S14	SES158	0.377979	-44.8254	-45.2034
BLOCK15/SES158/SA158S23	SES158	0.277229	-43.3822	-43.6594
BLOCK15/SES158/SA158S26	SES158	1.37487	-43.6362	-45.0111
BLOCK15/SES158/SA158S28	SES158	-0.156368	-45.3936	-45.2373
BLOCK16/SES162/SA162S10	SES162	-0.781796	-45.7092	-44.9274
BLOCK16/SES162/SA162S11	SES162	0.11655	-44.2072	-44.3237
BLOCK16/SES162/SA162S21	SES162	0.717129	-44.5228	-45.24
BLOCK16/SES162/SA162S24	SES162	0.172962	-45.0872	-45.2601
BLOCK16/SES162/SA162S27	SES162	0.500538	-44.7719	-45.2724
BLOCK16/SES167/SA167S14	SES167	0.76025	-44.8487	-45.6089
BLOCK16/SES167/SA167S15	SES167	0.169151	-46.0838	-46.253
BLOCK16/SES167/SA167S21	SES167	0.756424	-45.5061	-46.2625
BLOCK16/SES167/SA167S25	SES167	1.19298	-45.9125	-47.1055
BLOCK16/SES167/SA167S29	SES167	1.1715	-44.7977	-45.9692
BLOCK17/SES172/SA172S12	SES172	0.403217	-44.6068	-45.01
BLOCK17/SES172/SA172S13	SES172	0.768963	-45.0864	-45.8553
BLOCK17/SES172/SA172S23	SES172	0.316586	-43.9014	-44.218
BLOCK17/SES172/SA172S27	SES172	0.17202	-46.0123	-46.1843
BLOCK17/SES172/SA172S29	SES172	0.542744	-45.7507	-46.2935
BLOCK17/SES175/SA175S11	SES175	0.215534	-44.4144	-44.6299
BLOCK17/SES175/SA175S13	SES175	0.250919	-43.4433	-43.6942
BLOCK17/SES175/SA175S23	SES175	0.161804	-45.0321	-45.1939
BLOCK17/SES175/SA175S25	SES175	-0.287708	-46.1301	-45.8423
BLOCK17/SES175/SA175S28	SES175	-0.00870895	-44.6147	-44.606
BLOCK17/SES177/SA177S15	SES177	-0.518635	-45.2891	-44.7705
BLOCK17/SES177/SA177S17	SES177	-0.566818	-45.3886	-44.8218
BLOCK17/SES177/SA177S23	SES177	-0.894604	-45.3732	-44.4786
BLOCK17/SES177/SA177S26	SES177	0.300335	-42.2604	-42.5607
BLOCK17/SES177/SA177S28	SES177	0.0498466	-43.4737	-43.5235
BLOCK18/SES180/SA180S13	SES180	-0.604862	-45.4557	-44.8508
BLOCK18/SES180/SA180S15	SES180	-0.73724	-45.9412	-45.2039
BLOCK18/SES180/SA180S24	SES180	0.168327	-43.0059	-43.1743
BLOCK18/SES180/SA180S26	SES180	0.0781326	-44.0675	-44.1456
BLOCK18/SES180/SA180S29	SES180	-0.314934	-45.2946	-44.9797
BLOCK18/SES183/SA183S13	SES183	0.39642	-45.4397	-45.8361
BLOCK18/SES183/SA183S14	SES183	-0.575993	-44.6585	-44.0825
BLOCK18/SES183/SA183S24	SES183	0.384789	-45.4816	-45.8664
BLOCK18/SES183/SA183S27	SES183	0.453976	-45.865	-46.319
BLOCK18/SES183/SA183S29	SES183	0.676128	-44.5686	-45.2448
BLOCK18/SES187/SA187S13	SES187	-0.444946	-46.5076	-46.0626
BLOCK18/SES187/SA187S14	SES187	-0.278728	-45.5897	-45.311
BLOCK18/SES187/SA187S24	SES187	0.747581	-46.6025	-47.3501
BLOCK18/SES187/SA187S27	SES187	0.0499649	-46.672	-46.722
BLOCK18/SES187/SA187S29	SES187	-0.245831	-45.4805	-45.2347
BLOCK18/SES189/SA189S10	SES189	1.54659	-45.5864	-47.133
BLOCK18/SES189/SA189S13	SES189	1.56268	-46.1489	-47.7116
BLOCK18/SES189/SA189S24	SES189	1.7497	-44.5701	-46.3198
BLOCK18/SES189/SA189S26	SES189	1.17208	-44.9352	-46.1073
BLOCK18/SES189/SA189S29	SES189	1.87772	-45.1337	-47.0114
BLOCK20/SES202/SA202S12	SES202	0.0167198	-45.9081	-45.9248
BLOCK20/SES202/SA202S14	SES202	1.11093	-44.3819	-45.4928
BLOCK20/SES202/SA202S24	SES202	-0.292416	-45.9496	-45.6572
BLOCK20/SES202/SA202S27	SES202	0.252811	-44.467	-44.7199
BLOCK20/SES202/SA202S29	SES202	0.469894	-43.7476	-44.2175
BLOCK20/SES206/SA206S15	SES206	-0.940483	-44.5122	-43.5717
BLOCK20/SES206/SA206S17	SES206	0.0857239	-43.9366	-44.0223
BLOCK20/SES206/SA206S24	SES206	0.863102	-42.7187	-43.5818
BLOCK20/SES206/SA206S27	SES206	0.700077	-44.2264	-44.9265
BLOCK20/SES206/SA206S29	SES206	0.104156	-42.5865	-42.6906
BLOCK22/SES226/SA226S12	SES226	0.0134315	-44.8647	-44.8782
BLOCK22/SES226/SA226S13	SES226	-0.198654	-44.2109	-44.0123
BLOCK22/SES226/SA226S20	SES226	-0.00783157	-45.4483	-45.4405
BLOCK22/SES226/SA226S23	SES226	0.432426	-44.5182	-44.9506
BLOCK22/SES226/SA226S28	SES226	0.00341034	-45.2446	-45.248
BLOCK25/SES259/SA259S13	SES259	1.39503	-41.6238	-43.0188
BLOCK25/SES259/SA259S14	SES259	0.585072	-43.1539	-43.739
BLOCK25/SES259/SA259S22	SES259	0.325863	-42.8354	-43.1613
BLOCK25/SES259/SA259S24	SES259	0.947548	-42.1697	-43.1173
BLOCK25/SES259/SA259S28	SES259	0.882877	-42.8709	-43.7538
BLOCK27/SES270/SA270S14	SES270	1.17153	-45.1733	-46.3448
BLOCK27/SES270/SA270S16	SES270	-0.666763	-45.5219	-44.8551
BLOCK27/SES270/SA270S22	SES270	0.955162	-44.983	-45.9382
BLOCK27/SES270/SA270S26	SES270	0.583851	-46.0314	-46.6152
BLOCK27/SES270/SA270S28	SES270	0.206787	-45.5969	-45.8037
BLOCK27/SES275/SA275S17	SES275	0.694771	-44.9729	-45.6676
BLOCK27/SES275/SA275S18	SES275	-0.227585	-44.8153	-44.5877
BLOCK27/SES275/SA275S24	SES275	0.0507965	-45.989	-46.0398
BLOCK27/SES275/SA275S26	SES275	-0.154617	-44.7657	-44.6111
BLOCK27/SES275/SA275S28	SES275	0.14756	-44.3894	-44.537
BLOCK29/SES292/SA292S10	SES292	-0.00815201	-44.6535	-44.6453
BLOCK29/SES292/SA292S12	SES292	-0.21386	-46.1943	-45.9805
BLOCK29/SES292/SA292S22	SES292	-0.146236	-44.5246	-44.3784
BLOCK29/SES292/SA292S24	SES292	0.0583458	-45.1137	-45.172
BLOCK29/SES292/SA292S27	SES292	-0.296158	-44.4546	-44.1585
BLOCK00/SES001/SA001S14	SES062	-2.34231	-47.1259	-44.7836
BLOCK00/SES001/SA001S14	SES082	-1.73138	-46.5149	-44.7836
BLOCK00/SES001/SA001S14	SES106	-1.996	-46.7796	-44.7836
BLOCK00/SES001/SA001S14	SES206	-1.95925	-46.7428	-44.7836
BLOCK00/SES001/SA001S15	SES062	-2.12599	-46.0459	-43.9199
BLOCK00/SES001/SA001S15	SES104	-1.72781	-45.6477	-43.9199
BLOCK00/SES001/SA001S15	SES106	-1.9431	-45.863	-43.9199
BLOCK00/SES001/SA001S15	SES206	-1.50516	-45.4251	-43.9199
BLOCK00/SES001/SA001S24	SES062	-2.28807	-46.0811	-43.793
BLOCK00/SES001/SA001S24	SES082	-1.64077	-45.4337	-43.793
BLOCK00/SES001/SA001S24	SES087	-1.61411	-45.4071	-43.793
BLOCK00/SES001/SA001S24	SES206	-1.2392	-45.0322	-43.793
BLOCK00/SES001/SA001S27	SES062	-1.70574	-45.8873	-44.1816
BLOCK00/SES001/SA001S27	SES082	-0.971321	-45.1529	-44.1816
BLOCK00/SES001/SA001S27	SES087	-0.893276	-45.0748	-44.1816
BLOCK00/SES001/SA001S27	SES206	-0.929985	-45.1116	-44.1816
BLOCK00/SES001/SA001S29	SES062	-2.62946	-47.7311	-45.1016
BLOCK00/SES001/SA001S29	SES082	-1.312	-46.4136	-45.1016
BLOCK00/SES001/SA001S29	SES158	-1.4042	-46.5058	-45.1016
BLOCK00/SES001/SA001S29	SES206	-1.71273	-46.8144	-45.1016
BLOCK00/SES003/SA003S11	SES002	-1.54227	-47.5603	-46.018
BLOCK00/SES003/SA003S11	SES019	-2.06282	-48.0808	-46.018
BLOCK00/SES003/SA003S11	SES082	-1.11681	-47.1348	-46.018
BLOCK00/SES003/SA003S11	SES125	-1.63694	-47.655	-46.018
BLOCK00/SES003/SA003S15	SES016	-2.27129	-46.1179	-43.8467
BLOCK00/SES003/SA003S15	SES019	-1.83245	-45.6791	-43.8467
BLOCK00/SES003/SA003S15	SES062	-1.98968	-45.8363	-43.8467
BLOCK00/SES003/SA003S15	SES206	-1.67908	-45.5257	-43.8467
BLOCK00/SES003/SA003S22	SES002	-1.53409	-45.2461	-43.712
BLOCK00/SES003/SA003S22	SES062	-1.27205	-44.9841	-43.712
BLOCK00/SES003/SA003S22	SES082	-2.29429	-46.0063	-43.712
BLOCK00/SES003/SA003S22	SES087	-2.4264	-46.1384	-43.712
BLOCK00/SES003/SA003S25	SES062	-2.71281	-50.4991	-47.7863
BLOCK00/SES003/SA003S25	SES082	-2.07894	-49.8653	-47.7863
BLOCK00/SES003/SA003S25	SES087	-2.46935	-50.2557	-47.7863
BLOCK00/SES003/SA003S25	SES206	-3.14466	-50.931	-47.7863
BLOCK00/SES003/SA003S29	SES002	-2.04289	-48.2925	-46.2496
BLOCK00/SES003/SA003S29	SES062	-2.44632	-48.6959	-46.2496
BLOCK00/SES003/SA003S29	SES082	-1.83072	-48.0803	-46.2496
BLOCK00/SES003/SA003S29	SES087	-2.31885	-48.5684	-46.2496
BLOCK00/SES004/SA004S12	SES083	-2.76572	-48.2219	-45.4562
BLOCK00/SES004/SA004S12	SES148	-1.53704	-46.9932	-45.4562
BLOCK00/SES004/SA004S12	SES172	-1.49597	-46.9521	-45.4562
BLOCK00/SES004/SA004S12	SES292	-1.80937	-47.2655	-45.4562
BLOCK00/SES004/SA004S17	SES083	-3.04721	-48.4518	-45.4046
BLOCK00/SES004/SA004S17	SES162	-1.36327	-46.7678	-45.4046
BLOCK00/SES004/SA004S17	SES172	-1.64419	-47.0488	-45.4046
BLOCK00/SES004/SA004S17	SES292	-1.75943	-47.164	-45.4046
BLOCK00/SES004/SA004S24	SES083	-2.68994	-47.3862	-44.6963
BLOCK00/SES004/SA004S24	SES148	-1.60463	-46.3009	-44.6963
BLOCK00/SES004/SA004S24	SES172	-1.06164	-45.7579	-44.6963
BLOCK00/SES004/SA004S24	SES292	-1.28204	-45.9783	-44.6963
BLOCK00/SES004/SA004S26	SES083	-2.38013	-46.8206	-44.4405
BLOCK00/SES004/SA004S26	SES127	-1.1589	-45.5994	-44.4405
BLOCK00/SES004/SA004S26	SES148	-1.71034	-46.1508	-44.4405
BLOCK00/SES004/SA004S26	SES292	-1.43721	-45.8777	-44.4405
BLOCK00/SES004/SA004S28	SES083	-2.8407	-48.2637	-45.423
BLOCK00/SES004/SA004S28	SES127	-1.37874	-46.8017	-45.423
BLOCK00/SES004/SA004S28	SES187	-0.74437	-46.1674	-45.423
BLOCK00/SES004/SA004S28	SES292	-1.5773	-47.0003	-45.423
BLOCK00/SES006/SA006S10	SES014	-3.79553	-50.0682	-46.2727
BLOCK00/SES006/SA006S10	SES158	-3.55175	-49.8244	-46.2727
BLOCK00/SES006/SA006S10	SES226	-3.32217	-49.5948	-46.2727
BLOCK00/SES006/SA006S10	SES270	-1.79526	-48.0679	-46.2727
BLOCK00/SES006/SA006S11	SES158	-3.03835	-50.1983	-47.1599
BLOCK00/SES006/SA006S11	SES226	-2.27161	-49.4315	-47.1599
BLOCK00/SES006/SA006S11	SES270	-1.67572	-48.8356	-47.1599
BLOCK00/SES006/SA006S11	SES275	-2.56364	-49.7236	-47.1599
BLOCK00/SES006/SA006S23	SES062	-3.21759	-50.0172	-46.7996
BLOCK00/SES006/SA006S23	SES105	-2.30142	-49.101	-46.7996
BLOCK00/SES006/SA006S23	SES158	-3.91875	-50.7183	-46.7996
BLOCK00/SES006/SA006S23	SES275	-2.09822	-48.8978	-46.7996
BLOCK00/SES006/SA006S26	SES104	-2.14325	-48.7168	-46.5736
BLOCK00/SES006/SA006S26	SES158	-2.77628	-49.3499	-46.5736
BLOCK00/SES006/SA006S26	SES270	-1.16736	-47.7409	-46.5736
BLOCK00/SES006/SA006S26	SES275	-2.34494	-48.9185	-46.5736
BLOCK00/SES006/SA006S28	SES007	-2.5776	-48.9174	-46.3398
BLOCK00/SES006/SA006S28	SES105	-2.23329	-48.5731	-46.3398
BLOCK00/SES006/SA006S28	SES158	-2.62667	-48.9664	-46.3398
BLOCK00/SES006/SA006S28	SES275	-2.15849	-48.4983	-46.3398
BLOCK00/SES009/SA009S12	SES083	-2.31726	-46.7671	-44.4498
BLOCK00/SES009/SA009S12	SES148	-1.79168	-46.2415	-44.4498
BLOCK00/SES009/SA009S12	SES177	-1.14801	-45.5978	-44.4498
BLOCK00/SES009/SA009S12	SES292	-1.16756	-45.6174	-44.4498
BLOCK00/SES009/SA009S15	SES007	-0.567089	-44.3929	-43.8258
BLOCK00/SES009/SA009S15	SES099	-1.86266	-45.6884	-43.8258
BLOCK00/SES009/SA009S15	SES148	-1.30846	-45.1343	-43.8258
BLOCK00/SES009/SA009S15	SES172	-0.733566	-44.5594	-43.8258
BLOCK00/SES009/SA009S24	SES146	-1.21509	-45.8025	-44.5874
BLOCK00/SES009/SA009S24	SES148	-1.98909	-46.5765	-44.5874
BLOCK00/SES009/SA009S24	SES177	-1.03384	-45.6212	-44.5874
BLOCK00/SES009/SA009S24	SES292	-1.23456	-45.822	-44.5874
BLOCK00/SES009/SA009S26	SES083	-2.98001	-47.8625	-44.8825
BLOCK00/SES009/SA009S26	SES101	-2.17783	-47.0603	-44.8825
BLOCK00/SES009/SA009S26	SES120	-1.23233	-46.1148	-44.8825
BLOCK00/SES009/SA009S26	SES177	-1.44978	-46.3323	-44.8825
BLOCK00/SES009/SA009S29	SES083	-2.47211	-47.3666	-44.8944
BLOCK00/SES009/SA009S29	SES101	-1.37093	-46.2654	-44.8944
BLOCK00/SES009/SA009S29	SES177	-1.77148	-46.6659	-44.8944
BLOCK00/SES009/SA009S29	SES292	-1.16772	-46.0622	-44.8944
BLOCK01/SES011/SA011S10	SES019	-1.41889	-46.5569	-45.1381
BLOCK01/SES011/SA011S10	SES042	-1.47429	-46.6124	-45.1381
BLOCK01/SES011/SA011S10	SES082	-2.0709	-47.209	-45.1381
BLOCK01/SES011/SA011S10	SES206	-0.884048	-46.0221	-45.1381
BLOCK01/SES011/SA011S11	SES019	-1.92033	-47.2125	-45.2922
BLOCK01/SES011/SA011S11	SES042	-2.05546	-47.3476	-45.2922
BLOCK01/SES011/SA011S11	SES082	-2.63715	-47.9293	-45.2922
BLOCK01/SES011/SA011S11	SES206	-1.55446	-46.8466	-45.2922
BLOCK01/SES011/SA011S22	SES019	-1.56891	-46.9007	-45.3318
BLOCK01/SES011/SA011S22	SES042	-1.46487	-46.7967	-45.3318
BLOCK01/SES011/SA011S22	SES082	-1.97395	-47.3058	-45.3318
BLOCK01/SES011/SA011S22	SES206	-1.31896	-46.6508	-45.3318
BLOCK01/SES011/SA011S24	SES019	-1.61411	-46.3718	-44.7577
BLOCK01/SES011/SA011S24	SES042	-1.1025	-45.8602	-44.7577
BLOCK01/SES011/SA011S24	SES104	-1.72416	-46.4819	-44.7577
BLOCK01/SES011/SA011S24	SES206	-1.19706	-45.9548	-44.7577
BLOCK01/SES011/SA011S27	SES082	-0.905354	-46.0862	-45.1808
BLOCK01/SES011/SA011S27	SES087	-1.45108	-46.6319	-45.1808
BLOCK01/SES011/SA011S27	SES125	-0.915836	-46.0966	-45.1808
BLOCK01/SES011/SA011S27	SES206	-0.751999	-45.9328	-45.1808
BLOCK01/SES012/SA012S11	SES007	-0.749821	-43.6767	-42.9269
BLOCK01/SES012/SA012S11	SES082	-1.69391	-44.6208	-42.9269
BLOCK01/SES012/SA012S11	SES083	-1.47953	-44.4064	-42.9269
BLOCK01/SES012/SA012S11	SES206	-1.28342	-44.2103	-42.9269
BLOCK01/SES012/SA012S14	SES082	-1.20588	-45.1423	-43.9364
BLOCK01/SES012/SA012S14	SES087	-1.58236	-45.5187	-43.9364
BLOCK01/SES012/SA012S14	SES206	-1.30492	-45.2413	-43.9364
BLOCK01/SES012/SA012S14	SES292	-1.20641	-45.1428	-43.9364
BLOCK01/SES012/SA012S24	SES082	-1.02736	-46.3834	-45.356
BLOCK01/SES012/SA012S24	SES087	-1.79567	-47.1517	-45.356
BLOCK01/SES012/SA012S24	SES120	-1.96055	-47.3166	-45.356
BLOCK01/SES012/SA012S24	SES206	-1.5338	-46.8898	-45.356
BLOCK01/SES012/SA012S26	SES019	-2.68993	-46.7021	-44.0121
BLOCK01/SES012/SA012S26	SES082	-2.17424	-46.1864	-44.0121
BLOCK01/SES012/SA012S26	SES206	-1.42191	-45.4341	-44.0121
BLOCK01/SES012/SA012S26	SES292	-0.875664	-44.8878	-44.0121
BLOCK01/SES012/SA012S29	SES062	-1.79861	-45.4871	-43.6885
BLOCK01/SES012/SA012S29	SES082	-1.78263	-45.4711	-43.6885
BLOCK01/SES012/SA012S29	SES083	-1.82187	-45.5104	-43.6885
BLOCK01/SES012/SA012S29	SES206	-1.19096	-44.8795	-43.6885
BLOCK01/SES013/SA013S16	SES062	-2.43579	-48.9745	-46.5387
BLOCK01/SES013/SA013S16	SES106	-2.03306	-48.5717	-46.5387
BLOCK01/SES013/SA013S16	SES206	-1.90619	-48.4449	-46.5387
BLOCK01/SES013/SA013S16	SES226	-0.778221	-47.3169	-46.5387
BLOCK01/SES013/SA013S17	SES062	-2.94439	-48.6088	-45.6644
BLOCK01/SES013/SA013S17	SES106	-2.66498	-48.3294	-45.6644
BLOCK01/SES013/SA013S17	SES206	-1.52393	-47.1883	-45.6644
BLOCK01/SES013/SA013S17	SES226	-0.767384	-46.4318	-45.6644
BLOCK01/SES013/SA013S23	SES104	-1.50755	-48.5035	-46.9959
BLOCK01/SES013/SA013S23	SES106	-0.801403	-47.7973	-46.9959
BLOCK01/SES013/SA013S23	SES206	-1.96393	-48.9599	-46.9959
BLOCK01/SES013/SA013S23	SES270	-0.53669	-47.5326	-46.9959
BLOCK01/SES013/SA013S25	SES042	-1.8078	-47.4506	-45.6428
BLOCK01/SES013/SA013S25	SES104	-1.84121	-47.484	-45.6428
BLOCK01/SES013/SA013S25	SES106	-0.442013	-46.0848	-45.6428
BLOCK01/SES013/SA013S25	SES206	-1.70498	-47.3477	-45.6428
BLOCK01/SES013/SA013S29	SES062	-2.96091	-49.1078	-46.1469
BLOCK01/SES013/SA013S29	SES104	-1.83239	-47.9792	-46.1469
BLOCK01/SES013/SA013S29	SES106	-1.1831	-47.33	-46.1469
BLOCK01/SES013/SA013S29	SES206	-2.39223	-48.5391	-46.1469
BLOCK02/SES021/SA021S13	SES016	-2.04666	-45.6779	-43.6312
BLOCK02/SES021/SA021S13	SES029	-1.69365	-45.3249	-43.6312
BLOCK02/SES021/SA021S13	SES087	-1.65235	-45.2836	-43.6312
BLOCK02/SES021/SA021S13	SES206	-0.847675	-44.4789	-43.6312
BLOCK02/SES021/SA021S15	SES087	-1.11253	-45.1956	-44.0831
BLOCK02/SES021/SA021S15	SES125	-0.439022	-44.5221	-44.0831
BLOCK02/SES021/SA021S15	SES206	-1.19737	-45.2805	-44.0831
BLOCK02/SES021/SA021S15	SES226	-1.36203	-45.4451	-44.0831
BLOCK02/SES021/SA021S23	SES062	-2.6572	-49.2347	-46.5775
BLOCK02/SES021/SA021S23	SES087	-0.984158	-47.5616	-46.5775
BLOCK02/SES021/SA021S23	SES206	-1.81154	-48.389	-46.5775
BLOCK02/SES021/SA021S23	SES226	-1.43855	-48.016	-46.5775
BLOCK02/SES021/SA021S27	SES002	-1.38623	-46.5178	-45.1315
BLOCK02/SES021/SA021S27	SES016	-2.99704	-48.1286	-45.1315
BLOCK02/SES021/SA021S27	SES019	-1.6604	-46.7919	-45.1315
BLOCK02/SES021/SA021S27	SES062	-1.33543	-46.467	-45.1315
BLOCK02/SES021/SA021S29	SES087	-0.84586	-46.5476	-45.7018
BLOCK02/SES021/SA021S29	SES125	-1.65928	-47.3611	-45.7018
BLOCK02/SES021/SA021S29	SES206	-0.708969	-46.4108	-45.7018
BLOCK02/SES021/SA021S29	SES226	-0.888138	-46.5899	-45.7018
BLOCK04/SES043/SA043S09	SES083	-2.18964	-47.1228	-44.9332
BLOCK04/SES043/SA043S09	SES101	-1.88225	-46.8154	-44.9332
BLOCK04/SES043/SA043S09	SES144	-0.721386	-45.6546	-44.9332
BLOCK04/SES043/SA043S09	SES172	-2.39838	-47.3316	-44.9332
BLOCK04/SES043/SA043S11	SES083	-1.41564	-45.3771	-43.9615
BLOCK04/SES043/SA043S11	SES101	-1.60947	-45.5709	-43.9615
BLOCK04/SES043/SA043S11	SES144	-0.894669	-44.8561	-43.9615
BLOCK04/SES043/SA043S11	SES172	-1.53476	-45.4962	-43.9615
BLOCK04/SES043/SA043S23	SES083	-1.14601	-46.0527	-44.9067
BLOCK04/SES043/SA043S23	SES144	-0.113922	-45.0206	-44.9067
BLOCK04/SES043/SA043S23	SES177	-1.52835	-46.4351	-44.9067
BLOCK04/SES043/SA043S23	SES275	-0.744949	-45.6517	-44.9067
BLOCK04/SES043/SA043S26	SES083	-1.57772	-45.825	-44.2473
BLOCK04/SES043/SA043S26	SES101	-1.43544	-45.6827	-44.2473
BLOCK04/SES043/SA043S26	SES144	-0.236221	-44.4835	-44.2473
BLOCK04/SES043/SA043S26	SES177	-1.92196	-46.1692	-44.2473
BLOCK04/SES043/SA043S28	SES016	-1.87569	-46.0202	-44.1445
BLOCK04/SES043/SA043S28	SES083	-1.22272	-45.3673	-44.1445
BLOCK04/SES043/SA043S28	SES101	-0.852642	-44.9972	-44.1445
BLOCK04/SES043/SA043S28	SES144	-0.702358	-44.8469	-44.1445
BLOCK04/SES044/SA044S10	SES127	-2.56725	-50.0578	-47.4906
BLOCK04/SES044/SA044S10	SES144	-0.524483	-48.0151	-47.4906
BLOCK04/SES044/SA044S10	SES147	-2.70115	-50.1917	-47.4906
BLOCK04/SES044/SA044S10	SES148	-1.60402	-49.0946	-47.4906
BLOCK04/SES044/SA044S11	SES101	-1.5802	-47.1753	-45.5951
BLOCK04/SES044/SA044S11	SES144	-0.527996	-46.123	-45.5951
BLOCK04/SES044/SA044S11	SES147	-1.64757	-47.2426	-45.5951
BLOCK04/SES044/SA044S11	SES177	-2.13406	-47.7291	-45.5951
BLOCK04/SES044/SA044S24	SES007	-2.15267	-47.2796	-45.1269
BLOCK04/SES044/SA044S24	SES101	-1.03506	-46.162	-45.1269
BLOCK04/SES044/SA044S24	SES147	-1.98283	-47.1097	-45.1269
BLOCK04/SES044/SA044S24	SES177	-1.8969	-47.0238	-45.1269
BLOCK04/SES044/SA044S26	SES007	-1.92357	-46.8526	-44.9291
BLOCK04/SES044/SA044S26	SES016	-2.18736	-47.1164	-44.9291
BLOCK04/SES044/SA044S26	SES101	-1.79346	-46.7225	-44.9291
BLOCK04/SES044/SA044S26	SES147	-1.01636	-45.9454	-44.9291
BLOCK04/SES044/SA044S29	SES007	-1.67189	-45.5742	-43.9023
BLOCK04/SES044/SA044S29	SES101	-0.587341	-44.4897	-43.9023
BLOCK04/SES044/SA044S29	SES147	-1.41087	-45.3132	-43.9023
BLOCK04/SES044/SA044S29	SES177	-1.22292	-45.1252	-43.9023
BLOCK04/SES046/SA046S13	SES101	-2.38585	-48.9782	-46.5924
BLOCK04/SES046/SA046S13	SES144	-1.118	-47.7104	-46.5924
BLOCK04/SES046/SA046S13	SES147	-2.27927	-48.8716	-46.5924
BLOCK04/SES046/SA046S13	SES177	-2.06815	-48.6605	-46.5924
BLOCK04/SES046/SA046S15	SES048	-1.01898	-44.883	-43.864
BLOCK04/SES046/SA046S15	SES083	-1.47345	-45.3374	-43.864
BLOCK04/SES046/SA046S15	SES120	-2.27502	-46.139	-43.864
BLOCK04/SES046/SA046S15	SES148	-1.38382	-45.2478	-43.864
BLOCK04/SES046/SA046S22	SES101	-1.396	-46.565	-45.169
BLOCK04/SES046/SA046S22	SES144	-0.720516	-45.8895	-45.169
BLOCK04/SES046/SA046S22	SES147	-1.61128	-46.7803	-45.169
BLOCK04/SES046/SA046S22	SES172	-1.60133	-46.7703	-45.169
BLOCK04/SES046/SA046S25	SES083	-2.11212	-46.013	-43.9009
BLOCK04/SES046/SA046S25	SES127	-1.62874	-45.5296	-43.9009
BLOCK04/SES046/SA046S25	SES144	-1.18663	-45.0875	-43.9009
BLOCK04/SES046/SA046S25	SES148	-1.55256	-45.4534	-43.9009
BLOCK04/SES046/SA046S28	SES007	-2.4777	-48.3487	-45.871
BLOCK04/SES046/SA046S28	SES105	-1.57309	-47.4441	-45.871
BLOCK04/SES046/SA046S28	SES147	-1.75069	-47.6217	-45.871
BLOCK04/SES046/SA046S28	SES148	-1.08632	-46.9574	-45.871
BLOCK04/SES049/SA049S16	SES104	-3.45561	-51.3432	-47.8875
BLOCK04/SES049/SA049S16	SES106	-9.03579	-56.9233	-47.8875
BLOCK04/SES049/SA049S16	SES120	-1.74282	-49.6304	-47.8875
BLOCK04/SES049/SA049S16	SES206	-3.01289	-50.9004	-47.8875
BLOCK04/SES049/SA049S18	SES099	-1.03922	-48.5767	-47.5375
BLOCK04/SES049/SA049S18	SES104	-3.0489	-50.5864	-47.5375
BLOCK04/SES049/SA049S18	SES125	-3.05122	-50.5887	-47.5375
BLOCK04/SES049/SA049S18	SES206	-2.83685	-50.3743	-47.5375
BLOCK04/SES049/SA049S25	SES087	-2.46687	-49.6906	-47.2237
BLOCK04/SES049/SA049S25	SES104	-2.10905	-49.3328	-47.2237
BLOCK04/SES049/SA049S25	SES125	-2.78595	-50.0097	-47.2237
BLOCK04/SES049/SA049S25	SES206	-2.03808	-49.2618	-47.2237
BLOCK04/SES049/SA049S27	SES099	-0.914242	-47.7328	-46.8186
BLOCK04/SES049/SA049S27	SES104	-1.17619	-47.9948	-46.8186
BLOCK04/SES049/SA049S27	SES125	-1.76807	-48.5866	-46.8186
BLOCK04/SES049/SA049S27	SES206	-1.62445	-48.443	-46.8186
BLOCK04/SES049/SA049S29	SES099	-1.34089	-46.8815	-45.5406
BLOCK04/SES049/SA049S29	SES104	-1.90035	-47.441	-45.5406
BLOCK04/SES049/SA049S29	SES125	-1.9754	-47.516	-45.5406
BLOCK04/SES049/SA049S29	SES206	-1.70517	-47.2458	-45.5406
BLOCK06/SES063/SA063S09	SES068	-2.21664	-46.8643	-44.6477
BLOCK06/SES063/SA063S09	SES083	-2.05638	-46.7041	-44.6477
BLOCK06/SES063/SA063S09	SES177	-2.17717	-46.8249	-44.6477
BLOCK06/SES063/SA063S09	SES187	-1.86787	-46.5156	-44.6477
BLOCK06/SES063/SA063S10	SES068	-2.51213	-47.143	-44.6309
BLOCK06/SES063/SA063S10	SES083	-1.52841	-46.1593	-44.6309
BLOCK06/SES063/SA063S10	SES172	-1.15751	-45.7884	-44.6309
BLOCK06/SES063/SA063S10	SES187	-1.89417	-46.5251	-44.6309
BLOCK06/SES063/SA063S20	SES068	-2.28614	-46.6743	-44.3881
BLOCK06/SES063/SA063S20	SES083	-1.9218	-46.3099	-44.3881
BLOCK06/SES063/SA063S20	SES172	-1.46634	-45.8545	-44.3881
BLOCK06/SES063/SA063S20	SES187	-1.27086	-45.659	-44.3881
BLOCK06/SES063/SA063S24	SES029	-2.02497	-46.002	-43.977
BLOCK06/SES063/SA063S24	SES083	-1.2182	-45.1952	-43.977
BLOCK06/SES063/SA063S24	SES177	-1.4478	-45.4248	-43.977
BLOCK06/SES063/SA063S24	SES189	-2.27272	-46.2497	-43.977
BLOCK06/SES063/SA063S27	SES083	-1.32026	-45.6988	-44.3785
BLOCK06/SES063/SA063S27	SES172	-1.46309	-45.8416	-44.3785
BLOCK06/SES063/SA063S27	SES187	-1.60088	-45.9794	-44.3785
BLOCK06/SES063/SA063S27	SES292	-1.71427	-46.0928	-44.3785
BLOCK06/SES067/SA067S12	SES083	-2.525	-46.9669	-44.4419
BLOCK06/SES067/SA067S12	SES172	-2.14645	-46.5883	-44.4419
BLOCK06/SES067/SA067S12	SES202	-0.432007	-44.8739	-44.4419
BLOCK06/SES067/SA067S12	SES292	-1.35654	-45.7984	-44.4419
BLOCK06/SES067/SA067S14	SES085	-1.32989	-45.4734	-44.1435
BLOCK06/SES067/SA067S14	SES177	-1.41648	-45.56	-44.1435
BLOCK06/SES067/SA067S14	SES183	-0.155655	-44.2992	-44.1435
BLOCK06/SES067/SA067S14	SES202	-0.624329	-44.7678	-44.1435
BLOCK06/SES067/SA067S21	SES144	-0.732109	-46.7397	-46.0075
BLOCK06/SES067/SA067S21	SES177	-1.60567	-47.6132	-46.0075
BLOCK06/SES067/SA067S21	SES183	-1.93604	-47.9436	-46.0075
BLOCK06/SES067/SA067S21	SES189	-0.859802	-46.8674	-46.0075
BLOCK06/SES067/SA067S25	SES085	-1.13803	-45.2937	-44.1557
BLOCK06/SES067/SA067S25	SES177	-1.33371	-45.4894	-44.1557
BLOCK06/SES067/SA067S25	SES183	-0.783741	-44.9394	-44.1557
BLOCK06/SES067/SA067S25	SES202	-0.523582	-44.6792	-44.1557
BLOCK06/SES067/SA067S29	SES085	-1.54021	-46.8616	-45.3214
BLOCK06/SES067/SA067S29	SES177	-1.75264	-47.074	-45.3214
BLOCK06/SES067/SA067S29	SES183	-0.0968285	-45.4182	-45.3214
BLOCK06/SES067/SA067S29	SES202	-0.530819	-45.8522	-45.3214
BLOCK06/SES069/SA069S12	SES029	-1.88824	-46.9644	-45.0761
BLOCK06/SES069/SA069S12	SES082	-1.08821	-46.1643	-45.0761
BLOCK06/SES069/SA069S12	SES087	-1.23497	-46.3111	-45.0761
BLOCK06/SES069/SA069S12	SES206	-0.974148	-46.0503	-45.0761
BLOCK06/SES069/SA069S13	SES029	-1.86462	-47.701	-45.8364
BLOCK06/SES069/SA069S13	SES087	-1.1187	-46.9551	-45.8364
BLOCK06/SES069/SA069S13	SES206	-0.94072	-46.7771	-45.8364
BLOCK06/SES069/SA069S13	SES226	-0.622898	-46.4593	-45.8364
BLOCK06/SES069/SA069S23	SES029	-1.10172	-45.3245	-44.2227
BLOCK06/SES069/SA069S23	SES087	-1.19271	-45.4155	-44.2227
BLOCK06/SES069/SA069S23	SES206	-1.79353	-46.0163	-44.2227
BLOCK06/SES069/SA069S23	SES226	-0.555161	-44.7779	-44.2227
BLOCK06/SES069/SA069S25	SES087	-1.56333	-46.2698	-44.7065
BLOCK06/SES069/SA069S25	SES206	-2.0217	-46.7282	-44.7065
BLOCK06/SES069/SA069S25	SES226	-0.575523	-45.282	-44.7065
BLOCK06/SES069/SA069S25	SES270	-1.88304	-46.5895	-44.7065
BLOCK06/SES069/SA069S27	SES087	-1.53815	-46.8214	-45.2833
BLOCK06/SES069/SA069S27	SES206	-0.657028	-45.9403	-45.2833
BLOCK06/SES069/SA069S27	SES226	-0.294273	-45.5775	-45.2833
BLOCK06/SES069/SA069S27	SES270	-0.877819	-46.1611	-45.2833
BLOCK08/SES081/SA081S11	SES060	-1.45455	-47.0709	-45.6164
BLOCK08/SES081/SA081S11	SES062	-1.40858	-47.025	-45.6164
BLOCK08/SES081/SA081S11	SES117	-2.10342	-47.7198	-45.6164
BLOCK08/SES081/SA081S11	SES162	-1.50111	-47.1175	-45.6164
BLOCK08/SES081/SA081S13	SES016	-0.938183	-45.1081	-44.1699
BLOCK08/SES081/SA081S13	SES060	-0.368931	-44.5388	-44.1699
BLOCK08/SES081/SA081S13	SES068	-0.655231	-44.8251	-44.1699
BLOCK08/SES081/SA081S13	SES129	-1.2169	-45.3868	-44.1699
BLOCK08/SES081/SA081S24	SES060	-1.30212	-46.4766	-45.1744
BLOCK08/SES081/SA081S24	SES068	-1.2689	-46.4433	-45.1744
BLOCK08/SES081/SA081S24	SES117	-2.08341	-47.2578	-45.1744
BLOCK08/SES081/SA081S24	SES275	-1.633	-46.8074	-45.1744
BLOCK08/SES081/SA081S27	SES007	-1.069	-45.8229	-44.7539
BLOCK08/SES081/SA081S27	SES060	-0.863811	-45.6177	-44.7539
BLOCK08/SES081/SA081S27	SES117	-1.15552	-45.9094	-44.7539
BLOCK08/SES081/SA081S27	SES275	-1.53364	-46.2876	-44.7539
BLOCK08/SES081/SA081S29	SES007	-0.811829	-45.1921	-44.3803
BLOCK08/SES081/SA081S29	SES060	-0.836502	-45.2168	-44.3803
BLOCK08/SES081/SA081S29	SES117	-1.38616	-45.7664	-44.3803
BLOCK08/SES081/SA081S29	SES275	-1.55315	-45.9334	-44.3803
BLOCK08/SES086/SA086S11	SES029	-3.35489	-50.6573	-47.3024
BLOCK08/SES086/SA086S11	SES082	-2.29128	-49.5937	-47.3024
BLOCK08/SES086/SA086S11	SES087	-0.919857	-48.2223	-47.3024
BLOCK08/SES086/SA086S11	SES206	-2.33119	-49.6336	-47.3024
BLOCK08/SES086/SA086S12	SES029	-2.66932	-48.3266	-45.6573
BLOCK08/SES086/SA086S12	SES082	-2.21506	-47.8724	-45.6573
BLOCK08/SES086/SA086S12	SES087	-0.422241	-46.0796	-45.6573
BLOCK08/SES086/SA086S12	SES206	-1.74424	-47.4016	-45.6573
BLOCK08/SES086/SA086S20	SES029	-2.8988	-47.695	-44.7962
BLOCK08/SES086/SA086S20	SES082	-2.08749	-46.8837	-44.7962
BLOCK08/SES086/SA086S20	SES087	-0.916256	-45.7124	-44.7962
BLOCK08/SES086/SA086S20	SES206	-1.28008	-46.0763	-44.7962
BLOCK08/SES086/SA086S24	SES087	-1.10823	-46.3498	-45.2416
BLOCK08/SES086/SA086S24	SES104	-2.10545	-47.347	-45.2416
BLOCK08/SES086/SA086S24	SES120	-1.83662	-47.0782	-45.2416
BLOCK08/SES086/SA086S24	SES206	-1.3448	-46.5864	-45.2416
BLOCK08/SES086/SA086S28	SES029	-2.30396	-46.6042	-44.3002
BLOCK08/SES086/SA086S28	SES082	-1.49328	-45.7935	-44.3002
BLOCK08/SES086/SA086S28	SES087	-0.719803	-45.02	-44.3002
BLOCK08/SES086/SA086S28	SES206	-1.29247	-45.5927	-44.3002
BLOCK08/SES089/SA089S13	SES087	-1.41644	-47.7056	-46.2891
BLOCK08/SES089/SA089S13	SES206	-1.65052	-47.9396	-46.2891
BLOCK08/SES089/SA089S13	SES226	-1.343	-47.6321	-46.2891
BLOCK08/SES089/SA089S13	SES270	-2.48471	-48.7738	-46.2891
BLOCK08/SES089/SA089S14	SES062	-1.65857	-47.4116	-45.753
BLOCK08/SES089/SA089S14	SES087	-0.96352	-46.7165	-45.753
BLOCK08/SES089/SA089S14	SES206	-1.84906	-47.6021	-45.753
BLOCK08/SES089/SA089S14	SES226	-1.91087	-47.6639	-45.753
BLOCK08/SES089/SA089S23	SES087	-0.895763	-47.5732	-46.6774
BLOCK08/SES089/SA089S23	SES206	-2.44342	-49.1209	-46.6774
BLOCK08/SES089/SA089S23	SES226	-1.90353	-48.581	-46.6774
BLOCK08/SES089/SA089S23	SES270	-2.93572	-49.6132	-46.6774
BLOCK08/SES089/SA089S25	SES062	-2.49552	-48.2009	-45.7054
BLOCK08/SES089/SA089S25	SES087	-1.4089	-47.1143	-45.7054
BLOCK08/SES089/SA089S25	SES206	-3.34575	-49.0512	-45.7054
BLOCK08/SES089/SA089S25	SES226	-1.36302	-47.0684	-45.7054
BLOCK08/SES089/SA089S28	SES062	-2.13969	-48.0987	-45.959
BLOCK08/SES089/SA089S28	SES087	-0.587482	-46.5465	-45.959
BLOCK08/SES089/SA089S28	SES206	-2.41432	-48.3733	-45.959
BLOCK08/SES089/SA089S28	SES226	-1.48273	-47.4417	-45.959
BLOCK09/SES097/SA097S11	SES099	-0.247776	-47.9267	-47.679
BLOCK09/SES097/SA097S11	SES125	-2.93323	-50.6122	-47.679
BLOCK09/SES097/SA097S11	SES206	-2.55139	-50.2303	-47.679
BLOCK09/SES097/SA097S11	SES226	-0.503479	-48.1824	-47.679
BLOCK09/SES097/SA097S14	SES062	-2.04578	-49.8027	-47.7569
BLOCK09/SES097/SA097S14	SES099	-1.25912	-49.016	-47.7569
BLOCK09/SES097/SA097S14	SES104	-1.62145	-49.3783	-47.7569
BLOCK09/SES097/SA097S14	SES206	-2.5127	-50.2696	-47.7569
BLOCK09/SES097/SA097S22	SES099	-0.580143	-48.5791	-47.999
BLOCK09/SES097/SA097S22	SES206	-2.77219	-50.7712	-47.999
BLOCK09/SES097/SA097S22	SES226	-1.8044	-49.8034	-47.999
BLOCK09/SES097/SA097S22	SES270	-0.756569	-48.7556	-47.999
BLOCK09/SES097/SA097S26	SES099	-1.30248	-48.5577	-47.2552
BLOCK09/SES097/SA097S26	SES120	-0.764091	-48.0193	-47.2552
BLOCK09/SES097/SA097S26	SES206	-2.18472	-49.4399	-47.2552
BLOCK09/SES097/SA097S26	SES226	-1.97912	-49.2344	-47.2552
BLOCK09/SES097/SA097S28	SES099	-1.27937	-47.5819	-46.3025
BLOCK09/SES097/SA097S28	SES120	-1.43735	-47.7398	-46.3025
BLOCK09/SES097/SA097S28	SES206	-2.87407	-49.1766	-46.3025
BLOCK09/SES097/SA097S28	SES226	-2.16987	-48.4724	-46.3025
BLOCK09/SES098/SA098S11	SES127	-2.73559	-48.8639	-46.1283
BLOCK09/SES098/SA098S11	SES144	-1.54392	-47.6722	-46.1283
BLOCK09/SES098/SA098S11	SES147	-0.747623	-46.8759	-46.1283
BLOCK09/SES098/SA098S11	SES148	-2.94606	-49.0744	-46.1283
BLOCK09/SES098/SA098S12	SES127	-3.84932	-52.4849	-48.6356
BLOCK09/SES098/SA098S12	SES144	-1.55573	-50.1913	-48.6356
BLOCK09/SES098/SA098S12	SES147	-1.12727	-49.7629	-48.6356
BLOCK09/SES098/SA098S12	SES189	-1.1772	-49.8128	-48.6356
BLOCK09/SES098/SA098S20	SES127	-3.62854	-50.762	-47.1334
BLOCK09/SES098/SA098S20	SES147	-1.17963	-48.3131	-47.1334
BLOCK09/SES098/SA098S20	SES148	-3.35242	-50.4859	-47.1334
BLOCK09/SES098/SA098S20	SES292	-3.32243	-50.4559	-47.1334
BLOCK09/SES098/SA098S23	SES127	-2.9744	-48.7034	-45.7291
BLOCK09/SES098/SA098S23	SES147	-1.2243	-46.9534	-45.7291
BLOCK09/SES098/SA098S23	SES187	-1.95307	-47.6821	-45.7291
BLOCK09/SES098/SA098S23	SES292	-2.54764	-48.2767	-45.7291
BLOCK09/SES098/SA098S27	SES127	-3.64309	-50.1822	-46.5391
BLOCK09/SES098/SA098S27	SES147	-2.10712	-48.6462	-46.5391
BLOCK09/SES098/SA098S27	SES148	-2.59592	-49.135	-46.5391
BLOCK09/SES098/SA098S27	SES292	-2.12741	-48.6665	-46.5391
BLOCK10/SES102/SA102S13	SES101	-1.09495	-46.5738	-45.4788
BLOCK10/SES102/SA102S13	SES105	-1.24179	-46.7206	-45.4788
BLOCK10/SES102/SA102S13	SES120	-1.1931	-46.6719	-45.4788
BLOCK10/SES102/SA102S13	SES158	-2.58998	-48.0688	-45.4788
BLOCK10/SES102/SA102S14	SES007	-0.838333	-44.658	-43.8197
BLOCK10/SES102/SA102S14	SES101	-0.566689	-44.3864	-43.8197
BLOCK10/SES102/SA102S14	SES105	-0.469196	-44.2889	-43.8197
BLOCK10/SES102/SA102S14	SES147	-1.71091	-45.5306	-43.8197
BLOCK10/SES102/SA102S22	SES007	-1.21301	-44.8816	-43.6686
BLOCK10/SES102/SA102S22	SES101	-0.902843	-44.5715	-43.6686
BLOCK10/SES102/SA102S22	SES105	-0.806583	-44.4752	-43.6686
BLOCK10/SES102/SA102S22	SES158	-1.86606	-45.5347	-43.6686
BLOCK10/SES102/SA102S25	SES007	-1.15421	-45.281	-44.1268
BLOCK10/SES102/SA102S25	SES101	-0.624763	-44.7516	-44.1268
BLOCK10/SES102/SA102S25	SES105	-0.931583	-45.0584	-44.1268
BLOCK10/SES102/SA102S25	SES147	-2.10371	-46.2305	-44.1268
BLOCK10/SES102/SA102S27	SES007	-1.31749	-47.1223	-45.8048
BLOCK10/SES102/SA102S27	SES101	-1.03603	-46.8408	-45.8048
BLOCK10/SES102/SA102S27	SES105	-1.10731	-46.9121	-45.8048
BLOCK10/SES102/SA102S27	SES147	-1.68093	-47.4857	-45.8048
BLOCK10/SES103/SA103S14	SES105	-1.17536	-46.1444	-44.9691
BLOCK10/SES103/SA103S14	SES106	-2.15005	-47.1191	-44.9691
BLOCK10/SES103/SA103S14	SES120	-1.80655	-46.7756	-44.9691
BLOCK10/SES103/SA103S14	SES206	-1.57648	-46.5456	-44.9691
BLOCK10/SES103/SA103S15	SES099	-1.97133	-49.7163	-47.7449
BLOCK10/SES103/SA103S15	SES101	-2.79791	-50.5428	-47.7449
BLOCK10/SES103/SA103S15	SES104	-1.98487	-49.7298	-47.7449
BLOCK10/SES103/SA103S15	SES125	-3.2374	-50.9823	-47.7449
BLOCK10/SES103/SA103S24	SES104	-1.78999	-47.2983	-45.5083
BLOCK10/SES103/SA103S24	SES125	-1.83747	-47.3457	-45.5083
BLOCK10/SES103/SA103S24	SES148	-1.62767	-47.1359	-45.5083
BLOCK10/SES103/SA103S24	SES158	-2.31349	-47.8218	-45.5083
BLOCK10/SES103/SA103S26	SES104	-1.66804	-47.2627	-45.5947
BLOCK10/SES103/SA103S26	SES106	-2.10279	-47.6975	-45.5947
BLOCK10/SES103/SA103S26	SES125	-1.66183	-47.2565	-45.5947
BLOCK10/SES103/SA103S26	SES148	-1.61314	-47.2078	-45.5947
BLOCK10/SES103/SA103S28	SES104	-1.61571	-48.7408	-47.1251
BLOCK10/SES103/SA103S28	SES106	-3.26859	-50.3937	-47.1251
BLOCK10/SES103/SA103S28	SES125	-2.02467	-49.1497	-47.1251
BLOCK10/SES103/SA103S28	SES206	-2.43259	-49.5577	-47.1251
BLOCK12/SES121/SA121S12	SES042	-2.39123	-48.1483	-45.7571
BLOCK12/SES121/SA121S12	SES087	-1.85597	-47.6131	-45.7571
BLOCK12/SES121/SA121S12	SES105	-0.902863	-46.66	-45.7571
BLOCK12/SES121/SA121S12	SES206	-1.23778	-46.9949	-45.7571
BLOCK12/SES121/SA121S14	SES007	-2.04814	-47.9821	-45.9339
BLOCK12/SES121/SA121S14	SES105	-1.68936	-47.6233	-45.9339
BLOCK12/SES121/SA121S14	SES106	-2.73841	-48.6723	-45.9339
BLOCK12/SES121/SA121S14	SES206	-1.83572	-47.7696	-45.9339
BLOCK12/SES121/SA121S23	SES105	-1.57687	-48.204	-46.6271
BLOCK12/SES121/SA121S23	SES106	-1.7386	-48.3657	-46.6271
BLOCK12/SES121/SA121S23	SES120	-1.56921	-48.1963	-46.6271
BLOCK12/SES121/SA121S23	SES206	-1.22183	-47.8489	-46.6271
BLOCK12/SES121/SA121S25	SES007	-1.6821	-48.0242	-46.3421
BLOCK12/SES121/SA121S25	SES105	-1.85963	-48.2017	-46.3421
BLOCK12/SES121/SA121S25	SES106	-2.22183	-48.5639	-46.3421
BLOCK12/SES121/SA121S25	SES206	-2.02729	-48.3694	-46.3421
BLOCK12/SES121/SA121S27	SES087	-1.04732	-47.7752	-46.7279
BLOCK12/SES121/SA121S27	SES105	-2.16621	-48.8941	-46.7279
BLOCK12/SES121/SA121S27	SES120	-1.0773	-47.8051	-46.7279
BLOCK12/SES121/SA121S27	SES206	-1.87277	-48.6006	-46.7279
BLOCK12/SES124/SA124S16	SES042	-0.491577	-44.3598	-43.8683
BLOCK12/SES124/SA124S16	SES082	-1.53227	-45.4005	-43.8683
BLOCK12/SES124/SA124S16	SES183	-1.49361	-45.3619	-43.8683
BLOCK12/SES124/SA124S16	SES206	-1.14996	-45.0182	-43.8683
BLOCK12/SES124/SA124S17	SES105	-1.59841	-46.4307	-44.8322
BLOCK12/SES124/SA124S17	SES149	-2.14824	-46.9805	-44.8322
BLOCK12/SES124/SA124S17	SES158	-2.62336	-47.4556	-44.8322
BLOCK12/SES124/SA124S17	SES275	-1.2037	-46.0359	-44.8322
BLOCK12/SES124/SA124S23	SES105	-1.49301	-44.8639	-43.3709
BLOCK12/SES124/SA124S23	SES125	-0.366642	-43.7375	-43.3709
BLOCK12/SES124/SA124S23	SES129	-1.06776	-44.4387	-43.3709
BLOCK12/SES124/SA124S23	SES158	-1.63068	-45.0016	-43.3709
BLOCK12/SES124/SA124S26	SES105	-2.0098	-46.8809	-44.8711
BLOCK12/SES124/SA124S26	SES125	-0.343266	-45.2143	-44.8711
BLOCK12/SES124/SA124S26	SES129	-1.66097	-46.532	-44.8711
BLOCK12/SES124/SA124S26	SES158	-1.54566	-46.4167	-44.8711
BLOCK12/SES124/SA124S28	SES104	-1.28934	-45.2772	-43.9878
BLOCK12/SES124/SA124S28	SES106	-1.09103	-45.0789	-43.9878
BLOCK12/SES124/SA124S28	SES125	-0.58342	-44.5712	-43.9878
BLOCK12/SES124/SA124S28	SES275	-1.81544	-45.8033	-43.9878
BLOCK12/SES126/SA126S13	SES007	-2.26384	-48.5273	-46.2634
BLOCK12/SES126/SA126S13	SES162	-1.49738	-47.7608	-46.2634
BLOCK12/SES126/SA126S13	SES177	-1.86048	-48.1239	-46.2634
BLOCK12/SES126/SA126S13	SES180	-1.67596	-47.9394	-46.2634
BLOCK12/SES126/SA126S14	SES144	-0.607666	-45.1603	-44.5527
BLOCK12/SES126/SA126S14	SES148	-1.37366	-45.9263	-44.5527
BLOCK12/SES126/SA126S14	SES177	-1.06279	-45.6155	-44.5527
BLOCK12/SES126/SA126S14	SES180	-1.18673	-45.7394	-44.5527
BLOCK12/SES126/SA126S20	SES007	-1.84266	-46.9756	-45.1329
BLOCK12/SES126/SA126S20	SES162	-1.59276	-46.7257	-45.1329
BLOCK12/SES126/SA126S20	SES172	-2.58771	-47.7207	-45.1329
BLOCK12/SES126/SA126S20	SES180	-1.30479	-46.4377	-45.1329
BLOCK12/SES126/SA126S24	SES120	-1.32349	-46.0655	-44.742
BLOCK12/SES126/SA126S24	SES162	-0.814907	-45.5569	-44.742
BLOCK12/SES126/SA126S24	SES177	-1.37118	-46.1131	-44.742
BLOCK12/SES126/SA126S24	SES180	-0.536427	-45.2784	-44.742
BLOCK12/SES126/SA126S26	SES120	-1.75401	-46.7488	-44.9948
BLOCK12/SES126/SA126S26	SES177	-1.21627	-46.2111	-44.9948
BLOCK12/SES126/SA126S26	SES180	-1.07826	-46.0731	-44.9948
BLOCK12/SES126/SA126S26	SES202	-1.39276	-46.3876	-44.9948
BLOCK12/SES128/SA128S10	SES087	-2.53772	-47.2566	-44.7188
BLOCK12/SES128/SA128S10	SES206	-1.45428	-46.1731	-44.7188
BLOCK12/SES128/SA128S10	SES226	-1.11378	-45.8326	-44.7188
BLOCK12/SES128/SA128S10	SES270	-1.05059	-45.7694	-44.7188
BLOCK12/SES128/SA128S12	SES120	-0.940109	-45.7692	-44.8291
BLOCK12/SES128/SA128S12	SES158	-2.12425	-46.9533	-44.8291
BLOCK12/SES128/SA128S12	SES206	-1.05698	-45.8861	-44.8291
BLOCK12/SES128/SA128S12	SES226	-1.71574	-46.5448	-44.8291
BLOCK12/SES128/SA128S21	SES106	-3.02613	-50.3567	-47.3306
BLOCK12/SES128/SA128S21	SES120	-1.55444	-48.885	-47.3306
BLOCK12/SES128/SA128S21	SES206	-2.58299	-49.9135	-47.3306
BLOCK12/SES128/SA128S21	SES226	-0.873344	-48.2039	-47.3306
BLOCK12/SES128/SA128S24	SES087	-2.18229	-47.5489	-45.3666
BLOCK12/SES128/SA128S24	SES120	-1.25388	-46.6205	-45.3666
BLOCK12/SES128/SA128S24	SES206	-1.52628	-46.8929	-45.3666
BLOCK12/SES128/SA128S24	SES226	-1.58908	-46.9557	-45.3666
BLOCK12/SES128/SA128S27	SES099	-0.753872	-45.0816	-44.3278
BLOCK12/SES128/SA128S27	SES120	-1.11381	-45.4416	-44.3278
BLOCK12/SES128/SA128S27	SES206	-1.48802	-45.8158	-44.3278
BLOCK12/SES128/SA128S27	SES226	-1.0698	-45.3976	-44.3278
BLOCK13/SES130/SA130S13	SES143	-1.94199	-48.7927	-46.8508
BLOCK13/SES130/SA130S13	SES144	-0.732315	-47.5831	-46.8508
BLOCK13/SES130/SA130S13	SES146	-0.94136	-47.7921	-46.8508
BLOCK13/SES130/SA130S13	SES275	-2.40026	-49.251	-46.8508
BLOCK13/SES130/SA130S15	SES143	-1.82488	-46.9773	-45.1524
BLOCK13/SES130/SA130S15	SES144	-0.776546	-45.9289	-45.1524
BLOCK13/SES130/SA130S15	SES146	-0.656639	-45.809	-45.1524
BLOCK13/SES130/SA130S15	SES275	-1.64183	-46.7942	-45.1524
BLOCK13/SES130/SA130S23	SES127	-2.15278	-49.0245	-46.8718
BLOCK13/SES130/SA130S23	SES144	-1.67694	-48.5487	-46.8718
BLOCK13/SES130/SA130S23	SES146	-1.20559	-48.0774	-46.8718
BLOCK13/SES130/SA130S23	SES162	-1.4049	-48.2767	-46.8718
BLOCK13/SES130/SA130S25	SES127	-1.28907	-45.4484	-44.1593
BLOCK13/SES130/SA130S25	SES144	-0.422905	-44.5823	-44.1593
BLOCK13/SES130/SA130S25	SES146	-0.510658	-44.67	-44.1593
BLOCK13/SES130/SA130S25	SES275	-1.16007	-45.3194	-44.1593
BLOCK13/SES130/SA130S28	SES127	-1.72164	-47.2557	-45.5341
BLOCK13/SES130/SA130S28	SES144	-1.45212	-46.9862	-45.5341
BLOCK13/SES130/SA130S28	SES146	-0.636703	-46.1708	-45.5341
BLOCK13/SES130/SA130S28	SES275	-1.40111	-46.9352	-45.5341
BLOCK13/SES131/SA131S13	SES002	-1.90071	-48.7318	-46.8311
BLOCK13/SES131/SA131S13	SES007	-2.86155	-49.6927	-46.8311
BLOCK13/SES131/SA131S13	SES099	-1.94104	-48.7722	-46.8311
BLOCK13/SES131/SA131S13	SES105	-1.20983	-48.0409	-46.8311
BLOCK13/SES131/SA131S14	SES104	-1.44712	-45.8871	-44.44
BLOCK13/SES131/SA131S14	SES106	-2.20454	-46.6445	-44.44
BLOCK13/SES131/SA131S14	SES125	-1.22541	-45.6654	-44.44
BLOCK13/SES131/SA131S14	SES148	-1.07841	-45.5184	-44.44
BLOCK13/SES131/SA131S20	SES104	-2.37999	-49.5935	-47.2135
BLOCK13/SES131/SA131S20	SES106	-3.27505	-50.4885	-47.2135
BLOCK13/SES131/SA131S20	SES125	-1.9057	-49.1192	-47.2135
BLOCK13/SES131/SA131S20	SES148	-1.23758	-48.4511	-47.2135
BLOCK13/SES131/SA131S22	SES099	-1.07708	-46.3582	-45.2811
BLOCK13/SES131/SA131S22	SES104	-1.54462	-46.8257	-45.2811
BLOCK13/SES131/SA131S22	SES125	-1.67594	-46.957	-45.2811
BLOCK13/SES131/SA131S22	SES206	-2.0436	-47.3247	-45.2811
BLOCK13/SES131/SA131S29	SES087	-2.01049	-48.4791	-46.4686
BLOCK13/SES131/SA131S29	SES104	-2.16291	-48.6315	-46.4686
BLOCK13/SES131/SA131S29	SES125	-2.25913	-48.7277	-46.4686
BLOCK13/SES131/SA131S29	SES206	-2.61844	-49.087	-46.4686
BLOCK13/SES132/SA132S11	SES083	-1.73757	-45.403	-43.6655
BLOCK13/SES132/SA132S11	SES120	-0.666012	-44.3315	-43.6655
BLOCK13/SES132/SA132S11	SES127	-1.18411	-44.8496	-43.6655
BLOCK13/SES132/SA132S11	SES275	-1.48368	-45.1491	-43.6655
BLOCK13/SES132/SA132S12	SES083	-2.31089	-46.2198	-43.9089
BLOCK13/SES132/SA132S12	SES143	-2.57734	-46.4862	-43.9089
BLOCK13/SES132/SA132S12	SES144	-0.823357	-44.7322	-43.9089
BLOCK13/SES132/SA132S12	SES148	-0.87989	-44.7888	-43.9089
BLOCK13/SES132/SA132S22	SES062	-1.06279	-45.2307	-44.1679
BLOCK13/SES132/SA132S22	SES083	-1.64445	-45.8124	-44.1679
BLOCK13/SES132/SA132S22	SES127	-0.765121	-44.933	-44.1679
BLOCK13/SES132/SA132S22	SES275	-0.887737	-45.0556	-44.1679
BLOCK13/SES132/SA132S24	SES007	-1.01938	-44.8653	-43.846
BLOCK13/SES132/SA132S24	SES083	-1.70114	-45.5471	-43.846
BLOCK13/SES132/SA132S24	SES127	-1.40522	-45.2512	-43.846
BLOCK13/SES132/SA132S24	SES275	-0.942013	-44.788	-43.846
BLOCK13/SES132/SA132S27	SES083	-2.3993	-47.7998	-45.4005
BLOCK13/SES132/SA132S27	SES120	-0.853992	-46.2545	-45.4005
BLOCK13/SES132/SA132S27	SES127	-2.06041	-47.4609	-45.4005
BLOCK13/SES132/SA132S27	SES275	-1.71659	-47.1171	-45.4005
BLOCK14/SES141/SA141S09	SES143	-1.36369	-45.7509	-44.3872
BLOCK14/SES141/SA141S09	SES144	-0.760937	-45.1482	-44.3872
BLOCK14/SES141/SA141S09	SES162	-1.52402	-45.9113	-44.3872
BLOCK14/SES141/SA141S09	SES180	-1.08522	-45.4725	-44.3872
BLOCK14/SES141/SA141S15	SES127	-1.39711	-45.9933	-44.5962
BLOCK14/SES141/SA141S15	SES144	-1.00612	-45.6023	-44.5962
BLOCK14/SES141/SA141S15	SES162	-2.0317	-46.6279	-44.5962
BLOCK14/SES141/SA141S15	SES180	-1.01777	-45.614	-44.5962
BLOCK14/SES141/SA141S24	SES127	-0.738495	-44.7307	-43.9922
BLOCK14/SES141/SA141S24	SES144	-1.46294	-45.4551	-43.9922
BLOCK14/SES141/SA141S24	SES162	-1.47528	-45.4674	-43.9922
BLOCK14/SES141/SA141S24	SES183	-1.31701	-45.3092	-43.9922
BLOCK14/SES141/SA141S26	SES142	-1.67569	-47.1641	-45.4884
BLOCK14/SES141/SA141S26	SES144	-1.38617	-46.8746	-45.4884
BLOCK14/SES141/SA141S26	SES172	-1.54347	-47.0319	-45.4884
BLOCK14/SES141/SA141S26	SES180	-1.16783	-46.6562	-45.4884
BLOCK14/SES141/SA141S29	SES127	-0.407333	-44.3761	-43.9687
BLOCK14/SES141/SA141S29	SES142	-0.852604	-44.8213	-43.9687
BLOCK14/SES141/SA141S29	SES144	-0.645424	-44.6142	-43.9687
BLOCK14/SES141/SA141S29	SES180	-0.403332	-44.3721	-43.9687
BLOCK15/SES157/SA157S08	SES083	-2.63918	-47.4196	-44.7804
BLOCK15/SES157/SA157S08	SES127	-1.72572	-46.5062	-44.7804
BLOCK15/SES157/SA157S08	SES148	-1.4718	-46.2522	-44.7804
BLOCK15/SES157/SA157S08	SES292	-1.66991	-46.4503	-44.7804
BLOCK15/SES157/SA157S11	SES083	-2.96831	-48.134	-45.1657
BLOCK15/SES157/SA157S11	SES127	-1.53035	-46.6961	-45.1657
BLOCK15/SES157/SA157S11	SES148	-1.85048	-47.0162	-45.1657
BLOCK15/SES157/SA157S11	SES292	-1.79095	-46.9567	-45.1657
BLOCK15/SES157/SA157S21	SES127	-1.08224	-46.4853	-45.403
BLOCK15/SES157/SA157S21	SES148	-0.480087	-45.8831	-45.403
BLOCK15/SES157/SA157S21	SES158	-4.25285	-49.6559	-45.403
BLOCK15/SES157/SA157S21	SES292	-1.51054	-46.9136	-45.403
BLOCK15/SES157/SA157S24	SES127	-1.4974	-46.1568	-44.6594
BLOCK15/SES157/SA157S24	SES148	-1.53792	-46.1974	-44.6594
BLOCK15/SES157/SA157S24	SES183	-1.4825	-46.1419	-44.6594
BLOCK15/SES157/SA157S24	SES292	-1.40776	-46.0672	-44.6594
BLOCK15/SES157/SA157S26	SES007	-1.06675	-45.053	-43.9862
BLOCK15/SES157/SA157S26	SES127	-0.809143	-44.7954	-43.9862
BLOCK15/SES157/SA157S26	SES147	-1.61675	-45.603	-43.9862
BLOCK15/SES157/SA157S26	SES148	-1.28592	-45.2721	-43.9862
BLOCK16/SES161/SA161S10	SES007	-1.55389	-46.8294	-45.2755
BLOCK16/SES161/SA161S10	SES105	-1.20922	-46.4847	-45.2755
BLOCK16/SES161/SA161S10	SES158	-2.06811	-47.3436	-45.2755
BLOCK16/SES161/SA161S10	SES275	-1.60985	-46.8854	-45.2755
BLOCK16/SES161/SA161S12	SES007	-1.71059	-46.6508	-44.9402
BLOCK16/SES161/SA161S12	SES105	-1.69583	-46.6361	-44.9402
BLOCK16/SES161/SA161S12	SES158	-2.53367	-47.4739	-44.9402
BLOCK16/SES161/SA161S12	SES275	-1.24717	-46.1874	-44.9402
BLOCK16/SES161/SA161S20	SES007	-1.72633	-47.426	-45.6997
BLOCK16/SES161/SA161S20	SES105	-2.11528	-47.815	-45.6997
BLOCK16/SES161/SA161S20	SES158	-1.96659	-47.6663	-45.6997
BLOCK16/SES161/SA161S20	SES275	-2.01329	-47.713	-45.6997
BLOCK16/SES161/SA161S23	SES007	-2.01735	-47.7375	-45.7201
BLOCK16/SES161/SA161S23	SES105	-1.45	-47.1701	-45.7201
BLOCK16/SES161/SA161S23	SES148	-1.27406	-46.9942	-45.7201
BLOCK16/SES161/SA161S23	SES158	-3.39474	-49.1149	-45.7201
BLOCK16/SES161/SA161S28	SES007	-1.79507	-46.4347	-44.6397
BLOCK16/SES161/SA161S28	SES105	-1.88784	-46.5275	-44.6397
BLOCK16/SES161/SA161S28	SES158	-1.5021	-46.1418	-44.6397
BLOCK16/SES161/SA161S28	SES206	-1.2649	-45.9046	-44.6397
BLOCK16/SES164/SA164S11	SES104	-0.782276	-47.4422	-46.66
BLOCK16/SES164/SA164S11	SES125	-1.37677	-48.0367	-46.66
BLOCK16/SES164/SA164S11	SES158	-1.96517	-48.6251	-46.66
BLOCK16/SES164/SA164S11	SES206	-2.31401	-48.974	-46.66
BLOCK16/SES164/SA164S13	SES099	-1.39454	-48.6703	-47.2758
BLOCK16/SES164/SA164S13	SES104	-1.89285	-49.1686	-47.2758
BLOCK16/SES164/SA164S13	SES125	-2.59681	-49.8726	-47.2758
BLOCK16/SES164/SA164S13	SES206	-1.95348	-49.2293	-47.2758
BLOCK16/SES164/SA164S24	SES002	-0.669086	-47.6034	-46.9343
BLOCK16/SES164/SA164S24	SES099	-0.790108	-47.7244	-46.9343
BLOCK16/SES164/SA164S24	SES125	-1.78867	-48.723	-46.9343
BLOCK16/SES164/SA164S24	SES226	-0.114712	-47.049	-46.9343
BLOCK16/SES164/SA164S27	SES087	-2.58101	-50.127	-47.546
BLOCK16/SES164/SA164S27	SES125	-1.92693	-49.4729	-47.546
BLOCK16/SES164/SA164S27	SES206	-3.13483	-50.6808	-47.546
BLOCK16/SES164/SA164S27	SES226	-0.96666	-48.5126	-47.546
BLOCK16/SES164/SA164S29	SES002	-0.360615	-46.6585	-46.2979
BLOCK16/SES164/SA164S29	SES019	-1.73088	-48.0288	-46.2979
BLOCK16/SES164/SA164S29	SES125	-0.984505	-47.2824	-46.2979
BLOCK16/SES164/SA164S29	SES226	-0.980949	-47.2789	-46.2979
BLOCK16/SES169/SA169S13	SES117	-1.35937	-46.4917	-45.1323
BLOCK16/SES169/SA169S13	SES144	-0.898003	-46.0303	-45.1323
BLOCK16/SES169/SA169S13	SES146	-1.43273	-46.5651	-45.1323
BLOCK16/SES169/SA169S13	SES162	-1.52938	-46.6617	-45.1323
BLOCK16/SES169/SA169S14	SES144	-0.736458	-44.5491	-43.8126
BLOCK16/SES169/SA169S14	SES148	-1.38076	-45.1934	-43.8126
BLOCK16/SES169/SA169S14	SES177	-1.0075	-44.8201	-43.8126
BLOCK16/SES169/SA169S14	SES180	-1.08785	-44.9005	-43.8126
BLOCK16/SES169/SA169S24	SES117	-1.3928	-47.7812	-46.3884
BLOCK16/SES169/SA169S24	SES144	-0.753124	-47.1415	-46.3884
BLOCK16/SES169/SA169S24	SES146	-1.13701	-47.5254	-46.3884
BLOCK16/SES169/SA169S24	SES162	-1.56858	-47.9569	-46.3884
BLOCK16/SES169/SA169S27	SES127	-1.2397	-45.3734	-44.1337
BLOCK16/SES169/SA169S27	SES129	-1.10215	-45.2359	-44.1337
BLOCK16/SES169/SA169S27	SES144	-1.36058	-45.4943	-44.1337
BLOCK16/SES169/SA169S27	SES146	-1.21114	-45.3449	-44.1337
BLOCK16/SES169/SA169S29	SES144	-0.479931	-44.319	-43.839
BLOCK16/SES169/SA169S29	SES162	-0.545769	-44.3848	-43.839
BLOCK16/SES169/SA169S29	SES177	-1.35259	-45.1916	-43.839
BLOCK16/SES169/SA169S29	SES180	-1.10456	-44.9436	-43.839
BLOCK17/SES171/SA171S12	SES083	-2.15145	-48.5541	-46.4027
BLOCK17/SES171/SA171S12	SES148	-1.4097	-47.8124	-46.4027
BLOCK17/SES171/SA171S12	SES172	-1.99136	-48.394	-46.4027
BLOCK17/SES171/SA171S12	SES292	-2.09791	-48.5006	-46.4027
BLOCK17/SES171/SA171S15	SES148	-1.45906	-48.5012	-47.0421
BLOCK17/SES171/SA171S15	SES177	-1.82862	-48.8707	-47.0421
BLOCK17/SES171/SA171S15	SES180	-2.35388	-49.396	-47.0421
BLOCK17/SES171/SA171S15	SES292	-2.15738	-49.1995	-47.0421
BLOCK17/SES171/SA171S22	SES007	-1.72531	-46.4421	-44.7168
BLOCK17/SES171/SA171S22	SES148	-1.28574	-46.0025	-44.7168
BLOCK17/SES171/SA171S22	SES177	-1.389	-46.1058	-44.7168
BLOCK17/SES171/SA171S22	SES180	-1.84574	-46.5625	-44.7168
BLOCK17/SES171/SA171S25	SES101	-2.89669	-50.3764	-47.4797
BLOCK17/SES171/SA171S25	SES120	-3.11443	-50.5941	-47.4797
BLOCK17/SES171/SA171S25	SES177	-2.18542	-49.6651	-47.4797
BLOCK17/SES171/SA171S25	SES180	-2.39605	-49.8758	-47.4797
BLOCK17/SES171/SA171S27	SES177	-1.20097	-46.706	-45.5051
BLOCK17/SES171/SA171S27	SES180	-2.0006	-47.5057	-45.5051
BLOCK17/SES171/SA171S27	SES189	-1.80977	-47.3148	-45.5051
BLOCK17/SES171/SA171S27	SES292	-2.38064	-47.8857	-45.5051
BLOCK17/SES173/SA173S13	SES162	-1.9127	-47.2678	-45.3551
BLOCK17/SES173/SA173S13	SES177	-2.04141	-47.3965	-45.3551
BLOCK17/SES173/SA173S13	SES180	-1.81178	-47.1668	-45.3551
BLOCK17/SES173/SA173S13	SES292	-1.41053	-46.7656	-45.3551
BLOCK17/SES173/SA173S14	SES007	-3.48829	-50.5232	-47.0349
BLOCK17/SES173/SA173S14	SES162	-3.51256	-50.5475	-47.0349
BLOCK17/SES173/SA173S14	SES177	-3.8673	-50.9022	-47.0349
BLOCK17/SES173/SA173S14	SES180	-4.89438	-51.9293	-47.0349
BLOCK17/SES173/SA173S24	SES144	-1.59622	-49.4602	-47.864
BLOCK17/SES173/SA173S24	SES162	-2.80475	-50.6687	-47.864
BLOCK17/SES173/SA173S24	SES177	-2.7933	-50.6573	-47.864
BLOCK17/SES173/SA173S24	SES180	-3.56043	-51.4244	-47.864
BLOCK17/SES173/SA173S27	SES162	-2.63642	-48.6402	-46.0038
BLOCK17/SES173/SA173S27	SES177	-2.18134	-48.1852	-46.0038
BLOCK17/SES173/SA173S27	SES180	-1.98285	-47.9867	-46.0038
BLOCK17/SES173/SA173S27	SES292	-1.6511	-47.6549	-46.0038
BLOCK17/SES173/SA173S29	SES162	-2.19696	-50.3494	-48.1525
BLOCK17/SES173/SA173S29	SES175	-1.44129	-49.5937	-48.1525
BLOCK17/SES173/SA173S29	SES177	-1.8803	-50.0328	-48.1525
BLOCK17/SES173/SA173S29	SES292	-2.63281	-50.7853	-48.1525
BLOCK18/SES182/SA182S10	SES144	-0.885777	-44.239	-43.3532
BLOCK18/SES182/SA182S10	SES177	-1.2724	-44.6256	-43.3532
BLOCK18/SES182/SA182S10	SES180	-1.39528	-44.7485	-43.3532
BLOCK18/SES182/SA182S10	SES275	-0.892971	-44.2462	-43.3532
BLOCK18/SES182/SA182S12	SES144	-0.609249	-44.464	-43.8547
BLOCK18/SES182/SA182S12	SES177	-1.42986	-45.2846	-43.8547
BLOCK18/SES182/SA182S12	SES180	-1.45238	-45.3071	-43.8547
BLOCK18/SES182/SA182S12	SES275	-1.10274	-44.9575	-43.8547
BLOCK18/SES182/SA182S21	SES117	-1.42606	-46.227	-44.801
BLOCK18/SES182/SA182S21	SES144	-0.695133	-45.4961	-44.801
BLOCK18/SES182/SA182S21	SES162	-0.718273	-45.5192	-44.801
BLOCK18/SES182/SA182S21	SES180	-1.58703	-46.388	-44.801
BLOCK18/SES182/SA182S23	SES117	-1.30356	-46.2204	-44.9169
BLOCK18/SES182/SA182S23	SES144	-0.976223	-45.8931	-44.9169
BLOCK18/SES182/SA182S23	SES180	-2.00552	-46.9224	-44.9169
BLOCK18/SES182/SA182S23	SES275	-1.19117	-46.108	-44.9169
BLOCK18/SES182/SA182S25	SES007	-0.498394	-45.0085	-44.5101
BLOCK18/SES182/SA182S25	SES162	-0.478271	-44.9884	-44.5101
BLOCK18/SES182/SA182S25	SES177	-1.15773	-45.6678	-44.5101
BLOCK18/SES182/SA182S25	SES180	-0.784412	-45.2945	-44.5101
BLOCK18/SES184/SA184S12	SES177	-1.50411	-46.7034	-45.1993
BLOCK18/SES184/SA184S12	SES180	-1.74731	-46.9466	-45.1993
BLOCK18/SES184/SA184S12	SES189	-2.83879	-48.0381	-45.1993
BLOCK18/SES184/SA184S12	SES292	-1.41615	-46.6155	-45.1993
BLOCK18/SES184/SA184S13	SES101	-1.44201	-47.3931	-45.9511
BLOCK18/SES184/SA184S13	SES177	-1.7613	-47.7124	-45.9511
BLOCK18/SES184/SA184S13	SES180	-1.23813	-47.1893	-45.9511
BLOCK18/SES184/SA184S13	SES292	-1.57606	-47.5272	-45.9511
BLOCK18/SES184/SA184S22	SES177	-1.45319	-46.1776	-44.7244
BLOCK18/SES184/SA184S22	SES180	-0.849682	-45.574	-44.7244
BLOCK18/SES184/SA184S22	SES189	-3.26562	-47.99	-44.7244
BLOCK18/SES184/SA184S22	SES292	-1.65744	-46.3818	-44.7244
BLOCK18/SES184/SA184S25	SES101	-1.32368	-46.2096	-44.8859
BLOCK18/SES184/SA184S25	SES177	-1.69836	-46.5843	-44.8859
BLOCK18/SES184/SA184S25	SES180	-1.08051	-45.9664	-44.8859
BLOCK18/SES184/SA184S25	SES292	-0.925365	-45.8113	-44.8859
BLOCK18/SES184/SA184S27	SES083	-2.02636	-47.3479	-45.3215
BLOCK18/SES184/SA184S27	SES177	-1.6147	-46.9362	-45.3215
BLOCK18/SES184/SA184S27	SES202	-1.33335	-46.6549	-45.3215
BLOCK18/SES184/SA184S27	SES292	-1.31594	-46.6375	-45.3215
BLOCK20/SES204/SA204S12	SES062	-2.40218	-46.7302	-44.328
BLOCK20/SES204/SA204S12	SES083	-2.75842	-47.0865	-44.328
BLOCK20/SES204/SA204S12	SES206	-1.84639	-46.1744	-44.328
BLOCK20/SES204/SA204S12	SES226	-2.26513	-46.5932	-44.328
BLOCK20/SES204/SA204S14	SES068	-1.28897	-44.7048	-43.4159
BLOCK20/SES204/SA204S14	SES087	-1.19095	-44.6068	-43.4159
BLOCK20/SES204/SA204S14	SES206	-2.20929	-45.6252	-43.4159
BLOCK20/SES204/SA204S14	SES226	-2.21238	-45.6283	-43.4159
BLOCK20/SES204/SA204S22	SES068	-1.6516	-46.2538	-44.6022
BLOCK20/SES204/SA204S22	SES082	-3.2308	-47.833	-44.6022
BLOCK20/SES204/SA204S22	SES083	-3.00021	-47.6024	-44.6022
BLOCK20/SES204/SA204S22	SES206	-1.64192	-46.2441	-44.6022
BLOCK20/SES204/SA204S25	SES062	-2.50479	-46.9075	-44.4027
BLOCK20/SES204/SA204S25	SES083	-2.4944	-46.8971	-44.4027
BLOCK20/SES204/SA204S25	SES206	-1.48159	-45.8843	-44.4027
BLOCK20/SES204/SA204S25	SES226	-1.84077	-46.2435	-44.4027
BLOCK20/SES204/SA204S27	SES068	-1.45143	-47.4665	-46.015
BLOCK20/SES204/SA204S27	SES082	-2.91703	-48.9321	-46.015
BLOCK20/SES204/SA204S27	SES087	-1.83155	-47.8466	-46.015
BLOCK20/SES204/SA204S27	SES206	-2.87537	-48.8904	-46.015
BLOCK20/SES207/SA207S10	SES127	-1.33784	-46.2011	-44.8633
BLOCK20/SES207/SA207S10	SES183	-1.51345	-46.3768	-44.8633
BLOCK20/SES207/SA207S10	SES189	-2.38094	-47.2442	-44.8633
BLOCK20/SES207/SA207S10	SES292	-1.44115	-46.3045	-44.8633
BLOCK20/SES207/SA207S11	SES127	-2.80843	-49.8339	-47.0254
BLOCK20/SES207/SA207S11	SES183	-1.71053	-48.736	-47.0254
BLOCK20/SES207/SA207S11	SES187	-2.01971	-49.0451	-47.0254
BLOCK20/SES207/SA207S11	SES292	-1.38568	-48.4111	-47.0254
BLOCK20/SES207/SA207S25	SES068	-1.56587	-47.123	-45.5571
BLOCK20/SES207/SA207S25	SES083	-3.0132	-48.5703	-45.5571
BLOCK20/SES207/SA207S25	SES127	-1.44743	-47.0045	-45.5571
BLOCK20/SES207/SA207S25	SES187	-1.18266	-46.7398	-45.5571
BLOCK20/SES207/SA207S27	SES127	-1.83961	-47.5316	-45.692
BLOCK20/SES207/SA207S27	SES183	-1.18091	-46.8729	-45.692
BLOCK20/SES207/SA207S27	SES187	-1.40318	-47.0951	-45.692
BLOCK20/SES207/SA207S27	SES292	-1.88365	-47.5756	-45.692
BLOCK20/SES207/SA207S29	SES083	-3.57828	-49.4156	-45.8374
BLOCK20/SES207/SA207S29	SES085	-1.68447	-47.5218	-45.8374
BLOCK20/SES207/SA207S29	SES172	-2.22484	-48.0622	-45.8374
BLOCK20/SES207/SA207S29	SES189	-2.67417	-48.5115	-45.8374
BLOCK22/SES221/SA221S12	SES068	-1.7161	-46.2885	-44.5724
BLOCK22/SES221/SA221S12	SES143	-2.0176	-46.59	-44.5724
BLOCK22/SES221/SA221S12	SES175	-0.959129	-45.5316	-44.5724
BLOCK22/SES221/SA221S12	SES202	-0.972843	-45.5453	-44.5724
BLOCK22/SES221/SA221S15	SES085	-2.09502	-48.6691	-46.5741
BLOCK22/SES221/SA221S15	SES143	-1.91933	-48.4934	-46.5741
BLOCK22/SES221/SA221S15	SES175	-0.691761	-47.2658	-46.5741
BLOCK22/SES221/SA221S15	SES187	-1.19483	-47.7689	-46.5741
BLOCK22/SES221/SA221S23	SES068	-2.06272	-47.2124	-45.1497
BLOCK22/SES221/SA221S23	SES143	-1.91428	-47.064	-45.1497
BLOCK22/SES221/SA221S23	SES175	-0.806885	-45.9566	-45.1497
BLOCK22/SES221/SA221S23	SES189	-0.79615	-45.9458	-45.1497
BLOCK22/SES221/SA221S27	SES085	-2.4964	-48.9832	-46.4868
BLOCK22/SES221/SA221S27	SES143	-1.8756	-48.3624	-46.4868
BLOCK22/SES221/SA221S27	SES175	-1.51685	-48.0037	-46.4868
BLOCK22/SES221/SA221S27	SES189	0.274944	-46.2119	-46.4868
BLOCK22/SES221/SA221S29	SES085	-3.0713	-50.6281	-47.5568
BLOCK22/SES221/SA221S29	SES143	-1.54312	-49.0999	-47.5568
BLOCK22/SES221/SA221S29	SES175	-1.82136	-49.3781	-47.5568
BLOCK22/SES221/SA221S29	SES187	-0.561676	-48.1184	-47.5568
BLOCK22/SES223/SA223S11	SES143	-1.73897	-48.0605	-46.3216
BLOCK22/SES223/SA223S11	SES144	-1.88904	-48.2106	-46.3216
BLOCK22/SES223/SA223S11	SES175	-0.994198	-47.3158	-46.3216
BLOCK22/SES223/SA223S11	SES187	-1.29527	-47.6168	-46.3216
BLOCK22/SES223/SA223S13	SES068	-2.14103	-48.3752	-46.2341
BLOCK22/SES223/SA223S13	SES143	-2.3166	-48.5507	-46.2341
BLOCK22/SES223/SA223S13	SES146	-2.13441	-48.3685	-46.2341
BLOCK22/SES223/SA223S13	SES202	-0.71011	-46.9442	-46.2341
BLOCK22/SES223/SA223S22	SES143	-1.89186	-48.118	-46.2261
BLOCK22/SES223/SA223S22	SES144	-1.9846	-48.2107	-46.2261
BLOCK22/SES223/SA223S22	SES175	-1.61792	-47.844	-46.2261
BLOCK22/SES223/SA223S22	SES187	-1.08704	-47.3131	-46.2261
BLOCK22/SES223/SA223S25	SES068	-2.13996	-48.4657	-46.3257
BLOCK22/SES223/SA223S25	SES143	-1.72416	-48.0499	-46.3257
BLOCK22/SES223/SA223S25	SES175	-0.96648	-47.2922	-46.3257
BLOCK22/SES223/SA223S25	SES187	-1.18889	-47.5146	-46.3257
BLOCK22/SES223/SA223S27	SES143	-0.836189	-48.8539	-48.0177
BLOCK22/SES223/SA223S27	SES146	-1.34174	-49.3594	-48.0177
BLOCK22/SES223/SA223S27	SES187	-0.99847	-49.0162	-48.0177
BLOCK22/SES223/SA223S27	SES292	-2.24887	-50.2666	-48.0177
BLOCK27/SES273/SA273S12	SES099	-0.755817	-44.4645	-43.7086
BLOCK27/SES273/SA273S12	SES104	-0.889153	-44.5978	-43.7086
BLOCK27/SES273/SA273S12	SES125	-1.50774	-45.2164	-43.7086
BLOCK27/SES273/SA273S12	SES206	-0.808399	-44.517	-43.7086
BLOCK27/SES273/SA273S13	SES099	-0.614048	-44.8068	-44.1927
BLOCK27/SES273/SA273S13	SES104	-1.56722	-45.7599	-44.1927
BLOCK27/SES273/SA273S13	SES206	-1.12278	-45.3155	-44.1927
BLOCK27/SES273/SA273S13	SES292	-1.19306	-45.3858	-44.1927
BLOCK27/SES273/SA273S21	SES099	-0.530388	-45.2423	-44.7119
BLOCK27/SES273/SA273S21	SES148	-1.86522	-46.5771	-44.7119
BLOCK27/SES273/SA273S21	SES149	-2.1806	-46.8925	-44.7119
BLOCK27/SES273/SA273S21	SES177	-1.55597	-46.2679	-44.7119
BLOCK27/SES273/SA273S25	SES104	-1.42582	-45.5451	-44.1193
BLOCK27/SES273/SA273S25	SES125	-1.77946	-45.8988	-44.1193
BLOCK27/SES273/SA273S25	SES158	-0.798771	-44.9181	-44.1193
BLOCK27/SES273/SA273S25	SES206	-1.26473	-45.3841	-44.1193
BLOCK27/SES273/SA273S27	SES099	-1.07567	-45.1503	-44.0746
BLOCK27/SES273/SA273S27	SES104	-1.62503	-45.6997	-44.0746
BLOCK27/SES273/SA273S27	SES149	-1.17615	-45.2508	-44.0746
BLOCK27/SES273/SA273S27	SES275	-1.44368	-45.5183	-44.0746
BLOCK27/SES274/SA274S10	SES105	-1.74056	-45.6965	-43.9559
BLOCK27/SES274/SA274S10	SES125	-1.55542	-45.5113	-43.9559
BLOCK27/SES274/SA274S10	SES129	-0.945885	-44.9018	-43.9559
BLOCK27/SES274/SA274S10	SES158	-4.25051	-48.2064	-43.9559
BLOCK27/SES274/SA274S11	SES105	-1.83579	-45.4496	-43.6138
BLOCK27/SES274/SA274S11	SES149	-1.77325	-45.3871	-43.6138
BLOCK27/SES274/SA274S11	SES158	-2.96389	-46.5777	-43.6138
BLOCK27/SES274/SA274S11	SES275	-1.2923	-44.9061	-43.6138
BLOCK27/SES274/SA274S21	SES105	-1.52077	-44.8531	-43.3324
BLOCK27/SES274/SA274S21	SES129	-1.04188	-44.3742	-43.3324
BLOCK27/SES274/SA274S21	SES149	-1.52137	-44.8537	-43.3324
BLOCK27/SES274/SA274S21	SES158	-4.26114	-47.5935	-43.3324
BLOCK27/SES274/SA274S24	SES105	-1.67205	-45.8033	-44.1312
BLOCK27/SES274/SA274S24	SES129	-1.15575	-45.287	-44.1312
BLOCK27/SES274/SA274S24	SES149	-2.33666	-46.4679	-44.1312
BLOCK27/SES274/SA274S24	SES158	-5.14952	-49.2808	-44.1312
BLOCK27/SES274/SA274S29	SES105	-2.22751	-46.9151	-44.6876
BLOCK27/SES274/SA274S29	SES106	-4.69481	-49.3824	-44.6876
BLOCK27/SES274/SA274S29	SES120	-1.58545	-46.273	-44.6876
BLOCK27/SES274/SA274S29	SES275	-1.67935	-46.3669	-44.6876
BLOCK27/SES276/SA276S16	SES148	-1.58697	-46.6968	-45.1098
BLOCK27/SES276/SA276S16	SES172	-1.16197	-46.2718	-45.1098
BLOCK27/SES276/SA276S16	SES180	-1.748	-46.8578	-45.1098
BLOCK27/SES276/SA276S16	SES292	-0.992275	-46.1021	-45.1098
BLOCK27/SES276/SA276S17	SES101	-1.35463	-46.9138	-45.5591
BLOCK27/SES276/SA276S17	SES177	-1.74723	-47.3064	-45.5591
BLOCK27/SES276/SA276S17	SES180	-1.47366	-47.0328	-45.5591
BLOCK27/SES276/SA276S17	SES292	-1.34668	-46.9058	-45.5591
BLOCK27/SES276/SA276S24	SES101	-0.654358	-44.5831	-43.9287
BLOCK27/SES276/SA276S24	SES177	-0.716137	-44.6449	-43.9287
BLOCK27/SES276/SA276S24	SES180	-0.734631	-44.6634	-43.9287
BLOCK27/SES276/SA276S24	SES292	-1.62856	-45.5573	-43.9287
BLOCK27/SES276/SA276S26	SES101	-2.27174	-48.0059	-45.7341
BLOCK27/SES276/SA276S26	SES177	-1.73262	-47.4668	-45.7341
BLOCK27/SES276/SA276S26	SES180	-1.26189	-46.996	-45.7341
BLOCK27/SES276/SA276S26	SES292	-0.929169	-46.6633	-45.7341
BLOCK27/SES276/SA276S28	SES101	-1.48969	-46.7779	-45.2882
BLOCK27/SES276/SA276S28	SES177	-1.89212	-47.1803	-45.2882
BLOCK27/SES276/SA276S28	SES180	-1.04392	-46.3321	-45.2882
BLOCK27/SES276/SA276S28	SES292	-1.33175	-46.62	-45.2882
BLOCK27/SES277/SA277S12	SES101	-1.18067	-46.6841	-45.5034
BLOCK27/SES277/SA277S12	SES177	-1.82429	-47.3277	-45.5034
BLOCK27/SES277/SA277S12	SES180	-1.6672	-47.1706	-45.5034
BLOCK27/SES277/SA277S12	SES292	-1.80822	-47.3116	-45.5034
BLOCK27/SES277/SA277S14	SES177	-1.6462	-48.1897	-46.5435
BLOCK27/SES277/SA277S14	SES180	-2.01943	-48.5629	-46.5435
BLOCK27/SES277/SA277S14	SES189	-1.38725	-47.9307	-46.5435
BLOCK27/SES277/SA277S14	SES292	-2.43086	-48.9743	-46.5435
BLOCK27/SES277/SA277S21	SES177	-1.31336	-46.0061	-44.6927
BLOCK27/SES277/SA277S21	SES180	-1.97058	-46.6633	-44.6927
BLOCK27/SES277/SA277S21	SES189	-1.48148	-46.1742	-44.6927
BLOCK27/SES277/SA277S21	SES292	-2.55107	-47.2438	-44.6927
BLOCK27/SES277/SA277S24	SES144	-0.840118	-46.9802	-46.1401
BLOCK27/SES277/SA277S24	SES177	-1.70815	-47.8483	-46.1401
BLOCK27/SES277/SA277S24	SES180	-1.96028	-48.1004	-46.1401
BLOCK27/SES277/SA277S24	SES189	-1.289	-47.4291	-46.1401
BLOCK27/SES277/SA277S29	SES177	-1.20322	-45.1222	-43.919
BLOCK27/SES277/SA277S29	SES180	-1.16384	-45.0828	-43.919
BLOCK27/SES277/SA277S29	SES202	-1.25146	-45.1704	-43.919
BLOCK27/SES277/SA277S29	SES292	-1.77742	-45.6964	-43.919
BLOCK27/SES279/SA279S09	SES120	-1.68574	-45.7306	-44.0448
BLOCK27/SES279/SA279S09	SES146	-1.2256	-45.2704	-44.0448
BLOCK27/SES279/SA279S09	SES206	-1.60554	-45.6504	-44.0448
BLOCK27/SES279/SA279S09	SES226	-2.22238	-46.2672	-44.0448
BLOCK27/SES279/SA279S10	SES099	-1.06656	-45.2455	-44.179
BLOCK27/SES279/SA279S10	SES206	-1.48954	-45.6685	-44.179
BLOCK27/SES279/SA279S10	SES226	-2.07386	-46.2528	-44.179
BLOCK27/SES279/SA279S10	SES292	-0.842426	-45.0214	-44.179
BLOCK27/SES279/SA279S20	SES099	-1.67112	-46.1164	-44.4453
BLOCK27/SES279/SA279S20	SES206	-1.35779	-45.8031	-44.4453
BLOCK27/SES279/SA279S20	SES226	-1.84494	-46.2902	-44.4453
BLOCK27/SES279/SA279S20	SES292	-0.632702	-45.078	-44.4453
BLOCK27/SES279/SA279S26	SES099	-1.9709	-46.8926	-44.9217
BLOCK27/SES279/SA279S26	SES206	-1.45008	-46.3718	-44.9217
BLOCK27/SES279/SA279S26	SES226	-1.55639	-46.4781	-44.9217
BLOCK27/SES279/SA279S26	SES292	-0.504002	-45.4257	-44.9217
BLOCK27/SES279/SA279S28	SES099	-0.998283	-45.2456	-44.2473
BLOCK27/SES279/SA279S28	SES120	-0.984138	-45.2315	-44.2473
BLOCK27/SES279/SA279S28	SES177	-1.74982	-45.9971	-44.2473
BLOCK27/SES279/SA279S28	SES206	-1.24452	-45.4918	-44.2473
BLOCK29/SES290/SA290S12	SES162	-0.842655	-44.429	-43.5864
BLOCK29/SES290/SA290S12	SES177	-1.27585	-44.8622	-43.5864
BLOCK29/SES290/SA290S12	SES180	-1.939	-45.5254	-43.5864
BLOCK29/SES290/SA290S12	SES292	-2.10867	-45.695	-43.5864
BLOCK29/SES290/SA290S13	SES007	-2.35758	-47.3064	-44.9488
BLOCK29/SES290/SA290S13	SES162	-2.22104	-47.1698	-44.9488
BLOCK29/SES290/SA290S13	SES177	-1.24089	-46.1897	-44.9488
BLOCK29/SES290/SA290S13	SES180	-1.89755	-46.8463	-44.9488
BLOCK29/SES290/SA290S22	SES177	-1.14196	-45.9257	-44.7837
BLOCK29/SES290/SA290S22	SES180	-1.46412	-46.2479	-44.7837
BLOCK29/SES290/SA290S22	SES202	-1.77712	-46.5609	-44.7837
BLOCK29/SES290/SA290S22	SES292	-1.77565	-46.5594	-44.7837
BLOCK29/SES290/SA290S25	SES162	-1.64553	-45.6327	-43.9872
BLOCK29/SES290/SA290S25	SES177	-2.04097	-46.0282	-43.9872
BLOCK29/SES290/SA290S25	SES180	-2.84066	-46.8278	-43.9872
BLOCK29/SES290/SA290S25	SES292	-1.81796	-45.8051	-43.9872
BLOCK29/SES290/SA290S29	SES177	-0.999763	-45.3714	-44.3717
BLOCK29/SES290/SA290S29	SES180	-1.39183	-45.7635	-44.3717
BLOCK29/SES290/SA290S29	SES275	-1.05581	-45.4275	-44.3717
BLOCK29/SES290/SA290S29	SES292	-1.1831	-45.5548	-44.3717
BLOCK29/SES291/SA291S11	SES105	-1.4325	-46.6984	-45.2659
BLOCK29/SES291/SA291S11	SES125	-2.04696	-47.3128	-45.2659
BLOCK29/SES291/SA291S11	SES158	-1.30571	-46.5716	-45.2659
BLOCK29/SES291/SA291S11	SES275	-1.98361	-47.2495	-45.2659
BLOCK29/SES291/SA291S12	SES158	0.0537567	-43.4367	-43.4905
BLOCK29/SES291/SA291S12	SES226	-2.05777	-45.5483	-43.4905
BLOCK29/SES291/SA291S12	SES270	0.225384	-43.2651	-43.4905
BLOCK29/SES291/SA291S12	SES275	-2.57161	-46.0621	-43.4905
BLOCK29/SES291/SA291S22	SES082	-1.29343	-46.1306	-44.8371
BLOCK29/SES291/SA291S22	SES158	-1.29794	-46.1351	-44.8371
BLOCK29/SES291/SA291S22	SES259	-1.77182	-46.609	-44.8371
BLOCK29/SES291/SA291S22	SES275	-2.0168	-46.8539	-44.8371
BLOCK29/SES291/SA291S24	SES104	-0.348751	-44.7315	-44.3827
BLOCK29/SES291/SA291S24	SES125	-0.398464	-44.7812	-44.3827
BLOCK29/SES291/SA291S24	SES158	-0.55542	-44.9382	-44.3827
BLOCK29/SES291/SA291S24	SES275	-1.87611	-46.2589	-44.3827
BLOCK29/SES291/SA291S27	SES158	-0.412685	-45.2275	-44.8148
BLOCK29/SES291/SA291S27	SES172	-2.31301	-47.1278	-44.8148
BLOCK29/SES291/SA291S27	SES275	-2.3596	-47.1744	-44.8148
BLOCK29/SES291/SA291S27	SES292	-1.03783	-45.8527	-44.8148
