BLOCK00/SES002/SA002S12	SES002	0.87056	-44.2876	-45.1582
BLOCK00/SES002/SA002S13	SES002	1.17027	-44.9648	-46.135
BLOCK00/SES002/SA002S23	SES002	0.836765	-44.4086	-45.2454
BLOCK00/SES002/SA002S26	SES002	0.927979	-44.4012	-45.3292
BLOCK00/SES002/SA002S28	SES002	1.30764	-44.3556	-45.6632
BLOCK00/SES007/SA007S14	SES007	0.728321	-43.9487	-44.677
BLOCK00/SES007/SA007S15	SES007	-0.0846596	-46.0328	-45.9481
BLOCK00/SES007/SA007S24	SES007	0.155365	-45.3507	-45.506
BLOCK00/SES007/SA007S27	SES007	-0.192467	-47.3029	-47.1104
BLOCK00/SES007/SA007S29	SES007	-0.459446	-46.196	-45.7365
BLOCK00/SES008/SA008S11	SES008	0.348022	-47.2501	-47.5981
BLOCK00/SES008/SA008S12	SES008	0.00362015	-47.1231	-47.1267
BLOCK00/SES008/SA008S19	SES008	0.816833	-46.9183	-47.7351
BLOCK00/SES008/SA008S22	SES008	0.289764	-47.0882	-47.3779
BLOCK00/SES008/SA008S29	SES008	0.626541	-46.5524	-47.179
BLOCK01/SES014/SA014S10	SES014	0.619946	-46.0535	-46.6734
BLOCK01/SES014/SA014S12	SES014	2.10893	-43.5115	-45.6205
BLOCK01/SES014/SA014S24	SES014	1.44225	-44.0977	-45.54
BLOCK01/SES014/SA014S26	SES014	2.15088	-42.3596	-44.5105
BLOCK01/SES014/SA014S28	SES014	2.04346	-44.6245	-46.6679
BLOCK01/SES016/SA016S12	SES016	0.435024	-49.1847	-49.6197
BLOCK01/SES016/SA016S13	SES016	-0.0745583	-46.4757	-46.4012
BLOCK01/SES016/SA016S22	SES016	0.452984	-46.5719	-47.0249
BLOCK01/SES016/SA016S25	SES016	0.829857	-43.6459	-44.4757
BLOCK01/SES016/SA016S27	SES016	1.19555	-44.1381	-45.3336
BLOCK01/SES019/SA019S13	SES019	0.946751	-45.545	-46.4918
BLOCK01/SES019/SA019S14	SES019	0.457146	-47.2865	-47.7436
BLOCK01/SES019/SA019S22	SES019	1.10423	-44.8546	-45.9588
BLOCK01/SES019/SA019S25	SES019	2.00471	-45.3889	-47.3936
BLOCK01/SES019/SA019S29	SES019	1.88598	-45.7676	-47.6536
BLOCK02/SES029/SA029S11	SES029	0.284035	-45.9889	-46.2729
BLOCK02/SES029/SA029S12	SES029	-0.643044	-45.6482	-45.0051
BLOCK02/SES029/SA029S20	SES029	0.0914116	-47.3535	-47.4449
BLOCK02/SES029/SA029S25	SES029	-0.0846405	-46.0268	-45.9422
BLOCK02/SES029/SA029S28	SES029	-0.0180626	-46.5604	-46.5424
BLOCK04/SES042/SA042S12	SES042	1.98228	-44.2643	-46.2466
BLOCK04/SES042/SA042S15	SES042	1.6205	-43.2614	-44.8819
BLOCK04/SES042/SA042S22	SES042	2.97035	-41.5488	-44.5192
BLOCK04/SES042/SA042S25	SES042	1.49275	-45.1415	-46.6343
BLOCK04/SES042/SA042S27	SES042	1.87072	-42.9116	-44.7823
BLOCK04/SES048/SA048S11	SES048	0.627872	-44.3764	-45.0042
BLOCK04/SES048/SA048S12	SES048	0.166447	-45.1812	-45.3476
BLOCK04/SES048/SA048S20	SES048	0.499569	-44.343	-44.8426
BLOCK04/SES048/SA048S23	SES048	1.41531	-45.602	-47.0173
BLOCK04/SES048/SA048S27	SES048	0.532764	-44.3489	-44.8817
BLOCK06/SES060/SA060S11	SES060	0.912651	-44.3569	-45.2696
BLOCK06/SES060/SA060S12	SES060	-0.580223	-46.8597	-46.2794
BLOCK06/SES060/SA060S22	SES060	-1.28627	-47.964	-46.6777
BLOCK06/SES060/SA060S24	SES060	0.437386	-45.0145	-45.4519
BLOCK06/SES060/SA060S28	SES060	0.376675	-44.264	-44.6407
BLOCK06/SES062/SA062S10	SES062	0.961731	-44.1254	-45.0871
BLOCK06/SES062/SA062S11	SES062	0.294178	-46.2568	-46.551
BLOCK06/SES062/SA062S21	SES062	1.11772	-42.8383	-43.956
BLOCK06/SES062/SA062S26	SES062	0.197201	-45.2268	-45.424
BLOCK06/SES062/SA062S29	SES062	0.829964	-44.1295	-44.9595
BLOCK06/SES068/SA068S14	SES068	-0.287136	-46.5556	-46.2685
BLOCK06/SES068/SA068S15	SES068	0.229229	-45.5104	-45.7396
BLOCK06/SES068/SA068S23	SES068	0.246475	-46.6353	-46.8818
BLOCK06/SES068/SA068S27	SES068	1.09169	-44.6104	-45.7021
BLOCK06/SES068/SA068S29	SES068	0.368092	-45.8511	-46.2192
BLOCK08/SES082/SA082S12	SES082	-0.203232	-46.7778	-46.5746
BLOCK08/SES082/SA082S14	SES082	0.260277	-47.3301	-47.5904
BLOCK08/SES082/SA082S21	SES082	0.791019	-46.0678	-46.8588
BLOCK08/SES082/SA082S24	SES082	0.340919	-45.9996	-46.3406
BLOCK08/SES082/SA082S28	SES082	0.673222	-45.7722	-46.4454
BLOCK08/SES083/SA083S14	SES083	-0.277168	-46.4624	-46.1852
BLOCK08/SES083/SA083S15	SES083	-0.735962	-45.5224	-44.7864
BLOCK08/SES083/SA083S24	SES083	-1.18543	-46.9837	-45.7982
BLOCK08/SES083/SA083S26	SES083	-0.341301	-45.8134	-45.4721
BLOCK08/SES083/SA083S29	SES083	-0.66095	-46.0827	-45.4217
BLOCK08/SES085/SA085S10	SES085	-0.297398	-46.7261	-46.4287
BLOCK08/SES085/SA085S13	SES085	-0.0727196	-47.0814	-47.0087
BLOCK08/SES085/SA085S22	SES085	-1.82838	-49.1984	-47.37
BLOCK08/SES085/SA085S26	SES085	-0.922428	-47.0633	-46.1409
BLOCK08/SES085/SA085S28	SES085	0.349857	-45.7303	-46.0802
BLOCK08/SES087/SA087S15	SES087	0.955025	-46.7071	-47.6621
BLOCK08/SES087/SA087S16	SES087	1.31449	-46.632	-47.9465
BLOCK08/SES087/SA087S24	SES087	0.881699	-44.6738	-45.5555
BLOCK08/SES087/SA087S26	SES087	0.635693	-44.5519	-45.1876
BLOCK08/SES087/SA087S29	SES087	1.01036	-46.2154	-47.2257
BLOCK09/SES099/SA099S15	SES099	0.667297	-45.7605	-46.4278
BLOCK09/SES099/SA099S16	SES099	1.0383	-46.1673	-47.2056
BLOCK09/SES099/SA099S24	SES099	0.462074	-46.4498	-46.9119
BLOCK09/SES099/SA099S26	SES099	1.17927	-44.9158	-46.0951
BLOCK09/SES099/SA099S29	SES099	1.01979	-45.6643	-46.6841
BLOCK10/SES101/SA101S11	SES101	0.263374	-44.81	-45.0734
BLOCK10/SES101/SA101S13	SES101	0.790466	-44.0722	-44.8627
BLOCK10/SES101/SA101S22	SES101	0.0568581	-47.3544	-47.4113
BLOCK10/SES101/SA101S24	SES101	0.511295	-44.6148	-45.1261
BLOCK10/SES101/SA101S28	SES101	-0.196934	-46.6967	-46.4998
BLOCK10/SES104/SA104S11	SES104	0.80991	-43.7247	-44.5346
BLOCK10/SES104/SA104S12	SES104	1.48616	-45.0714	-46.5576
BLOCK10/SES104/SA104S21	SES104	0.0761719	-46.9437	-47.0199
BLOCK10/SES104/SA104S24	SES104	0.693489	-44.91	-45.6035
BLOCK10/SES104/SA104S28	SES104	1.48975	-45.314	-46.8038
BLOCK10/SES105/SA105S12	SES105	0.249283	-45.6983	-45.9476
BLOCK10/SES105/SA105S13	SES105	0.341827	-45.228	-45.5698
BLOCK10/SES105/SA105S22	SES105	0.107826	-46.3659	-46.4738
BLOCK10/SES105/SA105S26	SES105	0.814644	-45.7015	-46.5161
BLOCK10/SES105/SA105S29	SES105	0.145767	-45.3716	-45.5174
BLOCK10/SES106/SA106S09	SES106	0.492523	-45.8249	-46.3174
BLOCK10/SES106/SA106S11	SES106	0.770756	-44.6893	-45.4601
BLOCK10/SES106/SA106S22	SES106	1.30716	-44.812	-46.1192
BLOCK10/SES106/SA106S27	SES106	1.07862	-44.0634	-45.1421
BLOCK10/SES106/SA106S29	SES106	0.704681	-44.029	-44.7337
BLOCK11/SES117/SA117S12	SES117	-0.850746	-47.7518	-46.9011
BLOCK11/SES117/SA117S13	SES117	-1.22935	-48.4266	-47.1972
BLOCK11/SES117/SA117S23	SES117	0.742374	-47.5243	-48.2667
BLOCK11/SES117/SA117S25	SES117	0.636887	-46.6464	-47.2832
BLOCK11/SES117/SA117S28	SES117	0.475952	-47.2095	-47.6855
BLOCK12/SES120/SA120S08	SES120	-0.221004	-45.9514	-45.7304
BLOCK12/SES120/SA120S11	SES120	0.160648	-46.7276	-46.8883
BLOCK12/SES120/SA120S22	SES120	-0.125244	-45.7223	-45.597
BLOCK12/SES120/SA120S24	SES120	0.0408096	-46.0268	-46.0677
BLOCK12/SES120/SA120S28	SES120	-0.528316	-48.5513	-48.023
BLOCK12/SES125/SA125S13	SES125	1.49411	-43.8081	-45.3022
BLOCK12/SES125/SA125S14	SES125	0.771919	-44.2449	-45.0168
BLOCK12/SES125/SA125S25	SES125	1.61208	-44.8808	-46.4929
BLOCK12/SES125/SA125S27	SES125	2.15067	-43.4035	-45.5541
BLOCK12/SES125/SA125S29	SES125	1.34393	-44.8133	-46.1573
BLOCK12/SES127/SA127S11	SES127	-0.399811	-47.4959	-47.0961
BLOCK12/SES127/SA127S12	SES127	-0.208561	-45.8347	-45.6261
BLOCK12/SES127/SA127S23	SES127	0.0667191	-45.9438	-46.0105
BLOCK12/SES127/SA127S25	SES127	-0.251442	-46.9603	-46.7088
BLOCK12/SES127/SA127S27	SES127	0.226597	-45.742	-45.9686
BLOCK12/SES129/SA129S11	SES129	0.747505	-44.4774	-45.225
BLOCK12/SES129/SA129S12	SES129	0.843601	-44.1951	-45.0387
BLOCK12/SES129/SA129S22	SES129	0.408283	-45.5817	-45.99
BLOCK12/SES129/SA129S27	SES129	0.907623	-45.1354	-46.043
BLOCK12/SES129/SA129S29	SES129	1.01046	-43.5756	-44.5861
BLOCK14/SES142/SA142S11	SES142	1.86219	-45.628	-47.4902
BLOCK14/SES142/SA142S12	SES142	0.568916	-47.1331	-47.702
BLOCK14/SES142/SA142S24	SES142	2.15872	-45.6774	-47.8361
BLOCK14/SES142/SA142S27	SES142	1.23	-45.8858	-47.1158
BLOCK14/SES142/SA142S29	SES142	2.02613	-44.681	-46.7071
BLOCK14/SES143/SA143S12	SES143	0.388168	-46.4854	-46.8736
BLOCK14/SES143/SA143S13	SES143	0.245613	-46.7763	-47.0219
BLOCK14/SES143/SA143S23	SES143	0.904507	-46.6447	-47.5492
BLOCK14/SES143/SA143S25	SES143	0.965485	-46.0281	-46.9936
BLOCK14/SES143/SA143S28	SES143	0.480606	-45.2415	-45.7222
BLOCK14/SES144/SA144S09	SES144	-0.662037	-47.1445	-46.4824
BLOCK14/SES144/SA144S11	SES144	0.424267	-46.8316	-47.2559
BLOCK14/SES144/SA144S21	SES144	-0.514011	-47.581	-47.067
BLOCK14/SES144/SA144S25	SES144	-0.397911	-47.6163	-47.2184
BLOCK14/SES144/SA144S29	SES144	-0.383102	-47.0625	-46.6794
BLOCK14/SES146/SA146S14	SES146	0.165806	-46.2417	-46.4075
BLOCK14/SES146/SA146S15	SES146	-0.103577	-47.1806	-47.077
BLOCK14/SES146/SA146S24	SES146	0.245766	-45.2787	-45.5244
BLOCK14/SES146/SA146S26	SES146	0.702667	-45.3112	-46.0138
BLOCK14/SES146/SA146S29	SES146	0.340443	-46.2487	-46.5892
BLOCK14/SES147/SA147S11	SES147	0.74884	-45.1768	-45.9257
BLOCK14/SES147/SA147S13	SES147	0.462502	-45.0427	-45.5052
BLOCK14/SES147/SA147S23	SES147	0.759438	-46.2979	-47.0573
BLOCK14/SES147/SA147S26	SES147	0.455826	-45.8468	-46.3026
BLOCK14/SES147/SA147S28	SES147	0.819511	-45.9156	-46.7351
BLOCK14/SES148/SA148S10	SES148	1.38844	-45.6808	-47.0693
BLOCK14/SES148/SA148S12	SES148	0.275043	-46.9139	-47.1889
BLOCK14/SES148/SA148S22	SES148	0.993839	-45.6885	-46.6824
BLOCK14/SES148/SA148S26	SES148	-0.60767	-46.3298	-45.7221
BLOCK14/SES148/SA148S29	SES148	-0.0752335	-46.4589	-46.3836
BLOCK14/SES149/SA149S13	SES149	-0.576126	-45.0375	-44.4614
BLOCK14/SES149/SA149S14	SES149	-0.0783653	-46.3391	-46.2608
BLOCK14/SES149/SA149S24	SES149	1.15488	-45.6779	-46.8327
BLOCK14/SES149/SA149S26	SES149	1.3951	-43.865	-45.2601
BLOCK14/SES149/SA149S28	SES149	1.92224	-44.2788	-46.2011
BLOCK15/SES158/SA158S13	SES158	0.599644	-44.0901	-44.6898
BLOCK15/SES158/SA158S14	SES158	0.419834	-45.7515	-46.1714
BLOCK15/SES158/SA158S23	SES158	0.681797	-43.9972	-44.679
BLOCK15/SES158/SA158S26	SES158	1.37876	-44.44	-45.8188
BLOCK15/SES158/SA158S28	SES158	-0.144012	-45.8293	-45.6853
BLOCK16/SES162/SA162S10	SES162	-0.696384	-46.975	-46.2786
BLOCK16/SES162/SA162S11	SES162	0.445621	-45.1566	-45.6022
BLOCK16/SES162/SA162S21	SES162	1.19611	-45.3061	-46.5022
BLOCK16/SES162/SA162S24	SES162	0.484417	-46.3126	-46.797
BLOCK16/SES162/SA162S27	SES162	0.431511	-46.1414	-46.5729
BLOCK16/SES167/SA167S14	SES167	0.595604	-46.4074	-47.003
BLOCK16/SES167/SA167S15	SES167	0.857113	-47.023	-47.8801
BLOCK16/SES167/SA167S21	SES167	0.71188	-46.7592	-47.4711
BLOCK16/SES167/SA167S25	SES167	1.77283	-46.7395	-48.5123
BLOCK16/SES167/SA167S29	SES167	1.51349	-45.9145	-47.4279
BLOCK17/SES172/SA172S12	SES172	0.94109	-45.7308	-46.6719
BLOCK17/SES172/SA172S13	SES172	1.34778	-46.0817	-47.4295
BLOCK17/SES172/SA172S23	SES172	-0.0161781	-45.5483	-45.5321
BLOCK17/SES172/SA172S27	SES172	-0.0970421	-47.1688	-47.0718
BLOCK17/SES172/SA172S29	SES172	1.04848	-46.847	-47.8955
BLOCK17/SES175/SA175S11	SES175	1.43195	-45.4656	-46.8976
BLOCK17/SES175/SA175S13	SES175	0.661377	-44.6634	-45.3248
BLOCK17/SES175/SA175S23	SES175	1.00048	-46.175	-47.1755
BLOCK17/SES175/SA175S25	SES175	0.655041	-46.7604	-47.4154
BLOCK17/SES175/SA175S28	SES175	1.28821	-45.6029	-46.8911
BLOCK17/SES177/SA177S15	SES177	-0.307804	-46.2821	-45.9743
BLOCK17/SES177/SA177S17	SES177	-0.335159	-46.3456	-46.0105
BLOCK17/SES177/SA177S23	SES177	-1.08035	-47.1965	-46.1161
BLOCK17/SES177/SA177S26	SES177	0.373222	-43.3074	-43.6806
BLOCK17/SES177/SA177S28	SES177	0.411037	-44.7083	-45.1193
BLOCK18/SES180/SA180S13	SES180	0.356823	-45.9846	-46.3415
BLOCK18/SES180/SA180S15	SES180	0.0381126	-46.7919	-46.83
BLOCK18/SES180/SA180S24	SES180	0.361385	-44.2255	-44.5869
BLOCK18/SES180/SA180S26	SES180	0.291271	-45.0587	-45.35
BLOCK18/SES180/SA180S29	SES180	0.148838	-46.5681	-46.717
BLOCK18/SES183/SA183S13	SES183	0.488914	-46.4652	-46.9541
BLOCK18/SES183/SA183S14	SES183	-0.398441	-45.7454	-45.347
BLOCK18/SES183/SA183S24	SES183	0.546921	-46.5026	-47.0495
BLOCK18/SES183/SA183S27	SES183	0.517277	-47.139	-47.6563
BLOCK18/SES183/SA183S29	SES183	0.780598	-45.6946	-46.4752
BLOCK18/SES187/SA187S13	SES187	0.408794	-47.0686	-47.4774
BLOCK18/SES187/SA187S14	SES187	0.244408	-46.548	-46.7924
BLOCK18/SES187/SA187S24	SES187	1.01149	-48.3603	-49.3718
BLOCK18/SES187/SA187S27	SES187	0.254147	-48.2018	-48.456
BLOCK18/SES187/SA187S29	SES187	0.529762	-46.5464	-47.0761
BLOCK18/SES189/SA189S10	SES189	1.87999	-46.731	-48.611
BLOCK18/SES189/SA189S13	SES189	1.85479	-47.2189	-49.0737
BLOCK18/SES189/SA189S24	SES189	2.2426	-45.2807	-47.5233
BLOCK18/SES189/SA189S26	SES189	1.35089	-46.4354	-47.7863
BLOCK18/SES189/SA189S29	SES189	2.2512	-46.4436	-48.6948
BLOCK20/SES202/SA202S12	SES202	0.835056	-46.5384	-47.3735
BLOCK20/SES202/SA202S14	SES202	1.99011	-44.968	-46.9581
BLOCK20/SES202/SA202S24	SES202	0.485264	-46.8824	-47.3676
BLOCK20/SES202/SA202S27	SES202	1.21216	-45.3217	-46.5338
BLOCK20/SES202/SA202S29	SES202	1.70805	-44.7859	-46.4939
BLOCK20/SES206/SA206S15	SES206	-0.416386	-45.0576	-44.6412
BLOCK20/SES206/SA206S17	SES206	0.954483	-44.5133	-45.4678
BLOCK20/SES206/SA206S24	SES206	1.58972	-43.3065	-44.8962
BLOCK20/SES206/SA206S27	SES206	1.32512	-44.5953	-45.9204
BLOCK20/SES206/SA206S29	SES206	0.981876	-42.7869	-43.7688
BLOCK22/SES226/SA226S12	SES226	0.990154	-44.9014	-45.8915
BLOCK22/SES226/SA226S13	SES226	-0.0200882	-44.8677	-44.8476
BLOCK22/SES226/SA226S20	SES226	0.569798	-45.8838	-46.4536
BLOCK22/SES226/SA226S23	SES226	0.909412	-45.0694	-45.9788
BLOCK22/SES226/SA226S28	SES226	0.769299	-45.5428	-46.312
BLOCK25/SES259/SA259S13	SES259	1.61791	-42.235	-43.8529
BLOCK25/SES259/SA259S14	SES259	0.824295	-43.8064	-44.6307
BLOCK25/SES259/SA259S22	SES259	0.308281	-43.3016	-43.6098
BLOCK25/SES259/SA259S24	SES259	1.44276	-42.3707	-43.8134
BLOCK25/SES259/SA259S28	SES259	0.714779	-43.474	-44.1887
BLOCK27/SES270/SA270S14	SES270	0.91518	-46.1116	-47.0268
BLOCK27/SES270/SA270S16	SES270	-0.279282	-46.1676	-45.8883
BLOCK27/SES270/SA270S22	SES270	1.01988	-45.9104	-46.9303
BLOCK27/SES270/SA270S26	SES270	0.752102	-46.3531	-47.1052
BLOCK27/SES270/SA270S28	SES270	0.523998	-46.0207	-46.5447
BLOCK27/SES275/SA275S17	SES275	0.649632	-45.7952	-46.4448
BLOCK27/SES275/SA275S18	SES275	-0.353024	-46.108	-45.755
BLOCK27/SES275/SA275S24	SES275	0.0978737	-46.8897	-46.9876
BLOCK27/SES275/SA275S26	SES275	0.222427	-45.6903	-45.9127
BLOCK27/SES275/SA275S28	SES275	0.0805321	-45.6858	-45.7663
BLOCK29/SES292/SA292S10	SES292	-0.322086	-46.0067	-45.6847
BLOCK29/SES292/SA292S12	SES292	0.0516357	-47.636	-47.6876
BLOCK29/SES292/SA292S22	SES292	0.152538	-45.4937	-45.6463
BLOCK29/SES292/SA292S24	SES292	0.206032	-46.5169	-46.723
BLOCK29/SES292/SA292S27	SES292	-0.15963	-45.7295	-45.5698
BLOCK00/SES001/SA001S14	SES062	-1.37872	-47.3631	-45.9844
BLOCK00/SES001/SA001S14	SES082	-1.02264	-47.007	-45.9844
BLOCK00/SES001/SA001S14	SES106	-1.45076	-47.4351	-45.9844
BLOCK00/SES001/SA001S14	SES206	-1.50615	-47.4905	-45.9844
BLOCK00/SES001/SA001S15	SES062	-1.59894	-46.7637	-45.1648
BLOCK00/SES001/SA001S15	SES104	-2.03481	-47.1996	-45.1648
BLOCK00/SES001/SA001S15	SES106	-1.93024	-47.095	-45.1648
BLOCK00/SES001/SA001S15	SES206	-1.68803	-46.8528	-45.1648
BLOCK00/SES001/SA001S24	SES062	-1.52266	-46.8071	-45.2844
BLOCK00/SES001/SA001S24	SES082	-1.75663	-47.0411	-45.2844
BLOCK00/SES001/SA001S24	SES087	-1.58226	-46.8667	-45.2844
BLOCK00/SES001/SA001S24	SES206	-1.07708	-46.3615	-45.2844
BLOCK00/SES001/SA001S27	SES062	-1.43198	-46.5808	-45.1488
BLOCK00/SES001/SA001S27	SES082	-1.84993	-46.9988	-45.1488
BLOCK00/SES001/SA001S27	SES087	-1.19993	-46.3487	-45.1488
BLOCK00/SES001/SA001S27	SES206	-1.74969	-46.8985	-45.1488
BLOCK00/SES001/SA001S29	SES062	-1.98283	-47.8889	-45.9061
BLOCK00/SES001/SA001S29	SES082	-0.938992	-46.8451	-45.9061
BLOCK00/SES001/SA001S29	SES158	-1.86217	-47.7683	-45.9061
BLOCK00/SES001/SA001S29	SES206	-1.77336	-47.6794	-45.9061
BLOCK00/SES003/SA003S11	SES002	-0.64043	-47.7717	-47.1312
BLOCK00/SES003/SA003S11	SES019	-1.27778	-48.409	-47.1312
BLOCK00/SES003/SA003S11	SES082	-0.102314	-47.2336	-47.1312
BLOCK00/SES003/SA003S11	SES125	-1.07631	-48.2076	-47.1312
BLOCK00/SES003/SA003S15	SES016	-2.61027	-48.0957	-45.4854
BLOCK00/SES003/SA003S15	SES019	-0.981213	-46.4666	-45.4854
BLOCK00/SES003/SA003S15	SES062	-1.40487	-46.8903	-45.4854
BLOCK00/SES003/SA003S15	SES206	-0.763912	-46.2493	-45.4854
BLOCK00/SES003/SA003S22	SES002	-0.479305	-45.7229	-45.2436
BLOCK00/SES003/SA003S22	SES062	-1.03205	-46.2756	-45.2436
BLOCK00/SES003/SA003S22	SES082	-0.867905	-46.1115	-45.2436
BLOCK00/SES003/SA003S22	SES087	-1.77449	-47.0181	-45.2436
BLOCK00/SES003/SA003S25	SES062	-2.52538	-51.4811	-48.9557
BLOCK00/SES003/SA003S25	SES082	-0.495335	-49.4511	-48.9557
BLOCK00/SES003/SA003S25	SES087	-1.03101	-49.9867	-48.9557
BLOCK00/SES003/SA003S25	SES206	-1.59816	-50.5539	-48.9557
BLOCK00/SES003/SA003S29	SES002	-1.05904	-48.4668	-47.4078
BLOCK00/SES003/SA003S29	SES062	-2.10998	-49.5178	-47.4078
BLOCK00/SES003/SA003S29	SES082	-0.684029	-48.0918	-47.4078
BLOCK00/SES003/SA003S29	SES087	-1.09222	-48.5	-47.4078
BLOCK00/SES004/SA004S12	SES083	-2.48999	-49.0942	-46.6042
BLOCK00/SES004/SA004S12	SES148	-2.29055	-48.8947	-46.6042
BLOCK00/SES004/SA004S12	SES172	-1.80576	-48.4099	-46.6042
BLOCK00/SES004/SA004S12	SES292	-2.43714	-49.0413	-46.6042
BLOCK00/SES004/SA004S17	SES083	-2.69027	-49.4059	-46.7156
BLOCK00/SES004/SA004S17	SES162	-1.4712	-48.1868	-46.7156
BLOCK00/SES004/SA004S17	SES172	-1.94049	-48.6561	-46.7156
BLOCK00/SES004/SA004S17	SES292	-1.51821	-48.2338	-46.7156
BLOCK00/SES004/SA004S24	SES083	-2.26942	-48.1053	-45.8359
BLOCK00/SES004/SA004S24	SES148	-1.69151	-47.5274	-45.8359
BLOCK00/SES004/SA004S24	SES172	-1.15819	-46.994	-45.8359
BLOCK00/SES004/SA004S24	SES292	-1.21204	-47.0479	-45.8359
BLOCK00/SES004/SA004S26	SES083	-2.59995	-48.2029	-45.603
BLOCK00/SES004/SA004S26	SES127	-1.8935	-47.4965	-45.603
BLOCK00/SES004/SA004S26	SES148	-2.09931	-47.7023	-45.603
BLOCK00/SES004/SA004S26	SES292	-1.70431	-47.3073	-45.603
BLOCK00/SES004/SA004S28	SES083	-2.76369	-49.5159	-46.7522
BLOCK00/SES004/SA004S28	SES127	-1.64986	-48.4021	-46.7522
BLOCK00/SES004/SA004S28	SES187	-1.04961	-47.8018	-46.7522
BLOCK00/SES004/SA004S28	SES292	-2.2733	-49.0255	-46.7522
BLOCK00/SES006/SA006S10	SES014	-3.39392	-50.4477	-47.0538
BLOCK00/SES006/SA006S10	SES158	-1.93333	-48.9872	-47.0538
BLOCK00/SES006/SA006S10	SES226	-2.83551	-49.8893	-47.0538
BLOCK00/SES006/SA006S10	SES270	-0.984123	-48.0379	-47.0538
BLOCK00/SES006/SA006S11	SES158	-2.23253	-49.9796	-47.7471
BLOCK00/SES006/SA006S11	SES226	-2.80688	-50.554	-47.7471
BLOCK00/SES006/SA006S11	SES270	-1.04043	-48.7875	-47.7471
BLOCK00/SES006/SA006S11	SES275	-2.31618	-50.0633	-47.7471
BLOCK00/SES006/SA006S23	SES062	-2.57938	-50.4788	-47.8994
BLOCK00/SES006/SA006S23	SES105	-2.53559	-50.435	-47.8994
BLOCK00/SES006/SA006S23	SES158	-2.90303	-50.8025	-47.8994
BLOCK00/SES006/SA006S23	SES275	-1.78261	-49.682	-47.8994
BLOCK00/SES006/SA006S26	SES104	-2.0638	-49.3726	-47.3088
BLOCK00/SES006/SA006S26	SES158	-1.94162	-49.2504	-47.3088
BLOCK00/SES006/SA006S26	SES270	-0.673576	-47.9824	-47.3088
BLOCK00/SES006/SA006S26	SES275	-2.41343	-49.7222	-47.3088
BLOCK00/SES006/SA006S28	SES007	-1.73359	-48.7412	-47.0076
BLOCK00/SES006/SA006S28	SES105	-2.01604	-49.0237	-47.0076
BLOCK00/SES006/SA006S28	SES158	-2.0466	-49.0542	-47.0076
BLOCK00/SES006/SA006S28	SES275	-2.56586	-49.5735	-47.0076
BLOCK00/SES009/SA009S12	SES083	-2.02669	-47.7911	-45.7644
BLOCK00/SES009/SA009S12	SES148	-1.6287	-47.3931	-45.7644
BLOCK00/SES009/SA009S12	SES177	-2.96622	-48.7306	-45.7644
BLOCK00/SES009/SA009S12	SES292	-1.2857	-47.0501	-45.7644
BLOCK00/SES009/SA009S15	SES007	-0.281403	-45.3159	-45.0345
BLOCK00/SES009/SA009S15	SES099	-1.99316	-47.0277	-45.0345
BLOCK00/SES009/SA009S15	SES148	-1.395	-46.4295	-45.0345
BLOCK00/SES009/SA009S15	SES172	-1.51451	-46.549	-45.0345
BLOCK00/SES009/SA009S24	SES146	-1.00322	-46.7522	-45.749
BLOCK00/SES009/SA009S24	SES148	-1.60729	-47.3563	-45.749
BLOCK00/SES009/SA009S24	SES177	-2.51892	-48.2679	-45.749
BLOCK00/SES009/SA009S24	SES292	-1.00782	-46.7568	-45.749
BLOCK00/SES009/SA009S26	SES083	-2.51025	-48.6302	-46.1199
BLOCK00/SES009/SA009S26	SES101	-2.06093	-48.1809	-46.1199
BLOCK00/SES009/SA009S26	SES120	-1.42691	-47.5468	-46.1199
BLOCK00/SES009/SA009S26	SES177	-3.20139	-49.3213	-46.1199
BLOCK00/SES009/SA009S29	SES083	-1.86384	-47.9036	-46.0397
BLOCK00/SES009/SA009S29	SES101	-1.57735	-47.6171	-46.0397
BLOCK00/SES009/SA009S29	SES177	-3.44385	-49.4836	-46.0397
BLOCK00/SES009/SA009S29	SES292	-1.03607	-47.0758	-46.0397
BLOCK01/SES011/SA011S10	SES019	-0.889874	-47.1328	-46.2429
BLOCK01/SES011/SA011S10	SES042	-1.0802	-47.3231	-46.2429
BLOCK01/SES011/SA011S10	SES082	-1.48829	-47.7312	-46.2429
BLOCK01/SES011/SA011S10	SES206	-0.594032	-46.8369	-46.2429
BLOCK01/SES011/SA011S11	SES019	-1.64213	-48.0938	-46.4517
BLOCK01/SES011/SA011S11	SES042	-0.986744	-47.4384	-46.4517
BLOCK01/SES011/SA011S11	SES082	-2.009	-48.4607	-46.4517
BLOCK01/SES011/SA011S11	SES206	-1.04588	-47.4976	-46.4517
BLOCK01/SES011/SA011S22	SES019	-1.05639	-47.475	-46.4186
BLOCK01/SES011/SA011S22	SES042	-0.880531	-47.2991	-46.4186
BLOCK01/SES011/SA011S22	SES082	-1.92966	-48.3483	-46.4186
BLOCK01/SES011/SA011S22	SES206	-1.20125	-47.6199	-46.4186
BLOCK01/SES011/SA011S24	SES019	-1.24057	-47.202	-45.9614
BLOCK01/SES011/SA011S24	SES042	-0.0927505	-46.0542	-45.9614
BLOCK01/SES011/SA011S24	SES104	-1.0405	-47.0019	-45.9614
BLOCK01/SES011/SA011S24	SES206	-0.241913	-46.2034	-45.9614
BLOCK01/SES011/SA011S27	SES082	-0.107712	-47.0292	-46.9215
BLOCK01/SES011/SA011S27	SES087	-0.720478	-47.642	-46.9215
BLOCK01/SES011/SA011S27	SES125	-0.120922	-47.0424	-46.9215
BLOCK01/SES011/SA011S27	SES206	-0.417927	-47.3394	-46.9215
BLOCK01/SES012/SA012S11	SES007	-0.840401	-44.8655	-44.0251
BLOCK01/SES012/SA012S11	SES082	-1.63478	-45.6599	-44.0251
BLOCK01/SES012/SA012S11	SES083	-1.59426	-45.6194	-44.0251
BLOCK01/SES012/SA012S11	SES206	-0.831467	-44.8566	-44.0251
BLOCK01/SES012/SA012S14	SES082	-0.910698	-45.8094	-44.8987
BLOCK01/SES012/SA012S14	SES087	-1.743	-46.6417	-44.8987
BLOCK01/SES012/SA012S14	SES206	-0.936813	-45.8355	-44.8987
BLOCK01/SES012/SA012S14	SES292	-1.67104	-46.5697	-44.8987
BLOCK01/SES012/SA012S24	SES082	-0.683041	-47.044	-46.361
BLOCK01/SES012/SA012S24	SES087	-1.18436	-47.5454	-46.361
BLOCK01/SES012/SA012S24	SES120	-2.62214	-48.9831	-46.361
BLOCK01/SES012/SA012S24	SES206	-0.800175	-47.1612	-46.361
BLOCK01/SES012/SA012S26	SES019	-2.48982	-47.7516	-45.2618
BLOCK01/SES012/SA012S26	SES082	-1.88924	-47.151	-45.2618
BLOCK01/SES012/SA012S26	SES206	-1.13041	-46.3922	-45.2618
BLOCK01/SES012/SA012S26	SES292	-1.38451	-46.6463	-45.2618
BLOCK01/SES012/SA012S29	SES062	-1.45721	-46.0104	-44.5532
BLOCK01/SES012/SA012S29	SES082	-1.27435	-45.8276	-44.5532
BLOCK01/SES012/SA012S29	SES083	-2.13696	-46.6902	-44.5532
BLOCK01/SES012/SA012S29	SES206	-1.03196	-45.5852	-44.5532
BLOCK01/SES013/SA013S16	SES062	-2.46299	-49.7641	-47.3011
BLOCK01/SES013/SA013S16	SES106	-1.71796	-49.0191	-47.3011
BLOCK01/SES013/SA013S16	SES206	-1.49934	-48.8005	-47.3011
BLOCK01/SES013/SA013S16	SES226	-0.434265	-47.7354	-47.3011
BLOCK01/SES013/SA013S17	SES062	-2.5547	-49.5608	-47.0061
BLOCK01/SES013/SA013S17	SES106	-2.13237	-49.1385	-47.0061
BLOCK01/SES013/SA013S17	SES206	-1.07943	-48.0855	-47.0061
BLOCK01/SES013/SA013S17	SES226	-0.854458	-47.8606	-47.0061
BLOCK01/SES013/SA013S23	SES104	-1.60569	-49.402	-47.7963
BLOCK01/SES013/SA013S23	SES106	-0.68821	-48.4845	-47.7963
BLOCK01/SES013/SA013S23	SES206	-1.30602	-49.1023	-47.7963
BLOCK01/SES013/SA013S23	SES270	-0.628819	-48.4251	-47.7963
BLOCK01/SES013/SA013S25	SES042	-1.77442	-48.2097	-46.4353
BLOCK01/SES013/SA013S25	SES104	-1.20772	-47.643	-46.4353
BLOCK01/SES013/SA013S25	SES106	-0.286823	-46.7221	-46.4353
BLOCK01/SES013/SA013S25	SES206	-1.44389	-47.8792	-46.4353
BLOCK01/SES013/SA013S29	SES062	-2.14883	-49.1528	-47.004
BLOCK01/SES013/SA013S29	SES104	-1.21087	-48.2148	-47.004
BLOCK01/SES013/SA013S29	SES106	-0.889259	-47.8932	-47.004
BLOCK01/SES013/SA013S29	SES206	-1.90138	-48.9054	-47.004
BLOCK02/SES021/SA021S13	SES016	-2.39937	-47.536	-45.1366
BLOCK02/SES021/SA021S13	SES029	-2.03335	-47.1699	-45.1366
BLOCK02/SES021/SA021S13	SES087	-0.743488	-45.8801	-45.1366
BLOCK02/SES021/SA021S13	SES206	0.030201	-45.1064	-45.1366
BLOCK02/SES021/SA021S15	SES087	-0.523193	-45.6738	-45.1506
BLOCK02/SES021/SA021S15	SES125	0.000629425	-45.15	-45.1506
BLOCK02/SES021/SA021S15	SES206	-0.348888	-45.4995	-45.1506
BLOCK02/SES021/SA021S15	SES226	-0.814644	-45.9653	-45.1506
BLOCK02/SES021/SA021S23	SES062	-2.35503	-50.0322	-47.6772
BLOCK02/SES021/SA021S23	SES087	-0.847691	-48.5249	-47.6772
BLOCK02/SES021/SA021S23	SES206	-1.20104	-48.8783	-47.6772
BLOCK02/SES021/SA021S23	SES226	-0.745773	-48.423	-47.6772
BLOCK02/SES021/SA021S27	SES002	-1.25568	-47.4443	-46.1886
BLOCK02/SES021/SA021S27	SES016	-3.05345	-49.2421	-46.1886
BLOCK02/SES021/SA021S27	SES019	-1.12762	-47.3163	-46.1886
BLOCK02/SES021/SA021S27	SES062	-1.29242	-47.4811	-46.1886
BLOCK02/SES021/SA021S29	SES087	-0.771023	-47.5347	-46.7636
BLOCK02/SES021/SA021S29	SES125	-0.58308	-47.3467	-46.7636
BLOCK02/SES021/SA021S29	SES206	-0.313931	-47.0776	-46.7636
BLOCK02/SES021/SA021S29	SES226	-0.517464	-47.2811	-46.7636
BLOCK04/SES043/SA043S09	SES083	-2.52124	-48.9744	-46.4532
BLOCK04/SES043/SA043S09	SES101	-2.35923	-48.8124	-46.4532
BLOCK04/SES043/SA043S09	SES144	-0.885769	-47.339	-46.4532
BLOCK04/SES043/SA043S09	SES172	-3.01333	-49.4665	-46.4532
BLOCK04/SES043/SA043S11	SES083	-1.47095	-46.9154	-45.4445
BLOCK04/SES043/SA043S11	SES101	-1.69879	-47.1432	-45.4445
BLOCK04/SES043/SA043S11	SES144	-1.25753	-46.702	-45.4445
BLOCK04/SES043/SA043S11	SES172	-1.64343	-47.0879	-45.4445
BLOCK04/SES043/SA043S23	SES083	-1.44242	-47.6666	-46.2242
BLOCK04/SES043/SA043S23	SES144	-0.555973	-46.7801	-46.2242
BLOCK04/SES043/SA043S23	SES177	-2.56117	-48.7853	-46.2242
BLOCK04/SES043/SA043S23	SES275	-0.8568	-47.081	-46.2242
BLOCK04/SES043/SA043S26	SES083	-1.41195	-47.1404	-45.7285
BLOCK04/SES043/SA043S26	SES101	-1.75413	-47.4826	-45.7285
BLOCK04/SES043/SA043S26	SES144	-0.70322	-46.4317	-45.7285
BLOCK04/SES043/SA043S26	SES177	-2.30973	-48.0382	-45.7285
BLOCK04/SES043/SA043S28	SES016	-2.0218	-47.4667	-45.4449
BLOCK04/SES043/SA043S28	SES083	-1.28957	-46.7345	-45.4449
BLOCK04/SES043/SA043S28	SES101	-0.953079	-46.398	-45.4449
BLOCK04/SES043/SA043S28	SES144	-1.20079	-46.6457	-45.4449
BLOCK04/SES044/SA044S10	SES127	-2.77855	-51.2009	-48.4224
BLOCK04/SES044/SA044S10	SES144	-1.27829	-49.7007	-48.4224
BLOCK04/SES044/SA044S10	SES147	-3.0635	-51.4859	-48.4224
BLOCK04/SES044/SA044S10	SES148	-1.96488	-50.3872	-48.4224
BLOCK04/SES044/SA044S11	SES101	-1.67448	-48.3514	-46.677
BLOCK04/SES044/SA044S11	SES144	-0.55468	-47.2316	-46.677
BLOCK04/SES044/SA044S11	SES147	-1.81003	-48.487	-46.677
BLOCK04/SES044/SA044S11	SES177	-1.97474	-48.6517	-46.677
BLOCK04/SES044/SA044S24	SES007	-2.19632	-48.5771	-46.3808
BLOCK04/SES044/SA044S24	SES101	-1.41309	-47.7939	-46.3808
BLOCK04/SES044/SA044S24	SES147	-3.25556	-49.6363	-46.3808
BLOCK04/SES044/SA044S24	SES177	-3.3095	-49.6903	-46.3808
BLOCK04/SES044/SA044S26	SES007	-1.92619	-48.3545	-46.4283
BLOCK04/SES044/SA044S26	SES016	-1.6478	-48.0761	-46.4283
BLOCK04/SES044/SA044S26	SES101	-1.83035	-48.2586	-46.4283
BLOCK04/SES044/SA044S26	SES147	-1.78635	-48.2146	-46.4283
BLOCK04/SES044/SA044S29	SES007	-2.07307	-47.8436	-45.7705
BLOCK04/SES044/SA044S29	SES101	-0.91843	-46.6889	-45.7705
BLOCK04/SES044/SA044S29	SES147	-1.91205	-47.6825	-45.7705
BLOCK04/SES044/SA044S29	SES177	-1.45655	-47.227	-45.7705
BLOCK04/SES046/SA046S13	SES101	-2.00094	-49.9392	-47.9382
BLOCK04/SES046/SA046S13	SES144	-1.62767	-49.5659	-47.9382
BLOCK04/SES046/SA046S13	SES147	-1.79327	-49.7315	-47.9382
BLOCK04/SES046/SA046S13	SES177	-1.85293	-49.7912	-47.9382
BLOCK04/SES046/SA046S15	SES048	-2.18488	-47.3905	-45.2056
BLOCK04/SES046/SA046S15	SES083	-1.98469	-47.1903	-45.2056
BLOCK04/SES046/SA046S15	SES120	-1.50161	-46.7072	-45.2056
BLOCK04/SES046/SA046S15	SES148	-1.68373	-46.8893	-45.2056
BLOCK04/SES046/SA046S22	SES101	-1.24926	-48.0125	-46.7633
BLOCK04/SES046/SA046S22	SES144	-1.15389	-47.9172	-46.7633
BLOCK04/SES046/SA046S22	SES147	-1.47158	-48.2348	-46.7633
BLOCK04/SES046/SA046S22	SES172	-1.67764	-48.4409	-46.7633
BLOCK04/SES046/SA046S25	SES083	-2.06373	-47.903	-45.8392
BLOCK04/SES046/SA046S25	SES127	-1.77726	-47.6165	-45.8392
BLOCK04/SES046/SA046S25	SES144	-1.9869	-47.8261	-45.8392
BLOCK04/SES046/SA046S25	SES148	-2.17949	-48.0187	-45.8392
BLOCK04/SES046/SA046S28	SES007	-1.7873	-49.1107	-47.3234
BLOCK04/SES046/SA046S28	SES105	-2.0238	-49.3472	-47.3234
BLOCK04/SES046/SA046S28	SES147	-2.26932	-49.5927	-47.3234
BLOCK04/SES046/SA046S28	SES148	-1.22219	-48.5456	-47.3234
BLOCK04/SES049/SA049S16	SES104	-2.81338	-52.0058	-49.1925
BLOCK04/SES049/SA049S16	SES106	-7.94872	-57.1412	-49.1925
BLOCK04/SES049/SA049S16	SES120	-2.32162	-51.5141	-49.1925
BLOCK04/SES049/SA049S16	SES206	-2.52884	-51.7213	-49.1925
BLOCK04/SES049/SA049S18	SES099	-0.525826	-49.1819	-48.6561
BLOCK04/SES049/SA049S18	SES104	-2.49869	-51.1548	-48.6561
BLOCK04/SES049/SA049S18	SES125	-2.08837	-50.7445	-48.6561
BLOCK04/SES049/SA049S18	SES206	-2.26145	-50.9176	-48.6561
BLOCK04/SES049/SA049S25	SES087	-1.35066	-50.0691	-48.7184
BLOCK04/SES049/SA049S25	SES104	-1.02897	-49.7474	-48.7184
BLOCK04/SES049/SA049S25	SES125	-1.67518	-50.3936	-48.7184
BLOCK04/SES049/SA049S25	SES206	-0.492485	-49.2109	-48.7184
BLOCK04/SES049/SA049S27	SES099	-0.471413	-48.4069	-47.9355
BLOCK04/SES049/SA049S27	SES104	-0.762447	-48.698	-47.9355
BLOCK04/SES049/SA049S27	SES125	-1.44228	-49.3778	-47.9355
BLOCK04/SES049/SA049S27	SES206	-1.35258	-49.2881	-47.9355
BLOCK04/SES049/SA049S29	SES099	-0.257858	-47.6667	-47.4088
BLOCK04/SES049/SA049S29	SES104	-0.641876	-48.0507	-47.4088
BLOCK04/SES049/SA049S29	SES125	-0.676315	-48.0852	-47.4088
BLOCK04/SES049/SA049S29	SES206	-0.318947	-47.7278	-47.4088
BLOCK06/SES063/SA063S09	SES068	-1.99192	-48.3454	-46.3534
BLOCK06/SES063/SA063S09	SES083	-1.57494	-47.9284	-46.3534
BLOCK06/SES063/SA063S09	SES177	-1.66835	-48.0218	-46.3534
BLOCK06/SES063/SA063S09	SES187	-1.35936	-47.7128	-46.3534
BLOCK06/SES063/SA063S10	SES068	-1.59616	-48.0838	-46.4876
BLOCK06/SES063/SA063S10	SES083	-1.76124	-48.2489	-46.4876
BLOCK06/SES063/SA063S10	SES172	-0.51619	-47.0038	-46.4876
BLOCK06/SES063/SA063S10	SES187	-1.17585	-47.6635	-46.4876
BLOCK06/SES063/SA063S20	SES068	-1.89417	-48.5465	-46.6523
BLOCK06/SES063/SA063S20	SES083	-2.47956	-49.1319	-46.6523
BLOCK06/SES063/SA063S20	SES172	-1.07916	-47.7315	-46.6523
BLOCK06/SES063/SA063S20	SES187	-0.210308	-46.8626	-46.6523
BLOCK06/SES063/SA063S24	SES029	-2.09338	-47.6514	-45.558
BLOCK06/SES063/SA063S24	SES083	-1.50196	-47.06	-45.558
BLOCK06/SES063/SA063S24	SES177	-1.08061	-46.6386	-45.558
BLOCK06/SES063/SA063S24	SES189	-1.86361	-47.4216	-45.558
BLOCK06/SES063/SA063S27	SES083	-1.48333	-47.6388	-46.1554
BLOCK06/SES063/SA063S27	SES172	-1.36361	-47.519	-46.1554
BLOCK06/SES063/SA063S27	SES187	-1.11108	-47.2665	-46.1554
BLOCK06/SES063/SA063S27	SES292	-2.15796	-48.3134	-46.1554
BLOCK06/SES067/SA067S12	SES083	-2.6762	-49.0218	-46.3456
BLOCK06/SES067/SA067S12	SES172	-2.07465	-48.4203	-46.3456
BLOCK06/SES067/SA067S12	SES202	-0.020813	-46.3664	-46.3456
BLOCK06/SES067/SA067S12	SES292	-1.49454	-47.8401	-46.3456
BLOCK06/SES067/SA067S14	SES085	-1.95388	-47.3471	-45.3932
BLOCK06/SES067/SA067S14	SES177	-1.8737	-47.2669	-45.3932
BLOCK06/SES067/SA067S14	SES183	-1.10609	-46.4993	-45.3932
BLOCK06/SES067/SA067S14	SES202	-1.1386	-46.5318	-45.3932
BLOCK06/SES067/SA067S21	SES144	-1.14634	-49.0942	-47.9478
BLOCK06/SES067/SA067S21	SES177	-0.807079	-48.7549	-47.9478
BLOCK06/SES067/SA067S21	SES183	-3.20431	-51.1522	-47.9478
BLOCK06/SES067/SA067S21	SES189	-0.485733	-48.4336	-47.9478
BLOCK06/SES067/SA067S25	SES085	-1.66011	-47.6065	-45.9464
BLOCK06/SES067/SA067S25	SES177	-1.22525	-47.1716	-45.9464
BLOCK06/SES067/SA067S25	SES183	-1.71904	-47.6654	-45.9464
BLOCK06/SES067/SA067S25	SES202	0.0666771	-45.8797	-45.9464
BLOCK06/SES067/SA067S29	SES085	-1.93571	-49.1337	-47.198
BLOCK06/SES067/SA067S29	SES177	-1.65223	-48.8502	-47.198
BLOCK06/SES067/SA067S29	SES183	-1.28062	-48.4786	-47.198
BLOCK06/SES067/SA067S29	SES202	0.351395	-46.8466	-47.198
BLOCK06/SES069/SA069S12	SES029	-2.19759	-48.0442	-45.8466
BLOCK06/SES069/SA069S12	SES082	-0.934528	-46.7811	-45.8466
BLOCK06/SES069/SA069S12	SES087	-1.35489	-47.2015	-45.8466
BLOCK06/SES069/SA069S12	SES206	-0.954418	-46.801	-45.8466
BLOCK06/SES069/SA069S13	SES029	-2.5687	-49.7088	-47.1401
BLOCK06/SES069/SA069S13	SES087	-1.55034	-48.6905	-47.1401
BLOCK06/SES069/SA069S13	SES206	-2.06931	-49.2095	-47.1401
BLOCK06/SES069/SA069S13	SES226	-0.981655	-48.1218	-47.1401
BLOCK06/SES069/SA069S23	SES029	-2.04618	-47.2564	-45.2102
BLOCK06/SES069/SA069S23	SES087	-0.606915	-45.8171	-45.2102
BLOCK06/SES069/SA069S23	SES206	-1.19632	-46.4065	-45.2102
BLOCK06/SES069/SA069S23	SES226	-0.586945	-45.7971	-45.2102
BLOCK06/SES069/SA069S25	SES087	-1.39234	-47.0832	-45.6908
BLOCK06/SES069/SA069S25	SES206	-2.10326	-47.7941	-45.6908
BLOCK06/SES069/SA069S25	SES226	-0.512417	-46.2033	-45.6908
BLOCK06/SES069/SA069S25	SES270	-1.72737	-47.4182	-45.6908
BLOCK06/SES069/SA069S27	SES087	-1.73376	-47.8985	-46.1647
BLOCK06/SES069/SA069S27	SES206	-0.381351	-46.546	-46.1647
BLOCK06/SES069/SA069S27	SES226	-0.261276	-46.426	-46.1647
BLOCK06/SES069/SA069S27	SES270	-0.686836	-46.8515	-46.1647
BLOCK08/SES081/SA081S11	SES060	-1.61522	-48.7981	-47.1829
BLOCK08/SES081/SA081S11	SES062	-3.00115	-50.184	-47.1829
BLOCK08/SES081/SA081S11	SES117	-1.69202	-48.8749	-47.1829
BLOCK08/SES081/SA081S11	SES162	-1.14692	-48.3298	-47.1829
BLOCK08/SES081/SA081S13	SES016	-0.920307	-46.5288	-45.6085
BLOCK08/SES081/SA081S13	SES060	-0.200653	-45.8091	-45.6085
BLOCK08/SES081/SA081S13	SES068	-0.583229	-46.1917	-45.6085
BLOCK08/SES081/SA081S13	SES129	-1.82441	-47.4329	-45.6085
BLOCK08/SES081/SA081S24	SES060	-1.07174	-47.6786	-46.6069
BLOCK08/SES081/SA081S24	SES068	-0.883514	-47.4904	-46.6069
BLOCK08/SES081/SA081S24	SES117	-1.77314	-48.38	-46.6069
BLOCK08/SES081/SA081S24	SES275	-1.82554	-48.4324	-46.6069
BLOCK08/SES081/SA081S27	SES007	-1.66558	-47.9118	-46.2462
BLOCK08/SES081/SA081S27	SES060	-1.09896	-47.3452	-46.2462
BLOCK08/SES081/SA081S27	SES117	-1.00904	-47.2552	-46.2462
BLOCK08/SES081/SA081S27	SES275	-2.20326	-48.4495	-46.2462
BLOCK08/SES081/SA081S29	SES007	-1.33168	-47.4304	-46.0988
BLOCK08/SES081/SA081S29	SES060	-1.04074	-47.1395	-46.0988
BLOCK08/SES081/SA081S29	SES117	-0.918613	-47.0174	-46.0988
BLOCK08/SES081/SA081S29	SES275	-2.31005	-48.4088	-46.0988
BLOCK08/SES086/SA086S11	SES029	-3.48624	-51.2616	-47.7753
BLOCK08/SES086/SA086S11	SES082	-2.28973	-50.0651	-47.7753
BLOCK08/SES086/SA086S11	SES087	-1.26043	-49.0358	-47.7753
BLOCK08/SES086/SA086S11	SES206	-2.71564	-50.491	-47.7753
BLOCK08/SES086/SA086S12	SES029	-2.47198	-49.2998	-46.8278
BLOCK08/SES086/SA086S12	SES082	-1.68338	-48.5112	-46.8278
BLOCK08/SES086/SA086S12	SES087	-0.487186	-47.315	-46.8278
BLOCK08/SES086/SA086S12	SES206	-1.9418	-48.7696	-46.8278
BLOCK08/SES086/SA086S20	SES029	-2.54184	-48.1116	-45.5698
BLOCK08/SES086/SA086S20	SES082	-0.919838	-46.4896	-45.5698
BLOCK08/SES086/SA086S20	SES087	-0.166824	-45.7366	-45.5698
BLOCK08/SES086/SA086S20	SES206	-0.510757	-46.0805	-45.5698
BLOCK08/SES086/SA086S24	SES087	-0.884651	-47.4099	-46.5253
BLOCK08/SES086/SA086S24	SES104	-1.57212	-48.0974	-46.5253
BLOCK08/SES086/SA086S24	SES120	-1.72383	-48.2491	-46.5253
BLOCK08/SES086/SA086S24	SES206	-0.890945	-47.4162	-46.5253
BLOCK08/SES086/SA086S28	SES029	-2.31639	-47.1219	-44.8055
BLOCK08/SES086/SA086S28	SES082	-0.997585	-45.8031	-44.8055
BLOCK08/SES086/SA086S28	SES087	-0.907307	-45.7128	-44.8055
BLOCK08/SES086/SA086S28	SES206	-1.11058	-45.9161	-44.8055
BLOCK08/SES089/SA089S13	SES087	-0.544365	-48.4798	-47.9354
BLOCK08/SES089/SA089S13	SES206	-1.18018	-49.1156	-47.9354
BLOCK08/SES089/SA089S13	SES226	-0.60545	-48.5409	-47.9354
BLOCK08/SES089/SA089S13	SES270	-2.4534	-50.3888	-47.9354
BLOCK08/SES089/SA089S14	SES062	-1.68343	-48.7374	-47.054
BLOCK08/SES089/SA089S14	SES087	-0.149529	-47.2035	-47.054
BLOCK08/SES089/SA089S14	SES206	-0.951191	-48.0052	-47.054
BLOCK08/SES089/SA089S14	SES226	-0.492378	-47.5463	-47.054
BLOCK08/SES089/SA089S23	SES087	-0.089325	-48.416	-48.3267
BLOCK08/SES089/SA089S23	SES206	-0.823742	-49.1504	-48.3267
BLOCK08/SES089/SA089S23	SES226	-0.699726	-49.0264	-48.3267
BLOCK08/SES089/SA089S23	SES270	-2.42951	-50.7562	-48.3267
BLOCK08/SES089/SA089S25	SES062	-2.71305	-50.1321	-47.419
BLOCK08/SES089/SA089S25	SES087	-0.0780029	-47.497	-47.419
BLOCK08/SES089/SA089S25	SES206	-1.43859	-48.8576	-47.419
BLOCK08/SES089/SA089S25	SES226	0.10973	-47.3093	-47.419
BLOCK08/SES089/SA089S28	SES062	-1.87705	-49.5916	-47.7145
BLOCK08/SES089/SA089S28	SES087	0.0679207	-47.6466	-47.7145
BLOCK08/SES089/SA089S28	SES206	-0.824669	-48.5392	-47.7145
BLOCK08/SES089/SA089S28	SES226	0.049511	-47.665	-47.7145
BLOCK09/SES097/SA097S11	SES099	-0.171719	-48.9989	-48.8271
BLOCK09/SES097/SA097S11	SES125	-2.31068	-51.1378	-48.8271
BLOCK09/SES097/SA097S11	SES206	-1.79692	-50.6241	-48.8271
BLOCK09/SES097/SA097S11	SES226	-0.268887	-49.096	-48.8271
BLOCK09/SES097/SA097S14	SES062	-1.66282	-50.276	-48.6132
BLOCK09/SES097/SA097S14	SES099	-1.31688	-49.93	-48.6132
BLOCK09/SES097/SA097S14	SES104	-1.47754	-50.0907	-48.6132
BLOCK09/SES097/SA097S14	SES206	-1.923	-50.5362	-48.6132
BLOCK09/SES097/SA097S22	SES099	-0.716057	-49.248	-48.5319
BLOCK09/SES097/SA097S22	SES206	-2.23314	-50.765	-48.5319
BLOCK09/SES097/SA097S22	SES226	-1.91727	-50.4492	-48.5319
BLOCK09/SES097/SA097S22	SES270	-0.830048	-49.3619	-48.5319
BLOCK09/SES097/SA097S26	SES099	-0.701832	-48.4315	-47.7297
BLOCK09/SES097/SA097S26	SES120	-1.89909	-49.6288	-47.7297
BLOCK09/SES097/SA097S26	SES206	-1.50407	-49.2338	-47.7297
BLOCK09/SES097/SA097S26	SES226	-1.80879	-49.5385	-47.7297
BLOCK09/SES097/SA097S28	SES099	-0.933346	-48.1532	-47.2199
BLOCK09/SES097/SA097S28	SES120	-1.98588	-49.2057	-47.2199
BLOCK09/SES097/SA097S28	SES206	-1.95584	-49.1757	-47.2199
BLOCK09/SES097/SA097S28	SES226	-1.48971	-48.7096	-47.2199
BLOCK09/SES098/SA098S11	SES127	-2.82302	-50.503	-47.6799
BLOCK09/SES098/SA098S11	SES144	-2.23332	-49.9132	-47.6799
BLOCK09/SES098/SA098S11	SES147	-1.02584	-48.7058	-47.6799
BLOCK09/SES098/SA098S11	SES148	-3.31139	-50.9913	-47.6799
BLOCK09/SES098/SA098S12	SES127	-4.31643	-53.9167	-49.6003
BLOCK09/SES098/SA098S12	SES144	-3.36795	-52.9682	-49.6003
BLOCK09/SES098/SA098S12	SES147	-2.4635	-52.0638	-49.6003
BLOCK09/SES098/SA098S12	SES189	-0.849483	-50.4498	-49.6003
BLOCK09/SES098/SA098S20	SES127	-4.12796	-52.8637	-48.7357
BLOCK09/SES098/SA098S20	SES147	-1.65578	-50.3915	-48.7357
BLOCK09/SES098/SA098S20	SES148	-3.83556	-52.5713	-48.7357
BLOCK09/SES098/SA098S20	SES292	-3.45214	-52.1879	-48.7357
BLOCK09/SES098/SA098S23	SES127	-2.55942	-50.2317	-47.6723
BLOCK09/SES098/SA098S23	SES147	-0.779766	-48.452	-47.6723
BLOCK09/SES098/SA098S23	SES187	-0.997715	-48.67	-47.6723
BLOCK09/SES098/SA098S23	SES292	-2.62577	-50.298	-47.6723
BLOCK09/SES098/SA098S27	SES127	-4.2601	-52.1105	-47.8504
BLOCK09/SES098/SA098S27	SES147	-2.29301	-50.1434	-47.8504
BLOCK09/SES098/SA098S27	SES148	-4.08702	-51.9374	-47.8504
BLOCK09/SES098/SA098S27	SES292	-3.30059	-51.151	-47.8504
BLOCK10/SES102/SA102S13	SES101	-0.788754	-48.1187	-47.3299
BLOCK10/SES102/SA102S13	SES105	-1.94834	-49.2783	-47.3299
BLOCK10/SES102/SA102S13	SES120	-1.4492	-48.7791	-47.3299
BLOCK10/SES102/SA102S13	SES158	-6.27131	-53.6012	-47.3299
BLOCK10/SES102/SA102S14	SES007	-0.893158	-45.932	-45.0389
BLOCK10/SES102/SA102S14	SES101	-0.0709076	-45.1098	-45.0389
BLOCK10/SES102/SA102S14	SES105	-1.20232	-46.2412	-45.0389
BLOCK10/SES102/SA102S14	SES147	-2.43697	-47.4758	-45.0389
BLOCK10/SES102/SA102S22	SES007	-1.02874	-46.0454	-45.0167
BLOCK10/SES102/SA102S22	SES101	-0.399948	-45.4166	-45.0167
BLOCK10/SES102/SA102S22	SES105	-1.02075	-46.0374	-45.0167
BLOCK10/SES102/SA102S22	SES158	-3.14662	-48.1633	-45.0167
BLOCK10/SES102/SA102S25	SES007	-0.899185	-46.0327	-45.1335
BLOCK10/SES102/SA102S25	SES101	-1.02412	-46.1577	-45.1335
BLOCK10/SES102/SA102S25	SES105	-0.963417	-46.097	-45.1335
BLOCK10/SES102/SA102S25	SES147	-3.40543	-48.539	-45.1335
BLOCK10/SES102/SA102S27	SES007	-1.39224	-48.6096	-47.2174
BLOCK10/SES102/SA102S27	SES101	-1.10203	-48.3194	-47.2174
BLOCK10/SES102/SA102S27	SES105	-2.19093	-49.4083	-47.2174
BLOCK10/SES102/SA102S27	SES147	-1.91936	-49.1367	-47.2174
BLOCK10/SES103/SA103S14	SES105	-1.166	-47.1997	-46.0337
BLOCK10/SES103/SA103S14	SES106	-2.0805	-48.1142	-46.0337
BLOCK10/SES103/SA103S14	SES120	-2.00184	-48.0355	-46.0337
BLOCK10/SES103/SA103S14	SES206	-1.58827	-47.6219	-46.0337
BLOCK10/SES103/SA103S15	SES099	-1.37233	-50.2066	-48.8343
BLOCK10/SES103/SA103S15	SES101	-4.07876	-52.913	-48.8343
BLOCK10/SES103/SA103S15	SES104	-1.24157	-50.0758	-48.8343
BLOCK10/SES103/SA103S15	SES125	-2.42362	-51.2579	-48.8343
BLOCK10/SES103/SA103S24	SES104	-1.76281	-48.2458	-46.483
BLOCK10/SES103/SA103S24	SES125	-1.36273	-47.8457	-46.483
BLOCK10/SES103/SA103S24	SES148	-2.50435	-48.9874	-46.483
BLOCK10/SES103/SA103S24	SES158	-2.15959	-48.6426	-46.483
BLOCK10/SES103/SA103S26	SES104	-1.17294	-47.696	-46.5231
BLOCK10/SES103/SA103S26	SES106	-1.55612	-48.0792	-46.5231
BLOCK10/SES103/SA103S26	SES125	-1.35656	-47.8797	-46.5231
BLOCK10/SES103/SA103S26	SES148	-2.69424	-49.2173	-46.5231
BLOCK10/SES103/SA103S28	SES104	-1.66037	-49.5668	-47.9065
BLOCK10/SES103/SA103S28	SES106	-3.21022	-51.1167	-47.9065
BLOCK10/SES103/SA103S28	SES125	-1.50187	-49.4083	-47.9065
BLOCK10/SES103/SA103S28	SES206	-2.2109	-50.1174	-47.9065
BLOCK12/SES121/SA121S12	SES042	-2.48265	-49.191	-46.7083
BLOCK12/SES121/SA121S12	SES087	-1.47282	-48.1811	-46.7083
BLOCK12/SES121/SA121S12	SES105	-0.297703	-47.006	-46.7083
BLOCK12/SES121/SA121S12	SES206	-1.48538	-48.1937	-46.7083
BLOCK12/SES121/SA121S14	SES007	-1.28449	-48.0067	-46.7222
BLOCK12/SES121/SA121S14	SES105	-0.781864	-47.5041	-46.7222
BLOCK12/SES121/SA121S14	SES106	-2.37804	-49.1003	-46.7222
BLOCK12/SES121/SA121S14	SES206	-2.37359	-49.0958	-46.7222
BLOCK12/SES121/SA121S23	SES105	-0.474213	-48.1104	-47.6361
BLOCK12/SES121/SA121S23	SES106	-1.50512	-49.1413	-47.6361
BLOCK12/SES121/SA121S23	SES120	-2.39067	-50.0268	-47.6361
BLOCK12/SES121/SA121S23	SES206	-0.976395	-48.6125	-47.6361
BLOCK12/SES121/SA121S25	SES007	-1.18874	-48.5012	-47.3125
BLOCK12/SES121/SA121S25	SES105	-0.850971	-48.1635	-47.3125
BLOCK12/SES121/SA121S25	SES106	-1.88982	-49.2023	-47.3125
BLOCK12/SES121/SA121S25	SES206	-2.58313	-49.8956	-47.3125
BLOCK12/SES121/SA121S27	SES087	-1.26723	-48.6047	-47.3375
BLOCK12/SES121/SA121S27	SES105	-1.54718	-48.8846	-47.3375
BLOCK12/SES121/SA121S27	SES120	-1.69757	-49.035	-47.3375
BLOCK12/SES121/SA121S27	SES206	-2.05859	-49.396	-47.3375
BLOCK12/SES124/SA124S16	SES042	-0.854733	-45.5217	-44.667
BLOCK12/SES124/SA124S16	SES082	-0.785217	-45.4522	-44.667
BLOCK12/SES124/SA124S16	SES183	-2.44619	-47.1132	-44.667
BLOCK12/SES124/SA124S16	SES206	-1.08532	-45.7523	-44.667
BLOCK12/SES124/SA124S17	SES105	-1.67294	-47.6636	-45.9907
BLOCK12/SES124/SA124S17	SES149	-1.49917	-47.4898	-45.9907
BLOCK12/SES124/SA124S17	SES158	-2.51574	-48.5064	-45.9907
BLOCK12/SES124/SA124S17	SES275	-1.33595	-47.3266	-45.9907
BLOCK12/SES124/SA124S23	SES105	-1.05442	-46.0415	-44.9871
BLOCK12/SES124/SA124S23	SES125	0.447861	-44.5392	-44.9871
BLOCK12/SES124/SA124S23	SES129	-1.106	-46.0931	-44.9871
BLOCK12/SES124/SA124S23	SES158	-1.87723	-46.8643	-44.9871
BLOCK12/SES124/SA124S26	SES105	-1.30354	-47.3335	-46.03
BLOCK12/SES124/SA124S26	SES125	0.0768204	-45.9531	-46.03
BLOCK12/SES124/SA124S26	SES129	-1.48256	-47.5125	-46.03
BLOCK12/SES124/SA124S26	SES158	-1.68582	-47.7158	-46.03
BLOCK12/SES124/SA124S28	SES104	-0.420094	-45.9994	-45.5793
BLOCK12/SES124/SA124S28	SES106	-0.498444	-46.0777	-45.5793
BLOCK12/SES124/SA124S28	SES125	0.130764	-45.4485	-45.5793
BLOCK12/SES124/SA124S28	SES275	-1.51627	-47.0955	-45.5793
BLOCK12/SES126/SA126S13	SES007	-2.33192	-49.8994	-47.5674
BLOCK12/SES126/SA126S13	SES162	-0.925186	-48.4926	-47.5674
BLOCK12/SES126/SA126S13	SES177	-1.40184	-48.9693	-47.5674
BLOCK12/SES126/SA126S13	SES180	-1.30074	-48.8682	-47.5674
BLOCK12/SES126/SA126S14	SES144	-1.3094	-47.3366	-46.0272
BLOCK12/SES126/SA126S14	SES148	-1.9025	-47.9297	-46.0272
BLOCK12/SES126/SA126S14	SES177	-0.699406	-46.7266	-46.0272
BLOCK12/SES126/SA126S14	SES180	-1.05903	-47.0863	-46.0272
BLOCK12/SES126/SA126S20	SES007	-1.64551	-47.9561	-46.3106
BLOCK12/SES126/SA126S20	SES162	-1.0946	-47.4052	-46.3106
BLOCK12/SES126/SA126S20	SES172	-3.41333	-49.7239	-46.3106
BLOCK12/SES126/SA126S20	SES180	-1.46663	-47.7772	-46.3106
BLOCK12/SES126/SA126S24	SES120	-1.52987	-47.7837	-46.2538
BLOCK12/SES126/SA126S24	SES162	-0.484245	-46.7381	-46.2538
BLOCK12/SES126/SA126S24	SES177	-1.10585	-47.3597	-46.2538
BLOCK12/SES126/SA126S24	SES180	-0.377018	-46.6308	-46.2538
BLOCK12/SES126/SA126S26	SES120	-1.83902	-48.386	-46.547
BLOCK12/SES126/SA126S26	SES177	-1.46655	-48.0136	-46.547
BLOCK12/SES126/SA126S26	SES180	-0.467274	-47.0143	-46.547
BLOCK12/SES126/SA126S26	SES202	-2.62511	-49.1721	-46.547
BLOCK12/SES128/SA128S10	SES087	-2.19658	-47.6007	-45.4041
BLOCK12/SES128/SA128S10	SES206	-1.81032	-47.2144	-45.4041
BLOCK12/SES128/SA128S10	SES226	-1.36186	-46.766	-45.4041
BLOCK12/SES128/SA128S10	SES270	-1.01614	-46.4202	-45.4041
BLOCK12/SES128/SA128S12	SES120	-1.3765	-47.1302	-45.7537
BLOCK12/SES128/SA128S12	SES158	-1.85218	-47.6059	-45.7537
BLOCK12/SES128/SA128S12	SES206	-1.06366	-46.8173	-45.7537
BLOCK12/SES128/SA128S12	SES226	-1.26125	-47.0149	-45.7537
BLOCK12/SES128/SA128S21	SES106	-2.61969	-50.7822	-48.1625
BLOCK12/SES128/SA128S21	SES120	-2.23832	-50.4008	-48.1625
BLOCK12/SES128/SA128S21	SES206	-2.37127	-50.5338	-48.1625
BLOCK12/SES128/SA128S21	SES226	-0.165348	-48.3278	-48.1625
BLOCK12/SES128/SA128S24	SES087	-2.10125	-48.3473	-46.246
BLOCK12/SES128/SA128S24	SES120	-1.79129	-48.0373	-46.246
BLOCK12/SES128/SA128S24	SES206	-1.27369	-47.5197	-46.246
BLOCK12/SES128/SA128S24	SES226	-1.35627	-47.6023	-46.246
BLOCK12/SES128/SA128S27	SES099	-0.579876	-45.6122	-45.0323
BLOCK12/SES128/SA128S27	SES120	-1.87514	-46.9074	-45.0323
BLOCK12/SES128/SA128S27	SES206	-1.20462	-46.2369	-45.0323
BLOCK12/SES128/SA128S27	SES226	-0.922005	-45.9543	-45.0323
BLOCK13/SES130/SA130S13	SES143	-3.67559	-52.2443	-48.5687
BLOCK13/SES130/SA130S13	SES144	-1.25795	-49.8266	-48.5687
BLOCK13/SES130/SA130S13	SES146	-1.1281	-49.6968	-48.5687
BLOCK13/SES130/SA130S13	SES275	-2.94591	-51.5146	-48.5687
BLOCK13/SES130/SA130S15	SES143	-2.26359	-48.8152	-46.5516
BLOCK13/SES130/SA130S15	SES144	-0.774647	-47.3263	-46.5516
BLOCK13/SES130/SA130S15	SES146	-0.629158	-47.1808	-46.5516
BLOCK13/SES130/SA130S15	SES275	-1.69313	-48.2448	-46.5516
BLOCK13/SES130/SA130S23	SES127	-2.80643	-51.2005	-48.3941
BLOCK13/SES130/SA130S23	SES144	-1.60557	-49.9997	-48.3941
BLOCK13/SES130/SA130S23	SES146	-1.18584	-49.5799	-48.3941
BLOCK13/SES130/SA130S23	SES162	-2.98795	-51.382	-48.3941
BLOCK13/SES130/SA130S25	SES127	-2.24617	-47.9037	-45.6575
BLOCK13/SES130/SA130S25	SES144	-0.683941	-46.3415	-45.6575
BLOCK13/SES130/SA130S25	SES146	-0.187969	-45.8455	-45.6575
BLOCK13/SES130/SA130S25	SES275	-0.702133	-46.3597	-45.6575
BLOCK13/SES130/SA130S28	SES127	-1.8092	-48.7976	-46.9883
BLOCK13/SES130/SA130S28	SES144	-1.32691	-48.3153	-46.9883
BLOCK13/SES130/SA130S28	SES146	-0.646927	-47.6353	-46.9883
BLOCK13/SES130/SA130S28	SES275	-0.743137	-47.7315	-46.9883
BLOCK13/SES131/SA131S13	SES002	-1.99654	-49.53	-47.5334
BLOCK13/SES131/SA131S13	SES007	-2.20583	-49.7393	-47.5334
BLOCK13/SES131/SA131S13	SES099	-1.50245	-49.0359	-47.5334
BLOCK13/SES131/SA131S13	SES105	-1.22738	-48.7608	-47.5334
BLOCK13/SES131/SA131S14	SES104	-0.942226	-46.6404	-45.6981
BLOCK13/SES131/SA131S14	SES106	-2.04152	-47.7397	-45.6981
BLOCK13/SES131/SA131S14	SES125	-1.32524	-47.0234	-45.6981
BLOCK13/SES131/SA131S14	SES148	-1.58555	-47.2837	-45.6981
BLOCK13/SES131/SA131S20	SES104	-1.84547	-50.0843	-48.2388
BLOCK13/SES131/SA131S20	SES106	-2.52066	-50.7595	-48.2388
BLOCK13/SES131/SA131S20	SES125	-1.49164	-49.7305	-48.2388
BLOCK13/SES131/SA131S20	SES148	-2.05673	-50.2956	-48.2388
BLOCK13/SES131/SA131S22	SES099	-0.7761	-46.7312	-45.9551
BLOCK13/SES131/SA131S22	SES104	-1.3974	-47.3525	-45.9551
BLOCK13/SES131/SA131S22	SES125	-1.04504	-47.0001	-45.9551
BLOCK13/SES131/SA131S22	SES206	-1.93872	-47.8938	-45.9551
BLOCK13/SES131/SA131S29	SES087	-1.69945	-48.784	-47.0845
BLOCK13/SES131/SA131S29	SES104	-2.16063	-49.2452	-47.0845
BLOCK13/SES131/SA131S29	SES125	-1.98256	-49.0671	-47.0845
BLOCK13/SES131/SA131S29	SES206	-2.58258	-49.6671	-47.0845
BLOCK13/SES132/SA132S11	SES083	-2.67361	-47.4942	-44.8206
BLOCK13/SES132/SA132S11	SES120	-0.427765	-45.2483	-44.8206
BLOCK13/SES132/SA132S11	SES127	-1.09007	-45.9107	-44.8206
BLOCK13/SES132/SA132S11	SES275	-1.87493	-46.6955	-44.8206
BLOCK13/SES132/SA132S12	SES083	-2.62606	-48.0224	-45.3963
BLOCK13/SES132/SA132S12	SES143	-2.56742	-47.9638	-45.3963
BLOCK13/SES132/SA132S12	SES144	-1.24614	-46.6425	-45.3963
BLOCK13/SES132/SA132S12	SES148	-1.13454	-46.5309	-45.3963
BLOCK13/SES132/SA132S22	SES062	-1.57015	-47.1194	-45.5493
BLOCK13/SES132/SA132S22	SES083	-2.05839	-47.6076	-45.5493
BLOCK13/SES132/SA132S22	SES127	-0.869217	-46.4185	-45.5493
BLOCK13/SES132/SA132S22	SES275	-1.04598	-46.5952	-45.5493
BLOCK13/SES132/SA132S24	SES007	-1.444	-46.7108	-45.2668
BLOCK13/SES132/SA132S24	SES083	-1.9851	-47.2519	-45.2668
BLOCK13/SES132/SA132S24	SES127	-1.50351	-46.7703	-45.2668
BLOCK13/SES132/SA132S24	SES275	-1.70042	-46.9673	-45.2668
BLOCK13/SES132/SA132S27	SES083	-2.63809	-49.2014	-46.5633
BLOCK13/SES132/SA132S27	SES120	-0.729923	-47.2932	-46.5633
BLOCK13/SES132/SA132S27	SES127	-2.04478	-48.6081	-46.5633
BLOCK13/SES132/SA132S27	SES275	-2.01465	-48.578	-46.5633
BLOCK14/SES141/SA141S09	SES143	-0.837612	-47.1961	-46.3584
BLOCK14/SES141/SA141S09	SES144	-0.980972	-47.3394	-46.3584
BLOCK14/SES141/SA141S09	SES162	-0.658524	-47.017	-46.3584
BLOCK14/SES141/SA141S09	SES180	-0.534687	-46.8931	-46.3584
BLOCK14/SES141/SA141S15	SES127	-0.740986	-47.006	-46.265
BLOCK14/SES141/SA141S15	SES144	-0.984852	-47.2498	-46.265
BLOCK14/SES141/SA141S15	SES162	-0.953461	-47.2184	-46.265
BLOCK14/SES141/SA141S15	SES180	-0.374477	-46.6394	-46.265
BLOCK14/SES141/SA141S24	SES127	-0.84634	-46.6663	-45.8199
BLOCK14/SES141/SA141S24	SES144	-1.59684	-47.4168	-45.8199
BLOCK14/SES141/SA141S24	SES162	-0.86232	-46.6822	-45.8199
BLOCK14/SES141/SA141S24	SES183	-1.80805	-47.628	-45.8199
BLOCK14/SES141/SA141S26	SES142	-1.70318	-49.2317	-47.5285
BLOCK14/SES141/SA141S26	SES144	-1.44172	-48.9702	-47.5285
BLOCK14/SES141/SA141S26	SES172	-2.05168	-49.5802	-47.5285
BLOCK14/SES141/SA141S26	SES180	-0.168846	-47.6974	-47.5285
BLOCK14/SES141/SA141S29	SES127	-0.538097	-46.0703	-45.5322
BLOCK14/SES141/SA141S29	SES142	-0.631733	-46.1639	-45.5322
BLOCK14/SES141/SA141S29	SES144	-1.13431	-46.6665	-45.5322
BLOCK14/SES141/SA141S29	SES180	0.127789	-45.4044	-45.5322
BLOCK15/SES157/SA157S08	SES083	-2.7803	-49.2042	-46.4239
BLOCK15/SES157/SA157S08	SES127	-2.74833	-49.1722	-46.4239
BLOCK15/SES157/SA157S08	SES148	-1.33827	-47.7622	-46.4239
BLOCK15/SES157/SA157S08	SES292	-1.76211	-48.186	-46.4239
BLOCK15/SES157/SA157S11	SES083	-2.93345	-49.3737	-46.4402
BLOCK15/SES157/SA157S11	SES127	-3.03374	-49.474	-46.4402
BLOCK15/SES157/SA157S11	SES148	-1.89101	-48.3312	-46.4402
BLOCK15/SES157/SA157S11	SES292	-2.05721	-48.4974	-46.4402
BLOCK15/SES157/SA157S21	SES127	-2.23578	-49.3312	-47.0954
BLOCK15/SES157/SA157S21	SES148	-0.80938	-47.9048	-47.0954
BLOCK15/SES157/SA157S21	SES158	-5.17138	-52.2668	-47.0954
BLOCK15/SES157/SA157S21	SES292	-1.61486	-48.7103	-47.0954
BLOCK15/SES157/SA157S24	SES127	-2.56539	-48.6378	-46.0724
BLOCK15/SES157/SA157S24	SES148	-1.19883	-47.2713	-46.0724
BLOCK15/SES157/SA157S24	SES183	-1.59863	-47.6711	-46.0724
BLOCK15/SES157/SA157S24	SES292	-1.27725	-47.3497	-46.0724
BLOCK15/SES157/SA157S26	SES007	-1.09312	-46.3371	-45.244
BLOCK15/SES157/SA157S26	SES127	-0.845531	-46.0895	-45.244
BLOCK15/SES157/SA157S26	SES147	-2.20099	-47.445	-45.244
BLOCK15/SES157/SA157S26	SES148	-1.3621	-46.6061	-45.244
BLOCK16/SES161/SA161S10	SES007	-1.44066	-48.0172	-46.5765
BLOCK16/SES161/SA161S10	SES105	-1.11385	-47.6904	-46.5765
BLOCK16/SES161/SA161S10	SES158	-2.29568	-48.8722	-46.5765
BLOCK16/SES161/SA161S10	SES275	-1.27236	-47.8489	-46.5765
BLOCK16/SES161/SA161S12	SES007	-1.35791	-47.8405	-46.4825
BLOCK16/SES161/SA161S12	SES105	-1.30901	-47.7916	-46.4825
BLOCK16/SES161/SA161S12	SES158	-2.67892	-49.1615	-46.4825
BLOCK16/SES161/SA161S12	SES275	-1.19781	-47.6803	-46.4825
BLOCK16/SES161/SA161S20	SES007	-0.949444	-48.0168	-47.0673
BLOCK16/SES161/SA161S20	SES105	-1.54382	-48.6111	-47.0673
BLOCK16/SES161/SA161S20	SES158	-2.36378	-49.4311	-47.0673
BLOCK16/SES161/SA161S20	SES275	-1.46997	-48.5373	-47.0673
BLOCK16/SES161/SA161S23	SES007	-1.76157	-48.7951	-47.0335
BLOCK16/SES161/SA161S23	SES105	-1.38198	-48.4155	-47.0335
BLOCK16/SES161/SA161S23	SES148	-1.65505	-48.6886	-47.0335
BLOCK16/SES161/SA161S23	SES158	-2.22272	-49.2562	-47.0335
BLOCK16/SES161/SA161S28	SES007	-1.52393	-47.1936	-45.6697
BLOCK16/SES161/SA161S28	SES105	-1.47631	-47.146	-45.6697
BLOCK16/SES161/SA161S28	SES158	-1.67298	-47.3427	-45.6697
BLOCK16/SES161/SA161S28	SES206	-1.26966	-46.9393	-45.6697
BLOCK16/SES164/SA164S11	SES104	-1.85775	-48.1217	-46.264
BLOCK16/SES164/SA164S11	SES125	-0.983936	-47.2479	-46.264
BLOCK16/SES164/SA164S11	SES158	-2.56016	-48.8242	-46.264
BLOCK16/SES164/SA164S11	SES206	-2.13683	-48.4008	-46.264
BLOCK16/SES164/SA164S13	SES099	-1.93623	-49.723	-47.7868
BLOCK16/SES164/SA164S13	SES104	-2.67931	-50.4661	-47.7868
BLOCK16/SES164/SA164S13	SES125	-2.50908	-50.2959	-47.7868
BLOCK16/SES164/SA164S13	SES206	-2.62242	-50.4092	-47.7868
BLOCK16/SES164/SA164S24	SES002	-0.111172	-46.8585	-46.7473
BLOCK16/SES164/SA164S24	SES099	-1.01378	-47.7611	-46.7473
BLOCK16/SES164/SA164S24	SES125	-0.882023	-47.6293	-46.7473
BLOCK16/SES164/SA164S24	SES226	-0.470928	-47.2182	-46.7473
BLOCK16/SES164/SA164S27	SES087	-2.04634	-49.9493	-47.903
BLOCK16/SES164/SA164S27	SES125	-1.44513	-49.3481	-47.903
BLOCK16/SES164/SA164S27	SES206	-2.46601	-50.369	-47.903
BLOCK16/SES164/SA164S27	SES226	-1.00324	-48.9062	-47.903
BLOCK16/SES164/SA164S29	SES002	-0.707329	-47.6609	-46.9536
BLOCK16/SES164/SA164S29	SES019	-1.50196	-48.4556	-46.9536
BLOCK16/SES164/SA164S29	SES125	-1.21686	-48.1705	-46.9536
BLOCK16/SES164/SA164S29	SES226	-1.59824	-48.5518	-46.9536
BLOCK16/SES169/SA169S13	SES117	-2.33934	-48.8027	-46.4633
BLOCK16/SES169/SA169S13	SES144	-0.956558	-47.4199	-46.4633
BLOCK16/SES169/SA169S13	SES146	-1.12474	-47.5881	-46.4633
BLOCK16/SES169/SA169S13	SES162	-2.92811	-49.3915	-46.4633
BLOCK16/SES169/SA169S14	SES144	-1.16545	-45.6862	-44.5208
BLOCK16/SES169/SA169S14	SES148	-1.40166	-45.9224	-44.5208
BLOCK16/SES169/SA169S14	SES177	-1.8694	-46.3902	-44.5208
BLOCK16/SES169/SA169S14	SES180	-1.95111	-46.4719	-44.5208
BLOCK16/SES169/SA169S24	SES117	-2.12596	-49.3352	-47.2092
BLOCK16/SES169/SA169S24	SES144	-0.811455	-48.0207	-47.2092
BLOCK16/SES169/SA169S24	SES146	-0.983086	-48.1923	-47.2092
BLOCK16/SES169/SA169S24	SES162	-2.31128	-49.5205	-47.2092
BLOCK16/SES169/SA169S27	SES127	-1.4869	-46.9612	-45.4743
BLOCK16/SES169/SA169S27	SES129	-1.23901	-46.7133	-45.4743
BLOCK16/SES169/SA169S27	SES144	-1.16716	-46.6415	-45.4743
BLOCK16/SES169/SA169S27	SES146	-0.895004	-46.3693	-45.4743
BLOCK16/SES169/SA169S29	SES144	-0.678955	-45.8419	-45.1629
BLOCK16/SES169/SA169S29	SES162	-1.5433	-46.7062	-45.1629
BLOCK16/SES169/SA169S29	SES177	-2.51877	-47.6817	-45.1629
BLOCK16/SES169/SA169S29	SES180	-1.85066	-47.0136	-45.1629
BLOCK17/SES171/SA171S12	SES083	-2.24556	-49.7454	-47.4998
BLOCK17/SES171/SA171S12	SES148	-1.47455	-48.9744	-47.4998
BLOCK17/SES171/SA171S12	SES172	-1.71509	-49.2149	-47.4998
BLOCK17/SES171/SA171S12	SES292	-2.91479	-50.4146	-47.4998
BLOCK17/SES171/SA171S15	SES148	-2.06024	-50.4607	-48.4004
BLOCK17/SES171/SA171S15	SES177	-2.21734	-50.6178	-48.4004
BLOCK17/SES171/SA171S15	SES180	-2.16124	-50.5617	-48.4004
BLOCK17/SES171/SA171S15	SES292	-3.72073	-52.1212	-48.4004
BLOCK17/SES171/SA171S22	SES007	-2.00981	-48.1642	-46.1544
BLOCK17/SES171/SA171S22	SES148	-1.59961	-47.754	-46.1544
BLOCK17/SES171/SA171S22	SES177	-1.09399	-47.2484	-46.1544
BLOCK17/SES171/SA171S22	SES180	-1.9131	-48.0675	-46.1544
BLOCK17/SES171/SA171S25	SES101	-2.98367	-51.6117	-48.628
BLOCK17/SES171/SA171S25	SES120	-2.5437	-51.1717	-48.628
BLOCK17/SES171/SA171S25	SES177	-3.02034	-51.6483	-48.628
BLOCK17/SES171/SA171S25	SES180	-3.07572	-51.7037	-48.628
BLOCK17/SES171/SA171S27	SES177	-1.1847	-47.9649	-46.7802
BLOCK17/SES171/SA171S27	SES180	-2.02581	-48.806	-46.7802
BLOCK17/SES171/SA171S27	SES189	-1.57863	-48.3588	-46.7802
BLOCK17/SES171/SA171S27	SES292	-2.0251	-48.8053	-46.7802
BLOCK17/SES173/SA173S13	SES162	-1.32711	-48.3661	-47.039
BLOCK17/SES173/SA173S13	SES177	-1.99363	-49.0326	-47.039
BLOCK17/SES173/SA173S13	SES180	-2.4318	-49.4708	-47.039
BLOCK17/SES173/SA173S13	SES292	-2.35641	-49.3954	-47.039
BLOCK17/SES173/SA173S14	SES007	-4.09766	-52.5264	-48.4287
BLOCK17/SES173/SA173S14	SES162	-3.27209	-51.7008	-48.4287
BLOCK17/SES173/SA173S14	SES177	-3.69181	-52.1206	-48.4287
BLOCK17/SES173/SA173S14	SES180	-7.19634	-55.6251	-48.4287
BLOCK17/SES173/SA173S24	SES144	-2.24926	-51.7179	-49.4686
BLOCK17/SES173/SA173S24	SES162	-2.02869	-51.4973	-49.4686
BLOCK17/SES173/SA173S24	SES177	-2.34719	-51.8158	-49.4686
BLOCK17/SES173/SA173S24	SES180	-3.85162	-53.3202	-49.4686
BLOCK17/SES173/SA173S27	SES162	-1.25946	-48.9671	-47.7076
BLOCK17/SES173/SA173S27	SES177	-1.91991	-49.6276	-47.7076
BLOCK17/SES173/SA173S27	SES180	-1.8201	-49.5277	-47.7076
BLOCK17/SES173/SA173S27	SES292	-2.46758	-50.1752	-47.7076
BLOCK17/SES173/SA173S29	SES162	-1.84523	-51.1386	-49.2933
BLOCK17/SES173/SA173S29	SES175	-1.36622	-50.6595	-49.2933
BLOCK17/SES173/SA173S29	SES177	-1.567	-50.8603	-49.2933
BLOCK17/SES173/SA173S29	SES292	-4.42943	-53.7228	-49.2933
BLOCK18/SES182/SA182S10	SES144	-1.00461	-45.8282	-44.8236
BLOCK18/SES182/SA182S10	SES177	-1.50913	-46.3328	-44.8236
BLOCK18/SES182/SA182S10	SES180	-1.06318	-45.8868	-44.8236
BLOCK18/SES182/SA182S10	SES275	-1.20252	-46.0261	-44.8236
BLOCK18/SES182/SA182S12	SES144	-0.849594	-45.8548	-45.0052
BLOCK18/SES182/SA182S12	SES177	-0.980225	-45.9854	-45.0052
BLOCK18/SES182/SA182S12	SES180	-1.2408	-46.246	-45.0052
BLOCK18/SES182/SA182S12	SES275	-1.43835	-46.4436	-45.0052
BLOCK18/SES182/SA182S21	SES117	-0.746895	-47.4183	-46.6714
BLOCK18/SES182/SA182S21	SES144	-1.38803	-48.0594	-46.6714
BLOCK18/SES182/SA182S21	SES162	-0.0956497	-46.7671	-46.6714
BLOCK18/SES182/SA182S21	SES180	-1.13405	-47.8055	-46.6714
BLOCK18/SES182/SA182S23	SES117	-0.937378	-47.386	-46.4487
BLOCK18/SES182/SA182S23	SES144	-1.60534	-48.054	-46.4487
BLOCK18/SES182/SA182S23	SES180	-1.95034	-48.399	-46.4487
BLOCK18/SES182/SA182S23	SES275	-1.37465	-47.8233	-46.4487
BLOCK18/SES182/SA182S25	SES007	-1.14222	-47.5881	-46.4459
BLOCK18/SES182/SA182S25	SES162	-0.192463	-46.6384	-46.4459
BLOCK18/SES182/SA182S25	SES177	-0.81728	-47.2632	-46.4459
BLOCK18/SES182/SA182S25	SES180	-0.829239	-47.2752	-46.4459
BLOCK18/SES184/SA184S12	SES177	-1.74862	-48.5423	-46.7937
BLOCK18/SES184/SA184S12	SES180	-1.5379	-48.3316	-46.7937
BLOCK18/SES184/SA184S12	SES189	-2.57113	-49.3648	-46.7937
BLOCK18/SES184/SA184S12	SES292	-1.69186	-48.4855	-46.7937
BLOCK18/SES184/SA184S13	SES101	-1.8283	-49.4386	-47.6103
BLOCK18/SES184/SA184S13	SES177	-1.81313	-49.4234	-47.6103
BLOCK18/SES184/SA184S13	SES180	-1.1669	-48.7772	-47.6103
BLOCK18/SES184/SA184S13	SES292	-1.331	-48.9413	-47.6103
BLOCK18/SES184/SA184S22	SES177	-1.53203	-48.1419	-46.6099
BLOCK18/SES184/SA184S22	SES180	-0.631889	-47.2418	-46.6099
BLOCK18/SES184/SA184S22	SES189	-2.7724	-49.3823	-46.6099
BLOCK18/SES184/SA184S22	SES292	-1.50459	-48.1145	-46.6099
BLOCK18/SES184/SA184S25	SES101	-1.39515	-47.8696	-46.4745
BLOCK18/SES184/SA184S25	SES177	-2.32509	-48.7996	-46.4745
BLOCK18/SES184/SA184S25	SES180	-1.09472	-47.5692	-46.4745
BLOCK18/SES184/SA184S25	SES292	-1.21759	-47.6921	-46.4745
BLOCK18/SES184/SA184S27	SES083	-2.39333	-49.1979	-46.8045
BLOCK18/SES184/SA184S27	SES177	-1.81262	-48.6171	-46.8045
BLOCK18/SES184/SA184S27	SES202	-2.26576	-49.0703	-46.8045
BLOCK18/SES184/SA184S27	SES292	-1.44229	-48.2468	-46.8045
BLOCK20/SES204/SA204S12	SES062	-1.3001	-46.8042	-45.5041
BLOCK20/SES204/SA204S12	SES083	-2.14523	-47.6493	-45.5041
BLOCK20/SES204/SA204S12	SES206	-1.51088	-47.0149	-45.5041
BLOCK20/SES204/SA204S12	SES226	-1.63787	-47.1419	-45.5041
BLOCK20/SES204/SA204S14	SES068	-2.26922	-47.2207	-44.9515
BLOCK20/SES204/SA204S14	SES087	-0.832203	-45.7837	-44.9515
BLOCK20/SES204/SA204S14	SES206	-1.59467	-46.5461	-44.9515
BLOCK20/SES204/SA204S14	SES226	-1.64325	-46.5947	-44.9515
BLOCK20/SES204/SA204S22	SES068	-2.70983	-48.7072	-45.9973
BLOCK20/SES204/SA204S22	SES082	-2.7373	-48.7346	-45.9973
BLOCK20/SES204/SA204S22	SES083	-2.77802	-48.7754	-45.9973
BLOCK20/SES204/SA204S22	SES206	-1.29802	-47.2954	-45.9973
BLOCK20/SES204/SA204S25	SES062	-1.78061	-47.5742	-45.7936
BLOCK20/SES204/SA204S25	SES083	-2.27095	-48.0645	-45.7936
BLOCK20/SES204/SA204S25	SES206	-1.40683	-47.2004	-45.7936
BLOCK20/SES204/SA204S25	SES226	-1.51067	-47.3042	-45.7936
BLOCK20/SES204/SA204S27	SES068	-2.78618	-50.268	-47.4818
BLOCK20/SES204/SA204S27	SES082	-2.16412	-49.6459	-47.4818
BLOCK20/SES204/SA204S27	SES087	-1.39542	-48.8772	-47.4818
BLOCK20/SES204/SA204S27	SES206	-1.91786	-49.3997	-47.4818
BLOCK20/SES207/SA207S10	SES127	-1.09422	-47.2766	-46.1824
BLOCK20/SES207/SA207S10	SES183	-1.3614	-47.5438	-46.1824
BLOCK20/SES207/SA207S10	SES189	-1.53566	-47.7181	-46.1824
BLOCK20/SES207/SA207S10	SES292	-2.22546	-48.4079	-46.1824
BLOCK20/SES207/SA207S11	SES127	-2.88518	-51.4326	-48.5475
BLOCK20/SES207/SA207S11	SES183	-1.39902	-49.9465	-48.5475
BLOCK20/SES207/SA207S11	SES187	-1.74791	-50.2954	-48.5475
BLOCK20/SES207/SA207S11	SES292	-1.28517	-49.8326	-48.5475
BLOCK20/SES207/SA207S25	SES068	-1.24249	-48.5432	-47.3007
BLOCK20/SES207/SA207S25	SES083	-3.2304	-50.5311	-47.3007
BLOCK20/SES207/SA207S25	SES127	-1.30938	-48.6101	-47.3007
BLOCK20/SES207/SA207S25	SES187	-0.508659	-47.8094	-47.3007
BLOCK20/SES207/SA207S27	SES127	-2.15942	-49.0291	-46.8697
BLOCK20/SES207/SA207S27	SES183	-1.06338	-47.9331	-46.8697
BLOCK20/SES207/SA207S27	SES187	-1.13007	-47.9998	-46.8697
BLOCK20/SES207/SA207S27	SES292	-1.92318	-48.7929	-46.8697
BLOCK20/SES207/SA207S29	SES083	-2.77364	-49.7138	-46.9401
BLOCK20/SES207/SA207S29	SES085	-0.831223	-47.7713	-46.9401
BLOCK20/SES207/SA207S29	SES172	-2.74236	-49.6825	-46.9401
BLOCK20/SES207/SA207S29	SES189	-2.53431	-49.4744	-46.9401
BLOCK22/SES221/SA221S12	SES068	-1.6311	-47.8241	-46.193
BLOCK22/SES221/SA221S12	SES143	-1.8833	-48.0763	-46.193
BLOCK22/SES221/SA221S12	SES175	-0.471046	-46.664	-46.193
BLOCK22/SES221/SA221S12	SES202	-0.836262	-47.0292	-46.193
BLOCK22/SES221/SA221S15	SES085	-2.51628	-50.297	-47.7807
BLOCK22/SES221/SA221S15	SES143	-2.93493	-50.7156	-47.7807
BLOCK22/SES221/SA221S15	SES175	-0.860802	-48.6415	-47.7807
BLOCK22/SES221/SA221S15	SES187	-1.01155	-48.7923	-47.7807
BLOCK22/SES221/SA221S23	SES068	-1.9039	-48.7586	-46.8547
BLOCK22/SES221/SA221S23	SES143	-1.77073	-48.6255	-46.8547
BLOCK22/SES221/SA221S23	SES175	-0.467861	-47.3226	-46.8547
BLOCK22/SES221/SA221S23	SES189	0.14373	-46.711	-46.8547
BLOCK22/SES221/SA221S27	SES085	-2.33806	-50.2751	-47.9371
BLOCK22/SES221/SA221S27	SES143	-1.81339	-49.7504	-47.9371
BLOCK22/SES221/SA221S27	SES175	-0.973083	-48.9101	-47.9371
BLOCK22/SES221/SA221S27	SES189	0.882259	-47.0548	-47.9371
BLOCK22/SES221/SA221S29	SES085	-2.87486	-52.0765	-49.2017
BLOCK22/SES221/SA221S29	SES143	-1.79583	-50.9975	-49.2017
BLOCK22/SES221/SA221S29	SES175	-0.28289	-49.4846	-49.2017
BLOCK22/SES221/SA221S29	SES187	0.50087	-48.7008	-49.2017
BLOCK22/SES223/SA223S11	SES143	-1.59418	-49.1952	-47.6011
BLOCK22/SES223/SA223S11	SES144	-2.72012	-50.3212	-47.6011
BLOCK22/SES223/SA223S11	SES175	-1.32351	-48.9246	-47.6011
BLOCK22/SES223/SA223S11	SES187	-1.26996	-48.871	-47.6011
BLOCK22/SES223/SA223S13	SES068	-2.75394	-50.6557	-47.9017
BLOCK22/SES223/SA223S13	SES143	-2.12474	-50.0265	-47.9017
BLOCK22/SES223/SA223S13	SES146	-3.18815	-51.0899	-47.9017
BLOCK22/SES223/SA223S13	SES202	-0.843029	-48.7447	-47.9017
BLOCK22/SES223/SA223S22	SES143	-2.03865	-49.4047	-47.366
BLOCK22/SES223/SA223S22	SES144	-2.50744	-49.8735	-47.366
BLOCK22/SES223/SA223S22	SES175	-1.1216	-48.4876	-47.366
BLOCK22/SES223/SA223S22	SES187	-0.636444	-48.0025	-47.366
BLOCK22/SES223/SA223S25	SES068	-2.07767	-49.5793	-47.5016
BLOCK22/SES223/SA223S25	SES143	-1.91303	-49.4146	-47.5016
BLOCK22/SES223/SA223S25	SES175	-0.956211	-48.4578	-47.5016
BLOCK22/SES223/SA223S25	SES187	-1.2713	-48.7729	-47.5016
BLOCK22/SES223/SA223S27	SES143	-1.29277	-50.7798	-49.487
BLOCK22/SES223/SA223S27	SES146	-2.42328	-51.9103	-49.487
BLOCK22/SES223/SA223S27	SES187	-0.655708	-50.1427	-49.487
BLOCK22/SES223/SA223S27	SES292	-3.26233	-52.7493	-49.487
BLOCK27/SES273/SA273S12	SES099	0.121616	-44.6761	-44.7977
BLOCK27/SES273/SA273S12	SES104	-0.0439034	-44.8416	-44.7977
BLOCK27/SES273/SA273S12	SES125	-0.926311	-45.724	-44.7977
BLOCK27/SES273/SA273S12	SES206	0.213017	-44.5847	-44.7977
BLOCK27/SES273/SA273S13	SES099	-0.306553	-45.4486	-45.1421
BLOCK27/SES273/SA273S13	SES104	-0.772491	-45.9146	-45.1421
BLOCK27/SES273/SA273S13	SES206	-1.06919	-46.2113	-45.1421
BLOCK27/SES273/SA273S13	SES292	-1.64895	-46.791	-45.1421
BLOCK27/SES273/SA273S21	SES099	0.16888	-45.6411	-45.81
BLOCK27/SES273/SA273S21	SES148	-2.42475	-48.2348	-45.81
BLOCK27/SES273/SA273S21	SES149	-1.69577	-47.5058	-45.81
BLOCK27/SES273/SA273S21	SES177	-3.9107	-49.7207	-45.81
BLOCK27/SES273/SA273S25	SES104	-0.780045	-45.9662	-45.1861
BLOCK27/SES273/SA273S25	SES125	-1.46428	-46.6504	-45.1861
BLOCK27/SES273/SA273S25	SES158	-0.264904	-45.451	-45.1861
BLOCK27/SES273/SA273S25	SES206	-0.434364	-45.6205	-45.1861
BLOCK27/SES273/SA273S27	SES099	-0.54221	-45.7465	-45.2043
BLOCK27/SES273/SA273S27	SES104	-1.11719	-46.3214	-45.2043
BLOCK27/SES273/SA273S27	SES149	-0.83234	-46.0366	-45.2043
BLOCK27/SES273/SA273S27	SES275	-1.05188	-46.2561	-45.2043
BLOCK27/SES274/SA274S10	SES105	-2.13523	-47.7639	-45.6286
BLOCK27/SES274/SA274S10	SES125	-1.00461	-46.6332	-45.6286
BLOCK27/SES274/SA274S10	SES129	-0.448929	-46.0776	-45.6286
BLOCK27/SES274/SA274S10	SES158	-3.3288	-48.9574	-45.6286
BLOCK27/SES274/SA274S11	SES105	-1.12778	-46.1381	-45.0103
BLOCK27/SES274/SA274S11	SES149	-1.42749	-46.4378	-45.0103
BLOCK27/SES274/SA274S11	SES158	-1.61514	-46.6254	-45.0103
BLOCK27/SES274/SA274S11	SES275	-0.380985	-45.3913	-45.0103
BLOCK27/SES274/SA274S21	SES105	-1.31696	-45.897	-44.58
BLOCK27/SES274/SA274S21	SES129	-0.376408	-44.9564	-44.58
BLOCK27/SES274/SA274S21	SES149	-1.63673	-46.2167	-44.58
BLOCK27/SES274/SA274S21	SES158	-3.35299	-47.933	-44.58
BLOCK27/SES274/SA274S24	SES105	-1.20613	-46.5983	-45.3922
BLOCK27/SES274/SA274S24	SES129	-0.487312	-45.8795	-45.3922
BLOCK27/SES274/SA274S24	SES149	-1.82806	-47.2202	-45.3922
BLOCK27/SES274/SA274S24	SES158	-4.09228	-49.4844	-45.3922
BLOCK27/SES274/SA274S29	SES105	-1.75311	-47.4857	-45.7326
BLOCK27/SES274/SA274S29	SES106	-4.21446	-49.9471	-45.7326
BLOCK27/SES274/SA274S29	SES120	-1.53083	-47.2634	-45.7326
BLOCK27/SES274/SA274S29	SES275	-0.854916	-46.5875	-45.7326
BLOCK27/SES276/SA276S16	SES148	-1.55748	-47.9171	-46.3597
BLOCK27/SES276/SA276S16	SES172	-2.14597	-48.5056	-46.3597
BLOCK27/SES276/SA276S16	SES180	-2.42775	-48.7874	-46.3597
BLOCK27/SES276/SA276S16	SES292	-1.10945	-47.4691	-46.3597
BLOCK27/SES276/SA276S17	SES101	-2.11537	-48.9057	-46.7903
BLOCK27/SES276/SA276S17	SES177	-2.73363	-49.5239	-46.7903
BLOCK27/SES276/SA276S17	SES180	-1.30183	-48.0921	-46.7903
BLOCK27/SES276/SA276S17	SES292	-1.65238	-48.4427	-46.7903
BLOCK27/SES276/SA276S24	SES101	-1.2611	-46.4725	-45.2114
BLOCK27/SES276/SA276S24	SES177	-1.57255	-46.7839	-45.2114
BLOCK27/SES276/SA276S24	SES180	-0.990955	-46.2023	-45.2114
BLOCK27/SES276/SA276S24	SES292	-1.4902	-46.7016	-45.2114
BLOCK27/SES276/SA276S26	SES101	-2.86744	-50.217	-47.3496
BLOCK27/SES276/SA276S26	SES177	-2.1384	-49.488	-47.3496
BLOCK27/SES276/SA276S26	SES180	-1.66251	-49.0121	-47.3496
BLOCK27/SES276/SA276S26	SES292	-1.47725	-48.8268	-47.3496
BLOCK27/SES276/SA276S28	SES101	-1.85266	-48.4291	-46.5765
BLOCK27/SES276/SA276S28	SES177	-2.62786	-49.2044	-46.5765
BLOCK27/SES276/SA276S28	SES180	-1.07954	-47.656	-46.5765
BLOCK27/SES276/SA276S28	SES292	-1.12906	-47.7055	-46.5765
BLOCK27/SES277/SA277S12	SES101	-1.13433	-48.1854	-47.0511
BLOCK27/SES277/SA277S12	SES177	-2.11963	-49.1707	-47.0511
BLOCK27/SES277/SA277S12	SES180	-1.63707	-48.6882	-47.0511
BLOCK27/SES277/SA277S12	SES292	-2.43299	-49.4841	-47.0511
BLOCK27/SES277/SA277S14	SES177	-1.4798	-49.1968	-47.717
BLOCK27/SES277/SA277S14	SES180	-2.05307	-49.7701	-47.717
BLOCK27/SES277/SA277S14	SES189	-1.09208	-48.8091	-47.717
BLOCK27/SES277/SA277S14	SES292	-2.57046	-50.2874	-47.717
BLOCK27/SES277/SA277S21	SES177	-1.55176	-47.4638	-45.9121
BLOCK27/SES277/SA277S21	SES180	-1.72736	-47.6394	-45.9121
BLOCK27/SES277/SA277S21	SES189	-1.70747	-47.6195	-45.9121
BLOCK27/SES277/SA277S21	SES292	-2.06853	-47.9806	-45.9121
BLOCK27/SES277/SA277S24	SES144	-1.85922	-49.4091	-47.5498
BLOCK27/SES277/SA277S24	SES177	-1.71022	-49.2601	-47.5498
BLOCK27/SES277/SA277S24	SES180	-1.95601	-49.5059	-47.5498
BLOCK27/SES277/SA277S24	SES189	-1.10759	-48.6574	-47.5498
BLOCK27/SES277/SA277S29	SES177	-1.13451	-46.7204	-45.5859
BLOCK27/SES277/SA277S29	SES180	-0.727615	-46.3135	-45.5859
BLOCK27/SES277/SA277S29	SES202	-0.895744	-46.4816	-45.5859
BLOCK27/SES277/SA277S29	SES292	-2.08009	-47.6659	-45.5859
BLOCK27/SES279/SA279S09	SES120	-1.56291	-46.9414	-45.3785
BLOCK27/SES279/SA279S09	SES146	-1.22359	-46.6021	-45.3785
BLOCK27/SES279/SA279S09	SES206	-1.59608	-46.9745	-45.3785
BLOCK27/SES279/SA279S09	SES226	-2.03897	-47.4174	-45.3785
BLOCK27/SES279/SA279S10	SES099	-1.01167	-46.4231	-45.4114
BLOCK27/SES279/SA279S10	SES206	-1.3919	-46.8033	-45.4114
BLOCK27/SES279/SA279S10	SES226	-1.78999	-47.2014	-45.4114
BLOCK27/SES279/SA279S10	SES292	-1.16819	-46.5796	-45.4114
BLOCK27/SES279/SA279S20	SES099	-0.922123	-46.5841	-45.662
BLOCK27/SES279/SA279S20	SES206	-0.839233	-46.5012	-45.662
BLOCK27/SES279/SA279S20	SES226	-1.53897	-47.201	-45.662
BLOCK27/SES279/SA279S20	SES292	-0.878998	-46.541	-45.662
BLOCK27/SES279/SA279S26	SES099	-1.141	-46.9187	-45.7777
BLOCK27/SES279/SA279S26	SES206	-0.564205	-46.3419	-45.7777
BLOCK27/SES279/SA279S26	SES226	-1.08168	-46.8594	-45.7777
BLOCK27/SES279/SA279S26	SES292	-1.2034	-46.9811	-45.7777
BLOCK27/SES279/SA279S28	SES099	-0.811821	-46.0181	-45.2063
BLOCK27/SES279/SA279S28	SES120	-1.37479	-46.5811	-45.2063
BLOCK27/SES279/SA279S28	SES177	-3.47261	-48.6789	-45.2063
BLOCK27/SES279/SA279S28	SES206	-1.19393	-46.4002	-45.2063
BLOCK29/SES290/SA290S12	SES162	-0.848843	-45.8123	-44.9635
BLOCK29/SES290/SA290S12	SES177	-1.66085	-46.6243	-44.9635
BLOCK29/SES290/SA290S12	SES180	-1.90992	-46.8734	-44.9635
BLOCK29/SES290/SA290S12	SES292	-2.83005	-47.7935	-44.9635
BLOCK29/SES290/SA290S13	SES007	-2.70428	-49.6851	-46.9809
BLOCK29/SES290/SA290S13	SES162	-1.82877	-48.8096	-46.9809
BLOCK29/SES290/SA290S13	SES177	-1.17385	-48.1547	-46.9809
BLOCK29/SES290/SA290S13	SES180	-1.71728	-48.6981	-46.9809
BLOCK29/SES290/SA290S22	SES177	-0.864853	-47.1316	-46.2667
BLOCK29/SES290/SA290S22	SES180	-0.820816	-47.0876	-46.2667
BLOCK29/SES290/SA290S22	SES202	-1.46904	-47.7358	-46.2667
BLOCK29/SES290/SA290S22	SES292	-2.38982	-48.6566	-46.2667
BLOCK29/SES290/SA290S25	SES162	-1.44695	-46.9527	-45.5058
BLOCK29/SES290/SA290S25	SES177	-1.7128	-47.2186	-45.5058
BLOCK29/SES290/SA290S25	SES180	-2.90437	-48.4102	-45.5058
BLOCK29/SES290/SA290S25	SES292	-1.62737	-47.1332	-45.5058
BLOCK29/SES290/SA290S29	SES177	-1.22756	-46.9835	-45.7559
BLOCK29/SES290/SA290S29	SES180	-1.24747	-47.0034	-45.7559
BLOCK29/SES290/SA290S29	SES275	-2.03036	-47.7863	-45.7559
BLOCK29/SES290/SA290S29	SES292	-1.32892	-47.0848	-45.7559
BLOCK29/SES291/SA291S11	SES105	-1.53156	-47.435	-45.9034
BLOCK29/SES291/SA291S11	SES125	-1.6713	-47.5747	-45.9034
BLOCK29/SES291/SA291S11	SES158	-1.2076	-47.111	-45.9034
BLOCK29/SES291/SA291S11	SES275	-1.63591	-47.5393	-45.9034
BLOCK29/SES291/SA291S12	SES158	-0.0978432	-44.2402	-44.1424
BLOCK29/SES291/SA291S12	SES226	-1.39471	-45.5371	-44.1424
BLOCK29/SES291/SA291S12	SES270	0.26437	-43.878	-44.1424
BLOCK29/SES291/SA291S12	SES275	-2.2741	-46.4165	-44.1424
BLOCK29/SES291/SA291S22	SES082	-0.824883	-46.4151	-45.5902
BLOCK29/SES291/SA291S22	SES158	-1.44693	-47.0372	-45.5902
BLOCK29/SES291/SA291S22	SES259	-1.94139	-47.5316	-45.5902
BLOCK29/SES291/SA291S22	SES275	-1.92321	-47.5134	-45.5902
BLOCK29/SES291/SA291S24	SES104	0.304897	-45.0752	-45.3801
BLOCK29/SES291/SA291S24	SES125	0.109707	-45.2704	-45.3801
BLOCK29/SES291/SA291S24	SES158	-0.255543	-45.6356	-45.3801
BLOCK29/SES291/SA291S24	SES275	-1.76155	-47.1416	-45.3801
BLOCK29/SES291/SA291S27	SES158	0.175484	-45.4963	-45.6718
BLOCK29/SES291/SA291S27	SES172	-2.93361	-48.6054	-45.6718
BLOCK29/SES291/SA291S27	SES275	-1.78024	-47.452	-45.6718
BLOCK29/SES291/SA291S27	SES292	-1.33322	-47.005	-45.6718
