BLOCK00/SES002/SA002S12	SES002	1.3688	-45.0686	-46.4374
BLOCK00/SES002/SA002S13	SES002	1.9481	-44.885	-46.8331
BLOCK00/SES002/SA002S23	SES002	1.5187	-44.8891	-46.4078
BLOCK00/SES002/SA002S26	SES002	1.88451	-44.6964	-46.5809
BLOCK00/SES002/SA002S28	SES002	1.39295	-45.2658	-46.6588
BLOCK00/SES007/SA007S14	SES007	1.38263	-44.1409	-45.5235
BLOCK00/SES007/SA007S15	SES007	0.352757	-46.0342	-46.387
BLOCK00/SES007/SA007S24	SES007	0.73719	-45.5796	-46.3168
BLOCK00/SES007/SA007S27	SES007	0.489994	-46.3765	-46.8665
BLOCK00/SES007/SA007S29	SES007	0.109356	-45.5701	-45.6795
BLOCK00/SES008/SA008S11	SES008	1.22324	-45.4337	-46.6569
BLOCK00/SES008/SA008S12	SES008	0.338905	-46.4835	-46.8224
BLOCK00/SES008/SA008S19	SES008	1.82394	-44.7151	-46.5391
BLOCK00/SES008/SA008S22	SES008	1.39276	-45.5039	-46.8967
BLOCK00/SES008/SA008S29	SES008	1.16219	-45.3076	-46.4698
BLOCK01/SES014/SA014S10	SES014	2.41227	-44.6566	-47.0689
BLOCK01/SES014/SA014S12	SES014	2.72766	-42.8289	-45.5565
BLOCK01/SES014/SA014S24	SES014	1.4543	-44.9631	-46.4174
BLOCK01/SES014/SA014S26	SES014	2.26424	-42.6891	-44.9533
BLOCK01/SES014/SA014S28	SES014	2.92067	-42.8067	-45.7274
BLOCK01/SES016/SA016S12	SES016	1.04015	-47.1103	-48.1505
BLOCK01/SES016/SA016S13	SES016	1.51769	-45.5086	-47.0263
BLOCK01/SES016/SA016S22	SES016	0.473206	-46.4114	-46.8846
BLOCK01/SES016/SA016S25	SES016	1.35631	-43.8997	-45.256
BLOCK01/SES016/SA016S27	SES016	1.7118	-43.9165	-45.6283
BLOCK01/SES019/SA019S13	SES019	2.8291	-45.5082	-48.3373
BLOCK01/SES019/SA019S14	SES019	1.65639	-46.0533	-47.7097
BLOCK01/SES019/SA019S22	SES019	2.77728	-45.0861	-47.8634
BLOCK01/SES019/SA019S25	SES019	2.38075	-45.7413	-48.122
BLOCK01/SES019/SA019S29	SES019	3.15052	-45.2129	-48.3634
BLOCK02/SES029/SA029S11	SES029	1.50068	-44.9364	-46.4371
BLOCK02/SES029/SA029S12	SES029	0.309208	-45.6887	-45.9979
BLOCK02/SES029/SA029S20	SES029	0.66853	-46.3533	-47.0218
BLOCK02/SES029/SA029S25	SES029	0.544975	-45.2104	-45.7553
BLOCK02/SES029/SA029S28	SES029	0.516472	-45.7764	-46.2929
BLOCK04/SES042/SA042S12	SES042	2.38954	-43.9362	-46.3258
BLOCK04/SES042/SA042S15	SES042	2.32693	-44.4802	-46.8072
BLOCK04/SES042/SA042S22	SES042	3.12212	-42.9615	-46.0836
BLOCK04/SES042/SA042S25	SES042	1.98317	-45.5794	-47.5626
BLOCK04/SES042/SA042S27	SES042	1.84672	-44.2942	-46.1409
BLOCK04/SES048/SA048S11	SES048	1.36522	-45.1728	-46.538
BLOCK04/SES048/SA048S12	SES048	0.424297	-45.761	-46.1853
BLOCK04/SES048/SA048S20	SES048	0.691238	-45.3158	-46.007
BLOCK04/SES048/SA048S23	SES048	1.32204	-45.7146	-47.0366
BLOCK04/SES048/SA048S27	SES048	0.662189	-45.0203	-45.6824
BLOCK06/SES060/SA060S11	SES060	1.09889	-45.1654	-46.2643
BLOCK06/SES060/SA060S12	SES060	-1.29053	-47.1725	-45.882
BLOCK06/SES060/SA060S22	SES060	-0.120571	-46.9799	-46.8593
BLOCK06/SES060/SA060S24	SES060	0.75156	-45.2487	-46.0002
BLOCK06/SES060/SA060S28	SES060	0.855942	-43.7757	-44.6316
BLOCK06/SES062/SA062S10	SES062	1.1302	-45.0627	-46.1929
BLOCK06/SES062/SA062S11	SES062	1.41104	-44.6946	-46.1056
BLOCK06/SES062/SA062S21	SES062	2.17972	-42.7281	-44.9078
BLOCK06/SES062/SA062S26	SES062	0.637428	-44.4624	-45.0998
BLOCK06/SES062/SA062S29	SES062	1.54331	-43.7132	-45.2565
BLOCK06/SES068/SA068S14	SES068	0.209251	-45.7787	-45.9879
BLOCK06/SES068/SA068S15	SES068	0.816208	-44.6292	-45.4454
BLOCK06/SES068/SA068S23	SES068	0.312984	-46.3946	-46.7076
BLOCK06/SES068/SA068S27	SES068	1.55765	-44.0182	-45.5759
BLOCK06/SES068/SA068S29	SES068	0.924473	-45.1804	-46.1049
BLOCK08/SES082/SA082S12	SES082	1.00304	-46.7072	-47.7103
BLOCK08/SES082/SA082S14	SES082	0.421364	-47.1114	-47.5328
BLOCK08/SES082/SA082S21	SES082	0.766594	-46.3776	-47.1442
BLOCK08/SES082/SA082S24	SES082	1.07377	-45.8131	-46.8868
BLOCK08/SES082/SA082S28	SES082	0.125072	-46.9554	-47.0805
BLOCK08/SES083/SA083S14	SES083	-0.534904	-46.4391	-45.9042
BLOCK08/SES083/SA083S15	SES083	0.306538	-45.7133	-46.0199
BLOCK08/SES083/SA083S24	SES083	0.129341	-46.0211	-46.1504
BLOCK08/SES083/SA083S26	SES083	0.734295	-45.3506	-46.0849
BLOCK08/SES083/SA083S29	SES083	-0.376404	-46.0469	-45.6705
BLOCK08/SES085/SA085S10	SES085	-0.078495	-45.9908	-45.9123
BLOCK08/SES085/SA085S13	SES085	0.285053	-46.08	-46.365
BLOCK08/SES085/SA085S22	SES085	-1.20964	-47.2679	-46.0583
BLOCK08/SES085/SA085S26	SES085	-0.540821	-46.3242	-45.7834
BLOCK08/SES085/SA085S28	SES085	0.79591	-45.2136	-46.0096
BLOCK08/SES087/SA087S15	SES087	1.86494	-45.1614	-47.0264
BLOCK08/SES087/SA087S16	SES087	1.73493	-45.3201	-47.055
BLOCK08/SES087/SA087S24	SES087	1.84871	-45.2657	-47.1144
BLOCK08/SES087/SA087S26	SES087	1.42671	-44.237	-45.6637
BLOCK08/SES087/SA087S29	SES087	1.82283	-45.4023	-47.2251
BLOCK09/SES099/SA099S15	SES099	0.880089	-46.35	-47.2301
BLOCK09/SES099/SA099S16	SES099	1.26949	-45.6903	-46.9598
BLOCK09/SES099/SA099S24	SES099	1.26745	-45.2331	-46.5006
BLOCK09/SES099/SA099S26	SES099	1.42432	-45.1614	-46.5857
BLOCK09/SES099/SA099S29	SES099	1.43274	-45.2307	-46.6634
BLOCK10/SES101/SA101S11	SES101	0.29335	-45.3509	-45.6442
BLOCK10/SES101/SA101S13	SES101	0.765785	-44.867	-45.6328
BLOCK10/SES101/SA101S22	SES101	0.995949	-45.8751	-46.8711
BLOCK10/SES101/SA101S24	SES101	1.22218	-45.1694	-46.3916
BLOCK10/SES101/SA101S28	SES101	0.120003	-46.0949	-46.2149
BLOCK10/SES104/SA104S11	SES104	1.46007	-44.1467	-45.6068
BLOCK10/SES104/SA104S12	SES104	1.45001	-44.3976	-45.8476
BLOCK10/SES104/SA104S21	SES104	1.15072	-45.1982	-46.3489
BLOCK10/SES104/SA104S24	SES104	0.66441	-46.1584	-46.8228
BLOCK10/SES104/SA104S28	SES104	1.05628	-45.6499	-46.7061
BLOCK10/SES105/SA105S12	SES105	0.681431	-46.6445	-47.3259
BLOCK10/SES105/SA105S13	SES105	0.922268	-46.2421	-47.1643
BLOCK10/SES105/SA105S22	SES105	0.311424	-47.2492	-47.5606
BLOCK10/SES105/SA105S26	SES105	1.37422	-45.9688	-47.343
BLOCK10/SES105/SA105S29	SES105	0.807056	-45.9721	-46.7791
BLOCK10/SES106/SA106S09	SES106	1.1809	-46.7253	-47.9062
BLOCK10/SES106/SA106S11	SES106	1.63976	-44.804	-46.4437
BLOCK10/SES106/SA106S22	SES106	2.6944	-45.1437	-47.8381
BLOCK10/SES106/SA106S27	SES106	1.18491	-45.746	-46.9309
BLOCK10/SES106/SA106S29	SES106	1.03668	-45.5828	-46.6194
BLOCK11/SES117/SA117S12	SES117	0.65461	-46.3249	-46.9795
BLOCK11/SES117/SA117S13	SES117	0.673874	-45.8152	-46.489
BLOCK11/SES117/SA117S23	SES117	1.80226	-46.2737	-48.076
BLOCK11/SES117/SA117S25	SES117	0.892868	-46.5917	-47.4846
BLOCK11/SES117/SA117S28	SES117	1.19288	-46.5016	-47.6944
BLOCK12/SES120/SA120S08	SES120	1.35273	-46.8991	-48.2519
BLOCK12/SES120/SA120S11	SES120	0.69273	-48.2529	-48.9456
BLOCK12/SES120/SA120S22	SES120	0.327751	-46.5229	-46.8506
BLOCK12/SES120/SA120S24	SES120	0.292198	-47.024	-47.3162
BLOCK12/SES120/SA120S28	SES120	0.69561	-47.7169	-48.4126
BLOCK12/SES125/SA125S13	SES125	1.95933	-44.4418	-46.4011
BLOCK12/SES125/SA125S14	SES125	1.12304	-45.6272	-46.7503
BLOCK12/SES125/SA125S25	SES125	2.03592	-44.7863	-46.8222
BLOCK12/SES125/SA125S27	SES125	1.93229	-44.009	-45.9413
BLOCK12/SES125/SA125S29	SES125	1.80363	-44.7021	-46.5057
BLOCK12/SES127/SA127S11	SES127	0.809757	-45.9731	-46.7828
BLOCK12/SES127/SA127S12	SES127	-0.566502	-46.3267	-45.7602
BLOCK12/SES127/SA127S23	SES127	0.448864	-45.8864	-46.3352
BLOCK12/SES127/SA127S25	SES127	-0.75592	-46.7165	-45.9606
BLOCK12/SES127/SA127S27	SES127	0.786674	-45.3258	-46.1125
BLOCK12/SES129/SA129S11	SES129	1.19788	-44.8123	-46.0102
BLOCK12/SES129/SA129S12	SES129	1.39355	-44.5052	-45.8987
BLOCK12/SES129/SA129S22	SES129	0.999874	-45.3989	-46.3988
BLOCK12/SES129/SA129S27	SES129	1.58839	-44.5372	-46.1256
BLOCK12/SES129/SA129S29	SES129	1.64349	-44.4586	-46.1021
BLOCK14/SES142/SA142S11	SES142	1.45632	-45.739	-47.1953
BLOCK14/SES142/SA142S12	SES142	0.912533	-46.3374	-47.25
BLOCK14/SES142/SA142S24	SES142	1.75352	-45.4675	-47.221
BLOCK14/SES142/SA142S27	SES142	1.85165	-45.2095	-47.0611
BLOCK14/SES142/SA142S29	SES142	1.69621	-44.5811	-46.2773
BLOCK14/SES143/SA143S12	SES143	0.804127	-46.0338	-46.8379
BLOCK14/SES143/SA143S13	SES143	0.577389	-46.4034	-46.9808
BLOCK14/SES143/SA143S23	SES143	0.545078	-46.6458	-47.1908
BLOCK14/SES143/SA143S25	SES143	0.577564	-46.2635	-46.8411
BLOCK14/SES143/SA143S28	SES143	0.797493	-45.4588	-46.2563
BLOCK14/SES144/SA144S09	SES144	0.719948	-45.7942	-46.5142
BLOCK14/SES144/SA144S11	SES144	0.848881	-46.5431	-47.392
BLOCK14/SES144/SA144S21	SES144	0.30872	-46.4857	-46.7944
BLOCK14/SES144/SA144S25	SES144	0.672264	-46.5614	-47.2337
BLOCK14/SES144/SA144S29	SES144	0.0237503	-46.5936	-46.6174
BLOCK14/SES146/SA146S14	SES146	0.660492	-46.6876	-47.3481
BLOCK14/SES146/SA146S15	SES146	0.374245	-46.5661	-46.9404
BLOCK14/SES146/SA146S24	SES146	0.250423	-46.6527	-46.9031
BLOCK14/SES146/SA146S26	SES146	0.912289	-46.654	-47.5663
BLOCK14/SES146/SA146S29	SES146	0.666718	-47.0983	-47.7651
BLOCK14/SES147/SA147S11	SES147	1.75653	-45.8465	-47.6031
BLOCK14/SES147/SA147S13	SES147	1.89438	-44.9125	-46.8068
BLOCK14/SES147/SA147S23	SES147	1.33173	-46.4283	-47.7601
BLOCK14/SES147/SA147S26	SES147	1.29697	-46.1877	-47.4847
BLOCK14/SES147/SA147S28	SES147	2.15948	-45.3124	-47.4718
BLOCK14/SES148/SA148S10	SES148	1.3823	-45.1543	-46.5366
BLOCK14/SES148/SA148S12	SES148	0.781822	-46.2942	-47.076
BLOCK14/SES148/SA148S22	SES148	1.18314	-44.6455	-45.8286
BLOCK14/SES148/SA148S26	SES148	0.44038	-45.6465	-46.0869
BLOCK14/SES148/SA148S29	SES148	0.316582	-46.5411	-46.8577
BLOCK14/SES149/SA149S13	SES149	-0.14378	-46.7139	-46.5701
BLOCK14/SES149/SA149S14	SES149	0.455036	-45.5334	-45.9884
BLOCK14/SES149/SA149S24	SES149	1.09737	-45.4495	-46.5469
BLOCK14/SES149/SA149S26	SES149	1.63515	-45.0493	-46.6845
BLOCK14/SES149/SA149S28	SES149	1.99136	-44.191	-46.1823
BLOCK15/SES158/SA158S13	SES158	1.28722	-46.1167	-47.404
BLOCK15/SES158/SA158S14	SES158	2.08758	-45.8043	-47.8918
BLOCK15/SES158/SA158S23	SES158	0.939743	-45.9594	-46.8992
BLOCK15/SES158/SA158S26	SES158	1.70531	-45.6222	-47.3275
BLOCK15/SES158/SA158S28	SES158	0.991394	-46.237	-47.2284
BLOCK16/SES162/SA162S10	SES162	0.587143	-47.0133	-47.6004
BLOCK16/SES162/SA162S11	SES162	0.754978	-45.663	-46.418
BLOCK16/SES162/SA162S21	SES162	1.49817	-45.3997	-46.8979
BLOCK16/SES162/SA162S24	SES162	0.800659	-46.1758	-46.9765
BLOCK16/SES162/SA162S27	SES162	1.15047	-46.1936	-47.3441
BLOCK16/SES167/SA167S14	SES167	1.02835	-44.5297	-45.5581
BLOCK16/SES167/SA167S15	SES167	1.4729	-45.4184	-46.8913
BLOCK16/SES167/SA167S21	SES167	1.41946	-44.3459	-45.7653
BLOCK16/SES167/SA167S25	SES167	1.78403	-45.1342	-46.9182
BLOCK16/SES167/SA167S29	SES167	2.1097	-43.7789	-45.8886
BLOCK17/SES172/SA172S12	SES172	1.42432	-45.2024	-46.6267
BLOCK17/SES172/SA172S13	SES172	1.65886	-45.4222	-47.081
BLOCK17/SES172/SA172S23	SES172	0.90461	-44.0907	-44.9953
BLOCK17/SES172/SA172S27	SES172	0.777798	-45.7994	-46.5772
BLOCK17/SES172/SA172S29	SES172	1.54148	-45.1933	-46.7348
BLOCK17/SES175/SA175S11	SES175	1.33143	-45.3198	-46.6512
BLOCK17/SES175/SA175S13	SES175	1.15347	-45.3657	-46.5192
BLOCK17/SES175/SA175S23	SES175	1.48116	-45.6688	-47.15
BLOCK17/SES175/SA175S25	SES175	0.872871	-47.0773	-47.9502
BLOCK17/SES175/SA175S28	SES175	1.12736	-45.1918	-46.3192
BLOCK17/SES177/SA177S15	SES177	-0.052742	-46.3627	-46.3099
BLOCK17/SES177/SA177S17	SES177	0.0571365	-46.2117	-46.2689
BLOCK17/SES177/SA177S23	SES177	0.0507927	-46.4517	-46.5025
BLOCK17/SES177/SA177S26	SES177	0.706295	-44.2889	-44.9952
BLOCK17/SES177/SA177S28	SES177	0.527321	-45.0554	-45.5827
BLOCK18/SES180/SA180S13	SES180	0.476677	-46.077	-46.5537
BLOCK18/SES180/SA180S15	SES180	0.511158	-46.289	-46.8001
BLOCK18/SES180/SA180S24	SES180	0.55093	-44.845	-45.396
BLOCK18/SES180/SA180S26	SES180	0.544689	-45.5381	-46.0828
BLOCK18/SES180/SA180S29	SES180	0.872723	-46.0754	-46.9482
BLOCK18/SES183/SA183S13	SES183	0.759583	-46.6888	-47.4484
BLOCK18/SES183/SA183S14	SES183	0.430649	-46.6225	-47.0532
BLOCK18/SES183/SA183S24	SES183	0.884491	-46.4718	-47.3563
BLOCK18/SES183/SA183S27	SES183	1.02459	-45.9355	-46.9601
BLOCK18/SES183/SA183S29	SES183	1.0168	-45.5671	-46.5839
BLOCK18/SES187/SA187S13	SES187	0.585133	-46.8119	-47.3971
BLOCK18/SES187/SA187S14	SES187	0.645844	-46.5444	-47.1903
BLOCK18/SES187/SA187S24	SES187	1.04552	-45.7742	-46.8197
BLOCK18/SES187/SA187S27	SES187	1.17148	-45.5842	-46.7557
BLOCK18/SES187/SA187S29	SES187	1.39559	-45.7529	-47.1485
BLOCK18/SES189/SA189S10	SES189	1.2807	-47.5857	-48.8664
BLOCK18/SES189/SA189S13	SES189	1.69933	-47.9158	-49.6151
BLOCK18/SES189/SA189S24	SES189	1.59917	-46.7158	-48.315
BLOCK18/SES189/SA189S26	SES189	1.27424	-46.686	-47.9603
BLOCK18/SES189/SA189S29	SES189	1.60513	-46.5992	-48.2043
BLOCK20/SES202/SA202S12	SES202	1.32476	-46.7204	-48.0452
BLOCK20/SES202/SA202S14	SES202	2.56275	-44.8987	-47.4615
BLOCK20/SES202/SA202S24	SES202	1.43475	-45.8562	-47.291
BLOCK20/SES202/SA202S27	SES202	1.6949	-44.4717	-46.1666
BLOCK20/SES202/SA202S29	SES202	1.97252	-44.2895	-46.262
BLOCK20/SES206/SA206S15	SES206	0.158566	-45.6191	-45.7777
BLOCK20/SES206/SA206S17	SES206	1.70578	-44.3618	-46.0676
BLOCK20/SES206/SA206S24	SES206	1.46271	-44.4732	-45.9359
BLOCK20/SES206/SA206S27	SES206	1.84392	-44.8556	-46.6995
BLOCK20/SES206/SA206S29	SES206	1.48357	-44.1646	-45.6482
BLOCK22/SES226/SA226S12	SES226	1.3149	-46.0788	-47.3937
BLOCK22/SES226/SA226S13	SES226	-0.240467	-47.2775	-47.0371
BLOCK22/SES226/SA226S20	SES226	1.29313	-46.1237	-47.4169
BLOCK22/SES226/SA226S23	SES226	1.39237	-45.3534	-46.7458
BLOCK22/SES226/SA226S28	SES226	1.66683	-45.1884	-46.8552
BLOCK25/SES259/SA259S13	SES259	2.92792	-43.7498	-46.6777
BLOCK25/SES259/SA259S14	SES259	1.62849	-45.0778	-46.7063
BLOCK25/SES259/SA259S22	SES259	1.55792	-45.0142	-46.5722
BLOCK25/SES259/SA259S24	SES259	1.65165	-44.4112	-46.0628
BLOCK25/SES259/SA259S28	SES259	1.90985	-44.2262	-46.136
BLOCK27/SES270/SA270S14	SES270	2.2315	-46.0276	-48.2591
BLOCK27/SES270/SA270S16	SES270	0.714802	-46.2631	-46.9779
BLOCK27/SES270/SA270S22	SES270	2.66079	-44.9807	-47.6415
BLOCK27/SES270/SA270S26	SES270	1.22635	-46.9297	-48.1561
BLOCK27/SES270/SA270S28	SES270	0.888439	-45.8233	-46.7118
BLOCK27/SES275/SA275S17	SES275	1.17106	-46.2922	-47.4633
BLOCK27/SES275/SA275S18	SES275	0.547405	-46.192	-46.7394
BLOCK27/SES275/SA275S24	SES275	0.213612	-47.6903	-47.9039
BLOCK27/SES275/SA275S26	SES275	0.993736	-45.7149	-46.7087
BLOCK27/SES275/SA275S28	SES275	0.379478	-46.0722	-46.4517
BLOCK29/SES292/SA292S10	SES292	0.206047	-46.6354	-46.8414
BLOCK29/SES292/SA292S12	SES292	-0.0341492	-46.931	-46.8969
BLOCK29/SES292/SA292S22	SES292	0.677437	-45.3782	-46.0557
BLOCK29/SES292/SA292S24	SES292	0.160648	-45.8464	-46.007
BLOCK29/SES292/SA292S27	SES292	0.138386	-45.5533	-45.6916
BLOCK00/SES001/SA001S14	SES062	-1.5542	-48.8082	-47.254
BLOCK00/SES001/SA001S14	SES082	-2.66039	-49.9144	-47.254
BLOCK00/SES001/SA001S14	SES106	-2.67295	-49.9269	-47.254
BLOCK00/SES001/SA001S14	SES206	-2.35977	-49.6138	-47.254
BLOCK00/SES001/SA001S15	SES062	-1.62865	-48.0633	-46.4346
BLOCK00/SES001/SA001S15	SES104	-2.77116	-49.2058	-46.4346
BLOCK00/SES001/SA001S15	SES106	-3.06061	-49.4952	-46.4346
BLOCK00/SES001/SA001S15	SES206	-2.61975	-49.0544	-46.4346
BLOCK00/SES001/SA001S24	SES062	-2.5733	-49.974	-47.4007
BLOCK00/SES001/SA001S24	SES082	-2.50037	-49.9011	-47.4007
BLOCK00/SES001/SA001S24	SES087	-2.63971	-50.0404	-47.4007
BLOCK00/SES001/SA001S24	SES206	-1.89397	-49.2947	-47.4007
BLOCK00/SES001/SA001S27	SES062	-1.5055	-47.6398	-46.1343
BLOCK00/SES001/SA001S27	SES082	-2.04234	-48.1766	-46.1343
BLOCK00/SES001/SA001S27	SES087	-2.78126	-48.9156	-46.1343
BLOCK00/SES001/SA001S27	SES206	-2.86442	-48.9987	-46.1343
BLOCK00/SES001/SA001S29	SES062	-2.3227	-49.6401	-47.3174
BLOCK00/SES001/SA001S29	SES082	-2.17089	-49.4883	-47.3174
BLOCK00/SES001/SA001S29	SES158	-1.61583	-48.9333	-47.3174
BLOCK00/SES001/SA001S29	SES206	-3.95959	-51.277	-47.3174
BLOCK00/SES003/SA003S11	SES002	-1.0263	-48.1854	-47.1591
BLOCK00/SES003/SA003S11	SES019	-1.0833	-48.2424	-47.1591
BLOCK00/SES003/SA003S11	SES082	0.0403709	-47.1188	-47.1591
BLOCK00/SES003/SA003S11	SES125	-0.981155	-48.1403	-47.1591
BLOCK00/SES003/SA003S15	SES016	-2.63863	-49.3163	-46.6777
BLOCK00/SES003/SA003S15	SES019	-1.14957	-47.8273	-46.6777
BLOCK00/SES003/SA003S15	SES062	-1.57639	-48.2541	-46.6777
BLOCK00/SES003/SA003S15	SES206	-1.5332	-48.2109	-46.6777
BLOCK00/SES003/SA003S22	SES002	-1.82458	-48.4187	-46.5941
BLOCK00/SES003/SA003S22	SES062	-1.22734	-47.8214	-46.5941
BLOCK00/SES003/SA003S22	SES082	-1.13157	-47.7257	-46.5941
BLOCK00/SES003/SA003S22	SES087	-1.62564	-48.2197	-46.5941
BLOCK00/SES003/SA003S25	SES062	-2.3823	-49.647	-47.2647
BLOCK00/SES003/SA003S25	SES082	-0.716389	-47.9811	-47.2647
BLOCK00/SES003/SA003S25	SES087	-1.68531	-48.95	-47.2647
BLOCK00/SES003/SA003S25	SES206	-1.65765	-48.9224	-47.2647
BLOCK00/SES003/SA003S29	SES002	-1.8	-49.0324	-47.2324
BLOCK00/SES003/SA003S29	SES062	-2.05759	-49.29	-47.2324
BLOCK00/SES003/SA003S29	SES082	-0.625034	-47.8575	-47.2324
BLOCK00/SES003/SA003S29	SES087	-1.80072	-49.0331	-47.2324
BLOCK00/SES004/SA004S12	SES083	-2.43619	-49.4082	-46.9721
BLOCK00/SES004/SA004S12	SES148	-2.01232	-48.9844	-46.9721
BLOCK00/SES004/SA004S12	SES172	-1.36381	-48.3359	-46.9721
BLOCK00/SES004/SA004S12	SES292	-2.52958	-49.5016	-46.9721
BLOCK00/SES004/SA004S17	SES083	-2.26969	-49.6612	-47.3915
BLOCK00/SES004/SA004S17	SES162	-1.25497	-48.6465	-47.3915
BLOCK00/SES004/SA004S17	SES172	-1.96376	-49.3553	-47.3915
BLOCK00/SES004/SA004S17	SES292	-2.65779	-50.0493	-47.3915
BLOCK00/SES004/SA004S24	SES083	-2.26885	-48.6533	-46.3845
BLOCK00/SES004/SA004S24	SES148	-1.77383	-48.1583	-46.3845
BLOCK00/SES004/SA004S24	SES172	-1.11681	-47.5013	-46.3845
BLOCK00/SES004/SA004S24	SES292	-2.03098	-48.4154	-46.3845
BLOCK00/SES004/SA004S26	SES083	-1.87297	-48.2373	-46.3643
BLOCK00/SES004/SA004S26	SES127	-1.61776	-47.9821	-46.3643
BLOCK00/SES004/SA004S26	SES148	-2.59833	-48.9627	-46.3643
BLOCK00/SES004/SA004S26	SES292	-2.42143	-48.7858	-46.3643
BLOCK00/SES004/SA004S28	SES083	-1.96902	-47.8825	-45.9135
BLOCK00/SES004/SA004S28	SES127	-1.05626	-46.9698	-45.9135
BLOCK00/SES004/SA004S28	SES187	-0.857738	-46.7713	-45.9135
BLOCK00/SES004/SA004S28	SES292	-3.03661	-48.9501	-45.9135
BLOCK00/SES006/SA006S10	SES014	-2.98923	-52.1031	-49.1138
BLOCK00/SES006/SA006S10	SES158	-0.907303	-50.0211	-49.1138
BLOCK00/SES006/SA006S10	SES226	-2.76326	-51.8771	-49.1138
BLOCK00/SES006/SA006S10	SES270	-0.319614	-49.4334	-49.1138
BLOCK00/SES006/SA006S11	SES158	-0.949417	-49.7878	-48.8383
BLOCK00/SES006/SA006S11	SES226	-1.80368	-50.642	-48.8383
BLOCK00/SES006/SA006S11	SES270	-0.351456	-49.1898	-48.8383
BLOCK00/SES006/SA006S11	SES275	-3.19555	-52.0339	-48.8383
BLOCK00/SES006/SA006S23	SES062	-2.39927	-50.1449	-47.7456
BLOCK00/SES006/SA006S23	SES105	-2.42366	-50.1693	-47.7456
BLOCK00/SES006/SA006S23	SES158	-0.900871	-48.6465	-47.7456
BLOCK00/SES006/SA006S23	SES275	-2.29986	-50.0455	-47.7456
BLOCK00/SES006/SA006S26	SES104	-1.79949	-49.4207	-47.6212
BLOCK00/SES006/SA006S26	SES158	-0.331322	-47.9525	-47.6212
BLOCK00/SES006/SA006S26	SES270	0.344318	-47.2769	-47.6212
BLOCK00/SES006/SA006S26	SES275	-2.78701	-50.4082	-47.6212
BLOCK00/SES006/SA006S28	SES007	-2.13947	-50.616	-48.4766
BLOCK00/SES006/SA006S28	SES105	-2.4788	-50.9554	-48.4766
BLOCK00/SES006/SA006S28	SES158	-1.35904	-49.8356	-48.4766
BLOCK00/SES006/SA006S28	SES275	-3.41506	-51.8916	-48.4766
BLOCK00/SES009/SA009S12	SES083	-2.05535	-48.5344	-46.4791
BLOCK00/SES009/SA009S12	SES148	-1.19372	-47.6728	-46.4791
BLOCK00/SES009/SA009S12	SES177	-0.774837	-47.2539	-46.4791
BLOCK00/SES009/SA009S12	SES292	-1.22414	-47.7032	-46.4791
BLOCK00/SES009/SA009S15	SES007	0.0170631	-45.7638	-45.7808
BLOCK00/SES009/SA009S15	SES099	-8.69238	-54.4732	-45.7808
BLOCK00/SES009/SA009S15	SES148	-1.68851	-47.4693	-45.7808
BLOCK00/SES009/SA009S15	SES172	-1.10698	-46.8878	-45.7808
BLOCK00/SES009/SA009S24	SES146	-1.17343	-47.0817	-45.9083
BLOCK00/SES009/SA009S24	SES148	-1.47167	-47.38	-45.9083
BLOCK00/SES009/SA009S24	SES177	-0.564186	-46.4725	-45.9083
BLOCK00/SES009/SA009S24	SES292	-1.42409	-47.3324	-45.9083
BLOCK00/SES009/SA009S26	SES083	-2.1306	-48.4916	-46.361
BLOCK00/SES009/SA009S26	SES101	-1.79674	-48.1578	-46.361
BLOCK00/SES009/SA009S26	SES120	-0.950119	-47.3112	-46.361
BLOCK00/SES009/SA009S26	SES177	-0.924568	-47.2856	-46.361
BLOCK00/SES009/SA009S29	SES083	-1.72496	-47.6965	-45.9715
BLOCK00/SES009/SA009S29	SES101	-1.32652	-47.298	-45.9715
BLOCK00/SES009/SA009S29	SES177	-0.827183	-46.7987	-45.9715
BLOCK00/SES009/SA009S29	SES292	-1.61293	-47.5844	-45.9715
BLOCK01/SES011/SA011S10	SES019	-0.867413	-48.1037	-47.2363
BLOCK01/SES011/SA011S10	SES042	-0.415443	-47.6518	-47.2363
BLOCK01/SES011/SA011S10	SES082	-2.10054	-49.3368	-47.2363
BLOCK01/SES011/SA011S10	SES206	-0.752583	-47.9889	-47.2363
BLOCK01/SES011/SA011S11	SES019	-0.819096	-48.6682	-47.8491
BLOCK01/SES011/SA011S11	SES042	-0.932507	-48.7816	-47.8491
BLOCK01/SES011/SA011S11	SES082	-2.47804	-50.3272	-47.8491
BLOCK01/SES011/SA011S11	SES206	-0.866508	-48.7156	-47.8491
BLOCK01/SES011/SA011S22	SES019	-0.185658	-47.8555	-47.6699
BLOCK01/SES011/SA011S22	SES042	-0.248924	-47.9188	-47.6699
BLOCK01/SES011/SA011S22	SES082	-1.40376	-49.0736	-47.6699
BLOCK01/SES011/SA011S22	SES206	-0.563828	-48.2337	-47.6699
BLOCK01/SES011/SA011S24	SES019	-0.661385	-47.6395	-46.9781
BLOCK01/SES011/SA011S24	SES042	-0.530369	-47.5085	-46.9781
BLOCK01/SES011/SA011S24	SES104	-1.25242	-48.2305	-46.9781
BLOCK01/SES011/SA011S24	SES206	-0.28315	-47.2612	-46.9781
BLOCK01/SES011/SA011S27	SES082	0.070343	-46.6942	-46.7645
BLOCK01/SES011/SA011S27	SES087	-0.937466	-47.702	-46.7645
BLOCK01/SES011/SA011S27	SES125	-0.35297	-47.1175	-46.7645
BLOCK01/SES011/SA011S27	SES206	-0.106262	-46.8708	-46.7645
BLOCK01/SES012/SA012S11	SES007	-1.92014	-47.6942	-45.7741
BLOCK01/SES012/SA012S11	SES082	-1.44764	-47.2217	-45.7741
BLOCK01/SES012/SA012S11	SES083	-2.67525	-48.4494	-45.7741
BLOCK01/SES012/SA012S11	SES206	-0.741859	-46.516	-45.7741
BLOCK01/SES012/SA012S14	SES082	-1.27831	-47.8168	-46.5384
BLOCK01/SES012/SA012S14	SES087	-1.83429	-48.3727	-46.5384
BLOCK01/SES012/SA012S14	SES206	-0.69091	-47.2294	-46.5384
BLOCK01/SES012/SA012S14	SES292	-3.54737	-50.0858	-46.5384
BLOCK01/SES012/SA012S24	SES082	-0.054657	-47.3864	-47.3318
BLOCK01/SES012/SA012S24	SES087	-1.01978	-48.3516	-47.3318
BLOCK01/SES012/SA012S24	SES120	-3.99543	-51.3272	-47.3318
BLOCK01/SES012/SA012S24	SES206	-0.647968	-47.9798	-47.3318
BLOCK01/SES012/SA012S26	SES019	-2.30821	-48.6927	-46.3845
BLOCK01/SES012/SA012S26	SES082	-1.9858	-48.3703	-46.3845
BLOCK01/SES012/SA012S26	SES206	-0.397533	-46.782	-46.3845
BLOCK01/SES012/SA012S26	SES292	-3.03091	-49.4154	-46.3845
BLOCK01/SES012/SA012S29	SES062	-1.61647	-47.6503	-46.0338
BLOCK01/SES012/SA012S29	SES082	-1.0262	-47.06	-46.0338
BLOCK01/SES012/SA012S29	SES083	-2.30085	-48.3347	-46.0338
BLOCK01/SES012/SA012S29	SES206	-1.12494	-47.1588	-46.0338
BLOCK01/SES013/SA013S16	SES062	-3.29975	-50.0182	-46.7185
BLOCK01/SES013/SA013S16	SES106	-0.672626	-47.3911	-46.7185
BLOCK01/SES013/SA013S16	SES206	-1.14693	-47.8654	-46.7185
BLOCK01/SES013/SA013S16	SES226	-0.478035	-47.1965	-46.7185
BLOCK01/SES013/SA013S17	SES062	-2.63489	-48.7173	-46.0825
BLOCK01/SES013/SA013S17	SES106	-0.907169	-46.9896	-46.0825
BLOCK01/SES013/SA013S17	SES206	-0.365067	-46.4475	-46.0825
BLOCK01/SES013/SA013S17	SES226	0.212749	-45.8697	-46.0825
BLOCK01/SES013/SA013S23	SES104	-0.952106	-47.9486	-46.9964
BLOCK01/SES013/SA013S23	SES106	-0.159859	-47.1563	-46.9964
BLOCK01/SES013/SA013S23	SES206	-0.801472	-47.7979	-46.9964
BLOCK01/SES013/SA013S23	SES270	-0.268181	-47.2646	-46.9964
BLOCK01/SES013/SA013S25	SES042	-1.3203	-47.7412	-46.4209
BLOCK01/SES013/SA013S25	SES104	-0.76841	-47.1893	-46.4209
BLOCK01/SES013/SA013S25	SES106	-0.135506	-46.5564	-46.4209
BLOCK01/SES013/SA013S25	SES206	-1.22239	-47.6432	-46.4209
BLOCK01/SES013/SA013S29	SES062	-3.53947	-50.1848	-46.6453
BLOCK01/SES013/SA013S29	SES104	-1.37678	-48.0221	-46.6453
BLOCK01/SES013/SA013S29	SES106	-0.21402	-46.8594	-46.6453
BLOCK01/SES013/SA013S29	SES206	-1.60469	-48.25	-46.6453
BLOCK02/SES021/SA021S13	SES016	-2.88697	-48.8809	-45.9939
BLOCK02/SES021/SA021S13	SES029	-2.38499	-48.3789	-45.9939
BLOCK02/SES021/SA021S13	SES087	-1.78254	-47.7764	-45.9939
BLOCK02/SES021/SA021S13	SES206	-0.873039	-46.8669	-45.9939
BLOCK02/SES021/SA021S15	SES087	-1.43211	-46.3711	-44.939
BLOCK02/SES021/SA021S15	SES125	-0.889072	-45.8281	-44.939
BLOCK02/SES021/SA021S15	SES206	-0.160358	-45.0993	-44.939
BLOCK02/SES021/SA021S15	SES226	-1.72279	-46.6618	-44.939
BLOCK02/SES021/SA021S23	SES062	-2.86803	-50.0103	-47.1423
BLOCK02/SES021/SA021S23	SES087	-1.66055	-48.8029	-47.1423
BLOCK02/SES021/SA021S23	SES206	-1.58567	-48.728	-47.1423
BLOCK02/SES021/SA021S23	SES226	-1.12877	-48.2711	-47.1423
BLOCK02/SES021/SA021S27	SES002	-1.56013	-47.3263	-45.7661
BLOCK02/SES021/SA021S27	SES016	-3.64975	-49.4159	-45.7661
BLOCK02/SES021/SA021S27	SES019	-2.03408	-47.8002	-45.7661
BLOCK02/SES021/SA021S27	SES062	-1.53715	-47.3033	-45.7661
BLOCK02/SES021/SA021S29	SES087	-1.50293	-47.1885	-45.6856
BLOCK02/SES021/SA021S29	SES125	-1.37867	-47.0642	-45.6856
BLOCK02/SES021/SA021S29	SES206	-0.853905	-46.5395	-45.6856
BLOCK02/SES021/SA021S29	SES226	-1.37877	-47.0643	-45.6856
BLOCK04/SES043/SA043S09	SES083	-1.98973	-49.6474	-47.6577
BLOCK04/SES043/SA043S09	SES101	-2.69921	-50.3569	-47.6577
BLOCK04/SES043/SA043S09	SES144	-0.647316	-48.305	-47.6577
BLOCK04/SES043/SA043S09	SES172	-3.52181	-51.1795	-47.6577
BLOCK04/SES043/SA043S11	SES083	-0.674488	-47.1444	-46.4699
BLOCK04/SES043/SA043S11	SES101	-1.35363	-47.8235	-46.4699
BLOCK04/SES043/SA043S11	SES144	-0.772499	-47.2424	-46.4699
BLOCK04/SES043/SA043S11	SES172	-1.72884	-48.1987	-46.4699
BLOCK04/SES043/SA043S23	SES083	-0.816502	-47.7906	-46.9741
BLOCK04/SES043/SA043S23	SES144	0.000640869	-46.9735	-46.9741
BLOCK04/SES043/SA043S23	SES177	-1.62615	-48.6003	-46.9741
BLOCK04/SES043/SA043S23	SES275	-0.654377	-47.6285	-46.9741
BLOCK04/SES043/SA043S26	SES083	-0.967808	-48.0262	-47.0584
BLOCK04/SES043/SA043S26	SES101	-1.1053	-48.1637	-47.0584
BLOCK04/SES043/SA043S26	SES144	-0.291939	-47.3503	-47.0584
BLOCK04/SES043/SA043S26	SES177	-1.59247	-48.6509	-47.0584
BLOCK04/SES043/SA043S28	SES016	-1.43139	-47.7411	-46.3097
BLOCK04/SES043/SA043S28	SES083	-0.975681	-47.2854	-46.3097
BLOCK04/SES043/SA043S28	SES101	-0.869331	-47.179	-46.3097
BLOCK04/SES043/SA043S28	SES144	-0.784302	-47.094	-46.3097
BLOCK04/SES044/SA044S10	SES127	-2.75009	-52.092	-49.3419
BLOCK04/SES044/SA044S10	SES144	-0.187061	-49.529	-49.3419
BLOCK04/SES044/SA044S10	SES147	-3.33711	-52.6791	-49.3419
BLOCK04/SES044/SA044S10	SES148	-2.51822	-51.8602	-49.3419
BLOCK04/SES044/SA044S11	SES101	-2.1638	-50.4183	-48.2545
BLOCK04/SES044/SA044S11	SES144	0.0141678	-48.2403	-48.2545
BLOCK04/SES044/SA044S11	SES147	-3.0497	-51.3042	-48.2545
BLOCK04/SES044/SA044S11	SES177	-2.22901	-50.4835	-48.2545
BLOCK04/SES044/SA044S24	SES007	-2.40878	-50.2825	-47.8737
BLOCK04/SES044/SA044S24	SES101	-1.28086	-49.1546	-47.8737
BLOCK04/SES044/SA044S24	SES147	-2.839	-50.7127	-47.8737
BLOCK04/SES044/SA044S24	SES177	-1.46288	-49.3366	-47.8737
BLOCK04/SES044/SA044S26	SES007	-2.39917	-49.7277	-47.3285
BLOCK04/SES044/SA044S26	SES016	-0.95182	-48.2803	-47.3285
BLOCK04/SES044/SA044S26	SES101	-1.1054	-48.4339	-47.3285
BLOCK04/SES044/SA044S26	SES147	-1.25683	-48.5853	-47.3285
BLOCK04/SES044/SA044S29	SES007	-1.82597	-48.4281	-46.6021
BLOCK04/SES044/SA044S29	SES101	-0.866901	-47.469	-46.6021
BLOCK04/SES044/SA044S29	SES147	-3.00232	-49.6045	-46.6021
BLOCK04/SES044/SA044S29	SES177	-2.04921	-48.6513	-46.6021
BLOCK04/SES046/SA046S13	SES101	-2.97427	-50.2992	-47.3249
BLOCK04/SES046/SA046S13	SES144	-0.675449	-48.0004	-47.3249
BLOCK04/SES046/SA046S13	SES147	-3.42221	-50.7471	-47.3249
BLOCK04/SES046/SA046S13	SES177	-1.5237	-48.8486	-47.3249
BLOCK04/SES046/SA046S15	SES048	-2.28341	-48.2599	-45.9765
BLOCK04/SES046/SA046S15	SES083	-1.12621	-47.1027	-45.9765
BLOCK04/SES046/SA046S15	SES120	-2.77875	-48.7552	-45.9765
BLOCK04/SES046/SA046S15	SES148	-1.29026	-47.2668	-45.9765
BLOCK04/SES046/SA046S22	SES101	-1.44144	-48.6137	-47.1722
BLOCK04/SES046/SA046S22	SES144	-0.984665	-48.1569	-47.1722
BLOCK04/SES046/SA046S22	SES147	-3.08295	-50.2552	-47.1722
BLOCK04/SES046/SA046S22	SES172	-1.39391	-48.5661	-47.1722
BLOCK04/SES046/SA046S25	SES083	-1.42238	-48.0073	-46.5849
BLOCK04/SES046/SA046S25	SES127	-2.00291	-48.5878	-46.5849
BLOCK04/SES046/SA046S25	SES144	-1.59404	-48.179	-46.5849
BLOCK04/SES046/SA046S25	SES148	-0.98489	-47.5698	-46.5849
BLOCK04/SES046/SA046S28	SES007	-2.79078	-50.5263	-47.7355
BLOCK04/SES046/SA046S28	SES105	-2.48339	-50.2189	-47.7355
BLOCK04/SES046/SA046S28	SES147	-2.75768	-50.4932	-47.7355
BLOCK04/SES046/SA046S28	SES148	-1.70804	-49.4435	-47.7355
BLOCK04/SES049/SA049S16	SES104	-1.39062	-49.2874	-47.8968
BLOCK04/SES049/SA049S16	SES106	-0.827522	-48.7244	-47.8968
BLOCK04/SES049/SA049S16	SES120	-3.28384	-51.1807	-47.8968
BLOCK04/SES049/SA049S16	SES206	-1.4035	-49.3003	-47.8968
BLOCK04/SES049/SA049S18	SES099	0.0178146	-48.8876	-48.9055
BLOCK04/SES049/SA049S18	SES104	-1.61683	-50.5223	-48.9055
BLOCK04/SES049/SA049S18	SES125	-1.749	-50.6545	-48.9055
BLOCK04/SES049/SA049S18	SES206	-1.50282	-50.4083	-48.9055
BLOCK04/SES049/SA049S25	SES087	-0.796207	-48.557	-47.7608
BLOCK04/SES049/SA049S25	SES104	-1.1474	-48.9082	-47.7608
BLOCK04/SES049/SA049S25	SES125	-1.52518	-49.286	-47.7608
BLOCK04/SES049/SA049S25	SES206	-0.643608	-48.4044	-47.7608
BLOCK04/SES049/SA049S27	SES099	-0.666679	-47.8168	-47.1501
BLOCK04/SES049/SA049S27	SES104	-0.601372	-47.7515	-47.1501
BLOCK04/SES049/SA049S27	SES125	-1.45708	-48.6072	-47.1501
BLOCK04/SES049/SA049S27	SES206	-1.18744	-48.3376	-47.1501
BLOCK04/SES049/SA049S29	SES099	0.162354	-46.1531	-46.3155
BLOCK04/SES049/SA049S29	SES104	-0.0397606	-46.3553	-46.3155
BLOCK04/SES049/SA049S29	SES125	-0.951424	-47.2669	-46.3155
BLOCK04/SES049/SA049S29	SES206	-0.18494	-46.5004	-46.3155
BLOCK06/SES063/SA063S09	SES068	-1.40307	-48.1739	-46.7708
BLOCK06/SES063/SA063S09	SES083	-0.902687	-47.6735	-46.7708
BLOCK06/SES063/SA063S09	SES177	-1.33461	-48.1055	-46.7708
BLOCK06/SES063/SA063S09	SES187	-1.54849	-48.3193	-46.7708
BLOCK06/SES063/SA063S10	SES068	-1.83229	-49.0309	-47.1986
BLOCK06/SES063/SA063S10	SES083	-0.966953	-48.1655	-47.1986
BLOCK06/SES063/SA063S10	SES172	-0.988659	-48.1872	-47.1986
BLOCK06/SES063/SA063S10	SES187	-1.29529	-48.4939	-47.1986
BLOCK06/SES063/SA063S20	SES068	-2.15454	-48.9515	-46.797
BLOCK06/SES063/SA063S20	SES083	-1.66911	-48.4661	-46.797
BLOCK06/SES063/SA063S20	SES172	-1.22892	-48.0259	-46.797
BLOCK06/SES063/SA063S20	SES187	-0.556576	-47.3536	-46.797
BLOCK06/SES063/SA063S24	SES029	-3.06584	-49.3321	-46.2662
BLOCK06/SES063/SA063S24	SES083	-0.545277	-46.8115	-46.2662
BLOCK06/SES063/SA063S24	SES177	-1.25422	-47.5204	-46.2662
BLOCK06/SES063/SA063S24	SES189	-1.71597	-47.9822	-46.2662
BLOCK06/SES063/SA063S27	SES083	-0.564651	-48.0489	-47.4842
BLOCK06/SES063/SA063S27	SES172	-0.820156	-48.3044	-47.4842
BLOCK06/SES063/SA063S27	SES187	-1.84639	-49.3306	-47.4842
BLOCK06/SES063/SA063S27	SES292	-2.26038	-49.7446	-47.4842
BLOCK06/SES067/SA067S12	SES083	-2.61499	-49.3838	-46.7688
BLOCK06/SES067/SA067S12	SES172	-3.08334	-49.8521	-46.7688
BLOCK06/SES067/SA067S12	SES202	-0.338436	-47.1072	-46.7688
BLOCK06/SES067/SA067S12	SES292	-2.25269	-49.0215	-46.7688
BLOCK06/SES067/SA067S14	SES085	-1.44481	-47.777	-46.3322
BLOCK06/SES067/SA067S14	SES177	-1.11898	-47.4511	-46.3322
BLOCK06/SES067/SA067S14	SES183	-1.78634	-48.1185	-46.3322
BLOCK06/SES067/SA067S14	SES202	-0.799515	-47.1317	-46.3322
BLOCK06/SES067/SA067S21	SES144	-1.00191	-48.6018	-47.5999
BLOCK06/SES067/SA067S21	SES177	-0.565266	-48.1652	-47.5999
BLOCK06/SES067/SA067S21	SES183	-3.49686	-51.0967	-47.5999
BLOCK06/SES067/SA067S21	SES189	-0.240482	-47.8404	-47.5999
BLOCK06/SES067/SA067S25	SES085	-1.21206	-48.0005	-46.7884
BLOCK06/SES067/SA067S25	SES177	-0.910343	-47.6987	-46.7884
BLOCK06/SES067/SA067S25	SES183	-1.66866	-48.4571	-46.7884
BLOCK06/SES067/SA067S25	SES202	-1.02903	-47.8174	-46.7884
BLOCK06/SES067/SA067S29	SES085	-0.990074	-47.7663	-46.7762
BLOCK06/SES067/SA067S29	SES177	-1.61063	-48.3869	-46.7762
BLOCK06/SES067/SA067S29	SES183	-1.98736	-48.7636	-46.7762
BLOCK06/SES067/SA067S29	SES202	-0.0298004	-46.806	-46.7762
BLOCK06/SES069/SA069S12	SES029	-2.19292	-48.7421	-46.5492
BLOCK06/SES069/SA069S12	SES082	-1.11251	-47.6617	-46.5492
BLOCK06/SES069/SA069S12	SES087	-2.24733	-48.7965	-46.5492
BLOCK06/SES069/SA069S12	SES206	-1.40811	-47.9573	-46.5492
BLOCK06/SES069/SA069S13	SES029	-2.70587	-49.1276	-46.4217
BLOCK06/SES069/SA069S13	SES087	-2.60339	-49.0251	-46.4217
BLOCK06/SES069/SA069S13	SES206	-1.90471	-48.3264	-46.4217
BLOCK06/SES069/SA069S13	SES226	-1.53787	-47.9596	-46.4217
BLOCK06/SES069/SA069S23	SES029	-1.534	-46.6547	-45.1207
BLOCK06/SES069/SA069S23	SES087	-2.49559	-47.6163	-45.1207
BLOCK06/SES069/SA069S23	SES206	-2.07203	-47.1927	-45.1207
BLOCK06/SES069/SA069S23	SES226	-1.22729	-46.348	-45.1207
BLOCK06/SES069/SA069S25	SES087	-1.59296	-47.2271	-45.6341
BLOCK06/SES069/SA069S25	SES206	-2.16807	-47.8022	-45.6341
BLOCK06/SES069/SA069S25	SES226	-1.19117	-46.8253	-45.6341
BLOCK06/SES069/SA069S25	SES270	-0.939983	-46.5741	-45.6341
BLOCK06/SES069/SA069S27	SES087	-2.38918	-48.1672	-45.778
BLOCK06/SES069/SA069S27	SES206	-0.895416	-46.6734	-45.778
BLOCK06/SES069/SA069S27	SES226	-0.56657	-46.3445	-45.778
BLOCK06/SES069/SA069S27	SES270	-0.88065	-46.6586	-45.778
BLOCK08/SES081/SA081S11	SES060	-1.62637	-48.0294	-46.403
BLOCK08/SES081/SA081S11	SES062	-3.36382	-49.7669	-46.403
BLOCK08/SES081/SA081S11	SES117	-2.74526	-49.1483	-46.403
BLOCK08/SES081/SA081S11	SES162	-2.00085	-48.4039	-46.403
BLOCK08/SES081/SA081S13	SES016	-1.27851	-46.8343	-45.5558
BLOCK08/SES081/SA081S13	SES060	-0.426891	-45.9827	-45.5558
BLOCK08/SES081/SA081S13	SES068	-0.661583	-46.2174	-45.5558
BLOCK08/SES081/SA081S13	SES129	-1.88234	-47.4381	-45.5558
BLOCK08/SES081/SA081S24	SES060	-1.01148	-47.0233	-46.0119
BLOCK08/SES081/SA081S24	SES068	-0.855923	-46.8678	-46.0119
BLOCK08/SES081/SA081S24	SES117	-2.04072	-48.0526	-46.0119
BLOCK08/SES081/SA081S24	SES275	-1.95878	-47.9706	-46.0119
BLOCK08/SES081/SA081S27	SES007	-1.61029	-47.8324	-46.2221
BLOCK08/SES081/SA081S27	SES060	-1.77498	-47.9971	-46.2221
BLOCK08/SES081/SA081S27	SES117	-0.979576	-47.2017	-46.2221
BLOCK08/SES081/SA081S27	SES275	-1.9249	-48.147	-46.2221
BLOCK08/SES081/SA081S29	SES007	-1.37455	-47.1415	-45.767
BLOCK08/SES081/SA081S29	SES060	-1.21588	-46.9828	-45.767
BLOCK08/SES081/SA081S29	SES117	-1.8176	-47.5846	-45.767
BLOCK08/SES081/SA081S29	SES275	-2.23125	-47.9982	-45.767
BLOCK08/SES086/SA086S11	SES029	-4.85317	-53.088	-48.2348
BLOCK08/SES086/SA086S11	SES082	-1.86811	-50.1029	-48.2348
BLOCK08/SES086/SA086S11	SES087	-0.532654	-48.7674	-48.2348
BLOCK08/SES086/SA086S11	SES206	-1.78952	-50.0243	-48.2348
BLOCK08/SES086/SA086S12	SES029	-4.67457	-52.4906	-47.816
BLOCK08/SES086/SA086S12	SES082	-2.02306	-49.8391	-47.816
BLOCK08/SES086/SA086S12	SES087	0.55246	-47.2636	-47.816
BLOCK08/SES086/SA086S12	SES206	-0.994934	-48.811	-47.816
BLOCK08/SES086/SA086S20	SES029	-4.20203	-50.6155	-46.4134
BLOCK08/SES086/SA086S20	SES082	-1.86706	-48.2805	-46.4134
BLOCK08/SES086/SA086S20	SES087	0.432178	-45.9813	-46.4134
BLOCK08/SES086/SA086S20	SES206	-0.17873	-46.5922	-46.4134
BLOCK08/SES086/SA086S24	SES087	-0.339561	-47.7788	-47.4393
BLOCK08/SES086/SA086S24	SES104	-1.66155	-49.1008	-47.4393
BLOCK08/SES086/SA086S24	SES120	-4.29606	-51.7353	-47.4393
BLOCK08/SES086/SA086S24	SES206	-0.231613	-47.6709	-47.4393
BLOCK08/SES086/SA086S28	SES029	-3.27817	-49.6952	-46.417
BLOCK08/SES086/SA086S28	SES082	-1.60935	-48.0264	-46.417
BLOCK08/SES086/SA086S28	SES087	0.0254974	-46.3915	-46.417
BLOCK08/SES086/SA086S28	SES206	-0.551971	-46.969	-46.417
BLOCK08/SES089/SA089S13	SES087	-1.8882	-48.8707	-46.9825
BLOCK08/SES089/SA089S13	SES206	-1.83882	-48.8213	-46.9825
BLOCK08/SES089/SA089S13	SES226	-1.24265	-48.2252	-46.9825
BLOCK08/SES089/SA089S13	SES270	-2.21249	-49.195	-46.9825
BLOCK08/SES089/SA089S14	SES062	-1.66945	-48.6649	-46.9955
BLOCK08/SES089/SA089S14	SES087	-0.205032	-47.2005	-46.9955
BLOCK08/SES089/SA089S14	SES206	-0.570667	-47.5661	-46.9955
BLOCK08/SES089/SA089S14	SES226	-0.612461	-47.6079	-46.9955
BLOCK08/SES089/SA089S23	SES087	-1.44227	-49.0687	-47.6264
BLOCK08/SES089/SA089S23	SES206	-1.44165	-49.0681	-47.6264
BLOCK08/SES089/SA089S23	SES226	-0.925076	-48.5515	-47.6264
BLOCK08/SES089/SA089S23	SES270	-1.88249	-49.5089	-47.6264
BLOCK08/SES089/SA089S25	SES062	-2.48565	-49.199	-46.7133
BLOCK08/SES089/SA089S25	SES087	-0.478951	-47.1923	-46.7133
BLOCK08/SES089/SA089S25	SES206	-1.22287	-47.9362	-46.7133
BLOCK08/SES089/SA089S25	SES226	-0.655949	-47.3693	-46.7133
BLOCK08/SES089/SA089S28	SES062	-1.87025	-48.6975	-46.8273
BLOCK08/SES089/SA089S28	SES087	-0.550091	-47.3773	-46.8273
BLOCK08/SES089/SA089S28	SES206	-0.640869	-47.4681	-46.8273
BLOCK08/SES089/SA089S28	SES226	-0.721565	-47.5488	-46.8273
BLOCK09/SES097/SA097S11	SES099	0.00741959	-47.4118	-47.4193
BLOCK09/SES097/SA097S11	SES125	-2.25292	-49.6722	-47.4193
BLOCK09/SES097/SA097S11	SES206	-1.55595	-48.9752	-47.4193
BLOCK09/SES097/SA097S11	SES226	-0.363197	-47.7825	-47.4193
BLOCK09/SES097/SA097S14	SES062	-2.45914	-49.6717	-47.2125
BLOCK09/SES097/SA097S14	SES099	-0.677277	-47.8898	-47.2125
BLOCK09/SES097/SA097S14	SES104	-1.14679	-48.3593	-47.2125
BLOCK09/SES097/SA097S14	SES206	-1.29029	-48.5028	-47.2125
BLOCK09/SES097/SA097S22	SES099	0.359005	-47.1324	-47.4914
BLOCK09/SES097/SA097S22	SES206	-0.966713	-48.4581	-47.4914
BLOCK09/SES097/SA097S22	SES226	-1.03926	-48.5306	-47.4914
BLOCK09/SES097/SA097S22	SES270	0.360924	-47.1305	-47.4914
BLOCK09/SES097/SA097S26	SES099	-0.3564	-47.284	-46.9276
BLOCK09/SES097/SA097S26	SES120	-2.82507	-49.7527	-46.9276
BLOCK09/SES097/SA097S26	SES206	-0.74683	-47.6744	-46.9276
BLOCK09/SES097/SA097S26	SES226	-1.01532	-47.9429	-46.9276
BLOCK09/SES097/SA097S28	SES099	-0.82848	-48.04	-47.2115
BLOCK09/SES097/SA097S28	SES120	-2.4213	-49.6328	-47.2115
BLOCK09/SES097/SA097S28	SES206	-2.02187	-49.2334	-47.2115
BLOCK09/SES097/SA097S28	SES226	-1.7953	-49.0068	-47.2115
BLOCK09/SES098/SA098S11	SES127	-2.52288	-50.2258	-47.7029
BLOCK09/SES098/SA098S11	SES144	-1.56599	-49.2689	-47.7029
BLOCK09/SES098/SA098S11	SES147	-0.96563	-48.6685	-47.7029
BLOCK09/SES098/SA098S11	SES148	-2.61632	-50.3192	-47.7029
BLOCK09/SES098/SA098S12	SES127	-3.85321	-53.1785	-49.3252
BLOCK09/SES098/SA098S12	SES144	-1.72075	-51.046	-49.3252
BLOCK09/SES098/SA098S12	SES147	-1.90008	-51.2253	-49.3252
BLOCK09/SES098/SA098S12	SES189	-1.0055	-50.3307	-49.3252
BLOCK09/SES098/SA098S20	SES127	-2.72335	-51.0158	-48.2925
BLOCK09/SES098/SA098S20	SES147	-1.70998	-50.0024	-48.2925
BLOCK09/SES098/SA098S20	SES148	-3.08483	-51.3773	-48.2925
BLOCK09/SES098/SA098S20	SES292	-4.27839	-52.5709	-48.2925
BLOCK09/SES098/SA098S23	SES127	-1.9278	-49.5771	-47.6493
BLOCK09/SES098/SA098S23	SES147	-1.31308	-48.9624	-47.6493
BLOCK09/SES098/SA098S23	SES187	-1.00489	-48.6542	-47.6493
BLOCK09/SES098/SA098S23	SES292	-2.5738	-50.2231	-47.6493
BLOCK09/SES098/SA098S27	SES127	-2.84361	-50.9122	-48.0686
BLOCK09/SES098/SA098S27	SES147	-2.0172	-50.0858	-48.0686
BLOCK09/SES098/SA098S27	SES148	-3.26326	-51.3318	-48.0686
BLOCK09/SES098/SA098S27	SES292	-3.29776	-51.3663	-48.0686
BLOCK10/SES102/SA102S13	SES101	-0.612579	-48.6004	-47.9878
BLOCK10/SES102/SA102S13	SES105	-1.20175	-49.1896	-47.9878
BLOCK10/SES102/SA102S13	SES120	-1.41684	-49.4047	-47.9878
BLOCK10/SES102/SA102S13	SES158	-5.0371	-53.0249	-47.9878
BLOCK10/SES102/SA102S14	SES007	-0.733955	-46.7666	-46.0327
BLOCK10/SES102/SA102S14	SES101	-0.740761	-46.7734	-46.0327
BLOCK10/SES102/SA102S14	SES105	-1.02099	-47.0537	-46.0327
BLOCK10/SES102/SA102S14	SES147	-2.87223	-48.9049	-46.0327
BLOCK10/SES102/SA102S22	SES007	-1.30687	-47.7758	-46.4689
BLOCK10/SES102/SA102S22	SES101	-0.283039	-46.752	-46.4689
BLOCK10/SES102/SA102S22	SES105	-0.467747	-46.9367	-46.4689
BLOCK10/SES102/SA102S22	SES158	-3.57175	-50.0407	-46.4689
BLOCK10/SES102/SA102S25	SES007	-1.18641	-47.6231	-46.4366
BLOCK10/SES102/SA102S25	SES101	-0.434406	-46.871	-46.4366
BLOCK10/SES102/SA102S25	SES105	-1.11868	-47.5553	-46.4366
BLOCK10/SES102/SA102S25	SES147	-3.04893	-49.4856	-46.4366
BLOCK10/SES102/SA102S27	SES007	-1.64542	-48.4763	-46.8309
BLOCK10/SES102/SA102S27	SES101	-0.89645	-47.7273	-46.8309
BLOCK10/SES102/SA102S27	SES105	-1.44894	-48.2798	-46.8309
BLOCK10/SES102/SA102S27	SES147	-2.66468	-49.4956	-46.8309
BLOCK10/SES103/SA103S14	SES105	-2.36658	-50.5707	-48.2041
BLOCK10/SES103/SA103S14	SES106	-0.715263	-48.9193	-48.2041
BLOCK10/SES103/SA103S14	SES120	-3.62572	-51.8298	-48.2041
BLOCK10/SES103/SA103S14	SES206	-1.59245	-49.7965	-48.2041
BLOCK10/SES103/SA103S15	SES099	-0.658066	-49.6297	-48.9716
BLOCK10/SES103/SA103S15	SES101	-3.09093	-52.0626	-48.9716
BLOCK10/SES103/SA103S15	SES104	-1.00543	-49.9771	-48.9716
BLOCK10/SES103/SA103S15	SES125	-1.00265	-49.9743	-48.9716
BLOCK10/SES103/SA103S24	SES104	-0.927856	-48.497	-47.5691
BLOCK10/SES103/SA103S24	SES125	-1.11709	-48.6862	-47.5691
BLOCK10/SES103/SA103S24	SES148	-2.31458	-49.8837	-47.5691
BLOCK10/SES103/SA103S24	SES158	-0.522141	-48.0912	-47.5691
BLOCK10/SES103/SA103S26	SES104	-1.17434	-49.376	-48.2017
BLOCK10/SES103/SA103S26	SES106	-0.812862	-49.0145	-48.2017
BLOCK10/SES103/SA103S26	SES125	-1.27878	-49.4804	-48.2017
BLOCK10/SES103/SA103S26	SES148	-2.66101	-50.8627	-48.2017
BLOCK10/SES103/SA103S28	SES104	-1.84931	-50.5256	-48.6763
BLOCK10/SES103/SA103S28	SES106	-1.61382	-50.2901	-48.6763
BLOCK10/SES103/SA103S28	SES125	-2.44297	-51.1193	-48.6763
BLOCK10/SES103/SA103S28	SES206	-2.82558	-51.5019	-48.6763
BLOCK12/SES121/SA121S12	SES042	-1.81676	-51.0218	-49.205
BLOCK12/SES121/SA121S12	SES087	-1.46864	-50.6737	-49.205
BLOCK12/SES121/SA121S12	SES105	-1.61254	-50.8176	-49.205
BLOCK12/SES121/SA121S12	SES206	-1.46288	-50.6679	-49.205
BLOCK12/SES121/SA121S14	SES007	-2.82021	-52.6364	-49.8162
BLOCK12/SES121/SA121S14	SES105	-2.70279	-52.519	-49.8162
BLOCK12/SES121/SA121S14	SES106	-1.31883	-51.135	-49.8162
BLOCK12/SES121/SA121S14	SES206	-1.55227	-51.3685	-49.8162
BLOCK12/SES121/SA121S23	SES105	-2.75454	-52.377	-49.6225
BLOCK12/SES121/SA121S23	SES106	-0.765678	-50.3882	-49.6225
BLOCK12/SES121/SA121S23	SES120	-3.59233	-53.2148	-49.6225
BLOCK12/SES121/SA121S23	SES206	-1.29796	-50.9204	-49.6225
BLOCK12/SES121/SA121S25	SES007	-2.17004	-52.6875	-50.5174
BLOCK12/SES121/SA121S25	SES105	-2.8561	-53.3735	-50.5174
BLOCK12/SES121/SA121S25	SES106	-1.14698	-51.6644	-50.5174
BLOCK12/SES121/SA121S25	SES206	-1.53865	-52.0561	-50.5174
BLOCK12/SES121/SA121S27	SES087	-0.0941772	-48.9781	-48.8839
BLOCK12/SES121/SA121S27	SES105	-3.79466	-52.6786	-48.8839
BLOCK12/SES121/SA121S27	SES120	-2.9252	-51.8091	-48.8839
BLOCK12/SES121/SA121S27	SES206	-1.16319	-50.0471	-48.8839
BLOCK12/SES124/SA124S16	SES042	-0.11401	-47.1018	-46.9877
BLOCK12/SES124/SA124S16	SES082	-0.582092	-47.5698	-46.9877
BLOCK12/SES124/SA124S16	SES183	-3.05053	-50.0383	-46.9877
BLOCK12/SES124/SA124S16	SES206	-0.88731	-47.8751	-46.9877
BLOCK12/SES124/SA124S17	SES105	-2.85156	-50.9465	-48.0949
BLOCK12/SES124/SA124S17	SES149	-1.86047	-49.9554	-48.0949
BLOCK12/SES124/SA124S17	SES158	-2.051	-50.1459	-48.0949
BLOCK12/SES124/SA124S17	SES275	-3.71046	-51.8054	-48.0949
BLOCK12/SES124/SA124S23	SES105	-2.81162	-48.3103	-45.4987
BLOCK12/SES124/SA124S23	SES125	-0.24437	-45.7431	-45.4987
BLOCK12/SES124/SA124S23	SES129	-3.53054	-49.0293	-45.4987
BLOCK12/SES124/SA124S23	SES158	-0.821602	-46.3203	-45.4987
BLOCK12/SES124/SA124S26	SES105	-3.25728	-49.6082	-46.3509
BLOCK12/SES124/SA124S26	SES125	-0.433922	-46.7848	-46.3509
BLOCK12/SES124/SA124S26	SES129	-4.39341	-50.7443	-46.3509
BLOCK12/SES124/SA124S26	SES158	-0.76178	-47.1127	-46.3509
BLOCK12/SES124/SA124S28	SES104	-0.413006	-46.7422	-46.3292
BLOCK12/SES124/SA124S28	SES106	0.0683212	-46.2609	-46.3292
BLOCK12/SES124/SA124S28	SES125	-0.248886	-46.5781	-46.3292
BLOCK12/SES124/SA124S28	SES275	-3.63847	-49.9677	-46.3292
BLOCK12/SES126/SA126S13	SES007	-2.82355	-51.143	-48.3194
BLOCK12/SES126/SA126S13	SES162	-2.30513	-50.6245	-48.3194
BLOCK12/SES126/SA126S13	SES177	-1.16888	-49.4883	-48.3194
BLOCK12/SES126/SA126S13	SES180	-1.77058	-50.09	-48.3194
BLOCK12/SES126/SA126S14	SES144	-1.41483	-48.3072	-46.8923
BLOCK12/SES126/SA126S14	SES148	-1.37594	-48.2683	-46.8923
BLOCK12/SES126/SA126S14	SES177	-0.620617	-47.5129	-46.8923
BLOCK12/SES126/SA126S14	SES180	-1.4602	-48.3525	-46.8923
BLOCK12/SES126/SA126S20	SES007	-2.93504	-50.1745	-47.2394
BLOCK12/SES126/SA126S20	SES162	-2.29597	-49.5354	-47.2394
BLOCK12/SES126/SA126S20	SES172	-3.94394	-51.1833	-47.2394
BLOCK12/SES126/SA126S20	SES180	-2.40873	-49.6481	-47.2394
BLOCK12/SES126/SA126S24	SES120	-1.11641	-47.784	-46.6676
BLOCK12/SES126/SA126S24	SES162	-2.04076	-48.7084	-46.6676
BLOCK12/SES126/SA126S24	SES177	-0.94838	-47.616	-46.6676
BLOCK12/SES126/SA126S24	SES180	-1.13916	-47.8068	-46.6676
BLOCK12/SES126/SA126S26	SES120	-0.758751	-48.341	-47.5823
BLOCK12/SES126/SA126S26	SES177	-1.01437	-48.5966	-47.5823
BLOCK12/SES126/SA126S26	SES180	-1.60635	-49.1886	-47.5823
BLOCK12/SES126/SA126S26	SES202	-2.36407	-49.9464	-47.5823
BLOCK12/SES128/SA128S10	SES087	-2.36954	-49.3314	-46.9618
BLOCK12/SES128/SA128S10	SES206	-1.68005	-48.6419	-46.9618
BLOCK12/SES128/SA128S10	SES226	-0.757637	-47.7195	-46.9618
BLOCK12/SES128/SA128S10	SES270	-0.628891	-47.5907	-46.9618
BLOCK12/SES128/SA128S12	SES120	-2.73693	-49.7002	-46.9632
BLOCK12/SES128/SA128S12	SES158	-1.44844	-48.4117	-46.9632
BLOCK12/SES128/SA128S12	SES206	-1.29086	-48.2541	-46.9632
BLOCK12/SES128/SA128S12	SES226	-1.51388	-48.4771	-46.9632
BLOCK12/SES128/SA128S21	SES106	-2.93914	-50.8447	-47.9056
BLOCK12/SES128/SA128S21	SES120	-2.12535	-50.0309	-47.9056
BLOCK12/SES128/SA128S21	SES206	-2.74417	-50.6497	-47.9056
BLOCK12/SES128/SA128S21	SES226	-1.87718	-49.7827	-47.9056
BLOCK12/SES128/SA128S24	SES087	-2.56511	-50.075	-47.5098
BLOCK12/SES128/SA128S24	SES120	-1.33909	-48.8489	-47.5098
BLOCK12/SES128/SA128S24	SES206	-2.38433	-49.8942	-47.5098
BLOCK12/SES128/SA128S24	SES226	-1.81818	-49.328	-47.5098
BLOCK12/SES128/SA128S27	SES099	-1.13522	-47.7994	-46.6641
BLOCK12/SES128/SA128S27	SES120	-1.79377	-48.4579	-46.6641
BLOCK12/SES128/SA128S27	SES206	-1.45962	-48.1238	-46.6641
BLOCK12/SES128/SA128S27	SES226	-0.99081	-47.6549	-46.6641
BLOCK13/SES130/SA130S13	SES143	-2.74588	-51.3732	-48.6273
BLOCK13/SES130/SA130S13	SES144	-0.513393	-49.1407	-48.6273
BLOCK13/SES130/SA130S13	SES146	-1.31345	-49.9408	-48.6273
BLOCK13/SES130/SA130S13	SES275	-3.16594	-51.7933	-48.6273
BLOCK13/SES130/SA130S15	SES143	-2.02172	-49.2649	-47.2432
BLOCK13/SES130/SA130S15	SES144	-0.5952	-47.8384	-47.2432
BLOCK13/SES130/SA130S15	SES146	-1.14658	-48.3898	-47.2432
BLOCK13/SES130/SA130S15	SES275	-1.45156	-48.6948	-47.2432
BLOCK13/SES130/SA130S23	SES127	-2.00024	-50.7988	-48.7986
BLOCK13/SES130/SA130S23	SES144	-1.35206	-50.1506	-48.7986
BLOCK13/SES130/SA130S23	SES146	-1.08805	-49.8866	-48.7986
BLOCK13/SES130/SA130S23	SES162	-1.29504	-50.0936	-48.7986
BLOCK13/SES130/SA130S25	SES127	-1.59754	-48.6037	-47.0062
BLOCK13/SES130/SA130S25	SES144	-0.524246	-47.5304	-47.0062
BLOCK13/SES130/SA130S25	SES146	-0.864948	-47.8711	-47.0062
BLOCK13/SES130/SA130S25	SES275	-0.989479	-47.9957	-47.0062
BLOCK13/SES130/SA130S28	SES127	-1.43294	-48.4511	-47.0181
BLOCK13/SES130/SA130S28	SES144	-1.035	-48.0531	-47.0181
BLOCK13/SES130/SA130S28	SES146	-1.2465	-48.2646	-47.0181
BLOCK13/SES130/SA130S28	SES275	-0.619411	-47.6376	-47.0181
BLOCK13/SES131/SA131S13	SES002	-2.09319	-51.2817	-49.1885
BLOCK13/SES131/SA131S13	SES007	-3.21896	-52.4074	-49.1885
BLOCK13/SES131/SA131S13	SES099	-1.53799	-50.7265	-49.1885
BLOCK13/SES131/SA131S13	SES105	-2.24567	-51.4341	-49.1885
BLOCK13/SES131/SA131S14	SES104	-0.739178	-48.2145	-47.4753
BLOCK13/SES131/SA131S14	SES106	-0.510406	-47.9857	-47.4753
BLOCK13/SES131/SA131S14	SES125	-1.54826	-49.0236	-47.4753
BLOCK13/SES131/SA131S14	SES148	-2.16068	-49.636	-47.4753
BLOCK13/SES131/SA131S20	SES104	-0.758221	-49.6354	-48.8771
BLOCK13/SES131/SA131S20	SES106	-0.292042	-49.1692	-48.8771
BLOCK13/SES131/SA131S20	SES125	-1.17466	-50.0518	-48.8771
BLOCK13/SES131/SA131S20	SES148	-2.55015	-51.4273	-48.8771
BLOCK13/SES131/SA131S22	SES099	-0.985603	-49.012	-48.0264
BLOCK13/SES131/SA131S22	SES104	-1.19168	-49.2181	-48.0264
BLOCK13/SES131/SA131S22	SES125	-1.47401	-49.5004	-48.0264
BLOCK13/SES131/SA131S22	SES206	-1.85962	-49.886	-48.0264
BLOCK13/SES131/SA131S29	SES087	-1.24374	-49.9024	-48.6586
BLOCK13/SES131/SA131S29	SES104	-1.53813	-50.1967	-48.6586
BLOCK13/SES131/SA131S29	SES125	-1.56689	-50.2255	-48.6586
BLOCK13/SES131/SA131S29	SES206	-1.25934	-49.918	-48.6586
BLOCK13/SES132/SA132S11	SES083	-2.15667	-48.6216	-46.4649
BLOCK13/SES132/SA132S11	SES120	-0.219826	-46.6848	-46.4649
BLOCK13/SES132/SA132S11	SES127	-1.57866	-48.0436	-46.4649
BLOCK13/SES132/SA132S11	SES275	-1.09071	-47.5556	-46.4649
BLOCK13/SES132/SA132S12	SES083	-1.75904	-48.2714	-46.5124
BLOCK13/SES132/SA132S12	SES143	-1.23814	-47.7505	-46.5124
BLOCK13/SES132/SA132S12	SES144	-1.13499	-47.6474	-46.5124
BLOCK13/SES132/SA132S12	SES148	-1.19305	-47.7054	-46.5124
BLOCK13/SES132/SA132S22	SES062	-0.480965	-46.839	-46.3581
BLOCK13/SES132/SA132S22	SES083	-1.24184	-47.5999	-46.3581
BLOCK13/SES132/SA132S22	SES127	-1.38063	-47.7387	-46.3581
BLOCK13/SES132/SA132S22	SES275	-0.611141	-46.9692	-46.3581
BLOCK13/SES132/SA132S24	SES007	-0.522728	-46.6294	-46.1067
BLOCK13/SES132/SA132S24	SES083	-2.24487	-48.3515	-46.1067
BLOCK13/SES132/SA132S24	SES127	-1.93235	-48.039	-46.1067
BLOCK13/SES132/SA132S24	SES275	-0.900219	-47.0069	-46.1067
BLOCK13/SES132/SA132S27	SES083	-2.29286	-49.2089	-46.916
BLOCK13/SES132/SA132S27	SES120	-0.54446	-47.4605	-46.916
BLOCK13/SES132/SA132S27	SES127	-2.44348	-49.3595	-46.916
BLOCK13/SES132/SA132S27	SES275	-1.97256	-48.8886	-46.916
BLOCK14/SES141/SA141S09	SES143	-1.13779	-48.253	-47.1152
BLOCK14/SES141/SA141S09	SES144	-0.865471	-47.9806	-47.1152
BLOCK14/SES141/SA141S09	SES162	-1.3663	-48.4815	-47.1152
BLOCK14/SES141/SA141S09	SES180	-1.2171	-48.3323	-47.1152
BLOCK14/SES141/SA141S15	SES127	-1.45861	-48.2627	-46.8041
BLOCK14/SES141/SA141S15	SES144	-1.3198	-48.1239	-46.8041
BLOCK14/SES141/SA141S15	SES162	-1.54368	-48.3478	-46.8041
BLOCK14/SES141/SA141S15	SES180	-0.964691	-47.7688	-46.8041
BLOCK14/SES141/SA141S24	SES127	-0.931541	-47.4235	-46.492
BLOCK14/SES141/SA141S24	SES144	-1.2551	-47.7471	-46.492
BLOCK14/SES141/SA141S24	SES162	-1.08221	-47.5742	-46.492
BLOCK14/SES141/SA141S24	SES183	-2.23699	-48.729	-46.492
BLOCK14/SES141/SA141S26	SES142	-1.13015	-48.6543	-47.5241
BLOCK14/SES141/SA141S26	SES144	-1.38054	-48.9047	-47.5241
BLOCK14/SES141/SA141S26	SES172	-1.70274	-49.2269	-47.5241
BLOCK14/SES141/SA141S26	SES180	-0.925259	-48.4494	-47.5241
BLOCK14/SES141/SA141S29	SES127	-0.602924	-47.144	-46.5411
BLOCK14/SES141/SA141S29	SES142	-0.570957	-47.112	-46.5411
BLOCK14/SES141/SA141S29	SES144	-1.0915	-47.6326	-46.5411
BLOCK14/SES141/SA141S29	SES180	-0.89653	-47.4376	-46.5411
BLOCK15/SES157/SA157S08	SES083	-3.14819	-50.4005	-47.2523
BLOCK15/SES157/SA157S08	SES127	-1.94268	-49.195	-47.2523
BLOCK15/SES157/SA157S08	SES148	-1.30144	-48.5538	-47.2523
BLOCK15/SES157/SA157S08	SES292	-2.7171	-49.9694	-47.2523
BLOCK15/SES157/SA157S11	SES083	-2.65151	-49.6915	-47.04
BLOCK15/SES157/SA157S11	SES127	-1.84873	-48.8887	-47.04
BLOCK15/SES157/SA157S11	SES148	-1.5687	-48.6087	-47.04
BLOCK15/SES157/SA157S11	SES292	-2.21899	-49.259	-47.04
BLOCK15/SES157/SA157S21	SES127	-1.54975	-48.2174	-46.6677
BLOCK15/SES157/SA157S21	SES148	-0.947445	-47.6151	-46.6677
BLOCK15/SES157/SA157S21	SES158	-4.58537	-51.2531	-46.6677
BLOCK15/SES157/SA157S21	SES292	-1.43773	-48.1054	-46.6677
BLOCK15/SES157/SA157S24	SES127	-1.37742	-48.2304	-46.853
BLOCK15/SES157/SA157S24	SES148	-1.34724	-48.2002	-46.853
BLOCK15/SES157/SA157S24	SES183	-1.95959	-48.8126	-46.853
BLOCK15/SES157/SA157S24	SES292	-2.42248	-49.2755	-46.853
BLOCK15/SES157/SA157S26	SES007	-1.10171	-47.5734	-46.4717
BLOCK15/SES157/SA157S26	SES127	-0.99778	-47.4695	-46.4717
BLOCK15/SES157/SA157S26	SES147	-3.44456	-49.9163	-46.4717
BLOCK15/SES157/SA157S26	SES148	-1.54311	-48.0148	-46.4717
BLOCK16/SES161/SA161S10	SES007	-2.14006	-50.6455	-48.5054
BLOCK16/SES161/SA161S10	SES105	-1.59496	-50.1004	-48.5054
BLOCK16/SES161/SA161S10	SES158	-1.67537	-50.1808	-48.5054
BLOCK16/SES161/SA161S10	SES275	-2.06365	-50.5691	-48.5054
BLOCK16/SES161/SA161S12	SES007	-1.33759	-49.3418	-48.0042
BLOCK16/SES161/SA161S12	SES105	-1.91038	-49.9146	-48.0042
BLOCK16/SES161/SA161S12	SES158	-1.20127	-49.2055	-48.0042
BLOCK16/SES161/SA161S12	SES275	-1.66093	-49.6651	-48.0042
BLOCK16/SES161/SA161S20	SES007	-1.97235	-51.2764	-49.304
BLOCK16/SES161/SA161S20	SES105	-2.34471	-51.6488	-49.304
BLOCK16/SES161/SA161S20	SES158	-1.88403	-51.1881	-49.304
BLOCK16/SES161/SA161S20	SES275	-2.73494	-52.039	-49.304
BLOCK16/SES161/SA161S23	SES007	-1.97088	-49.651	-47.6801
BLOCK16/SES161/SA161S23	SES105	-1.23637	-48.9165	-47.6801
BLOCK16/SES161/SA161S23	SES148	-1.66911	-49.3492	-47.6801
BLOCK16/SES161/SA161S23	SES158	-1.069	-48.7491	-47.6801
BLOCK16/SES161/SA161S28	SES007	-2.53506	-50.7424	-48.2073
BLOCK16/SES161/SA161S28	SES105	-2.39801	-50.6053	-48.2073
BLOCK16/SES161/SA161S28	SES158	-1.0321	-49.2394	-48.2073
BLOCK16/SES161/SA161S28	SES206	-1.55532	-49.7627	-48.2073
BLOCK16/SES164/SA164S11	SES104	-1.12923	-47.9726	-46.8434
BLOCK16/SES164/SA164S11	SES125	-0.819908	-47.6633	-46.8434
BLOCK16/SES164/SA164S11	SES158	-0.0862007	-46.9296	-46.8434
BLOCK16/SES164/SA164S11	SES206	-1.38579	-48.2291	-46.8434
BLOCK16/SES164/SA164S13	SES099	-0.726524	-48.6161	-47.8896
BLOCK16/SES164/SA164S13	SES104	-1.13972	-49.0293	-47.8896
BLOCK16/SES164/SA164S13	SES125	-2.13063	-50.0202	-47.8896
BLOCK16/SES164/SA164S13	SES206	-1.6176	-49.5072	-47.8896
BLOCK16/SES164/SA164S24	SES002	-0.125774	-47.4929	-47.3672
BLOCK16/SES164/SA164S24	SES099	-0.818016	-48.1852	-47.3672
BLOCK16/SES164/SA164S24	SES125	-1.87861	-49.2458	-47.3672
BLOCK16/SES164/SA164S24	SES226	-0.19157	-47.5587	-47.3672
BLOCK16/SES164/SA164S27	SES087	-2.45426	-50.0774	-47.6232
BLOCK16/SES164/SA164S27	SES125	-1.756	-49.3792	-47.6232
BLOCK16/SES164/SA164S27	SES206	-1.67707	-49.3003	-47.6232
BLOCK16/SES164/SA164S27	SES226	-0.57959	-48.2028	-47.6232
BLOCK16/SES164/SA164S29	SES002	-0.040123	-47.2633	-47.2232
BLOCK16/SES164/SA164S29	SES019	-0.952011	-48.1752	-47.2232
BLOCK16/SES164/SA164S29	SES125	-1.39806	-48.6212	-47.2232
BLOCK16/SES164/SA164S29	SES226	-0.813225	-48.0364	-47.2232
BLOCK16/SES169/SA169S13	SES117	-1.14584	-48.4282	-47.2824
BLOCK16/SES169/SA169S13	SES144	-1.18966	-48.4721	-47.2824
BLOCK16/SES169/SA169S13	SES146	-1.57486	-48.8573	-47.2824
BLOCK16/SES169/SA169S13	SES162	-1.48694	-48.7693	-47.2824
BLOCK16/SES169/SA169S14	SES144	-0.941532	-47.095	-46.1535
BLOCK16/SES169/SA169S14	SES148	-0.773155	-46.9267	-46.1535
BLOCK16/SES169/SA169S14	SES177	-1.43493	-47.5884	-46.1535
BLOCK16/SES169/SA169S14	SES180	-2.22734	-48.3808	-46.1535
BLOCK16/SES169/SA169S24	SES117	-0.928005	-48.8424	-47.9144
BLOCK16/SES169/SA169S24	SES144	-0.983345	-48.8978	-47.9144
BLOCK16/SES169/SA169S24	SES146	-1.64327	-49.5577	-47.9144
BLOCK16/SES169/SA169S24	SES162	-1.38501	-49.2994	-47.9144
BLOCK16/SES169/SA169S27	SES127	-1.41383	-48.6374	-47.2235
BLOCK16/SES169/SA169S27	SES129	-1.57292	-48.7964	-47.2235
BLOCK16/SES169/SA169S27	SES144	-1.57566	-48.7992	-47.2235
BLOCK16/SES169/SA169S27	SES146	-1.01879	-48.2423	-47.2235
BLOCK16/SES169/SA169S29	SES144	-0.370308	-46.8346	-46.4643
BLOCK16/SES169/SA169S29	SES162	-0.613014	-47.0773	-46.4643
BLOCK16/SES169/SA169S29	SES177	-1.6652	-48.1295	-46.4643
BLOCK16/SES169/SA169S29	SES180	-0.882328	-47.3467	-46.4643
BLOCK17/SES171/SA171S12	SES083	-1.75518	-49.5011	-47.7459
BLOCK17/SES171/SA171S12	SES148	-1.62996	-49.3759	-47.7459
BLOCK17/SES171/SA171S12	SES172	-1.69641	-49.4423	-47.7459
BLOCK17/SES171/SA171S12	SES292	-2.71508	-50.461	-47.7459
BLOCK17/SES171/SA171S15	SES148	-1.65877	-49.9281	-48.2693
BLOCK17/SES171/SA171S15	SES177	-1.28736	-49.5567	-48.2693
BLOCK17/SES171/SA171S15	SES180	-3.54571	-51.8151	-48.2693
BLOCK17/SES171/SA171S15	SES292	-4.19865	-52.468	-48.2693
BLOCK17/SES171/SA171S22	SES007	-1.82104	-48.7844	-46.9634
BLOCK17/SES171/SA171S22	SES148	-1.15618	-48.1196	-46.9634
BLOCK17/SES171/SA171S22	SES177	-0.526318	-47.4897	-46.9634
BLOCK17/SES171/SA171S22	SES180	-1.94463	-48.908	-46.9634
BLOCK17/SES171/SA171S25	SES101	-3.30507	-51.2781	-47.973
BLOCK17/SES171/SA171S25	SES120	-3.01675	-50.9898	-47.973
BLOCK17/SES171/SA171S25	SES177	-1.3278	-49.3008	-47.973
BLOCK17/SES171/SA171S25	SES180	-3.0604	-51.0334	-47.973
BLOCK17/SES171/SA171S27	SES177	-1.00347	-48.2853	-47.2818
BLOCK17/SES171/SA171S27	SES180	-2.95295	-50.2347	-47.2818
BLOCK17/SES171/SA171S27	SES189	-1.23293	-48.5147	-47.2818
BLOCK17/SES171/SA171S27	SES292	-3.10158	-50.3834	-47.2818
BLOCK17/SES173/SA173S13	SES162	-2.15944	-50.5843	-48.4249
BLOCK17/SES173/SA173S13	SES177	-2.11779	-50.5427	-48.4249
BLOCK17/SES173/SA173S13	SES180	-2.84566	-51.2705	-48.4249
BLOCK17/SES173/SA173S13	SES292	-2.59953	-51.0244	-48.4249
BLOCK17/SES173/SA173S14	SES007	-4.6223	-53.3371	-48.7148
BLOCK17/SES173/SA173S14	SES162	-2.27557	-50.9904	-48.7148
BLOCK17/SES173/SA173S14	SES177	-1.25109	-49.9659	-48.7148
BLOCK17/SES173/SA173S14	SES180	-2.76192	-51.4767	-48.7148
BLOCK17/SES173/SA173S24	SES144	-1.68935	-50.93	-49.2406
BLOCK17/SES173/SA173S24	SES162	-3.03957	-52.2802	-49.2406
BLOCK17/SES173/SA173S24	SES177	-1.55406	-50.7947	-49.2406
BLOCK17/SES173/SA173S24	SES180	-3.30832	-52.5489	-49.2406
BLOCK17/SES173/SA173S27	SES162	-2.90168	-51.289	-48.3873
BLOCK17/SES173/SA173S27	SES177	-1.60055	-49.9878	-48.3873
BLOCK17/SES173/SA173S27	SES180	-2.54742	-50.9347	-48.3873
BLOCK17/SES173/SA173S27	SES292	-3.49701	-51.8843	-48.3873
BLOCK17/SES173/SA173S29	SES162	-2.57944	-50.9863	-48.4069
BLOCK17/SES173/SA173S29	SES175	-1.38077	-49.7876	-48.4069
BLOCK17/SES173/SA173S29	SES177	-1.3875	-49.7944	-48.4069
BLOCK17/SES173/SA173S29	SES292	-3.96719	-52.3741	-48.4069
BLOCK18/SES182/SA182S10	SES144	-1.38446	-48.3335	-46.9491
BLOCK18/SES182/SA182S10	SES177	-0.97369	-47.9228	-46.9491
BLOCK18/SES182/SA182S10	SES180	-1.85553	-48.8046	-46.9491
BLOCK18/SES182/SA182S10	SES275	-0.833885	-47.783	-46.9491
BLOCK18/SES182/SA182S12	SES144	-0.795067	-47.5575	-46.7624
BLOCK18/SES182/SA182S12	SES177	-0.879459	-47.6419	-46.7624
BLOCK18/SES182/SA182S12	SES180	-1.40959	-48.172	-46.7624
BLOCK18/SES182/SA182S12	SES275	-0.83345	-47.5959	-46.7624
BLOCK18/SES182/SA182S21	SES117	-1.57672	-49.2483	-47.6716
BLOCK18/SES182/SA182S21	SES144	-1.27708	-48.9487	-47.6716
BLOCK18/SES182/SA182S21	SES162	-1.17789	-48.8495	-47.6716
BLOCK18/SES182/SA182S21	SES180	-1.72562	-49.3972	-47.6716
BLOCK18/SES182/SA182S23	SES117	-1.49669	-49.0856	-47.5889
BLOCK18/SES182/SA182S23	SES144	-1.37576	-48.9646	-47.5889
BLOCK18/SES182/SA182S23	SES180	-2.25844	-49.8473	-47.5889
BLOCK18/SES182/SA182S23	SES275	-0.792423	-48.3813	-47.5889
BLOCK18/SES182/SA182S25	SES007	-0.635948	-47.8501	-47.2141
BLOCK18/SES182/SA182S25	SES162	-0.936279	-48.1504	-47.2141
BLOCK18/SES182/SA182S25	SES177	-0.81459	-48.0287	-47.2141
BLOCK18/SES182/SA182S25	SES180	-1.38927	-48.6034	-47.2141
BLOCK18/SES184/SA184S12	SES177	-2.00745	-49.1781	-47.1706
BLOCK18/SES184/SA184S12	SES180	-1.29247	-48.4631	-47.1706
BLOCK18/SES184/SA184S12	SES189	-2.12158	-49.2922	-47.1706
BLOCK18/SES184/SA184S12	SES292	-2.01212	-49.1827	-47.1706
BLOCK18/SES184/SA184S13	SES101	-2.23613	-49.2139	-46.9778
BLOCK18/SES184/SA184S13	SES177	-1.36965	-48.3475	-46.9778
BLOCK18/SES184/SA184S13	SES180	-1.58139	-48.5592	-46.9778
BLOCK18/SES184/SA184S13	SES292	-2.00959	-48.9874	-46.9778
BLOCK18/SES184/SA184S22	SES177	-1.58478	-47.7912	-46.2064
BLOCK18/SES184/SA184S22	SES180	-1.48536	-47.6918	-46.2064
BLOCK18/SES184/SA184S22	SES189	-2.75505	-48.9615	-46.2064
BLOCK18/SES184/SA184S22	SES292	-2.18267	-48.3891	-46.2064
BLOCK18/SES184/SA184S25	SES101	-1.36873	-47.1382	-45.7695
BLOCK18/SES184/SA184S25	SES177	-2.09837	-47.8679	-45.7695
BLOCK18/SES184/SA184S25	SES180	-1.50508	-47.2746	-45.7695
BLOCK18/SES184/SA184S25	SES292	-1.35382	-47.1233	-45.7695
BLOCK18/SES184/SA184S27	SES083	-1.84379	-48.7135	-46.8698
BLOCK18/SES184/SA184S27	SES177	-1.14573	-48.0155	-46.8698
BLOCK18/SES184/SA184S27	SES202	-2.11869	-48.9885	-46.8698
BLOCK18/SES184/SA184S27	SES292	-1.95042	-48.8202	-46.8698
BLOCK20/SES204/SA204S12	SES062	-1.96057	-48.4075	-46.4469
BLOCK20/SES204/SA204S12	SES083	-2.58677	-49.0337	-46.4469
BLOCK20/SES204/SA204S12	SES206	-0.780914	-47.2278	-46.4469
BLOCK20/SES204/SA204S12	SES226	-2.06021	-48.5071	-46.4469
BLOCK20/SES204/SA204S14	SES068	-2.27505	-47.9525	-45.6775
BLOCK20/SES204/SA204S14	SES087	-0.537315	-46.2148	-45.6775
BLOCK20/SES204/SA204S14	SES206	-1.2026	-46.8801	-45.6775
BLOCK20/SES204/SA204S14	SES226	-1.8196	-47.4971	-45.6775
BLOCK20/SES204/SA204S22	SES068	-3.17199	-49.6423	-46.4703
BLOCK20/SES204/SA204S22	SES082	-2.99271	-49.463	-46.4703
BLOCK20/SES204/SA204S22	SES083	-3.25065	-49.721	-46.4703
BLOCK20/SES204/SA204S22	SES206	-1.32713	-47.7975	-46.4703
BLOCK20/SES204/SA204S25	SES062	-2.36549	-49.0708	-46.7053
BLOCK20/SES204/SA204S25	SES083	-3.00547	-49.7107	-46.7053
BLOCK20/SES204/SA204S25	SES206	-0.591347	-47.2966	-46.7053
BLOCK20/SES204/SA204S25	SES226	-1.92163	-48.6269	-46.7053
BLOCK20/SES204/SA204S27	SES068	-3.47256	-50.2478	-46.7752
BLOCK20/SES204/SA204S27	SES082	-2.02938	-48.8046	-46.7752
BLOCK20/SES204/SA204S27	SES087	-0.666218	-47.4414	-46.7752
BLOCK20/SES204/SA204S27	SES206	-1.09557	-47.8708	-46.7752
BLOCK20/SES207/SA207S10	SES127	-1.41076	-48.7053	-47.2945
BLOCK20/SES207/SA207S10	SES183	-2.12955	-49.4241	-47.2945
BLOCK20/SES207/SA207S10	SES189	-1.88279	-49.1773	-47.2945
BLOCK20/SES207/SA207S10	SES292	-2.37001	-49.6645	-47.2945
BLOCK20/SES207/SA207S11	SES127	-2.67407	-49.9931	-47.3191
BLOCK20/SES207/SA207S11	SES183	-2.11222	-49.4313	-47.3191
BLOCK20/SES207/SA207S11	SES187	-0.794682	-48.1137	-47.3191
BLOCK20/SES207/SA207S11	SES292	-2.14198	-49.461	-47.3191
BLOCK20/SES207/SA207S25	SES068	-1.63187	-48.8297	-47.1979
BLOCK20/SES207/SA207S25	SES083	-2.4531	-49.651	-47.1979
BLOCK20/SES207/SA207S25	SES127	-1.12523	-48.3231	-47.1979
BLOCK20/SES207/SA207S25	SES187	-0.600986	-47.7988	-47.1979
BLOCK20/SES207/SA207S27	SES127	-2.26202	-50.0734	-47.8114
BLOCK20/SES207/SA207S27	SES183	-1.5406	-49.352	-47.8114
BLOCK20/SES207/SA207S27	SES187	-1.21338	-49.0247	-47.8114
BLOCK20/SES207/SA207S27	SES292	-2.3033	-50.1147	-47.8114
BLOCK20/SES207/SA207S29	SES083	-2.43787	-49.5164	-47.0785
BLOCK20/SES207/SA207S29	SES085	-1.18824	-48.2668	-47.0785
BLOCK20/SES207/SA207S29	SES172	-2.41515	-49.4937	-47.0785
BLOCK20/SES207/SA207S29	SES189	-2.37356	-49.4521	-47.0785
BLOCK22/SES221/SA221S12	SES068	-1.4791	-48.532	-47.0529
BLOCK22/SES221/SA221S12	SES143	-2.33748	-49.3904	-47.0529
BLOCK22/SES221/SA221S12	SES175	-0.86153	-47.9144	-47.0529
BLOCK22/SES221/SA221S12	SES202	-0.812897	-47.8658	-47.0529
BLOCK22/SES221/SA221S15	SES085	-2.46751	-50.7061	-48.2385
BLOCK22/SES221/SA221S15	SES143	-3.84178	-52.0803	-48.2385
BLOCK22/SES221/SA221S15	SES175	-1.4004	-49.6389	-48.2385
BLOCK22/SES221/SA221S15	SES187	-1.50053	-49.7391	-48.2385
BLOCK22/SES221/SA221S23	SES068	-2.4962	-49.8254	-47.3292
BLOCK22/SES221/SA221S23	SES143	-2.7928	-50.122	-47.3292
BLOCK22/SES221/SA221S23	SES175	-1.05733	-48.3866	-47.3292
BLOCK22/SES221/SA221S23	SES189	-0.32534	-47.6546	-47.3292
BLOCK22/SES221/SA221S27	SES085	-2.94382	-50.2582	-47.3144
BLOCK22/SES221/SA221S27	SES143	-2.62426	-49.9386	-47.3144
BLOCK22/SES221/SA221S27	SES175	-0.827721	-48.1421	-47.3144
BLOCK22/SES221/SA221S27	SES189	0.498989	-46.8154	-47.3144
BLOCK22/SES221/SA221S29	SES085	-3.39999	-51.6684	-48.2684
BLOCK22/SES221/SA221S29	SES143	-2.77168	-51.0401	-48.2684
BLOCK22/SES221/SA221S29	SES175	-1.02821	-49.2966	-48.2684
BLOCK22/SES221/SA221S29	SES187	-1.20979	-49.4782	-48.2684
BLOCK22/SES223/SA223S11	SES143	-1.47039	-49.4078	-47.9374
BLOCK22/SES223/SA223S11	SES144	-2.33649	-50.2739	-47.9374
BLOCK22/SES223/SA223S11	SES175	-1.11141	-49.0488	-47.9374
BLOCK22/SES223/SA223S11	SES187	-1.87812	-49.8155	-47.9374
BLOCK22/SES223/SA223S13	SES068	-1.43199	-50.4279	-48.9959
BLOCK22/SES223/SA223S13	SES143	-2.47821	-51.4741	-48.9959
BLOCK22/SES223/SA223S13	SES146	-3.2137	-52.2096	-48.9959
BLOCK22/SES223/SA223S13	SES202	-1.86096	-50.8569	-48.9959
BLOCK22/SES223/SA223S22	SES143	-1.93946	-49.8558	-47.9164
BLOCK22/SES223/SA223S22	SES144	-1.9422	-49.8586	-47.9164
BLOCK22/SES223/SA223S22	SES175	-1.37396	-49.2903	-47.9164
BLOCK22/SES223/SA223S22	SES187	-1.37878	-49.2951	-47.9164
BLOCK22/SES223/SA223S25	SES068	-1.66404	-49.8659	-48.2018
BLOCK22/SES223/SA223S25	SES143	-1.89936	-50.1012	-48.2018
BLOCK22/SES223/SA223S25	SES175	-0.951424	-49.1532	-48.2018
BLOCK22/SES223/SA223S25	SES187	-1.64561	-49.8474	-48.2018
BLOCK22/SES223/SA223S27	SES143	-1.44806	-49.665	-48.217
BLOCK22/SES223/SA223S27	SES146	-1.62251	-49.8395	-48.217
BLOCK22/SES223/SA223S27	SES187	-1.54205	-49.759	-48.217
BLOCK22/SES223/SA223S27	SES292	-2.98698	-51.204	-48.217
BLOCK27/SES273/SA273S12	SES099	-0.244751	-45.8825	-45.6378
BLOCK27/SES273/SA273S12	SES104	-0.393749	-46.0315	-45.6378
BLOCK27/SES273/SA273S12	SES125	-1.02998	-46.6677	-45.6378
BLOCK27/SES273/SA273S12	SES206	-0.208759	-45.8465	-45.6378
BLOCK27/SES273/SA273S13	SES099	-0.589153	-45.998	-45.4088
BLOCK27/SES273/SA273S13	SES104	-0.919693	-46.3285	-45.4088
BLOCK27/SES273/SA273S13	SES206	-0.914417	-46.3233	-45.4088
BLOCK27/SES273/SA273S13	SES292	-3.33891	-48.7477	-45.4088
BLOCK27/SES273/SA273S21	SES099	0.0691376	-46.0703	-46.1394
BLOCK27/SES273/SA273S21	SES148	-2.9993	-49.1387	-46.1394
BLOCK27/SES273/SA273S21	SES149	-1.00349	-47.1429	-46.1394
BLOCK27/SES273/SA273S21	SES177	-3.84703	-49.9864	-46.1394
BLOCK27/SES273/SA273S25	SES104	-1.08675	-47.08	-45.9933
BLOCK27/SES273/SA273S25	SES125	-1.70085	-47.6941	-45.9933
BLOCK27/SES273/SA273S25	SES158	-0.658833	-46.6521	-45.9933
BLOCK27/SES273/SA273S25	SES206	-0.240589	-46.2339	-45.9933
BLOCK27/SES273/SA273S27	SES099	-0.440567	-46.0821	-45.6416
BLOCK27/SES273/SA273S27	SES104	-0.733974	-46.3755	-45.6416
BLOCK27/SES273/SA273S27	SES149	-0.870373	-46.5119	-45.6416
BLOCK27/SES273/SA273S27	SES275	-2.01423	-47.6558	-45.6416
BLOCK27/SES274/SA274S10	SES105	-1.55164	-47.4983	-45.9466
BLOCK27/SES274/SA274S10	SES125	-0.513279	-46.4599	-45.9466
BLOCK27/SES274/SA274S10	SES129	-0.774765	-46.7214	-45.9466
BLOCK27/SES274/SA274S10	SES158	-1.19286	-47.1395	-45.9466
BLOCK27/SES274/SA274S11	SES105	-1.65012	-47.7927	-46.1426
BLOCK27/SES274/SA274S11	SES149	-1.01537	-47.1579	-46.1426
BLOCK27/SES274/SA274S11	SES158	-1.08103	-47.2236	-46.1426
BLOCK27/SES274/SA274S11	SES275	-1.59764	-47.7402	-46.1426
BLOCK27/SES274/SA274S21	SES105	-1.3668	-47.7116	-46.3448
BLOCK27/SES274/SA274S21	SES129	-1.381	-47.7258	-46.3448
BLOCK27/SES274/SA274S21	SES149	-0.756046	-47.1008	-46.3448
BLOCK27/SES274/SA274S21	SES158	-2.16776	-48.5125	-46.3448
BLOCK27/SES274/SA274S24	SES105	-1.9034	-48.4653	-46.5619
BLOCK27/SES274/SA274S24	SES129	-1.87335	-48.4352	-46.5619
BLOCK27/SES274/SA274S24	SES149	-0.712143	-47.274	-46.5619
BLOCK27/SES274/SA274S24	SES158	-1.89142	-48.4533	-46.5619
BLOCK27/SES274/SA274S29	SES105	-1.96305	-48.2306	-46.2675
BLOCK27/SES274/SA274S29	SES106	-1.75214	-48.0197	-46.2675
BLOCK27/SES274/SA274S29	SES120	-2.25182	-48.5194	-46.2675
BLOCK27/SES274/SA274S29	SES275	-1.69799	-47.9655	-46.2675
BLOCK27/SES276/SA276S16	SES148	-1.35698	-48.5849	-47.2279
BLOCK27/SES276/SA276S16	SES172	-1.51136	-48.7392	-47.2279
BLOCK27/SES276/SA276S16	SES180	-2.48698	-49.7149	-47.2279
BLOCK27/SES276/SA276S16	SES292	-1.39351	-48.6214	-47.2279
BLOCK27/SES276/SA276S17	SES101	-1.76517	-48.7419	-46.9767
BLOCK27/SES276/SA276S17	SES177	-1.84803	-48.8248	-46.9767
BLOCK27/SES276/SA276S17	SES180	-1.52667	-48.5034	-46.9767
BLOCK27/SES276/SA276S17	SES292	-1.92694	-48.9037	-46.9767
BLOCK27/SES276/SA276S24	SES101	-1.26702	-47.2339	-45.9669
BLOCK27/SES276/SA276S24	SES177	-1.67762	-47.6445	-45.9669
BLOCK27/SES276/SA276S24	SES180	-1.76315	-47.7301	-45.9669
BLOCK27/SES276/SA276S24	SES292	-2.54567	-48.5126	-45.9669
BLOCK27/SES276/SA276S26	SES101	-2.56231	-49.0364	-46.4741
BLOCK27/SES276/SA276S26	SES177	-0.956032	-47.4301	-46.4741
BLOCK27/SES276/SA276S26	SES180	-1.23669	-47.7108	-46.4741
BLOCK27/SES276/SA276S26	SES292	-1.19799	-47.6721	-46.4741
BLOCK27/SES276/SA276S28	SES101	-2.18264	-48.7845	-46.6019
BLOCK27/SES276/SA276S28	SES177	-1.69659	-48.2985	-46.6019
BLOCK27/SES276/SA276S28	SES180	-1.24236	-47.8442	-46.6019
BLOCK27/SES276/SA276S28	SES292	-2.17612	-48.778	-46.6019
BLOCK27/SES277/SA277S12	SES101	-0.888222	-48.3568	-47.4686
BLOCK27/SES277/SA277S12	SES177	-1.97635	-49.4449	-47.4686
BLOCK27/SES277/SA277S12	SES180	-2.40117	-49.8697	-47.4686
BLOCK27/SES277/SA277S12	SES292	-3.00479	-50.4734	-47.4686
BLOCK27/SES277/SA277S14	SES177	-1.16719	-49.1372	-47.97
BLOCK27/SES277/SA277S14	SES180	-2.48675	-50.4567	-47.97
BLOCK27/SES277/SA277S14	SES189	-0.875603	-48.8456	-47.97
BLOCK27/SES277/SA277S14	SES292	-3.24506	-51.215	-47.97
BLOCK27/SES277/SA277S21	SES177	-0.930855	-47.7803	-46.8494
BLOCK27/SES277/SA277S21	SES180	-2.92266	-49.7721	-46.8494
BLOCK27/SES277/SA277S21	SES189	-1.03531	-47.8847	-46.8494
BLOCK27/SES277/SA277S21	SES292	-3.46639	-50.3158	-46.8494
BLOCK27/SES277/SA277S24	SES144	-1.74	-49.7055	-47.9655
BLOCK27/SES277/SA277S24	SES177	-1.24408	-49.2095	-47.9655
BLOCK27/SES277/SA277S24	SES180	-2.82153	-50.787	-47.9655
BLOCK27/SES277/SA277S24	SES189	-1.38684	-49.3523	-47.9655
BLOCK27/SES277/SA277S29	SES177	-1.2344	-46.9647	-45.7303
BLOCK27/SES277/SA277S29	SES180	-1.53022	-47.2606	-45.7303
BLOCK27/SES277/SA277S29	SES202	-1.6647	-47.395	-45.7303
BLOCK27/SES277/SA277S29	SES292	-2.81395	-48.5443	-45.7303
BLOCK27/SES279/SA279S09	SES120	-1.64008	-48.114	-46.474
BLOCK27/SES279/SA279S09	SES146	-1.56292	-48.0369	-46.474
BLOCK27/SES279/SA279S09	SES206	-2.31512	-48.7891	-46.474
BLOCK27/SES279/SA279S09	SES226	-2.43649	-48.9105	-46.474
BLOCK27/SES279/SA279S10	SES099	-1.45109	-47.9685	-46.5174
BLOCK27/SES279/SA279S10	SES206	-1.38974	-47.9072	-46.5174
BLOCK27/SES279/SA279S10	SES226	-1.94422	-48.4617	-46.5174
BLOCK27/SES279/SA279S10	SES292	-1.34746	-47.8649	-46.5174
BLOCK27/SES279/SA279S20	SES099	-2.73953	-49.716	-46.9765
BLOCK27/SES279/SA279S20	SES206	-1.41802	-48.3945	-46.9765
BLOCK27/SES279/SA279S20	SES226	-2.521	-49.4975	-46.9765
BLOCK27/SES279/SA279S20	SES292	-1.21476	-48.1913	-46.9765
BLOCK27/SES279/SA279S26	SES099	-1.93721	-48.7141	-46.7769
BLOCK27/SES279/SA279S26	SES206	-1.15449	-47.9314	-46.7769
BLOCK27/SES279/SA279S26	SES226	-1.86058	-48.6375	-46.7769
BLOCK27/SES279/SA279S26	SES292	-1.96344	-48.7404	-46.7769
BLOCK27/SES279/SA279S28	SES099	-2.61057	-47.9134	-45.3028
BLOCK27/SES279/SA279S28	SES120	-1.37404	-46.6769	-45.3028
BLOCK27/SES279/SA279S28	SES177	-2.49086	-47.7937	-45.3028
BLOCK27/SES279/SA279S28	SES206	-2.43761	-47.7404	-45.3028
BLOCK29/SES290/SA290S12	SES162	-2.28074	-48.3668	-46.0861
BLOCK29/SES290/SA290S12	SES177	-1.64103	-47.7271	-46.0861
BLOCK29/SES290/SA290S12	SES180	-2.72691	-48.813	-46.0861
BLOCK29/SES290/SA290S12	SES292	-3.24387	-49.33	-46.0861
BLOCK29/SES290/SA290S13	SES007	-2.72476	-49.8843	-47.1595
BLOCK29/SES290/SA290S13	SES162	-2.27341	-49.4329	-47.1595
BLOCK29/SES290/SA290S13	SES177	-1.11151	-48.271	-47.1595
BLOCK29/SES290/SA290S13	SES180	-1.88391	-49.0434	-47.1595
BLOCK29/SES290/SA290S22	SES177	-1.18137	-47.6629	-46.4815
BLOCK29/SES290/SA290S22	SES180	-1.57874	-48.0603	-46.4815
BLOCK29/SES290/SA290S22	SES202	-1.5816	-48.0631	-46.4815
BLOCK29/SES290/SA290S22	SES292	-2.76554	-49.2471	-46.4815
BLOCK29/SES290/SA290S25	SES162	-1.6137	-47.9841	-46.3704
BLOCK29/SES290/SA290S25	SES177	-1.11287	-47.4833	-46.3704
BLOCK29/SES290/SA290S25	SES180	-1.52083	-47.8912	-46.3704
BLOCK29/SES290/SA290S25	SES292	-2.14248	-48.5129	-46.3704
BLOCK29/SES290/SA290S29	SES177	-0.543076	-46.7703	-46.2272
BLOCK29/SES290/SA290S29	SES180	-1.08558	-47.3128	-46.2272
BLOCK29/SES290/SA290S29	SES275	-2.02474	-48.2519	-46.2272
BLOCK29/SES290/SA290S29	SES292	-2.03021	-48.2574	-46.2272
BLOCK29/SES291/SA291S11	SES105	-3.47693	-50.6904	-47.2135
BLOCK29/SES291/SA291S11	SES125	-1.21959	-48.4331	-47.2135
BLOCK29/SES291/SA291S11	SES158	-1.28452	-48.498	-47.2135
BLOCK29/SES291/SA291S11	SES275	-4.27639	-51.4899	-47.2135
BLOCK29/SES291/SA291S12	SES158	-0.378555	-47.228	-46.8495
BLOCK29/SES291/SA291S12	SES226	-1.20863	-48.0581	-46.8495
BLOCK29/SES291/SA291S12	SES270	0.0802422	-46.7692	-46.8495
BLOCK29/SES291/SA291S12	SES275	-4.56623	-51.4157	-46.8495
BLOCK29/SES291/SA291S22	SES082	-0.992474	-47.7721	-46.7796
BLOCK29/SES291/SA291S22	SES158	-1.06279	-47.8424	-46.7796
BLOCK29/SES291/SA291S22	SES259	-1.23804	-48.0177	-46.7796
BLOCK29/SES291/SA291S22	SES275	-3.5654	-50.345	-46.7796
BLOCK29/SES291/SA291S24	SES104	-0.305798	-46.0022	-45.6964
BLOCK29/SES291/SA291S24	SES125	-0.386631	-46.0831	-45.6964
BLOCK29/SES291/SA291S24	SES158	-0.777637	-46.4741	-45.6964
BLOCK29/SES291/SA291S24	SES275	-4.18898	-49.8854	-45.6964
BLOCK29/SES291/SA291S27	SES158	-0.268349	-46.1296	-45.8613
BLOCK29/SES291/SA291S27	SES172	-4.75858	-50.6199	-45.8613
BLOCK29/SES291/SA291S27	SES275	-4.36118	-50.2225	-45.8613
BLOCK29/SES291/SA291S27	SES292	-3.90578	-49.7671	-45.8613
