BLOCK00/SES002/SA002S12	SES002	1.03474	-42.6631	-43.6978
BLOCK00/SES002/SA002S13	SES002	1.71236	-42.7648	-44.4771
BLOCK00/SES002/SA002S23	SES002	1.16691	-42.2713	-43.4382
BLOCK00/SES002/SA002S26	SES002	1.57072	-42.1095	-43.6802
BLOCK00/SES002/SA002S28	SES002	0.55846	-42.8933	-43.4518
BLOCK00/SES007/SA007S14	SES007	0.962055	-41.5972	-42.5592
BLOCK00/SES007/SA007S15	SES007	0.503685	-43.2454	-43.749
BLOCK00/SES007/SA007S24	SES007	0.672718	-42.9659	-43.6386
BLOCK00/SES007/SA007S27	SES007	0.224159	-44.4367	-44.6608
BLOCK00/SES007/SA007S29	SES007	0.0800629	-43.1938	-43.2739
BLOCK00/SES008/SA008S11	SES008	1.15746	-43.7333	-44.8907
BLOCK00/SES008/SA008S12	SES008	0.0733223	-44.8764	-44.9497
BLOCK00/SES008/SA008S19	SES008	1.64296	-43.0371	-44.68
BLOCK00/SES008/SA008S22	SES008	0.653469	-44.233	-44.8865
BLOCK00/SES008/SA008S29	SES008	1.18924	-43.1603	-44.3496
BLOCK01/SES014/SA014S10	SES014	1.68121	-43.2649	-44.9461
BLOCK01/SES014/SA014S12	SES014	2.48693	-41.0553	-43.5422
BLOCK01/SES014/SA014S24	SES014	1.09188	-42.4827	-43.5746
BLOCK01/SES014/SA014S26	SES014	2.20982	-40.115	-42.3249
BLOCK01/SES014/SA014S28	SES014	2.30306	-41.2335	-43.5366
BLOCK01/SES016/SA016S12	SES016	1.08002	-45.9038	-46.9838
BLOCK01/SES016/SA016S13	SES016	1.18122	-43.4233	-44.6045
BLOCK01/SES016/SA016S22	SES016	0.31546	-44.0561	-44.3715
BLOCK01/SES016/SA016S25	SES016	1.43396	-41.3535	-42.7874
BLOCK01/SES016/SA016S27	SES016	1.2523	-41.7385	-42.9908
BLOCK01/SES019/SA019S13	SES019	2.72947	-42.9146	-45.644
BLOCK01/SES019/SA019S14	SES019	1.39395	-44.4264	-45.8203
BLOCK01/SES019/SA019S22	SES019	2.00588	-42.9892	-44.9951
BLOCK01/SES019/SA019S25	SES019	2.23505	-43.4125	-45.6476
BLOCK01/SES019/SA019S29	SES019	3.04381	-43.2189	-46.2627
BLOCK02/SES029/SA029S11	SES029	1.00142	-42.9114	-43.9128
BLOCK02/SES029/SA029S12	SES029	0.285999	-42.9639	-43.2499
BLOCK02/SES029/SA029S20	SES029	0.49556	-44.1848	-44.6803
BLOCK02/SES029/SA029S25	SES029	0.842491	-42.7891	-43.6316
BLOCK02/SES029/SA029S28	SES029	-0.0660629	-43.932	-43.8659
BLOCK04/SES042/SA042S12	SES042	1.87073	-41.721	-43.5917
BLOCK04/SES042/SA042S15	SES042	1.75407	-41.6495	-43.4035
BLOCK04/SES042/SA042S22	SES042	2.39571	-39.8081	-42.2038
BLOCK04/SES042/SA042S25	SES042	1.54631	-43.1124	-44.6587
BLOCK04/SES042/SA042S27	SES042	1.58524	-41.3877	-42.973
BLOCK04/SES048/SA048S11	SES048	0.862686	-42.2665	-43.1292
BLOCK04/SES048/SA048S12	SES048	0.845661	-42.4001	-43.2458
BLOCK04/SES048/SA048S20	SES048	0.517094	-42.4478	-42.9649
BLOCK04/SES048/SA048S23	SES048	0.995373	-43.1474	-44.1427
BLOCK04/SES048/SA048S27	SES048	0.942062	-41.7747	-42.7167
BLOCK06/SES060/SA060S11	SES060	1.4917	-42.1397	-43.6314
BLOCK06/SES060/SA060S12	SES060	-1.72491	-45.5073	-43.7824
BLOCK06/SES060/SA060S22	SES060	-1.20979	-46.1044	-44.8946
BLOCK06/SES060/SA060S24	SES060	0.695396	-42.5112	-43.2066
BLOCK06/SES060/SA060S28	SES060	0.908279	-41.1847	-42.093
BLOCK06/SES062/SA062S10	SES062	0.221806	-42.7175	-42.9393
BLOCK06/SES062/SA062S11	SES062	1.08201	-43.2569	-44.3389
BLOCK06/SES062/SA062S21	SES062	1.61724	-40.0423	-41.6595
BLOCK06/SES062/SA062S26	SES062	0.798138	-41.9927	-42.7908
BLOCK06/SES062/SA062S29	SES062	1.18743	-41.3641	-42.5515
BLOCK06/SES068/SA068S14	SES068	0.0810051	-43.6259	-43.707
BLOCK06/SES068/SA068S15	SES068	0.37228	-42.6486	-43.0209
BLOCK06/SES068/SA068S23	SES068	0.530949	-43.9561	-44.4871
BLOCK06/SES068/SA068S27	SES068	1.04468	-42.1146	-43.1593
BLOCK06/SES068/SA068S29	SES068	-0.0227127	-43.573	-43.5503
BLOCK08/SES082/SA082S12	SES082	-0.0869865	-45.0959	-45.0089
BLOCK08/SES082/SA082S14	SES082	0.15897	-45.0805	-45.2395
BLOCK08/SES082/SA082S21	SES082	0.656502	-43.9525	-44.609
BLOCK08/SES082/SA082S24	SES082	0.540157	-43.4826	-44.0228
BLOCK08/SES082/SA082S28	SES082	0.818066	-43.4896	-44.3076
BLOCK08/SES083/SA083S14	SES083	-0.411373	-44.099	-43.6876
BLOCK08/SES083/SA083S15	SES083	-0.38924	-43.5827	-43.1934
BLOCK08/SES083/SA083S24	SES083	-0.324451	-44.2598	-43.9354
BLOCK08/SES083/SA083S26	SES083	0.543335	-43.1495	-43.6929
BLOCK08/SES083/SA083S29	SES083	-0.498669	-43.7009	-43.2023
BLOCK08/SES085/SA085S10	SES085	-0.306004	-43.978	-43.672
BLOCK08/SES085/SA085S13	SES085	-0.345577	-44.5345	-44.189
BLOCK08/SES085/SA085S22	SES085	-1.46196	-45.5429	-44.081
BLOCK08/SES085/SA085S26	SES085	-0.672958	-44.0587	-43.3858
BLOCK08/SES085/SA085S28	SES085	0.847687	-43.1331	-43.9808
BLOCK08/SES087/SA087S15	SES087	1.19157	-43.9769	-45.1684
BLOCK08/SES087/SA087S16	SES087	1.34774	-44.0787	-45.4265
BLOCK08/SES087/SA087S24	SES087	1.45343	-42.406	-43.8594
BLOCK08/SES087/SA087S26	SES087	0.8797	-42.0819	-42.9616
BLOCK08/SES087/SA087S29	SES087	1.19159	-43.9118	-45.1034
BLOCK09/SES099/SA099S15	SES099	0.912945	-43.7613	-44.6742
BLOCK09/SES099/SA099S16	SES099	0.764084	-43.8329	-44.597
BLOCK09/SES099/SA099S24	SES099	0.754314	-43.6032	-44.3575
BLOCK09/SES099/SA099S26	SES099	1.0332	-42.8592	-43.8924
BLOCK09/SES099/SA099S29	SES099	0.947582	-43.1483	-44.0959
BLOCK10/SES101/SA101S11	SES101	0.364601	-42.4913	-42.8559
BLOCK10/SES101/SA101S13	SES101	0.891106	-41.9497	-42.8408
BLOCK10/SES101/SA101S22	SES101	0.118065	-44.0966	-44.2146
BLOCK10/SES101/SA101S24	SES101	0.877613	-42.7853	-43.6629
BLOCK10/SES101/SA101S28	SES101	0.0596008	-44.0299	-44.0895
BLOCK10/SES104/SA104S11	SES104	1.03617	-41.7165	-42.7526
BLOCK10/SES104/SA104S12	SES104	1.32054	-42.5181	-43.8386
BLOCK10/SES104/SA104S21	SES104	0.445065	-43.9269	-44.372
BLOCK10/SES104/SA104S24	SES104	1.10393	-42.9975	-44.1014
BLOCK10/SES104/SA104S28	SES104	0.816299	-43.3507	-44.167
BLOCK10/SES105/SA105S12	SES105	0.746937	-43.5591	-44.306
BLOCK10/SES105/SA105S13	SES105	0.723087	-43.2879	-44.0109
BLOCK10/SES105/SA105S22	SES105	-0.0543289	-44.9339	-44.8796
BLOCK10/SES105/SA105S26	SES105	1.20145	-43.2455	-44.4469
BLOCK10/SES105/SA105S29	SES105	0.826302	-43.0827	-43.909
BLOCK10/SES106/SA106S09	SES106	1.71983	-43.6242	-45.3441
BLOCK10/SES106/SA106S11	SES106	1.27643	-42.2705	-43.5469
BLOCK10/SES106/SA106S22	SES106	2.66471	-42.1491	-44.8138
BLOCK10/SES106/SA106S27	SES106	1.26651	-42.5293	-43.7958
BLOCK10/SES106/SA106S29	SES106	1.14595	-42.4252	-43.5711
BLOCK11/SES117/SA117S12	SES117	-0.153137	-44.9486	-44.7955
BLOCK11/SES117/SA117S13	SES117	0.0981636	-44.4744	-44.5725
BLOCK11/SES117/SA117S23	SES117	1.32812	-44.9139	-46.242
BLOCK11/SES117/SA117S25	SES117	0.850887	-44.4239	-45.2748
BLOCK11/SES117/SA117S28	SES117	0.946526	-44.6257	-45.5722
BLOCK12/SES120/SA120S08	SES120	0.723869	-44.2771	-45.001
BLOCK12/SES120/SA120S11	SES120	0.524166	-45.3699	-45.894
BLOCK12/SES120/SA120S22	SES120	0.38039	-43.6496	-44.03
BLOCK12/SES120/SA120S24	SES120	0.229439	-43.7646	-43.9941
BLOCK12/SES120/SA120S28	SES120	0.196762	-46.0658	-46.2626
BLOCK12/SES125/SA125S13	SES125	1.42548	-42.1749	-43.6004
BLOCK12/SES125/SA125S14	SES125	1.04843	-42.8439	-43.8924
BLOCK12/SES125/SA125S25	SES125	1.72012	-42.6837	-44.4038
BLOCK12/SES125/SA125S27	SES125	1.7042	-41.3801	-43.0843
BLOCK12/SES125/SA125S29	SES125	1.52158	-42.2559	-43.7774
BLOCK12/SES127/SA127S11	SES127	0.37933	-44.2999	-44.6792
BLOCK12/SES127/SA127S12	SES127	-0.805531	-44.032	-43.2264
BLOCK12/SES127/SA127S23	SES127	0.0403366	-43.6542	-43.6945
BLOCK12/SES127/SA127S25	SES127	-0.0363312	-44.1552	-44.1188
BLOCK12/SES127/SA127S27	SES127	0.628967	-42.8992	-43.5282
BLOCK12/SES129/SA129S11	SES129	1.3909	-41.9947	-43.3856
BLOCK12/SES129/SA129S12	SES129	0.846146	-41.9897	-42.8359
BLOCK12/SES129/SA129S22	SES129	0.596062	-43.2648	-43.8609
BLOCK12/SES129/SA129S27	SES129	1.62014	-42.1688	-43.7889
BLOCK12/SES129/SA129S29	SES129	1.59781	-41.5247	-43.1226
BLOCK14/SES142/SA142S11	SES142	1.52432	-43.8073	-45.3316
BLOCK14/SES142/SA142S12	SES142	0.844593	-44.4987	-45.3433
BLOCK14/SES142/SA142S24	SES142	1.58628	-43.4702	-45.0565
BLOCK14/SES142/SA142S27	SES142	1.68587	-43.3578	-45.0437
BLOCK14/SES142/SA142S29	SES142	1.9534	-42.1276	-44.081
BLOCK14/SES143/SA143S12	SES143	0.842327	-43.9526	-44.7949
BLOCK14/SES143/SA143S13	SES143	0.552078	-44.2202	-44.7723
BLOCK14/SES143/SA143S23	SES143	0.755829	-44.4414	-45.1973
BLOCK14/SES143/SA143S25	SES143	0.491692	-43.6649	-44.1566
BLOCK14/SES143/SA143S28	SES143	0.571495	-43.1818	-43.7533
BLOCK14/SES144/SA144S09	SES144	0.265781	-43.9711	-44.2368
BLOCK14/SES144/SA144S11	SES144	0.406197	-44.602	-45.0082
BLOCK14/SES144/SA144S21	SES144	-0.252037	-44.8221	-44.5701
BLOCK14/SES144/SA144S25	SES144	0.239784	-44.7229	-44.9627
BLOCK14/SES144/SA144S29	SES144	0.00544739	-44.331	-44.3364
BLOCK14/SES146/SA146S14	SES146	0.633347	-44.0567	-44.6901
BLOCK14/SES146/SA146S15	SES146	0.324638	-44.3387	-44.6633
BLOCK14/SES146/SA146S24	SES146	0.521507	-43.3419	-43.8634
BLOCK14/SES146/SA146S26	SES146	0.562164	-43.6432	-44.2053
BLOCK14/SES146/SA146S29	SES146	0.498154	-43.9921	-44.4902
BLOCK14/SES147/SA147S11	SES147	1.19088	-43.2173	-44.4082
BLOCK14/SES147/SA147S13	SES147	1.07949	-42.8128	-43.8923
BLOCK14/SES147/SA147S23	SES147	0.736557	-43.8503	-44.5868
BLOCK14/SES147/SA147S26	SES147	0.581173	-43.7403	-44.3215
BLOCK14/SES147/SA147S28	SES147	0.629776	-43.59	-44.2198
BLOCK14/SES148/SA148S10	SES148	1.3732	-43.2696	-44.6428
BLOCK14/SES148/SA148S12	SES148	0.522655	-44.346	-44.8687
BLOCK14/SES148/SA148S22	SES148	1.40781	-42.6862	-44.094
BLOCK14/SES148/SA148S26	SES148	0.0431061	-43.5115	-43.5546
BLOCK14/SES148/SA148S29	SES148	0.337471	-43.9123	-44.2498
BLOCK14/SES149/SA149S13	SES149	-0.202892	-43.5386	-43.3357
BLOCK14/SES149/SA149S14	SES149	0.0926056	-43.5101	-43.6027
BLOCK14/SES149/SA149S24	SES149	0.897911	-43.2727	-44.1706
BLOCK14/SES149/SA149S26	SES149	1.03193	-42.3771	-43.409
BLOCK14/SES149/SA149S28	SES149	1.59268	-41.644	-43.2367
BLOCK15/SES158/SA158S13	SES158	1.11012	-42.9103	-44.0204
BLOCK15/SES158/SA158S14	SES158	1.73991	-43.0343	-44.7742
BLOCK15/SES158/SA158S23	SES158	1.42048	-42.0713	-43.4918
BLOCK15/SES158/SA158S26	SES158	2.18676	-42.5046	-44.6913
BLOCK15/SES158/SA158S28	SES158	0.610615	-43.7874	-44.398
BLOCK16/SES162/SA162S10	SES162	0.4389	-44.6347	-45.0736
BLOCK16/SES162/SA162S11	SES162	1.11244	-42.8254	-43.9379
BLOCK16/SES162/SA162S21	SES162	1.39228	-43.2697	-44.662
BLOCK16/SES162/SA162S24	SES162	0.43573	-44.1717	-44.6074
BLOCK16/SES162/SA162S27	SES162	1.44536	-43.7645	-45.2099
BLOCK16/SES167/SA167S14	SES167	0.845417	-42.9509	-43.7964
BLOCK16/SES167/SA167S15	SES167	0.90287	-43.9585	-44.8614
BLOCK16/SES167/SA167S21	SES167	1.488	-43.1111	-44.5991
BLOCK16/SES167/SA167S25	SES167	1.78838	-43.8187	-45.6071
BLOCK16/SES167/SA167S29	SES167	2.21853	-41.9793	-44.1978
BLOCK17/SES172/SA172S12	SES172	1.10549	-43.1566	-44.2621
BLOCK17/SES172/SA172S13	SES172	1.29301	-43.6746	-44.9676
BLOCK17/SES172/SA172S23	SES172	0.55611	-42.3623	-42.9184
BLOCK17/SES172/SA172S27	SES172	0.67984	-43.9602	-44.64
BLOCK17/SES172/SA172S29	SES172	1.4315	-43.3668	-44.7983
BLOCK17/SES175/SA175S11	SES175	1.33074	-43.0969	-44.4276
BLOCK17/SES175/SA175S13	SES175	1.03499	-42.8513	-43.8863
BLOCK17/SES175/SA175S23	SES175	1.38095	-43.4189	-44.7999
BLOCK17/SES175/SA175S25	SES175	0.869061	-44.8109	-45.68
BLOCK17/SES175/SA175S28	SES175	1.26643	-42.8088	-44.0752
BLOCK17/SES177/SA177S15	SES177	-0.138721	-43.8483	-43.7096
BLOCK17/SES177/SA177S17	SES177	-0.0397758	-43.8365	-43.7967
BLOCK17/SES177/SA177S23	SES177	-0.589821	-44.5994	-44.0096
BLOCK17/SES177/SA177S26	SES177	0.659897	-41.3532	-42.0131
BLOCK17/SES177/SA177S28	SES177	0.856319	-42.4245	-43.2808
BLOCK18/SES180/SA180S13	SES180	0.0932732	-44.2464	-44.3397
BLOCK18/SES180/SA180S15	SES180	0.369564	-44.5975	-44.9671
BLOCK18/SES180/SA180S24	SES180	0.661804	-42.1539	-42.8157
BLOCK18/SES180/SA180S26	SES180	0.952572	-42.7067	-43.6592
BLOCK18/SES180/SA180S29	SES180	0.303886	-44.4633	-44.7672
BLOCK18/SES183/SA183S13	SES183	1.05057	-44.0575	-45.1081
BLOCK18/SES183/SA183S14	SES183	0.291016	-44.0564	-44.3474
BLOCK18/SES183/SA183S24	SES183	0.73473	-44.3058	-45.0405
BLOCK18/SES183/SA183S27	SES183	0.854347	-44.207	-45.0614
BLOCK18/SES183/SA183S29	SES183	0.982021	-43.5036	-44.4857
BLOCK18/SES187/SA187S13	SES187	0.218674	-44.971	-45.1897
BLOCK18/SES187/SA187S14	SES187	0.523056	-44.298	-44.8211
BLOCK18/SES187/SA187S24	SES187	0.193478	-44.867	-45.0605
BLOCK18/SES187/SA187S27	SES187	0.563347	-44.7455	-45.3089
BLOCK18/SES187/SA187S29	SES187	0.947903	-43.6408	-44.5887
BLOCK18/SES189/SA189S10	SES189	1.63419	-44.6574	-46.2915
BLOCK18/SES189/SA189S13	SES189	1.76137	-45.2852	-47.0465
BLOCK18/SES189/SA189S24	SES189	1.82867	-44.0553	-45.884
BLOCK18/SES189/SA189S26	SES189	1.08227	-44.2898	-45.372
BLOCK18/SES189/SA189S29	SES189	1.87916	-44.0552	-45.9343
BLOCK20/SES202/SA202S12	SES202	1.36806	-44.4167	-45.7848
BLOCK20/SES202/SA202S14	SES202	2.62378	-42.5248	-45.1486
BLOCK20/SES202/SA202S24	SES202	1.4416	-44.213	-45.6546
BLOCK20/SES202/SA202S27	SES202	1.42739	-42.6999	-44.1273
BLOCK20/SES202/SA202S29	SES202	1.77692	-42.4486	-44.2256
BLOCK20/SES206/SA206S15	SES206	-0.355316	-43.2223	-42.867
BLOCK20/SES206/SA206S17	SES206	1.53754	-41.6237	-43.1613
BLOCK20/SES206/SA206S24	SES206	1.39135	-41.431	-42.8224
BLOCK20/SES206/SA206S27	SES206	1.72598	-42.5046	-44.2306
BLOCK20/SES206/SA206S29	SES206	1.21245	-41.2972	-42.5096
BLOCK22/SES226/SA226S12	SES226	0.948303	-43.3428	-44.2911
BLOCK22/SES226/SA226S13	SES226	0.3433	-43.8559	-44.1992
BLOCK22/SES226/SA226S20	SES226	0.997677	-43.7721	-44.7698
BLOCK22/SES226/SA226S23	SES226	1.38972	-42.923	-44.3127
BLOCK22/SES226/SA226S28	SES226	1.46119	-43.1694	-44.6306
BLOCK25/SES259/SA259S13	SES259	2.70042	-40.7279	-43.4283
BLOCK25/SES259/SA259S14	SES259	1.42577	-42.5763	-44.0021
BLOCK25/SES259/SA259S22	SES259	1.05191	-42.3859	-43.4378
BLOCK25/SES259/SA259S24	SES259	1.64406	-41.457	-43.101
BLOCK25/SES259/SA259S28	SES259	1.21185	-41.8547	-43.0666
BLOCK27/SES270/SA270S14	SES270	2.22873	-43.5277	-45.7564
BLOCK27/SES270/SA270S16	SES270	-0.0783997	-44.1731	-44.0947
BLOCK27/SES270/SA270S22	SES270	1.79529	-43.2792	-45.0745
BLOCK27/SES270/SA270S26	SES270	1.19395	-44.1632	-45.3572
BLOCK27/SES270/SA270S28	SES270	0.784111	-43.7629	-44.547
BLOCK27/SES275/SA275S17	SES275	0.819965	-43.9415	-44.7614
BLOCK27/SES275/SA275S18	SES275	0.142448	-43.7369	-43.8794
BLOCK27/SES275/SA275S24	SES275	0.365864	-45.2429	-45.6088
BLOCK27/SES275/SA275S26	SES275	1.08015	-43.0804	-44.1605
BLOCK27/SES275/SA275S28	SES275	0.443642	-43.4362	-43.8798
BLOCK29/SES292/SA292S10	SES292	0.0614395	-43.6419	-43.7033
BLOCK29/SES292/SA292S12	SES292	-0.523285	-45.391	-44.8677
BLOCK29/SES292/SA292S22	SES292	0.532063	-42.8745	-43.4066
BLOCK29/SES292/SA292S24	SES292	0.0871315	-43.7695	-43.8566
BLOCK29/SES292/SA292S27	SES292	0.314888	-42.9402	-43.2551
BLOCK00/SES001/SA001S14	SES062	-1.76301	-46.1556	-44.3925
BLOCK00/SES001/SA001S14	SES082	-1.65586	-46.0484	-44.3925
BLOCK00/SES001/SA001S14	SES106	-1.13495	-45.5275	-44.3925
BLOCK00/SES001/SA001S14	SES206	-1.88597	-46.2785	-44.3925
BLOCK00/SES001/SA001S15	SES062	-1.40981	-44.9856	-43.5758
BLOCK00/SES001/SA001S15	SES104	-1.61457	-45.1904	-43.5758
BLOCK00/SES001/SA001S15	SES106	-1.37785	-44.9536	-43.5758
BLOCK00/SES001/SA001S15	SES206	-0.727554	-44.3034	-43.5758
BLOCK00/SES001/SA001S24	SES062	-1.77127	-45.5672	-43.7959
BLOCK00/SES001/SA001S24	SES082	-1.74755	-45.5434	-43.7959
BLOCK00/SES001/SA001S24	SES087	-1.82706	-45.6229	-43.7959
BLOCK00/SES001/SA001S24	SES206	-1.38308	-45.179	-43.7959
BLOCK00/SES001/SA001S27	SES062	-1.43915	-44.7995	-43.3604
BLOCK00/SES001/SA001S27	SES082	-1.4058	-44.7662	-43.3604
BLOCK00/SES001/SA001S27	SES087	-0.881351	-44.2417	-43.3604
BLOCK00/SES001/SA001S27	SES206	-1.30418	-44.6646	-43.3604
BLOCK00/SES001/SA001S29	SES062	-2.23493	-46.142	-43.907
BLOCK00/SES001/SA001S29	SES082	-0.884113	-44.7912	-43.907
BLOCK00/SES001/SA001S29	SES158	-1.89265	-45.7997	-43.907
BLOCK00/SES001/SA001S29	SES206	-1.5285	-45.4355	-43.907
BLOCK00/SES003/SA003S11	SES002	-1.19866	-46.0238	-44.8251
BLOCK00/SES003/SA003S11	SES019	-1.6116	-46.4367	-44.8251
BLOCK00/SES003/SA003S11	SES082	-0.482552	-45.3077	-44.8251
BLOCK00/SES003/SA003S11	SES125	-1.15137	-45.9765	-44.8251
BLOCK00/SES003/SA003S15	SES016	-2.39671	-46.029	-43.6323
BLOCK00/SES003/SA003S15	SES019	-0.870831	-44.5031	-43.6323
BLOCK00/SES003/SA003S15	SES062	-1.38195	-45.0142	-43.6323
BLOCK00/SES003/SA003S15	SES206	-0.994629	-44.6269	-43.6323
BLOCK00/SES003/SA003S22	SES002	-1.25998	-45.005	-43.745
BLOCK00/SES003/SA003S22	SES062	-0.535675	-44.2807	-43.745
BLOCK00/SES003/SA003S22	SES082	-1.32769	-45.0727	-43.745
BLOCK00/SES003/SA003S22	SES087	-1.99576	-45.7407	-43.745
BLOCK00/SES003/SA003S25	SES062	-2.74738	-48.4806	-45.7332
BLOCK00/SES003/SA003S25	SES082	-1.92702	-47.6603	-45.7332
BLOCK00/SES003/SA003S25	SES087	-1.92147	-47.6547	-45.7332
BLOCK00/SES003/SA003S25	SES206	-2.53629	-48.2695	-45.7332
BLOCK00/SES003/SA003S29	SES002	-1.81525	-47.0121	-45.1968
BLOCK00/SES003/SA003S29	SES062	-2.3088	-47.5056	-45.1968
BLOCK00/SES003/SA003S29	SES082	-1.22512	-46.4219	-45.1968
BLOCK00/SES003/SA003S29	SES087	-1.9035	-47.1003	-45.1968
BLOCK00/SES004/SA004S12	SES083	-3.01191	-47.6998	-44.6879
BLOCK00/SES004/SA004S12	SES148	-1.97418	-46.6621	-44.6879
BLOCK00/SES004/SA004S12	SES172	-1.75589	-46.4438	-44.6879
BLOCK00/SES004/SA004S12	SES292	-2.75395	-47.4418	-44.6879
BLOCK00/SES004/SA004S17	SES083	-3.08891	-48.2627	-45.1738
BLOCK00/SES004/SA004S17	SES162	-1.86781	-47.0416	-45.1738
BLOCK00/SES004/SA004S17	SES172	-1.84612	-47.0199	-45.1738
BLOCK00/SES004/SA004S17	SES292	-2.53751	-47.7113	-45.1738
BLOCK00/SES004/SA004S24	SES083	-2.77915	-46.9937	-44.2146
BLOCK00/SES004/SA004S24	SES148	-1.92655	-46.1411	-44.2146
BLOCK00/SES004/SA004S24	SES172	-1.57316	-45.7877	-44.2146
BLOCK00/SES004/SA004S24	SES292	-1.68773	-45.9023	-44.2146
BLOCK00/SES004/SA004S26	SES083	-2.69718	-46.2271	-43.5299
BLOCK00/SES004/SA004S26	SES127	-2.72348	-46.2534	-43.5299
BLOCK00/SES004/SA004S26	SES148	-2.68135	-46.2112	-43.5299
BLOCK00/SES004/SA004S26	SES292	-2.82388	-46.3538	-43.5299
BLOCK00/SES004/SA004S28	SES083	-3.52541	-47.4325	-43.9071
BLOCK00/SES004/SA004S28	SES127	-1.7106	-45.6177	-43.9071
BLOCK00/SES004/SA004S28	SES187	-1.57158	-45.4787	-43.9071
BLOCK00/SES004/SA004S28	SES292	-2.74915	-46.6563	-43.9071
BLOCK00/SES006/SA006S10	SES014	-4.22117	-51.0478	-46.8266
BLOCK00/SES006/SA006S10	SES158	-3.25175	-50.0784	-46.8266
BLOCK00/SES006/SA006S10	SES226	-3.92289	-50.7495	-46.8266
BLOCK00/SES006/SA006S10	SES270	-0.801823	-47.6284	-46.8266
BLOCK00/SES006/SA006S11	SES158	-2.75526	-49.6298	-46.8746
BLOCK00/SES006/SA006S11	SES226	-2.77015	-49.6447	-46.8746
BLOCK00/SES006/SA006S11	SES270	-1.0975	-47.9721	-46.8746
BLOCK00/SES006/SA006S11	SES275	-2.77525	-49.6498	-46.8746
BLOCK00/SES006/SA006S23	SES062	-2.90073	-48.9665	-46.0658
BLOCK00/SES006/SA006S23	SES105	-2.85295	-48.9188	-46.0658
BLOCK00/SES006/SA006S23	SES158	-3.19921	-49.265	-46.0658
BLOCK00/SES006/SA006S23	SES275	-2.52911	-48.5949	-46.0658
BLOCK00/SES006/SA006S26	SES104	-2.88461	-48.6232	-45.7386
BLOCK00/SES006/SA006S26	SES158	-2.36716	-48.1058	-45.7386
BLOCK00/SES006/SA006S26	SES270	-0.389515	-46.1281	-45.7386
BLOCK00/SES006/SA006S26	SES275	-3.30873	-49.0473	-45.7386
BLOCK00/SES006/SA006S28	SES007	-2.95174	-49.0218	-46.0701
BLOCK00/SES006/SA006S28	SES105	-2.67312	-48.7432	-46.0701
BLOCK00/SES006/SA006S28	SES158	-2.48447	-48.5546	-46.0701
BLOCK00/SES006/SA006S28	SES275	-3.00448	-49.0746	-46.0701
BLOCK00/SES009/SA009S12	SES083	-2.69159	-46.2641	-43.5725
BLOCK00/SES009/SA009S12	SES148	-2.40335	-45.9758	-43.5725
BLOCK00/SES009/SA009S12	SES177	-2.35432	-45.9268	-43.5725
BLOCK00/SES009/SA009S12	SES292	-1.65256	-45.225	-43.5725
BLOCK00/SES009/SA009S15	SES007	-0.200775	-43.1855	-42.9847
BLOCK00/SES009/SA009S15	SES099	-2.03531	-45.02	-42.9847
BLOCK00/SES009/SA009S15	SES148	-2.42067	-45.4054	-42.9847
BLOCK00/SES009/SA009S15	SES172	-1.49747	-44.4822	-42.9847
BLOCK00/SES009/SA009S24	SES146	-1.40102	-44.7386	-43.3376
BLOCK00/SES009/SA009S24	SES148	-2.17717	-45.5148	-43.3376
BLOCK00/SES009/SA009S24	SES177	-1.98852	-45.3261	-43.3376
BLOCK00/SES009/SA009S24	SES292	-1.5926	-44.9302	-43.3376
BLOCK00/SES009/SA009S26	SES083	-2.85955	-47.0246	-44.165
BLOCK00/SES009/SA009S26	SES101	-1.9992	-46.1642	-44.165
BLOCK00/SES009/SA009S26	SES120	-1.50106	-45.6661	-44.165
BLOCK00/SES009/SA009S26	SES177	-2.24073	-46.4057	-44.165
BLOCK00/SES009/SA009S29	SES083	-2.47871	-46.2226	-43.7439
BLOCK00/SES009/SA009S29	SES101	-1.53354	-45.2774	-43.7439
BLOCK00/SES009/SA009S29	SES177	-2.23685	-45.9807	-43.7439
BLOCK00/SES009/SA009S29	SES292	-1.9236	-45.6675	-43.7439
BLOCK01/SES011/SA011S10	SES019	-1.52602	-45.883	-44.357
BLOCK01/SES011/SA011S10	SES042	-1.37268	-45.7296	-44.357
BLOCK01/SES011/SA011S10	SES082	-2.3729	-46.7299	-44.357
BLOCK01/SES011/SA011S10	SES206	-1.45523	-45.8122	-44.357
BLOCK01/SES011/SA011S11	SES019	-2.11703	-47.1038	-44.9867
BLOCK01/SES011/SA011S11	SES042	-1.65857	-46.6453	-44.9867
BLOCK01/SES011/SA011S11	SES082	-2.96009	-47.9468	-44.9867
BLOCK01/SES011/SA011S11	SES206	-2.21273	-47.1995	-44.9867
BLOCK01/SES011/SA011S22	SES019	-1.63719	-46.1801	-44.5429
BLOCK01/SES011/SA011S22	SES042	-1.51188	-46.0548	-44.5429
BLOCK01/SES011/SA011S22	SES082	-2.56364	-47.1065	-44.5429
BLOCK01/SES011/SA011S22	SES206	-1.3386	-45.8815	-44.5429
BLOCK01/SES011/SA011S24	SES019	-1.85511	-45.9765	-44.1214
BLOCK01/SES011/SA011S24	SES042	-1.08289	-45.2043	-44.1214
BLOCK01/SES011/SA011S24	SES104	-1.93144	-46.0528	-44.1214
BLOCK01/SES011/SA011S24	SES206	-1.22199	-45.3434	-44.1214
BLOCK01/SES011/SA011S27	SES082	-0.0425644	-44.4611	-44.4185
BLOCK01/SES011/SA011S27	SES087	-1.21305	-45.6316	-44.4185
BLOCK01/SES011/SA011S27	SES125	-0.505726	-44.9242	-44.4185
BLOCK01/SES011/SA011S27	SES206	-0.464855	-44.8834	-44.4185
BLOCK01/SES012/SA012S11	SES007	-1.15515	-43.5435	-42.3883
BLOCK01/SES012/SA012S11	SES082	-2.03967	-44.428	-42.3883
BLOCK01/SES012/SA012S11	SES083	-2.17415	-44.5625	-42.3883
BLOCK01/SES012/SA012S11	SES206	-1.99272	-44.3811	-42.3883
BLOCK01/SES012/SA012S14	SES082	-1.43694	-45.0082	-43.5713
BLOCK01/SES012/SA012S14	SES087	-1.5174	-45.0887	-43.5713
BLOCK01/SES012/SA012S14	SES206	-1.27323	-44.8445	-43.5713
BLOCK01/SES012/SA012S14	SES292	-1.49418	-45.0655	-43.5713
BLOCK01/SES012/SA012S24	SES082	-0.261566	-44.9751	-44.7135
BLOCK01/SES012/SA012S24	SES087	-1.16374	-45.8772	-44.7135
BLOCK01/SES012/SA012S24	SES120	-1.75084	-46.4643	-44.7135
BLOCK01/SES012/SA012S24	SES206	-0.752228	-45.4657	-44.7135
BLOCK01/SES012/SA012S26	SES019	-3.18399	-46.6294	-43.4454
BLOCK01/SES012/SA012S26	SES082	-2.32092	-45.7663	-43.4454
BLOCK01/SES012/SA012S26	SES206	-0.960194	-44.4056	-43.4454
BLOCK01/SES012/SA012S26	SES292	-1.1386	-44.584	-43.4454
BLOCK01/SES012/SA012S29	SES062	-1.4804	-44.6195	-43.1391
BLOCK01/SES012/SA012S29	SES082	-1.43677	-44.5759	-43.1391
BLOCK01/SES012/SA012S29	SES083	-2.36647	-45.5056	-43.1391
BLOCK01/SES012/SA012S29	SES206	-1.58783	-44.7269	-43.1391
BLOCK01/SES013/SA013S16	SES062	-2.79655	-47.8557	-45.0591
BLOCK01/SES013/SA013S16	SES106	-1.7561	-46.8152	-45.0591
BLOCK01/SES013/SA013S16	SES206	-1.94038	-46.9995	-45.0591
BLOCK01/SES013/SA013S16	SES226	-0.347523	-45.4067	-45.0591
BLOCK01/SES013/SA013S17	SES062	-2.34825	-46.8973	-44.549
BLOCK01/SES013/SA013S17	SES106	-2.3786	-46.9276	-44.549
BLOCK01/SES013/SA013S17	SES206	-1.37109	-45.9201	-44.549
BLOCK01/SES013/SA013S17	SES226	0.0938759	-44.4552	-44.549
BLOCK01/SES013/SA013S23	SES104	-1.68586	-47.31	-45.6242
BLOCK01/SES013/SA013S23	SES106	-0.950207	-46.5744	-45.6242
BLOCK01/SES013/SA013S23	SES206	-1.43599	-47.0602	-45.6242
BLOCK01/SES013/SA013S23	SES270	-0.664028	-46.2882	-45.6242
BLOCK01/SES013/SA013S25	SES042	-2.51416	-47.0034	-44.4892
BLOCK01/SES013/SA013S25	SES104	-1.70206	-46.1913	-44.4892
BLOCK01/SES013/SA013S25	SES106	-0.759857	-45.2491	-44.4892
BLOCK01/SES013/SA013S25	SES206	-1.59111	-46.0803	-44.4892
BLOCK01/SES013/SA013S29	SES062	-3.29485	-48.1594	-44.8646
BLOCK01/SES013/SA013S29	SES104	-2.18476	-47.0493	-44.8646
BLOCK01/SES013/SA013S29	SES106	-0.833393	-45.698	-44.8646
BLOCK01/SES013/SA013S29	SES206	-2.10899	-46.9736	-44.8646
BLOCK02/SES021/SA021S13	SES016	-2.7489	-45.81	-43.0611
BLOCK02/SES021/SA021S13	SES029	-1.45768	-44.5188	-43.0611
BLOCK02/SES021/SA021S13	SES087	-1.72219	-44.7833	-43.0611
BLOCK02/SES021/SA021S13	SES206	-1.24394	-44.305	-43.0611
BLOCK02/SES021/SA021S15	SES087	-0.730896	-43.6486	-42.9178
BLOCK02/SES021/SA021S15	SES125	-0.751015	-43.6688	-42.9178
BLOCK02/SES021/SA021S15	SES206	-0.631725	-43.5495	-42.9178
BLOCK02/SES021/SA021S15	SES226	-1.12788	-44.0456	-42.9178
BLOCK02/SES021/SA021S23	SES062	-2.07571	-47.2128	-45.1371
BLOCK02/SES021/SA021S23	SES087	-0.912907	-46.05	-45.1371
BLOCK02/SES021/SA021S23	SES206	-1.73978	-46.8769	-45.1371
BLOCK02/SES021/SA021S23	SES226	-0.722851	-45.86	-45.1371
BLOCK02/SES021/SA021S27	SES002	-0.952259	-44.5191	-43.5668
BLOCK02/SES021/SA021S27	SES016	-4.15581	-47.7226	-43.5668
BLOCK02/SES021/SA021S27	SES019	-1.58219	-45.149	-43.5668
BLOCK02/SES021/SA021S27	SES062	-1.07486	-44.6417	-43.5668
BLOCK02/SES021/SA021S29	SES087	-1.3663	-45.1041	-43.7378
BLOCK02/SES021/SA021S29	SES125	-1.10154	-44.8394	-43.7378
BLOCK02/SES021/SA021S29	SES206	-0.509041	-44.2469	-43.7378
BLOCK02/SES021/SA021S29	SES226	-0.977322	-44.7152	-43.7378
BLOCK04/SES043/SA043S09	SES083	-1.95683	-46.6528	-44.696
BLOCK04/SES043/SA043S09	SES101	-2.61436	-47.3104	-44.696
BLOCK04/SES043/SA043S09	SES144	-0.614697	-45.3107	-44.696
BLOCK04/SES043/SA043S09	SES172	-2.67107	-47.3671	-44.696
BLOCK04/SES043/SA043S11	SES083	-1.12006	-44.642	-43.5219
BLOCK04/SES043/SA043S11	SES101	-1.27067	-44.7926	-43.5219
BLOCK04/SES043/SA043S11	SES144	-0.633221	-44.1551	-43.5219
BLOCK04/SES043/SA043S11	SES172	-1.17019	-44.6921	-43.5219
BLOCK04/SES043/SA043S23	SES083	-1.24992	-45.4557	-44.2058
BLOCK04/SES043/SA043S23	SES144	0.154625	-44.0511	-44.2058
BLOCK04/SES043/SA043S23	SES177	-2.00889	-46.2146	-44.2058
BLOCK04/SES043/SA043S23	SES275	-1.04017	-45.2459	-44.2058
BLOCK04/SES043/SA043S26	SES083	-1.06797	-45.5103	-44.4424
BLOCK04/SES043/SA043S26	SES101	-1.2027	-45.6451	-44.4424
BLOCK04/SES043/SA043S26	SES144	-0.31184	-44.7542	-44.4424
BLOCK04/SES043/SA043S26	SES177	-1.64761	-46.09	-44.4424
BLOCK04/SES043/SA043S28	SES016	-1.95684	-45.5848	-43.6279
BLOCK04/SES043/SA043S28	SES083	-1.10722	-44.7351	-43.6279
BLOCK04/SES043/SA043S28	SES101	-1.19903	-44.8269	-43.6279
BLOCK04/SES043/SA043S28	SES144	-1.08768	-44.7156	-43.6279
BLOCK04/SES044/SA044S10	SES127	-2.93093	-50.0436	-47.1127
BLOCK04/SES044/SA044S10	SES144	-1.04827	-48.161	-47.1127
BLOCK04/SES044/SA044S10	SES147	-2.92111	-50.0338	-47.1127
BLOCK04/SES044/SA044S10	SES148	-2.86398	-49.9767	-47.1127
BLOCK04/SES044/SA044S11	SES101	-2.81717	-48.2588	-45.4416
BLOCK04/SES044/SA044S11	SES144	-0.130882	-45.5725	-45.4416
BLOCK04/SES044/SA044S11	SES147	-1.77039	-47.212	-45.4416
BLOCK04/SES044/SA044S11	SES177	-2.23557	-47.6772	-45.4416
BLOCK04/SES044/SA044S24	SES007	-2.72763	-47.4262	-44.6986
BLOCK04/SES044/SA044S24	SES101	-1.5551	-46.2537	-44.6986
BLOCK04/SES044/SA044S24	SES147	-2.57602	-47.2746	-44.6986
BLOCK04/SES044/SA044S24	SES177	-2.18805	-46.8866	-44.6986
BLOCK04/SES044/SA044S26	SES007	-2.37317	-47.0465	-44.6733
BLOCK04/SES044/SA044S26	SES016	-0.948658	-45.622	-44.6733
BLOCK04/SES044/SA044S26	SES101	-1.65635	-46.3297	-44.6733
BLOCK04/SES044/SA044S26	SES147	-1.18627	-45.8596	-44.6733
BLOCK04/SES044/SA044S29	SES007	-2.27663	-45.7344	-43.4578
BLOCK04/SES044/SA044S29	SES101	-0.835949	-44.2938	-43.4578
BLOCK04/SES044/SA044S29	SES147	-1.74092	-45.1987	-43.4578
BLOCK04/SES044/SA044S29	SES177	-1.67138	-45.1292	-43.4578
BLOCK04/SES046/SA046S13	SES101	-3.73626	-49.0929	-45.3566
BLOCK04/SES046/SA046S13	SES144	-1.06885	-46.4255	-45.3566
BLOCK04/SES046/SA046S13	SES147	-2.76891	-48.1255	-45.3566
BLOCK04/SES046/SA046S13	SES177	-2.74492	-48.1015	-45.3566
BLOCK04/SES046/SA046S15	SES048	-2.28603	-45.4087	-43.1227
BLOCK04/SES046/SA046S15	SES083	-1.48061	-44.6033	-43.1227
BLOCK04/SES046/SA046S15	SES120	-3.15268	-46.2754	-43.1227
BLOCK04/SES046/SA046S15	SES148	-2.00273	-45.1254	-43.1227
BLOCK04/SES046/SA046S22	SES101	-1.51451	-46.4643	-44.9498
BLOCK04/SES046/SA046S22	SES144	-1.0543	-46.0041	-44.9498
BLOCK04/SES046/SA046S22	SES147	-1.79989	-46.7497	-44.9498
BLOCK04/SES046/SA046S22	SES172	-1.83165	-46.7814	-44.9498
BLOCK04/SES046/SA046S25	SES083	-1.39824	-45.8688	-44.4705
BLOCK04/SES046/SA046S25	SES127	-1.38621	-45.8567	-44.4705
BLOCK04/SES046/SA046S25	SES144	-1.4068	-45.8773	-44.4705
BLOCK04/SES046/SA046S25	SES148	-1.60865	-46.0792	-44.4705
BLOCK04/SES046/SA046S28	SES007	-3.80193	-48.7977	-44.9957
BLOCK04/SES046/SA046S28	SES105	-2.7985	-47.7942	-44.9957
BLOCK04/SES046/SA046S28	SES147	-2.1497	-47.1454	-44.9957
BLOCK04/SES046/SA046S28	SES148	-1.60599	-46.6017	-44.9957
BLOCK04/SES049/SA049S16	SES104	-2.75814	-48.9269	-46.1687
BLOCK04/SES049/SA049S16	SES106	-5.15754	-51.3263	-46.1687
BLOCK04/SES049/SA049S16	SES120	-1.60749	-47.7762	-46.1687
BLOCK04/SES049/SA049S16	SES206	-1.97773	-48.1465	-46.1687
BLOCK04/SES049/SA049S18	SES099	-0.207069	-46.9432	-46.7361
BLOCK04/SES049/SA049S18	SES104	-1.98846	-48.7246	-46.7361
BLOCK04/SES049/SA049S18	SES125	-2.35921	-49.0953	-46.7361
BLOCK04/SES049/SA049S18	SES206	-2.06539	-48.8015	-46.7361
BLOCK04/SES049/SA049S25	SES087	-1.63866	-47.5288	-45.8901
BLOCK04/SES049/SA049S25	SES104	-1.3769	-47.267	-45.8901
BLOCK04/SES049/SA049S25	SES125	-2.5486	-48.4387	-45.8901
BLOCK04/SES049/SA049S25	SES206	-0.759132	-46.6493	-45.8901
BLOCK04/SES049/SA049S27	SES099	-0.577801	-45.94	-45.3622
BLOCK04/SES049/SA049S27	SES104	-1.24381	-46.606	-45.3622
BLOCK04/SES049/SA049S27	SES125	-1.80587	-47.1681	-45.3622
BLOCK04/SES049/SA049S27	SES206	-1.27842	-46.6406	-45.3622
BLOCK04/SES049/SA049S29	SES099	-0.530163	-44.4355	-43.9053
BLOCK04/SES049/SA049S29	SES104	-0.89135	-44.7967	-43.9053
BLOCK04/SES049/SA049S29	SES125	-1.24281	-45.1481	-43.9053
BLOCK04/SES049/SA049S29	SES206	-0.866508	-44.7718	-43.9053
BLOCK06/SES063/SA063S09	SES068	-2.55619	-46.8384	-44.2822
BLOCK06/SES063/SA063S09	SES083	-1.12904	-45.4112	-44.2822
BLOCK06/SES063/SA063S09	SES177	-1.90196	-46.1841	-44.2822
BLOCK06/SES063/SA063S09	SES187	-2.40479	-46.687	-44.2822
BLOCK06/SES063/SA063S10	SES068	-2.78891	-47.7728	-44.9839
BLOCK06/SES063/SA063S10	SES083	-0.96336	-45.9473	-44.9839
BLOCK06/SES063/SA063S10	SES172	-1.48528	-46.4692	-44.9839
BLOCK06/SES063/SA063S10	SES187	-1.55587	-46.5398	-44.9839
BLOCK06/SES063/SA063S20	SES068	-3.3285	-48.0413	-44.7128
BLOCK06/SES063/SA063S20	SES083	-2.15218	-46.8649	-44.7128
BLOCK06/SES063/SA063S20	SES172	-2.06272	-46.7755	-44.7128
BLOCK06/SES063/SA063S20	SES187	-0.617287	-45.3301	-44.7128
BLOCK06/SES063/SA063S24	SES029	-2.81547	-46.305	-43.4896
BLOCK06/SES063/SA063S24	SES083	-0.679966	-44.1695	-43.4896
BLOCK06/SES063/SA063S24	SES177	-0.755928	-44.2455	-43.4896
BLOCK06/SES063/SA063S24	SES189	-1.45409	-44.9437	-43.4896
BLOCK06/SES063/SA063S27	SES083	-0.78606	-45.8231	-45.0371
BLOCK06/SES063/SA063S27	SES172	-1.71877	-46.7558	-45.0371
BLOCK06/SES063/SA063S27	SES187	-1.43474	-46.4718	-45.0371
BLOCK06/SES063/SA063S27	SES292	-2.34315	-47.3802	-45.0371
BLOCK06/SES067/SA067S12	SES083	-2.22251	-46.2436	-44.0211
BLOCK06/SES067/SA067S12	SES172	-3.21566	-47.2368	-44.0211
BLOCK06/SES067/SA067S12	SES202	-0.619865	-44.641	-44.0211
BLOCK06/SES067/SA067S12	SES292	-2.07426	-46.0954	-44.0211
BLOCK06/SES067/SA067S14	SES085	-1.51215	-44.9656	-43.4535
BLOCK06/SES067/SA067S14	SES177	-1.71395	-45.1674	-43.4535
BLOCK06/SES067/SA067S14	SES183	-2.00655	-45.4601	-43.4535
BLOCK06/SES067/SA067S14	SES202	-0.831451	-44.285	-43.4535
BLOCK06/SES067/SA067S21	SES144	-0.584217	-46.071	-45.4868
BLOCK06/SES067/SA067S21	SES177	-0.959591	-46.4464	-45.4868
BLOCK06/SES067/SA067S21	SES183	-2.29382	-47.7806	-45.4868
BLOCK06/SES067/SA067S21	SES189	-0.207062	-45.6939	-45.4868
BLOCK06/SES067/SA067S25	SES085	-0.764259	-45.2575	-44.4932
BLOCK06/SES067/SA067S25	SES177	-0.900749	-45.394	-44.4932
BLOCK06/SES067/SA067S25	SES183	-2.07851	-46.5717	-44.4932
BLOCK06/SES067/SA067S25	SES202	0.281307	-44.2119	-44.4932
BLOCK06/SES067/SA067S29	SES085	-0.984314	-45.7918	-44.8075
BLOCK06/SES067/SA067S29	SES177	-1.70374	-46.5113	-44.8075
BLOCK06/SES067/SA067S29	SES183	-2.66282	-47.4703	-44.8075
BLOCK06/SES067/SA067S29	SES202	-0.317501	-45.125	-44.8075
BLOCK06/SES069/SA069S12	SES029	-2.40277	-46.485	-44.0822
BLOCK06/SES069/SA069S12	SES082	-0.937511	-45.0197	-44.0822
BLOCK06/SES069/SA069S12	SES087	-1.41447	-45.4967	-44.0822
BLOCK06/SES069/SA069S12	SES206	-1.01893	-45.1011	-44.0822
BLOCK06/SES069/SA069S13	SES029	-2.72681	-47.3694	-44.6426
BLOCK06/SES069/SA069S13	SES087	-1.56551	-46.2081	-44.6426
BLOCK06/SES069/SA069S13	SES206	-1.53118	-46.1738	-44.6426
BLOCK06/SES069/SA069S13	SES226	-0.960152	-45.6028	-44.6426
BLOCK06/SES069/SA069S23	SES029	-1.30796	-44.2123	-42.9044
BLOCK06/SES069/SA069S23	SES087	-1.63464	-44.539	-42.9044
BLOCK06/SES069/SA069S23	SES206	-2.01424	-44.9186	-42.9044
BLOCK06/SES069/SA069S23	SES226	-0.325191	-43.2296	-42.9044
BLOCK06/SES069/SA069S25	SES087	-1.58291	-44.9622	-43.3793
BLOCK06/SES069/SA069S25	SES206	-2.72791	-46.1072	-43.3793
BLOCK06/SES069/SA069S25	SES226	-0.444889	-43.8242	-43.3793
BLOCK06/SES069/SA069S25	SES270	-1.59441	-44.9737	-43.3793
BLOCK06/SES069/SA069S27	SES087	-1.83165	-45.3679	-43.5363
BLOCK06/SES069/SA069S27	SES206	-1.30092	-44.8372	-43.5363
BLOCK06/SES069/SA069S27	SES226	-0.425316	-43.9616	-43.5363
BLOCK06/SES069/SA069S27	SES270	-1.02784	-44.5641	-43.5363
BLOCK08/SES081/SA081S11	SES060	-1.98742	-46.3621	-44.3747
BLOCK08/SES081/SA081S11	SES062	-3.27011	-47.6448	-44.3747
BLOCK08/SES081/SA081S11	SES117	-2.76488	-47.1396	-44.3747
BLOCK08/SES081/SA081S11	SES162	-2.44193	-46.8167	-44.3747
BLOCK08/SES081/SA081S13	SES016	-0.984795	-44.4179	-43.4331
BLOCK08/SES081/SA081S13	SES060	-0.776161	-44.2093	-43.4331
BLOCK08/SES081/SA081S13	SES068	-0.933796	-44.3669	-43.4331
BLOCK08/SES081/SA081S13	SES129	-1.82924	-45.2623	-43.4331
BLOCK08/SES081/SA081S24	SES060	-1.39491	-45.2521	-43.8572
BLOCK08/SES081/SA081S24	SES068	-1.70441	-45.5616	-43.8572
BLOCK08/SES081/SA081S24	SES117	-2.54615	-46.4034	-43.8572
BLOCK08/SES081/SA081S24	SES275	-2.3921	-46.2493	-43.8572
BLOCK08/SES081/SA081S27	SES007	-1.85174	-45.6394	-43.7876
BLOCK08/SES081/SA081S27	SES060	-1.76318	-45.5508	-43.7876
BLOCK08/SES081/SA081S27	SES117	-1.22985	-45.0175	-43.7876
BLOCK08/SES081/SA081S27	SES275	-2.49464	-46.2823	-43.7876
BLOCK08/SES081/SA081S29	SES007	-1.56735	-45.1166	-43.5493
BLOCK08/SES081/SA081S29	SES060	-1.24931	-44.7986	-43.5493
BLOCK08/SES081/SA081S29	SES117	-2.21378	-45.7631	-43.5493
BLOCK08/SES081/SA081S29	SES275	-2.33567	-45.8849	-43.5493
BLOCK08/SES086/SA086S11	SES029	-3.94619	-50.4324	-46.4862
BLOCK08/SES086/SA086S11	SES082	-2.11405	-48.6002	-46.4862
BLOCK08/SES086/SA086S11	SES087	-0.679337	-47.1655	-46.4862
BLOCK08/SES086/SA086S11	SES206	-2.04089	-48.5271	-46.4862
BLOCK08/SES086/SA086S12	SES029	-3.70599	-48.6963	-44.9903
BLOCK08/SES086/SA086S12	SES082	-2.26799	-47.2583	-44.9903
BLOCK08/SES086/SA086S12	SES087	-0.277527	-45.2678	-44.9903
BLOCK08/SES086/SA086S12	SES206	-2.03623	-47.0265	-44.9903
BLOCK08/SES086/SA086S20	SES029	-3.17027	-47.077	-43.9068
BLOCK08/SES086/SA086S20	SES082	-2.22952	-46.1363	-43.9068
BLOCK08/SES086/SA086S20	SES087	0.0619087	-43.8449	-43.9068
BLOCK08/SES086/SA086S20	SES206	-0.698692	-44.6055	-43.9068
BLOCK08/SES086/SA086S24	SES087	-0.486607	-45.3317	-44.8451
BLOCK08/SES086/SA086S24	SES104	-1.90188	-46.747	-44.8451
BLOCK08/SES086/SA086S24	SES120	-1.45639	-46.3015	-44.8451
BLOCK08/SES086/SA086S24	SES206	-1.05304	-45.8982	-44.8451
BLOCK08/SES086/SA086S28	SES029	-2.43687	-46.338	-43.9011
BLOCK08/SES086/SA086S28	SES082	-1.99815	-45.8993	-43.9011
BLOCK08/SES086/SA086S28	SES087	-0.148121	-44.0492	-43.9011
BLOCK08/SES086/SA086S28	SES206	-1.35566	-45.2568	-43.9011
BLOCK08/SES089/SA089S13	SES087	-0.641415	-45.8436	-45.2022
BLOCK08/SES089/SA089S13	SES206	-1.65766	-46.8599	-45.2022
BLOCK08/SES089/SA089S13	SES226	-0.700947	-45.9032	-45.2022
BLOCK08/SES089/SA089S13	SES270	-2.32987	-47.5321	-45.2022
BLOCK08/SES089/SA089S14	SES062	-1.81685	-46.273	-44.4561
BLOCK08/SES089/SA089S14	SES087	-0.664997	-45.1211	-44.4561
BLOCK08/SES089/SA089S14	SES206	-1.25002	-45.7062	-44.4561
BLOCK08/SES089/SA089S14	SES226	-1.00735	-45.4635	-44.4561
BLOCK08/SES089/SA089S23	SES087	-0.988152	-46.2205	-45.2323
BLOCK08/SES089/SA089S23	SES206	-2.08831	-47.3206	-45.2323
BLOCK08/SES089/SA089S23	SES226	-1.8114	-47.0437	-45.2323
BLOCK08/SES089/SA089S23	SES270	-2.9227	-48.155	-45.2323
BLOCK08/SES089/SA089S25	SES062	-2.49878	-46.5879	-44.0891
BLOCK08/SES089/SA089S25	SES087	-0.336082	-44.4252	-44.0891
BLOCK08/SES089/SA089S25	SES206	-2.86757	-46.9567	-44.0891
BLOCK08/SES089/SA089S25	SES226	-0.708084	-44.7972	-44.0891
BLOCK08/SES089/SA089S28	SES062	-1.29956	-46.2776	-44.978
BLOCK08/SES089/SA089S28	SES087	-0.191116	-45.1692	-44.978
BLOCK08/SES089/SA089S28	SES206	-1.11031	-46.0884	-44.978
BLOCK08/SES089/SA089S28	SES226	-0.217079	-45.1951	-44.978
BLOCK09/SES097/SA097S11	SES099	-0.0764046	-45.8612	-45.7848
BLOCK09/SES097/SA097S11	SES125	-2.75613	-48.5409	-45.7848
BLOCK09/SES097/SA097S11	SES206	-1.60495	-47.3897	-45.7848
BLOCK09/SES097/SA097S11	SES226	-0.851795	-46.6366	-45.7848
BLOCK09/SES097/SA097S14	SES062	-1.71674	-47.7665	-46.0497
BLOCK09/SES097/SA097S14	SES099	-1.13894	-47.1887	-46.0497
BLOCK09/SES097/SA097S14	SES104	-1.96978	-48.0195	-46.0497
BLOCK09/SES097/SA097S14	SES206	-2.28086	-48.3306	-46.0497
BLOCK09/SES097/SA097S22	SES099	0.214455	-45.9189	-46.1333
BLOCK09/SES097/SA097S22	SES206	-2.55841	-48.6917	-46.1333
BLOCK09/SES097/SA097S22	SES226	-1.77069	-47.904	-46.1333
BLOCK09/SES097/SA097S22	SES270	0.0434875	-46.0898	-46.1333
BLOCK09/SES097/SA097S26	SES099	-0.328636	-45.5524	-45.2238
BLOCK09/SES097/SA097S26	SES120	-0.804848	-46.0286	-45.2238
BLOCK09/SES097/SA097S26	SES206	-1.92276	-47.1465	-45.2238
BLOCK09/SES097/SA097S26	SES226	-1.79454	-47.0183	-45.2238
BLOCK09/SES097/SA097S28	SES099	-0.875393	-45.9803	-45.1049
BLOCK09/SES097/SA097S28	SES120	-1.53721	-46.6422	-45.1049
BLOCK09/SES097/SA097S28	SES206	-2.14193	-47.2469	-45.1049
BLOCK09/SES097/SA097S28	SES226	-2.18523	-47.2902	-45.1049
BLOCK09/SES098/SA098S11	SES127	-3.0738	-49.0705	-45.9967
BLOCK09/SES098/SA098S11	SES144	-1.65952	-47.6562	-45.9967
BLOCK09/SES098/SA098S11	SES147	-0.701118	-46.6978	-45.9967
BLOCK09/SES098/SA098S11	SES148	-3.14149	-49.1382	-45.9967
BLOCK09/SES098/SA098S12	SES127	-4.76165	-51.9897	-47.2281
BLOCK09/SES098/SA098S12	SES144	-2.57784	-49.8059	-47.2281
BLOCK09/SES098/SA098S12	SES147	-1.71918	-48.9472	-47.2281
BLOCK09/SES098/SA098S12	SES189	-1.75584	-48.9839	-47.2281
BLOCK09/SES098/SA098S20	SES127	-3.44036	-49.4705	-46.0301
BLOCK09/SES098/SA098S20	SES147	-1.40279	-47.4329	-46.0301
BLOCK09/SES098/SA098S20	SES148	-2.9182	-48.9483	-46.0301
BLOCK09/SES098/SA098S20	SES292	-4.5634	-50.5935	-46.0301
BLOCK09/SES098/SA098S23	SES127	-2.58886	-48.1042	-45.5153
BLOCK09/SES098/SA098S23	SES147	-0.60688	-46.1222	-45.5153
BLOCK09/SES098/SA098S23	SES187	-1.41484	-46.9302	-45.5153
BLOCK09/SES098/SA098S23	SES292	-3.12013	-48.6355	-45.5153
BLOCK09/SES098/SA098S27	SES127	-3.36518	-49.2047	-45.8396
BLOCK09/SES098/SA098S27	SES147	-1.92662	-47.7662	-45.8396
BLOCK09/SES098/SA098S27	SES148	-4.28843	-50.128	-45.8396
BLOCK09/SES098/SA098S27	SES292	-3.63593	-49.4755	-45.8396
BLOCK10/SES102/SA102S13	SES101	-0.747261	-46.1723	-45.425
BLOCK10/SES102/SA102S13	SES105	-2.07727	-47.5023	-45.425
BLOCK10/SES102/SA102S13	SES120	-1.64006	-47.0651	-45.425
BLOCK10/SES102/SA102S13	SES158	-4.42942	-49.8545	-45.425
BLOCK10/SES102/SA102S14	SES007	-0.822632	-43.9398	-43.1172
BLOCK10/SES102/SA102S14	SES101	-0.479176	-43.5964	-43.1172
BLOCK10/SES102/SA102S14	SES105	-0.928654	-44.0458	-43.1172
BLOCK10/SES102/SA102S14	SES147	-1.90178	-45.019	-43.1172
BLOCK10/SES102/SA102S22	SES007	-1.728	-45.15	-43.422
BLOCK10/SES102/SA102S22	SES101	-0.303719	-43.7257	-43.422
BLOCK10/SES102/SA102S22	SES105	-0.633236	-44.0552	-43.422
BLOCK10/SES102/SA102S22	SES158	-2.28001	-45.702	-43.422
BLOCK10/SES102/SA102S25	SES007	-0.761646	-44.0529	-43.2913
BLOCK10/SES102/SA102S25	SES101	0.0161018	-43.2752	-43.2913
BLOCK10/SES102/SA102S25	SES105	-1.01175	-44.303	-43.2913
BLOCK10/SES102/SA102S25	SES147	-2.77588	-46.0671	-43.2913
BLOCK10/SES102/SA102S27	SES007	-1.96214	-46.4712	-44.509
BLOCK10/SES102/SA102S27	SES101	-0.998581	-45.5076	-44.509
BLOCK10/SES102/SA102S27	SES105	-1.58369	-46.0927	-44.509
BLOCK10/SES102/SA102S27	SES147	-1.9948	-46.5038	-44.509
BLOCK10/SES103/SA103S14	SES105	-2.50715	-47.5965	-45.0894
BLOCK10/SES103/SA103S14	SES106	-1.81776	-46.9071	-45.0894
BLOCK10/SES103/SA103S14	SES120	-2.05107	-47.1405	-45.0894
BLOCK10/SES103/SA103S14	SES206	-2.02515	-47.1145	-45.0894
BLOCK10/SES103/SA103S15	SES099	-1.45503	-48.4333	-46.9783
BLOCK10/SES103/SA103S15	SES101	-3.14619	-50.1245	-46.9783
BLOCK10/SES103/SA103S15	SES104	-1.27207	-48.2504	-46.9783
BLOCK10/SES103/SA103S15	SES125	-2.06935	-49.0476	-46.9783
BLOCK10/SES103/SA103S24	SES104	-1.60954	-46.7196	-45.11
BLOCK10/SES103/SA103S24	SES125	-1.38654	-46.4966	-45.11
BLOCK10/SES103/SA103S24	SES148	-2.19368	-47.3037	-45.11
BLOCK10/SES103/SA103S24	SES158	-1.79644	-46.9065	-45.11
BLOCK10/SES103/SA103S26	SES104	-1.54679	-47.1309	-45.5841
BLOCK10/SES103/SA103S26	SES106	-1.26125	-46.8454	-45.5841
BLOCK10/SES103/SA103S26	SES125	-1.8074	-47.3915	-45.5841
BLOCK10/SES103/SA103S26	SES148	-2.86138	-48.4455	-45.5841
BLOCK10/SES103/SA103S28	SES104	-1.55837	-48.0746	-46.5162
BLOCK10/SES103/SA103S28	SES106	-2.01219	-48.5284	-46.5162
BLOCK10/SES103/SA103S28	SES125	-1.79078	-48.307	-46.5162
BLOCK10/SES103/SA103S28	SES206	-1.88635	-48.4026	-46.5162
BLOCK12/SES121/SA121S12	SES042	-2.06883	-47.9705	-45.9017
BLOCK12/SES121/SA121S12	SES087	-1.4171	-47.3188	-45.9017
BLOCK12/SES121/SA121S12	SES105	-1.47336	-47.3751	-45.9017
BLOCK12/SES121/SA121S12	SES206	-1.14954	-47.0512	-45.9017
BLOCK12/SES121/SA121S14	SES007	-2.00219	-48.3493	-46.3472
BLOCK12/SES121/SA121S14	SES105	-1.98785	-48.335	-46.3472
BLOCK12/SES121/SA121S14	SES106	-2.24304	-48.5902	-46.3472
BLOCK12/SES121/SA121S14	SES206	-2.0158	-48.363	-46.3472
BLOCK12/SES121/SA121S23	SES105	-1.95967	-48.7786	-46.8189
BLOCK12/SES121/SA121S23	SES106	-0.901688	-47.7206	-46.8189
BLOCK12/SES121/SA121S23	SES120	-1.58401	-48.4029	-46.8189
BLOCK12/SES121/SA121S23	SES206	-0.759777	-47.5787	-46.8189
BLOCK12/SES121/SA121S25	SES007	-1.5307	-48.6898	-47.1591
BLOCK12/SES121/SA121S25	SES105	-1.53314	-48.6922	-47.1591
BLOCK12/SES121/SA121S25	SES106	-1.64074	-48.7998	-47.1591
BLOCK12/SES121/SA121S25	SES206	-1.6441	-48.8032	-47.1591
BLOCK12/SES121/SA121S27	SES087	-0.29771	-46.8805	-46.5828
BLOCK12/SES121/SA121S27	SES105	-2.87794	-49.4607	-46.5828
BLOCK12/SES121/SA121S27	SES120	-0.961773	-47.5445	-46.5828
BLOCK12/SES121/SA121S27	SES206	-1.40016	-47.9829	-46.5828
BLOCK12/SES124/SA124S16	SES042	-1.15435	-45.0532	-43.8988
BLOCK12/SES124/SA124S16	SES082	-0.990112	-44.8889	-43.8988
BLOCK12/SES124/SA124S16	SES183	-1.89726	-45.7961	-43.8988
BLOCK12/SES124/SA124S16	SES206	-1.42051	-45.3193	-43.8988
BLOCK12/SES124/SA124S17	SES105	-1.8831	-46.8693	-44.9862
BLOCK12/SES124/SA124S17	SES149	-2.2044	-47.1906	-44.9862
BLOCK12/SES124/SA124S17	SES158	-2.9395	-47.9257	-44.9862
BLOCK12/SES124/SA124S17	SES275	-1.72406	-46.7103	-44.9862
BLOCK12/SES124/SA124S23	SES105	-2.39325	-45.6569	-43.2637
BLOCK12/SES124/SA124S23	SES125	-0.227627	-43.4913	-43.2637
BLOCK12/SES124/SA124S23	SES129	-2.15287	-45.4165	-43.2637
BLOCK12/SES124/SA124S23	SES158	-1.32795	-44.5916	-43.2637
BLOCK12/SES124/SA124S26	SES105	-2.90307	-46.7802	-43.8771
BLOCK12/SES124/SA124S26	SES125	0.00566483	-43.8715	-43.8771
BLOCK12/SES124/SA124S26	SES129	-2.55721	-46.4343	-43.8771
BLOCK12/SES124/SA124S26	SES158	-1.82536	-45.7025	-43.8771
BLOCK12/SES124/SA124S28	SES104	-0.721752	-44.211	-43.4893
BLOCK12/SES124/SA124S28	SES106	-1.61696	-45.1062	-43.4893
BLOCK12/SES124/SA124S28	SES125	-0.436676	-43.9259	-43.4893
BLOCK12/SES124/SA124S28	SES275	-2.25211	-45.7414	-43.4893
BLOCK12/SES126/SA126S13	SES007	-3.23289	-49.461	-46.2281
BLOCK12/SES126/SA126S13	SES162	-2.2654	-48.4935	-46.2281
BLOCK12/SES126/SA126S13	SES177	-1.72934	-47.9575	-46.2281
BLOCK12/SES126/SA126S13	SES180	-2.07225	-48.3004	-46.2281
BLOCK12/SES126/SA126S14	SES144	-1.18999	-45.2835	-44.0936
BLOCK12/SES126/SA126S14	SES148	-2.65818	-46.7517	-44.0936
BLOCK12/SES126/SA126S14	SES177	-1.22045	-45.314	-44.0936
BLOCK12/SES126/SA126S14	SES180	-1.83983	-45.9334	-44.0936
BLOCK12/SES126/SA126S20	SES007	-2.47577	-46.9861	-44.5103
BLOCK12/SES126/SA126S20	SES162	-2.52915	-47.0394	-44.5103
BLOCK12/SES126/SA126S20	SES172	-3.83432	-48.3446	-44.5103
BLOCK12/SES126/SA126S20	SES180	-2.56364	-47.0739	-44.5103
BLOCK12/SES126/SA126S24	SES120	-1.68492	-45.8184	-44.1335
BLOCK12/SES126/SA126S24	SES162	-1.69409	-45.8275	-44.1335
BLOCK12/SES126/SA126S24	SES177	-1.37536	-45.5088	-44.1335
BLOCK12/SES126/SA126S24	SES180	-1.18425	-45.3177	-44.1335
BLOCK12/SES126/SA126S26	SES120	-1.60316	-46.7975	-45.1944
BLOCK12/SES126/SA126S26	SES177	-1.45716	-46.6515	-45.1944
BLOCK12/SES126/SA126S26	SES180	-1.51215	-46.7065	-45.1944
BLOCK12/SES126/SA126S26	SES202	-2.84671	-48.0411	-45.1944
BLOCK12/SES128/SA128S10	SES087	-2.55978	-46.98	-44.4203
BLOCK12/SES128/SA128S10	SES206	-1.99409	-46.4144	-44.4203
BLOCK12/SES128/SA128S10	SES226	-0.864311	-45.2846	-44.4203
BLOCK12/SES128/SA128S10	SES270	-1.24364	-45.6639	-44.4203
BLOCK12/SES128/SA128S12	SES120	-1.2705	-45.6803	-44.4098
BLOCK12/SES128/SA128S12	SES158	-1.89203	-46.3018	-44.4098
BLOCK12/SES128/SA128S12	SES206	-1.06876	-45.4785	-44.4098
BLOCK12/SES128/SA128S12	SES226	-0.989403	-45.3992	-44.4098
BLOCK12/SES128/SA128S21	SES106	-2.90654	-48.6137	-45.7071
BLOCK12/SES128/SA128S21	SES120	-1.96714	-47.6743	-45.7071
BLOCK12/SES128/SA128S21	SES206	-2.32551	-48.0326	-45.7071
BLOCK12/SES128/SA128S21	SES226	-0.777256	-46.4844	-45.7071
BLOCK12/SES128/SA128S24	SES087	-1.78985	-46.821	-45.0311
BLOCK12/SES128/SA128S24	SES120	-1.13395	-46.1651	-45.0311
BLOCK12/SES128/SA128S24	SES206	-1.21703	-46.2481	-45.0311
BLOCK12/SES128/SA128S24	SES226	-1.00301	-46.0341	-45.0311
BLOCK12/SES128/SA128S27	SES099	-0.0883789	-43.901	-43.8126
BLOCK12/SES128/SA128S27	SES120	-1.22301	-45.0356	-43.8126
BLOCK12/SES128/SA128S27	SES206	-0.783916	-44.5966	-43.8126
BLOCK12/SES128/SA128S27	SES226	-0.612209	-44.4248	-43.8126
BLOCK13/SES130/SA130S13	SES143	-2.30272	-47.4037	-45.101
BLOCK13/SES130/SA130S13	SES144	-1.03748	-46.1385	-45.101
BLOCK13/SES130/SA130S13	SES146	-1.61077	-46.7118	-45.101
BLOCK13/SES130/SA130S13	SES275	-3.52209	-48.6231	-45.101
BLOCK13/SES130/SA130S15	SES143	-2.3671	-46.7685	-44.4014
BLOCK13/SES130/SA130S15	SES144	-1.11346	-45.5149	-44.4014
BLOCK13/SES130/SA130S15	SES146	-0.859058	-45.2605	-44.4014
BLOCK13/SES130/SA130S15	SES275	-1.82439	-46.2258	-44.4014
BLOCK13/SES130/SA130S23	SES127	-2.91962	-49.1124	-46.1927
BLOCK13/SES130/SA130S23	SES144	-1.74572	-47.9384	-46.1927
BLOCK13/SES130/SA130S23	SES146	-0.816891	-47.0096	-46.1927
BLOCK13/SES130/SA130S23	SES162	-1.95505	-48.1478	-46.1927
BLOCK13/SES130/SA130S25	SES127	-1.63514	-45.2762	-43.641
BLOCK13/SES130/SA130S25	SES144	-0.798119	-44.4392	-43.641
BLOCK13/SES130/SA130S25	SES146	-0.928391	-44.5694	-43.641
BLOCK13/SES130/SA130S25	SES275	-1.06717	-44.7082	-43.641
BLOCK13/SES130/SA130S28	SES127	-2.09999	-46.6004	-44.5004
BLOCK13/SES130/SA130S28	SES144	-1.42206	-45.9225	-44.5004
BLOCK13/SES130/SA130S28	SES146	-1.32207	-45.8225	-44.5004
BLOCK13/SES130/SA130S28	SES275	-1.43663	-45.937	-44.5004
BLOCK13/SES131/SA131S13	SES002	-2.44385	-49.4662	-47.0224
BLOCK13/SES131/SA131S13	SES007	-2.79267	-49.815	-47.0224
BLOCK13/SES131/SA131S13	SES099	-1.53616	-48.5585	-47.0224
BLOCK13/SES131/SA131S13	SES105	-1.85167	-48.874	-47.0224
BLOCK13/SES131/SA131S14	SES104	-1.29235	-45.853	-44.5606
BLOCK13/SES131/SA131S14	SES106	-1.29729	-45.8579	-44.5606
BLOCK13/SES131/SA131S14	SES125	-1.37078	-45.9314	-44.5606
BLOCK13/SES131/SA131S14	SES148	-1.37968	-45.9403	-44.5606
BLOCK13/SES131/SA131S20	SES104	-2.44316	-49.0276	-46.5844
BLOCK13/SES131/SA131S20	SES106	-2.28998	-48.8744	-46.5844
BLOCK13/SES131/SA131S20	SES125	-2.13655	-48.721	-46.5844
BLOCK13/SES131/SA131S20	SES148	-2.28233	-48.8668	-46.5844
BLOCK13/SES131/SA131S22	SES099	-1.04572	-45.9205	-44.8748
BLOCK13/SES131/SA131S22	SES104	-2.05124	-46.926	-44.8748
BLOCK13/SES131/SA131S22	SES125	-1.53188	-46.4066	-44.8748
BLOCK13/SES131/SA131S22	SES206	-1.80757	-46.6823	-44.8748
BLOCK13/SES131/SA131S29	SES087	-1.7763	-47.9674	-46.1912
BLOCK13/SES131/SA131S29	SES104	-2.36592	-48.5571	-46.1912
BLOCK13/SES131/SA131S29	SES125	-2.08138	-48.2725	-46.1912
BLOCK13/SES131/SA131S29	SES206	-1.94085	-48.132	-46.1912
BLOCK13/SES132/SA132S11	SES083	-2.14087	-45.8515	-43.7106
BLOCK13/SES132/SA132S11	SES120	-0.594738	-44.3053	-43.7106
BLOCK13/SES132/SA132S11	SES127	-1.27116	-44.9817	-43.7106
BLOCK13/SES132/SA132S11	SES275	-1.55988	-45.2705	-43.7106
BLOCK13/SES132/SA132S12	SES083	-2.2515	-46.1839	-43.9324
BLOCK13/SES132/SA132S12	SES143	-2.42012	-46.3525	-43.9324
BLOCK13/SES132/SA132S12	SES144	-1.19363	-45.126	-43.9324
BLOCK13/SES132/SA132S12	SES148	-1.73042	-45.6628	-43.9324
BLOCK13/SES132/SA132S22	SES062	-1.21205	-45.1354	-43.9234
BLOCK13/SES132/SA132S22	SES083	-1.66234	-45.5857	-43.9234
BLOCK13/SES132/SA132S22	SES127	-1.33435	-45.2577	-43.9234
BLOCK13/SES132/SA132S22	SES275	-1.21135	-45.1347	-43.9234
BLOCK13/SES132/SA132S24	SES007	-1.33276	-44.8427	-43.5099
BLOCK13/SES132/SA132S24	SES083	-2.339	-45.8489	-43.5099
BLOCK13/SES132/SA132S24	SES127	-1.8945	-45.4044	-43.5099
BLOCK13/SES132/SA132S24	SES275	-1.58244	-45.0924	-43.5099
BLOCK13/SES132/SA132S27	SES083	-2.61721	-47.4074	-44.7901
BLOCK13/SES132/SA132S27	SES120	-0.672565	-45.4627	-44.7901
BLOCK13/SES132/SA132S27	SES127	-2.05287	-46.843	-44.7901
BLOCK13/SES132/SA132S27	SES275	-2.2898	-47.0799	-44.7901
BLOCK14/SES141/SA141S09	SES143	-1.2341	-45.6705	-44.4364
BLOCK14/SES141/SA141S09	SES144	-1.21591	-45.6523	-44.4364
BLOCK14/SES141/SA141S09	SES162	-1.30292	-45.7393	-44.4364
BLOCK14/SES141/SA141S09	SES180	-1.31913	-45.7555	-44.4364
BLOCK14/SES141/SA141S15	SES127	-1.4761	-45.8692	-44.3931
BLOCK14/SES141/SA141S15	SES144	-1.18699	-45.5801	-44.3931
BLOCK14/SES141/SA141S15	SES162	-2.0789	-46.472	-44.3931
BLOCK14/SES141/SA141S15	SES180	-0.88097	-45.2741	-44.3931
BLOCK14/SES141/SA141S24	SES127	-0.931786	-44.9059	-43.9741
BLOCK14/SES141/SA141S24	SES144	-1.68556	-45.6597	-43.9741
BLOCK14/SES141/SA141S24	SES162	-1.03014	-45.0042	-43.9741
BLOCK14/SES141/SA141S24	SES183	-2.30945	-46.2836	-43.9741
BLOCK14/SES141/SA141S26	SES142	-1.76273	-46.79	-45.0272
BLOCK14/SES141/SA141S26	SES144	-1.42827	-46.4555	-45.0272
BLOCK14/SES141/SA141S26	SES172	-1.34248	-46.3697	-45.0272
BLOCK14/SES141/SA141S26	SES180	-1.05505	-46.0823	-45.0272
BLOCK14/SES141/SA141S29	SES127	-0.992733	-44.9849	-43.9921
BLOCK14/SES141/SA141S29	SES142	-0.57724	-44.5694	-43.9921
BLOCK14/SES141/SA141S29	SES144	-1.36539	-45.3575	-43.9921
BLOCK14/SES141/SA141S29	SES180	-0.623539	-44.6157	-43.9921
BLOCK15/SES157/SA157S08	SES083	-2.73543	-47.8408	-45.1054
BLOCK15/SES157/SA157S08	SES127	-2.72182	-47.8272	-45.1054
BLOCK15/SES157/SA157S08	SES148	-1.69176	-46.7971	-45.1054
BLOCK15/SES157/SA157S08	SES292	-2.72629	-47.8316	-45.1054
BLOCK15/SES157/SA157S11	SES083	-2.43085	-46.8547	-44.4239
BLOCK15/SES157/SA157S11	SES127	-2.47879	-46.9027	-44.4239
BLOCK15/SES157/SA157S11	SES148	-1.47757	-45.9014	-44.4239
BLOCK15/SES157/SA157S11	SES292	-2.25351	-46.6774	-44.4239
BLOCK15/SES157/SA157S21	SES127	-1.55452	-46.3201	-44.7656
BLOCK15/SES157/SA157S21	SES148	-0.726707	-45.4923	-44.7656
BLOCK15/SES157/SA157S21	SES158	-4.50119	-49.2668	-44.7656
BLOCK15/SES157/SA157S21	SES292	-1.74438	-46.51	-44.7656
BLOCK15/SES157/SA157S24	SES127	-2.35236	-46.3981	-44.0458
BLOCK15/SES157/SA157S24	SES148	-2.04427	-46.09	-44.0458
BLOCK15/SES157/SA157S24	SES183	-2.35285	-46.3986	-44.0458
BLOCK15/SES157/SA157S24	SES292	-2.752	-46.7978	-44.0458
BLOCK15/SES157/SA157S26	SES007	-1.19157	-44.6732	-43.4817
BLOCK15/SES157/SA157S26	SES127	-1.43685	-44.9185	-43.4817
BLOCK15/SES157/SA157S26	SES147	-2.76299	-46.2446	-43.4817
BLOCK15/SES157/SA157S26	SES148	-1.80006	-45.2817	-43.4817
BLOCK16/SES161/SA161S10	SES007	-1.79257	-47.2571	-45.4645
BLOCK16/SES161/SA161S10	SES105	-1.51914	-46.9836	-45.4645
BLOCK16/SES161/SA161S10	SES158	-2.34919	-47.8137	-45.4645
BLOCK16/SES161/SA161S10	SES275	-1.30184	-46.7663	-45.4645
BLOCK16/SES161/SA161S12	SES007	-1.88304	-47.3217	-45.4386
BLOCK16/SES161/SA161S12	SES105	-1.51809	-46.9567	-45.4386
BLOCK16/SES161/SA161S12	SES158	-2.13278	-47.5714	-45.4386
BLOCK16/SES161/SA161S12	SES275	-1.12684	-46.5655	-45.4386
BLOCK16/SES161/SA161S20	SES007	-1.40923	-47.7621	-46.3528
BLOCK16/SES161/SA161S20	SES105	-1.32008	-47.6729	-46.3528
BLOCK16/SES161/SA161S20	SES158	-1.91258	-48.2654	-46.3528
BLOCK16/SES161/SA161S20	SES275	-1.32137	-47.6742	-46.3528
BLOCK16/SES161/SA161S23	SES007	-1.96023	-47.1385	-45.1783
BLOCK16/SES161/SA161S23	SES105	-1.52394	-46.7023	-45.1783
BLOCK16/SES161/SA161S23	SES148	-2.01063	-47.189	-45.1783
BLOCK16/SES161/SA161S23	SES158	-2.35432	-47.5326	-45.1783
BLOCK16/SES161/SA161S28	SES007	-2.01427	-46.9445	-44.9302
BLOCK16/SES161/SA161S28	SES105	-2.18747	-47.1177	-44.9302
BLOCK16/SES161/SA161S28	SES158	-1.5549	-46.4851	-44.9302
BLOCK16/SES161/SA161S28	SES206	-1.01886	-45.9491	-44.9302
BLOCK16/SES164/SA164S11	SES104	-1.2384	-46.8081	-45.5697
BLOCK16/SES164/SA164S11	SES125	-0.804985	-46.3747	-45.5697
BLOCK16/SES164/SA164S11	SES158	-2.1063	-47.676	-45.5697
BLOCK16/SES164/SA164S11	SES206	-2.48069	-48.0504	-45.5697
BLOCK16/SES164/SA164S13	SES099	-1.83298	-48.333	-46.5
BLOCK16/SES164/SA164S13	SES104	-2.18901	-48.689	-46.5
BLOCK16/SES164/SA164S13	SES125	-2.29148	-48.7915	-46.5
BLOCK16/SES164/SA164S13	SES206	-3.23512	-49.7351	-46.5
BLOCK16/SES164/SA164S24	SES002	-1.00877	-46.4058	-45.397
BLOCK16/SES164/SA164S24	SES099	-0.747337	-46.1444	-45.397
BLOCK16/SES164/SA164S24	SES125	-2.25083	-47.6479	-45.397
BLOCK16/SES164/SA164S24	SES226	-0.309692	-45.7067	-45.397
BLOCK16/SES164/SA164S27	SES087	-2.00379	-48.6522	-46.6484
BLOCK16/SES164/SA164S27	SES125	-1.34631	-47.9947	-46.6484
BLOCK16/SES164/SA164S27	SES206	-3.01646	-49.6648	-46.6484
BLOCK16/SES164/SA164S27	SES226	-0.303284	-46.9517	-46.6484
BLOCK16/SES164/SA164S29	SES002	-0.0452385	-45.7204	-45.6752
BLOCK16/SES164/SA164S29	SES019	-1.23328	-46.9085	-45.6752
BLOCK16/SES164/SA164S29	SES125	-1.27567	-46.9508	-45.6752
BLOCK16/SES164/SA164S29	SES226	-0.975925	-46.6511	-45.6752
BLOCK16/SES169/SA169S13	SES117	-2.19902	-46.8338	-44.6348
BLOCK16/SES169/SA169S13	SES144	-1.64581	-46.2806	-44.6348
BLOCK16/SES169/SA169S13	SES146	-1.95846	-46.5933	-44.6348
BLOCK16/SES169/SA169S13	SES162	-2.22758	-46.8624	-44.6348
BLOCK16/SES169/SA169S14	SES144	-1.01598	-44.3771	-43.3612
BLOCK16/SES169/SA169S14	SES148	-1.30958	-44.6707	-43.3612
BLOCK16/SES169/SA169S14	SES177	-1.61752	-44.9787	-43.3612
BLOCK16/SES169/SA169S14	SES180	-2.44688	-45.808	-43.3612
BLOCK16/SES169/SA169S24	SES117	-2.01471	-47.5625	-45.5478
BLOCK16/SES169/SA169S24	SES144	-1.08556	-46.6333	-45.5478
BLOCK16/SES169/SA169S24	SES146	-1.83488	-47.3827	-45.5478
BLOCK16/SES169/SA169S24	SES162	-1.86721	-47.415	-45.5478
BLOCK16/SES169/SA169S27	SES127	-1.9437	-46.4735	-44.5298
BLOCK16/SES169/SA169S27	SES129	-1.22819	-45.758	-44.5298
BLOCK16/SES169/SA169S27	SES144	-1.46278	-45.9926	-44.5298
BLOCK16/SES169/SA169S27	SES146	-0.953629	-45.4834	-44.5298
BLOCK16/SES169/SA169S29	SES144	-1.00715	-44.9254	-43.9183
BLOCK16/SES169/SA169S29	SES162	-1.41267	-45.331	-43.9183
BLOCK16/SES169/SA169S29	SES177	-2.38736	-46.3056	-43.9183
BLOCK16/SES169/SA169S29	SES180	-2.24951	-46.1678	-43.9183
BLOCK17/SES171/SA171S12	SES083	-1.875	-47.5371	-45.6621
BLOCK17/SES171/SA171S12	SES148	-1.89415	-47.5562	-45.6621
BLOCK17/SES171/SA171S12	SES172	-1.86124	-47.5233	-45.6621
BLOCK17/SES171/SA171S12	SES292	-2.83154	-48.4936	-45.6621
BLOCK17/SES171/SA171S15	SES148	-1.92352	-48.194	-46.2705
BLOCK17/SES171/SA171S15	SES177	-1.78688	-48.0573	-46.2705
BLOCK17/SES171/SA171S15	SES180	-4.16983	-50.4403	-46.2705
BLOCK17/SES171/SA171S15	SES292	-4.16589	-50.4364	-46.2705
BLOCK17/SES171/SA171S22	SES007	-2.94636	-47.6055	-44.6592
BLOCK17/SES171/SA171S22	SES148	-1.7686	-46.4278	-44.6592
BLOCK17/SES171/SA171S22	SES177	-1.10594	-45.7651	-44.6592
BLOCK17/SES171/SA171S22	SES180	-2.44524	-47.1044	-44.6592
BLOCK17/SES171/SA171S25	SES101	-3.45181	-49.2991	-45.8473
BLOCK17/SES171/SA171S25	SES120	-4.02299	-49.8702	-45.8473
BLOCK17/SES171/SA171S25	SES177	-2.63554	-48.4828	-45.8473
BLOCK17/SES171/SA171S25	SES180	-3.30889	-49.1561	-45.8473
BLOCK17/SES171/SA171S27	SES177	-1.3085	-46.2566	-44.9481
BLOCK17/SES171/SA171S27	SES180	-2.68676	-47.6348	-44.9481
BLOCK17/SES171/SA171S27	SES189	-1.58855	-46.5366	-44.9481
BLOCK17/SES171/SA171S27	SES292	-3.32927	-48.2773	-44.9481
BLOCK17/SES173/SA173S13	SES162	-3.13336	-48.9643	-45.831
BLOCK17/SES173/SA173S13	SES177	-2.73959	-48.5706	-45.831
BLOCK17/SES173/SA173S13	SES180	-3.67168	-49.5027	-45.831
BLOCK17/SES173/SA173S13	SES292	-3.39692	-49.2279	-45.831
BLOCK17/SES173/SA173S14	SES007	-4.53682	-50.8155	-46.2787
BLOCK17/SES173/SA173S14	SES162	-2.7369	-49.0156	-46.2787
BLOCK17/SES173/SA173S14	SES177	-2.72086	-48.9995	-46.2787
BLOCK17/SES173/SA173S14	SES180	-4.1214	-50.4001	-46.2787
BLOCK17/SES173/SA173S24	SES144	-1.9992	-48.9119	-46.9127
BLOCK17/SES173/SA173S24	SES162	-3.21614	-50.1288	-46.9127
BLOCK17/SES173/SA173S24	SES177	-2.21107	-49.1237	-46.9127
BLOCK17/SES173/SA173S24	SES180	-3.66443	-50.5771	-46.9127
BLOCK17/SES173/SA173S27	SES162	-3.73231	-49.5918	-45.8594
BLOCK17/SES173/SA173S27	SES177	-2.47092	-48.3304	-45.8594
BLOCK17/SES173/SA173S27	SES180	-3.12267	-48.9821	-45.8594
BLOCK17/SES173/SA173S27	SES292	-3.88948	-49.7489	-45.8594
BLOCK17/SES173/SA173S29	SES162	-2.85608	-49.5509	-46.6948
BLOCK17/SES173/SA173S29	SES175	-1.54124	-48.236	-46.6948
BLOCK17/SES173/SA173S29	SES177	-1.68599	-48.3808	-46.6948
BLOCK17/SES173/SA173S29	SES292	-3.74994	-50.4447	-46.6948
BLOCK18/SES182/SA182S10	SES144	-1.16158	-45.1188	-43.9572
BLOCK18/SES182/SA182S10	SES177	-1.68203	-45.6393	-43.9572
BLOCK18/SES182/SA182S10	SES180	-2.68388	-46.6411	-43.9572
BLOCK18/SES182/SA182S10	SES275	-1.23085	-45.1881	-43.9572
BLOCK18/SES182/SA182S12	SES144	-0.428341	-44.5454	-44.117
BLOCK18/SES182/SA182S12	SES177	-1.24928	-45.3663	-44.117
BLOCK18/SES182/SA182S12	SES180	-1.98179	-46.0988	-44.117
BLOCK18/SES182/SA182S12	SES275	-1.4965	-45.6135	-44.117
BLOCK18/SES182/SA182S21	SES117	-1.37112	-46.6285	-45.2574
BLOCK18/SES182/SA182S21	SES144	-1.12319	-46.3806	-45.2574
BLOCK18/SES182/SA182S21	SES162	-1.15676	-46.4142	-45.2574
BLOCK18/SES182/SA182S21	SES180	-2.59787	-47.8553	-45.2574
BLOCK18/SES182/SA182S23	SES117	-1.45631	-46.5209	-45.0646
BLOCK18/SES182/SA182S23	SES144	-1.16434	-46.229	-45.0646
BLOCK18/SES182/SA182S23	SES180	-2.29494	-47.3596	-45.0646
BLOCK18/SES182/SA182S23	SES275	-1.54386	-46.6085	-45.0646
BLOCK18/SES182/SA182S25	SES007	-0.769455	-45.5271	-44.7576
BLOCK18/SES182/SA182S25	SES162	-0.579678	-45.3373	-44.7576
BLOCK18/SES182/SA182S25	SES177	-0.844681	-45.6023	-44.7576
BLOCK18/SES182/SA182S25	SES180	-1.28354	-46.0411	-44.7576
BLOCK18/SES184/SA184S12	SES177	-1.59716	-46.2515	-44.6543
BLOCK18/SES184/SA184S12	SES180	-1.81367	-46.468	-44.6543
BLOCK18/SES184/SA184S12	SES189	-3.1958	-47.8501	-44.6543
BLOCK18/SES184/SA184S12	SES292	-2.38545	-47.0398	-44.6543
BLOCK18/SES184/SA184S13	SES101	-2.08419	-46.8666	-44.7824
BLOCK18/SES184/SA184S13	SES177	-2.2402	-47.0226	-44.7824
BLOCK18/SES184/SA184S13	SES180	-2.04498	-46.8274	-44.7824
BLOCK18/SES184/SA184S13	SES292	-2.36622	-47.1487	-44.7824
BLOCK18/SES184/SA184S22	SES177	-1.60553	-45.3755	-43.77
BLOCK18/SES184/SA184S22	SES180	-1.61777	-45.3878	-43.77
BLOCK18/SES184/SA184S22	SES189	-3.33615	-47.1061	-43.77
BLOCK18/SES184/SA184S22	SES292	-2.79868	-46.5687	-43.77
BLOCK18/SES184/SA184S25	SES101	-1.58659	-45.1201	-43.5335
BLOCK18/SES184/SA184S25	SES177	-2.19795	-45.7315	-43.5335
BLOCK18/SES184/SA184S25	SES180	-1.85707	-45.3906	-43.5335
BLOCK18/SES184/SA184S25	SES292	-2.12976	-45.6633	-43.5335
BLOCK18/SES184/SA184S27	SES083	-2.50114	-47.0083	-44.5072
BLOCK18/SES184/SA184S27	SES177	-1.29913	-45.8063	-44.5072
BLOCK18/SES184/SA184S27	SES202	-2.43189	-46.939	-44.5072
BLOCK18/SES184/SA184S27	SES292	-1.93116	-46.4383	-44.5072
BLOCK20/SES204/SA204S12	SES062	-1.99447	-45.6604	-43.6659
BLOCK20/SES204/SA204S12	SES083	-2.8173	-46.4832	-43.6659
BLOCK20/SES204/SA204S12	SES206	-1.34185	-45.0078	-43.6659
BLOCK20/SES204/SA204S12	SES226	-2.16972	-45.8357	-43.6659
BLOCK20/SES204/SA204S14	SES068	-1.28077	-44.1252	-42.8444
BLOCK20/SES204/SA204S14	SES087	-0.465622	-43.31	-42.8444
BLOCK20/SES204/SA204S14	SES206	-1.8854	-44.7298	-42.8444
BLOCK20/SES204/SA204S14	SES226	-1.54212	-44.3865	-42.8444
BLOCK20/SES204/SA204S22	SES068	-1.75347	-45.6925	-43.9391
BLOCK20/SES204/SA204S22	SES082	-3.76479	-47.7039	-43.9391
BLOCK20/SES204/SA204S22	SES083	-3.47192	-47.411	-43.9391
BLOCK20/SES204/SA204S22	SES206	-1.40998	-45.349	-43.9391
BLOCK20/SES204/SA204S25	SES062	-2.79953	-46.8822	-44.0827
BLOCK20/SES204/SA204S25	SES083	-3.2612	-47.3439	-44.0827
BLOCK20/SES204/SA204S25	SES206	-1.48086	-45.5635	-44.0827
BLOCK20/SES204/SA204S25	SES226	-1.92344	-46.0061	-44.0827
BLOCK20/SES204/SA204S27	SES068	-1.42564	-46.4752	-45.0495
BLOCK20/SES204/SA204S27	SES082	-3.46811	-48.5177	-45.0495
BLOCK20/SES204/SA204S27	SES087	-1.3605	-46.4101	-45.0495
BLOCK20/SES204/SA204S27	SES206	-2.14358	-47.1931	-45.0495
BLOCK20/SES207/SA207S10	SES127	-1.11604	-45.4324	-44.3164
BLOCK20/SES207/SA207S10	SES183	-1.92282	-46.2392	-44.3164
BLOCK20/SES207/SA207S10	SES189	-1.84229	-46.1586	-44.3164
BLOCK20/SES207/SA207S10	SES292	-2.15821	-46.4746	-44.3164
BLOCK20/SES207/SA207S11	SES127	-3.41503	-49.1518	-45.7368
BLOCK20/SES207/SA207S11	SES183	-2.22925	-47.966	-45.7368
BLOCK20/SES207/SA207S11	SES187	-2.17318	-47.9099	-45.7368
BLOCK20/SES207/SA207S11	SES292	-2.0976	-47.8344	-45.7368
BLOCK20/SES207/SA207S25	SES068	-1.72163	-46.7522	-45.0305
BLOCK20/SES207/SA207S25	SES083	-3.29969	-48.3302	-45.0305
BLOCK20/SES207/SA207S25	SES127	-1.63339	-46.6639	-45.0305
BLOCK20/SES207/SA207S25	SES187	-1.40785	-46.4384	-45.0305
BLOCK20/SES207/SA207S27	SES127	-2.09784	-47.5177	-45.4198
BLOCK20/SES207/SA207S27	SES183	-1.37827	-46.7981	-45.4198
BLOCK20/SES207/SA207S27	SES187	-2.12068	-47.5405	-45.4198
BLOCK20/SES207/SA207S27	SES292	-2.70378	-48.1236	-45.4198
BLOCK20/SES207/SA207S29	SES083	-3.29964	-48.0686	-44.769
BLOCK20/SES207/SA207S29	SES085	-1.3104	-46.0794	-44.769
BLOCK20/SES207/SA207S29	SES172	-2.15314	-46.9221	-44.769
BLOCK20/SES207/SA207S29	SES189	-3.27078	-48.0397	-44.769
BLOCK22/SES221/SA221S12	SES068	-2.76899	-46.8787	-44.1098
BLOCK22/SES221/SA221S12	SES143	-2.19185	-46.3016	-44.1098
BLOCK22/SES221/SA221S12	SES175	-0.758823	-44.8686	-44.1098
BLOCK22/SES221/SA221S12	SES202	-1.29491	-45.4047	-44.1098
BLOCK22/SES221/SA221S15	SES085	-2.12288	-48.1464	-46.0235
BLOCK22/SES221/SA221S15	SES143	-2.54585	-48.5694	-46.0235
BLOCK22/SES221/SA221S15	SES175	-2.13171	-48.1552	-46.0235
BLOCK22/SES221/SA221S15	SES187	-1.75511	-47.7786	-46.0235
BLOCK22/SES221/SA221S23	SES068	-2.402	-47.0435	-44.6415
BLOCK22/SES221/SA221S23	SES143	-2.02152	-46.663	-44.6415
BLOCK22/SES221/SA221S23	SES175	-0.937401	-45.5789	-44.6415
BLOCK22/SES221/SA221S23	SES189	-0.822952	-45.4644	-44.6415
BLOCK22/SES221/SA221S27	SES085	-3.30356	-48.4408	-45.1373
BLOCK22/SES221/SA221S27	SES143	-1.57823	-46.7155	-45.1373
BLOCK22/SES221/SA221S27	SES175	-1.90044	-47.0377	-45.1373
BLOCK22/SES221/SA221S27	SES189	-0.498783	-45.6361	-45.1373
BLOCK22/SES221/SA221S29	SES085	-2.76794	-48.4126	-45.6447
BLOCK22/SES221/SA221S29	SES143	-1.53973	-47.1844	-45.6447
BLOCK22/SES221/SA221S29	SES175	-1.72482	-47.3695	-45.6447
BLOCK22/SES221/SA221S29	SES187	-1.13648	-46.7812	-45.6447
BLOCK22/SES223/SA223S11	SES143	-1.35655	-47.153	-45.7964
BLOCK22/SES223/SA223S11	SES144	-2.91684	-48.7132	-45.7964
BLOCK22/SES223/SA223S11	SES175	-1.45378	-47.2502	-45.7964
BLOCK22/SES223/SA223S11	SES187	-1.85537	-47.6518	-45.7964
BLOCK22/SES223/SA223S13	SES068	-2.48842	-48.8197	-46.3313
BLOCK22/SES223/SA223S13	SES143	-2.12746	-48.4588	-46.3313
BLOCK22/SES223/SA223S13	SES146	-3.52265	-49.854	-46.3313
BLOCK22/SES223/SA223S13	SES202	-1.65989	-47.9912	-46.3313
BLOCK22/SES223/SA223S22	SES143	-1.66945	-47.3205	-45.651
BLOCK22/SES223/SA223S22	SES144	-2.69461	-48.3456	-45.651
BLOCK22/SES223/SA223S22	SES175	-1.80603	-47.4571	-45.651
BLOCK22/SES223/SA223S22	SES187	-1.28042	-46.9315	-45.651
BLOCK22/SES223/SA223S25	SES068	-2.12844	-47.7059	-45.5775
BLOCK22/SES223/SA223S25	SES143	-1.55283	-47.1303	-45.5775
BLOCK22/SES223/SA223S25	SES175	-0.779411	-46.3569	-45.5775
BLOCK22/SES223/SA223S25	SES187	-1.60767	-47.1851	-45.5775
BLOCK22/SES223/SA223S27	SES143	-1.30423	-47.544	-46.2398
BLOCK22/SES223/SA223S27	SES146	-2.56711	-48.8069	-46.2398
BLOCK22/SES223/SA223S27	SES187	-1.6908	-47.9306	-46.2398
BLOCK22/SES223/SA223S27	SES292	-3.39884	-49.6386	-46.2398
BLOCK27/SES273/SA273S12	SES099	-0.370197	-43.2646	-42.8945
BLOCK27/SES273/SA273S12	SES104	-0.882462	-43.7769	-42.8945
BLOCK27/SES273/SA273S12	SES125	-1.38244	-44.2769	-42.8945
BLOCK27/SES273/SA273S12	SES206	-0.678329	-43.5728	-42.8945
BLOCK27/SES273/SA273S13	SES099	-1.09617	-44.2054	-43.1093
BLOCK27/SES273/SA273S13	SES104	-1.57166	-44.6809	-43.1093
BLOCK27/SES273/SA273S13	SES206	-1.55797	-44.6672	-43.1093
BLOCK27/SES273/SA273S13	SES292	-1.14799	-44.2573	-43.1093
BLOCK27/SES273/SA273S21	SES099	-0.684795	-44.1463	-43.4615
BLOCK27/SES273/SA273S21	SES148	-1.89873	-45.3602	-43.4615
BLOCK27/SES273/SA273S21	SES149	-2.10436	-45.5659	-43.4615
BLOCK27/SES273/SA273S21	SES177	-2.41266	-45.8742	-43.4615
BLOCK27/SES273/SA273S25	SES104	-1.31755	-44.5531	-43.2355
BLOCK27/SES273/SA273S25	SES125	-1.55529	-44.7908	-43.2355
BLOCK27/SES273/SA273S25	SES158	-0.782936	-44.0185	-43.2355
BLOCK27/SES273/SA273S25	SES206	-0.780491	-44.016	-43.2355
BLOCK27/SES273/SA273S27	SES099	-0.575165	-43.9343	-43.3591
BLOCK27/SES273/SA273S27	SES104	-1.51695	-44.8761	-43.3591
BLOCK27/SES273/SA273S27	SES149	-1.1275	-44.4866	-43.3591
BLOCK27/SES273/SA273S27	SES275	-1.47984	-44.839	-43.3591
BLOCK27/SES274/SA274S10	SES105	-2.07068	-45.5028	-43.4321
BLOCK27/SES274/SA274S10	SES125	-2.0737	-45.5058	-43.4321
BLOCK27/SES274/SA274S10	SES129	-0.526955	-43.959	-43.4321
BLOCK27/SES274/SA274S10	SES158	-4.54922	-47.9813	-43.4321
BLOCK27/SES274/SA274S11	SES105	-1.6194	-44.8812	-43.2618
BLOCK27/SES274/SA274S11	SES149	-1.38369	-44.6455	-43.2618
BLOCK27/SES274/SA274S11	SES158	-2.49596	-45.7577	-43.2618
BLOCK27/SES274/SA274S11	SES275	-0.594971	-43.8568	-43.2618
BLOCK27/SES274/SA274S21	SES105	-2.01299	-45.1305	-43.1175
BLOCK27/SES274/SA274S21	SES129	-0.449875	-43.5674	-43.1175
BLOCK27/SES274/SA274S21	SES149	-2.25362	-45.3711	-43.1175
BLOCK27/SES274/SA274S21	SES158	-4.45108	-47.5686	-43.1175
BLOCK27/SES274/SA274S24	SES105	-2.08442	-45.2774	-43.193
BLOCK27/SES274/SA274S24	SES129	-1.30894	-44.5019	-43.193
BLOCK27/SES274/SA274S24	SES149	-3.16573	-46.3587	-43.193
BLOCK27/SES274/SA274S24	SES158	-5.23555	-48.4285	-43.193
BLOCK27/SES274/SA274S29	SES105	-2.12327	-46.0469	-43.9236
BLOCK27/SES274/SA274S29	SES106	-4.05616	-47.9798	-43.9236
BLOCK27/SES274/SA274S29	SES120	-1.18342	-45.1071	-43.9236
BLOCK27/SES274/SA274S29	SES275	-1.13533	-45.059	-43.9236
BLOCK27/SES276/SA276S16	SES148	-1.86686	-46.7369	-44.8701
BLOCK27/SES276/SA276S16	SES172	-1.61878	-46.4888	-44.8701
BLOCK27/SES276/SA276S16	SES180	-3.95122	-48.8213	-44.8701
BLOCK27/SES276/SA276S16	SES292	-1.52682	-46.3969	-44.8701
BLOCK27/SES276/SA276S17	SES101	-1.80619	-46.3896	-44.5835
BLOCK27/SES276/SA276S17	SES177	-2.26309	-46.8465	-44.5835
BLOCK27/SES276/SA276S17	SES180	-2.2625	-46.8459	-44.5835
BLOCK27/SES276/SA276S17	SES292	-2.23786	-46.8213	-44.5835
BLOCK27/SES276/SA276S24	SES101	-1.56052	-44.8039	-43.2434
BLOCK27/SES276/SA276S24	SES177	-1.43079	-44.6742	-43.2434
BLOCK27/SES276/SA276S24	SES180	-2.05672	-45.3002	-43.2434
BLOCK27/SES276/SA276S24	SES292	-2.73433	-45.9778	-43.2434
BLOCK27/SES276/SA276S26	SES101	-2.09208	-46.3719	-44.2798
BLOCK27/SES276/SA276S26	SES177	-1.8823	-46.1621	-44.2798
BLOCK27/SES276/SA276S26	SES180	-2.21376	-46.4935	-44.2798
BLOCK27/SES276/SA276S26	SES292	-1.58147	-45.8613	-44.2798
BLOCK27/SES276/SA276S28	SES101	-1.72624	-45.9543	-44.228
BLOCK27/SES276/SA276S28	SES177	-2.35735	-46.5854	-44.228
BLOCK27/SES276/SA276S28	SES180	-1.94145	-46.1695	-44.228
BLOCK27/SES276/SA276S28	SES292	-1.9091	-46.1371	-44.228
BLOCK27/SES277/SA277S12	SES101	-1.45433	-46.7753	-45.321
BLOCK27/SES277/SA277S12	SES177	-2.22794	-47.5489	-45.321
BLOCK27/SES277/SA277S12	SES180	-2.91483	-48.2358	-45.321
BLOCK27/SES277/SA277S12	SES292	-3.73095	-49.052	-45.321
BLOCK27/SES277/SA277S14	SES177	-1.32405	-47.1121	-45.788
BLOCK27/SES277/SA277S14	SES180	-1.63236	-47.4204	-45.788
BLOCK27/SES277/SA277S14	SES189	-1.29113	-47.0791	-45.788
BLOCK27/SES277/SA277S14	SES292	-3.35966	-49.1477	-45.788
BLOCK27/SES277/SA277S21	SES177	-0.986698	-45.2069	-44.2202
BLOCK27/SES277/SA277S21	SES180	-2.11261	-46.3329	-44.2202
BLOCK27/SES277/SA277S21	SES189	-1.88557	-46.1058	-44.2202
BLOCK27/SES277/SA277S21	SES292	-2.71249	-46.9327	-44.2202
BLOCK27/SES277/SA277S24	SES144	-1.70471	-47.5344	-45.8297
BLOCK27/SES277/SA277S24	SES177	-1.61879	-47.4485	-45.8297
BLOCK27/SES277/SA277S24	SES180	-2.53391	-48.3636	-45.8297
BLOCK27/SES277/SA277S24	SES189	-1.21246	-47.0422	-45.8297
BLOCK27/SES277/SA277S29	SES177	-1.26386	-44.6494	-43.3855
BLOCK27/SES277/SA277S29	SES180	-1.7671	-45.1526	-43.3855
BLOCK27/SES277/SA277S29	SES202	-1.79083	-45.1763	-43.3855
BLOCK27/SES277/SA277S29	SES292	-2.26771	-45.6532	-43.3855
BLOCK27/SES279/SA279S09	SES120	-1.1761	-44.8599	-43.6838
BLOCK27/SES279/SA279S09	SES146	-1.60242	-45.2862	-43.6838
BLOCK27/SES279/SA279S09	SES206	-1.56411	-45.2479	-43.6838
BLOCK27/SES279/SA279S09	SES226	-2.17914	-45.8629	-43.6838
BLOCK27/SES279/SA279S10	SES099	-0.630653	-44.526	-43.8953
BLOCK27/SES279/SA279S10	SES206	-1.37565	-45.271	-43.8953
BLOCK27/SES279/SA279S10	SES226	-1.46962	-45.3649	-43.8953
BLOCK27/SES279/SA279S10	SES292	-0.434055	-44.3294	-43.8953
BLOCK27/SES279/SA279S20	SES099	-1.19828	-45.1582	-43.9599
BLOCK27/SES279/SA279S20	SES206	-0.697117	-44.657	-43.9599
BLOCK27/SES279/SA279S20	SES226	-1.74147	-45.7014	-43.9599
BLOCK27/SES279/SA279S20	SES292	-0.47551	-44.4354	-43.9599
BLOCK27/SES279/SA279S26	SES099	-1.33568	-45.3087	-43.973
BLOCK27/SES279/SA279S26	SES206	-1.04682	-45.0198	-43.973
BLOCK27/SES279/SA279S26	SES226	-1.1795	-45.1525	-43.973
BLOCK27/SES279/SA279S26	SES292	-0.668999	-44.642	-43.973
BLOCK27/SES279/SA279S28	SES099	-1.01896	-43.827	-42.8081
BLOCK27/SES279/SA279S28	SES120	-1.33073	-44.1388	-42.8081
BLOCK27/SES279/SA279S28	SES177	-2.39663	-45.2047	-42.8081
BLOCK27/SES279/SA279S28	SES206	-1.24973	-44.0578	-42.8081
BLOCK29/SES290/SA290S12	SES162	-2.16774	-45.5107	-43.3429
BLOCK29/SES290/SA290S12	SES177	-2.12617	-45.4691	-43.3429
BLOCK29/SES290/SA290S12	SES180	-2.78021	-46.1231	-43.3429
BLOCK29/SES290/SA290S12	SES292	-3.65837	-47.0013	-43.3429
BLOCK29/SES290/SA290S13	SES007	-3.69506	-48.2659	-44.5708
BLOCK29/SES290/SA290S13	SES162	-3.20152	-47.7723	-44.5708
BLOCK29/SES290/SA290S13	SES177	-1.445	-46.0158	-44.5708
BLOCK29/SES290/SA290S13	SES180	-1.57758	-46.1484	-44.5708
BLOCK29/SES290/SA290S22	SES177	-1.3293	-45.4914	-44.1621
BLOCK29/SES290/SA290S22	SES180	-1.57398	-45.7361	-44.1621
BLOCK29/SES290/SA290S22	SES202	-2.28394	-46.4461	-44.1621
BLOCK29/SES290/SA290S22	SES292	-3.1258	-47.2879	-44.1621
BLOCK29/SES290/SA290S25	SES162	-1.88547	-45.5489	-43.6635
BLOCK29/SES290/SA290S25	SES177	-1.72493	-45.3884	-43.6635
BLOCK29/SES290/SA290S25	SES180	-2.26684	-45.9303	-43.6635
BLOCK29/SES290/SA290S25	SES292	-3.04619	-46.7096	-43.6635
BLOCK29/SES290/SA290S29	SES177	-0.498817	-44.7914	-44.2926
BLOCK29/SES290/SA290S29	SES180	-1.26163	-45.5542	-44.2926
BLOCK29/SES290/SA290S29	SES275	-2.46679	-46.7594	-44.2926
BLOCK29/SES290/SA290S29	SES292	-2.52585	-46.8184	-44.2926
BLOCK29/SES291/SA291S11	SES105	-2.82971	-47.3082	-44.4785
BLOCK29/SES291/SA291S11	SES125	-1.24487	-45.7234	-44.4785
BLOCK29/SES291/SA291S11	SES158	-1.62419	-46.1027	-44.4785
BLOCK29/SES291/SA291S11	SES275	-2.44351	-46.922	-44.4785
BLOCK29/SES291/SA291S12	SES158	0.215153	-43.2104	-43.4256
BLOCK29/SES291/SA291S12	SES226	-1.28556	-44.7111	-43.4256
BLOCK29/SES291/SA291S12	SES270	0.63855	-42.787	-43.4256
BLOCK29/SES291/SA291S12	SES275	-2.97712	-46.4027	-43.4256
BLOCK29/SES291/SA291S22	SES082	-1.21639	-45.2636	-44.0473
BLOCK29/SES291/SA291S22	SES158	-1.10479	-45.152	-44.0473
BLOCK29/SES291/SA291S22	SES259	-1.20554	-45.2528	-44.0473
BLOCK29/SES291/SA291S22	SES275	-2.57627	-46.6235	-44.0473
BLOCK29/SES291/SA291S24	SES104	-0.190872	-43.4567	-43.2658
BLOCK29/SES291/SA291S24	SES125	-0.393406	-43.6592	-43.2658
BLOCK29/SES291/SA291S24	SES158	-0.558319	-43.8242	-43.2658
BLOCK29/SES291/SA291S24	SES275	-2.61836	-45.8842	-43.2658
BLOCK29/SES291/SA291S27	SES158	-0.863621	-44.1612	-43.2976
BLOCK29/SES291/SA291S27	SES172	-3.19384	-46.4914	-43.2976
BLOCK29/SES291/SA291S27	SES275	-2.9022	-46.1998	-43.2976
BLOCK29/SES291/SA291S27	SES292	-1.4304	-44.728	-43.2976
