BLOCK00/SES002/SA002S12	SES002	1.24861	-45.5926	-46.8412
BLOCK00/SES002/SA002S13	SES002	1.87895	-45.4705	-47.3495
BLOCK00/SES002/SA002S23	SES002	1.4802	-45.5079	-46.9881
BLOCK00/SES002/SA002S26	SES002	1.78077	-45.1811	-46.9618
BLOCK00/SES002/SA002S28	SES002	1.27824	-45.8386	-47.1169
BLOCK00/SES007/SA007S14	SES007	1.43455	-44.5069	-45.9414
BLOCK00/SES007/SA007S15	SES007	0.38311	-46.4635	-46.8466
BLOCK00/SES007/SA007S24	SES007	0.591206	-46.2306	-46.8218
BLOCK00/SES007/SA007S27	SES007	0.479809	-46.9071	-47.3869
BLOCK00/SES007/SA007S29	SES007	0.294781	-45.9196	-46.2143
BLOCK00/SES008/SA008S11	SES008	1.22204	-45.8697	-47.0917
BLOCK00/SES008/SA008S12	SES008	0.33099	-47.0513	-47.3823
BLOCK00/SES008/SA008S19	SES008	1.75915	-45.2409	-47
BLOCK00/SES008/SA008S22	SES008	1.26188	-46.0148	-47.2767
BLOCK00/SES008/SA008S29	SES008	0.920521	-46.0073	-46.9278
BLOCK01/SES014/SA014S10	SES014	2.37487	-45.2406	-47.6155
BLOCK01/SES014/SA014S12	SES014	2.68743	-43.4007	-46.0881
BLOCK01/SES014/SA014S24	SES014	1.64555	-45.3941	-47.0397
BLOCK01/SES014/SA014S26	SES014	2.26532	-43.3334	-45.5987
BLOCK01/SES014/SA014S28	SES014	2.69653	-43.5426	-46.2391
BLOCK01/SES016/SA016S12	SES016	0.668583	-47.8974	-48.5659
BLOCK01/SES016/SA016S13	SES016	1.336	-46.1807	-47.5167
BLOCK01/SES016/SA016S22	SES016	0.611885	-46.8663	-47.4782
BLOCK01/SES016/SA016S25	SES016	1.27643	-44.4957	-45.7722
BLOCK01/SES016/SA016S27	SES016	1.93496	-44.3314	-46.2664
BLOCK01/SES019/SA019S13	SES019	2.93666	-45.9861	-48.9228
BLOCK01/SES019/SA019S14	SES019	1.93555	-46.3423	-48.2779
BLOCK01/SES019/SA019S22	SES019	2.90038	-45.5949	-48.4953
BLOCK01/SES019/SA019S25	SES019	2.81754	-46.0393	-48.8568
BLOCK01/SES019/SA019S29	SES019	3.23208	-45.8032	-49.0353
BLOCK02/SES029/SA029S11	SES029	1.51121	-45.3038	-46.815
BLOCK02/SES029/SA029S12	SES029	0.374428	-46.0817	-46.4561
BLOCK02/SES029/SA029S20	SES029	0.809078	-46.7392	-47.5483
BLOCK02/SES029/SA029S25	SES029	0.512714	-45.6464	-46.1591
BLOCK02/SES029/SA029S28	SES029	0.632618	-46.1938	-46.8264
BLOCK04/SES042/SA042S12	SES042	2.58305	-44.4038	-46.9869
BLOCK04/SES042/SA042S15	SES042	2.12851	-45.2391	-47.3676
BLOCK04/SES042/SA042S22	SES042	3.2129	-43.4286	-46.6415
BLOCK04/SES042/SA042S25	SES042	2.09818	-46.0612	-48.1594
BLOCK04/SES042/SA042S27	SES042	1.89316	-44.7864	-46.6796
BLOCK04/SES048/SA048S11	SES048	1.18974	-45.8519	-47.0416
BLOCK04/SES048/SA048S12	SES048	0.598633	-46.171	-46.7697
BLOCK04/SES048/SA048S20	SES048	0.677502	-45.8558	-46.5333
BLOCK04/SES048/SA048S23	SES048	1.33209	-46.2205	-47.5526
BLOCK04/SES048/SA048S27	SES048	0.795822	-45.3751	-46.1709
BLOCK06/SES060/SA060S11	SES060	1.35765	-45.528	-46.8857
BLOCK06/SES060/SA060S12	SES060	-0.627579	-47.0215	-46.394
BLOCK06/SES060/SA060S22	SES060	-0.175858	-47.6623	-47.4864
BLOCK06/SES060/SA060S24	SES060	0.821396	-45.7748	-46.5962
BLOCK06/SES060/SA060S28	SES060	0.95121	-44.1188	-45.07
BLOCK06/SES062/SA062S10	SES062	0.839783	-46.0364	-46.8762
BLOCK06/SES062/SA062S11	SES062	1.31893	-45.1574	-46.4764
BLOCK06/SES062/SA062S21	SES062	2.2745	-43.1296	-45.4041
BLOCK06/SES062/SA062S26	SES062	0.806553	-44.8664	-45.673
BLOCK06/SES062/SA062S29	SES062	1.4255	-44.291	-45.7165
BLOCK06/SES068/SA068S14	SES068	0.280563	-46.2614	-46.5419
BLOCK06/SES068/SA068S15	SES068	0.960903	-44.9073	-45.8682
BLOCK06/SES068/SA068S23	SES068	0.469578	-46.8658	-47.3353
BLOCK06/SES068/SA068S27	SES068	1.53176	-44.4097	-45.9415
BLOCK06/SES068/SA068S29	SES068	0.74015	-45.7162	-46.4563
BLOCK08/SES082/SA082S12	SES082	0.981625	-47.2964	-48.278
BLOCK08/SES082/SA082S14	SES082	0.637146	-47.5883	-48.2254
BLOCK08/SES082/SA082S21	SES082	0.81424	-46.8348	-47.649
BLOCK08/SES082/SA082S24	SES082	0.995216	-46.5286	-47.5238
BLOCK08/SES082/SA082S28	SES082	0.141865	-47.5171	-47.6589
BLOCK08/SES083/SA083S14	SES083	-0.701927	-47.1221	-46.4202
BLOCK08/SES083/SA083S15	SES083	0.123447	-46.37	-46.4934
BLOCK08/SES083/SA083S24	SES083	0.0118103	-46.6757	-46.6875
BLOCK08/SES083/SA083S26	SES083	0.9911	-45.6005	-46.5916
BLOCK08/SES083/SA083S29	SES083	-0.477627	-46.6523	-46.1747
BLOCK08/SES085/SA085S10	SES085	-0.0489197	-46.5684	-46.5195
BLOCK08/SES085/SA085S13	SES085	0.242832	-46.5847	-46.8275
BLOCK08/SES085/SA085S22	SES085	-1.05845	-47.6507	-46.5922
BLOCK08/SES085/SA085S26	SES085	-0.469315	-46.7857	-46.3164
BLOCK08/SES085/SA085S28	SES085	0.700829	-45.9438	-46.6447
BLOCK08/SES087/SA087S15	SES087	1.82006	-45.9343	-47.7544
BLOCK08/SES087/SA087S16	SES087	1.75785	-45.9298	-47.6876
BLOCK08/SES087/SA087S24	SES087	1.98117	-45.9035	-47.8847
BLOCK08/SES087/SA087S26	SES087	1.49599	-44.7559	-46.2518
BLOCK08/SES087/SA087S29	SES087	1.8881	-45.9266	-47.8147
BLOCK09/SES099/SA099S15	SES099	1.26826	-46.8626	-48.1309
BLOCK09/SES099/SA099S16	SES099	1.33606	-46.2033	-47.5394
BLOCK09/SES099/SA099S24	SES099	1.40287	-45.7451	-47.148
BLOCK09/SES099/SA099S26	SES099	1.57344	-45.6464	-47.2198
BLOCK09/SES099/SA099S29	SES099	1.54786	-45.787	-47.3348
BLOCK10/SES101/SA101S11	SES101	0.31459	-45.9109	-46.2254
BLOCK10/SES101/SA101S13	SES101	0.747635	-45.2897	-46.0374
BLOCK10/SES101/SA101S22	SES101	0.915142	-46.4333	-47.3484
BLOCK10/SES101/SA101S24	SES101	1.2482	-45.5538	-46.802
BLOCK10/SES101/SA101S28	SES101	0.13686	-46.6365	-46.7733
BLOCK10/SES104/SA104S11	SES104	1.31791	-44.9063	-46.2242
BLOCK10/SES104/SA104S12	SES104	1.3642	-45.1056	-46.4698
BLOCK10/SES104/SA104S21	SES104	1.17194	-45.8022	-46.9741
BLOCK10/SES104/SA104S24	SES104	0.87513	-46.5175	-47.3926
BLOCK10/SES104/SA104S28	SES104	0.897758	-46.4284	-47.3262
BLOCK10/SES105/SA105S12	SES105	0.604187	-47.2448	-47.849
BLOCK10/SES105/SA105S13	SES105	1.1141	-46.637	-47.7511
BLOCK10/SES105/SA105S22	SES105	0.330524	-47.8009	-48.1314
BLOCK10/SES105/SA105S26	SES105	1.38368	-46.3988	-47.7824
BLOCK10/SES105/SA105S29	SES105	0.79924	-46.4418	-47.241
BLOCK10/SES106/SA106S09	SES106	1.28379	-47.2108	-48.4946
BLOCK10/SES106/SA106S11	SES106	1.51876	-45.4534	-46.9721
BLOCK10/SES106/SA106S22	SES106	2.69557	-45.5874	-48.2829
BLOCK10/SES106/SA106S27	SES106	1.30115	-46.116	-47.4171
BLOCK10/SES106/SA106S29	SES106	0.836781	-46.2178	-47.0546
BLOCK11/SES117/SA117S12	SES117	0.726955	-46.6809	-47.4078
BLOCK11/SES117/SA117S13	SES117	0.575253	-46.33	-46.9053
BLOCK11/SES117/SA117S23	SES117	1.3879	-47.0471	-48.435
BLOCK11/SES117/SA117S25	SES117	1.08217	-46.9065	-47.9887
BLOCK11/SES117/SA117S28	SES117	1.19805	-46.972	-48.17
BLOCK12/SES120/SA120S08	SES120	0.910629	-47.8027	-48.7133
BLOCK12/SES120/SA120S11	SES120	1.10322	-48.4848	-49.588
BLOCK12/SES120/SA120S22	SES120	0.342636	-47.0319	-47.3746
BLOCK12/SES120/SA120S24	SES120	0.446915	-47.4662	-47.9132
BLOCK12/SES120/SA120S28	SES120	0.620972	-48.3298	-48.9508
BLOCK12/SES125/SA125S13	SES125	1.89241	-44.9961	-46.8885
BLOCK12/SES125/SA125S14	SES125	1.20264	-46.0348	-47.2374
BLOCK12/SES125/SA125S25	SES125	1.94339	-45.2749	-47.2183
BLOCK12/SES125/SA125S27	SES125	1.98511	-44.5607	-46.5458
BLOCK12/SES125/SA125S29	SES125	1.98009	-45.1461	-47.1262
BLOCK12/SES127/SA127S11	SES127	1.18185	-46.1869	-47.3688
BLOCK12/SES127/SA127S12	SES127	-0.370396	-46.5539	-46.1835
BLOCK12/SES127/SA127S23	SES127	0.192913	-46.605	-46.7979
BLOCK12/SES127/SA127S25	SES127	-0.642796	-47.3352	-46.6925
BLOCK12/SES127/SA127S27	SES127	0.838078	-45.7492	-46.5872
BLOCK12/SES129/SA129S11	SES129	1.3255	-45.252	-46.5775
BLOCK12/SES129/SA129S12	SES129	1.3641	-45.0226	-46.3867
BLOCK12/SES129/SA129S22	SES129	1.3458	-45.7232	-47.069
BLOCK12/SES129/SA129S27	SES129	1.5934	-45.0862	-46.6796
BLOCK12/SES129/SA129S29	SES129	1.66956	-44.8712	-46.5408
BLOCK14/SES142/SA142S11	SES142	1.29674	-46.3362	-47.6329
BLOCK14/SES142/SA142S12	SES142	0.853821	-46.8747	-47.7285
BLOCK14/SES142/SA142S24	SES142	1.25541	-46.2514	-47.5068
BLOCK14/SES142/SA142S27	SES142	1.7618	-45.7863	-47.5481
BLOCK14/SES142/SA142S29	SES142	2.02606	-44.868	-46.8941
BLOCK14/SES143/SA143S12	SES143	0.9538	-46.4606	-47.4144
BLOCK14/SES143/SA143S13	SES143	0.71817	-46.8162	-47.5344
BLOCK14/SES143/SA143S23	SES143	0.853344	-46.8795	-47.7328
BLOCK14/SES143/SA143S25	SES143	0.615761	-46.6413	-47.2571
BLOCK14/SES143/SA143S28	SES143	0.726776	-45.9021	-46.6289
BLOCK14/SES144/SA144S09	SES144	0.893906	-46.2265	-47.1204
BLOCK14/SES144/SA144S11	SES144	0.668968	-47.2156	-47.8846
BLOCK14/SES144/SA144S21	SES144	0.181297	-47.2066	-47.3879
BLOCK14/SES144/SA144S25	SES144	0.546978	-47.2669	-47.8139
BLOCK14/SES144/SA144S29	SES144	0.0224953	-47.1092	-47.1317
BLOCK14/SES146/SA146S14	SES146	0.598331	-47.2451	-47.8435
BLOCK14/SES146/SA146S15	SES146	0.306667	-47.2068	-47.5135
BLOCK14/SES146/SA146S24	SES146	0.561371	-46.8721	-47.4335
BLOCK14/SES146/SA146S26	SES146	0.987534	-47.1715	-48.159
BLOCK14/SES146/SA146S29	SES146	0.608498	-47.751	-48.3595
BLOCK14/SES147/SA147S11	SES147	2.00579	-46.2281	-48.2339
BLOCK14/SES147/SA147S13	SES147	2.12831	-45.2163	-47.3446
BLOCK14/SES147/SA147S23	SES147	1.43673	-46.8126	-48.2493
BLOCK14/SES147/SA147S26	SES147	1.33406	-46.7097	-48.0438
BLOCK14/SES147/SA147S28	SES147	1.91946	-45.9986	-47.918
BLOCK14/SES148/SA148S10	SES148	1.26966	-45.7886	-47.0583
BLOCK14/SES148/SA148S12	SES148	0.670536	-46.9113	-47.5819
BLOCK14/SES148/SA148S22	SES148	1.12539	-45.366	-46.4914
BLOCK14/SES148/SA148S26	SES148	0.0286369	-46.565	-46.5936
BLOCK14/SES148/SA148S29	SES148	0.555431	-46.7669	-47.3224
BLOCK14/SES149/SA149S13	SES149	0.134525	-47.0073	-47.1418
BLOCK14/SES149/SA149S14	SES149	0.62273	-45.9234	-46.5461
BLOCK14/SES149/SA149S24	SES149	1.18555	-46.074	-47.2596
BLOCK14/SES149/SA149S26	SES149	1.78507	-45.5583	-47.3434
BLOCK14/SES149/SA149S28	SES149	2.18095	-44.7682	-46.9491
BLOCK15/SES158/SA158S13	SES158	1.08488	-46.8411	-47.9259
BLOCK15/SES158/SA158S14	SES158	1.94388	-46.4817	-48.4256
BLOCK15/SES158/SA158S23	SES158	0.893921	-46.599	-47.4929
BLOCK15/SES158/SA158S26	SES158	1.70563	-46.239	-47.9446
BLOCK15/SES158/SA158S28	SES158	1.12572	-46.738	-47.8637
BLOCK16/SES162/SA162S10	SES162	0.810253	-47.3237	-48.1339
BLOCK16/SES162/SA162S11	SES162	0.938499	-46.026	-46.9645
BLOCK16/SES162/SA162S21	SES162	1.5382	-45.9197	-47.4579
BLOCK16/SES162/SA162S24	SES162	0.817699	-46.6618	-47.4795
BLOCK16/SES162/SA162S27	SES162	1.27582	-46.6041	-47.8799
BLOCK16/SES167/SA167S14	SES167	0.844151	-45.1361	-45.9802
BLOCK16/SES167/SA167S15	SES167	1.17184	-46.0594	-47.2313
BLOCK16/SES167/SA167S21	SES167	1.36672	-44.8501	-46.2169
BLOCK16/SES167/SA167S25	SES167	1.75314	-45.5507	-47.3039
BLOCK16/SES167/SA167S29	SES167	1.77043	-44.67	-46.4405
BLOCK17/SES172/SA172S12	SES172	1.1708	-45.8687	-47.0395
BLOCK17/SES172/SA172S13	SES172	1.74356	-45.891	-47.6345
BLOCK17/SES172/SA172S23	SES172	0.920654	-44.694	-45.6147
BLOCK17/SES172/SA172S27	SES172	0.753189	-46.3962	-47.1494
BLOCK17/SES172/SA172S29	SES172	1.6307	-45.4969	-47.1276
BLOCK17/SES175/SA175S11	SES175	1.24442	-45.9384	-47.1828
BLOCK17/SES175/SA175S13	SES175	0.998352	-46.032	-47.0304
BLOCK17/SES175/SA175S23	SES175	1.38935	-46.1596	-47.549
BLOCK17/SES175/SA175S25	SES175	0.878506	-47.5835	-48.462
BLOCK17/SES175/SA175S28	SES175	0.964931	-45.7706	-46.7355
BLOCK17/SES177/SA177S15	SES177	-0.21558	-47.0987	-46.8831
BLOCK17/SES177/SA177S17	SES177	0.223923	-46.5695	-46.7934
BLOCK17/SES177/SA177S23	SES177	0.0404701	-46.9122	-46.9527
BLOCK17/SES177/SA177S26	SES177	0.449329	-45.0149	-45.4642
BLOCK17/SES177/SA177S28	SES177	0.28249	-45.7242	-46.0067
BLOCK18/SES180/SA180S13	SES180	0.505554	-46.5205	-47.026
BLOCK18/SES180/SA180S15	SES180	0.32357	-46.9502	-47.2737
BLOCK18/SES180/SA180S24	SES180	0.630768	-45.2255	-45.8562
BLOCK18/SES180/SA180S26	SES180	0.680748	-45.9106	-46.5913
BLOCK18/SES180/SA180S29	SES180	0.77404	-46.6249	-47.3989
BLOCK18/SES183/SA183S13	SES183	0.612053	-47.4251	-48.0372
BLOCK18/SES183/SA183S14	SES183	0.362396	-47.1689	-47.5313
BLOCK18/SES183/SA183S24	SES183	1.03355	-46.8439	-47.8774
BLOCK18/SES183/SA183S27	SES183	1.13341	-46.4362	-47.5696
BLOCK18/SES183/SA183S29	SES183	0.997742	-46.1266	-47.1244
BLOCK18/SES187/SA187S13	SES187	0.452717	-47.4496	-47.9023
BLOCK18/SES187/SA187S14	SES187	0.589626	-47.1901	-47.7797
BLOCK18/SES187/SA187S24	SES187	0.755318	-46.4935	-47.2488
BLOCK18/SES187/SA187S27	SES187	0.8241	-46.4419	-47.266
BLOCK18/SES187/SA187S29	SES187	1.24356	-46.2668	-47.5103
BLOCK18/SES189/SA189S10	SES189	1.12067	-48.2252	-49.3458
BLOCK18/SES189/SA189S13	SES189	1.47488	-48.5506	-50.0255
BLOCK18/SES189/SA189S24	SES189	1.47049	-47.306	-48.7765
BLOCK18/SES189/SA189S26	SES189	1.05343	-47.336	-48.3894
BLOCK18/SES189/SA189S29	SES189	1.74999	-47.0103	-48.7603
BLOCK20/SES202/SA202S12	SES202	1.17455	-47.3363	-48.5108
BLOCK20/SES202/SA202S14	SES202	2.77035	-45.1942	-47.9645
BLOCK20/SES202/SA202S24	SES202	1.56073	-46.3328	-47.8936
BLOCK20/SES202/SA202S27	SES202	1.63204	-45.0633	-46.6953
BLOCK20/SES202/SA202S29	SES202	1.46576	-45.2643	-46.7301
BLOCK20/SES206/SA206S15	SES206	0.232376	-46.1792	-46.4115
BLOCK20/SES206/SA206S17	SES206	1.79114	-44.7658	-46.557
BLOCK20/SES206/SA206S24	SES206	1.46843	-45.039	-46.5074
BLOCK20/SES206/SA206S27	SES206	1.71576	-45.5677	-47.2835
BLOCK20/SES206/SA206S29	SES206	1.32334	-44.8665	-46.1899
BLOCK22/SES226/SA226S12	SES226	1.45016	-46.664	-48.1142
BLOCK22/SES226/SA226S13	SES226	-0.115055	-47.8366	-47.7216
BLOCK22/SES226/SA226S20	SES226	1.28894	-46.705	-47.994
BLOCK22/SES226/SA226S23	SES226	1.44938	-45.8484	-47.2978
BLOCK22/SES226/SA226S28	SES226	1.655	-45.6964	-47.3514
BLOCK25/SES259/SA259S13	SES259	3.09224	-44.3072	-47.3994
BLOCK25/SES259/SA259S14	SES259	1.70315	-45.505	-47.2081
BLOCK25/SES259/SA259S22	SES259	1.44365	-45.6079	-47.0515
BLOCK25/SES259/SA259S24	SES259	1.67613	-45.0152	-46.6913
BLOCK25/SES259/SA259S28	SES259	1.92809	-44.6508	-46.5789
BLOCK27/SES270/SA270S14	SES270	2.09108	-46.7201	-48.8112
BLOCK27/SES270/SA270S16	SES270	0.946484	-46.8414	-47.7879
BLOCK27/SES270/SA270S22	SES270	2.52595	-45.5855	-48.1114
BLOCK27/SES270/SA270S26	SES270	1.27319	-47.4895	-48.7627
BLOCK27/SES270/SA270S28	SES270	0.825073	-46.4361	-47.2612
BLOCK27/SES275/SA275S17	SES275	1.31676	-46.7058	-48.0225
BLOCK27/SES275/SA275S18	SES275	0.314404	-46.9	-47.2144
BLOCK27/SES275/SA275S24	SES275	0.359524	-48.0543	-48.4138
BLOCK27/SES275/SA275S26	SES275	1.06328	-46.143	-47.2063
BLOCK27/SES275/SA275S28	SES275	0.412773	-46.574	-46.9867
BLOCK29/SES292/SA292S10	SES292	0.258587	-47.047	-47.3056
BLOCK29/SES292/SA292S12	SES292	0.207756	-47.3416	-47.5494
BLOCK29/SES292/SA292S22	SES292	0.721985	-45.88	-46.602
BLOCK29/SES292/SA292S24	SES292	0.242947	-46.2486	-46.4915
BLOCK29/SES292/SA292S27	SES292	0.219822	-45.9104	-46.1303
BLOCK00/SES001/SA001S14	SES062	-1.59143	-49.4213	-47.8299
BLOCK00/SES001/SA001S14	SES082	-2.19892	-50.0288	-47.8299
BLOCK00/SES001/SA001S14	SES106	-2.44518	-50.2751	-47.8299
BLOCK00/SES001/SA001S14	SES206	-2.45787	-50.2878	-47.8299
BLOCK00/SES001/SA001S15	SES062	-2.25982	-49.1885	-46.9287
BLOCK00/SES001/SA001S15	SES104	-2.56282	-49.4915	-46.9287
BLOCK00/SES001/SA001S15	SES106	-2.83792	-49.7666	-46.9287
BLOCK00/SES001/SA001S15	SES206	-2.94739	-49.876	-46.9287
BLOCK00/SES001/SA001S24	SES062	-2.31121	-50.3105	-47.9993
BLOCK00/SES001/SA001S24	SES082	-2.29097	-50.2902	-47.9993
BLOCK00/SES001/SA001S24	SES087	-2.52225	-50.5215	-47.9993
BLOCK00/SES001/SA001S24	SES206	-1.72224	-49.7215	-47.9993
BLOCK00/SES001/SA001S27	SES062	-1.61996	-48.3389	-46.7189
BLOCK00/SES001/SA001S27	SES082	-1.98754	-48.7065	-46.7189
BLOCK00/SES001/SA001S27	SES087	-2.50118	-49.2201	-46.7189
BLOCK00/SES001/SA001S27	SES206	-2.51799	-49.2369	-46.7189
BLOCK00/SES001/SA001S29	SES062	-2.76151	-50.4805	-47.719
BLOCK00/SES001/SA001S29	SES082	-2.02885	-49.7479	-47.719
BLOCK00/SES001/SA001S29	SES158	-1.4577	-49.1767	-47.719
BLOCK00/SES001/SA001S29	SES206	-3.54663	-51.2656	-47.719
BLOCK00/SES003/SA003S11	SES002	-0.660805	-48.4457	-47.7849
BLOCK00/SES003/SA003S11	SES019	-0.836021	-48.6209	-47.7849
BLOCK00/SES003/SA003S11	SES082	0.222721	-47.5622	-47.7849
BLOCK00/SES003/SA003S11	SES125	-1.12244	-48.9073	-47.7849
BLOCK00/SES003/SA003S15	SES016	-2.51899	-49.6635	-47.1445
BLOCK00/SES003/SA003S15	SES019	-1.27689	-48.4214	-47.1445
BLOCK00/SES003/SA003S15	SES062	-2.03229	-49.1768	-47.1445
BLOCK00/SES003/SA003S15	SES206	-1.38937	-48.5339	-47.1445
BLOCK00/SES003/SA003S22	SES002	-2.04794	-49.1759	-47.128
BLOCK00/SES003/SA003S22	SES062	-1.29519	-48.4231	-47.128
BLOCK00/SES003/SA003S22	SES082	-0.967152	-48.0951	-47.128
BLOCK00/SES003/SA003S22	SES087	-1.55587	-48.6838	-47.128
BLOCK00/SES003/SA003S25	SES062	-2.2046	-50.1967	-47.9921
BLOCK00/SES003/SA003S25	SES082	-0.756393	-48.7484	-47.9921
BLOCK00/SES003/SA003S25	SES087	-1.17281	-49.1649	-47.9921
BLOCK00/SES003/SA003S25	SES206	-1.58031	-49.5724	-47.9921
BLOCK00/SES003/SA003S29	SES002	-1.5023	-49.216	-47.7137
BLOCK00/SES003/SA003S29	SES062	-2.32548	-50.0392	-47.7137
BLOCK00/SES003/SA003S29	SES082	-0.716389	-48.4301	-47.7137
BLOCK00/SES003/SA003S29	SES087	-1.694	-49.4077	-47.7137
BLOCK00/SES004/SA004S12	SES083	-2.64643	-50.0654	-47.419
BLOCK00/SES004/SA004S12	SES148	-1.88505	-49.304	-47.419
BLOCK00/SES004/SA004S12	SES172	-1.20935	-48.6283	-47.419
BLOCK00/SES004/SA004S12	SES292	-2.73581	-50.1548	-47.419
BLOCK00/SES004/SA004S17	SES083	-2.24121	-50.1652	-47.924
BLOCK00/SES004/SA004S17	SES162	-1.07026	-48.9943	-47.924
BLOCK00/SES004/SA004S17	SES172	-1.97328	-49.8973	-47.924
BLOCK00/SES004/SA004S17	SES292	-2.31983	-50.2439	-47.924
BLOCK00/SES004/SA004S24	SES083	-2.25339	-49.1309	-46.8775
BLOCK00/SES004/SA004S24	SES148	-1.66188	-48.5394	-46.8775
BLOCK00/SES004/SA004S24	SES172	-1.22792	-48.1054	-46.8775
BLOCK00/SES004/SA004S24	SES292	-1.91332	-48.7908	-46.8775
BLOCK00/SES004/SA004S26	SES083	-1.71308	-48.66	-46.9469
BLOCK00/SES004/SA004S26	SES127	-1.36104	-48.308	-46.9469
BLOCK00/SES004/SA004S26	SES148	-2.67172	-49.6186	-46.9469
BLOCK00/SES004/SA004S26	SES292	-2.13433	-49.0812	-46.9469
BLOCK00/SES004/SA004S28	SES083	-1.95782	-48.4234	-46.4656
BLOCK00/SES004/SA004S28	SES127	-1.40081	-47.8664	-46.4656
BLOCK00/SES004/SA004S28	SES187	-0.480824	-46.9464	-46.4656
BLOCK00/SES004/SA004S28	SES292	-2.9567	-49.4223	-46.4656
BLOCK00/SES006/SA006S10	SES014	-2.71046	-52.3224	-49.612
BLOCK00/SES006/SA006S10	SES158	-1.09	-50.702	-49.612
BLOCK00/SES006/SA006S10	SES226	-2.68515	-52.2971	-49.612
BLOCK00/SES006/SA006S10	SES270	-0.522816	-50.1348	-49.612
BLOCK00/SES006/SA006S11	SES158	-1.02675	-50.4786	-49.4519
BLOCK00/SES006/SA006S11	SES226	-1.7396	-51.1915	-49.4519
BLOCK00/SES006/SA006S11	SES270	-0.35878	-49.8107	-49.4519
BLOCK00/SES006/SA006S11	SES275	-3.13764	-52.5895	-49.4519
BLOCK00/SES006/SA006S23	SES062	-2.2552	-50.6152	-48.36
BLOCK00/SES006/SA006S23	SES105	-1.81968	-50.1797	-48.36
BLOCK00/SES006/SA006S23	SES158	-1.02874	-49.3888	-48.36
BLOCK00/SES006/SA006S23	SES275	-2.10075	-50.4608	-48.36
BLOCK00/SES006/SA006S26	SES104	-1.7834	-49.9184	-48.135
BLOCK00/SES006/SA006S26	SES158	-0.429134	-48.5641	-48.135
BLOCK00/SES006/SA006S26	SES270	0.232307	-47.9027	-48.135
BLOCK00/SES006/SA006S26	SES275	-2.76933	-50.9043	-48.135
BLOCK00/SES006/SA006S28	SES007	-2.39952	-51.3948	-48.9953
BLOCK00/SES006/SA006S28	SES105	-2.6172	-51.6125	-48.9953
BLOCK00/SES006/SA006S28	SES158	-1.40729	-50.4026	-48.9953
BLOCK00/SES006/SA006S28	SES275	-3.28178	-52.277	-48.9953
BLOCK00/SES009/SA009S12	SES083	-2.37852	-49.2802	-46.9017
BLOCK00/SES009/SA009S12	SES148	-1.1814	-48.0831	-46.9017
BLOCK00/SES009/SA009S12	SES177	-0.903839	-47.8055	-46.9017
BLOCK00/SES009/SA009S12	SES292	-1.04147	-47.9431	-46.9017
BLOCK00/SES009/SA009S15	SES007	0.0645256	-46.2062	-46.2708
BLOCK00/SES009/SA009S15	SES099	-8.46536	-54.7361	-46.2708
BLOCK00/SES009/SA009S15	SES148	-1.40927	-47.68	-46.2708
BLOCK00/SES009/SA009S15	SES172	-1.18729	-47.4581	-46.2708
BLOCK00/SES009/SA009S24	SES146	-1.01499	-47.3779	-46.3629
BLOCK00/SES009/SA009S24	SES148	-1.35971	-47.7226	-46.3629
BLOCK00/SES009/SA009S24	SES177	-0.378609	-46.7415	-46.3629
BLOCK00/SES009/SA009S24	SES292	-1.20915	-47.572	-46.3629
BLOCK00/SES009/SA009S26	SES083	-2.44159	-49.2142	-46.7726
BLOCK00/SES009/SA009S26	SES101	-1.9182	-48.6908	-46.7726
BLOCK00/SES009/SA009S26	SES120	-1.0429	-47.8155	-46.7726
BLOCK00/SES009/SA009S26	SES177	-0.975628	-47.7482	-46.7726
BLOCK00/SES009/SA009S29	SES083	-1.90408	-48.3739	-46.4699
BLOCK00/SES009/SA009S29	SES101	-1.36851	-47.8384	-46.4699
BLOCK00/SES009/SA009S29	SES177	-0.649982	-47.1198	-46.4699
BLOCK00/SES009/SA009S29	SES292	-1.39437	-47.8642	-46.4699
BLOCK01/SES011/SA011S10	SES019	-0.748756	-48.5322	-47.7835
BLOCK01/SES011/SA011S10	SES042	-0.634613	-48.4181	-47.7835
BLOCK01/SES011/SA011S10	SES082	-2.21716	-50.0006	-47.7835
BLOCK01/SES011/SA011S10	SES206	-1.06486	-48.8483	-47.7835
BLOCK01/SES011/SA011S11	SES019	-0.499825	-49.0099	-48.5101
BLOCK01/SES011/SA011S11	SES042	-1.22604	-49.7361	-48.5101
BLOCK01/SES011/SA011S11	SES082	-2.44544	-50.9555	-48.5101
BLOCK01/SES011/SA011S11	SES206	-0.608612	-49.1187	-48.5101
BLOCK01/SES011/SA011S22	SES019	-0.125511	-48.4151	-48.2896
BLOCK01/SES011/SA011S22	SES042	-0.715363	-49.005	-48.2896
BLOCK01/SES011/SA011S22	SES082	-1.43731	-49.7269	-48.2896
BLOCK01/SES011/SA011S22	SES206	-0.98629	-49.2759	-48.2896
BLOCK01/SES011/SA011S24	SES019	-0.36758	-47.8811	-47.5135
BLOCK01/SES011/SA011S24	SES042	-0.674664	-48.1882	-47.5135
BLOCK01/SES011/SA011S24	SES104	-1.2631	-48.7766	-47.5135
BLOCK01/SES011/SA011S24	SES206	-0.422333	-47.9358	-47.5135
BLOCK01/SES011/SA011S27	SES082	0.136208	-47.2604	-47.3967
BLOCK01/SES011/SA011S27	SES087	-0.799473	-48.1961	-47.3967
BLOCK01/SES011/SA011S27	SES125	-0.324524	-47.7212	-47.3967
BLOCK01/SES011/SA011S27	SES206	-0.123592	-47.5202	-47.3967
BLOCK01/SES012/SA012S11	SES007	-1.92805	-48.2362	-46.3081
BLOCK01/SES012/SA012S11	SES082	-1.30619	-47.6143	-46.3081
BLOCK01/SES012/SA012S11	SES083	-2.70066	-49.0088	-46.3081
BLOCK01/SES012/SA012S11	SES206	-0.737831	-47.046	-46.3081
BLOCK01/SES012/SA012S14	SES082	-1.34306	-48.4412	-47.0982
BLOCK01/SES012/SA012S14	SES087	-1.69883	-48.797	-47.0982
BLOCK01/SES012/SA012S14	SES206	-0.721954	-47.8201	-47.0982
BLOCK01/SES012/SA012S14	SES292	-3.49894	-50.5971	-47.0982
BLOCK01/SES012/SA012S24	SES082	0.118183	-47.954	-48.0721
BLOCK01/SES012/SA012S24	SES087	-0.795273	-48.8674	-48.0721
BLOCK01/SES012/SA012S24	SES120	-3.64349	-51.7156	-48.0721
BLOCK01/SES012/SA012S24	SES206	-0.414654	-48.4868	-48.0721
BLOCK01/SES012/SA012S26	SES019	-2.10737	-49.0567	-46.9494
BLOCK01/SES012/SA012S26	SES082	-2.15015	-49.0995	-46.9494
BLOCK01/SES012/SA012S26	SES206	-0.513554	-47.4629	-46.9494
BLOCK01/SES012/SA012S26	SES292	-2.81436	-49.7637	-46.9494
BLOCK01/SES012/SA012S29	SES062	-1.91202	-48.5411	-46.6291
BLOCK01/SES012/SA012S29	SES082	-0.773186	-47.4023	-46.6291
BLOCK01/SES012/SA012S29	SES083	-2.46228	-49.0914	-46.6291
BLOCK01/SES012/SA012S29	SES206	-0.920715	-47.5498	-46.6291
BLOCK01/SES013/SA013S16	SES062	-3.34378	-50.7023	-47.3585
BLOCK01/SES013/SA013S16	SES106	-0.501106	-47.8596	-47.3585
BLOCK01/SES013/SA013S16	SES206	-1.00755	-48.3661	-47.3585
BLOCK01/SES013/SA013S16	SES226	-0.404278	-47.7628	-47.3585
BLOCK01/SES013/SA013S17	SES062	-2.87101	-49.4265	-46.5555
BLOCK01/SES013/SA013S17	SES106	-0.857525	-47.413	-46.5555
BLOCK01/SES013/SA013S17	SES206	-0.205349	-46.7609	-46.5555
BLOCK01/SES013/SA013S17	SES226	0.195419	-46.3601	-46.5555
BLOCK01/SES013/SA013S23	SES104	-1.27096	-48.79	-47.519
BLOCK01/SES013/SA013S23	SES106	-0.176235	-47.6953	-47.519
BLOCK01/SES013/SA013S23	SES206	-0.772308	-48.2913	-47.519
BLOCK01/SES013/SA013S23	SES270	-0.167484	-47.6865	-47.519
BLOCK01/SES013/SA013S25	SES042	-1.51153	-48.4417	-46.9302
BLOCK01/SES013/SA013S25	SES104	-1.03819	-47.9684	-46.9302
BLOCK01/SES013/SA013S25	SES106	-0.161125	-47.0913	-46.9302
BLOCK01/SES013/SA013S25	SES206	-1.07924	-48.0094	-46.9302
BLOCK01/SES013/SA013S29	SES062	-3.70515	-50.9855	-47.2804
BLOCK01/SES013/SA013S29	SES104	-1.44072	-48.7211	-47.2804
BLOCK01/SES013/SA013S29	SES106	-0.133575	-47.4139	-47.2804
BLOCK01/SES013/SA013S29	SES206	-1.31964	-48.6	-47.2804
BLOCK02/SES021/SA021S13	SES016	-2.54461	-49.1805	-46.6359
BLOCK02/SES021/SA021S13	SES029	-2.47468	-49.1106	-46.6359
BLOCK02/SES021/SA021S13	SES087	-1.81012	-48.446	-46.6359
BLOCK02/SES021/SA021S13	SES206	-0.591007	-47.2269	-46.6359
BLOCK02/SES021/SA021S15	SES087	-1.41026	-46.938	-45.5277
BLOCK02/SES021/SA021S15	SES125	-0.98341	-46.5111	-45.5277
BLOCK02/SES021/SA021S15	SES206	-0.247356	-45.7751	-45.5277
BLOCK02/SES021/SA021S15	SES226	-1.87862	-47.4063	-45.5277
BLOCK02/SES021/SA021S23	SES062	-2.98805	-50.7167	-47.7286
BLOCK02/SES021/SA021S23	SES087	-1.90475	-49.6334	-47.7286
BLOCK02/SES021/SA021S23	SES206	-1.55752	-49.2862	-47.7286
BLOCK02/SES021/SA021S23	SES226	-1.1756	-48.9042	-47.7286
BLOCK02/SES021/SA021S27	SES002	-1.45155	-47.9245	-46.4729
BLOCK02/SES021/SA021S27	SES016	-3.09306	-49.566	-46.4729
BLOCK02/SES021/SA021S27	SES019	-1.58348	-48.0564	-46.4729
BLOCK02/SES021/SA021S27	SES062	-1.22972	-47.7027	-46.4729
BLOCK02/SES021/SA021S29	SES087	-1.46118	-47.6764	-46.2152
BLOCK02/SES021/SA021S29	SES125	-0.818443	-47.0336	-46.2152
BLOCK02/SES021/SA021S29	SES206	-0.889324	-47.1045	-46.2152
BLOCK02/SES021/SA021S29	SES226	-1.33978	-47.555	-46.2152
BLOCK04/SES043/SA043S09	SES083	-2.2612	-50.5499	-48.2887
BLOCK04/SES043/SA043S09	SES101	-2.65122	-50.9399	-48.2887
BLOCK04/SES043/SA043S09	SES144	-0.51223	-48.8009	-48.2887
BLOCK04/SES043/SA043S09	SES172	-3.27401	-51.5627	-48.2887
BLOCK04/SES043/SA043S11	SES083	-0.871441	-47.8105	-46.9391
BLOCK04/SES043/SA043S11	SES101	-1.46362	-48.4027	-46.9391
BLOCK04/SES043/SA043S11	SES144	-0.631336	-47.5704	-46.9391
BLOCK04/SES043/SA043S11	SES172	-1.8098	-48.7489	-46.9391
BLOCK04/SES043/SA043S23	SES083	-0.906719	-48.4469	-47.5401
BLOCK04/SES043/SA043S23	SES144	0.175293	-47.3649	-47.5401
BLOCK04/SES043/SA043S23	SES177	-1.89911	-49.4393	-47.5401
BLOCK04/SES043/SA043S23	SES275	-0.997398	-48.5375	-47.5401
BLOCK04/SES043/SA043S26	SES083	-0.992008	-48.5781	-47.5861
BLOCK04/SES043/SA043S26	SES101	-1.34245	-48.9285	-47.5861
BLOCK04/SES043/SA043S26	SES144	-0.0995293	-47.6856	-47.5861
BLOCK04/SES043/SA043S26	SES177	-1.57785	-49.1639	-47.5861
BLOCK04/SES043/SA043S28	SES016	-1.41813	-48.2179	-46.7998
BLOCK04/SES043/SA043S28	SES083	-0.853424	-47.6532	-46.7998
BLOCK04/SES043/SA043S28	SES101	-0.797497	-47.5973	-46.7998
BLOCK04/SES043/SA043S28	SES144	-0.716152	-47.516	-46.7998
BLOCK04/SES044/SA044S10	SES127	-2.45707	-52.4635	-50.0065
BLOCK04/SES044/SA044S10	SES144	-0.233349	-50.2398	-50.0065
BLOCK04/SES044/SA044S10	SES147	-3.07914	-53.0856	-50.0065
BLOCK04/SES044/SA044S10	SES148	-2.14178	-52.1483	-50.0065
BLOCK04/SES044/SA044S11	SES101	-2.16265	-50.9781	-48.8154
BLOCK04/SES044/SA044S11	SES144	0.0330391	-48.7824	-48.8154
BLOCK04/SES044/SA044S11	SES147	-2.58521	-51.4006	-48.8154
BLOCK04/SES044/SA044S11	SES177	-2.41076	-51.2262	-48.8154
BLOCK04/SES044/SA044S24	SES007	-2.08406	-50.5072	-48.4232
BLOCK04/SES044/SA044S24	SES101	-1.30524	-49.7284	-48.4232
BLOCK04/SES044/SA044S24	SES147	-2.27757	-50.7007	-48.4232
BLOCK04/SES044/SA044S24	SES177	-1.61175	-50.0349	-48.4232
BLOCK04/SES044/SA044S26	SES007	-1.65232	-49.5443	-47.892
BLOCK04/SES044/SA044S26	SES016	-1.28772	-49.1797	-47.892
BLOCK04/SES044/SA044S26	SES101	-1.30025	-49.1922	-47.892
BLOCK04/SES044/SA044S26	SES147	-1.04281	-48.9348	-47.892
BLOCK04/SES044/SA044S29	SES007	-1.48668	-48.6477	-47.161
BLOCK04/SES044/SA044S29	SES101	-0.948349	-48.1094	-47.161
BLOCK04/SES044/SA044S29	SES147	-2.23785	-49.3989	-47.161
BLOCK04/SES044/SA044S29	SES177	-2.19502	-49.356	-47.161
BLOCK04/SES046/SA046S13	SES101	-3.07198	-50.9799	-47.9079
BLOCK04/SES046/SA046S13	SES144	-0.852158	-48.7601	-47.9079
BLOCK04/SES046/SA046S13	SES147	-3.22843	-51.1363	-47.9079
BLOCK04/SES046/SA046S13	SES177	-2.12405	-50.0319	-47.9079
BLOCK04/SES046/SA046S15	SES048	-2.09874	-48.6311	-46.5324
BLOCK04/SES046/SA046S15	SES083	-1.03632	-47.5687	-46.5324
BLOCK04/SES046/SA046S15	SES120	-2.59285	-49.1252	-46.5324
BLOCK04/SES046/SA046S15	SES148	-1.35709	-47.8894	-46.5324
BLOCK04/SES046/SA046S22	SES101	-1.51885	-49.2171	-47.6983
BLOCK04/SES046/SA046S22	SES144	-0.913464	-48.6117	-47.6983
BLOCK04/SES046/SA046S22	SES147	-2.82228	-50.5205	-47.6983
BLOCK04/SES046/SA046S22	SES172	-1.3915	-49.0898	-47.6983
BLOCK04/SES046/SA046S25	SES083	-1.80551	-48.9458	-47.1403
BLOCK04/SES046/SA046S25	SES127	-2.01195	-49.1522	-47.1403
BLOCK04/SES046/SA046S25	SES144	-1.68493	-48.8252	-47.1403
BLOCK04/SES046/SA046S25	SES148	-1.13721	-48.2775	-47.1403
BLOCK04/SES046/SA046S28	SES007	-3.33812	-51.6533	-48.3152
BLOCK04/SES046/SA046S28	SES105	-2.56318	-50.8784	-48.3152
BLOCK04/SES046/SA046S28	SES147	-2.76529	-51.0805	-48.3152
BLOCK04/SES046/SA046S28	SES148	-2.60958	-50.9248	-48.3152
BLOCK04/SES049/SA049S16	SES104	-1.26282	-49.6113	-48.3484
BLOCK04/SES049/SA049S16	SES106	-0.964901	-49.3133	-48.3484
BLOCK04/SES049/SA049S16	SES120	-3.55579	-51.9042	-48.3484
BLOCK04/SES049/SA049S16	SES206	-1.47124	-49.8197	-48.3484
BLOCK04/SES049/SA049S18	SES099	-0.096283	-49.3204	-49.2241
BLOCK04/SES049/SA049S18	SES104	-1.84896	-51.0731	-49.2241
BLOCK04/SES049/SA049S18	SES125	-2.10641	-51.3305	-49.2241
BLOCK04/SES049/SA049S18	SES206	-1.65662	-50.8807	-49.2241
BLOCK04/SES049/SA049S25	SES087	-0.937847	-49.2484	-48.3106
BLOCK04/SES049/SA049S25	SES104	-0.885529	-49.1961	-48.3106
BLOCK04/SES049/SA049S25	SES125	-1.67726	-49.9878	-48.3106
BLOCK04/SES049/SA049S25	SES206	-0.406517	-48.7171	-48.3106
BLOCK04/SES049/SA049S27	SES099	-0.527348	-48.3696	-47.8422
BLOCK04/SES049/SA049S27	SES104	-0.275265	-48.1175	-47.8422
BLOCK04/SES049/SA049S27	SES125	-1.28658	-49.1288	-47.8422
BLOCK04/SES049/SA049S27	SES206	-0.900017	-48.7422	-47.8422
BLOCK04/SES049/SA049S29	SES099	0.171623	-46.7397	-46.9113
BLOCK04/SES049/SA049S29	SES104	0.157688	-46.7536	-46.9113
BLOCK04/SES049/SA049S29	SES125	-0.851227	-47.7625	-46.9113
BLOCK04/SES049/SA049S29	SES206	-0.148026	-47.0593	-46.9113
BLOCK06/SES063/SA063S09	SES068	-1.10518	-48.3808	-47.2756
BLOCK06/SES063/SA063S09	SES083	-1.0441	-48.3197	-47.2756
BLOCK06/SES063/SA063S09	SES177	-1.43914	-48.7147	-47.2756
BLOCK06/SES063/SA063S09	SES187	-1.45522	-48.7308	-47.2756
BLOCK06/SES063/SA063S10	SES068	-1.76013	-49.4737	-47.7136
BLOCK06/SES063/SA063S10	SES083	-1.14085	-48.8544	-47.7136
BLOCK06/SES063/SA063S10	SES172	-1.02896	-48.7425	-47.7136
BLOCK06/SES063/SA063S10	SES187	-1.32729	-49.0408	-47.7136
BLOCK06/SES063/SA063S20	SES068	-2.17694	-49.4755	-47.2986
BLOCK06/SES063/SA063S20	SES083	-1.25228	-48.5509	-47.2986
BLOCK06/SES063/SA063S20	SES172	-1.03555	-48.3341	-47.2986
BLOCK06/SES063/SA063S20	SES187	-0.649227	-47.9478	-47.2986
BLOCK06/SES063/SA063S24	SES029	-2.43508	-49.2876	-46.8526
BLOCK06/SES063/SA063S24	SES083	-0.776588	-47.6291	-46.8526
BLOCK06/SES063/SA063S24	SES177	-1.25365	-48.1062	-46.8526
BLOCK06/SES063/SA063S24	SES189	-1.30298	-48.1555	-46.8526
BLOCK06/SES063/SA063S27	SES083	-0.0590096	-48.0901	-48.031
BLOCK06/SES063/SA063S27	SES172	-0.487373	-48.5184	-48.031
BLOCK06/SES063/SA063S27	SES187	-1.69683	-49.7279	-48.031
BLOCK06/SES063/SA063S27	SES292	-2.12617	-50.1572	-48.031
BLOCK06/SES067/SA067S12	SES083	-2.53795	-49.71	-47.172
BLOCK06/SES067/SA067S12	SES172	-3.0345	-50.2065	-47.172
BLOCK06/SES067/SA067S12	SES202	-0.147774	-47.3198	-47.172
BLOCK06/SES067/SA067S12	SES292	-2.26645	-49.4385	-47.172
BLOCK06/SES067/SA067S14	SES085	-1.65871	-48.4069	-46.7482
BLOCK06/SES067/SA067S14	SES177	-1.41086	-48.1591	-46.7482
BLOCK06/SES067/SA067S14	SES183	-2.10754	-48.8557	-46.7482
BLOCK06/SES067/SA067S14	SES202	-0.641563	-47.3898	-46.7482
BLOCK06/SES067/SA067S21	SES144	-1.29411	-49.329	-48.0349
BLOCK06/SES067/SA067S21	SES177	-1.13592	-49.1708	-48.0349
BLOCK06/SES067/SA067S21	SES183	-4.11334	-52.1483	-48.0349
BLOCK06/SES067/SA067S21	SES189	-0.483414	-48.5183	-48.0349
BLOCK06/SES067/SA067S25	SES085	-1.05886	-48.3801	-47.3212
BLOCK06/SES067/SA067S25	SES177	-1.25646	-48.5777	-47.3212
BLOCK06/SES067/SA067S25	SES183	-2.28768	-49.6089	-47.3212
BLOCK06/SES067/SA067S25	SES202	-0.988693	-48.3099	-47.3212
BLOCK06/SES067/SA067S29	SES085	-1.24685	-48.6807	-47.4338
BLOCK06/SES067/SA067S29	SES177	-1.61839	-49.0522	-47.4338
BLOCK06/SES067/SA067S29	SES183	-2.52399	-49.9578	-47.4338
BLOCK06/SES067/SA067S29	SES202	-0.0688591	-47.5027	-47.4338
BLOCK06/SES069/SA069S12	SES029	-2.14504	-49.2798	-47.1348
BLOCK06/SES069/SA069S12	SES082	-1.21084	-48.3456	-47.1348
BLOCK06/SES069/SA069S12	SES087	-2.11174	-49.2465	-47.1348
BLOCK06/SES069/SA069S12	SES206	-1.22232	-48.3571	-47.1348
BLOCK06/SES069/SA069S13	SES029	-2.61744	-49.5886	-46.9712
BLOCK06/SES069/SA069S13	SES087	-2.17003	-49.1412	-46.9712
BLOCK06/SES069/SA069S13	SES206	-1.97467	-48.9459	-46.9712
BLOCK06/SES069/SA069S13	SES226	-1.4039	-48.3751	-46.9712
BLOCK06/SES069/SA069S23	SES029	-1.64529	-47.2755	-45.6302
BLOCK06/SES069/SA069S23	SES087	-2.38549	-48.0157	-45.6302
BLOCK06/SES069/SA069S23	SES206	-1.98825	-47.6184	-45.6302
BLOCK06/SES069/SA069S23	SES226	-1.2383	-46.8685	-45.6302
BLOCK06/SES069/SA069S25	SES087	-1.33973	-47.559	-46.2193
BLOCK06/SES069/SA069S25	SES206	-1.87599	-48.0953	-46.2193
BLOCK06/SES069/SA069S25	SES226	-1.05719	-47.2765	-46.2193
BLOCK06/SES069/SA069S25	SES270	-1.05783	-47.2772	-46.2193
BLOCK06/SES069/SA069S27	SES087	-2.20292	-48.6091	-46.4062
BLOCK06/SES069/SA069S27	SES206	-0.729053	-47.1352	-46.4062
BLOCK06/SES069/SA069S27	SES226	-0.583897	-46.9901	-46.4062
BLOCK06/SES069/SA069S27	SES270	-0.578674	-46.9848	-46.4062
BLOCK08/SES081/SA081S11	SES060	-1.47772	-48.2311	-46.7533
BLOCK08/SES081/SA081S11	SES062	-3.3812	-50.1345	-46.7533
BLOCK08/SES081/SA081S11	SES117	-2.7216	-49.4749	-46.7533
BLOCK08/SES081/SA081S11	SES162	-2.13219	-48.8855	-46.7533
BLOCK08/SES081/SA081S13	SES016	-1.39103	-47.4561	-46.0651
BLOCK08/SES081/SA081S13	SES060	-0.532131	-46.5972	-46.0651
BLOCK08/SES081/SA081S13	SES068	-0.516693	-46.5818	-46.0651
BLOCK08/SES081/SA081S13	SES129	-1.79757	-47.8626	-46.0651
BLOCK08/SES081/SA081S24	SES060	-1.14792	-47.6765	-46.5286
BLOCK08/SES081/SA081S24	SES068	-0.754513	-47.2831	-46.5286
BLOCK08/SES081/SA081S24	SES117	-2.05875	-48.5873	-46.5286
BLOCK08/SES081/SA081S24	SES275	-1.77075	-48.2993	-46.5286
BLOCK08/SES081/SA081S27	SES007	-1.51299	-48.2174	-46.7044
BLOCK08/SES081/SA081S27	SES060	-1.78936	-48.4938	-46.7044
BLOCK08/SES081/SA081S27	SES117	-1.21164	-47.9161	-46.7044
BLOCK08/SES081/SA081S27	SES275	-2.1517	-48.8561	-46.7044
BLOCK08/SES081/SA081S29	SES007	-1.14892	-47.3478	-46.1989
BLOCK08/SES081/SA081S29	SES060	-1.21651	-47.4154	-46.1989
BLOCK08/SES081/SA081S29	SES117	-1.98357	-48.1825	-46.1989
BLOCK08/SES081/SA081S29	SES275	-2.33356	-48.5325	-46.1989
BLOCK08/SES086/SA086S11	SES029	-4.81787	-53.7834	-48.9656
BLOCK08/SES086/SA086S11	SES082	-1.66206	-50.6276	-48.9656
BLOCK08/SES086/SA086S11	SES087	-0.38987	-49.3554	-48.9656
BLOCK08/SES086/SA086S11	SES206	-1.57816	-50.5437	-48.9656
BLOCK08/SES086/SA086S12	SES029	-4.42434	-52.867	-48.4427
BLOCK08/SES086/SA086S12	SES082	-2.23682	-50.6795	-48.4427
BLOCK08/SES086/SA086S12	SES087	0.499542	-47.9431	-48.4427
BLOCK08/SES086/SA086S12	SES206	-0.917084	-49.3598	-48.4427
BLOCK08/SES086/SA086S20	SES029	-3.96581	-50.9184	-46.9526
BLOCK08/SES086/SA086S20	SES082	-1.83631	-48.7889	-46.9526
BLOCK08/SES086/SA086S20	SES087	0.511284	-46.4413	-46.9526
BLOCK08/SES086/SA086S20	SES206	-0.623264	-47.5759	-46.9526
BLOCK08/SES086/SA086S24	SES087	0.0332985	-48.0991	-48.1324
BLOCK08/SES086/SA086S24	SES104	-1.16022	-49.2926	-48.1324
BLOCK08/SES086/SA086S24	SES120	-4.13645	-52.2688	-48.1324
BLOCK08/SES086/SA086S24	SES206	0.133492	-47.9989	-48.1324
BLOCK08/SES086/SA086S28	SES029	-3.39474	-50.2826	-46.8878
BLOCK08/SES086/SA086S28	SES082	-1.77677	-48.6646	-46.8878
BLOCK08/SES086/SA086S28	SES087	-0.0180817	-46.9059	-46.8878
BLOCK08/SES086/SA086S28	SES206	-0.697937	-47.5858	-46.8878
BLOCK08/SES089/SA089S13	SES087	-1.63046	-49.1658	-47.5353
BLOCK08/SES089/SA089S13	SES206	-1.90976	-49.4451	-47.5353
BLOCK08/SES089/SA089S13	SES226	-1.28929	-48.8246	-47.5353
BLOCK08/SES089/SA089S13	SES270	-2.20726	-49.7426	-47.5353
BLOCK08/SES089/SA089S14	SES062	-2.09939	-49.6041	-47.5047
BLOCK08/SES089/SA089S14	SES087	-0.22522	-47.7299	-47.5047
BLOCK08/SES089/SA089S14	SES206	-0.655472	-48.1602	-47.5047
BLOCK08/SES089/SA089S14	SES226	-0.778774	-48.2835	-47.5047
BLOCK08/SES089/SA089S23	SES087	-1.25958	-49.4799	-48.2203
BLOCK08/SES089/SA089S23	SES206	-1.34221	-49.5625	-48.2203
BLOCK08/SES089/SA089S23	SES226	-0.901714	-49.122	-48.2203
BLOCK08/SES089/SA089S23	SES270	-1.967	-50.1873	-48.2203
BLOCK08/SES089/SA089S25	SES062	-2.51445	-49.8521	-47.3377
BLOCK08/SES089/SA089S25	SES087	-0.36652	-47.7042	-47.3377
BLOCK08/SES089/SA089S25	SES206	-1.06099	-48.3986	-47.3377
BLOCK08/SES089/SA089S25	SES226	-0.676666	-48.0143	-47.3377
BLOCK08/SES089/SA089S28	SES062	-1.67901	-49.0465	-47.3675
BLOCK08/SES089/SA089S28	SES087	-0.341263	-47.7087	-47.3675
BLOCK08/SES089/SA089S28	SES206	-0.495399	-47.8629	-47.3675
BLOCK08/SES089/SA089S28	SES226	-0.720787	-48.0883	-47.3675
BLOCK09/SES097/SA097S11	SES099	-0.0416145	-48.1275	-48.0859
BLOCK09/SES097/SA097S11	SES125	-1.96461	-50.0505	-48.0859
BLOCK09/SES097/SA097S11	SES206	-1.44351	-49.5294	-48.0859
BLOCK09/SES097/SA097S11	SES226	-0.503925	-48.5899	-48.0859
BLOCK09/SES097/SA097S14	SES062	-2.31101	-50.1919	-47.8809
BLOCK09/SES097/SA097S14	SES099	-0.665741	-48.5466	-47.8809
BLOCK09/SES097/SA097S14	SES104	-1.06507	-48.946	-47.8809
BLOCK09/SES097/SA097S14	SES206	-1.2876	-49.1685	-47.8809
BLOCK09/SES097/SA097S22	SES099	0.333591	-47.6745	-48.008
BLOCK09/SES097/SA097S22	SES206	-1.21655	-49.2246	-48.008
BLOCK09/SES097/SA097S22	SES226	-1.03249	-49.0405	-48.008
BLOCK09/SES097/SA097S22	SES270	0.269146	-47.7389	-48.008
BLOCK09/SES097/SA097S26	SES099	-0.246746	-47.7369	-47.4901
BLOCK09/SES097/SA097S26	SES120	-2.86951	-50.3596	-47.4901
BLOCK09/SES097/SA097S26	SES206	-0.82843	-48.3185	-47.4901
BLOCK09/SES097/SA097S26	SES226	-1.05493	-48.545	-47.4901
BLOCK09/SES097/SA097S28	SES099	-0.624672	-48.4902	-47.8655
BLOCK09/SES097/SA097S28	SES120	-2.63642	-50.5019	-47.8655
BLOCK09/SES097/SA097S28	SES206	-1.76216	-49.6276	-47.8655
BLOCK09/SES097/SA097S28	SES226	-1.55554	-49.421	-47.8655
BLOCK09/SES098/SA098S11	SES127	-2.43088	-50.6578	-48.2269
BLOCK09/SES098/SA098S11	SES144	-1.40757	-49.6345	-48.2269
BLOCK09/SES098/SA098S11	SES147	-0.906189	-49.1331	-48.2269
BLOCK09/SES098/SA098S11	SES148	-3.2023	-51.4292	-48.2269
BLOCK09/SES098/SA098S12	SES127	-3.81675	-53.4543	-49.6375
BLOCK09/SES098/SA098S12	SES144	-1.70757	-51.3451	-49.6375
BLOCK09/SES098/SA098S12	SES147	-2.44975	-52.0873	-49.6375
BLOCK09/SES098/SA098S12	SES189	-1.36932	-51.0069	-49.6375
BLOCK09/SES098/SA098S20	SES127	-2.54424	-51.2399	-48.6956
BLOCK09/SES098/SA098S20	SES147	-1.73219	-50.4278	-48.6956
BLOCK09/SES098/SA098S20	SES148	-3.59229	-52.2879	-48.6956
BLOCK09/SES098/SA098S20	SES292	-5.36951	-54.0651	-48.6956
BLOCK09/SES098/SA098S23	SES127	-1.94542	-49.9395	-47.9941
BLOCK09/SES098/SA098S23	SES147	-1.58664	-49.5807	-47.9941
BLOCK09/SES098/SA098S23	SES187	-1.35251	-49.3466	-47.9941
BLOCK09/SES098/SA098S23	SES292	-3.07775	-51.0718	-47.9941
BLOCK09/SES098/SA098S27	SES127	-2.83833	-51.3501	-48.5118
BLOCK09/SES098/SA098S27	SES147	-2.47417	-50.986	-48.5118
BLOCK09/SES098/SA098S27	SES148	-3.7026	-52.2144	-48.5118
BLOCK09/SES098/SA098S27	SES292	-3.49065	-52.0025	-48.5118
BLOCK10/SES102/SA102S13	SES101	-0.782841	-49.276	-48.4931
BLOCK10/SES102/SA102S13	SES105	-1.58892	-50.082	-48.4931
BLOCK10/SES102/SA102S13	SES120	-1.54332	-50.0364	-48.4931
BLOCK10/SES102/SA102S13	SES158	-4.41108	-52.9042	-48.4931
BLOCK10/SES102/SA102S14	SES007	-0.269043	-46.94	-46.671
BLOCK10/SES102/SA102S14	SES101	-0.546032	-47.217	-46.671
BLOCK10/SES102/SA102S14	SES105	-0.803223	-47.4742	-46.671
BLOCK10/SES102/SA102S14	SES147	-2.63692	-49.3079	-46.671
BLOCK10/SES102/SA102S22	SES007	-1.2784	-48.2814	-47.003
BLOCK10/SES102/SA102S22	SES101	-0.373531	-47.3765	-47.003
BLOCK10/SES102/SA102S22	SES105	-0.565392	-47.5684	-47.003
BLOCK10/SES102/SA102S22	SES158	-3.32367	-50.3267	-47.003
BLOCK10/SES102/SA102S25	SES007	-0.86385	-47.9303	-47.0664
BLOCK10/SES102/SA102S25	SES101	-0.240921	-47.3073	-47.0664
BLOCK10/SES102/SA102S25	SES105	-1.10205	-48.1685	-47.0664
BLOCK10/SES102/SA102S25	SES147	-3.02509	-50.0915	-47.0664
BLOCK10/SES102/SA102S27	SES007	-1.32627	-48.6429	-47.3166
BLOCK10/SES102/SA102S27	SES101	-1.08064	-48.3973	-47.3166
BLOCK10/SES102/SA102S27	SES105	-1.64337	-48.96	-47.3166
BLOCK10/SES102/SA102S27	SES147	-2.6542	-49.9708	-47.3166
BLOCK10/SES103/SA103S14	SES105	-2.62731	-51.3683	-48.741
BLOCK10/SES103/SA103S14	SES106	-0.606033	-49.347	-48.741
BLOCK10/SES103/SA103S14	SES120	-3.48501	-52.226	-48.741
BLOCK10/SES103/SA103S14	SES206	-1.84342	-50.5844	-48.741
BLOCK10/SES103/SA103S15	SES099	-0.659252	-50.1682	-49.5089
BLOCK10/SES103/SA103S15	SES101	-3.14403	-52.653	-49.5089
BLOCK10/SES103/SA103S15	SES104	-0.871288	-50.3802	-49.5089
BLOCK10/SES103/SA103S15	SES125	-1.29459	-50.8035	-49.5089
BLOCK10/SES103/SA103S24	SES104	-1.09191	-49.1858	-48.0939
BLOCK10/SES103/SA103S24	SES125	-1.34775	-49.4417	-48.0939
BLOCK10/SES103/SA103S24	SES148	-2.96073	-51.0546	-48.0939
BLOCK10/SES103/SA103S24	SES158	-0.670116	-48.764	-48.0939
BLOCK10/SES103/SA103S26	SES104	-1.15226	-49.826	-48.6737
BLOCK10/SES103/SA103S26	SES106	-0.707146	-49.3809	-48.6737
BLOCK10/SES103/SA103S26	SES125	-1.24095	-49.9147	-48.6737
BLOCK10/SES103/SA103S26	SES148	-3.42596	-52.0997	-48.6737
BLOCK10/SES103/SA103S28	SES104	-1.86024	-51.0439	-49.1837
BLOCK10/SES103/SA103S28	SES106	-1.46087	-50.6445	-49.1837
BLOCK10/SES103/SA103S28	SES125	-2.54044	-51.7241	-49.1837
BLOCK10/SES103/SA103S28	SES206	-2.66056	-51.8442	-49.1837
BLOCK12/SES121/SA121S12	SES042	-1.48946	-51.393	-49.9036
BLOCK12/SES121/SA121S12	SES087	-1.21594	-51.1195	-49.9036
BLOCK12/SES121/SA121S12	SES105	-1.52993	-51.4335	-49.9036
BLOCK12/SES121/SA121S12	SES206	-1.08615	-50.9897	-49.9036
BLOCK12/SES121/SA121S14	SES007	-2.941	-53.3389	-50.3979
BLOCK12/SES121/SA121S14	SES105	-2.65891	-53.0568	-50.3979
BLOCK12/SES121/SA121S14	SES106	-1.11338	-51.5113	-50.3979
BLOCK12/SES121/SA121S14	SES206	-1.59619	-51.9941	-50.3979
BLOCK12/SES121/SA121S23	SES105	-2.52571	-52.8371	-50.3114
BLOCK12/SES121/SA121S23	SES106	-0.656563	-50.968	-50.3114
BLOCK12/SES121/SA121S23	SES120	-3.55788	-53.8693	-50.3114
BLOCK12/SES121/SA121S23	SES206	-1.07654	-51.3879	-50.3114
BLOCK12/SES121/SA121S25	SES007	-2.2629	-53.2507	-50.9878
BLOCK12/SES121/SA121S25	SES105	-2.77925	-53.7671	-50.9878
BLOCK12/SES121/SA121S25	SES106	-1.0877	-52.0755	-50.9878
BLOCK12/SES121/SA121S25	SES206	-1.31784	-52.3057	-50.9878
BLOCK12/SES121/SA121S27	SES087	-0.0681076	-49.5009	-49.4328
BLOCK12/SES121/SA121S27	SES105	-3.75986	-53.1927	-49.4328
BLOCK12/SES121/SA121S27	SES120	-2.69514	-52.128	-49.4328
BLOCK12/SES121/SA121S27	SES206	-0.976387	-50.4092	-49.4328
BLOCK12/SES124/SA124S16	SES042	-0.196636	-47.746	-47.5494
BLOCK12/SES124/SA124S16	SES082	-0.685947	-48.2353	-47.5494
BLOCK12/SES124/SA124S16	SES183	-2.95761	-50.507	-47.5494
BLOCK12/SES124/SA124S16	SES206	-0.728775	-48.2781	-47.5494
BLOCK12/SES124/SA124S17	SES105	-2.61098	-51.1764	-48.5654
BLOCK12/SES124/SA124S17	SES149	-1.70278	-50.2682	-48.5654
BLOCK12/SES124/SA124S17	SES158	-1.93032	-50.4957	-48.5654
BLOCK12/SES124/SA124S17	SES275	-3.82369	-52.3891	-48.5654
BLOCK12/SES124/SA124S23	SES105	-2.6384	-48.7771	-46.1387
BLOCK12/SES124/SA124S23	SES125	-0.104343	-46.2431	-46.1387
BLOCK12/SES124/SA124S23	SES129	-3.33176	-49.4705	-46.1387
BLOCK12/SES124/SA124S23	SES158	-0.902504	-47.0412	-46.1387
BLOCK12/SES124/SA124S26	SES105	-3.58009	-50.5294	-46.9493
BLOCK12/SES124/SA124S26	SES125	-0.208027	-47.1574	-46.9493
BLOCK12/SES124/SA124S26	SES129	-4.36248	-51.3118	-46.9493
BLOCK12/SES124/SA124S26	SES158	-0.956348	-47.9057	-46.9493
BLOCK12/SES124/SA124S28	SES104	-0.679459	-47.3542	-46.6748
BLOCK12/SES124/SA124S28	SES106	-0.104023	-46.7788	-46.6748
BLOCK12/SES124/SA124S28	SES125	-0.516911	-47.1917	-46.6748
BLOCK12/SES124/SA124S28	SES275	-4.05792	-50.7327	-46.6748
BLOCK12/SES126/SA126S13	SES007	-2.51729	-51.3626	-48.8453
BLOCK12/SES126/SA126S13	SES162	-1.84407	-50.6894	-48.8453
BLOCK12/SES126/SA126S13	SES177	-1.70317	-50.5485	-48.8453
BLOCK12/SES126/SA126S13	SES180	-2.10826	-50.9536	-48.8453
BLOCK12/SES126/SA126S14	SES144	-1.26385	-48.7326	-47.4687
BLOCK12/SES126/SA126S14	SES148	-1.48331	-48.952	-47.4687
BLOCK12/SES126/SA126S14	SES177	-0.716515	-48.1852	-47.4687
BLOCK12/SES126/SA126S14	SES180	-1.59956	-49.0683	-47.4687
BLOCK12/SES126/SA126S20	SES007	-2.47332	-50.2695	-47.7961
BLOCK12/SES126/SA126S20	SES162	-2.18594	-49.9821	-47.7961
BLOCK12/SES126/SA126S20	SES172	-3.40444	-51.2006	-47.7961
BLOCK12/SES126/SA126S20	SES180	-2.57948	-50.3756	-47.7961
BLOCK12/SES126/SA126S24	SES120	-1.15871	-48.2881	-47.1294
BLOCK12/SES126/SA126S24	SES162	-1.6652	-48.7946	-47.1294
BLOCK12/SES126/SA126S24	SES177	-1.36712	-48.4965	-47.1294
BLOCK12/SES126/SA126S24	SES180	-1.02866	-48.1581	-47.1294
BLOCK12/SES126/SA126S26	SES120	-0.682911	-48.7096	-48.0267
BLOCK12/SES126/SA126S26	SES177	-1.55447	-49.5812	-48.0267
BLOCK12/SES126/SA126S26	SES180	-1.59485	-49.6215	-48.0267
BLOCK12/SES126/SA126S26	SES202	-2.27106	-50.2977	-48.0267
BLOCK12/SES128/SA128S10	SES087	-2.33034	-49.8249	-47.4946
BLOCK12/SES128/SA128S10	SES206	-1.40393	-48.8985	-47.4946
BLOCK12/SES128/SA128S10	SES226	-0.813957	-48.3085	-47.4946
BLOCK12/SES128/SA128S10	SES270	-0.610126	-48.1047	-47.4946
BLOCK12/SES128/SA128S12	SES120	-2.72147	-50.2779	-47.5564
BLOCK12/SES128/SA128S12	SES158	-1.27097	-48.8274	-47.5564
BLOCK12/SES128/SA128S12	SES206	-1.22267	-48.7791	-47.5564
BLOCK12/SES128/SA128S12	SES226	-1.34077	-48.8972	-47.5564
BLOCK12/SES128/SA128S21	SES106	-2.69314	-51.1313	-48.4382
BLOCK12/SES128/SA128S21	SES120	-2.11454	-50.5527	-48.4382
BLOCK12/SES128/SA128S21	SES206	-1.99566	-50.4338	-48.4382
BLOCK12/SES128/SA128S21	SES226	-1.94334	-50.3815	-48.4382
BLOCK12/SES128/SA128S24	SES087	-2.34182	-50.3799	-48.0381
BLOCK12/SES128/SA128S24	SES120	-1.22593	-49.264	-48.0381
BLOCK12/SES128/SA128S24	SES206	-1.81593	-49.854	-48.0381
BLOCK12/SES128/SA128S24	SES226	-1.85324	-49.8913	-48.0381
BLOCK12/SES128/SA128S27	SES099	-1.14561	-48.3691	-47.2235
BLOCK12/SES128/SA128S27	SES120	-1.75779	-48.9813	-47.2235
BLOCK12/SES128/SA128S27	SES206	-1.38379	-48.6073	-47.2235
BLOCK12/SES128/SA128S27	SES226	-0.99461	-48.2182	-47.2235
BLOCK13/SES130/SA130S13	SES143	-2.51278	-51.6252	-49.1125
BLOCK13/SES130/SA130S13	SES144	-0.648804	-49.7613	-49.1125
BLOCK13/SES130/SA130S13	SES146	-0.77169	-49.8841	-49.1125
BLOCK13/SES130/SA130S13	SES275	-3.40964	-52.5221	-49.1125
BLOCK13/SES130/SA130S15	SES143	-1.93775	-49.6893	-47.7516
BLOCK13/SES130/SA130S15	SES144	-0.599831	-48.3514	-47.7516
BLOCK13/SES130/SA130S15	SES146	-0.994255	-48.7458	-47.7516
BLOCK13/SES130/SA130S15	SES275	-1.55472	-49.3063	-47.7516
BLOCK13/SES130/SA130S23	SES127	-1.99036	-51.1142	-49.1238
BLOCK13/SES130/SA130S23	SES144	-1.39651	-50.5203	-49.1238
BLOCK13/SES130/SA130S23	SES146	-0.997993	-50.1218	-49.1238
BLOCK13/SES130/SA130S23	SES162	-1.2682	-50.392	-49.1238
BLOCK13/SES130/SA130S25	SES127	-1.21653	-48.7065	-47.49
BLOCK13/SES130/SA130S25	SES144	-0.593826	-48.0838	-47.49
BLOCK13/SES130/SA130S25	SES146	-0.912537	-48.4025	-47.49
BLOCK13/SES130/SA130S25	SES275	-0.921253	-48.4112	-47.49
BLOCK13/SES130/SA130S28	SES127	-1.15744	-48.7788	-47.6214
BLOCK13/SES130/SA130S28	SES144	-0.897381	-48.5188	-47.6214
BLOCK13/SES130/SA130S28	SES146	-1.02455	-48.646	-47.6214
BLOCK13/SES130/SA130S28	SES275	-0.452854	-48.0743	-47.6214
BLOCK13/SES131/SA131S13	SES002	-2.04667	-51.7911	-49.7444
BLOCK13/SES131/SA131S13	SES007	-3.62171	-53.3661	-49.7444
BLOCK13/SES131/SA131S13	SES099	-1.52414	-51.2685	-49.7444
BLOCK13/SES131/SA131S13	SES105	-2.4332	-52.1776	-49.7444
BLOCK13/SES131/SA131S14	SES104	-0.847385	-48.873	-48.0256
BLOCK13/SES131/SA131S14	SES106	-0.510216	-48.5358	-48.0256
BLOCK13/SES131/SA131S14	SES125	-1.30281	-49.3284	-48.0256
BLOCK13/SES131/SA131S14	SES148	-2.31161	-50.3372	-48.0256
BLOCK13/SES131/SA131S20	SES104	-0.834621	-50.2351	-49.4005
BLOCK13/SES131/SA131S20	SES106	-0.386314	-49.7868	-49.4005
BLOCK13/SES131/SA131S20	SES125	-1.36182	-50.7623	-49.4005
BLOCK13/SES131/SA131S20	SES148	-3.54553	-52.946	-49.4005
BLOCK13/SES131/SA131S22	SES099	-0.976845	-49.5434	-48.5665
BLOCK13/SES131/SA131S22	SES104	-1.27798	-49.8445	-48.5665
BLOCK13/SES131/SA131S22	SES125	-1.55423	-50.1207	-48.5665
BLOCK13/SES131/SA131S22	SES206	-1.71237	-50.2789	-48.5665
BLOCK13/SES131/SA131S29	SES087	-1.16114	-50.3537	-49.1925
BLOCK13/SES131/SA131S29	SES104	-1.28367	-50.4762	-49.1925
BLOCK13/SES131/SA131S29	SES125	-1.46423	-50.6568	-49.1925
BLOCK13/SES131/SA131S29	SES206	-1.57543	-50.768	-49.1925
BLOCK13/SES132/SA132S11	SES083	-2.34462	-49.3623	-47.0177
BLOCK13/SES132/SA132S11	SES120	-0.294456	-47.3121	-47.0177
BLOCK13/SES132/SA132S11	SES127	-1.44611	-48.4638	-47.0177
BLOCK13/SES132/SA132S11	SES275	-0.950104	-47.9678	-47.0177
BLOCK13/SES132/SA132S12	SES083	-2.03308	-48.99	-46.9569
BLOCK13/SES132/SA132S12	SES143	-1.266	-48.2229	-46.9569
BLOCK13/SES132/SA132S12	SES144	-1.18577	-48.1427	-46.9569
BLOCK13/SES132/SA132S12	SES148	-1.22997	-48.1869	-46.9569
BLOCK13/SES132/SA132S22	SES062	-0.559509	-47.3605	-46.801
BLOCK13/SES132/SA132S22	SES083	-1.40858	-48.2096	-46.801
BLOCK13/SES132/SA132S22	SES127	-1.14588	-47.9469	-46.801
BLOCK13/SES132/SA132S22	SES275	-0.562363	-47.3634	-46.801
BLOCK13/SES132/SA132S24	SES007	-0.543617	-47.1329	-46.5892
BLOCK13/SES132/SA132S24	SES083	-2.30682	-48.8961	-46.5892
BLOCK13/SES132/SA132S24	SES127	-2.01896	-48.6082	-46.5892
BLOCK13/SES132/SA132S24	SES275	-0.990192	-47.5794	-46.5892
BLOCK13/SES132/SA132S27	SES083	-2.55497	-50.0663	-47.5114
BLOCK13/SES132/SA132S27	SES120	-0.462147	-47.9735	-47.5114
BLOCK13/SES132/SA132S27	SES127	-2.23661	-49.748	-47.5114
BLOCK13/SES132/SA132S27	SES275	-1.76515	-49.2765	-47.5114
BLOCK14/SES141/SA141S09	SES143	-1.2231	-48.8384	-47.6153
BLOCK14/SES141/SA141S09	SES144	-1.13378	-48.7491	-47.6153
BLOCK14/SES141/SA141S09	SES162	-1.38298	-48.9983	-47.6153
BLOCK14/SES141/SA141S09	SES180	-1.31996	-48.9352	-47.6153
BLOCK14/SES141/SA141S15	SES127	-1.38837	-48.6991	-47.3107
BLOCK14/SES141/SA141S15	SES144	-1.21407	-48.5248	-47.3107
BLOCK14/SES141/SA141S15	SES162	-1.54201	-48.8527	-47.3107
BLOCK14/SES141/SA141S15	SES180	-0.909916	-48.2206	-47.3107
BLOCK14/SES141/SA141S24	SES127	-0.935535	-48.0181	-47.0826
BLOCK14/SES141/SA141S24	SES144	-1.45899	-48.5416	-47.0826
BLOCK14/SES141/SA141S24	SES162	-1.09902	-48.1816	-47.0826
BLOCK14/SES141/SA141S24	SES183	-2.31056	-49.3931	-47.0826
BLOCK14/SES141/SA141S26	SES142	-1.53431	-49.5486	-48.0143
BLOCK14/SES141/SA141S26	SES144	-1.40422	-49.4185	-48.0143
BLOCK14/SES141/SA141S26	SES172	-1.64516	-49.6595	-48.0143
BLOCK14/SES141/SA141S26	SES180	-1.34201	-49.3563	-48.0143
BLOCK14/SES141/SA141S29	SES127	-0.684544	-47.6966	-47.012
BLOCK14/SES141/SA141S29	SES142	-0.659206	-47.6713	-47.012
BLOCK14/SES141/SA141S29	SES144	-1.28898	-48.301	-47.012
BLOCK14/SES141/SA141S29	SES180	-0.944557	-47.9566	-47.012
BLOCK15/SES157/SA157S08	SES083	-3.05032	-50.8743	-47.8239
BLOCK15/SES157/SA157S08	SES127	-1.90494	-49.7289	-47.8239
BLOCK15/SES157/SA157S08	SES148	-1.46608	-49.29	-47.8239
BLOCK15/SES157/SA157S08	SES292	-2.64906	-50.473	-47.8239
BLOCK15/SES157/SA157S11	SES083	-2.99933	-50.5328	-47.5334
BLOCK15/SES157/SA157S11	SES127	-1.85724	-49.3907	-47.5334
BLOCK15/SES157/SA157S11	SES148	-1.52166	-49.0551	-47.5334
BLOCK15/SES157/SA157S11	SES292	-2.17548	-49.7089	-47.5334
BLOCK15/SES157/SA157S21	SES127	-1.40715	-48.6718	-47.2646
BLOCK15/SES157/SA157S21	SES148	-0.745697	-48.0103	-47.2646
BLOCK15/SES157/SA157S21	SES158	-4.74356	-52.0082	-47.2646
BLOCK15/SES157/SA157S21	SES292	-1.48437	-48.749	-47.2646
BLOCK15/SES157/SA157S24	SES127	-1.17798	-48.5462	-47.3682
BLOCK15/SES157/SA157S24	SES148	-1.22612	-48.5943	-47.3682
BLOCK15/SES157/SA157S24	SES183	-1.70938	-49.0776	-47.3682
BLOCK15/SES157/SA157S24	SES292	-2.057	-49.4252	-47.3682
BLOCK15/SES157/SA157S26	SES007	-0.926189	-47.9001	-46.9739
BLOCK15/SES157/SA157S26	SES127	-0.848305	-47.8222	-46.9739
BLOCK15/SES157/SA157S26	SES147	-3.2916	-50.2655	-46.9739
BLOCK15/SES157/SA157S26	SES148	-1.28653	-48.2605	-46.9739
BLOCK16/SES161/SA161S10	SES007	-2.40485	-51.3659	-48.961
BLOCK16/SES161/SA161S10	SES105	-1.92254	-50.8836	-48.961
BLOCK16/SES161/SA161S10	SES158	-1.95856	-50.9196	-48.961
BLOCK16/SES161/SA161S10	SES275	-2.334	-51.295	-48.961
BLOCK16/SES161/SA161S12	SES007	-1.57404	-50.121	-48.5469
BLOCK16/SES161/SA161S12	SES105	-1.72824	-50.2752	-48.5469
BLOCK16/SES161/SA161S12	SES158	-1.21743	-49.7644	-48.5469
BLOCK16/SES161/SA161S12	SES275	-1.78992	-50.3369	-48.5469
BLOCK16/SES161/SA161S20	SES007	-2.0799	-51.9877	-49.9078
BLOCK16/SES161/SA161S20	SES105	-2.64509	-52.5529	-49.9078
BLOCK16/SES161/SA161S20	SES158	-1.70473	-51.6126	-49.9078
BLOCK16/SES161/SA161S20	SES275	-2.72167	-52.6295	-49.9078
BLOCK16/SES161/SA161S23	SES007	-2.01055	-50.2484	-48.2379
BLOCK16/SES161/SA161S23	SES105	-1.50054	-49.7384	-48.2379
BLOCK16/SES161/SA161S23	SES148	-1.79065	-50.0285	-48.2379
BLOCK16/SES161/SA161S23	SES158	-1.0141	-49.252	-48.2379
BLOCK16/SES161/SA161S28	SES007	-2.79271	-51.5236	-48.7309
BLOCK16/SES161/SA161S28	SES105	-2.47925	-51.2102	-48.7309
BLOCK16/SES161/SA161S28	SES158	-0.899307	-49.6302	-48.7309
BLOCK16/SES161/SA161S28	SES206	-1.71158	-50.4425	-48.7309
BLOCK16/SES164/SA164S11	SES104	-1.15175	-48.4899	-47.3381
BLOCK16/SES164/SA164S11	SES125	-0.748795	-48.0869	-47.3381
BLOCK16/SES164/SA164S11	SES158	-0.111881	-47.45	-47.3381
BLOCK16/SES164/SA164S11	SES206	-1.60476	-48.9429	-47.3381
BLOCK16/SES164/SA164S13	SES099	-0.882641	-49.2859	-48.4032
BLOCK16/SES164/SA164S13	SES104	-1.72642	-50.1296	-48.4032
BLOCK16/SES164/SA164S13	SES125	-2.00191	-50.4051	-48.4032
BLOCK16/SES164/SA164S13	SES206	-1.70375	-50.107	-48.4032
BLOCK16/SES164/SA164S24	SES002	-0.0412941	-48.0844	-48.0431
BLOCK16/SES164/SA164S24	SES099	-0.620708	-48.6638	-48.0431
BLOCK16/SES164/SA164S24	SES125	-1.48419	-49.5273	-48.0431
BLOCK16/SES164/SA164S24	SES226	-0.153271	-48.1964	-48.0431
BLOCK16/SES164/SA164S27	SES087	-2.19011	-50.3124	-48.1223
BLOCK16/SES164/SA164S27	SES125	-1.53233	-49.6546	-48.1223
BLOCK16/SES164/SA164S27	SES206	-1.5838	-49.7061	-48.1223
BLOCK16/SES164/SA164S27	SES226	-0.734173	-48.8565	-48.1223
BLOCK16/SES164/SA164S29	SES002	0.1474	-47.6606	-47.808
BLOCK16/SES164/SA164S29	SES019	-1.32445	-49.1325	-47.808
BLOCK16/SES164/SA164S29	SES125	-1.08967	-48.8977	-47.808
BLOCK16/SES164/SA164S29	SES226	-0.68446	-48.4925	-47.808
BLOCK16/SES169/SA169S13	SES117	-1.34299	-49.0978	-47.7548
BLOCK16/SES169/SA169S13	SES144	-1.12836	-48.8832	-47.7548
BLOCK16/SES169/SA169S13	SES146	-1.5023	-49.2571	-47.7548
BLOCK16/SES169/SA169S13	SES162	-1.53079	-49.2856	-47.7548
BLOCK16/SES169/SA169S14	SES144	-0.878117	-47.5182	-46.6401
BLOCK16/SES169/SA169S14	SES148	-0.963276	-47.6034	-46.6401
BLOCK16/SES169/SA169S14	SES177	-1.44584	-48.0859	-46.6401
BLOCK16/SES169/SA169S14	SES180	-1.91873	-48.5588	-46.6401
BLOCK16/SES169/SA169S24	SES117	-0.884819	-49.4434	-48.5585
BLOCK16/SES169/SA169S24	SES144	-0.825867	-49.3844	-48.5585
BLOCK16/SES169/SA169S24	SES146	-1.32994	-49.8885	-48.5585
BLOCK16/SES169/SA169S24	SES162	-1.0495	-49.608	-48.5585
BLOCK16/SES169/SA169S27	SES127	-1.05558	-48.7798	-47.7242
BLOCK16/SES169/SA169S27	SES129	-1.52775	-49.252	-47.7242
BLOCK16/SES169/SA169S27	SES144	-1.51175	-49.236	-47.7242
BLOCK16/SES169/SA169S27	SES146	-0.959866	-48.6841	-47.7242
BLOCK16/SES169/SA169S29	SES144	-0.479076	-47.4634	-46.9843
BLOCK16/SES169/SA169S29	SES162	-0.754265	-47.7386	-46.9843
BLOCK16/SES169/SA169S29	SES177	-1.84393	-48.8282	-46.9843
BLOCK16/SES169/SA169S29	SES180	-0.773945	-47.7583	-46.9843
BLOCK17/SES171/SA171S12	SES083	-1.9169	-50.2733	-48.3564
BLOCK17/SES171/SA171S12	SES148	-1.33785	-49.6943	-48.3564
BLOCK17/SES171/SA171S12	SES172	-1.74484	-50.1012	-48.3564
BLOCK17/SES171/SA171S12	SES292	-2.47467	-50.8311	-48.3564
BLOCK17/SES171/SA171S15	SES148	-1.85422	-50.6779	-48.8237
BLOCK17/SES171/SA171S15	SES177	-1.95419	-50.7779	-48.8237
BLOCK17/SES171/SA171S15	SES180	-3.32151	-52.1452	-48.8237
BLOCK17/SES171/SA171S15	SES292	-4.79836	-53.6221	-48.8237
BLOCK17/SES171/SA171S22	SES007	-1.75804	-49.0984	-47.3404
BLOCK17/SES171/SA171S22	SES148	-1.34005	-48.6805	-47.3404
BLOCK17/SES171/SA171S22	SES177	-0.841564	-48.182	-47.3404
BLOCK17/SES171/SA171S22	SES180	-2.09491	-49.4353	-47.3404
BLOCK17/SES171/SA171S25	SES101	-3.2818	-51.6441	-48.3623
BLOCK17/SES171/SA171S25	SES120	-3.13715	-51.4995	-48.3623
BLOCK17/SES171/SA171S25	SES177	-1.73381	-50.0961	-48.3623
BLOCK17/SES171/SA171S25	SES180	-2.84909	-51.2114	-48.3623
BLOCK17/SES171/SA171S27	SES177	-1.15586	-48.9242	-47.7683
BLOCK17/SES171/SA171S27	SES180	-2.81681	-50.5851	-47.7683
BLOCK17/SES171/SA171S27	SES189	-1.21099	-48.9793	-47.7683
BLOCK17/SES171/SA171S27	SES292	-3.33638	-51.1047	-47.7683
BLOCK17/SES173/SA173S13	SES162	-2.33665	-51.3626	-49.0259
BLOCK17/SES173/SA173S13	SES177	-2.9148	-51.9407	-49.0259
BLOCK17/SES173/SA173S13	SES180	-2.94579	-51.9717	-49.0259
BLOCK17/SES173/SA173S13	SES292	-2.72337	-51.7493	-49.0259
BLOCK17/SES173/SA173S14	SES007	-4.09751	-53.2354	-49.1379
BLOCK17/SES173/SA173S14	SES162	-1.97196	-51.1098	-49.1379
BLOCK17/SES173/SA173S14	SES177	-2.06352	-51.2014	-49.1379
BLOCK17/SES173/SA173S14	SES180	-3.21854	-52.3564	-49.1379
BLOCK17/SES173/SA173S24	SES144	-1.99353	-51.689	-49.6954
BLOCK17/SES173/SA173S24	SES162	-2.16531	-51.8608	-49.6954
BLOCK17/SES173/SA173S24	SES177	-2.59323	-52.2887	-49.6954
BLOCK17/SES173/SA173S24	SES180	-3.65807	-53.3535	-49.6954
BLOCK17/SES173/SA173S27	SES162	-2.80802	-51.7495	-48.9415
BLOCK17/SES173/SA173S27	SES177	-2.3379	-51.2794	-48.9415
BLOCK17/SES173/SA173S27	SES180	-2.66963	-51.6111	-48.9415
BLOCK17/SES173/SA173S27	SES292	-3.93221	-52.8737	-48.9415
BLOCK17/SES173/SA173S29	SES162	-2.08481	-50.8495	-48.7647
BLOCK17/SES173/SA173S29	SES175	-1.5823	-50.347	-48.7647
BLOCK17/SES173/SA173S29	SES177	-2.38095	-51.1456	-48.7647
BLOCK17/SES173/SA173S29	SES292	-4.36218	-53.1269	-48.7647
BLOCK18/SES182/SA182S10	SES144	-1.12448	-48.5865	-47.462
BLOCK18/SES182/SA182S10	SES177	-1.03083	-48.4928	-47.462
BLOCK18/SES182/SA182S10	SES180	-1.9321	-49.3941	-47.462
BLOCK18/SES182/SA182S10	SES275	-1.0164	-48.4784	-47.462
BLOCK18/SES182/SA182S12	SES144	-0.698315	-47.9573	-47.259
BLOCK18/SES182/SA182S12	SES177	-1.12462	-48.3836	-47.259
BLOCK18/SES182/SA182S12	SES180	-1.40829	-48.6673	-47.259
BLOCK18/SES182/SA182S12	SES275	-1.20483	-48.4638	-47.259
BLOCK18/SES182/SA182S21	SES117	-1.54737	-49.7656	-48.2183
BLOCK18/SES182/SA182S21	SES144	-1.15205	-49.3703	-48.2183
BLOCK18/SES182/SA182S21	SES162	-1.12835	-49.3466	-48.2183
BLOCK18/SES182/SA182S21	SES180	-1.9293	-50.1476	-48.2183
BLOCK18/SES182/SA182S23	SES117	-1.51456	-49.5831	-48.0685
BLOCK18/SES182/SA182S23	SES144	-1.51807	-49.5866	-48.0685
BLOCK18/SES182/SA182S23	SES180	-2.1097	-50.1782	-48.0685
BLOCK18/SES182/SA182S23	SES275	-0.912296	-48.9808	-48.0685
BLOCK18/SES182/SA182S25	SES007	-0.62212	-48.3814	-47.7593
BLOCK18/SES182/SA182S25	SES162	-0.789833	-48.5491	-47.7593
BLOCK18/SES182/SA182S25	SES177	-1.01019	-48.7695	-47.7593
BLOCK18/SES182/SA182S25	SES180	-1.44378	-49.2031	-47.7593
BLOCK18/SES184/SA184S12	SES177	-1.75426	-49.4681	-47.7138
BLOCK18/SES184/SA184S12	SES180	-1.75857	-49.4724	-47.7138
BLOCK18/SES184/SA184S12	SES189	-1.93469	-49.6485	-47.7138
BLOCK18/SES184/SA184S12	SES292	-1.5775	-49.2913	-47.7138
BLOCK18/SES184/SA184S13	SES101	-2.3926	-49.7824	-47.3898
BLOCK18/SES184/SA184S13	SES177	-1.37379	-48.7636	-47.3898
BLOCK18/SES184/SA184S13	SES180	-1.98185	-49.3716	-47.3898
BLOCK18/SES184/SA184S13	SES292	-2.10116	-49.4909	-47.3898
BLOCK18/SES184/SA184S22	SES177	-1.50063	-48.1899	-46.6892
BLOCK18/SES184/SA184S22	SES180	-1.66623	-48.3555	-46.6892
BLOCK18/SES184/SA184S22	SES189	-2.67738	-49.3666	-46.6892
BLOCK18/SES184/SA184S22	SES292	-2.271	-48.9602	-46.6892
BLOCK18/SES184/SA184S25	SES101	-1.34141	-47.6457	-46.3043
BLOCK18/SES184/SA184S25	SES177	-2.02507	-48.3293	-46.3043
BLOCK18/SES184/SA184S25	SES180	-1.71016	-48.0144	-46.3043
BLOCK18/SES184/SA184S25	SES292	-1.59239	-47.8967	-46.3043
BLOCK18/SES184/SA184S27	SES083	-2.1464	-49.5161	-47.3697
BLOCK18/SES184/SA184S27	SES177	-1.3079	-48.6776	-47.3697
BLOCK18/SES184/SA184S27	SES202	-1.98376	-49.3535	-47.3697
BLOCK18/SES184/SA184S27	SES292	-1.72115	-49.0909	-47.3697
BLOCK20/SES204/SA204S12	SES062	-1.98344	-48.9054	-46.9219
BLOCK20/SES204/SA204S12	SES083	-2.73941	-49.6614	-46.9219
BLOCK20/SES204/SA204S12	SES206	-0.790112	-47.712	-46.9219
BLOCK20/SES204/SA204S12	SES226	-2.16037	-49.0823	-46.9219
BLOCK20/SES204/SA204S14	SES068	-2.3332	-48.4947	-46.1615
BLOCK20/SES204/SA204S14	SES087	-0.478443	-46.64	-46.1615
BLOCK20/SES204/SA204S14	SES206	-1.35795	-47.5195	-46.1615
BLOCK20/SES204/SA204S14	SES226	-1.89717	-48.0587	-46.1615
BLOCK20/SES204/SA204S22	SES068	-3.30817	-50.2132	-46.905
BLOCK20/SES204/SA204S22	SES082	-3.20772	-50.1127	-46.905
BLOCK20/SES204/SA204S22	SES083	-3.52962	-50.4346	-46.905
BLOCK20/SES204/SA204S22	SES206	-1.33008	-48.2351	-46.905
BLOCK20/SES204/SA204S25	SES062	-2.78196	-49.9568	-47.1748
BLOCK20/SES204/SA204S25	SES083	-3.22017	-50.395	-47.1748
BLOCK20/SES204/SA204S25	SES206	-0.657139	-47.8319	-47.1748
BLOCK20/SES204/SA204S25	SES226	-1.89392	-49.0687	-47.1748
BLOCK20/SES204/SA204S27	SES068	-3.4067	-50.6275	-47.2208
BLOCK20/SES204/SA204S27	SES082	-2.21586	-49.4367	-47.2208
BLOCK20/SES204/SA204S27	SES087	-0.979298	-48.2001	-47.2208
BLOCK20/SES204/SA204S27	SES206	-1.16002	-48.3808	-47.2208
BLOCK20/SES207/SA207S10	SES127	-1.25843	-49.1205	-47.8621
BLOCK20/SES207/SA207S10	SES183	-2.2051	-50.0672	-47.8621
BLOCK20/SES207/SA207S10	SES189	-2.07212	-49.9342	-47.8621
BLOCK20/SES207/SA207S10	SES292	-2.31889	-50.181	-47.8621
BLOCK20/SES207/SA207S11	SES127	-2.22863	-50.1797	-47.9511
BLOCK20/SES207/SA207S11	SES183	-1.91681	-49.8679	-47.9511
BLOCK20/SES207/SA207S11	SES187	-0.568768	-48.5198	-47.9511
BLOCK20/SES207/SA207S11	SES292	-1.93275	-49.8838	-47.9511
BLOCK20/SES207/SA207S25	SES068	-1.62987	-49.3805	-47.7506
BLOCK20/SES207/SA207S25	SES083	-2.64909	-50.3997	-47.7506
BLOCK20/SES207/SA207S25	SES127	-1.20041	-48.951	-47.7506
BLOCK20/SES207/SA207S25	SES187	-0.606827	-48.3574	-47.7506
BLOCK20/SES207/SA207S27	SES127	-1.76741	-50.0821	-48.3147
BLOCK20/SES207/SA207S27	SES183	-1.61103	-49.9257	-48.3147
BLOCK20/SES207/SA207S27	SES187	-1.71453	-50.0292	-48.3147
BLOCK20/SES207/SA207S27	SES292	-2.24154	-50.5562	-48.3147
BLOCK20/SES207/SA207S29	SES083	-2.71399	-50.3241	-47.6102
BLOCK20/SES207/SA207S29	SES085	-0.95615	-48.5663	-47.6102
BLOCK20/SES207/SA207S29	SES172	-2.2533	-49.8635	-47.6102
BLOCK20/SES207/SA207S29	SES189	-2.28501	-49.8952	-47.6102
BLOCK22/SES221/SA221S12	SES068	-1.5691	-48.9519	-47.3828
BLOCK22/SES221/SA221S12	SES143	-2.37428	-49.757	-47.3828
BLOCK22/SES221/SA221S12	SES175	-1.3483	-48.7311	-47.3828
BLOCK22/SES221/SA221S12	SES202	-0.870747	-48.2535	-47.3828
BLOCK22/SES221/SA221S15	SES085	-2.78432	-51.4115	-48.6272
BLOCK22/SES221/SA221S15	SES143	-3.05502	-51.6822	-48.6272
BLOCK22/SES221/SA221S15	SES175	-1.60132	-50.2285	-48.6272
BLOCK22/SES221/SA221S15	SES187	-1.76444	-50.3916	-48.6272
BLOCK22/SES221/SA221S23	SES068	-2.30673	-50.109	-47.8023
BLOCK22/SES221/SA221S23	SES143	-2.66289	-50.4651	-47.8023
BLOCK22/SES221/SA221S23	SES175	-1.26753	-49.0698	-47.8023
BLOCK22/SES221/SA221S23	SES189	-0.385891	-48.1881	-47.8023
BLOCK22/SES221/SA221S27	SES085	-3.35066	-51.2509	-47.9002
BLOCK22/SES221/SA221S27	SES143	-2.08108	-49.9813	-47.9002
BLOCK22/SES221/SA221S27	SES175	-1.59526	-49.4955	-47.9002
BLOCK22/SES221/SA221S27	SES189	0.510532	-47.3897	-47.9002
BLOCK22/SES221/SA221S29	SES085	-3.4132	-52.0247	-48.6115
BLOCK22/SES221/SA221S29	SES143	-2.70706	-51.3186	-48.6115
BLOCK22/SES221/SA221S29	SES175	-1.38061	-49.9921	-48.6115
BLOCK22/SES221/SA221S29	SES187	-1.36475	-49.9763	-48.6115
BLOCK22/SES223/SA223S11	SES143	-1.59531	-49.9938	-48.3985
BLOCK22/SES223/SA223S11	SES144	-2.59174	-50.9902	-48.3985
BLOCK22/SES223/SA223S11	SES175	-1.22296	-49.6215	-48.3985
BLOCK22/SES223/SA223S11	SES187	-1.83747	-50.236	-48.3985
BLOCK22/SES223/SA223S13	SES068	-1.05529	-50.7108	-49.6555
BLOCK22/SES223/SA223S13	SES143	-2.29714	-51.9526	-49.6555
BLOCK22/SES223/SA223S13	SES146	-2.60996	-52.2654	-49.6555
BLOCK22/SES223/SA223S13	SES202	-1.56376	-51.2192	-49.6555
BLOCK22/SES223/SA223S22	SES143	-1.48686	-49.8671	-48.3803
BLOCK22/SES223/SA223S22	SES144	-2.55093	-50.9312	-48.3803
BLOCK22/SES223/SA223S22	SES175	-1.63924	-50.0195	-48.3803
BLOCK22/SES223/SA223S22	SES187	-1.80468	-50.1849	-48.3803
BLOCK22/SES223/SA223S25	SES068	-1.5931	-50.2979	-48.7048
BLOCK22/SES223/SA223S25	SES143	-1.667	-50.3718	-48.7048
BLOCK22/SES223/SA223S25	SES175	-0.890827	-49.5956	-48.7048
BLOCK22/SES223/SA223S25	SES187	-1.73103	-50.4358	-48.7048
BLOCK22/SES223/SA223S27	SES143	-0.979313	-49.6301	-48.6508
BLOCK22/SES223/SA223S27	SES146	-1.62917	-50.2799	-48.6508
BLOCK22/SES223/SA223S27	SES187	-1.06387	-49.7146	-48.6508
BLOCK22/SES223/SA223S27	SES292	-3.15681	-51.8076	-48.6508
BLOCK27/SES273/SA273S12	SES099	-0.186306	-46.459	-46.2727
BLOCK27/SES273/SA273S12	SES104	-0.209343	-46.482	-46.2727
BLOCK27/SES273/SA273S12	SES125	-0.981472	-47.2542	-46.2727
BLOCK27/SES273/SA273S12	SES206	-0.0730934	-46.3458	-46.2727
BLOCK27/SES273/SA273S13	SES099	-0.58046	-46.5519	-45.9715
BLOCK27/SES273/SA273S13	SES104	-0.901871	-46.8734	-45.9715
BLOCK27/SES273/SA273S13	SES206	-0.846947	-46.8184	-45.9715
BLOCK27/SES273/SA273S13	SES292	-3.13889	-49.1104	-45.9715
BLOCK27/SES273/SA273S21	SES099	0.16972	-46.5213	-46.691
BLOCK27/SES273/SA273S21	SES148	-2.96389	-49.6549	-46.691
BLOCK27/SES273/SA273S21	SES149	-0.842617	-47.5337	-46.691
BLOCK27/SES273/SA273S21	SES177	-3.38736	-50.0784	-46.691
BLOCK27/SES273/SA273S25	SES104	-0.959255	-47.512	-46.5528
BLOCK27/SES273/SA273S25	SES125	-1.67983	-48.2326	-46.5528
BLOCK27/SES273/SA273S25	SES158	-0.605083	-47.1579	-46.5528
BLOCK27/SES273/SA273S25	SES206	-0.322933	-46.8757	-46.5528
BLOCK27/SES273/SA273S27	SES099	-0.555828	-46.8068	-46.2509
BLOCK27/SES273/SA273S27	SES104	-0.646095	-46.897	-46.2509
BLOCK27/SES273/SA273S27	SES149	-0.725151	-46.9761	-46.2509
BLOCK27/SES273/SA273S27	SES275	-2.06745	-48.3184	-46.2509
BLOCK27/SES274/SA274S10	SES105	-1.51011	-48.0592	-46.5491
BLOCK27/SES274/SA274S10	SES125	-0.673004	-47.2221	-46.5491
BLOCK27/SES274/SA274S10	SES129	-0.806507	-47.3556	-46.5491
BLOCK27/SES274/SA274S10	SES158	-1.10173	-47.6508	-46.5491
BLOCK27/SES274/SA274S11	SES105	-1.80807	-48.5698	-46.7617
BLOCK27/SES274/SA274S11	SES149	-0.87249	-47.6342	-46.7617
BLOCK27/SES274/SA274S11	SES158	-0.7896	-47.5513	-46.7617
BLOCK27/SES274/SA274S11	SES275	-1.76086	-48.5226	-46.7617
BLOCK27/SES274/SA274S21	SES105	-1.44534	-48.3495	-46.9042
BLOCK27/SES274/SA274S21	SES129	-1.68465	-48.5889	-46.9042
BLOCK27/SES274/SA274S21	SES149	-0.357121	-47.2613	-46.9042
BLOCK27/SES274/SA274S21	SES158	-1.93198	-48.8362	-46.9042
BLOCK27/SES274/SA274S24	SES105	-1.90127	-48.996	-47.0947
BLOCK27/SES274/SA274S24	SES129	-2.15685	-49.2516	-47.0947
BLOCK27/SES274/SA274S24	SES149	-0.171593	-47.2663	-47.0947
BLOCK27/SES274/SA274S24	SES158	-1.76285	-48.8576	-47.0947
BLOCK27/SES274/SA274S29	SES105	-1.83357	-48.7208	-46.8872
BLOCK27/SES274/SA274S29	SES106	-1.65153	-48.5387	-46.8872
BLOCK27/SES274/SA274S29	SES120	-2.27973	-49.1669	-46.8872
BLOCK27/SES274/SA274S29	SES275	-1.76817	-48.6554	-46.8872
BLOCK27/SES276/SA276S16	SES148	-1.29927	-48.9112	-47.6119
BLOCK27/SES276/SA276S16	SES172	-1.39156	-49.0035	-47.6119
BLOCK27/SES276/SA276S16	SES180	-2.58431	-50.1962	-47.6119
BLOCK27/SES276/SA276S16	SES292	-1.43406	-49.046	-47.6119
BLOCK27/SES276/SA276S17	SES101	-1.79777	-49.3432	-47.5454
BLOCK27/SES276/SA276S17	SES177	-1.66744	-49.2129	-47.5454
BLOCK27/SES276/SA276S17	SES180	-2.08894	-49.6344	-47.5454
BLOCK27/SES276/SA276S17	SES292	-1.90408	-49.4495	-47.5454
BLOCK27/SES276/SA276S24	SES101	-1.10044	-47.6143	-46.5139
BLOCK27/SES276/SA276S24	SES177	-1.65758	-48.1715	-46.5139
BLOCK27/SES276/SA276S24	SES180	-2.02176	-48.5357	-46.5139
BLOCK27/SES276/SA276S24	SES292	-2.33813	-48.852	-46.5139
BLOCK27/SES276/SA276S26	SES101	-2.89011	-49.7232	-46.8331
BLOCK27/SES276/SA276S26	SES177	-1.44969	-48.2828	-46.8331
BLOCK27/SES276/SA276S26	SES180	-1.45225	-48.2853	-46.8331
BLOCK27/SES276/SA276S26	SES292	-1.27891	-48.112	-46.8331
BLOCK27/SES276/SA276S28	SES101	-2.0556	-49.2496	-47.194
BLOCK27/SES276/SA276S28	SES177	-2.18001	-49.374	-47.194
BLOCK27/SES276/SA276S28	SES180	-1.0342	-48.2282	-47.194
BLOCK27/SES276/SA276S28	SES292	-1.78064	-48.9747	-47.194
BLOCK27/SES277/SA277S12	SES101	-0.882614	-48.824	-47.9414
BLOCK27/SES277/SA277S12	SES177	-1.9501	-49.8915	-47.9414
BLOCK27/SES277/SA277S12	SES180	-2.7522	-50.6936	-47.9414
BLOCK27/SES277/SA277S12	SES292	-2.86567	-50.807	-47.9414
BLOCK27/SES277/SA277S14	SES177	-1.54559	-49.9316	-48.386
BLOCK27/SES277/SA277S14	SES180	-2.87607	-51.2621	-48.386
BLOCK27/SES277/SA277S14	SES189	-1.03026	-49.4163	-48.386
BLOCK27/SES277/SA277S14	SES292	-3.40712	-51.7931	-48.386
BLOCK27/SES277/SA277S21	SES177	-1.14992	-48.4875	-47.3376
BLOCK27/SES277/SA277S21	SES180	-2.91269	-50.2502	-47.3376
BLOCK27/SES277/SA277S21	SES189	-1.0677	-48.4053	-47.3376
BLOCK27/SES277/SA277S21	SES292	-3.28674	-50.6243	-47.3376
BLOCK27/SES277/SA277S24	SES144	-1.59387	-49.9467	-48.3528
BLOCK27/SES277/SA277S24	SES177	-1.58384	-49.9366	-48.3528
BLOCK27/SES277/SA277S24	SES180	-3.23064	-51.5834	-48.3528
BLOCK27/SES277/SA277S24	SES189	-1.37764	-49.7304	-48.3528
BLOCK27/SES277/SA277S29	SES177	-1.21486	-47.4688	-46.2539
BLOCK27/SES277/SA277S29	SES180	-1.79578	-48.0497	-46.2539
BLOCK27/SES277/SA277S29	SES202	-1.37309	-47.627	-46.2539
BLOCK27/SES277/SA277S29	SES292	-2.76307	-49.017	-46.2539
BLOCK27/SES279/SA279S09	SES120	-1.53589	-48.553	-47.0171
BLOCK27/SES279/SA279S09	SES146	-1.79812	-48.8152	-47.0171
BLOCK27/SES279/SA279S09	SES206	-2.09002	-49.1071	-47.0171
BLOCK27/SES279/SA279S09	SES226	-2.5264	-49.5435	-47.0171
BLOCK27/SES279/SA279S10	SES099	-1.32336	-48.3656	-47.0423
BLOCK27/SES279/SA279S10	SES206	-1.41167	-48.454	-47.0423
BLOCK27/SES279/SA279S10	SES226	-1.89052	-48.9328	-47.0423
BLOCK27/SES279/SA279S10	SES292	-1.46687	-48.5092	-47.0423
BLOCK27/SES279/SA279S20	SES099	-2.50913	-50.0969	-47.5877
BLOCK27/SES279/SA279S20	SES206	-1.50798	-49.0957	-47.5877
BLOCK27/SES279/SA279S20	SES226	-2.32161	-49.9093	-47.5877
BLOCK27/SES279/SA279S20	SES292	-1.09729	-48.685	-47.5877
BLOCK27/SES279/SA279S26	SES099	-1.71463	-49.0581	-47.3435
BLOCK27/SES279/SA279S26	SES206	-0.949333	-48.2928	-47.3435
BLOCK27/SES279/SA279S26	SES226	-1.81769	-49.1612	-47.3435
BLOCK27/SES279/SA279S26	SES292	-1.51881	-48.8623	-47.3435
BLOCK27/SES279/SA279S28	SES099	-2.43025	-48.3232	-45.893
BLOCK27/SES279/SA279S28	SES120	-1.36443	-47.2574	-45.893
BLOCK27/SES279/SA279S28	SES177	-2.2223	-48.1153	-45.893
BLOCK27/SES279/SA279S28	SES206	-2.20147	-48.0945	-45.893
BLOCK29/SES290/SA290S12	SES162	-1.62242	-48.3023	-46.6799
BLOCK29/SES290/SA290S12	SES177	-1.9906	-48.6705	-46.6799
BLOCK29/SES290/SA290S12	SES180	-2.54707	-49.2269	-46.6799
BLOCK29/SES290/SA290S12	SES292	-3.17339	-49.8532	-46.6799
BLOCK29/SES290/SA290S13	SES007	-2.64978	-50.2344	-47.5846
BLOCK29/SES290/SA290S13	SES162	-2.20931	-49.7939	-47.5846
BLOCK29/SES290/SA290S13	SES177	-1.37534	-48.9599	-47.5846
BLOCK29/SES290/SA290S13	SES180	-1.66183	-49.2464	-47.5846
BLOCK29/SES290/SA290S22	SES177	-1.29592	-48.3278	-47.0319
BLOCK29/SES290/SA290S22	SES180	-1.63855	-48.6705	-47.0319
BLOCK29/SES290/SA290S22	SES202	-1.51225	-48.5442	-47.0319
BLOCK29/SES290/SA290S22	SES292	-2.91689	-49.9488	-47.0319
BLOCK29/SES290/SA290S25	SES162	-1.4812	-48.2988	-46.8176
BLOCK29/SES290/SA290S25	SES177	-1.3982	-48.2158	-46.8176
BLOCK29/SES290/SA290S25	SES180	-1.60032	-48.4179	-46.8176
BLOCK29/SES290/SA290S25	SES292	-2.32818	-49.1458	-46.8176
BLOCK29/SES290/SA290S29	SES177	-0.668781	-47.3372	-46.6684
BLOCK29/SES290/SA290S29	SES180	-1.18782	-47.8563	-46.6684
BLOCK29/SES290/SA290S29	SES275	-2.31843	-48.9869	-46.6684
BLOCK29/SES290/SA290S29	SES292	-2.22911	-48.8976	-46.6684
BLOCK29/SES291/SA291S11	SES105	-3.50508	-51.3573	-47.8522
BLOCK29/SES291/SA291S11	SES125	-1.20837	-49.0606	-47.8522
BLOCK29/SES291/SA291S11	SES158	-1.25191	-49.1042	-47.8522
BLOCK29/SES291/SA291S11	SES275	-4.5062	-52.3584	-47.8522
BLOCK29/SES291/SA291S12	SES158	0.0347137	-47.4769	-47.5116
BLOCK29/SES291/SA291S12	SES226	-1.11546	-48.6271	-47.5116
BLOCK29/SES291/SA291S12	SES270	0.0620918	-47.4495	-47.5116
BLOCK29/SES291/SA291S12	SES275	-4.87352	-52.3851	-47.5116
BLOCK29/SES291/SA291S22	SES082	-1.13694	-48.3411	-47.2041
BLOCK29/SES291/SA291S22	SES158	-1.04506	-48.2492	-47.2041
BLOCK29/SES291/SA291S22	SES259	-1.4588	-48.6629	-47.2041
BLOCK29/SES291/SA291S22	SES275	-3.67889	-50.883	-47.2041
BLOCK29/SES291/SA291S24	SES104	-0.276428	-46.592	-46.3155
BLOCK29/SES291/SA291S24	SES125	-0.628193	-46.9437	-46.3155
BLOCK29/SES291/SA291S24	SES158	-0.688282	-47.0038	-46.3155
BLOCK29/SES291/SA291S24	SES275	-4.09359	-50.4091	-46.3155
BLOCK29/SES291/SA291S27	SES158	-0.349258	-46.8527	-46.5035
BLOCK29/SES291/SA291S27	SES172	-5.3429	-51.8464	-46.5035
BLOCK29/SES291/SA291S27	SES275	-4.33912	-50.8426	-46.5035
BLOCK29/SES291/SA291S27	SES292	-3.78886	-50.2923	-46.5035
