BLOCK00/SES002/SA002S12	SES002	1.43001	-38.7201	-40.1501
BLOCK00/SES002/SA002S13	SES002	1.89035	-38.0762	-39.9666
BLOCK00/SES002/SA002S23	SES002	1.82386	-37.8287	-39.6526
BLOCK00/SES002/SA002S26	SES002	2.39112	-37.5214	-39.9125
BLOCK00/SES002/SA002S28	SES002	1.56403	-38.4335	-39.9976
BLOCK00/SES007/SA007S14	SES007	1.25001	-38.138	-39.388
BLOCK00/SES007/SA007S15	SES007	0.6712	-39.5599	-40.2311
BLOCK00/SES007/SA007S24	SES007	0.509144	-39.6903	-40.1994
BLOCK00/SES007/SA007S27	SES007	0.479958	-40.2971	-40.777
BLOCK00/SES007/SA007S29	SES007	0.3549	-39.3535	-39.7084
BLOCK00/SES008/SA008S11	SES008	0.899105	-39.7142	-40.6133
BLOCK00/SES008/SA008S12	SES008	0.426884	-40.3409	-40.7677
BLOCK00/SES008/SA008S19	SES008	1.71251	-38.7865	-40.499
BLOCK00/SES008/SA008S22	SES008	1.0345	-39.803	-40.8375
BLOCK00/SES008/SA008S29	SES008	0.689594	-39.5701	-40.2597
BLOCK01/SES014/SA014S10	SES014	2.45887	-38.4463	-40.9052
BLOCK01/SES014/SA014S12	SES014	2.76387	-36.7763	-39.5402
BLOCK01/SES014/SA014S24	SES014	1.88216	-38.2824	-40.1645
BLOCK01/SES014/SA014S26	SES014	2.8183	-35.8678	-38.6861
BLOCK01/SES014/SA014S28	SES014	2.92317	-36.5267	-39.4499
BLOCK01/SES016/SA016S12	SES016	1.47875	-40.865	-42.3437
BLOCK01/SES016/SA016S13	SES016	1.19641	-39.7778	-40.9743
BLOCK01/SES016/SA016S22	SES016	0.492817	-40.6583	-41.1512
BLOCK01/SES016/SA016S25	SES016	1.54578	-37.9738	-39.5196
BLOCK01/SES016/SA016S27	SES016	1.19834	-38.6745	-39.8729
BLOCK01/SES019/SA019S13	SES019	2.78979	-38.8634	-41.6532
BLOCK01/SES019/SA019S14	SES019	2.22791	-38.8859	-41.1138
BLOCK01/SES019/SA019S22	SES019	2.57485	-38.5188	-41.0936
BLOCK01/SES019/SA019S25	SES019	2.69246	-38.8204	-41.5128
BLOCK01/SES019/SA019S29	SES019	3.11147	-38.8231	-41.9346
BLOCK02/SES029/SA029S11	SES029	1.17816	-39.3142	-40.4923
BLOCK02/SES029/SA029S12	SES029	0.184563	-39.6348	-39.8194
BLOCK02/SES029/SA029S20	SES029	0.28804	-40.904	-41.192
BLOCK02/SES029/SA029S25	SES029	0.396301	-39.5057	-39.902
BLOCK02/SES029/SA029S28	SES029	0.252327	-40.0979	-40.3502
BLOCK04/SES042/SA042S12	SES042	2.37059	-37.2199	-39.5905
BLOCK04/SES042/SA042S15	SES042	2.31258	-38.0224	-40.335
BLOCK04/SES042/SA042S22	SES042	3.42548	-36.0522	-39.4777
BLOCK04/SES042/SA042S25	SES042	1.95136	-38.8682	-40.8195
BLOCK04/SES042/SA042S27	SES042	1.98421	-37.6753	-39.6595
BLOCK04/SES048/SA048S11	SES048	1.08288	-39.0919	-40.1748
BLOCK04/SES048/SA048S12	SES048	0.58551	-39.4944	-40.08
BLOCK04/SES048/SA048S20	SES048	0.830757	-39.0429	-39.8737
BLOCK04/SES048/SA048S23	SES048	1.3558	-39.3502	-40.706
BLOCK04/SES048/SA048S27	SES048	0.630226	-38.7597	-39.3899
BLOCK06/SES060/SA060S11	SES060	1.44091	-38.9644	-40.4053
BLOCK06/SES060/SA060S12	SES060	-1.58186	-41.6804	-40.0986
BLOCK06/SES060/SA060S22	SES060	0.0926208	-40.6408	-40.7334
BLOCK06/SES060/SA060S24	SES060	0.953575	-39.1026	-40.0562
BLOCK06/SES060/SA060S28	SES060	1.22072	-37.5192	-38.7399
BLOCK06/SES062/SA062S10	SES062	0.865967	-38.8857	-39.7516
BLOCK06/SES062/SA062S11	SES062	1.5804	-38.4291	-40.0095
BLOCK06/SES062/SA062S21	SES062	1.76962	-37.058	-38.8276
BLOCK06/SES062/SA062S26	SES062	0.876804	-38.3974	-39.2742
BLOCK06/SES062/SA062S29	SES062	1.32134	-38.0831	-39.4044
BLOCK06/SES068/SA068S14	SES068	0.1968	-39.8412	-40.038
BLOCK06/SES068/SA068S15	SES068	0.731876	-38.6474	-39.3793
BLOCK06/SES068/SA068S23	SES068	0.405197	-40.1423	-40.5475
BLOCK06/SES068/SA068S27	SES068	1.05885	-38.635	-39.6939
BLOCK06/SES068/SA068S29	SES068	0.452068	-39.2999	-39.7519
BLOCK08/SES082/SA082S12	SES082	1.21902	-40.1785	-41.3975
BLOCK08/SES082/SA082S14	SES082	1.03649	-40.1238	-41.1602
BLOCK08/SES082/SA082S21	SES082	0.822536	-39.7418	-40.5644
BLOCK08/SES082/SA082S24	SES082	0.971382	-39.5929	-40.5643
BLOCK08/SES082/SA082S28	SES082	0.330338	-40.2251	-40.5554
BLOCK08/SES083/SA083S14	SES083	-0.36367	-40.1248	-39.7612
BLOCK08/SES083/SA083S15	SES083	0.0891457	-39.9177	-40.0068
BLOCK08/SES083/SA083S24	SES083	0.0968437	-40.1694	-40.2663
BLOCK08/SES083/SA083S26	SES083	0.736435	-39.5627	-40.2991
BLOCK08/SES083/SA083S29	SES083	-0.236691	-39.9917	-39.755
BLOCK08/SES085/SA085S10	SES085	-0.222672	-40.3046	-40.0819
BLOCK08/SES085/SA085S13	SES085	0.815319	-39.8453	-40.6606
BLOCK08/SES085/SA085S22	SES085	-1.80082	-42.131	-40.3302
BLOCK08/SES085/SA085S26	SES085	-0.603363	-40.4714	-39.8681
BLOCK08/SES085/SA085S28	SES085	0.868256	-39.3888	-40.2571
BLOCK08/SES087/SA087S15	SES087	1.8798	-38.8998	-40.7796
BLOCK08/SES087/SA087S16	SES087	1.85059	-38.6062	-40.4568
BLOCK08/SES087/SA087S24	SES087	1.83312	-38.8412	-40.6743
BLOCK08/SES087/SA087S26	SES087	1.57499	-37.717	-39.292
BLOCK08/SES087/SA087S29	SES087	1.95325	-38.5944	-40.5477
BLOCK09/SES099/SA099S15	SES099	1.43716	-39.3719	-40.809
BLOCK09/SES099/SA099S16	SES099	1.23334	-39.188	-40.4213
BLOCK09/SES099/SA099S24	SES099	1.39525	-38.5826	-39.9779
BLOCK09/SES099/SA099S26	SES099	1.52428	-38.3933	-39.9176
BLOCK09/SES099/SA099S29	SES099	1.41467	-38.5646	-39.9793
BLOCK10/SES101/SA101S11	SES101	0.277237	-39.5488	-39.8261
BLOCK10/SES101/SA101S13	SES101	0.889793	-38.7556	-39.6453
BLOCK10/SES101/SA101S22	SES101	0.420696	-40.319	-40.7397
BLOCK10/SES101/SA101S24	SES101	1.2349	-39.1298	-40.3647
BLOCK10/SES101/SA101S28	SES101	-0.284527	-40.8053	-40.5208
BLOCK10/SES104/SA104S11	SES104	1.10322	-38.2068	-39.31
BLOCK10/SES104/SA104S12	SES104	1.54116	-37.9472	-39.4884
BLOCK10/SES104/SA104S21	SES104	1.15358	-38.9123	-40.0659
BLOCK10/SES104/SA104S24	SES104	0.889103	-39.3446	-40.2337
BLOCK10/SES104/SA104S28	SES104	1.24754	-39.2517	-40.4992
BLOCK10/SES105/SA105S12	SES105	0.816593	-40.5946	-41.4112
BLOCK10/SES105/SA105S13	SES105	0.653862	-40.2315	-40.8854
BLOCK10/SES105/SA105S22	SES105	0.421902	-41.1537	-41.5756
BLOCK10/SES105/SA105S26	SES105	1.40813	-39.7831	-41.1912
BLOCK10/SES105/SA105S29	SES105	0.53299	-40.2917	-40.8247
BLOCK10/SES106/SA106S09	SES106	1.26987	-40.1299	-41.3998
BLOCK10/SES106/SA106S11	SES106	1.36467	-38.2466	-39.6113
BLOCK10/SES106/SA106S22	SES106	2.35096	-38.727	-41.078
BLOCK10/SES106/SA106S27	SES106	1.00301	-39.01	-40.013
BLOCK10/SES106/SA106S29	SES106	1.22166	-38.7054	-39.9271
BLOCK11/SES117/SA117S12	SES117	0.452782	-39.9916	-40.4444
BLOCK11/SES117/SA117S13	SES117	0.124367	-40.1049	-40.2293
BLOCK11/SES117/SA117S23	SES117	1.36977	-40.5808	-41.9506
BLOCK11/SES117/SA117S25	SES117	0.85099	-40.414	-41.2649
BLOCK11/SES117/SA117S28	SES117	0.838768	-40.5619	-41.4006
BLOCK12/SES120/SA120S08	SES120	1.32211	-41.1087	-42.4308
BLOCK12/SES120/SA120S11	SES120	1.28502	-42.0434	-43.3284
BLOCK12/SES120/SA120S22	SES120	0.0881538	-40.5187	-40.6068
BLOCK12/SES120/SA120S24	SES120	0.152218	-40.7719	-40.9241
BLOCK12/SES120/SA120S28	SES120	0.422642	-41.7519	-42.1745
BLOCK12/SES125/SA125S13	SES125	1.96193	-38.0807	-40.0426
BLOCK12/SES125/SA125S14	SES125	1.34188	-38.8067	-40.1486
BLOCK12/SES125/SA125S25	SES125	2.48812	-37.6085	-40.0967
BLOCK12/SES125/SA125S27	SES125	2.25803	-37.4673	-39.7253
BLOCK12/SES125/SA125S29	SES125	1.67888	-37.9445	-39.6234
BLOCK12/SES127/SA127S11	SES127	0.638081	-39.8579	-40.496
BLOCK12/SES127/SA127S12	SES127	-0.4715	-40.2925	-39.821
BLOCK12/SES127/SA127S23	SES127	0.192375	-40.2712	-40.4636
BLOCK12/SES127/SA127S25	SES127	-0.321167	-40.4027	-40.0815
BLOCK12/SES127/SA127S27	SES127	0.393181	-39.661	-40.0542
BLOCK12/SES129/SA129S11	SES129	0.789555	-39.2192	-40.0088
BLOCK12/SES129/SA129S12	SES129	0.908951	-38.8227	-39.7317
BLOCK12/SES129/SA129S22	SES129	0.971916	-39.0947	-40.0666
BLOCK12/SES129/SA129S27	SES129	1.48911	-38.2686	-39.7577
BLOCK12/SES129/SA129S29	SES129	1.73895	-38.1702	-39.9091
BLOCK14/SES142/SA142S11	SES142	1.61779	-39.5246	-41.1424
BLOCK14/SES142/SA142S12	SES142	0.542023	-40.453	-40.995
BLOCK14/SES142/SA142S24	SES142	1.76017	-39.4937	-41.2538
BLOCK14/SES142/SA142S27	SES142	2.06483	-38.9379	-41.0028
BLOCK14/SES142/SA142S29	SES142	2.36158	-38.3076	-40.6692
BLOCK14/SES143/SA143S12	SES143	1.08898	-39.7765	-40.8655
BLOCK14/SES143/SA143S13	SES143	0.536793	-40.1477	-40.6845
BLOCK14/SES143/SA143S23	SES143	0.8423	-40.3768	-41.2191
BLOCK14/SES143/SA143S25	SES143	0.708916	-39.9865	-40.6954
BLOCK14/SES143/SA143S28	SES143	0.645611	-39.3298	-39.9754
BLOCK14/SES144/SA144S09	SES144	0.595978	-39.8953	-40.4913
BLOCK14/SES144/SA144S11	SES144	0.573761	-40.6865	-41.2603
BLOCK14/SES144/SA144S21	SES144	0.317112	-40.4786	-40.7957
BLOCK14/SES144/SA144S25	SES144	0.405956	-40.6605	-41.0665
BLOCK14/SES144/SA144S29	SES144	-0.215378	-40.8091	-40.5937
BLOCK14/SES146/SA146S14	SES146	0.778973	-40.4468	-41.2258
BLOCK14/SES146/SA146S15	SES146	0.255833	-40.4791	-40.7349
BLOCK14/SES146/SA146S24	SES146	0.527222	-40.4496	-40.9768
BLOCK14/SES146/SA146S26	SES146	0.912697	-40.7921	-41.7048
BLOCK14/SES146/SA146S29	SES146	0.413143	-41.0883	-41.5015
BLOCK14/SES147/SA147S11	SES147	1.96518	-39.897	-41.8621
BLOCK14/SES147/SA147S13	SES147	2.58787	-38.452	-41.0399
BLOCK14/SES147/SA147S23	SES147	1.97359	-40.1796	-42.1532
BLOCK14/SES147/SA147S26	SES147	1.85777	-39.9831	-41.8409
BLOCK14/SES147/SA147S28	SES147	1.89751	-39.514	-41.4116
BLOCK14/SES148/SA148S10	SES148	1.21606	-39.1744	-40.3904
BLOCK14/SES148/SA148S12	SES148	0.666687	-40.1417	-40.8084
BLOCK14/SES148/SA148S22	SES148	0.952225	-38.8975	-39.8497
BLOCK14/SES148/SA148S26	SES148	0.0969429	-39.9762	-40.0731
BLOCK14/SES148/SA148S29	SES148	0.775158	-39.8948	-40.67
BLOCK14/SES149/SA149S13	SES149	-0.271774	-40.8041	-40.5323
BLOCK14/SES149/SA149S14	SES149	0.559441	-39.3366	-39.896
BLOCK14/SES149/SA149S24	SES149	1.31649	-39.2148	-40.5313
BLOCK14/SES149/SA149S26	SES149	1.92432	-39.0095	-40.9338
BLOCK14/SES149/SA149S28	SES149	1.91084	-38.3602	-40.2711
BLOCK15/SES158/SA158S13	SES158	1.02665	-39.6894	-40.7161
BLOCK15/SES158/SA158S14	SES158	1.65835	-39.2245	-40.8828
BLOCK15/SES158/SA158S23	SES158	1.08525	-39.2852	-40.3705
BLOCK15/SES158/SA158S26	SES158	1.51111	-39.0893	-40.6004
BLOCK15/SES158/SA158S28	SES158	1.14046	-39.4559	-40.5963
BLOCK16/SES162/SA162S10	SES162	0.60524	-41.0717	-41.6769
BLOCK16/SES162/SA162S11	SES162	0.794838	-39.8489	-40.6437
BLOCK16/SES162/SA162S21	SES162	1.37657	-39.3605	-40.737
BLOCK16/SES162/SA162S24	SES162	0.842762	-39.8696	-40.7124
BLOCK16/SES162/SA162S27	SES162	1.42274	-39.8042	-41.227
BLOCK16/SES167/SA167S14	SES167	0.784378	-38.9958	-39.7801
BLOCK16/SES167/SA167S15	SES167	1.15248	-39.4496	-40.6021
BLOCK16/SES167/SA167S21	SES167	1.14962	-38.6938	-39.8434
BLOCK16/SES167/SA167S25	SES167	1.49712	-39.4934	-40.9905
BLOCK16/SES167/SA167S29	SES167	1.59544	-38.3399	-39.9353
BLOCK17/SES172/SA172S12	SES172	1.13594	-39.7688	-40.9047
BLOCK17/SES172/SA172S13	SES172	1.43284	-39.7875	-41.2203
BLOCK17/SES172/SA172S23	SES172	0.483791	-38.7573	-39.2411
BLOCK17/SES172/SA172S27	SES172	0.694527	-40.0298	-40.7243
BLOCK17/SES172/SA172S29	SES172	1.58207	-39.2041	-40.7861
BLOCK17/SES175/SA175S11	SES175	1.52054	-39.1683	-40.6889
BLOCK17/SES175/SA175S13	SES175	1.09549	-39.4138	-40.5093
BLOCK17/SES175/SA175S23	SES175	1.5648	-39.5942	-41.159
BLOCK17/SES175/SA175S25	SES175	1.11853	-40.7629	-41.8815
BLOCK17/SES175/SA175S28	SES175	1.29941	-39.0158	-40.3152
BLOCK17/SES177/SA177S15	SES177	0.0709229	-40.172	-40.2429
BLOCK17/SES177/SA177S17	SES177	0.0227432	-40.1094	-40.1322
BLOCK17/SES177/SA177S23	SES177	-0.478001	-40.7578	-40.2798
BLOCK17/SES177/SA177S26	SES177	0.706635	-38.4004	-39.1071
BLOCK17/SES177/SA177S28	SES177	0.395966	-39.3043	-39.7002
BLOCK18/SES180/SA180S13	SES180	0.602188	-39.9513	-40.5535
BLOCK18/SES180/SA180S15	SES180	0.225193	-40.4944	-40.7196
BLOCK18/SES180/SA180S24	SES180	0.86134	-38.7357	-39.597
BLOCK18/SES180/SA180S26	SES180	0.663269	-39.5893	-40.2526
BLOCK18/SES180/SA180S29	SES180	0.888809	-40.0912	-40.98
BLOCK18/SES183/SA183S13	SES183	0.873974	-40.2362	-41.1102
BLOCK18/SES183/SA183S14	SES183	0.153992	-40.8698	-41.0238
BLOCK18/SES183/SA183S24	SES183	0.946377	-40.4283	-41.3747
BLOCK18/SES183/SA183S27	SES183	1.3516	-39.7881	-41.1397
BLOCK18/SES183/SA183S29	SES183	0.902267	-39.6723	-40.5746
BLOCK18/SES187/SA187S13	SES187	0.792507	-40.7292	-41.5217
BLOCK18/SES187/SA187S14	SES187	0.761917	-40.5748	-41.3367
BLOCK18/SES187/SA187S24	SES187	0.910522	-40.0022	-40.9127
BLOCK18/SES187/SA187S27	SES187	0.722599	-40.1516	-40.8742
BLOCK18/SES187/SA187S29	SES187	0.534996	-40.6202	-41.1552
BLOCK18/SES189/SA189S10	SES189	1.31278	-41.4786	-42.7914
BLOCK18/SES189/SA189S13	SES189	1.71906	-41.5489	-43.2679
BLOCK18/SES189/SA189S24	SES189	1.5052	-40.6248	-42.13
BLOCK18/SES189/SA189S26	SES189	1.00872	-40.796	-41.8047
BLOCK18/SES189/SA189S29	SES189	1.81433	-40.2325	-42.0469
BLOCK20/SES202/SA202S12	SES202	1.46769	-40.0329	-41.5005
BLOCK20/SES202/SA202S14	SES202	2.60006	-38.4476	-41.0477
BLOCK20/SES202/SA202S24	SES202	1.01147	-40.0452	-41.0567
BLOCK20/SES202/SA202S27	SES202	1.5294	-38.4925	-40.0219
BLOCK20/SES202/SA202S29	SES202	1.57431	-38.661	-40.2353
BLOCK20/SES206/SA206S15	SES206	0.10894	-39.1167	-39.2256
BLOCK20/SES206/SA206S17	SES206	1.87039	-37.8519	-39.7223
BLOCK20/SES206/SA206S24	SES206	1.45947	-38.1062	-39.5656
BLOCK20/SES206/SA206S27	SES206	1.65907	-38.7194	-40.3785
BLOCK20/SES206/SA206S29	SES206	1.84494	-37.541	-39.386
BLOCK22/SES226/SA226S12	SES226	1.46036	-39.2668	-40.7272
BLOCK22/SES226/SA226S13	SES226	-0.412708	-41.0507	-40.638
BLOCK22/SES226/SA226S20	SES226	1.31519	-39.4342	-40.7493
BLOCK22/SES226/SA226S23	SES226	1.26303	-39.0486	-40.3117
BLOCK22/SES226/SA226S28	SES226	1.52887	-38.7505	-40.2794
BLOCK25/SES259/SA259S13	SES259	2.85287	-37.2318	-40.0846
BLOCK25/SES259/SA259S14	SES259	1.68244	-38.4658	-40.1482
BLOCK25/SES259/SA259S22	SES259	1.68686	-38.1684	-39.8553
BLOCK25/SES259/SA259S24	SES259	2.03256	-37.7094	-39.742
BLOCK25/SES259/SA259S28	SES259	1.69442	-37.9879	-39.6823
BLOCK27/SES270/SA270S14	SES270	2.29713	-39.1809	-41.478
BLOCK27/SES270/SA270S16	SES270	0.846798	-39.4465	-40.2933
BLOCK27/SES270/SA270S22	SES270	2.83231	-38.2965	-41.1288
BLOCK27/SES270/SA270S26	SES270	1.8606	-39.6088	-41.4694
BLOCK27/SES270/SA270S28	SES270	1.01577	-39.1929	-40.2087
BLOCK27/SES275/SA275S17	SES275	1.26278	-40.1985	-41.4612
BLOCK27/SES275/SA275S18	SES275	0.00012207	-40.4778	-40.4779
BLOCK27/SES275/SA275S24	SES275	0.435383	-41.3254	-41.7608
BLOCK27/SES275/SA275S26	SES275	0.96426	-39.6819	-40.6461
BLOCK27/SES275/SA275S28	SES275	0.321037	-40.0179	-40.3389
BLOCK29/SES292/SA292S10	SES292	0.456612	-40.0607	-40.5173
BLOCK29/SES292/SA292S12	SES292	0.254559	-40.7945	-41.0491
BLOCK29/SES292/SA292S22	SES292	0.909782	-39.2652	-40.175
BLOCK29/SES292/SA292S24	SES292	0.267059	-39.8319	-40.0989
BLOCK29/SES292/SA292S27	SES292	-0.0818596	-39.7329	-39.6511
BLOCK00/SES001/SA001S14	SES062	-0.81292	-41.8798	-41.0669
BLOCK00/SES001/SA001S14	SES082	-1.85909	-42.926	-41.0669
BLOCK00/SES001/SA001S14	SES106	-1.97433	-43.0412	-41.0669
BLOCK00/SES001/SA001S14	SES206	-3.58226	-44.6492	-41.0669
BLOCK00/SES001/SA001S15	SES062	-1.43572	-41.2635	-39.8278
BLOCK00/SES001/SA001S15	SES104	-3.20803	-43.0358	-39.8278
BLOCK00/SES001/SA001S15	SES106	-2.69759	-42.5254	-39.8278
BLOCK00/SES001/SA001S15	SES206	-3.94528	-43.7731	-39.8278
BLOCK00/SES001/SA001S24	SES062	-2.32505	-43.0676	-40.7425
BLOCK00/SES001/SA001S24	SES082	-2.74308	-43.4856	-40.7425
BLOCK00/SES001/SA001S24	SES087	-2.59499	-43.3375	-40.7425
BLOCK00/SES001/SA001S24	SES206	-1.44234	-42.1848	-40.7425
BLOCK00/SES001/SA001S27	SES062	-1.26421	-41.2554	-39.9912
BLOCK00/SES001/SA001S27	SES082	-2.18984	-42.1811	-39.9912
BLOCK00/SES001/SA001S27	SES087	-1.98733	-41.9785	-39.9912
BLOCK00/SES001/SA001S27	SES206	-3.16177	-43.153	-39.9912
BLOCK00/SES001/SA001S29	SES062	-1.30713	-41.9596	-40.6524
BLOCK00/SES001/SA001S29	SES082	-1.19591	-41.8483	-40.6524
BLOCK00/SES001/SA001S29	SES158	-1.40079	-42.0532	-40.6524
BLOCK00/SES001/SA001S29	SES206	-3.37125	-44.0237	-40.6524
BLOCK00/SES003/SA003S11	SES002	-1.54485	-42.0465	-40.5016
BLOCK00/SES003/SA003S11	SES019	-1.10009	-41.6017	-40.5016
BLOCK00/SES003/SA003S11	SES082	-0.0350838	-40.5367	-40.5016
BLOCK00/SES003/SA003S11	SES125	-1.06061	-41.5623	-40.5016
BLOCK00/SES003/SA003S15	SES016	-2.50463	-43.1992	-40.6946
BLOCK00/SES003/SA003S15	SES019	-0.844891	-41.5394	-40.6946
BLOCK00/SES003/SA003S15	SES062	-1.92147	-42.616	-40.6946
BLOCK00/SES003/SA003S15	SES206	-1.05662	-41.7512	-40.6946
BLOCK00/SES003/SA003S22	SES002	-3.3371	-43.6997	-40.3626
BLOCK00/SES003/SA003S22	SES062	-0.92157	-41.2842	-40.3626
BLOCK00/SES003/SA003S22	SES082	-1.11522	-41.4778	-40.3626
BLOCK00/SES003/SA003S22	SES087	-1.58246	-41.945	-40.3626
BLOCK00/SES003/SA003S25	SES062	-1.54177	-42.8278	-41.2861
BLOCK00/SES003/SA003S25	SES082	-0.092041	-41.3781	-41.2861
BLOCK00/SES003/SA003S25	SES087	-1.22681	-42.5129	-41.2861
BLOCK00/SES003/SA003S25	SES206	-1.5395	-42.8256	-41.2861
BLOCK00/SES003/SA003S29	SES002	-2.56907	-43.5927	-41.0237
BLOCK00/SES003/SA003S29	SES062	-1.72669	-42.7504	-41.0237
BLOCK00/SES003/SA003S29	SES082	-0.821262	-41.8449	-41.0237
BLOCK00/SES003/SA003S29	SES087	-1.99184	-43.0155	-41.0237
BLOCK00/SES004/SA004S12	SES083	-2.56052	-43.3344	-40.7739
BLOCK00/SES004/SA004S12	SES148	-1.87892	-42.6528	-40.7739
BLOCK00/SES004/SA004S12	SES172	-1.1931	-41.967	-40.7739
BLOCK00/SES004/SA004S12	SES292	-1.81194	-42.5858	-40.7739
BLOCK00/SES004/SA004S17	SES083	-2.27784	-43.4648	-41.1869
BLOCK00/SES004/SA004S17	SES162	-1.30828	-42.4952	-41.1869
BLOCK00/SES004/SA004S17	SES172	-1.84721	-43.0341	-41.1869
BLOCK00/SES004/SA004S17	SES292	-1.59941	-42.7864	-41.1869
BLOCK00/SES004/SA004S24	SES083	-2.05468	-42.3256	-40.2709
BLOCK00/SES004/SA004S24	SES148	-2.01076	-42.2817	-40.2709
BLOCK00/SES004/SA004S24	SES172	-1.21075	-41.4817	-40.2709
BLOCK00/SES004/SA004S24	SES292	-1.4502	-41.7211	-40.2709
BLOCK00/SES004/SA004S26	SES083	-1.93836	-41.8137	-39.8753
BLOCK00/SES004/SA004S26	SES127	-1.56198	-41.4373	-39.8753
BLOCK00/SES004/SA004S26	SES148	-2.1917	-42.067	-39.8753
BLOCK00/SES004/SA004S26	SES292	-1.47205	-41.3474	-39.8753
BLOCK00/SES004/SA004S28	SES083	-2.22077	-41.9666	-39.7458
BLOCK00/SES004/SA004S28	SES127	-1.47308	-41.2189	-39.7458
BLOCK00/SES004/SA004S28	SES187	-1.69143	-41.4373	-39.7458
BLOCK00/SES004/SA004S28	SES292	-2.5788	-42.3247	-39.7458
BLOCK00/SES006/SA006S10	SES014	-1.97887	-44.0634	-42.0845
BLOCK00/SES006/SA006S10	SES158	-0.533478	-42.618	-42.0845
BLOCK00/SES006/SA006S10	SES226	-2.39871	-44.4832	-42.0845
BLOCK00/SES006/SA006S10	SES270	-0.208832	-42.2934	-42.0845
BLOCK00/SES006/SA006S11	SES158	-0.0571404	-42.2183	-42.1612
BLOCK00/SES006/SA006S11	SES226	-1.49065	-43.6518	-42.1612
BLOCK00/SES006/SA006S11	SES270	-0.252899	-42.4141	-42.1612
BLOCK00/SES006/SA006S11	SES275	-3.0575	-45.2187	-42.1612
BLOCK00/SES006/SA006S23	SES062	-1.76102	-43.3337	-41.5727
BLOCK00/SES006/SA006S23	SES105	-1.95454	-43.5272	-41.5727
BLOCK00/SES006/SA006S23	SES158	-0.414589	-41.9873	-41.5727
BLOCK00/SES006/SA006S23	SES275	-2.00103	-43.5737	-41.5727
BLOCK00/SES006/SA006S26	SES104	-1.60136	-42.605	-41.0036
BLOCK00/SES006/SA006S26	SES158	0.0301552	-40.9735	-41.0036
BLOCK00/SES006/SA006S26	SES270	0.270615	-40.733	-41.0036
BLOCK00/SES006/SA006S26	SES275	-2.77322	-43.7768	-41.0036
BLOCK00/SES006/SA006S28	SES007	-2.57685	-44.5108	-41.9339
BLOCK00/SES006/SA006S28	SES105	-2.69121	-44.6251	-41.9339
BLOCK00/SES006/SA006S28	SES158	-1.02328	-42.9572	-41.9339
BLOCK00/SES006/SA006S28	SES275	-3.32139	-45.2553	-41.9339
BLOCK00/SES009/SA009S12	SES083	-1.8306	-42.043	-40.2124
BLOCK00/SES009/SA009S12	SES148	-1.56239	-41.7748	-40.2124
BLOCK00/SES009/SA009S12	SES177	-2.1827	-42.3951	-40.2124
BLOCK00/SES009/SA009S12	SES292	-1.11894	-41.3313	-40.2124
BLOCK00/SES009/SA009S15	SES007	0.441223	-39.1947	-39.6359
BLOCK00/SES009/SA009S15	SES099	-9.48551	-49.1214	-39.6359
BLOCK00/SES009/SA009S15	SES148	-1.62267	-41.2586	-39.6359
BLOCK00/SES009/SA009S15	SES172	-1.20042	-40.8363	-39.6359
BLOCK00/SES009/SA009S24	SES146	-1.43668	-41.252	-39.8153
BLOCK00/SES009/SA009S24	SES148	-1.19754	-41.0129	-39.8153
BLOCK00/SES009/SA009S24	SES177	-1.85781	-41.6731	-39.8153
BLOCK00/SES009/SA009S24	SES292	-0.995235	-40.8106	-39.8153
BLOCK00/SES009/SA009S26	SES083	-1.81835	-42.262	-40.4437
BLOCK00/SES009/SA009S26	SES101	-1.82098	-42.2647	-40.4437
BLOCK00/SES009/SA009S26	SES120	-1.18365	-41.6273	-40.4437
BLOCK00/SES009/SA009S26	SES177	-2.18829	-42.632	-40.4437
BLOCK00/SES009/SA009S29	SES083	-1.74261	-41.7285	-39.9859
BLOCK00/SES009/SA009S29	SES101	-1.46609	-41.452	-39.9859
BLOCK00/SES009/SA009S29	SES177	-2.1086	-42.0945	-39.9859
BLOCK00/SES009/SA009S29	SES292	-1.28232	-41.2682	-39.9859
BLOCK01/SES011/SA011S10	SES019	-0.743725	-41.3594	-40.6157
BLOCK01/SES011/SA011S10	SES042	-0.97681	-41.5925	-40.6157
BLOCK01/SES011/SA011S10	SES082	-2.32867	-42.9444	-40.6157
BLOCK01/SES011/SA011S10	SES206	-1.04065	-41.6564	-40.6157
BLOCK01/SES011/SA011S11	SES019	-0.651142	-41.4546	-40.8035
BLOCK01/SES011/SA011S11	SES042	-1.14336	-41.9468	-40.8035
BLOCK01/SES011/SA011S11	SES082	-2.19889	-43.0024	-40.8035
BLOCK01/SES011/SA011S11	SES206	-0.329483	-41.133	-40.8035
BLOCK01/SES011/SA011S22	SES019	-0.297256	-40.8409	-40.5437
BLOCK01/SES011/SA011S22	SES042	-1.23087	-41.7746	-40.5437
BLOCK01/SES011/SA011S22	SES082	-1.25744	-41.8011	-40.5437
BLOCK01/SES011/SA011S22	SES206	-0.444141	-40.9878	-40.5437
BLOCK01/SES011/SA011S24	SES019	-0.672695	-40.8121	-40.1394
BLOCK01/SES011/SA011S24	SES042	-0.670078	-40.8095	-40.1394
BLOCK01/SES011/SA011S24	SES104	-1.13987	-41.2793	-40.1394
BLOCK01/SES011/SA011S24	SES206	-0.0385666	-40.178	-40.1394
BLOCK01/SES011/SA011S27	SES082	-0.0451393	-40.0016	-39.9564
BLOCK01/SES011/SA011S27	SES087	-0.641426	-40.5979	-39.9564
BLOCK01/SES011/SA011S27	SES125	-0.334507	-40.2909	-39.9564
BLOCK01/SES011/SA011S27	SES206	0.283844	-39.6726	-39.9564
BLOCK01/SES012/SA012S11	SES007	-2.40932	-41.588	-39.1787
BLOCK01/SES012/SA012S11	SES082	-1.39057	-40.5692	-39.1787
BLOCK01/SES012/SA012S11	SES083	-2.86227	-42.0409	-39.1787
BLOCK01/SES012/SA012S11	SES206	-1.08669	-40.2654	-39.1787
BLOCK01/SES012/SA012S14	SES082	-1.23346	-41.3517	-40.1183
BLOCK01/SES012/SA012S14	SES087	-1.45782	-41.5761	-40.1183
BLOCK01/SES012/SA012S14	SES206	-1.45742	-41.5757	-40.1183
BLOCK01/SES012/SA012S14	SES292	-4.00804	-44.1263	-40.1183
BLOCK01/SES012/SA012S24	SES082	-0.065731	-40.8905	-40.8248
BLOCK01/SES012/SA012S24	SES087	-1.05418	-41.879	-40.8248
BLOCK01/SES012/SA012S24	SES120	-4.13847	-44.9633	-40.8248
BLOCK01/SES012/SA012S24	SES206	-0.242802	-41.0676	-40.8248
BLOCK01/SES012/SA012S26	SES019	-1.89547	-41.9699	-40.0744
BLOCK01/SES012/SA012S26	SES082	-1.96804	-42.0424	-40.0744
BLOCK01/SES012/SA012S26	SES206	-0.632366	-40.7068	-40.0744
BLOCK01/SES012/SA012S26	SES292	-3.47254	-43.5469	-40.0744
BLOCK01/SES012/SA012S29	SES062	-1.88619	-41.5831	-39.6969
BLOCK01/SES012/SA012S29	SES082	-1.18903	-40.886	-39.6969
BLOCK01/SES012/SA012S29	SES083	-2.24683	-41.9438	-39.6969
BLOCK01/SES012/SA012S29	SES206	-1.21028	-40.9072	-39.6969
BLOCK01/SES013/SA013S16	SES062	-3.53787	-43.854	-40.3161
BLOCK01/SES013/SA013S16	SES106	-0.451908	-40.768	-40.3161
BLOCK01/SES013/SA013S16	SES206	-0.810421	-41.1266	-40.3161
BLOCK01/SES013/SA013S16	SES226	-0.216358	-40.5325	-40.3161
BLOCK01/SES013/SA013S17	SES062	-3.49024	-43.3173	-39.8271
BLOCK01/SES013/SA013S17	SES106	-0.466652	-40.2937	-39.8271
BLOCK01/SES013/SA013S17	SES206	-0.272484	-40.0996	-39.8271
BLOCK01/SES013/SA013S17	SES226	-0.178547	-40.0056	-39.8271
BLOCK01/SES013/SA013S23	SES104	-1.10689	-41.5854	-40.4785
BLOCK01/SES013/SA013S23	SES106	-0.234909	-40.7135	-40.4785
BLOCK01/SES013/SA013S23	SES206	-0.221699	-40.7002	-40.4785
BLOCK01/SES013/SA013S23	SES270	-0.22197	-40.7005	-40.4785
BLOCK01/SES013/SA013S25	SES042	-1.94342	-41.8368	-39.8934
BLOCK01/SES013/SA013S25	SES104	-1.10196	-40.9954	-39.8934
BLOCK01/SES013/SA013S25	SES106	-0.130463	-40.0239	-39.8934
BLOCK01/SES013/SA013S25	SES206	-0.889259	-40.7827	-39.8934
BLOCK01/SES013/SA013S29	SES062	-3.62865	-43.7364	-40.1078
BLOCK01/SES013/SA013S29	SES104	-1.04714	-41.1549	-40.1078
BLOCK01/SES013/SA013S29	SES106	-0.226673	-40.3345	-40.1078
BLOCK01/SES013/SA013S29	SES206	-0.957703	-41.0655	-40.1078
BLOCK02/SES021/SA021S13	SES016	-2.28288	-41.6712	-39.3883
BLOCK02/SES021/SA021S13	SES029	-2.47752	-41.8658	-39.3883
BLOCK02/SES021/SA021S13	SES087	-1.53577	-40.9241	-39.3883
BLOCK02/SES021/SA021S13	SES206	-0.5849	-39.9732	-39.3883
BLOCK02/SES021/SA021S15	SES087	-1.31247	-39.6348	-38.3223
BLOCK02/SES021/SA021S15	SES125	-0.953739	-39.276	-38.3223
BLOCK02/SES021/SA021S15	SES206	-0.24152	-38.5638	-38.3223
BLOCK02/SES021/SA021S15	SES226	-1.38678	-39.7091	-38.3223
BLOCK02/SES021/SA021S23	SES062	-2.51094	-43.2204	-40.7095
BLOCK02/SES021/SA021S23	SES087	-1.88382	-42.5933	-40.7095
BLOCK02/SES021/SA021S23	SES206	-1.43489	-42.1444	-40.7095
BLOCK02/SES021/SA021S23	SES226	-0.874313	-41.5838	-40.7095
BLOCK02/SES021/SA021S27	SES002	-2.45258	-41.7614	-39.3088
BLOCK02/SES021/SA021S27	SES016	-3.59954	-42.9083	-39.3088
BLOCK02/SES021/SA021S27	SES019	-1.54852	-40.8573	-39.3088
BLOCK02/SES021/SA021S27	SES062	-1.47872	-40.7875	-39.3088
BLOCK02/SES021/SA021S29	SES087	-1.95536	-40.9337	-38.9783
BLOCK02/SES021/SA021S29	SES125	-1.66341	-40.6417	-38.9783
BLOCK02/SES021/SA021S29	SES206	-0.902767	-39.8811	-38.9783
BLOCK02/SES021/SA021S29	SES226	-1.16161	-40.1399	-38.9783
BLOCK04/SES043/SA043S09	SES083	-2.31801	-43.8419	-41.5239
BLOCK04/SES043/SA043S09	SES101	-2.38868	-43.9126	-41.5239
BLOCK04/SES043/SA043S09	SES144	-0.779793	-42.3037	-41.5239
BLOCK04/SES043/SA043S09	SES172	-2.96373	-44.4877	-41.5239
BLOCK04/SES043/SA043S11	SES083	-0.867233	-41.1573	-40.2901
BLOCK04/SES043/SA043S11	SES101	-1.40592	-41.696	-40.2901
BLOCK04/SES043/SA043S11	SES144	-0.794384	-41.0845	-40.2901
BLOCK04/SES043/SA043S11	SES172	-1.67157	-41.9617	-40.2901
BLOCK04/SES043/SA043S23	SES083	-0.693199	-41.4081	-40.7149
BLOCK04/SES043/SA043S23	SES144	-0.176281	-40.8912	-40.7149
BLOCK04/SES043/SA043S23	SES177	-2.00679	-42.7217	-40.7149
BLOCK04/SES043/SA043S23	SES275	-0.849232	-41.5642	-40.7149
BLOCK04/SES043/SA043S26	SES083	-0.719658	-41.9696	-41.25
BLOCK04/SES043/SA043S26	SES101	-1.30703	-42.557	-41.25
BLOCK04/SES043/SA043S26	SES144	-0.0680656	-41.318	-41.25
BLOCK04/SES043/SA043S26	SES177	-1.55865	-42.8086	-41.25
BLOCK04/SES043/SA043S28	SES016	-1.30089	-41.5825	-40.2816
BLOCK04/SES043/SA043S28	SES083	-0.525341	-40.8069	-40.2816
BLOCK04/SES043/SA043S28	SES101	-0.848743	-41.1303	-40.2816
BLOCK04/SES043/SA043S28	SES144	-0.693863	-40.9754	-40.2816
BLOCK04/SES044/SA044S10	SES127	-2.30975	-45.7301	-43.4204
BLOCK04/SES044/SA044S10	SES144	-0.739807	-44.1602	-43.4204
BLOCK04/SES044/SA044S10	SES147	-5.18579	-48.6062	-43.4204
BLOCK04/SES044/SA044S10	SES148	-2.37358	-45.794	-43.4204
BLOCK04/SES044/SA044S11	SES101	-2.25298	-44.4056	-42.1526
BLOCK04/SES044/SA044S11	SES144	-0.209961	-42.3625	-42.1526
BLOCK04/SES044/SA044S11	SES147	-3.8209	-45.9735	-42.1526
BLOCK04/SES044/SA044S11	SES177	-1.99416	-44.1467	-42.1526
BLOCK04/SES044/SA044S24	SES007	-1.9075	-43.4827	-41.5753
BLOCK04/SES044/SA044S24	SES101	-1.45524	-43.0305	-41.5753
BLOCK04/SES044/SA044S24	SES147	-4.53656	-46.1118	-41.5753
BLOCK04/SES044/SA044S24	SES177	-1.73305	-43.3083	-41.5753
BLOCK04/SES044/SA044S26	SES007	-2.02772	-43.2859	-41.2582
BLOCK04/SES044/SA044S26	SES016	-0.666382	-41.9246	-41.2582
BLOCK04/SES044/SA044S26	SES101	-1.287	-42.5452	-41.2582
BLOCK04/SES044/SA044S26	SES147	-1.9342	-43.1924	-41.2582
BLOCK04/SES044/SA044S29	SES007	-2.51616	-42.9555	-40.4393
BLOCK04/SES044/SA044S29	SES101	-1.3913	-41.8306	-40.4393
BLOCK04/SES044/SA044S29	SES147	-2.9893	-43.4286	-40.4393
BLOCK04/SES044/SA044S29	SES177	-2.00611	-42.4454	-40.4393
BLOCK04/SES046/SA046S13	SES101	-2.89056	-44.4528	-41.5622
BLOCK04/SES046/SA046S13	SES144	-0.862576	-42.4248	-41.5622
BLOCK04/SES046/SA046S13	SES147	-3.23306	-44.7953	-41.5622
BLOCK04/SES046/SA046S13	SES177	-1.86659	-43.4288	-41.5622
BLOCK04/SES046/SA046S15	SES048	-2.75161	-42.9271	-40.1755
BLOCK04/SES046/SA046S15	SES083	-1.30165	-41.4771	-40.1755
BLOCK04/SES046/SA046S15	SES120	-2.56108	-42.7365	-40.1755
BLOCK04/SES046/SA046S15	SES148	-1.29249	-41.4679	-40.1755
BLOCK04/SES046/SA046S22	SES101	-1.1036	-42.5302	-41.4266
BLOCK04/SES046/SA046S22	SES144	-1.30514	-42.7318	-41.4266
BLOCK04/SES046/SA046S22	SES147	-2.121	-43.5476	-41.4266
BLOCK04/SES046/SA046S22	SES172	-0.982487	-42.4091	-41.4266
BLOCK04/SES046/SA046S25	SES083	-2.11546	-43.0771	-40.9616
BLOCK04/SES046/SA046S25	SES127	-1.67702	-42.6386	-40.9616
BLOCK04/SES046/SA046S25	SES144	-1.99844	-42.96	-40.9616
BLOCK04/SES046/SA046S25	SES148	-1.01907	-41.9807	-40.9616
BLOCK04/SES046/SA046S28	SES007	-3.1085	-44.8214	-41.7129
BLOCK04/SES046/SA046S28	SES105	-2.1384	-43.8513	-41.7129
BLOCK04/SES046/SA046S28	SES147	-2.51411	-44.227	-41.7129
BLOCK04/SES046/SA046S28	SES148	-2.02864	-43.7416	-41.7129
BLOCK04/SES049/SA049S16	SES104	-1.13098	-42.5617	-41.4307
BLOCK04/SES049/SA049S16	SES106	-0.906815	-42.3375	-41.4307
BLOCK04/SES049/SA049S16	SES120	-3.64499	-45.0757	-41.4307
BLOCK04/SES049/SA049S16	SES206	-0.919319	-42.35	-41.4307
BLOCK04/SES049/SA049S18	SES099	0.235203	-42.3005	-42.5357
BLOCK04/SES049/SA049S18	SES104	-1.77343	-44.3091	-42.5357
BLOCK04/SES049/SA049S18	SES125	-1.79094	-44.3266	-42.5357
BLOCK04/SES049/SA049S18	SES206	-1.06236	-43.598	-42.5357
BLOCK04/SES049/SA049S25	SES087	-0.732597	-42.184	-41.4514
BLOCK04/SES049/SA049S25	SES104	-0.724201	-42.1756	-41.4514
BLOCK04/SES049/SA049S25	SES125	-1.52757	-42.9789	-41.4514
BLOCK04/SES049/SA049S25	SES206	-0.412411	-41.8638	-41.4514
BLOCK04/SES049/SA049S27	SES099	-0.0800476	-40.866	-40.7859
BLOCK04/SES049/SA049S27	SES104	-0.468044	-41.254	-40.7859
BLOCK04/SES049/SA049S27	SES125	-1.58851	-42.3744	-40.7859
BLOCK04/SES049/SA049S27	SES206	-0.880863	-41.6668	-40.7859
BLOCK04/SES049/SA049S29	SES099	0.108349	-39.8596	-39.968
BLOCK04/SES049/SA049S29	SES104	0.132057	-39.8359	-39.968
BLOCK04/SES049/SA049S29	SES125	-1.23567	-41.2036	-39.968
BLOCK04/SES049/SA049S29	SES206	-0.640442	-40.6084	-39.968
BLOCK06/SES063/SA063S09	SES068	-1.83714	-42.6393	-40.8022
BLOCK06/SES063/SA063S09	SES083	-0.751377	-41.5535	-40.8022
BLOCK06/SES063/SA063S09	SES177	-1.27514	-42.0773	-40.8022
BLOCK06/SES063/SA063S09	SES187	-1.95425	-42.7564	-40.8022
BLOCK06/SES063/SA063S10	SES068	-2.09741	-43.5613	-41.4639
BLOCK06/SES063/SA063S10	SES083	-0.479164	-41.9431	-41.4639
BLOCK06/SES063/SA063S10	SES172	-0.685051	-42.149	-41.4639
BLOCK06/SES063/SA063S10	SES187	-1.58421	-43.0481	-41.4639
BLOCK06/SES063/SA063S20	SES068	-2.54359	-43.7275	-41.1839
BLOCK06/SES063/SA063S20	SES083	-1.61549	-42.7994	-41.1839
BLOCK06/SES063/SA063S20	SES172	-1.1463	-42.3302	-41.1839
BLOCK06/SES063/SA063S20	SES187	-0.645771	-41.8297	-41.1839
BLOCK06/SES063/SA063S24	SES029	-3.02453	-43.6053	-40.5808
BLOCK06/SES063/SA063S24	SES083	-0.627254	-41.2081	-40.5808
BLOCK06/SES063/SA063S24	SES177	-0.980453	-41.5613	-40.5808
BLOCK06/SES063/SA063S24	SES189	-1.83253	-42.4133	-40.5808
BLOCK06/SES063/SA063S27	SES083	-0.906433	-42.8796	-41.9732
BLOCK06/SES063/SA063S27	SES172	-0.630611	-42.6038	-41.9732
BLOCK06/SES063/SA063S27	SES187	-1.69542	-43.6686	-41.9732
BLOCK06/SES063/SA063S27	SES292	-1.76671	-43.7399	-41.9732
BLOCK06/SES067/SA067S12	SES083	-2.08304	-42.8459	-40.7628
BLOCK06/SES067/SA067S12	SES172	-2.57352	-43.3364	-40.7628
BLOCK06/SES067/SA067S12	SES202	0.074852	-40.688	-40.7628
BLOCK06/SES067/SA067S12	SES292	-1.60854	-42.3714	-40.7628
BLOCK06/SES067/SA067S14	SES085	-1.43016	-41.7391	-40.3089
BLOCK06/SES067/SA067S14	SES177	-1.46373	-41.7727	-40.3089
BLOCK06/SES067/SA067S14	SES183	-2.28004	-42.589	-40.3089
BLOCK06/SES067/SA067S14	SES202	-0.402206	-40.7112	-40.3089
BLOCK06/SES067/SA067S21	SES144	-1.10404	-42.5382	-41.4341
BLOCK06/SES067/SA067S21	SES177	-1.02544	-42.4596	-41.4341
BLOCK06/SES067/SA067S21	SES183	-5.03905	-46.4732	-41.4341
BLOCK06/SES067/SA067S21	SES189	-0.670765	-42.1049	-41.4341
BLOCK06/SES067/SA067S25	SES085	-0.97628	-41.8615	-40.8852
BLOCK06/SES067/SA067S25	SES177	-1.06047	-41.9457	-40.8852
BLOCK06/SES067/SA067S25	SES183	-2.61413	-43.4994	-40.8852
BLOCK06/SES067/SA067S25	SES202	-0.286957	-41.1722	-40.8852
BLOCK06/SES067/SA067S29	SES085	-1.41441	-42.5577	-41.1433
BLOCK06/SES067/SA067S29	SES177	-1.13071	-42.274	-41.1433
BLOCK06/SES067/SA067S29	SES183	-2.53893	-43.6822	-41.1433
BLOCK06/SES067/SA067S29	SES202	-0.148109	-41.2914	-41.1433
BLOCK06/SES069/SA069S12	SES029	-1.95394	-42.2137	-40.2598
BLOCK06/SES069/SA069S12	SES082	-0.65414	-40.9139	-40.2598
BLOCK06/SES069/SA069S12	SES087	-1.67118	-41.931	-40.2598
BLOCK06/SES069/SA069S12	SES206	-1.39439	-41.6542	-40.2598
BLOCK06/SES069/SA069S13	SES029	-2.64218	-42.5304	-39.8883
BLOCK06/SES069/SA069S13	SES087	-2.01965	-41.9079	-39.8883
BLOCK06/SES069/SA069S13	SES206	-2.50111	-42.3894	-39.8883
BLOCK06/SES069/SA069S13	SES226	-1.73705	-41.6253	-39.8883
BLOCK06/SES069/SA069S23	SES029	-1.4465	-40.5139	-39.0674
BLOCK06/SES069/SA069S23	SES087	-2.74784	-41.8153	-39.0674
BLOCK06/SES069/SA069S23	SES206	-2.63729	-41.7047	-39.0674
BLOCK06/SES069/SA069S23	SES226	-1.14713	-40.2146	-39.0674
BLOCK06/SES069/SA069S25	SES087	-1.51069	-40.7165	-39.2058
BLOCK06/SES069/SA069S25	SES206	-2.2914	-41.4972	-39.2058
BLOCK06/SES069/SA069S25	SES226	-1.3022	-40.508	-39.2058
BLOCK06/SES069/SA069S25	SES270	-0.658127	-39.864	-39.2058
BLOCK06/SES069/SA069S27	SES087	-2.23007	-41.8148	-39.5847
BLOCK06/SES069/SA069S27	SES206	-1.21116	-40.7959	-39.5847
BLOCK06/SES069/SA069S27	SES226	-0.626369	-40.2111	-39.5847
BLOCK06/SES069/SA069S27	SES270	-0.527782	-40.1125	-39.5847
BLOCK08/SES081/SA081S11	SES060	-1.45678	-41.7537	-40.2969
BLOCK08/SES081/SA081S11	SES062	-3.37537	-43.6723	-40.2969
BLOCK08/SES081/SA081S11	SES117	-3.07062	-43.3675	-40.2969
BLOCK08/SES081/SA081S11	SES162	-1.87269	-42.1696	-40.2969
BLOCK08/SES081/SA081S13	SES016	-1.60517	-41.2435	-39.6383
BLOCK08/SES081/SA081S13	SES060	-0.782284	-40.4206	-39.6383
BLOCK08/SES081/SA081S13	SES068	-0.923847	-40.5622	-39.6383
BLOCK08/SES081/SA081S13	SES129	-1.69648	-41.3348	-39.6383
BLOCK08/SES081/SA081S24	SES060	-1.21808	-41.3454	-40.1273
BLOCK08/SES081/SA081S24	SES068	-1.31069	-41.438	-40.1273
BLOCK08/SES081/SA081S24	SES117	-2.47181	-42.5991	-40.1273
BLOCK08/SES081/SA081S24	SES275	-2.64058	-42.7679	-40.1273
BLOCK08/SES081/SA081S27	SES007	-2.20881	-42.2699	-40.0611
BLOCK08/SES081/SA081S27	SES060	-2.19916	-42.2602	-40.0611
BLOCK08/SES081/SA081S27	SES117	-1.66031	-41.7214	-40.0611
BLOCK08/SES081/SA081S27	SES275	-2.73925	-42.8003	-40.0611
BLOCK08/SES081/SA081S29	SES007	-1.51224	-41.5079	-39.9957
BLOCK08/SES081/SA081S29	SES060	-1.49444	-41.4902	-39.9957
BLOCK08/SES081/SA081S29	SES117	-2.44033	-42.436	-39.9957
BLOCK08/SES081/SA081S29	SES275	-2.45112	-42.4468	-39.9957
BLOCK08/SES086/SA086S11	SES029	-4.75344	-46.5341	-41.7807
BLOCK08/SES086/SA086S11	SES082	-1.94414	-43.7248	-41.7807
BLOCK08/SES086/SA086S11	SES087	-0.18858	-41.9693	-41.7807
BLOCK08/SES086/SA086S11	SES206	-1.81847	-43.5992	-41.7807
BLOCK08/SES086/SA086S12	SES029	-4.40963	-45.6021	-41.1925
BLOCK08/SES086/SA086S12	SES082	-1.43558	-42.6281	-41.1925
BLOCK08/SES086/SA086S12	SES087	0.319538	-40.8729	-41.1925
BLOCK08/SES086/SA086S12	SES206	-1.29645	-42.4889	-41.1925
BLOCK08/SES086/SA086S20	SES029	-4.21434	-44.2971	-40.0827
BLOCK08/SES086/SA086S20	SES082	-1.71144	-41.7942	-40.0827
BLOCK08/SES086/SA086S20	SES087	0.716743	-39.366	-40.0827
BLOCK08/SES086/SA086S20	SES206	-0.00302505	-40.0858	-40.0827
BLOCK08/SES086/SA086S24	SES087	0.114063	-40.8749	-40.989
BLOCK08/SES086/SA086S24	SES104	-1.32709	-42.3161	-40.989
BLOCK08/SES086/SA086S24	SES120	-3.93326	-44.9222	-40.989
BLOCK08/SES086/SA086S24	SES206	-0.223602	-41.2126	-40.989
BLOCK08/SES086/SA086S28	SES029	-3.30637	-43.3925	-40.0862
BLOCK08/SES086/SA086S28	SES082	-1.50113	-41.5873	-40.0862
BLOCK08/SES086/SA086S28	SES087	-0.242363	-40.3285	-40.0862
BLOCK08/SES086/SA086S28	SES206	-0.723999	-40.8102	-40.0862
BLOCK08/SES089/SA089S13	SES087	-1.88152	-42.4868	-40.6053
BLOCK08/SES089/SA089S13	SES206	-2.61962	-43.2249	-40.6053
BLOCK08/SES089/SA089S13	SES226	-1.05959	-41.6649	-40.6053
BLOCK08/SES089/SA089S13	SES270	-2.37703	-42.9823	-40.6053
BLOCK08/SES089/SA089S14	SES062	-1.34732	-41.6136	-40.2663
BLOCK08/SES089/SA089S14	SES087	-0.515789	-40.7821	-40.2663
BLOCK08/SES089/SA089S14	SES206	-0.555851	-40.8222	-40.2663
BLOCK08/SES089/SA089S14	SES226	-0.259483	-40.5258	-40.2663
BLOCK08/SES089/SA089S23	SES087	-1.62543	-42.8925	-41.2671
BLOCK08/SES089/SA089S23	SES206	-2.08641	-43.3535	-41.2671
BLOCK08/SES089/SA089S23	SES226	-1.34765	-42.6148	-41.2671
BLOCK08/SES089/SA089S23	SES270	-2.50735	-43.7745	-41.2671
BLOCK08/SES089/SA089S25	SES062	-1.82894	-42.0434	-40.2144
BLOCK08/SES089/SA089S25	SES087	-0.583012	-40.7974	-40.2144
BLOCK08/SES089/SA089S25	SES206	-1.64848	-41.8629	-40.2144
BLOCK08/SES089/SA089S25	SES226	-0.229378	-40.4438	-40.2144
BLOCK08/SES089/SA089S28	SES062	-1.48382	-41.5136	-40.0297
BLOCK08/SES089/SA089S28	SES087	-0.992382	-41.0221	-40.0297
BLOCK08/SES089/SA089S28	SES206	-0.886333	-40.9161	-40.0297
BLOCK08/SES089/SA089S28	SES226	-0.287201	-40.3169	-40.0297
BLOCK09/SES097/SA097S11	SES099	0.281338	-40.4429	-40.7242
BLOCK09/SES097/SA097S11	SES125	-2.04436	-42.7686	-40.7242
BLOCK09/SES097/SA097S11	SES206	-1.15063	-41.8748	-40.7242
BLOCK09/SES097/SA097S11	SES226	-0.308315	-41.0325	-40.7242
BLOCK09/SES097/SA097S14	SES062	-3.00735	-43.6336	-40.6263
BLOCK09/SES097/SA097S14	SES099	-0.398132	-41.0244	-40.6263
BLOCK09/SES097/SA097S14	SES104	-1.22363	-41.8499	-40.6263
BLOCK09/SES097/SA097S14	SES206	-1.33373	-41.96	-40.6263
BLOCK09/SES097/SA097S22	SES099	-0.00314331	-40.886	-40.8828
BLOCK09/SES097/SA097S22	SES206	-1.08456	-41.9674	-40.8828
BLOCK09/SES097/SA097S22	SES226	-1.18092	-42.0637	-40.8828
BLOCK09/SES097/SA097S22	SES270	0.208267	-40.6746	-40.8828
BLOCK09/SES097/SA097S26	SES099	-0.0127602	-40.1479	-40.1351
BLOCK09/SES097/SA097S26	SES120	-3.75365	-43.8888	-40.1351
BLOCK09/SES097/SA097S26	SES206	-1.09047	-41.2256	-40.1351
BLOCK09/SES097/SA097S26	SES226	-0.533161	-40.6683	-40.1351
BLOCK09/SES097/SA097S28	SES099	-0.891071	-41.6803	-40.7893
BLOCK09/SES097/SA097S28	SES120	-2.53256	-43.3218	-40.7893
BLOCK09/SES097/SA097S28	SES206	-2.24743	-43.0367	-40.7893
BLOCK09/SES097/SA097S28	SES226	-1.59028	-42.3795	-40.7893
BLOCK09/SES098/SA098S11	SES127	-2.57703	-44.2385	-41.6615
BLOCK09/SES098/SA098S11	SES144	-1.71275	-43.3743	-41.6615
BLOCK09/SES098/SA098S11	SES147	-1.41336	-43.0749	-41.6615
BLOCK09/SES098/SA098S11	SES148	-3.42719	-45.0887	-41.6615
BLOCK09/SES098/SA098S12	SES127	-4.14078	-47.275	-43.1343
BLOCK09/SES098/SA098S12	SES144	-1.988	-45.1223	-43.1343
BLOCK09/SES098/SA098S12	SES147	-2.26659	-45.4009	-43.1343
BLOCK09/SES098/SA098S12	SES189	-0.671116	-43.8054	-43.1343
BLOCK09/SES098/SA098S20	SES127	-3.19089	-45.6355	-42.4446
BLOCK09/SES098/SA098S20	SES147	-1.51815	-43.9628	-42.4446
BLOCK09/SES098/SA098S20	SES148	-3.64691	-46.0916	-42.4446
BLOCK09/SES098/SA098S20	SES292	-2.43921	-44.8839	-42.4446
BLOCK09/SES098/SA098S23	SES127	-1.97935	-43.6759	-41.6965
BLOCK09/SES098/SA098S23	SES147	-1.21622	-42.9128	-41.6965
BLOCK09/SES098/SA098S23	SES187	-0.926872	-42.6234	-41.6965
BLOCK09/SES098/SA098S23	SES292	-2.18256	-43.8791	-41.6965
BLOCK09/SES098/SA098S27	SES127	-3.27242	-45.0791	-41.8067
BLOCK09/SES098/SA098S27	SES147	-1.99466	-43.8014	-41.8067
BLOCK09/SES098/SA098S27	SES148	-4.24822	-46.0549	-41.8067
BLOCK09/SES098/SA098S27	SES292	-2.73591	-44.5426	-41.8067
BLOCK10/SES102/SA102S13	SES101	-1.18681	-42.9952	-41.8084
BLOCK10/SES102/SA102S13	SES105	-1.70049	-43.5089	-41.8084
BLOCK10/SES102/SA102S13	SES120	-1.06547	-42.8739	-41.8084
BLOCK10/SES102/SA102S13	SES158	-6.02162	-47.83	-41.8084
BLOCK10/SES102/SA102S14	SES007	-0.521313	-40.6021	-40.0808
BLOCK10/SES102/SA102S14	SES101	-0.416183	-40.497	-40.0808
BLOCK10/SES102/SA102S14	SES105	-1.07874	-41.1596	-40.0808
BLOCK10/SES102/SA102S14	SES147	-3.99467	-44.0755	-40.0808
BLOCK10/SES102/SA102S22	SES007	-0.874275	-41.1279	-40.2536
BLOCK10/SES102/SA102S22	SES101	-0.15675	-40.4103	-40.2536
BLOCK10/SES102/SA102S22	SES105	-0.457047	-40.7106	-40.2536
BLOCK10/SES102/SA102S22	SES158	-3.34376	-43.5974	-40.2536
BLOCK10/SES102/SA102S25	SES007	-1.11155	-41.628	-40.5165
BLOCK10/SES102/SA102S25	SES101	-0.234768	-40.7513	-40.5165
BLOCK10/SES102/SA102S25	SES105	-0.900078	-41.4166	-40.5165
BLOCK10/SES102/SA102S25	SES147	-4.7332	-45.2497	-40.5165
BLOCK10/SES102/SA102S27	SES007	-1.59474	-42.3106	-40.7158
BLOCK10/SES102/SA102S27	SES101	-0.900047	-41.6159	-40.7158
BLOCK10/SES102/SA102S27	SES105	-1.12115	-41.837	-40.7158
BLOCK10/SES102/SA102S27	SES147	-3.47989	-44.1957	-40.7158
BLOCK10/SES103/SA103S14	SES105	-2.98242	-44.5975	-41.615
BLOCK10/SES103/SA103S14	SES106	-0.538277	-42.1533	-41.615
BLOCK10/SES103/SA103S14	SES120	-3.72658	-45.3416	-41.615
BLOCK10/SES103/SA103S14	SES206	-1.27594	-42.891	-41.615
BLOCK10/SES103/SA103S15	SES099	-0.205868	-42.2856	-42.0797
BLOCK10/SES103/SA103S15	SES101	-3.51408	-45.5938	-42.0797
BLOCK10/SES103/SA103S15	SES104	-0.790009	-42.8698	-42.0797
BLOCK10/SES103/SA103S15	SES125	-0.765469	-42.8452	-42.0797
BLOCK10/SES103/SA103S24	SES104	-1.4431	-42.5641	-41.121
BLOCK10/SES103/SA103S24	SES125	-1.27406	-42.395	-41.121
BLOCK10/SES103/SA103S24	SES148	-2.84431	-43.9653	-41.121
BLOCK10/SES103/SA103S24	SES158	-0.669292	-41.7902	-41.121
BLOCK10/SES103/SA103S26	SES104	-0.939926	-42.5676	-41.6277
BLOCK10/SES103/SA103S26	SES106	-0.72155	-42.3492	-41.6277
BLOCK10/SES103/SA103S26	SES125	-1.45312	-43.0808	-41.6277
BLOCK10/SES103/SA103S26	SES148	-3.2314	-44.8591	-41.6277
BLOCK10/SES103/SA103S28	SES104	-1.61446	-43.0448	-41.4303
BLOCK10/SES103/SA103S28	SES106	-1.5741	-43.0044	-41.4303
BLOCK10/SES103/SA103S28	SES125	-2.53539	-43.9657	-41.4303
BLOCK10/SES103/SA103S28	SES206	-1.9699	-43.4002	-41.4303
BLOCK12/SES121/SA121S12	SES042	-2.55817	-45.1263	-42.5681
BLOCK12/SES121/SA121S12	SES087	-1.62527	-44.1934	-42.5681
BLOCK12/SES121/SA121S12	SES105	-1.97647	-44.5446	-42.5681
BLOCK12/SES121/SA121S12	SES206	-0.993565	-43.5617	-42.5681
BLOCK12/SES121/SA121S14	SES007	-3.0733	-46.2865	-43.2132
BLOCK12/SES121/SA121S14	SES105	-2.38942	-45.6026	-43.2132
BLOCK12/SES121/SA121S14	SES106	-1.16607	-44.3792	-43.2132
BLOCK12/SES121/SA121S14	SES206	-1.4859	-44.6991	-43.2132
BLOCK12/SES121/SA121S23	SES105	-2.85309	-45.9694	-43.1163
BLOCK12/SES121/SA121S23	SES106	-1.24878	-44.3651	-43.1163
BLOCK12/SES121/SA121S23	SES120	-3.39191	-46.5082	-43.1163
BLOCK12/SES121/SA121S23	SES206	-0.999229	-44.1155	-43.1163
BLOCK12/SES121/SA121S25	SES007	-2.94568	-46.9128	-43.9671
BLOCK12/SES121/SA121S25	SES105	-3.27858	-47.2457	-43.9671
BLOCK12/SES121/SA121S25	SES106	-1.07328	-45.0404	-43.9671
BLOCK12/SES121/SA121S25	SES206	-1.61645	-45.5836	-43.9671
BLOCK12/SES121/SA121S27	SES087	-0.498001	-43.0969	-42.5989
BLOCK12/SES121/SA121S27	SES105	-3.81888	-46.4178	-42.5989
BLOCK12/SES121/SA121S27	SES120	-2.8679	-45.4668	-42.5989
BLOCK12/SES121/SA121S27	SES206	-0.894547	-43.4935	-42.5989
BLOCK12/SES124/SA124S16	SES042	-0.57029	-40.81	-40.2398
BLOCK12/SES124/SA124S16	SES082	-0.494556	-40.7343	-40.2398
BLOCK12/SES124/SA124S16	SES183	-3.87962	-44.1194	-40.2398
BLOCK12/SES124/SA124S16	SES206	-0.270119	-40.5099	-40.2398
BLOCK12/SES124/SA124S17	SES105	-2.7093	-44.1718	-41.4625
BLOCK12/SES124/SA124S17	SES149	-2.10447	-43.567	-41.4625
BLOCK12/SES124/SA124S17	SES158	-1.87186	-43.3344	-41.4625
BLOCK12/SES124/SA124S17	SES275	-4.20327	-45.6658	-41.4625
BLOCK12/SES124/SA124S23	SES105	-2.86843	-41.9051	-39.0367
BLOCK12/SES124/SA124S23	SES125	0.265957	-38.7707	-39.0367
BLOCK12/SES124/SA124S23	SES129	-3.5088	-42.5455	-39.0367
BLOCK12/SES124/SA124S23	SES158	-0.586693	-39.6234	-39.0367
BLOCK12/SES124/SA124S26	SES105	-3.65984	-43.4447	-39.7849
BLOCK12/SES124/SA124S26	SES125	0.421173	-39.3637	-39.7849
BLOCK12/SES124/SA124S26	SES129	-4.14637	-43.9313	-39.7849
BLOCK12/SES124/SA124S26	SES158	-1.2215	-41.0064	-39.7849
BLOCK12/SES124/SA124S28	SES104	-0.563839	-40.3305	-39.7667
BLOCK12/SES124/SA124S28	SES106	-0.267609	-40.0343	-39.7667
BLOCK12/SES124/SA124S28	SES125	-0.261761	-40.0285	-39.7667
BLOCK12/SES124/SA124S28	SES275	-3.96254	-43.7292	-39.7667
BLOCK12/SES126/SA126S13	SES007	-3.86712	-46.0387	-42.1715
BLOCK12/SES126/SA126S13	SES162	-1.42641	-43.598	-42.1715
BLOCK12/SES126/SA126S13	SES177	-1.40955	-43.5811	-42.1715
BLOCK12/SES126/SA126S13	SES180	-2.20365	-44.3752	-42.1715
BLOCK12/SES126/SA126S14	SES144	-1.28796	-41.9888	-40.7008
BLOCK12/SES126/SA126S14	SES148	-1.95433	-42.6552	-40.7008
BLOCK12/SES126/SA126S14	SES177	-0.866455	-41.5673	-40.7008
BLOCK12/SES126/SA126S14	SES180	-1.21307	-41.9139	-40.7008
BLOCK12/SES126/SA126S20	SES007	-2.74967	-43.6735	-40.9238
BLOCK12/SES126/SA126S20	SES162	-1.45777	-42.3816	-40.9238
BLOCK12/SES126/SA126S20	SES172	-2.61328	-43.5371	-40.9238
BLOCK12/SES126/SA126S20	SES180	-2.09941	-43.0232	-40.9238
BLOCK12/SES126/SA126S24	SES120	-1.39191	-41.8952	-40.5033
BLOCK12/SES126/SA126S24	SES162	-1.31727	-41.8206	-40.5033
BLOCK12/SES126/SA126S24	SES177	-1.25782	-41.7611	-40.5033
BLOCK12/SES126/SA126S24	SES180	-0.839931	-41.3432	-40.5033
BLOCK12/SES126/SA126S26	SES120	-1.62958	-42.598	-40.9684
BLOCK12/SES126/SA126S26	SES177	-1.49789	-42.4663	-40.9684
BLOCK12/SES126/SA126S26	SES180	-0.897839	-41.8663	-40.9684
BLOCK12/SES126/SA126S26	SES202	-2.78428	-43.7527	-40.9684
BLOCK12/SES128/SA128S10	SES087	-2.34659	-42.966	-40.6194
BLOCK12/SES128/SA128S10	SES206	-1.86306	-42.4825	-40.6194
BLOCK12/SES128/SA128S10	SES226	-1.01404	-41.6335	-40.6194
BLOCK12/SES128/SA128S10	SES270	-0.828644	-41.4481	-40.6194
BLOCK12/SES128/SA128S12	SES120	-2.67677	-43.3276	-40.6509
BLOCK12/SES128/SA128S12	SES158	-1.19862	-41.8495	-40.6509
BLOCK12/SES128/SA128S12	SES206	-1.49961	-42.1505	-40.6509
BLOCK12/SES128/SA128S12	SES226	-1.58867	-42.2395	-40.6509
BLOCK12/SES128/SA128S21	SES106	-3.24019	-45.1996	-41.9594
BLOCK12/SES128/SA128S21	SES120	-1.51226	-43.4716	-41.9594
BLOCK12/SES128/SA128S21	SES206	-3.71025	-45.6696	-41.9594
BLOCK12/SES128/SA128S21	SES226	-1.89468	-43.8541	-41.9594
BLOCK12/SES128/SA128S24	SES087	-2.60217	-44.0762	-41.474
BLOCK12/SES128/SA128S24	SES120	-1.10976	-42.5838	-41.474
BLOCK12/SES128/SA128S24	SES206	-2.98503	-44.459	-41.474
BLOCK12/SES128/SA128S24	SES226	-1.52143	-42.9954	-41.474
BLOCK12/SES128/SA128S27	SES099	-1.24722	-41.8209	-40.5737
BLOCK12/SES128/SA128S27	SES120	-1.7287	-42.3024	-40.5737
BLOCK12/SES128/SA128S27	SES206	-2.16364	-42.7373	-40.5737
BLOCK12/SES128/SA128S27	SES226	-0.689106	-41.2628	-40.5737
BLOCK13/SES130/SA130S13	SES143	-2.9987	-45.2927	-42.294
BLOCK13/SES130/SA130S13	SES144	-0.291706	-42.5857	-42.294
BLOCK13/SES130/SA130S13	SES146	-1.69393	-43.988	-42.294
BLOCK13/SES130/SA130S13	SES275	-4.18211	-46.4762	-42.294
BLOCK13/SES130/SA130S15	SES143	-2.55571	-43.7797	-41.224
BLOCK13/SES130/SA130S15	SES144	-0.583492	-41.8075	-41.224
BLOCK13/SES130/SA130S15	SES146	-1.06043	-42.2844	-41.224
BLOCK13/SES130/SA130S15	SES275	-1.75048	-42.9745	-41.224
BLOCK13/SES130/SA130S23	SES127	-2.30022	-44.8214	-42.5212
BLOCK13/SES130/SA130S23	SES144	-1.46639	-43.9876	-42.5212
BLOCK13/SES130/SA130S23	SES146	-1.35741	-43.8786	-42.5212
BLOCK13/SES130/SA130S23	SES162	-1.3597	-43.8809	-42.5212
BLOCK13/SES130/SA130S25	SES127	-1.92148	-42.7699	-40.8484
BLOCK13/SES130/SA130S25	SES144	-0.894802	-41.7432	-40.8484
BLOCK13/SES130/SA130S25	SES146	-1.22395	-42.0723	-40.8484
BLOCK13/SES130/SA130S25	SES275	-1.29351	-42.1419	-40.8484
BLOCK13/SES130/SA130S28	SES127	-1.04114	-42.0758	-41.0346
BLOCK13/SES130/SA130S28	SES144	-0.952839	-41.9875	-41.0346
BLOCK13/SES130/SA130S28	SES146	-0.874393	-41.909	-41.0346
BLOCK13/SES130/SA130S28	SES275	-0.443367	-41.478	-41.0346
BLOCK13/SES131/SA131S13	SES002	-2.35481	-45.0242	-42.6694
BLOCK13/SES131/SA131S13	SES007	-4.06535	-46.7348	-42.6694
BLOCK13/SES131/SA131S13	SES099	-1.61712	-44.2865	-42.6694
BLOCK13/SES131/SA131S13	SES105	-2.9877	-45.6571	-42.6694
BLOCK13/SES131/SA131S14	SES104	-0.865097	-41.8814	-41.0163
BLOCK13/SES131/SA131S14	SES106	-0.45903	-41.4754	-41.0163
BLOCK13/SES131/SA131S14	SES125	-1.45292	-42.4693	-41.0163
BLOCK13/SES131/SA131S14	SES148	-2.60597	-43.6223	-41.0163
BLOCK13/SES131/SA131S20	SES104	-1.14998	-43.0303	-41.8804
BLOCK13/SES131/SA131S20	SES106	-0.590343	-42.4707	-41.8804
BLOCK13/SES131/SA131S20	SES125	-0.91048	-42.7908	-41.8804
BLOCK13/SES131/SA131S20	SES148	-4.00522	-45.8856	-41.8804
BLOCK13/SES131/SA131S22	SES099	-0.785896	-42.1666	-41.3807
BLOCK13/SES131/SA131S22	SES104	-1.14417	-42.5249	-41.3807
BLOCK13/SES131/SA131S22	SES125	-1.25797	-42.6387	-41.3807
BLOCK13/SES131/SA131S22	SES206	-1.41453	-42.7952	-41.3807
BLOCK13/SES131/SA131S29	SES087	-0.245663	-42.0105	-41.7649
BLOCK13/SES131/SA131S29	SES104	-1.77436	-43.5392	-41.7649
BLOCK13/SES131/SA131S29	SES125	-1.46416	-43.229	-41.7649
BLOCK13/SES131/SA131S29	SES206	-0.963238	-42.7281	-41.7649
BLOCK13/SES132/SA132S11	SES083	-1.80146	-42.3102	-40.5087
BLOCK13/SES132/SA132S11	SES120	-0.411594	-40.9203	-40.5087
BLOCK13/SES132/SA132S11	SES127	-1.07423	-41.583	-40.5087
BLOCK13/SES132/SA132S11	SES275	-1.47411	-41.9829	-40.5087
BLOCK13/SES132/SA132S12	SES083	-1.64225	-41.7652	-40.123
BLOCK13/SES132/SA132S12	SES143	-1.51797	-41.641	-40.123
BLOCK13/SES132/SA132S12	SES144	-0.620697	-40.7437	-40.123
BLOCK13/SES132/SA132S12	SES148	-1.54974	-41.6727	-40.123
BLOCK13/SES132/SA132S22	SES062	-1.10331	-41.2966	-40.1933
BLOCK13/SES132/SA132S22	SES083	-1.18475	-41.378	-40.1933
BLOCK13/SES132/SA132S22	SES127	-1.0419	-41.2352	-40.1933
BLOCK13/SES132/SA132S22	SES275	-1.20647	-41.3997	-40.1933
BLOCK13/SES132/SA132S24	SES007	-1.22266	-41.482	-40.2593
BLOCK13/SES132/SA132S24	SES083	-1.82136	-42.0807	-40.2593
BLOCK13/SES132/SA132S24	SES127	-1.70996	-41.9693	-40.2593
BLOCK13/SES132/SA132S24	SES275	-1.7355	-41.9948	-40.2593
BLOCK13/SES132/SA132S27	SES083	-2.29992	-43.101	-40.8011
BLOCK13/SES132/SA132S27	SES120	-0.494244	-41.2953	-40.8011
BLOCK13/SES132/SA132S27	SES127	-1.84733	-42.6484	-40.8011
BLOCK13/SES132/SA132S27	SES275	-1.97655	-42.7776	-40.8011
BLOCK14/SES141/SA141S09	SES143	-1.11824	-42.0984	-40.9802
BLOCK14/SES141/SA141S09	SES144	-1.12414	-42.1043	-40.9802
BLOCK14/SES141/SA141S09	SES162	-0.819157	-41.7994	-40.9802
BLOCK14/SES141/SA141S09	SES180	-1.30096	-42.2812	-40.9802
BLOCK14/SES141/SA141S15	SES127	-1.20415	-42.1625	-40.9583
BLOCK14/SES141/SA141S15	SES144	-0.981899	-41.9402	-40.9583
BLOCK14/SES141/SA141S15	SES162	-0.985924	-41.9442	-40.9583
BLOCK14/SES141/SA141S15	SES180	-0.782581	-41.7409	-40.9583
BLOCK14/SES141/SA141S24	SES127	-0.653301	-41.2954	-40.6421
BLOCK14/SES141/SA141S24	SES144	-1.53479	-42.1768	-40.6421
BLOCK14/SES141/SA141S24	SES162	-0.385708	-41.0278	-40.6421
BLOCK14/SES141/SA141S24	SES183	-2.85906	-43.5011	-40.6421
BLOCK14/SES141/SA141S26	SES142	-2.16171	-43.6071	-41.4454
BLOCK14/SES141/SA141S26	SES144	-2.02797	-43.4733	-41.4454
BLOCK14/SES141/SA141S26	SES172	-1.54103	-42.9864	-41.4454
BLOCK14/SES141/SA141S26	SES180	-1.17812	-42.6235	-41.4454
BLOCK14/SES141/SA141S29	SES127	-0.663532	-41.1782	-40.5147
BLOCK14/SES141/SA141S29	SES142	-0.663712	-41.1784	-40.5147
BLOCK14/SES141/SA141S29	SES144	-1.36722	-41.8819	-40.5147
BLOCK14/SES141/SA141S29	SES180	-0.641624	-41.1563	-40.5147
BLOCK15/SES157/SA157S08	SES083	-2.38422	-43.6002	-41.216
BLOCK15/SES157/SA157S08	SES127	-2.44714	-43.6632	-41.216
BLOCK15/SES157/SA157S08	SES148	-1.13671	-42.3527	-41.216
BLOCK15/SES157/SA157S08	SES292	-2.25444	-43.4705	-41.216
BLOCK15/SES157/SA157S11	SES083	-2.35624	-43.5108	-41.1546
BLOCK15/SES157/SA157S11	SES127	-2.40598	-43.5606	-41.1546
BLOCK15/SES157/SA157S11	SES148	-1.3445	-42.4991	-41.1546
BLOCK15/SES157/SA157S11	SES292	-1.59632	-42.7509	-41.1546
BLOCK15/SES157/SA157S21	SES127	-2.14141	-42.8523	-40.7109
BLOCK15/SES157/SA157S21	SES148	-0.811474	-41.5224	-40.7109
BLOCK15/SES157/SA157S21	SES158	-4.39854	-45.1094	-40.7109
BLOCK15/SES157/SA157S21	SES292	-1.61092	-42.3218	-40.7109
BLOCK15/SES157/SA157S24	SES127	-1.83874	-42.5851	-40.7463
BLOCK15/SES157/SA157S24	SES148	-0.980495	-41.7268	-40.7463
BLOCK15/SES157/SA157S24	SES183	-1.90651	-42.6528	-40.7463
BLOCK15/SES157/SA157S24	SES292	-1.74767	-42.494	-40.7463
BLOCK15/SES157/SA157S26	SES007	-1.12788	-41.6007	-40.4728
BLOCK15/SES157/SA157S26	SES127	-1.14816	-41.6209	-40.4728
BLOCK15/SES157/SA157S26	SES147	-5.46975	-45.9425	-40.4728
BLOCK15/SES157/SA157S26	SES148	-0.939087	-41.4119	-40.4728
BLOCK16/SES161/SA161S10	SES007	-2.25252	-44.6804	-42.4279
BLOCK16/SES161/SA161S10	SES105	-1.432	-43.8599	-42.4279
BLOCK16/SES161/SA161S10	SES158	-1.99395	-44.4219	-42.4279
BLOCK16/SES161/SA161S10	SES275	-2.26781	-44.6957	-42.4279
BLOCK16/SES161/SA161S12	SES007	-1.45856	-43.4292	-41.9707
BLOCK16/SES161/SA161S12	SES105	-1.45966	-43.4303	-41.9707
BLOCK16/SES161/SA161S12	SES158	-1.25362	-43.2243	-41.9707
BLOCK16/SES161/SA161S12	SES275	-1.67727	-43.6479	-41.9707
BLOCK16/SES161/SA161S20	SES007	-1.76466	-44.8129	-43.0482
BLOCK16/SES161/SA161S20	SES105	-1.89771	-44.9459	-43.0482
BLOCK16/SES161/SA161S20	SES158	-1.87086	-44.9191	-43.0482
BLOCK16/SES161/SA161S20	SES275	-2.44733	-45.4955	-43.0482
BLOCK16/SES161/SA161S23	SES007	-2.12221	-43.6689	-41.5467
BLOCK16/SES161/SA161S23	SES105	-1.14662	-42.6933	-41.5467
BLOCK16/SES161/SA161S23	SES148	-2.37936	-43.9261	-41.5467
BLOCK16/SES161/SA161S23	SES158	-1.20174	-42.7484	-41.5467
BLOCK16/SES161/SA161S28	SES007	-2.78101	-44.8554	-42.0743
BLOCK16/SES161/SA161S28	SES105	-2.15903	-44.2334	-42.0743
BLOCK16/SES161/SA161S28	SES158	-0.924095	-42.9984	-42.0743
BLOCK16/SES161/SA161S28	SES206	-2.36533	-44.4397	-42.0743
BLOCK16/SES164/SA164S11	SES104	-1.12741	-41.6921	-40.5647
BLOCK16/SES164/SA164S11	SES125	-0.212238	-40.7769	-40.5647
BLOCK16/SES164/SA164S11	SES158	0.179565	-40.3851	-40.5647
BLOCK16/SES164/SA164S11	SES206	-1.22166	-41.7863	-40.5647
BLOCK16/SES164/SA164S13	SES099	-0.560081	-41.9368	-41.3767
BLOCK16/SES164/SA164S13	SES104	-1.80328	-43.18	-41.3767
BLOCK16/SES164/SA164S13	SES125	-1.23184	-42.6085	-41.3767
BLOCK16/SES164/SA164S13	SES206	-1.37319	-42.7499	-41.3767
BLOCK16/SES164/SA164S24	SES002	-0.302017	-40.9606	-40.6586
BLOCK16/SES164/SA164S24	SES099	0.093708	-40.5648	-40.6586
BLOCK16/SES164/SA164S24	SES125	-1.15829	-41.8168	-40.6586
BLOCK16/SES164/SA164S24	SES226	-0.519695	-41.1782	-40.6586
BLOCK16/SES164/SA164S27	SES087	-1.37823	-42.6401	-41.2619
BLOCK16/SES164/SA164S27	SES125	-0.682583	-41.9444	-41.2619
BLOCK16/SES164/SA164S27	SES206	-0.929523	-42.1914	-41.2619
BLOCK16/SES164/SA164S27	SES226	-0.64999	-41.9119	-41.2619
BLOCK16/SES164/SA164S29	SES002	0.432369	-40.3641	-40.7965
BLOCK16/SES164/SA164S29	SES019	-0.952896	-41.7494	-40.7965
BLOCK16/SES164/SA164S29	SES125	-0.422394	-41.2189	-40.7965
BLOCK16/SES164/SA164S29	SES226	-0.86171	-41.6582	-40.7965
BLOCK16/SES169/SA169S13	SES117	-1.87105	-42.794	-40.9229
BLOCK16/SES169/SA169S13	SES144	-1.16513	-42.0881	-40.9229
BLOCK16/SES169/SA169S13	SES146	-1.88361	-42.8065	-40.9229
BLOCK16/SES169/SA169S13	SES162	-2.06372	-42.9866	-40.9229
BLOCK16/SES169/SA169S14	SES144	-1.00478	-40.7104	-39.7056
BLOCK16/SES169/SA169S14	SES148	-1.28414	-40.9897	-39.7056
BLOCK16/SES169/SA169S14	SES177	-1.39608	-41.1017	-39.7056
BLOCK16/SES169/SA169S14	SES180	-2.86208	-42.5676	-39.7056
BLOCK16/SES169/SA169S24	SES117	-1.35329	-43.0143	-41.661
BLOCK16/SES169/SA169S24	SES144	-1.1062	-42.7672	-41.661
BLOCK16/SES169/SA169S24	SES146	-1.7507	-43.4117	-41.661
BLOCK16/SES169/SA169S24	SES162	-1.54945	-43.2104	-41.661
BLOCK16/SES169/SA169S27	SES127	-1.25826	-41.8531	-40.5948
BLOCK16/SES169/SA169S27	SES129	-1.56803	-42.1629	-40.5948
BLOCK16/SES169/SA169S27	SES144	-1.30055	-41.8954	-40.5948
BLOCK16/SES169/SA169S27	SES146	-1.01817	-41.613	-40.5948
BLOCK16/SES169/SA169S29	SES144	-0.40163	-40.7302	-40.3286
BLOCK16/SES169/SA169S29	SES162	-1.25323	-41.5818	-40.3286
BLOCK16/SES169/SA169S29	SES177	-2.40433	-42.7329	-40.3286
BLOCK16/SES169/SA169S29	SES180	-2.29562	-42.6242	-40.3286
BLOCK17/SES171/SA171S12	SES083	-1.60088	-43.337	-41.7362
BLOCK17/SES171/SA171S12	SES148	-1.31427	-43.0504	-41.7362
BLOCK17/SES171/SA171S12	SES172	-0.782707	-42.5189	-41.7362
BLOCK17/SES171/SA171S12	SES292	-1.86672	-43.6029	-41.7362
BLOCK17/SES171/SA171S15	SES148	-2.22147	-44.2657	-42.0442
BLOCK17/SES171/SA171S15	SES177	-1.49991	-43.5441	-42.0442
BLOCK17/SES171/SA171S15	SES180	-4.29667	-46.3409	-42.0442
BLOCK17/SES171/SA171S15	SES292	-2.48874	-44.5329	-42.0442
BLOCK17/SES171/SA171S22	SES007	-1.80529	-42.748	-40.9427
BLOCK17/SES171/SA171S22	SES148	-1.26908	-42.2118	-40.9427
BLOCK17/SES171/SA171S22	SES177	-0.383968	-41.3267	-40.9427
BLOCK17/SES171/SA171S22	SES180	-2.41122	-43.354	-40.9427
BLOCK17/SES171/SA171S25	SES101	-2.77061	-44.5623	-41.7917
BLOCK17/SES171/SA171S25	SES120	-2.63313	-44.4248	-41.7917
BLOCK17/SES171/SA171S25	SES177	-1.48512	-43.2768	-41.7917
BLOCK17/SES171/SA171S25	SES180	-3.23018	-45.0219	-41.7917
BLOCK17/SES171/SA171S27	SES177	-0.863281	-42.1268	-41.2635
BLOCK17/SES171/SA171S27	SES180	-2.39921	-43.6627	-41.2635
BLOCK17/SES171/SA171S27	SES189	-0.983925	-42.2474	-41.2635
BLOCK17/SES171/SA171S27	SES292	-2.58823	-43.8517	-41.2635
BLOCK17/SES173/SA173S13	SES162	-1.5751	-43.8516	-42.2765
BLOCK17/SES173/SA173S13	SES177	-1.88953	-44.166	-42.2765
BLOCK17/SES173/SA173S13	SES180	-2.79339	-45.0699	-42.2765
BLOCK17/SES173/SA173S13	SES292	-1.23669	-43.5132	-42.2765
BLOCK17/SES173/SA173S14	SES007	-3.41421	-45.7251	-42.3109
BLOCK17/SES173/SA173S14	SES162	-1.2494	-43.5603	-42.3109
BLOCK17/SES173/SA173S14	SES177	-0.860821	-43.1717	-42.3109
BLOCK17/SES173/SA173S14	SES180	-2.81358	-45.1244	-42.3109
BLOCK17/SES173/SA173S24	SES144	-1.50171	-44.6562	-43.1545
BLOCK17/SES173/SA173S24	SES162	-1.67199	-44.8265	-43.1545
BLOCK17/SES173/SA173S24	SES177	-1.11934	-44.2738	-43.1545
BLOCK17/SES173/SA173S24	SES180	-2.73045	-45.885	-43.1545
BLOCK17/SES173/SA173S27	SES162	-2.29097	-44.1966	-41.9057
BLOCK17/SES173/SA173S27	SES177	-1.59479	-43.5005	-41.9057
BLOCK17/SES173/SA173S27	SES180	-2.50124	-44.4069	-41.9057
BLOCK17/SES173/SA173S27	SES292	-1.833	-43.7387	-41.9057
BLOCK17/SES173/SA173S29	SES162	-1.66895	-43.7193	-42.0503
BLOCK17/SES173/SA173S29	SES175	-1.12284	-43.1732	-42.0503
BLOCK17/SES173/SA173S29	SES177	-1.09393	-43.1443	-42.0503
BLOCK17/SES173/SA173S29	SES292	-1.8541	-43.9044	-42.0503
BLOCK18/SES182/SA182S10	SES144	-1.04357	-42.2174	-41.1738
BLOCK18/SES182/SA182S10	SES177	-1.147	-42.3209	-41.1738
BLOCK18/SES182/SA182S10	SES180	-2.43909	-43.6129	-41.1738
BLOCK18/SES182/SA182S10	SES275	-1.11071	-42.2846	-41.1738
BLOCK18/SES182/SA182S12	SES144	-0.860573	-41.4678	-40.6072
BLOCK18/SES182/SA182S12	SES177	-1.20372	-41.811	-40.6072
BLOCK18/SES182/SA182S12	SES180	-1.76049	-42.3677	-40.6072
BLOCK18/SES182/SA182S12	SES275	-1.51469	-42.1219	-40.6072
BLOCK18/SES182/SA182S21	SES117	-1.44958	-43.0359	-41.5863
BLOCK18/SES182/SA182S21	SES144	-1.25578	-42.8421	-41.5863
BLOCK18/SES182/SA182S21	SES162	-0.707409	-42.2937	-41.5863
BLOCK18/SES182/SA182S21	SES180	-1.7697	-43.356	-41.5863
BLOCK18/SES182/SA182S23	SES117	-1.27467	-42.8577	-41.583
BLOCK18/SES182/SA182S23	SES144	-1.46436	-43.0474	-41.583
BLOCK18/SES182/SA182S23	SES180	-1.97576	-43.5588	-41.583
BLOCK18/SES182/SA182S23	SES275	-1.19031	-42.7734	-41.583
BLOCK18/SES182/SA182S25	SES007	-1.27123	-42.6419	-41.3707
BLOCK18/SES182/SA182S25	SES162	-0.486061	-41.8567	-41.3707
BLOCK18/SES182/SA182S25	SES177	-1.19467	-42.5653	-41.3707
BLOCK18/SES182/SA182S25	SES180	-1.43246	-42.8031	-41.3707
BLOCK18/SES184/SA184S12	SES177	-1.72842	-43.184	-41.4556
BLOCK18/SES184/SA184S12	SES180	-1.77274	-43.2284	-41.4556
BLOCK18/SES184/SA184S12	SES189	-2.32128	-43.7769	-41.4556
BLOCK18/SES184/SA184S12	SES292	-2.51268	-43.9683	-41.4556
BLOCK18/SES184/SA184S13	SES101	-2.29198	-43.242	-40.95
BLOCK18/SES184/SA184S13	SES177	-1.82838	-42.7784	-40.95
BLOCK18/SES184/SA184S13	SES180	-1.58812	-42.5381	-40.95
BLOCK18/SES184/SA184S13	SES292	-1.54963	-42.4996	-40.95
BLOCK18/SES184/SA184S22	SES177	-1.56495	-42.0203	-40.4554
BLOCK18/SES184/SA184S22	SES180	-1.20721	-41.6626	-40.4554
BLOCK18/SES184/SA184S22	SES189	-2.87976	-43.3351	-40.4554
BLOCK18/SES184/SA184S22	SES292	-1.55286	-42.0082	-40.4554
BLOCK18/SES184/SA184S25	SES101	-1.48334	-41.1449	-39.6615
BLOCK18/SES184/SA184S25	SES177	-2.14693	-41.8085	-39.6615
BLOCK18/SES184/SA184S25	SES180	-1.75122	-41.4128	-39.6615
BLOCK18/SES184/SA184S25	SES292	-1.55595	-41.2175	-39.6615
BLOCK18/SES184/SA184S27	SES083	-1.81269	-42.3391	-40.5264
BLOCK18/SES184/SA184S27	SES177	-1.16095	-41.6874	-40.5264
BLOCK18/SES184/SA184S27	SES202	-2.72537	-43.2518	-40.5264
BLOCK18/SES184/SA184S27	SES292	-1.37707	-41.9035	-40.5264
BLOCK20/SES204/SA204S12	SES062	-2.37177	-42.3057	-39.9339
BLOCK20/SES204/SA204S12	SES083	-2.43306	-42.367	-39.9339
BLOCK20/SES204/SA204S12	SES206	-0.993626	-40.9276	-39.9339
BLOCK20/SES204/SA204S12	SES226	-1.93605	-41.87	-39.9339
BLOCK20/SES204/SA204S14	SES068	-2.39884	-41.9923	-39.5935
BLOCK20/SES204/SA204S14	SES087	-0.706486	-40.3	-39.5935
BLOCK20/SES204/SA204S14	SES206	-1.96873	-41.5622	-39.5935
BLOCK20/SES204/SA204S14	SES226	-1.51059	-41.1041	-39.5935
BLOCK20/SES204/SA204S22	SES068	-3.2627	-43.6032	-40.3405
BLOCK20/SES204/SA204S22	SES082	-3.37465	-43.7152	-40.3405
BLOCK20/SES204/SA204S22	SES083	-3.05334	-43.3939	-40.3405
BLOCK20/SES204/SA204S22	SES206	-1.81596	-42.1565	-40.3405
BLOCK20/SES204/SA204S25	SES062	-3.36163	-43.651	-40.2894
BLOCK20/SES204/SA204S25	SES083	-2.9838	-43.2732	-40.2894
BLOCK20/SES204/SA204S25	SES206	-1.34709	-41.6365	-40.2894
BLOCK20/SES204/SA204S25	SES226	-1.72664	-42.0161	-40.2894
BLOCK20/SES204/SA204S27	SES068	-3.61386	-44.171	-40.5571
BLOCK20/SES204/SA204S27	SES082	-1.9911	-42.5482	-40.5571
BLOCK20/SES204/SA204S27	SES087	-0.727341	-41.2844	-40.5571
BLOCK20/SES204/SA204S27	SES206	-1.34146	-41.8986	-40.5571
BLOCK20/SES207/SA207S10	SES127	-1.02383	-42.2036	-41.1798
BLOCK20/SES207/SA207S10	SES183	-2.78333	-43.9631	-41.1798
BLOCK20/SES207/SA207S10	SES189	-1.51062	-42.6904	-41.1798
BLOCK20/SES207/SA207S10	SES292	-1.35915	-42.5389	-41.1798
BLOCK20/SES207/SA207S11	SES127	-2.33456	-43.5813	-41.2467
BLOCK20/SES207/SA207S11	SES183	-2.05634	-43.3031	-41.2467
BLOCK20/SES207/SA207S11	SES187	-1.11678	-42.3635	-41.2467
BLOCK20/SES207/SA207S11	SES292	-0.990044	-42.2368	-41.2467
BLOCK20/SES207/SA207S25	SES068	-1.61293	-42.7727	-41.1598
BLOCK20/SES207/SA207S25	SES083	-2.43702	-43.5968	-41.1598
BLOCK20/SES207/SA207S25	SES127	-1.28108	-42.4409	-41.1598
BLOCK20/SES207/SA207S25	SES187	-0.590981	-41.7508	-41.1598
BLOCK20/SES207/SA207S27	SES127	-1.93054	-43.5855	-41.6549
BLOCK20/SES207/SA207S27	SES183	-1.3857	-43.0406	-41.6549
BLOCK20/SES207/SA207S27	SES187	-1.51609	-43.171	-41.6549
BLOCK20/SES207/SA207S27	SES292	-1.65484	-43.3098	-41.6549
BLOCK20/SES207/SA207S29	SES083	-2.06223	-42.9476	-40.8853
BLOCK20/SES207/SA207S29	SES085	-1.05087	-41.9362	-40.8853
BLOCK20/SES207/SA207S29	SES172	-1.40996	-42.2953	-40.8853
BLOCK20/SES207/SA207S29	SES189	-2.32369	-43.209	-40.8853
BLOCK22/SES221/SA221S12	SES068	-2.6455	-43.1055	-40.46
BLOCK22/SES221/SA221S12	SES143	-2.30597	-42.766	-40.46
BLOCK22/SES221/SA221S12	SES175	-0.987701	-41.4477	-40.46
BLOCK22/SES221/SA221S12	SES202	-1.09132	-41.5513	-40.46
BLOCK22/SES221/SA221S15	SES085	-2.57763	-44.3697	-41.7921
BLOCK22/SES221/SA221S15	SES143	-3.25112	-45.0432	-41.7921
BLOCK22/SES221/SA221S15	SES175	-1.09214	-42.8842	-41.7921
BLOCK22/SES221/SA221S15	SES187	-1.12321	-42.9153	-41.7921
BLOCK22/SES221/SA221S23	SES068	-2.49198	-43.4365	-40.9445
BLOCK22/SES221/SA221S23	SES143	-2.39068	-43.3352	-40.9445
BLOCK22/SES221/SA221S23	SES175	-0.451786	-41.3963	-40.9445
BLOCK22/SES221/SA221S23	SES189	-0.101532	-41.0461	-40.9445
BLOCK22/SES221/SA221S27	SES085	-2.91718	-44.3112	-41.394
BLOCK22/SES221/SA221S27	SES143	-1.93421	-43.3282	-41.394
BLOCK22/SES221/SA221S27	SES175	-0.722202	-42.1162	-41.394
BLOCK22/SES221/SA221S27	SES189	0.658875	-40.7351	-41.394
BLOCK22/SES221/SA221S29	SES085	-4.53038	-46.4805	-41.9502
BLOCK22/SES221/SA221S29	SES143	-2.5376	-44.4878	-41.9502
BLOCK22/SES221/SA221S29	SES175	-0.776783	-42.7269	-41.9502
BLOCK22/SES221/SA221S29	SES187	-0.693802	-42.644	-41.9502
BLOCK22/SES223/SA223S11	SES143	-1.15598	-43.0559	-41.8999
BLOCK22/SES223/SA223S11	SES144	-2.43506	-44.3349	-41.8999
BLOCK22/SES223/SA223S11	SES175	-1.08821	-42.9881	-41.8999
BLOCK22/SES223/SA223S11	SES187	-1.29743	-43.1973	-41.8999
BLOCK22/SES223/SA223S13	SES068	-2.00411	-44.5858	-42.5817
BLOCK22/SES223/SA223S13	SES143	-2.05227	-44.634	-42.5817
BLOCK22/SES223/SA223S13	SES146	-4.06091	-46.6426	-42.5817
BLOCK22/SES223/SA223S13	SES202	-1.59503	-44.1768	-42.5817
BLOCK22/SES223/SA223S22	SES143	-1.73746	-43.5572	-41.8197
BLOCK22/SES223/SA223S22	SES144	-2.11134	-43.9311	-41.8197
BLOCK22/SES223/SA223S22	SES175	-1.06164	-42.8814	-41.8197
BLOCK22/SES223/SA223S22	SES187	-0.928379	-42.7481	-41.8197
BLOCK22/SES223/SA223S25	SES068	-2.04911	-43.7957	-41.7466
BLOCK22/SES223/SA223S25	SES143	-1.78598	-43.5326	-41.7466
BLOCK22/SES223/SA223S25	SES175	-0.90374	-42.6504	-41.7466
BLOCK22/SES223/SA223S25	SES187	-1.44238	-43.189	-41.7466
BLOCK22/SES223/SA223S27	SES143	-1.52674	-43.3606	-41.8339
BLOCK22/SES223/SA223S27	SES146	-2.04638	-43.8802	-41.8339
BLOCK22/SES223/SA223S27	SES187	-1.12421	-42.9581	-41.8339
BLOCK22/SES223/SA223S27	SES292	-1.46769	-43.3015	-41.8339
BLOCK27/SES273/SA273S12	SES099	0.21294	-39.1082	-39.3212
BLOCK27/SES273/SA273S12	SES104	-0.505993	-39.8272	-39.3212
BLOCK27/SES273/SA273S12	SES125	-0.951565	-40.2727	-39.3212
BLOCK27/SES273/SA273S12	SES206	-0.00541306	-39.3266	-39.3212
BLOCK27/SES273/SA273S13	SES099	-0.578606	-39.5551	-38.9765
BLOCK27/SES273/SA273S13	SES104	-0.637249	-39.6137	-38.9765
BLOCK27/SES273/SA273S13	SES206	-0.972477	-39.949	-38.9765
BLOCK27/SES273/SA273S13	SES292	-4.15234	-43.1288	-38.9765
BLOCK27/SES273/SA273S21	SES099	0.529713	-39.2523	-39.782
BLOCK27/SES273/SA273S21	SES148	-2.96895	-42.751	-39.782
BLOCK27/SES273/SA273S21	SES149	-1.17724	-40.9593	-39.782
BLOCK27/SES273/SA273S21	SES177	-4.76048	-44.5425	-39.782
BLOCK27/SES273/SA273S25	SES104	-0.54007	-39.8818	-39.3417
BLOCK27/SES273/SA273S25	SES125	-1.45946	-40.8011	-39.3417
BLOCK27/SES273/SA273S25	SES158	-0.317051	-39.6587	-39.3417
BLOCK27/SES273/SA273S25	SES206	-0.0232201	-39.3649	-39.3417
BLOCK27/SES273/SA273S27	SES099	-0.40155	-39.613	-39.2114
BLOCK27/SES273/SA273S27	SES104	-0.915775	-40.1272	-39.2114
BLOCK27/SES273/SA273S27	SES149	-1.10535	-40.3168	-39.2114
BLOCK27/SES273/SA273S27	SES275	-2.3134	-41.5248	-39.2114
BLOCK27/SES274/SA274S10	SES105	-2.04275	-41.7494	-39.7066
BLOCK27/SES274/SA274S10	SES125	-0.762695	-40.4693	-39.7066
BLOCK27/SES274/SA274S10	SES129	-1.0962	-40.8028	-39.7066
BLOCK27/SES274/SA274S10	SES158	-1.49997	-41.2066	-39.7066
BLOCK27/SES274/SA274S11	SES105	-2.30864	-41.9292	-39.6206
BLOCK27/SES274/SA274S11	SES149	-1.32043	-40.941	-39.6206
BLOCK27/SES274/SA274S11	SES158	-0.891575	-40.5121	-39.6206
BLOCK27/SES274/SA274S11	SES275	-2.4058	-42.0263	-39.6206
BLOCK27/SES274/SA274S21	SES105	-2.09771	-42.508	-40.4102
BLOCK27/SES274/SA274S21	SES129	-1.43826	-41.8485	-40.4102
BLOCK27/SES274/SA274S21	SES149	-0.930706	-41.341	-40.4102
BLOCK27/SES274/SA274S21	SES158	-1.73797	-42.1482	-40.4102
BLOCK27/SES274/SA274S24	SES105	-1.9111	-42.312	-40.4009
BLOCK27/SES274/SA274S24	SES129	-1.59243	-41.9934	-40.4009
BLOCK27/SES274/SA274S24	SES149	-1.17457	-41.5755	-40.4009
BLOCK27/SES274/SA274S24	SES158	-1.38983	-41.7908	-40.4009
BLOCK27/SES274/SA274S29	SES105	-2.29678	-42.2473	-39.9505
BLOCK27/SES274/SA274S29	SES106	-1.60971	-41.5603	-39.9505
BLOCK27/SES274/SA274S29	SES120	-2.58641	-42.537	-39.9505
BLOCK27/SES274/SA274S29	SES275	-2.30564	-42.2562	-39.9505
BLOCK27/SES276/SA276S16	SES148	-1.40409	-42.6433	-41.2392
BLOCK27/SES276/SA276S16	SES172	-2.03888	-43.278	-41.2392
BLOCK27/SES276/SA276S16	SES180	-3.51907	-44.7582	-41.2392
BLOCK27/SES276/SA276S16	SES292	-0.6161	-41.8553	-41.2392
BLOCK27/SES276/SA276S17	SES101	-2.15728	-43.2006	-41.0433
BLOCK27/SES276/SA276S17	SES177	-1.90379	-42.9471	-41.0433
BLOCK27/SES276/SA276S17	SES180	-2.20328	-43.2466	-41.0433
BLOCK27/SES276/SA276S17	SES292	-1.54395	-42.5873	-41.0433
BLOCK27/SES276/SA276S24	SES101	-1.70293	-41.863	-40.1601
BLOCK27/SES276/SA276S24	SES177	-1.6197	-41.7798	-40.1601
BLOCK27/SES276/SA276S24	SES180	-2.54663	-42.7067	-40.1601
BLOCK27/SES276/SA276S24	SES292	-1.8695	-42.0295	-40.1601
BLOCK27/SES276/SA276S26	SES101	-2.22015	-42.7768	-40.5566
BLOCK27/SES276/SA276S26	SES177	-1.38808	-41.9447	-40.5566
BLOCK27/SES276/SA276S26	SES180	-1.66765	-42.2243	-40.5566
BLOCK27/SES276/SA276S26	SES292	-1.21774	-41.7744	-40.5566
BLOCK27/SES276/SA276S28	SES101	-2.15234	-42.8151	-40.6628
BLOCK27/SES276/SA276S28	SES177	-1.94571	-42.6085	-40.6628
BLOCK27/SES276/SA276S28	SES180	-1.73819	-42.401	-40.6628
BLOCK27/SES276/SA276S28	SES292	-1.368	-42.0308	-40.6628
BLOCK27/SES277/SA277S12	SES101	-0.66338	-42.5562	-41.8929
BLOCK27/SES277/SA277S12	SES177	-2.1174	-44.0103	-41.8929
BLOCK27/SES277/SA277S12	SES180	-2.77402	-44.6669	-41.8929
BLOCK27/SES277/SA277S12	SES292	-2.70071	-44.5936	-41.8929
BLOCK27/SES277/SA277S14	SES177	-0.792522	-42.8236	-42.031
BLOCK27/SES277/SA277S14	SES180	-2.10981	-44.1408	-42.031
BLOCK27/SES277/SA277S14	SES189	-0.746269	-42.7773	-42.031
BLOCK27/SES277/SA277S14	SES292	-2.41958	-44.4506	-42.031
BLOCK27/SES277/SA277S21	SES177	-0.508759	-41.3018	-40.793
BLOCK27/SES277/SA277S21	SES180	-2.46212	-43.2551	-40.793
BLOCK27/SES277/SA277S21	SES189	-1.03602	-41.829	-40.793
BLOCK27/SES277/SA277S21	SES292	-2.14833	-42.9413	-40.793
BLOCK27/SES277/SA277S24	SES144	-1.6702	-43.7655	-42.0953
BLOCK27/SES277/SA277S24	SES177	-1.07104	-43.1663	-42.0953
BLOCK27/SES277/SA277S24	SES180	-2.26409	-44.3594	-42.0953
BLOCK27/SES277/SA277S24	SES189	-1.29765	-43.3929	-42.0953
BLOCK27/SES277/SA277S29	SES177	-0.980659	-40.8656	-39.8849
BLOCK27/SES277/SA277S29	SES180	-1.70904	-41.594	-39.8849
BLOCK27/SES277/SA277S29	SES202	-1.41071	-41.2956	-39.8849
BLOCK27/SES277/SA277S29	SES292	-2.2221	-42.107	-39.8849
BLOCK27/SES279/SA279S09	SES120	-1.59477	-41.9633	-40.3686
BLOCK27/SES279/SA279S09	SES146	-1.48283	-41.8514	-40.3686
BLOCK27/SES279/SA279S09	SES206	-2.86699	-43.2356	-40.3686
BLOCK27/SES279/SA279S09	SES226	-2.40684	-42.7754	-40.3686
BLOCK27/SES279/SA279S10	SES099	-1.8415	-42.3823	-40.5408
BLOCK27/SES279/SA279S10	SES206	-2.11399	-42.6548	-40.5408
BLOCK27/SES279/SA279S10	SES226	-1.51876	-42.0595	-40.5408
BLOCK27/SES279/SA279S10	SES292	-1.37899	-41.9198	-40.5408
BLOCK27/SES279/SA279S20	SES099	-2.98851	-43.8735	-40.885
BLOCK27/SES279/SA279S20	SES206	-2.68881	-43.5738	-40.885
BLOCK27/SES279/SA279S20	SES226	-2.05097	-42.936	-40.885
BLOCK27/SES279/SA279S20	SES292	-0.886082	-41.7711	-40.885
BLOCK27/SES279/SA279S26	SES099	-2.2106	-42.9847	-40.7741
BLOCK27/SES279/SA279S26	SES206	-2.34428	-43.1184	-40.7741
BLOCK27/SES279/SA279S26	SES226	-1.49075	-42.2649	-40.7741
BLOCK27/SES279/SA279S26	SES292	-1.67636	-42.4505	-40.7741
BLOCK27/SES279/SA279S28	SES099	-2.81663	-42.2194	-39.4028
BLOCK27/SES279/SA279S28	SES120	-1.60545	-41.0082	-39.4028
BLOCK27/SES279/SA279S28	SES177	-3.37684	-42.7796	-39.4028
BLOCK27/SES279/SA279S28	SES206	-2.93547	-42.3382	-39.4028
BLOCK29/SES290/SA290S12	SES162	-1.33558	-41.2869	-39.9513
BLOCK29/SES290/SA290S12	SES177	-1.83509	-41.7864	-39.9513
BLOCK29/SES290/SA290S12	SES180	-2.51052	-42.4618	-39.9513
BLOCK29/SES290/SA290S12	SES292	-2.12257	-42.0739	-39.9513
BLOCK29/SES290/SA290S13	SES007	-4.13143	-45.3297	-41.1982
BLOCK29/SES290/SA290S13	SES162	-2.26284	-43.4611	-41.1982
BLOCK29/SES290/SA290S13	SES177	-0.923553	-42.1218	-41.1982
BLOCK29/SES290/SA290S13	SES180	-2.0551	-43.2533	-41.1982
BLOCK29/SES290/SA290S22	SES177	-0.772911	-41.3701	-40.5972
BLOCK29/SES290/SA290S22	SES180	-1.34113	-41.9383	-40.5972
BLOCK29/SES290/SA290S22	SES202	-1.37704	-41.9742	-40.5972
BLOCK29/SES290/SA290S22	SES292	-2.67343	-43.2706	-40.5972
BLOCK29/SES290/SA290S25	SES162	-1.04966	-41.3547	-40.3051
BLOCK29/SES290/SA290S25	SES177	-0.925854	-41.2309	-40.3051
BLOCK29/SES290/SA290S25	SES180	-1.2051	-41.5102	-40.3051
BLOCK29/SES290/SA290S25	SES292	-1.42854	-41.7336	-40.3051
BLOCK29/SES290/SA290S29	SES177	-0.385517	-40.3637	-39.9782
BLOCK29/SES290/SA290S29	SES180	-0.814762	-40.793	-39.9782
BLOCK29/SES290/SA290S29	SES275	-2.16983	-42.148	-39.9782
BLOCK29/SES290/SA290S29	SES292	-1.18604	-41.1642	-39.9782
BLOCK29/SES291/SA291S11	SES105	-3.59848	-44.241	-40.6425
BLOCK29/SES291/SA291S11	SES125	-1.22498	-41.8675	-40.6425
BLOCK29/SES291/SA291S11	SES158	-1.24318	-41.8857	-40.6425
BLOCK29/SES291/SA291S11	SES275	-4.85694	-45.4994	-40.6425
BLOCK29/SES291/SA291S12	SES158	-0.434593	-40.3074	-39.8728
BLOCK29/SES291/SA291S12	SES226	-1.30022	-41.173	-39.8728
BLOCK29/SES291/SA291S12	SES270	-0.291809	-40.1646	-39.8728
BLOCK29/SES291/SA291S12	SES275	-5.23143	-45.1042	-39.8728
BLOCK29/SES291/SA291S22	SES082	-1.09505	-41.2595	-40.1644
BLOCK29/SES291/SA291S22	SES158	-0.821884	-40.9863	-40.1644
BLOCK29/SES291/SA291S22	SES259	-1.30458	-41.469	-40.1644
BLOCK29/SES291/SA291S22	SES275	-3.81577	-43.9802	-40.1644
BLOCK29/SES291/SA291S24	SES104	-0.71925	-39.8109	-39.0916
BLOCK29/SES291/SA291S24	SES125	-0.41378	-39.5054	-39.0916
BLOCK29/SES291/SA291S24	SES158	-0.966885	-40.0585	-39.0916
BLOCK29/SES291/SA291S24	SES275	-4.85018	-43.9418	-39.0916
BLOCK29/SES291/SA291S27	SES158	-0.243065	-39.6475	-39.4045
BLOCK29/SES291/SA291S27	SES172	-4.92462	-44.3291	-39.4045
BLOCK29/SES291/SA291S27	SES275	-4.90401	-44.3085	-39.4045
BLOCK29/SES291/SA291S27	SES292	-4.49683	-43.9013	-39.4045
