BLOCK00/SES002/SA002S12	SES002	1.11679	-67.8712	-68.988
BLOCK00/SES002/SA002S13	SES002	0.801643	-71.4117	-72.2134
BLOCK00/SES002/SA002S23	SES002	0.145195	-70.2747	-70.4199
BLOCK00/SES002/SA002S26	SES002	0.812866	-69.7528	-70.5657
BLOCK00/SES002/SA002S28	SES002	0.0952682	-69.2748	-69.37
BLOCK00/SES007/SA007S14	SES007	0.844093	-68.6793	-69.5234
BLOCK00/SES007/SA007S15	SES007	0.1464	-71.7899	-71.9363
BLOCK00/SES007/SA007S24	SES007	0.673424	-69.6021	-70.2755
BLOCK00/SES007/SA007S27	SES007	-0.126274	-74.9762	-74.8499
BLOCK00/SES007/SA007S29	SES007	-0.398735	-72.6421	-72.2434
BLOCK00/SES008/SA008S11	SES008	1.09348	-74.8003	-75.8938
BLOCK00/SES008/SA008S12	SES008	1.04851	-74.6056	-75.6541
BLOCK00/SES008/SA008S19	SES008	1.62882	-75.5495	-77.1783
BLOCK00/SES008/SA008S22	SES008	-0.519409	-75.0962	-74.5768
BLOCK00/SES008/SA008S29	SES008	1.50764	-74.1185	-75.6262
BLOCK01/SES014/SA014S10	SES014	0.282127	-74.7779	-75.06
BLOCK01/SES014/SA014S12	SES014	0.9282	-71.3582	-72.2864
BLOCK01/SES014/SA014S24	SES014	1.34486	-70.1029	-71.4477
BLOCK01/SES014/SA014S26	SES014	1.97294	-68.2343	-70.2072
BLOCK01/SES014/SA014S28	SES014	1.4128	-73.7622	-75.175
BLOCK01/SES016/SA016S12	SES016	-1.10178	-78.7242	-77.6224
BLOCK01/SES016/SA016S13	SES016	0.263847	-72.1667	-72.4306
BLOCK01/SES016/SA016S22	SES016	0.343918	-72.1212	-72.4651
BLOCK01/SES016/SA016S25	SES016	0.335945	-68.9603	-69.2962
BLOCK01/SES016/SA016S27	SES016	1.41994	-69.6453	-71.0652
BLOCK01/SES019/SA019S13	SES019	0.942299	-70.0976	-71.0399
BLOCK01/SES019/SA019S14	SES019	0.733795	-74.143	-74.8768
BLOCK01/SES019/SA019S22	SES019	0.460594	-70.1326	-70.5932
BLOCK01/SES019/SA019S25	SES019	1.1189	-72.4776	-73.5965
BLOCK01/SES019/SA019S29	SES019	2.0733	-72.0131	-74.0864
BLOCK02/SES029/SA029S11	SES029	-0.713089	-73.5482	-72.8351
BLOCK02/SES029/SA029S12	SES029	-0.469681	-70.0406	-69.5709
BLOCK02/SES029/SA029S20	SES029	-0.418221	-75.3764	-74.9581
BLOCK02/SES029/SA029S25	SES029	0.354088	-72.0074	-72.3615
BLOCK02/SES029/SA029S28	SES029	-0.726692	-74.5472	-73.8205
BLOCK04/SES042/SA042S12	SES042	1.23806	-70.6375	-71.8755
BLOCK04/SES042/SA042S15	SES042	1.01359	-67.2012	-68.2148
BLOCK04/SES042/SA042S22	SES042	2.33314	-65.017	-67.3502
BLOCK04/SES042/SA042S25	SES042	1.20258	-70.2093	-71.4119
BLOCK04/SES042/SA042S27	SES042	2.1535	-65.7288	-67.8823
BLOCK04/SES048/SA048S11	SES048	0.959717	-68.0668	-69.0266
BLOCK04/SES048/SA048S12	SES048	0.79866	-69.5193	-70.3179
BLOCK04/SES048/SA048S20	SES048	0.708092	-69.7957	-70.5038
BLOCK04/SES048/SA048S23	SES048	0.929054	-72.9064	-73.8355
BLOCK04/SES048/SA048S27	SES048	1.10149	-68.9849	-70.0864
BLOCK06/SES060/SA060S11	SES060	0.974365	-68.1864	-69.1608
BLOCK06/SES060/SA060S12	SES060	-0.0903244	-72.0999	-72.0095
BLOCK06/SES060/SA060S22	SES060	-1.22928	-74.27	-73.0407
BLOCK06/SES060/SA060S24	SES060	-0.162582	-70.6552	-70.4926
BLOCK06/SES060/SA060S28	SES060	0.775391	-69.3089	-70.0843
BLOCK06/SES062/SA062S10	SES062	-0.199814	-70.6075	-70.4077
BLOCK06/SES062/SA062S11	SES062	0.289413	-74.5706	-74.86
BLOCK06/SES062/SA062S21	SES062	0.160927	-67.3848	-67.5457
BLOCK06/SES062/SA062S26	SES062	0.630798	-72.1762	-72.807
BLOCK06/SES062/SA062S29	SES062	1.04549	-69.5832	-70.6287
BLOCK06/SES068/SA068S14	SES068	-0.638931	-73.703	-73.064
BLOCK06/SES068/SA068S15	SES068	0.335571	-72.4661	-72.8017
BLOCK06/SES068/SA068S23	SES068	-0.233528	-74.0639	-73.8304
BLOCK06/SES068/SA068S27	SES068	0.43129	-71.1257	-71.557
BLOCK06/SES068/SA068S29	SES068	0.611649	-73.385	-73.9966
BLOCK08/SES082/SA082S12	SES082	0.44593	-72.573	-73.0189
BLOCK08/SES082/SA082S14	SES082	0.701805	-75.0741	-75.7759
BLOCK08/SES082/SA082S21	SES082	0.13517	-73.6309	-73.7661
BLOCK08/SES082/SA082S24	SES082	0.83596	-71.3189	-72.1549
BLOCK08/SES082/SA082S28	SES082	0.187538	-71.9588	-72.1464
BLOCK08/SES083/SA083S14	SES083	-0.444771	-73.6943	-73.2495
BLOCK08/SES083/SA083S15	SES083	0.217354	-69.2604	-69.4778
BLOCK08/SES083/SA083S24	SES083	-0.154099	-71.5742	-71.4202
BLOCK08/SES083/SA083S26	SES083	0.495888	-69.737	-70.2329
BLOCK08/SES083/SA083S29	SES083	-0.42794	-71.5321	-71.1042
BLOCK08/SES085/SA085S10	SES085	-0.237701	-72.8956	-72.6579
BLOCK08/SES085/SA085S13	SES085	-0.136955	-73.7593	-73.6224
BLOCK08/SES085/SA085S22	SES085	-1.0128	-75.4866	-74.4738
BLOCK08/SES085/SA085S26	SES085	0.293167	-71.7893	-72.0824
BLOCK08/SES085/SA085S28	SES085	0.515945	-71.2565	-71.7724
BLOCK08/SES087/SA087S15	SES087	0.44883	-74.817	-75.2659
BLOCK08/SES087/SA087S16	SES087	0.782417	-77.9468	-78.7292
BLOCK08/SES087/SA087S24	SES087	0.697662	-68.7145	-69.4121
BLOCK08/SES087/SA087S26	SES087	-0.518028	-71.0165	-70.4984
BLOCK08/SES087/SA087S29	SES087	0.744911	-75.3442	-76.0891
BLOCK09/SES099/SA099S15	SES099	0.658463	-70.7604	-71.4189
BLOCK09/SES099/SA099S16	SES099	0.167313	-74.164	-74.3313
BLOCK09/SES099/SA099S24	SES099	-0.483734	-74.4792	-73.9955
BLOCK09/SES099/SA099S26	SES099	0.259331	-70.9033	-71.1627
BLOCK09/SES099/SA099S29	SES099	0.640991	-72.6552	-73.2962
BLOCK10/SES101/SA101S11	SES101	0.485359	-68.9349	-69.4202
BLOCK10/SES101/SA101S13	SES101	0.261765	-68.8173	-69.0791
BLOCK10/SES101/SA101S22	SES101	0.511078	-73.9468	-74.4578
BLOCK10/SES101/SA101S24	SES101	0.189629	-69.2517	-69.4414
BLOCK10/SES101/SA101S28	SES101	0.0321732	-71.2101	-71.2422
BLOCK10/SES104/SA104S11	SES104	1.17136	-67.7204	-68.8918
BLOCK10/SES104/SA104S12	SES104	0.252129	-74.1749	-74.427
BLOCK10/SES104/SA104S21	SES104	-1.767	-76.9569	-75.1899
BLOCK10/SES104/SA104S24	SES104	0.450531	-69.9914	-70.4419
BLOCK10/SES104/SA104S28	SES104	0.85778	-73.0214	-73.8792
BLOCK10/SES105/SA105S12	SES105	0.824455	-68.7755	-69.6
BLOCK10/SES105/SA105S13	SES105	0.534668	-69.4	-69.9346
BLOCK10/SES105/SA105S22	SES105	0.335846	-71.653	-71.9889
BLOCK10/SES105/SA105S26	SES105	0.786491	-71.5171	-72.3036
BLOCK10/SES105/SA105S29	SES105	1.05204	-68.4672	-69.5193
BLOCK10/SES106/SA106S09	SES106	1.01208	-69.9074	-70.9195
BLOCK10/SES106/SA106S11	SES106	1.23033	-67.9767	-69.207
BLOCK10/SES106/SA106S22	SES106	1.39529	-68.4714	-69.8666
BLOCK10/SES106/SA106S27	SES106	1.06032	-67.9989	-69.0592
BLOCK10/SES106/SA106S29	SES106	1.03034	-66.6474	-67.6777
BLOCK11/SES117/SA117S12	SES117	-0.103157	-73.712	-73.6089
BLOCK11/SES117/SA117S13	SES117	-0.959198	-76.4196	-75.4604
BLOCK11/SES117/SA117S23	SES117	1.00821	-75.6313	-76.6395
BLOCK11/SES117/SA117S25	SES117	-0.00205994	-73.1093	-73.1073
BLOCK11/SES117/SA117S28	SES117	0.749817	-74.1912	-74.941
BLOCK12/SES120/SA120S08	SES120	-0.0620575	-69.9982	-69.9361
BLOCK12/SES120/SA120S11	SES120	0.241478	-71.4513	-71.6928
BLOCK12/SES120/SA120S22	SES120	-0.0237732	-71.9037	-71.8799
BLOCK12/SES120/SA120S24	SES120	-0.158936	-71.1993	-71.0404
BLOCK12/SES120/SA120S28	SES120	-0.47448	-75.1417	-74.6672
BLOCK12/SES125/SA125S13	SES125	0.817017	-68.634	-69.451
BLOCK12/SES125/SA125S14	SES125	0.495163	-68.241	-68.7362
BLOCK12/SES125/SA125S25	SES125	1.49873	-71.5397	-73.0385
BLOCK12/SES125/SA125S27	SES125	0.719841	-68.8023	-69.5222
BLOCK12/SES125/SA125S29	SES125	0.869339	-71.6583	-72.5276
BLOCK12/SES127/SA127S11	SES127	0.0178223	-74.9197	-74.9376
BLOCK12/SES127/SA127S12	SES127	0.1856	-70.7306	-70.9162
BLOCK12/SES127/SA127S23	SES127	-0.62532	-71.0604	-70.4351
BLOCK12/SES127/SA127S25	SES127	-1.38681	-73.5703	-72.1834
BLOCK12/SES127/SA127S27	SES127	-0.111809	-70.556	-70.4442
BLOCK12/SES129/SA129S11	SES129	0.838051	-69.3551	-70.1931
BLOCK12/SES129/SA129S12	SES129	0.796341	-69.0124	-69.8087
BLOCK12/SES129/SA129S22	SES129	0.278954	-72.8388	-73.1178
BLOCK12/SES129/SA129S27	SES129	1.48792	-72.4728	-73.9607
BLOCK12/SES129/SA129S29	SES129	1.0778	-68.618	-69.6958
BLOCK14/SES142/SA142S11	SES142	3.01303	-71.6535	-74.6666
BLOCK14/SES142/SA142S12	SES142	1.50923	-73.6784	-75.1876
BLOCK14/SES142/SA142S24	SES142	3.28509	-70.3055	-73.5906
BLOCK14/SES142/SA142S27	SES142	2.29733	-72.754	-75.0513
BLOCK14/SES142/SA142S29	SES142	2.74122	-69.0718	-71.8131
BLOCK14/SES143/SA143S12	SES143	0.664032	-72.5267	-73.1907
BLOCK14/SES143/SA143S13	SES143	-0.0684967	-73.8576	-73.7891
BLOCK14/SES143/SA143S23	SES143	0.760635	-73.0837	-73.8443
BLOCK14/SES143/SA143S25	SES143	0.30864	-72.2413	-72.5499
BLOCK14/SES143/SA143S28	SES143	0.025032	-70.7361	-70.7612
BLOCK14/SES144/SA144S09	SES144	-0.0192184	-72.9014	-72.8822
BLOCK14/SES144/SA144S11	SES144	0.235695	-73.3699	-73.6056
BLOCK14/SES144/SA144S21	SES144	-0.449303	-74.7062	-74.2569
BLOCK14/SES144/SA144S25	SES144	0.650482	-72.5296	-73.1801
BLOCK14/SES144/SA144S29	SES144	-0.4897	-74.092	-73.6023
BLOCK14/SES146/SA146S14	SES146	0.427238	-72.6079	-73.0351
BLOCK14/SES146/SA146S15	SES146	-0.608643	-75.538	-74.9294
BLOCK14/SES146/SA146S24	SES146	0.68502	-68.6314	-69.3164
BLOCK14/SES146/SA146S26	SES146	0.0969772	-68.7795	-68.8764
BLOCK14/SES146/SA146S29	SES146	0.576271	-70.4923	-71.0686
BLOCK14/SES147/SA147S11	SES147	-0.371368	-70.4848	-70.1134
BLOCK14/SES147/SA147S13	SES147	-0.731133	-72.7221	-71.991
BLOCK14/SES147/SA147S23	SES147	0.397118	-71.9817	-72.3788
BLOCK14/SES147/SA147S26	SES147	-0.470078	-72.1617	-71.6917
BLOCK14/SES147/SA147S28	SES147	0.457039	-72.3794	-72.8364
BLOCK14/SES148/SA148S10	SES148	1.59229	-73.8223	-75.4146
BLOCK14/SES148/SA148S12	SES148	-0.681686	-74.6967	-74.015
BLOCK14/SES148/SA148S22	SES148	-0.0327148	-74.5034	-74.4707
BLOCK14/SES148/SA148S26	SES148	-2.09397	-72.8509	-70.7569
BLOCK14/SES148/SA148S29	SES148	-0.610153	-73.5721	-72.9619
BLOCK14/SES149/SA149S13	SES149	-0.932182	-68.4239	-67.4918
BLOCK14/SES149/SA149S14	SES149	-0.250092	-74.1632	-73.9131
BLOCK14/SES149/SA149S24	SES149	0.482567	-73.6478	-74.1304
BLOCK14/SES149/SA149S26	SES149	0.60276	-69.4439	-70.0466
BLOCK14/SES149/SA149S28	SES149	-0.0308914	-72.3416	-72.3107
BLOCK15/SES158/SA158S13	SES158	1.91298	-65.2398	-67.1528
BLOCK15/SES158/SA158S14	SES158	0.905029	-70.0586	-70.9636
BLOCK15/SES158/SA158S23	SES158	1.25817	-66.042	-67.3001
BLOCK15/SES158/SA158S26	SES158	1.83382	-67.5416	-69.3754
BLOCK15/SES158/SA158S28	SES158	0.28273	-70.6935	-70.9762
BLOCK16/SES162/SA162S10	SES162	-0.730293	-72.5584	-71.8281
BLOCK16/SES162/SA162S11	SES162	0.00293732	-70.0098	-70.0127
BLOCK16/SES162/SA162S21	SES162	0.954758	-71.5329	-72.4877
BLOCK16/SES162/SA162S24	SES162	0.526039	-72.2529	-72.779
BLOCK16/SES162/SA162S27	SES162	-0.00766754	-71.6649	-71.6572
BLOCK16/SES167/SA167S14	SES167	2.32804	-73.744	-76.072
BLOCK16/SES167/SA167S15	SES167	1.58038	-75.0667	-76.647
BLOCK16/SES167/SA167S21	SES167	2.10265	-76.0545	-78.1571
BLOCK16/SES167/SA167S25	SES167	3.5219	-75.6768	-79.1987
BLOCK16/SES167/SA167S29	SES167	1.84502	-74.8617	-76.7067
BLOCK17/SES172/SA172S12	SES172	0.246574	-72.2233	-72.4699
BLOCK17/SES172/SA172S13	SES172	0.180977	-74.095	-74.276
BLOCK17/SES172/SA172S23	SES172	-0.334785	-72.2139	-71.8791
BLOCK17/SES172/SA172S27	SES172	-0.0236664	-75.8057	-75.782
BLOCK17/SES172/SA172S29	SES172	-0.221031	-76.4461	-76.2251
BLOCK17/SES175/SA175S11	SES175	0.474266	-71.9247	-72.3989
BLOCK17/SES175/SA175S13	SES175	0.369278	-69.5841	-69.9534
BLOCK17/SES175/SA175S23	SES175	1.34838	-73.0166	-74.365
BLOCK17/SES175/SA175S25	SES175	0.594864	-73.4375	-74.0323
BLOCK17/SES175/SA175S28	SES175	0.954643	-72.4437	-73.3983
BLOCK17/SES177/SA177S15	SES177	-0.357025	-71.8254	-71.4684
BLOCK17/SES177/SA177S17	SES177	0.192917	-72.6039	-72.7968
BLOCK17/SES177/SA177S23	SES177	-0.193054	-73.1005	-72.9074
BLOCK17/SES177/SA177S26	SES177	0.734711	-67.1944	-67.9291
BLOCK17/SES177/SA177S28	SES177	0.0500259	-69.0642	-69.1142
BLOCK18/SES180/SA180S13	SES180	0.317314	-72.7057	-73.0231
BLOCK18/SES180/SA180S15	SES180	0.0983276	-74.9884	-75.0868
BLOCK18/SES180/SA180S24	SES180	0.275238	-68.8254	-69.1006
BLOCK18/SES180/SA180S26	SES180	0.0285263	-70.2134	-70.242
BLOCK18/SES180/SA180S29	SES180	-1.0455	-74.7113	-73.6658
BLOCK18/SES183/SA183S13	SES183	0.485123	-72.8241	-73.3092
BLOCK18/SES183/SA183S14	SES183	-0.130226	-68.4596	-68.3294
BLOCK18/SES183/SA183S24	SES183	0.672371	-71.8794	-72.5518
BLOCK18/SES183/SA183S27	SES183	0.933098	-74.5249	-75.458
BLOCK18/SES183/SA183S29	SES183	1.0576	-71.2865	-72.3441
BLOCK18/SES187/SA187S13	SES187	0.28434	-75.2741	-75.5584
BLOCK18/SES187/SA187S14	SES187	0.849205	-71.7688	-72.618
BLOCK18/SES187/SA187S24	SES187	0.699959	-77.711	-78.411
BLOCK18/SES187/SA187S27	SES187	-0.173424	-77.9042	-77.7308
BLOCK18/SES187/SA187S29	SES187	0.506889	-72.467	-72.9739
BLOCK18/SES189/SA189S10	SES189	3.332	-70.0663	-73.3983
BLOCK18/SES189/SA189S13	SES189	3.15266	-72.2952	-75.4479
BLOCK18/SES189/SA189S24	SES189	3.83881	-70.1327	-73.9715
BLOCK18/SES189/SA189S26	SES189	2.48127	-71.3092	-73.7905
BLOCK18/SES189/SA189S29	SES189	3.00106	-71.1974	-74.1985
BLOCK20/SES202/SA202S12	SES202	0.877037	-74.2572	-75.1342
BLOCK20/SES202/SA202S14	SES202	1.99311	-71.9303	-73.9234
BLOCK20/SES202/SA202S24	SES202	1.1851	-74.5926	-75.7777
BLOCK20/SES202/SA202S27	SES202	2.05782	-72.7083	-74.7661
BLOCK20/SES202/SA202S29	SES202	1.74561	-71.535	-73.2806
BLOCK20/SES206/SA206S15	SES206	-0.160538	-69.1359	-68.9754
BLOCK20/SES206/SA206S17	SES206	-0.226845	-69.875	-69.6482
BLOCK20/SES206/SA206S24	SES206	2.4166	-67.0928	-69.5094
BLOCK20/SES206/SA206S27	SES206	0.622101	-70.0378	-70.6599
BLOCK20/SES206/SA206S29	SES206	1.11124	-65.8462	-66.9575
BLOCK22/SES226/SA226S12	SES226	0.0248184	-70.9312	-70.956
BLOCK22/SES226/SA226S13	SES226	-0.768021	-69.0323	-68.2643
BLOCK22/SES226/SA226S20	SES226	-0.221405	-71.8347	-71.6133
BLOCK22/SES226/SA226S23	SES226	0.217552	-71.4538	-71.6714
BLOCK22/SES226/SA226S28	SES226	0.369957	-72.855	-73.225
BLOCK25/SES259/SA259S13	SES259	1.71088	-65.2499	-66.9608
BLOCK25/SES259/SA259S14	SES259	0.382416	-68.5897	-68.9721
BLOCK25/SES259/SA259S22	SES259	1.19553	-66.4349	-67.6304
BLOCK25/SES259/SA259S24	SES259	1.48533	-66.2658	-67.7511
BLOCK25/SES259/SA259S28	SES259	0.737877	-67.6577	-68.3956
BLOCK27/SES270/SA270S14	SES270	0.819908	-71.3864	-72.2064
BLOCK27/SES270/SA270S16	SES270	0.0824432	-70.4712	-70.5537
BLOCK27/SES270/SA270S22	SES270	0.0495224	-71.0313	-71.0808
BLOCK27/SES270/SA270S26	SES270	0.0257874	-72.7054	-72.7311
BLOCK27/SES270/SA270S28	SES270	0.247658	-73.3714	-73.619
BLOCK27/SES275/SA275S17	SES275	0.288475	-72.3886	-72.6771
BLOCK27/SES275/SA275S18	SES275	-0.451027	-71.406	-70.955
BLOCK27/SES275/SA275S24	SES275	-0.0434189	-73.347	-73.3036
BLOCK27/SES275/SA275S26	SES275	0.172287	-71.9531	-72.1254
BLOCK27/SES275/SA275S28	SES275	0.731079	-70.8636	-71.5947
BLOCK29/SES292/SA292S10	SES292	0.0933228	-71.4268	-71.5202
BLOCK29/SES292/SA292S12	SES292	0.0462952	-76.1883	-76.2346
BLOCK29/SES292/SA292S22	SES292	-0.734802	-71.7578	-71.0229
BLOCK29/SES292/SA292S24	SES292	-0.537201	-75.0774	-74.5402
BLOCK29/SES292/SA292S27	SES292	-0.336662	-72.528	-72.1913
BLOCK00/SES001/SA001S14	SES062	-0.971184	-72.3775	-71.4063
BLOCK00/SES001/SA001S14	SES082	-0.675774	-72.0821	-71.4063
BLOCK00/SES001/SA001S14	SES106	-0.153572	-71.5599	-71.4063
BLOCK00/SES001/SA001S14	SES206	-0.920204	-72.3265	-71.4063
BLOCK00/SES001/SA001S15	SES062	-0.821754	-70.4614	-69.6396
BLOCK00/SES001/SA001S15	SES104	0.18042	-69.4592	-69.6396
BLOCK00/SES001/SA001S15	SES106	-0.221428	-69.861	-69.6396
BLOCK00/SES001/SA001S15	SES206	-1.23764	-70.8773	-69.6396
BLOCK00/SES001/SA001S24	SES062	-1.74844	-68.1381	-66.3897
BLOCK00/SES001/SA001S24	SES082	-1.60227	-67.992	-66.3897
BLOCK00/SES001/SA001S24	SES087	-0.623283	-67.013	-66.3897
BLOCK00/SES001/SA001S24	SES206	-1.73074	-68.1204	-66.3897
BLOCK00/SES001/SA001S27	SES062	-0.987984	-71.4189	-70.4309
BLOCK00/SES001/SA001S27	SES082	-0.852112	-71.2831	-70.4309
BLOCK00/SES001/SA001S27	SES087	-0.532898	-70.9638	-70.4309
BLOCK00/SES001/SA001S27	SES206	-0.0786514	-70.5096	-70.4309
BLOCK00/SES001/SA001S29	SES062	-1.14565	-72.7081	-71.5625
BLOCK00/SES001/SA001S29	SES082	-0.310913	-71.8734	-71.5625
BLOCK00/SES001/SA001S29	SES158	-0.74968	-72.3121	-71.5625
BLOCK00/SES001/SA001S29	SES206	-1.08075	-72.6432	-71.5625
BLOCK00/SES003/SA003S11	SES002	-0.0127945	-74.2814	-74.2686
BLOCK00/SES003/SA003S11	SES019	-0.866356	-75.1349	-74.2686
BLOCK00/SES003/SA003S11	SES082	0.422569	-73.846	-74.2686
BLOCK00/SES003/SA003S11	SES125	-0.531609	-74.8002	-74.2686
BLOCK00/SES003/SA003S15	SES016	-1.66806	-71.2361	-69.568
BLOCK00/SES003/SA003S15	SES019	-0.132378	-69.7004	-69.568
BLOCK00/SES003/SA003S15	SES062	-0.769981	-70.338	-69.568
BLOCK00/SES003/SA003S15	SES206	0.0294724	-69.5386	-69.568
BLOCK00/SES003/SA003S22	SES002	-0.525665	-69.9288	-69.4031
BLOCK00/SES003/SA003S22	SES062	-0.771919	-70.175	-69.4031
BLOCK00/SES003/SA003S22	SES082	-1.97832	-71.3814	-69.4031
BLOCK00/SES003/SA003S22	SES087	-2.19451	-71.5976	-69.4031
BLOCK00/SES003/SA003S25	SES062	-0.803932	-79.7173	-78.9134
BLOCK00/SES003/SA003S25	SES082	-1.38143	-80.2948	-78.9134
BLOCK00/SES003/SA003S25	SES087	0.597305	-78.3161	-78.9134
BLOCK00/SES003/SA003S25	SES206	-0.968964	-79.8824	-78.9134
BLOCK00/SES003/SA003S29	SES002	-0.308304	-75.8454	-75.5371
BLOCK00/SES003/SA003S29	SES062	-0.771805	-76.3089	-75.5371
BLOCK00/SES003/SA003S29	SES082	-0.553123	-76.0902	-75.5371
BLOCK00/SES003/SA003S29	SES087	-0.561523	-76.0986	-75.5371
BLOCK00/SES004/SA004S12	SES083	-1.91154	-75.5104	-73.5989
BLOCK00/SES004/SA004S12	SES148	-3.17375	-76.7727	-73.5989
BLOCK00/SES004/SA004S12	SES172	-1.29389	-74.8928	-73.5989
BLOCK00/SES004/SA004S12	SES292	-2.06715	-75.6661	-73.5989
BLOCK00/SES004/SA004S17	SES083	-1.96545	-75.1506	-73.1851
BLOCK00/SES004/SA004S17	SES162	-0.799835	-73.9849	-73.1851
BLOCK00/SES004/SA004S17	SES172	-1.73556	-74.9207	-73.1851
BLOCK00/SES004/SA004S17	SES292	-1.75447	-74.9396	-73.1851
BLOCK00/SES004/SA004S24	SES083	-1.12354	-73.3013	-72.1778
BLOCK00/SES004/SA004S24	SES148	-2.72069	-74.8985	-72.1778
BLOCK00/SES004/SA004S24	SES172	-1.50032	-73.6781	-72.1778
BLOCK00/SES004/SA004S24	SES292	-1.38534	-73.5631	-72.1778
BLOCK00/SES004/SA004S26	SES083	-0.61837	-72.6042	-71.9858
BLOCK00/SES004/SA004S26	SES127	-1.02523	-73.0111	-71.9858
BLOCK00/SES004/SA004S26	SES148	-2.49305	-74.4789	-71.9858
BLOCK00/SES004/SA004S26	SES292	-1.06265	-73.0485	-71.9858
BLOCK00/SES004/SA004S28	SES083	-2.02646	-76.2093	-74.1829
BLOCK00/SES004/SA004S28	SES127	-0.9795	-75.1624	-74.1829
BLOCK00/SES004/SA004S28	SES187	-0.824463	-75.0073	-74.1829
BLOCK00/SES004/SA004S28	SES292	-1.5906	-75.7735	-74.1829
BLOCK00/SES006/SA006S10	SES014	-3.28788	-76.3444	-73.0565
BLOCK00/SES006/SA006S10	SES158	-2.187	-75.2435	-73.0565
BLOCK00/SES006/SA006S10	SES226	-3.0148	-76.0713	-73.0565
BLOCK00/SES006/SA006S10	SES270	-0.978271	-74.0348	-73.0565
BLOCK00/SES006/SA006S11	SES158	-2.22406	-76.9957	-74.7716
BLOCK00/SES006/SA006S11	SES226	-2.36149	-77.1331	-74.7716
BLOCK00/SES006/SA006S11	SES270	-1.01099	-75.7826	-74.7716
BLOCK00/SES006/SA006S11	SES275	-1.47906	-76.2507	-74.7716
BLOCK00/SES006/SA006S23	SES062	-1.04097	-77.5718	-76.5308
BLOCK00/SES006/SA006S23	SES105	-1.95902	-78.4898	-76.5308
BLOCK00/SES006/SA006S23	SES158	-2.52705	-79.0578	-76.5308
BLOCK00/SES006/SA006S23	SES275	-1.25273	-77.7835	-76.5308
BLOCK00/SES006/SA006S26	SES104	-0.920044	-75.9165	-74.9965
BLOCK00/SES006/SA006S26	SES158	-2.05345	-77.0499	-74.9965
BLOCK00/SES006/SA006S26	SES270	-0.887123	-75.8836	-74.9965
BLOCK00/SES006/SA006S26	SES275	-1.32727	-76.3237	-74.9965
BLOCK00/SES006/SA006S28	SES007	-1.07166	-73.7946	-72.723
BLOCK00/SES006/SA006S28	SES105	-1.10517	-73.8282	-72.723
BLOCK00/SES006/SA006S28	SES158	-1.03654	-73.7595	-72.723
BLOCK00/SES006/SA006S28	SES275	-0.92598	-73.649	-72.723
BLOCK00/SES009/SA009S12	SES083	-1.56231	-73.5831	-72.0208
BLOCK00/SES009/SA009S12	SES148	-2.28867	-74.3094	-72.0208
BLOCK00/SES009/SA009S12	SES177	-1.76722	-73.788	-72.0208
BLOCK00/SES009/SA009S12	SES292	-1.15459	-73.1754	-72.0208
BLOCK00/SES009/SA009S15	SES007	0.516579	-70.8651	-71.3817
BLOCK00/SES009/SA009S15	SES099	-0.241348	-71.623	-71.3817
BLOCK00/SES009/SA009S15	SES148	-1.53193	-72.9136	-71.3817
BLOCK00/SES009/SA009S15	SES172	-0.344963	-71.7266	-71.3817
BLOCK00/SES009/SA009S24	SES146	-0.925232	-73.9985	-73.0732
BLOCK00/SES009/SA009S24	SES148	-1.4082	-74.4814	-73.0732
BLOCK00/SES009/SA009S24	SES177	-1.30107	-74.3743	-73.0732
BLOCK00/SES009/SA009S24	SES292	-0.605247	-73.6785	-73.0732
BLOCK00/SES009/SA009S26	SES083	-1.3137	-73.6841	-72.3704
BLOCK00/SES009/SA009S26	SES101	-0.676003	-73.0464	-72.3704
BLOCK00/SES009/SA009S26	SES120	-1.04558	-73.416	-72.3704
BLOCK00/SES009/SA009S26	SES177	-1.57993	-73.9503	-72.3704
BLOCK00/SES009/SA009S29	SES083	-0.275917	-73.6467	-73.3708
BLOCK00/SES009/SA009S29	SES101	-0.714729	-74.0855	-73.3708
BLOCK00/SES009/SA009S29	SES177	-1.3313	-74.7021	-73.3708
BLOCK00/SES009/SA009S29	SES292	-0.724037	-74.0948	-73.3708
BLOCK01/SES011/SA011S10	SES019	0.489746	-70.9744	-71.4641
BLOCK01/SES011/SA011S10	SES042	0.282394	-71.1817	-71.4641
BLOCK01/SES011/SA011S10	SES082	0.700745	-70.7634	-71.4641
BLOCK01/SES011/SA011S10	SES206	0.150124	-71.314	-71.4641
BLOCK01/SES011/SA011S11	SES019	-1.22663	-71.8717	-70.6451
BLOCK01/SES011/SA011S11	SES042	-0.763908	-71.409	-70.6451
BLOCK01/SES011/SA011S11	SES082	-2.07011	-72.7152	-70.6451
BLOCK01/SES011/SA011S11	SES206	-1.24055	-71.8856	-70.6451
BLOCK01/SES011/SA011S22	SES019	-1.00642	-72.3923	-71.3858
BLOCK01/SES011/SA011S22	SES042	-0.548508	-71.9344	-71.3858
BLOCK01/SES011/SA011S22	SES082	-1.0788	-72.4647	-71.3858
BLOCK01/SES011/SA011S22	SES206	-1.14017	-72.526	-71.3858
BLOCK01/SES011/SA011S24	SES019	-0.955116	-72.3543	-71.3992
BLOCK01/SES011/SA011S24	SES042	0.375305	-71.0239	-71.3992
BLOCK01/SES011/SA011S24	SES104	-0.117744	-71.5169	-71.3992
BLOCK01/SES011/SA011S24	SES206	-0.262352	-71.6615	-71.3992
BLOCK01/SES011/SA011S27	SES082	0.508286	-73.5075	-74.0158
BLOCK01/SES011/SA011S27	SES087	-0.37571	-74.3915	-74.0158
BLOCK01/SES011/SA011S27	SES125	0.597939	-73.4178	-74.0158
BLOCK01/SES011/SA011S27	SES206	0.137955	-73.8778	-74.0158
BLOCK01/SES012/SA012S11	SES007	0.108521	-67.6136	-67.7221
BLOCK01/SES012/SA012S11	SES082	-1.82922	-69.5513	-67.7221
BLOCK01/SES012/SA012S11	SES083	-0.530663	-68.2527	-67.7221
BLOCK01/SES012/SA012S11	SES206	-0.600845	-68.3229	-67.7221
BLOCK01/SES012/SA012S14	SES082	-0.401642	-69.4328	-69.0311
BLOCK01/SES012/SA012S14	SES087	-0.586884	-69.618	-69.0311
BLOCK01/SES012/SA012S14	SES206	-1.01014	-70.0413	-69.0311
BLOCK01/SES012/SA012S14	SES292	-1.26673	-70.2979	-69.0311
BLOCK01/SES012/SA012S24	SES082	-0.00725555	-71.903	-71.8957
BLOCK01/SES012/SA012S24	SES087	-1.09032	-72.9861	-71.8957
BLOCK01/SES012/SA012S24	SES120	-0.684151	-72.5799	-71.8957
BLOCK01/SES012/SA012S24	SES206	-0.59166	-72.4874	-71.8957
BLOCK01/SES012/SA012S26	SES019	-0.846298	-71.0916	-70.2453
BLOCK01/SES012/SA012S26	SES082	-0.761032	-71.0063	-70.2453
BLOCK01/SES012/SA012S26	SES206	0.0108719	-70.2344	-70.2453
BLOCK01/SES012/SA012S26	SES292	-0.22718	-70.4725	-70.2453
BLOCK01/SES012/SA012S29	SES062	-0.925323	-69.7544	-68.8291
BLOCK01/SES012/SA012S29	SES082	-0.554733	-69.3838	-68.8291
BLOCK01/SES012/SA012S29	SES083	-0.507317	-69.3364	-68.8291
BLOCK01/SES012/SA012S29	SES206	0.141022	-68.688	-68.8291
BLOCK01/SES013/SA013S16	SES062	-1.43677	-76.5169	-75.0802
BLOCK01/SES013/SA013S16	SES106	-1.73878	-76.8189	-75.0802
BLOCK01/SES013/SA013S16	SES206	-1.35046	-76.4306	-75.0802
BLOCK01/SES013/SA013S16	SES226	-0.988327	-76.0685	-75.0802
BLOCK01/SES013/SA013S17	SES062	-1.66353	-76.9648	-75.3013
BLOCK01/SES013/SA013S17	SES106	-2.24714	-77.5484	-75.3013
BLOCK01/SES013/SA013S17	SES206	-0.582306	-75.8836	-75.3013
BLOCK01/SES013/SA013S17	SES226	-0.871826	-76.1731	-75.3013
BLOCK01/SES013/SA013S23	SES104	-0.347534	-76.775	-76.4275
BLOCK01/SES013/SA013S23	SES106	-0.949417	-77.3769	-76.4275
BLOCK01/SES013/SA013S23	SES206	-0.866676	-77.2941	-76.4275
BLOCK01/SES013/SA013S23	SES270	-0.857544	-77.285	-76.4275
BLOCK01/SES013/SA013S25	SES042	-1.31777	-74.4207	-73.103
BLOCK01/SES013/SA013S25	SES104	-0.00251007	-73.1055	-73.103
BLOCK01/SES013/SA013S25	SES106	-0.300682	-73.4036	-73.103
BLOCK01/SES013/SA013S25	SES206	-0.648949	-73.7519	-73.103
BLOCK01/SES013/SA013S29	SES062	-1.35796	-75.897	-74.539
BLOCK01/SES013/SA013S29	SES104	-0.720444	-75.2595	-74.539
BLOCK01/SES013/SA013S29	SES106	-1.03906	-75.5781	-74.539
BLOCK01/SES013/SA013S29	SES206	-1.31625	-75.8553	-74.539
BLOCK02/SES021/SA021S13	SES016	-0.665627	-71.6266	-70.961
BLOCK02/SES021/SA021S13	SES029	-0.889984	-71.8509	-70.961
BLOCK02/SES021/SA021S13	SES087	-1.34793	-72.3089	-70.961
BLOCK02/SES021/SA021S13	SES206	-1.4541	-72.4151	-70.961
BLOCK02/SES021/SA021S15	SES087	0.361351	-71.2378	-71.5991
BLOCK02/SES021/SA021S15	SES125	0.542374	-71.0568	-71.5991
BLOCK02/SES021/SA021S15	SES206	0.572006	-71.0271	-71.5991
BLOCK02/SES021/SA021S15	SES226	-0.704369	-72.3035	-71.5991
BLOCK02/SES021/SA021S23	SES062	-2.32317	-78.2548	-75.9317
BLOCK02/SES021/SA021S23	SES087	0.0546036	-75.8771	-75.9317
BLOCK02/SES021/SA021S23	SES206	-0.761215	-76.6929	-75.9317
BLOCK02/SES021/SA021S23	SES226	-0.493401	-76.4251	-75.9317
BLOCK02/SES021/SA021S27	SES002	-1.51162	-75.9164	-74.4048
BLOCK02/SES021/SA021S27	SES016	-2.3645	-76.7693	-74.4048
BLOCK02/SES021/SA021S27	SES019	-0.937569	-75.3424	-74.4048
BLOCK02/SES021/SA021S27	SES062	-0.724052	-75.1289	-74.4048
BLOCK02/SES021/SA021S29	SES087	0.296272	-75.9719	-76.2681
BLOCK02/SES021/SA021S29	SES125	-1.86021	-78.1283	-76.2681
BLOCK02/SES021/SA021S29	SES206	-0.694839	-76.963	-76.2681
BLOCK02/SES021/SA021S29	SES226	-0.811623	-77.0798	-76.2681
BLOCK04/SES043/SA043S09	SES083	0.00776672	-70.4541	-70.4619
BLOCK04/SES043/SA043S09	SES101	-0.991478	-71.4534	-70.4619
BLOCK04/SES043/SA043S09	SES144	-0.441055	-70.903	-70.4619
BLOCK04/SES043/SA043S09	SES172	-1.08147	-71.5434	-70.4619
BLOCK04/SES043/SA043S11	SES083	-0.523415	-69.4264	-68.903
BLOCK04/SES043/SA043S11	SES101	-0.692909	-69.5959	-68.903
BLOCK04/SES043/SA043S11	SES144	-1.43582	-70.3388	-68.903
BLOCK04/SES043/SA043S11	SES172	-0.85791	-69.7609	-68.903
BLOCK04/SES043/SA043S23	SES083	-0.599464	-72.2486	-71.6492
BLOCK04/SES043/SA043S23	SES144	-0.509514	-72.1587	-71.6492
BLOCK04/SES043/SA043S23	SES177	-0.935448	-72.5846	-71.6492
BLOCK04/SES043/SA043S23	SES275	-1.15252	-72.8017	-71.6492
BLOCK04/SES043/SA043S26	SES083	-0.5037	-70.5332	-70.0295
BLOCK04/SES043/SA043S26	SES101	-1.00267	-71.0322	-70.0295
BLOCK04/SES043/SA043S26	SES144	-0.30043	-70.3299	-70.0295
BLOCK04/SES043/SA043S26	SES177	-0.851959	-70.8815	-70.0295
BLOCK04/SES043/SA043S28	SES016	-0.725952	-71.2009	-70.475
BLOCK04/SES043/SA043S28	SES083	-0.254494	-70.7295	-70.475
BLOCK04/SES043/SA043S28	SES101	-1.05742	-71.5324	-70.475
BLOCK04/SES043/SA043S28	SES144	-0.963219	-71.4382	-70.475
BLOCK04/SES044/SA044S10	SES127	-0.903656	-75.2035	-74.2998
BLOCK04/SES044/SA044S10	SES144	0.34156	-73.9583	-74.2998
BLOCK04/SES044/SA044S10	SES147	-0.679787	-74.9796	-74.2998
BLOCK04/SES044/SA044S10	SES148	-1.88585	-76.1857	-74.2998
BLOCK04/SES044/SA044S11	SES101	-1.81819	-73.148	-71.3298
BLOCK04/SES044/SA044S11	SES144	-0.1539	-71.4837	-71.3298
BLOCK04/SES044/SA044S11	SES147	-1.06549	-72.3953	-71.3298
BLOCK04/SES044/SA044S11	SES177	-1.2598	-72.5896	-71.3298
BLOCK04/SES044/SA044S24	SES007	-0.898247	-71.8844	-70.9862
BLOCK04/SES044/SA044S24	SES101	-0.0822525	-71.0684	-70.9862
BLOCK04/SES044/SA044S24	SES147	-1.01561	-72.0018	-70.9862
BLOCK04/SES044/SA044S24	SES177	-0.665543	-71.6517	-70.9862
BLOCK04/SES044/SA044S26	SES007	-1.11861	-73.0471	-71.9284
BLOCK04/SES044/SA044S26	SES016	-0.0555878	-71.984	-71.9284
BLOCK04/SES044/SA044S26	SES101	-1.03262	-72.9611	-71.9284
BLOCK04/SES044/SA044S26	SES147	-0.289398	-72.2178	-71.9284
BLOCK04/SES044/SA044S29	SES007	-1.97791	-71.5929	-69.615
BLOCK04/SES044/SA044S29	SES101	-0.604294	-70.2193	-69.615
BLOCK04/SES044/SA044S29	SES147	-0.97802	-70.593	-69.615
BLOCK04/SES044/SA044S29	SES177	-0.760567	-70.3756	-69.615
BLOCK04/SES046/SA046S13	SES101	-1.35951	-77.7663	-76.4068
BLOCK04/SES046/SA046S13	SES144	-0.0791245	-76.486	-76.4068
BLOCK04/SES046/SA046S13	SES147	-0.620392	-77.0272	-76.4068
BLOCK04/SES046/SA046S13	SES177	-1.10341	-77.5102	-76.4068
BLOCK04/SES046/SA046S15	SES048	-1.98856	-71.8402	-69.8517
BLOCK04/SES046/SA046S15	SES083	-0.504097	-70.3558	-69.8517
BLOCK04/SES046/SA046S15	SES120	-0.830505	-70.6822	-69.8517
BLOCK04/SES046/SA046S15	SES148	-1.90511	-71.7568	-69.8517
BLOCK04/SES046/SA046S22	SES101	-0.75325	-73.2168	-72.4636
BLOCK04/SES046/SA046S22	SES144	-0.593323	-73.0569	-72.4636
BLOCK04/SES046/SA046S22	SES147	-0.636703	-73.1003	-72.4636
BLOCK04/SES046/SA046S22	SES172	-0.554054	-73.0176	-72.4636
BLOCK04/SES046/SA046S25	SES083	-0.500282	-69.5266	-69.0263
BLOCK04/SES046/SA046S25	SES127	-1.22848	-70.2548	-69.0263
BLOCK04/SES046/SA046S25	SES144	-1.38628	-70.4126	-69.0263
BLOCK04/SES046/SA046S25	SES148	-2.95945	-71.9857	-69.0263
BLOCK04/SES046/SA046S28	SES007	-0.689774	-73.6295	-72.9398
BLOCK04/SES046/SA046S28	SES105	-2.61511	-75.5549	-72.9398
BLOCK04/SES046/SA046S28	SES147	-1.197	-74.1368	-72.9398
BLOCK04/SES046/SA046S28	SES148	-2.72004	-75.6598	-72.9398
BLOCK04/SES049/SA049S16	SES104	-3.85923	-82.7843	-78.9251
BLOCK04/SES049/SA049S16	SES106	-16.6301	-95.5552	-78.9251
BLOCK04/SES049/SA049S16	SES120	-1.2748	-80.1999	-78.9251
BLOCK04/SES049/SA049S16	SES206	-2.69367	-81.6188	-78.9251
BLOCK04/SES049/SA049S18	SES099	0.342918	-75.2163	-75.5592
BLOCK04/SES049/SA049S18	SES104	-1.53513	-77.0943	-75.5592
BLOCK04/SES049/SA049S18	SES125	-1.2275	-76.7867	-75.5592
BLOCK04/SES049/SA049S18	SES206	-1.33101	-76.8902	-75.5592
BLOCK04/SES049/SA049S25	SES087	-1.63923	-77.8899	-76.2507
BLOCK04/SES049/SA049S25	SES104	-1.27573	-77.5264	-76.2507
BLOCK04/SES049/SA049S25	SES125	-2.19476	-78.4454	-76.2507
BLOCK04/SES049/SA049S25	SES206	-2.28685	-78.5375	-76.2507
BLOCK04/SES049/SA049S27	SES099	-0.47731	-76.7321	-76.2548
BLOCK04/SES049/SA049S27	SES104	-0.913139	-77.168	-76.2548
BLOCK04/SES049/SA049S27	SES125	-0.756332	-77.0111	-76.2548
BLOCK04/SES049/SA049S27	SES206	-1.30219	-77.557	-76.2548
BLOCK04/SES049/SA049S29	SES099	-0.110947	-74.9423	-74.8314
BLOCK04/SES049/SA049S29	SES104	-0.527336	-75.3587	-74.8314
BLOCK04/SES049/SA049S29	SES125	-1.35202	-76.1834	-74.8314
BLOCK04/SES049/SA049S29	SES206	-0.396698	-75.2281	-74.8314
BLOCK06/SES063/SA063S09	SES068	-0.770546	-72.6833	-71.9128
BLOCK06/SES063/SA063S09	SES083	-0.815742	-72.7285	-71.9128
BLOCK06/SES063/SA063S09	SES177	-1.10661	-73.0194	-71.9128
BLOCK06/SES063/SA063S09	SES187	-0.790108	-72.7029	-71.9128
BLOCK06/SES063/SA063S10	SES068	-0.939644	-73.0611	-72.1215
BLOCK06/SES063/SA063S10	SES083	-0.710426	-72.8319	-72.1215
BLOCK06/SES063/SA063S10	SES172	-0.0851059	-72.2066	-72.1215
BLOCK06/SES063/SA063S10	SES187	-1.54957	-73.671	-72.1215
BLOCK06/SES063/SA063S20	SES068	-1.88853	-73.8224	-71.9339
BLOCK06/SES063/SA063S20	SES083	-1.09424	-73.0282	-71.9339
BLOCK06/SES063/SA063S20	SES172	-0.760445	-72.6944	-71.9339
BLOCK06/SES063/SA063S20	SES187	-0.281395	-72.2153	-71.9339
BLOCK06/SES063/SA063S24	SES029	-0.86882	-70.7842	-69.9154
BLOCK06/SES063/SA063S24	SES083	-0.358078	-70.2734	-69.9154
BLOCK06/SES063/SA063S24	SES177	0.369652	-69.5457	-69.9154
BLOCK06/SES063/SA063S24	SES189	-1.41767	-71.333	-69.9154
BLOCK06/SES063/SA063S27	SES083	-0.89476	-70.9034	-70.0086
BLOCK06/SES063/SA063S27	SES172	-0.912926	-70.9216	-70.0086
BLOCK06/SES063/SA063S27	SES187	-0.82119	-70.8298	-70.0086
BLOCK06/SES063/SA063S27	SES292	-2.1701	-72.1787	-70.0086
BLOCK06/SES067/SA067S12	SES083	-0.964188	-72.567	-71.6028
BLOCK06/SES067/SA067S12	SES172	-1.29274	-72.8955	-71.6028
BLOCK06/SES067/SA067S12	SES202	0.86454	-70.7382	-71.6028
BLOCK06/SES067/SA067S12	SES292	-1.29836	-72.9011	-71.6028
BLOCK06/SES067/SA067S14	SES085	-0.175285	-69.8089	-69.6336
BLOCK06/SES067/SA067S14	SES177	-1.3275	-70.9611	-69.6336
BLOCK06/SES067/SA067S14	SES183	-0.262985	-69.8966	-69.6336
BLOCK06/SES067/SA067S14	SES202	-0.667557	-70.3012	-69.6336
BLOCK06/SES067/SA067S21	SES144	0.31707	-73.6282	-73.9453
BLOCK06/SES067/SA067S21	SES177	-0.294174	-74.2395	-73.9453
BLOCK06/SES067/SA067S21	SES183	-0.977188	-74.9225	-73.9453
BLOCK06/SES067/SA067S21	SES189	-0.365639	-74.3109	-73.9453
BLOCK06/SES067/SA067S25	SES085	-0.966347	-71.2483	-70.282
BLOCK06/SES067/SA067S25	SES177	-0.0902176	-70.3722	-70.282
BLOCK06/SES067/SA067S25	SES183	-0.916176	-71.1982	-70.282
BLOCK06/SES067/SA067S25	SES202	0.362976	-69.919	-70.282
BLOCK06/SES067/SA067S29	SES085	-0.397392	-74.1917	-73.7943
BLOCK06/SES067/SA067S29	SES177	-0.352386	-74.1467	-73.7943
BLOCK06/SES067/SA067S29	SES183	-0.0800629	-73.8744	-73.7943
BLOCK06/SES067/SA067S29	SES202	0.64595	-73.1484	-73.7943
BLOCK06/SES069/SA069S12	SES029	-1.30216	-73.8603	-72.5582
BLOCK06/SES069/SA069S12	SES082	-0.60659	-73.1648	-72.5582
BLOCK06/SES069/SA069S12	SES087	0.445084	-72.1131	-72.5582
BLOCK06/SES069/SA069S12	SES206	0.00983429	-72.5483	-72.5582
BLOCK06/SES069/SA069S13	SES029	-2.20494	-77.8329	-75.628
BLOCK06/SES069/SA069S13	SES087	-0.487961	-76.116	-75.628
BLOCK06/SES069/SA069S13	SES206	-0.488846	-76.1168	-75.628
BLOCK06/SES069/SA069S13	SES226	-1.32535	-76.9533	-75.628
BLOCK06/SES069/SA069S23	SES029	-0.625954	-72.4535	-71.8276
BLOCK06/SES069/SA069S23	SES087	0.492172	-71.3354	-71.8276
BLOCK06/SES069/SA069S23	SES206	0.27681	-71.5508	-71.8276
BLOCK06/SES069/SA069S23	SES226	0.457336	-71.3702	-71.8276
BLOCK06/SES069/SA069S25	SES087	0.175224	-71.467	-71.6422
BLOCK06/SES069/SA069S25	SES206	-1.98513	-73.6273	-71.6422
BLOCK06/SES069/SA069S25	SES226	-0.391396	-72.0336	-71.6422
BLOCK06/SES069/SA069S25	SES270	-1.41075	-73.0529	-71.6422
BLOCK06/SES069/SA069S27	SES087	0.387718	-72.9206	-73.3084
BLOCK06/SES069/SA069S27	SES206	0.00646973	-73.3019	-73.3084
BLOCK06/SES069/SA069S27	SES226	-0.299324	-73.6077	-73.3084
BLOCK06/SES069/SA069S27	SES270	-0.734467	-74.0428	-73.3084
BLOCK08/SES081/SA081S11	SES060	-1.05764	-76.365	-75.3073
BLOCK08/SES081/SA081S11	SES062	-2.3448	-77.6521	-75.3073
BLOCK08/SES081/SA081S11	SES117	-0.837265	-76.1446	-75.3073
BLOCK08/SES081/SA081S11	SES162	-1.18764	-76.495	-75.3073
BLOCK08/SES081/SA081S13	SES016	0.525352	-70.2825	-70.8078
BLOCK08/SES081/SA081S13	SES060	0.517609	-70.2902	-70.8078
BLOCK08/SES081/SA081S13	SES068	0.318222	-70.4896	-70.8078
BLOCK08/SES081/SA081S13	SES129	-1.08448	-71.8923	-70.8078
BLOCK08/SES081/SA081S24	SES060	-0.695641	-74.6023	-73.9066
BLOCK08/SES081/SA081S24	SES068	-1.15691	-75.0635	-73.9066
BLOCK08/SES081/SA081S24	SES117	-1.06045	-74.9671	-73.9066
BLOCK08/SES081/SA081S24	SES275	-2.33467	-76.2413	-73.9066
BLOCK08/SES081/SA081S27	SES007	-1.67952	-73.9787	-72.2992
BLOCK08/SES081/SA081S27	SES060	-0.439842	-72.7391	-72.2992
BLOCK08/SES081/SA081S27	SES117	-0.222618	-72.5218	-72.2992
BLOCK08/SES081/SA081S27	SES275	-2.31573	-74.615	-72.2992
BLOCK08/SES081/SA081S29	SES007	-1.23325	-71.8365	-70.6033
BLOCK08/SES081/SA081S29	SES060	-0.497887	-71.1012	-70.6033
BLOCK08/SES081/SA081S29	SES117	-0.532639	-71.1359	-70.6033
BLOCK08/SES081/SA081S29	SES275	-1.89605	-72.4993	-70.6033
BLOCK08/SES086/SA086S11	SES029	-1.5763	-77.1569	-75.5806
BLOCK08/SES086/SA086S11	SES082	-0.0286713	-75.6093	-75.5806
BLOCK08/SES086/SA086S11	SES087	-0.874596	-76.4552	-75.5806
BLOCK08/SES086/SA086S11	SES206	-1.20776	-76.7883	-75.5806
BLOCK08/SES086/SA086S12	SES029	-1.51541	-73.9472	-72.4318
BLOCK08/SES086/SA086S12	SES082	-0.621727	-73.0535	-72.4318
BLOCK08/SES086/SA086S12	SES087	0.178391	-72.2534	-72.4318
BLOCK08/SES086/SA086S12	SES206	-0.646851	-73.0786	-72.4318
BLOCK08/SES086/SA086S20	SES029	-1.44556	-72.2833	-70.8378
BLOCK08/SES086/SA086S20	SES082	-0.590141	-71.4279	-70.8378
BLOCK08/SES086/SA086S20	SES087	-0.51236	-71.3501	-70.8378
BLOCK08/SES086/SA086S20	SES206	-0.207291	-71.0451	-70.8378
BLOCK08/SES086/SA086S24	SES087	-0.825584	-72.2264	-71.4008
BLOCK08/SES086/SA086S24	SES104	-0.851265	-72.252	-71.4008
BLOCK08/SES086/SA086S24	SES120	-0.908737	-72.3095	-71.4008
BLOCK08/SES086/SA086S24	SES206	0.131508	-71.2693	-71.4008
BLOCK08/SES086/SA086S28	SES029	-1.80125	-71.8394	-70.0381
BLOCK08/SES086/SA086S28	SES082	-0.705383	-70.7435	-70.0381
BLOCK08/SES086/SA086S28	SES087	-0.663452	-70.7016	-70.0381
BLOCK08/SES086/SA086S28	SES206	-0.370224	-70.4084	-70.0381
BLOCK08/SES089/SA089S13	SES087	-0.00998688	-76.0067	-75.9967
BLOCK08/SES089/SA089S13	SES206	-0.758812	-76.7555	-75.9967
BLOCK08/SES089/SA089S13	SES226	-0.847092	-76.8438	-75.9967
BLOCK08/SES089/SA089S13	SES270	-1.14598	-77.1427	-75.9967
BLOCK08/SES089/SA089S14	SES062	-1.29524	-76.1799	-74.8847
BLOCK08/SES089/SA089S14	SES087	-0.372047	-75.2567	-74.8847
BLOCK08/SES089/SA089S14	SES206	-0.0514908	-74.9362	-74.8847
BLOCK08/SES089/SA089S14	SES226	-1.13667	-76.0214	-74.8847
BLOCK08/SES089/SA089S23	SES087	0.122353	-76.8536	-76.9759
BLOCK08/SES089/SA089S23	SES206	-0.765099	-77.741	-76.9759
BLOCK08/SES089/SA089S23	SES226	-1.34938	-78.3253	-76.9759
BLOCK08/SES089/SA089S23	SES270	-1.757	-78.7329	-76.9759
BLOCK08/SES089/SA089S25	SES062	-1.56541	-75.8551	-74.2897
BLOCK08/SES089/SA089S25	SES087	0.120293	-74.1694	-74.2897
BLOCK08/SES089/SA089S25	SES206	-0.707565	-74.9973	-74.2897
BLOCK08/SES089/SA089S25	SES226	0.192627	-74.0971	-74.2897
BLOCK08/SES089/SA089S28	SES062	-1.2923	-77.6874	-76.3951
BLOCK08/SES089/SA089S28	SES087	0.193779	-76.2013	-76.3951
BLOCK08/SES089/SA089S28	SES206	-0.109161	-76.5042	-76.3951
BLOCK08/SES089/SA089S28	SES226	0.282684	-76.1124	-76.3951
BLOCK09/SES097/SA097S11	SES099	-0.44767	-78.0252	-77.5775
BLOCK09/SES097/SA097S11	SES125	-3.04478	-80.6223	-77.5775
BLOCK09/SES097/SA097S11	SES206	-3.3333	-80.9108	-77.5775
BLOCK09/SES097/SA097S11	SES226	-1.03651	-78.614	-77.5775
BLOCK09/SES097/SA097S14	SES062	-1.03024	-80.9419	-79.9117
BLOCK09/SES097/SA097S14	SES099	-1.27979	-81.1915	-79.9117
BLOCK09/SES097/SA097S14	SES104	-1.61324	-81.5249	-79.9117
BLOCK09/SES097/SA097S14	SES206	-3.24663	-83.1583	-79.9117
BLOCK09/SES097/SA097S22	SES099	-0.837555	-79.9448	-79.1073
BLOCK09/SES097/SA097S22	SES206	-2.82591	-81.9332	-79.1073
BLOCK09/SES097/SA097S22	SES226	-0.956108	-80.0634	-79.1073
BLOCK09/SES097/SA097S22	SES270	0.0532303	-79.054	-79.1073
BLOCK09/SES097/SA097S26	SES099	-0.170654	-78.2388	-78.0681
BLOCK09/SES097/SA097S26	SES120	-0.502953	-78.5711	-78.0681
BLOCK09/SES097/SA097S26	SES206	-1.22561	-79.2937	-78.0681
BLOCK09/SES097/SA097S26	SES226	-1.47354	-79.5417	-78.0681
BLOCK09/SES097/SA097S28	SES099	-0.462364	-75.84	-75.3776
BLOCK09/SES097/SA097S28	SES120	-0.814827	-76.1924	-75.3776
BLOCK09/SES097/SA097S28	SES206	-1.99966	-77.3773	-75.3776
BLOCK09/SES097/SA097S28	SES226	-1.56581	-76.9434	-75.3776
BLOCK09/SES098/SA098S11	SES127	-1.85732	-74.6173	-72.76
BLOCK09/SES098/SA098S11	SES144	-1.07047	-73.8305	-72.76
BLOCK09/SES098/SA098S11	SES147	-0.635223	-73.3952	-72.76
BLOCK09/SES098/SA098S11	SES148	-4.35866	-77.1187	-72.76
BLOCK09/SES098/SA098S12	SES127	-1.79489	-79.2813	-77.4864
BLOCK09/SES098/SA098S12	SES144	-2.49469	-79.9811	-77.4864
BLOCK09/SES098/SA098S12	SES147	-0.0769958	-77.5634	-77.4864
BLOCK09/SES098/SA098S12	SES189	-0.790085	-78.2765	-77.4864
BLOCK09/SES098/SA098S20	SES127	-1.01413	-77.2381	-76.224
BLOCK09/SES098/SA098S20	SES147	0.0567245	-76.1673	-76.224
BLOCK09/SES098/SA098S20	SES148	-2.46069	-78.6847	-76.224
BLOCK09/SES098/SA098S20	SES292	-1.55357	-77.7776	-76.224
BLOCK09/SES098/SA098S23	SES127	-1.53938	-74.8792	-73.3398
BLOCK09/SES098/SA098S23	SES147	-0.109177	-73.449	-73.3398
BLOCK09/SES098/SA098S23	SES187	-0.266678	-73.6065	-73.3398
BLOCK09/SES098/SA098S23	SES292	-2.51756	-75.8574	-73.3398
BLOCK09/SES098/SA098S27	SES127	-2.96374	-77.5471	-74.5834
BLOCK09/SES098/SA098S27	SES147	-1.2476	-75.831	-74.5834
BLOCK09/SES098/SA098S27	SES148	-3.78951	-78.3729	-74.5834
BLOCK09/SES098/SA098S27	SES292	-1.81576	-76.3991	-74.5834
BLOCK10/SES102/SA102S13	SES101	-1.3918	-74.0618	-72.67
BLOCK10/SES102/SA102S13	SES105	-2.15256	-74.8225	-72.67
BLOCK10/SES102/SA102S13	SES120	-1.87143	-74.5414	-72.67
BLOCK10/SES102/SA102S13	SES158	-1.8752	-74.5452	-72.67
BLOCK10/SES102/SA102S14	SES007	0.427856	-69.1328	-69.5606
BLOCK10/SES102/SA102S14	SES101	0.770653	-68.79	-69.5606
BLOCK10/SES102/SA102S14	SES105	-0.800896	-70.3615	-69.5606
BLOCK10/SES102/SA102S14	SES147	-1.72841	-71.289	-69.5606
BLOCK10/SES102/SA102S22	SES007	-0.147041	-68.5274	-68.3803
BLOCK10/SES102/SA102S22	SES101	0.675308	-67.705	-68.3803
BLOCK10/SES102/SA102S22	SES105	0.0417786	-68.3386	-68.3803
BLOCK10/SES102/SA102S22	SES158	-0.285576	-68.6659	-68.3803
BLOCK10/SES102/SA102S25	SES007	0.271004	-68.7445	-69.0155
BLOCK10/SES102/SA102S25	SES101	0.0147324	-69.0008	-69.0155
BLOCK10/SES102/SA102S25	SES105	-0.757698	-69.7732	-69.0155
BLOCK10/SES102/SA102S25	SES147	-2.65364	-71.6692	-69.0155
BLOCK10/SES102/SA102S27	SES007	-0.694115	-75.0471	-74.353
BLOCK10/SES102/SA102S27	SES101	-0.523438	-74.8765	-74.353
BLOCK10/SES102/SA102S27	SES105	-0.705528	-75.0586	-74.353
BLOCK10/SES102/SA102S27	SES147	-1.45341	-75.8064	-74.353
BLOCK10/SES103/SA103S14	SES105	-0.196899	-70.429	-70.2321
BLOCK10/SES103/SA103S14	SES106	-1.24514	-71.4772	-70.2321
BLOCK10/SES103/SA103S14	SES120	-1.27832	-71.5104	-70.2321
BLOCK10/SES103/SA103S14	SES206	-0.202133	-70.4342	-70.2321
BLOCK10/SES103/SA103S15	SES099	-0.982628	-78.3449	-77.3622
BLOCK10/SES103/SA103S15	SES101	-3.90443	-81.2667	-77.3622
BLOCK10/SES103/SA103S15	SES104	-0.932686	-78.2949	-77.3622
BLOCK10/SES103/SA103S15	SES125	-3.79759	-81.1598	-77.3622
BLOCK10/SES103/SA103S24	SES104	-0.591278	-73.0917	-72.5004
BLOCK10/SES103/SA103S24	SES125	-0.551384	-73.0518	-72.5004
BLOCK10/SES103/SA103S24	SES148	-2.23131	-74.7317	-72.5004
BLOCK10/SES103/SA103S24	SES158	-0.687836	-73.1882	-72.5004
BLOCK10/SES103/SA103S26	SES104	-0.999588	-73.1889	-72.1893
BLOCK10/SES103/SA103S26	SES106	-0.0824356	-72.2718	-72.1893
BLOCK10/SES103/SA103S26	SES125	-0.671974	-72.8613	-72.1893
BLOCK10/SES103/SA103S26	SES148	-2.00506	-74.1944	-72.1893
BLOCK10/SES103/SA103S28	SES104	-0.817307	-78.5464	-77.7291
BLOCK10/SES103/SA103S28	SES106	-3.24588	-80.9749	-77.7291
BLOCK10/SES103/SA103S28	SES125	-0.724442	-78.4535	-77.7291
BLOCK10/SES103/SA103S28	SES206	-1.14394	-78.873	-77.7291
BLOCK12/SES121/SA121S12	SES042	-0.89798	-71.4521	-70.5541
BLOCK12/SES121/SA121S12	SES087	-1.29824	-71.8524	-70.5541
BLOCK12/SES121/SA121S12	SES105	-0.339111	-70.8932	-70.5541
BLOCK12/SES121/SA121S12	SES206	-0.377945	-70.9321	-70.5541
BLOCK12/SES121/SA121S14	SES007	-1.07834	-71.236	-70.1577
BLOCK12/SES121/SA121S14	SES105	-0.794807	-70.9525	-70.1577
BLOCK12/SES121/SA121S14	SES106	-0.960693	-71.1184	-70.1577
BLOCK12/SES121/SA121S14	SES206	-0.907661	-71.0654	-70.1577
BLOCK12/SES121/SA121S23	SES105	-1.00012	-72.1169	-71.1167
BLOCK12/SES121/SA121S23	SES106	-0.793991	-71.9107	-71.1167
BLOCK12/SES121/SA121S23	SES120	-1.1789	-72.2956	-71.1167
BLOCK12/SES121/SA121S23	SES206	-0.683769	-71.8005	-71.1167
BLOCK12/SES121/SA121S25	SES007	-0.571098	-71.0193	-70.4482
BLOCK12/SES121/SA121S25	SES105	-0.738235	-71.1864	-70.4482
BLOCK12/SES121/SA121S25	SES106	-0.263535	-70.7117	-70.4482
BLOCK12/SES121/SA121S25	SES206	-0.471085	-70.9193	-70.4482
BLOCK12/SES121/SA121S27	SES087	-1.09188	-73.6742	-72.5823
BLOCK12/SES121/SA121S27	SES105	-1.56931	-74.1516	-72.5823
BLOCK12/SES121/SA121S27	SES120	0.0168915	-72.5654	-72.5823
BLOCK12/SES121/SA121S27	SES206	-0.477921	-73.0602	-72.5823
BLOCK12/SES124/SA124S16	SES042	1.1876	-67.3081	-68.4957
BLOCK12/SES124/SA124S16	SES082	-0.078598	-68.5743	-68.4957
BLOCK12/SES124/SA124S16	SES183	-0.501778	-68.9975	-68.4957
BLOCK12/SES124/SA124S16	SES206	-1.51385	-70.0096	-68.4957
BLOCK12/SES124/SA124S17	SES105	-0.522804	-71.0155	-70.4927
BLOCK12/SES124/SA124S17	SES149	-1.24607	-71.7388	-70.4927
BLOCK12/SES124/SA124S17	SES158	-1.27691	-71.7696	-70.4927
BLOCK12/SES124/SA124S17	SES275	-1.35524	-71.8479	-70.4927
BLOCK12/SES124/SA124S23	SES105	-1.58231	-71.1881	-69.6058
BLOCK12/SES124/SA124S23	SES125	0.275803	-69.33	-69.6058
BLOCK12/SES124/SA124S23	SES129	-0.938141	-70.5439	-69.6058
BLOCK12/SES124/SA124S23	SES158	-0.512955	-70.1187	-69.6058
BLOCK12/SES124/SA124S26	SES105	-2.1179	-73.7154	-71.5975
BLOCK12/SES124/SA124S26	SES125	0.916176	-70.6814	-71.5975
BLOCK12/SES124/SA124S26	SES129	-2.08228	-73.6798	-71.5975
BLOCK12/SES124/SA124S26	SES158	-0.552612	-72.1501	-71.5975
BLOCK12/SES124/SA124S28	SES104	0.215477	-69.6407	-69.8561
BLOCK12/SES124/SA124S28	SES106	0.19281	-69.6633	-69.8561
BLOCK12/SES124/SA124S28	SES125	0.333916	-69.5222	-69.8561
BLOCK12/SES124/SA124S28	SES275	-1.47482	-71.331	-69.8561
BLOCK12/SES126/SA126S13	SES007	-1.63316	-75.0148	-73.3817
BLOCK12/SES126/SA126S13	SES162	0.00750732	-73.3742	-73.3817
BLOCK12/SES126/SA126S13	SES177	-1.19447	-74.5762	-73.3817
BLOCK12/SES126/SA126S13	SES180	0.281784	-73.0999	-73.3817
BLOCK12/SES126/SA126S14	SES144	-0.182487	-72.0099	-71.8274
BLOCK12/SES126/SA126S14	SES148	-1.61441	-73.4418	-71.8274
BLOCK12/SES126/SA126S14	SES177	0.36084	-71.4666	-71.8274
BLOCK12/SES126/SA126S14	SES180	0.496918	-71.3305	-71.8274
BLOCK12/SES126/SA126S20	SES007	-1.57098	-72.4124	-70.8414
BLOCK12/SES126/SA126S20	SES162	-0.0193558	-70.8608	-70.8414
BLOCK12/SES126/SA126S20	SES172	-1.67055	-72.5119	-70.8414
BLOCK12/SES126/SA126S20	SES180	-0.0608139	-70.9022	-70.8414
BLOCK12/SES126/SA126S24	SES120	-0.883987	-73.1153	-72.2313
BLOCK12/SES126/SA126S24	SES162	1.06673	-71.1646	-72.2313
BLOCK12/SES126/SA126S24	SES177	0.169418	-72.0619	-72.2313
BLOCK12/SES126/SA126S24	SES180	1.61689	-70.6145	-72.2313
BLOCK12/SES126/SA126S26	SES120	-0.242546	-73.5093	-73.2668
BLOCK12/SES126/SA126S26	SES177	-0.215096	-73.4819	-73.2668
BLOCK12/SES126/SA126S26	SES180	0.0334473	-73.2333	-73.2668
BLOCK12/SES126/SA126S26	SES202	-0.0395584	-73.3063	-73.2668
BLOCK12/SES128/SA128S10	SES087	-0.831108	-70.3993	-69.5682
BLOCK12/SES128/SA128S10	SES206	-0.415848	-69.984	-69.5682
BLOCK12/SES128/SA128S10	SES226	-0.514725	-70.0829	-69.5682
BLOCK12/SES128/SA128S10	SES270	0.210518	-69.3577	-69.5682
BLOCK12/SES128/SA128S12	SES120	-0.322716	-70.4928	-70.1701
BLOCK12/SES128/SA128S12	SES158	-0.674225	-70.8443	-70.1701
BLOCK12/SES128/SA128S12	SES206	-0.250229	-70.4203	-70.1701
BLOCK12/SES128/SA128S12	SES226	-1.16172	-71.3318	-70.1701
BLOCK12/SES128/SA128S21	SES106	-2.04877	-78.5763	-76.5276
BLOCK12/SES128/SA128S21	SES120	-0.682365	-77.2099	-76.5276
BLOCK12/SES128/SA128S21	SES206	-1.68245	-78.21	-76.5276
BLOCK12/SES128/SA128S21	SES226	-0.586288	-77.1139	-76.5276
BLOCK12/SES128/SA128S24	SES087	-0.566185	-73.2329	-72.6667
BLOCK12/SES128/SA128S24	SES120	-0.484573	-73.1513	-72.6667
BLOCK12/SES128/SA128S24	SES206	-0.468155	-73.1349	-72.6667
BLOCK12/SES128/SA128S24	SES226	-0.961967	-73.6287	-72.6667
BLOCK12/SES128/SA128S27	SES099	0.00977325	-69.7581	-69.7679
BLOCK12/SES128/SA128S27	SES120	-0.10231	-69.8702	-69.7679
BLOCK12/SES128/SA128S27	SES206	-0.39917	-70.167	-69.7679
BLOCK12/SES128/SA128S27	SES226	-0.330574	-70.0984	-69.7679
BLOCK13/SES130/SA130S13	SES143	-1.48964	-75.899	-74.4094
BLOCK13/SES130/SA130S13	SES144	-0.179863	-74.5892	-74.4094
BLOCK13/SES130/SA130S13	SES146	-0.696083	-75.1055	-74.4094
BLOCK13/SES130/SA130S13	SES275	-1.52417	-75.9335	-74.4094
BLOCK13/SES130/SA130S15	SES143	-1.22704	-73.2379	-72.0108
BLOCK13/SES130/SA130S15	SES144	-0.821083	-72.8319	-72.0108
BLOCK13/SES130/SA130S15	SES146	-1.30435	-73.3152	-72.0108
BLOCK13/SES130/SA130S15	SES275	-1.33618	-73.347	-72.0108
BLOCK13/SES130/SA130S23	SES127	-0.254143	-74.8493	-74.5951
BLOCK13/SES130/SA130S23	SES144	-0.662086	-75.2572	-74.5951
BLOCK13/SES130/SA130S23	SES146	-0.603165	-75.1983	-74.5951
BLOCK13/SES130/SA130S23	SES162	-0.80188	-75.397	-74.5951
BLOCK13/SES130/SA130S25	SES127	-2.11369	-70.0058	-67.8921
BLOCK13/SES130/SA130S25	SES144	-0.975494	-68.8676	-67.8921
BLOCK13/SES130/SA130S25	SES146	0.0468216	-67.8453	-67.8921
BLOCK13/SES130/SA130S25	SES275	-1.25632	-69.1484	-67.8921
BLOCK13/SES130/SA130S28	SES127	-1.29674	-74.7064	-73.4096
BLOCK13/SES130/SA130S28	SES144	-1.20598	-74.6156	-73.4096
BLOCK13/SES130/SA130S28	SES146	0.0294418	-73.3802	-73.4096
BLOCK13/SES130/SA130S28	SES275	-0.415062	-73.8247	-73.4096
BLOCK13/SES131/SA131S13	SES002	-0.337654	-73.2082	-72.8706
BLOCK13/SES131/SA131S13	SES007	-1.25633	-74.1269	-72.8706
BLOCK13/SES131/SA131S13	SES099	-0.363441	-73.234	-72.8706
BLOCK13/SES131/SA131S13	SES105	-1.13566	-74.0062	-72.8706
BLOCK13/SES131/SA131S14	SES104	-0.154228	-69.7568	-69.6026
BLOCK13/SES131/SA131S14	SES106	-0.659363	-70.2619	-69.6026
BLOCK13/SES131/SA131S14	SES125	-1.08846	-70.691	-69.6026
BLOCK13/SES131/SA131S14	SES148	-1.64073	-71.2433	-69.6026
BLOCK13/SES131/SA131S20	SES104	-1.39337	-77.9241	-76.5307
BLOCK13/SES131/SA131S20	SES106	-1.46289	-77.9936	-76.5307
BLOCK13/SES131/SA131S20	SES125	-1.40449	-77.9352	-76.5307
BLOCK13/SES131/SA131S20	SES148	-1.30309	-77.8338	-76.5307
BLOCK13/SES131/SA131S22	SES099	0.179726	-69.2395	-69.4192
BLOCK13/SES131/SA131S22	SES104	-0.719391	-70.1386	-69.4192
BLOCK13/SES131/SA131S22	SES125	-0.82119	-70.2404	-69.4192
BLOCK13/SES131/SA131S22	SES206	-1.3959	-70.8151	-69.4192
BLOCK13/SES131/SA131S29	SES087	-1.77204	-75.2192	-73.4472
BLOCK13/SES131/SA131S29	SES104	-1.242	-74.6892	-73.4472
BLOCK13/SES131/SA131S29	SES125	-1.03497	-74.4822	-73.4472
BLOCK13/SES131/SA131S29	SES206	-2.32623	-75.7734	-73.4472
BLOCK13/SES132/SA132S11	SES083	-0.656548	-69.8318	-69.1753
BLOCK13/SES132/SA132S11	SES120	0.213989	-68.9613	-69.1753
BLOCK13/SES132/SA132S11	SES127	-0.616013	-69.7913	-69.1753
BLOCK13/SES132/SA132S11	SES275	-1.13947	-70.3148	-69.1753
BLOCK13/SES132/SA132S12	SES083	-1.49522	-72.9774	-71.4822
BLOCK13/SES132/SA132S12	SES143	-1.64664	-73.1288	-71.4822
BLOCK13/SES132/SA132S12	SES144	-0.108208	-71.5904	-71.4822
BLOCK13/SES132/SA132S12	SES148	-1.05805	-72.5402	-71.4822
BLOCK13/SES132/SA132S22	SES062	-0.929985	-71.7667	-70.8367
BLOCK13/SES132/SA132S22	SES083	-0.838142	-71.6748	-70.8367
BLOCK13/SES132/SA132S22	SES127	-0.771187	-71.6079	-70.8367
BLOCK13/SES132/SA132S22	SES275	-0.971893	-71.8086	-70.8367
BLOCK13/SES132/SA132S24	SES007	-0.603462	-70.4121	-69.8087
BLOCK13/SES132/SA132S24	SES083	-0.520088	-70.3288	-69.8087
BLOCK13/SES132/SA132S24	SES127	-0.884621	-70.6933	-69.8087
BLOCK13/SES132/SA132S24	SES275	-1.73261	-71.5413	-69.8087
BLOCK13/SES132/SA132S27	SES083	-1.92378	-76.7917	-74.8679
BLOCK13/SES132/SA132S27	SES120	-0.428673	-75.2966	-74.8679
BLOCK13/SES132/SA132S27	SES127	-1.38879	-76.2567	-74.8679
BLOCK13/SES132/SA132S27	SES275	-1.14319	-76.0111	-74.8679
BLOCK14/SES141/SA141S09	SES143	-0.441628	-72.2378	-71.7962
BLOCK14/SES141/SA141S09	SES144	-0.204018	-72.0002	-71.7962
BLOCK14/SES141/SA141S09	SES162	-0.167885	-71.964	-71.7962
BLOCK14/SES141/SA141S09	SES180	0.301369	-71.4948	-71.7962
BLOCK14/SES141/SA141S15	SES127	-0.0992584	-72.1357	-72.0364
BLOCK14/SES141/SA141S15	SES144	-0.171799	-72.2082	-72.0364
BLOCK14/SES141/SA141S15	SES162	0.0092392	-72.0272	-72.0364
BLOCK14/SES141/SA141S15	SES180	0.242271	-71.7942	-72.0364
BLOCK14/SES141/SA141S24	SES127	0.275658	-71.6141	-71.8898
BLOCK14/SES141/SA141S24	SES144	-0.22773	-72.1175	-71.8898
BLOCK14/SES141/SA141S24	SES162	0.00159454	-71.8882	-71.8898
BLOCK14/SES141/SA141S24	SES183	-0.476349	-72.3661	-71.8898
BLOCK14/SES141/SA141S26	SES142	0.0928268	-74.0908	-74.1837
BLOCK14/SES141/SA141S26	SES144	-0.815216	-74.9989	-74.1837
BLOCK14/SES141/SA141S26	SES172	-0.498131	-74.6818	-74.1837
BLOCK14/SES141/SA141S26	SES180	0.404121	-73.7795	-74.1837
BLOCK14/SES141/SA141S29	SES127	0.454094	-70.4342	-70.8883
BLOCK14/SES141/SA141S29	SES142	0.38134	-70.5069	-70.8883
BLOCK14/SES141/SA141S29	SES144	0.19294	-70.6953	-70.8883
BLOCK14/SES141/SA141S29	SES180	0.681572	-70.2067	-70.8883
BLOCK15/SES157/SA157S08	SES083	-0.916145	-73.2545	-72.3384
BLOCK15/SES157/SA157S08	SES127	-1.03877	-73.3772	-72.3384
BLOCK15/SES157/SA157S08	SES148	-1.5564	-73.8948	-72.3384
BLOCK15/SES157/SA157S08	SES292	-1.38094	-73.7193	-72.3384
BLOCK15/SES157/SA157S11	SES083	-1.41697	-73.8608	-72.4439
BLOCK15/SES157/SA157S11	SES127	-1.88924	-74.3331	-72.4439
BLOCK15/SES157/SA157S11	SES148	-2.32344	-74.7673	-72.4439
BLOCK15/SES157/SA157S11	SES292	-1.38556	-73.8294	-72.4439
BLOCK15/SES157/SA157S21	SES127	0.0705414	-74.1725	-74.2431
BLOCK15/SES157/SA157S21	SES148	-1.14616	-75.3892	-74.2431
BLOCK15/SES157/SA157S21	SES158	-2.93809	-77.1812	-74.2431
BLOCK15/SES157/SA157S21	SES292	-0.798607	-75.0417	-74.2431
BLOCK15/SES157/SA157S24	SES127	-1.36465	-72.3839	-71.0193
BLOCK15/SES157/SA157S24	SES148	-2.52298	-73.5423	-71.0193
BLOCK15/SES157/SA157S24	SES183	-1.13454	-72.1538	-71.0193
BLOCK15/SES157/SA157S24	SES292	-1.66341	-72.6827	-71.0193
BLOCK15/SES157/SA157S26	SES007	0.159187	-69.8403	-69.9995
BLOCK15/SES157/SA157S26	SES127	-0.669624	-70.6691	-69.9995
BLOCK15/SES157/SA157S26	SES147	-1.79705	-71.7965	-69.9995
BLOCK15/SES157/SA157S26	SES148	-2.53334	-72.5328	-69.9995
BLOCK16/SES161/SA161S10	SES007	-0.337303	-69.9353	-69.598
BLOCK16/SES161/SA161S10	SES105	0.175499	-69.4225	-69.598
BLOCK16/SES161/SA161S10	SES158	-0.242958	-69.841	-69.598
BLOCK16/SES161/SA161S10	SES275	-1.36063	-70.9586	-69.598
BLOCK16/SES161/SA161S12	SES007	-1.32494	-72.4916	-71.1667
BLOCK16/SES161/SA161S12	SES105	-1.3682	-72.5349	-71.1667
BLOCK16/SES161/SA161S12	SES158	-0.839508	-72.0062	-71.1667
BLOCK16/SES161/SA161S12	SES275	-1.1179	-72.2846	-71.1667
BLOCK16/SES161/SA161S20	SES007	-0.583046	-71.0678	-70.4847
BLOCK16/SES161/SA161S20	SES105	-1.55623	-72.041	-70.4847
BLOCK16/SES161/SA161S20	SES158	-0.360443	-70.8452	-70.4847
BLOCK16/SES161/SA161S20	SES275	-1.25581	-71.7405	-70.4847
BLOCK16/SES161/SA161S23	SES007	-1.55172	-74.7209	-73.1692
BLOCK16/SES161/SA161S23	SES105	-0.825935	-73.9951	-73.1692
BLOCK16/SES161/SA161S23	SES148	-0.909645	-74.0788	-73.1692
BLOCK16/SES161/SA161S23	SES158	-1.80228	-74.9715	-73.1692
BLOCK16/SES161/SA161S28	SES007	-0.56517	-69.3787	-68.8135
BLOCK16/SES161/SA161S28	SES105	-0.572067	-69.3856	-68.8135
BLOCK16/SES161/SA161S28	SES158	0.479416	-68.3341	-68.8135
BLOCK16/SES161/SA161S28	SES206	-0.168175	-68.9817	-68.8135
BLOCK16/SES164/SA164S11	SES104	0.138565	-74.7916	-74.9302
BLOCK16/SES164/SA164S11	SES125	0.37661	-74.5536	-74.9302
BLOCK16/SES164/SA164S11	SES158	-1.47588	-76.4061	-74.9302
BLOCK16/SES164/SA164S11	SES206	-1.24565	-76.1758	-74.9302
BLOCK16/SES164/SA164S13	SES099	-0.94799	-75.9702	-75.0222
BLOCK16/SES164/SA164S13	SES104	-1.67623	-76.6984	-75.0222
BLOCK16/SES164/SA164S13	SES125	-1.17436	-76.1966	-75.0222
BLOCK16/SES164/SA164S13	SES206	-2.36859	-77.3908	-75.0222
BLOCK16/SES164/SA164S24	SES002	0.515724	-73.466	-73.9818
BLOCK16/SES164/SA164S24	SES099	0.328934	-73.6528	-73.9818
BLOCK16/SES164/SA164S24	SES125	-0.0483704	-74.0301	-73.9818
BLOCK16/SES164/SA164S24	SES226	-0.0782852	-74.06	-73.9818
BLOCK16/SES164/SA164S27	SES087	-0.66256	-76.2714	-75.6089
BLOCK16/SES164/SA164S27	SES125	-0.685791	-76.2947	-75.6089
BLOCK16/SES164/SA164S27	SES206	-2.22304	-77.8319	-75.6089
BLOCK16/SES164/SA164S27	SES226	-1.52168	-77.1305	-75.6089
BLOCK16/SES164/SA164S29	SES002	-1.25753	-74.8502	-73.5927
BLOCK16/SES164/SA164S29	SES019	-1.0546	-74.6473	-73.5927
BLOCK16/SES164/SA164S29	SES125	-0.986145	-74.5788	-73.5927
BLOCK16/SES164/SA164S29	SES226	-1.3676	-74.9603	-73.5927
BLOCK16/SES169/SA169S13	SES117	-1.56693	-74.0361	-72.4692
BLOCK16/SES169/SA169S13	SES144	-0.646881	-73.1161	-72.4692
BLOCK16/SES169/SA169S13	SES146	-1.32467	-73.7939	-72.4692
BLOCK16/SES169/SA169S13	SES162	-1.28787	-73.7571	-72.4692
BLOCK16/SES169/SA169S14	SES144	-0.157166	-70.3111	-70.154
BLOCK16/SES169/SA169S14	SES148	-1.03561	-71.1896	-70.154
BLOCK16/SES169/SA169S14	SES177	-1.04778	-71.2017	-70.154
BLOCK16/SES169/SA169S14	SES180	-1.05317	-71.2071	-70.154
BLOCK16/SES169/SA169S24	SES117	-0.548058	-75.1982	-74.6502
BLOCK16/SES169/SA169S24	SES144	0.120049	-74.5301	-74.6502
BLOCK16/SES169/SA169S24	SES146	-0.723503	-75.3737	-74.6502
BLOCK16/SES169/SA169S24	SES162	-1.39125	-76.0414	-74.6502
BLOCK16/SES169/SA169S27	SES127	-0.68924	-71.1009	-70.4116
BLOCK16/SES169/SA169S27	SES129	-1.21525	-71.6269	-70.4116
BLOCK16/SES169/SA169S27	SES144	-1.4894	-71.901	-70.4116
BLOCK16/SES169/SA169S27	SES146	-0.464363	-70.876	-70.4116
BLOCK16/SES169/SA169S29	SES144	-0.928337	-71.1368	-70.2085
BLOCK16/SES169/SA169S29	SES162	-0.879082	-71.0875	-70.2085
BLOCK16/SES169/SA169S29	SES177	-1.55581	-71.7643	-70.2085
BLOCK16/SES169/SA169S29	SES180	-0.695107	-70.9036	-70.2085
BLOCK17/SES171/SA171S12	SES083	-1.65455	-76.9674	-75.3128
BLOCK17/SES171/SA171S12	SES148	-1.92469	-77.2375	-75.3128
BLOCK17/SES171/SA171S12	SES172	-0.351486	-75.6643	-75.3128
BLOCK17/SES171/SA171S12	SES292	-1.64497	-76.9578	-75.3128
BLOCK17/SES171/SA171S15	SES148	-2.50644	-77.8483	-75.3419
BLOCK17/SES171/SA171S15	SES177	-1.28391	-76.6258	-75.3419
BLOCK17/SES171/SA171S15	SES180	-0.156784	-75.4986	-75.3419
BLOCK17/SES171/SA171S15	SES292	-2.02754	-77.3694	-75.3419
BLOCK17/SES171/SA171S22	SES007	-1.17966	-73.1239	-71.9442
BLOCK17/SES171/SA171S22	SES148	-1.8596	-73.8038	-71.9442
BLOCK17/SES171/SA171S22	SES177	-0.664558	-72.6088	-71.9442
BLOCK17/SES171/SA171S22	SES180	-0.724625	-72.6689	-71.9442
BLOCK17/SES171/SA171S25	SES101	-2.9399	-79.5778	-76.6379
BLOCK17/SES171/SA171S25	SES120	-2.88506	-79.5229	-76.6379
BLOCK17/SES171/SA171S25	SES177	-1.3383	-77.9762	-76.6379
BLOCK17/SES171/SA171S25	SES180	-6.12518	-82.7631	-76.6379
BLOCK17/SES171/SA171S27	SES177	-0.242485	-72.363	-72.1205
BLOCK17/SES171/SA171S27	SES180	-1.6167	-73.7372	-72.1205
BLOCK17/SES171/SA171S27	SES189	-0.911263	-73.0317	-72.1205
BLOCK17/SES171/SA171S27	SES292	-2.00108	-74.1215	-72.1205
BLOCK17/SES173/SA173S13	SES162	-0.35627	-73.1307	-72.7744
BLOCK17/SES173/SA173S13	SES177	-0.102448	-72.8769	-72.7744
BLOCK17/SES173/SA173S13	SES180	0.419281	-72.3552	-72.7744
BLOCK17/SES173/SA173S13	SES292	-2.02612	-74.8006	-72.7744
BLOCK17/SES173/SA173S14	SES007	-4.94264	-81.1721	-76.2295
BLOCK17/SES173/SA173S14	SES162	-4.54692	-80.7764	-76.2295
BLOCK17/SES173/SA173S14	SES177	-2.69132	-78.9208	-76.2295
BLOCK17/SES173/SA173S14	SES180	-19.8043	-96.0337	-76.2295
BLOCK17/SES173/SA173S24	SES144	-2.6636	-80.2891	-77.6255
BLOCK17/SES173/SA173S24	SES162	-2.6405	-80.266	-77.6255
BLOCK17/SES173/SA173S24	SES177	-0.558273	-78.1838	-77.6255
BLOCK17/SES173/SA173S24	SES180	-10.8848	-88.5102	-77.6255
BLOCK17/SES173/SA173S27	SES162	-0.789734	-75.3105	-74.5207
BLOCK17/SES173/SA173S27	SES177	-0.413857	-74.9346	-74.5207
BLOCK17/SES173/SA173S27	SES180	-0.732216	-75.2529	-74.5207
BLOCK17/SES173/SA173S27	SES292	-2.47099	-76.9917	-74.5207
BLOCK17/SES173/SA173S29	SES162	-2.16542	-80.9669	-78.8015
BLOCK17/SES173/SA173S29	SES175	0.303078	-78.4984	-78.8015
BLOCK17/SES173/SA173S29	SES177	-1.20094	-80.0024	-78.8015
BLOCK17/SES173/SA173S29	SES292	-1.83058	-80.6321	-78.8015
BLOCK18/SES182/SA182S10	SES144	-1.07958	-68.1187	-67.0391
BLOCK18/SES182/SA182S10	SES177	-0.607468	-67.6466	-67.0391
BLOCK18/SES182/SA182S10	SES180	-0.756256	-67.7954	-67.0391
BLOCK18/SES182/SA182S10	SES275	-0.676369	-67.7155	-67.0391
BLOCK18/SES182/SA182S12	SES144	-0.786858	-70.647	-69.8602
BLOCK18/SES182/SA182S12	SES177	-0.145386	-70.0056	-69.8602
BLOCK18/SES182/SA182S12	SES180	-0.246239	-70.1064	-69.8602
BLOCK18/SES182/SA182S12	SES275	-1.21049	-71.0707	-69.8602
BLOCK18/SES182/SA182S21	SES117	-0.179764	-72.2037	-72.0239
BLOCK18/SES182/SA182S21	SES144	-0.460121	-72.484	-72.0239
BLOCK18/SES182/SA182S21	SES162	-0.590446	-72.6143	-72.0239
BLOCK18/SES182/SA182S21	SES180	-0.890884	-72.9148	-72.0239
BLOCK18/SES182/SA182S23	SES117	-1.60415	-74.508	-72.9038
BLOCK18/SES182/SA182S23	SES144	-1.1849	-74.0887	-72.9038
BLOCK18/SES182/SA182S23	SES180	-4.53685	-77.4407	-72.9038
BLOCK18/SES182/SA182S23	SES275	-1.50145	-74.4053	-72.9038
BLOCK18/SES182/SA182S25	SES007	-0.296364	-69.7687	-69.4724
BLOCK18/SES182/SA182S25	SES162	0.187622	-69.2848	-69.4724
BLOCK18/SES182/SA182S25	SES177	-0.550247	-70.0226	-69.4724
BLOCK18/SES182/SA182S25	SES180	0.618599	-68.8538	-69.4724
BLOCK18/SES184/SA184S12	SES177	-0.927086	-72.7257	-71.7986
BLOCK18/SES184/SA184S12	SES180	-0.866837	-72.6654	-71.7986
BLOCK18/SES184/SA184S12	SES189	-0.991737	-72.7903	-71.7986
BLOCK18/SES184/SA184S12	SES292	-1.47781	-73.2764	-71.7986
BLOCK18/SES184/SA184S13	SES101	-1.11759	-75.7666	-74.649
BLOCK18/SES184/SA184S13	SES177	-1.18086	-75.8298	-74.649
BLOCK18/SES184/SA184S13	SES180	-0.703735	-75.3527	-74.649
BLOCK18/SES184/SA184S13	SES292	-1.72237	-76.3713	-74.649
BLOCK18/SES184/SA184S22	SES177	-0.147499	-72.2223	-72.0748
BLOCK18/SES184/SA184S22	SES180	0.233582	-71.8412	-72.0748
BLOCK18/SES184/SA184S22	SES189	-1.49323	-73.568	-72.0748
BLOCK18/SES184/SA184S22	SES292	-2.2336	-74.3084	-72.0748
BLOCK18/SES184/SA184S25	SES101	-1.05007	-74.6565	-73.6064
BLOCK18/SES184/SA184S25	SES177	-0.943954	-74.5504	-73.6064
BLOCK18/SES184/SA184S25	SES180	-0.737457	-74.3439	-73.6064
BLOCK18/SES184/SA184S25	SES292	-0.904343	-74.5108	-73.6064
BLOCK18/SES184/SA184S27	SES083	-1.94977	-75.3548	-73.405
BLOCK18/SES184/SA184S27	SES177	-1.70623	-75.1113	-73.405
BLOCK18/SES184/SA184S27	SES202	-1.95363	-75.3587	-73.405
BLOCK18/SES184/SA184S27	SES292	-1.81467	-75.2197	-73.405
BLOCK20/SES204/SA204S12	SES062	-1.12432	-71.7188	-70.5944
BLOCK20/SES204/SA204S12	SES083	-1.10028	-71.6947	-70.5944
BLOCK20/SES204/SA204S12	SES206	-0.978096	-71.5725	-70.5944
BLOCK20/SES204/SA204S12	SES226	-2.08679	-72.6812	-70.5944
BLOCK20/SES204/SA204S14	SES068	0.0882797	-70.379	-70.4672
BLOCK20/SES204/SA204S14	SES087	0.0952225	-70.372	-70.4672
BLOCK20/SES204/SA204S14	SES206	-0.445747	-70.913	-70.4672
BLOCK20/SES204/SA204S14	SES226	-1.60265	-72.0699	-70.4672
BLOCK20/SES204/SA204S22	SES068	-0.136284	-71.1189	-70.9826
BLOCK20/SES204/SA204S22	SES082	-1.97845	-72.9611	-70.9826
BLOCK20/SES204/SA204S22	SES083	-1.23907	-72.2217	-70.9826
BLOCK20/SES204/SA204S22	SES206	-1.39928	-72.3819	-70.9826
BLOCK20/SES204/SA204S25	SES062	-1.17859	-71.7591	-70.5806
BLOCK20/SES204/SA204S25	SES083	-0.731422	-71.312	-70.5806
BLOCK20/SES204/SA204S25	SES206	-1.13904	-71.7196	-70.5806
BLOCK20/SES204/SA204S25	SES226	-1.562	-72.1426	-70.5806
BLOCK20/SES204/SA204S27	SES068	0.398598	-74.6942	-75.0928
BLOCK20/SES204/SA204S27	SES082	-1.29116	-76.3839	-75.0928
BLOCK20/SES204/SA204S27	SES087	-0.525078	-75.6178	-75.0928
BLOCK20/SES204/SA204S27	SES206	-1.62081	-76.7136	-75.0928
BLOCK20/SES207/SA207S10	SES127	-1.29329	-71.8345	-70.5412
BLOCK20/SES207/SA207S10	SES183	-1.51759	-72.0588	-70.5412
BLOCK20/SES207/SA207S10	SES189	-1.68382	-72.225	-70.5412
BLOCK20/SES207/SA207S10	SES292	-2.22442	-72.7656	-70.5412
BLOCK20/SES207/SA207S11	SES127	-2.24599	-78.5788	-76.3328
BLOCK20/SES207/SA207S11	SES183	-0.979492	-77.3123	-76.3328
BLOCK20/SES207/SA207S11	SES187	-2.86913	-79.202	-76.3328
BLOCK20/SES207/SA207S11	SES292	-1.34558	-77.6784	-76.3328
BLOCK20/SES207/SA207S25	SES068	-0.939934	-74.7618	-73.8219
BLOCK20/SES207/SA207S25	SES083	-1.54248	-75.3644	-73.8219
BLOCK20/SES207/SA207S25	SES127	-0.326225	-74.1481	-73.8219
BLOCK20/SES207/SA207S25	SES187	-1.17533	-74.9972	-73.8219
BLOCK20/SES207/SA207S27	SES127	-1.56171	-75.0778	-73.516
BLOCK20/SES207/SA207S27	SES183	-0.523338	-74.0394	-73.516
BLOCK20/SES207/SA207S27	SES187	-1.839	-75.355	-73.516
BLOCK20/SES207/SA207S27	SES292	-2.4436	-75.9596	-73.516
BLOCK20/SES207/SA207S29	SES083	-1.52505	-75.8992	-74.3741
BLOCK20/SES207/SA207S29	SES085	-1.41788	-75.792	-74.3741
BLOCK20/SES207/SA207S29	SES172	-0.40123	-74.7754	-74.3741
BLOCK20/SES207/SA207S29	SES189	-2.22604	-76.6002	-74.3741
BLOCK22/SES221/SA221S12	SES068	-0.763199	-72.5731	-71.8099
BLOCK22/SES221/SA221S12	SES143	0.848244	-70.9616	-71.8099
BLOCK22/SES221/SA221S12	SES175	0.773346	-71.0365	-71.8099
BLOCK22/SES221/SA221S12	SES202	1.4624	-70.3475	-71.8099
BLOCK22/SES221/SA221S15	SES085	-0.945602	-75.7137	-74.7681
BLOCK22/SES221/SA221S15	SES143	-0.0906601	-74.8587	-74.7681
BLOCK22/SES221/SA221S15	SES175	0.104591	-74.6635	-74.7681
BLOCK22/SES221/SA221S15	SES187	0.175751	-74.5923	-74.7681
BLOCK22/SES221/SA221S23	SES068	-0.727058	-73.0699	-72.3428
BLOCK22/SES221/SA221S23	SES143	0.461693	-71.8811	-72.3428
BLOCK22/SES221/SA221S23	SES175	1.00884	-71.334	-72.3428
BLOCK22/SES221/SA221S23	SES189	0.653664	-71.6892	-72.3428
BLOCK22/SES221/SA221S27	SES085	0.515022	-75.6418	-76.1569
BLOCK22/SES221/SA221S27	SES143	0.579277	-75.5776	-76.1569
BLOCK22/SES221/SA221S27	SES175	0.170135	-75.9867	-76.1569
BLOCK22/SES221/SA221S27	SES189	0.308022	-75.8488	-76.1569
BLOCK22/SES221/SA221S29	SES085	0.225861	-75.8997	-76.1255
BLOCK22/SES221/SA221S29	SES143	0.438293	-75.6872	-76.1255
BLOCK22/SES221/SA221S29	SES175	0.305031	-75.8205	-76.1255
BLOCK22/SES221/SA221S29	SES187	1.05485	-75.0707	-76.1255
BLOCK22/SES223/SA223S11	SES143	0.0619659	-74.7595	-74.8215
BLOCK22/SES223/SA223S11	SES144	-1.29726	-76.1188	-74.8215
BLOCK22/SES223/SA223S11	SES175	0.0818253	-74.7397	-74.8215
BLOCK22/SES223/SA223S11	SES187	-0.40686	-75.2283	-74.8215
BLOCK22/SES223/SA223S13	SES068	-1.05695	-74.2459	-73.1889
BLOCK22/SES223/SA223S13	SES143	-0.0284729	-73.2174	-73.1889
BLOCK22/SES223/SA223S13	SES146	-2.42219	-75.6111	-73.1889
BLOCK22/SES223/SA223S13	SES202	0.270973	-72.9179	-73.1889
BLOCK22/SES223/SA223S22	SES143	-0.392731	-74.1893	-73.7966
BLOCK22/SES223/SA223S22	SES144	-1.45609	-75.2527	-73.7966
BLOCK22/SES223/SA223S22	SES175	-0.269249	-74.0659	-73.7966
BLOCK22/SES223/SA223S22	SES187	-0.569557	-74.3662	-73.7966
BLOCK22/SES223/SA223S25	SES068	-1.60002	-76.3044	-74.7044
BLOCK22/SES223/SA223S25	SES143	0.0984039	-74.606	-74.7044
BLOCK22/SES223/SA223S25	SES175	0.474693	-74.2297	-74.7044
BLOCK22/SES223/SA223S25	SES187	-0.431	-75.1354	-74.7044
BLOCK22/SES223/SA223S27	SES143	-0.966385	-79.0081	-78.0417
BLOCK22/SES223/SA223S27	SES146	-1.53649	-79.5782	-78.0417
BLOCK22/SES223/SA223S27	SES187	-0.255028	-78.2967	-78.0417
BLOCK22/SES223/SA223S27	SES292	-1.76552	-79.8072	-78.0417
BLOCK27/SES273/SA273S12	SES099	0.564911	-69.0302	-69.5951
BLOCK27/SES273/SA273S12	SES104	0.393059	-69.2021	-69.5951
BLOCK27/SES273/SA273S12	SES125	-0.0674362	-69.6626	-69.5951
BLOCK27/SES273/SA273S12	SES206	0.63443	-68.9607	-69.5951
BLOCK27/SES273/SA273S13	SES099	-0.723747	-72.8194	-72.0957
BLOCK27/SES273/SA273S13	SES104	-0.565292	-72.6609	-72.0957
BLOCK27/SES273/SA273S13	SES206	-0.550751	-72.6464	-72.0957
BLOCK27/SES273/SA273S13	SES292	-0.930542	-73.0262	-72.0957
BLOCK27/SES273/SA273S21	SES099	0.449112	-71.2145	-71.6636
BLOCK27/SES273/SA273S21	SES148	-2.40409	-74.0677	-71.6636
BLOCK27/SES273/SA273S21	SES149	-2.08787	-73.7515	-71.6636
BLOCK27/SES273/SA273S21	SES177	-0.944771	-72.6084	-71.6636
BLOCK27/SES273/SA273S25	SES104	0.0725174	-70.7187	-70.7912
BLOCK27/SES273/SA273S25	SES125	-0.193588	-70.9848	-70.7912
BLOCK27/SES273/SA273S25	SES158	-0.156685	-70.9479	-70.7912
BLOCK27/SES273/SA273S25	SES206	-0.320602	-71.1118	-70.7912
BLOCK27/SES273/SA273S27	SES099	-1.02335	-72.0896	-71.0662
BLOCK27/SES273/SA273S27	SES104	-0.827278	-71.8935	-71.0662
BLOCK27/SES273/SA273S27	SES149	-1.09519	-72.1614	-71.0662
BLOCK27/SES273/SA273S27	SES275	-0.719826	-71.786	-71.0662
BLOCK27/SES274/SA274S10	SES105	-1.3157	-73.3028	-71.9871
BLOCK27/SES274/SA274S10	SES125	-0.319901	-72.307	-71.9871
BLOCK27/SES274/SA274S10	SES129	0.292007	-71.6951	-71.9871
BLOCK27/SES274/SA274S10	SES158	-2.52313	-74.5102	-71.9871
BLOCK27/SES274/SA274S11	SES105	-0.997421	-70.9859	-69.9884
BLOCK27/SES274/SA274S11	SES149	-1.73328	-71.7217	-69.9884
BLOCK27/SES274/SA274S11	SES158	-1.23664	-71.2251	-69.9884
BLOCK27/SES274/SA274S11	SES275	-0.881454	-70.8699	-69.9884
BLOCK27/SES274/SA274S21	SES105	-0.615395	-69.2584	-68.643
BLOCK27/SES274/SA274S21	SES129	-0.172554	-68.8156	-68.643
BLOCK27/SES274/SA274S21	SES149	-1.52013	-70.1632	-68.643
BLOCK27/SES274/SA274S21	SES158	-2.32553	-70.9686	-68.643
BLOCK27/SES274/SA274S24	SES105	-1.97685	-72.056	-70.0791
BLOCK27/SES274/SA274S24	SES129	-0.506897	-70.586	-70.0791
BLOCK27/SES274/SA274S24	SES149	-1.38517	-71.4643	-70.0791
BLOCK27/SES274/SA274S24	SES158	-2.96404	-73.0431	-70.0791
BLOCK27/SES274/SA274S29	SES105	-2.09889	-74.0552	-71.9563
BLOCK27/SES274/SA274S29	SES106	-5.69393	-77.6503	-71.9563
BLOCK27/SES274/SA274S29	SES120	-0.932045	-72.8884	-71.9563
BLOCK27/SES274/SA274S29	SES275	-1.10472	-73.061	-71.9563
BLOCK27/SES276/SA276S16	SES148	-2.05485	-74.923	-72.8682
BLOCK27/SES276/SA276S16	SES172	-0.547447	-73.4156	-72.8682
BLOCK27/SES276/SA276S16	SES180	-1.312	-74.1802	-72.8682
BLOCK27/SES276/SA276S16	SES292	-0.927269	-73.7954	-72.8682
BLOCK27/SES276/SA276S17	SES101	-1.21497	-74.5083	-73.2933
BLOCK27/SES276/SA276S17	SES177	-0.919609	-74.2129	-73.2933
BLOCK27/SES276/SA276S17	SES180	-0.454773	-73.7481	-73.2933
BLOCK27/SES276/SA276S17	SES292	-0.988029	-74.2813	-73.2933
BLOCK27/SES276/SA276S24	SES101	-0.784668	-70.3315	-69.5469
BLOCK27/SES276/SA276S24	SES177	-0.953491	-70.5004	-69.5469
BLOCK27/SES276/SA276S24	SES180	-0.793442	-70.3403	-69.5469
BLOCK27/SES276/SA276S24	SES292	-1.46499	-71.0118	-69.5469
BLOCK27/SES276/SA276S26	SES101	-1.73678	-77.1372	-75.4005
BLOCK27/SES276/SA276S26	SES177	-1.21788	-76.6183	-75.4005
BLOCK27/SES276/SA276S26	SES180	-1.02307	-76.4235	-75.4005
BLOCK27/SES276/SA276S26	SES292	-0.881729	-76.2822	-75.4005
BLOCK27/SES276/SA276S28	SES101	-0.697769	-74.1264	-73.4286
BLOCK27/SES276/SA276S28	SES177	-1.01624	-74.4448	-73.4286
BLOCK27/SES276/SA276S28	SES180	-0.341446	-73.77	-73.4286
BLOCK27/SES276/SA276S28	SES292	-0.66951	-74.0981	-73.4286
BLOCK27/SES277/SA277S12	SES101	-0.845215	-73.2825	-72.4373
BLOCK27/SES277/SA277S12	SES177	-1.14042	-73.5777	-72.4373
BLOCK27/SES277/SA277S12	SES180	-1.11556	-73.5528	-72.4373
BLOCK27/SES277/SA277S12	SES292	-1.67004	-74.1073	-72.4373
BLOCK27/SES277/SA277S14	SES177	-0.383408	-74.4901	-74.1067
BLOCK27/SES277/SA277S14	SES180	-0.444458	-74.5511	-74.1067
BLOCK27/SES277/SA277S14	SES189	-0.0767899	-74.1834	-74.1067
BLOCK27/SES277/SA277S14	SES292	-2.23168	-76.3383	-74.1067
BLOCK27/SES277/SA277S21	SES177	-0.17569	-71.0614	-70.8857
BLOCK27/SES277/SA277S21	SES180	-0.54287	-71.4285	-70.8857
BLOCK27/SES277/SA277S21	SES189	-0.154861	-71.0405	-70.8857
BLOCK27/SES277/SA277S21	SES292	-1.51766	-72.4033	-70.8857
BLOCK27/SES277/SA277S24	SES144	-1.52598	-74.1284	-72.6024
BLOCK27/SES277/SA277S24	SES177	-0.941109	-73.5435	-72.6024
BLOCK27/SES277/SA277S24	SES180	-0.602821	-73.2052	-72.6024
BLOCK27/SES277/SA277S24	SES189	0.360283	-72.2421	-72.6024
BLOCK27/SES277/SA277S29	SES177	-0.177139	-69.8751	-69.698
BLOCK27/SES277/SA277S29	SES180	0.100174	-69.5978	-69.698
BLOCK27/SES277/SA277S29	SES202	-0.355972	-70.0539	-69.698
BLOCK27/SES277/SA277S29	SES292	-2.09903	-71.797	-69.698
BLOCK27/SES279/SA279S09	SES120	-0.725739	-70.8563	-70.1306
BLOCK27/SES279/SA279S09	SES146	-0.884346	-71.0149	-70.1306
BLOCK27/SES279/SA279S09	SES206	-0.630936	-70.7615	-70.1306
BLOCK27/SES279/SA279S09	SES226	-0.86692	-70.9975	-70.1306
BLOCK27/SES279/SA279S10	SES099	0.155563	-69.8547	-70.0103
BLOCK27/SES279/SA279S10	SES206	-0.968231	-70.9785	-70.0103
BLOCK27/SES279/SA279S10	SES226	-1.22726	-71.2375	-70.0103
BLOCK27/SES279/SA279S10	SES292	-0.65834	-70.6686	-70.0103
BLOCK27/SES279/SA279S20	SES099	-0.128525	-70.4281	-70.2995
BLOCK27/SES279/SA279S20	SES206	-0.307838	-70.6074	-70.2995
BLOCK27/SES279/SA279S20	SES226	-0.885155	-71.1847	-70.2995
BLOCK27/SES279/SA279S20	SES292	0.0933609	-70.2062	-70.2995
BLOCK27/SES279/SA279S26	SES099	-0.660484	-72.4862	-71.8257
BLOCK27/SES279/SA279S26	SES206	-1.09867	-72.9244	-71.8257
BLOCK27/SES279/SA279S26	SES226	-0.824677	-72.6504	-71.8257
BLOCK27/SES279/SA279S26	SES292	-0.0297775	-71.8555	-71.8257
BLOCK27/SES279/SA279S28	SES099	-0.192162	-71.2568	-71.0646
BLOCK27/SES279/SA279S28	SES120	-0.710983	-71.7756	-71.0646
BLOCK27/SES279/SA279S28	SES177	-1.80141	-72.866	-71.0646
BLOCK27/SES279/SA279S28	SES206	-1.21802	-72.2826	-71.0646
BLOCK29/SES290/SA290S12	SES162	0.351746	-68.7532	-69.1049
BLOCK29/SES290/SA290S12	SES177	0.367188	-68.7378	-69.1049
BLOCK29/SES290/SA290S12	SES180	0.306854	-68.7981	-69.1049
BLOCK29/SES290/SA290S12	SES292	-1.71775	-70.8227	-69.1049
BLOCK29/SES290/SA290S13	SES007	-1.88738	-73.9384	-72.051
BLOCK29/SES290/SA290S13	SES162	-0.920883	-72.9719	-72.051
BLOCK29/SES290/SA290S13	SES177	-0.230965	-72.282	-72.051
BLOCK29/SES290/SA290S13	SES180	-0.822327	-72.8734	-72.051
BLOCK29/SES290/SA290S22	SES177	-0.479485	-71.6389	-71.1594
BLOCK29/SES290/SA290S22	SES180	0.162727	-70.9967	-71.1594
BLOCK29/SES290/SA290S22	SES202	-0.207321	-71.3668	-71.1594
BLOCK29/SES290/SA290S22	SES292	-1.63369	-72.7931	-71.1594
BLOCK29/SES290/SA290S25	SES162	-0.709015	-71.7157	-71.0067
BLOCK29/SES290/SA290S25	SES177	-0.899193	-71.9059	-71.0067
BLOCK29/SES290/SA290S25	SES180	-11.9438	-82.9505	-71.0067
BLOCK29/SES290/SA290S25	SES292	-1.76026	-72.7669	-71.0067
BLOCK29/SES290/SA290S29	SES177	-0.061821	-72.3885	-72.3267
BLOCK29/SES290/SA290S29	SES180	-2.75512	-75.0818	-72.3267
BLOCK29/SES290/SA290S29	SES275	-1.8029	-74.1296	-72.3267
BLOCK29/SES290/SA290S29	SES292	-1.87215	-74.1988	-72.3267
BLOCK29/SES291/SA291S11	SES105	-0.685692	-71.2564	-70.5707
BLOCK29/SES291/SA291S11	SES125	-3.66262	-74.2333	-70.5707
BLOCK29/SES291/SA291S11	SES158	0.0181274	-70.5525	-70.5707
BLOCK29/SES291/SA291S11	SES275	-1.32135	-71.892	-70.5707
BLOCK29/SES291/SA291S12	SES158	1.91397	-64.0939	-66.0078
BLOCK29/SES291/SA291S12	SES226	-0.741051	-66.7489	-66.0078
BLOCK29/SES291/SA291S12	SES270	1.76008	-64.2478	-66.0078
BLOCK29/SES291/SA291S12	SES275	-1.01418	-67.022	-66.0078
BLOCK29/SES291/SA291S22	SES082	-1.0952	-71.765	-70.6698
BLOCK29/SES291/SA291S22	SES158	-0.573845	-71.2436	-70.6698
BLOCK29/SES291/SA291S22	SES259	-1.53577	-72.2055	-70.6698
BLOCK29/SES291/SA291S22	SES275	-1.47037	-72.1401	-70.6698
BLOCK29/SES291/SA291S24	SES104	0.476822	-70.2313	-70.7082
BLOCK29/SES291/SA291S24	SES125	-0.270103	-70.9783	-70.7082
BLOCK29/SES291/SA291S24	SES158	0.677818	-70.0303	-70.7082
BLOCK29/SES291/SA291S24	SES275	-1.46367	-72.1718	-70.7082
BLOCK29/SES291/SA291S27	SES158	0.329018	-71.1399	-71.4689
BLOCK29/SES291/SA291S27	SES172	-1.43541	-72.9043	-71.4689
BLOCK29/SES291/SA291S27	SES275	-0.926231	-72.3951	-71.4689
BLOCK29/SES291/SA291S27	SES292	-0.418663	-71.8876	-71.4689
