BLOCK00/SES002/SA002S12	SES002	1.27702	-41.9895	-43.2665
BLOCK00/SES002/SA002S13	SES002	1.8284	-41.9319	-43.7603
BLOCK00/SES002/SA002S23	SES002	1.42356	-41.9005	-43.3241
BLOCK00/SES002/SA002S26	SES002	1.94525	-41.5404	-43.4856
BLOCK00/SES002/SA002S28	SES002	1.08089	-42.3478	-43.4287
BLOCK00/SES007/SA007S14	SES007	0.855659	-41.6929	-42.5486
BLOCK00/SES007/SA007S15	SES007	0.590412	-43.0336	-43.624
BLOCK00/SES007/SA007S24	SES007	0.634796	-42.9184	-43.5532
BLOCK00/SES007/SA007S27	SES007	0.214779	-43.6718	-43.8866
BLOCK00/SES007/SA007S29	SES007	0.30069	-42.4482	-42.7489
BLOCK00/SES008/SA008S11	SES008	0.841591	-42.8797	-43.7213
BLOCK00/SES008/SA008S12	SES008	0.266659	-43.5027	-43.7693
BLOCK00/SES008/SA008S19	SES008	1.3382	-42.2816	-43.6198
BLOCK00/SES008/SA008S22	SES008	1.19319	-42.9969	-44.1901
BLOCK00/SES008/SA008S29	SES008	1.01227	-42.3681	-43.3803
BLOCK01/SES014/SA014S10	SES014	2.09846	-41.6913	-43.7898
BLOCK01/SES014/SA014S12	SES014	2.65669	-39.7915	-42.4482
BLOCK01/SES014/SA014S24	SES014	1.25391	-42.0926	-43.3465
BLOCK01/SES014/SA014S26	SES014	2.2088	-39.6546	-41.8634
BLOCK01/SES014/SA014S28	SES014	2.63785	-39.8777	-42.5156
BLOCK01/SES016/SA016S12	SES016	1.0735	-44.2173	-45.2908
BLOCK01/SES016/SA016S13	SES016	1.36562	-42.7989	-44.1645
BLOCK01/SES016/SA016S22	SES016	0.516644	-43.8216	-44.3382
BLOCK01/SES016/SA016S25	SES016	1.47514	-40.8318	-42.3069
BLOCK01/SES016/SA016S27	SES016	1.42413	-41.4345	-42.8587
BLOCK01/SES019/SA019S13	SES019	3.0276	-42.3547	-45.3823
BLOCK01/SES019/SA019S14	SES019	1.79605	-42.881	-44.6771
BLOCK01/SES019/SA019S22	SES019	2.55072	-42.3612	-44.9119
BLOCK01/SES019/SA019S25	SES019	2.37413	-42.8125	-45.1867
BLOCK01/SES019/SA019S29	SES019	3.10376	-42.2736	-45.3773
BLOCK02/SES029/SA029S11	SES029	1.07911	-42.4975	-43.5766
BLOCK02/SES029/SA029S12	SES029	0.219036	-42.976	-43.195
BLOCK02/SES029/SA029S20	SES029	0.280914	-43.8644	-44.1453
BLOCK02/SES029/SA029S25	SES029	0.768612	-42.3191	-43.0877
BLOCK02/SES029/SA029S28	SES029	0.155811	-43.4894	-43.6452
BLOCK04/SES042/SA042S12	SES042	2.16948	-40.99	-43.1595
BLOCK04/SES042/SA042S15	SES042	2.07145	-41.604	-43.6755
BLOCK04/SES042/SA042S22	SES042	3.10392	-39.7533	-42.8573
BLOCK04/SES042/SA042S25	SES042	2.2495	-42.394	-44.6435
BLOCK04/SES042/SA042S27	SES042	2.02571	-40.9933	-43.019
BLOCK04/SES048/SA048S11	SES048	1.27292	-42.3442	-43.6171
BLOCK04/SES048/SA048S12	SES048	0.607471	-42.6378	-43.2453
BLOCK04/SES048/SA048S20	SES048	1.0041	-42.307	-43.3111
BLOCK04/SES048/SA048S23	SES048	1.29097	-42.6517	-43.9427
BLOCK04/SES048/SA048S27	SES048	0.934456	-41.9434	-42.8778
BLOCK06/SES060/SA060S11	SES060	1.54438	-41.9616	-43.506
BLOCK06/SES060/SA060S12	SES060	-1.16339	-44.6516	-43.4882
BLOCK06/SES060/SA060S22	SES060	-0.599232	-44.6925	-44.0933
BLOCK06/SES060/SA060S24	SES060	0.62125	-42.7212	-43.3424
BLOCK06/SES060/SA060S28	SES060	1.24246	-40.7035	-41.9459
BLOCK06/SES062/SA062S10	SES062	0.519085	-42.5886	-43.1076
BLOCK06/SES062/SA062S11	SES062	1.18586	-41.8597	-43.0455
BLOCK06/SES062/SA062S21	SES062	1.99754	-39.7422	-41.7397
BLOCK06/SES062/SA062S26	SES062	0.451233	-41.6765	-42.1278
BLOCK06/SES062/SA062S29	SES062	1.24259	-41.0403	-42.2829
BLOCK06/SES068/SA068S14	SES068	0.207771	-43.0687	-43.2765
BLOCK06/SES068/SA068S15	SES068	0.909531	-41.8807	-42.7902
BLOCK06/SES068/SA068S23	SES068	0.677391	-43.1865	-43.8638
BLOCK06/SES068/SA068S27	SES068	1.65838	-41.3956	-43.054
BLOCK06/SES068/SA068S29	SES068	0.851959	-42.3048	-43.1567
BLOCK08/SES082/SA082S12	SES082	0.864094	-43.7069	-44.571
BLOCK08/SES082/SA082S14	SES082	0.596214	-43.8384	-44.4346
BLOCK08/SES082/SA082S21	SES082	0.991386	-42.9713	-43.9627
BLOCK08/SES082/SA082S24	SES082	1.06738	-42.4956	-43.563
BLOCK08/SES082/SA082S28	SES082	0.309853	-43.7473	-44.0571
BLOCK08/SES083/SA083S14	SES083	-0.653	-43.8173	-43.1643
BLOCK08/SES083/SA083S15	SES083	-0.0780334	-43.349	-43.2709
BLOCK08/SES083/SA083S24	SES083	-0.595562	-43.945	-43.3494
BLOCK08/SES083/SA083S26	SES083	0.761082	-42.6552	-43.4163
BLOCK08/SES083/SA083S29	SES083	-0.529049	-43.388	-42.8589
BLOCK08/SES085/SA085S10	SES085	0.140072	-42.9584	-43.0985
BLOCK08/SES085/SA085S13	SES085	0.525646	-43.2472	-43.7729
BLOCK08/SES085/SA085S22	SES085	-1.86535	-45.2584	-43.393
BLOCK08/SES085/SA085S26	SES085	-0.366604	-43.3899	-43.0233
BLOCK08/SES085/SA085S28	SES085	0.833443	-42.4879	-43.3213
BLOCK08/SES087/SA087S15	SES087	1.50056	-42.469	-43.9696
BLOCK08/SES087/SA087S16	SES087	1.58777	-42.4227	-44.0104
BLOCK08/SES087/SA087S24	SES087	1.65974	-42.5031	-44.1628
BLOCK08/SES087/SA087S26	SES087	1.57668	-41.2302	-42.8069
BLOCK08/SES087/SA087S29	SES087	1.72508	-42.345	-44.0701
BLOCK09/SES099/SA099S15	SES099	1.04377	-43.1284	-44.1721
BLOCK09/SES099/SA099S16	SES099	1.1347	-42.7422	-43.8769
BLOCK09/SES099/SA099S24	SES099	1.50802	-41.8641	-43.3721
BLOCK09/SES099/SA099S26	SES099	1.16113	-42.3803	-43.5414
BLOCK09/SES099/SA099S29	SES099	1.42613	-42.1764	-43.6025
BLOCK10/SES101/SA101S11	SES101	0.18399	-42.8745	-43.0585
BLOCK10/SES101/SA101S13	SES101	1.03597	-42.0715	-43.1074
BLOCK10/SES101/SA101S22	SES101	0.785984	-43.2822	-44.0682
BLOCK10/SES101/SA101S24	SES101	1.26801	-42.5297	-43.7977
BLOCK10/SES101/SA101S28	SES101	0.168343	-43.6685	-43.8368
BLOCK10/SES104/SA104S11	SES104	1.15542	-41.5276	-42.683
BLOCK10/SES104/SA104S12	SES104	1.67659	-41.1797	-42.8563
BLOCK10/SES104/SA104S21	SES104	1.08537	-42.3561	-43.4415
BLOCK10/SES104/SA104S24	SES104	0.907177	-42.7273	-43.6345
BLOCK10/SES104/SA104S28	SES104	1.26088	-42.2181	-43.479
BLOCK10/SES105/SA105S12	SES105	0.219551	-44.0396	-44.2592
BLOCK10/SES105/SA105S13	SES105	0.870327	-43.2097	-44.08
BLOCK10/SES105/SA105S22	SES105	0.177044	-44.4832	-44.6602
BLOCK10/SES105/SA105S26	SES105	1.2965	-43.1707	-44.4672
BLOCK10/SES105/SA105S29	SES105	0.537567	-43.2617	-43.7992
BLOCK10/SES106/SA106S09	SES106	1.36572	-43.4722	-44.8379
BLOCK10/SES106/SA106S11	SES106	1.63501	-41.727	-43.362
BLOCK10/SES106/SA106S22	SES106	2.28276	-42.3204	-44.6032
BLOCK10/SES106/SA106S27	SES106	1.246	-42.51	-43.756
BLOCK10/SES106/SA106S29	SES106	0.916355	-42.6154	-43.5318
BLOCK11/SES117/SA117S12	SES117	0.719387	-43.2242	-43.9436
BLOCK11/SES117/SA117S13	SES117	0.226669	-43.0702	-43.2969
BLOCK11/SES117/SA117S23	SES117	1.50153	-43.6016	-45.1031
BLOCK11/SES117/SA117S25	SES117	0.766037	-43.9941	-44.7602
BLOCK11/SES117/SA117S28	SES117	1.29638	-43.5134	-44.8097
BLOCK12/SES120/SA120S08	SES120	1.29034	-44.2503	-45.5406
BLOCK12/SES120/SA120S11	SES120	0.544598	-45.5552	-46.0998
BLOCK12/SES120/SA120S22	SES120	0.516186	-43.3688	-43.885
BLOCK12/SES120/SA120S24	SES120	0.442093	-43.6387	-44.0808
BLOCK12/SES120/SA120S28	SES120	0.307594	-45.0047	-45.3123
BLOCK12/SES125/SA125S13	SES125	1.94806	-41.4252	-43.3733
BLOCK12/SES125/SA125S14	SES125	1.10336	-42.4411	-43.5444
BLOCK12/SES125/SA125S25	SES125	2.09264	-41.5909	-43.6835
BLOCK12/SES125/SA125S27	SES125	1.67883	-41.2169	-42.8958
BLOCK12/SES125/SA125S29	SES125	1.96869	-41.5335	-43.5022
BLOCK12/SES127/SA127S11	SES127	0.620979	-43.1918	-43.8127
BLOCK12/SES127/SA127S12	SES127	-0.45187	-43.3219	-42.87
BLOCK12/SES127/SA127S23	SES127	0.475754	-42.9415	-43.4173
BLOCK12/SES127/SA127S25	SES127	-0.901001	-44.0427	-43.1417
BLOCK12/SES127/SA127S27	SES127	0.753571	-42.6049	-43.3585
BLOCK12/SES129/SA129S11	SES129	1.25332	-41.9719	-43.2252
BLOCK12/SES129/SA129S12	SES129	1.15099	-41.8168	-42.9678
BLOCK12/SES129/SA129S22	SES129	1.13765	-42.3113	-43.4489
BLOCK12/SES129/SA129S27	SES129	1.46115	-41.7109	-43.172
BLOCK12/SES129/SA129S29	SES129	1.59551	-41.6903	-43.2858
BLOCK14/SES142/SA142S11	SES142	1.51553	-42.7207	-44.2362
BLOCK14/SES142/SA142S12	SES142	0.700584	-43.5946	-44.2952
BLOCK14/SES142/SA142S24	SES142	1.38231	-42.7398	-44.1221
BLOCK14/SES142/SA142S27	SES142	1.78767	-42.4069	-44.1945
BLOCK14/SES142/SA142S29	SES142	1.78105	-41.8284	-43.6094
BLOCK14/SES143/SA143S12	SES143	1.00304	-43.1137	-44.1167
BLOCK14/SES143/SA143S13	SES143	0.857609	-43.4713	-44.3289
BLOCK14/SES143/SA143S23	SES143	1.17855	-43.2527	-44.4312
BLOCK14/SES143/SA143S25	SES143	0.515057	-43.4711	-43.9861
BLOCK14/SES143/SA143S28	SES143	0.909298	-42.7777	-43.687
BLOCK14/SES144/SA144S09	SES144	0.736103	-43.0115	-43.7476
BLOCK14/SES144/SA144S11	SES144	0.477318	-44.0399	-44.5172
BLOCK14/SES144/SA144S21	SES144	0.170441	-43.6895	-43.86
BLOCK14/SES144/SA144S25	SES144	0.522873	-43.6206	-44.1434
BLOCK14/SES144/SA144S29	SES144	0.13488	-43.5879	-43.7228
BLOCK14/SES146/SA146S14	SES146	0.389511	-43.9229	-44.3124
BLOCK14/SES146/SA146S15	SES146	-0.0891266	-43.899	-43.8099
BLOCK14/SES146/SA146S24	SES146	0.13097	-43.7601	-43.8911
BLOCK14/SES146/SA146S26	SES146	0.435974	-44.1706	-44.6066
BLOCK14/SES146/SA146S29	SES146	0.368847	-44.4784	-44.8472
BLOCK14/SES147/SA147S11	SES147	1.48659	-43.3431	-44.8297
BLOCK14/SES147/SA147S13	SES147	1.74193	-42.1362	-43.8781
BLOCK14/SES147/SA147S23	SES147	1.24065	-43.5353	-44.776
BLOCK14/SES147/SA147S26	SES147	1.10757	-43.4071	-44.5146
BLOCK14/SES147/SA147S28	SES147	1.73455	-42.5385	-44.273
BLOCK14/SES148/SA148S10	SES148	0.992741	-42.4748	-43.4676
BLOCK14/SES148/SA148S12	SES148	1.00319	-43.2369	-44.2401
BLOCK14/SES148/SA148S22	SES148	1.0597	-41.9133	-42.973
BLOCK14/SES148/SA148S26	SES148	0.229218	-42.9992	-43.2284
BLOCK14/SES148/SA148S29	SES148	0.524059	-43.4284	-43.9525
BLOCK14/SES149/SA149S13	SES149	0.0510406	-43.4875	-43.5385
BLOCK14/SES149/SA149S14	SES149	0.486599	-42.5708	-43.0574
BLOCK14/SES149/SA149S24	SES149	1.29462	-42.1961	-43.4907
BLOCK14/SES149/SA149S26	SES149	1.8404	-41.4945	-43.3349
BLOCK14/SES149/SA149S28	SES149	2.25235	-40.8628	-43.1151
BLOCK15/SES158/SA158S13	SES158	1.28873	-43.0002	-44.2889
BLOCK15/SES158/SA158S14	SES158	1.94856	-42.5281	-44.4767
BLOCK15/SES158/SA158S23	SES158	1.21203	-42.6101	-43.8222
BLOCK15/SES158/SA158S26	SES158	1.20305	-42.6053	-43.8084
BLOCK15/SES158/SA158S28	SES158	0.848072	-43.3279	-44.176
BLOCK16/SES162/SA162S10	SES162	0.979588	-43.7104	-44.69
BLOCK16/SES162/SA162S11	SES162	0.882851	-42.897	-43.7798
BLOCK16/SES162/SA162S21	SES162	1.69561	-42.6372	-44.3328
BLOCK16/SES162/SA162S24	SES162	0.855	-43.3551	-44.2101
BLOCK16/SES162/SA162S27	SES162	1.4972	-43.1815	-44.6787
BLOCK16/SES167/SA167S14	SES167	1.01936	-41.8302	-42.8496
BLOCK16/SES167/SA167S15	SES167	1.20259	-42.8191	-44.0217
BLOCK16/SES167/SA167S21	SES167	1.30912	-41.421	-42.7301
BLOCK16/SES167/SA167S25	SES167	1.47033	-42.3965	-43.8668
BLOCK16/SES167/SA167S29	SES167	1.49006	-41.432	-42.9221
BLOCK17/SES172/SA172S12	SES172	1.31037	-42.5547	-43.8651
BLOCK17/SES172/SA172S13	SES172	1.65155	-42.6223	-44.2739
BLOCK17/SES172/SA172S23	SES172	0.639484	-41.8562	-42.4956
BLOCK17/SES172/SA172S27	SES172	0.68742	-43.2159	-43.9033
BLOCK17/SES172/SA172S29	SES172	1.38472	-42.7303	-44.115
BLOCK17/SES175/SA175S11	SES175	1.47801	-42.3827	-43.8607
BLOCK17/SES175/SA175S13	SES175	1.0449	-42.6727	-43.7176
BLOCK17/SES175/SA175S23	SES175	1.41574	-42.8642	-44.2799
BLOCK17/SES175/SA175S25	SES175	0.756939	-44.4544	-45.2113
BLOCK17/SES175/SA175S28	SES175	0.981716	-42.5137	-43.4955
BLOCK17/SES177/SA177S15	SES177	-0.197063	-43.7935	-43.5965
BLOCK17/SES177/SA177S17	SES177	0.265209	-43.29	-43.5552
BLOCK17/SES177/SA177S23	SES177	-0.124565	-43.8969	-43.7724
BLOCK17/SES177/SA177S26	SES177	0.582424	-41.6524	-42.2349
BLOCK17/SES177/SA177S28	SES177	0.619045	-42.2912	-42.9102
BLOCK18/SES180/SA180S13	SES180	0.413887	-43.2502	-43.6641
BLOCK18/SES180/SA180S15	SES180	0.448277	-43.4688	-43.9171
BLOCK18/SES180/SA180S24	SES180	0.617661	-41.9633	-42.5809
BLOCK18/SES180/SA180S26	SES180	0.847511	-42.5035	-43.3511
BLOCK18/SES180/SA180S29	SES180	0.884556	-43.2654	-44.1499
BLOCK18/SES183/SA183S13	SES183	0.763027	-43.8052	-44.5682
BLOCK18/SES183/SA183S14	SES183	0.408146	-43.9023	-44.3105
BLOCK18/SES183/SA183S24	SES183	1.2246	-43.3553	-44.5799
BLOCK18/SES183/SA183S27	SES183	0.98629	-43.0973	-44.0836
BLOCK18/SES183/SA183S29	SES183	1.07694	-42.7334	-43.8104
BLOCK18/SES187/SA187S13	SES187	0.936501	-43.9527	-44.8892
BLOCK18/SES187/SA187S14	SES187	0.602337	-43.7649	-44.3673
BLOCK18/SES187/SA187S24	SES187	1.10552	-43.0719	-44.1774
BLOCK18/SES187/SA187S27	SES187	1.34768	-42.5814	-43.9291
BLOCK18/SES187/SA187S29	SES187	0.872929	-43.58	-44.453
BLOCK18/SES189/SA189S10	SES189	1.18388	-44.8643	-46.0482
BLOCK18/SES189/SA189S13	SES189	1.39904	-45.2859	-46.6849
BLOCK18/SES189/SA189S24	SES189	1.53656	-43.9863	-45.5229
BLOCK18/SES189/SA189S26	SES189	0.918358	-44.1315	-45.0498
BLOCK18/SES189/SA189S29	SES189	1.6334	-43.8086	-45.442
BLOCK20/SES202/SA202S12	SES202	1.13075	-44.0354	-45.1662
BLOCK20/SES202/SA202S14	SES202	2.65382	-42.152	-44.8058
BLOCK20/SES202/SA202S24	SES202	1.61488	-43.049	-44.6638
BLOCK20/SES202/SA202S27	SES202	1.54569	-41.89	-43.4357
BLOCK20/SES202/SA202S29	SES202	2.0867	-41.8156	-43.9023
BLOCK20/SES206/SA206S15	SES206	0.0320091	-42.7089	-42.7409
BLOCK20/SES206/SA206S17	SES206	1.57349	-41.3265	-42.9
BLOCK20/SES206/SA206S24	SES206	1.68966	-41.2207	-42.9103
BLOCK20/SES206/SA206S27	SES206	1.57378	-42.0496	-43.6234
BLOCK20/SES206/SA206S29	SES206	1.34708	-41.2566	-42.6036
BLOCK22/SES226/SA226S12	SES226	1.30162	-43.0706	-44.3722
BLOCK22/SES226/SA226S13	SES226	-0.0962067	-43.9625	-43.8663
BLOCK22/SES226/SA226S20	SES226	1.18562	-43.1774	-44.363
BLOCK22/SES226/SA226S23	SES226	1.54229	-42.1918	-43.7341
BLOCK22/SES226/SA226S28	SES226	1.79701	-41.9556	-43.7526
BLOCK25/SES259/SA259S13	SES259	2.61359	-41.0645	-43.6781
BLOCK25/SES259/SA259S14	SES259	1.69647	-42.0066	-43.7031
BLOCK25/SES259/SA259S22	SES259	1.28028	-42.181	-43.4613
BLOCK25/SES259/SA259S24	SES259	1.6724	-41.383	-43.0554
BLOCK25/SES259/SA259S28	SES259	1.75335	-41.3482	-43.1016
BLOCK27/SES270/SA270S14	SES270	1.95586	-43.052	-45.0079
BLOCK27/SES270/SA270S16	SES270	0.874165	-43.0927	-43.9669
BLOCK27/SES270/SA270S22	SES270	2.2336	-41.9924	-44.226
BLOCK27/SES270/SA270S26	SES270	1.1102	-43.9395	-45.0497
BLOCK27/SES270/SA270S28	SES270	0.958458	-42.8387	-43.7972
BLOCK27/SES275/SA275S17	SES275	1.11782	-43.4694	-44.5872
BLOCK27/SES275/SA275S18	SES275	0.562	-43.314	-43.876
BLOCK27/SES275/SA275S24	SES275	0.519997	-44.5814	-45.1014
BLOCK27/SES275/SA275S26	SES275	0.967178	-42.7639	-43.731
BLOCK27/SES275/SA275S28	SES275	0.272976	-43.3021	-43.5751
BLOCK29/SES292/SA292S10	SES292	0.168854	-43.6887	-43.8576
BLOCK29/SES292/SA292S12	SES292	0.0219536	-44.2922	-44.3142
BLOCK29/SES292/SA292S22	SES292	0.771255	-42.4894	-43.2606
BLOCK29/SES292/SA292S24	SES292	0.262836	-43.0731	-43.336
BLOCK29/SES292/SA292S27	SES292	0.0525169	-42.8098	-42.8623
BLOCK00/SES001/SA001S14	SES062	-1.67804	-45.6995	-44.0214
BLOCK00/SES001/SA001S14	SES082	-2.11441	-46.1358	-44.0214
BLOCK00/SES001/SA001S14	SES106	-1.50496	-45.5264	-44.0214
BLOCK00/SES001/SA001S14	SES206	-1.99613	-46.0176	-44.0214
BLOCK00/SES001/SA001S15	SES062	-1.50539	-44.6246	-43.1192
BLOCK00/SES001/SA001S15	SES104	-2.3735	-45.4928	-43.1192
BLOCK00/SES001/SA001S15	SES106	-1.58387	-44.7031	-43.1192
BLOCK00/SES001/SA001S15	SES206	-1.93437	-45.0536	-43.1192
BLOCK00/SES001/SA001S24	SES062	-2.05312	-46.2984	-44.2453
BLOCK00/SES001/SA001S24	SES082	-2.75264	-46.998	-44.2453
BLOCK00/SES001/SA001S24	SES087	-2.4582	-46.7035	-44.2453
BLOCK00/SES001/SA001S24	SES206	-2.0977	-46.343	-44.2453
BLOCK00/SES001/SA001S27	SES062	-1.66978	-44.8495	-43.1798
BLOCK00/SES001/SA001S27	SES082	-2.88898	-46.0687	-43.1798
BLOCK00/SES001/SA001S27	SES087	-3.30435	-46.4841	-43.1798
BLOCK00/SES001/SA001S27	SES206	-3.12558	-46.3053	-43.1798
BLOCK00/SES001/SA001S29	SES062	-2.27794	-46.4063	-44.1284
BLOCK00/SES001/SA001S29	SES082	-1.70638	-45.8348	-44.1284
BLOCK00/SES001/SA001S29	SES158	-1.20022	-45.3286	-44.1284
BLOCK00/SES001/SA001S29	SES206	-3.05113	-47.1795	-44.1284
BLOCK00/SES003/SA003S11	SES002	-0.510284	-44.4574	-43.9471
BLOCK00/SES003/SA003S11	SES019	-1.09147	-45.0385	-43.9471
BLOCK00/SES003/SA003S11	SES082	0.351826	-43.5952	-43.9471
BLOCK00/SES003/SA003S11	SES125	-1.06097	-45.008	-43.9471
BLOCK00/SES003/SA003S15	SES016	-3.14903	-46.7359	-43.5869
BLOCK00/SES003/SA003S15	SES019	-0.944794	-44.5317	-43.5869
BLOCK00/SES003/SA003S15	SES062	-1.53902	-45.1259	-43.5869
BLOCK00/SES003/SA003S15	SES206	-1.23093	-44.8178	-43.5869
BLOCK00/SES003/SA003S22	SES002	-1.20825	-44.7163	-43.5081
BLOCK00/SES003/SA003S22	SES062	-1.22298	-44.731	-43.5081
BLOCK00/SES003/SA003S22	SES082	-0.596809	-44.1049	-43.5081
BLOCK00/SES003/SA003S22	SES087	-0.994339	-44.5024	-43.5081
BLOCK00/SES003/SA003S25	SES062	-2.60006	-46.6308	-44.0308
BLOCK00/SES003/SA003S25	SES082	-0.385612	-44.4164	-44.0308
BLOCK00/SES003/SA003S25	SES087	-0.638611	-44.6694	-44.0308
BLOCK00/SES003/SA003S25	SES206	-0.942703	-44.9735	-44.0308
BLOCK00/SES003/SA003S29	SES002	-1.09028	-45.116	-44.0257
BLOCK00/SES003/SA003S29	SES062	-1.99333	-46.0191	-44.0257
BLOCK00/SES003/SA003S29	SES082	-0.0721321	-44.0979	-44.0257
BLOCK00/SES003/SA003S29	SES087	-1.11355	-45.1393	-44.0257
BLOCK00/SES004/SA004S12	SES083	-2.58961	-46.842	-44.2524
BLOCK00/SES004/SA004S12	SES148	-2.43134	-46.6837	-44.2524
BLOCK00/SES004/SA004S12	SES172	-1.45923	-45.7116	-44.2524
BLOCK00/SES004/SA004S12	SES292	-2.42824	-46.6806	-44.2524
BLOCK00/SES004/SA004S17	SES083	-2.23292	-46.7071	-44.4741
BLOCK00/SES004/SA004S17	SES162	-1.16763	-45.6418	-44.4741
BLOCK00/SES004/SA004S17	SES172	-1.70845	-46.1826	-44.4741
BLOCK00/SES004/SA004S17	SES292	-2.23272	-46.7069	-44.4741
BLOCK00/SES004/SA004S24	SES083	-2.39121	-46.0926	-43.7014
BLOCK00/SES004/SA004S24	SES148	-1.85053	-45.552	-43.7014
BLOCK00/SES004/SA004S24	SES172	-1.14791	-44.8493	-43.7014
BLOCK00/SES004/SA004S24	SES292	-1.55449	-45.2559	-43.7014
BLOCK00/SES004/SA004S26	SES083	-1.99041	-45.7883	-43.7979
BLOCK00/SES004/SA004S26	SES127	-1.05906	-44.8569	-43.7979
BLOCK00/SES004/SA004S26	SES148	-2.57563	-46.3735	-43.7979
BLOCK00/SES004/SA004S26	SES292	-1.98441	-45.7823	-43.7979
BLOCK00/SES004/SA004S28	SES083	-2.51208	-45.7078	-43.1957
BLOCK00/SES004/SA004S28	SES127	-1.99445	-45.1902	-43.1957
BLOCK00/SES004/SA004S28	SES187	-1.17244	-44.3682	-43.1957
BLOCK00/SES004/SA004S28	SES292	-2.96511	-46.1608	-43.1957
BLOCK00/SES006/SA006S10	SES014	-2.4571	-48.6047	-46.1476
BLOCK00/SES006/SA006S10	SES158	-0.572437	-46.7201	-46.1476
BLOCK00/SES006/SA006S10	SES226	-2.46636	-48.614	-46.1476
BLOCK00/SES006/SA006S10	SES270	-0.263931	-46.4116	-46.1476
BLOCK00/SES006/SA006S11	SES158	-0.743828	-46.7154	-45.9716
BLOCK00/SES006/SA006S11	SES226	-1.75404	-47.7256	-45.9716
BLOCK00/SES006/SA006S11	SES270	-0.195175	-46.1667	-45.9716
BLOCK00/SES006/SA006S11	SES275	-2.84691	-48.8185	-45.9716
BLOCK00/SES006/SA006S23	SES062	-1.9776	-46.8854	-44.9078
BLOCK00/SES006/SA006S23	SES105	-1.72247	-46.6303	-44.9078
BLOCK00/SES006/SA006S23	SES158	-0.79792	-45.7058	-44.9078
BLOCK00/SES006/SA006S23	SES275	-1.97389	-46.8817	-44.9078
BLOCK00/SES006/SA006S26	SES104	-1.78222	-46.2313	-44.4491
BLOCK00/SES006/SA006S26	SES158	-0.0176201	-44.4667	-44.4491
BLOCK00/SES006/SA006S26	SES270	0.347431	-44.1016	-44.4491
BLOCK00/SES006/SA006S26	SES275	-2.57246	-47.0215	-44.4491
BLOCK00/SES006/SA006S28	SES007	-1.796	-47.2129	-45.4169
BLOCK00/SES006/SA006S28	SES105	-2.25884	-47.6758	-45.4169
BLOCK00/SES006/SA006S28	SES158	-0.940296	-46.3572	-45.4169
BLOCK00/SES006/SA006S28	SES275	-2.9169	-48.3338	-45.4169
BLOCK00/SES009/SA009S12	SES083	-1.90648	-45.4014	-43.4949
BLOCK00/SES009/SA009S12	SES148	-1.30718	-44.8021	-43.4949
BLOCK00/SES009/SA009S12	SES177	-1.65384	-45.1488	-43.4949
BLOCK00/SES009/SA009S12	SES292	-0.940285	-44.4352	-43.4949
BLOCK00/SES009/SA009S15	SES007	-0.267799	-42.9127	-42.6449
BLOCK00/SES009/SA009S15	SES099	-5.14801	-47.7929	-42.6449
BLOCK00/SES009/SA009S15	SES148	-2.16854	-44.8135	-42.6449
BLOCK00/SES009/SA009S15	SES172	-1.77249	-44.4174	-42.6449
BLOCK00/SES009/SA009S24	SES146	-1.00288	-44.0436	-43.0407
BLOCK00/SES009/SA009S24	SES148	-1.66235	-44.703	-43.0407
BLOCK00/SES009/SA009S24	SES177	-1.34428	-44.385	-43.0407
BLOCK00/SES009/SA009S24	SES292	-1.35511	-44.3958	-43.0407
BLOCK00/SES009/SA009S26	SES083	-2.37996	-45.8615	-43.4815
BLOCK00/SES009/SA009S26	SES101	-1.7941	-45.2756	-43.4815
BLOCK00/SES009/SA009S26	SES120	-1.27011	-44.7516	-43.4815
BLOCK00/SES009/SA009S26	SES177	-1.99196	-45.4735	-43.4815
BLOCK00/SES009/SA009S29	SES083	-1.65163	-44.6465	-42.9949
BLOCK00/SES009/SA009S29	SES101	-1.18574	-44.1806	-42.9949
BLOCK00/SES009/SA009S29	SES177	-1.37313	-44.368	-42.9949
BLOCK00/SES009/SA009S29	SES292	-1.32253	-44.3174	-42.9949
BLOCK01/SES011/SA011S10	SES019	-0.667358	-44.7628	-44.0954
BLOCK01/SES011/SA011S10	SES042	-0.0788765	-44.1743	-44.0954
BLOCK01/SES011/SA011S10	SES082	-2.00438	-46.0998	-44.0954
BLOCK01/SES011/SA011S10	SES206	-0.888992	-44.9844	-44.0954
BLOCK01/SES011/SA011S11	SES019	-0.999638	-45.7947	-44.7951
BLOCK01/SES011/SA011S11	SES042	-0.247494	-45.0426	-44.7951
BLOCK01/SES011/SA011S11	SES082	-2.14114	-46.9362	-44.7951
BLOCK01/SES011/SA011S11	SES206	-0.368431	-45.1635	-44.7951
BLOCK01/SES011/SA011S22	SES019	-0.111801	-44.5437	-44.4319
BLOCK01/SES011/SA011S22	SES042	0.0862808	-44.3456	-44.4319
BLOCK01/SES011/SA011S22	SES082	-1.63521	-46.0671	-44.4319
BLOCK01/SES011/SA011S22	SES206	-0.645733	-45.0777	-44.4319
BLOCK01/SES011/SA011S24	SES019	-0.587471	-44.5762	-43.9887
BLOCK01/SES011/SA011S24	SES042	-0.126789	-44.1155	-43.9887
BLOCK01/SES011/SA011S24	SES104	-1.03376	-45.0225	-43.9887
BLOCK01/SES011/SA011S24	SES206	-0.0615654	-44.0503	-43.9887
BLOCK01/SES011/SA011S27	SES082	0.261005	-43.4623	-43.7233
BLOCK01/SES011/SA011S27	SES087	-1.06789	-44.7912	-43.7233
BLOCK01/SES011/SA011S27	SES125	-0.406506	-44.1298	-43.7233
BLOCK01/SES011/SA011S27	SES206	-0.115036	-43.8384	-43.7233
BLOCK01/SES012/SA012S11	SES007	-1.55067	-44.1748	-42.6241
BLOCK01/SES012/SA012S11	SES082	-1.42142	-44.0455	-42.6241
BLOCK01/SES012/SA012S11	SES083	-2.03037	-44.6545	-42.6241
BLOCK01/SES012/SA012S11	SES206	-0.918491	-43.5426	-42.6241
BLOCK01/SES012/SA012S14	SES082	-1.11895	-44.4882	-43.3692
BLOCK01/SES012/SA012S14	SES087	-1.83226	-45.2015	-43.3692
BLOCK01/SES012/SA012S14	SES206	-0.968182	-44.3374	-43.3692
BLOCK01/SES012/SA012S14	SES292	-2.50298	-45.8722	-43.3692
BLOCK01/SES012/SA012S24	SES082	0.205528	-44.1861	-44.3916
BLOCK01/SES012/SA012S24	SES087	-1.10875	-45.5003	-44.3916
BLOCK01/SES012/SA012S24	SES120	-4.02506	-48.4167	-44.3916
BLOCK01/SES012/SA012S24	SES206	-0.376545	-44.7681	-44.3916
BLOCK01/SES012/SA012S26	SES019	-2.13742	-45.6027	-43.4653
BLOCK01/SES012/SA012S26	SES082	-1.80601	-45.2713	-43.4653
BLOCK01/SES012/SA012S26	SES206	-0.271267	-43.7365	-43.4653
BLOCK01/SES012/SA012S26	SES292	-2.08942	-45.5547	-43.4653
BLOCK01/SES012/SA012S29	SES062	-1.38003	-44.4586	-43.0786
BLOCK01/SES012/SA012S29	SES082	-0.776638	-43.8552	-43.0786
BLOCK01/SES012/SA012S29	SES083	-2.11083	-45.1894	-43.0786
BLOCK01/SES012/SA012S29	SES206	-1.22756	-44.3061	-43.0786
BLOCK01/SES013/SA013S16	SES062	-2.78793	-46.4903	-43.7024
BLOCK01/SES013/SA013S16	SES106	-0.751087	-44.4534	-43.7024
BLOCK01/SES013/SA013S16	SES206	-1.25813	-44.9605	-43.7024
BLOCK01/SES013/SA013S16	SES226	-0.305252	-44.0076	-43.7024
BLOCK01/SES013/SA013S17	SES062	-2.33871	-45.3278	-42.9891
BLOCK01/SES013/SA013S17	SES106	-1.28475	-44.2738	-42.9891
BLOCK01/SES013/SA013S17	SES206	-0.476723	-43.4658	-42.9891
BLOCK01/SES013/SA013S17	SES226	0.142151	-42.8469	-42.9891
BLOCK01/SES013/SA013S23	SES104	-1.29072	-45.2212	-43.9305
BLOCK01/SES013/SA013S23	SES106	-0.309814	-44.2403	-43.9305
BLOCK01/SES013/SA013S23	SES206	-1.08859	-45.0191	-43.9305
BLOCK01/SES013/SA013S23	SES270	-0.306763	-44.2373	-43.9305
BLOCK01/SES013/SA013S25	SES042	-1.05469	-44.3548	-43.3001
BLOCK01/SES013/SA013S25	SES104	-0.740463	-44.0405	-43.3001
BLOCK01/SES013/SA013S25	SES106	-0.437675	-43.7378	-43.3001
BLOCK01/SES013/SA013S25	SES206	-1.08748	-44.3876	-43.3001
BLOCK01/SES013/SA013S29	SES062	-2.92824	-46.524	-43.5957
BLOCK01/SES013/SA013S29	SES104	-1.51253	-45.1083	-43.5957
BLOCK01/SES013/SA013S29	SES106	-0.447102	-44.0428	-43.5957
BLOCK01/SES013/SA013S29	SES206	-1.54667	-45.1424	-43.5957
BLOCK02/SES021/SA021S13	SES016	-3.34784	-46.3981	-43.0503
BLOCK02/SES021/SA021S13	SES029	-2.33538	-45.3856	-43.0503
BLOCK02/SES021/SA021S13	SES087	-1.45089	-44.5011	-43.0503
BLOCK02/SES021/SA021S13	SES206	-0.11171	-43.162	-43.0503
BLOCK02/SES021/SA021S15	SES087	-0.651466	-42.6058	-41.9543
BLOCK02/SES021/SA021S15	SES125	-0.472706	-42.427	-41.9543
BLOCK02/SES021/SA021S15	SES206	0.0949211	-41.8594	-41.9543
BLOCK02/SES021/SA021S15	SES226	-1.60031	-43.5546	-41.9543
BLOCK02/SES021/SA021S23	SES062	-2.54551	-46.5064	-43.9608
BLOCK02/SES021/SA021S23	SES087	-1.38808	-45.3489	-43.9608
BLOCK02/SES021/SA021S23	SES206	-1.1492	-45.1101	-43.9608
BLOCK02/SES021/SA021S23	SES226	-0.825237	-44.7861	-43.9608
BLOCK02/SES021/SA021S27	SES002	-1.04533	-43.8138	-42.7685
BLOCK02/SES021/SA021S27	SES016	-3.60699	-46.3755	-42.7685
BLOCK02/SES021/SA021S27	SES019	-1.9992	-44.7677	-42.7685
BLOCK02/SES021/SA021S27	SES062	-1.21035	-43.9788	-42.7685
BLOCK02/SES021/SA021S29	SES087	-1.14376	-43.6095	-42.4658
BLOCK02/SES021/SA021S29	SES125	-0.805824	-43.2716	-42.4658
BLOCK02/SES021/SA021S29	SES206	-0.742966	-43.2087	-42.4658
BLOCK02/SES021/SA021S29	SES226	-0.956524	-43.4223	-42.4658
BLOCK04/SES043/SA043S09	SES083	-1.98266	-46.8052	-44.8225
BLOCK04/SES043/SA043S09	SES101	-2.53409	-47.3566	-44.8225
BLOCK04/SES043/SA043S09	SES144	-0.433872	-45.2564	-44.8225
BLOCK04/SES043/SA043S09	SES172	-3.32339	-48.1459	-44.8225
BLOCK04/SES043/SA043S11	SES083	-0.956787	-44.3683	-43.4115
BLOCK04/SES043/SA043S11	SES101	-1.68361	-45.0951	-43.4115
BLOCK04/SES043/SA043S11	SES144	-0.66988	-44.0813	-43.4115
BLOCK04/SES043/SA043S11	SES172	-1.58313	-44.9946	-43.4115
BLOCK04/SES043/SA043S23	SES083	-1.24838	-45.3209	-44.0725
BLOCK04/SES043/SA043S23	SES144	-0.0768242	-44.1493	-44.0725
BLOCK04/SES043/SA043S23	SES177	-2.62325	-46.6957	-44.0725
BLOCK04/SES043/SA043S23	SES275	-0.587208	-44.6597	-44.0725
BLOCK04/SES043/SA043S26	SES083	-0.602589	-44.7905	-44.1879
BLOCK04/SES043/SA043S26	SES101	-1.47443	-45.6623	-44.1879
BLOCK04/SES043/SA043S26	SES144	-0.360546	-44.5484	-44.1879
BLOCK04/SES043/SA043S26	SES177	-1.47675	-45.6646	-44.1879
BLOCK04/SES043/SA043S28	SES016	-1.54866	-44.994	-43.4454
BLOCK04/SES043/SA043S28	SES083	-0.906834	-44.3522	-43.4454
BLOCK04/SES043/SA043S28	SES101	-0.942516	-44.3879	-43.4454
BLOCK04/SES043/SA043S28	SES144	-0.69725	-44.1426	-43.4454
BLOCK04/SES044/SA044S10	SES127	-2.12731	-48.8893	-46.762
BLOCK04/SES044/SA044S10	SES144	-0.433456	-47.1954	-46.762
BLOCK04/SES044/SA044S10	SES147	-2.66484	-49.4268	-46.762
BLOCK04/SES044/SA044S10	SES148	-3.19358	-49.9556	-46.762
BLOCK04/SES044/SA044S11	SES101	-1.85663	-47.3509	-45.4942
BLOCK04/SES044/SA044S11	SES144	-0.224518	-45.7188	-45.4942
BLOCK04/SES044/SA044S11	SES147	-2.48907	-47.9833	-45.4942
BLOCK04/SES044/SA044S11	SES177	-2.32246	-47.8167	-45.4942
BLOCK04/SES044/SA044S24	SES007	-2.0261	-47.2306	-45.2045
BLOCK04/SES044/SA044S24	SES101	-1.07947	-46.2839	-45.2045
BLOCK04/SES044/SA044S24	SES147	-1.98861	-47.1931	-45.2045
BLOCK04/SES044/SA044S24	SES177	-1.62151	-46.826	-45.2045
BLOCK04/SES044/SA044S26	SES007	-1.67102	-46.3417	-44.6707
BLOCK04/SES044/SA044S26	SES016	-0.923542	-45.5942	-44.6707
BLOCK04/SES044/SA044S26	SES101	-1.03571	-45.7064	-44.6707
BLOCK04/SES044/SA044S26	SES147	-1.18627	-45.857	-44.6707
BLOCK04/SES044/SA044S29	SES007	-1.85385	-45.5369	-43.6831
BLOCK04/SES044/SA044S29	SES101	-0.900845	-44.5839	-43.6831
BLOCK04/SES044/SA044S29	SES147	-2.50713	-46.1902	-43.6831
BLOCK04/SES044/SA044S29	SES177	-1.69066	-45.3738	-43.6831
BLOCK04/SES046/SA046S13	SES101	-2.86374	-47.6704	-44.8067
BLOCK04/SES046/SA046S13	SES144	-0.762169	-45.5688	-44.8067
BLOCK04/SES046/SA046S13	SES147	-3.08523	-47.8919	-44.8067
BLOCK04/SES046/SA046S13	SES177	-1.65381	-46.4605	-44.8067
BLOCK04/SES046/SA046S15	SES048	-2.50476	-45.8996	-43.3948
BLOCK04/SES046/SA046S15	SES083	-1.00081	-44.3956	-43.3948
BLOCK04/SES046/SA046S15	SES120	-2.966	-46.3608	-43.3948
BLOCK04/SES046/SA046S15	SES148	-1.10296	-44.4978	-43.3948
BLOCK04/SES046/SA046S22	SES101	-1.24536	-45.5547	-44.3093
BLOCK04/SES046/SA046S22	SES144	-1.01508	-45.3244	-44.3093
BLOCK04/SES046/SA046S22	SES147	-3.23302	-47.5423	-44.3093
BLOCK04/SES046/SA046S22	SES172	-1.28294	-45.5923	-44.3093
BLOCK04/SES046/SA046S25	SES083	-1.62702	-45.5094	-43.8824
BLOCK04/SES046/SA046S25	SES127	-1.66541	-45.5478	-43.8824
BLOCK04/SES046/SA046S25	SES144	-1.44511	-45.3275	-43.8824
BLOCK04/SES046/SA046S25	SES148	-1.24259	-45.125	-43.8824
BLOCK04/SES046/SA046S28	SES007	-2.35843	-47.2246	-44.8661
BLOCK04/SES046/SA046S28	SES105	-2.07838	-46.9445	-44.8661
BLOCK04/SES046/SA046S28	SES147	-2.29796	-47.1641	-44.8661
BLOCK04/SES046/SA046S28	SES148	-2.03308	-46.8992	-44.8661
BLOCK04/SES049/SA049S16	SES104	-1.12234	-46.0014	-44.8791
BLOCK04/SES049/SA049S16	SES106	-0.895092	-45.7742	-44.8791
BLOCK04/SES049/SA049S16	SES120	-3.2763	-48.1554	-44.8791
BLOCK04/SES049/SA049S16	SES206	-1.01304	-45.8921	-44.8791
BLOCK04/SES049/SA049S18	SES099	0.0789948	-45.7441	-45.8231
BLOCK04/SES049/SA049S18	SES104	-1.56105	-47.3842	-45.8231
BLOCK04/SES049/SA049S18	SES125	-1.94495	-47.7681	-45.8231
BLOCK04/SES049/SA049S18	SES206	-1.38047	-47.2036	-45.8231
BLOCK04/SES049/SA049S25	SES087	-0.534729	-45.1653	-44.6306
BLOCK04/SES049/SA049S25	SES104	-0.808811	-45.4394	-44.6306
BLOCK04/SES049/SA049S25	SES125	-1.32225	-45.9529	-44.6306
BLOCK04/SES049/SA049S25	SES206	-0.537392	-45.168	-44.6306
BLOCK04/SES049/SA049S27	SES099	-0.17976	-44.3047	-44.1249
BLOCK04/SES049/SA049S27	SES104	-0.309277	-44.4342	-44.1249
BLOCK04/SES049/SA049S27	SES125	-1.30336	-45.4283	-44.1249
BLOCK04/SES049/SA049S27	SES206	-0.595413	-44.7203	-44.1249
BLOCK04/SES049/SA049S29	SES099	0.42284	-42.7193	-43.1422
BLOCK04/SES049/SA049S29	SES104	0.143955	-42.9982	-43.1422
BLOCK04/SES049/SA049S29	SES125	-0.628304	-43.7705	-43.1422
BLOCK04/SES049/SA049S29	SES206	-0.0268097	-43.169	-43.1422
BLOCK06/SES063/SA063S09	SES068	-2.07492	-45.844	-43.7691
BLOCK06/SES063/SA063S09	SES083	-1.05853	-44.8276	-43.7691
BLOCK06/SES063/SA063S09	SES177	-1.42707	-45.1962	-43.7691
BLOCK06/SES063/SA063S09	SES187	-1.73384	-45.5029	-43.7691
BLOCK06/SES063/SA063S10	SES068	-1.87042	-46.3022	-44.4317
BLOCK06/SES063/SA063S10	SES083	-0.624695	-45.0564	-44.4317
BLOCK06/SES063/SA063S10	SES172	-0.933094	-45.3648	-44.4317
BLOCK06/SES063/SA063S10	SES187	-1.12955	-45.5613	-44.4317
BLOCK06/SES063/SA063S20	SES068	-2.30347	-46.3654	-44.062
BLOCK06/SES063/SA063S20	SES083	-1.45713	-45.5191	-44.062
BLOCK06/SES063/SA063S20	SES172	-1.02398	-45.0859	-44.062
BLOCK06/SES063/SA063S20	SES187	-0.914135	-44.9761	-44.062
BLOCK06/SES063/SA063S24	SES029	-2.57791	-46.1244	-43.5464
BLOCK06/SES063/SA063S24	SES083	-0.253613	-43.8001	-43.5464
BLOCK06/SES063/SA063S24	SES177	-0.834225	-44.3807	-43.5464
BLOCK06/SES063/SA063S24	SES189	-1.15532	-44.7018	-43.5464
BLOCK06/SES063/SA063S27	SES083	-0.191456	-45.1687	-44.9772
BLOCK06/SES063/SA063S27	SES172	-0.679974	-45.6572	-44.9772
BLOCK06/SES063/SA063S27	SES187	-1.52911	-46.5063	-44.9772
BLOCK06/SES063/SA063S27	SES292	-2.1478	-47.125	-44.9772
BLOCK06/SES067/SA067S12	SES083	-2.26129	-46.0821	-43.8208
BLOCK06/SES067/SA067S12	SES172	-2.67315	-46.494	-43.8208
BLOCK06/SES067/SA067S12	SES202	0.0886688	-43.7322	-43.8208
BLOCK06/SES067/SA067S12	SES292	-1.67173	-45.4926	-43.8208
BLOCK06/SES067/SA067S14	SES085	-1.33541	-44.6715	-43.3361
BLOCK06/SES067/SA067S14	SES177	-1.34147	-44.6776	-43.3361
BLOCK06/SES067/SA067S14	SES183	-1.5809	-44.917	-43.3361
BLOCK06/SES067/SA067S14	SES202	-0.371887	-43.708	-43.3361
BLOCK06/SES067/SA067S21	SES144	-0.851532	-45.4563	-44.6048
BLOCK06/SES067/SA067S21	SES177	-1.26114	-45.8659	-44.6048
BLOCK06/SES067/SA067S21	SES183	-4.49208	-49.0969	-44.6048
BLOCK06/SES067/SA067S21	SES189	-0.705627	-45.3104	-44.6048
BLOCK06/SES067/SA067S25	SES085	-0.993507	-44.9907	-43.9972
BLOCK06/SES067/SA067S25	SES177	-1.59958	-45.5967	-43.9972
BLOCK06/SES067/SA067S25	SES183	-1.34549	-45.3426	-43.9972
BLOCK06/SES067/SA067S25	SES202	-0.702152	-44.6993	-43.9972
BLOCK06/SES067/SA067S29	SES085	-1.15744	-44.9464	-43.7889
BLOCK06/SES067/SA067S29	SES177	-1.53213	-45.321	-43.7889
BLOCK06/SES067/SA067S29	SES183	-1.06691	-44.8558	-43.7889
BLOCK06/SES067/SA067S29	SES202	0.398037	-43.3909	-43.7889
BLOCK06/SES069/SA069S12	SES029	-2.56611	-45.8652	-43.2991
BLOCK06/SES069/SA069S12	SES082	-0.884052	-44.1831	-43.2991
BLOCK06/SES069/SA069S12	SES087	-1.69233	-44.9914	-43.2991
BLOCK06/SES069/SA069S12	SES206	-0.976166	-44.2753	-43.2991
BLOCK06/SES069/SA069S13	SES029	-2.63946	-46.1391	-43.4997
BLOCK06/SES069/SA069S13	SES087	-2.20023	-45.6999	-43.4997
BLOCK06/SES069/SA069S13	SES206	-1.90954	-45.4092	-43.4997
BLOCK06/SES069/SA069S13	SES226	-1.32924	-44.8289	-43.4997
BLOCK06/SES069/SA069S23	SES029	-1.6079	-43.7226	-42.1147
BLOCK06/SES069/SA069S23	SES087	-1.5976	-43.7123	-42.1147
BLOCK06/SES069/SA069S23	SES206	-1.19979	-43.3145	-42.1147
BLOCK06/SES069/SA069S23	SES226	-1.012	-43.1267	-42.1147
BLOCK06/SES069/SA069S25	SES087	-1.59367	-44.193	-42.5993
BLOCK06/SES069/SA069S25	SES206	-2.02715	-44.6265	-42.5993
BLOCK06/SES069/SA069S25	SES226	-0.99287	-43.5922	-42.5993
BLOCK06/SES069/SA069S25	SES270	-0.796345	-43.3957	-42.5993
BLOCK06/SES069/SA069S27	SES087	-1.93093	-44.5756	-42.6447
BLOCK06/SES069/SA069S27	SES206	-0.324268	-42.969	-42.6447
BLOCK06/SES069/SA069S27	SES226	-0.487122	-43.1318	-42.6447
BLOCK06/SES069/SA069S27	SES270	-0.328907	-42.9736	-42.6447
BLOCK08/SES081/SA081S11	SES060	-1.64043	-45.2865	-43.646
BLOCK08/SES081/SA081S11	SES062	-4.06425	-47.7103	-43.646
BLOCK08/SES081/SA081S11	SES117	-2.84725	-46.4933	-43.646
BLOCK08/SES081/SA081S11	SES162	-2.12613	-45.7722	-43.646
BLOCK08/SES081/SA081S13	SES016	-1.31202	-44.2572	-42.9452
BLOCK08/SES081/SA081S13	SES060	-0.43718	-43.3824	-42.9452
BLOCK08/SES081/SA081S13	SES068	-0.507095	-43.4523	-42.9452
BLOCK08/SES081/SA081S13	SES129	-2.02729	-44.9725	-42.9452
BLOCK08/SES081/SA081S24	SES060	-0.876492	-44.1043	-43.2278
BLOCK08/SES081/SA081S24	SES068	-1.04501	-44.2728	-43.2278
BLOCK08/SES081/SA081S24	SES117	-1.90968	-45.1375	-43.2278
BLOCK08/SES081/SA081S24	SES275	-2.28433	-45.5121	-43.2278
BLOCK08/SES081/SA081S27	SES007	-0.772472	-44.2846	-43.5121
BLOCK08/SES081/SA081S27	SES060	-1.78519	-45.2973	-43.5121
BLOCK08/SES081/SA081S27	SES117	-0.92738	-44.4395	-43.5121
BLOCK08/SES081/SA081S27	SES275	-2.01249	-45.5246	-43.5121
BLOCK08/SES081/SA081S29	SES007	-1.33514	-44.4902	-43.1551
BLOCK08/SES081/SA081S29	SES060	-1.18595	-44.341	-43.1551
BLOCK08/SES081/SA081S29	SES117	-1.30126	-44.4563	-43.1551
BLOCK08/SES081/SA081S29	SES275	-2.33788	-45.493	-43.1551
BLOCK08/SES086/SA086S11	SES029	-4.59509	-49.8857	-45.2906
BLOCK08/SES086/SA086S11	SES082	-2.01405	-47.3046	-45.2906
BLOCK08/SES086/SA086S11	SES087	-0.804604	-46.0952	-45.2906
BLOCK08/SES086/SA086S11	SES206	-2.1047	-47.3953	-45.2906
BLOCK08/SES086/SA086S12	SES029	-4.63192	-49.3587	-44.7268
BLOCK08/SES086/SA086S12	SES082	-2.05551	-46.7823	-44.7268
BLOCK08/SES086/SA086S12	SES087	-0.118599	-44.8454	-44.7268
BLOCK08/SES086/SA086S12	SES206	-1.44622	-46.173	-44.7268
BLOCK08/SES086/SA086S20	SES029	-3.82123	-47.1634	-43.3422
BLOCK08/SES086/SA086S20	SES082	-1.73284	-45.075	-43.3422
BLOCK08/SES086/SA086S20	SES087	0.200745	-43.1414	-43.3422
BLOCK08/SES086/SA086S20	SES206	-0.14814	-43.4903	-43.3422
BLOCK08/SES086/SA086S24	SES087	-0.154392	-44.4984	-44.344
BLOCK08/SES086/SA086S24	SES104	-1.50866	-45.8527	-44.344
BLOCK08/SES086/SA086S24	SES120	-3.64366	-47.9877	-44.344
BLOCK08/SES086/SA086S24	SES206	-0.43203	-44.776	-44.344
BLOCK08/SES086/SA086S28	SES029	-3.18708	-46.5549	-43.3679
BLOCK08/SES086/SA086S28	SES082	-1.82847	-45.1963	-43.3679
BLOCK08/SES086/SA086S28	SES087	-0.0368462	-43.4047	-43.3679
BLOCK08/SES086/SA086S28	SES206	-0.797417	-44.1653	-43.3679
BLOCK08/SES089/SA089S13	SES087	-1.61938	-45.554	-43.9346
BLOCK08/SES089/SA089S13	SES206	-1.68648	-45.6211	-43.9346
BLOCK08/SES089/SA089S13	SES226	-1.36401	-45.2986	-43.9346
BLOCK08/SES089/SA089S13	SES270	-2.13687	-46.0715	-43.9346
BLOCK08/SES089/SA089S14	SES062	-1.65786	-45.4105	-43.7526
BLOCK08/SES089/SA089S14	SES087	-0.0763702	-43.829	-43.7526
BLOCK08/SES089/SA089S14	SES206	-0.314976	-44.0676	-43.7526
BLOCK08/SES089/SA089S14	SES226	-0.690147	-44.4428	-43.7526
BLOCK08/SES089/SA089S23	SES087	-0.769531	-45.2374	-44.4679
BLOCK08/SES089/SA089S23	SES206	-0.282028	-44.7499	-44.4679
BLOCK08/SES089/SA089S23	SES226	-0.779373	-45.2473	-44.4679
BLOCK08/SES089/SA089S23	SES270	-1.69175	-46.1596	-44.4679
BLOCK08/SES089/SA089S25	SES062	-2.01274	-45.5709	-43.5582
BLOCK08/SES089/SA089S25	SES087	-0.0213623	-43.5796	-43.5582
BLOCK08/SES089/SA089S25	SES206	-0.778603	-44.3368	-43.5582
BLOCK08/SES089/SA089S25	SES226	-0.922565	-44.4808	-43.5582
BLOCK08/SES089/SA089S28	SES062	-1.64169	-45.2954	-43.6537
BLOCK08/SES089/SA089S28	SES087	-0.279949	-43.9337	-43.6537
BLOCK08/SES089/SA089S28	SES206	0.107738	-43.546	-43.6537
BLOCK08/SES089/SA089S28	SES226	-0.653122	-44.3069	-43.6537
BLOCK09/SES097/SA097S11	SES099	-0.0328903	-44.4617	-44.4288
BLOCK09/SES097/SA097S11	SES125	-2.37262	-46.8014	-44.4288
BLOCK09/SES097/SA097S11	SES206	-1.58204	-46.0108	-44.4288
BLOCK09/SES097/SA097S11	SES226	-0.228863	-44.6576	-44.4288
BLOCK09/SES097/SA097S14	SES062	-2.06482	-45.9747	-43.9099
BLOCK09/SES097/SA097S14	SES099	-0.429855	-44.3397	-43.9099
BLOCK09/SES097/SA097S14	SES104	-1.22273	-45.1326	-43.9099
BLOCK09/SES097/SA097S14	SES206	-1.42892	-45.3388	-43.9099
BLOCK09/SES097/SA097S22	SES099	0.479904	-43.7049	-44.1848
BLOCK09/SES097/SA097S22	SES206	-1.22278	-45.4076	-44.1848
BLOCK09/SES097/SA097S22	SES226	-1.11198	-45.2968	-44.1848
BLOCK09/SES097/SA097S22	SES270	0.0881577	-44.0966	-44.1848
BLOCK09/SES097/SA097S26	SES099	0.411873	-43.2155	-43.6273
BLOCK09/SES097/SA097S26	SES120	-2.77002	-46.3974	-43.6273
BLOCK09/SES097/SA097S26	SES206	-0.955505	-44.5828	-43.6273
BLOCK09/SES097/SA097S26	SES226	-1.04902	-44.6764	-43.6273
BLOCK09/SES097/SA097S28	SES099	-0.420116	-44.4107	-43.9906
BLOCK09/SES097/SA097S28	SES120	-2.72984	-46.7204	-43.9906
BLOCK09/SES097/SA097S28	SES206	-1.97629	-45.9669	-43.9906
BLOCK09/SES097/SA097S28	SES226	-1.52635	-45.5169	-43.9906
BLOCK09/SES098/SA098S11	SES127	-2.6171	-47.5047	-44.8876
BLOCK09/SES098/SA098S11	SES144	-1.4369	-46.3245	-44.8876
BLOCK09/SES098/SA098S11	SES147	-1.02685	-45.9145	-44.8876
BLOCK09/SES098/SA098S11	SES148	-2.92658	-47.8142	-44.8876
BLOCK09/SES098/SA098S12	SES127	-4.31802	-50.7876	-46.4696
BLOCK09/SES098/SA098S12	SES144	-1.60954	-48.0791	-46.4696
BLOCK09/SES098/SA098S12	SES147	-2.47163	-48.9412	-46.4696
BLOCK09/SES098/SA098S12	SES189	-1.38911	-47.8587	-46.4696
BLOCK09/SES098/SA098S20	SES127	-3.89867	-49.303	-45.4044
BLOCK09/SES098/SA098S20	SES147	-1.74907	-47.1534	-45.4044
BLOCK09/SES098/SA098S20	SES148	-3.89164	-49.296	-45.4044
BLOCK09/SES098/SA098S20	SES292	-4.90905	-50.3134	-45.4044
BLOCK09/SES098/SA098S23	SES127	-1.86165	-47.0232	-45.1615
BLOCK09/SES098/SA098S23	SES147	-1.24764	-46.4092	-45.1615
BLOCK09/SES098/SA098S23	SES187	-0.918282	-46.0798	-45.1615
BLOCK09/SES098/SA098S23	SES292	-2.5706	-47.7321	-45.1615
BLOCK09/SES098/SA098S27	SES127	-3.20374	-48.4729	-45.2692
BLOCK09/SES098/SA098S27	SES147	-2.27827	-47.5475	-45.2692
BLOCK09/SES098/SA098S27	SES148	-3.37362	-48.6428	-45.2692
BLOCK09/SES098/SA098S27	SES292	-3.55174	-48.8209	-45.2692
BLOCK10/SES102/SA102S13	SES101	-0.254055	-45.3583	-45.1043
BLOCK10/SES102/SA102S13	SES105	-1.80829	-46.9126	-45.1043
BLOCK10/SES102/SA102S13	SES120	-1.65931	-46.7636	-45.1043
BLOCK10/SES102/SA102S13	SES158	-5.64822	-50.7525	-45.1043
BLOCK10/SES102/SA102S14	SES007	-0.672184	-44.1589	-43.4867
BLOCK10/SES102/SA102S14	SES101	-0.5359	-44.0226	-43.4867
BLOCK10/SES102/SA102S14	SES105	-0.832245	-44.3189	-43.4867
BLOCK10/SES102/SA102S14	SES147	-1.87176	-45.3585	-43.4867
BLOCK10/SES102/SA102S22	SES007	-1.28265	-44.8651	-43.5824
BLOCK10/SES102/SA102S22	SES101	-0.359112	-43.9415	-43.5824
BLOCK10/SES102/SA102S22	SES105	-0.79504	-44.3775	-43.5824
BLOCK10/SES102/SA102S22	SES158	-3.79948	-47.3819	-43.5824
BLOCK10/SES102/SA102S25	SES007	-0.832603	-44.564	-43.7314
BLOCK10/SES102/SA102S25	SES101	-0.433891	-44.1653	-43.7314
BLOCK10/SES102/SA102S25	SES105	-0.873966	-44.6053	-43.7314
BLOCK10/SES102/SA102S25	SES147	-2.65177	-46.3831	-43.7314
BLOCK10/SES102/SA102S27	SES007	-1.42944	-45.5982	-44.1688
BLOCK10/SES102/SA102S27	SES101	-0.595997	-44.7648	-44.1688
BLOCK10/SES102/SA102S27	SES105	-1.10437	-45.2731	-44.1688
BLOCK10/SES102/SA102S27	SES147	-1.80454	-45.9733	-44.1688
BLOCK10/SES103/SA103S14	SES105	-2.15944	-47.4798	-45.3204
BLOCK10/SES103/SA103S14	SES106	-0.819344	-46.1397	-45.3204
BLOCK10/SES103/SA103S14	SES120	-3.23049	-48.5508	-45.3204
BLOCK10/SES103/SA103S14	SES206	-1.47067	-46.791	-45.3204
BLOCK10/SES103/SA103S15	SES099	-0.614349	-46.5977	-45.9834
BLOCK10/SES103/SA103S15	SES101	-3.40731	-49.3907	-45.9834
BLOCK10/SES103/SA103S15	SES104	-0.941917	-46.9253	-45.9834
BLOCK10/SES103/SA103S15	SES125	-0.982319	-46.9657	-45.9834
BLOCK10/SES103/SA103S24	SES104	-0.891972	-45.437	-44.5451
BLOCK10/SES103/SA103S24	SES125	-0.912369	-45.4574	-44.5451
BLOCK10/SES103/SA103S24	SES148	-2.90115	-47.4462	-44.5451
BLOCK10/SES103/SA103S24	SES158	-0.36755	-44.9126	-44.5451
BLOCK10/SES103/SA103S26	SES104	-1.20177	-46.4168	-45.215
BLOCK10/SES103/SA103S26	SES106	-0.817131	-46.0322	-45.215
BLOCK10/SES103/SA103S26	SES125	-1.11152	-46.3265	-45.215
BLOCK10/SES103/SA103S26	SES148	-3.40339	-48.6184	-45.215
BLOCK10/SES103/SA103S28	SES104	-1.95401	-47.6179	-45.6639
BLOCK10/SES103/SA103S28	SES106	-1.34234	-47.0063	-45.6639
BLOCK10/SES103/SA103S28	SES125	-1.8629	-47.5268	-45.6639
BLOCK10/SES103/SA103S28	SES206	-2.33084	-47.9948	-45.6639
BLOCK12/SES121/SA121S12	SES042	-1.39553	-47.6089	-46.2134
BLOCK12/SES121/SA121S12	SES087	-1.21416	-47.4275	-46.2134
BLOCK12/SES121/SA121S12	SES105	-1.45911	-47.6725	-46.2134
BLOCK12/SES121/SA121S12	SES206	-1.09878	-47.3122	-46.2134
BLOCK12/SES121/SA121S14	SES007	-2.71749	-49.4725	-46.7551
BLOCK12/SES121/SA121S14	SES105	-2.30527	-49.0603	-46.7551
BLOCK12/SES121/SA121S14	SES106	-1.25478	-48.0098	-46.7551
BLOCK12/SES121/SA121S14	SES206	-1.83671	-48.5918	-46.7551
BLOCK12/SES121/SA121S23	SES105	-2.5012	-49.4044	-46.9032
BLOCK12/SES121/SA121S23	SES106	-0.709435	-47.6126	-46.9032
BLOCK12/SES121/SA121S23	SES120	-3.12188	-50.0251	-46.9032
BLOCK12/SES121/SA121S23	SES206	-1.49214	-48.3953	-46.9032
BLOCK12/SES121/SA121S25	SES007	-2.18267	-49.5855	-47.4028
BLOCK12/SES121/SA121S25	SES105	-2.50071	-49.9035	-47.4028
BLOCK12/SES121/SA121S25	SES106	-1.51126	-48.9141	-47.4028
BLOCK12/SES121/SA121S25	SES206	-2.17348	-49.5763	-47.4028
BLOCK12/SES121/SA121S27	SES087	-0.295525	-45.9915	-45.696
BLOCK12/SES121/SA121S27	SES105	-3.60346	-49.2994	-45.696
BLOCK12/SES121/SA121S27	SES120	-2.64054	-48.3365	-45.696
BLOCK12/SES121/SA121S27	SES206	-1.37644	-47.0724	-45.696
BLOCK12/SES124/SA124S16	SES042	-0.320473	-44.2179	-43.8974
BLOCK12/SES124/SA124S16	SES082	-0.526329	-44.4237	-43.8974
BLOCK12/SES124/SA124S16	SES183	-3.74048	-47.6379	-43.8974
BLOCK12/SES124/SA124S16	SES206	-0.944885	-44.8423	-43.8974
BLOCK12/SES124/SA124S17	SES105	-2.03742	-47.0601	-45.0226
BLOCK12/SES124/SA124S17	SES149	-1.89031	-46.9129	-45.0226
BLOCK12/SES124/SA124S17	SES158	-2.14422	-47.1668	-45.0226
BLOCK12/SES124/SA124S17	SES275	-2.88652	-47.9092	-45.0226
BLOCK12/SES124/SA124S23	SES105	-2.07565	-44.6924	-42.6167
BLOCK12/SES124/SA124S23	SES125	-0.0582466	-42.675	-42.6167
BLOCK12/SES124/SA124S23	SES129	-3.4701	-46.0868	-42.6167
BLOCK12/SES124/SA124S23	SES158	-0.545715	-43.1624	-42.6167
BLOCK12/SES124/SA124S26	SES105	-2.62097	-45.9089	-43.2879
BLOCK12/SES124/SA124S26	SES125	-0.339729	-43.6276	-43.2879
BLOCK12/SES124/SA124S26	SES129	-3.80342	-47.0913	-43.2879
BLOCK12/SES124/SA124S26	SES158	-1.07575	-44.3636	-43.2879
BLOCK12/SES124/SA124S28	SES104	-0.460861	-43.7286	-43.2677
BLOCK12/SES124/SA124S28	SES106	-0.101368	-43.3691	-43.2677
BLOCK12/SES124/SA124S28	SES125	-0.280685	-43.5484	-43.2677
BLOCK12/SES124/SA124S28	SES275	-2.81319	-46.0809	-43.2677
BLOCK12/SES126/SA126S13	SES007	-2.46395	-47.8532	-45.3893
BLOCK12/SES126/SA126S13	SES162	-2.40275	-47.792	-45.3893
BLOCK12/SES126/SA126S13	SES177	-1.69638	-47.0857	-45.3893
BLOCK12/SES126/SA126S13	SES180	-2.29717	-47.6865	-45.3893
BLOCK12/SES126/SA126S14	SES144	-1.40973	-45.5892	-44.1795
BLOCK12/SES126/SA126S14	SES148	-1.91376	-46.0933	-44.1795
BLOCK12/SES126/SA126S14	SES177	-0.762108	-44.9416	-44.1795
BLOCK12/SES126/SA126S14	SES180	-1.42397	-45.6035	-44.1795
BLOCK12/SES126/SA126S20	SES007	-1.4948	-45.927	-44.4322
BLOCK12/SES126/SA126S20	SES162	-2.22187	-46.6541	-44.4322
BLOCK12/SES126/SA126S20	SES172	-2.8656	-47.2978	-44.4322
BLOCK12/SES126/SA126S20	SES180	-2.78669	-47.2189	-44.4322
BLOCK12/SES126/SA126S24	SES120	-1.43928	-45.0996	-43.6603
BLOCK12/SES126/SA126S24	SES162	-1.62548	-45.2858	-43.6603
BLOCK12/SES126/SA126S24	SES177	-1.30159	-44.9619	-43.6603
BLOCK12/SES126/SA126S24	SES180	-0.904831	-44.5652	-43.6603
BLOCK12/SES126/SA126S26	SES120	-0.924141	-45.4362	-44.5121
BLOCK12/SES126/SA126S26	SES177	-1.37982	-45.8919	-44.5121
BLOCK12/SES126/SA126S26	SES180	-1.32079	-45.8329	-44.5121
BLOCK12/SES126/SA126S26	SES202	-2.74906	-47.2611	-44.5121
BLOCK12/SES128/SA128S10	SES087	-2.06858	-45.8952	-43.8266
BLOCK12/SES128/SA128S10	SES206	-1.60027	-45.4269	-43.8266
BLOCK12/SES128/SA128S10	SES226	-0.722786	-44.5494	-43.8266
BLOCK12/SES128/SA128S10	SES270	-0.507328	-44.3339	-43.8266
BLOCK12/SES128/SA128S12	SES120	-2.52044	-46.458	-43.9375
BLOCK12/SES128/SA128S12	SES158	-1.06875	-45.0063	-43.9375
BLOCK12/SES128/SA128S12	SES206	-1.00973	-44.9473	-43.9375
BLOCK12/SES128/SA128S12	SES226	-1.25951	-45.197	-43.9375
BLOCK12/SES128/SA128S21	SES106	-2.95968	-47.6005	-44.6408
BLOCK12/SES128/SA128S21	SES120	-2.65965	-47.3005	-44.6408
BLOCK12/SES128/SA128S21	SES206	-1.94038	-46.5812	-44.6408
BLOCK12/SES128/SA128S21	SES226	-1.16184	-45.8027	-44.6408
BLOCK12/SES128/SA128S24	SES087	-2.0511	-46.4134	-44.3623
BLOCK12/SES128/SA128S24	SES120	-1.38342	-45.7457	-44.3623
BLOCK12/SES128/SA128S24	SES206	-1.44391	-45.8062	-44.3623
BLOCK12/SES128/SA128S24	SES226	-1.44498	-45.8072	-44.3623
BLOCK12/SES128/SA128S27	SES099	-0.748695	-44.2281	-43.4794
BLOCK12/SES128/SA128S27	SES120	-1.75108	-45.2305	-43.4794
BLOCK12/SES128/SA128S27	SES206	-0.97377	-44.4532	-43.4794
BLOCK12/SES128/SA128S27	SES226	-0.77248	-44.2519	-43.4794
BLOCK13/SES130/SA130S13	SES143	-2.06965	-47.5567	-45.4871
BLOCK13/SES130/SA130S13	SES144	-1.01288	-46.5	-45.4871
BLOCK13/SES130/SA130S13	SES146	-0.802299	-46.2894	-45.4871
BLOCK13/SES130/SA130S13	SES275	-2.76081	-48.2479	-45.4871
BLOCK13/SES130/SA130S15	SES143	-2.27383	-46.6925	-44.4187
BLOCK13/SES130/SA130S15	SES144	-0.579731	-44.9984	-44.4187
BLOCK13/SES130/SA130S15	SES146	-0.629604	-45.0483	-44.4187
BLOCK13/SES130/SA130S15	SES275	-1.43152	-45.8502	-44.4187
BLOCK13/SES130/SA130S23	SES127	-2.35644	-48.1669	-45.8105
BLOCK13/SES130/SA130S23	SES144	-1.32693	-47.1374	-45.8105
BLOCK13/SES130/SA130S23	SES146	-1.0457	-46.8562	-45.8105
BLOCK13/SES130/SA130S23	SES162	-1.16796	-46.9784	-45.8105
BLOCK13/SES130/SA130S25	SES127	-1.90828	-45.9917	-44.0834
BLOCK13/SES130/SA130S25	SES144	-0.440445	-44.5238	-44.0834
BLOCK13/SES130/SA130S25	SES146	-0.849335	-44.9327	-44.0834
BLOCK13/SES130/SA130S25	SES275	-0.873867	-44.9573	-44.0834
BLOCK13/SES130/SA130S28	SES127	-1.51165	-45.6	-44.0884
BLOCK13/SES130/SA130S28	SES144	-1.19118	-45.2796	-44.0884
BLOCK13/SES130/SA130S28	SES146	-1.37515	-45.4635	-44.0884
BLOCK13/SES130/SA130S28	SES275	-0.700012	-44.7884	-44.0884
BLOCK13/SES131/SA131S13	SES002	-1.56498	-47.7502	-46.1853
BLOCK13/SES131/SA131S13	SES007	-3.10917	-49.2944	-46.1853
BLOCK13/SES131/SA131S13	SES099	-1.43955	-47.6248	-46.1853
BLOCK13/SES131/SA131S13	SES105	-1.68609	-47.8713	-46.1853
BLOCK13/SES131/SA131S14	SES104	-0.648357	-45.2501	-44.6017
BLOCK13/SES131/SA131S14	SES106	-0.457005	-45.0587	-44.6017
BLOCK13/SES131/SA131S14	SES125	-1.48548	-46.0872	-44.6017
BLOCK13/SES131/SA131S14	SES148	-2.42054	-47.0223	-44.6017
BLOCK13/SES131/SA131S20	SES104	-1.21091	-46.9472	-45.7363
BLOCK13/SES131/SA131S20	SES106	-0.879013	-46.6153	-45.7363
BLOCK13/SES131/SA131S20	SES125	-1.47892	-47.2152	-45.7363
BLOCK13/SES131/SA131S20	SES148	-3.58511	-49.3214	-45.7363
BLOCK13/SES131/SA131S22	SES099	-0.86628	-45.8852	-45.0189
BLOCK13/SES131/SA131S22	SES104	-1.0746	-46.0935	-45.0189
BLOCK13/SES131/SA131S22	SES125	-1.13124	-46.1502	-45.0189
BLOCK13/SES131/SA131S22	SES206	-1.79354	-46.8125	-45.0189
BLOCK13/SES131/SA131S29	SES087	-1.37522	-47.0155	-45.6403
BLOCK13/SES131/SA131S29	SES104	-1.46528	-47.1056	-45.6403
BLOCK13/SES131/SA131S29	SES125	-1.71552	-47.3558	-45.6403
BLOCK13/SES131/SA131S29	SES206	-1.40737	-47.0477	-45.6403
BLOCK13/SES132/SA132S11	SES083	-2.32013	-46.0604	-43.7403
BLOCK13/SES132/SA132S11	SES120	-0.234516	-43.9748	-43.7403
BLOCK13/SES132/SA132S11	SES127	-1.21412	-44.9544	-43.7403
BLOCK13/SES132/SA132S11	SES275	-1.46178	-45.2021	-43.7403
BLOCK13/SES132/SA132S12	SES083	-1.69026	-45.2716	-43.5814
BLOCK13/SES132/SA132S12	SES143	-1.61824	-45.1996	-43.5814
BLOCK13/SES132/SA132S12	SES144	-1.39119	-44.9725	-43.5814
BLOCK13/SES132/SA132S12	SES148	-1.49223	-45.0736	-43.5814
BLOCK13/SES132/SA132S22	SES062	-0.876148	-44.545	-43.6689
BLOCK13/SES132/SA132S22	SES083	-1.37034	-45.0392	-43.6689
BLOCK13/SES132/SA132S22	SES127	-0.794758	-44.4636	-43.6689
BLOCK13/SES132/SA132S22	SES275	-0.78714	-44.456	-43.6689
BLOCK13/SES132/SA132S24	SES007	-0.457851	-43.7653	-43.3074
BLOCK13/SES132/SA132S24	SES083	-1.99343	-45.3008	-43.3074
BLOCK13/SES132/SA132S24	SES127	-1.63245	-44.9399	-43.3074
BLOCK13/SES132/SA132S24	SES275	-1.26672	-44.5741	-43.3074
BLOCK13/SES132/SA132S27	SES083	-2.25328	-46.3429	-44.0896
BLOCK13/SES132/SA132S27	SES120	-0.252594	-44.3422	-44.0896
BLOCK13/SES132/SA132S27	SES127	-2.00159	-46.0912	-44.0896
BLOCK13/SES132/SA132S27	SES275	-1.63187	-45.7215	-44.0896
BLOCK14/SES141/SA141S09	SES143	-1.11504	-45.3278	-44.2127
BLOCK14/SES141/SA141S09	SES144	-1.00317	-45.2159	-44.2127
BLOCK14/SES141/SA141S09	SES162	-1.33734	-45.5501	-44.2127
BLOCK14/SES141/SA141S09	SES180	-1.19485	-45.4076	-44.2127
BLOCK14/SES141/SA141S15	SES127	-1.57531	-45.6393	-44.064
BLOCK14/SES141/SA141S15	SES144	-1.34609	-45.4101	-44.064
BLOCK14/SES141/SA141S15	SES162	-1.56371	-45.6277	-44.064
BLOCK14/SES141/SA141S15	SES180	-1.04545	-45.1094	-44.064
BLOCK14/SES141/SA141S24	SES127	-1.23039	-44.7696	-43.5392
BLOCK14/SES141/SA141S24	SES144	-1.67689	-45.2161	-43.5392
BLOCK14/SES141/SA141S24	SES162	-1.01956	-44.5587	-43.5392
BLOCK14/SES141/SA141S24	SES183	-2.18007	-45.7192	-43.5392
BLOCK14/SES141/SA141S26	SES142	-1.45779	-46.0623	-44.6045
BLOCK14/SES141/SA141S26	SES144	-1.39651	-46.001	-44.6045
BLOCK14/SES141/SA141S26	SES172	-1.57124	-46.1757	-44.6045
BLOCK14/SES141/SA141S26	SES180	-1.0989	-45.7034	-44.6045
BLOCK14/SES141/SA141S29	SES127	-0.76741	-44.4144	-43.647
BLOCK14/SES141/SA141S29	SES142	-0.767555	-44.4146	-43.647
BLOCK14/SES141/SA141S29	SES144	-1.18429	-44.8313	-43.647
BLOCK14/SES141/SA141S29	SES180	-1.03084	-44.6779	-43.647
BLOCK15/SES157/SA157S08	SES083	-2.5549	-46.9297	-44.3748
BLOCK15/SES157/SA157S08	SES127	-1.92813	-46.3029	-44.3748
BLOCK15/SES157/SA157S08	SES148	-1.47379	-45.8486	-44.3748
BLOCK15/SES157/SA157S08	SES292	-2.20479	-46.5796	-44.3748
BLOCK15/SES157/SA157S11	SES083	-2.72586	-46.8914	-44.1655
BLOCK15/SES157/SA157S11	SES127	-2.26273	-46.4282	-44.1655
BLOCK15/SES157/SA157S11	SES148	-1.45535	-45.6209	-44.1655
BLOCK15/SES157/SA157S11	SES292	-2.42579	-46.5913	-44.1655
BLOCK15/SES157/SA157S21	SES127	-1.91438	-45.5139	-43.5996
BLOCK15/SES157/SA157S21	SES148	-1.16662	-44.7662	-43.5996
BLOCK15/SES157/SA157S21	SES158	-5.34492	-48.9445	-43.5996
BLOCK15/SES157/SA157S21	SES292	-1.94082	-45.5404	-43.5996
BLOCK15/SES157/SA157S24	SES127	-1.8353	-45.6991	-43.8638
BLOCK15/SES157/SA157S24	SES148	-1.35878	-45.2226	-43.8638
BLOCK15/SES157/SA157S24	SES183	-2.14489	-46.0087	-43.8638
BLOCK15/SES157/SA157S24	SES292	-2.00781	-45.8716	-43.8638
BLOCK15/SES157/SA157S26	SES007	-0.886761	-44.5431	-43.6564
BLOCK15/SES157/SA157S26	SES127	-0.765713	-44.4221	-43.6564
BLOCK15/SES157/SA157S26	SES147	-2.2484	-45.9048	-43.6564
BLOCK15/SES157/SA157S26	SES148	-1.18534	-44.8417	-43.6564
BLOCK16/SES161/SA161S10	SES007	-2.05313	-47.3632	-45.3101
BLOCK16/SES161/SA161S10	SES105	-1.4836	-46.7937	-45.3101
BLOCK16/SES161/SA161S10	SES158	-2.24979	-47.5599	-45.3101
BLOCK16/SES161/SA161S10	SES275	-2.02995	-47.34	-45.3101
BLOCK16/SES161/SA161S12	SES007	-1.61806	-46.6434	-45.0253
BLOCK16/SES161/SA161S12	SES105	-1.72869	-46.754	-45.0253
BLOCK16/SES161/SA161S12	SES158	-1.18951	-46.2148	-45.0253
BLOCK16/SES161/SA161S12	SES275	-1.7734	-46.7987	-45.0253
BLOCK16/SES161/SA161S20	SES007	-2.19079	-48.4676	-46.2768
BLOCK16/SES161/SA161S20	SES105	-2.41618	-48.693	-46.2768
BLOCK16/SES161/SA161S20	SES158	-1.90759	-48.1844	-46.2768
BLOCK16/SES161/SA161S20	SES275	-2.74691	-49.0237	-46.2768
BLOCK16/SES161/SA161S23	SES007	-1.80292	-46.6173	-44.8144
BLOCK16/SES161/SA161S23	SES105	-1.11789	-45.9323	-44.8144
BLOCK16/SES161/SA161S23	SES148	-2.01217	-46.8266	-44.8144
BLOCK16/SES161/SA161S23	SES158	-0.749897	-45.5643	-44.8144
BLOCK16/SES161/SA161S28	SES007	-2.82102	-47.8287	-45.0077
BLOCK16/SES161/SA161S28	SES105	-2.4691	-47.4768	-45.0077
BLOCK16/SES161/SA161S28	SES158	-0.954479	-45.9622	-45.0077
BLOCK16/SES161/SA161S28	SES206	-1.20715	-46.2148	-45.0077
BLOCK16/SES164/SA164S11	SES104	-1.30701	-44.9959	-43.6889
BLOCK16/SES164/SA164S11	SES125	-0.791714	-44.4806	-43.6889
BLOCK16/SES164/SA164S11	SES158	-0.166332	-43.8552	-43.6889
BLOCK16/SES164/SA164S11	SES206	-1.84825	-45.5371	-43.6889
BLOCK16/SES164/SA164S13	SES099	-1.15482	-46.0488	-44.894
BLOCK16/SES164/SA164S13	SES104	-1.5373	-46.4313	-44.894
BLOCK16/SES164/SA164S13	SES125	-2.51647	-47.4104	-44.894
BLOCK16/SES164/SA164S13	SES206	-2.32858	-47.2226	-44.894
BLOCK16/SES164/SA164S24	SES002	-0.357574	-44.7282	-44.3706
BLOCK16/SES164/SA164S24	SES099	-0.924103	-45.2947	-44.3706
BLOCK16/SES164/SA164S24	SES125	-2.12729	-46.4979	-44.3706
BLOCK16/SES164/SA164S24	SES226	-0.475426	-44.846	-44.3706
BLOCK16/SES164/SA164S27	SES087	-2.94219	-47.4993	-44.5571
BLOCK16/SES164/SA164S27	SES125	-1.95344	-46.5105	-44.5571
BLOCK16/SES164/SA164S27	SES206	-1.91463	-46.4717	-44.5571
BLOCK16/SES164/SA164S27	SES226	-1.06392	-45.621	-44.5571
BLOCK16/SES164/SA164S29	SES002	0.146069	-44.2023	-44.3483
BLOCK16/SES164/SA164S29	SES019	-1.39629	-45.7446	-44.3483
BLOCK16/SES164/SA164S29	SES125	-1.20449	-45.5528	-44.3483
BLOCK16/SES164/SA164S29	SES226	-1.01435	-45.3627	-44.3483
BLOCK16/SES169/SA169S13	SES117	-1.68289	-45.9898	-44.3069
BLOCK16/SES169/SA169S13	SES144	-1.23338	-45.5403	-44.3069
BLOCK16/SES169/SA169S13	SES146	-1.71008	-46.017	-44.3069
BLOCK16/SES169/SA169S13	SES162	-1.67072	-45.9776	-44.3069
BLOCK16/SES169/SA169S14	SES144	-1.0318	-44.3758	-43.3439
BLOCK16/SES169/SA169S14	SES148	-1.44878	-44.7927	-43.3439
BLOCK16/SES169/SA169S14	SES177	-1.49076	-44.8347	-43.3439
BLOCK16/SES169/SA169S14	SES180	-2.41474	-45.7587	-43.3439
BLOCK16/SES169/SA169S24	SES117	-1.2665	-46.2495	-44.983
BLOCK16/SES169/SA169S24	SES144	-0.962109	-45.9451	-44.983
BLOCK16/SES169/SA169S24	SES146	-1.57526	-46.5583	-44.983
BLOCK16/SES169/SA169S24	SES162	-1.36735	-46.3504	-44.983
BLOCK16/SES169/SA169S27	SES127	-1.20996	-45.4126	-44.2026
BLOCK16/SES169/SA169S27	SES129	-1.73318	-45.9358	-44.2026
BLOCK16/SES169/SA169S27	SES144	-1.45185	-45.6544	-44.2026
BLOCK16/SES169/SA169S27	SES146	-0.944153	-45.1468	-44.2026
BLOCK16/SES169/SA169S29	SES144	-0.86021	-44.356	-43.4958
BLOCK16/SES169/SA169S29	SES162	-0.957314	-44.4531	-43.4958
BLOCK16/SES169/SA169S29	SES177	-2.40409	-45.8999	-43.4958
BLOCK16/SES169/SA169S29	SES180	-1.30783	-44.8036	-43.4958
BLOCK17/SES171/SA171S12	SES083	-1.26876	-46.2055	-44.9368
BLOCK17/SES171/SA171S12	SES148	-1.94218	-46.8789	-44.9368
BLOCK17/SES171/SA171S12	SES172	-1.42003	-46.3568	-44.9368
BLOCK17/SES171/SA171S12	SES292	-2.55391	-47.4907	-44.9368
BLOCK17/SES171/SA171S15	SES148	-2.0222	-47.4244	-45.4022
BLOCK17/SES171/SA171S15	SES177	-1.6809	-47.0831	-45.4022
BLOCK17/SES171/SA171S15	SES180	-3.48711	-48.8893	-45.4022
BLOCK17/SES171/SA171S15	SES292	-4.02559	-49.4278	-45.4022
BLOCK17/SES171/SA171S22	SES007	-1.53019	-45.6397	-44.1095
BLOCK17/SES171/SA171S22	SES148	-1.55421	-45.6637	-44.1095
BLOCK17/SES171/SA171S22	SES177	-1.02268	-45.1322	-44.1095
BLOCK17/SES171/SA171S22	SES180	-2.17257	-46.282	-44.1095
BLOCK17/SES171/SA171S25	SES101	-2.87794	-48.0511	-45.1731
BLOCK17/SES171/SA171S25	SES120	-3.33352	-48.5067	-45.1731
BLOCK17/SES171/SA171S25	SES177	-1.22985	-46.403	-45.1731
BLOCK17/SES171/SA171S25	SES180	-2.96459	-48.1377	-45.1731
BLOCK17/SES171/SA171S27	SES177	-1.05984	-45.5282	-44.4684
BLOCK17/SES171/SA171S27	SES180	-2.85955	-47.3279	-44.4684
BLOCK17/SES171/SA171S27	SES189	-1.42701	-45.8954	-44.4684
BLOCK17/SES171/SA171S27	SES292	-3.1822	-47.6506	-44.4684
BLOCK17/SES173/SA173S13	SES162	-2.58467	-48.2525	-45.6678
BLOCK17/SES173/SA173S13	SES177	-2.70048	-48.3683	-45.6678
BLOCK17/SES173/SA173S13	SES180	-2.82096	-48.4888	-45.6678
BLOCK17/SES173/SA173S13	SES292	-2.58253	-48.2504	-45.6678
BLOCK17/SES173/SA173S14	SES007	-2.14424	-47.8309	-45.6866
BLOCK17/SES173/SA173S14	SES162	-2.21935	-47.906	-45.6866
BLOCK17/SES173/SA173S14	SES177	-1.94481	-47.6314	-45.6866
BLOCK17/SES173/SA173S14	SES180	-3.45371	-49.1403	-45.6866
BLOCK17/SES173/SA173S24	SES144	-1.71995	-48.0096	-46.2896
BLOCK17/SES173/SA173S24	SES162	-2.63278	-48.9224	-46.2896
BLOCK17/SES173/SA173S24	SES177	-2.33591	-48.6256	-46.2896
BLOCK17/SES173/SA173S24	SES180	-3.56889	-49.8585	-46.2896
BLOCK17/SES173/SA173S27	SES162	-3.23935	-48.5535	-45.3141
BLOCK17/SES173/SA173S27	SES177	-2.23845	-47.5526	-45.3141
BLOCK17/SES173/SA173S27	SES180	-2.6871	-48.0012	-45.3141
BLOCK17/SES173/SA173S27	SES292	-3.34515	-48.6593	-45.3141
BLOCK17/SES173/SA173S29	SES162	-2.22668	-47.8063	-45.5796
BLOCK17/SES173/SA173S29	SES175	-1.34398	-46.9236	-45.5796
BLOCK17/SES173/SA173S29	SES177	-2.28908	-47.8687	-45.5796
BLOCK17/SES173/SA173S29	SES292	-3.99053	-49.5702	-45.5796
BLOCK18/SES182/SA182S10	SES144	-1.38736	-45.4566	-44.0692
BLOCK18/SES182/SA182S10	SES177	-1.52005	-45.5893	-44.0692
BLOCK18/SES182/SA182S10	SES180	-2.5531	-46.6223	-44.0692
BLOCK18/SES182/SA182S10	SES275	-0.96154	-45.0308	-44.0692
BLOCK18/SES182/SA182S12	SES144	-0.438133	-44.3893	-43.9512
BLOCK18/SES182/SA182S12	SES177	-1.0666	-45.0178	-43.9512
BLOCK18/SES182/SA182S12	SES180	-1.22137	-45.1726	-43.9512
BLOCK18/SES182/SA182S12	SES275	-0.772434	-44.7236	-43.9512
BLOCK18/SES182/SA182S21	SES117	-1.76859	-46.6842	-44.9156
BLOCK18/SES182/SA182S21	SES144	-1.5019	-46.4175	-44.9156
BLOCK18/SES182/SA182S21	SES162	-0.888641	-45.8043	-44.9156
BLOCK18/SES182/SA182S21	SES180	-1.9367	-46.8523	-44.9156
BLOCK18/SES182/SA182S23	SES117	-1.3503	-46.0147	-44.6644
BLOCK18/SES182/SA182S23	SES144	-1.39281	-46.0572	-44.6644
BLOCK18/SES182/SA182S23	SES180	-2.10292	-46.7673	-44.6644
BLOCK18/SES182/SA182S23	SES275	-0.474976	-45.1394	-44.6644
BLOCK18/SES182/SA182S25	SES007	-0.541477	-44.9398	-44.3983
BLOCK18/SES182/SA182S25	SES162	-1.13108	-45.5294	-44.3983
BLOCK18/SES182/SA182S25	SES177	-1.30407	-45.7024	-44.3983
BLOCK18/SES182/SA182S25	SES180	-1.73731	-46.1357	-44.3983
BLOCK18/SES184/SA184S12	SES177	-2.09669	-46.5141	-44.4174
BLOCK18/SES184/SA184S12	SES180	-1.70455	-46.1219	-44.4174
BLOCK18/SES184/SA184S12	SES189	-2.01782	-46.4352	-44.4174
BLOCK18/SES184/SA184S12	SES292	-2.39236	-46.8098	-44.4174
BLOCK18/SES184/SA184S13	SES101	-1.69742	-45.8218	-44.1244
BLOCK18/SES184/SA184S13	SES177	-1.4101	-45.5345	-44.1244
BLOCK18/SES184/SA184S13	SES180	-1.7398	-45.8642	-44.1244
BLOCK18/SES184/SA184S13	SES292	-1.99026	-46.1146	-44.1244
BLOCK18/SES184/SA184S22	SES177	-1.55879	-44.9574	-43.3986
BLOCK18/SES184/SA184S22	SES180	-1.93461	-45.3332	-43.3986
BLOCK18/SES184/SA184S22	SES189	-2.64031	-46.0389	-43.3986
BLOCK18/SES184/SA184S22	SES292	-1.78167	-45.1802	-43.3986
BLOCK18/SES184/SA184S25	SES101	-0.809814	-43.9329	-43.1231
BLOCK18/SES184/SA184S25	SES177	-1.82825	-44.9513	-43.1231
BLOCK18/SES184/SA184S25	SES180	-0.955994	-44.0791	-43.1231
BLOCK18/SES184/SA184S25	SES292	-1.09308	-44.2162	-43.1231
BLOCK18/SES184/SA184S27	SES083	-1.89751	-45.7337	-43.8362
BLOCK18/SES184/SA184S27	SES177	-1.4215	-45.2577	-43.8362
BLOCK18/SES184/SA184S27	SES202	-2.27747	-46.1137	-43.8362
BLOCK18/SES184/SA184S27	SES292	-1.49241	-45.3286	-43.8362
BLOCK20/SES204/SA204S12	SES062	-1.94783	-45.0721	-43.1243
BLOCK20/SES204/SA204S12	SES083	-2.73859	-45.8629	-43.1243
BLOCK20/SES204/SA204S12	SES206	-0.990288	-44.1146	-43.1243
BLOCK20/SES204/SA204S12	SES226	-1.8104	-44.9347	-43.1243
BLOCK20/SES204/SA204S14	SES068	-2.75125	-45.2088	-42.4576
BLOCK20/SES204/SA204S14	SES087	-0.386772	-42.8443	-42.4576
BLOCK20/SES204/SA204S14	SES206	-1.10133	-43.5589	-42.4576
BLOCK20/SES204/SA204S14	SES226	-1.47943	-43.937	-42.4576
BLOCK20/SES204/SA204S22	SES068	-3.4284	-46.7256	-43.2972
BLOCK20/SES204/SA204S22	SES082	-2.86399	-46.1612	-43.2972
BLOCK20/SES204/SA204S22	SES083	-3.22247	-46.5197	-43.2972
BLOCK20/SES204/SA204S22	SES206	-1.18266	-44.4798	-43.2972
BLOCK20/SES204/SA204S25	SES062	-1.94786	-45.5313	-43.5835
BLOCK20/SES204/SA204S25	SES083	-2.92931	-46.5128	-43.5835
BLOCK20/SES204/SA204S25	SES206	-0.636909	-44.2204	-43.5835
BLOCK20/SES204/SA204S25	SES226	-1.75138	-45.3349	-43.5835
BLOCK20/SES204/SA204S27	SES068	-3.65043	-47.3303	-43.6799
BLOCK20/SES204/SA204S27	SES082	-1.87241	-45.5523	-43.6799
BLOCK20/SES204/SA204S27	SES087	-0.755402	-44.4353	-43.6799
BLOCK20/SES204/SA204S27	SES206	-0.989662	-44.6695	-43.6799
BLOCK20/SES207/SA207S10	SES127	-1.02295	-45.6497	-44.6267
BLOCK20/SES207/SA207S10	SES183	-1.82821	-46.4549	-44.6267
BLOCK20/SES207/SA207S10	SES189	-1.47068	-46.0974	-44.6267
BLOCK20/SES207/SA207S10	SES292	-1.58024	-46.207	-44.6267
BLOCK20/SES207/SA207S11	SES127	-2.2428	-46.7354	-44.4926
BLOCK20/SES207/SA207S11	SES183	-1.82293	-46.3155	-44.4926
BLOCK20/SES207/SA207S11	SES187	-1.00863	-45.5012	-44.4926
BLOCK20/SES207/SA207S11	SES292	-1.85409	-46.3467	-44.4926
BLOCK20/SES207/SA207S25	SES068	-1.57978	-46.0764	-44.4966
BLOCK20/SES207/SA207S25	SES083	-2.86745	-47.364	-44.4966
BLOCK20/SES207/SA207S25	SES127	-1.37611	-45.8727	-44.4966
BLOCK20/SES207/SA207S25	SES187	-0.648773	-45.1454	-44.4966
BLOCK20/SES207/SA207S27	SES127	-1.85587	-46.7828	-44.9269
BLOCK20/SES207/SA207S27	SES183	-1.2038	-46.1307	-44.9269
BLOCK20/SES207/SA207S27	SES187	-1.39116	-46.3181	-44.9269
BLOCK20/SES207/SA207S27	SES292	-1.7845	-46.7114	-44.9269
BLOCK20/SES207/SA207S29	SES083	-2.49578	-46.7564	-44.2607
BLOCK20/SES207/SA207S29	SES085	-0.848156	-45.1088	-44.2607
BLOCK20/SES207/SA207S29	SES172	-2.12616	-46.3868	-44.2607
BLOCK20/SES207/SA207S29	SES189	-2.2044	-46.4651	-44.2607
BLOCK22/SES221/SA221S12	SES068	-2.3314	-46.465	-44.1336
BLOCK22/SES221/SA221S12	SES143	-2.82195	-46.9555	-44.1336
BLOCK22/SES221/SA221S12	SES175	-1.10478	-45.2384	-44.1336
BLOCK22/SES221/SA221S12	SES202	-0.483578	-44.6172	-44.1336
BLOCK22/SES221/SA221S15	SES085	-2.71248	-48.0328	-45.3204
BLOCK22/SES221/SA221S15	SES143	-3.51479	-48.8351	-45.3204
BLOCK22/SES221/SA221S15	SES175	-1.52784	-46.8482	-45.3204
BLOCK22/SES221/SA221S15	SES187	-1.07667	-46.397	-45.3204
BLOCK22/SES221/SA221S23	SES068	-2.35865	-46.7228	-44.3642
BLOCK22/SES221/SA221S23	SES143	-3.00597	-47.3702	-44.3642
BLOCK22/SES221/SA221S23	SES175	-1.03545	-45.3996	-44.3642
BLOCK22/SES221/SA221S23	SES189	-0.516937	-44.8811	-44.3642
BLOCK22/SES221/SA221S27	SES085	-2.74496	-47.1489	-44.4039
BLOCK22/SES221/SA221S27	SES143	-2.72117	-47.1251	-44.4039
BLOCK22/SES221/SA221S27	SES175	-1.28083	-45.6848	-44.4039
BLOCK22/SES221/SA221S27	SES189	0.269356	-44.1346	-44.4039
BLOCK22/SES221/SA221S29	SES085	-3.87946	-49.282	-45.4026
BLOCK22/SES221/SA221S29	SES143	-2.74492	-48.1475	-45.4026
BLOCK22/SES221/SA221S29	SES175	-1.41875	-46.8213	-45.4026
BLOCK22/SES221/SA221S29	SES187	-0.766941	-46.1695	-45.4026
BLOCK22/SES223/SA223S11	SES143	-1.90252	-47.0533	-45.1508
BLOCK22/SES223/SA223S11	SES144	-2.65445	-47.8052	-45.1508
BLOCK22/SES223/SA223S11	SES175	-1.01528	-46.1661	-45.1508
BLOCK22/SES223/SA223S11	SES187	-1.83519	-46.986	-45.1508
BLOCK22/SES223/SA223S13	SES068	-1.86717	-47.8403	-45.9731
BLOCK22/SES223/SA223S13	SES143	-2.49118	-48.4643	-45.9731
BLOCK22/SES223/SA223S13	SES146	-3.46476	-49.4379	-45.9731
BLOCK22/SES223/SA223S13	SES202	-1.68978	-47.6629	-45.9731
BLOCK22/SES223/SA223S22	SES143	-2.17268	-47.1995	-45.0268
BLOCK22/SES223/SA223S22	SES144	-2.5984	-47.6252	-45.0268
BLOCK22/SES223/SA223S22	SES175	-1.33771	-46.3645	-45.0268
BLOCK22/SES223/SA223S22	SES187	-1.07476	-46.1015	-45.0268
BLOCK22/SES223/SA223S25	SES068	-1.6405	-46.9919	-45.3514
BLOCK22/SES223/SA223S25	SES143	-2.1892	-47.5406	-45.3514
BLOCK22/SES223/SA223S25	SES175	-0.946346	-46.2977	-45.3514
BLOCK22/SES223/SA223S25	SES187	-1.3811	-46.7325	-45.3514
BLOCK22/SES223/SA223S27	SES143	-1.94556	-47.3161	-45.3706
BLOCK22/SES223/SA223S27	SES146	-2.27775	-47.6483	-45.3706
BLOCK22/SES223/SA223S27	SES187	-1.50595	-46.8765	-45.3706
BLOCK22/SES223/SA223S27	SES292	-3.06965	-48.4402	-45.3706
BLOCK27/SES273/SA273S12	SES099	-0.0988922	-42.6115	-42.5126
BLOCK27/SES273/SA273S12	SES104	-0.506229	-43.0188	-42.5126
BLOCK27/SES273/SA273S12	SES125	-0.917854	-43.4304	-42.5126
BLOCK27/SES273/SA273S12	SES206	0.0755806	-42.437	-42.5126
BLOCK27/SES273/SA273S13	SES099	-0.103577	-42.6444	-42.5408
BLOCK27/SES273/SA273S13	SES104	-0.869686	-43.4105	-42.5408
BLOCK27/SES273/SA273S13	SES206	-0.420288	-42.9611	-42.5408
BLOCK27/SES273/SA273S13	SES292	-2.28921	-44.83	-42.5408
BLOCK27/SES273/SA273S21	SES099	-0.0944252	-43.0711	-42.9767
BLOCK27/SES273/SA273S21	SES148	-2.48112	-45.4578	-42.9767
BLOCK27/SES273/SA273S21	SES149	-0.899914	-43.8766	-42.9767
BLOCK27/SES273/SA273S21	SES177	-3.6296	-46.6063	-42.9767
BLOCK27/SES273/SA273S25	SES104	-1.09848	-44.0904	-42.9919
BLOCK27/SES273/SA273S25	SES125	-1.44822	-44.4401	-42.9919
BLOCK27/SES273/SA273S25	SES158	-0.528713	-43.5206	-42.9919
BLOCK27/SES273/SA273S25	SES206	-0.126621	-43.1185	-42.9919
BLOCK27/SES273/SA273S27	SES099	-0.305393	-42.9408	-42.6354
BLOCK27/SES273/SA273S27	SES104	-0.7551	-43.3905	-42.6354
BLOCK27/SES273/SA273S27	SES149	-0.526955	-43.1623	-42.6354
BLOCK27/SES273/SA273S27	SES275	-1.79816	-44.4335	-42.6354
BLOCK27/SES274/SA274S10	SES105	-0.967606	-43.7481	-42.7805
BLOCK27/SES274/SA274S10	SES125	-1.02758	-43.8081	-42.7805
BLOCK27/SES274/SA274S10	SES129	-0.739414	-43.5199	-42.7805
BLOCK27/SES274/SA274S10	SES158	-1.33804	-44.1185	-42.7805
BLOCK27/SES274/SA274S11	SES105	-1.31357	-44.2901	-42.9765
BLOCK27/SES274/SA274S11	SES149	-1.10561	-44.0821	-42.9765
BLOCK27/SES274/SA274S11	SES158	-0.704426	-43.6809	-42.9765
BLOCK27/SES274/SA274S11	SES275	-1.24123	-44.2177	-42.9765
BLOCK27/SES274/SA274S21	SES105	-1.03529	-44.4056	-43.3703
BLOCK27/SES274/SA274S21	SES129	-1.31861	-44.6889	-43.3703
BLOCK27/SES274/SA274S21	SES149	-0.588165	-43.9584	-43.3703
BLOCK27/SES274/SA274S21	SES158	-1.73815	-45.1084	-43.3703
BLOCK27/SES274/SA274S24	SES105	-1.14107	-44.5823	-43.4412
BLOCK27/SES274/SA274S24	SES129	-1.96538	-45.4066	-43.4412
BLOCK27/SES274/SA274S24	SES149	-0.648903	-44.0901	-43.4412
BLOCK27/SES274/SA274S24	SES158	-1.62215	-45.0634	-43.4412
BLOCK27/SES274/SA274S29	SES105	-1.66115	-44.8037	-43.1426
BLOCK27/SES274/SA274S29	SES106	-2.18664	-45.3292	-43.1426
BLOCK27/SES274/SA274S29	SES120	-2.30282	-45.4454	-43.1426
BLOCK27/SES274/SA274S29	SES275	-1.1954	-44.338	-43.1426
BLOCK27/SES276/SA276S16	SES148	-1.67663	-46.1151	-44.4385
BLOCK27/SES276/SA276S16	SES172	-2.18191	-46.6204	-44.4385
BLOCK27/SES276/SA276S16	SES180	-3.2713	-47.7098	-44.4385
BLOCK27/SES276/SA276S16	SES292	-1.22845	-45.6669	-44.4385
BLOCK27/SES276/SA276S17	SES101	-1.37287	-45.4745	-44.1016
BLOCK27/SES276/SA276S17	SES177	-1.87124	-45.9729	-44.1016
BLOCK27/SES276/SA276S17	SES180	-2.12513	-46.2268	-44.1016
BLOCK27/SES276/SA276S17	SES292	-1.84297	-45.9446	-44.1016
BLOCK27/SES276/SA276S24	SES101	-1.04811	-44.2137	-43.1656
BLOCK27/SES276/SA276S24	SES177	-1.64451	-44.8101	-43.1656
BLOCK27/SES276/SA276S24	SES180	-1.91074	-45.0763	-43.1656
BLOCK27/SES276/SA276S24	SES292	-1.88411	-45.0497	-43.1656
BLOCK27/SES276/SA276S26	SES101	-2.05644	-45.7605	-43.7041
BLOCK27/SES276/SA276S26	SES177	-1.42332	-45.1274	-43.7041
BLOCK27/SES276/SA276S26	SES180	-1.3037	-45.0078	-43.7041
BLOCK27/SES276/SA276S26	SES292	-1.47928	-45.1833	-43.7041
BLOCK27/SES276/SA276S28	SES101	-1.82638	-45.6186	-43.7922
BLOCK27/SES276/SA276S28	SES177	-2.04995	-45.8422	-43.7922
BLOCK27/SES276/SA276S28	SES180	-1.6288	-45.421	-43.7922
BLOCK27/SES276/SA276S28	SES292	-2.0093	-45.8015	-43.7922
BLOCK27/SES277/SA277S12	SES101	-0.839817	-45.4908	-44.6509
BLOCK27/SES277/SA277S12	SES177	-1.76699	-46.4179	-44.6509
BLOCK27/SES277/SA277S12	SES180	-2.60249	-47.2534	-44.6509
BLOCK27/SES277/SA277S12	SES292	-2.689	-47.3399	-44.6509
BLOCK27/SES277/SA277S14	SES177	-1.52814	-46.6531	-45.125
BLOCK27/SES277/SA277S14	SES180	-2.35708	-47.482	-45.125
BLOCK27/SES277/SA277S14	SES189	-1.15547	-46.2804	-45.125
BLOCK27/SES277/SA277S14	SES292	-3.17872	-48.3037	-45.125
BLOCK27/SES277/SA277S21	SES177	-0.781517	-44.7627	-43.9812
BLOCK27/SES277/SA277S21	SES180	-2.52418	-46.5053	-43.9812
BLOCK27/SES277/SA277S21	SES189	-1.1283	-45.1095	-43.9812
BLOCK27/SES277/SA277S21	SES292	-3.54646	-47.5276	-43.9812
BLOCK27/SES277/SA277S24	SES144	-1.65979	-46.8103	-45.1506
BLOCK27/SES277/SA277S24	SES177	-1.27505	-46.4256	-45.1506
BLOCK27/SES277/SA277S24	SES180	-2.659	-47.8096	-45.1506
BLOCK27/SES277/SA277S24	SES189	-1.50315	-46.6537	-45.1506
BLOCK27/SES277/SA277S29	SES177	-1.19482	-44.1716	-42.9767
BLOCK27/SES277/SA277S29	SES180	-1.65759	-44.6343	-42.9767
BLOCK27/SES277/SA277S29	SES202	-1.55643	-44.5332	-42.9767
BLOCK27/SES277/SA277S29	SES292	-2.59504	-45.5718	-42.9767
BLOCK27/SES279/SA279S09	SES120	-1.90136	-45.3045	-43.4031
BLOCK27/SES279/SA279S09	SES146	-1.59422	-44.9973	-43.4031
BLOCK27/SES279/SA279S09	SES206	-1.8735	-45.2766	-43.4031
BLOCK27/SES279/SA279S09	SES226	-2.0401	-45.4432	-43.4031
BLOCK27/SES279/SA279S10	SES099	-0.894569	-44.2127	-43.3181
BLOCK27/SES279/SA279S10	SES206	-0.979713	-44.2978	-43.3181
BLOCK27/SES279/SA279S10	SES226	-1.69421	-45.0123	-43.3181
BLOCK27/SES279/SA279S10	SES292	-1.37191	-44.69	-43.3181
BLOCK27/SES279/SA279S20	SES099	-1.80569	-45.5755	-43.7699
BLOCK27/SES279/SA279S20	SES206	-0.823231	-44.5931	-43.7699
BLOCK27/SES279/SA279S20	SES226	-2.00081	-45.7707	-43.7699
BLOCK27/SES279/SA279S20	SES292	-0.905418	-44.6753	-43.7699
BLOCK27/SES279/SA279S26	SES099	-1.40509	-44.9139	-43.5088
BLOCK27/SES279/SA279S26	SES206	-0.663074	-44.1718	-43.5088
BLOCK27/SES279/SA279S26	SES226	-1.42231	-44.9311	-43.5088
BLOCK27/SES279/SA279S26	SES292	-1.43428	-44.9431	-43.5088
BLOCK27/SES279/SA279S28	SES099	-1.3979	-43.6111	-42.2132
BLOCK27/SES279/SA279S28	SES120	-1.52473	-43.7379	-42.2132
BLOCK27/SES279/SA279S28	SES177	-3.16624	-45.3794	-42.2132
BLOCK27/SES279/SA279S28	SES206	-1.67971	-43.8929	-42.2132
BLOCK29/SES290/SA290S12	SES162	-1.86693	-45.2485	-43.3816
BLOCK29/SES290/SA290S12	SES177	-1.83461	-45.2162	-43.3816
BLOCK29/SES290/SA290S12	SES180	-2.59441	-45.976	-43.3816
BLOCK29/SES290/SA290S12	SES292	-3.14564	-46.5272	-43.3816
BLOCK29/SES290/SA290S13	SES007	-2.78934	-47.0035	-44.2142
BLOCK29/SES290/SA290S13	SES162	-2.80817	-47.0223	-44.2142
BLOCK29/SES290/SA290S13	SES177	-1.33229	-45.5464	-44.2142
BLOCK29/SES290/SA290S13	SES180	-2.31144	-46.5256	-44.2142
BLOCK29/SES290/SA290S22	SES177	-1.13596	-45.0711	-43.9351
BLOCK29/SES290/SA290S22	SES180	-1.4606	-45.3957	-43.9351
BLOCK29/SES290/SA290S22	SES202	-1.41588	-45.351	-43.9351
BLOCK29/SES290/SA290S22	SES292	-2.53172	-46.4668	-43.9351
BLOCK29/SES290/SA290S25	SES162	-1.33923	-44.9611	-43.6219
BLOCK29/SES290/SA290S25	SES177	-1.32436	-44.9462	-43.6219
BLOCK29/SES290/SA290S25	SES180	-1.41904	-45.0409	-43.6219
BLOCK29/SES290/SA290S25	SES292	-2.06967	-45.6915	-43.6219
BLOCK29/SES290/SA290S29	SES177	-0.474239	-43.9515	-43.4773
BLOCK29/SES290/SA290S29	SES180	-0.90007	-44.3774	-43.4773
BLOCK29/SES290/SA290S29	SES275	-1.94849	-45.4258	-43.4773
BLOCK29/SES290/SA290S29	SES292	-1.4809	-44.9582	-43.4773
BLOCK29/SES291/SA291S11	SES105	-2.78638	-46.9304	-44.144
BLOCK29/SES291/SA291S11	SES125	-1.34607	-45.4901	-44.144
BLOCK29/SES291/SA291S11	SES158	-1.14786	-45.2919	-44.144
BLOCK29/SES291/SA291S11	SES275	-3.51554	-47.6595	-44.144
BLOCK29/SES291/SA291S12	SES158	-0.364613	-44.0118	-43.6472
BLOCK29/SES291/SA291S12	SES226	-1.18465	-44.8318	-43.6472
BLOCK29/SES291/SA291S12	SES270	-0.219524	-43.8667	-43.6472
BLOCK29/SES291/SA291S12	SES275	-4.07617	-47.7233	-43.6472
BLOCK29/SES291/SA291S22	SES082	-1.12401	-44.6907	-43.5667
BLOCK29/SES291/SA291S22	SES158	-1.04404	-44.6107	-43.5667
BLOCK29/SES291/SA291S22	SES259	-1.25156	-44.8182	-43.5667
BLOCK29/SES291/SA291S22	SES275	-3.25521	-46.8219	-43.5667
BLOCK29/SES291/SA291S24	SES104	-0.481339	-43.0828	-42.6015
BLOCK29/SES291/SA291S24	SES125	-0.239712	-42.8412	-42.6015
BLOCK29/SES291/SA291S24	SES158	-0.706409	-43.3079	-42.6015
BLOCK29/SES291/SA291S24	SES275	-3.46248	-46.064	-42.6015
BLOCK29/SES291/SA291S27	SES158	-0.274464	-43.0805	-42.8061
BLOCK29/SES291/SA291S27	SES172	-5.29565	-48.1017	-42.8061
BLOCK29/SES291/SA291S27	SES275	-3.7065	-46.5126	-42.8061
BLOCK29/SES291/SA291S27	SES292	-2.38752	-45.1936	-42.8061
