BLOCK00/SES002/SA002S12	SES002	1.3268	-37.5154	-38.8422
BLOCK00/SES002/SA002S13	SES002	1.83415	-36.9647	-38.7988
BLOCK00/SES002/SA002S23	SES002	1.72182	-36.6438	-38.3657
BLOCK00/SES002/SA002S26	SES002	2.30807	-36.5032	-38.8113
BLOCK00/SES002/SA002S28	SES002	1.54904	-37.2607	-38.8097
BLOCK00/SES007/SA007S14	SES007	0.982174	-37.1139	-38.0961
BLOCK00/SES007/SA007S15	SES007	0.404495	-38.7197	-39.1242
BLOCK00/SES007/SA007S24	SES007	0.339077	-38.5475	-38.8866
BLOCK00/SES007/SA007S27	SES007	0.417038	-39.1273	-39.5444
BLOCK00/SES007/SA007S29	SES007	0.31921	-38.0457	-38.3649
BLOCK00/SES008/SA008S11	SES008	0.934807	-38.5239	-39.4587
BLOCK00/SES008/SA008S12	SES008	0.740505	-38.9735	-39.714
BLOCK00/SES008/SA008S19	SES008	1.50062	-37.7834	-39.284
BLOCK00/SES008/SA008S22	SES008	0.828716	-38.6232	-39.4519
BLOCK00/SES008/SA008S29	SES008	0.691689	-38.3431	-39.0348
BLOCK01/SES014/SA014S10	SES014	2.31993	-37.3268	-39.6467
BLOCK01/SES014/SA014S12	SES014	3.01189	-35.3966	-38.4085
BLOCK01/SES014/SA014S24	SES014	1.76722	-37.1589	-38.9261
BLOCK01/SES014/SA014S26	SES014	2.78724	-34.7265	-37.5137
BLOCK01/SES014/SA014S28	SES014	2.81066	-35.4034	-38.2141
BLOCK01/SES016/SA016S12	SES016	1.55822	-39.6364	-41.1946
BLOCK01/SES016/SA016S13	SES016	1.13782	-38.6949	-39.8327
BLOCK01/SES016/SA016S22	SES016	0.96571	-39.1222	-40.0879
BLOCK01/SES016/SA016S25	SES016	1.57621	-36.7505	-38.3268
BLOCK01/SES016/SA016S27	SES016	1.26725	-37.1896	-38.4569
BLOCK01/SES019/SA019S13	SES019	2.9611	-37.4829	-40.444
BLOCK01/SES019/SA019S14	SES019	1.88025	-37.9341	-39.8144
BLOCK01/SES019/SA019S22	SES019	2.4163	-37.4701	-39.8864
BLOCK01/SES019/SA019S25	SES019	2.41576	-37.7583	-40.1741
BLOCK01/SES019/SA019S29	SES019	3.16044	-37.5603	-40.7207
BLOCK02/SES029/SA029S11	SES029	1.36831	-37.9686	-39.3369
BLOCK02/SES029/SA029S12	SES029	-0.017601	-38.6269	-38.6093
BLOCK02/SES029/SA029S20	SES029	0.302383	-39.8255	-40.1279
BLOCK02/SES029/SA029S25	SES029	0.720936	-38.2488	-38.9698
BLOCK02/SES029/SA029S28	SES029	0.503941	-38.7567	-39.2606
BLOCK04/SES042/SA042S12	SES042	2.1736	-36.1172	-38.2908
BLOCK04/SES042/SA042S15	SES042	2.37766	-36.5998	-38.9775
BLOCK04/SES042/SA042S22	SES042	3.06288	-35.0097	-38.0725
BLOCK04/SES042/SA042S25	SES042	2.17061	-37.5236	-39.6942
BLOCK04/SES042/SA042S27	SES042	1.98326	-36.5869	-38.5702
BLOCK04/SES048/SA048S11	SES048	1.24239	-37.6314	-38.8738
BLOCK04/SES048/SA048S12	SES048	0.555805	-38.1842	-38.74
BLOCK04/SES048/SA048S20	SES048	0.94318	-37.5568	-38.5
BLOCK04/SES048/SA048S23	SES048	1.2764	-38.0699	-39.3463
BLOCK04/SES048/SA048S27	SES048	0.600998	-37.4274	-38.0284
BLOCK06/SES060/SA060S11	SES060	1.38977	-37.7095	-39.0993
BLOCK06/SES060/SA060S12	SES060	-1.67371	-40.8135	-39.1398
BLOCK06/SES060/SA060S22	SES060	0.0946121	-39.4303	-39.5249
BLOCK06/SES060/SA060S24	SES060	0.591309	-38.1983	-38.7896
BLOCK06/SES060/SA060S28	SES060	1.19985	-36.3544	-37.5542
BLOCK06/SES062/SA062S10	SES062	1.07356	-37.4293	-38.5028
BLOCK06/SES062/SA062S11	SES062	1.18251	-37.4331	-38.6157
BLOCK06/SES062/SA062S21	SES062	1.71	-36.0128	-37.7228
BLOCK06/SES062/SA062S26	SES062	0.260216	-37.6164	-37.8766
BLOCK06/SES062/SA062S29	SES062	1.3807	-36.7559	-38.1366
BLOCK06/SES068/SA068S14	SES068	0.0340385	-38.7683	-38.8023
BLOCK06/SES068/SA068S15	SES068	0.944366	-37.2448	-38.1891
BLOCK06/SES068/SA068S23	SES068	0.659508	-38.567	-39.2265
BLOCK06/SES068/SA068S27	SES068	1.66771	-37.0272	-38.6949
BLOCK06/SES068/SA068S29	SES068	0.388416	-38.0997	-38.4881
BLOCK08/SES082/SA082S12	SES082	0.70171	-39.5168	-40.2185
BLOCK08/SES082/SA082S14	SES082	0.0297928	-39.6202	-39.65
BLOCK08/SES082/SA082S21	SES082	0.755768	-38.5458	-39.3015
BLOCK08/SES082/SA082S24	SES082	1.06936	-38.0768	-39.1461
BLOCK08/SES082/SA082S28	SES082	0.172184	-39.1194	-39.2916
BLOCK08/SES083/SA083S14	SES083	-0.363113	-39.0846	-38.7215
BLOCK08/SES083/SA083S15	SES083	-0.163982	-38.8496	-38.6856
BLOCK08/SES083/SA083S24	SES083	-0.318531	-39.3862	-39.0677
BLOCK08/SES083/SA083S26	SES083	0.783096	-38.0696	-38.8526
BLOCK08/SES083/SA083S29	SES083	0.0269623	-38.5118	-38.5387
BLOCK08/SES085/SA085S10	SES085	-0.125446	-39.0147	-38.8892
BLOCK08/SES085/SA085S13	SES085	0.685581	-38.7763	-39.4619
BLOCK08/SES085/SA085S22	SES085	-1.76986	-40.7391	-38.9692
BLOCK08/SES085/SA085S26	SES085	-0.351009	-39.126	-38.775
BLOCK08/SES085/SA085S28	SES085	0.972439	-38.1606	-39.1331
BLOCK08/SES087/SA087S15	SES087	1.59867	-37.9209	-39.5195
BLOCK08/SES087/SA087S16	SES087	1.79955	-37.569	-39.3685
BLOCK08/SES087/SA087S24	SES087	1.77412	-37.6686	-39.4427
BLOCK08/SES087/SA087S26	SES087	1.21474	-36.8127	-38.0275
BLOCK08/SES087/SA087S29	SES087	2.07909	-37.4583	-39.5374
BLOCK09/SES099/SA099S15	SES099	0.813019	-38.5566	-39.3696
BLOCK09/SES099/SA099S16	SES099	1.05954	-37.982	-39.0415
BLOCK09/SES099/SA099S24	SES099	1.27662	-37.4574	-38.734
BLOCK09/SES099/SA099S26	SES099	1.33318	-37.3808	-38.714
BLOCK09/SES099/SA099S29	SES099	1.17853	-37.4502	-38.6288
BLOCK10/SES101/SA101S11	SES101	0.356857	-38.2274	-38.5842
BLOCK10/SES101/SA101S13	SES101	1.00224	-37.7171	-38.7193
BLOCK10/SES101/SA101S22	SES101	0.869049	-38.7562	-39.6253
BLOCK10/SES101/SA101S24	SES101	1.15107	-37.9179	-39.069
BLOCK10/SES101/SA101S28	SES101	0.252678	-39.2171	-39.4698
BLOCK10/SES104/SA104S11	SES104	0.887989	-37.0263	-37.9143
BLOCK10/SES104/SA104S12	SES104	1.5366	-36.6655	-38.2021
BLOCK10/SES104/SA104S21	SES104	1.1283	-37.6633	-38.7916
BLOCK10/SES104/SA104S24	SES104	0.761982	-38.1996	-38.9616
BLOCK10/SES104/SA104S28	SES104	1.24005	-37.6848	-38.9249
BLOCK10/SES105/SA105S12	SES105	0.851051	-39.2225	-40.0736
BLOCK10/SES105/SA105S13	SES105	0.665657	-38.9878	-39.6534
BLOCK10/SES105/SA105S22	SES105	0.320324	-40.0093	-40.3297
BLOCK10/SES105/SA105S26	SES105	1.38951	-38.4756	-39.8651
BLOCK10/SES105/SA105S29	SES105	0.58931	-38.9439	-39.5332
BLOCK10/SES106/SA106S09	SES106	1.77507	-38.2728	-40.0478
BLOCK10/SES106/SA106S11	SES106	1.3254	-37.0471	-38.3725
BLOCK10/SES106/SA106S22	SES106	2.20707	-37.5019	-39.7089
BLOCK10/SES106/SA106S27	SES106	1.27409	-37.531	-38.8051
BLOCK10/SES106/SA106S29	SES106	1.24194	-37.4443	-38.6863
BLOCK11/SES117/SA117S12	SES117	0.709854	-38.5614	-39.2712
BLOCK11/SES117/SA117S13	SES117	0.322205	-38.7661	-39.0883
BLOCK11/SES117/SA117S23	SES117	1.14139	-39.7219	-40.8633
BLOCK11/SES117/SA117S25	SES117	0.854084	-39.372	-40.226
BLOCK11/SES117/SA117S28	SES117	0.935986	-39.3847	-40.3207
BLOCK12/SES120/SA120S08	SES120	1.53774	-39.7464	-41.2842
BLOCK12/SES120/SA120S11	SES120	0.979836	-40.7857	-41.7655
BLOCK12/SES120/SA120S22	SES120	0.193047	-39.1519	-39.3449
BLOCK12/SES120/SA120S24	SES120	0.661381	-39.1	-39.7614
BLOCK12/SES120/SA120S28	SES120	0.443584	-40.4402	-40.8838
BLOCK12/SES125/SA125S13	SES125	1.93834	-36.7659	-38.7042
BLOCK12/SES125/SA125S14	SES125	1.34218	-37.5419	-38.8841
BLOCK12/SES125/SA125S25	SES125	2.11749	-36.6572	-38.7747
BLOCK12/SES125/SA125S27	SES125	2.35754	-35.9781	-38.3357
BLOCK12/SES125/SA125S29	SES125	1.60935	-36.6534	-38.2627
BLOCK12/SES127/SA127S11	SES127	0.892742	-38.5608	-39.4536
BLOCK12/SES127/SA127S12	SES127	-0.687187	-39.3739	-38.6867
BLOCK12/SES127/SA127S23	SES127	0.115814	-38.9224	-39.0383
BLOCK12/SES127/SA127S25	SES127	-0.396286	-39.5305	-39.1342
BLOCK12/SES127/SA127S27	SES127	0.597813	-38.3054	-38.9032
BLOCK12/SES129/SA129S11	SES129	1.16648	-37.4655	-38.632
BLOCK12/SES129/SA129S12	SES129	1.03113	-37.2843	-38.3154
BLOCK12/SES129/SA129S22	SES129	0.765163	-37.9891	-38.7543
BLOCK12/SES129/SA129S27	SES129	1.69685	-36.8962	-38.5931
BLOCK12/SES129/SA129S29	SES129	1.83251	-36.9646	-38.7971
BLOCK14/SES142/SA142S11	SES142	1.5179	-38.6919	-40.2098
BLOCK14/SES142/SA142S12	SES142	1.22491	-38.7557	-39.9806
BLOCK14/SES142/SA142S24	SES142	1.64627	-38.511	-40.1573
BLOCK14/SES142/SA142S27	SES142	1.83693	-37.8806	-39.7176
BLOCK14/SES142/SA142S29	SES142	2.17738	-37.4807	-39.6581
BLOCK14/SES143/SA143S12	SES143	0.959942	-38.8178	-39.7777
BLOCK14/SES143/SA143S13	SES143	0.81226	-38.8556	-39.6678
BLOCK14/SES143/SA143S23	SES143	1.10055	-39.0419	-40.1425
BLOCK14/SES143/SA143S25	SES143	0.81369	-38.74	-39.5537
BLOCK14/SES143/SA143S28	SES143	0.765263	-38.2435	-39.0088
BLOCK14/SES144/SA144S09	SES144	1.02272	-38.396	-39.4187
BLOCK14/SES144/SA144S11	SES144	0.876678	-39.4036	-40.2803
BLOCK14/SES144/SA144S21	SES144	0.491024	-39.2389	-39.73
BLOCK14/SES144/SA144S25	SES144	0.509399	-39.3969	-39.9063
BLOCK14/SES144/SA144S29	SES144	0.00648117	-39.4359	-39.4423
BLOCK14/SES146/SA146S14	SES146	0.621136	-39.3245	-39.9456
BLOCK14/SES146/SA146S15	SES146	0.0794945	-39.3421	-39.4216
BLOCK14/SES146/SA146S24	SES146	0.259693	-39.4066	-39.6663
BLOCK14/SES146/SA146S26	SES146	0.727497	-39.6869	-40.4144
BLOCK14/SES146/SA146S29	SES146	0.600491	-39.7511	-40.3516
BLOCK14/SES147/SA147S11	SES147	2.01033	-38.7769	-40.7872
BLOCK14/SES147/SA147S13	SES147	2.61116	-37.3908	-40.0019
BLOCK14/SES147/SA147S23	SES147	1.81081	-38.9875	-40.7983
BLOCK14/SES147/SA147S26	SES147	1.81139	-38.8537	-40.6651
BLOCK14/SES147/SA147S28	SES147	2.14666	-38.2793	-40.426
BLOCK14/SES148/SA148S10	SES148	1.22735	-37.9608	-39.1881
BLOCK14/SES148/SA148S12	SES148	0.762512	-38.9821	-39.7446
BLOCK14/SES148/SA148S22	SES148	0.899918	-37.709	-38.6089
BLOCK14/SES148/SA148S26	SES148	0.358425	-38.612	-38.9704
BLOCK14/SES148/SA148S29	SES148	0.572639	-38.889	-39.4616
BLOCK14/SES149/SA149S13	SES149	-0.1875	-39.5875	-39.4
BLOCK14/SES149/SA149S14	SES149	0.455112	-38.2084	-38.6635
BLOCK14/SES149/SA149S24	SES149	1.33985	-37.9285	-39.2683
BLOCK14/SES149/SA149S26	SES149	2.08406	-37.4374	-39.5214
BLOCK14/SES149/SA149S28	SES149	1.8305	-36.9546	-38.7851
BLOCK15/SES158/SA158S13	SES158	1.05886	-38.476	-39.5349
BLOCK15/SES158/SA158S14	SES158	2.04984	-37.5327	-39.5825
BLOCK15/SES158/SA158S23	SES158	1.00945	-37.9328	-38.9423
BLOCK15/SES158/SA158S26	SES158	1.45198	-37.7105	-39.1625
BLOCK15/SES158/SA158S28	SES158	1.07251	-38.1488	-39.2213
BLOCK16/SES162/SA162S10	SES162	0.40836	-39.7099	-40.1183
BLOCK16/SES162/SA162S11	SES162	0.751808	-38.7892	-39.541
BLOCK16/SES162/SA162S21	SES162	1.33471	-38.1541	-39.4888
BLOCK16/SES162/SA162S24	SES162	0.958595	-38.6192	-39.5778
BLOCK16/SES162/SA162S27	SES162	1.02575	-38.9667	-39.9925
BLOCK16/SES167/SA167S14	SES167	0.4673	-38.1362	-38.6035
BLOCK16/SES167/SA167S15	SES167	0.901344	-38.5058	-39.4072
BLOCK16/SES167/SA167S21	SES167	1.05815	-37.7142	-38.7723
BLOCK16/SES167/SA167S25	SES167	1.49829	-38.2586	-39.7569
BLOCK16/SES167/SA167S29	SES167	1.59113	-37.2079	-38.799
BLOCK17/SES172/SA172S12	SES172	1.29133	-38.4597	-39.7511
BLOCK17/SES172/SA172S13	SES172	1.64172	-38.507	-40.1487
BLOCK17/SES172/SA172S23	SES172	0.574322	-37.842	-38.4163
BLOCK17/SES172/SA172S27	SES172	0.73587	-38.5673	-39.3031
BLOCK17/SES172/SA172S29	SES172	1.54789	-38.0585	-39.6064
BLOCK17/SES175/SA175S11	SES175	1.22798	-38.2777	-39.5057
BLOCK17/SES175/SA175S13	SES175	1.16875	-38.1449	-39.3137
BLOCK17/SES175/SA175S23	SES175	1.5591	-38.4748	-40.0339
BLOCK17/SES175/SA175S25	SES175	0.899231	-39.787	-40.6863
BLOCK17/SES175/SA175S28	SES175	1.49408	-37.8071	-39.3012
BLOCK17/SES177/SA177S15	SES177	-0.13615	-39.286	-39.1498
BLOCK17/SES177/SA177S17	SES177	0.263027	-38.8217	-39.0847
BLOCK17/SES177/SA177S23	SES177	-0.355309	-39.4295	-39.0742
BLOCK17/SES177/SA177S26	SES177	0.504913	-37.3708	-37.8757
BLOCK17/SES177/SA177S28	SES177	0.576515	-38.0442	-38.6207
BLOCK18/SES180/SA180S13	SES180	0.357338	-38.9803	-39.3376
BLOCK18/SES180/SA180S15	SES180	0.374939	-39.1871	-39.562
BLOCK18/SES180/SA180S24	SES180	0.643513	-37.7548	-38.3983
BLOCK18/SES180/SA180S26	SES180	0.726078	-38.3368	-39.0628
BLOCK18/SES180/SA180S29	SES180	0.97546	-38.8655	-39.841
BLOCK18/SES183/SA183S13	SES183	0.838737	-39.0191	-39.8578
BLOCK18/SES183/SA183S14	SES183	0.508312	-39.3062	-39.8145
BLOCK18/SES183/SA183S24	SES183	0.694172	-39.3472	-40.0414
BLOCK18/SES183/SA183S27	SES183	1.2002	-38.5446	-39.7448
BLOCK18/SES183/SA183S29	SES183	0.918056	-38.5414	-39.4594
BLOCK18/SES187/SA187S13	SES187	0.59483	-39.5985	-40.1933
BLOCK18/SES187/SA187S14	SES187	0.786644	-39.4885	-40.2752
BLOCK18/SES187/SA187S24	SES187	1.34613	-38.5743	-39.9204
BLOCK18/SES187/SA187S27	SES187	1.09882	-38.7199	-39.8187
BLOCK18/SES187/SA187S29	SES187	0.895962	-39.0485	-39.9445
BLOCK18/SES189/SA189S10	SES189	1.45792	-40.29	-41.7479
BLOCK18/SES189/SA189S13	SES189	1.64233	-40.4429	-42.0852
BLOCK18/SES189/SA189S24	SES189	1.62777	-39.4271	-41.0548
BLOCK18/SES189/SA189S26	SES189	0.90147	-39.6659	-40.5673
BLOCK18/SES189/SA189S29	SES189	1.85106	-39.2081	-41.0592
BLOCK20/SES202/SA202S12	SES202	1.35145	-38.9653	-40.3168
BLOCK20/SES202/SA202S14	SES202	2.53471	-37.2527	-39.7874
BLOCK20/SES202/SA202S24	SES202	1.21673	-38.8796	-40.0964
BLOCK20/SES202/SA202S27	SES202	1.69503	-37.2413	-38.9363
BLOCK20/SES202/SA202S29	SES202	1.91771	-37.1823	-39.1
BLOCK20/SES206/SA206S15	SES206	-0.00883484	-38.0316	-38.0228
BLOCK20/SES206/SA206S17	SES206	1.79295	-36.6379	-38.4308
BLOCK20/SES206/SA206S24	SES206	1.4318	-36.8442	-38.2761
BLOCK20/SES206/SA206S27	SES206	1.55135	-37.5907	-39.142
BLOCK20/SES206/SA206S29	SES206	1.51403	-36.4543	-37.9684
BLOCK22/SES226/SA226S12	SES226	1.50974	-38.1402	-39.6499
BLOCK22/SES226/SA226S13	SES226	-0.300747	-39.6414	-39.3407
BLOCK22/SES226/SA226S20	SES226	1.41171	-38.2594	-39.6711
BLOCK22/SES226/SA226S23	SES226	1.60288	-37.7349	-39.3378
BLOCK22/SES226/SA226S28	SES226	1.66045	-37.4467	-39.1072
BLOCK25/SES259/SA259S13	SES259	2.9314	-35.8918	-38.8232
BLOCK25/SES259/SA259S14	SES259	1.68524	-37.3757	-39.0609
BLOCK25/SES259/SA259S22	SES259	1.46083	-37.1892	-38.65
BLOCK25/SES259/SA259S24	SES259	1.98613	-36.4645	-38.4507
BLOCK25/SES259/SA259S28	SES259	1.6172	-36.7604	-38.3776
BLOCK27/SES270/SA270S14	SES270	2.16429	-38.1541	-40.3184
BLOCK27/SES270/SA270S16	SES270	0.716438	-38.194	-38.9104
BLOCK27/SES270/SA270S22	SES270	2.46543	-37.3831	-39.8485
BLOCK27/SES270/SA270S26	SES270	1.35471	-38.595	-39.9497
BLOCK27/SES270/SA270S28	SES270	0.890747	-38.0062	-38.897
BLOCK27/SES275/SA275S17	SES275	1.3438	-38.8359	-40.1797
BLOCK27/SES275/SA275S18	SES275	0.17683	-39.0894	-39.2663
BLOCK27/SES275/SA275S24	SES275	0.382122	-40.1766	-40.5588
BLOCK27/SES275/SA275S26	SES275	1.07427	-38.3422	-39.4165
BLOCK27/SES275/SA275S28	SES275	0.31226	-38.7904	-39.1026
BLOCK29/SES292/SA292S10	SES292	0.652836	-38.8014	-39.4543
BLOCK29/SES292/SA292S12	SES292	0.531105	-39.6396	-40.1707
BLOCK29/SES292/SA292S22	SES292	0.996422	-38.0289	-39.0253
BLOCK29/SES292/SA292S24	SES292	0.293182	-38.7177	-39.0108
BLOCK29/SES292/SA292S27	SES292	-0.0150871	-38.5532	-38.5381
BLOCK00/SES001/SA001S14	SES062	-1.14226	-40.6962	-39.554
BLOCK00/SES001/SA001S14	SES082	-1.91227	-41.4662	-39.554
BLOCK00/SES001/SA001S14	SES106	-1.57544	-41.1294	-39.554
BLOCK00/SES001/SA001S14	SES206	-2.57558	-42.1296	-39.554
BLOCK00/SES001/SA001S15	SES062	-1.55119	-40.1919	-38.6407
BLOCK00/SES001/SA001S15	SES104	-3.03592	-41.6766	-38.6407
BLOCK00/SES001/SA001S15	SES106	-2.01017	-40.6508	-38.6407
BLOCK00/SES001/SA001S15	SES206	-2.70876	-41.3494	-38.6407
BLOCK00/SES001/SA001S24	SES062	-2.6111	-41.976	-39.3649
BLOCK00/SES001/SA001S24	SES082	-3.16073	-42.5256	-39.3649
BLOCK00/SES001/SA001S24	SES087	-2.54431	-41.9092	-39.3649
BLOCK00/SES001/SA001S24	SES206	-1.37711	-40.742	-39.3649
BLOCK00/SES001/SA001S27	SES062	-1.48146	-40.3834	-38.9019
BLOCK00/SES001/SA001S27	SES082	-2.14565	-41.0476	-38.9019
BLOCK00/SES001/SA001S27	SES087	-2.49564	-41.3976	-38.9019
BLOCK00/SES001/SA001S27	SES206	-3.10873	-42.0107	-38.9019
BLOCK00/SES001/SA001S29	SES062	-1.92523	-41.0176	-39.0924
BLOCK00/SES001/SA001S29	SES082	-1.35452	-40.4469	-39.0924
BLOCK00/SES001/SA001S29	SES158	-1.43494	-40.5273	-39.0924
BLOCK00/SES001/SA001S29	SES206	-2.98838	-42.0808	-39.0924
BLOCK00/SES003/SA003S11	SES002	-1.02342	-40.2048	-39.1813
BLOCK00/SES003/SA003S11	SES019	-0.898285	-40.0796	-39.1813
BLOCK00/SES003/SA003S11	SES082	0.0832939	-39.0981	-39.1813
BLOCK00/SES003/SA003S11	SES125	-0.837452	-40.0188	-39.1813
BLOCK00/SES003/SA003S15	SES016	-3.72406	-42.7567	-39.0326
BLOCK00/SES003/SA003S15	SES019	-0.944469	-39.9771	-39.0326
BLOCK00/SES003/SA003S15	SES062	-2.17777	-41.2104	-39.0326
BLOCK00/SES003/SA003S15	SES206	-1.00485	-40.0375	-39.0326
BLOCK00/SES003/SA003S22	SES002	-1.7713	-40.7131	-38.9417
BLOCK00/SES003/SA003S22	SES062	-0.863167	-39.8049	-38.9417
BLOCK00/SES003/SA003S22	SES082	-0.893169	-39.8349	-38.9417
BLOCK00/SES003/SA003S22	SES087	-1.48843	-40.4302	-38.9417
BLOCK00/SES003/SA003S25	SES062	-2.34472	-42.1493	-39.8045
BLOCK00/SES003/SA003S25	SES082	0.00270462	-39.8018	-39.8045
BLOCK00/SES003/SA003S25	SES087	-1.35402	-41.1586	-39.8045
BLOCK00/SES003/SA003S25	SES206	-1.23602	-41.0406	-39.8045
BLOCK00/SES003/SA003S29	SES002	-1.51311	-41.1039	-39.5908
BLOCK00/SES003/SA003S29	SES062	-1.69141	-41.2822	-39.5908
BLOCK00/SES003/SA003S29	SES082	-0.390526	-39.9813	-39.5908
BLOCK00/SES003/SA003S29	SES087	-1.70351	-41.2943	-39.5908
BLOCK00/SES004/SA004S12	SES083	-2.37071	-41.9732	-39.6024
BLOCK00/SES004/SA004S12	SES148	-1.83501	-41.4375	-39.6024
BLOCK00/SES004/SA004S12	SES172	-1.11955	-40.722	-39.6024
BLOCK00/SES004/SA004S12	SES292	-1.95211	-41.5546	-39.6024
BLOCK00/SES004/SA004S17	SES083	-2.2157	-42.0102	-39.7945
BLOCK00/SES004/SA004S17	SES162	-1.38799	-41.1825	-39.7945
BLOCK00/SES004/SA004S17	SES172	-1.55207	-41.3466	-39.7945
BLOCK00/SES004/SA004S17	SES292	-1.7023	-41.4968	-39.7945
BLOCK00/SES004/SA004S24	SES083	-2.20163	-41.3416	-39.1399
BLOCK00/SES004/SA004S24	SES148	-1.87152	-41.0115	-39.1399
BLOCK00/SES004/SA004S24	SES172	-1.10821	-40.2482	-39.1399
BLOCK00/SES004/SA004S24	SES292	-1.3358	-40.4757	-39.1399
BLOCK00/SES004/SA004S26	SES083	-1.85766	-40.6237	-38.7661
BLOCK00/SES004/SA004S26	SES127	-1.10801	-39.8741	-38.7661
BLOCK00/SES004/SA004S26	SES148	-1.97474	-40.7408	-38.7661
BLOCK00/SES004/SA004S26	SES292	-1.81913	-40.5852	-38.7661
BLOCK00/SES004/SA004S28	SES083	-2.16071	-40.8181	-38.6574
BLOCK00/SES004/SA004S28	SES127	-1.45588	-40.1133	-38.6574
BLOCK00/SES004/SA004S28	SES187	-1.26023	-39.9176	-38.6574
BLOCK00/SES004/SA004S28	SES292	-2.20815	-40.8656	-38.6574
BLOCK00/SES006/SA006S10	SES014	-2.83767	-43.7309	-40.8932
BLOCK00/SES006/SA006S10	SES158	-0.687103	-41.5803	-40.8932
BLOCK00/SES006/SA006S10	SES226	-2.81851	-43.7117	-40.8932
BLOCK00/SES006/SA006S10	SES270	-0.222748	-41.116	-40.8932
BLOCK00/SES006/SA006S11	SES158	-0.444191	-41.4339	-40.9897
BLOCK00/SES006/SA006S11	SES226	-1.52581	-42.5155	-40.9897
BLOCK00/SES006/SA006S11	SES270	-0.0981827	-41.0879	-40.9897
BLOCK00/SES006/SA006S11	SES275	-3.02611	-44.0158	-40.9897
BLOCK00/SES006/SA006S23	SES062	-1.84035	-42.2009	-40.3605
BLOCK00/SES006/SA006S23	SES105	-1.88772	-42.2482	-40.3605
BLOCK00/SES006/SA006S23	SES158	-0.429592	-40.7901	-40.3605
BLOCK00/SES006/SA006S23	SES275	-1.86325	-42.2237	-40.3605
BLOCK00/SES006/SA006S26	SES104	-1.62674	-41.2317	-39.6049
BLOCK00/SES006/SA006S26	SES158	-0.11861	-39.7236	-39.6049
BLOCK00/SES006/SA006S26	SES270	0.262035	-39.3429	-39.6049
BLOCK00/SES006/SA006S26	SES275	-2.82421	-42.4292	-39.6049
BLOCK00/SES006/SA006S28	SES007	-2.32722	-42.9931	-40.6659
BLOCK00/SES006/SA006S28	SES105	-2.02653	-42.6924	-40.6659
BLOCK00/SES006/SA006S28	SES158	-1.21442	-41.8803	-40.6659
BLOCK00/SES006/SA006S28	SES275	-3.31901	-43.9849	-40.6659
BLOCK00/SES009/SA009S12	SES083	-1.48679	-40.4872	-39.0004
BLOCK00/SES009/SA009S12	SES148	-1.37301	-40.3734	-39.0004
BLOCK00/SES009/SA009S12	SES177	-1.73035	-40.7308	-39.0004
BLOCK00/SES009/SA009S12	SES292	-1.05558	-40.056	-39.0004
BLOCK00/SES009/SA009S15	SES007	0.580425	-37.8322	-38.4127
BLOCK00/SES009/SA009S15	SES099	-7.59938	-46.012	-38.4127
BLOCK00/SES009/SA009S15	SES148	-0.981133	-39.3938	-38.4127
BLOCK00/SES009/SA009S15	SES172	-1.35604	-39.7687	-38.4127
BLOCK00/SES009/SA009S24	SES146	-1.25114	-39.8549	-38.6038
BLOCK00/SES009/SA009S24	SES148	-1.1695	-39.7733	-38.6038
BLOCK00/SES009/SA009S24	SES177	-1.36044	-39.9642	-38.6038
BLOCK00/SES009/SA009S24	SES292	-1.00399	-39.6078	-38.6038
BLOCK00/SES009/SA009S26	SES083	-2.0757	-41.2154	-39.1397
BLOCK00/SES009/SA009S26	SES101	-1.72616	-40.8659	-39.1397
BLOCK00/SES009/SA009S26	SES120	-1.05033	-40.1901	-39.1397
BLOCK00/SES009/SA009S26	SES177	-1.98982	-41.1296	-39.1397
BLOCK00/SES009/SA009S29	SES083	-1.50652	-40.1424	-38.6359
BLOCK00/SES009/SA009S29	SES101	-1.31437	-39.9503	-38.6359
BLOCK00/SES009/SA009S29	SES177	-1.65767	-40.2936	-38.6359
BLOCK00/SES009/SA009S29	SES292	-1.65061	-40.2865	-38.6359
BLOCK01/SES011/SA011S10	SES019	-0.685398	-40.0151	-39.3297
BLOCK01/SES011/SA011S10	SES042	-0.597694	-39.9274	-39.3297
BLOCK01/SES011/SA011S10	SES082	-2.35435	-41.684	-39.3297
BLOCK01/SES011/SA011S10	SES206	-0.586758	-39.9164	-39.3297
BLOCK01/SES011/SA011S11	SES019	-0.560757	-40.3855	-39.8248
BLOCK01/SES011/SA011S11	SES042	-1.55179	-41.3765	-39.8248
BLOCK01/SES011/SA011S11	SES082	-2.03881	-41.8636	-39.8248
BLOCK01/SES011/SA011S11	SES206	0.167568	-39.6572	-39.8248
BLOCK01/SES011/SA011S22	SES019	-0.270679	-39.5663	-39.2956
BLOCK01/SES011/SA011S22	SES042	-0.710316	-40.0059	-39.2956
BLOCK01/SES011/SA011S22	SES082	-1.18889	-40.4845	-39.2956
BLOCK01/SES011/SA011S22	SES206	-0.312836	-39.6085	-39.2956
BLOCK01/SES011/SA011S24	SES019	-0.91214	-39.8764	-38.9642
BLOCK01/SES011/SA011S24	SES042	-0.373138	-39.3374	-38.9642
BLOCK01/SES011/SA011S24	SES104	-1.34401	-40.3082	-38.9642
BLOCK01/SES011/SA011S24	SES206	0.230988	-38.7332	-38.9642
BLOCK01/SES011/SA011S27	SES082	0.0488968	-38.5658	-38.6147
BLOCK01/SES011/SA011S27	SES087	-0.769897	-39.3846	-38.6147
BLOCK01/SES011/SA011S27	SES125	-0.200218	-38.8149	-38.6147
BLOCK01/SES011/SA011S27	SES206	0.255585	-38.3591	-38.6147
BLOCK01/SES012/SA012S11	SES007	-2.43808	-40.4176	-37.9795
BLOCK01/SES012/SA012S11	SES082	-1.04693	-39.0264	-37.9795
BLOCK01/SES012/SA012S11	SES083	-2.13633	-40.1158	-37.9795
BLOCK01/SES012/SA012S11	SES206	-0.913868	-38.8933	-37.9795
BLOCK01/SES012/SA012S14	SES082	-1.21311	-39.9812	-38.7681
BLOCK01/SES012/SA012S14	SES087	-1.47774	-40.2458	-38.7681
BLOCK01/SES012/SA012S14	SES206	-1.0173	-39.7854	-38.7681
BLOCK01/SES012/SA012S14	SES292	-3.91019	-42.6783	-38.7681
BLOCK01/SES012/SA012S24	SES082	0.314083	-39.2936	-39.6077
BLOCK01/SES012/SA012S24	SES087	-0.701511	-40.3092	-39.6077
BLOCK01/SES012/SA012S24	SES120	-3.56219	-43.1699	-39.6077
BLOCK01/SES012/SA012S24	SES206	-0.193047	-39.8008	-39.6077
BLOCK01/SES012/SA012S26	SES019	-2.06439	-40.9804	-38.916
BLOCK01/SES012/SA012S26	SES082	-1.97718	-40.8932	-38.916
BLOCK01/SES012/SA012S26	SES206	-0.234875	-39.1509	-38.916
BLOCK01/SES012/SA012S26	SES292	-3.52599	-42.442	-38.916
BLOCK01/SES012/SA012S29	SES062	-1.87023	-40.3954	-38.5251
BLOCK01/SES012/SA012S29	SES082	-0.930874	-39.456	-38.5251
BLOCK01/SES012/SA012S29	SES083	-1.91058	-40.4357	-38.5251
BLOCK01/SES012/SA012S29	SES206	-1.23096	-39.7561	-38.5251
BLOCK01/SES013/SA013S16	SES062	-3.86848	-42.9466	-39.0781
BLOCK01/SES013/SA013S16	SES106	-0.475281	-39.5534	-39.0781
BLOCK01/SES013/SA013S16	SES206	-0.879269	-39.9574	-39.0781
BLOCK01/SES013/SA013S16	SES226	-0.23349	-39.3116	-39.0781
BLOCK01/SES013/SA013S17	SES062	-3.45728	-42.1452	-38.6879
BLOCK01/SES013/SA013S17	SES106	-0.544937	-39.2328	-38.6879
BLOCK01/SES013/SA013S17	SES206	-0.147007	-38.8349	-38.6879
BLOCK01/SES013/SA013S17	SES226	-0.126083	-38.814	-38.6879
BLOCK01/SES013/SA013S23	SES104	-1.29178	-40.4956	-39.2038
BLOCK01/SES013/SA013S23	SES106	-0.148663	-39.3525	-39.2038
BLOCK01/SES013/SA013S23	SES206	-0.533798	-39.7376	-39.2038
BLOCK01/SES013/SA013S23	SES270	-0.478519	-39.6823	-39.2038
BLOCK01/SES013/SA013S25	SES042	-1.60179	-40.3765	-38.7747
BLOCK01/SES013/SA013S25	SES104	-1.20779	-39.9825	-38.7747
BLOCK01/SES013/SA013S25	SES106	-0.0618057	-38.8365	-38.7747
BLOCK01/SES013/SA013S25	SES206	-0.834995	-39.6097	-38.7747
BLOCK01/SES013/SA013S29	SES062	-3.82146	-42.6126	-38.7911
BLOCK01/SES013/SA013S29	SES104	-1.17933	-39.9705	-38.7911
BLOCK01/SES013/SA013S29	SES106	-0.140392	-38.9315	-38.7911
BLOCK01/SES013/SA013S29	SES206	-0.905006	-39.6961	-38.7911
BLOCK02/SES021/SA021S13	SES016	-2.97042	-41.0177	-38.0473
BLOCK02/SES021/SA021S13	SES029	-2.38895	-40.4362	-38.0473
BLOCK02/SES021/SA021S13	SES087	-1.14777	-39.195	-38.0473
BLOCK02/SES021/SA021S13	SES206	-0.457306	-38.5046	-38.0473
BLOCK02/SES021/SA021S15	SES087	-0.81205	-37.8961	-37.0841
BLOCK02/SES021/SA021S15	SES125	-0.759476	-37.8435	-37.0841
BLOCK02/SES021/SA021S15	SES206	0.0530739	-37.031	-37.0841
BLOCK02/SES021/SA021S15	SES226	-1.0793	-38.1634	-37.0841
BLOCK02/SES021/SA021S23	SES062	-2.50384	-41.8523	-39.3484
BLOCK02/SES021/SA021S23	SES087	-1.52884	-40.8773	-39.3484
BLOCK02/SES021/SA021S23	SES206	-1.45375	-40.8022	-39.3484
BLOCK02/SES021/SA021S23	SES226	-1.03931	-40.3877	-39.3484
BLOCK02/SES021/SA021S27	SES002	-1.74658	-39.7307	-37.9842
BLOCK02/SES021/SA021S27	SES016	-3.74601	-41.7302	-37.9842
BLOCK02/SES021/SA021S27	SES019	-1.78914	-39.7733	-37.9842
BLOCK02/SES021/SA021S27	SES062	-1.4036	-39.3878	-37.9842
BLOCK02/SES021/SA021S29	SES087	-1.50574	-39.2845	-37.7788
BLOCK02/SES021/SA021S29	SES125	-1.18692	-38.9657	-37.7788
BLOCK02/SES021/SA021S29	SES206	-0.802929	-38.5817	-37.7788
BLOCK02/SES021/SA021S29	SES226	-1.19647	-38.9752	-37.7788
BLOCK04/SES043/SA043S09	SES083	-2.4707	-42.7166	-40.2459
BLOCK04/SES043/SA043S09	SES101	-2.34591	-42.5918	-40.2459
BLOCK04/SES043/SA043S09	SES144	-1.13564	-41.3816	-40.2459
BLOCK04/SES043/SA043S09	SES172	-3.08659	-43.3325	-40.2459
BLOCK04/SES043/SA043S11	SES083	-0.781639	-39.7733	-38.9917
BLOCK04/SES043/SA043S11	SES101	-1.55798	-40.5497	-38.9917
BLOCK04/SES043/SA043S11	SES144	-0.7052	-39.6969	-38.9917
BLOCK04/SES043/SA043S11	SES172	-1.6753	-40.667	-38.9917
BLOCK04/SES043/SA043S23	SES083	-1.02927	-40.5801	-39.5508
BLOCK04/SES043/SA043S23	SES144	-0.163067	-39.7139	-39.5508
BLOCK04/SES043/SA043S23	SES177	-2.22938	-41.7802	-39.5508
BLOCK04/SES043/SA043S23	SES275	-0.592148	-40.143	-39.5508
BLOCK04/SES043/SA043S26	SES083	-0.862015	-40.8243	-39.9623
BLOCK04/SES043/SA043S26	SES101	-1.03653	-40.9989	-39.9623
BLOCK04/SES043/SA043S26	SES144	-0.0995216	-40.0618	-39.9623
BLOCK04/SES043/SA043S26	SES177	-1.61942	-41.5817	-39.9623
BLOCK04/SES043/SA043S28	SES016	-1.43645	-40.396	-38.9596
BLOCK04/SES043/SA043S28	SES083	-0.706459	-39.666	-38.9596
BLOCK04/SES043/SA043S28	SES101	-0.836666	-39.7962	-38.9596
BLOCK04/SES043/SA043S28	SES144	-0.838676	-39.7982	-38.9596
BLOCK04/SES044/SA044S10	SES127	-2.16887	-44.5691	-42.4003
BLOCK04/SES044/SA044S10	SES144	-0.781429	-43.1817	-42.4003
BLOCK04/SES044/SA044S10	SES147	-3.89531	-46.2956	-42.4003
BLOCK04/SES044/SA044S10	SES148	-2.3449	-44.7452	-42.4003
BLOCK04/SES044/SA044S11	SES101	-2.21828	-43.2365	-41.0182
BLOCK04/SES044/SA044S11	SES144	-0.241646	-41.2598	-41.0182
BLOCK04/SES044/SA044S11	SES147	-2.99434	-44.0125	-41.0182
BLOCK04/SES044/SA044S11	SES177	-2.46246	-43.4807	-41.0182
BLOCK04/SES044/SA044S24	SES007	-1.56874	-41.9475	-40.3788
BLOCK04/SES044/SA044S24	SES101	-1.0951	-41.4739	-40.3788
BLOCK04/SES044/SA044S24	SES147	-3.53523	-43.914	-40.3788
BLOCK04/SES044/SA044S24	SES177	-1.64091	-42.0197	-40.3788
BLOCK04/SES044/SA044S26	SES007	-1.60434	-41.7672	-40.1629
BLOCK04/SES044/SA044S26	SES016	-0.865509	-41.0284	-40.1629
BLOCK04/SES044/SA044S26	SES101	-0.80822	-40.9711	-40.1629
BLOCK04/SES044/SA044S26	SES147	-1.54906	-41.712	-40.1629
BLOCK04/SES044/SA044S29	SES007	-1.84756	-41.2982	-39.4506
BLOCK04/SES044/SA044S29	SES101	-0.980759	-40.4314	-39.4506
BLOCK04/SES044/SA044S29	SES147	-2.33487	-41.7855	-39.4506
BLOCK04/SES044/SA044S29	SES177	-1.65929	-41.1099	-39.4506
BLOCK04/SES046/SA046S13	SES101	-2.41854	-42.796	-40.3774
BLOCK04/SES046/SA046S13	SES144	-1.28476	-41.6622	-40.3774
BLOCK04/SES046/SA046S13	SES147	-3.54979	-43.9272	-40.3774
BLOCK04/SES046/SA046S13	SES177	-1.17983	-41.5573	-40.3774
BLOCK04/SES046/SA046S15	SES048	-2.74379	-41.7702	-39.0264
BLOCK04/SES046/SA046S15	SES083	-1.11569	-40.1421	-39.0264
BLOCK04/SES046/SA046S15	SES120	-2.34686	-41.3733	-39.0264
BLOCK04/SES046/SA046S15	SES148	-1.14135	-40.1677	-39.0264
BLOCK04/SES046/SA046S22	SES101	-0.797222	-41.242	-40.4448
BLOCK04/SES046/SA046S22	SES144	-1.23064	-41.6754	-40.4448
BLOCK04/SES046/SA046S22	SES147	-2.06083	-42.5056	-40.4448
BLOCK04/SES046/SA046S22	SES172	-1.02213	-41.4669	-40.4448
BLOCK04/SES046/SA046S25	SES083	-2.14981	-41.9894	-39.8396
BLOCK04/SES046/SA046S25	SES127	-1.46147	-41.3011	-39.8396
BLOCK04/SES046/SA046S25	SES144	-1.99859	-41.8382	-39.8396
BLOCK04/SES046/SA046S25	SES148	-0.947407	-40.787	-39.8396
BLOCK04/SES046/SA046S28	SES007	-3.22649	-43.786	-40.5595
BLOCK04/SES046/SA046S28	SES105	-1.85523	-42.4147	-40.5595
BLOCK04/SES046/SA046S28	SES147	-2.81826	-43.3778	-40.5595
BLOCK04/SES046/SA046S28	SES148	-1.64193	-42.2015	-40.5595
BLOCK04/SES049/SA049S16	SES104	-0.730179	-40.8161	-40.0859
BLOCK04/SES049/SA049S16	SES106	-0.675705	-40.7616	-40.0859
BLOCK04/SES049/SA049S16	SES120	-3.09707	-43.183	-40.0859
BLOCK04/SES049/SA049S16	SES206	-0.913097	-40.999	-40.0859
BLOCK04/SES049/SA049S18	SES099	0.450497	-40.9083	-41.3588
BLOCK04/SES049/SA049S18	SES104	-2.16066	-43.5195	-41.3588
BLOCK04/SES049/SA049S18	SES125	-1.57852	-42.9374	-41.3588
BLOCK04/SES049/SA049S18	SES206	-1.24871	-42.6075	-41.3588
BLOCK04/SES049/SA049S25	SES087	-0.946808	-40.9265	-39.9797
BLOCK04/SES049/SA049S25	SES104	-1.09619	-41.0759	-39.9797
BLOCK04/SES049/SA049S25	SES125	-1.52335	-41.5031	-39.9797
BLOCK04/SES049/SA049S25	SES206	-0.431316	-40.411	-39.9797
BLOCK04/SES049/SA049S27	SES099	0.115337	-39.4058	-39.5211
BLOCK04/SES049/SA049S27	SES104	-0.253712	-39.7748	-39.5211
BLOCK04/SES049/SA049S27	SES125	-1.3725	-40.8936	-39.5211
BLOCK04/SES049/SA049S27	SES206	-0.789127	-40.3102	-39.5211
BLOCK04/SES049/SA049S29	SES099	0.139973	-38.545	-38.685
BLOCK04/SES049/SA049S29	SES104	0.0317764	-38.6532	-38.685
BLOCK04/SES049/SA049S29	SES125	-0.84399	-39.5289	-38.685
BLOCK04/SES049/SA049S29	SES206	-0.430313	-39.1153	-38.685
BLOCK06/SES063/SA063S09	SES068	-2.14297	-41.5958	-39.4528
BLOCK06/SES063/SA063S09	SES083	-0.539845	-39.9926	-39.4528
BLOCK06/SES063/SA063S09	SES177	-1.26211	-40.7149	-39.4528
BLOCK06/SES063/SA063S09	SES187	-1.8816	-41.3344	-39.4528
BLOCK06/SES063/SA063S10	SES068	-2.02681	-42.3114	-40.2846
BLOCK06/SES063/SA063S10	SES083	-0.540852	-40.8255	-40.2846
BLOCK06/SES063/SA063S10	SES172	-0.612133	-40.8968	-40.2846
BLOCK06/SES063/SA063S10	SES187	-1.48606	-41.7707	-40.2846
BLOCK06/SES063/SA063S20	SES068	-2.88115	-42.7979	-39.9168
BLOCK06/SES063/SA063S20	SES083	-1.41549	-41.3322	-39.9168
BLOCK06/SES063/SA063S20	SES172	-1.18313	-41.0999	-39.9168
BLOCK06/SES063/SA063S20	SES187	-1.01437	-40.9311	-39.9168
BLOCK06/SES063/SA063S24	SES029	-2.40769	-41.836	-39.4283
BLOCK06/SES063/SA063S24	SES083	-0.495621	-39.9239	-39.4283
BLOCK06/SES063/SA063S24	SES177	-0.678818	-40.1071	-39.4283
BLOCK06/SES063/SA063S24	SES189	-0.950527	-40.3788	-39.4283
BLOCK06/SES063/SA063S27	SES083	-0.334805	-40.9613	-40.6265
BLOCK06/SES063/SA063S27	SES172	-0.430904	-41.0574	-40.6265
BLOCK06/SES063/SA063S27	SES187	-1.48052	-42.107	-40.6265
BLOCK06/SES063/SA063S27	SES292	-1.52074	-42.1472	-40.6265
BLOCK06/SES067/SA067S12	SES083	-2.48235	-42.0336	-39.5512
BLOCK06/SES067/SA067S12	SES172	-2.27566	-41.8269	-39.5512
BLOCK06/SES067/SA067S12	SES202	0.152027	-39.3992	-39.5512
BLOCK06/SES067/SA067S12	SES292	-1.61601	-41.1672	-39.5512
BLOCK06/SES067/SA067S14	SES085	-1.50462	-40.6651	-39.1605
BLOCK06/SES067/SA067S14	SES177	-1.49339	-40.6539	-39.1605
BLOCK06/SES067/SA067S14	SES183	-2.20997	-41.3704	-39.1605
BLOCK06/SES067/SA067S14	SES202	-0.21664	-39.3771	-39.1605
BLOCK06/SES067/SA067S21	SES144	-1.5238	-41.803	-40.2792
BLOCK06/SES067/SA067S21	SES177	-0.986019	-41.2652	-40.2792
BLOCK06/SES067/SA067S21	SES183	-4.64226	-44.9214	-40.2792
BLOCK06/SES067/SA067S21	SES189	-0.185966	-40.4652	-40.2792
BLOCK06/SES067/SA067S25	SES085	-0.544361	-40.3904	-39.846
BLOCK06/SES067/SA067S25	SES177	-0.935848	-40.7818	-39.846
BLOCK06/SES067/SA067S25	SES183	-2.31858	-42.1646	-39.846
BLOCK06/SES067/SA067S25	SES202	0.111412	-39.7346	-39.846
BLOCK06/SES067/SA067S29	SES085	-1.44738	-41.3606	-39.9132
BLOCK06/SES067/SA067S29	SES177	-1.40479	-41.318	-39.9132
BLOCK06/SES067/SA067S29	SES183	-2.43696	-42.3502	-39.9132
BLOCK06/SES067/SA067S29	SES202	0.0616493	-39.8516	-39.9132
BLOCK06/SES069/SA069S12	SES029	-2.29892	-41.0918	-38.7929
BLOCK06/SES069/SA069S12	SES082	-0.709133	-39.502	-38.7929
BLOCK06/SES069/SA069S12	SES087	-1.68156	-40.4745	-38.7929
BLOCK06/SES069/SA069S12	SES206	-1.36182	-40.1547	-38.7929
BLOCK06/SES069/SA069S13	SES029	-2.50062	-41.3423	-38.8416
BLOCK06/SES069/SA069S13	SES087	-2.44564	-41.2873	-38.8416
BLOCK06/SES069/SA069S13	SES206	-2.14814	-40.9898	-38.8416
BLOCK06/SES069/SA069S13	SES226	-1.93567	-40.7773	-38.8416
BLOCK06/SES069/SA069S23	SES029	-1.56659	-39.256	-37.6894
BLOCK06/SES069/SA069S23	SES087	-2.56667	-40.256	-37.6894
BLOCK06/SES069/SA069S23	SES206	-2.41314	-40.1025	-37.6894
BLOCK06/SES069/SA069S23	SES226	-1.17488	-38.8642	-37.6894
BLOCK06/SES069/SA069S25	SES087	-1.34046	-39.3652	-38.0248
BLOCK06/SES069/SA069S25	SES206	-1.8291	-39.8539	-38.0248
BLOCK06/SES069/SA069S25	SES226	-1.37899	-39.4038	-38.0248
BLOCK06/SES069/SA069S25	SES270	-0.861073	-38.8859	-38.0248
BLOCK06/SES069/SA069S27	SES087	-1.85394	-40.0715	-38.2175
BLOCK06/SES069/SA069S27	SES206	-0.719906	-38.9375	-38.2175
BLOCK06/SES069/SA069S27	SES226	-0.684978	-38.9025	-38.2175
BLOCK06/SES069/SA069S27	SES270	-0.48835	-38.7059	-38.2175
BLOCK08/SES081/SA081S11	SES060	-1.47223	-40.6398	-39.1676
BLOCK08/SES081/SA081S11	SES062	-2.9403	-42.1079	-39.1676
BLOCK08/SES081/SA081S11	SES117	-2.44479	-41.6124	-39.1676
BLOCK08/SES081/SA081S11	SES162	-1.85231	-41.0199	-39.1676
BLOCK08/SES081/SA081S13	SES016	-0.938244	-39.5793	-38.6411
BLOCK08/SES081/SA081S13	SES060	-0.515434	-39.1565	-38.6411
BLOCK08/SES081/SA081S13	SES068	-0.72533	-39.3664	-38.6411
BLOCK08/SES081/SA081S13	SES129	-1.61922	-40.2603	-38.6411
BLOCK08/SES081/SA081S24	SES060	-1.00591	-39.9738	-38.9679
BLOCK08/SES081/SA081S24	SES068	-1.29071	-40.2586	-38.9679
BLOCK08/SES081/SA081S24	SES117	-1.98009	-40.948	-38.9679
BLOCK08/SES081/SA081S24	SES275	-2.3618	-41.3297	-38.9679
BLOCK08/SES081/SA081S27	SES007	-2.16849	-41.1733	-39.0048
BLOCK08/SES081/SA081S27	SES060	-1.70354	-40.7084	-39.0048
BLOCK08/SES081/SA081S27	SES117	-1.27243	-40.2772	-39.0048
BLOCK08/SES081/SA081S27	SES275	-2.38406	-41.3889	-39.0048
BLOCK08/SES081/SA081S29	SES007	-1.7003	-40.5724	-38.8721
BLOCK08/SES081/SA081S29	SES060	-1.26801	-40.1401	-38.8721
BLOCK08/SES081/SA081S29	SES117	-1.89528	-40.7673	-38.8721
BLOCK08/SES081/SA081S29	SES275	-2.4161	-41.2882	-38.8721
BLOCK08/SES086/SA086S11	SES029	-4.33038	-44.9649	-40.6345
BLOCK08/SES086/SA086S11	SES082	-1.80421	-42.4387	-40.6345
BLOCK08/SES086/SA086S11	SES087	-0.363125	-40.9976	-40.6345
BLOCK08/SES086/SA086S11	SES206	-2.0904	-42.7249	-40.6345
BLOCK08/SES086/SA086S12	SES029	-4.18081	-43.9974	-39.8166
BLOCK08/SES086/SA086S12	SES082	-1.81407	-41.6306	-39.8166
BLOCK08/SES086/SA086S12	SES087	0.0296707	-39.7869	-39.8166
BLOCK08/SES086/SA086S12	SES206	-1.44333	-41.2599	-39.8166
BLOCK08/SES086/SA086S20	SES029	-3.63922	-42.6822	-39.0429
BLOCK08/SES086/SA086S20	SES082	-1.73241	-40.7754	-39.0429
BLOCK08/SES086/SA086S20	SES087	0.808994	-38.234	-39.0429
BLOCK08/SES086/SA086S20	SES206	-0.0617714	-39.1047	-39.0429
BLOCK08/SES086/SA086S24	SES087	-0.0544357	-39.8066	-39.7522
BLOCK08/SES086/SA086S24	SES104	-1.55693	-41.3091	-39.7522
BLOCK08/SES086/SA086S24	SES120	-4.08781	-43.84	-39.7522
BLOCK08/SES086/SA086S24	SES206	-0.350098	-40.1023	-39.7522
BLOCK08/SES086/SA086S28	SES029	-3.06021	-41.8968	-38.8366
BLOCK08/SES086/SA086S28	SES082	-1.30194	-40.1385	-38.8366
BLOCK08/SES086/SA086S28	SES087	-0.136501	-38.9731	-38.8366
BLOCK08/SES086/SA086S28	SES206	-0.738903	-39.5755	-38.8366
BLOCK08/SES089/SA089S13	SES087	-2.07458	-41.4154	-39.3408
BLOCK08/SES089/SA089S13	SES206	-2.52525	-41.8661	-39.3408
BLOCK08/SES089/SA089S13	SES226	-1.41568	-40.7565	-39.3408
BLOCK08/SES089/SA089S13	SES270	-2.43007	-41.7709	-39.3408
BLOCK08/SES089/SA089S14	SES062	-1.56923	-40.4298	-38.8606
BLOCK08/SES089/SA089S14	SES087	-0.187984	-39.0485	-38.8606
BLOCK08/SES089/SA089S14	SES206	-0.420444	-39.281	-38.8606
BLOCK08/SES089/SA089S14	SES226	-0.323936	-39.1845	-38.8606
BLOCK08/SES089/SA089S23	SES087	-1.51411	-41.2966	-39.7825
BLOCK08/SES089/SA089S23	SES206	-1.9788	-41.7613	-39.7825
BLOCK08/SES089/SA089S23	SES226	-1.38722	-41.1697	-39.7825
BLOCK08/SES089/SA089S23	SES270	-1.89748	-41.68	-39.7825
BLOCK08/SES089/SA089S25	SES062	-2.20284	-40.9973	-38.7945
BLOCK08/SES089/SA089S25	SES087	-0.252041	-39.0465	-38.7945
BLOCK08/SES089/SA089S25	SES206	-1.30351	-40.098	-38.7945
BLOCK08/SES089/SA089S25	SES226	-0.457886	-39.2524	-38.7945
BLOCK08/SES089/SA089S28	SES062	-1.74778	-40.3578	-38.61
BLOCK08/SES089/SA089S28	SES087	-0.933342	-39.5434	-38.61
BLOCK08/SES089/SA089S28	SES206	-0.687122	-39.2971	-38.61
BLOCK08/SES089/SA089S28	SES226	-0.202469	-38.8125	-38.61
BLOCK09/SES097/SA097S11	SES099	-0.0807724	-39.4678	-39.387
BLOCK09/SES097/SA097S11	SES125	-1.43418	-40.8212	-39.387
BLOCK09/SES097/SA097S11	SES206	-1.01009	-40.3971	-39.387
BLOCK09/SES097/SA097S11	SES226	-0.340977	-39.728	-39.387
BLOCK09/SES097/SA097S14	SES062	-3.04346	-42.2008	-39.1573
BLOCK09/SES097/SA097S14	SES099	-0.241734	-39.3991	-39.1573
BLOCK09/SES097/SA097S14	SES104	-1.45651	-40.6138	-39.1573
BLOCK09/SES097/SA097S14	SES206	-1.32568	-40.483	-39.1573
BLOCK09/SES097/SA097S22	SES099	0.391525	-39.0369	-39.4284
BLOCK09/SES097/SA097S22	SES206	-1.26645	-40.6949	-39.4284
BLOCK09/SES097/SA097S22	SES226	-1.41874	-40.8472	-39.4284
BLOCK09/SES097/SA097S22	SES270	0.127789	-39.3007	-39.4284
BLOCK09/SES097/SA097S26	SES099	0.303013	-38.4158	-38.7188
BLOCK09/SES097/SA097S26	SES120	-3.44186	-42.1606	-38.7188
BLOCK09/SES097/SA097S26	SES206	-1.14037	-39.8591	-38.7188
BLOCK09/SES097/SA097S26	SES226	-1.06933	-39.7881	-38.7188
BLOCK09/SES097/SA097S28	SES099	-0.628635	-39.9632	-39.3345
BLOCK09/SES097/SA097S28	SES120	-2.47441	-41.8089	-39.3345
BLOCK09/SES097/SA097S28	SES206	-2.06755	-41.4021	-39.3345
BLOCK09/SES097/SA097S28	SES226	-1.60994	-40.9445	-39.3345
BLOCK09/SES098/SA098S11	SES127	-2.53293	-43.0164	-40.4835
BLOCK09/SES098/SA098S11	SES144	-1.73725	-42.2208	-40.4835
BLOCK09/SES098/SA098S11	SES147	-2.16071	-42.6442	-40.4835
BLOCK09/SES098/SA098S11	SES148	-3.04948	-43.533	-40.4835
BLOCK09/SES098/SA098S12	SES127	-3.24118	-45.2817	-42.0405
BLOCK09/SES098/SA098S12	SES144	-2.10131	-44.1418	-42.0405
BLOCK09/SES098/SA098S12	SES147	-2.8576	-44.8981	-42.0405
BLOCK09/SES098/SA098S12	SES189	-0.919659	-42.9602	-42.0405
BLOCK09/SES098/SA098S20	SES127	-2.85266	-44.0147	-41.1621
BLOCK09/SES098/SA098S20	SES147	-1.96572	-43.1278	-41.1621
BLOCK09/SES098/SA098S20	SES148	-3.77616	-44.9382	-41.1621
BLOCK09/SES098/SA098S20	SES292	-2.81159	-43.9737	-41.1621
BLOCK09/SES098/SA098S23	SES127	-1.47191	-42.2469	-40.775
BLOCK09/SES098/SA098S23	SES147	-1.80986	-42.5849	-40.775
BLOCK09/SES098/SA098S23	SES187	-1.05899	-41.834	-40.775
BLOCK09/SES098/SA098S23	SES292	-1.86599	-42.641	-40.775
BLOCK09/SES098/SA098S27	SES127	-2.64954	-43.3715	-40.722
BLOCK09/SES098/SA098S27	SES147	-2.56026	-43.2822	-40.722
BLOCK09/SES098/SA098S27	SES148	-4.05077	-44.7727	-40.722
BLOCK09/SES098/SA098S27	SES292	-2.50454	-43.2265	-40.722
BLOCK10/SES102/SA102S13	SES101	-0.791328	-41.5205	-40.7291
BLOCK10/SES102/SA102S13	SES105	-1.12735	-41.8565	-40.7291
BLOCK10/SES102/SA102S13	SES120	-1.26145	-41.9906	-40.7291
BLOCK10/SES102/SA102S13	SES158	-5.62077	-46.3499	-40.7291
BLOCK10/SES102/SA102S14	SES007	-0.301224	-39.306	-39.0047
BLOCK10/SES102/SA102S14	SES101	-0.127953	-39.1327	-39.0047
BLOCK10/SES102/SA102S14	SES105	-0.722485	-39.7272	-39.0047
BLOCK10/SES102/SA102S14	SES147	-2.91746	-41.9222	-39.0047
BLOCK10/SES102/SA102S22	SES007	-0.826111	-39.8886	-39.0625
BLOCK10/SES102/SA102S22	SES101	-0.270657	-39.3332	-39.0625
BLOCK10/SES102/SA102S22	SES105	-0.497314	-39.5598	-39.0625
BLOCK10/SES102/SA102S22	SES158	-3.47976	-42.5423	-39.0625
BLOCK10/SES102/SA102S25	SES007	-0.792427	-40.1834	-39.391
BLOCK10/SES102/SA102S25	SES101	-0.355701	-39.7467	-39.391
BLOCK10/SES102/SA102S25	SES105	-0.732754	-40.1237	-39.391
BLOCK10/SES102/SA102S25	SES147	-3.62877	-43.0197	-39.391
BLOCK10/SES102/SA102S27	SES007	-1.1903	-40.7605	-39.5702
BLOCK10/SES102/SA102S27	SES101	-0.530216	-40.1004	-39.5702
BLOCK10/SES102/SA102S27	SES105	-0.967186	-40.5374	-39.5702
BLOCK10/SES102/SA102S27	SES147	-2.96388	-42.534	-39.5702
BLOCK10/SES103/SA103S14	SES105	-2.48407	-43.0084	-40.5243
BLOCK10/SES103/SA103S14	SES106	-0.629826	-41.1541	-40.5243
BLOCK10/SES103/SA103S14	SES120	-3.45632	-43.9806	-40.5243
BLOCK10/SES103/SA103S14	SES206	-1.03036	-41.5547	-40.5243
BLOCK10/SES103/SA103S15	SES099	-0.186127	-40.9551	-40.769
BLOCK10/SES103/SA103S15	SES101	-3.88363	-44.6526	-40.769
BLOCK10/SES103/SA103S15	SES104	-0.595123	-41.3641	-40.769
BLOCK10/SES103/SA103S15	SES125	-0.586285	-41.3553	-40.769
BLOCK10/SES103/SA103S24	SES104	-1.11966	-41.072	-39.9523
BLOCK10/SES103/SA103S24	SES125	-0.665241	-40.6176	-39.9523
BLOCK10/SES103/SA103S24	SES148	-2.73754	-42.6899	-39.9523
BLOCK10/SES103/SA103S24	SES158	-0.62719	-40.5795	-39.9523
BLOCK10/SES103/SA103S26	SES104	-1.23304	-41.6192	-40.3861
BLOCK10/SES103/SA103S26	SES106	-0.753307	-41.1394	-40.3861
BLOCK10/SES103/SA103S26	SES125	-0.907833	-41.294	-40.3861
BLOCK10/SES103/SA103S26	SES148	-3.38782	-43.774	-40.3861
BLOCK10/SES103/SA103S28	SES104	-1.5926	-41.9378	-40.3452
BLOCK10/SES103/SA103S28	SES106	-1.38013	-41.7254	-40.3452
BLOCK10/SES103/SA103S28	SES125	-1.57956	-41.9248	-40.3452
BLOCK10/SES103/SA103S28	SES206	-2.11644	-42.4617	-40.3452
BLOCK12/SES121/SA121S12	SES042	-1.7365	-43.2518	-41.5153
BLOCK12/SES121/SA121S12	SES087	-0.830036	-42.3454	-41.5153
BLOCK12/SES121/SA121S12	SES105	-1.41269	-42.928	-41.5153
BLOCK12/SES121/SA121S12	SES206	-0.826984	-42.3423	-41.5153
BLOCK12/SES121/SA121S14	SES007	-2.97186	-44.8839	-41.912
BLOCK12/SES121/SA121S14	SES105	-2.48026	-44.3923	-41.912
BLOCK12/SES121/SA121S14	SES106	-0.973827	-42.8859	-41.912
BLOCK12/SES121/SA121S14	SES206	-1.15704	-43.0691	-41.912
BLOCK12/SES121/SA121S23	SES105	-2.84468	-44.793	-41.9483
BLOCK12/SES121/SA121S23	SES106	-1.1581	-43.1065	-41.9483
BLOCK12/SES121/SA121S23	SES120	-3.50126	-45.4496	-41.9483
BLOCK12/SES121/SA121S23	SES206	-0.901089	-42.8494	-41.9483
BLOCK12/SES121/SA121S25	SES007	-2.75195	-45.4877	-42.7358
BLOCK12/SES121/SA121S25	SES105	-3.21063	-45.9464	-42.7358
BLOCK12/SES121/SA121S25	SES106	-0.833157	-43.5689	-42.7358
BLOCK12/SES121/SA121S25	SES206	-1.20524	-43.941	-42.7358
BLOCK12/SES121/SA121S27	SES087	-0.435184	-41.8726	-41.4374
BLOCK12/SES121/SA121S27	SES105	-3.77135	-45.2088	-41.4374
BLOCK12/SES121/SA121S27	SES120	-3.6515	-45.0889	-41.4374
BLOCK12/SES121/SA121S27	SES206	-1.11365	-42.5511	-41.4374
BLOCK12/SES124/SA124S16	SES042	-0.47945	-39.3416	-38.8622
BLOCK12/SES124/SA124S16	SES082	-0.60363	-39.4658	-38.8622
BLOCK12/SES124/SA124S16	SES183	-3.94813	-42.8103	-38.8622
BLOCK12/SES124/SA124S16	SES206	-0.359901	-39.2221	-38.8622
BLOCK12/SES124/SA124S17	SES105	-2.67102	-42.7883	-40.1173
BLOCK12/SES124/SA124S17	SES149	-2.09834	-42.2156	-40.1173
BLOCK12/SES124/SA124S17	SES158	-2.43249	-42.5498	-40.1173
BLOCK12/SES124/SA124S17	SES275	-4.19333	-44.3106	-40.1173
BLOCK12/SES124/SA124S23	SES105	-2.91876	-40.5748	-37.656
BLOCK12/SES124/SA124S23	SES125	0.171295	-37.4847	-37.656
BLOCK12/SES124/SA124S23	SES129	-3.94839	-41.6044	-37.656
BLOCK12/SES124/SA124S23	SES158	-0.77113	-38.4271	-37.656
BLOCK12/SES124/SA124S26	SES105	-3.71053	-42.0971	-38.3866
BLOCK12/SES124/SA124S26	SES125	0.280029	-38.1066	-38.3866
BLOCK12/SES124/SA124S26	SES129	-4.93039	-43.317	-38.3866
BLOCK12/SES124/SA124S26	SES158	-1.44424	-39.8308	-38.3866
BLOCK12/SES124/SA124S28	SES104	-0.498837	-38.8994	-38.4006
BLOCK12/SES124/SA124S28	SES106	-0.268009	-38.6686	-38.4006
BLOCK12/SES124/SA124S28	SES125	-0.325554	-38.7262	-38.4006
BLOCK12/SES124/SA124S28	SES275	-3.98013	-42.3807	-38.4006
BLOCK12/SES126/SA126S13	SES007	-2.89337	-43.8942	-41.0008
BLOCK12/SES126/SA126S13	SES162	-1.55835	-42.5592	-41.0008
BLOCK12/SES126/SA126S13	SES177	-1.62849	-42.6293	-41.0008
BLOCK12/SES126/SA126S13	SES180	-1.80796	-42.8088	-41.0008
BLOCK12/SES126/SA126S14	SES144	-1.07813	-40.6355	-39.5573
BLOCK12/SES126/SA126S14	SES148	-1.79634	-41.3537	-39.5573
BLOCK12/SES126/SA126S14	SES177	-0.708324	-40.2657	-39.5573
BLOCK12/SES126/SA126S14	SES180	-1.44668	-41.004	-39.5573
BLOCK12/SES126/SA126S20	SES007	-1.88538	-41.6639	-39.7786
BLOCK12/SES126/SA126S20	SES162	-1.68327	-41.4618	-39.7786
BLOCK12/SES126/SA126S20	SES172	-2.68547	-42.464	-39.7786
BLOCK12/SES126/SA126S20	SES180	-2.507	-42.2856	-39.7786
BLOCK12/SES126/SA126S24	SES120	-1.46281	-40.8656	-39.4028
BLOCK12/SES126/SA126S24	SES162	-1.4082	-40.811	-39.4028
BLOCK12/SES126/SA126S24	SES177	-1.23553	-40.6383	-39.4028
BLOCK12/SES126/SA126S24	SES180	-0.802319	-40.2051	-39.4028
BLOCK12/SES126/SA126S26	SES120	-1.37939	-41.2942	-39.9148
BLOCK12/SES126/SA126S26	SES177	-1.46922	-41.384	-39.9148
BLOCK12/SES126/SA126S26	SES180	-0.708416	-40.6232	-39.9148
BLOCK12/SES126/SA126S26	SES202	-3.05716	-42.9719	-39.9148
BLOCK12/SES128/SA128S10	SES087	-2.1577	-41.4818	-39.3241
BLOCK12/SES128/SA128S10	SES206	-1.46272	-40.7868	-39.3241
BLOCK12/SES128/SA128S10	SES226	-0.711071	-40.0351	-39.3241
BLOCK12/SES128/SA128S10	SES270	-0.730961	-40.055	-39.3241
BLOCK12/SES128/SA128S12	SES120	-2.43043	-42.0452	-39.6148
BLOCK12/SES128/SA128S12	SES158	-1.14664	-40.7615	-39.6148
BLOCK12/SES128/SA128S12	SES206	-0.951866	-40.5667	-39.6148
BLOCK12/SES128/SA128S12	SES226	-1.15702	-40.7718	-39.6148
BLOCK12/SES128/SA128S21	SES106	-2.73181	-43.2257	-40.4939
BLOCK12/SES128/SA128S21	SES120	-1.60565	-42.0996	-40.4939
BLOCK12/SES128/SA128S21	SES206	-2.76882	-43.2627	-40.4939
BLOCK12/SES128/SA128S21	SES226	-1.67574	-42.1696	-40.4939
BLOCK12/SES128/SA128S24	SES087	-2.55792	-42.5645	-40.0065
BLOCK12/SES128/SA128S24	SES120	-1.32168	-41.3282	-40.0065
BLOCK12/SES128/SA128S24	SES206	-2.59056	-42.5971	-40.0065
BLOCK12/SES128/SA128S24	SES226	-1.58316	-41.5897	-40.0065
BLOCK12/SES128/SA128S27	SES099	-0.764797	-39.9572	-39.1924
BLOCK12/SES128/SA128S27	SES120	-1.60293	-40.7953	-39.1924
BLOCK12/SES128/SA128S27	SES206	-1.57791	-40.7703	-39.1924
BLOCK12/SES128/SA128S27	SES226	-0.664402	-39.8568	-39.1924
BLOCK13/SES130/SA130S13	SES143	-2.36777	-43.5132	-41.1455
BLOCK13/SES130/SA130S13	SES144	-0.467918	-41.6134	-41.1455
BLOCK13/SES130/SA130S13	SES146	-1.29655	-42.442	-41.1455
BLOCK13/SES130/SA130S13	SES275	-3.29214	-44.4376	-41.1455
BLOCK13/SES130/SA130S15	SES143	-2.36262	-42.3376	-39.975
BLOCK13/SES130/SA130S15	SES144	-0.823143	-40.7981	-39.975
BLOCK13/SES130/SA130S15	SES146	-0.695553	-40.6706	-39.975
BLOCK13/SES130/SA130S15	SES275	-1.53773	-41.5127	-39.975
BLOCK13/SES130/SA130S23	SES127	-3.05568	-44.5373	-41.4816
BLOCK13/SES130/SA130S23	SES144	-1.26321	-42.7448	-41.4816
BLOCK13/SES130/SA130S23	SES146	-1.57415	-43.0558	-41.4816
BLOCK13/SES130/SA130S23	SES162	-1.38611	-42.8677	-41.4816
BLOCK13/SES130/SA130S25	SES127	-2.45776	-42.1439	-39.6862
BLOCK13/SES130/SA130S25	SES144	-0.796738	-40.4829	-39.6862
BLOCK13/SES130/SA130S25	SES146	-1.26107	-40.9472	-39.6862
BLOCK13/SES130/SA130S25	SES275	-0.726746	-40.4129	-39.6862
BLOCK13/SES130/SA130S28	SES127	-1.54254	-41.2621	-39.7195
BLOCK13/SES130/SA130S28	SES144	-1.14971	-40.8693	-39.7195
BLOCK13/SES130/SA130S28	SES146	-1.10629	-40.8258	-39.7195
BLOCK13/SES130/SA130S28	SES275	-0.728539	-40.4481	-39.7195
BLOCK13/SES131/SA131S13	SES002	-1.8535	-43.5064	-41.6529
BLOCK13/SES131/SA131S13	SES007	-3.70193	-45.3548	-41.6529
BLOCK13/SES131/SA131S13	SES099	-1.21596	-42.8688	-41.6529
BLOCK13/SES131/SA131S13	SES105	-2.40658	-44.0595	-41.6529
BLOCK13/SES131/SA131S14	SES104	-0.859432	-40.7991	-39.9397
BLOCK13/SES131/SA131S14	SES106	-0.526112	-40.4658	-39.9397
BLOCK13/SES131/SA131S14	SES125	-1.3664	-41.3061	-39.9397
BLOCK13/SES131/SA131S14	SES148	-2.81638	-42.7561	-39.9397
BLOCK13/SES131/SA131S20	SES104	-1.3243	-41.9903	-40.666
BLOCK13/SES131/SA131S20	SES106	-0.458183	-41.1242	-40.666
BLOCK13/SES131/SA131S20	SES125	-0.748074	-41.4141	-40.666
BLOCK13/SES131/SA131S20	SES148	-3.8035	-44.4695	-40.666
BLOCK13/SES131/SA131S22	SES099	-0.57962	-40.7604	-40.1808
BLOCK13/SES131/SA131S22	SES104	-1.41903	-41.5998	-40.1808
BLOCK13/SES131/SA131S22	SES125	-1.05156	-41.2323	-40.1808
BLOCK13/SES131/SA131S22	SES206	-1.31075	-41.4915	-40.1808
BLOCK13/SES131/SA131S29	SES087	-0.670231	-41.2024	-40.5321
BLOCK13/SES131/SA131S29	SES104	-1.81896	-42.3511	-40.5321
BLOCK13/SES131/SA131S29	SES125	-1.33443	-41.8666	-40.5321
BLOCK13/SES131/SA131S29	SES206	-0.99345	-41.5256	-40.5321
BLOCK13/SES132/SA132S11	SES083	-2.08688	-41.275	-39.1881
BLOCK13/SES132/SA132S11	SES120	-0.473797	-39.6619	-39.1881
BLOCK13/SES132/SA132S11	SES127	-1.53181	-40.7199	-39.1881
BLOCK13/SES132/SA132S11	SES275	-1.35791	-40.546	-39.1881
BLOCK13/SES132/SA132S12	SES083	-1.49738	-40.3056	-38.8082
BLOCK13/SES132/SA132S12	SES143	-1.81443	-40.6226	-38.8082
BLOCK13/SES132/SA132S12	SES144	-0.78326	-39.5914	-38.8082
BLOCK13/SES132/SA132S12	SES148	-1.67871	-40.4869	-38.8082
BLOCK13/SES132/SA132S22	SES062	-0.583714	-39.6558	-39.072
BLOCK13/SES132/SA132S22	SES083	-0.959667	-40.0317	-39.072
BLOCK13/SES132/SA132S22	SES127	-0.877625	-39.9497	-39.072
BLOCK13/SES132/SA132S22	SES275	-0.778873	-39.8509	-39.072
BLOCK13/SES132/SA132S24	SES007	-0.859875	-39.9905	-39.1306
BLOCK13/SES132/SA132S24	SES083	-2.06911	-41.1997	-39.1306
BLOCK13/SES132/SA132S24	SES127	-1.69428	-40.8249	-39.1306
BLOCK13/SES132/SA132S24	SES275	-1.39502	-40.5256	-39.1306
BLOCK13/SES132/SA132S27	SES083	-2.06501	-41.7879	-39.7229
BLOCK13/SES132/SA132S27	SES120	-0.3409	-40.0638	-39.7229
BLOCK13/SES132/SA132S27	SES127	-1.81356	-41.5364	-39.7229
BLOCK13/SES132/SA132S27	SES275	-2.25448	-41.9774	-39.7229
BLOCK14/SES141/SA141S09	SES143	-1.20716	-41.2089	-40.0018
BLOCK14/SES141/SA141S09	SES144	-1.09757	-41.0993	-40.0018
BLOCK14/SES141/SA141S09	SES162	-0.981758	-40.9835	-40.0018
BLOCK14/SES141/SA141S09	SES180	-1.27272	-41.2745	-40.0018
BLOCK14/SES141/SA141S15	SES127	-1.26377	-41.0864	-39.8227
BLOCK14/SES141/SA141S15	SES144	-0.800869	-40.6235	-39.8227
BLOCK14/SES141/SA141S15	SES162	-1.06518	-40.8878	-39.8227
BLOCK14/SES141/SA141S15	SES180	-0.920891	-40.7436	-39.8227
BLOCK14/SES141/SA141S24	SES127	-1.06811	-40.644	-39.5759
BLOCK14/SES141/SA141S24	SES144	-1.53789	-41.1137	-39.5759
BLOCK14/SES141/SA141S24	SES162	-0.715576	-40.2914	-39.5759
BLOCK14/SES141/SA141S24	SES183	-2.32352	-41.8994	-39.5759
BLOCK14/SES141/SA141S26	SES142	-1.60627	-41.9789	-40.3727
BLOCK14/SES141/SA141S26	SES144	-1.87965	-42.2523	-40.3727
BLOCK14/SES141/SA141S26	SES172	-1.68797	-42.0606	-40.3727
BLOCK14/SES141/SA141S26	SES180	-1.21281	-41.5855	-40.3727
BLOCK14/SES141/SA141S29	SES127	-0.675526	-40.1943	-39.5187
BLOCK14/SES141/SA141S29	SES142	-0.69648	-40.2152	-39.5187
BLOCK14/SES141/SA141S29	SES144	-1.51476	-41.0335	-39.5187
BLOCK14/SES141/SA141S29	SES180	-0.422131	-39.9409	-39.5187
BLOCK15/SES157/SA157S08	SES083	-2.32151	-42.5105	-40.189
BLOCK15/SES157/SA157S08	SES127	-1.78355	-41.9726	-40.189
BLOCK15/SES157/SA157S08	SES148	-1.2046	-41.3936	-40.189
BLOCK15/SES157/SA157S08	SES292	-1.88798	-42.077	-40.189
BLOCK15/SES157/SA157S11	SES083	-2.66197	-42.6101	-39.9481
BLOCK15/SES157/SA157S11	SES127	-2.03688	-41.985	-39.9481
BLOCK15/SES157/SA157S11	SES148	-1.23216	-41.1803	-39.9481
BLOCK15/SES157/SA157S11	SES292	-1.69189	-41.64	-39.9481
BLOCK15/SES157/SA157S21	SES127	-2.0941	-41.2903	-39.1962
BLOCK15/SES157/SA157S21	SES148	-1.08884	-40.285	-39.1962
BLOCK15/SES157/SA157S21	SES158	-4.29202	-43.4882	-39.1962
BLOCK15/SES157/SA157S21	SES292	-1.77228	-40.9684	-39.1962
BLOCK15/SES157/SA157S24	SES127	-1.69778	-41.0497	-39.352
BLOCK15/SES157/SA157S24	SES148	-0.956875	-40.3088	-39.352
BLOCK15/SES157/SA157S24	SES183	-1.92168	-41.2736	-39.352
BLOCK15/SES157/SA157S24	SES292	-1.77457	-41.1265	-39.352
BLOCK15/SES157/SA157S26	SES007	-0.888046	-40.0502	-39.1622
BLOCK15/SES157/SA157S26	SES127	-1.18301	-40.3452	-39.1622
BLOCK15/SES157/SA157S26	SES147	-3.52124	-42.6834	-39.1622
BLOCK15/SES157/SA157S26	SES148	-0.99218	-40.1544	-39.1622
BLOCK16/SES161/SA161S10	SES007	-2.12888	-43.1124	-40.9835
BLOCK16/SES161/SA161S10	SES105	-1.53542	-42.519	-40.9835
BLOCK16/SES161/SA161S10	SES158	-2.26456	-43.2481	-40.9835
BLOCK16/SES161/SA161S10	SES275	-2.64831	-43.6319	-40.9835
BLOCK16/SES161/SA161S12	SES007	-1.59986	-42.1246	-40.5248
BLOCK16/SES161/SA161S12	SES105	-1.5387	-42.0635	-40.5248
BLOCK16/SES161/SA161S12	SES158	-1.18761	-41.7124	-40.5248
BLOCK16/SES161/SA161S12	SES275	-1.5737	-42.0985	-40.5248
BLOCK16/SES161/SA161S20	SES007	-2.00264	-43.7787	-41.7761
BLOCK16/SES161/SA161S20	SES105	-2.2299	-44.006	-41.7761
BLOCK16/SES161/SA161S20	SES158	-1.99218	-43.7683	-41.7761
BLOCK16/SES161/SA161S20	SES275	-2.6218	-44.3979	-41.7761
BLOCK16/SES161/SA161S23	SES007	-1.96813	-42.1437	-40.1756
BLOCK16/SES161/SA161S23	SES105	-1.31635	-41.492	-40.1756
BLOCK16/SES161/SA161S23	SES148	-2.12607	-42.3017	-40.1756
BLOCK16/SES161/SA161S23	SES158	-1.08765	-41.2633	-40.1756
BLOCK16/SES161/SA161S28	SES007	-2.61992	-43.417	-40.7971
BLOCK16/SES161/SA161S28	SES105	-2.48733	-43.2844	-40.7971
BLOCK16/SES161/SA161S28	SES158	-1.0687	-41.8658	-40.7971
BLOCK16/SES161/SA161S28	SES206	-1.41031	-42.2074	-40.7971
BLOCK16/SES164/SA164S11	SES104	-1.36233	-40.7002	-39.3379
BLOCK16/SES164/SA164S11	SES125	-0.0987167	-39.4366	-39.3379
BLOCK16/SES164/SA164S11	SES158	0.35014	-38.9877	-39.3379
BLOCK16/SES164/SA164S11	SES206	-1.09234	-40.4302	-39.3379
BLOCK16/SES164/SA164S13	SES099	-0.143185	-40.3178	-40.1747
BLOCK16/SES164/SA164S13	SES104	-1.39998	-41.5746	-40.1747
BLOCK16/SES164/SA164S13	SES125	-1.001	-41.1756	-40.1747
BLOCK16/SES164/SA164S13	SES206	-1.26487	-41.4395	-40.1747
BLOCK16/SES164/SA164S24	SES002	-0.372906	-39.9045	-39.5316
BLOCK16/SES164/SA164S24	SES099	0.379242	-39.1523	-39.5316
BLOCK16/SES164/SA164S24	SES125	-1.08072	-40.6123	-39.5316
BLOCK16/SES164/SA164S24	SES226	-0.426357	-39.9579	-39.5316
BLOCK16/SES164/SA164S27	SES087	-1.25993	-41.3951	-40.1352
BLOCK16/SES164/SA164S27	SES125	-0.584671	-40.7198	-40.1352
BLOCK16/SES164/SA164S27	SES206	-1.2458	-41.381	-40.1352
BLOCK16/SES164/SA164S27	SES226	-0.5737	-40.7089	-40.1352
BLOCK16/SES164/SA164S29	SES002	0.501614	-39.0256	-39.5272
BLOCK16/SES164/SA164S29	SES019	-0.895905	-40.4231	-39.5272
BLOCK16/SES164/SA164S29	SES125	-0.442684	-39.9699	-39.5272
BLOCK16/SES164/SA164S29	SES226	-0.893421	-40.4206	-39.5272
BLOCK16/SES169/SA169S13	SES117	-1.70317	-41.4383	-39.7351
BLOCK16/SES169/SA169S13	SES144	-1.20684	-40.942	-39.7351
BLOCK16/SES169/SA169S13	SES146	-1.60701	-41.3421	-39.7351
BLOCK16/SES169/SA169S13	SES162	-1.86122	-41.5963	-39.7351
BLOCK16/SES169/SA169S14	SES144	-0.914574	-39.5651	-38.6505
BLOCK16/SES169/SA169S14	SES148	-0.960388	-39.6109	-38.6505
BLOCK16/SES169/SA169S14	SES177	-1.07209	-39.7226	-38.6505
BLOCK16/SES169/SA169S14	SES180	-2.50445	-41.1549	-38.6505
BLOCK16/SES169/SA169S24	SES117	-1.3826	-41.8271	-40.4445
BLOCK16/SES169/SA169S24	SES144	-0.922043	-41.3666	-40.4445
BLOCK16/SES169/SA169S24	SES146	-1.25199	-41.6965	-40.4445
BLOCK16/SES169/SA169S24	SES162	-1.39585	-41.8404	-40.4445
BLOCK16/SES169/SA169S27	SES127	-1.54925	-40.8452	-39.296
BLOCK16/SES169/SA169S27	SES129	-1.90559	-41.2015	-39.296
BLOCK16/SES169/SA169S27	SES144	-1.07796	-40.3739	-39.296
BLOCK16/SES169/SA169S27	SES146	-1.06329	-40.3592	-39.296
BLOCK16/SES169/SA169S29	SES144	-0.584957	-39.7105	-39.1255
BLOCK16/SES169/SA169S29	SES162	-1.09284	-40.2183	-39.1255
BLOCK16/SES169/SA169S29	SES177	-2.30581	-41.4313	-39.1255
BLOCK16/SES169/SA169S29	SES180	-1.95869	-41.0842	-39.1255
BLOCK17/SES171/SA171S12	SES083	-1.85377	-42.3635	-40.5098
BLOCK17/SES171/SA171S12	SES148	-1.60343	-42.1132	-40.5098
BLOCK17/SES171/SA171S12	SES172	-1.38393	-41.8937	-40.5098
BLOCK17/SES171/SA171S12	SES292	-2.19204	-42.7018	-40.5098
BLOCK17/SES171/SA171S15	SES148	-1.66466	-42.6447	-40.98
BLOCK17/SES171/SA171S15	SES177	-1.4869	-42.4669	-40.98
BLOCK17/SES171/SA171S15	SES180	-4.19422	-45.1743	-40.98
BLOCK17/SES171/SA171S15	SES292	-2.46862	-43.4487	-40.98
BLOCK17/SES171/SA171S22	SES007	-1.42586	-41.3113	-39.8855
BLOCK17/SES171/SA171S22	SES148	-1.36024	-41.2457	-39.8855
BLOCK17/SES171/SA171S22	SES177	-0.564323	-40.4498	-39.8855
BLOCK17/SES171/SA171S22	SES180	-2.28106	-42.1665	-39.8855
BLOCK17/SES171/SA171S25	SES101	-2.25742	-42.9992	-40.7418
BLOCK17/SES171/SA171S25	SES120	-2.5642	-43.306	-40.7418
BLOCK17/SES171/SA171S25	SES177	-1.46181	-42.2036	-40.7418
BLOCK17/SES171/SA171S25	SES180	-2.92735	-43.6692	-40.7418
BLOCK17/SES171/SA171S27	SES177	-0.753193	-40.9458	-40.1926
BLOCK17/SES171/SA171S27	SES180	-2.22953	-42.4221	-40.1926
BLOCK17/SES171/SA171S27	SES189	-0.876072	-41.0687	-40.1926
BLOCK17/SES171/SA171S27	SES292	-2.32007	-42.5127	-40.1926
BLOCK17/SES173/SA173S13	SES162	-1.90117	-43.025	-41.1238
BLOCK17/SES173/SA173S13	SES177	-1.8938	-43.0176	-41.1238
BLOCK17/SES173/SA173S13	SES180	-2.88034	-44.0042	-41.1238
BLOCK17/SES173/SA173S13	SES292	-1.56041	-42.6842	-41.1238
BLOCK17/SES173/SA173S14	SES007	-2.8215	-43.831	-41.0095
BLOCK17/SES173/SA173S14	SES162	-1.90337	-42.9128	-41.0095
BLOCK17/SES173/SA173S14	SES177	-1.29755	-42.307	-41.0095
BLOCK17/SES173/SA173S14	SES180	-2.86921	-43.8787	-41.0095
BLOCK17/SES173/SA173S24	SES144	-1.76371	-43.3349	-41.5711
BLOCK17/SES173/SA173S24	SES162	-2.64722	-44.2184	-41.5711
BLOCK17/SES173/SA173S24	SES177	-1.85056	-43.4217	-41.5711
BLOCK17/SES173/SA173S24	SES180	-2.9243	-44.4954	-41.5711
BLOCK17/SES173/SA173S27	SES162	-2.7518	-43.5969	-40.8451
BLOCK17/SES173/SA173S27	SES177	-1.79601	-42.6411	-40.8451
BLOCK17/SES173/SA173S27	SES180	-2.79421	-43.6393	-40.8451
BLOCK17/SES173/SA173S27	SES292	-2.0398	-42.8849	-40.8451
BLOCK17/SES173/SA173S29	SES162	-2.14162	-43.0755	-40.9338
BLOCK17/SES173/SA173S29	SES175	-1.12011	-42.054	-40.9338
BLOCK17/SES173/SA173S29	SES177	-1.77816	-42.712	-40.9338
BLOCK17/SES173/SA173S29	SES292	-2.56611	-43.5	-40.9338
BLOCK18/SES182/SA182S10	SES144	-0.977386	-40.7707	-39.7933
BLOCK18/SES182/SA182S10	SES177	-1.18486	-40.9781	-39.7933
BLOCK18/SES182/SA182S10	SES180	-1.90665	-41.6999	-39.7933
BLOCK18/SES182/SA182S10	SES275	-1.32954	-41.1228	-39.7933
BLOCK18/SES182/SA182S12	SES144	-1.02727	-40.634	-39.6067
BLOCK18/SES182/SA182S12	SES177	-0.765312	-40.372	-39.6067
BLOCK18/SES182/SA182S12	SES180	-1.91052	-41.5172	-39.6067
BLOCK18/SES182/SA182S12	SES275	-1.44372	-41.0504	-39.6067
BLOCK18/SES182/SA182S21	SES117	-1.40374	-41.7523	-40.3486
BLOCK18/SES182/SA182S21	SES144	-1.31819	-41.6668	-40.3486
BLOCK18/SES182/SA182S21	SES162	-0.929035	-41.2776	-40.3486
BLOCK18/SES182/SA182S21	SES180	-1.62788	-41.9765	-40.3486
BLOCK18/SES182/SA182S23	SES117	-1.49087	-41.7807	-40.2898
BLOCK18/SES182/SA182S23	SES144	-1.42263	-41.7124	-40.2898
BLOCK18/SES182/SA182S23	SES180	-2.34758	-42.6374	-40.2898
BLOCK18/SES182/SA182S23	SES275	-1.13613	-41.4259	-40.2898
BLOCK18/SES182/SA182S25	SES007	-1.16148	-41.3684	-40.2069
BLOCK18/SES182/SA182S25	SES162	-0.646	-40.8529	-40.2069
BLOCK18/SES182/SA182S25	SES177	-0.969151	-41.1761	-40.2069
BLOCK18/SES182/SA182S25	SES180	-1.30154	-41.5085	-40.2069
BLOCK18/SES184/SA184S12	SES177	-1.03349	-41.3821	-40.3486
BLOCK18/SES184/SA184S12	SES180	-1.22496	-41.5736	-40.3486
BLOCK18/SES184/SA184S12	SES189	-2.10254	-42.4511	-40.3486
BLOCK18/SES184/SA184S12	SES292	-2.39009	-42.7387	-40.3486
BLOCK18/SES184/SA184S13	SES101	-2.16596	-41.9081	-39.7422
BLOCK18/SES184/SA184S13	SES177	-1.09465	-40.8368	-39.7422
BLOCK18/SES184/SA184S13	SES180	-1.4314	-41.1736	-39.7422
BLOCK18/SES184/SA184S13	SES292	-1.56884	-41.311	-39.7422
BLOCK18/SES184/SA184S22	SES177	-1.36117	-40.5297	-39.1686
BLOCK18/SES184/SA184S22	SES180	-1.59328	-40.7618	-39.1686
BLOCK18/SES184/SA184S22	SES189	-2.98035	-42.1489	-39.1686
BLOCK18/SES184/SA184S22	SES292	-2.09768	-41.2662	-39.1686
BLOCK18/SES184/SA184S25	SES101	-1.69382	-40.3534	-38.6596
BLOCK18/SES184/SA184S25	SES177	-1.43005	-40.0896	-38.6596
BLOCK18/SES184/SA184S25	SES180	-1.48949	-40.149	-38.6596
BLOCK18/SES184/SA184S25	SES292	-1.46041	-40.12	-38.6596
BLOCK18/SES184/SA184S27	SES083	-2.13814	-41.4167	-39.2785
BLOCK18/SES184/SA184S27	SES177	-1.07089	-40.3494	-39.2785
BLOCK18/SES184/SA184S27	SES202	-2.82896	-42.1075	-39.2785
BLOCK18/SES184/SA184S27	SES292	-1.59019	-40.8687	-39.2785
BLOCK20/SES204/SA204S12	SES062	-2.36507	-41.0989	-38.7338
BLOCK20/SES204/SA204S12	SES083	-2.2783	-41.0121	-38.7338
BLOCK20/SES204/SA204S12	SES206	-0.866829	-39.6006	-38.7338
BLOCK20/SES204/SA204S12	SES226	-1.65808	-40.3919	-38.7338
BLOCK20/SES204/SA204S14	SES068	-2.77115	-40.9692	-38.198
BLOCK20/SES204/SA204S14	SES087	-0.844379	-39.0424	-38.198
BLOCK20/SES204/SA204S14	SES206	-1.46616	-39.6642	-38.198
BLOCK20/SES204/SA204S14	SES226	-1.58717	-39.7852	-38.198
BLOCK20/SES204/SA204S22	SES068	-3.4239	-42.4496	-39.0257
BLOCK20/SES204/SA204S22	SES082	-2.95794	-41.9836	-39.0257
BLOCK20/SES204/SA204S22	SES083	-2.8063	-41.832	-39.0257
BLOCK20/SES204/SA204S22	SES206	-1.525	-40.5507	-39.0257
BLOCK20/SES204/SA204S25	SES062	-3.03385	-42.1418	-39.108
BLOCK20/SES204/SA204S25	SES083	-2.55274	-41.6607	-39.108
BLOCK20/SES204/SA204S25	SES206	-0.855137	-39.9631	-39.108
BLOCK20/SES204/SA204S25	SES226	-1.50946	-40.6174	-39.108
BLOCK20/SES204/SA204S27	SES068	-3.93839	-43.173	-39.2346
BLOCK20/SES204/SA204S27	SES082	-1.9664	-41.201	-39.2346
BLOCK20/SES204/SA204S27	SES087	-0.857929	-40.0925	-39.2346
BLOCK20/SES204/SA204S27	SES206	-1.15704	-40.3916	-39.2346
BLOCK20/SES207/SA207S10	SES127	-1.14602	-41.2364	-40.0904
BLOCK20/SES207/SA207S10	SES183	-2.16914	-42.2595	-40.0904
BLOCK20/SES207/SA207S10	SES189	-1.24171	-41.3321	-40.0904
BLOCK20/SES207/SA207S10	SES292	-1.24228	-41.3327	-40.0904
BLOCK20/SES207/SA207S11	SES127	-2.40616	-42.3767	-39.9706
BLOCK20/SES207/SA207S11	SES183	-2.08459	-42.0552	-39.9706
BLOCK20/SES207/SA207S11	SES187	-0.999901	-40.9705	-39.9706
BLOCK20/SES207/SA207S11	SES292	-1.09343	-41.064	-39.9706
BLOCK20/SES207/SA207S25	SES068	-1.5341	-41.5133	-39.9792
BLOCK20/SES207/SA207S25	SES083	-2.73703	-42.7162	-39.9792
BLOCK20/SES207/SA207S25	SES127	-1.16581	-41.145	-39.9792
BLOCK20/SES207/SA207S25	SES187	-0.718029	-40.6972	-39.9792
BLOCK20/SES207/SA207S27	SES127	-1.74438	-42.1345	-40.3901
BLOCK20/SES207/SA207S27	SES183	-1.2837	-41.6738	-40.3901
BLOCK20/SES207/SA207S27	SES187	-1.27081	-41.6609	-40.3901
BLOCK20/SES207/SA207S27	SES292	-1.81304	-42.2032	-40.3901
BLOCK20/SES207/SA207S29	SES083	-1.84716	-41.7187	-39.8716
BLOCK20/SES207/SA207S29	SES085	-1.10428	-40.9758	-39.8716
BLOCK20/SES207/SA207S29	SES172	-1.61374	-41.4853	-39.8716
BLOCK20/SES207/SA207S29	SES189	-1.96128	-41.8328	-39.8716
BLOCK22/SES221/SA221S12	SES068	-2.01821	-41.652	-39.6338
BLOCK22/SES221/SA221S12	SES143	-2.11647	-41.7503	-39.6338
BLOCK22/SES221/SA221S12	SES175	-0.981525	-40.6154	-39.6338
BLOCK22/SES221/SA221S12	SES202	-1.07414	-40.708	-39.6338
BLOCK22/SES221/SA221S15	SES085	-2.75285	-43.4478	-40.695
BLOCK22/SES221/SA221S15	SES143	-3.10648	-43.8015	-40.695
BLOCK22/SES221/SA221S15	SES175	-1.29051	-41.9855	-40.695
BLOCK22/SES221/SA221S15	SES187	-1.20141	-41.8964	-40.695
BLOCK22/SES221/SA221S23	SES068	-2.60372	-42.3449	-39.7411
BLOCK22/SES221/SA221S23	SES143	-2.6255	-42.3666	-39.7411
BLOCK22/SES221/SA221S23	SES175	-0.867924	-40.6091	-39.7411
BLOCK22/SES221/SA221S23	SES189	-0.465511	-40.2066	-39.7411
BLOCK22/SES221/SA221S27	SES085	-3.38371	-43.5852	-40.2015
BLOCK22/SES221/SA221S27	SES143	-2.08218	-42.2837	-40.2015
BLOCK22/SES221/SA221S27	SES175	-1.20374	-41.4053	-40.2015
BLOCK22/SES221/SA221S27	SES189	0.0632401	-40.1383	-40.2015
BLOCK22/SES221/SA221S29	SES085	-4.23312	-44.9012	-40.6681
BLOCK22/SES221/SA221S29	SES143	-2.61372	-43.2818	-40.6681
BLOCK22/SES221/SA221S29	SES175	-1.29216	-41.9602	-40.6681
BLOCK22/SES221/SA221S29	SES187	-0.546524	-41.2146	-40.6681
BLOCK22/SES223/SA223S11	SES143	-1.45749	-42.0906	-40.6331
BLOCK22/SES223/SA223S11	SES144	-2.84745	-43.4805	-40.6331
BLOCK22/SES223/SA223S11	SES175	-1.26862	-41.9017	-40.6331
BLOCK22/SES223/SA223S11	SES187	-1.37672	-42.0098	-40.6331
BLOCK22/SES223/SA223S13	SES068	-1.78357	-43.3493	-41.5658
BLOCK22/SES223/SA223S13	SES143	-2.85757	-44.4233	-41.5658
BLOCK22/SES223/SA223S13	SES146	-3.3539	-44.9197	-41.5658
BLOCK22/SES223/SA223S13	SES202	-1.75457	-43.3204	-41.5658
BLOCK22/SES223/SA223S22	SES143	-1.61801	-42.1565	-40.5385
BLOCK22/SES223/SA223S22	SES144	-2.45397	-42.9925	-40.5385
BLOCK22/SES223/SA223S22	SES175	-0.940369	-41.4789	-40.5385
BLOCK22/SES223/SA223S22	SES187	-1.16503	-41.7035	-40.5385
BLOCK22/SES223/SA223S25	SES068	-2.07355	-42.7422	-40.6686
BLOCK22/SES223/SA223S25	SES143	-2.11338	-42.782	-40.6686
BLOCK22/SES223/SA223S25	SES175	-0.638512	-41.3071	-40.6686
BLOCK22/SES223/SA223S25	SES187	-1.21637	-41.885	-40.6686
BLOCK22/SES223/SA223S27	SES143	-1.59418	-42.3269	-40.7327
BLOCK22/SES223/SA223S27	SES146	-2.15989	-42.8926	-40.7327
BLOCK22/SES223/SA223S27	SES187	-0.63372	-41.3664	-40.7327
BLOCK22/SES223/SA223S27	SES292	-1.63502	-42.3677	-40.7327
BLOCK27/SES273/SA273S12	SES099	0.420586	-37.7043	-38.1248
BLOCK27/SES273/SA273S12	SES104	-0.60088	-38.7257	-38.1248
BLOCK27/SES273/SA273S12	SES125	-0.706528	-38.8314	-38.1248
BLOCK27/SES273/SA273S12	SES206	-0.120186	-38.245	-38.1248
BLOCK27/SES273/SA273S13	SES099	-0.376583	-38.2427	-37.8661
BLOCK27/SES273/SA273S13	SES104	-0.628086	-38.4942	-37.8661
BLOCK27/SES273/SA273S13	SES206	-0.609982	-38.4761	-37.8661
BLOCK27/SES273/SA273S13	SES292	-3.75177	-41.6178	-37.8661
BLOCK27/SES273/SA273S21	SES099	0.483738	-37.8976	-38.3814
BLOCK27/SES273/SA273S21	SES148	-2.54952	-40.9309	-38.3814
BLOCK27/SES273/SA273S21	SES149	-1.21322	-39.5946	-38.3814
BLOCK27/SES273/SA273S21	SES177	-3.73634	-42.1177	-38.3814
BLOCK27/SES273/SA273S25	SES104	-0.902416	-39.0938	-38.1913
BLOCK27/SES273/SA273S25	SES125	-0.967716	-39.1591	-38.1913
BLOCK27/SES273/SA273S25	SES158	-0.356747	-38.5481	-38.1913
BLOCK27/SES273/SA273S25	SES206	-0.0997925	-38.2911	-38.1913
BLOCK27/SES273/SA273S27	SES099	-0.351151	-38.3346	-37.9834
BLOCK27/SES273/SA273S27	SES104	-1.15231	-39.1357	-37.9834
BLOCK27/SES273/SA273S27	SES149	-0.871281	-38.8547	-37.9834
BLOCK27/SES273/SA273S27	SES275	-2.30548	-40.2889	-37.9834
BLOCK27/SES274/SA274S10	SES105	-1.82701	-40.2935	-38.4665
BLOCK27/SES274/SA274S10	SES125	-0.511669	-38.9782	-38.4665
BLOCK27/SES274/SA274S10	SES129	-1.34076	-39.8073	-38.4665
BLOCK27/SES274/SA274S10	SES158	-1.56949	-40.036	-38.4665
BLOCK27/SES274/SA274S11	SES105	-2.34074	-40.6052	-38.2645
BLOCK27/SES274/SA274S11	SES149	-1.15571	-39.4202	-38.2645
BLOCK27/SES274/SA274S11	SES158	-1.29286	-39.5574	-38.2645
BLOCK27/SES274/SA274S11	SES275	-2.54081	-40.8053	-38.2645
BLOCK27/SES274/SA274S21	SES105	-2.04416	-41.3315	-39.2873
BLOCK27/SES274/SA274S21	SES129	-1.87991	-41.1673	-39.2873
BLOCK27/SES274/SA274S21	SES149	-0.799744	-40.0871	-39.2873
BLOCK27/SES274/SA274S21	SES158	-1.66956	-40.9569	-39.2873
BLOCK27/SES274/SA274S24	SES105	-2.1846	-41.2908	-39.1062
BLOCK27/SES274/SA274S24	SES129	-2.41223	-41.5184	-39.1062
BLOCK27/SES274/SA274S24	SES149	-1.12143	-40.2276	-39.1062
BLOCK27/SES274/SA274S24	SES158	-1.77549	-40.8816	-39.1062
BLOCK27/SES274/SA274S29	SES105	-2.37318	-41.0184	-38.6452
BLOCK27/SES274/SA274S29	SES106	-1.62815	-40.2734	-38.6452
BLOCK27/SES274/SA274S29	SES120	-2.45251	-41.0977	-38.6452
BLOCK27/SES274/SA274S29	SES275	-2.15625	-40.8015	-38.6452
BLOCK27/SES276/SA276S16	SES148	-1.36579	-41.2205	-39.8548
BLOCK27/SES276/SA276S16	SES172	-2.10851	-41.9633	-39.8548
BLOCK27/SES276/SA276S16	SES180	-2.97348	-42.8282	-39.8548
BLOCK27/SES276/SA276S16	SES292	-0.849903	-40.7047	-39.8548
BLOCK27/SES276/SA276S17	SES101	-1.43597	-41.3083	-39.8723
BLOCK27/SES276/SA276S17	SES177	-1.43064	-41.3029	-39.8723
BLOCK27/SES276/SA276S17	SES180	-2.22071	-42.093	-39.8723
BLOCK27/SES276/SA276S17	SES292	-1.39565	-41.2679	-39.8723
BLOCK27/SES276/SA276S24	SES101	-1.20093	-40.1485	-38.9476
BLOCK27/SES276/SA276S24	SES177	-1.54556	-40.4931	-38.9476
BLOCK27/SES276/SA276S24	SES180	-1.87962	-40.8272	-38.9476
BLOCK27/SES276/SA276S24	SES292	-1.66076	-40.6083	-38.9476
BLOCK27/SES276/SA276S26	SES101	-2.04525	-41.3824	-39.3372
BLOCK27/SES276/SA276S26	SES177	-1.25994	-40.5971	-39.3372
BLOCK27/SES276/SA276S26	SES180	-1.31879	-40.656	-39.3372
BLOCK27/SES276/SA276S26	SES292	-1.40446	-40.7417	-39.3372
BLOCK27/SES276/SA276S28	SES101	-1.61717	-41.0121	-39.3949
BLOCK27/SES276/SA276S28	SES177	-1.5547	-40.9496	-39.3949
BLOCK27/SES276/SA276S28	SES180	-1.58332	-40.9782	-39.3949
BLOCK27/SES276/SA276S28	SES292	-1.43699	-40.8319	-39.3949
BLOCK27/SES277/SA277S12	SES101	-0.897171	-41.5123	-40.6152
BLOCK27/SES277/SA277S12	SES177	-1.79976	-42.4149	-40.6152
BLOCK27/SES277/SA277S12	SES180	-2.71453	-43.3297	-40.6152
BLOCK27/SES277/SA277S12	SES292	-2.45568	-43.0708	-40.6152
BLOCK27/SES277/SA277S14	SES177	-0.859402	-41.7676	-40.9082
BLOCK27/SES277/SA277S14	SES180	-2.51059	-43.4188	-40.9082
BLOCK27/SES277/SA277S14	SES189	-0.98259	-41.8908	-40.9082
BLOCK27/SES277/SA277S14	SES292	-2.40376	-43.312	-40.9082
BLOCK27/SES277/SA277S21	SES177	-0.434303	-40.0931	-39.6588
BLOCK27/SES277/SA277S21	SES180	-2.54808	-42.2068	-39.6588
BLOCK27/SES277/SA277S21	SES189	-1.23148	-40.8902	-39.6588
BLOCK27/SES277/SA277S21	SES292	-2.26941	-41.9282	-39.6588
BLOCK27/SES277/SA277S24	SES144	-1.85255	-42.6183	-40.7658
BLOCK27/SES277/SA277S24	SES177	-1.54026	-42.306	-40.7658
BLOCK27/SES277/SA277S24	SES180	-2.60239	-43.3682	-40.7658
BLOCK27/SES277/SA277S24	SES189	-1.51484	-42.2806	-40.7658
BLOCK27/SES277/SA277S29	SES177	-1.02621	-39.719	-38.6928
BLOCK27/SES277/SA277S29	SES180	-1.72338	-40.4162	-38.6928
BLOCK27/SES277/SA277S29	SES202	-1.86607	-40.5589	-38.6928
BLOCK27/SES277/SA277S29	SES292	-2.14911	-40.8419	-38.6928
BLOCK27/SES279/SA279S09	SES120	-1.4414	-40.554	-39.1126
BLOCK27/SES279/SA279S09	SES146	-1.29571	-40.4083	-39.1126
BLOCK27/SES279/SA279S09	SES206	-2.17188	-41.2845	-39.1126
BLOCK27/SES279/SA279S09	SES226	-2.24671	-41.3593	-39.1126
BLOCK27/SES279/SA279S10	SES099	-1.23508	-40.3656	-39.1305
BLOCK27/SES279/SA279S10	SES206	-1.67039	-40.8009	-39.1305
BLOCK27/SES279/SA279S10	SES226	-1.55305	-40.6835	-39.1305
BLOCK27/SES279/SA279S10	SES292	-1.2656	-40.3961	-39.1305
BLOCK27/SES279/SA279S20	SES099	-1.83643	-41.2752	-39.4388
BLOCK27/SES279/SA279S20	SES206	-1.42456	-40.8633	-39.4388
BLOCK27/SES279/SA279S20	SES226	-1.98946	-41.4282	-39.4388
BLOCK27/SES279/SA279S20	SES292	-0.859089	-40.2979	-39.4388
BLOCK27/SES279/SA279S26	SES099	-0.986298	-40.5052	-39.5189
BLOCK27/SES279/SA279S26	SES206	-1.56148	-41.0804	-39.5189
BLOCK27/SES279/SA279S26	SES226	-0.886921	-40.4058	-39.5189
BLOCK27/SES279/SA279S26	SES292	-1.47508	-40.994	-39.5189
BLOCK27/SES279/SA279S28	SES099	-2.18023	-40.1495	-37.9692
BLOCK27/SES279/SA279S28	SES120	-1.81137	-39.7806	-37.9692
BLOCK27/SES279/SA279S28	SES177	-3.5092	-41.4785	-37.9692
BLOCK27/SES279/SA279S28	SES206	-2.17636	-40.1456	-37.9692
BLOCK29/SES290/SA290S12	SES162	-1.72346	-40.5885	-38.8651
BLOCK29/SES290/SA290S12	SES177	-2.29313	-41.1582	-38.8651
BLOCK29/SES290/SA290S12	SES180	-2.54561	-41.4107	-38.8651
BLOCK29/SES290/SA290S12	SES292	-2.35988	-41.2249	-38.8651
BLOCK29/SES290/SA290S13	SES007	-3.66085	-43.6856	-40.0247
BLOCK29/SES290/SA290S13	SES162	-2.74175	-42.7665	-40.0247
BLOCK29/SES290/SA290S13	SES177	-1.15496	-41.1797	-40.0247
BLOCK29/SES290/SA290S13	SES180	-1.90007	-41.9248	-40.0247
BLOCK29/SES290/SA290S22	SES177	-0.785442	-40.3538	-39.5683
BLOCK29/SES290/SA290S22	SES180	-1.43652	-41.0049	-39.5683
BLOCK29/SES290/SA290S22	SES202	-1.53185	-41.1002	-39.5683
BLOCK29/SES290/SA290S22	SES292	-2.67402	-42.2424	-39.5683
BLOCK29/SES290/SA290S25	SES162	-1.2672	-40.3697	-39.1025
BLOCK29/SES290/SA290S25	SES177	-1.28577	-40.3883	-39.1025
BLOCK29/SES290/SA290S25	SES180	-1.5238	-40.6263	-39.1025
BLOCK29/SES290/SA290S25	SES292	-1.60375	-40.7063	-39.1025
BLOCK29/SES290/SA290S29	SES177	-0.298439	-39.2466	-38.9482
BLOCK29/SES290/SA290S29	SES180	-0.756462	-39.7046	-38.9482
BLOCK29/SES290/SA290S29	SES275	-2.32848	-41.2766	-38.9482
BLOCK29/SES290/SA290S29	SES292	-1.3842	-40.3324	-38.9482
BLOCK29/SES291/SA291S11	SES105	-3.3883	-42.8325	-39.4442
BLOCK29/SES291/SA291S11	SES125	-0.936253	-40.3804	-39.4442
BLOCK29/SES291/SA291S11	SES158	-1.1861	-40.6303	-39.4442
BLOCK29/SES291/SA291S11	SES275	-4.70762	-44.1518	-39.4442
BLOCK29/SES291/SA291S12	SES158	-0.449917	-39.0042	-38.5543
BLOCK29/SES291/SA291S12	SES226	-0.771511	-39.3258	-38.5543
BLOCK29/SES291/SA291S12	SES270	-0.0322113	-38.5865	-38.5543
BLOCK29/SES291/SA291S12	SES275	-4.93425	-43.4885	-38.5543
BLOCK29/SES291/SA291S22	SES082	-0.997261	-39.9282	-38.931
BLOCK29/SES291/SA291S22	SES158	-1.04364	-39.9746	-38.931
BLOCK29/SES291/SA291S22	SES259	-1.11879	-40.0498	-38.931
BLOCK29/SES291/SA291S22	SES275	-3.42365	-42.3546	-38.931
BLOCK29/SES291/SA291S24	SES104	-0.705269	-38.717	-38.0117
BLOCK29/SES291/SA291S24	SES125	-0.307594	-38.3193	-38.0117
BLOCK29/SES291/SA291S24	SES158	-0.819519	-38.8313	-38.0117
BLOCK29/SES291/SA291S24	SES275	-4.53111	-42.5428	-38.0117
BLOCK29/SES291/SA291S27	SES158	-0.469593	-38.578	-38.1084
BLOCK29/SES291/SA291S27	SES172	-5.09373	-43.2021	-38.1084
BLOCK29/SES291/SA291S27	SES275	-4.97081	-43.0792	-38.1084
BLOCK29/SES291/SA291S27	SES292	-4.10411	-42.2125	-38.1084
