BLOCK00/SES002/SA002S12	SES002	1.55026	-41.9834	-43.5337
BLOCK00/SES002/SA002S13	SES002	1.55472	-42.2003	-43.7551
BLOCK00/SES002/SA002S23	SES002	1.36157	-41.9442	-43.3057
BLOCK00/SES002/SA002S26	SES002	1.77702	-41.9055	-43.6825
BLOCK00/SES002/SA002S28	SES002	1.17711	-42.3294	-43.5066
BLOCK00/SES007/SA007S14	SES007	0.899197	-41.5927	-42.4919
BLOCK00/SES007/SA007S15	SES007	0.452431	-42.937	-43.3894
BLOCK00/SES007/SA007S24	SES007	0.591881	-42.4753	-43.0671
BLOCK00/SES007/SA007S27	SES007	0.382984	-43.395	-43.778
BLOCK00/SES007/SA007S29	SES007	0.146564	-42.4471	-42.5937
BLOCK00/SES008/SA008S11	SES008	1.28959	-42.2646	-43.5542
BLOCK00/SES008/SA008S12	SES008	0.352581	-43.3959	-43.7485
BLOCK00/SES008/SA008S19	SES008	1.18692	-41.9408	-43.1277
BLOCK00/SES008/SA008S22	SES008	1.21249	-42.6505	-43.863
BLOCK00/SES008/SA008S29	SES008	1.32557	-41.9749	-43.3005
BLOCK01/SES014/SA014S10	SES014	2.26015	-41.7468	-44.0069
BLOCK01/SES014/SA014S12	SES014	2.57003	-40.1548	-42.7248
BLOCK01/SES014/SA014S24	SES014	1.7711	-41.8232	-43.5943
BLOCK01/SES014/SA014S26	SES014	2.33405	-39.8847	-42.2187
BLOCK01/SES014/SA014S28	SES014	2.54115	-40.2816	-42.8228
BLOCK01/SES016/SA016S12	SES016	1.04538	-43.676	-44.7214
BLOCK01/SES016/SA016S13	SES016	1.31623	-42.3078	-43.6241
BLOCK01/SES016/SA016S22	SES016	0.400608	-43.3977	-43.7983
BLOCK01/SES016/SA016S25	SES016	1.4427	-40.8315	-42.2742
BLOCK01/SES016/SA016S27	SES016	1.81967	-41.0434	-42.863
BLOCK01/SES019/SA019S13	SES019	2.78111	-42.6168	-45.3979
BLOCK01/SES019/SA019S14	SES019	1.75237	-42.9989	-44.7513
BLOCK01/SES019/SA019S22	SES019	2.43944	-42.3877	-44.8272
BLOCK01/SES019/SA019S25	SES019	2.31687	-42.7069	-45.0238
BLOCK01/SES019/SA019S29	SES019	2.99774	-42.5403	-45.538
BLOCK02/SES029/SA029S11	SES029	1.39581	-41.8793	-43.2751
BLOCK02/SES029/SA029S12	SES029	0.70306	-42.272	-42.9751
BLOCK02/SES029/SA029S20	SES029	0.736538	-43.2301	-43.9666
BLOCK02/SES029/SA029S25	SES029	0.50668	-42.2734	-42.7801
BLOCK02/SES029/SA029S28	SES029	0.518425	-42.8495	-43.3679
BLOCK04/SES042/SA042S12	SES042	2.30306	-41.136	-43.4391
BLOCK04/SES042/SA042S15	SES042	2.36723	-41.6174	-43.9847
BLOCK04/SES042/SA042S22	SES042	3.31144	-40.0819	-43.3934
BLOCK04/SES042/SA042S25	SES042	2.16241	-42.5821	-44.7445
BLOCK04/SES042/SA042S27	SES042	1.99376	-41.4117	-43.4054
BLOCK04/SES048/SA048S11	SES048	1.18247	-42.3494	-43.5318
BLOCK04/SES048/SA048S12	SES048	0.46048	-42.9557	-43.4162
BLOCK04/SES048/SA048S20	SES048	0.80748	-42.2391	-43.0466
BLOCK04/SES048/SA048S23	SES048	1.24115	-42.8159	-44.057
BLOCK04/SES048/SA048S27	SES048	0.567741	-42.0778	-42.6455
BLOCK06/SES060/SA060S11	SES060	1.31859	-41.9381	-43.2567
BLOCK06/SES060/SA060S12	SES060	-1.47728	-44.3415	-42.8643
BLOCK06/SES060/SA060S22	SES060	-0.278625	-44.1252	-43.8465
BLOCK06/SES060/SA060S24	SES060	0.821495	-42.1989	-43.0204
BLOCK06/SES060/SA060S28	SES060	0.965363	-40.7656	-41.731
BLOCK06/SES062/SA062S10	SES062	0.532768	-42.4356	-42.9684
BLOCK06/SES062/SA062S11	SES062	1.316	-41.6819	-42.9979
BLOCK06/SES062/SA062S21	SES062	1.97393	-40.0651	-42.0391
BLOCK06/SES062/SA062S26	SES062	0.622021	-41.4321	-42.0541
BLOCK06/SES062/SA062S29	SES062	1.20483	-40.9838	-42.1886
BLOCK06/SES068/SA068S14	SES068	0.188225	-42.7541	-42.9423
BLOCK06/SES068/SA068S15	SES068	0.792324	-41.6207	-42.413
BLOCK06/SES068/SA068S23	SES068	0.574268	-42.9628	-43.5371
BLOCK06/SES068/SA068S27	SES068	1.31997	-41.2688	-42.5888
BLOCK06/SES068/SA068S29	SES068	0.803349	-42.1494	-42.9528
BLOCK08/SES082/SA082S12	SES082	1.08965	-43.7258	-44.8154
BLOCK08/SES082/SA082S14	SES082	0.665596	-43.8383	-44.5039
BLOCK08/SES082/SA082S21	SES082	0.819645	-43.2857	-44.1054
BLOCK08/SES082/SA082S24	SES082	1.14626	-42.8529	-43.9991
BLOCK08/SES082/SA082S28	SES082	0.15411	-43.8516	-44.0057
BLOCK08/SES083/SA083S14	SES083	-0.542255	-43.3767	-42.8344
BLOCK08/SES083/SA083S15	SES083	0.335701	-42.4512	-42.7869
BLOCK08/SES083/SA083S24	SES083	0.240078	-42.8527	-43.0927
BLOCK08/SES083/SA083S26	SES083	0.719318	-42.4535	-43.1728
BLOCK08/SES083/SA083S29	SES083	0.0269203	-42.5149	-42.5418
BLOCK08/SES085/SA085S10	SES085	-0.141914	-43.1038	-42.9618
BLOCK08/SES085/SA085S13	SES085	0.383545	-42.8444	-43.2279
BLOCK08/SES085/SA085S22	SES085	-0.957581	-43.8722	-42.9146
BLOCK08/SES085/SA085S26	SES085	-0.710117	-43.4127	-42.7026
BLOCK08/SES085/SA085S28	SES085	0.611912	-42.4132	-43.0251
BLOCK08/SES087/SA087S15	SES087	1.64475	-42.6046	-44.2494
BLOCK08/SES087/SA087S16	SES087	1.67422	-42.425	-44.0992
BLOCK08/SES087/SA087S24	SES087	1.75824	-42.5076	-44.2659
BLOCK08/SES087/SA087S26	SES087	1.55144	-41.3331	-42.8845
BLOCK08/SES087/SA087S29	SES087	1.73443	-42.2845	-44.019
BLOCK09/SES099/SA099S15	SES099	1.26735	-43.0984	-44.3657
BLOCK09/SES099/SA099S16	SES099	1.35526	-42.7392	-44.0944
BLOCK09/SES099/SA099S24	SES099	1.53313	-42.1481	-43.6813
BLOCK09/SES099/SA099S26	SES099	1.45471	-42.1892	-43.6439
BLOCK09/SES099/SA099S29	SES099	1.35461	-42.3275	-43.6821
BLOCK10/SES101/SA101S11	SES101	0.256199	-42.4692	-42.7254
BLOCK10/SES101/SA101S13	SES101	0.888714	-41.8622	-42.7509
BLOCK10/SES101/SA101S22	SES101	1.21846	-42.4947	-43.7132
BLOCK10/SES101/SA101S24	SES101	1.11204	-42.2414	-43.3535
BLOCK10/SES101/SA101S28	SES101	0.306664	-42.8576	-43.1643
BLOCK10/SES104/SA104S11	SES104	1.63424	-41.2717	-42.9059
BLOCK10/SES104/SA104S12	SES104	1.41558	-41.5906	-43.0062
BLOCK10/SES104/SA104S21	SES104	0.876976	-42.5298	-43.4068
BLOCK10/SES104/SA104S24	SES104	0.947025	-43.0365	-43.9835
BLOCK10/SES104/SA104S28	SES104	0.833839	-42.8438	-43.6776
BLOCK10/SES105/SA105S12	SES105	0.578514	-43.7492	-44.3277
BLOCK10/SES105/SA105S13	SES105	0.928543	-43.1463	-44.0748
BLOCK10/SES105/SA105S22	SES105	0.229126	-44.3814	-44.6105
BLOCK10/SES105/SA105S26	SES105	1.30801	-42.9575	-44.2655
BLOCK10/SES105/SA105S29	SES105	0.815495	-42.9134	-43.7289
BLOCK10/SES106/SA106S09	SES106	1.1994	-44.0076	-45.207
BLOCK10/SES106/SA106S11	SES106	1.35053	-42.1869	-43.5375
BLOCK10/SES106/SA106S22	SES106	2.41772	-42.39	-44.8077
BLOCK10/SES106/SA106S27	SES106	1.32343	-42.5018	-43.8253
BLOCK10/SES106/SA106S29	SES106	1.04415	-42.4706	-43.5147
BLOCK11/SES117/SA117S12	SES117	0.952145	-42.6136	-43.5658
BLOCK11/SES117/SA117S13	SES117	0.289352	-42.9234	-43.2128
BLOCK11/SES117/SA117S23	SES117	1.48875	-43.2811	-44.7698
BLOCK11/SES117/SA117S25	SES117	0.682781	-43.638	-44.3208
BLOCK11/SES117/SA117S28	SES117	1.0906	-43.3206	-44.4112
BLOCK12/SES120/SA120S08	SES120	0.757088	-44.1485	-44.9056
BLOCK12/SES120/SA120S11	SES120	0.844116	-45.1036	-45.9477
BLOCK12/SES120/SA120S22	SES120	0.298496	-43.4142	-43.7127
BLOCK12/SES120/SA120S24	SES120	0.4622	-43.5135	-43.9757
BLOCK12/SES120/SA120S28	SES120	0.249371	-44.8895	-45.1389
BLOCK12/SES125/SA125S13	SES125	1.91226	-41.6684	-43.5807
BLOCK12/SES125/SA125S14	SES125	1.19659	-42.6545	-43.8511
BLOCK12/SES125/SA125S25	SES125	1.9748	-41.8643	-43.8391
BLOCK12/SES125/SA125S27	SES125	2.0312	-41.1293	-43.1605
BLOCK12/SES125/SA125S29	SES125	1.7403	-41.7017	-43.442
BLOCK12/SES127/SA127S11	SES127	0.525833	-43.1155	-43.6414
BLOCK12/SES127/SA127S12	SES127	-0.595814	-43.3025	-42.7067
BLOCK12/SES127/SA127S23	SES127	0.143559	-43.111	-43.2546
BLOCK12/SES127/SA127S25	SES127	-0.178944	-43.2291	-43.0502
BLOCK12/SES127/SA127S27	SES127	0.660416	-42.0368	-42.6972
BLOCK12/SES129/SA129S11	SES129	1.23356	-41.6078	-42.8414
BLOCK12/SES129/SA129S12	SES129	0.992195	-41.7208	-42.713
BLOCK12/SES129/SA129S22	SES129	1.00523	-42.0232	-43.0285
BLOCK12/SES129/SA129S27	SES129	1.35357	-41.665	-43.0186
BLOCK12/SES129/SA129S29	SES129	1.3736	-41.58	-42.9536
BLOCK14/SES142/SA142S11	SES142	1.36715	-42.4843	-43.8514
BLOCK14/SES142/SA142S12	SES142	0.878719	-43.0574	-43.9361
BLOCK14/SES142/SA142S24	SES142	1.61094	-42.1997	-43.8107
BLOCK14/SES142/SA142S27	SES142	1.62673	-42.1459	-43.7726
BLOCK14/SES142/SA142S29	SES142	1.78847	-41.3707	-43.1591
BLOCK14/SES143/SA143S12	SES143	0.987701	-42.7206	-43.7083
BLOCK14/SES143/SA143S13	SES143	0.59943	-43.1639	-43.7633
BLOCK14/SES143/SA143S23	SES143	0.773293	-43.18	-43.9533
BLOCK14/SES143/SA143S25	SES143	0.680794	-43.0469	-43.7276
BLOCK14/SES143/SA143S28	SES143	0.959869	-42.1695	-43.1294
BLOCK14/SES144/SA144S09	SES144	0.865536	-42.6252	-43.4908
BLOCK14/SES144/SA144S11	SES144	0.738205	-43.673	-44.4112
BLOCK14/SES144/SA144S21	SES144	0.101589	-43.5061	-43.6077
BLOCK14/SES144/SA144S25	SES144	0.450935	-43.5998	-44.0507
BLOCK14/SES144/SA144S29	SES144	0.0527344	-43.3637	-43.4165
BLOCK14/SES146/SA146S14	SES146	0.546734	-43.7916	-44.3384
BLOCK14/SES146/SA146S15	SES146	0.131763	-43.6806	-43.8124
BLOCK14/SES146/SA146S24	SES146	0.450947	-43.4913	-43.9423
BLOCK14/SES146/SA146S26	SES146	0.885902	-43.6362	-44.5221
BLOCK14/SES146/SA146S29	SES146	0.481575	-44.1573	-44.6388
BLOCK14/SES147/SA147S11	SES147	1.5435	-42.8162	-44.3597
BLOCK14/SES147/SA147S13	SES147	1.67131	-41.9605	-43.6318
BLOCK14/SES147/SA147S23	SES147	1.37459	-43.1398	-44.5144
BLOCK14/SES147/SA147S26	SES147	1.05212	-43.1418	-44.1939
BLOCK14/SES147/SA147S28	SES147	1.87273	-42.4505	-44.3232
BLOCK14/SES148/SA148S10	SES148	1.28892	-42.1793	-43.4682
BLOCK14/SES148/SA148S12	SES148	0.483757	-43.4612	-43.9449
BLOCK14/SES148/SA148S22	SES148	1.0378	-41.7008	-42.7387
BLOCK14/SES148/SA148S26	SES148	0.360779	-42.7573	-43.1181
BLOCK14/SES148/SA148S29	SES148	0.652119	-43.245	-43.8971
BLOCK14/SES149/SA149S13	SES149	-0.0706673	-43.6436	-43.5729
BLOCK14/SES149/SA149S14	SES149	0.488171	-42.5559	-43.0441
BLOCK14/SES149/SA149S24	SES149	0.959721	-42.7269	-43.6866
BLOCK14/SES149/SA149S26	SES149	1.64345	-41.9899	-43.6334
BLOCK14/SES149/SA149S28	SES149	2.01915	-41.2118	-43.231
BLOCK15/SES158/SA158S13	SES158	1.09919	-43.3138	-44.413
BLOCK15/SES158/SA158S14	SES158	1.75021	-43.1096	-44.8598
BLOCK15/SES158/SA158S23	SES158	1.12029	-42.8194	-43.9396
BLOCK15/SES158/SA158S26	SES158	1.84356	-42.499	-44.3425
BLOCK15/SES158/SA158S28	SES158	1.11513	-43.2343	-44.3494
BLOCK16/SES162/SA162S10	SES162	0.624489	-44.0499	-44.6744
BLOCK16/SES162/SA162S11	SES162	0.686287	-42.709	-43.3952
BLOCK16/SES162/SA162S21	SES162	1.39392	-42.3794	-43.7733
BLOCK16/SES162/SA162S24	SES162	0.752689	-42.9436	-43.6963
BLOCK16/SES162/SA162S27	SES162	0.748199	-43.428	-44.1762
BLOCK16/SES167/SA167S14	SES167	1.01747	-41.5658	-42.5833
BLOCK16/SES167/SA167S15	SES167	1.36212	-42.059	-43.4211
BLOCK16/SES167/SA167S21	SES167	1.51575	-41.1873	-42.703
BLOCK16/SES167/SA167S25	SES167	1.72966	-42.06	-43.7896
BLOCK16/SES167/SA167S29	SES167	2.12386	-40.6012	-42.725
BLOCK17/SES172/SA172S12	SES172	1.17236	-42.4962	-43.6685
BLOCK17/SES172/SA172S13	SES172	1.53531	-42.4256	-43.9609
BLOCK17/SES172/SA172S23	SES172	0.77813	-41.2622	-42.0403
BLOCK17/SES172/SA172S27	SES172	0.762314	-42.7513	-43.5136
BLOCK17/SES172/SA172S29	SES172	1.47615	-42.0882	-43.5643
BLOCK17/SES175/SA175S11	SES175	1.04662	-42.2277	-43.2743
BLOCK17/SES175/SA175S13	SES175	0.942204	-42.3173	-43.2595
BLOCK17/SES175/SA175S23	SES175	1.33869	-42.4456	-43.7842
BLOCK17/SES175/SA175S25	SES175	0.608086	-43.9964	-44.6044
BLOCK17/SES175/SA175S28	SES175	0.77285	-42.3552	-43.1281
BLOCK17/SES177/SA177S15	SES177	-0.151257	-43.2166	-43.0653
BLOCK17/SES177/SA177S17	SES177	-0.132607	-43.1846	-43.052
BLOCK17/SES177/SA177S23	SES177	-0.135162	-43.4437	-43.3086
BLOCK17/SES177/SA177S26	SES177	0.537514	-41.3358	-41.8734
BLOCK17/SES177/SA177S28	SES177	0.559029	-42.0283	-42.5873
BLOCK18/SES180/SA180S13	SES180	0.351467	-43.0806	-43.432
BLOCK18/SES180/SA180S15	SES180	0.305187	-43.3303	-43.6355
BLOCK18/SES180/SA180S24	SES180	0.682255	-41.5815	-42.2638
BLOCK18/SES180/SA180S26	SES180	0.944191	-42.3057	-43.2499
BLOCK18/SES180/SA180S29	SES180	0.786583	-42.9238	-43.7103
BLOCK18/SES183/SA183S13	SES183	0.855961	-43.398	-44.254
BLOCK18/SES183/SA183S14	SES183	0.357246	-43.6429	-44.0002
BLOCK18/SES183/SA183S24	SES183	1.08798	-43.2974	-44.3854
BLOCK18/SES183/SA183S27	SES183	1.05552	-42.992	-44.0476
BLOCK18/SES183/SA183S29	SES183	0.836979	-42.6625	-43.4995
BLOCK18/SES187/SA187S13	SES187	0.7076	-43.3811	-44.0887
BLOCK18/SES187/SA187S14	SES187	0.64748	-43.5308	-44.1782
BLOCK18/SES187/SA187S24	SES187	1.10385	-42.6639	-43.7677
BLOCK18/SES187/SA187S27	SES187	1.12086	-42.4105	-43.5314
BLOCK18/SES187/SA187S29	SES187	1.14767	-42.9836	-44.1313
BLOCK18/SES189/SA189S10	SES189	1.41594	-44.3688	-45.7848
BLOCK18/SES189/SA189S13	SES189	1.40656	-44.8814	-46.2879
BLOCK18/SES189/SA189S24	SES189	1.63659	-43.7303	-45.3669
BLOCK18/SES189/SA189S26	SES189	1.25076	-43.6047	-44.8555
BLOCK18/SES189/SA189S29	SES189	1.84666	-43.4364	-45.2831
BLOCK20/SES202/SA202S12	SES202	0.664356	-43.9714	-44.6358
BLOCK20/SES202/SA202S14	SES202	2.0641	-41.9079	-43.972
BLOCK20/SES202/SA202S24	SES202	1.31823	-42.8597	-44.178
BLOCK20/SES202/SA202S27	SES202	1.33312	-41.5419	-42.875
BLOCK20/SES202/SA202S29	SES202	1.71714	-41.3583	-43.0755
BLOCK20/SES206/SA206S15	SES206	0.156754	-42.7905	-42.9472
BLOCK20/SES206/SA206S17	SES206	1.52045	-41.7904	-43.3108
BLOCK20/SES206/SA206S24	SES206	1.4877	-41.5767	-43.0644
BLOCK20/SES206/SA206S27	SES206	1.44427	-42.4099	-43.8541
BLOCK20/SES206/SA206S29	SES206	1.61451	-41.2377	-42.8522
BLOCK22/SES226/SA226S12	SES226	1.46061	-42.8174	-44.278
BLOCK22/SES226/SA226S13	SES226	-0.382618	-44.3729	-43.9903
BLOCK22/SES226/SA226S20	SES226	1.24824	-43.0256	-44.2739
BLOCK22/SES226/SA226S23	SES226	1.36428	-42.5351	-43.8994
BLOCK22/SES226/SA226S28	SES226	1.73684	-42.1459	-43.8827
BLOCK25/SES259/SA259S13	SES259	2.71126	-41.1279	-43.8391
BLOCK25/SES259/SA259S14	SES259	1.45523	-42.1716	-43.6268
BLOCK25/SES259/SA259S22	SES259	1.56455	-41.8766	-43.4411
BLOCK25/SES259/SA259S24	SES259	1.79892	-41.4063	-43.2052
BLOCK25/SES259/SA259S28	SES259	1.5401	-41.539	-43.0791
BLOCK27/SES270/SA270S14	SES270	1.85654	-43.3138	-45.1704
BLOCK27/SES270/SA270S16	SES270	0.80275	-43.2907	-44.0935
BLOCK27/SES270/SA270S22	SES270	2.05907	-42.529	-44.5881
BLOCK27/SES270/SA270S26	SES270	1.12389	-43.9374	-45.0613
BLOCK27/SES270/SA270S28	SES270	0.872787	-42.8814	-43.7542
BLOCK27/SES275/SA275S17	SES275	1.12421	-43.2112	-44.3354
BLOCK27/SES275/SA275S18	SES275	0.184265	-43.2883	-43.4725
BLOCK27/SES275/SA275S24	SES275	0.251156	-44.7224	-44.9735
BLOCK27/SES275/SA275S26	SES275	0.862957	-42.8382	-43.7012
BLOCK27/SES275/SA275S28	SES275	0.204704	-43.1919	-43.3966
BLOCK29/SES292/SA292S10	SES292	0.020977	-43.5406	-43.5616
BLOCK29/SES292/SA292S12	SES292	-0.145782	-44.0459	-43.9001
BLOCK29/SES292/SA292S22	SES292	0.508911	-42.5163	-43.0252
BLOCK29/SES292/SA292S24	SES292	0.166813	-42.9133	-43.0801
BLOCK29/SES292/SA292S27	SES292	0.137024	-42.6683	-42.8053
BLOCK00/SES001/SA001S14	SES062	-1.49605	-45.3662	-43.8702
BLOCK00/SES001/SA001S14	SES082	-1.57525	-45.4454	-43.8702
BLOCK00/SES001/SA001S14	SES106	-2.51239	-46.3826	-43.8702
BLOCK00/SES001/SA001S14	SES206	-2.06417	-45.9343	-43.8702
BLOCK00/SES001/SA001S15	SES062	-1.59786	-44.7495	-43.1517
BLOCK00/SES001/SA001S15	SES104	-2.80319	-45.9549	-43.1517
BLOCK00/SES001/SA001S15	SES106	-3.02856	-46.1802	-43.1517
BLOCK00/SES001/SA001S15	SES206	-2.1289	-45.2806	-43.1517
BLOCK00/SES001/SA001S24	SES062	-2.94102	-47.3837	-44.4426
BLOCK00/SES001/SA001S24	SES082	-1.48922	-45.9319	-44.4426
BLOCK00/SES001/SA001S24	SES087	-2.28666	-46.7293	-44.4426
BLOCK00/SES001/SA001S24	SES206	-1.41431	-45.8569	-44.4426
BLOCK00/SES001/SA001S27	SES062	-1.61697	-44.6056	-42.9886
BLOCK00/SES001/SA001S27	SES082	-2.07524	-45.0638	-42.9886
BLOCK00/SES001/SA001S27	SES087	-2.28745	-45.276	-42.9886
BLOCK00/SES001/SA001S27	SES206	-2.39801	-45.3866	-42.9886
BLOCK00/SES001/SA001S29	SES062	-2.4966	-46.3958	-43.8992
BLOCK00/SES001/SA001S29	SES082	-1.88623	-45.7855	-43.8992
BLOCK00/SES001/SA001S29	SES158	-1.56438	-45.4636	-43.8992
BLOCK00/SES001/SA001S29	SES206	-3.01452	-46.9138	-43.8992
BLOCK00/SES003/SA003S11	SES002	-0.925423	-45.0596	-44.1341
BLOCK00/SES003/SA003S11	SES019	-0.987827	-45.122	-44.1341
BLOCK00/SES003/SA003S11	SES082	0.0431938	-44.091	-44.1341
BLOCK00/SES003/SA003S11	SES125	-1.19345	-45.3276	-44.1341
BLOCK00/SES003/SA003S15	SES016	-2.34735	-46.0428	-43.6954
BLOCK00/SES003/SA003S15	SES019	-1.23213	-44.9276	-43.6954
BLOCK00/SES003/SA003S15	SES062	-1.65083	-45.3463	-43.6954
BLOCK00/SES003/SA003S15	SES206	-1.4109	-45.1063	-43.6954
BLOCK00/SES003/SA003S22	SES002	-1.73206	-45.1915	-43.4595
BLOCK00/SES003/SA003S22	SES062	-1.49972	-44.9592	-43.4595
BLOCK00/SES003/SA003S22	SES082	-0.69154	-44.151	-43.4595
BLOCK00/SES003/SA003S22	SES087	-1.28165	-44.7411	-43.4595
BLOCK00/SES003/SA003S25	SES062	-2.1596	-46.5874	-44.4278
BLOCK00/SES003/SA003S25	SES082	-0.466175	-44.894	-44.4278
BLOCK00/SES003/SA003S25	SES087	-0.999298	-45.4271	-44.4278
BLOCK00/SES003/SA003S25	SES206	-1.52887	-45.9567	-44.4278
BLOCK00/SES003/SA003S29	SES002	-1.63055	-45.8675	-44.237
BLOCK00/SES003/SA003S29	SES062	-2.0488	-46.2858	-44.237
BLOCK00/SES003/SA003S29	SES082	-0.620724	-44.8577	-44.237
BLOCK00/SES003/SA003S29	SES087	-1.76616	-46.0031	-44.237
BLOCK00/SES004/SA004S12	SES083	-2.151	-45.7407	-43.5897
BLOCK00/SES004/SA004S12	SES148	-1.78599	-45.3757	-43.5897
BLOCK00/SES004/SA004S12	SES172	-1.40499	-44.9947	-43.5897
BLOCK00/SES004/SA004S12	SES292	-2.42908	-46.0188	-43.5897
BLOCK00/SES004/SA004S17	SES083	-1.70996	-45.7993	-44.0894
BLOCK00/SES004/SA004S17	SES162	-0.776855	-44.8662	-44.0894
BLOCK00/SES004/SA004S17	SES172	-1.89619	-45.9856	-44.0894
BLOCK00/SES004/SA004S17	SES292	-2.17834	-46.2677	-44.0894
BLOCK00/SES004/SA004S24	SES083	-2.21082	-45.3892	-43.1784
BLOCK00/SES004/SA004S24	SES148	-1.64724	-44.8256	-43.1784
BLOCK00/SES004/SA004S24	SES172	-1.00397	-44.1824	-43.1784
BLOCK00/SES004/SA004S24	SES292	-1.56191	-44.7403	-43.1784
BLOCK00/SES004/SA004S26	SES083	-1.83694	-44.9964	-43.1594
BLOCK00/SES004/SA004S26	SES127	-1.1992	-44.3586	-43.1594
BLOCK00/SES004/SA004S26	SES148	-2.18507	-45.3445	-43.1594
BLOCK00/SES004/SA004S26	SES292	-2.10894	-45.2684	-43.1594
BLOCK00/SES004/SA004S28	SES083	-2.37246	-45.0686	-42.6961
BLOCK00/SES004/SA004S28	SES127	-1.20422	-43.9004	-42.6961
BLOCK00/SES004/SA004S28	SES187	-0.898243	-43.5944	-42.6961
BLOCK00/SES004/SA004S28	SES292	-2.87263	-45.5688	-42.6961
BLOCK00/SES006/SA006S10	SES014	-2.71624	-48.5773	-45.861
BLOCK00/SES006/SA006S10	SES158	-0.911148	-46.7722	-45.861
BLOCK00/SES006/SA006S10	SES226	-3.57226	-49.4333	-45.861
BLOCK00/SES006/SA006S10	SES270	-0.413948	-46.275	-45.861
BLOCK00/SES006/SA006S11	SES158	-0.558575	-46.2495	-45.6909
BLOCK00/SES006/SA006S11	SES226	-2.18893	-47.8799	-45.6909
BLOCK00/SES006/SA006S11	SES270	-0.163021	-45.854	-45.6909
BLOCK00/SES006/SA006S11	SES275	-3.05489	-48.7458	-45.6909
BLOCK00/SES006/SA006S23	SES062	-2.09314	-46.9335	-44.8403
BLOCK00/SES006/SA006S23	SES105	-2.23275	-47.0731	-44.8403
BLOCK00/SES006/SA006S23	SES158	-0.573505	-45.4138	-44.8403
BLOCK00/SES006/SA006S23	SES275	-1.96701	-46.8074	-44.8403
BLOCK00/SES006/SA006S26	SES104	-2.02679	-46.5003	-44.4735
BLOCK00/SES006/SA006S26	SES158	-0.513565	-44.987	-44.4735
BLOCK00/SES006/SA006S26	SES270	0.374081	-44.0994	-44.4735
BLOCK00/SES006/SA006S26	SES275	-2.96444	-47.4379	-44.4735
BLOCK00/SES006/SA006S28	SES007	-2.66175	-48.0964	-45.4346
BLOCK00/SES006/SA006S28	SES105	-2.84602	-48.2806	-45.4346
BLOCK00/SES006/SA006S28	SES158	-1.29436	-46.729	-45.4346
BLOCK00/SES006/SA006S28	SES275	-3.18182	-48.6164	-45.4346
BLOCK00/SES009/SA009S12	SES083	-1.95071	-45.3954	-43.4447
BLOCK00/SES009/SA009S12	SES148	-1.37895	-44.8236	-43.4447
BLOCK00/SES009/SA009S12	SES177	-0.757366	-44.202	-43.4447
BLOCK00/SES009/SA009S12	SES292	-1.32175	-44.7664	-43.4447
BLOCK00/SES009/SA009S15	SES007	0.137627	-42.6004	-42.738
BLOCK00/SES009/SA009S15	SES099	-7.00352	-49.7415	-42.738
BLOCK00/SES009/SA009S15	SES148	-1.56741	-44.3054	-42.738
BLOCK00/SES009/SA009S15	SES172	-0.946388	-43.6844	-42.738
BLOCK00/SES009/SA009S24	SES146	-1.13742	-44.0349	-42.8975
BLOCK00/SES009/SA009S24	SES148	-1.49136	-44.3889	-42.8975
BLOCK00/SES009/SA009S24	SES177	-0.32267	-43.2202	-42.8975
BLOCK00/SES009/SA009S24	SES292	-1.30682	-44.2043	-42.8975
BLOCK00/SES009/SA009S26	SES083	-2.12708	-45.5287	-43.4017
BLOCK00/SES009/SA009S26	SES101	-1.84804	-45.2497	-43.4017
BLOCK00/SES009/SA009S26	SES120	-0.870647	-44.2723	-43.4017
BLOCK00/SES009/SA009S26	SES177	-0.761238	-44.1629	-43.4017
BLOCK00/SES009/SA009S29	SES083	-1.72881	-44.6528	-42.924
BLOCK00/SES009/SA009S29	SES101	-1.61308	-44.5371	-42.924
BLOCK00/SES009/SA009S29	SES177	-0.612617	-43.5366	-42.924
BLOCK00/SES009/SA009S29	SES292	-1.70282	-44.6268	-42.924
BLOCK01/SES011/SA011S10	SES019	-1.22157	-45.5667	-44.3452
BLOCK01/SES011/SA011S10	SES042	-0.957592	-45.3028	-44.3452
BLOCK01/SES011/SA011S10	SES082	-1.88944	-46.2346	-44.3452
BLOCK01/SES011/SA011S10	SES206	-0.403088	-44.7483	-44.3452
BLOCK01/SES011/SA011S11	SES019	-0.803436	-45.4272	-44.6237
BLOCK01/SES011/SA011S11	SES042	-1.72927	-46.353	-44.6237
BLOCK01/SES011/SA011S11	SES082	-1.51345	-46.1372	-44.6237
BLOCK01/SES011/SA011S11	SES206	-0.449696	-45.0734	-44.6237
BLOCK01/SES011/SA011S22	SES019	-0.29298	-44.8609	-44.5679
BLOCK01/SES011/SA011S22	SES042	-1.13134	-45.6993	-44.5679
BLOCK01/SES011/SA011S22	SES082	-1.02959	-45.5975	-44.5679
BLOCK01/SES011/SA011S22	SES206	-0.31488	-44.8828	-44.5679
BLOCK01/SES011/SA011S24	SES019	-1.00749	-44.8511	-43.8436
BLOCK01/SES011/SA011S24	SES042	-0.637077	-44.4806	-43.8436
BLOCK01/SES011/SA011S24	SES104	-1.2494	-45.093	-43.8436
BLOCK01/SES011/SA011S24	SES206	0.181778	-43.6618	-43.8436
BLOCK01/SES011/SA011S27	SES082	0.310837	-43.4873	-43.7981
BLOCK01/SES011/SA011S27	SES087	-0.719654	-44.5178	-43.7981
BLOCK01/SES011/SA011S27	SES125	-0.40601	-44.2042	-43.7981
BLOCK01/SES011/SA011S27	SES206	0.0280037	-43.7701	-43.7981
BLOCK01/SES012/SA012S11	SES007	-1.96915	-44.8655	-42.8964
BLOCK01/SES012/SA012S11	SES082	-1.17959	-44.076	-42.8964
BLOCK01/SES012/SA012S11	SES083	-2.49281	-45.3892	-42.8964
BLOCK01/SES012/SA012S11	SES206	-0.885078	-43.7814	-42.8964
BLOCK01/SES012/SA012S14	SES082	-1.04512	-44.7123	-43.6672
BLOCK01/SES012/SA012S14	SES087	-1.73526	-45.4025	-43.6672
BLOCK01/SES012/SA012S14	SES206	-0.717968	-44.3852	-43.6672
BLOCK01/SES012/SA012S14	SES292	-3.19481	-46.862	-43.6672
BLOCK01/SES012/SA012S24	SES082	-0.395348	-45.0946	-44.6993
BLOCK01/SES012/SA012S24	SES087	-1.32323	-46.0225	-44.6993
BLOCK01/SES012/SA012S24	SES120	-3.59112	-48.2904	-44.6993
BLOCK01/SES012/SA012S24	SES206	-0.128925	-44.8282	-44.6993
BLOCK01/SES012/SA012S26	SES019	-2.61507	-46.2754	-43.6604
BLOCK01/SES012/SA012S26	SES082	-1.75986	-45.4202	-43.6604
BLOCK01/SES012/SA012S26	SES206	-0.260616	-43.921	-43.6604
BLOCK01/SES012/SA012S26	SES292	-2.69144	-46.3518	-43.6604
BLOCK01/SES012/SA012S29	SES062	-1.55344	-44.7457	-43.1923
BLOCK01/SES012/SA012S29	SES082	-1.29722	-44.4895	-43.1923
BLOCK01/SES012/SA012S29	SES083	-2.32987	-45.5222	-43.1923
BLOCK01/SES012/SA012S29	SES206	-0.866474	-44.0588	-43.1923
BLOCK01/SES013/SA013S16	SES062	-3.19049	-47.0933	-43.9028
BLOCK01/SES013/SA013S16	SES106	-0.762165	-44.665	-43.9028
BLOCK01/SES013/SA013S16	SES206	-0.952259	-44.8551	-43.9028
BLOCK01/SES013/SA013S16	SES226	-0.357552	-44.2604	-43.9028
BLOCK01/SES013/SA013S17	SES062	-3.08727	-46.3664	-43.2791
BLOCK01/SES013/SA013S17	SES106	-1.06387	-44.343	-43.2791
BLOCK01/SES013/SA013S17	SES206	-0.469551	-43.7487	-43.2791
BLOCK01/SES013/SA013S17	SES226	0.406147	-42.873	-43.2791
BLOCK01/SES013/SA013S23	SES104	-0.628769	-44.7204	-44.0916
BLOCK01/SES013/SA013S23	SES106	-0.640903	-44.7325	-44.0916
BLOCK01/SES013/SA013S23	SES206	-0.880821	-44.9725	-44.0916
BLOCK01/SES013/SA013S23	SES270	-0.205986	-44.2976	-44.0916
BLOCK01/SES013/SA013S25	SES042	-1.7126	-45.3873	-43.6747
BLOCK01/SES013/SA013S25	SES104	-0.424744	-44.0994	-43.6747
BLOCK01/SES013/SA013S25	SES106	-0.0439796	-43.7187	-43.6747
BLOCK01/SES013/SA013S25	SES206	-0.978645	-44.6533	-43.6747
BLOCK01/SES013/SA013S29	SES062	-3.50974	-47.459	-43.9493
BLOCK01/SES013/SA013S29	SES104	-0.863472	-44.8128	-43.9493
BLOCK01/SES013/SA013S29	SES106	-0.176552	-44.1259	-43.9493
BLOCK01/SES013/SA013S29	SES206	-1.39058	-45.3399	-43.9493
BLOCK02/SES021/SA021S13	SES016	-2.79707	-45.9504	-43.1533
BLOCK02/SES021/SA021S13	SES029	-2.49986	-45.6532	-43.1533
BLOCK02/SES021/SA021S13	SES087	-1.64083	-44.7942	-43.1533
BLOCK02/SES021/SA021S13	SES206	-0.682735	-43.8361	-43.1533
BLOCK02/SES021/SA021S15	SES087	-1.01134	-43.1033	-42.092
BLOCK02/SES021/SA021S15	SES125	-0.885315	-42.9773	-42.092
BLOCK02/SES021/SA021S15	SES206	-0.442543	-42.5346	-42.092
BLOCK02/SES021/SA021S15	SES226	-1.33898	-43.431	-42.092
BLOCK02/SES021/SA021S23	SES062	-2.73398	-46.8366	-44.1026
BLOCK02/SES021/SA021S23	SES087	-1.80606	-45.9087	-44.1026
BLOCK02/SES021/SA021S23	SES206	-1.35591	-45.4585	-44.1026
BLOCK02/SES021/SA021S23	SES226	-1.16262	-45.2652	-44.1026
BLOCK02/SES021/SA021S27	SES002	-1.35072	-44.2043	-42.8536
BLOCK02/SES021/SA021S27	SES016	-3.5563	-46.4099	-42.8536
BLOCK02/SES021/SA021S27	SES019	-2.20407	-45.0577	-42.8536
BLOCK02/SES021/SA021S27	SES062	-1.11806	-43.9717	-42.8536
BLOCK02/SES021/SA021S29	SES087	-1.863	-44.5351	-42.6721
BLOCK02/SES021/SA021S29	SES125	-1.22274	-43.8949	-42.6721
BLOCK02/SES021/SA021S29	SES206	-0.860748	-43.5329	-42.6721
BLOCK02/SES021/SA021S29	SES226	-1.40524	-44.0774	-42.6721
BLOCK04/SES043/SA043S09	SES083	-1.13843	-45.7158	-44.5774
BLOCK04/SES043/SA043S09	SES101	-2.14174	-46.7191	-44.5774
BLOCK04/SES043/SA043S09	SES144	-0.758102	-45.3355	-44.5774
BLOCK04/SES043/SA043S09	SES172	-3.16965	-47.747	-44.5774
BLOCK04/SES043/SA043S11	SES083	-0.48769	-43.9035	-43.4158
BLOCK04/SES043/SA043S11	SES101	-1.29382	-44.7096	-43.4158
BLOCK04/SES043/SA043S11	SES144	-0.50811	-43.9239	-43.4158
BLOCK04/SES043/SA043S11	SES172	-1.7774	-45.1932	-43.4158
BLOCK04/SES043/SA043S23	SES083	-0.573174	-44.3364	-43.7632
BLOCK04/SES043/SA043S23	SES144	0.110252	-43.653	-43.7632
BLOCK04/SES043/SA043S23	SES177	-1.41821	-45.1815	-43.7632
BLOCK04/SES043/SA043S23	SES275	-0.789062	-44.5523	-43.7632
BLOCK04/SES043/SA043S26	SES083	-1.14442	-44.9214	-43.777
BLOCK04/SES043/SA043S26	SES101	-1.46645	-45.2435	-43.777
BLOCK04/SES043/SA043S26	SES144	-0.179245	-43.9562	-43.777
BLOCK04/SES043/SA043S26	SES177	-1.36435	-45.1413	-43.777
BLOCK04/SES043/SA043S28	SES016	-1.49187	-44.6559	-43.164
BLOCK04/SES043/SA043S28	SES083	-0.807289	-43.9713	-43.164
BLOCK04/SES043/SA043S28	SES101	-0.971123	-44.1352	-43.164
BLOCK04/SES043/SA043S28	SES144	-0.721676	-43.8857	-43.164
BLOCK04/SES044/SA044S10	SES127	-2.99192	-48.8352	-45.8433
BLOCK04/SES044/SA044S10	SES144	-0.361	-46.2043	-45.8433
BLOCK04/SES044/SA044S10	SES147	-3.21313	-49.0564	-45.8433
BLOCK04/SES044/SA044S10	SES148	-1.8799	-47.7231	-45.8433
BLOCK04/SES044/SA044S11	SES101	-1.73234	-46.7329	-45.0005
BLOCK04/SES044/SA044S11	SES144	0.0150909	-44.9854	-45.0005
BLOCK04/SES044/SA044S11	SES147	-2.5416	-47.5421	-45.0005
BLOCK04/SES044/SA044S11	SES177	-1.84285	-46.8434	-45.0005
BLOCK04/SES044/SA044S24	SES007	-2.04095	-46.4859	-44.445
BLOCK04/SES044/SA044S24	SES101	-0.951584	-45.3966	-44.445
BLOCK04/SES044/SA044S24	SES147	-2.19222	-46.6372	-44.445
BLOCK04/SES044/SA044S24	SES177	-1.53138	-45.9763	-44.445
BLOCK04/SES044/SA044S26	SES007	-2.10392	-46.2735	-44.1696
BLOCK04/SES044/SA044S26	SES016	-1.00619	-45.1758	-44.1696
BLOCK04/SES044/SA044S26	SES101	-1.09717	-45.2668	-44.1696
BLOCK04/SES044/SA044S26	SES147	-1.38507	-45.5547	-44.1696
BLOCK04/SES044/SA044S29	SES007	-1.59816	-45.1563	-43.5581
BLOCK04/SES044/SA044S29	SES101	-0.726902	-44.285	-43.5581
BLOCK04/SES044/SA044S29	SES147	-2.58034	-46.1384	-43.5581
BLOCK04/SES044/SA044S29	SES177	-1.88234	-45.4404	-43.5581
BLOCK04/SES046/SA046S13	SES101	-2.18054	-46.3562	-44.1756
BLOCK04/SES046/SA046S13	SES144	-0.875507	-45.0511	-44.1756
BLOCK04/SES046/SA046S13	SES147	-2.80077	-46.9764	-44.1756
BLOCK04/SES046/SA046S13	SES177	-1.52897	-45.7046	-44.1756
BLOCK04/SES046/SA046S15	SES048	-2.2418	-45.0419	-42.8001
BLOCK04/SES046/SA046S15	SES083	-1.1375	-43.9376	-42.8001
BLOCK04/SES046/SA046S15	SES120	-2.83457	-45.6346	-42.8001
BLOCK04/SES046/SA046S15	SES148	-1.57492	-44.375	-42.8001
BLOCK04/SES046/SA046S22	SES101	-1.36196	-45.304	-43.942
BLOCK04/SES046/SA046S22	SES144	-1.03021	-44.9722	-43.942
BLOCK04/SES046/SA046S22	SES147	-3.31245	-47.2545	-43.942
BLOCK04/SES046/SA046S22	SES172	-1.54154	-45.4836	-43.942
BLOCK04/SES046/SA046S25	SES083	-1.60106	-45.1489	-43.5478
BLOCK04/SES046/SA046S25	SES127	-1.46857	-45.0164	-43.5478
BLOCK04/SES046/SA046S25	SES144	-1.26152	-44.8093	-43.5478
BLOCK04/SES046/SA046S25	SES148	-0.789009	-44.3368	-43.5478
BLOCK04/SES046/SA046S28	SES007	-2.42931	-47.119	-44.6897
BLOCK04/SES046/SA046S28	SES105	-2.274	-46.9637	-44.6897
BLOCK04/SES046/SA046S28	SES147	-2.00841	-46.6981	-44.6897
BLOCK04/SES046/SA046S28	SES148	-1.70467	-46.3944	-44.6897
BLOCK04/SES049/SA049S16	SES104	-1.02057	-46.1027	-45.0821
BLOCK04/SES049/SA049S16	SES106	-1.01055	-46.0927	-45.0821
BLOCK04/SES049/SA049S16	SES120	-3.44082	-48.523	-45.0821
BLOCK04/SES049/SA049S16	SES206	-1.27877	-46.3609	-45.0821
BLOCK04/SES049/SA049S18	SES099	-0.0395851	-45.8255	-45.786
BLOCK04/SES049/SA049S18	SES104	-1.56358	-47.3495	-45.786
BLOCK04/SES049/SA049S18	SES125	-1.64594	-47.4319	-45.786
BLOCK04/SES049/SA049S18	SES206	-1.80117	-47.5871	-45.786
BLOCK04/SES049/SA049S25	SES087	-0.855885	-45.7399	-44.884
BLOCK04/SES049/SA049S25	SES104	-0.769524	-45.6536	-44.884
BLOCK04/SES049/SA049S25	SES125	-1.58926	-46.4733	-44.884
BLOCK04/SES049/SA049S25	SES206	-0.447903	-45.3319	-44.884
BLOCK04/SES049/SA049S27	SES099	-0.107117	-44.4016	-44.2945
BLOCK04/SES049/SA049S27	SES104	-0.338333	-44.6329	-44.2945
BLOCK04/SES049/SA049S27	SES125	-1.11882	-45.4133	-44.2945
BLOCK04/SES049/SA049S27	SES206	-0.896435	-45.191	-44.2945
BLOCK04/SES049/SA049S29	SES099	0.268028	-43.1799	-43.4479
BLOCK04/SES049/SA049S29	SES104	-0.0760574	-43.524	-43.4479
BLOCK04/SES049/SA049S29	SES125	-0.983322	-44.4312	-43.4479
BLOCK04/SES049/SA049S29	SES206	-0.17149	-43.6194	-43.4479
BLOCK06/SES063/SA063S09	SES068	-1.57627	-45.3575	-43.7812
BLOCK06/SES063/SA063S09	SES083	-0.490078	-44.2713	-43.7812
BLOCK06/SES063/SA063S09	SES177	-0.962597	-44.7438	-43.7812
BLOCK06/SES063/SA063S09	SES187	-1.24783	-45.029	-43.7812
BLOCK06/SES063/SA063S10	SES068	-2.36331	-46.4721	-44.1088
BLOCK06/SES063/SA063S10	SES083	-0.794697	-44.9035	-44.1088
BLOCK06/SES063/SA063S10	SES172	-1.08632	-45.1951	-44.1088
BLOCK06/SES063/SA063S10	SES187	-1.29469	-45.4035	-44.1088
BLOCK06/SES063/SA063S20	SES068	-2.27064	-45.9499	-43.6793
BLOCK06/SES063/SA063S20	SES083	-0.843212	-44.5225	-43.6793
BLOCK06/SES063/SA063S20	SES172	-1.47363	-45.1529	-43.6793
BLOCK06/SES063/SA063S20	SES187	-0.699123	-44.3784	-43.6793
BLOCK06/SES063/SA063S24	SES029	-3.22956	-46.3941	-43.1645
BLOCK06/SES063/SA063S24	SES083	-0.235657	-43.4002	-43.1645
BLOCK06/SES063/SA063S24	SES177	-0.987465	-44.152	-43.1645
BLOCK06/SES063/SA063S24	SES189	-1.43095	-44.5955	-43.1645
BLOCK06/SES063/SA063S27	SES083	0.276455	-44.2052	-44.4817
BLOCK06/SES063/SA063S27	SES172	-0.510159	-44.9918	-44.4817
BLOCK06/SES063/SA063S27	SES187	-1.71624	-46.1979	-44.4817
BLOCK06/SES063/SA063S27	SES292	-1.97695	-46.4586	-44.4817
BLOCK06/SES067/SA067S12	SES083	-1.99362	-45.5928	-43.5992
BLOCK06/SES067/SA067S12	SES172	-2.26812	-45.8673	-43.5992
BLOCK06/SES067/SA067S12	SES202	-0.0156708	-43.6149	-43.5992
BLOCK06/SES067/SA067S12	SES292	-1.84593	-45.4451	-43.5992
BLOCK06/SES067/SA067S14	SES085	-1.33091	-44.4959	-43.165
BLOCK06/SES067/SA067S14	SES177	-1.5631	-44.7281	-43.165
BLOCK06/SES067/SA067S14	SES183	-1.39407	-44.5591	-43.165
BLOCK06/SES067/SA067S14	SES202	-0.513515	-43.6785	-43.165
BLOCK06/SES067/SA067S21	SES144	-1.77171	-45.9605	-44.1888
BLOCK06/SES067/SA067S21	SES177	-1.51591	-45.7047	-44.1888
BLOCK06/SES067/SA067S21	SES183	-2.16185	-46.3506	-44.1888
BLOCK06/SES067/SA067S21	SES189	-0.640713	-44.8295	-44.1888
BLOCK06/SES067/SA067S25	SES085	-1.01212	-44.6606	-43.6484
BLOCK06/SES067/SA067S25	SES177	-1.49488	-45.1433	-43.6484
BLOCK06/SES067/SA067S25	SES183	-1.47782	-45.1263	-43.6484
BLOCK06/SES067/SA067S25	SES202	-0.830704	-44.4791	-43.6484
BLOCK06/SES067/SA067S29	SES085	-0.86795	-44.3889	-43.521
BLOCK06/SES067/SA067S29	SES177	-1.85082	-45.3718	-43.521
BLOCK06/SES067/SA067S29	SES183	-1.21722	-44.7382	-43.521
BLOCK06/SES067/SA067S29	SES202	0.0415115	-43.4795	-43.521
BLOCK06/SES069/SA069S12	SES029	-2.10563	-45.6575	-43.5519
BLOCK06/SES069/SA069S12	SES082	-0.967037	-44.5189	-43.5519
BLOCK06/SES069/SA069S12	SES087	-1.8558	-45.4077	-43.5519
BLOCK06/SES069/SA069S12	SES206	-1.08866	-44.6405	-43.5519
BLOCK06/SES069/SA069S13	SES029	-2.58952	-46.014	-43.4245
BLOCK06/SES069/SA069S13	SES087	-2.21712	-45.6416	-43.4245
BLOCK06/SES069/SA069S13	SES206	-2.03397	-45.4585	-43.4245
BLOCK06/SES069/SA069S13	SES226	-1.57376	-44.9982	-43.4245
BLOCK06/SES069/SA069S23	SES029	-1.05192	-43.3278	-42.2759
BLOCK06/SES069/SA069S23	SES087	-2.45913	-44.735	-42.2759
BLOCK06/SES069/SA069S23	SES206	-1.96236	-44.2382	-42.2759
BLOCK06/SES069/SA069S23	SES226	-1.55234	-43.8282	-42.2759
BLOCK06/SES069/SA069S25	SES087	-1.73044	-44.4457	-42.7153
BLOCK06/SES069/SA069S25	SES206	-1.85371	-44.569	-42.7153
BLOCK06/SES069/SA069S25	SES226	-1.24218	-43.9575	-42.7153
BLOCK06/SES069/SA069S25	SES270	-0.974442	-43.6897	-42.7153
BLOCK06/SES069/SA069S27	SES087	-1.80458	-44.8291	-43.0246
BLOCK06/SES069/SA069S27	SES206	-0.378986	-43.4035	-43.0246
BLOCK06/SES069/SA069S27	SES226	-0.53978	-43.5643	-43.0246
BLOCK06/SES069/SA069S27	SES270	-0.54195	-43.5665	-43.0246
BLOCK08/SES081/SA081S11	SES060	-1.65383	-44.8998	-43.246
BLOCK08/SES081/SA081S11	SES062	-3.16073	-46.4067	-43.246
BLOCK08/SES081/SA081S11	SES117	-2.96882	-46.2148	-43.246
BLOCK08/SES081/SA081S11	SES162	-2.3555	-45.6015	-43.246
BLOCK08/SES081/SA081S13	SES016	-1.49107	-44.0586	-42.5675
BLOCK08/SES081/SA081S13	SES060	-0.575386	-43.1429	-42.5675
BLOCK08/SES081/SA081S13	SES068	-0.967159	-43.5347	-42.5675
BLOCK08/SES081/SA081S13	SES129	-1.74909	-44.3166	-42.5675
BLOCK08/SES081/SA081S24	SES060	-1.00109	-43.8398	-42.8387
BLOCK08/SES081/SA081S24	SES068	-0.771534	-43.6102	-42.8387
BLOCK08/SES081/SA081S24	SES117	-2.30569	-45.1444	-42.8387
BLOCK08/SES081/SA081S24	SES275	-1.58921	-44.4279	-42.8387
BLOCK08/SES081/SA081S27	SES007	-1.23155	-44.3687	-43.1371
BLOCK08/SES081/SA081S27	SES060	-1.62315	-44.7603	-43.1371
BLOCK08/SES081/SA081S27	SES117	-1.07483	-44.2119	-43.1371
BLOCK08/SES081/SA081S27	SES275	-1.36606	-44.5032	-43.1371
BLOCK08/SES081/SA081S29	SES007	-1.1545	-43.7837	-42.6292
BLOCK08/SES081/SA081S29	SES060	-1.12469	-43.7539	-42.6292
BLOCK08/SES081/SA081S29	SES117	-2.10896	-44.7382	-42.6292
BLOCK08/SES081/SA081S29	SES275	-2.10972	-44.739	-42.6292
BLOCK08/SES086/SA086S11	SES029	-5.00853	-50.3497	-45.3412
BLOCK08/SES086/SA086S11	SES082	-1.47366	-46.8149	-45.3412
BLOCK08/SES086/SA086S11	SES087	-0.714069	-46.0553	-45.3412
BLOCK08/SES086/SA086S11	SES206	-1.80692	-47.1481	-45.3412
BLOCK08/SES086/SA086S12	SES029	-4.66156	-49.5548	-44.8933
BLOCK08/SES086/SA086S12	SES082	-1.43246	-46.3257	-44.8933
BLOCK08/SES086/SA086S12	SES087	0.532745	-44.3605	-44.8933
BLOCK08/SES086/SA086S12	SES206	-0.967411	-45.8607	-44.8933
BLOCK08/SES086/SA086S20	SES029	-4.25537	-47.731	-43.4756
BLOCK08/SES086/SA086S20	SES082	-1.42254	-44.8981	-43.4756
BLOCK08/SES086/SA086S20	SES087	0.372002	-43.1036	-43.4756
BLOCK08/SES086/SA086S20	SES206	-0.09869	-43.5743	-43.4756
BLOCK08/SES086/SA086S24	SES087	0.0371399	-44.6248	-44.6619
BLOCK08/SES086/SA086S24	SES104	-1.73579	-46.3977	-44.6619
BLOCK08/SES086/SA086S24	SES120	-3.87038	-48.5323	-44.6619
BLOCK08/SES086/SA086S24	SES206	-0.143715	-44.8056	-44.6619
BLOCK08/SES086/SA086S28	SES029	-3.26972	-46.8874	-43.6177
BLOCK08/SES086/SA086S28	SES082	-1.58242	-45.2001	-43.6177
BLOCK08/SES086/SA086S28	SES087	-0.0515327	-43.6692	-43.6177
BLOCK08/SES086/SA086S28	SES206	-0.723099	-44.3408	-43.6177
BLOCK08/SES089/SA089S13	SES087	-1.86467	-45.8489	-43.9842
BLOCK08/SES089/SA089S13	SES206	-1.82903	-45.8133	-43.9842
BLOCK08/SES089/SA089S13	SES226	-1.61126	-45.5955	-43.9842
BLOCK08/SES089/SA089S13	SES270	-2.11229	-46.0965	-43.9842
BLOCK08/SES089/SA089S14	SES062	-1.72011	-45.5728	-43.8527
BLOCK08/SES089/SA089S14	SES087	-0.444565	-44.2972	-43.8527
BLOCK08/SES089/SA089S14	SES206	-0.592148	-44.4448	-43.8527
BLOCK08/SES089/SA089S14	SES226	-0.601414	-44.4541	-43.8527
BLOCK08/SES089/SA089S23	SES087	-1.17328	-45.7578	-44.5845
BLOCK08/SES089/SA089S23	SES206	-0.959942	-45.5445	-44.5845
BLOCK08/SES089/SA089S23	SES226	-1.17023	-45.7548	-44.5845
BLOCK08/SES089/SA089S23	SES270	-1.7703	-46.3548	-44.5845
BLOCK08/SES089/SA089S25	SES062	-2.52566	-46.3722	-43.8465
BLOCK08/SES089/SA089S25	SES087	-0.583778	-44.4303	-43.8465
BLOCK08/SES089/SA089S25	SES206	-1.35943	-45.206	-43.8465
BLOCK08/SES089/SA089S25	SES226	-0.814354	-44.6609	-43.8465
BLOCK08/SES089/SA089S28	SES062	-1.74567	-45.5414	-43.7957
BLOCK08/SES089/SA089S28	SES087	-0.929886	-44.7256	-43.7957
BLOCK08/SES089/SA089S28	SES206	-0.706562	-44.5023	-43.7957
BLOCK08/SES089/SA089S28	SES226	-0.742966	-44.5387	-43.7957
BLOCK09/SES097/SA097S11	SES099	-0.047451	-44.4769	-44.4295
BLOCK09/SES097/SA097S11	SES125	-1.90501	-46.3345	-44.4295
BLOCK09/SES097/SA097S11	SES206	-1.45769	-45.8872	-44.4295
BLOCK09/SES097/SA097S11	SES226	-0.660107	-45.0896	-44.4295
BLOCK09/SES097/SA097S14	SES062	-2.79094	-47.1422	-44.3512
BLOCK09/SES097/SA097S14	SES099	-0.494839	-44.8461	-44.3512
BLOCK09/SES097/SA097S14	SES104	-1.21118	-45.5624	-44.3512
BLOCK09/SES097/SA097S14	SES206	-1.1575	-45.5087	-44.3512
BLOCK09/SES097/SA097S22	SES099	0.430592	-44.0908	-44.5214
BLOCK09/SES097/SA097S22	SES206	-1.29915	-45.8205	-44.5214
BLOCK09/SES097/SA097S22	SES226	-0.991413	-45.5128	-44.5214
BLOCK09/SES097/SA097S22	SES270	-0.0590248	-44.5804	-44.5214
BLOCK09/SES097/SA097S26	SES099	0.240589	-43.7377	-43.9782
BLOCK09/SES097/SA097S26	SES120	-2.59581	-46.5741	-43.9782
BLOCK09/SES097/SA097S26	SES206	-0.652851	-44.6311	-43.9782
BLOCK09/SES097/SA097S26	SES226	-1.21564	-45.1939	-43.9782
BLOCK09/SES097/SA097S28	SES099	-0.499439	-44.7379	-44.2385
BLOCK09/SES097/SA097S28	SES120	-2.54434	-46.7828	-44.2385
BLOCK09/SES097/SA097S28	SES206	-1.80343	-46.0419	-44.2385
BLOCK09/SES097/SA097S28	SES226	-1.79088	-46.0294	-44.2385
BLOCK09/SES098/SA098S11	SES127	-2.56375	-47.1809	-44.6171
BLOCK09/SES098/SA098S11	SES144	-1.46257	-46.0797	-44.6171
BLOCK09/SES098/SA098S11	SES147	-0.711815	-45.3289	-44.6171
BLOCK09/SES098/SA098S11	SES148	-2.91681	-47.5339	-44.6171
BLOCK09/SES098/SA098S12	SES127	-3.5854	-49.4785	-45.8931
BLOCK09/SES098/SA098S12	SES144	-1.35275	-47.2458	-45.8931
BLOCK09/SES098/SA098S12	SES147	-1.80682	-47.6999	-45.8931
BLOCK09/SES098/SA098S12	SES189	-1.19334	-47.0864	-45.8931
BLOCK09/SES098/SA098S20	SES127	-2.98071	-48.0121	-45.0313
BLOCK09/SES098/SA098S20	SES147	-1.8164	-46.8477	-45.0313
BLOCK09/SES098/SA098S20	SES148	-3.05611	-48.0875	-45.0313
BLOCK09/SES098/SA098S20	SES292	-4.89217	-49.9235	-45.0313
BLOCK09/SES098/SA098S23	SES127	-2.11904	-46.5003	-44.3812
BLOCK09/SES098/SA098S23	SES147	-1.03223	-45.4135	-44.3812
BLOCK09/SES098/SA098S23	SES187	-1.10106	-45.4823	-44.3812
BLOCK09/SES098/SA098S23	SES292	-2.56436	-46.9456	-44.3812
BLOCK09/SES098/SA098S27	SES127	-2.57964	-47.4939	-44.9143
BLOCK09/SES098/SA098S27	SES147	-1.9091	-46.8234	-44.9143
BLOCK09/SES098/SA098S27	SES148	-2.94357	-47.8579	-44.9143
BLOCK09/SES098/SA098S27	SES292	-2.97573	-47.89	-44.9143
BLOCK10/SES102/SA102S13	SES101	-0.598701	-45.3936	-44.7949
BLOCK10/SES102/SA102S13	SES105	-1.72963	-46.5245	-44.7949
BLOCK10/SES102/SA102S13	SES120	-1.49473	-46.2896	-44.7949
BLOCK10/SES102/SA102S13	SES158	-5.26517	-50.0601	-44.7949
BLOCK10/SES102/SA102S14	SES007	-0.758373	-43.7253	-42.9669
BLOCK10/SES102/SA102S14	SES101	-0.757088	-43.724	-42.9669
BLOCK10/SES102/SA102S14	SES105	-1.12853	-44.0954	-42.9669
BLOCK10/SES102/SA102S14	SES147	-2.3501	-45.317	-42.9669
BLOCK10/SES102/SA102S22	SES007	-1.5312	-44.9283	-43.3971
BLOCK10/SES102/SA102S22	SES101	-0.368999	-43.7661	-43.3971
BLOCK10/SES102/SA102S22	SES105	-0.762009	-44.1591	-43.3971
BLOCK10/SES102/SA102S22	SES158	-3.72219	-47.1192	-43.3971
BLOCK10/SES102/SA102S25	SES007	-1.035	-44.5833	-43.5483
BLOCK10/SES102/SA102S25	SES101	-0.277	-43.8253	-43.5483
BLOCK10/SES102/SA102S25	SES105	-1.02719	-44.5755	-43.5483
BLOCK10/SES102/SA102S25	SES147	-2.42155	-45.9698	-43.5483
BLOCK10/SES102/SA102S27	SES007	-1.21681	-44.9812	-43.7644
BLOCK10/SES102/SA102S27	SES101	-0.518013	-44.2824	-43.7644
BLOCK10/SES102/SA102S27	SES105	-1.8488	-45.6132	-43.7644
BLOCK10/SES102/SA102S27	SES147	-2.17143	-45.9358	-43.7644
BLOCK10/SES103/SA103S14	SES105	-2.09878	-47.3746	-45.2758
BLOCK10/SES103/SA103S14	SES106	-0.518368	-45.7942	-45.2758
BLOCK10/SES103/SA103S14	SES120	-3.52988	-48.8057	-45.2758
BLOCK10/SES103/SA103S14	SES206	-1.26725	-46.543	-45.2758
BLOCK10/SES103/SA103S15	SES099	-0.577835	-46.4879	-45.91
BLOCK10/SES103/SA103S15	SES101	-3.38211	-49.2921	-45.91
BLOCK10/SES103/SA103S15	SES104	-0.903885	-46.8139	-45.91
BLOCK10/SES103/SA103S15	SES125	-0.624409	-46.5344	-45.91
BLOCK10/SES103/SA103S24	SES104	-1.05845	-45.6682	-44.6097
BLOCK10/SES103/SA103S24	SES125	-0.972191	-45.5819	-44.6097
BLOCK10/SES103/SA103S24	SES148	-2.93252	-47.5423	-44.6097
BLOCK10/SES103/SA103S24	SES158	-0.525166	-45.1349	-44.6097
BLOCK10/SES103/SA103S26	SES104	-1.17202	-46.2183	-45.0463
BLOCK10/SES103/SA103S26	SES106	-0.800877	-45.8472	-45.0463
BLOCK10/SES103/SA103S26	SES125	-1.04215	-46.0884	-45.0463
BLOCK10/SES103/SA103S26	SES148	-3.44058	-48.4869	-45.0463
BLOCK10/SES103/SA103S28	SES104	-1.79836	-46.8237	-45.0253
BLOCK10/SES103/SA103S28	SES106	-1.53268	-46.558	-45.0253
BLOCK10/SES103/SA103S28	SES125	-1.87013	-46.8955	-45.0253
BLOCK10/SES103/SA103S28	SES206	-2.50992	-47.5353	-45.0253
BLOCK12/SES121/SA121S12	SES042	-1.36002	-47.471	-46.111
BLOCK12/SES121/SA121S12	SES087	-1.03505	-47.146	-46.111
BLOCK12/SES121/SA121S12	SES105	-1.14456	-47.2556	-46.111
BLOCK12/SES121/SA121S12	SES206	-1.16532	-47.2763	-46.111
BLOCK12/SES121/SA121S14	SES007	-2.92767	-49.4275	-46.4998
BLOCK12/SES121/SA121S14	SES105	-2.5492	-49.049	-46.4998
BLOCK12/SES121/SA121S14	SES106	-0.908546	-47.4083	-46.4998
BLOCK12/SES121/SA121S14	SES206	-1.51413	-48.0139	-46.4998
BLOCK12/SES121/SA121S23	SES105	-2.77759	-49.2205	-46.4429
BLOCK12/SES121/SA121S23	SES106	-0.937603	-47.3805	-46.4429
BLOCK12/SES121/SA121S23	SES120	-3.46112	-49.904	-46.4429
BLOCK12/SES121/SA121S23	SES206	-1.12715	-47.57	-46.4429
BLOCK12/SES121/SA121S25	SES007	-3.33853	-50.4548	-47.1162
BLOCK12/SES121/SA121S25	SES105	-3.17879	-50.295	-47.1162
BLOCK12/SES121/SA121S25	SES106	-0.840401	-47.9566	-47.1162
BLOCK12/SES121/SA121S25	SES206	-1.45443	-48.5707	-47.1162
BLOCK12/SES121/SA121S27	SES087	-0.197784	-45.9233	-45.7255
BLOCK12/SES121/SA121S27	SES105	-4.06995	-49.7955	-45.7255
BLOCK12/SES121/SA121S27	SES120	-2.85899	-48.5845	-45.7255
BLOCK12/SES121/SA121S27	SES206	-0.911037	-46.6366	-45.7255
BLOCK12/SES124/SA124S16	SES042	-0.380642	-44.2136	-43.833
BLOCK12/SES124/SA124S16	SES082	-0.825577	-44.6586	-43.833
BLOCK12/SES124/SA124S16	SES183	-3.05061	-46.8836	-43.833
BLOCK12/SES124/SA124S16	SES206	-0.79961	-44.6326	-43.833
BLOCK12/SES124/SA124S17	SES105	-2.88747	-47.7129	-44.8254
BLOCK12/SES124/SA124S17	SES149	-1.54528	-46.3707	-44.8254
BLOCK12/SES124/SA124S17	SES158	-2.38179	-47.2072	-44.8254
BLOCK12/SES124/SA124S17	SES275	-3.742	-48.5675	-44.8254
BLOCK12/SES124/SA124S23	SES105	-2.39238	-44.8997	-42.5073
BLOCK12/SES124/SA124S23	SES125	0.127155	-42.3801	-42.5073
BLOCK12/SES124/SA124S23	SES129	-3.90384	-46.4111	-42.5073
BLOCK12/SES124/SA124S23	SES158	-0.840378	-43.3477	-42.5073
BLOCK12/SES124/SA124S26	SES105	-3.22953	-46.6391	-43.4096
BLOCK12/SES124/SA124S26	SES125	-0.0748672	-43.4844	-43.4096
BLOCK12/SES124/SA124S26	SES129	-4.87933	-48.2889	-43.4096
BLOCK12/SES124/SA124S26	SES158	-0.964512	-44.3741	-43.4096
BLOCK12/SES124/SA124S28	SES104	-0.449306	-43.7393	-43.29
BLOCK12/SES124/SA124S28	SES106	-0.433487	-43.7235	-43.29
BLOCK12/SES124/SA124S28	SES125	-0.102856	-43.3929	-43.29
BLOCK12/SES124/SA124S28	SES275	-3.08962	-46.3796	-43.29
BLOCK12/SES126/SA126S13	SES007	-2.1322	-47.1724	-45.0402
BLOCK12/SES126/SA126S13	SES162	-1.93613	-46.9763	-45.0402
BLOCK12/SES126/SA126S13	SES177	-1.63924	-46.6794	-45.0402
BLOCK12/SES126/SA126S13	SES180	-1.85832	-46.8985	-45.0402
BLOCK12/SES126/SA126S14	SES144	-1.29122	-44.912	-43.6208
BLOCK12/SES126/SA126S14	SES148	-1.61584	-45.2367	-43.6208
BLOCK12/SES126/SA126S14	SES177	-0.816406	-44.4372	-43.6208
BLOCK12/SES126/SA126S14	SES180	-1.39703	-45.0179	-43.6208
BLOCK12/SES126/SA126S20	SES007	-1.4595	-45.6234	-44.1639
BLOCK12/SES126/SA126S20	SES162	-1.78314	-45.947	-44.1639
BLOCK12/SES126/SA126S20	SES172	-3.11667	-47.2805	-44.1639
BLOCK12/SES126/SA126S20	SES180	-2.35609	-46.52	-44.1639
BLOCK12/SES126/SA126S24	SES120	-0.993851	-44.5878	-43.594
BLOCK12/SES126/SA126S24	SES162	-1.5632	-45.1572	-43.594
BLOCK12/SES126/SA126S24	SES177	-1.04588	-44.6399	-43.594
BLOCK12/SES126/SA126S24	SES180	-1.13874	-44.7327	-43.594
BLOCK12/SES126/SA126S26	SES120	-0.311264	-44.6586	-44.3473
BLOCK12/SES126/SA126S26	SES177	-1.21212	-45.5595	-44.3473
BLOCK12/SES126/SA126S26	SES180	-1.38924	-45.7366	-44.3473
BLOCK12/SES126/SA126S26	SES202	-1.96246	-46.3098	-44.3473
BLOCK12/SES128/SA128S10	SES087	-2.01977	-45.8607	-43.8409
BLOCK12/SES128/SA128S10	SES206	-1.50127	-45.3422	-43.8409
BLOCK12/SES128/SA128S10	SES226	-0.851742	-44.6927	-43.8409
BLOCK12/SES128/SA128S10	SES270	-0.827152	-44.6681	-43.8409
BLOCK12/SES128/SA128S12	SES120	-2.60748	-46.4493	-43.8418
BLOCK12/SES128/SA128S12	SES158	-1.46357	-45.3054	-43.8418
BLOCK12/SES128/SA128S12	SES206	-1.11202	-44.9538	-43.8418
BLOCK12/SES128/SA128S12	SES226	-1.48389	-45.3257	-43.8418
BLOCK12/SES128/SA128S21	SES106	-2.80206	-47.8711	-45.0691
BLOCK12/SES128/SA128S21	SES120	-2.09053	-47.1596	-45.0691
BLOCK12/SES128/SA128S21	SES206	-2.21304	-47.2821	-45.0691
BLOCK12/SES128/SA128S21	SES226	-2.14247	-47.2115	-45.0691
BLOCK12/SES128/SA128S24	SES087	-2.22129	-46.7585	-44.5372
BLOCK12/SES128/SA128S24	SES120	-1.19878	-45.736	-44.5372
BLOCK12/SES128/SA128S24	SES206	-1.89923	-46.4364	-44.5372
BLOCK12/SES128/SA128S24	SES226	-1.8428	-46.38	-44.5372
BLOCK12/SES128/SA128S27	SES099	-0.753506	-44.4864	-43.7329
BLOCK12/SES128/SA128S27	SES120	-1.72192	-45.4548	-43.7329
BLOCK12/SES128/SA128S27	SES206	-1.43137	-45.1643	-43.7329
BLOCK12/SES128/SA128S27	SES226	-0.72942	-44.4623	-43.7329
BLOCK13/SES130/SA130S13	SES143	-1.9183	-47.3754	-45.4571
BLOCK13/SES130/SA130S13	SES144	-0.724464	-46.1815	-45.4571
BLOCK13/SES130/SA130S13	SES146	-1.67796	-47.135	-45.4571
BLOCK13/SES130/SA130S13	SES275	-3.21809	-48.6752	-45.4571
BLOCK13/SES130/SA130S15	SES143	-1.8739	-45.94	-44.0661
BLOCK13/SES130/SA130S15	SES144	-0.6213	-44.6874	-44.0661
BLOCK13/SES130/SA130S15	SES146	-0.880497	-44.9466	-44.0661
BLOCK13/SES130/SA130S15	SES275	-1.61901	-45.6852	-44.0661
BLOCK13/SES130/SA130S23	SES127	-2.14361	-47.6979	-45.5543
BLOCK13/SES130/SA130S23	SES144	-1.31892	-46.8732	-45.5543
BLOCK13/SES130/SA130S23	SES146	-0.699978	-46.2543	-45.5543
BLOCK13/SES130/SA130S23	SES162	-0.941582	-46.4959	-45.5543
BLOCK13/SES130/SA130S25	SES127	-1.54594	-45.5072	-43.9612
BLOCK13/SES130/SA130S25	SES144	-0.596195	-44.5574	-43.9612
BLOCK13/SES130/SA130S25	SES146	-1.00965	-44.9709	-43.9612
BLOCK13/SES130/SA130S25	SES275	-0.887402	-44.8486	-43.9612
BLOCK13/SES130/SA130S28	SES127	-1.55786	-45.507	-43.9491
BLOCK13/SES130/SA130S28	SES144	-0.982117	-44.9312	-43.9491
BLOCK13/SES130/SA130S28	SES146	-1.11847	-45.0676	-43.9491
BLOCK13/SES130/SA130S28	SES275	-0.607967	-44.5571	-43.9491
BLOCK13/SES131/SA131S13	SES002	-1.8489	-48.0016	-46.1527
BLOCK13/SES131/SA131S13	SES007	-3.26944	-49.4222	-46.1527
BLOCK13/SES131/SA131S13	SES099	-1.41735	-47.5701	-46.1527
BLOCK13/SES131/SA131S13	SES105	-2.12949	-48.2822	-46.1527
BLOCK13/SES131/SA131S14	SES104	-0.930855	-45.3165	-44.3856
BLOCK13/SES131/SA131S14	SES106	-0.641212	-45.0268	-44.3856
BLOCK13/SES131/SA131S14	SES125	-1.37601	-45.7616	-44.3856
BLOCK13/SES131/SA131S14	SES148	-2.46174	-46.8474	-44.3856
BLOCK13/SES131/SA131S20	SES104	-1.15719	-46.732	-45.5748
BLOCK13/SES131/SA131S20	SES106	-0.544582	-46.1194	-45.5748
BLOCK13/SES131/SA131S20	SES125	-1.35685	-46.9316	-45.5748
BLOCK13/SES131/SA131S20	SES148	-3.55402	-49.1288	-45.5748
BLOCK13/SES131/SA131S22	SES099	-0.773148	-45.681	-44.9079
BLOCK13/SES131/SA131S22	SES104	-1.10711	-46.015	-44.9079
BLOCK13/SES131/SA131S22	SES125	-1.14657	-46.0544	-44.9079
BLOCK13/SES131/SA131S22	SES206	-1.51001	-46.4179	-44.9079
BLOCK13/SES131/SA131S29	SES087	-1.03057	-46.4936	-45.463
BLOCK13/SES131/SA131S29	SES104	-1.68005	-47.1431	-45.463
BLOCK13/SES131/SA131S29	SES125	-1.49867	-46.9617	-45.463
BLOCK13/SES131/SA131S29	SES206	-1.26413	-46.7272	-45.463
BLOCK13/SES132/SA132S11	SES083	-1.9953	-45.4604	-43.4651
BLOCK13/SES132/SA132S11	SES120	-0.278889	-43.744	-43.4651
BLOCK13/SES132/SA132S11	SES127	-1.40836	-44.8735	-43.4651
BLOCK13/SES132/SA132S11	SES275	-1.0173	-44.4824	-43.4651
BLOCK13/SES132/SA132S12	SES083	-1.55166	-44.9078	-43.3561
BLOCK13/SES132/SA132S12	SES143	-1.22758	-44.5837	-43.3561
BLOCK13/SES132/SA132S12	SES144	-1.21724	-44.5733	-43.3561
BLOCK13/SES132/SA132S12	SES148	-0.988991	-44.3451	-43.3561
BLOCK13/SES132/SA132S22	SES062	-0.574669	-43.8057	-43.231
BLOCK13/SES132/SA132S22	SES083	-1.34763	-44.5786	-43.231
BLOCK13/SES132/SA132S22	SES127	-1.40025	-44.6313	-43.231
BLOCK13/SES132/SA132S22	SES275	-0.74831	-43.9793	-43.231
BLOCK13/SES132/SA132S24	SES007	-0.435875	-43.4777	-43.0418
BLOCK13/SES132/SA132S24	SES083	-1.77021	-44.812	-43.0418
BLOCK13/SES132/SA132S24	SES127	-1.90419	-44.946	-43.0418
BLOCK13/SES132/SA132S24	SES275	-0.667301	-43.7091	-43.0418
BLOCK13/SES132/SA132S27	SES083	-2.09652	-45.8456	-43.7491
BLOCK13/SES132/SA132S27	SES120	-0.44989	-44.199	-43.7491
BLOCK13/SES132/SA132S27	SES127	-2.14848	-45.8976	-43.7491
BLOCK13/SES132/SA132S27	SES275	-1.76407	-45.5132	-43.7491
BLOCK14/SES141/SA141S09	SES143	-1.12775	-44.8834	-43.7556
BLOCK14/SES141/SA141S09	SES144	-1.07385	-44.8295	-43.7556
BLOCK14/SES141/SA141S09	SES162	-1.30112	-45.0568	-43.7556
BLOCK14/SES141/SA141S09	SES180	-1.25169	-45.0073	-43.7556
BLOCK14/SES141/SA141S15	SES127	-1.31567	-45.0203	-43.7046
BLOCK14/SES141/SA141S15	SES144	-1.35443	-45.0591	-43.7046
BLOCK14/SES141/SA141S15	SES162	-1.22576	-44.9304	-43.7046
BLOCK14/SES141/SA141S15	SES180	-0.826527	-44.5312	-43.7046
BLOCK14/SES141/SA141S24	SES127	-1.05597	-44.1885	-43.1325
BLOCK14/SES141/SA141S24	SES144	-1.34539	-44.4779	-43.1325
BLOCK14/SES141/SA141S24	SES162	-1.05341	-44.1859	-43.1325
BLOCK14/SES141/SA141S24	SES183	-1.77558	-44.9081	-43.1325
BLOCK14/SES141/SA141S26	SES142	-1.15716	-45.2674	-44.1103
BLOCK14/SES141/SA141S26	SES144	-1.39617	-45.5064	-44.1103
BLOCK14/SES141/SA141S26	SES172	-1.89767	-46.0079	-44.1103
BLOCK14/SES141/SA141S26	SES180	-1.45681	-45.5671	-44.1103
BLOCK14/SES141/SA141S29	SES127	-0.498291	-43.7855	-43.2872
BLOCK14/SES141/SA141S29	SES142	-0.404732	-43.6919	-43.2872
BLOCK14/SES141/SA141S29	SES144	-1.06497	-44.3522	-43.2872
BLOCK14/SES141/SA141S29	SES180	-0.659779	-43.947	-43.2872
BLOCK15/SES157/SA157S08	SES083	-2.78082	-46.8826	-44.1017
BLOCK15/SES157/SA157S08	SES127	-2.09164	-46.1934	-44.1017
BLOCK15/SES157/SA157S08	SES148	-1.44208	-45.5438	-44.1017
BLOCK15/SES157/SA157S08	SES292	-2.57377	-46.6755	-44.1017
BLOCK15/SES157/SA157S11	SES083	-2.31527	-46.3743	-44.059
BLOCK15/SES157/SA157S11	SES127	-2.08815	-46.1472	-44.059
BLOCK15/SES157/SA157S11	SES148	-1.36501	-45.424	-44.059
BLOCK15/SES157/SA157S11	SES292	-2.54219	-46.6012	-44.059
BLOCK15/SES157/SA157S21	SES127	-1.32103	-45.1091	-43.7881
BLOCK15/SES157/SA157S21	SES148	-0.576286	-44.3644	-43.7881
BLOCK15/SES157/SA157S21	SES158	-4.29574	-48.0838	-43.7881
BLOCK15/SES157/SA157S21	SES292	-1.39975	-45.1879	-43.7881
BLOCK15/SES157/SA157S24	SES127	-1.33747	-45.1789	-43.8414
BLOCK15/SES157/SA157S24	SES148	-1.32096	-45.1624	-43.8414
BLOCK15/SES157/SA157S24	SES183	-1.6161	-45.4575	-43.8414
BLOCK15/SES157/SA157S24	SES292	-2.43596	-46.2774	-43.8414
BLOCK15/SES157/SA157S26	SES007	-0.661427	-44.0987	-43.4373
BLOCK15/SES157/SA157S26	SES127	-0.972698	-44.41	-43.4373
BLOCK15/SES157/SA157S26	SES147	-2.86283	-46.3001	-43.4373
BLOCK15/SES157/SA157S26	SES148	-1.15478	-44.5921	-43.4373
BLOCK16/SES161/SA161S10	SES007	-2.0089	-47.3463	-45.3374
BLOCK16/SES161/SA161S10	SES105	-1.5615	-46.8989	-45.3374
BLOCK16/SES161/SA161S10	SES158	-1.72922	-47.0666	-45.3374
BLOCK16/SES161/SA161S10	SES275	-1.91095	-47.2484	-45.3374
BLOCK16/SES161/SA161S12	SES007	-1.48159	-46.2909	-44.8093
BLOCK16/SES161/SA161S12	SES105	-2.09481	-46.9041	-44.8093
BLOCK16/SES161/SA161S12	SES158	-1.17856	-45.9879	-44.8093
BLOCK16/SES161/SA161S12	SES275	-1.80371	-46.613	-44.8093
BLOCK16/SES161/SA161S20	SES007	-2.64113	-48.5264	-45.8853
BLOCK16/SES161/SA161S20	SES105	-2.51065	-48.396	-45.8853
BLOCK16/SES161/SA161S20	SES158	-1.7433	-47.6286	-45.8853
BLOCK16/SES161/SA161S20	SES275	-2.91251	-48.7978	-45.8853
BLOCK16/SES161/SA161S23	SES007	-2.31007	-46.9883	-44.6782
BLOCK16/SES161/SA161S23	SES105	-1.37265	-46.0508	-44.6782
BLOCK16/SES161/SA161S23	SES148	-1.91957	-46.5978	-44.6782
BLOCK16/SES161/SA161S23	SES158	-1.20552	-45.8837	-44.6782
BLOCK16/SES161/SA161S28	SES007	-3.17973	-48.1981	-45.0184
BLOCK16/SES161/SA161S28	SES105	-2.68753	-47.7059	-45.0184
BLOCK16/SES161/SA161S28	SES158	-1.05079	-46.0692	-45.0184
BLOCK16/SES161/SA161S28	SES206	-1.33595	-46.3543	-45.0184
BLOCK16/SES164/SA164S11	SES104	-1.00216	-44.8841	-43.882
BLOCK16/SES164/SA164S11	SES125	-0.498913	-44.3809	-43.882
BLOCK16/SES164/SA164S11	SES158	-0.0696983	-43.9517	-43.882
BLOCK16/SES164/SA164S11	SES206	-1.56367	-45.4456	-43.882
BLOCK16/SES164/SA164S13	SES099	-0.868107	-45.9214	-45.0533
BLOCK16/SES164/SA164S13	SES104	-1.00222	-46.0555	-45.0533
BLOCK16/SES164/SA164S13	SES125	-1.63862	-46.6919	-45.0533
BLOCK16/SES164/SA164S13	SES206	-1.92262	-46.9759	-45.0533
BLOCK16/SES164/SA164S24	SES002	-0.628601	-45.1556	-44.527
BLOCK16/SES164/SA164S24	SES099	-0.457939	-44.985	-44.527
BLOCK16/SES164/SA164S24	SES125	-1.07914	-45.6062	-44.527
BLOCK16/SES164/SA164S24	SES226	-0.120579	-44.6476	-44.527
BLOCK16/SES164/SA164S27	SES087	-1.96114	-46.5358	-44.5747
BLOCK16/SES164/SA164S27	SES125	-0.953068	-45.5278	-44.5747
BLOCK16/SES164/SA164S27	SES206	-1.70634	-46.281	-44.5747
BLOCK16/SES164/SA164S27	SES226	-0.690876	-45.2656	-44.5747
BLOCK16/SES164/SA164S29	SES002	0.230343	-44.3076	-44.538
BLOCK16/SES164/SA164S29	SES019	-1.01314	-45.5511	-44.538
BLOCK16/SES164/SA164S29	SES125	-0.588905	-45.1269	-44.538
BLOCK16/SES164/SA164S29	SES226	-0.683613	-45.2216	-44.538
BLOCK16/SES169/SA169S13	SES117	-1.44487	-45.5734	-44.1285
BLOCK16/SES169/SA169S13	SES144	-1.08157	-45.2101	-44.1285
BLOCK16/SES169/SA169S13	SES146	-1.4948	-45.6233	-44.1285
BLOCK16/SES169/SA169S13	SES162	-1.17727	-45.3058	-44.1285
BLOCK16/SES169/SA169S14	SES144	-1.0872	-44.3287	-43.2415
BLOCK16/SES169/SA169S14	SES148	-0.953796	-44.1953	-43.2415
BLOCK16/SES169/SA169S14	SES177	-0.852982	-44.0945	-43.2415
BLOCK16/SES169/SA169S14	SES180	-1.71141	-44.9529	-43.2415
BLOCK16/SES169/SA169S24	SES117	-1.09309	-45.9623	-44.8692
BLOCK16/SES169/SA169S24	SES144	-0.703217	-45.5724	-44.8692
BLOCK16/SES169/SA169S24	SES146	-1.188	-46.0572	-44.8692
BLOCK16/SES169/SA169S24	SES162	-1.30511	-46.1743	-44.8692
BLOCK16/SES169/SA169S27	SES127	-1.21967	-45.2252	-44.0056
BLOCK16/SES169/SA169S27	SES129	-1.71438	-45.72	-44.0056
BLOCK16/SES169/SA169S27	SES144	-1.43042	-45.436	-44.0056
BLOCK16/SES169/SA169S27	SES146	-0.923752	-44.9293	-44.0056
BLOCK16/SES169/SA169S29	SES144	-0.701332	-43.9309	-43.2295
BLOCK16/SES169/SA169S29	SES162	-0.702206	-43.9317	-43.2295
BLOCK16/SES169/SA169S29	SES177	-1.76117	-44.9907	-43.2295
BLOCK16/SES169/SA169S29	SES180	-0.915073	-44.1446	-43.2295
BLOCK17/SES171/SA171S12	SES083	-1.5242	-46.1675	-44.6433
BLOCK17/SES171/SA171S12	SES148	-1.58214	-46.2255	-44.6433
BLOCK17/SES171/SA171S12	SES172	-1.57665	-46.22	-44.6433
BLOCK17/SES171/SA171S12	SES292	-2.783	-47.4263	-44.6433
BLOCK17/SES171/SA171S15	SES148	-1.41024	-46.4436	-45.0334
BLOCK17/SES171/SA171S15	SES177	-1.82498	-46.8584	-45.0334
BLOCK17/SES171/SA171S15	SES180	-4.14416	-49.1776	-45.0334
BLOCK17/SES171/SA171S15	SES292	-4.49153	-49.5249	-45.0334
BLOCK17/SES171/SA171S22	SES007	-1.65713	-45.5705	-43.9134
BLOCK17/SES171/SA171S22	SES148	-1.24346	-45.1569	-43.9134
BLOCK17/SES171/SA171S22	SES177	-0.871811	-44.7852	-43.9134
BLOCK17/SES171/SA171S22	SES180	-1.79176	-45.7052	-43.9134
BLOCK17/SES171/SA171S25	SES101	-1.79858	-46.5941	-44.7955
BLOCK17/SES171/SA171S25	SES120	-2.90487	-47.7004	-44.7955
BLOCK17/SES171/SA171S25	SES177	-1.0739	-45.8694	-44.7955
BLOCK17/SES171/SA171S25	SES180	-2.87203	-47.6676	-44.7955
BLOCK17/SES171/SA171S27	SES177	-0.949993	-45.1772	-44.2272
BLOCK17/SES171/SA171S27	SES180	-2.65907	-46.8862	-44.2272
BLOCK17/SES171/SA171S27	SES189	-1.17433	-45.4015	-44.2272
BLOCK17/SES171/SA171S27	SES292	-2.76546	-46.9926	-44.2272
BLOCK17/SES173/SA173S13	SES162	-2.25615	-47.3572	-45.101
BLOCK17/SES173/SA173S13	SES177	-2.26933	-47.3703	-45.101
BLOCK17/SES173/SA173S13	SES180	-2.56646	-47.6675	-45.101
BLOCK17/SES173/SA173S13	SES292	-2.00893	-47.1099	-45.101
BLOCK17/SES173/SA173S14	SES007	-2.03463	-47.4369	-45.4022
BLOCK17/SES173/SA173S14	SES162	-1.80295	-47.2052	-45.4022
BLOCK17/SES173/SA173S14	SES177	-1.49956	-46.9018	-45.4022
BLOCK17/SES173/SA173S14	SES180	-2.76252	-48.1648	-45.4022
BLOCK17/SES173/SA173S24	SES144	-1.91121	-47.587	-45.6758
BLOCK17/SES173/SA173S24	SES162	-2.34295	-48.0187	-45.6758
BLOCK17/SES173/SA173S24	SES177	-2.12845	-47.8042	-45.6758
BLOCK17/SES173/SA173S24	SES180	-3.09975	-48.7755	-45.6758
BLOCK17/SES173/SA173S27	SES162	-2.63228	-47.7465	-45.1142
BLOCK17/SES173/SA173S27	SES177	-1.89874	-47.0129	-45.1142
BLOCK17/SES173/SA173S27	SES180	-2.53004	-47.6442	-45.1142
BLOCK17/SES173/SA173S27	SES292	-2.53197	-47.6462	-45.1142
BLOCK17/SES173/SA173S29	SES162	-2.13886	-47.1274	-44.9886
BLOCK17/SES173/SA173S29	SES175	-1.3433	-46.3319	-44.9886
BLOCK17/SES173/SA173S29	SES177	-1.96701	-46.9556	-44.9886
BLOCK17/SES173/SA173S29	SES292	-4.10247	-49.091	-44.9886
BLOCK18/SES182/SA182S10	SES144	-1.3586	-45.2785	-43.9199
BLOCK18/SES182/SA182S10	SES177	-1.3845	-45.3044	-43.9199
BLOCK18/SES182/SA182S10	SES180	-2.06909	-45.989	-43.9199
BLOCK18/SES182/SA182S10	SES275	-0.760101	-44.68	-43.9199
BLOCK18/SES182/SA182S12	SES144	-0.698086	-44.3064	-43.6083
BLOCK18/SES182/SA182S12	SES177	-0.842266	-44.4506	-43.6083
BLOCK18/SES182/SA182S12	SES180	-1.0295	-44.6378	-43.6083
BLOCK18/SES182/SA182S12	SES275	-0.845932	-44.4543	-43.6083
BLOCK18/SES182/SA182S21	SES117	-1.79928	-46.2397	-44.4404
BLOCK18/SES182/SA182S21	SES144	-1.03832	-45.4787	-44.4404
BLOCK18/SES182/SA182S21	SES162	-1.10179	-45.5422	-44.4404
BLOCK18/SES182/SA182S21	SES180	-1.92089	-46.3613	-44.4404
BLOCK18/SES182/SA182S23	SES117	-1.50649	-45.9513	-44.4448
BLOCK18/SES182/SA182S23	SES144	-1.36344	-45.8082	-44.4448
BLOCK18/SES182/SA182S23	SES180	-1.41813	-45.8629	-44.4448
BLOCK18/SES182/SA182S23	SES275	-0.436691	-44.8815	-44.4448
BLOCK18/SES182/SA182S25	SES007	-0.202076	-44.0714	-43.8693
BLOCK18/SES182/SA182S25	SES162	-0.971508	-44.8408	-43.8693
BLOCK18/SES182/SA182S25	SES177	-1.12803	-44.9973	-43.8693
BLOCK18/SES182/SA182S25	SES180	-1.76357	-45.6329	-43.8693
BLOCK18/SES184/SA184S12	SES177	-1.82325	-45.8004	-43.9772
BLOCK18/SES184/SA184S12	SES180	-1.58651	-45.5637	-43.9772
BLOCK18/SES184/SA184S12	SES189	-2.00169	-45.9789	-43.9772
BLOCK18/SES184/SA184S12	SES292	-1.5685	-45.5457	-43.9772
BLOCK18/SES184/SA184S13	SES101	-2.24102	-46.0216	-43.7806
BLOCK18/SES184/SA184S13	SES177	-1.15853	-44.9391	-43.7806
BLOCK18/SES184/SA184S13	SES180	-1.58888	-45.3695	-43.7806
BLOCK18/SES184/SA184S13	SES292	-1.91111	-45.6917	-43.7806
BLOCK18/SES184/SA184S22	SES177	-1.7025	-44.6488	-42.9463
BLOCK18/SES184/SA184S22	SES180	-1.32256	-44.2688	-42.9463
BLOCK18/SES184/SA184S22	SES189	-2.64974	-45.596	-42.9463
BLOCK18/SES184/SA184S22	SES292	-1.8066	-44.7529	-42.9463
BLOCK18/SES184/SA184S25	SES101	-1.22849	-43.7083	-42.4798
BLOCK18/SES184/SA184S25	SES177	-1.54996	-44.0297	-42.4798
BLOCK18/SES184/SA184S25	SES180	-1.28651	-43.7663	-42.4798
BLOCK18/SES184/SA184S25	SES292	-1.01229	-43.4921	-42.4798
BLOCK18/SES184/SA184S27	SES083	-1.65106	-45.3703	-43.7192
BLOCK18/SES184/SA184S27	SES177	-1.0736	-44.7928	-43.7192
BLOCK18/SES184/SA184S27	SES202	-1.43852	-45.1578	-43.7192
BLOCK18/SES184/SA184S27	SES292	-1.59273	-45.312	-43.7192
BLOCK20/SES204/SA204S12	SES062	-1.85781	-45.2114	-43.3536
BLOCK20/SES204/SA204S12	SES083	-2.75045	-46.104	-43.3536
BLOCK20/SES204/SA204S12	SES206	-0.837543	-44.1911	-43.3536
BLOCK20/SES204/SA204S12	SES226	-1.79711	-45.1507	-43.3536
BLOCK20/SES204/SA204S14	SES068	-2.34456	-45.1432	-42.7986
BLOCK20/SES204/SA204S14	SES087	-0.551075	-43.3497	-42.7986
BLOCK20/SES204/SA204S14	SES206	-1.21336	-44.012	-42.7986
BLOCK20/SES204/SA204S14	SES226	-1.81816	-44.6168	-42.7986
BLOCK20/SES204/SA204S22	SES068	-3.25381	-46.6902	-43.4364
BLOCK20/SES204/SA204S22	SES082	-3.07638	-46.5128	-43.4364
BLOCK20/SES204/SA204S22	SES083	-3.18188	-46.6183	-43.4364
BLOCK20/SES204/SA204S22	SES206	-1.19569	-44.6321	-43.4364
BLOCK20/SES204/SA204S25	SES062	-2.48082	-46.2446	-43.7638
BLOCK20/SES204/SA204S25	SES083	-3.08998	-46.8538	-43.7638
BLOCK20/SES204/SA204S25	SES206	-0.6007	-44.3645	-43.7638
BLOCK20/SES204/SA204S25	SES226	-1.66388	-45.4277	-43.7638
BLOCK20/SES204/SA204S27	SES068	-3.33415	-47.1953	-43.8611
BLOCK20/SES204/SA204S27	SES082	-2.20564	-46.0668	-43.8611
BLOCK20/SES204/SA204S27	SES087	-0.811672	-44.6728	-43.8611
BLOCK20/SES204/SA204S27	SES206	-0.700294	-44.5614	-43.8611
BLOCK20/SES207/SA207S10	SES127	-1.51666	-45.7773	-44.2606
BLOCK20/SES207/SA207S10	SES183	-1.30336	-45.564	-44.2606
BLOCK20/SES207/SA207S10	SES189	-1.19178	-45.4524	-44.2606
BLOCK20/SES207/SA207S10	SES292	-1.56446	-45.8251	-44.2606
BLOCK20/SES207/SA207S11	SES127	-2.23182	-46.4527	-44.2209
BLOCK20/SES207/SA207S11	SES183	-2.00593	-46.2269	-44.2209
BLOCK20/SES207/SA207S11	SES187	-0.693707	-44.9146	-44.2209
BLOCK20/SES207/SA207S11	SES292	-2.20831	-46.4292	-44.2209
BLOCK20/SES207/SA207S25	SES068	-1.5648	-45.6228	-44.058
BLOCK20/SES207/SA207S25	SES083	-2.41609	-46.4741	-44.058
BLOCK20/SES207/SA207S25	SES127	-1.27788	-45.3359	-44.058
BLOCK20/SES207/SA207S25	SES187	-0.769684	-44.8277	-44.058
BLOCK20/SES207/SA207S27	SES127	-1.84058	-46.445	-44.6044
BLOCK20/SES207/SA207S27	SES183	-1.31642	-45.9208	-44.6044
BLOCK20/SES207/SA207S27	SES187	-1.23347	-45.8379	-44.6044
BLOCK20/SES207/SA207S27	SES292	-2.17487	-46.7793	-44.6044
BLOCK20/SES207/SA207S29	SES083	-1.84599	-45.7067	-43.8607
BLOCK20/SES207/SA207S29	SES085	-1.16031	-45.021	-43.8607
BLOCK20/SES207/SA207S29	SES172	-1.48912	-45.3498	-43.8607
BLOCK20/SES207/SA207S29	SES189	-2.18868	-46.0494	-43.8607
BLOCK22/SES221/SA221S12	SES068	-1.85723	-45.6847	-43.8275
BLOCK22/SES221/SA221S12	SES143	-1.68357	-45.5111	-43.8275
BLOCK22/SES221/SA221S12	SES175	-0.623238	-44.4508	-43.8275
BLOCK22/SES221/SA221S12	SES202	-0.842712	-44.6702	-43.8275
BLOCK22/SES221/SA221S15	SES085	-3.18961	-48.1251	-44.9355
BLOCK22/SES221/SA221S15	SES143	-2.85355	-47.789	-44.9355
BLOCK22/SES221/SA221S15	SES175	-1.63992	-46.5754	-44.9355
BLOCK22/SES221/SA221S15	SES187	-1.28693	-46.2224	-44.9355
BLOCK22/SES221/SA221S23	SES068	-2.17605	-45.953	-43.777
BLOCK22/SES221/SA221S23	SES143	-2.77566	-46.5526	-43.777
BLOCK22/SES221/SA221S23	SES175	-0.780308	-44.5573	-43.777
BLOCK22/SES221/SA221S23	SES189	-0.570564	-44.3475	-43.777
BLOCK22/SES221/SA221S27	SES085	-2.74302	-46.7183	-43.9753
BLOCK22/SES221/SA221S27	SES143	-2.01252	-45.9878	-43.9753
BLOCK22/SES221/SA221S27	SES175	-1.34143	-45.3167	-43.9753
BLOCK22/SES221/SA221S27	SES189	-0.0964241	-44.0717	-43.9753
BLOCK22/SES221/SA221S29	SES085	-3.68433	-48.7246	-45.0402
BLOCK22/SES221/SA221S29	SES143	-2.28192	-47.3221	-45.0402
BLOCK22/SES221/SA221S29	SES175	-1.11258	-46.1528	-45.0402
BLOCK22/SES221/SA221S29	SES187	-0.787907	-45.8281	-45.0402
BLOCK22/SES223/SA223S11	SES143	-1.4177	-46.1038	-44.6861
BLOCK22/SES223/SA223S11	SES144	-2.81205	-47.4981	-44.6861
BLOCK22/SES223/SA223S11	SES175	-1.29331	-45.9794	-44.6861
BLOCK22/SES223/SA223S11	SES187	-1.74621	-46.4323	-44.6861
BLOCK22/SES223/SA223S13	SES068	-1.72342	-47.5439	-45.8204
BLOCK22/SES223/SA223S13	SES143	-2.15596	-47.9764	-45.8204
BLOCK22/SES223/SA223S13	SES146	-3.05552	-48.876	-45.8204
BLOCK22/SES223/SA223S13	SES202	-2.23767	-48.0581	-45.8204
BLOCK22/SES223/SA223S22	SES143	-1.65312	-46.4382	-44.785
BLOCK22/SES223/SA223S22	SES144	-2.34665	-47.1317	-44.785
BLOCK22/SES223/SA223S22	SES175	-1.22655	-46.0116	-44.785
BLOCK22/SES223/SA223S22	SES187	-1.13699	-45.922	-44.785
BLOCK22/SES223/SA223S25	SES068	-1.56067	-46.101	-44.5403
BLOCK22/SES223/SA223S25	SES143	-2.19401	-46.7343	-44.5403
BLOCK22/SES223/SA223S25	SES175	-1.32441	-45.8647	-44.5403
BLOCK22/SES223/SA223S25	SES187	-1.46041	-46.0007	-44.5403
BLOCK22/SES223/SA223S27	SES143	-1.33421	-46.429	-45.0948
BLOCK22/SES223/SA223S27	SES146	-1.93124	-47.026	-45.0948
BLOCK22/SES223/SA223S27	SES187	-0.848251	-45.943	-45.0948
BLOCK22/SES223/SA223S27	SES292	-3.27596	-48.3708	-45.0948
BLOCK27/SES273/SA273S12	SES099	-0.0510101	-43.0234	-42.9724
BLOCK27/SES273/SA273S12	SES104	-0.363583	-43.336	-42.9724
BLOCK27/SES273/SA273S12	SES125	-0.934013	-43.9064	-42.9724
BLOCK27/SES273/SA273S12	SES206	-0.00765228	-42.98	-42.9724
BLOCK27/SES273/SA273S13	SES099	-0.653416	-43.1756	-42.5222
BLOCK27/SES273/SA273S13	SES104	-1.21682	-43.739	-42.5222
BLOCK27/SES273/SA273S13	SES206	-0.883854	-43.406	-42.5222
BLOCK27/SES273/SA273S13	SES292	-3.46848	-45.9907	-42.5222
BLOCK27/SES273/SA273S21	SES099	-0.290215	-43.4762	-43.186
BLOCK27/SES273/SA273S21	SES148	-2.98699	-46.173	-43.186
BLOCK27/SES273/SA273S21	SES149	-0.745403	-43.9314	-43.186
BLOCK27/SES273/SA273S21	SES177	-3.37197	-46.558	-43.186
BLOCK27/SES273/SA273S25	SES104	-0.615734	-43.7255	-43.1098
BLOCK27/SES273/SA273S25	SES125	-1.55365	-44.6634	-43.1098
BLOCK27/SES273/SA273S25	SES158	-0.388264	-43.498	-43.1098
BLOCK27/SES273/SA273S25	SES206	-0.256294	-43.3661	-43.1098
BLOCK27/SES273/SA273S27	SES099	-0.3783	-43.159	-42.7807
BLOCK27/SES273/SA273S27	SES104	-0.801289	-43.582	-42.7807
BLOCK27/SES273/SA273S27	SES149	-0.804596	-43.5853	-42.7807
BLOCK27/SES273/SA273S27	SES275	-1.89147	-44.6722	-42.7807
BLOCK27/SES274/SA274S10	SES105	-1.26521	-44.3041	-43.0389
BLOCK27/SES274/SA274S10	SES125	-0.838001	-43.8769	-43.0389
BLOCK27/SES274/SA274S10	SES129	-0.825546	-43.8644	-43.0389
BLOCK27/SES274/SA274S10	SES158	-1.12836	-44.1673	-43.0389
BLOCK27/SES274/SA274S11	SES105	-1.5774	-44.7453	-43.1679
BLOCK27/SES274/SA274S11	SES149	-0.586086	-43.754	-43.1679
BLOCK27/SES274/SA274S11	SES158	-0.985779	-44.1537	-43.1679
BLOCK27/SES274/SA274S11	SES275	-1.46897	-44.6369	-43.1679
BLOCK27/SES274/SA274S21	SES105	-1.22986	-44.7308	-43.501
BLOCK27/SES274/SA274S21	SES129	-1.07009	-44.5711	-43.501
BLOCK27/SES274/SA274S21	SES149	-0.384445	-43.8854	-43.501
BLOCK27/SES274/SA274S21	SES158	-2.07636	-45.5773	-43.501
BLOCK27/SES274/SA274S24	SES105	-1.11816	-44.7429	-43.6247
BLOCK27/SES274/SA274S24	SES129	-1.85524	-45.48	-43.6247
BLOCK27/SES274/SA274S24	SES149	-0.760368	-44.3851	-43.6247
BLOCK27/SES274/SA274S24	SES158	-1.99861	-45.6233	-43.6247
BLOCK27/SES274/SA274S29	SES105	-1.69075	-44.9062	-43.2154
BLOCK27/SES274/SA274S29	SES106	-1.90019	-45.1156	-43.2154
BLOCK27/SES274/SA274S29	SES120	-2.10142	-45.3169	-43.2154
BLOCK27/SES274/SA274S29	SES275	-1.3725	-44.5879	-43.2154
BLOCK27/SES276/SA276S16	SES148	-1.18498	-45.0611	-43.8761
BLOCK27/SES276/SA276S16	SES172	-1.54274	-45.4188	-43.8761
BLOCK27/SES276/SA276S16	SES180	-2.18124	-46.0573	-43.8761
BLOCK27/SES276/SA276S16	SES292	-1.24428	-45.1204	-43.8761
BLOCK27/SES276/SA276S17	SES101	-1.61301	-45.4633	-43.8503
BLOCK27/SES276/SA276S17	SES177	-1.41047	-45.2608	-43.8503
BLOCK27/SES276/SA276S17	SES180	-1.88214	-45.7324	-43.8503
BLOCK27/SES276/SA276S17	SES292	-2.03071	-45.881	-43.8503
BLOCK27/SES276/SA276S24	SES101	-0.892769	-43.8003	-42.9075
BLOCK27/SES276/SA276S24	SES177	-1.55949	-44.467	-42.9075
BLOCK27/SES276/SA276S24	SES180	-1.67675	-44.5843	-42.9075
BLOCK27/SES276/SA276S24	SES292	-2.29561	-45.2031	-42.9075
BLOCK27/SES276/SA276S26	SES101	-2.48598	-45.86	-43.374
BLOCK27/SES276/SA276S26	SES177	-0.950935	-44.3249	-43.374
BLOCK27/SES276/SA276S26	SES180	-0.837162	-44.2112	-43.374
BLOCK27/SES276/SA276S26	SES292	-0.982525	-44.3565	-43.374
BLOCK27/SES276/SA276S28	SES101	-1.55822	-44.9342	-43.3759
BLOCK27/SES276/SA276S28	SES177	-1.66996	-45.0459	-43.3759
BLOCK27/SES276/SA276S28	SES180	-1.28443	-44.6604	-43.3759
BLOCK27/SES276/SA276S28	SES292	-2.08602	-45.462	-43.3759
BLOCK27/SES277/SA277S12	SES101	-0.908054	-45.0706	-44.1625
BLOCK27/SES277/SA277S12	SES177	-1.48849	-45.651	-44.1625
BLOCK27/SES277/SA277S12	SES180	-2.25678	-46.4193	-44.1625
BLOCK27/SES277/SA277S12	SES292	-2.34945	-46.512	-44.1625
BLOCK27/SES277/SA277S14	SES177	-1.45014	-46.1473	-44.6972
BLOCK27/SES277/SA277S14	SES180	-2.48813	-47.1853	-44.6972
BLOCK27/SES277/SA277S14	SES189	-1.07642	-45.7736	-44.6972
BLOCK27/SES277/SA277S14	SES292	-3.11205	-47.8092	-44.6972
BLOCK27/SES277/SA277S21	SES177	-0.921547	-44.6675	-43.746
BLOCK27/SES277/SA277S21	SES180	-2.09764	-45.8436	-43.746
BLOCK27/SES277/SA277S21	SES189	-0.916084	-44.6621	-43.746
BLOCK27/SES277/SA277S21	SES292	-2.98224	-46.7282	-43.746
BLOCK27/SES277/SA277S24	SES144	-1.55133	-46.2737	-44.7223
BLOCK27/SES277/SA277S24	SES177	-1.07127	-45.7936	-44.7223
BLOCK27/SES277/SA277S24	SES180	-2.65193	-47.3743	-44.7223
BLOCK27/SES277/SA277S24	SES189	-1.25768	-45.98	-44.7223
BLOCK27/SES277/SA277S29	SES177	-0.963326	-43.6735	-42.7102
BLOCK27/SES277/SA277S29	SES180	-1.34389	-44.0541	-42.7102
BLOCK27/SES277/SA277S29	SES202	-1.14259	-43.8528	-42.7102
BLOCK27/SES277/SA277S29	SES292	-2.32032	-45.0305	-42.7102
BLOCK27/SES279/SA279S09	SES120	-1.36051	-44.8037	-43.4432
BLOCK27/SES279/SA279S09	SES146	-1.65835	-45.1016	-43.4432
BLOCK27/SES279/SA279S09	SES206	-2.08659	-45.5298	-43.4432
BLOCK27/SES279/SA279S09	SES226	-2.49122	-45.9344	-43.4432
BLOCK27/SES279/SA279S10	SES099	-1.34644	-44.8764	-43.5299
BLOCK27/SES279/SA279S10	SES206	-1.38323	-44.9132	-43.5299
BLOCK27/SES279/SA279S10	SES226	-1.95863	-45.4886	-43.5299
BLOCK27/SES279/SA279S10	SES292	-1.39605	-44.926	-43.5299
BLOCK27/SES279/SA279S20	SES099	-2.18941	-46.3336	-44.1442
BLOCK27/SES279/SA279S20	SES206	-1.06778	-45.212	-44.1442
BLOCK27/SES279/SA279S20	SES226	-2.45279	-46.597	-44.1442
BLOCK27/SES279/SA279S20	SES292	-0.834164	-44.9784	-44.1442
BLOCK27/SES279/SA279S26	SES099	-1.87639	-45.8109	-43.9345
BLOCK27/SES279/SA279S26	SES206	-0.880596	-44.8151	-43.9345
BLOCK27/SES279/SA279S26	SES226	-1.53793	-45.4724	-43.9345
BLOCK27/SES279/SA279S26	SES292	-1.57039	-45.5049	-43.9345
BLOCK27/SES279/SA279S28	SES099	-2.3488	-44.7679	-42.4191
BLOCK27/SES279/SA279S28	SES120	-1.28014	-43.6992	-42.4191
BLOCK27/SES279/SA279S28	SES177	-2.26891	-44.688	-42.4191
BLOCK27/SES279/SA279S28	SES206	-2.09968	-44.5188	-42.4191
BLOCK29/SES290/SA290S12	SES162	-1.47057	-44.5197	-43.0491
BLOCK29/SES290/SA290S12	SES177	-1.42693	-44.4761	-43.0491
BLOCK29/SES290/SA290S12	SES180	-2.46037	-45.5095	-43.0491
BLOCK29/SES290/SA290S12	SES292	-3.44144	-46.4906	-43.0491
BLOCK29/SES290/SA290S13	SES007	-2.16057	-45.8845	-43.724
BLOCK29/SES290/SA290S13	SES162	-2.32551	-46.0495	-43.724
BLOCK29/SES290/SA290S13	SES177	-1.07198	-44.7959	-43.724
BLOCK29/SES290/SA290S13	SES180	-2.20975	-45.9337	-43.724
BLOCK29/SES290/SA290S22	SES177	-1.38727	-44.4203	-43.0331
BLOCK29/SES290/SA290S22	SES180	-1.71733	-44.7504	-43.0331
BLOCK29/SES290/SA290S22	SES202	-1.71252	-44.7456	-43.0331
BLOCK29/SES290/SA290S22	SES292	-2.37614	-45.4092	-43.0331
BLOCK29/SES290/SA290S25	SES162	-1.32101	-44.4819	-43.1609
BLOCK29/SES290/SA290S25	SES177	-0.97047	-44.1313	-43.1609
BLOCK29/SES290/SA290S25	SES180	-1.2821	-44.443	-43.1609
BLOCK29/SES290/SA290S25	SES292	-2.37262	-45.5335	-43.1609
BLOCK29/SES290/SA290S29	SES177	-0.474007	-43.5371	-43.0631
BLOCK29/SES290/SA290S29	SES180	-1.05162	-44.1147	-43.0631
BLOCK29/SES290/SA290S29	SES275	-1.41913	-44.4822	-43.0631
BLOCK29/SES290/SA290S29	SES292	-1.45504	-44.5182	-43.0631
BLOCK29/SES291/SA291S11	SES105	-3.19286	-47.4766	-44.2837
BLOCK29/SES291/SA291S11	SES125	-0.987183	-45.2709	-44.2837
BLOCK29/SES291/SA291S11	SES158	-1.20685	-45.4906	-44.2837
BLOCK29/SES291/SA291S11	SES275	-4.0719	-48.3556	-44.2837
BLOCK29/SES291/SA291S12	SES158	-0.162914	-44.0934	-43.9305
BLOCK29/SES291/SA291S12	SES226	-0.764423	-44.6949	-43.9305
BLOCK29/SES291/SA291S12	SES270	0.047924	-43.8826	-43.9305
BLOCK29/SES291/SA291S12	SES275	-4.33253	-48.263	-43.9305
BLOCK29/SES291/SA291S22	SES082	-0.80283	-44.7252	-43.9223
BLOCK29/SES291/SA291S22	SES158	-0.894691	-44.817	-43.9223
BLOCK29/SES291/SA291S22	SES259	-1.15477	-45.0771	-43.9223
BLOCK29/SES291/SA291S22	SES275	-3.29525	-47.2176	-43.9223
BLOCK29/SES291/SA291S24	SES104	-0.218025	-43.0216	-42.8036
BLOCK29/SES291/SA291S24	SES125	-0.5228	-43.3264	-42.8036
BLOCK29/SES291/SA291S24	SES158	-0.655869	-43.4595	-42.8036
BLOCK29/SES291/SA291S24	SES275	-3.69552	-46.4991	-42.8036
BLOCK29/SES291/SA291S27	SES158	-0.156258	-43.2853	-43.1291
BLOCK29/SES291/SA291S27	SES172	-4.94888	-48.078	-43.1291
BLOCK29/SES291/SA291S27	SES275	-4.08922	-47.2183	-43.1291
BLOCK29/SES291/SA291S27	SES292	-3.66354	-46.7926	-43.1291
