BLOCK00/SES002/SA002S12	SES002	1.07421	-36.4961	-37.5703
BLOCK00/SES002/SA002S13	SES002	1.5766	-36.3548	-37.9314
BLOCK00/SES002/SA002S23	SES002	1.0804	-36.0904	-37.1708
BLOCK00/SES002/SA002S26	SES002	1.5222	-36.0983	-37.6205
BLOCK00/SES002/SA002S28	SES002	1.06755	-36.1269	-37.1944
BLOCK00/SES007/SA007S14	SES007	0.867283	-35.7255	-36.5928
BLOCK00/SES007/SA007S15	SES007	0.317738	-37.11	-37.4278
BLOCK00/SES007/SA007S24	SES007	0.506302	-36.8096	-37.3159
BLOCK00/SES007/SA007S27	SES007	0.076149	-37.8262	-37.9023
BLOCK00/SES007/SA007S29	SES007	-0.0370827	-36.4085	-36.3714
BLOCK00/SES008/SA008S11	SES008	0.996143	-36.6143	-37.6104
BLOCK00/SES008/SA008S12	SES008	0.329433	-37.6078	-37.9372
BLOCK00/SES008/SA008S19	SES008	1.40371	-36.0245	-37.4282
BLOCK00/SES008/SA008S22	SES008	1.04729	-37.0338	-38.0811
BLOCK00/SES008/SA008S29	SES008	0.947052	-36.414	-37.361
BLOCK01/SES014/SA014S10	SES014	1.39985	-36.2704	-37.6702
BLOCK01/SES014/SA014S12	SES014	2.08527	-34.5178	-36.6031
BLOCK01/SES014/SA014S24	SES014	1.05333	-36.2194	-37.2728
BLOCK01/SES014/SA014S26	SES014	2.04184	-34.0616	-36.1035
BLOCK01/SES014/SA014S28	SES014	2.06619	-34.6651	-36.7313
BLOCK01/SES016/SA016S12	SES016	1.08265	-38.1413	-39.224
BLOCK01/SES016/SA016S13	SES016	0.953552	-36.8273	-37.7808
BLOCK01/SES016/SA016S22	SES016	0.644413	-37.4401	-38.0845
BLOCK01/SES016/SA016S25	SES016	1.09486	-35.2576	-36.3525
BLOCK01/SES016/SA016S27	SES016	1.11409	-35.655	-36.7691
BLOCK01/SES019/SA019S13	SES019	2.85397	-36.5862	-39.4401
BLOCK01/SES019/SA019S14	SES019	1.5706	-36.9774	-38.548
BLOCK01/SES019/SA019S22	SES019	2.15042	-36.5399	-38.6903
BLOCK01/SES019/SA019S25	SES019	2.24346	-36.8739	-39.1173
BLOCK01/SES019/SA019S29	SES019	3.16253	-36.2658	-39.4283
BLOCK02/SES029/SA029S11	SES029	1.08429	-36.4593	-37.5436
BLOCK02/SES029/SA029S12	SES029	0.00956726	-37.1173	-37.1269
BLOCK02/SES029/SA029S20	SES029	0.484699	-37.711	-38.1957
BLOCK02/SES029/SA029S25	SES029	0.546383	-36.5522	-37.0986
BLOCK02/SES029/SA029S28	SES029	-0.0154839	-37.4813	-37.4658
BLOCK04/SES042/SA042S12	SES042	1.83315	-35.1838	-37.017
BLOCK04/SES042/SA042S15	SES042	1.68795	-35.8331	-37.521
BLOCK04/SES042/SA042S22	SES042	2.50339	-34.0185	-36.5219
BLOCK04/SES042/SA042S25	SES042	1.86577	-36.4765	-38.3423
BLOCK04/SES042/SA042S27	SES042	1.6005	-35.3324	-36.9329
BLOCK04/SES048/SA048S11	SES048	0.856972	-36.3077	-37.1647
BLOCK04/SES048/SA048S12	SES048	0.895573	-36.1986	-37.0942
BLOCK04/SES048/SA048S20	SES048	0.538338	-36.3197	-36.858
BLOCK04/SES048/SA048S23	SES048	1.25622	-36.3419	-37.5981
BLOCK04/SES048/SA048S27	SES048	0.895863	-35.524	-36.4199
BLOCK06/SES060/SA060S11	SES060	1.30288	-36.09	-37.3929
BLOCK06/SES060/SA060S12	SES060	-0.671726	-37.8689	-37.1971
BLOCK06/SES060/SA060S22	SES060	-0.246403	-38.1272	-37.8808
BLOCK06/SES060/SA060S24	SES060	0.871117	-36.1633	-37.0344
BLOCK06/SES060/SA060S28	SES060	1.06219	-34.6457	-35.7078
BLOCK06/SES062/SA062S10	SES062	0.708385	-36.3596	-37.0679
BLOCK06/SES062/SA062S11	SES062	0.796459	-36.2867	-37.0832
BLOCK06/SES062/SA062S21	SES062	1.33222	-34.4831	-35.8153
BLOCK06/SES062/SA062S26	SES062	0.574131	-35.689	-36.2631
BLOCK06/SES062/SA062S29	SES062	1.26098	-35.114	-36.375
BLOCK06/SES068/SA068S14	SES068	-0.0598412	-37.1447	-37.0849
BLOCK06/SES068/SA068S15	SES068	0.789181	-35.6947	-36.4839
BLOCK06/SES068/SA068S23	SES068	0.475414	-37.1349	-37.6103
BLOCK06/SES068/SA068S27	SES068	1.16335	-35.7293	-36.8926
BLOCK06/SES068/SA068S29	SES068	0.319256	-36.748	-37.0672
BLOCK08/SES082/SA082S12	SES082	0.402744	-38.1035	-38.5062
BLOCK08/SES082/SA082S14	SES082	0.314087	-37.9114	-38.2255
BLOCK08/SES082/SA082S21	SES082	0.672932	-37.304	-37.9769
BLOCK08/SES082/SA082S24	SES082	0.893391	-36.8732	-37.7666
BLOCK08/SES082/SA082S28	SES082	0.549614	-37.479	-38.0287
BLOCK08/SES083/SA083S14	SES083	-0.670227	-37.7539	-37.0837
BLOCK08/SES083/SA083S15	SES083	-0.424019	-37.5249	-37.1009
BLOCK08/SES083/SA083S24	SES083	0.000228882	-37.3602	-37.3604
BLOCK08/SES083/SA083S26	SES083	0.319767	-37.1842	-37.504
BLOCK08/SES083/SA083S29	SES083	-0.461285	-37.3071	-36.8459
BLOCK08/SES085/SA085S10	SES085	-0.177048	-37.2534	-37.0763
BLOCK08/SES085/SA085S13	SES085	0.215954	-37.3404	-37.5563
BLOCK08/SES085/SA085S22	SES085	-1.02341	-38.2391	-37.2157
BLOCK08/SES085/SA085S26	SES085	-0.978584	-37.8691	-36.8905
BLOCK08/SES085/SA085S28	SES085	0.493248	-36.6385	-37.1317
BLOCK08/SES087/SA087S15	SES087	1.39792	-36.7307	-38.1286
BLOCK08/SES087/SA087S16	SES087	1.22188	-36.6839	-37.9058
BLOCK08/SES087/SA087S24	SES087	1.17425	-36.7124	-37.8866
BLOCK08/SES087/SA087S26	SES087	1.03257	-35.7878	-36.8204
BLOCK08/SES087/SA087S29	SES087	1.54185	-36.45	-37.9918
BLOCK09/SES099/SA099S15	SES099	0.582802	-37.5166	-38.0994
BLOCK09/SES099/SA099S16	SES099	0.925156	-37.1619	-38.087
BLOCK09/SES099/SA099S24	SES099	0.847401	-36.5582	-37.4056
BLOCK09/SES099/SA099S26	SES099	0.994526	-36.5268	-37.5214
BLOCK09/SES099/SA099S29	SES099	0.919922	-36.4975	-37.4174
BLOCK10/SES101/SA101S11	SES101	0.219273	-36.9625	-37.1817
BLOCK10/SES101/SA101S13	SES101	0.806164	-35.9946	-36.8008
BLOCK10/SES101/SA101S22	SES101	0.556557	-37.4362	-37.9927
BLOCK10/SES101/SA101S24	SES101	0.791405	-36.6294	-37.4208
BLOCK10/SES101/SA101S28	SES101	-0.104954	-37.6828	-37.5778
BLOCK10/SES104/SA104S11	SES104	1.22314	-35.4952	-36.7183
BLOCK10/SES104/SA104S12	SES104	1.35487	-35.4213	-36.7761
BLOCK10/SES104/SA104S21	SES104	1.41254	-36.1404	-37.553
BLOCK10/SES104/SA104S24	SES104	0.938179	-36.5365	-37.4747
BLOCK10/SES104/SA104S28	SES104	1.20447	-36.05	-37.2545
BLOCK10/SES105/SA105S12	SES105	0.485474	-37.7985	-38.284
BLOCK10/SES105/SA105S13	SES105	0.914467	-37.2219	-38.1364
BLOCK10/SES105/SA105S22	SES105	0.402203	-38.3368	-38.739
BLOCK10/SES105/SA105S26	SES105	1.12615	-37.2354	-38.3616
BLOCK10/SES105/SA105S29	SES105	0.607235	-37.3594	-37.9666
BLOCK10/SES106/SA106S09	SES106	1.61454	-37.4313	-39.0459
BLOCK10/SES106/SA106S11	SES106	1.25895	-36.2092	-37.4682
BLOCK10/SES106/SA106S22	SES106	2.3802	-36.116	-38.4962
BLOCK10/SES106/SA106S27	SES106	1.17144	-36.4962	-37.6677
BLOCK10/SES106/SA106S29	SES106	1.00371	-36.3457	-37.3494
BLOCK11/SES117/SA117S12	SES117	0.571278	-37.2876	-37.8589
BLOCK11/SES117/SA117S13	SES117	0.513771	-36.949	-37.4628
BLOCK11/SES117/SA117S23	SES117	1.38465	-37.6719	-39.0565
BLOCK11/SES117/SA117S25	SES117	0.872173	-37.8648	-38.737
BLOCK11/SES117/SA117S28	SES117	1.08375	-37.7302	-38.8139
BLOCK12/SES120/SA120S08	SES120	0.994129	-38.1889	-39.1831
BLOCK12/SES120/SA120S11	SES120	0.684834	-39.3751	-40.0599
BLOCK12/SES120/SA120S22	SES120	0.526272	-37.1562	-37.6825
BLOCK12/SES120/SA120S24	SES120	0.516262	-37.2283	-37.7445
BLOCK12/SES120/SA120S28	SES120	0.254353	-38.7436	-38.998
BLOCK12/SES125/SA125S13	SES125	1.36837	-35.9601	-37.3284
BLOCK12/SES125/SA125S14	SES125	0.930286	-36.5744	-37.5046
BLOCK12/SES125/SA125S25	SES125	1.71445	-35.9385	-37.653
BLOCK12/SES125/SA125S27	SES125	1.47589	-35.1016	-36.5775
BLOCK12/SES125/SA125S29	SES125	1.50311	-35.6483	-37.1514
BLOCK12/SES127/SA127S11	SES127	0.516376	-36.7846	-37.3009
BLOCK12/SES127/SA127S12	SES127	-0.459339	-37.2352	-36.7758
BLOCK12/SES127/SA127S23	SES127	0.105656	-36.941	-37.0467
BLOCK12/SES127/SA127S25	SES127	-0.484936	-37.5375	-37.0525
BLOCK12/SES127/SA127S27	SES127	0.514053	-36.2988	-36.8129
BLOCK12/SES129/SA129S11	SES129	1.09039	-35.7196	-36.81
BLOCK12/SES129/SA129S12	SES129	0.689014	-35.7262	-36.4152
BLOCK12/SES129/SA129S22	SES129	0.60424	-36.2768	-36.881
BLOCK12/SES129/SA129S27	SES129	1.22195	-35.5453	-36.7672
BLOCK12/SES129/SA129S29	SES129	1.06671	-35.7601	-36.8268
BLOCK14/SES142/SA142S11	SES142	1.4308	-36.7933	-38.2241
BLOCK14/SES142/SA142S12	SES142	1.17941	-37.1551	-38.3345
BLOCK14/SES142/SA142S24	SES142	1.65487	-36.7039	-38.3587
BLOCK14/SES142/SA142S27	SES142	1.85856	-36.3695	-38.2281
BLOCK14/SES142/SA142S29	SES142	1.97405	-36.0556	-38.0297
BLOCK14/SES143/SA143S12	SES143	0.873188	-37.131	-38.0042
BLOCK14/SES143/SA143S13	SES143	0.605526	-37.4226	-38.0281
BLOCK14/SES143/SA143S23	SES143	1.14061	-37.2064	-38.347
BLOCK14/SES143/SA143S25	SES143	0.750088	-37.4723	-38.2224
BLOCK14/SES143/SA143S28	SES143	0.952385	-36.6064	-37.5587
BLOCK14/SES144/SA144S09	SES144	0.59837	-36.8222	-37.4206
BLOCK14/SES144/SA144S11	SES144	0.32346	-38.2627	-38.5862
BLOCK14/SES144/SA144S21	SES144	-0.0140343	-37.8196	-37.8055
BLOCK14/SES144/SA144S25	SES144	0.425438	-37.358	-37.7834
BLOCK14/SES144/SA144S29	SES144	-0.100288	-37.7609	-37.6606
BLOCK14/SES146/SA146S14	SES146	0.362305	-37.854	-38.2163
BLOCK14/SES146/SA146S15	SES146	0.161587	-37.469	-37.6306
BLOCK14/SES146/SA146S24	SES146	0.306473	-37.6138	-37.9203
BLOCK14/SES146/SA146S26	SES146	0.913219	-37.5995	-38.5127
BLOCK14/SES146/SA146S29	SES146	0.402241	-38.2059	-38.6081
BLOCK14/SES147/SA147S11	SES147	1.0548	-37.2018	-38.2566
BLOCK14/SES147/SA147S13	SES147	1.15728	-36.1409	-37.2982
BLOCK14/SES147/SA147S23	SES147	0.673073	-37.3378	-38.0109
BLOCK14/SES147/SA147S26	SES147	0.442566	-37.4378	-37.8804
BLOCK14/SES147/SA147S28	SES147	0.954227	-36.6282	-37.5825
BLOCK14/SES148/SA148S10	SES148	0.732388	-36.5893	-37.3217
BLOCK14/SES148/SA148S12	SES148	0.540974	-37.2674	-37.8084
BLOCK14/SES148/SA148S22	SES148	0.829975	-35.8197	-36.6497
BLOCK14/SES148/SA148S26	SES148	0.398289	-36.8444	-37.2427
BLOCK14/SES148/SA148S29	SES148	0.51025	-37.156	-37.6662
BLOCK14/SES149/SA149S13	SES149	0.0989647	-37.171	-37.27
BLOCK14/SES149/SA149S14	SES149	0.502171	-36.5708	-37.073
BLOCK14/SES149/SA149S24	SES149	1.37482	-36.1174	-37.4922
BLOCK14/SES149/SA149S26	SES149	1.42817	-35.8674	-37.2955
BLOCK14/SES149/SA149S28	SES149	1.10501	-35.3494	-36.4544
BLOCK15/SES158/SA158S13	SES158	1.11068	-37.3271	-38.4378
BLOCK15/SES158/SA158S14	SES158	1.83892	-36.6377	-38.4766
BLOCK15/SES158/SA158S23	SES158	0.94883	-36.8764	-37.8252
BLOCK15/SES158/SA158S26	SES158	1.62748	-36.6388	-38.2662
BLOCK15/SES158/SA158S28	SES158	0.764732	-37.3633	-38.128
BLOCK16/SES162/SA162S10	SES162	0.667248	-37.8268	-38.494
BLOCK16/SES162/SA162S11	SES162	0.838718	-36.848	-37.6867
BLOCK16/SES162/SA162S21	SES162	1.64644	-36.3375	-37.984
BLOCK16/SES162/SA162S24	SES162	0.87627	-37.1875	-38.0638
BLOCK16/SES162/SA162S27	SES162	0.885857	-37.3959	-38.2818
BLOCK16/SES167/SA167S14	SES167	0.708675	-36.0079	-36.7166
BLOCK16/SES167/SA167S15	SES167	0.930729	-36.8061	-37.7368
BLOCK16/SES167/SA167S21	SES167	1.0477	-35.669	-36.7167
BLOCK16/SES167/SA167S25	SES167	1.48008	-36.4471	-37.9272
BLOCK16/SES167/SA167S29	SES167	1.8533	-34.9593	-36.8126
BLOCK17/SES172/SA172S12	SES172	1.31501	-36.4548	-37.7698
BLOCK17/SES172/SA172S13	SES172	1.69632	-36.4946	-38.1909
BLOCK17/SES172/SA172S23	SES172	0.702759	-35.661	-36.3637
BLOCK17/SES172/SA172S27	SES172	0.738262	-36.8048	-37.543
BLOCK17/SES172/SA172S29	SES172	1.37453	-36.4602	-37.8347
BLOCK17/SES175/SA175S11	SES175	1.0716	-36.499	-37.5706
BLOCK17/SES175/SA175S13	SES175	0.965805	-36.8013	-37.7671
BLOCK17/SES175/SA175S23	SES175	1.51426	-36.5172	-38.0315
BLOCK17/SES175/SA175S25	SES175	0.767475	-38.3083	-39.0758
BLOCK17/SES175/SA175S28	SES175	1.1113	-36.5114	-37.6227
BLOCK17/SES177/SA177S15	SES177	-0.104939	-37.5483	-37.4434
BLOCK17/SES177/SA177S17	SES177	0.232121	-37.1401	-37.3722
BLOCK17/SES177/SA177S23	SES177	-0.339565	-38.0873	-37.7477
BLOCK17/SES177/SA177S26	SES177	0.582653	-35.6109	-36.1935
BLOCK17/SES177/SA177S28	SES177	0.605751	-36.2795	-36.8853
BLOCK18/SES180/SA180S13	SES180	0.391804	-37.1369	-37.5287
BLOCK18/SES180/SA180S15	SES180	0.452751	-37.3639	-37.8167
BLOCK18/SES180/SA180S24	SES180	0.5616	-36.0162	-36.5778
BLOCK18/SES180/SA180S26	SES180	0.85532	-36.6128	-37.4681
BLOCK18/SES180/SA180S29	SES180	0.741535	-37.1717	-37.9133
BLOCK18/SES183/SA183S13	SES183	0.988026	-37.3308	-38.3189
BLOCK18/SES183/SA183S14	SES183	0.395061	-37.7979	-38.193
BLOCK18/SES183/SA183S24	SES183	0.861076	-37.4674	-38.3285
BLOCK18/SES183/SA183S27	SES183	1.07409	-36.8525	-37.9266
BLOCK18/SES183/SA183S29	SES183	0.743942	-36.9394	-37.6833
BLOCK18/SES187/SA187S13	SES187	0.848167	-37.9618	-38.8099
BLOCK18/SES187/SA187S14	SES187	0.68697	-37.6622	-38.3491
BLOCK18/SES187/SA187S24	SES187	1.14515	-36.966	-38.1111
BLOCK18/SES187/SA187S27	SES187	1.1423	-36.7103	-37.8526
BLOCK18/SES187/SA187S29	SES187	0.944122	-37.4242	-38.3683
BLOCK18/SES189/SA189S10	SES189	1.41731	-38.683	-40.1003
BLOCK18/SES189/SA189S13	SES189	1.61639	-39.1651	-40.7815
BLOCK18/SES189/SA189S24	SES189	1.2495	-38.3803	-39.6298
BLOCK18/SES189/SA189S26	SES189	1.16226	-37.9651	-39.1273
BLOCK18/SES189/SA189S29	SES189	1.71163	-37.7091	-39.4207
BLOCK20/SES202/SA202S12	SES202	1.18026	-37.6028	-38.783
BLOCK20/SES202/SA202S14	SES202	2.15383	-36.3085	-38.4623
BLOCK20/SES202/SA202S24	SES202	1.19284	-37.2181	-38.411
BLOCK20/SES202/SA202S27	SES202	1.47202	-35.6993	-37.1713
BLOCK20/SES202/SA202S29	SES202	1.96169	-35.6939	-37.6556
BLOCK20/SES206/SA206S15	SES206	-0.156467	-36.9884	-36.832
BLOCK20/SES206/SA206S17	SES206	1.28828	-35.8394	-37.1277
BLOCK20/SES206/SA206S24	SES206	1.26209	-35.7482	-37.0103
BLOCK20/SES206/SA206S27	SES206	1.22899	-36.4729	-37.7019
BLOCK20/SES206/SA206S29	SES206	1.41475	-35.2367	-36.6514
BLOCK22/SES226/SA226S12	SES226	1.10068	-37.0612	-38.1619
BLOCK22/SES226/SA226S13	SES226	-0.106361	-38.0766	-37.9702
BLOCK22/SES226/SA226S20	SES226	1.03304	-37.266	-38.299
BLOCK22/SES226/SA226S23	SES226	1.36349	-36.4491	-37.8126
BLOCK22/SES226/SA226S28	SES226	1.45144	-36.3098	-37.7613
BLOCK25/SES259/SA259S13	SES259	2.45436	-35.3135	-37.7678
BLOCK25/SES259/SA259S14	SES259	1.29175	-36.4743	-37.766
BLOCK25/SES259/SA259S22	SES259	1.34868	-36.2074	-37.5561
BLOCK25/SES259/SA259S24	SES259	1.54984	-35.5199	-37.0697
BLOCK25/SES259/SA259S28	SES259	1.44905	-35.5859	-37.035
BLOCK27/SES270/SA270S14	SES270	1.80171	-37.2774	-39.0791
BLOCK27/SES270/SA270S16	SES270	0.441189	-37.3477	-37.7889
BLOCK27/SES270/SA270S22	SES270	2.2123	-36.4828	-38.6951
BLOCK27/SES270/SA270S26	SES270	1.18933	-37.6124	-38.8017
BLOCK27/SES270/SA270S28	SES270	0.647972	-37.0979	-37.7459
BLOCK27/SES275/SA275S17	SES275	0.906498	-37.4847	-38.3912
BLOCK27/SES275/SA275S18	SES275	-0.179852	-37.7709	-37.591
BLOCK27/SES275/SA275S24	SES275	0.364311	-38.5064	-38.8708
BLOCK27/SES275/SA275S26	SES275	0.898167	-36.869	-37.7672
BLOCK27/SES275/SA275S28	SES275	0.461723	-37.1478	-37.6095
BLOCK29/SES292/SA292S10	SES292	-0.0500031	-37.8724	-37.8224
BLOCK29/SES292/SA292S12	SES292	-0.3344	-38.4565	-38.1221
BLOCK29/SES292/SA292S22	SES292	0.515079	-36.4961	-37.0112
BLOCK29/SES292/SA292S24	SES292	0.187832	-36.9944	-37.1822
BLOCK29/SES292/SA292S27	SES292	-0.143147	-36.9183	-36.7752
BLOCK00/SES001/SA001S14	SES062	-1.41545	-39.3256	-37.9102
BLOCK00/SES001/SA001S14	SES082	-1.17694	-39.0871	-37.9102
BLOCK00/SES001/SA001S14	SES106	-0.655926	-38.5661	-37.9102
BLOCK00/SES001/SA001S14	SES206	-0.925278	-38.8354	-37.9102
BLOCK00/SES001/SA001S15	SES062	-1.31981	-38.4358	-37.116
BLOCK00/SES001/SA001S15	SES104	-1.81324	-38.9293	-37.116
BLOCK00/SES001/SA001S15	SES106	-0.943661	-38.0597	-37.116
BLOCK00/SES001/SA001S15	SES206	-0.698261	-37.8143	-37.116
BLOCK00/SES001/SA001S24	SES062	-1.73712	-39.8026	-38.0654
BLOCK00/SES001/SA001S24	SES082	-1.98163	-40.0471	-38.0654
BLOCK00/SES001/SA001S24	SES087	-1.15721	-39.2226	-38.0654
BLOCK00/SES001/SA001S24	SES206	-1.02602	-39.0915	-38.0654
BLOCK00/SES001/SA001S27	SES062	-1.37749	-38.4708	-37.0933
BLOCK00/SES001/SA001S27	SES082	-1.57123	-38.6646	-37.0933
BLOCK00/SES001/SA001S27	SES087	-1.58174	-38.6751	-37.0933
BLOCK00/SES001/SA001S27	SES206	-1.70574	-38.7991	-37.0933
BLOCK00/SES001/SA001S29	SES062	-1.83969	-39.7745	-37.9348
BLOCK00/SES001/SA001S29	SES082	-0.732769	-38.6676	-37.9348
BLOCK00/SES001/SA001S29	SES158	-0.594269	-38.5291	-37.9348
BLOCK00/SES001/SA001S29	SES206	-1.7012	-39.636	-37.9348
BLOCK00/SES003/SA003S11	SES002	-0.966022	-38.9856	-38.0195
BLOCK00/SES003/SA003S11	SES019	-0.888142	-38.9077	-38.0195
BLOCK00/SES003/SA003S11	SES082	0.209267	-37.8103	-38.0195
BLOCK00/SES003/SA003S11	SES125	-0.704254	-38.7238	-38.0195
BLOCK00/SES003/SA003S15	SES016	-2.37165	-39.9419	-37.5703
BLOCK00/SES003/SA003S15	SES019	-1.19452	-38.7648	-37.5703
BLOCK00/SES003/SA003S15	SES062	-1.26537	-38.8357	-37.5703
BLOCK00/SES003/SA003S15	SES206	-0.935036	-38.5053	-37.5703
BLOCK00/SES003/SA003S22	SES002	-1.08461	-38.755	-37.6703
BLOCK00/SES003/SA003S22	SES062	-0.459984	-38.1303	-37.6703
BLOCK00/SES003/SA003S22	SES082	-0.452564	-38.1229	-37.6703
BLOCK00/SES003/SA003S22	SES087	-0.612686	-38.283	-37.6703
BLOCK00/SES003/SA003S25	SES062	-2.19917	-40.2329	-38.0338
BLOCK00/SES003/SA003S25	SES082	-0.166817	-38.2006	-38.0338
BLOCK00/SES003/SA003S25	SES087	-0.231106	-38.2649	-38.0338
BLOCK00/SES003/SA003S25	SES206	-0.684109	-38.7179	-38.0338
BLOCK00/SES003/SA003S29	SES002	-1.25491	-39.328	-38.0731
BLOCK00/SES003/SA003S29	SES062	-1.81411	-39.8872	-38.0731
BLOCK00/SES003/SA003S29	SES082	-0.309063	-38.3822	-38.0731
BLOCK00/SES003/SA003S29	SES087	-1.18355	-39.2567	-38.0731
BLOCK00/SES004/SA004S12	SES083	-2.60814	-40.4318	-37.8236
BLOCK00/SES004/SA004S12	SES148	-2.08092	-39.9045	-37.8236
BLOCK00/SES004/SA004S12	SES172	-1.73687	-39.5605	-37.8236
BLOCK00/SES004/SA004S12	SES292	-2.14616	-39.9698	-37.8236
BLOCK00/SES004/SA004S17	SES083	-2.18248	-40.4289	-38.2465
BLOCK00/SES004/SA004S17	SES162	-1.11138	-39.3578	-38.2465
BLOCK00/SES004/SA004S17	SES172	-1.83513	-40.0816	-38.2465
BLOCK00/SES004/SA004S17	SES292	-1.90183	-40.1483	-38.2465
BLOCK00/SES004/SA004S24	SES083	-2.09313	-39.5251	-37.4319
BLOCK00/SES004/SA004S24	SES148	-1.839	-39.2709	-37.4319
BLOCK00/SES004/SA004S24	SES172	-1.21735	-38.6493	-37.4319
BLOCK00/SES004/SA004S24	SES292	-1.28882	-38.7208	-37.4319
BLOCK00/SES004/SA004S26	SES083	-1.73241	-39.1871	-37.4547
BLOCK00/SES004/SA004S26	SES127	-1.36739	-38.8221	-37.4547
BLOCK00/SES004/SA004S26	SES148	-2.33516	-39.7899	-37.4547
BLOCK00/SES004/SA004S26	SES292	-1.66131	-39.116	-37.4547
BLOCK00/SES004/SA004S28	SES083	-2.39392	-39.3144	-36.9205
BLOCK00/SES004/SA004S28	SES127	-1.91399	-38.8345	-36.9205
BLOCK00/SES004/SA004S28	SES187	-1.39641	-38.3169	-36.9205
BLOCK00/SES004/SA004S28	SES292	-2.72277	-39.6433	-36.9205
BLOCK00/SES006/SA006S10	SES014	-3.43274	-43.3832	-39.9504
BLOCK00/SES006/SA006S10	SES158	-0.459015	-40.4094	-39.9504
BLOCK00/SES006/SA006S10	SES226	-2.96571	-42.9161	-39.9504
BLOCK00/SES006/SA006S10	SES270	-0.459145	-40.4096	-39.9504
BLOCK00/SES006/SA006S11	SES158	-0.392879	-40.2234	-39.8305
BLOCK00/SES006/SA006S11	SES226	-1.90311	-41.7336	-39.8305
BLOCK00/SES006/SA006S11	SES270	-0.31707	-40.1476	-39.8305
BLOCK00/SES006/SA006S11	SES275	-2.00737	-41.8379	-39.8305
BLOCK00/SES006/SA006S23	SES062	-1.71456	-40.4223	-38.7078
BLOCK00/SES006/SA006S23	SES105	-1.94589	-40.6537	-38.7078
BLOCK00/SES006/SA006S23	SES158	-0.72147	-39.4292	-38.7078
BLOCK00/SES006/SA006S23	SES275	-1.43317	-40.1409	-38.7078
BLOCK00/SES006/SA006S26	SES104	-2.00702	-40.3781	-38.3711
BLOCK00/SES006/SA006S26	SES158	-0.157372	-38.5284	-38.3711
BLOCK00/SES006/SA006S26	SES270	0.14827	-38.2228	-38.3711
BLOCK00/SES006/SA006S26	SES275	-2.23575	-40.6068	-38.3711
BLOCK00/SES006/SA006S28	SES007	-1.419	-40.7885	-39.3695
BLOCK00/SES006/SA006S28	SES105	-2.29654	-41.6661	-39.3695
BLOCK00/SES006/SA006S28	SES158	-1.04979	-40.4193	-39.3695
BLOCK00/SES006/SA006S28	SES275	-2.49185	-41.8614	-39.3695
BLOCK00/SES009/SA009S12	SES083	-2.31398	-39.517	-37.203
BLOCK00/SES009/SA009S12	SES148	-2.02834	-39.2314	-37.203
BLOCK00/SES009/SA009S12	SES177	-1.87509	-39.0781	-37.203
BLOCK00/SES009/SA009S12	SES292	-1.29896	-38.502	-37.203
BLOCK00/SES009/SA009S15	SES007	-0.224052	-36.7169	-36.4928
BLOCK00/SES009/SA009S15	SES099	-2.02234	-38.5152	-36.4928
BLOCK00/SES009/SA009S15	SES148	-2.29922	-38.7921	-36.4928
BLOCK00/SES009/SA009S15	SES172	-2.03613	-38.529	-36.4928
BLOCK00/SES009/SA009S24	SES146	-1.05128	-37.7082	-36.6569
BLOCK00/SES009/SA009S24	SES148	-1.89845	-38.5554	-36.6569
BLOCK00/SES009/SA009S24	SES177	-1.69656	-38.3535	-36.6569
BLOCK00/SES009/SA009S24	SES292	-1.50917	-38.1661	-36.6569
BLOCK00/SES009/SA009S26	SES083	-2.18996	-39.508	-37.318
BLOCK00/SES009/SA009S26	SES101	-1.72481	-39.0428	-37.318
BLOCK00/SES009/SA009S26	SES120	-1.424	-38.742	-37.318
BLOCK00/SES009/SA009S26	SES177	-2.16535	-39.4833	-37.318
BLOCK00/SES009/SA009S29	SES083	-1.47964	-38.3219	-36.8423
BLOCK00/SES009/SA009S29	SES101	-1.38241	-38.2247	-36.8423
BLOCK00/SES009/SA009S29	SES177	-1.5463	-38.3886	-36.8423
BLOCK00/SES009/SA009S29	SES292	-1.5025	-38.3448	-36.8423
BLOCK01/SES011/SA011S10	SES019	-0.694172	-39.0355	-38.3413
BLOCK01/SES011/SA011S10	SES042	-0.306301	-38.6476	-38.3413
BLOCK01/SES011/SA011S10	SES082	-2.49702	-40.8383	-38.3413
BLOCK01/SES011/SA011S10	SES206	-0.994961	-39.3363	-38.3413
BLOCK01/SES011/SA011S11	SES019	-0.982758	-39.5445	-38.5617
BLOCK01/SES011/SA011S11	SES042	-1.23103	-39.7928	-38.5617
BLOCK01/SES011/SA011S11	SES082	-2.50263	-41.0644	-38.5617
BLOCK01/SES011/SA011S11	SES206	-0.635059	-39.1968	-38.5617
BLOCK01/SES011/SA011S22	SES019	-0.228477	-38.4599	-38.2314
BLOCK01/SES011/SA011S22	SES042	-0.368996	-38.6004	-38.2314
BLOCK01/SES011/SA011S22	SES082	-1.65353	-39.8849	-38.2314
BLOCK01/SES011/SA011S22	SES206	-0.492702	-38.7241	-38.2314
BLOCK01/SES011/SA011S24	SES019	-0.745441	-38.4274	-37.682
BLOCK01/SES011/SA011S24	SES042	-0.544567	-38.2266	-37.682
BLOCK01/SES011/SA011S24	SES104	-1.53595	-39.2179	-37.682
BLOCK01/SES011/SA011S24	SES206	-0.353565	-38.0356	-37.682
BLOCK01/SES011/SA011S27	SES082	-0.0908775	-37.5331	-37.4423
BLOCK01/SES011/SA011S27	SES087	-0.858662	-38.3009	-37.4423
BLOCK01/SES011/SA011S27	SES125	-0.580189	-38.0224	-37.4423
BLOCK01/SES011/SA011S27	SES206	-0.404774	-37.847	-37.4423
BLOCK01/SES012/SA012S11	SES007	-1.02294	-37.5769	-36.554
BLOCK01/SES012/SA012S11	SES082	-1.85385	-38.4079	-36.554
BLOCK01/SES012/SA012S11	SES083	-1.5336	-38.0876	-36.554
BLOCK01/SES012/SA012S11	SES206	-1.38986	-37.9439	-36.554
BLOCK01/SES012/SA012S14	SES082	-1.24255	-38.6014	-37.3589
BLOCK01/SES012/SA012S14	SES087	-1.22404	-38.5829	-37.3589
BLOCK01/SES012/SA012S14	SES206	-1.08121	-38.4401	-37.3589
BLOCK01/SES012/SA012S14	SES292	-1.46339	-38.8223	-37.3589
BLOCK01/SES012/SA012S24	SES082	-0.632664	-38.7229	-38.0903
BLOCK01/SES012/SA012S24	SES087	-1.41913	-39.5094	-38.0903
BLOCK01/SES012/SA012S24	SES120	-2.68248	-40.7727	-38.0903
BLOCK01/SES012/SA012S24	SES206	-1.01986	-39.1101	-38.0903
BLOCK01/SES012/SA012S26	SES019	-2.27937	-39.8917	-37.6123
BLOCK01/SES012/SA012S26	SES082	-1.85445	-39.4668	-37.6123
BLOCK01/SES012/SA012S26	SES206	-0.625874	-38.2382	-37.6123
BLOCK01/SES012/SA012S26	SES292	-1.46609	-39.0784	-37.6123
BLOCK01/SES012/SA012S29	SES062	-1.25502	-38.2681	-37.013
BLOCK01/SES012/SA012S29	SES082	-1.30643	-38.3195	-37.013
BLOCK01/SES012/SA012S29	SES083	-2.07377	-39.0868	-37.013
BLOCK01/SES012/SA012S29	SES206	-1.44801	-38.461	-37.013
BLOCK01/SES013/SA013S16	SES062	-2.27097	-39.9909	-37.7199
BLOCK01/SES013/SA013S16	SES106	-0.757427	-38.4773	-37.7199
BLOCK01/SES013/SA013S16	SES206	-1.1019	-38.8218	-37.7199
BLOCK01/SES013/SA013S16	SES226	-0.729595	-38.4495	-37.7199
BLOCK01/SES013/SA013S17	SES062	-1.72377	-38.8301	-37.1063
BLOCK01/SES013/SA013S17	SES106	-1.58462	-38.691	-37.1063
BLOCK01/SES013/SA013S17	SES206	-0.574909	-37.6813	-37.1063
BLOCK01/SES013/SA013S17	SES226	-0.120758	-37.2271	-37.1063
BLOCK01/SES013/SA013S23	SES104	-1.4548	-39.3706	-37.9158
BLOCK01/SES013/SA013S23	SES106	-0.688126	-38.604	-37.9158
BLOCK01/SES013/SA013S23	SES206	-0.978691	-38.8945	-37.9158
BLOCK01/SES013/SA013S23	SES270	-0.282368	-38.1982	-37.9158
BLOCK01/SES013/SA013S25	SES042	-1.80968	-39.446	-37.6363
BLOCK01/SES013/SA013S25	SES104	-1.13855	-38.7749	-37.6363
BLOCK01/SES013/SA013S25	SES106	-0.303406	-37.9397	-37.6363
BLOCK01/SES013/SA013S25	SES206	-1.09053	-38.7268	-37.6363
BLOCK01/SES013/SA013S29	SES062	-2.38213	-40.0286	-37.6464
BLOCK01/SES013/SA013S29	SES104	-1.63886	-39.2853	-37.6464
BLOCK01/SES013/SA013S29	SES106	-0.676575	-38.323	-37.6464
BLOCK01/SES013/SA013S29	SES206	-1.10889	-38.7553	-37.6464
BLOCK02/SES021/SA021S13	SES016	-2.59523	-39.4078	-36.8126
BLOCK02/SES021/SA021S13	SES029	-1.52832	-38.3409	-36.8126
BLOCK02/SES021/SA021S13	SES087	-1.02542	-37.838	-36.8126
BLOCK02/SES021/SA021S13	SES206	-0.22451	-37.0371	-36.8126
BLOCK02/SES021/SA021S15	SES087	-0.879688	-36.6493	-35.7696
BLOCK02/SES021/SA021S15	SES125	-0.548965	-36.3185	-35.7696
BLOCK02/SES021/SA021S15	SES206	-0.336521	-36.1061	-35.7696
BLOCK02/SES021/SA021S15	SES226	-1.65327	-37.4228	-35.7696
BLOCK02/SES021/SA021S23	SES062	-2.55359	-40.436	-37.8824
BLOCK02/SES021/SA021S23	SES087	-1.03537	-38.9178	-37.8824
BLOCK02/SES021/SA021S23	SES206	-1.07791	-38.9603	-37.8824
BLOCK02/SES021/SA021S23	SES226	-1.10898	-38.9914	-37.8824
BLOCK02/SES021/SA021S27	SES002	-0.924095	-37.5966	-36.6725
BLOCK02/SES021/SA021S27	SES016	-3.3926	-40.0651	-36.6725
BLOCK02/SES021/SA021S27	SES019	-1.33707	-38.0096	-36.6725
BLOCK02/SES021/SA021S27	SES062	-1.31718	-37.9897	-36.6725
BLOCK02/SES021/SA021S29	SES087	-1.14946	-37.6313	-36.4818
BLOCK02/SES021/SA021S29	SES125	-0.663219	-37.145	-36.4818
BLOCK02/SES021/SA021S29	SES206	-0.378906	-36.8607	-36.4818
BLOCK02/SES021/SA021S29	SES226	-0.985504	-37.4673	-36.4818
BLOCK04/SES043/SA043S09	SES083	-1.70477	-40.4012	-38.6965
BLOCK04/SES043/SA043S09	SES101	-1.99819	-40.6947	-38.6965
BLOCK04/SES043/SA043S09	SES144	-0.610138	-39.3066	-38.6965
BLOCK04/SES043/SA043S09	SES172	-2.54592	-41.2424	-38.6965
BLOCK04/SES043/SA043S11	SES083	-0.797234	-38.2701	-37.4729
BLOCK04/SES043/SA043S11	SES101	-0.952499	-38.4254	-37.4729
BLOCK04/SES043/SA043S11	SES144	-0.46048	-37.9333	-37.4729
BLOCK04/SES043/SA043S11	SES172	-1.26182	-38.7347	-37.4729
BLOCK04/SES043/SA043S23	SES083	-0.678116	-38.5348	-37.8566
BLOCK04/SES043/SA043S23	SES144	0.0315704	-37.8251	-37.8566
BLOCK04/SES043/SA043S23	SES177	-1.88111	-39.7377	-37.8566
BLOCK04/SES043/SA043S23	SES275	-0.741657	-38.5983	-37.8566
BLOCK04/SES043/SA043S26	SES083	-1.07323	-39.0832	-38.0099
BLOCK04/SES043/SA043S26	SES101	-1.3923	-39.4022	-38.0099
BLOCK04/SES043/SA043S26	SES144	-0.531059	-38.541	-38.0099
BLOCK04/SES043/SA043S26	SES177	-1.28033	-39.2902	-38.0099
BLOCK04/SES043/SA043S28	SES016	-1.7921	-39.1024	-37.3103
BLOCK04/SES043/SA043S28	SES083	-0.781902	-38.0922	-37.3103
BLOCK04/SES043/SA043S28	SES101	-0.8214	-38.1317	-37.3103
BLOCK04/SES043/SA043S28	SES144	-0.849606	-38.1599	-37.3103
BLOCK04/SES044/SA044S10	SES127	-2.73796	-43.1092	-40.3712
BLOCK04/SES044/SA044S10	SES144	0.119923	-40.2513	-40.3712
BLOCK04/SES044/SA044S10	SES147	-1.42537	-41.7966	-40.3712
BLOCK04/SES044/SA044S10	SES148	-2.61641	-42.9876	-40.3712
BLOCK04/SES044/SA044S11	SES101	-1.67121	-41.1503	-39.479
BLOCK04/SES044/SA044S11	SES144	0.308735	-39.1703	-39.479
BLOCK04/SES044/SA044S11	SES147	-1.31501	-40.7941	-39.479
BLOCK04/SES044/SA044S11	SES177	-1.62479	-41.1038	-39.479
BLOCK04/SES044/SA044S24	SES007	-1.84383	-40.7495	-38.9057
BLOCK04/SES044/SA044S24	SES101	-1.41327	-40.3189	-38.9057
BLOCK04/SES044/SA044S24	SES147	-1.67922	-40.5849	-38.9057
BLOCK04/SES044/SA044S24	SES177	-1.64884	-40.5545	-38.9057
BLOCK04/SES044/SA044S26	SES007	-1.55848	-39.9265	-38.368
BLOCK04/SES044/SA044S26	SES016	-0.839535	-39.2076	-38.368
BLOCK04/SES044/SA044S26	SES101	-1.14923	-39.5173	-38.368
BLOCK04/SES044/SA044S26	SES147	-0.852467	-39.2205	-38.368
BLOCK04/SES044/SA044S29	SES007	-1.74331	-39.1418	-37.3985
BLOCK04/SES044/SA044S29	SES101	-1.07852	-38.477	-37.3985
BLOCK04/SES044/SA044S29	SES147	-1.32314	-38.7216	-37.3985
BLOCK04/SES044/SA044S29	SES177	-1.61665	-39.0151	-37.3985
BLOCK04/SES046/SA046S13	SES101	-2.58066	-41.1107	-38.53
BLOCK04/SES046/SA046S13	SES144	-1.28995	-39.82	-38.53
BLOCK04/SES046/SA046S13	SES147	-2.11411	-40.6441	-38.53
BLOCK04/SES046/SA046S13	SES177	-1.18642	-39.7164	-38.53
BLOCK04/SES046/SA046S15	SES048	-2.25053	-39.4254	-37.1748
BLOCK04/SES046/SA046S15	SES083	-1.2028	-38.3776	-37.1748
BLOCK04/SES046/SA046S15	SES120	-2.73089	-39.9057	-37.1748
BLOCK04/SES046/SA046S15	SES148	-1.17123	-38.3461	-37.1748
BLOCK04/SES046/SA046S22	SES101	-1.37525	-39.719	-38.3437
BLOCK04/SES046/SA046S22	SES144	-0.901367	-39.2451	-38.3437
BLOCK04/SES046/SA046S22	SES147	-1.53606	-39.8798	-38.3437
BLOCK04/SES046/SA046S22	SES172	-1.0264	-39.3701	-38.3437
BLOCK04/SES046/SA046S25	SES083	-1.75861	-39.6839	-37.9253
BLOCK04/SES046/SA046S25	SES127	-1.33628	-39.2616	-37.9253
BLOCK04/SES046/SA046S25	SES144	-1.19798	-39.1233	-37.9253
BLOCK04/SES046/SA046S25	SES148	-0.962631	-38.888	-37.9253
BLOCK04/SES046/SA046S28	SES007	-1.7456	-40.3005	-38.5549
BLOCK04/SES046/SA046S28	SES105	-2.73819	-41.2931	-38.5549
BLOCK04/SES046/SA046S28	SES147	-1.75815	-40.313	-38.5549
BLOCK04/SES046/SA046S28	SES148	-1.66943	-40.2243	-38.5549
BLOCK04/SES049/SA049S16	SES104	-1.01369	-39.9053	-38.8916
BLOCK04/SES049/SA049S16	SES106	-0.841488	-39.7331	-38.8916
BLOCK04/SES049/SA049S16	SES120	-2.09948	-40.9911	-38.8916
BLOCK04/SES049/SA049S16	SES206	-1.05702	-39.9487	-38.8916
BLOCK04/SES049/SA049S18	SES099	-0.0400963	-40.0648	-40.0247
BLOCK04/SES049/SA049S18	SES104	-1.9757	-42.0004	-40.0247
BLOCK04/SES049/SA049S18	SES125	-2.27021	-42.2949	-40.0247
BLOCK04/SES049/SA049S18	SES206	-1.52868	-41.5533	-40.0247
BLOCK04/SES049/SA049S25	SES087	-0.74184	-39.3807	-38.6389
BLOCK04/SES049/SA049S25	SES104	-0.788803	-39.4277	-38.6389
BLOCK04/SES049/SA049S25	SES125	-1.81212	-40.451	-38.6389
BLOCK04/SES049/SA049S25	SES206	-0.49696	-39.1359	-38.6389
BLOCK04/SES049/SA049S27	SES099	-0.0764503	-38.072	-37.9956
BLOCK04/SES049/SA049S27	SES104	-0.269932	-38.2655	-37.9956
BLOCK04/SES049/SA049S27	SES125	-1.24837	-39.2439	-37.9956
BLOCK04/SES049/SA049S27	SES206	-0.607403	-38.603	-37.9956
BLOCK04/SES049/SA049S29	SES099	0.412666	-36.703	-37.1157
BLOCK04/SES049/SA049S29	SES104	-0.0515747	-37.1672	-37.1157
BLOCK04/SES049/SA049S29	SES125	-0.777245	-37.8929	-37.1157
BLOCK04/SES049/SA049S29	SES206	-0.278164	-37.3938	-37.1157
BLOCK06/SES063/SA063S09	SES068	-1.61649	-39.472	-37.8555
BLOCK06/SES063/SA063S09	SES083	-0.881996	-38.7375	-37.8555
BLOCK06/SES063/SA063S09	SES177	-0.846233	-38.7017	-37.8555
BLOCK06/SES063/SA063S09	SES187	-1.3288	-39.1843	-37.8555
BLOCK06/SES063/SA063S10	SES068	-1.79404	-40.3658	-38.5718
BLOCK06/SES063/SA063S10	SES083	-0.510811	-39.0826	-38.5718
BLOCK06/SES063/SA063S10	SES172	-0.524696	-39.0965	-38.5718
BLOCK06/SES063/SA063S10	SES187	-0.717316	-39.2891	-38.5718
BLOCK06/SES063/SA063S20	SES068	-2.36927	-40.7266	-38.3574
BLOCK06/SES063/SA063S20	SES083	-1.25621	-39.6136	-38.3574
BLOCK06/SES063/SA063S20	SES172	-1.42388	-39.7812	-38.3574
BLOCK06/SES063/SA063S20	SES187	-0.0741653	-38.4315	-38.3574
BLOCK06/SES063/SA063S24	SES029	-2.8266	-40.3568	-37.5302
BLOCK06/SES063/SA063S24	SES083	-1.01038	-38.5406	-37.5302
BLOCK06/SES063/SA063S24	SES177	-0.195839	-37.7261	-37.5302
BLOCK06/SES063/SA063S24	SES189	-1.22601	-38.7562	-37.5302
BLOCK06/SES063/SA063S27	SES083	-0.453232	-39.7265	-39.2733
BLOCK06/SES063/SA063S27	SES172	-1.22077	-40.494	-39.2733
BLOCK06/SES063/SA063S27	SES187	-1.25798	-40.5312	-39.2733
BLOCK06/SES063/SA063S27	SES292	-1.58491	-40.8582	-39.2733
BLOCK06/SES067/SA067S12	SES083	-1.81143	-39.5316	-37.7202
BLOCK06/SES067/SA067S12	SES172	-3.1304	-40.8506	-37.7202
BLOCK06/SES067/SA067S12	SES202	0.409355	-37.3108	-37.7202
BLOCK06/SES067/SA067S12	SES292	-1.65347	-39.3736	-37.7202
BLOCK06/SES067/SA067S14	SES085	-1.01008	-38.1182	-37.1081
BLOCK06/SES067/SA067S14	SES177	-1.1456	-38.2537	-37.1081
BLOCK06/SES067/SA067S14	SES183	-1.52947	-38.6376	-37.1081
BLOCK06/SES067/SA067S14	SES202	-0.274662	-37.3828	-37.1081
BLOCK06/SES067/SA067S21	SES144	-1.64564	-39.9734	-38.3277
BLOCK06/SES067/SA067S21	SES177	-0.534924	-38.8626	-38.3277
BLOCK06/SES067/SA067S21	SES183	-2.49123	-40.8189	-38.3277
BLOCK06/SES067/SA067S21	SES189	-0.144569	-38.4723	-38.3277
BLOCK06/SES067/SA067S25	SES085	-1.2364	-39.0643	-37.8279
BLOCK06/SES067/SA067S25	SES177	-0.886608	-38.7145	-37.8279
BLOCK06/SES067/SA067S25	SES183	-1.84113	-39.669	-37.8279
BLOCK06/SES067/SA067S25	SES202	-0.645603	-38.4735	-37.8279
BLOCK06/SES067/SA067S29	SES085	-0.752617	-38.7236	-37.971
BLOCK06/SES067/SA067S29	SES177	-0.789577	-38.7606	-37.971
BLOCK06/SES067/SA067S29	SES183	-2.14305	-40.114	-37.971
BLOCK06/SES067/SA067S29	SES202	0.476906	-37.4941	-37.971
BLOCK06/SES069/SA069S12	SES029	-2.41018	-39.9153	-37.5051
BLOCK06/SES069/SA069S12	SES082	-0.918156	-38.4233	-37.5051
BLOCK06/SES069/SA069S12	SES087	-1.16109	-38.6662	-37.5051
BLOCK06/SES069/SA069S12	SES206	-0.806328	-38.3115	-37.5051
BLOCK06/SES069/SA069S13	SES029	-2.16471	-39.6145	-37.4498
BLOCK06/SES069/SA069S13	SES087	-1.48214	-38.932	-37.4498
BLOCK06/SES069/SA069S13	SES206	-1.09221	-38.542	-37.4498
BLOCK06/SES069/SA069S13	SES226	-1.16717	-38.617	-37.4498
BLOCK06/SES069/SA069S23	SES029	-1.1965	-37.3686	-36.1721
BLOCK06/SES069/SA069S23	SES087	-0.95039	-37.1225	-36.1721
BLOCK06/SES069/SA069S23	SES206	-1.08894	-37.261	-36.1721
BLOCK06/SES069/SA069S23	SES226	-0.717506	-36.8896	-36.1721
BLOCK06/SES069/SA069S25	SES087	-0.747852	-37.3567	-36.6089
BLOCK06/SES069/SA069S25	SES206	-1.69164	-38.3005	-36.6089
BLOCK06/SES069/SA069S25	SES226	-0.850922	-37.4598	-36.6089
BLOCK06/SES069/SA069S25	SES270	-0.904449	-37.5133	-36.6089
BLOCK06/SES069/SA069S27	SES087	-1.59322	-38.4655	-36.8723
BLOCK06/SES069/SA069S27	SES206	-0.464966	-37.3372	-36.8723
BLOCK06/SES069/SA069S27	SES226	-0.633575	-37.5059	-36.8723
BLOCK06/SES069/SA069S27	SES270	-0.743698	-37.616	-36.8723
BLOCK08/SES081/SA081S11	SES060	-1.71844	-39.4392	-37.7208
BLOCK08/SES081/SA081S11	SES062	-3.4628	-41.1836	-37.7208
BLOCK08/SES081/SA081S11	SES117	-1.73089	-39.4517	-37.7208
BLOCK08/SES081/SA081S11	SES162	-1.89785	-39.6186	-37.7208
BLOCK08/SES081/SA081S13	SES016	-1.48747	-38.2592	-36.7717
BLOCK08/SES081/SA081S13	SES060	-0.560566	-37.3323	-36.7717
BLOCK08/SES081/SA081S13	SES068	-0.980892	-37.7526	-36.7717
BLOCK08/SES081/SA081S13	SES129	-2.02616	-38.7979	-36.7717
BLOCK08/SES081/SA081S24	SES060	-1.14162	-38.2507	-37.1091
BLOCK08/SES081/SA081S24	SES068	-0.975601	-38.0847	-37.1091
BLOCK08/SES081/SA081S24	SES117	-1.65201	-38.7611	-37.1091
BLOCK08/SES081/SA081S24	SES275	-1.79554	-38.9047	-37.1091
BLOCK08/SES081/SA081S27	SES007	-1.94141	-39.3238	-37.3824
BLOCK08/SES081/SA081S27	SES060	-1.91813	-39.3005	-37.3824
BLOCK08/SES081/SA081S27	SES117	-0.989697	-38.3721	-37.3824
BLOCK08/SES081/SA081S27	SES275	-2.40352	-39.7859	-37.3824
BLOCK08/SES081/SA081S29	SES007	-1.66243	-38.7693	-37.1069
BLOCK08/SES081/SA081S29	SES060	-1.26792	-38.3748	-37.1069
BLOCK08/SES081/SA081S29	SES117	-1.27428	-38.3812	-37.1069
BLOCK08/SES081/SA081S29	SES275	-2.15709	-39.264	-37.1069
BLOCK08/SES086/SA086S11	SES029	-3.61522	-42.9934	-39.3782
BLOCK08/SES086/SA086S11	SES082	-2.0002	-41.3784	-39.3782
BLOCK08/SES086/SA086S11	SES087	-0.895367	-40.2736	-39.3782
BLOCK08/SES086/SA086S11	SES206	-2.04118	-41.4194	-39.3782
BLOCK08/SES086/SA086S12	SES029	-3.50508	-42.0663	-38.5612
BLOCK08/SES086/SA086S12	SES082	-2.5515	-41.1127	-38.5612
BLOCK08/SES086/SA086S12	SES087	-0.120602	-38.6818	-38.5612
BLOCK08/SES086/SA086S12	SES206	-1.89233	-40.4536	-38.5612
BLOCK08/SES086/SA086S20	SES029	-2.93755	-40.3509	-37.4134
BLOCK08/SES086/SA086S20	SES082	-2.03319	-39.4466	-37.4134
BLOCK08/SES086/SA086S20	SES087	0.0707474	-37.3426	-37.4134
BLOCK08/SES086/SA086S20	SES206	-0.373634	-37.787	-37.4134
BLOCK08/SES086/SA086S24	SES087	-0.3894	-38.699	-38.3096
BLOCK08/SES086/SA086S24	SES104	-2.02805	-40.3377	-38.3096
BLOCK08/SES086/SA086S24	SES120	-1.91268	-40.2223	-38.3096
BLOCK08/SES086/SA086S24	SES206	-0.829384	-39.139	-38.3096
BLOCK08/SES086/SA086S28	SES029	-2.35973	-39.7739	-37.4142
BLOCK08/SES086/SA086S28	SES082	-1.93929	-39.3534	-37.4142
BLOCK08/SES086/SA086S28	SES087	-0.131699	-37.5459	-37.4142
BLOCK08/SES086/SA086S28	SES206	-0.764198	-38.1784	-37.4142
BLOCK08/SES089/SA089S13	SES087	-0.786221	-38.7639	-37.9777
BLOCK08/SES089/SA089S13	SES206	-1.22565	-39.2034	-37.9777
BLOCK08/SES089/SA089S13	SES226	-0.952553	-38.9303	-37.9777
BLOCK08/SES089/SA089S13	SES270	-1.95623	-39.934	-37.9777
BLOCK08/SES089/SA089S14	SES062	-1.40776	-38.9709	-37.5632
BLOCK08/SES089/SA089S14	SES087	-0.199787	-37.7629	-37.5632
BLOCK08/SES089/SA089S14	SES206	-0.359985	-37.9231	-37.5632
BLOCK08/SES089/SA089S14	SES226	-0.635418	-38.1986	-37.5632
BLOCK08/SES089/SA089S23	SES087	-0.601147	-38.955	-38.3538
BLOCK08/SES089/SA089S23	SES206	-0.941002	-39.2948	-38.3538
BLOCK08/SES089/SA089S23	SES226	-0.924435	-39.2783	-38.3538
BLOCK08/SES089/SA089S23	SES270	-1.94321	-40.297	-38.3538
BLOCK08/SES089/SA089S25	SES062	-1.381	-38.9593	-37.5783
BLOCK08/SES089/SA089S25	SES087	0.20187	-37.3765	-37.5783
BLOCK08/SES089/SA089S25	SES206	-0.654797	-38.2331	-37.5783
BLOCK08/SES089/SA089S25	SES226	-0.374199	-37.9525	-37.5783
BLOCK08/SES089/SA089S28	SES062	-1.14243	-38.4409	-37.2985
BLOCK08/SES089/SA089S28	SES087	-0.267483	-37.5659	-37.2985
BLOCK08/SES089/SA089S28	SES206	-0.23016	-37.5286	-37.2985
BLOCK08/SES089/SA089S28	SES226	-0.482327	-37.7808	-37.2985
BLOCK09/SES097/SA097S11	SES099	0.43454	-37.8968	-38.3313
BLOCK09/SES097/SA097S11	SES125	-1.88946	-40.2208	-38.3313
BLOCK09/SES097/SA097S11	SES206	-1.46888	-39.8002	-38.3313
BLOCK09/SES097/SA097S11	SES226	-0.466972	-38.7983	-38.3313
BLOCK09/SES097/SA097S14	SES062	-1.1218	-39.1699	-38.0481
BLOCK09/SES097/SA097S14	SES099	-0.157005	-38.2051	-38.0481
BLOCK09/SES097/SA097S14	SES104	-1.2663	-39.3144	-38.0481
BLOCK09/SES097/SA097S14	SES206	-0.877876	-38.9259	-38.0481
BLOCK09/SES097/SA097S22	SES099	0.619148	-37.5348	-38.154
BLOCK09/SES097/SA097S22	SES206	-0.929359	-39.0833	-38.154
BLOCK09/SES097/SA097S22	SES226	-1.40737	-39.5613	-38.154
BLOCK09/SES097/SA097S22	SES270	-0.086544	-38.2405	-38.154
BLOCK09/SES097/SA097S26	SES099	0.250465	-37.6011	-37.8516
BLOCK09/SES097/SA097S26	SES120	-1.23291	-39.0845	-37.8516
BLOCK09/SES097/SA097S26	SES206	-0.854183	-38.7058	-37.8516
BLOCK09/SES097/SA097S26	SES226	-1.21293	-39.0645	-37.8516
BLOCK09/SES097/SA097S28	SES099	-0.157047	-38.1327	-37.9757
BLOCK09/SES097/SA097S28	SES120	-1.78198	-39.7576	-37.9757
BLOCK09/SES097/SA097S28	SES206	-1.44969	-39.4254	-37.9757
BLOCK09/SES097/SA097S28	SES226	-1.48809	-39.4637	-37.9757
BLOCK09/SES098/SA098S11	SES127	-2.26954	-41.0202	-38.7507
BLOCK09/SES098/SA098S11	SES144	-1.29552	-40.0462	-38.7507
BLOCK09/SES098/SA098S11	SES147	-0.842579	-39.5932	-38.7507
BLOCK09/SES098/SA098S11	SES148	-2.91687	-41.6675	-38.7507
BLOCK09/SES098/SA098S12	SES127	-3.20549	-43.2818	-40.0763
BLOCK09/SES098/SA098S12	SES144	-1.70068	-41.777	-40.0763
BLOCK09/SES098/SA098S12	SES147	-1.93387	-42.0102	-40.0763
BLOCK09/SES098/SA098S12	SES189	-1.27113	-41.3474	-40.0763
BLOCK09/SES098/SA098S20	SES127	-2.22161	-41.6914	-39.4698
BLOCK09/SES098/SA098S20	SES147	-0.984501	-40.4543	-39.4698
BLOCK09/SES098/SA098S20	SES148	-2.91428	-42.384	-39.4698
BLOCK09/SES098/SA098S20	SES292	-4.06273	-43.5325	-39.4698
BLOCK09/SES098/SA098S23	SES127	-1.63615	-40.562	-38.9259
BLOCK09/SES098/SA098S23	SES147	-0.937424	-39.8633	-38.9259
BLOCK09/SES098/SA098S23	SES187	-1.03778	-39.9636	-38.9259
BLOCK09/SES098/SA098S23	SES292	-2.94601	-41.8719	-38.9259
BLOCK09/SES098/SA098S27	SES127	-2.24372	-41.4014	-39.1576
BLOCK09/SES098/SA098S27	SES147	-1.5808	-40.7384	-39.1576
BLOCK09/SES098/SA098S27	SES148	-3.33929	-42.4969	-39.1576
BLOCK09/SES098/SA098S27	SES292	-3.41577	-42.5734	-39.1576
BLOCK10/SES102/SA102S13	SES101	-0.810749	-39.5693	-38.7586
BLOCK10/SES102/SA102S13	SES105	-1.98295	-40.7415	-38.7586
BLOCK10/SES102/SA102S13	SES120	-1.51202	-40.2706	-38.7586
BLOCK10/SES102/SA102S13	SES158	-3.87976	-42.6383	-38.7586
BLOCK10/SES102/SA102S14	SES007	-0.560432	-37.7053	-37.1449
BLOCK10/SES102/SA102S14	SES101	-0.577862	-37.7227	-37.1449
BLOCK10/SES102/SA102S14	SES105	-0.946198	-38.0911	-37.1449
BLOCK10/SES102/SA102S14	SES147	-1.54463	-38.6895	-37.1449
BLOCK10/SES102/SA102S22	SES007	-1.13276	-38.6446	-37.5118
BLOCK10/SES102/SA102S22	SES101	-0.43364	-37.9454	-37.5118
BLOCK10/SES102/SA102S22	SES105	-0.565159	-38.077	-37.5118
BLOCK10/SES102/SA102S22	SES158	-2.44156	-39.9534	-37.5118
BLOCK10/SES102/SA102S25	SES007	-0.827961	-38.3266	-37.4986
BLOCK10/SES102/SA102S25	SES101	-0.650478	-38.1491	-37.4986
BLOCK10/SES102/SA102S25	SES105	-1.22841	-38.727	-37.4986
BLOCK10/SES102/SA102S25	SES147	-2.25302	-39.7516	-37.4986
BLOCK10/SES102/SA102S27	SES007	-1.34446	-39.2446	-37.9001
BLOCK10/SES102/SA102S27	SES101	-0.952721	-38.8528	-37.9001
BLOCK10/SES102/SA102S27	SES105	-1.26571	-39.1658	-37.9001
BLOCK10/SES102/SA102S27	SES147	-1.36732	-39.2674	-37.9001
BLOCK10/SES103/SA103S14	SES105	-1.80114	-40.9015	-39.1003
BLOCK10/SES103/SA103S14	SES106	-1.12963	-40.23	-39.1003
BLOCK10/SES103/SA103S14	SES120	-2.11743	-41.2178	-39.1003
BLOCK10/SES103/SA103S14	SES206	-1.69813	-40.7985	-39.1003
BLOCK10/SES103/SA103S15	SES099	-0.600143	-40.2369	-39.6367
BLOCK10/SES103/SA103S15	SES101	-2.77102	-42.4077	-39.6367
BLOCK10/SES103/SA103S15	SES104	-1.3331	-40.9698	-39.6367
BLOCK10/SES103/SA103S15	SES125	-1.26048	-40.8972	-39.6367
BLOCK10/SES103/SA103S24	SES104	-1.38622	-39.8499	-38.4637
BLOCK10/SES103/SA103S24	SES125	-1.11947	-39.5832	-38.4637
BLOCK10/SES103/SA103S24	SES148	-2.51774	-40.9814	-38.4637
BLOCK10/SES103/SA103S24	SES158	-0.282681	-38.7464	-38.4637
BLOCK10/SES103/SA103S26	SES104	-1.68673	-40.7195	-39.0328
BLOCK10/SES103/SA103S26	SES106	-1.0772	-40.11	-39.0328
BLOCK10/SES103/SA103S26	SES125	-1.2595	-40.2923	-39.0328
BLOCK10/SES103/SA103S26	SES148	-2.56566	-41.5985	-39.0328
BLOCK10/SES103/SA103S28	SES104	-1.55107	-40.7263	-39.1752
BLOCK10/SES103/SA103S28	SES106	-0.633289	-39.8085	-39.1752
BLOCK10/SES103/SA103S28	SES125	-1.40656	-40.5818	-39.1752
BLOCK10/SES103/SA103S28	SES206	-1.8131	-40.9883	-39.1752
BLOCK12/SES121/SA121S12	SES042	-1.64314	-41.4444	-39.8012
BLOCK12/SES121/SA121S12	SES087	-1.15929	-40.9605	-39.8012
BLOCK12/SES121/SA121S12	SES105	-1.15781	-40.959	-39.8012
BLOCK12/SES121/SA121S12	SES206	-1.36293	-41.1642	-39.8012
BLOCK12/SES121/SA121S14	SES007	-1.70208	-42.0744	-40.3723
BLOCK12/SES121/SA121S14	SES105	-1.45638	-41.8287	-40.3723
BLOCK12/SES121/SA121S14	SES106	-1.23058	-41.6029	-40.3723
BLOCK12/SES121/SA121S14	SES206	-1.8718	-42.2441	-40.3723
BLOCK12/SES121/SA121S23	SES105	-1.89685	-42.5331	-40.6363
BLOCK12/SES121/SA121S23	SES106	-0.896103	-41.5324	-40.6363
BLOCK12/SES121/SA121S23	SES120	-2.57183	-43.2081	-40.6363
BLOCK12/SES121/SA121S23	SES206	-1.40515	-42.0414	-40.6363
BLOCK12/SES121/SA121S25	SES007	-1.49088	-42.5251	-41.0342
BLOCK12/SES121/SA121S25	SES105	-1.55728	-42.5915	-41.0342
BLOCK12/SES121/SA121S25	SES106	-1.28875	-42.3229	-41.0342
BLOCK12/SES121/SA121S25	SES206	-2.18586	-43.22	-41.0342
BLOCK12/SES121/SA121S27	SES087	-0.271889	-40.138	-39.8661
BLOCK12/SES121/SA121S27	SES105	-2.76512	-42.6312	-39.8661
BLOCK12/SES121/SA121S27	SES120	-1.24009	-41.1062	-39.8661
BLOCK12/SES121/SA121S27	SES206	-1.26717	-41.1332	-39.8661
BLOCK12/SES124/SA124S16	SES042	-0.905384	-38.4699	-37.5645
BLOCK12/SES124/SA124S16	SES082	-0.724533	-38.289	-37.5645
BLOCK12/SES124/SA124S16	SES183	-2.63784	-40.2023	-37.5645
BLOCK12/SES124/SA124S16	SES206	-1.07396	-38.6384	-37.5645
BLOCK12/SES124/SA124S17	SES105	-1.4595	-40.472	-39.0125
BLOCK12/SES124/SA124S17	SES149	-1.99141	-41.0039	-39.0125
BLOCK12/SES124/SA124S17	SES158	-2.39518	-41.4077	-39.0125
BLOCK12/SES124/SA124S17	SES275	-1.27306	-40.2856	-39.0125
BLOCK12/SES124/SA124S23	SES105	-1.60251	-38.3477	-36.7452
BLOCK12/SES124/SA124S23	SES125	0.0514336	-36.6938	-36.7452
BLOCK12/SES124/SA124S23	SES129	-2.25309	-38.9983	-36.7452
BLOCK12/SES124/SA124S23	SES158	-0.181259	-36.9265	-36.7452
BLOCK12/SES124/SA124S26	SES105	-2.08611	-39.2982	-37.2121
BLOCK12/SES124/SA124S26	SES125	-0.104897	-37.317	-37.2121
BLOCK12/SES124/SA124S26	SES129	-2.35263	-39.5648	-37.2121
BLOCK12/SES124/SA124S26	SES158	-1.22392	-38.436	-37.2121
BLOCK12/SES124/SA124S28	SES104	-0.794327	-38.1144	-37.32
BLOCK12/SES124/SA124S28	SES106	-0.580399	-37.9004	-37.32
BLOCK12/SES124/SA124S28	SES125	-0.516449	-37.8365	-37.32
BLOCK12/SES124/SA124S28	SES275	-1.73962	-39.0597	-37.32
BLOCK12/SES126/SA126S13	SES007	-2.95089	-42.2682	-39.3173
BLOCK12/SES126/SA126S13	SES162	-1.95036	-41.2676	-39.3173
BLOCK12/SES126/SA126S13	SES177	-1.41044	-40.7277	-39.3173
BLOCK12/SES126/SA126S13	SES180	-2.381	-41.6983	-39.3173
BLOCK12/SES126/SA126S14	SES144	-1.21754	-39.2274	-38.0098
BLOCK12/SES126/SA126S14	SES148	-1.84565	-39.8555	-38.0098
BLOCK12/SES126/SA126S14	SES177	-0.488174	-38.498	-38.0098
BLOCK12/SES126/SA126S14	SES180	-1.2681	-39.2779	-38.0098
BLOCK12/SES126/SA126S20	SES007	-2.25158	-40.2823	-38.0307
BLOCK12/SES126/SA126S20	SES162	-1.88241	-39.9131	-38.0307
BLOCK12/SES126/SA126S20	SES172	-3.27628	-41.307	-38.0307
BLOCK12/SES126/SA126S20	SES180	-2.14494	-40.1756	-38.0307
BLOCK12/SES126/SA126S24	SES120	-1.25366	-39.1126	-37.8589
BLOCK12/SES126/SA126S24	SES162	-1.51396	-39.3729	-37.8589
BLOCK12/SES126/SA126S24	SES177	-0.78886	-38.6478	-37.8589
BLOCK12/SES126/SA126S24	SES180	-1.08686	-38.9458	-37.8589
BLOCK12/SES126/SA126S26	SES120	-0.993607	-39.5346	-38.541
BLOCK12/SES126/SA126S26	SES177	-1.26475	-39.8057	-38.541
BLOCK12/SES126/SA126S26	SES180	-1.24303	-39.784	-38.541
BLOCK12/SES126/SA126S26	SES202	-2.20965	-40.7506	-38.541
BLOCK12/SES128/SA128S10	SES087	-1.98167	-39.8685	-37.8868
BLOCK12/SES128/SA128S10	SES206	-0.964802	-38.8516	-37.8868
BLOCK12/SES128/SA128S10	SES226	-0.767151	-38.6539	-37.8868
BLOCK12/SES128/SA128S10	SES270	-0.592663	-38.4794	-37.8868
BLOCK12/SES128/SA128S12	SES120	-1.64758	-39.9245	-38.2769
BLOCK12/SES128/SA128S12	SES158	-0.993645	-39.2705	-38.2769
BLOCK12/SES128/SA128S12	SES206	-0.83604	-39.1129	-38.2769
BLOCK12/SES128/SA128S12	SES226	-0.947189	-39.2241	-38.2769
BLOCK12/SES128/SA128S21	SES106	-1.91618	-40.6285	-38.7123
BLOCK12/SES128/SA128S21	SES120	-2.05809	-40.7704	-38.7123
BLOCK12/SES128/SA128S21	SES206	-1.89814	-40.6104	-38.7123
BLOCK12/SES128/SA128S21	SES226	-0.92662	-39.6389	-38.7123
BLOCK12/SES128/SA128S24	SES087	-1.39624	-39.6887	-38.2925
BLOCK12/SES128/SA128S24	SES120	-1.04477	-39.3372	-38.2925
BLOCK12/SES128/SA128S24	SES206	-0.837223	-39.1297	-38.2925
BLOCK12/SES128/SA128S24	SES226	-1.00932	-39.3018	-38.2925
BLOCK12/SES128/SA128S27	SES099	0.0540085	-37.3186	-37.3726
BLOCK12/SES128/SA128S27	SES120	-1.29409	-38.6667	-37.3726
BLOCK12/SES128/SA128S27	SES206	-0.414139	-37.7867	-37.3726
BLOCK12/SES128/SA128S27	SES226	-0.753628	-38.1262	-37.3726
BLOCK13/SES130/SA130S13	SES143	-2.54679	-41.9293	-39.3825
BLOCK13/SES130/SA130S13	SES144	-0.256596	-39.6391	-39.3825
BLOCK13/SES130/SA130S13	SES146	-1.02016	-40.4026	-39.3825
BLOCK13/SES130/SA130S13	SES275	-2.69004	-42.0725	-39.3825
BLOCK13/SES130/SA130S15	SES143	-2.4009	-40.5011	-38.1002
BLOCK13/SES130/SA130S15	SES144	-0.838188	-38.9384	-38.1002
BLOCK13/SES130/SA130S15	SES146	-0.445122	-38.5453	-38.1002
BLOCK13/SES130/SA130S15	SES275	-1.33685	-39.4371	-38.1002
BLOCK13/SES130/SA130S23	SES127	-3.42047	-42.7647	-39.3442
BLOCK13/SES130/SA130S23	SES144	-1.6587	-41.0029	-39.3442
BLOCK13/SES130/SA130S23	SES146	-1.20953	-40.5537	-39.3442
BLOCK13/SES130/SA130S23	SES162	-1.833	-41.1772	-39.3442
BLOCK13/SES130/SA130S25	SES127	-1.74587	-39.721	-37.9751
BLOCK13/SES130/SA130S25	SES144	-0.515491	-38.4906	-37.9751
BLOCK13/SES130/SA130S25	SES146	-0.712261	-38.6874	-37.9751
BLOCK13/SES130/SA130S25	SES275	-0.632851	-38.608	-37.9751
BLOCK13/SES130/SA130S28	SES127	-1.6998	-39.6567	-37.9569
BLOCK13/SES130/SA130S28	SES144	-0.93737	-38.8942	-37.9569
BLOCK13/SES130/SA130S28	SES146	-1.01928	-38.9761	-37.9569
BLOCK13/SES130/SA130S28	SES275	-0.595676	-38.5525	-37.9569
BLOCK13/SES131/SA131S13	SES002	-1.84016	-41.9698	-40.1296
BLOCK13/SES131/SA131S13	SES007	-1.78988	-41.9195	-40.1296
BLOCK13/SES131/SA131S13	SES099	-1.29528	-41.4249	-40.1296
BLOCK13/SES131/SA131S13	SES105	-1.70385	-41.8334	-40.1296
BLOCK13/SES131/SA131S14	SES104	-0.696564	-39.1004	-38.4038
BLOCK13/SES131/SA131S14	SES106	-0.520741	-38.9245	-38.4038
BLOCK13/SES131/SA131S14	SES125	-1.24832	-39.6521	-38.4038
BLOCK13/SES131/SA131S14	SES148	-1.85173	-40.2555	-38.4038
BLOCK13/SES131/SA131S20	SES104	-1.54976	-41.0413	-39.4916
BLOCK13/SES131/SA131S20	SES106	-0.625931	-40.1175	-39.4916
BLOCK13/SES131/SA131S20	SES125	-1.31395	-40.8055	-39.4916
BLOCK13/SES131/SA131S20	SES148	-2.49356	-41.9851	-39.4916
BLOCK13/SES131/SA131S22	SES099	-0.849541	-39.6231	-38.7735
BLOCK13/SES131/SA131S22	SES104	-1.50948	-40.283	-38.7735
BLOCK13/SES131/SA131S22	SES125	-1.17076	-39.9443	-38.7735
BLOCK13/SES131/SA131S22	SES206	-1.78665	-40.5602	-38.7735
BLOCK13/SES131/SA131S29	SES087	-1.00152	-40.5196	-39.5181
BLOCK13/SES131/SA131S29	SES104	-1.68116	-41.1992	-39.5181
BLOCK13/SES131/SA131S29	SES125	-1.74945	-41.2675	-39.5181
BLOCK13/SES131/SA131S29	SES206	-1.48535	-41.0034	-39.5181
BLOCK13/SES132/SA132S11	SES083	-2.13488	-39.6702	-37.5353
BLOCK13/SES132/SA132S11	SES120	-0.649792	-38.1851	-37.5353
BLOCK13/SES132/SA132S11	SES127	-1.72852	-39.2639	-37.5353
BLOCK13/SES132/SA132S11	SES275	-1.61892	-39.1543	-37.5353
BLOCK13/SES132/SA132S12	SES083	-1.94471	-39.3736	-37.4289
BLOCK13/SES132/SA132S12	SES143	-1.82454	-39.2535	-37.4289
BLOCK13/SES132/SA132S12	SES144	-1.57977	-39.0087	-37.4289
BLOCK13/SES132/SA132S12	SES148	-1.75657	-39.1855	-37.4289
BLOCK13/SES132/SA132S22	SES062	-1.40028	-38.8526	-37.4523
BLOCK13/SES132/SA132S22	SES083	-1.51541	-38.9677	-37.4523
BLOCK13/SES132/SA132S22	SES127	-0.969578	-38.4218	-37.4523
BLOCK13/SES132/SA132S22	SES275	-1.37132	-38.8236	-37.4523
BLOCK13/SES132/SA132S24	SES007	-1.11424	-38.3701	-37.2559
BLOCK13/SES132/SA132S24	SES083	-2.13296	-39.3888	-37.2559
BLOCK13/SES132/SA132S24	SES127	-1.93124	-39.1871	-37.2559
BLOCK13/SES132/SA132S24	SES275	-1.5	-38.7559	-37.2559
BLOCK13/SES132/SA132S27	SES083	-2.19003	-40.0062	-37.8162
BLOCK13/SES132/SA132S27	SES120	-0.460526	-38.2767	-37.8162
BLOCK13/SES132/SA132S27	SES127	-1.76804	-39.5842	-37.8162
BLOCK13/SES132/SA132S27	SES275	-2.4157	-40.2319	-37.8162
BLOCK14/SES141/SA141S09	SES143	-1.22048	-39.3982	-38.1777
BLOCK14/SES141/SA141S09	SES144	-0.974773	-39.1525	-38.1777
BLOCK14/SES141/SA141S09	SES162	-1.11576	-39.2935	-38.1777
BLOCK14/SES141/SA141S09	SES180	-1.30273	-39.4805	-38.1777
BLOCK14/SES141/SA141S15	SES127	-1.55505	-39.5055	-37.9504
BLOCK14/SES141/SA141S15	SES144	-1.54501	-39.4954	-37.9504
BLOCK14/SES141/SA141S15	SES162	-1.0569	-39.0073	-37.9504
BLOCK14/SES141/SA141S15	SES180	-0.644844	-38.5953	-37.9504
BLOCK14/SES141/SA141S24	SES127	-0.902443	-38.3424	-37.44
BLOCK14/SES141/SA141S24	SES144	-1.49451	-38.9345	-37.44
BLOCK14/SES141/SA141S24	SES162	-0.53196	-37.9719	-37.44
BLOCK14/SES141/SA141S24	SES183	-2.10993	-39.5499	-37.44
BLOCK14/SES141/SA141S26	SES142	-1.78059	-40.0818	-38.3012
BLOCK14/SES141/SA141S26	SES144	-1.90586	-40.2071	-38.3012
BLOCK14/SES141/SA141S26	SES172	-1.66746	-39.9687	-38.3012
BLOCK14/SES141/SA141S26	SES180	-1.40079	-39.702	-38.3012
BLOCK14/SES141/SA141S29	SES127	-0.56572	-38.1156	-37.5499
BLOCK14/SES141/SA141S29	SES142	-0.708492	-38.2584	-37.5499
BLOCK14/SES141/SA141S29	SES144	-1.34314	-38.893	-37.5499
BLOCK14/SES141/SA141S29	SES180	-0.746506	-38.2964	-37.5499
BLOCK15/SES157/SA157S08	SES083	-2.38357	-40.5557	-38.1721
BLOCK15/SES157/SA157S08	SES127	-1.96858	-40.1407	-38.1721
BLOCK15/SES157/SA157S08	SES148	-1.68406	-39.8562	-38.1721
BLOCK15/SES157/SA157S08	SES292	-2.11777	-40.2899	-38.1721
BLOCK15/SES157/SA157S11	SES083	-2.20929	-40.396	-38.1867
BLOCK15/SES157/SA157S11	SES127	-1.95622	-40.1429	-38.1867
BLOCK15/SES157/SA157S11	SES148	-1.3944	-39.5811	-38.1867
BLOCK15/SES157/SA157S11	SES292	-2.33723	-40.5239	-38.1867
BLOCK15/SES157/SA157S21	SES127	-2.10189	-39.7989	-37.697
BLOCK15/SES157/SA157S21	SES148	-0.91304	-38.61	-37.697
BLOCK15/SES157/SA157S21	SES158	-3.26121	-40.9582	-37.697
BLOCK15/SES157/SA157S21	SES292	-1.47793	-39.1749	-37.697
BLOCK15/SES157/SA157S24	SES127	-1.99509	-39.8089	-37.8138
BLOCK15/SES157/SA157S24	SES148	-1.61246	-39.4263	-37.8138
BLOCK15/SES157/SA157S24	SES183	-1.63956	-39.4534	-37.8138
BLOCK15/SES157/SA157S24	SES292	-1.84911	-39.6629	-37.8138
BLOCK15/SES157/SA157S26	SES007	-0.939545	-38.3132	-37.3737
BLOCK15/SES157/SA157S26	SES127	-1.12211	-38.4958	-37.3737
BLOCK15/SES157/SA157S26	SES147	-1.62708	-39.0007	-37.3737
BLOCK15/SES157/SA157S26	SES148	-1.53105	-38.9047	-37.3737
BLOCK16/SES161/SA161S10	SES007	-1.7183	-41.1857	-39.4674
BLOCK16/SES161/SA161S10	SES105	-1.47972	-40.9471	-39.4674
BLOCK16/SES161/SA161S10	SES158	-1.73422	-41.2016	-39.4674
BLOCK16/SES161/SA161S10	SES275	-1.50716	-40.9746	-39.4674
BLOCK16/SES161/SA161S12	SES007	-1.04819	-40.0539	-39.0057
BLOCK16/SES161/SA161S12	SES105	-1.89413	-40.8998	-39.0057
BLOCK16/SES161/SA161S12	SES158	-0.940636	-39.9463	-39.0057
BLOCK16/SES161/SA161S12	SES275	-0.922359	-39.928	-39.0057
BLOCK16/SES161/SA161S20	SES007	-1.1974	-41.5807	-40.3833
BLOCK16/SES161/SA161S20	SES105	-1.5899	-41.9732	-40.3833
BLOCK16/SES161/SA161S20	SES158	-0.870056	-41.2534	-40.3833
BLOCK16/SES161/SA161S20	SES275	-1.51265	-41.896	-40.3833
BLOCK16/SES161/SA161S23	SES007	-1.57714	-40.2837	-38.7065
BLOCK16/SES161/SA161S23	SES105	-0.942368	-39.6489	-38.7065
BLOCK16/SES161/SA161S23	SES148	-2.2362	-40.9427	-38.7065
BLOCK16/SES161/SA161S23	SES158	-0.858082	-39.5646	-38.7065
BLOCK16/SES161/SA161S28	SES007	-1.65573	-40.8736	-39.2179
BLOCK16/SES161/SA161S28	SES105	-1.9139	-41.1318	-39.2179
BLOCK16/SES161/SA161S28	SES158	-1.02676	-40.2447	-39.2179
BLOCK16/SES161/SA161S28	SES206	-1.07331	-40.2912	-39.2179
BLOCK16/SES164/SA164S11	SES104	-1.54462	-39.4732	-37.9286
BLOCK16/SES164/SA164S11	SES125	-0.719406	-38.648	-37.9286
BLOCK16/SES164/SA164S11	SES158	0.0103149	-37.9183	-37.9286
BLOCK16/SES164/SA164S11	SES206	-1.80889	-39.7375	-37.9286
BLOCK16/SES164/SA164S13	SES099	-1.01205	-40.268	-39.256
BLOCK16/SES164/SA164S13	SES104	-1.52425	-40.7802	-39.256
BLOCK16/SES164/SA164S13	SES125	-1.87967	-41.1356	-39.256
BLOCK16/SES164/SA164S13	SES206	-1.92657	-41.1825	-39.256
BLOCK16/SES164/SA164S24	SES002	-0.843098	-39.2601	-38.417
BLOCK16/SES164/SA164S24	SES099	-0.230175	-38.6472	-38.417
BLOCK16/SES164/SA164S24	SES125	-1.53603	-39.953	-38.417
BLOCK16/SES164/SA164S24	SES226	-0.598797	-39.0158	-38.417
BLOCK16/SES164/SA164S27	SES087	-2.09199	-40.8121	-38.7201
BLOCK16/SES164/SA164S27	SES125	-1.22215	-39.9423	-38.7201
BLOCK16/SES164/SA164S27	SES206	-1.6918	-40.4119	-38.7201
BLOCK16/SES164/SA164S27	SES226	-1.16677	-39.8869	-38.7201
BLOCK16/SES164/SA164S29	SES002	-0.0662956	-38.5055	-38.4392
BLOCK16/SES164/SA164S29	SES019	-1.16598	-39.6051	-38.4392
BLOCK16/SES164/SA164S29	SES125	-1.12566	-39.5648	-38.4392
BLOCK16/SES164/SA164S29	SES226	-1.12749	-39.5667	-38.4392
BLOCK16/SES169/SA169S13	SES117	-1.80541	-39.9176	-38.1122
BLOCK16/SES169/SA169S13	SES144	-1.33317	-39.4454	-38.1122
BLOCK16/SES169/SA169S13	SES146	-1.4655	-39.5777	-38.1122
BLOCK16/SES169/SA169S13	SES162	-1.70933	-39.8215	-38.1122
BLOCK16/SES169/SA169S14	SES144	-0.970886	-38.1852	-37.2143
BLOCK16/SES169/SA169S14	SES148	-1.51584	-38.7301	-37.2143
BLOCK16/SES169/SA169S14	SES177	-1.58381	-38.7981	-37.2143
BLOCK16/SES169/SA169S14	SES180	-2.48434	-39.6986	-37.2143
BLOCK16/SES169/SA169S24	SES117	-1.06638	-39.7437	-38.6773
BLOCK16/SES169/SA169S24	SES144	-0.804707	-39.482	-38.6773
BLOCK16/SES169/SA169S24	SES146	-1.1858	-39.8631	-38.6773
BLOCK16/SES169/SA169S24	SES162	-1.83088	-40.5082	-38.6773
BLOCK16/SES169/SA169S27	SES127	-1.61948	-39.3102	-37.6907
BLOCK16/SES169/SA169S27	SES129	-1.52236	-39.2131	-37.6907
BLOCK16/SES169/SA169S27	SES144	-1.26152	-38.9522	-37.6907
BLOCK16/SES169/SA169S27	SES146	-0.721882	-38.4126	-37.6907
BLOCK16/SES169/SA169S29	SES144	-0.928703	-38.3997	-37.471
BLOCK16/SES169/SA169S29	SES162	-1.34732	-38.8183	-37.471
BLOCK16/SES169/SA169S29	SES177	-2.27425	-39.7452	-37.471
BLOCK16/SES169/SA169S29	SES180	-2.00179	-39.4728	-37.471
BLOCK17/SES171/SA171S12	SES083	-1.33152	-40.0641	-38.7326
BLOCK17/SES171/SA171S12	SES148	-1.85746	-40.59	-38.7326
BLOCK17/SES171/SA171S12	SES172	-1.60535	-40.3379	-38.7326
BLOCK17/SES171/SA171S12	SES292	-2.48291	-41.2155	-38.7326
BLOCK17/SES171/SA171S15	SES148	-1.82677	-40.9614	-39.1347
BLOCK17/SES171/SA171S15	SES177	-1.2981	-40.4328	-39.1347
BLOCK17/SES171/SA171S15	SES180	-3.03151	-42.1662	-39.1347
BLOCK17/SES171/SA171S15	SES292	-3.21517	-42.3498	-39.1347
BLOCK17/SES171/SA171S22	SES007	-1.71096	-39.6518	-37.9408
BLOCK17/SES171/SA171S22	SES148	-1.1082	-39.049	-37.9408
BLOCK17/SES171/SA171S22	SES177	-0.678371	-38.6192	-37.9408
BLOCK17/SES171/SA171S22	SES180	-1.87854	-39.8194	-37.9408
BLOCK17/SES171/SA171S25	SES101	-2.21158	-41.2726	-39.061
BLOCK17/SES171/SA171S25	SES120	-3.42549	-42.4865	-39.061
BLOCK17/SES171/SA171S25	SES177	-1.15511	-40.2161	-39.061
BLOCK17/SES171/SA171S25	SES180	-2.10403	-41.165	-39.061
BLOCK17/SES171/SA171S27	SES177	-0.499687	-39.1351	-38.6354
BLOCK17/SES171/SA171S27	SES180	-2.32918	-40.9646	-38.6354
BLOCK17/SES171/SA171S27	SES189	-0.734066	-39.3694	-38.6354
BLOCK17/SES171/SA171S27	SES292	-2.79979	-41.4352	-38.6354
BLOCK17/SES173/SA173S13	SES162	-2.3078	-41.9277	-39.6199
BLOCK17/SES173/SA173S13	SES177	-2.38224	-42.0022	-39.6199
BLOCK17/SES173/SA173S13	SES180	-3.26178	-42.8817	-39.6199
BLOCK17/SES173/SA173S13	SES292	-2.14953	-41.7695	-39.6199
BLOCK17/SES173/SA173S14	SES007	-3.13474	-42.7172	-39.5825
BLOCK17/SES173/SA173S14	SES162	-2.22129	-41.8038	-39.5825
BLOCK17/SES173/SA173S14	SES177	-1.44502	-41.0275	-39.5825
BLOCK17/SES173/SA173S14	SES180	-2.99817	-42.5807	-39.5825
BLOCK17/SES173/SA173S24	SES144	-1.58123	-41.5479	-39.9666
BLOCK17/SES173/SA173S24	SES162	-2.35299	-42.3196	-39.9666
BLOCK17/SES173/SA173S24	SES177	-1.2653	-41.2319	-39.9666
BLOCK17/SES173/SA173S24	SES180	-3.23164	-43.1983	-39.9666
BLOCK17/SES173/SA173S27	SES162	-2.98849	-42.3999	-39.4114
BLOCK17/SES173/SA173S27	SES177	-2.16	-41.5714	-39.4114
BLOCK17/SES173/SA173S27	SES180	-3.43066	-42.8421	-39.4114
BLOCK17/SES173/SA173S27	SES292	-3.37663	-42.788	-39.4114
BLOCK17/SES173/SA173S29	SES162	-2.43806	-41.8021	-39.364
BLOCK17/SES173/SA173S29	SES175	-1.59083	-40.9548	-39.364
BLOCK17/SES173/SA173S29	SES177	-1.50178	-40.8658	-39.364
BLOCK17/SES173/SA173S29	SES292	-3.75991	-43.1239	-39.364
BLOCK18/SES182/SA182S10	SES144	-1.33264	-39.2795	-37.9468
BLOCK18/SES182/SA182S10	SES177	-1.49699	-39.4438	-37.9468
BLOCK18/SES182/SA182S10	SES180	-2.09681	-40.0436	-37.9468
BLOCK18/SES182/SA182S10	SES275	-1.22908	-39.1759	-37.9468
BLOCK18/SES182/SA182S12	SES144	-0.535866	-38.412	-37.8762
BLOCK18/SES182/SA182S12	SES177	-0.655972	-38.5321	-37.8762
BLOCK18/SES182/SA182S12	SES180	-1.08051	-38.9567	-37.8762
BLOCK18/SES182/SA182S12	SES275	-1.58611	-39.4623	-37.8762
BLOCK18/SES182/SA182S21	SES117	-1.19163	-40.1333	-38.9416
BLOCK18/SES182/SA182S21	SES144	-1.70968	-40.6513	-38.9416
BLOCK18/SES182/SA182S21	SES162	-1.02277	-39.9644	-38.9416
BLOCK18/SES182/SA182S21	SES180	-1.94247	-40.8841	-38.9416
BLOCK18/SES182/SA182S23	SES117	-1.33885	-39.6766	-38.3377
BLOCK18/SES182/SA182S23	SES144	-1.54082	-39.8785	-38.3377
BLOCK18/SES182/SA182S23	SES180	-2.09198	-40.4297	-38.3377
BLOCK18/SES182/SA182S23	SES275	-1.52255	-39.8603	-38.3377
BLOCK18/SES182/SA182S25	SES007	-1.33518	-39.895	-38.5598
BLOCK18/SES182/SA182S25	SES162	-0.970886	-39.5307	-38.5598
BLOCK18/SES182/SA182S25	SES177	-1.27455	-39.8344	-38.5598
BLOCK18/SES182/SA182S25	SES180	-1.61444	-40.1743	-38.5598
BLOCK18/SES184/SA184S12	SES177	-1.82719	-40.029	-38.2018
BLOCK18/SES184/SA184S12	SES180	-1.88918	-40.091	-38.2018
BLOCK18/SES184/SA184S12	SES189	-2.31858	-40.5204	-38.2018
BLOCK18/SES184/SA184S12	SES292	-2.82974	-41.0315	-38.2018
BLOCK18/SES184/SA184S13	SES101	-1.85177	-39.7238	-37.872
BLOCK18/SES184/SA184S13	SES177	-1.08638	-38.9584	-37.872
BLOCK18/SES184/SA184S13	SES180	-1.16088	-39.0329	-37.872
BLOCK18/SES184/SA184S13	SES292	-1.85403	-39.726	-37.872
BLOCK18/SES184/SA184S22	SES177	-1.12181	-38.1979	-37.0761
BLOCK18/SES184/SA184S22	SES180	-1.46494	-38.541	-37.0761
BLOCK18/SES184/SA184S22	SES189	-2.48951	-39.5656	-37.0761
BLOCK18/SES184/SA184S22	SES292	-1.71494	-38.791	-37.0761
BLOCK18/SES184/SA184S25	SES101	-1.14854	-37.9175	-36.769
BLOCK18/SES184/SA184S25	SES177	-1.27877	-38.0478	-36.769
BLOCK18/SES184/SA184S25	SES180	-1.24902	-38.018	-36.769
BLOCK18/SES184/SA184S25	SES292	-1.45152	-38.2205	-36.769
BLOCK18/SES184/SA184S27	SES083	-1.87333	-39.4172	-37.5439
BLOCK18/SES184/SA184S27	SES177	-1.26215	-38.806	-37.5439
BLOCK18/SES184/SA184S27	SES202	-2.29727	-39.8411	-37.5439
BLOCK18/SES184/SA184S27	SES292	-1.74931	-39.2932	-37.5439
BLOCK20/SES204/SA204S12	SES062	-1.5399	-38.8229	-37.283
BLOCK20/SES204/SA204S12	SES083	-2.07111	-39.3542	-37.283
BLOCK20/SES204/SA204S12	SES206	-0.81562	-38.0987	-37.283
BLOCK20/SES204/SA204S12	SES226	-1.70829	-38.9913	-37.283
BLOCK20/SES204/SA204S14	SES068	-2.22215	-38.8231	-36.601
BLOCK20/SES204/SA204S14	SES087	-0.738567	-37.3395	-36.601
BLOCK20/SES204/SA204S14	SES206	-0.991344	-37.5923	-36.601
BLOCK20/SES204/SA204S14	SES226	-1.64103	-38.242	-36.601
BLOCK20/SES204/SA204S22	SES068	-2.36134	-39.8967	-37.5354
BLOCK20/SES204/SA204S22	SES082	-3.0999	-40.6353	-37.5354
BLOCK20/SES204/SA204S22	SES083	-2.58258	-40.118	-37.5354
BLOCK20/SES204/SA204S22	SES206	-0.867023	-38.4024	-37.5354
BLOCK20/SES204/SA204S25	SES062	-2.017	-39.8441	-37.8271
BLOCK20/SES204/SA204S25	SES083	-2.28002	-40.1071	-37.8271
BLOCK20/SES204/SA204S25	SES206	-0.939949	-38.767	-37.8271
BLOCK20/SES204/SA204S25	SES226	-1.76155	-39.5886	-37.8271
BLOCK20/SES204/SA204S27	SES068	-2.56023	-40.4392	-37.879
BLOCK20/SES204/SA204S27	SES082	-2.23569	-40.1147	-37.879
BLOCK20/SES204/SA204S27	SES087	-1.10168	-38.9807	-37.879
BLOCK20/SES204/SA204S27	SES206	-1.02076	-38.8998	-37.879
BLOCK20/SES207/SA207S10	SES127	-1.33955	-39.5547	-38.2151
BLOCK20/SES207/SA207S10	SES183	-1.87944	-40.0946	-38.2151
BLOCK20/SES207/SA207S10	SES189	-1.62092	-39.8361	-38.2151
BLOCK20/SES207/SA207S10	SES292	-2.15128	-40.3664	-38.2151
BLOCK20/SES207/SA207S11	SES127	-2.24677	-40.2235	-37.9768
BLOCK20/SES207/SA207S11	SES183	-1.92886	-39.9056	-37.9768
BLOCK20/SES207/SA207S11	SES187	-1.44765	-39.4244	-37.9768
BLOCK20/SES207/SA207S11	SES292	-1.79768	-39.7744	-37.9768
BLOCK20/SES207/SA207S25	SES068	-1.29142	-39.361	-38.0695
BLOCK20/SES207/SA207S25	SES083	-2.23956	-40.3091	-38.0695
BLOCK20/SES207/SA207S25	SES127	-1.74707	-39.8166	-38.0695
BLOCK20/SES207/SA207S25	SES187	-0.987339	-39.0569	-38.0695
BLOCK20/SES207/SA207S27	SES127	-2.1332	-40.6841	-38.5509
BLOCK20/SES207/SA207S27	SES183	-1.18549	-39.7364	-38.5509
BLOCK20/SES207/SA207S27	SES187	-1.33564	-39.8866	-38.5509
BLOCK20/SES207/SA207S27	SES292	-2.39761	-40.9486	-38.5509
BLOCK20/SES207/SA207S29	SES083	-2.48431	-40.6313	-38.147
BLOCK20/SES207/SA207S29	SES085	-1.26915	-39.4161	-38.147
BLOCK20/SES207/SA207S29	SES172	-1.75115	-39.8981	-38.147
BLOCK20/SES207/SA207S29	SES189	-1.85007	-39.9971	-38.147
BLOCK22/SES221/SA221S12	SES068	-2.13632	-40.2104	-38.0741
BLOCK22/SES221/SA221S12	SES143	-1.88976	-39.9638	-38.0741
BLOCK22/SES221/SA221S12	SES175	-0.645733	-38.7198	-38.0741
BLOCK22/SES221/SA221S12	SES202	-0.543133	-38.6172	-38.0741
BLOCK22/SES221/SA221S15	SES085	-1.1517	-40.3605	-39.2088
BLOCK22/SES221/SA221S15	SES143	-2.93203	-42.1408	-39.2088
BLOCK22/SES221/SA221S15	SES175	-0.94413	-40.1529	-39.2088
BLOCK22/SES221/SA221S15	SES187	-1.44689	-40.6557	-39.2088
BLOCK22/SES221/SA221S23	SES068	-2.02982	-40.4167	-38.3869
BLOCK22/SES221/SA221S23	SES143	-2.53725	-40.9242	-38.3869
BLOCK22/SES221/SA221S23	SES175	-0.742153	-39.1291	-38.3869
BLOCK22/SES221/SA221S23	SES189	-0.350346	-38.7373	-38.3869
BLOCK22/SES221/SA221S27	SES085	-1.97302	-40.5031	-38.5301
BLOCK22/SES221/SA221S27	SES143	-2.07417	-40.6043	-38.5301
BLOCK22/SES221/SA221S27	SES175	-1.27781	-39.8079	-38.5301
BLOCK22/SES221/SA221S27	SES189	0.501369	-38.0287	-38.5301
BLOCK22/SES221/SA221S29	SES085	-0.765068	-40.0046	-39.2395
BLOCK22/SES221/SA221S29	SES143	-1.93458	-41.1741	-39.2395
BLOCK22/SES221/SA221S29	SES175	-0.354889	-39.5944	-39.2395
BLOCK22/SES221/SA221S29	SES187	-0.551292	-39.7908	-39.2395
BLOCK22/SES223/SA223S11	SES143	-1.42924	-40.6054	-39.1762
BLOCK22/SES223/SA223S11	SES144	-2.35742	-41.5336	-39.1762
BLOCK22/SES223/SA223S11	SES175	-1.03562	-40.2118	-39.1762
BLOCK22/SES223/SA223S11	SES187	-1.57	-40.7462	-39.1762
BLOCK22/SES223/SA223S13	SES068	-2.77225	-42.7077	-39.9354
BLOCK22/SES223/SA223S13	SES143	-2.14922	-42.0847	-39.9354
BLOCK22/SES223/SA223S13	SES146	-2.43396	-42.3694	-39.9354
BLOCK22/SES223/SA223S13	SES202	-1.95137	-41.8868	-39.9354
BLOCK22/SES223/SA223S22	SES143	-1.45465	-40.4955	-39.0408
BLOCK22/SES223/SA223S22	SES144	-2.73455	-41.7754	-39.0408
BLOCK22/SES223/SA223S22	SES175	-1.0658	-40.1066	-39.0408
BLOCK22/SES223/SA223S22	SES187	-1.43258	-40.4734	-39.0408
BLOCK22/SES223/SA223S25	SES068	-1.30005	-40.5674	-39.2674
BLOCK22/SES223/SA223S25	SES143	-1.95343	-41.2208	-39.2674
BLOCK22/SES223/SA223S25	SES175	-0.663246	-39.9306	-39.2674
BLOCK22/SES223/SA223S25	SES187	-1.49411	-40.7615	-39.2674
BLOCK22/SES223/SA223S27	SES143	-1.52819	-40.7179	-39.1897
BLOCK22/SES223/SA223S27	SES146	-1.91514	-41.1048	-39.1897
BLOCK22/SES223/SA223S27	SES187	-1.61803	-40.8077	-39.1897
BLOCK22/SES223/SA223S27	SES292	-2.53203	-41.7217	-39.1897
BLOCK27/SES273/SA273S12	SES099	-0.214806	-36.8119	-36.5971
BLOCK27/SES273/SA273S12	SES104	-0.775295	-37.3724	-36.5971
BLOCK27/SES273/SA273S12	SES125	-1.0383	-37.6354	-36.5971
BLOCK27/SES273/SA273S12	SES206	-0.488312	-37.0854	-36.5971
BLOCK27/SES273/SA273S13	SES099	-0.704826	-37.156	-36.4512
BLOCK27/SES273/SA273S13	SES104	-1.30297	-37.7541	-36.4512
BLOCK27/SES273/SA273S13	SES206	-0.595203	-37.0464	-36.4512
BLOCK27/SES273/SA273S13	SES292	-1.58297	-38.0341	-36.4512
BLOCK27/SES273/SA273S21	SES099	-0.159321	-37.0712	-36.9119
BLOCK27/SES273/SA273S21	SES148	-2.24741	-39.1593	-36.9119
BLOCK27/SES273/SA273S21	SES149	-1.28028	-38.1922	-36.9119
BLOCK27/SES273/SA273S21	SES177	-2.63309	-39.545	-36.9119
BLOCK27/SES273/SA273S25	SES104	-1.00313	-37.9308	-36.9276
BLOCK27/SES273/SA273S25	SES125	-1.42065	-38.3483	-36.9276
BLOCK27/SES273/SA273S25	SES158	-0.398293	-37.3259	-36.9276
BLOCK27/SES273/SA273S25	SES206	-0.418442	-37.3461	-36.9276
BLOCK27/SES273/SA273S27	SES099	-0.359913	-37.0927	-36.7328
BLOCK27/SES273/SA273S27	SES104	-1.16473	-37.8975	-36.7328
BLOCK27/SES273/SA273S27	SES149	-0.832382	-37.5652	-36.7328
BLOCK27/SES273/SA273S27	SES275	-1.24401	-37.9768	-36.7328
BLOCK27/SES274/SA274S10	SES105	-1.1867	-37.9008	-36.7141
BLOCK27/SES274/SA274S10	SES125	-1.60361	-38.3177	-36.7141
BLOCK27/SES274/SA274S10	SES129	-0.250732	-36.9648	-36.7141
BLOCK27/SES274/SA274S10	SES158	-2.0331	-38.7472	-36.7141
BLOCK27/SES274/SA274S11	SES105	-0.976624	-37.78	-36.8034
BLOCK27/SES274/SA274S11	SES149	-1.12754	-37.9309	-36.8034
BLOCK27/SES274/SA274S11	SES158	-0.979759	-37.7831	-36.8034
BLOCK27/SES274/SA274S11	SES275	-0.0990486	-36.9024	-36.8034
BLOCK27/SES274/SA274S21	SES105	-0.762608	-38.0367	-37.2741
BLOCK27/SES274/SA274S21	SES129	-0.10733	-37.3815	-37.2741
BLOCK27/SES274/SA274S21	SES149	-1.25231	-38.5264	-37.2741
BLOCK27/SES274/SA274S21	SES158	-2.19525	-39.4694	-37.2741
BLOCK27/SES274/SA274S24	SES105	-0.646858	-37.6938	-37.0469
BLOCK27/SES274/SA274S24	SES129	-0.889423	-37.9363	-37.0469
BLOCK27/SES274/SA274S24	SES149	-1.41518	-38.4621	-37.0469
BLOCK27/SES274/SA274S24	SES158	-2.24975	-39.2967	-37.0469
BLOCK27/SES274/SA274S29	SES105	-1.15731	-38.2474	-37.0901
BLOCK27/SES274/SA274S29	SES106	-2.21863	-39.3088	-37.0901
BLOCK27/SES274/SA274S29	SES120	-1.57747	-38.6676	-37.0901
BLOCK27/SES274/SA274S29	SES275	-0.512642	-37.6028	-37.0901
BLOCK27/SES276/SA276S16	SES148	-1.91805	-40.0623	-38.1443
BLOCK27/SES276/SA276S16	SES172	-2.01785	-40.1621	-38.1443
BLOCK27/SES276/SA276S16	SES180	-2.65491	-40.7992	-38.1443
BLOCK27/SES276/SA276S16	SES292	-1.52023	-39.6645	-38.1443
BLOCK27/SES276/SA276S17	SES101	-1.34101	-39.2059	-37.8649
BLOCK27/SES276/SA276S17	SES177	-1.55337	-39.4183	-37.8649
BLOCK27/SES276/SA276S17	SES180	-1.87902	-39.7439	-37.8649
BLOCK27/SES276/SA276S17	SES292	-1.76018	-39.6251	-37.8649
BLOCK27/SES276/SA276S24	SES101	-0.912086	-37.8792	-36.9671
BLOCK27/SES276/SA276S24	SES177	-1.64748	-38.6145	-36.9671
BLOCK27/SES276/SA276S24	SES180	-1.98203	-38.9491	-36.9671
BLOCK27/SES276/SA276S24	SES292	-2.31598	-39.283	-36.9671
BLOCK27/SES276/SA276S26	SES101	-2.16316	-39.603	-37.4399
BLOCK27/SES276/SA276S26	SES177	-1.13244	-38.5723	-37.4399
BLOCK27/SES276/SA276S26	SES180	-1.53557	-38.9754	-37.4399
BLOCK27/SES276/SA276S26	SES292	-1.25775	-38.6976	-37.4399
BLOCK27/SES276/SA276S28	SES101	-1.89821	-39.3166	-37.4184
BLOCK27/SES276/SA276S28	SES177	-1.45376	-38.8722	-37.4184
BLOCK27/SES276/SA276S28	SES180	-1.36149	-38.7799	-37.4184
BLOCK27/SES276/SA276S28	SES292	-1.89456	-39.313	-37.4184
BLOCK27/SES277/SA277S12	SES101	-1.07032	-39.5018	-38.4315
BLOCK27/SES277/SA277S12	SES177	-1.76635	-40.1979	-38.4315
BLOCK27/SES277/SA277S12	SES180	-2.4536	-40.8851	-38.4315
BLOCK27/SES277/SA277S12	SES292	-3.12577	-41.5573	-38.4315
BLOCK27/SES277/SA277S14	SES177	-1.0766	-40.1501	-39.0734
BLOCK27/SES277/SA277S14	SES180	-2.32928	-41.4027	-39.0734
BLOCK27/SES277/SA277S14	SES189	-1.11961	-40.1931	-39.0734
BLOCK27/SES277/SA277S14	SES292	-2.71235	-41.7858	-39.0734
BLOCK27/SES277/SA277S21	SES177	-0.694214	-38.5811	-37.8869
BLOCK27/SES277/SA277S21	SES180	-2.2541	-40.141	-37.8869
BLOCK27/SES277/SA277S21	SES189	-1.29336	-39.1803	-37.8869
BLOCK27/SES277/SA277S21	SES292	-2.40676	-40.2937	-37.8869
BLOCK27/SES277/SA277S24	SES144	-1.34454	-40.2552	-38.9107
BLOCK27/SES277/SA277S24	SES177	-1.1711	-40.0818	-38.9107
BLOCK27/SES277/SA277S24	SES180	-2.40922	-41.3199	-38.9107
BLOCK27/SES277/SA277S24	SES189	-1.45329	-40.364	-38.9107
BLOCK27/SES277/SA277S29	SES177	-0.916416	-37.9	-36.9836
BLOCK27/SES277/SA277S29	SES180	-1.38836	-38.372	-36.9836
BLOCK27/SES277/SA277S29	SES202	-1.42076	-38.4044	-36.9836
BLOCK27/SES277/SA277S29	SES292	-2.50233	-39.4859	-36.9836
BLOCK27/SES279/SA279S09	SES120	-1.31011	-38.8332	-37.5231
BLOCK27/SES279/SA279S09	SES146	-1.18028	-38.7033	-37.5231
BLOCK27/SES279/SA279S09	SES206	-1.10882	-38.6319	-37.5231
BLOCK27/SES279/SA279S09	SES226	-1.49817	-39.0212	-37.5231
BLOCK27/SES279/SA279S10	SES099	-0.201191	-37.654	-37.4528
BLOCK27/SES279/SA279S10	SES206	-0.861084	-38.3138	-37.4528
BLOCK27/SES279/SA279S10	SES226	-1.49088	-38.9436	-37.4528
BLOCK27/SES279/SA279S10	SES292	-0.860603	-38.3134	-37.4528
BLOCK27/SES279/SA279S20	SES099	-0.927021	-38.9156	-37.9886
BLOCK27/SES279/SA279S20	SES206	-0.365238	-38.3538	-37.9886
BLOCK27/SES279/SA279S20	SES226	-1.58809	-39.5767	-37.9886
BLOCK27/SES279/SA279S20	SES292	-0.524624	-38.5132	-37.9886
BLOCK27/SES279/SA279S26	SES099	-0.652988	-38.3575	-37.7045
BLOCK27/SES279/SA279S26	SES206	-0.520939	-38.2254	-37.7045
BLOCK27/SES279/SA279S26	SES226	-1.16887	-38.8734	-37.7045
BLOCK27/SES279/SA279S26	SES292	-1.11745	-38.8219	-37.7045
BLOCK27/SES279/SA279S28	SES099	-0.826794	-37.1627	-36.3359
BLOCK27/SES279/SA279S28	SES120	-1.25201	-37.5879	-36.3359
BLOCK27/SES279/SA279S28	SES177	-2.25102	-38.5869	-36.3359
BLOCK27/SES279/SA279S28	SES206	-0.641045	-36.9769	-36.3359
BLOCK29/SES290/SA290S12	SES162	-1.56195	-38.955	-37.393
BLOCK29/SES290/SA290S12	SES177	-1.24008	-38.6331	-37.393
BLOCK29/SES290/SA290S12	SES180	-1.97953	-39.3726	-37.393
BLOCK29/SES290/SA290S12	SES292	-3.14656	-40.5396	-37.393
BLOCK29/SES290/SA290S13	SES007	-3.55553	-42.0552	-38.4997
BLOCK29/SES290/SA290S13	SES162	-2.51488	-41.0146	-38.4997
BLOCK29/SES290/SA290S13	SES177	-1.01402	-39.5137	-38.4997
BLOCK29/SES290/SA290S13	SES180	-1.51803	-40.0177	-38.4997
BLOCK29/SES290/SA290S22	SES177	-0.904423	-38.5827	-37.6783
BLOCK29/SES290/SA290S22	SES180	-1.14177	-38.8201	-37.6783
BLOCK29/SES290/SA290S22	SES202	-1.00922	-38.6875	-37.6783
BLOCK29/SES290/SA290S22	SES292	-2.90543	-40.5837	-37.6783
BLOCK29/SES290/SA290S25	SES162	-1.4161	-38.609	-37.1929
BLOCK29/SES290/SA290S25	SES177	-0.94717	-38.1401	-37.1929
BLOCK29/SES290/SA290S25	SES180	-1.29733	-38.4902	-37.1929
BLOCK29/SES290/SA290S25	SES292	-2.43133	-39.6242	-37.1929
BLOCK29/SES290/SA290S29	SES177	-0.0822258	-37.3703	-37.2881
BLOCK29/SES290/SA290S29	SES180	-0.771732	-38.0598	-37.2881
BLOCK29/SES290/SA290S29	SES275	-2.42075	-39.7088	-37.2881
BLOCK29/SES290/SA290S29	SES292	-2.01643	-39.3045	-37.2881
BLOCK29/SES291/SA291S11	SES105	-2.48622	-40.5667	-38.0804
BLOCK29/SES291/SA291S11	SES125	-1.48485	-39.5653	-38.0804
BLOCK29/SES291/SA291S11	SES158	-0.938557	-39.019	-38.0804
BLOCK29/SES291/SA291S11	SES275	-2.22157	-40.302	-38.0804
BLOCK29/SES291/SA291S12	SES158	-0.147495	-37.7094	-37.5619
BLOCK29/SES291/SA291S12	SES226	-1.1272	-38.6891	-37.5619
BLOCK29/SES291/SA291S12	SES270	-0.261616	-37.8235	-37.5619
BLOCK29/SES291/SA291S12	SES275	-2.95173	-40.5136	-37.5619
BLOCK29/SES291/SA291S22	SES082	-0.862244	-38.4397	-37.5774
BLOCK29/SES291/SA291S22	SES158	-0.669178	-38.2466	-37.5774
BLOCK29/SES291/SA291S22	SES259	-1.24164	-38.8191	-37.5774
BLOCK29/SES291/SA291S22	SES275	-2.27809	-39.8555	-37.5774
BLOCK29/SES291/SA291S24	SES104	-0.310654	-36.8069	-36.4963
BLOCK29/SES291/SA291S24	SES125	-0.438343	-36.9346	-36.4963
BLOCK29/SES291/SA291S24	SES158	-0.592655	-37.0889	-36.4963
BLOCK29/SES291/SA291S24	SES275	-2.20654	-38.7028	-36.4963
BLOCK29/SES291/SA291S27	SES158	-0.103977	-37.1486	-37.0446
BLOCK29/SES291/SA291S27	SES172	-3.28241	-40.327	-37.0446
BLOCK29/SES291/SA291S27	SES275	-2.47876	-39.5234	-37.0446
BLOCK29/SES291/SA291S27	SES292	-1.31856	-38.3632	-37.0446
