BLOCK00/SES002/SA002S12	SES002	0.742851	-72.9467	-73.6895
BLOCK00/SES002/SA002S13	SES002	0.299583	-76.7807	-77.0803
BLOCK00/SES002/SA002S23	SES002	0.433159	-74.3226	-74.7558
BLOCK00/SES002/SA002S26	SES002	0.201912	-74.6279	-74.8298
BLOCK00/SES002/SA002S28	SES002	0.206406	-74.4577	-74.6641
BLOCK00/SES007/SA007S14	SES007	0.802025	-72.6046	-73.4066
BLOCK00/SES007/SA007S15	SES007	0.757088	-75.6868	-76.4439
BLOCK00/SES007/SA007S24	SES007	0.960045	-73.0551	-74.0152
BLOCK00/SES007/SA007S27	SES007	-0.132072	-80.3791	-80.247
BLOCK00/SES007/SA007S29	SES007	-0.475777	-77.3783	-76.9025
BLOCK00/SES008/SA008S11	SES008	0.965714	-80.5782	-81.544
BLOCK00/SES008/SA008S12	SES008	1.35018	-79.7894	-81.1396
BLOCK00/SES008/SA008S19	SES008	0.128784	-83.0919	-83.2207
BLOCK00/SES008/SA008S22	SES008	0.476654	-80.2	-80.6766
BLOCK00/SES008/SA008S29	SES008	0.741463	-80.8061	-81.5475
BLOCK01/SES014/SA014S10	SES014	1.3344	-79.9927	-81.3271
BLOCK01/SES014/SA014S12	SES014	1.26598	-76.1023	-77.3683
BLOCK01/SES014/SA014S24	SES014	0.0659103	-76.085	-76.1509
BLOCK01/SES014/SA014S26	SES014	1.0747	-74.2118	-75.2865
BLOCK01/SES014/SA014S28	SES014	1.3768	-80.073	-81.4498
BLOCK01/SES016/SA016S12	SES016	-0.572517	-84.3954	-83.8229
BLOCK01/SES016/SA016S13	SES016	1.32189	-75.253	-76.5749
BLOCK01/SES016/SA016S22	SES016	0.764473	-75.6483	-76.4127
BLOCK01/SES016/SA016S25	SES016	0.469337	-72.7936	-73.2629
BLOCK01/SES016/SA016S27	SES016	1.89426	-73.751	-75.6453
BLOCK01/SES019/SA019S13	SES019	0.909973	-74.8273	-75.7373
BLOCK01/SES019/SA019S14	SES019	-0.172615	-80.6337	-80.4611
BLOCK01/SES019/SA019S22	SES019	1.27863	-74.902	-76.1806
BLOCK01/SES019/SA019S25	SES019	1.97106	-77.3087	-79.2798
BLOCK01/SES019/SA019S29	SES019	0.485947	-78.8056	-79.2916
BLOCK02/SES029/SA029S11	SES029	-0.798698	-78.7896	-77.9909
BLOCK02/SES029/SA029S12	SES029	-0.932823	-73.7438	-72.8109
BLOCK02/SES029/SA029S20	SES029	-0.578156	-80.4237	-79.8456
BLOCK02/SES029/SA029S25	SES029	0.528831	-76.405	-76.9338
BLOCK02/SES029/SA029S28	SES029	-0.48632	-79.4187	-78.9324
BLOCK04/SES042/SA042S12	SES042	0.584549	-76.3095	-76.894
BLOCK04/SES042/SA042S15	SES042	0.57534	-71.119	-71.6944
BLOCK04/SES042/SA042S22	SES042	1.93365	-69.4524	-71.3861
BLOCK04/SES042/SA042S25	SES042	0.674965	-75.4881	-76.1631
BLOCK04/SES042/SA042S27	SES042	0.888878	-70.9267	-71.8156
BLOCK04/SES048/SA048S11	SES048	0.255142	-72.5367	-72.7918
BLOCK04/SES048/SA048S12	SES048	0.926643	-73.9197	-74.8464
BLOCK04/SES048/SA048S20	SES048	0.814651	-74.5336	-75.3483
BLOCK04/SES048/SA048S23	SES048	0.262093	-78.5331	-78.7952
BLOCK04/SES048/SA048S27	SES048	-0.347961	-74.7831	-74.4352
BLOCK06/SES060/SA060S11	SES060	0.919716	-71.9497	-72.8694
BLOCK06/SES060/SA060S12	SES060	-0.573524	-75.9581	-75.3846
BLOCK06/SES060/SA060S22	SES060	-0.427612	-78.3452	-77.9176
BLOCK06/SES060/SA060S24	SES060	0.619225	-74.9091	-75.5283
BLOCK06/SES060/SA060S28	SES060	1.0639	-73.1633	-74.2272
BLOCK06/SES062/SA062S10	SES062	0.336479	-74.2931	-74.6295
BLOCK06/SES062/SA062S11	SES062	0.0159073	-79.7089	-79.7248
BLOCK06/SES062/SA062S21	SES062	0.398018	-71.2818	-71.6798
BLOCK06/SES062/SA062S26	SES062	-0.313225	-77.5894	-77.2761
BLOCK06/SES062/SA062S29	SES062	0.207718	-74.8114	-75.0191
BLOCK06/SES068/SA068S14	SES068	-0.258255	-78.1896	-77.9314
BLOCK06/SES068/SA068S15	SES068	0.383629	-77.727	-78.1106
BLOCK06/SES068/SA068S23	SES068	-0.300652	-79.3261	-79.0254
BLOCK06/SES068/SA068S27	SES068	0.635269	-75.4207	-76.0559
BLOCK06/SES068/SA068S29	SES068	-0.231529	-79.1978	-78.9663
BLOCK08/SES082/SA082S12	SES082	-2.11359	-79.1516	-77.038
BLOCK08/SES082/SA082S14	SES082	0.113739	-81.4181	-81.5319
BLOCK08/SES082/SA082S21	SES082	-1.22715	-79.8992	-78.672
BLOCK08/SES082/SA082S24	SES082	-0.64373	-77.1843	-76.5406
BLOCK08/SES082/SA082S28	SES082	-0.389305	-77.371	-76.9817
BLOCK08/SES083/SA083S14	SES083	-0.69059	-78.4783	-77.7877
BLOCK08/SES083/SA083S15	SES083	0.0248871	-72.9879	-73.0128
BLOCK08/SES083/SA083S24	SES083	0.224388	-75.3698	-75.5942
BLOCK08/SES083/SA083S26	SES083	0.497765	-73.7033	-74.201
BLOCK08/SES083/SA083S29	SES083	-0.346512	-75.6395	-75.293
BLOCK08/SES085/SA085S10	SES085	-nan	-nan	-76.7841
BLOCK08/SES085/SA085S13	SES085	-nan	-nan	-78.2354
BLOCK08/SES085/SA085S22	SES085	-nan	-nan	-79.8478
BLOCK08/SES085/SA085S26	SES085	-nan	-nan	-75.2911
BLOCK08/SES085/SA085S28	SES085	-nan	-nan	-76.471
BLOCK08/SES087/SA087S15	SES087	0.239861	-80.4855	-80.7253
BLOCK08/SES087/SA087S16	SES087	0.909668	-84.0233	-84.933
BLOCK08/SES087/SA087S24	SES087	0.042038	-73.2972	-73.3392
BLOCK08/SES087/SA087S26	SES087	-1.05329	-76.2386	-75.1853
BLOCK08/SES087/SA087S29	SES087	0.45034	-81.8346	-82.2849
BLOCK09/SES099/SA099S15	SES099	0.34523	-75.297	-75.6423
BLOCK09/SES099/SA099S16	SES099	-0.0316544	-79.5872	-79.5556
BLOCK09/SES099/SA099S24	SES099	-0.234772	-80.2001	-79.9653
BLOCK09/SES099/SA099S26	SES099	-0.424904	-75.7807	-75.3558
BLOCK09/SES099/SA099S29	SES099	0.236832	-77.5893	-77.8262
BLOCK10/SES101/SA101S11	SES101	-0.539032	-73.4784	-72.9394
BLOCK10/SES101/SA101S13	SES101	0.656723	-72.2593	-72.916
BLOCK10/SES101/SA101S22	SES101	-0.575745	-79.2394	-78.6636
BLOCK10/SES101/SA101S24	SES101	-0.148628	-73.7828	-73.6342
BLOCK10/SES101/SA101S28	SES101	-0.495583	-75.7227	-75.2271
BLOCK10/SES104/SA104S11	SES104	0.482552	-73.0893	-73.5718
BLOCK10/SES104/SA104S12	SES104	0.162788	-79.6698	-79.8326
BLOCK10/SES104/SA104S21	SES104	-3.36595	-84.5069	-81.141
BLOCK10/SES104/SA104S24	SES104	-0.178444	-74.5743	-74.3959
BLOCK10/SES104/SA104S28	SES104	-0.153114	-79.3551	-79.2019
BLOCK10/SES105/SA105S12	SES105	1.03575	-72.8306	-73.8663
BLOCK10/SES105/SA105S13	SES105	0.753197	-73.3277	-74.0808
BLOCK10/SES105/SA105S22	SES105	0.171654	-76.4072	-76.5789
BLOCK10/SES105/SA105S26	SES105	0.0736465	-76.4048	-76.4785
BLOCK10/SES105/SA105S29	SES105	0.980301	-72.4992	-73.4795
BLOCK10/SES106/SA106S09	SES106	1.59525	-73.5319	-75.1271
BLOCK10/SES106/SA106S11	SES106	0.593956	-73.133	-73.727
BLOCK10/SES106/SA106S22	SES106	1.18741	-73.3439	-74.5313
BLOCK10/SES106/SA106S27	SES106	0.640099	-72.5274	-73.1674
BLOCK10/SES106/SA106S29	SES106	0.866615	-71.8519	-72.7185
BLOCK11/SES117/SA117S12	SES117	-0.937447	-78.5301	-77.5927
BLOCK11/SES117/SA117S13	SES117	-1.16418	-81.4136	-80.2494
BLOCK11/SES117/SA117S23	SES117	2.02849	-80.1999	-82.2284
BLOCK11/SES117/SA117S25	SES117	-0.68161	-77.6532	-76.9716
BLOCK11/SES117/SA117S28	SES117	0.231102	-79.2165	-79.4476
BLOCK12/SES120/SA120S08	SES120	-0.418518	-73.8584	-73.4399
BLOCK12/SES120/SA120S11	SES120	-0.022171	-75.4625	-75.4403
BLOCK12/SES120/SA120S22	SES120	0.194313	-76.0711	-76.2654
BLOCK12/SES120/SA120S24	SES120	1.1665	-75.4861	-76.6526
BLOCK12/SES120/SA120S28	SES120	0.512138	-80.3733	-80.8855
BLOCK12/SES125/SA125S13	SES125	0.777092	-72.9363	-73.7134
BLOCK12/SES125/SA125S14	SES125	0.59745	-72.2122	-72.8097
BLOCK12/SES125/SA125S25	SES125	1.51998	-77.0939	-78.6139
BLOCK12/SES125/SA125S27	SES125	0.559258	-73.3654	-73.9247
BLOCK12/SES125/SA125S29	SES125	1.01184	-77.1196	-78.1315
BLOCK12/SES127/SA127S11	SES127	-0.461151	-81.1891	-80.7279
BLOCK12/SES127/SA127S12	SES127	0.0131302	-75.7166	-75.7297
BLOCK12/SES127/SA127S23	SES127	-0.461731	-75.5719	-75.1101
BLOCK12/SES127/SA127S25	SES127	-1.17623	-77.4291	-76.2529
BLOCK12/SES127/SA127S27	SES127	-0.246193	-75.2627	-75.0165
BLOCK12/SES129/SA129S11	SES129	0.378723	-74.435	-74.8137
BLOCK12/SES129/SA129S12	SES129	0.67868	-73.4395	-74.1181
BLOCK12/SES129/SA129S22	SES129	0.273468	-78.2687	-78.5422
BLOCK12/SES129/SA129S27	SES129	1.47411	-77.7725	-79.2466
BLOCK12/SES129/SA129S29	SES129	-0.242661	-73.6587	-73.416
BLOCK14/SES142/SA142S11	SES142	3.09695	-75.7214	-78.8183
BLOCK14/SES142/SA142S12	SES142	0.981941	-78.1605	-79.1424
BLOCK14/SES142/SA142S24	SES142	2.63845	-74.7695	-77.408
BLOCK14/SES142/SA142S27	SES142	1.20517	-77.7197	-78.9248
BLOCK14/SES142/SA142S29	SES142	1.92822	-73.6733	-75.6015
BLOCK14/SES143/SA143S12	SES143	-0.223717	-77.6675	-77.4438
BLOCK14/SES143/SA143S13	SES143	0.340279	-78.6815	-79.0218
BLOCK14/SES143/SA143S23	SES143	0.214569	-78.3301	-78.5446
BLOCK14/SES143/SA143S25	SES143	-0.685692	-77.1559	-76.4702
BLOCK14/SES143/SA143S28	SES143	0.51004	-74.1371	-74.6471
BLOCK14/SES144/SA144S09	SES144	-0.149696	-78.0872	-77.9375
BLOCK14/SES144/SA144S11	SES144	0.635376	-78.0259	-78.6613
BLOCK14/SES144/SA144S21	SES144	0.331192	-80.0176	-80.3488
BLOCK14/SES144/SA144S25	SES144	0.310104	-77.8269	-78.137
BLOCK14/SES144/SA144S29	SES144	-0.773491	-79.3064	-78.5329
BLOCK14/SES146/SA146S14	SES146	0.676064	-77.8012	-78.4773
BLOCK14/SES146/SA146S15	SES146	-0.271957	-81.5161	-81.2442
BLOCK14/SES146/SA146S24	SES146	0.234077	-72.8016	-73.0357
BLOCK14/SES146/SA146S26	SES146	0.313484	-71.8822	-72.1957
BLOCK14/SES146/SA146S29	SES146	1.05975	-74.3927	-75.4525
BLOCK14/SES147/SA147S11	SES147	-0.431854	-74.5292	-74.0974
BLOCK14/SES147/SA147S13	SES147	-0.144745	-76.625	-76.4803
BLOCK14/SES147/SA147S23	SES147	-0.196228	-76.7965	-76.6003
BLOCK14/SES147/SA147S26	SES147	-0.347015	-76.6187	-76.2716
BLOCK14/SES147/SA147S28	SES147	-0.278931	-77.7729	-77.494
BLOCK14/SES148/SA148S10	SES148	2.60488	-79.6766	-82.2815
BLOCK14/SES148/SA148S12	SES148	-0.416199	-80.4105	-79.9943
BLOCK14/SES148/SA148S22	SES148	0.837204	-80.1302	-80.9674
BLOCK14/SES148/SA148S26	SES148	-2.99327	-78.0004	-75.0071
BLOCK14/SES148/SA148S29	SES148	-0.680206	-79.8627	-79.1825
BLOCK14/SES149/SA149S13	SES149	-1.86884	-72.7927	-70.9238
BLOCK14/SES149/SA149S14	SES149	0.0789719	-80.3275	-80.4065
BLOCK14/SES149/SA149S24	SES149	0.944115	-79.2773	-80.2215
BLOCK14/SES149/SA149S26	SES149	0.61821	-73.627	-74.2452
BLOCK14/SES149/SA149S28	SES149	0.0229187	-77.9493	-77.9723
BLOCK15/SES158/SA158S13	SES158	2.49712	-68.6235	-71.1206
BLOCK15/SES158/SA158S14	SES158	0.737854	-75.5883	-76.3262
BLOCK15/SES158/SA158S23	SES158	1.57796	-69.8666	-71.4446
BLOCK15/SES158/SA158S26	SES158	1.05813	-71.8576	-72.9157
BLOCK15/SES158/SA158S28	SES158	1.35921	-74.9208	-76.28
BLOCK16/SES162/SA162S10	SES162	-0.273544	-76.0422	-75.7687
BLOCK16/SES162/SA162S11	SES162	0.146324	-73.8145	-73.9608
BLOCK16/SES162/SA162S21	SES162	1.20341	-75.8221	-77.0255
BLOCK16/SES162/SA162S24	SES162	0.432297	-76.8205	-77.2528
BLOCK16/SES162/SA162S27	SES162	0.743111	-75.2111	-75.9542
BLOCK16/SES167/SA167S14	SES167	2.17197	-79.9173	-82.0892
BLOCK16/SES167/SA167S15	SES167	1.42155	-80.1275	-81.5491
BLOCK16/SES167/SA167S21	SES167	2.24179	-82.6158	-84.8576
BLOCK16/SES167/SA167S25	SES167	2.70914	-82.2902	-84.9993
BLOCK16/SES167/SA167S29	SES167	0.8377	-81.9972	-82.8349
BLOCK17/SES172/SA172S12	SES172	1.09785	-75.849	-76.9468
BLOCK17/SES172/SA172S13	SES172	0.115791	-79.0135	-79.1292
BLOCK17/SES172/SA172S23	SES172	0.463737	-76.0304	-76.4942
BLOCK17/SES172/SA172S27	SES172	-0.554398	-81.8616	-81.3072
BLOCK17/SES172/SA172S29	SES172	0.101585	-81.6216	-81.7232
BLOCK17/SES175/SA175S11	SES175	-0.361778	-76.6996	-76.3378
BLOCK17/SES175/SA175S13	SES175	0.686172	-72.7933	-73.4794
BLOCK17/SES175/SA175S23	SES175	0.368332	-78.3258	-78.6941
BLOCK17/SES175/SA175S25	SES175	-0.0208588	-77.9653	-77.9444
BLOCK17/SES175/SA175S28	SES175	-0.388786	-77.5094	-77.1206
BLOCK17/SES177/SA177S15	SES177	0.236031	-76.2441	-76.4801
BLOCK17/SES177/SA177S17	SES177	0.249565	-77.1708	-77.4204
BLOCK17/SES177/SA177S23	SES177	0.000854492	-77.816	-77.8169
BLOCK17/SES177/SA177S26	SES177	0.792625	-70.4896	-71.2823
BLOCK17/SES177/SA177S28	SES177	-0.638184	-73.6672	-73.029
BLOCK18/SES180/SA180S13	SES180	0.28257	-77.1636	-77.4461
BLOCK18/SES180/SA180S15	SES180	0.00720978	-79.6021	-79.6093
BLOCK18/SES180/SA180S24	SES180	-0.0354691	-72.6501	-72.6146
BLOCK18/SES180/SA180S26	SES180	-0.0510559	-74.3034	-74.2523
BLOCK18/SES180/SA180S29	SES180	-2.29775	-79.9444	-77.6467
BLOCK18/SES183/SA183S13	SES183	1.01357	-77.6615	-78.675
BLOCK18/SES183/SA183S14	SES183	-0.569908	-72.6046	-72.0347
BLOCK18/SES183/SA183S24	SES183	0.470993	-77.0826	-77.5536
BLOCK18/SES183/SA183S27	SES183	0.828667	-80.7914	-81.6201
BLOCK18/SES183/SA183S29	SES183	1.72527	-76.1149	-77.8401
BLOCK18/SES187/SA187S13	SES187	-0.337349	-80.0236	-79.6862
BLOCK18/SES187/SA187S14	SES187	-0.257637	-76.9738	-76.7161
BLOCK18/SES187/SA187S24	SES187	0.108719	-83.3477	-83.4565
BLOCK18/SES187/SA187S27	SES187	0.099472	-83.402	-83.5014
BLOCK18/SES187/SA187S29	SES187	0.629494	-77.225	-77.8545
BLOCK18/SES189/SA189S10	SES189	2.9818	-73.7767	-76.7585
BLOCK18/SES189/SA189S13	SES189	2.82865	-75.9231	-78.7518
BLOCK18/SES189/SA189S24	SES189	3.90882	-72.1914	-76.1002
BLOCK18/SES189/SA189S26	SES189	1.92575	-74.8745	-76.8003
BLOCK18/SES189/SA189S29	SES189	3.29099	-74.6581	-77.9491
BLOCK20/SES202/SA202S12	SES202	0.235306	-78.9298	-79.1651
BLOCK20/SES202/SA202S14	SES202	0.752914	-76.4184	-77.1713
BLOCK20/SES202/SA202S24	SES202	-0.0391312	-79.7766	-79.7375
BLOCK20/SES202/SA202S27	SES202	0.246513	-78.1086	-78.3551
BLOCK20/SES202/SA202S29	SES202	-0.333313	-76.8683	-76.535
BLOCK20/SES206/SA206S15	SES206	-0.181747	-73.7925	-73.6108
BLOCK20/SES206/SA206S17	SES206	0.34539	-74.2291	-74.5745
BLOCK20/SES206/SA206S24	SES206	2.11951	-71.4105	-73.5301
BLOCK20/SES206/SA206S27	SES206	0.747498	-74.8238	-75.5713
BLOCK20/SES206/SA206S29	SES206	0.726257	-70.205	-70.9313
BLOCK22/SES226/SA226S12	SES226	-0.375031	-76.1742	-75.7992
BLOCK22/SES226/SA226S13	SES226	-0.877068	-73.2656	-72.3885
BLOCK22/SES226/SA226S20	SES226	-0.620613	-77.4291	-76.8085
BLOCK22/SES226/SA226S23	SES226	0.361092	-76.4757	-76.8368
BLOCK22/SES226/SA226S28	SES226	0.266129	-79.071	-79.3371
BLOCK25/SES259/SA259S13	SES259	2.81268	-68.4086	-71.2213
BLOCK25/SES259/SA259S14	SES259	1.02657	-72.0423	-73.0688
BLOCK25/SES259/SA259S22	SES259	0.5989	-70.6163	-71.2152
BLOCK25/SES259/SA259S24	SES259	2.02425	-69.6055	-71.6298
BLOCK25/SES259/SA259S28	SES259	1.90857	-71.353	-73.2615
BLOCK27/SES270/SA270S14	SES270	0.612152	-76.8802	-77.4923
BLOCK27/SES270/SA270S16	SES270	0.778152	-75.2938	-76.0719
BLOCK27/SES270/SA270S22	SES270	-0.0508728	-76.3217	-76.2708
BLOCK27/SES270/SA270S26	SES270	1.26396	-78.3229	-79.5869
BLOCK27/SES270/SA270S28	SES270	0.239395	-79.5181	-79.7575
BLOCK27/SES275/SA275S17	SES275	0.237305	-78.1172	-78.3546
BLOCK27/SES275/SA275S18	SES275	-1.26981	-75.9986	-74.7288
BLOCK27/SES275/SA275S24	SES275	0.0927811	-78.3258	-78.4186
BLOCK27/SES275/SA275S26	SES275	-0.0600967	-76.9727	-76.9126
BLOCK27/SES275/SA275S28	SES275	-0.0276566	-75.7257	-75.698
BLOCK29/SES292/SA292S10	SES292	0.0998001	-76.3469	-76.4467
BLOCK29/SES292/SA292S12	SES292	-0.414284	-81.817	-81.4028
BLOCK29/SES292/SA292S22	SES292	-1.6584	-76.8301	-75.1717
BLOCK29/SES292/SA292S24	SES292	-0.724449	-80.8513	-80.1268
BLOCK29/SES292/SA292S27	SES292	-0.814316	-78.1642	-77.3499
BLOCK00/SES001/SA001S14	SES062	-1.0842	-77.4305	-76.3463
BLOCK00/SES001/SA001S14	SES082	-0.186752	-76.533	-76.3463
BLOCK00/SES001/SA001S14	SES106	-0.556419	-76.9027	-76.3463
BLOCK00/SES001/SA001S14	SES206	-0.947075	-77.2934	-76.3463
BLOCK00/SES001/SA001S15	SES062	-0.657059	-75.7711	-75.114
BLOCK00/SES001/SA001S15	SES104	-0.0275345	-75.1415	-75.114
BLOCK00/SES001/SA001S15	SES106	-0.695168	-75.8092	-75.114
BLOCK00/SES001/SA001S15	SES206	-1.0744	-76.1884	-75.114
BLOCK00/SES001/SA001S24	SES062	-2.31942	-72.1525	-69.8331
BLOCK00/SES001/SA001S24	SES082	-2.97121	-72.8043	-69.8331
BLOCK00/SES001/SA001S24	SES087	-1.62331	-71.4564	-69.8331
BLOCK00/SES001/SA001S24	SES206	-1.39901	-71.2321	-69.8331
BLOCK00/SES001/SA001S27	SES062	-2.24493	-76.3772	-74.1322
BLOCK00/SES001/SA001S27	SES082	-3.52174	-77.654	-74.1322
BLOCK00/SES001/SA001S27	SES087	-2.62812	-76.7604	-74.1322
BLOCK00/SES001/SA001S27	SES206	-1.56994	-75.7022	-74.1322
BLOCK00/SES001/SA001S29	SES062	-1.81705	-78.5103	-76.6932
BLOCK00/SES001/SA001S29	SES082	-0.956093	-77.6493	-76.6932
BLOCK00/SES001/SA001S29	SES158	-0.530479	-77.2237	-76.6932
BLOCK00/SES001/SA001S29	SES206	-1.53026	-78.2235	-76.6932
BLOCK00/SES003/SA003S11	SES002	-1.18552	-81.5712	-80.3857
BLOCK00/SES003/SA003S11	SES019	-1.47237	-81.8581	-80.3857
BLOCK00/SES003/SA003S11	SES082	0.20575	-80.18	-80.3857
BLOCK00/SES003/SA003S11	SES125	0.215553	-80.1702	-80.3857
BLOCK00/SES003/SA003S15	SES016	-1.07608	-74.7582	-73.6821
BLOCK00/SES003/SA003S15	SES019	-0.959511	-74.6416	-73.6821
BLOCK00/SES003/SA003S15	SES062	-0.945625	-74.6277	-73.6821
BLOCK00/SES003/SA003S15	SES206	-0.472038	-74.1542	-73.6821
BLOCK00/SES003/SA003S22	SES002	-0.413361	-74.1995	-73.7861
BLOCK00/SES003/SA003S22	SES062	-0.258034	-74.0442	-73.7861
BLOCK00/SES003/SA003S22	SES082	-1.19844	-74.9846	-73.7861
BLOCK00/SES003/SA003S22	SES087	-1.60347	-75.3896	-73.7861
BLOCK00/SES003/SA003S25	SES062	-1.97758	-87.1984	-85.2208
BLOCK00/SES003/SA003S25	SES082	-1.84831	-87.0691	-85.2208
BLOCK00/SES003/SA003S25	SES087	-0.669479	-85.8903	-85.2208
BLOCK00/SES003/SA003S25	SES206	-2.27309	-87.4939	-85.2208
BLOCK00/SES003/SA003S29	SES002	-0.828819	-82.1216	-81.2927
BLOCK00/SES003/SA003S29	SES062	-0.670395	-81.9631	-81.2927
BLOCK00/SES003/SA003S29	SES082	-0.777878	-82.0706	-81.2927
BLOCK00/SES003/SA003S29	SES087	-1.75237	-83.0451	-81.2927
BLOCK00/SES004/SA004S12	SES083	-0.888367	-78.7057	-77.8174
BLOCK00/SES004/SA004S12	SES148	-3.12823	-80.9456	-77.8174
BLOCK00/SES004/SA004S12	SES172	-0.915398	-78.7327	-77.8174
BLOCK00/SES004/SA004S12	SES292	-1.30064	-79.118	-77.8174
BLOCK00/SES004/SA004S17	SES083	-0.545448	-78.2655	-77.7201
BLOCK00/SES004/SA004S17	SES162	0.312073	-77.408	-77.7201
BLOCK00/SES004/SA004S17	SES172	-1.12269	-78.8428	-77.7201
BLOCK00/SES004/SA004S17	SES292	-0.876488	-78.5966	-77.7201
BLOCK00/SES004/SA004S24	SES083	-1.68577	-77.4069	-75.7212
BLOCK00/SES004/SA004S24	SES148	-3.53535	-79.2565	-75.7212
BLOCK00/SES004/SA004S24	SES172	-1.43661	-77.1578	-75.7212
BLOCK00/SES004/SA004S24	SES292	-1.93545	-77.6566	-75.7212
BLOCK00/SES004/SA004S26	SES083	-0.303917	-76.1542	-75.8503
BLOCK00/SES004/SA004S26	SES127	-2.08041	-77.9307	-75.8503
BLOCK00/SES004/SA004S26	SES148	-3.63113	-79.4814	-75.8503
BLOCK00/SES004/SA004S26	SES292	-2.01534	-77.8657	-75.8503
BLOCK00/SES004/SA004S28	SES083	-1.03033	-79.9976	-78.9673
BLOCK00/SES004/SA004S28	SES127	-0.970871	-79.9382	-78.9673
BLOCK00/SES004/SA004S28	SES187	-0.532715	-79.5	-78.9673
BLOCK00/SES004/SA004S28	SES292	-1.42677	-80.3941	-78.9673
BLOCK00/SES006/SA006S10	SES014	-2.87832	-80.1717	-77.2934
BLOCK00/SES006/SA006S10	SES158	-1.2286	-78.522	-77.2934
BLOCK00/SES006/SA006S10	SES226	-1.23654	-78.5299	-77.2934
BLOCK00/SES006/SA006S10	SES270	-0.172325	-77.4657	-77.2934
BLOCK00/SES006/SA006S11	SES158	-2.05595	-82.0561	-80.0002
BLOCK00/SES006/SA006S11	SES226	-1.4149	-81.4151	-80.0002
BLOCK00/SES006/SA006S11	SES270	-1.14932	-81.1495	-80.0002
BLOCK00/SES006/SA006S11	SES275	-1.63928	-81.6395	-80.0002
BLOCK00/SES006/SA006S23	SES062	-1.19545	-84.4073	-83.2119
BLOCK00/SES006/SA006S23	SES105	-1.77961	-84.9915	-83.2119
BLOCK00/SES006/SA006S23	SES158	-3.19669	-86.4086	-83.2119
BLOCK00/SES006/SA006S23	SES275	-0.89415	-84.106	-83.2119
BLOCK00/SES006/SA006S26	SES104	-0.990738	-81.9594	-80.9686
BLOCK00/SES006/SA006S26	SES158	-2.57057	-83.5392	-80.9686
BLOCK00/SES006/SA006S26	SES270	-1.17075	-82.1394	-80.9686
BLOCK00/SES006/SA006S26	SES275	-2.02134	-82.99	-80.9686
BLOCK00/SES006/SA006S28	SES007	-1.20415	-78.3606	-77.1565
BLOCK00/SES006/SA006S28	SES105	-1.00243	-78.1589	-77.1565
BLOCK00/SES006/SA006S28	SES158	-0.390038	-77.5465	-77.1565
BLOCK00/SES006/SA006S28	SES275	-1.50088	-78.6573	-77.1565
BLOCK00/SES009/SA009S12	SES083	-0.886925	-78.0958	-77.2089
BLOCK00/SES009/SA009S12	SES148	-2.47441	-79.6833	-77.2089
BLOCK00/SES009/SA009S12	SES177	-0.649712	-77.8586	-77.2089
BLOCK00/SES009/SA009S12	SES292	-1.27757	-78.4865	-77.2089
BLOCK00/SES009/SA009S15	SES007	0.182037	-75.5322	-75.7142
BLOCK00/SES009/SA009S15	SES099	-0.523529	-76.2377	-75.7142
BLOCK00/SES009/SA009S15	SES148	-2.34254	-78.0567	-75.7142
BLOCK00/SES009/SA009S15	SES172	-0.545319	-76.2595	-75.7142
BLOCK00/SES009/SA009S24	SES146	-1.21533	-79.4481	-78.2327
BLOCK00/SES009/SA009S24	SES148	-2.32323	-80.5559	-78.2327
BLOCK00/SES009/SA009S24	SES177	-0.0466156	-78.2793	-78.2327
BLOCK00/SES009/SA009S24	SES292	-1.12296	-79.3557	-78.2327
BLOCK00/SES009/SA009S26	SES083	-1.39138	-78.8093	-77.4179
BLOCK00/SES009/SA009S26	SES101	-0.642242	-78.0602	-77.4179
BLOCK00/SES009/SA009S26	SES120	-0.809547	-78.2275	-77.4179
BLOCK00/SES009/SA009S26	SES177	-0.844139	-78.2621	-77.4179
BLOCK00/SES009/SA009S29	SES083	-2.12727	-80.4077	-78.2805
BLOCK00/SES009/SA009S29	SES101	-1.3756	-79.6561	-78.2805
BLOCK00/SES009/SA009S29	SES177	-1.50819	-79.7886	-78.2805
BLOCK00/SES009/SA009S29	SES292	-1.26718	-79.5476	-78.2805
BLOCK01/SES011/SA011S10	SES019	-0.487015	-76.8273	-76.3403
BLOCK01/SES011/SA011S10	SES042	0.985977	-75.3543	-76.3403
BLOCK01/SES011/SA011S10	SES082	0.508438	-75.8318	-76.3403
BLOCK01/SES011/SA011S10	SES206	-0.56768	-76.908	-76.3403
BLOCK01/SES011/SA011S11	SES019	-0.244049	-76.398	-76.154
BLOCK01/SES011/SA011S11	SES042	0.363853	-75.7901	-76.154
BLOCK01/SES011/SA011S11	SES082	-1.29597	-77.45	-76.154
BLOCK01/SES011/SA011S11	SES206	-0.699379	-76.8534	-76.154
BLOCK01/SES011/SA011S22	SES019	-1.17902	-78.7369	-77.5579
BLOCK01/SES011/SA011S22	SES042	0.40831	-77.1496	-77.5579
BLOCK01/SES011/SA011S22	SES082	0.0468826	-77.511	-77.5579
BLOCK01/SES011/SA011S22	SES206	-0.286987	-77.8449	-77.5579
BLOCK01/SES011/SA011S24	SES019	-0.971542	-76.6703	-75.6988
BLOCK01/SES011/SA011S24	SES042	-0.547417	-76.2462	-75.6988
BLOCK01/SES011/SA011S24	SES104	-1.50008	-77.1988	-75.6988
BLOCK01/SES011/SA011S24	SES206	-0.687897	-76.3867	-75.6988
BLOCK01/SES011/SA011S27	SES082	0.0285568	-79.0638	-79.0923
BLOCK01/SES011/SA011S27	SES087	-0.907242	-79.9996	-79.0923
BLOCK01/SES011/SA011S27	SES125	0.110268	-78.9821	-79.0923
BLOCK01/SES011/SA011S27	SES206	-0.679314	-79.7717	-79.0923
BLOCK01/SES012/SA012S11	SES007	0.148361	-71.947	-72.0953
BLOCK01/SES012/SA012S11	SES082	-0.148155	-72.2435	-72.0953
BLOCK01/SES012/SA012S11	SES083	0.456451	-71.6389	-72.0953
BLOCK01/SES012/SA012S11	SES206	0.512527	-71.5828	-72.0953
BLOCK01/SES012/SA012S14	SES082	-0.013588	-73.6293	-73.6157
BLOCK01/SES012/SA012S14	SES087	-0.984322	-74.6	-73.6157
BLOCK01/SES012/SA012S14	SES206	0.011116	-73.6046	-73.6157
BLOCK01/SES012/SA012S14	SES292	-1.31808	-74.9338	-73.6157
BLOCK01/SES012/SA012S24	SES082	-0.301643	-76.666	-76.3643
BLOCK01/SES012/SA012S24	SES087	-1.91987	-78.2842	-76.3643
BLOCK01/SES012/SA012S24	SES120	-1.54136	-77.9057	-76.3643
BLOCK01/SES012/SA012S24	SES206	-1.4902	-77.8545	-76.3643
BLOCK01/SES012/SA012S26	SES019	-1.71301	-76.0358	-74.3228
BLOCK01/SES012/SA012S26	SES082	-1.99682	-76.3196	-74.3228
BLOCK01/SES012/SA012S26	SES206	-1.20372	-75.5265	-74.3228
BLOCK01/SES012/SA012S26	SES292	-1.75768	-76.0805	-74.3228
BLOCK01/SES012/SA012S29	SES062	-1.84953	-74.6327	-72.7832
BLOCK01/SES012/SA012S29	SES082	-1.82798	-74.6111	-72.7832
BLOCK01/SES012/SA012S29	SES083	0.401543	-72.3816	-72.7832
BLOCK01/SES012/SA012S29	SES206	1.50801	-71.2751	-72.7832
BLOCK01/SES013/SA013S16	SES062	-1.09003	-82.2119	-81.1219
BLOCK01/SES013/SA013S16	SES106	-1.06631	-82.1882	-81.1219
BLOCK01/SES013/SA013S16	SES206	-1.36049	-82.4824	-81.1219
BLOCK01/SES013/SA013S16	SES226	-1.16701	-82.2889	-81.1219
BLOCK01/SES013/SA013S17	SES062	-1.70637	-82.1398	-80.4334
BLOCK01/SES013/SA013S17	SES106	-1.9194	-82.3528	-80.4334
BLOCK01/SES013/SA013S17	SES206	-1.62363	-82.0571	-80.4334
BLOCK01/SES013/SA013S17	SES226	-0.78627	-81.2197	-80.4334
BLOCK01/SES013/SA013S23	SES104	-0.307846	-83.515	-83.2072
BLOCK01/SES013/SA013S23	SES106	-0.309921	-83.5171	-83.2072
BLOCK01/SES013/SA013S23	SES206	-0.64167	-83.8488	-83.2072
BLOCK01/SES013/SA013S23	SES270	-0.564278	-83.7714	-83.2072
BLOCK01/SES013/SA013S25	SES042	-2.01554	-80.6308	-78.6153
BLOCK01/SES013/SA013S25	SES104	-0.808884	-79.4242	-78.6153
BLOCK01/SES013/SA013S25	SES106	-0.576477	-79.1918	-78.6153
BLOCK01/SES013/SA013S25	SES206	-1.25356	-79.8688	-78.6153
BLOCK01/SES013/SA013S29	SES062	-1.90031	-82.3479	-80.4476
BLOCK01/SES013/SA013S29	SES104	-0.852615	-81.3002	-80.4476
BLOCK01/SES013/SA013S29	SES106	-0.500397	-80.948	-80.4476
BLOCK01/SES013/SA013S29	SES206	-1.98688	-82.4344	-80.4476
BLOCK02/SES021/SA021S13	SES016	-0.182014	-75.8602	-75.6781
BLOCK02/SES021/SA021S13	SES029	-1.22958	-76.9077	-75.6781
BLOCK02/SES021/SA021S13	SES087	-1.68771	-77.3658	-75.6781
BLOCK02/SES021/SA021S13	SES206	-1.22109	-76.8992	-75.6781
BLOCK02/SES021/SA021S15	SES087	-0.705315	-77.2397	-76.5344
BLOCK02/SES021/SA021S15	SES125	-0.252739	-76.7871	-76.5344
BLOCK02/SES021/SA021S15	SES206	-0.856705	-77.3911	-76.5344
BLOCK02/SES021/SA021S15	SES226	-0.886452	-77.4208	-76.5344
BLOCK02/SES021/SA021S23	SES062	-2.70308	-84.8167	-82.1136
BLOCK02/SES021/SA021S23	SES087	-0.253784	-82.3674	-82.1136
BLOCK02/SES021/SA021S23	SES206	-1.70232	-83.8159	-82.1136
BLOCK02/SES021/SA021S23	SES226	-1.59227	-83.7059	-82.1136
BLOCK02/SES021/SA021S27	SES002	-1.88345	-82.6803	-80.7969
BLOCK02/SES021/SA021S27	SES016	-2.91792	-83.7148	-80.7969
BLOCK02/SES021/SA021S27	SES019	-1.256	-82.0529	-80.7969
BLOCK02/SES021/SA021S27	SES062	-0.16346	-80.9603	-80.7969
BLOCK02/SES021/SA021S29	SES087	0.34877	-82.6208	-82.9695
BLOCK02/SES021/SA021S29	SES125	-2.02502	-84.9946	-82.9695
BLOCK02/SES021/SA021S29	SES206	-0.954559	-83.9241	-82.9695
BLOCK02/SES021/SA021S29	SES226	-0.944695	-83.9142	-82.9695
BLOCK04/SES043/SA043S09	SES083	-0.441803	-74.622	-74.1802
BLOCK04/SES043/SA043S09	SES101	-1.62342	-75.8036	-74.1802
BLOCK04/SES043/SA043S09	SES144	-0.983215	-75.1634	-74.1802
BLOCK04/SES043/SA043S09	SES172	-2.01996	-76.2001	-74.1802
BLOCK04/SES043/SA043S11	SES083	-0.175819	-73.4487	-73.2728
BLOCK04/SES043/SA043S11	SES101	-0.825089	-74.0979	-73.2728
BLOCK04/SES043/SA043S11	SES144	-1.44617	-74.719	-73.2728
BLOCK04/SES043/SA043S11	SES172	-2.13006	-75.4029	-73.2728
BLOCK04/SES043/SA043S23	SES083	-0.166092	-75.9836	-75.8175
BLOCK04/SES043/SA043S23	SES144	-0.193604	-76.0111	-75.8175
BLOCK04/SES043/SA043S23	SES177	-0.830803	-76.6483	-75.8175
BLOCK04/SES043/SA043S23	SES275	-1.40326	-77.2207	-75.8175
BLOCK04/SES043/SA043S26	SES083	-0.656921	-74.3799	-73.723
BLOCK04/SES043/SA043S26	SES101	-1.25045	-74.9735	-73.723
BLOCK04/SES043/SA043S26	SES144	-0.537674	-74.2607	-73.723
BLOCK04/SES043/SA043S26	SES177	-0.548439	-74.2715	-73.723
BLOCK04/SES043/SA043S28	SES016	-0.905884	-75.8984	-74.9925
BLOCK04/SES043/SA043S28	SES083	-0.0980759	-75.0906	-74.9925
BLOCK04/SES043/SA043S28	SES101	-0.149208	-75.1417	-74.9925
BLOCK04/SES043/SA043S28	SES144	-1.15848	-76.151	-74.9925
BLOCK04/SES044/SA044S10	SES127	-1.79958	-80.677	-78.8775
BLOCK04/SES044/SA044S10	SES144	-0.927505	-79.805	-78.8775
BLOCK04/SES044/SA044S10	SES147	-1.8704	-80.7479	-78.8775
BLOCK04/SES044/SA044S10	SES148	-2.80823	-81.6857	-78.8775
BLOCK04/SES044/SA044S11	SES101	-1.14478	-76.6288	-75.484
BLOCK04/SES044/SA044S11	SES144	-0.275551	-75.7595	-75.484
BLOCK04/SES044/SA044S11	SES147	-0.907913	-76.3919	-75.484
BLOCK04/SES044/SA044S11	SES177	-1.41024	-76.8942	-75.484
BLOCK04/SES044/SA044S24	SES007	-1.58465	-76.3508	-74.7661
BLOCK04/SES044/SA044S24	SES101	-1.06687	-75.833	-74.7661
BLOCK04/SES044/SA044S24	SES147	-1.41958	-76.1857	-74.7661
BLOCK04/SES044/SA044S24	SES177	-1.03748	-75.8036	-74.7661
BLOCK04/SES044/SA044S26	SES007	-1.06891	-77.5829	-76.514
BLOCK04/SES044/SA044S26	SES016	-0.892593	-77.4066	-76.514
BLOCK04/SES044/SA044S26	SES101	-1.67313	-78.1871	-76.514
BLOCK04/SES044/SA044S26	SES147	-1.13737	-77.6514	-76.514
BLOCK04/SES044/SA044S29	SES007	-1.493	-75.6617	-74.1687
BLOCK04/SES044/SA044S29	SES101	-0.552948	-74.7217	-74.1687
BLOCK04/SES044/SA044S29	SES147	-1.18356	-75.3523	-74.1687
BLOCK04/SES044/SA044S29	SES177	-1.72936	-75.8981	-74.1687
BLOCK04/SES046/SA046S13	SES101	-1.65012	-82.4503	-80.8002
BLOCK04/SES046/SA046S13	SES144	-0.894539	-81.6947	-80.8002
BLOCK04/SES046/SA046S13	SES147	-1.14098	-81.9412	-80.8002
BLOCK04/SES046/SA046S13	SES177	-1.44251	-82.2427	-80.8002
BLOCK04/SES046/SA046S15	SES048	-0.921684	-75.6154	-74.6937
BLOCK04/SES046/SA046S15	SES083	0.222389	-74.4713	-74.6937
BLOCK04/SES046/SA046S15	SES120	-1.51588	-76.2095	-74.6937
BLOCK04/SES046/SA046S15	SES148	-2.00693	-76.7006	-74.6937
BLOCK04/SES046/SA046S22	SES101	-0.385529	-76.967	-76.5815
BLOCK04/SES046/SA046S22	SES144	-0.308304	-76.8898	-76.5815
BLOCK04/SES046/SA046S22	SES147	-1.05692	-77.6384	-76.5815
BLOCK04/SES046/SA046S22	SES172	-1.427	-78.0085	-76.5815
BLOCK04/SES046/SA046S25	SES083	-0.133675	-72.8425	-72.7088
BLOCK04/SES046/SA046S25	SES127	-1.68899	-74.3978	-72.7088
BLOCK04/SES046/SA046S25	SES144	-0.61647	-73.3253	-72.7088
BLOCK04/SES046/SA046S25	SES148	-3.01006	-75.7188	-72.7088
BLOCK04/SES046/SA046S28	SES007	-0.590759	-77.7217	-77.1309
BLOCK04/SES046/SA046S28	SES105	-1.73779	-78.8687	-77.1309
BLOCK04/SES046/SA046S28	SES147	-1.64468	-78.7756	-77.1309
BLOCK04/SES046/SA046S28	SES148	-2.77141	-79.9023	-77.1309
BLOCK04/SES049/SA049S16	SES104	-4.32688	-89.9456	-85.6187
BLOCK04/SES049/SA049S16	SES106	-9.78413	-95.4029	-85.6187
BLOCK04/SES049/SA049S16	SES120	-2.98074	-88.5995	-85.6187
BLOCK04/SES049/SA049S16	SES206	-3.61457	-89.2333	-85.6187
BLOCK04/SES049/SA049S18	SES099	0.49881	-80.8025	-81.3013
BLOCK04/SES049/SA049S18	SES104	-1.22135	-82.5226	-81.3013
BLOCK04/SES049/SA049S18	SES125	-0.86438	-82.1657	-81.3013
BLOCK04/SES049/SA049S18	SES206	-0.825226	-82.1265	-81.3013
BLOCK04/SES049/SA049S25	SES087	-1.94639	-84.7314	-82.785
BLOCK04/SES049/SA049S25	SES104	-1.36691	-84.1519	-82.785
BLOCK04/SES049/SA049S25	SES125	-3.40759	-86.1926	-82.785
BLOCK04/SES049/SA049S25	SES206	-2.19801	-84.983	-82.785
BLOCK04/SES049/SA049S27	SES099	-0.889633	-83.3859	-82.4962
BLOCK04/SES049/SA049S27	SES104	-1.22824	-83.7245	-82.4962
BLOCK04/SES049/SA049S27	SES125	-0.634125	-83.1303	-82.4962
BLOCK04/SES049/SA049S27	SES206	-1.46288	-83.9591	-82.4962
BLOCK04/SES049/SA049S29	SES099	-0.567894	-81.491	-80.9231
BLOCK04/SES049/SA049S29	SES104	-1.01183	-81.9349	-80.9231
BLOCK04/SES049/SA049S29	SES125	-2.01096	-82.934	-80.9231
BLOCK04/SES049/SA049S29	SES206	-0.779419	-81.7025	-80.9231
BLOCK06/SES063/SA063S09	SES068	-0.674438	-76.872	-76.1975
BLOCK06/SES063/SA063S09	SES083	-0.930573	-77.1281	-76.1975
BLOCK06/SES063/SA063S09	SES177	-0.671104	-76.8687	-76.1975
BLOCK06/SES063/SA063S09	SES187	-1.34185	-77.5394	-76.1975
BLOCK06/SES063/SA063S10	SES068	-0.805183	-77.154	-76.3489
BLOCK06/SES063/SA063S10	SES083	-0.405838	-76.7547	-76.3489
BLOCK06/SES063/SA063S10	SES172	-0.764854	-77.1137	-76.3489
BLOCK06/SES063/SA063S10	SES187	-1.55698	-77.9058	-76.3489
BLOCK06/SES063/SA063S20	SES068	-1.20155	-76.1036	-74.9021
BLOCK06/SES063/SA063S20	SES083	-0.129936	-75.032	-74.9021
BLOCK06/SES063/SA063S20	SES172	-1.25213	-76.1542	-74.9021
BLOCK06/SES063/SA063S20	SES187	-0.949905	-75.852	-74.9021
BLOCK06/SES063/SA063S24	SES029	-1.45573	-75.3471	-73.8913
BLOCK06/SES063/SA063S24	SES083	0.118591	-73.7727	-73.8913
BLOCK06/SES063/SA063S24	SES177	-1.04491	-74.9362	-73.8913
BLOCK06/SES063/SA063S24	SES189	-1.89185	-75.7832	-73.8913
BLOCK06/SES063/SA063S27	SES083	1.03542	-73.0859	-74.1213
BLOCK06/SES063/SA063S27	SES172	-1.60246	-75.7238	-74.1213
BLOCK06/SES063/SA063S27	SES187	-1.15343	-75.2747	-74.1213
BLOCK06/SES063/SA063S27	SES292	-2.02347	-76.1448	-74.1213
BLOCK06/SES067/SA067S12	SES083	-1.04252	-76.3482	-75.3057
BLOCK06/SES067/SA067S12	SES172	-2.47902	-77.7847	-75.3057
BLOCK06/SES067/SA067S12	SES202	-0.421135	-75.7268	-75.3057
BLOCK06/SES067/SA067S12	SES292	-2.0177	-77.3234	-75.3057
BLOCK06/SES067/SA067S14	SES085	-nan	-nan	-73.4837
BLOCK06/SES067/SA067S14	SES177	-1.56206	-75.0457	-73.4837
BLOCK06/SES067/SA067S14	SES183	0.107109	-73.3766	-73.4837
BLOCK06/SES067/SA067S14	SES202	-0.837814	-74.3215	-73.4837
BLOCK06/SES067/SA067S21	SES144	-0.324203	-78.8048	-78.4806
BLOCK06/SES067/SA067S21	SES177	-1.07699	-79.5576	-78.4806
BLOCK06/SES067/SA067S21	SES183	-0.47242	-78.953	-78.4806
BLOCK06/SES067/SA067S21	SES189	-0.812775	-79.2934	-78.4806
BLOCK06/SES067/SA067S25	SES085	-nan	-nan	-74.4885
BLOCK06/SES067/SA067S25	SES177	0.113579	-74.375	-74.4885
BLOCK06/SES067/SA067S25	SES183	0.132843	-74.3557	-74.4885
BLOCK06/SES067/SA067S25	SES202	0.147453	-74.3411	-74.4885
BLOCK06/SES067/SA067S29	SES085	-nan	-nan	-77.769
BLOCK06/SES067/SA067S29	SES177	-1.62578	-79.3948	-77.769
BLOCK06/SES067/SA067S29	SES183	-0.223091	-77.9921	-77.769
BLOCK06/SES067/SA067S29	SES202	-0.672012	-78.441	-77.769
BLOCK06/SES069/SA069S12	SES029	-1.79037	-79.2244	-77.434
BLOCK06/SES069/SA069S12	SES082	-0.606506	-78.0406	-77.434
BLOCK06/SES069/SA069S12	SES087	-0.224892	-77.6589	-77.434
BLOCK06/SES069/SA069S12	SES206	-0.339645	-77.7737	-77.434
BLOCK06/SES069/SA069S13	SES029	-2.0154	-83.7585	-81.7431
BLOCK06/SES069/SA069S13	SES087	-0.0776978	-81.8208	-81.7431
BLOCK06/SES069/SA069S13	SES206	-0.960564	-82.7037	-81.7431
BLOCK06/SES069/SA069S13	SES226	0.306015	-81.4371	-81.7431
BLOCK06/SES069/SA069S23	SES029	-0.817589	-77.2874	-76.4698
BLOCK06/SES069/SA069S23	SES087	0.808441	-75.6613	-76.4698
BLOCK06/SES069/SA069S23	SES206	-0.730705	-77.2005	-76.4698
BLOCK06/SES069/SA069S23	SES226	0.155891	-76.3139	-76.4698
BLOCK06/SES069/SA069S25	SES087	0.182297	-76.9668	-77.1491
BLOCK06/SES069/SA069S25	SES206	-2.23267	-79.3817	-77.1491
BLOCK06/SES069/SA069S25	SES226	-0.871964	-78.021	-77.1491
BLOCK06/SES069/SA069S25	SES270	-1.65465	-78.8037	-77.1491
BLOCK06/SES069/SA069S27	SES087	-0.68576	-79.5313	-78.8455
BLOCK06/SES069/SA069S27	SES206	-1.03519	-79.8807	-78.8455
BLOCK06/SES069/SA069S27	SES226	-0.263123	-79.1087	-78.8455
BLOCK06/SES069/SA069S27	SES270	-1.24041	-80.0859	-78.8455
BLOCK08/SES081/SA081S11	SES060	-0.623474	-81.172	-80.5485
BLOCK08/SES081/SA081S11	SES062	-0.976433	-81.5249	-80.5485
BLOCK08/SES081/SA081S11	SES117	-1.02093	-81.5694	-80.5485
BLOCK08/SES081/SA081S11	SES162	-0.197815	-80.7463	-80.5485
BLOCK08/SES081/SA081S13	SES016	-0.429298	-74.9205	-74.4912
BLOCK08/SES081/SA081S13	SES060	-0.17025	-74.6614	-74.4912
BLOCK08/SES081/SA081S13	SES068	-0.0575409	-74.5487	-74.4912
BLOCK08/SES081/SA081S13	SES129	-0.679016	-75.1702	-74.4912
BLOCK08/SES081/SA081S24	SES060	-0.721313	-79.55	-78.8287
BLOCK08/SES081/SA081S24	SES068	-0.948181	-79.7769	-78.8287
BLOCK08/SES081/SA081S24	SES117	-1.22768	-80.0564	-78.8287
BLOCK08/SES081/SA081S24	SES275	-1.53069	-80.3594	-78.8287
BLOCK08/SES081/SA081S27	SES007	-0.850449	-77.5974	-76.7469
BLOCK08/SES081/SA081S27	SES060	-0.812355	-77.5593	-76.7469
BLOCK08/SES081/SA081S27	SES117	-0.382874	-77.1298	-76.7469
BLOCK08/SES081/SA081S27	SES275	-2.00404	-78.751	-76.7469
BLOCK08/SES081/SA081S29	SES007	0.728859	-74.8295	-75.5584
BLOCK08/SES081/SA081S29	SES060	0.233757	-75.3246	-75.5584
BLOCK08/SES081/SA081S29	SES117	0.649681	-74.9087	-75.5584
BLOCK08/SES081/SA081S29	SES275	-2.15687	-77.7152	-75.5584
BLOCK08/SES086/SA086S11	SES029	-2.10164	-83.6019	-81.5003
BLOCK08/SES086/SA086S11	SES082	-0.751854	-82.2521	-81.5003
BLOCK08/SES086/SA086S11	SES087	-1.13474	-82.635	-81.5003
BLOCK08/SES086/SA086S11	SES206	-1.09352	-82.5938	-81.5003
BLOCK08/SES086/SA086S12	SES029	-2.65833	-79.0542	-76.3958
BLOCK08/SES086/SA086S12	SES082	-1.52978	-77.9256	-76.3958
BLOCK08/SES086/SA086S12	SES087	-1.21502	-77.6109	-76.3958
BLOCK08/SES086/SA086S12	SES206	-0.899078	-77.2949	-76.3958
BLOCK08/SES086/SA086S20	SES029	-1.94099	-77.76	-75.819
BLOCK08/SES086/SA086S20	SES082	-0.389656	-76.2086	-75.819
BLOCK08/SES086/SA086S20	SES087	-0.860649	-76.6796	-75.819
BLOCK08/SES086/SA086S20	SES206	-0.0611038	-75.8801	-75.819
BLOCK08/SES086/SA086S24	SES087	-1.42696	-77.0211	-75.5942
BLOCK08/SES086/SA086S24	SES104	-1.37782	-76.972	-75.5942
BLOCK08/SES086/SA086S24	SES120	-1.49703	-77.0912	-75.5942
BLOCK08/SES086/SA086S24	SES206	0.262985	-75.3312	-75.5942
BLOCK08/SES086/SA086S28	SES029	-1.84718	-75.8546	-74.0075
BLOCK08/SES086/SA086S28	SES082	-0.625496	-74.633	-74.0075
BLOCK08/SES086/SA086S28	SES087	-1.59694	-75.6044	-74.0075
BLOCK08/SES086/SA086S28	SES206	-0.842552	-74.85	-74.0075
BLOCK08/SES089/SA089S13	SES087	-0.945633	-82.6333	-81.6877
BLOCK08/SES089/SA089S13	SES206	-0.976921	-82.6646	-81.6877
BLOCK08/SES089/SA089S13	SES226	-0.936981	-82.6247	-81.6877
BLOCK08/SES089/SA089S13	SES270	-2.03933	-83.727	-81.6877
BLOCK08/SES089/SA089S14	SES062	-0.427841	-80.8857	-80.4579
BLOCK08/SES089/SA089S14	SES087	-1.59746	-82.0553	-80.4579
BLOCK08/SES089/SA089S14	SES206	-1.3723	-81.8302	-80.4579
BLOCK08/SES089/SA089S14	SES226	-1.86203	-82.3199	-80.4579
BLOCK08/SES089/SA089S23	SES087	-0.787537	-83.8535	-83.0659
BLOCK08/SES089/SA089S23	SES206	-2.28571	-85.3516	-83.0659
BLOCK08/SES089/SA089S23	SES226	-1.31002	-84.376	-83.0659
BLOCK08/SES089/SA089S23	SES270	-1.71642	-84.7824	-83.0659
BLOCK08/SES089/SA089S25	SES062	-2.13248	-81.5963	-79.4639
BLOCK08/SES089/SA089S25	SES087	-0.967377	-80.4312	-79.4639
BLOCK08/SES089/SA089S25	SES206	-2.31535	-81.7792	-79.4639
BLOCK08/SES089/SA089S25	SES226	-0.886124	-80.35	-79.4639
BLOCK08/SES089/SA089S28	SES062	-0.784355	-83.1885	-82.4041
BLOCK08/SES089/SA089S28	SES087	-0.526405	-82.9305	-82.4041
BLOCK08/SES089/SA089S28	SES206	-1.10374	-83.5078	-82.4041
BLOCK08/SES089/SA089S28	SES226	-0.258911	-82.663	-82.4041
BLOCK09/SES097/SA097S11	SES099	-0.0968323	-84.2948	-84.198
BLOCK09/SES097/SA097S11	SES125	-6.41557	-90.6136	-84.198
BLOCK09/SES097/SA097S11	SES206	-3.12623	-87.3242	-84.198
BLOCK09/SES097/SA097S11	SES226	-1.22224	-85.4202	-84.198
BLOCK09/SES097/SA097S14	SES062	-1.22502	-88.0774	-86.8524
BLOCK09/SES097/SA097S14	SES099	-1.17281	-88.0252	-86.8524
BLOCK09/SES097/SA097S14	SES104	-1.5509	-88.4033	-86.8524
BLOCK09/SES097/SA097S14	SES206	-2.76945	-89.6218	-86.8524
BLOCK09/SES097/SA097S22	SES099	-1.02881	-86.8943	-85.8655
BLOCK09/SES097/SA097S22	SES206	-3.33403	-89.1995	-85.8655
BLOCK09/SES097/SA097S22	SES226	-1.38987	-87.2554	-85.8655
BLOCK09/SES097/SA097S22	SES270	-0.472168	-86.3377	-85.8655
BLOCK09/SES097/SA097S26	SES099	-0.29747	-85.5194	-85.222
BLOCK09/SES097/SA097S26	SES120	0.109901	-85.1121	-85.222
BLOCK09/SES097/SA097S26	SES206	-0.621521	-85.8435	-85.222
BLOCK09/SES097/SA097S26	SES226	-0.415001	-85.637	-85.222
BLOCK09/SES097/SA097S28	SES099	-0.609604	-81.6484	-81.0388
BLOCK09/SES097/SA097S28	SES120	-1.8961	-82.9349	-81.0388
BLOCK09/SES097/SA097S28	SES206	-2.52914	-83.5679	-81.0388
BLOCK09/SES097/SA097S28	SES226	-1.81458	-82.8534	-81.0388
BLOCK09/SES098/SA098S11	SES127	-1.97195	-78.0957	-76.1238
BLOCK09/SES098/SA098S11	SES144	-1.41621	-77.54	-76.1238
BLOCK09/SES098/SA098S11	SES147	-0.754745	-76.8785	-76.1238
BLOCK09/SES098/SA098S11	SES148	-4.42561	-80.5494	-76.1238
BLOCK09/SES098/SA098S12	SES127	-2.77718	-84.6668	-81.8896
BLOCK09/SES098/SA098S12	SES144	-1.52108	-83.4107	-81.8896
BLOCK09/SES098/SA098S12	SES147	-0.895561	-82.7852	-81.8896
BLOCK09/SES098/SA098S12	SES189	-1.13393	-83.0235	-81.8896
BLOCK09/SES098/SA098S20	SES127	-2.25283	-83.2462	-80.9933
BLOCK09/SES098/SA098S20	SES147	-0.96537	-81.9587	-80.9933
BLOCK09/SES098/SA098S20	SES148	-3.87787	-84.8712	-80.9933
BLOCK09/SES098/SA098S20	SES292	-2.02556	-83.0189	-80.9933
BLOCK09/SES098/SA098S23	SES127	-0.278755	-78.1152	-77.8364
BLOCK09/SES098/SA098S23	SES147	-0.822884	-78.6593	-77.8364
BLOCK09/SES098/SA098S23	SES187	0.0811996	-77.7552	-77.8364
BLOCK09/SES098/SA098S23	SES292	-1.69708	-79.5335	-77.8364
BLOCK09/SES098/SA098S27	SES127	-3.61036	-81.9785	-78.3682
BLOCK09/SES098/SA098S27	SES147	-1.52977	-79.8979	-78.3682
BLOCK09/SES098/SA098S27	SES148	-4.2746	-82.6428	-78.3682
BLOCK09/SES098/SA098S27	SES292	-1.68598	-80.0541	-78.3682
BLOCK10/SES102/SA102S13	SES101	-0.999199	-77.6159	-76.6167
BLOCK10/SES102/SA102S13	SES105	-1.66049	-78.2772	-76.6167
BLOCK10/SES102/SA102S13	SES120	-1.56674	-78.1834	-76.6167
BLOCK10/SES102/SA102S13	SES158	-0.679779	-77.2964	-76.6167
BLOCK10/SES102/SA102S14	SES007	0.276665	-73.4977	-73.7743
BLOCK10/SES102/SA102S14	SES101	0.620209	-73.1541	-73.7743
BLOCK10/SES102/SA102S14	SES105	0.113129	-73.6612	-73.7743
BLOCK10/SES102/SA102S14	SES147	-1.13677	-74.9111	-73.7743
BLOCK10/SES102/SA102S22	SES007	0.777527	-71.8357	-72.6132
BLOCK10/SES102/SA102S22	SES101	0.503464	-72.1098	-72.6132
BLOCK10/SES102/SA102S22	SES105	0.665878	-71.9474	-72.6132
BLOCK10/SES102/SA102S22	SES158	0.710068	-71.9032	-72.6132
BLOCK10/SES102/SA102S25	SES007	0.269447	-73.5316	-73.801
BLOCK10/SES102/SA102S25	SES101	0.210831	-73.5902	-73.801
BLOCK10/SES102/SA102S25	SES105	0.07547	-73.7255	-73.801
BLOCK10/SES102/SA102S25	SES147	-1.39526	-75.1963	-73.801
BLOCK10/SES102/SA102S27	SES007	-1.02435	-80.4243	-79.4
BLOCK10/SES102/SA102S27	SES101	-0.902863	-80.3028	-79.4
BLOCK10/SES102/SA102S27	SES105	-1.34903	-80.749	-79.4
BLOCK10/SES102/SA102S27	SES147	-1.64967	-81.0496	-79.4
BLOCK10/SES103/SA103S14	SES105	-0.641273	-75.4693	-74.828
BLOCK10/SES103/SA103S14	SES106	-0.144028	-74.972	-74.828
BLOCK10/SES103/SA103S14	SES120	-1.01169	-75.8397	-74.828
BLOCK10/SES103/SA103S14	SES206	-0.0906067	-74.9186	-74.828
BLOCK10/SES103/SA103S15	SES099	-1.63326	-84.7676	-83.1344
BLOCK10/SES103/SA103S15	SES101	-4.53475	-87.6691	-83.1344
BLOCK10/SES103/SA103S15	SES104	-1.58133	-84.7157	-83.1344
BLOCK10/SES103/SA103S15	SES125	-8.11461	-91.249	-83.1344
BLOCK10/SES103/SA103S24	SES104	-1.12421	-79.0576	-77.9334
BLOCK10/SES103/SA103S24	SES125	-0.724373	-78.6577	-77.9334
BLOCK10/SES103/SA103S24	SES148	-2.8812	-80.8146	-77.9334
BLOCK10/SES103/SA103S24	SES158	-1.32509	-79.2585	-77.9334
BLOCK10/SES103/SA103S26	SES104	-0.981422	-77.5681	-76.5866
BLOCK10/SES103/SA103S26	SES106	-0.392128	-76.9788	-76.5866
BLOCK10/SES103/SA103S26	SES125	-1.56871	-78.1553	-76.5866
BLOCK10/SES103/SA103S26	SES148	-2.43771	-79.0243	-76.5866
BLOCK10/SES103/SA103S28	SES104	-1.04953	-84.8384	-83.7889
BLOCK10/SES103/SA103S28	SES106	-2.18967	-85.9786	-83.7889
BLOCK10/SES103/SA103S28	SES125	-1.50874	-85.2976	-83.7889
BLOCK10/SES103/SA103S28	SES206	-0.465698	-84.2546	-83.7889
BLOCK12/SES121/SA121S12	SES042	-1.8339	-75.9011	-74.0672
BLOCK12/SES121/SA121S12	SES087	-2.59219	-76.6594	-74.0672
BLOCK12/SES121/SA121S12	SES105	-0.259758	-74.327	-74.0672
BLOCK12/SES121/SA121S12	SES206	0.102074	-73.9651	-74.0672
BLOCK12/SES121/SA121S14	SES007	-0.495712	-74.8662	-74.3705
BLOCK12/SES121/SA121S14	SES105	-0.784843	-75.1554	-74.3705
BLOCK12/SES121/SA121S14	SES106	-0.285583	-74.6561	-74.3705
BLOCK12/SES121/SA121S14	SES206	-0.422661	-74.7932	-74.3705
BLOCK12/SES121/SA121S23	SES105	-1.16847	-76.6109	-75.4424
BLOCK12/SES121/SA121S23	SES106	0.0875778	-75.3548	-75.4424
BLOCK12/SES121/SA121S23	SES120	-1.51902	-76.9614	-75.4424
BLOCK12/SES121/SA121S23	SES206	0.434074	-75.0083	-75.4424
BLOCK12/SES121/SA121S25	SES007	-0.292015	-74.4129	-74.1209
BLOCK12/SES121/SA121S25	SES105	-1.30028	-75.4212	-74.1209
BLOCK12/SES121/SA121S25	SES106	-0.149353	-74.2703	-74.1209
BLOCK12/SES121/SA121S25	SES206	-0.910446	-75.0314	-74.1209
BLOCK12/SES121/SA121S27	SES087	-1.80272	-79.2044	-77.4017
BLOCK12/SES121/SA121S27	SES105	-0.971413	-78.3731	-77.4017
BLOCK12/SES121/SA121S27	SES120	-0.000717163	-77.4024	-77.4017
BLOCK12/SES121/SA121S27	SES206	0.0209503	-77.3807	-77.4017
BLOCK12/SES124/SA124S16	SES042	1.88104	-70.7393	-72.6203
BLOCK12/SES124/SA124S16	SES082	-0.529922	-73.1502	-72.6203
BLOCK12/SES124/SA124S16	SES183	-0.0824814	-72.7028	-72.6203
BLOCK12/SES124/SA124S16	SES206	-0.570625	-73.1909	-72.6203
BLOCK12/SES124/SA124S17	SES105	-0.41539	-75.9853	-75.5699
BLOCK12/SES124/SA124S17	SES149	-0.735687	-76.3056	-75.5699
BLOCK12/SES124/SA124S17	SES158	-1.06427	-76.6342	-75.5699
BLOCK12/SES124/SA124S17	SES275	-1.50357	-77.0735	-75.5699
BLOCK12/SES124/SA124S23	SES105	-2.20471	-75.7217	-73.517
BLOCK12/SES124/SA124S23	SES125	-0.54567	-74.0626	-73.517
BLOCK12/SES124/SA124S23	SES129	-1.02446	-74.5414	-73.517
BLOCK12/SES124/SA124S23	SES158	-1.17632	-74.6933	-73.517
BLOCK12/SES124/SA124S26	SES105	-2.15965	-79.0921	-76.9325
BLOCK12/SES124/SA124S26	SES125	0.903366	-76.0291	-76.9325
BLOCK12/SES124/SA124S26	SES129	-1.08889	-78.0214	-76.9325
BLOCK12/SES124/SA124S26	SES158	-0.160194	-77.0927	-76.9325
BLOCK12/SES124/SA124S28	SES104	-0.414993	-73.9929	-73.5779
BLOCK12/SES124/SA124S28	SES106	-0.384651	-73.9626	-73.5779
BLOCK12/SES124/SA124S28	SES125	-0.403091	-73.981	-73.5779
BLOCK12/SES124/SA124S28	SES275	-2.25928	-75.8372	-73.5779
BLOCK12/SES126/SA126S13	SES007	-0.836006	-78.4771	-77.6411
BLOCK12/SES126/SA126S13	SES162	-0.113663	-77.7548	-77.6411
BLOCK12/SES126/SA126S13	SES177	-0.893288	-78.5344	-77.6411
BLOCK12/SES126/SA126S13	SES180	-0.553879	-78.195	-77.6411
BLOCK12/SES126/SA126S14	SES144	0.707886	-75.0738	-75.7817
BLOCK12/SES126/SA126S14	SES148	-1.14998	-76.9317	-75.7817
BLOCK12/SES126/SA126S14	SES177	0.0328979	-75.7488	-75.7817
BLOCK12/SES126/SA126S14	SES180	0.438309	-75.3434	-75.7817
BLOCK12/SES126/SA126S20	SES007	0.141541	-75.3374	-75.479
BLOCK12/SES126/SA126S20	SES162	0.638725	-74.8403	-75.479
BLOCK12/SES126/SA126S20	SES172	-1.78472	-77.2637	-75.479
BLOCK12/SES126/SA126S20	SES180	0.268265	-75.2107	-75.479
BLOCK12/SES126/SA126S24	SES120	-0.930016	-77.1826	-76.2526
BLOCK12/SES126/SA126S24	SES162	0.614372	-75.6382	-76.2526
BLOCK12/SES126/SA126S24	SES177	-0.318001	-76.5706	-76.2526
BLOCK12/SES126/SA126S24	SES180	1.02147	-75.2311	-76.2526
BLOCK12/SES126/SA126S26	SES120	-0.887482	-77.7583	-76.8708
BLOCK12/SES126/SA126S26	SES177	-0.505829	-77.3767	-76.8708
BLOCK12/SES126/SA126S26	SES180	0.288872	-76.582	-76.8708
BLOCK12/SES126/SA126S26	SES202	-1.34109	-78.2119	-76.8708
BLOCK12/SES128/SA128S10	SES087	-0.677193	-74.4708	-73.7936
BLOCK12/SES128/SA128S10	SES206	-0.583992	-74.3776	-73.7936
BLOCK12/SES128/SA128S10	SES226	-0.36837	-74.162	-73.7936
BLOCK12/SES128/SA128S10	SES270	-0.132919	-73.9265	-73.7936
BLOCK12/SES128/SA128S12	SES120	0.903145	-74.5042	-75.4074
BLOCK12/SES128/SA128S12	SES158	-0.947281	-76.3546	-75.4074
BLOCK12/SES128/SA128S12	SES206	-0.685944	-76.0933	-75.4074
BLOCK12/SES128/SA128S12	SES226	-1.34256	-76.7499	-75.4074
BLOCK12/SES128/SA128S21	SES106	-0.643486	-83.6656	-83.0221
BLOCK12/SES128/SA128S21	SES120	-0.748619	-83.7708	-83.0221
BLOCK12/SES128/SA128S21	SES206	-1.46282	-84.485	-83.0221
BLOCK12/SES128/SA128S21	SES226	-0.364487	-83.3866	-83.0221
BLOCK12/SES128/SA128S24	SES087	-1.75	-78.705	-76.955
BLOCK12/SES128/SA128S24	SES120	-1.0351	-77.9901	-76.955
BLOCK12/SES128/SA128S24	SES206	-0.508087	-77.463	-76.955
BLOCK12/SES128/SA128S24	SES226	-1.34904	-78.304	-76.955
BLOCK12/SES128/SA128S27	SES099	-0.287804	-74.4804	-74.1926
BLOCK12/SES128/SA128S27	SES120	-0.431946	-74.6245	-74.1926
BLOCK12/SES128/SA128S27	SES206	-0.771744	-74.9643	-74.1926
BLOCK12/SES128/SA128S27	SES226	-0.865578	-75.0581	-74.1926
BLOCK13/SES130/SA130S13	SES143	-1.75209	-80.5929	-78.8408
BLOCK13/SES130/SA130S13	SES144	-1.69598	-80.5368	-78.8408
BLOCK13/SES130/SA130S13	SES146	-2.22792	-81.0687	-78.8408
BLOCK13/SES130/SA130S13	SES275	-1.94711	-80.7879	-78.8408
BLOCK13/SES130/SA130S15	SES143	-1.83382	-78.0645	-76.2306
BLOCK13/SES130/SA130S15	SES144	-0.48391	-76.7146	-76.2306
BLOCK13/SES130/SA130S15	SES146	-1.61711	-77.8478	-76.2306
BLOCK13/SES130/SA130S15	SES275	-1.70844	-77.9391	-76.2306
BLOCK13/SES130/SA130S23	SES127	-0.708488	-80.5633	-79.8548
BLOCK13/SES130/SA130S23	SES144	0.0851059	-79.7697	-79.8548
BLOCK13/SES130/SA130S23	SES146	-0.653091	-80.5079	-79.8548
BLOCK13/SES130/SA130S23	SES162	-0.974297	-80.8291	-79.8548
BLOCK13/SES130/SA130S25	SES127	-2.48582	-74.7746	-72.2888
BLOCK13/SES130/SA130S25	SES144	-1.06988	-73.3586	-72.2888
BLOCK13/SES130/SA130S25	SES146	0.660873	-71.6279	-72.2888
BLOCK13/SES130/SA130S25	SES275	-1.21001	-73.4988	-72.2888
BLOCK13/SES130/SA130S28	SES127	-1.50517	-80.0981	-78.5929
BLOCK13/SES130/SA130S28	SES144	-0.638451	-79.2314	-78.5929
BLOCK13/SES130/SA130S28	SES146	-0.0543365	-78.6473	-78.5929
BLOCK13/SES130/SA130S28	SES275	-0.299057	-78.892	-78.5929
BLOCK13/SES131/SA131S13	SES002	-0.306229	-77.3687	-77.0624
BLOCK13/SES131/SA131S13	SES007	-1.55108	-78.6135	-77.0624
BLOCK13/SES131/SA131S13	SES099	0.146568	-76.9159	-77.0624
BLOCK13/SES131/SA131S13	SES105	-1.5282	-78.5906	-77.0624
BLOCK13/SES131/SA131S14	SES104	-0.19854	-73.5033	-73.3048
BLOCK13/SES131/SA131S14	SES106	-1.25901	-74.5638	-73.3048
BLOCK13/SES131/SA131S14	SES125	-1.45628	-74.761	-73.3048
BLOCK13/SES131/SA131S14	SES148	-1.92856	-75.2333	-73.3048
BLOCK13/SES131/SA131S20	SES104	-0.829659	-83.2555	-82.4259
BLOCK13/SES131/SA131S20	SES106	-1.47778	-83.9036	-82.4259
BLOCK13/SES131/SA131S20	SES125	-2.08405	-84.5099	-82.4259
BLOCK13/SES131/SA131S20	SES148	-0.920601	-83.3465	-82.4259
BLOCK13/SES131/SA131S22	SES099	-0.504333	-74.3655	-73.8612
BLOCK13/SES131/SA131S22	SES104	-0.751228	-74.6124	-73.8612
BLOCK13/SES131/SA131S22	SES125	-1.23223	-75.0934	-73.8612
BLOCK13/SES131/SA131S22	SES206	-1.60616	-75.4673	-73.8612
BLOCK13/SES131/SA131S29	SES087	-1.29591	-80.1185	-78.8226
BLOCK13/SES131/SA131S29	SES104	-0.668442	-79.491	-78.8226
BLOCK13/SES131/SA131S29	SES125	-1.10735	-79.9299	-78.8226
BLOCK13/SES131/SA131S29	SES206	-2.06429	-80.8869	-78.8226
BLOCK13/SES132/SA132S11	SES083	-0.253922	-73.2694	-73.0154
BLOCK13/SES132/SA132S11	SES120	0.318497	-72.697	-73.0154
BLOCK13/SES132/SA132S11	SES127	-0.74514	-73.7606	-73.0154
BLOCK13/SES132/SA132S11	SES275	-0.809822	-73.8253	-73.0154
BLOCK13/SES132/SA132S12	SES083	-1.36061	-77.3344	-75.9738
BLOCK13/SES132/SA132S12	SES143	-0.399635	-76.3734	-75.9738
BLOCK13/SES132/SA132S12	SES144	-0.071907	-76.0457	-75.9738
BLOCK13/SES132/SA132S12	SES148	-0.267479	-76.2412	-75.9738
BLOCK13/SES132/SA132S22	SES062	-0.774155	-76.1752	-75.4011
BLOCK13/SES132/SA132S22	SES083	0.0366364	-75.3644	-75.4011
BLOCK13/SES132/SA132S22	SES127	-0.0677872	-75.4689	-75.4011
BLOCK13/SES132/SA132S22	SES275	-1.52509	-76.9262	-75.4011
BLOCK13/SES132/SA132S24	SES007	-0.604095	-73.8056	-73.2016
BLOCK13/SES132/SA132S24	SES083	-0.815689	-74.0172	-73.2016
BLOCK13/SES132/SA132S24	SES127	-0.52829	-73.7298	-73.2016
BLOCK13/SES132/SA132S24	SES275	-1.87231	-75.0739	-73.2016
BLOCK13/SES132/SA132S27	SES083	-1.49963	-81.7772	-80.2776
BLOCK13/SES132/SA132S27	SES120	-0.155991	-80.4336	-80.2776
BLOCK13/SES132/SA132S27	SES127	-0.78125	-81.0588	-80.2776
BLOCK13/SES132/SA132S27	SES275	-1.07642	-81.354	-80.2776
BLOCK14/SES141/SA141S09	SES143	-0.674767	-76.0535	-75.3788
BLOCK14/SES141/SA141S09	SES144	-0.226295	-75.6051	-75.3788
BLOCK14/SES141/SA141S09	SES162	0.0771179	-75.3017	-75.3788
BLOCK14/SES141/SA141S09	SES180	-0.231506	-75.6103	-75.3788
BLOCK14/SES141/SA141S15	SES127	-0.537285	-76.5615	-76.0242
BLOCK14/SES141/SA141S15	SES144	-0.361778	-76.386	-76.0242
BLOCK14/SES141/SA141S15	SES162	-0.448883	-76.4731	-76.0242
BLOCK14/SES141/SA141S15	SES180	-0.815796	-76.84	-76.0242
BLOCK14/SES141/SA141S24	SES127	-0.101616	-75.8537	-75.7521
BLOCK14/SES141/SA141S24	SES144	-0.199646	-75.9517	-75.7521
BLOCK14/SES141/SA141S24	SES162	0.835968	-74.9161	-75.7521
BLOCK14/SES141/SA141S24	SES183	-0.733795	-76.4859	-75.7521
BLOCK14/SES141/SA141S26	SES142	-0.141953	-78.3445	-78.2026
BLOCK14/SES141/SA141S26	SES144	-0.504707	-78.7073	-78.2026
BLOCK14/SES141/SA141S26	SES172	-0.585106	-78.7877	-78.2026
BLOCK14/SES141/SA141S26	SES180	0.754112	-77.4484	-78.2026
BLOCK14/SES141/SA141S29	SES127	-0.00611877	-73.9888	-73.9827
BLOCK14/SES141/SA141S29	SES142	0.47879	-73.5039	-73.9827
BLOCK14/SES141/SA141S29	SES144	-0.291183	-74.2739	-73.9827
BLOCK14/SES141/SA141S29	SES180	0.529282	-73.4534	-73.9827
BLOCK15/SES157/SA157S08	SES083	-0.150528	-76.7411	-76.5905
BLOCK15/SES157/SA157S08	SES127	-1.5976	-78.1881	-76.5905
BLOCK15/SES157/SA157S08	SES148	-2.65672	-79.2473	-76.5905
BLOCK15/SES157/SA157S08	SES292	-1.18117	-77.7717	-76.5905
BLOCK15/SES157/SA157S11	SES083	-2.01026	-79.0286	-77.0183
BLOCK15/SES157/SA157S11	SES127	-1.84074	-78.8591	-77.0183
BLOCK15/SES157/SA157S11	SES148	-2.84838	-79.8667	-77.0183
BLOCK15/SES157/SA157S11	SES292	-1.4862	-78.5045	-77.0183
BLOCK15/SES157/SA157S21	SES127	-0.424652	-79.7255	-79.3009
BLOCK15/SES157/SA157S21	SES148	-1.58698	-80.8879	-79.3009
BLOCK15/SES157/SA157S21	SES158	-2.84707	-82.148	-79.3009
BLOCK15/SES157/SA157S21	SES292	-1.83165	-81.1325	-79.3009
BLOCK15/SES157/SA157S24	SES127	-1.82954	-77.7648	-75.9352
BLOCK15/SES157/SA157S24	SES148	-2.07478	-78.01	-75.9352
BLOCK15/SES157/SA157S24	SES183	-0.99585	-76.9311	-75.9352
BLOCK15/SES157/SA157S24	SES292	-1.63944	-77.5747	-75.9352
BLOCK15/SES157/SA157S26	SES007	0.134529	-73.9303	-74.0649
BLOCK15/SES157/SA157S26	SES127	-1.21288	-75.2777	-74.0649
BLOCK15/SES157/SA157S26	SES147	-1.08676	-75.1516	-74.0649
BLOCK15/SES157/SA157S26	SES148	-3.44791	-77.5128	-74.0649
BLOCK16/SES161/SA161S10	SES007	-0.263496	-73.7093	-73.4458
BLOCK16/SES161/SA161S10	SES105	-0.160805	-73.6066	-73.4458
BLOCK16/SES161/SA161S10	SES158	0.0990601	-73.3467	-73.4458
BLOCK16/SES161/SA161S10	SES275	-0.661285	-74.1071	-73.4458
BLOCK16/SES161/SA161S12	SES007	-0.759178	-76.322	-75.5628
BLOCK16/SES161/SA161S12	SES105	-1.28079	-76.8436	-75.5628
BLOCK16/SES161/SA161S12	SES158	-0.787399	-76.3502	-75.5628
BLOCK16/SES161/SA161S12	SES275	-0.89444	-76.4572	-75.5628
BLOCK16/SES161/SA161S20	SES007	-1.07249	-74.9999	-73.9274
BLOCK16/SES161/SA161S20	SES105	-2.84397	-76.7713	-73.9274
BLOCK16/SES161/SA161S20	SES158	-0.318558	-74.2459	-73.9274
BLOCK16/SES161/SA161S20	SES275	-2.33583	-76.2632	-73.9274
BLOCK16/SES161/SA161S23	SES007	-1.83889	-80.4346	-78.5957
BLOCK16/SES161/SA161S23	SES105	-0.593292	-79.189	-78.5957
BLOCK16/SES161/SA161S23	SES148	-0.856934	-79.4526	-78.5957
BLOCK16/SES161/SA161S23	SES158	-2.24816	-80.8438	-78.5957
BLOCK16/SES161/SA161S28	SES007	-0.86293	-72.7695	-71.9066
BLOCK16/SES161/SA161S28	SES105	-1.88562	-73.7922	-71.9066
BLOCK16/SES161/SA161S28	SES158	-0.127007	-72.0336	-71.9066
BLOCK16/SES161/SA161S28	SES206	-0.603867	-72.5105	-71.9066
BLOCK16/SES164/SA164S11	SES104	-0.564674	-81.7462	-81.1815
BLOCK16/SES164/SA164S11	SES125	-0.398033	-81.5796	-81.1815
BLOCK16/SES164/SA164S11	SES158	-0.58004	-81.7616	-81.1815
BLOCK16/SES164/SA164S11	SES206	-1.01302	-82.1945	-81.1815
BLOCK16/SES164/SA164S13	SES099	-0.186584	-81.1938	-81.0072
BLOCK16/SES164/SA164S13	SES104	-0.797508	-81.8048	-81.0072
BLOCK16/SES164/SA164S13	SES125	-1.20002	-82.2073	-81.0072
BLOCK16/SES164/SA164S13	SES206	-1.7429	-82.7501	-81.0072
BLOCK16/SES164/SA164S24	SES002	1.3624	-78.5665	-79.9289
BLOCK16/SES164/SA164S24	SES099	-0.152687	-80.0816	-79.9289
BLOCK16/SES164/SA164S24	SES125	-0.561699	-80.4906	-79.9289
BLOCK16/SES164/SA164S24	SES226	0.554634	-79.3743	-79.9289
BLOCK16/SES164/SA164S27	SES087	-0.341591	-82.3204	-81.9788
BLOCK16/SES164/SA164S27	SES125	-0.0128326	-81.9916	-81.9788
BLOCK16/SES164/SA164S27	SES206	-1.58018	-83.559	-81.9788
BLOCK16/SES164/SA164S27	SES226	-0.313797	-82.2926	-81.9788
BLOCK16/SES164/SA164S29	SES002	0.770531	-78.7261	-79.4967
BLOCK16/SES164/SA164S29	SES019	-0.269745	-79.7664	-79.4967
BLOCK16/SES164/SA164S29	SES125	-0.0171585	-79.5138	-79.4967
BLOCK16/SES164/SA164S29	SES226	-0.369308	-79.866	-79.4967
BLOCK16/SES169/SA169S13	SES117	-1.15562	-77.7347	-76.5791
BLOCK16/SES169/SA169S13	SES144	-1.02933	-77.6084	-76.5791
BLOCK16/SES169/SA169S13	SES146	-1.74664	-78.3257	-76.5791
BLOCK16/SES169/SA169S13	SES162	-1.2949	-77.874	-76.5791
BLOCK16/SES169/SA169S14	SES144	-0.152473	-74.4825	-74.3301
BLOCK16/SES169/SA169S14	SES148	-2.08031	-76.4104	-74.3301
BLOCK16/SES169/SA169S14	SES177	-0.88092	-75.211	-74.3301
BLOCK16/SES169/SA169S14	SES180	-0.0155029	-74.3456	-74.3301
BLOCK16/SES169/SA169S24	SES117	-0.278954	-79.9577	-79.6787
BLOCK16/SES169/SA169S24	SES144	-0.810875	-80.4896	-79.6787
BLOCK16/SES169/SA169S24	SES146	-1.20448	-80.8832	-79.6787
BLOCK16/SES169/SA169S24	SES162	-0.763161	-80.4419	-79.6787
BLOCK16/SES169/SA169S27	SES127	-0.381271	-74.3835	-74.0022
BLOCK16/SES169/SA169S27	SES129	-0.961426	-74.9636	-74.0022
BLOCK16/SES169/SA169S27	SES144	-1.18066	-75.1829	-74.0022
BLOCK16/SES169/SA169S27	SES146	-1.28244	-75.2846	-74.0022
BLOCK16/SES169/SA169S29	SES144	-0.320488	-74.7103	-74.3898
BLOCK16/SES169/SA169S29	SES162	0.860886	-73.5289	-74.3898
BLOCK16/SES169/SA169S29	SES177	-0.767715	-75.1575	-74.3898
BLOCK16/SES169/SA169S29	SES180	-0.400551	-74.7903	-74.3898
BLOCK17/SES171/SA171S12	SES083	-1.81461	-82.1639	-80.3493
BLOCK17/SES171/SA171S12	SES148	-1.7212	-82.0705	-80.3493
BLOCK17/SES171/SA171S12	SES172	-0.711647	-81.0609	-80.3493
BLOCK17/SES171/SA171S12	SES292	-1.61451	-81.9638	-80.3493
BLOCK17/SES171/SA171S15	SES148	-2.77755	-81.9884	-79.2108
BLOCK17/SES171/SA171S15	SES177	-1.59351	-80.8043	-79.2108
BLOCK17/SES171/SA171S15	SES180	-0.569122	-79.7799	-79.2108
BLOCK17/SES171/SA171S15	SES292	-2.47574	-81.6866	-79.2108
BLOCK17/SES171/SA171S22	SES007	-1.59724	-76.8167	-75.2195
BLOCK17/SES171/SA171S22	SES148	-2.32621	-77.5457	-75.2195
BLOCK17/SES171/SA171S22	SES177	-0.763794	-75.9833	-75.2195
BLOCK17/SES171/SA171S22	SES180	-0.652878	-75.8724	-75.2195
BLOCK17/SES171/SA171S25	SES101	-2.03065	-83.5938	-81.5631
BLOCK17/SES171/SA171S25	SES120	-2.51411	-84.0772	-81.5631
BLOCK17/SES171/SA171S25	SES177	-2.48077	-84.0439	-81.5631
BLOCK17/SES171/SA171S25	SES180	-7.30535	-88.8685	-81.5631
BLOCK17/SES171/SA171S27	SES177	-0.27552	-77.1536	-76.878
BLOCK17/SES171/SA171S27	SES180	-1.1096	-77.9876	-76.878
BLOCK17/SES171/SA171S27	SES189	-0.487328	-77.3654	-76.878
BLOCK17/SES171/SA171S27	SES292	-1.83699	-78.715	-76.878
BLOCK17/SES173/SA173S13	SES162	-0.664253	-75.4397	-74.7754
BLOCK17/SES173/SA173S13	SES177	-1.2642	-76.0396	-74.7754
BLOCK17/SES173/SA173S13	SES180	-1.15297	-75.9284	-74.7754
BLOCK17/SES173/SA173S13	SES292	-1.60995	-76.3854	-74.7754
BLOCK17/SES173/SA173S14	SES007	-4.91553	-85.6671	-80.7516
BLOCK17/SES173/SA173S14	SES162	-4.9818	-85.7334	-80.7516
BLOCK17/SES173/SA173S14	SES177	-2.90686	-83.6585	-80.7516
BLOCK17/SES173/SA173S14	SES180	-29.0155	-109.767	-80.7516
BLOCK17/SES173/SA173S24	SES144	-2.67756	-84.1395	-81.462
BLOCK17/SES173/SA173S24	SES162	-3.21604	-84.678	-81.462
BLOCK17/SES173/SA173S24	SES177	-1.45095	-82.9129	-81.462
BLOCK17/SES173/SA173S24	SES180	-13.3235	-94.7854	-81.462
BLOCK17/SES173/SA173S27	SES162	-1.68244	-79.2935	-77.611
BLOCK17/SES173/SA173S27	SES177	-1.34009	-78.9511	-77.611
BLOCK17/SES173/SA173S27	SES180	-1.75085	-79.3619	-77.611
BLOCK17/SES173/SA173S27	SES292	-2.0033	-79.6143	-77.611
BLOCK17/SES173/SA173S29	SES162	-1.9195	-86.0402	-84.1207
BLOCK17/SES173/SA173S29	SES175	-0.606178	-84.7269	-84.1207
BLOCK17/SES173/SA173S29	SES177	-1.5881	-85.7088	-84.1207
BLOCK17/SES173/SA173S29	SES292	-1.89732	-86.018	-84.1207
BLOCK18/SES182/SA182S10	SES144	-0.185013	-70.1595	-69.9745
BLOCK18/SES182/SA182S10	SES177	-0.000991821	-69.9755	-69.9745
BLOCK18/SES182/SA182S10	SES180	-0.00390625	-69.9784	-69.9745
BLOCK18/SES182/SA182S10	SES275	-1.00712	-70.9816	-69.9745
BLOCK18/SES182/SA182S12	SES144	-1.09753	-74.5761	-73.4786
BLOCK18/SES182/SA182S12	SES177	-0.718391	-74.197	-73.4786
BLOCK18/SES182/SA182S12	SES180	-1.15116	-74.6297	-73.4786
BLOCK18/SES182/SA182S12	SES275	-0.733315	-74.2119	-73.4786
BLOCK18/SES182/SA182S21	SES117	-0.557373	-75.7258	-75.1684
BLOCK18/SES182/SA182S21	SES144	-0.723183	-75.8916	-75.1684
BLOCK18/SES182/SA182S21	SES162	0.181885	-74.9865	-75.1684
BLOCK18/SES182/SA182S21	SES180	-0.805054	-75.9735	-75.1684
BLOCK18/SES182/SA182S23	SES117	-1.87569	-78.8188	-76.9431
BLOCK18/SES182/SA182S23	SES144	-0.692673	-77.6358	-76.9431
BLOCK18/SES182/SA182S23	SES180	-4.81448	-81.7576	-76.9431
BLOCK18/SES182/SA182S23	SES275	-0.00691986	-76.9501	-76.9431
BLOCK18/SES182/SA182S25	SES007	0.575783	-71.7786	-72.3544
BLOCK18/SES182/SA182S25	SES162	0.137238	-72.2171	-72.3544
BLOCK18/SES182/SA182S25	SES177	-0.923393	-73.2777	-72.3544
BLOCK18/SES182/SA182S25	SES180	-0.154442	-72.5088	-72.3544
BLOCK18/SES184/SA184S12	SES177	-1.21861	-77.4141	-76.1955
BLOCK18/SES184/SA184S12	SES180	-0.980003	-77.1755	-76.1955
BLOCK18/SES184/SA184S12	SES189	-1.12938	-77.3249	-76.1955
BLOCK18/SES184/SA184S12	SES292	-1.32682	-77.5223	-76.1955
BLOCK18/SES184/SA184S13	SES101	-0.336624	-80.3091	-79.9724
BLOCK18/SES184/SA184S13	SES177	-0.792671	-80.7651	-79.9724
BLOCK18/SES184/SA184S13	SES180	-0.163132	-80.1356	-79.9724
BLOCK18/SES184/SA184S13	SES292	-0.887299	-80.8597	-79.9724
BLOCK18/SES184/SA184S22	SES177	-0.955841	-77.1781	-76.2223
BLOCK18/SES184/SA184S22	SES180	-0.633247	-76.8555	-76.2223
BLOCK18/SES184/SA184S22	SES189	-2.09955	-78.3218	-76.2223
BLOCK18/SES184/SA184S22	SES292	-1.99277	-78.2151	-76.2223
BLOCK18/SES184/SA184S25	SES101	-1.31421	-79.975	-78.6608
BLOCK18/SES184/SA184S25	SES177	-1.53333	-80.1942	-78.6608
BLOCK18/SES184/SA184S25	SES180	-0.945854	-79.6067	-78.6608
BLOCK18/SES184/SA184S25	SES292	-1.53569	-80.1965	-78.6608
BLOCK18/SES184/SA184S27	SES083	-2.08324	-79.9553	-77.8721
BLOCK18/SES184/SA184S27	SES177	-2.02245	-79.8945	-77.8721
BLOCK18/SES184/SA184S27	SES202	-2.4742	-80.3463	-77.8721
BLOCK18/SES184/SA184S27	SES292	-2.09016	-79.9622	-77.8721
BLOCK20/SES204/SA204S12	SES062	-0.575943	-76.3099	-75.7339
BLOCK20/SES204/SA204S12	SES083	-0.761368	-76.4953	-75.7339
BLOCK20/SES204/SA204S12	SES206	-0.951035	-76.685	-75.7339
BLOCK20/SES204/SA204S12	SES226	-2.10889	-77.8428	-75.7339
BLOCK20/SES204/SA204S14	SES068	-0.309181	-75.1203	-74.8111
BLOCK20/SES204/SA204S14	SES087	-0.813263	-75.6244	-74.8111
BLOCK20/SES204/SA204S14	SES206	-1.67445	-76.4856	-74.8111
BLOCK20/SES204/SA204S14	SES226	-1.55164	-76.3628	-74.8111
BLOCK20/SES204/SA204S22	SES068	-0.590424	-76.1009	-75.5104
BLOCK20/SES204/SA204S22	SES082	-2.35059	-77.861	-75.5104
BLOCK20/SES204/SA204S22	SES083	-2.09163	-77.6021	-75.5104
BLOCK20/SES204/SA204S22	SES206	-1.70843	-77.2189	-75.5104
BLOCK20/SES204/SA204S25	SES062	-1.48872	-76.258	-74.7692
BLOCK20/SES204/SA204S25	SES083	-0.57576	-75.345	-74.7692
BLOCK20/SES204/SA204S25	SES206	-1.31087	-76.0801	-74.7692
BLOCK20/SES204/SA204S25	SES226	-2.04509	-76.8143	-74.7692
BLOCK20/SES204/SA204S27	SES068	-0.204597	-80.9963	-80.7917
BLOCK20/SES204/SA204S27	SES082	-1.64033	-82.432	-80.7917
BLOCK20/SES204/SA204S27	SES087	0.0102005	-80.7815	-80.7917
BLOCK20/SES204/SA204S27	SES206	-1.81422	-82.6059	-80.7917
BLOCK20/SES207/SA207S10	SES127	-1.05507	-75.9914	-74.9363
BLOCK20/SES207/SA207S10	SES183	-0.567291	-75.5036	-74.9363
BLOCK20/SES207/SA207S10	SES189	-1.64887	-76.5852	-74.9363
BLOCK20/SES207/SA207S10	SES292	-2.14571	-77.082	-74.9363
BLOCK20/SES207/SA207S11	SES127	-1.17317	-83.9302	-82.757
BLOCK20/SES207/SA207S11	SES183	-0.794167	-83.5512	-82.757
BLOCK20/SES207/SA207S11	SES187	-1.94097	-84.698	-82.757
BLOCK20/SES207/SA207S11	SES292	-0.888199	-83.6452	-82.757
BLOCK20/SES207/SA207S25	SES068	-0.0926819	-78.5937	-78.5011
BLOCK20/SES207/SA207S25	SES083	-1.67483	-80.1759	-78.5011
BLOCK20/SES207/SA207S25	SES127	-0.610764	-79.1118	-78.5011
BLOCK20/SES207/SA207S25	SES187	-0.890419	-79.3915	-78.5011
BLOCK20/SES207/SA207S27	SES127	-1.15068	-79.3585	-78.2078
BLOCK20/SES207/SA207S27	SES183	-0.340584	-78.5484	-78.2078
BLOCK20/SES207/SA207S27	SES187	-0.995399	-79.2032	-78.2078
BLOCK20/SES207/SA207S27	SES292	-1.53725	-79.7451	-78.2078
BLOCK20/SES207/SA207S29	SES083	-1.37173	-80.1788	-78.8071
BLOCK20/SES207/SA207S29	SES085	-nan	-nan	-78.8071
BLOCK20/SES207/SA207S29	SES172	-0.432106	-79.2392	-78.8071
BLOCK20/SES207/SA207S29	SES189	-2.45953	-81.2666	-78.8071
BLOCK22/SES221/SA221S12	SES068	-0.531425	-75.4546	-74.9232
BLOCK22/SES221/SA221S12	SES143	-0.486946	-75.4102	-74.9232
BLOCK22/SES221/SA221S12	SES175	-0.411362	-75.3346	-74.9232
BLOCK22/SES221/SA221S12	SES202	0.120056	-74.8032	-74.9232
BLOCK22/SES221/SA221S15	SES085	-nan	-nan	-77.9314
BLOCK22/SES221/SA221S15	SES143	-0.61718	-78.5486	-77.9314
BLOCK22/SES221/SA221S15	SES175	0.0366898	-77.8948	-77.9314
BLOCK22/SES221/SA221S15	SES187	-0.986137	-78.9176	-77.9314
BLOCK22/SES221/SA221S23	SES068	-1.10156	-76.2753	-75.1738
BLOCK22/SES221/SA221S23	SES143	-0.1623	-75.3361	-75.1738
BLOCK22/SES221/SA221S23	SES175	-0.0912857	-75.2651	-75.1738
BLOCK22/SES221/SA221S23	SES189	-0.192024	-75.3658	-75.1738
BLOCK22/SES221/SA221S27	SES085	-nan	-nan	-78.7976
BLOCK22/SES221/SA221S27	SES143	-0.583275	-79.3809	-78.7976
BLOCK22/SES221/SA221S27	SES175	-0.699318	-79.497	-78.7976
BLOCK22/SES221/SA221S27	SES189	0.169342	-78.6283	-78.7976
BLOCK22/SES221/SA221S29	SES085	-nan	-nan	-80.6184
BLOCK22/SES221/SA221S29	SES143	-1.45518	-82.0736	-80.6184
BLOCK22/SES221/SA221S29	SES175	-0.468216	-81.0866	-80.6184
BLOCK22/SES221/SA221S29	SES187	-0.41523	-81.0336	-80.6184
BLOCK22/SES223/SA223S11	SES143	-0.270309	-78.9261	-78.6558
BLOCK22/SES223/SA223S11	SES144	-1.19444	-79.8502	-78.6558
BLOCK22/SES223/SA223S11	SES175	-0.61483	-79.2706	-78.6558
BLOCK22/SES223/SA223S11	SES187	-0.323761	-78.9795	-78.6558
BLOCK22/SES223/SA223S13	SES068	-1.10044	-78.0573	-76.9568
BLOCK22/SES223/SA223S13	SES143	0.0645676	-76.8923	-76.9568
BLOCK22/SES223/SA223S13	SES146	-0.990189	-77.947	-76.9568
BLOCK22/SES223/SA223S13	SES202	0.00572968	-76.9511	-76.9568
BLOCK22/SES223/SA223S22	SES143	-1.22263	-79.2206	-77.998
BLOCK22/SES223/SA223S22	SES144	-1.53722	-79.5352	-77.998
BLOCK22/SES223/SA223S22	SES175	-0.914703	-78.9127	-77.998
BLOCK22/SES223/SA223S22	SES187	-0.458138	-78.4561	-77.998
BLOCK22/SES223/SA223S25	SES068	-0.809792	-79.5339	-78.7241
BLOCK22/SES223/SA223S25	SES143	-1.20824	-79.9323	-78.7241
BLOCK22/SES223/SA223S25	SES175	-0.380989	-79.1051	-78.7241
BLOCK22/SES223/SA223S25	SES187	-1.7486	-80.4727	-78.7241
BLOCK22/SES223/SA223S27	SES143	0.058342	-85.0268	-85.0851
BLOCK22/SES223/SA223S27	SES146	-0.717216	-85.8023	-85.0851
BLOCK22/SES223/SA223S27	SES187	1.08563	-83.9995	-85.0851
BLOCK22/SES223/SA223S27	SES292	-1.05806	-86.1432	-85.0851
BLOCK27/SES273/SA273S12	SES099	0.247513	-73.8191	-74.0666
BLOCK27/SES273/SA273S12	SES104	-0.0260162	-74.0926	-74.0666
BLOCK27/SES273/SA273S12	SES125	-0.441643	-74.5082	-74.0666
BLOCK27/SES273/SA273S12	SES206	0.452431	-73.6142	-74.0666
BLOCK27/SES273/SA273S13	SES099	-0.384552	-77.9578	-77.5733
BLOCK27/SES273/SA273S13	SES104	-1.71933	-79.2926	-77.5733
BLOCK27/SES273/SA273S13	SES206	-0.163277	-77.7365	-77.5733
BLOCK27/SES273/SA273S13	SES292	-0.687485	-78.2608	-77.5733
BLOCK27/SES273/SA273S21	SES099	0.282959	-76.1708	-76.4537
BLOCK27/SES273/SA273S21	SES148	-4.2176	-80.6713	-76.4537
BLOCK27/SES273/SA273S21	SES149	-3.52637	-79.9801	-76.4537
BLOCK27/SES273/SA273S21	SES177	-0.6511	-77.1048	-76.4537
BLOCK27/SES273/SA273S25	SES104	-1.45593	-76.6813	-75.2253
BLOCK27/SES273/SA273S25	SES125	-0.930855	-76.1562	-75.2253
BLOCK27/SES273/SA273S25	SES158	-0.371788	-75.5971	-75.2253
BLOCK27/SES273/SA273S25	SES206	-0.561852	-75.7872	-75.2253
BLOCK27/SES273/SA273S27	SES099	-0.406715	-77.2528	-76.8461
BLOCK27/SES273/SA273S27	SES104	-0.844887	-77.691	-76.8461
BLOCK27/SES273/SA273S27	SES149	-0.4963	-77.3424	-76.8461
BLOCK27/SES273/SA273S27	SES275	-0.920723	-77.7668	-76.8461
BLOCK27/SES274/SA274S10	SES105	-2.40752	-79.3105	-76.9029
BLOCK27/SES274/SA274S10	SES125	-1.40256	-78.3055	-76.9029
BLOCK27/SES274/SA274S10	SES129	-0.482613	-77.3856	-76.9029
BLOCK27/SES274/SA274S10	SES158	-2.70845	-79.6114	-76.9029
BLOCK27/SES274/SA274S11	SES105	-0.854797	-76.1381	-75.2833
BLOCK27/SES274/SA274S11	SES149	-1.87411	-77.1574	-75.2833
BLOCK27/SES274/SA274S11	SES158	-1.21796	-76.5013	-75.2833
BLOCK27/SES274/SA274S11	SES275	-0.683861	-75.9672	-75.2833
BLOCK27/SES274/SA274S21	SES105	-0.699738	-74.1018	-73.4021
BLOCK27/SES274/SA274S21	SES129	-0.566879	-73.969	-73.4021
BLOCK27/SES274/SA274S21	SES149	-0.724297	-74.1264	-73.4021
BLOCK27/SES274/SA274S21	SES158	-1.64151	-75.0436	-73.4021
BLOCK27/SES274/SA274S24	SES105	-1.75928	-77.5293	-75.77
BLOCK27/SES274/SA274S24	SES129	0.2715	-75.4985	-75.77
BLOCK27/SES274/SA274S24	SES149	-1.34669	-77.1167	-75.77
BLOCK27/SES274/SA274S24	SES158	-2.61422	-78.3843	-75.77
BLOCK27/SES274/SA274S29	SES105	-1.88691	-79.6552	-77.7683
BLOCK27/SES274/SA274S29	SES106	-3.81908	-81.5874	-77.7683
BLOCK27/SES274/SA274S29	SES120	-1.35453	-79.1228	-77.7683
BLOCK27/SES274/SA274S29	SES275	-1.37415	-79.1425	-77.7683
BLOCK27/SES276/SA276S16	SES148	-1.87199	-79.304	-77.432
BLOCK27/SES276/SA276S16	SES172	-0.128632	-77.5606	-77.432
BLOCK27/SES276/SA276S16	SES180	-0.129189	-77.5612	-77.432
BLOCK27/SES276/SA276S16	SES292	0.0668564	-77.3652	-77.432
BLOCK27/SES276/SA276S17	SES101	-0.315056	-78.7442	-78.4292
BLOCK27/SES276/SA276S17	SES177	-1.34264	-79.7718	-78.4292
BLOCK27/SES276/SA276S17	SES180	-0.742676	-79.1719	-78.4292
BLOCK27/SES276/SA276S17	SES292	-0.640305	-79.0695	-78.4292
BLOCK27/SES276/SA276S24	SES101	-0.504242	-74.0433	-73.5391
BLOCK27/SES276/SA276S24	SES177	0.14521	-73.3938	-73.5391
BLOCK27/SES276/SA276S24	SES180	0.204071	-73.335	-73.5391
BLOCK27/SES276/SA276S24	SES292	-1.51552	-75.0546	-73.5391
BLOCK27/SES276/SA276S26	SES101	-1.68898	-82.1735	-80.4845
BLOCK27/SES276/SA276S26	SES177	-1.14879	-81.6333	-80.4845
BLOCK27/SES276/SA276S26	SES180	-0.730484	-81.215	-80.4845
BLOCK27/SES276/SA276S26	SES292	-0.714111	-81.1986	-80.4845
BLOCK27/SES276/SA276S28	SES101	-0.637604	-79.2218	-78.5842
BLOCK27/SES276/SA276S28	SES177	-1.05712	-79.6413	-78.5842
BLOCK27/SES276/SA276S28	SES180	0.114685	-78.4695	-78.5842
BLOCK27/SES276/SA276S28	SES292	-0.231239	-78.8155	-78.5842
BLOCK27/SES277/SA277S12	SES101	-0.553032	-76.847	-76.294
BLOCK27/SES277/SA277S12	SES177	-1.64304	-77.937	-76.294
BLOCK27/SES277/SA277S12	SES180	-1.99132	-78.2853	-76.294
BLOCK27/SES277/SA277S12	SES292	-1.29083	-77.5848	-76.294
BLOCK27/SES277/SA277S14	SES177	-0.869507	-79.2971	-78.4276
BLOCK27/SES277/SA277S14	SES180	-1.20901	-79.6366	-78.4276
BLOCK27/SES277/SA277S14	SES189	-0.678246	-79.1059	-78.4276
BLOCK27/SES277/SA277S14	SES292	-2.27274	-80.7003	-78.4276
BLOCK27/SES277/SA277S21	SES177	-0.358719	-75.4291	-75.0704
BLOCK27/SES277/SA277S21	SES180	-0.432442	-75.5028	-75.0704
BLOCK27/SES277/SA277S21	SES189	0.158615	-74.9117	-75.0704
BLOCK27/SES277/SA277S21	SES292	-2.1563	-77.2267	-75.0704
BLOCK27/SES277/SA277S24	SES144	-1.31532	-77.9357	-76.6204
BLOCK27/SES277/SA277S24	SES177	-1.08428	-77.7047	-76.6204
BLOCK27/SES277/SA277S24	SES180	-1.04006	-77.6604	-76.6204
BLOCK27/SES277/SA277S24	SES189	0.383766	-76.2366	-76.6204
BLOCK27/SES277/SA277S29	SES177	-0.239807	-73.8867	-73.6469
BLOCK27/SES277/SA277S29	SES180	-0.448364	-74.0953	-73.6469
BLOCK27/SES277/SA277S29	SES202	-0.228401	-73.8753	-73.6469
BLOCK27/SES277/SA277S29	SES292	-1.84992	-75.4968	-73.6469
BLOCK27/SES279/SA279S09	SES120	-0.952003	-75.8859	-74.9339
BLOCK27/SES279/SA279S09	SES146	0.0221252	-74.9118	-74.9339
BLOCK27/SES279/SA279S09	SES206	-0.503159	-75.437	-74.9339
BLOCK27/SES279/SA279S09	SES226	-0.809677	-75.7436	-74.9339
BLOCK27/SES279/SA279S10	SES099	-0.802399	-75.1802	-74.3778
BLOCK27/SES279/SA279S10	SES206	-0.755318	-75.1331	-74.3778
BLOCK27/SES279/SA279S10	SES226	-1.17924	-75.557	-74.3778
BLOCK27/SES279/SA279S10	SES292	-0.725082	-75.1028	-74.3778
BLOCK27/SES279/SA279S20	SES099	-1.31087	-75.7655	-74.4546
BLOCK27/SES279/SA279S20	SES206	-0.0952759	-74.5499	-74.4546
BLOCK27/SES279/SA279S20	SES226	-1.59788	-76.0525	-74.4546
BLOCK27/SES279/SA279S20	SES292	-0.796112	-75.2507	-74.4546
BLOCK27/SES279/SA279S26	SES099	-1.24409	-77.8886	-76.6445
BLOCK27/SES279/SA279S26	SES206	-0.613052	-77.2576	-76.6445
BLOCK27/SES279/SA279S26	SES226	-1.58679	-78.2313	-76.6445
BLOCK27/SES279/SA279S26	SES292	0.122818	-76.5217	-76.6445
BLOCK27/SES279/SA279S28	SES099	-0.850021	-77.0814	-76.2314
BLOCK27/SES279/SA279S28	SES120	-0.401199	-76.6326	-76.2314
BLOCK27/SES279/SA279S28	SES177	-1.00981	-77.2412	-76.2314
BLOCK27/SES279/SA279S28	SES206	-1.10329	-77.3347	-76.2314
BLOCK29/SES290/SA290S12	SES162	0.15097	-71.5272	-71.6782
BLOCK29/SES290/SA290S12	SES177	-0.36869	-72.0469	-71.6782
BLOCK29/SES290/SA290S12	SES180	-0.57515	-72.2534	-71.6782
BLOCK29/SES290/SA290S12	SES292	-1.59437	-73.2726	-71.6782
BLOCK29/SES290/SA290S13	SES007	-0.356522	-76.03	-75.6735
BLOCK29/SES290/SA290S13	SES162	-1.04845	-76.7219	-75.6735
BLOCK29/SES290/SA290S13	SES177	-0.610703	-76.2842	-75.6735
BLOCK29/SES290/SA290S13	SES180	-1.07508	-76.7486	-75.6735
BLOCK29/SES290/SA290S22	SES177	-0.273788	-75.4637	-75.1899
BLOCK29/SES290/SA290S22	SES180	-0.322746	-75.5127	-75.1899
BLOCK29/SES290/SA290S22	SES202	-0.721764	-75.9117	-75.1899
BLOCK29/SES290/SA290S22	SES292	-1.9775	-77.1674	-75.1899
BLOCK29/SES290/SA290S25	SES162	-1.03847	-76.1949	-75.1564
BLOCK29/SES290/SA290S25	SES177	-0.274323	-75.4308	-75.1564
BLOCK29/SES290/SA290S25	SES180	-16.7252	-91.8816	-75.1564
BLOCK29/SES290/SA290S25	SES292	-1.02217	-76.1786	-75.1564
BLOCK29/SES290/SA290S29	SES177	-0.879608	-76.9292	-76.0496
BLOCK29/SES290/SA290S29	SES180	-2.9202	-78.9698	-76.0496
BLOCK29/SES290/SA290S29	SES275	-1.46837	-77.518	-76.0496
BLOCK29/SES290/SA290S29	SES292	-1.03418	-77.0838	-76.0496
BLOCK29/SES291/SA291S11	SES105	-0.25544	-75.5497	-75.2943
BLOCK29/SES291/SA291S11	SES125	-5.16856	-80.4628	-75.2943
BLOCK29/SES291/SA291S11	SES158	0.157211	-75.1371	-75.2943
BLOCK29/SES291/SA291S11	SES275	-1.34615	-76.6404	-75.2943
BLOCK29/SES291/SA291S12	SES158	1.83351	-67.0595	-68.893
BLOCK29/SES291/SA291S12	SES226	-1.60927	-70.5023	-68.893
BLOCK29/SES291/SA291S12	SES270	1.20706	-67.686	-68.893
BLOCK29/SES291/SA291S12	SES275	-1.8083	-70.7013	-68.893
BLOCK29/SES291/SA291S22	SES082	-1.257	-77.0719	-75.8149
BLOCK29/SES291/SA291S22	SES158	-0.697021	-76.5119	-75.8149
BLOCK29/SES291/SA291S22	SES259	-1.49576	-77.3106	-75.8149
BLOCK29/SES291/SA291S22	SES275	-1.4473	-77.2622	-75.8149
BLOCK29/SES291/SA291S24	SES104	-0.00820923	-75.6024	-75.5942
BLOCK29/SES291/SA291S24	SES125	-0.786797	-76.381	-75.5942
BLOCK29/SES291/SA291S24	SES158	-0.0864716	-75.6806	-75.5942
BLOCK29/SES291/SA291S24	SES275	-1.5765	-77.1707	-75.5942
BLOCK29/SES291/SA291S27	SES158	0.15406	-76.344	-76.4981
BLOCK29/SES291/SA291S27	SES172	-1.51688	-78.015	-76.4981
BLOCK29/SES291/SA291S27	SES275	-1.78997	-78.288	-76.4981
BLOCK29/SES291/SA291S27	SES292	-1.03384	-77.5319	-76.4981
