BLOCK00/SES002/SA002S12	SES002	-0.626366	-76.8	-76.1736
BLOCK00/SES002/SA002S13	SES002	1.82318	-78.21	-80.0332
BLOCK00/SES002/SA002S23	SES002	0.0497971	-77.8556	-77.9054
BLOCK00/SES002/SA002S26	SES002	1.90944	-75.8506	-77.76
BLOCK00/SES002/SA002S28	SES002	0.712975	-77.1575	-77.8705
BLOCK00/SES007/SA007S14	SES007	1.27657	-76.0615	-77.3381
BLOCK00/SES007/SA007S15	SES007	0.0732956	-79.7358	-79.8091
BLOCK00/SES007/SA007S24	SES007	1.10385	-76.4758	-77.5796
BLOCK00/SES007/SA007S27	SES007	-0.40432	-84.1687	-83.7644
BLOCK00/SES007/SA007S29	SES007	-0.468254	-81.4118	-80.9435
BLOCK00/SES008/SA008S11	SES008	1.16634	-83.9116	-85.078
BLOCK00/SES008/SA008S12	SES008	1.16669	-83.6716	-84.8383
BLOCK00/SES008/SA008S19	SES008	1.49615	-85.759	-87.2552
BLOCK00/SES008/SA008S22	SES008	0.153572	-83.7272	-83.8808
BLOCK00/SES008/SA008S29	SES008	1.77621	-83.8281	-85.6043
BLOCK01/SES014/SA014S10	SES014	2.14487	-82.671	-84.8159
BLOCK01/SES014/SA014S12	SES014	1.50817	-78.9947	-80.5029
BLOCK01/SES014/SA014S24	SES014	1.41466	-77.6885	-79.1032
BLOCK01/SES014/SA014S26	SES014	2.07481	-75.7642	-77.839
BLOCK01/SES014/SA014S28	SES014	1.78484	-82.9768	-84.7616
BLOCK01/SES016/SA016S12	SES016	-0.716248	-88.778	-88.0617
BLOCK01/SES016/SA016S13	SES016	-0.0942459	-80.1585	-80.0643
BLOCK01/SES016/SA016S22	SES016	0.545105	-79.7349	-80.28
BLOCK01/SES016/SA016S25	SES016	-0.159843	-76.8861	-76.7263
BLOCK01/SES016/SA016S27	SES016	2.18263	-77.031	-79.2136
BLOCK01/SES019/SA019S13	SES019	0.780792	-78.3069	-79.0877
BLOCK01/SES019/SA019S14	SES019	1.10188	-84.1266	-85.2284
BLOCK01/SES019/SA019S22	SES019	1.71598	-78.4704	-80.1864
BLOCK01/SES019/SA019S25	SES019	0.845726	-81.2761	-82.1218
BLOCK01/SES019/SA019S29	SES019	1.48247	-81.5781	-83.0605
BLOCK02/SES029/SA029S11	SES029	-1.23437	-82.4875	-81.2532
BLOCK02/SES029/SA029S12	SES029	-0.0108643	-76.5925	-76.5816
BLOCK02/SES029/SA029S20	SES029	0.0289917	-83.7589	-83.7878
BLOCK02/SES029/SA029S25	SES029	0.616577	-80.0857	-80.7023
BLOCK02/SES029/SA029S28	SES029	-0.462234	-82.3862	-81.924
BLOCK04/SES042/SA042S12	SES042	1.71786	-78.8714	-80.5893
BLOCK04/SES042/SA042S15	SES042	2.27991	-73.6417	-75.9216
BLOCK04/SES042/SA042S22	SES042	4.34191	-70.4203	-74.7622
BLOCK04/SES042/SA042S25	SES042	2.0291	-77.9693	-79.9984
BLOCK04/SES042/SA042S27	SES042	3.68116	-71.8127	-75.4939
BLOCK04/SES048/SA048S11	SES048	1.36353	-75.3335	-76.6971
BLOCK04/SES048/SA048S12	SES048	0.557892	-77.3591	-77.917
BLOCK04/SES048/SA048S20	SES048	0.81839	-77.9468	-78.7652
BLOCK04/SES048/SA048S23	SES048	0.440239	-82.527	-82.9672
BLOCK04/SES048/SA048S27	SES048	0.232712	-77.6624	-77.8951
BLOCK06/SES060/SA060S11	SES060	0.477516	-75.7925	-76.2701
BLOCK06/SES060/SA060S12	SES060	-0.706863	-79.2624	-78.5555
BLOCK06/SES060/SA060S22	SES060	-0.211311	-81.7205	-81.5092
BLOCK06/SES060/SA060S24	SES060	0.545296	-78.3687	-78.914
BLOCK06/SES060/SA060S28	SES060	1.12158	-76.9788	-78.1004
BLOCK06/SES062/SA062S10	SES062	0.00219727	-77.2241	-77.2263
BLOCK06/SES062/SA062S11	SES062	0.0718307	-82.4955	-82.5673
BLOCK06/SES062/SA062S21	SES062	-0.361671	-75.5882	-75.2266
BLOCK06/SES062/SA062S26	SES062	0.674332	-80.0516	-80.7259
BLOCK06/SES062/SA062S29	SES062	0.340492	-77.9729	-78.3134
BLOCK06/SES068/SA068S14	SES068	0.490685	-80.9346	-81.4253
BLOCK06/SES068/SA068S15	SES068	0.290901	-80.5219	-80.8128
BLOCK06/SES068/SA068S23	SES068	0.426964	-81.8672	-82.2941
BLOCK06/SES068/SA068S27	SES068	1.13303	-78.2845	-79.4176
BLOCK06/SES068/SA068S29	SES068	0.240158	-81.5955	-81.8357
BLOCK08/SES082/SA082S12	SES082	0.363533	-80.3947	-80.7583
BLOCK08/SES082/SA082S14	SES082	0.203934	-84.3101	-84.514
BLOCK08/SES082/SA082S21	SES082	0.930847	-81.6514	-82.5822
BLOCK08/SES082/SA082S24	SES082	1.12878	-79.1074	-80.2362
BLOCK08/SES082/SA082S28	SES082	0.735214	-79.7555	-80.4907
BLOCK08/SES083/SA083S14	SES083	-0.553581	-82.3509	-81.7973
BLOCK08/SES083/SA083S15	SES083	0.566078	-75.7845	-76.3505
BLOCK08/SES083/SA083S24	SES083	0.197273	-78.9756	-79.1729
BLOCK08/SES083/SA083S26	SES083	0.850639	-77.3383	-78.1889
BLOCK08/SES083/SA083S29	SES083	0.112854	-78.4874	-78.6002
BLOCK08/SES085/SA085S10	SES085	-0.105469	-81.0894	-80.9839
BLOCK08/SES085/SA085S13	SES085	0.020874	-82.1794	-82.2003
BLOCK08/SES085/SA085S22	SES085	-0.761147	-84.4831	-83.722
BLOCK08/SES085/SA085S26	SES085	-0.295357	-79.5892	-79.2939
BLOCK08/SES085/SA085S28	SES085	0.134895	-79.2706	-79.4055
BLOCK08/SES087/SA087S15	SES087	0.709808	-83.3428	-84.0526
BLOCK08/SES087/SA087S16	SES087	1.45341	-86.4574	-87.9108
BLOCK08/SES087/SA087S24	SES087	-0.123642	-76.3124	-76.1887
BLOCK08/SES087/SA087S26	SES087	-0.391174	-78.2373	-77.8461
BLOCK08/SES087/SA087S29	SES087	1.98464	-83.0682	-85.0529
BLOCK09/SES099/SA099S15	SES099	0.982445	-77.5776	-78.56
BLOCK09/SES099/SA099S16	SES099	0.798409	-82.1229	-82.9213
BLOCK09/SES099/SA099S24	SES099	0.452621	-82.3098	-82.7624
BLOCK09/SES099/SA099S26	SES099	1.1128	-77.3889	-78.5017
BLOCK09/SES099/SA099S29	SES099	1.04115	-79.7021	-80.7433
BLOCK10/SES101/SA101S11	SES101	1.03136	-76.4361	-77.4675
BLOCK10/SES101/SA101S13	SES101	1.56577	-75.3255	-76.8913
BLOCK10/SES101/SA101S22	SES101	-0.197647	-82.9207	-82.723
BLOCK10/SES101/SA101S24	SES101	1.4183	-76.3207	-77.739
BLOCK10/SES101/SA101S28	SES101	0.392845	-78.9761	-79.369
BLOCK10/SES104/SA104S11	SES104	0.701424	-75.9411	-76.6425
BLOCK10/SES104/SA104S12	SES104	-0.0592651	-83.4803	-83.421
BLOCK10/SES104/SA104S21	SES104	-3.10593	-88.0849	-84.9789
BLOCK10/SES104/SA104S24	SES104	0.306442	-77.1969	-77.5033
BLOCK10/SES104/SA104S28	SES104	1.16908	-81.3844	-82.5535
BLOCK10/SES105/SA105S12	SES105	1.22533	-75.2712	-76.4965
BLOCK10/SES105/SA105S13	SES105	1.0511	-76.3182	-77.3693
BLOCK10/SES105/SA105S22	SES105	0.565033	-79.0856	-79.6506
BLOCK10/SES105/SA105S26	SES105	0.5793	-79.6236	-80.2029
BLOCK10/SES105/SA105S29	SES105	1.10025	-75.5358	-76.6361
BLOCK10/SES106/SA106S09	SES106	1.40309	-77.5258	-78.9289
BLOCK10/SES106/SA106S11	SES106	1.73536	-76.3347	-78.0701
BLOCK10/SES106/SA106S22	SES106	1.741	-76.6108	-78.3518
BLOCK10/SES106/SA106S27	SES106	1.12016	-75.2469	-76.367
BLOCK10/SES106/SA106S29	SES106	1.49446	-74.3045	-75.799
BLOCK11/SES117/SA117S12	SES117	-1.72397	-83.0059	-81.2819
BLOCK11/SES117/SA117S13	SES117	-0.319344	-85.5317	-85.2124
BLOCK11/SES117/SA117S23	SES117	1.28519	-84.6274	-85.9126
BLOCK11/SES117/SA117S25	SES117	0.528244	-80.5092	-81.0375
BLOCK11/SES117/SA117S28	SES117	0.776428	-82.9061	-83.6825
BLOCK12/SES120/SA120S08	SES120	-0.939308	-77.3865	-76.4472
BLOCK12/SES120/SA120S11	SES120	0.311554	-78.94	-79.2515
BLOCK12/SES120/SA120S22	SES120	0.0884552	-79.0776	-79.166
BLOCK12/SES120/SA120S24	SES120	0.332329	-79.9642	-80.2965
BLOCK12/SES120/SA120S28	SES120	0.401062	-83.6568	-84.0578
BLOCK12/SES125/SA125S13	SES125	1.82507	-74.9869	-76.8119
BLOCK12/SES125/SA125S14	SES125	0.873543	-74.9147	-75.7883
BLOCK12/SES125/SA125S25	SES125	2.7522	-79.7557	-82.5079
BLOCK12/SES125/SA125S27	SES125	1.76196	-75.5146	-77.2766
BLOCK12/SES125/SA125S29	SES125	1.51748	-80.6147	-82.1322
BLOCK12/SES127/SA127S11	SES127	-0.391121	-84.7337	-84.3426
BLOCK12/SES127/SA127S12	SES127	0.34333	-78.9507	-79.294
BLOCK12/SES127/SA127S23	SES127	0.413513	-78.7557	-79.1692
BLOCK12/SES127/SA127S25	SES127	-1.17022	-81.4132	-80.243
BLOCK12/SES127/SA127S27	SES127	0.827385	-78.8437	-79.6711
BLOCK12/SES129/SA129S11	SES129	0.934212	-77.4376	-78.3718
BLOCK12/SES129/SA129S12	SES129	1.09595	-76.6215	-77.7175
BLOCK12/SES129/SA129S22	SES129	1.17876	-80.3239	-81.5027
BLOCK12/SES129/SA129S27	SES129	1.36183	-81.1504	-82.5123
BLOCK12/SES129/SA129S29	SES129	0.0869751	-76.3033	-76.3902
BLOCK14/SES142/SA142S11	SES142	3.48075	-79.3114	-82.7922
BLOCK14/SES142/SA142S12	SES142	2.14307	-81.2563	-83.3994
BLOCK14/SES142/SA142S24	SES142	3.78795	-77.8464	-81.6344
BLOCK14/SES142/SA142S27	SES142	2.09415	-80.7447	-82.8388
BLOCK14/SES142/SA142S29	SES142	3.46277	-76.386	-79.8488
BLOCK14/SES143/SA143S12	SES143	0.220947	-81.0134	-81.2343
BLOCK14/SES143/SA143S13	SES143	0.173729	-82.4758	-82.6495
BLOCK14/SES143/SA143S23	SES143	1.18094	-81.2624	-82.4433
BLOCK14/SES143/SA143S25	SES143	1.05861	-79.7391	-80.7977
BLOCK14/SES143/SA143S28	SES143	0.620018	-78.4371	-79.0571
BLOCK14/SES144/SA144S09	SES144	-0.521996	-83.0545	-82.5325
BLOCK14/SES144/SA144S11	SES144	0.698143	-81.5257	-82.2238
BLOCK14/SES144/SA144S21	SES144	0.0765457	-83.5464	-83.6229
BLOCK14/SES144/SA144S25	SES144	0.649078	-81.6058	-82.2549
BLOCK14/SES144/SA144S29	SES144	-0.038765	-83.0875	-83.0487
BLOCK14/SES146/SA146S14	SES146	0.696518	-80.3685	-81.065
BLOCK14/SES146/SA146S15	SES146	-0.232147	-84.8768	-84.6446
BLOCK14/SES146/SA146S24	SES146	1.1108	-75.8213	-76.9321
BLOCK14/SES146/SA146S26	SES146	0.241333	-75.2772	-75.5185
BLOCK14/SES146/SA146S29	SES146	1.32732	-77.3781	-78.7054
BLOCK14/SES147/SA147S11	SES147	-0.574493	-77.7204	-77.1459
BLOCK14/SES147/SA147S13	SES147	0.05439	-80.5571	-80.6114
BLOCK14/SES147/SA147S23	SES147	0.0750046	-80.0914	-80.1664
BLOCK14/SES147/SA147S26	SES147	-0.532646	-80.0405	-79.5079
BLOCK14/SES147/SA147S28	SES147	-0.466858	-80.9388	-80.472
BLOCK14/SES148/SA148S10	SES148	2.71207	-82.9851	-85.6972
BLOCK14/SES148/SA148S12	SES148	-0.347458	-84.0023	-83.6549
BLOCK14/SES148/SA148S22	SES148	1.29328	-82.8401	-84.1334
BLOCK14/SES148/SA148S26	SES148	-3.23049	-81.782	-78.5515
BLOCK14/SES148/SA148S29	SES148	-0.331161	-83.0216	-82.6905
BLOCK14/SES149/SA149S13	SES149	-1.10245	-75.0625	-73.96
BLOCK14/SES149/SA149S14	SES149	0.374039	-83.5072	-83.8813
BLOCK14/SES149/SA149S24	SES149	1.31677	-82.5406	-83.8573
BLOCK14/SES149/SA149S26	SES149	1.99735	-75.7214	-77.7187
BLOCK14/SES149/SA149S28	SES149	0.535103	-80.6719	-81.207
BLOCK15/SES158/SA158S13	SES158	2.44134	-71.7571	-74.1984
BLOCK15/SES158/SA158S14	SES158	0.775925	-79.3265	-80.1024
BLOCK15/SES158/SA158S23	SES158	1.36743	-73.1584	-74.5259
BLOCK15/SES158/SA158S26	SES158	2.42342	-74.2615	-76.685
BLOCK15/SES158/SA158S28	SES158	1.62444	-77.6999	-79.3243
BLOCK16/SES162/SA162S10	SES162	0.453003	-78.3042	-78.7572
BLOCK16/SES162/SA162S11	SES162	0.0303726	-77.8173	-77.8477
BLOCK16/SES162/SA162S21	SES162	1.12586	-79.235	-80.3609
BLOCK16/SES162/SA162S24	SES162	0.316841	-80.3691	-80.6859
BLOCK16/SES162/SA162S27	SES162	0.34536	-79.2117	-79.557
BLOCK16/SES167/SA167S14	SES167	3.01176	-83.086	-86.0977
BLOCK16/SES167/SA167S15	SES167	1.95721	-83.3528	-85.31
BLOCK16/SES167/SA167S21	SES167	2.37462	-85.6166	-87.9912
BLOCK16/SES167/SA167S25	SES167	3.43884	-85.0466	-88.4855
BLOCK16/SES167/SA167S29	SES167	1.1377	-85.6721	-86.8098
BLOCK17/SES172/SA172S12	SES172	0.626274	-80.2334	-80.8596
BLOCK17/SES172/SA172S13	SES172	0.85199	-81.9759	-82.8279
BLOCK17/SES172/SA172S23	SES172	0.662598	-79.2682	-79.9308
BLOCK17/SES172/SA172S27	SES172	-0.0878983	-84.8074	-84.7195
BLOCK17/SES172/SA172S29	SES172	0.502808	-84.969	-85.4719
BLOCK17/SES175/SA175S11	SES175	0.989578	-80.1924	-81.182
BLOCK17/SES175/SA175S13	SES175	0.745346	-76.7151	-77.4604
BLOCK17/SES175/SA175S23	SES175	1.03618	-82.0934	-83.1296
BLOCK17/SES175/SA175S25	SES175	0.975044	-81.703	-82.6781
BLOCK17/SES175/SA175S28	SES175	1.11719	-81.0551	-82.1723
BLOCK17/SES177/SA177S15	SES177	0.90744	-79.4099	-80.3173
BLOCK17/SES177/SA177S17	SES177	-0.0474167	-81.2951	-81.2477
BLOCK17/SES177/SA177S23	SES177	0.153053	-82.363	-82.5161
BLOCK17/SES177/SA177S26	SES177	0.772781	-74.0987	-74.8715
BLOCK17/SES177/SA177S28	SES177	-0.187828	-77.0528	-76.865
BLOCK18/SES180/SA180S13	SES180	0.140968	-79.8315	-79.9724
BLOCK18/SES180/SA180S15	SES180	0.00247192	-83.0284	-83.0309
BLOCK18/SES180/SA180S24	SES180	0.783051	-76.1905	-76.9735
BLOCK18/SES180/SA180S26	SES180	0.504868	-77.7613	-78.2662
BLOCK18/SES180/SA180S29	SES180	-0.0410538	-81.2553	-81.2143
BLOCK18/SES183/SA183S13	SES183	0.444313	-81.6519	-82.0962
BLOCK18/SES183/SA183S14	SES183	-1.65443	-77.1006	-75.4462
BLOCK18/SES183/SA183S24	SES183	0.33577	-80.6873	-81.0231
BLOCK18/SES183/SA183S27	SES183	1.04008	-84.3748	-85.4149
BLOCK18/SES183/SA183S29	SES183	0.559296	-80.2918	-80.8511
BLOCK18/SES187/SA187S13	SES187	0.363174	-82.9824	-83.3456
BLOCK18/SES187/SA187S14	SES187	0.138077	-80.2298	-80.3679
BLOCK18/SES187/SA187S24	SES187	1.85695	-87.1916	-89.0485
BLOCK18/SES187/SA187S27	SES187	-0.384575	-87.8053	-87.4207
BLOCK18/SES187/SA187S29	SES187	1.09953	-80.7394	-81.8389
BLOCK18/SES189/SA189S10	SES189	3.57681	-77.1679	-80.7447
BLOCK18/SES189/SA189S13	SES189	3.69126	-78.9697	-82.661
BLOCK18/SES189/SA189S24	SES189	2.98173	-76.2421	-79.2238
BLOCK18/SES189/SA189S26	SES189	2.25867	-78.932	-81.1907
BLOCK18/SES189/SA189S29	SES189	3.3632	-78.3401	-81.7033
BLOCK20/SES202/SA202S12	SES202	0.904579	-82.418	-83.3226
BLOCK20/SES202/SA202S14	SES202	2.02264	-79.8194	-81.8421
BLOCK20/SES202/SA202S24	SES202	0.393112	-83.5102	-83.9033
BLOCK20/SES202/SA202S27	SES202	1.9614	-81.1505	-83.1119
BLOCK20/SES202/SA202S29	SES202	2.20647	-79.5282	-81.7347
BLOCK20/SES206/SA206S15	SES206	0.522186	-76.4311	-76.9533
BLOCK20/SES206/SA206S17	SES206	1.40799	-76.9408	-78.3488
BLOCK20/SES206/SA206S24	SES206	2.28511	-73.9761	-76.2612
BLOCK20/SES206/SA206S27	SES206	1.89142	-77.074	-78.9655
BLOCK20/SES206/SA206S29	SES206	2.31818	-71.8588	-74.177
BLOCK22/SES226/SA226S12	SES226	0.0966568	-78.6175	-78.7142
BLOCK22/SES226/SA226S13	SES226	-0.966583	-75.8129	-74.8463
BLOCK22/SES226/SA226S20	SES226	0.81279	-79.2447	-80.0575
BLOCK22/SES226/SA226S23	SES226	0.451256	-79.2003	-79.6516
BLOCK22/SES226/SA226S28	SES226	0.746269	-81.9134	-82.6596
BLOCK25/SES259/SA259S13	SES259	2.5714	-71.3623	-73.9337
BLOCK25/SES259/SA259S14	SES259	1.49157	-75.3292	-76.8208
BLOCK25/SES259/SA259S22	SES259	2.31503	-72.0837	-74.3987
BLOCK25/SES259/SA259S24	SES259	2.08559	-71.9767	-74.0623
BLOCK25/SES259/SA259S28	SES259	0.216553	-75.168	-75.3846
BLOCK27/SES270/SA270S14	SES270	0.852737	-80.0031	-80.8559
BLOCK27/SES270/SA270S16	SES270	-0.541656	-79.6104	-79.0688
BLOCK27/SES270/SA270S22	SES270	-0.706688	-80.1921	-79.4854
BLOCK27/SES270/SA270S26	SES270	0.13855	-80.9451	-81.0837
BLOCK27/SES270/SA270S28	SES270	0.00753021	-82.2938	-82.3013
BLOCK27/SES275/SA275S17	SES275	0.0194855	-81.0371	-81.0566
BLOCK27/SES275/SA275S18	SES275	-0.905434	-78.9463	-78.0409
BLOCK27/SES275/SA275S24	SES275	-0.402573	-80.9304	-80.5278
BLOCK27/SES275/SA275S26	SES275	-0.00535583	-79.982	-79.9766
BLOCK27/SES275/SA275S28	SES275	-0.559105	-78.8761	-78.317
BLOCK29/SES292/SA292S10	SES292	-0.0794373	-79.735	-79.6556
BLOCK29/SES292/SA292S12	SES292	-0.133492	-85.173	-85.0395
BLOCK29/SES292/SA292S22	SES292	-1.16485	-79.9065	-78.7416
BLOCK29/SES292/SA292S24	SES292	-0.165947	-84.493	-84.3271
BLOCK29/SES292/SA292S27	SES292	-0.0456238	-80.761	-80.7153
BLOCK00/SES001/SA001S14	SES062	-0.185539	-80.0498	-79.8643
BLOCK00/SES001/SA001S14	SES082	-0.694809	-80.5591	-79.8643
BLOCK00/SES001/SA001S14	SES106	-0.220558	-80.0848	-79.8643
BLOCK00/SES001/SA001S14	SES206	-0.439255	-80.3035	-79.8643
BLOCK00/SES001/SA001S15	SES062	-0.543068	-78.9858	-78.4427
BLOCK00/SES001/SA001S15	SES104	-0.790756	-79.2335	-78.4427
BLOCK00/SES001/SA001S15	SES106	-0.449547	-78.8922	-78.4427
BLOCK00/SES001/SA001S15	SES206	-0.728012	-79.1707	-78.4427
BLOCK00/SES001/SA001S24	SES062	-0.887787	-74.8274	-73.9396
BLOCK00/SES001/SA001S24	SES082	-1.81002	-75.7496	-73.9396
BLOCK00/SES001/SA001S24	SES087	-0.967888	-74.9075	-73.9396
BLOCK00/SES001/SA001S24	SES206	0.0130539	-73.9265	-73.9396
BLOCK00/SES001/SA001S27	SES062	-1.22988	-80.0886	-78.8587
BLOCK00/SES001/SA001S27	SES082	-2.0565	-80.9152	-78.8587
BLOCK00/SES001/SA001S27	SES087	-0.830391	-79.6891	-78.8587
BLOCK00/SES001/SA001S27	SES206	-0.646202	-79.5049	-78.8587
BLOCK00/SES001/SA001S29	SES062	-0.666405	-81.2181	-80.5517
BLOCK00/SES001/SA001S29	SES082	0.242157	-80.3096	-80.5517
BLOCK00/SES001/SA001S29	SES158	-0.532295	-81.084	-80.5517
BLOCK00/SES001/SA001S29	SES206	-0.319847	-80.8716	-80.5517
BLOCK00/SES003/SA003S11	SES002	0.329948	-83.5465	-83.8765
BLOCK00/SES003/SA003S11	SES019	-1.13303	-85.0095	-83.8765
BLOCK00/SES003/SA003S11	SES082	0.455261	-83.4212	-83.8765
BLOCK00/SES003/SA003S11	SES125	0.104797	-83.7717	-83.8765
BLOCK00/SES003/SA003S15	SES016	-1.03807	-78.7158	-77.6777
BLOCK00/SES003/SA003S15	SES019	0.65583	-77.0219	-77.6777
BLOCK00/SES003/SA003S15	SES062	0.928955	-76.7488	-77.6777
BLOCK00/SES003/SA003S15	SES206	0.735085	-76.9426	-77.6777
BLOCK00/SES003/SA003S22	SES002	1.11078	-76.919	-78.0298
BLOCK00/SES003/SA003S22	SES062	0.184601	-77.8452	-78.0298
BLOCK00/SES003/SA003S22	SES082	-0.199699	-78.2295	-78.0298
BLOCK00/SES003/SA003S22	SES087	-0.411095	-78.4409	-78.0298
BLOCK00/SES003/SA003S25	SES062	0.407799	-89.0115	-89.4193
BLOCK00/SES003/SA003S25	SES082	-0.151299	-89.5706	-89.4193
BLOCK00/SES003/SA003S25	SES087	0.799133	-88.6202	-89.4193
BLOCK00/SES003/SA003S25	SES206	-0.444138	-89.8634	-89.4193
BLOCK00/SES003/SA003S29	SES002	0.666855	-84.1656	-84.8325
BLOCK00/SES003/SA003S29	SES062	-0.955627	-85.7881	-84.8325
BLOCK00/SES003/SA003S29	SES082	0.286453	-84.546	-84.8325
BLOCK00/SES003/SA003S29	SES087	-0.302185	-85.1346	-84.8325
BLOCK00/SES004/SA004S12	SES083	-1.1842	-82.3638	-81.1796
BLOCK00/SES004/SA004S12	SES148	-3.95066	-85.1303	-81.1796
BLOCK00/SES004/SA004S12	SES172	-0.587112	-81.7667	-81.1796
BLOCK00/SES004/SA004S12	SES292	-1.90084	-83.0804	-81.1796
BLOCK00/SES004/SA004S17	SES083	-1.24939	-82.1314	-80.882
BLOCK00/SES004/SA004S17	SES162	-0.776283	-81.6583	-80.882
BLOCK00/SES004/SA004S17	SES172	-1.14757	-82.0296	-80.882
BLOCK00/SES004/SA004S17	SES292	-1.28129	-82.1633	-80.882
BLOCK00/SES004/SA004S24	SES083	-1.02557	-80.316	-79.2904
BLOCK00/SES004/SA004S24	SES148	-3.69053	-82.9809	-79.2904
BLOCK00/SES004/SA004S24	SES172	-0.615013	-79.9054	-79.2904
BLOCK00/SES004/SA004S24	SES292	-1.88374	-81.1741	-79.2904
BLOCK00/SES004/SA004S26	SES083	-0.761497	-80.4764	-79.7149
BLOCK00/SES004/SA004S26	SES127	-1.48534	-81.2003	-79.7149
BLOCK00/SES004/SA004S26	SES148	-3.76974	-83.4847	-79.7149
BLOCK00/SES004/SA004S26	SES292	-1.15813	-80.8731	-79.7149
BLOCK00/SES004/SA004S28	SES083	-1.45625	-84.6711	-83.2148
BLOCK00/SES004/SA004S28	SES127	-2.11568	-85.3305	-83.2148
BLOCK00/SES004/SA004S28	SES187	-1.35823	-84.5731	-83.2148
BLOCK00/SES004/SA004S28	SES292	-2.57034	-85.7852	-83.2148
BLOCK00/SES006/SA006S10	SES014	-3.21636	-83.0764	-79.86
BLOCK00/SES006/SA006S10	SES158	-0.789078	-80.6491	-79.86
BLOCK00/SES006/SA006S10	SES226	-2.05867	-81.9187	-79.86
BLOCK00/SES006/SA006S10	SES270	-0.118912	-79.9789	-79.86
BLOCK00/SES006/SA006S11	SES158	-1.30059	-83.5537	-82.2531
BLOCK00/SES006/SA006S11	SES226	-1.95753	-84.2106	-82.2531
BLOCK00/SES006/SA006S11	SES270	-1.22332	-83.4764	-82.2531
BLOCK00/SES006/SA006S11	SES275	-1.94848	-84.2016	-82.2531
BLOCK00/SES006/SA006S23	SES062	-0.437653	-87.0688	-86.6312
BLOCK00/SES006/SA006S23	SES105	-1.57485	-88.206	-86.6312
BLOCK00/SES006/SA006S23	SES158	-1.16672	-87.7979	-86.6312
BLOCK00/SES006/SA006S23	SES275	-0.933632	-87.5648	-86.6312
BLOCK00/SES006/SA006S26	SES104	0.226715	-84.0438	-84.2705
BLOCK00/SES006/SA006S26	SES158	-0.47776	-84.7483	-84.2705
BLOCK00/SES006/SA006S26	SES270	0.428459	-83.8421	-84.2705
BLOCK00/SES006/SA006S26	SES275	-1.05128	-85.3218	-84.2705
BLOCK00/SES006/SA006S28	SES007	0.035553	-80.0345	-80.0701
BLOCK00/SES006/SA006S28	SES105	-0.23777	-80.3079	-80.0701
BLOCK00/SES006/SA006S28	SES158	-0.262024	-80.3321	-80.0701
BLOCK00/SES006/SA006S28	SES275	-1.21297	-81.2831	-80.0701
BLOCK00/SES009/SA009S12	SES083	-1.72868	-81.6564	-79.9277
BLOCK00/SES009/SA009S12	SES148	-3.35958	-83.2873	-79.9277
BLOCK00/SES009/SA009S12	SES177	-1.67802	-81.6057	-79.9277
BLOCK00/SES009/SA009S12	SES292	-1.74249	-81.6702	-79.9277
BLOCK00/SES009/SA009S15	SES007	0.774734	-78.0794	-78.8541
BLOCK00/SES009/SA009S15	SES099	-0.462975	-79.3171	-78.8541
BLOCK00/SES009/SA009S15	SES148	-2.30396	-81.1581	-78.8541
BLOCK00/SES009/SA009S15	SES172	-0.627357	-79.4815	-78.8541
BLOCK00/SES009/SA009S24	SES146	-1.51396	-82.1804	-80.6665
BLOCK00/SES009/SA009S24	SES148	-2.77328	-83.4398	-80.6665
BLOCK00/SES009/SA009S24	SES177	-1.11016	-81.7766	-80.6665
BLOCK00/SES009/SA009S24	SES292	-1.78464	-82.4511	-80.6665
BLOCK00/SES009/SA009S26	SES083	-1.53492	-81.623	-80.0881
BLOCK00/SES009/SA009S26	SES101	-0.947166	-81.0353	-80.0881
BLOCK00/SES009/SA009S26	SES120	-1.54591	-81.634	-80.0881
BLOCK00/SES009/SA009S26	SES177	-2.66991	-82.758	-80.0881
BLOCK00/SES009/SA009S29	SES083	-1.55793	-82.7212	-81.1633
BLOCK00/SES009/SA009S29	SES101	-0.904755	-82.068	-81.1633
BLOCK00/SES009/SA009S29	SES177	-2.18204	-83.3453	-81.1633
BLOCK00/SES009/SA009S29	SES292	-1.38766	-82.5509	-81.1633
BLOCK01/SES011/SA011S10	SES019	0.72998	-78.8352	-79.5652
BLOCK01/SES011/SA011S10	SES042	1.24574	-78.3195	-79.5652
BLOCK01/SES011/SA011S10	SES082	-0.514816	-80.08	-79.5652
BLOCK01/SES011/SA011S10	SES206	0.673096	-78.8921	-79.5652
BLOCK01/SES011/SA011S11	SES019	-1.25316	-79.9773	-78.7241
BLOCK01/SES011/SA011S11	SES042	0.292664	-78.4315	-78.7241
BLOCK01/SES011/SA011S11	SES082	-1.86754	-80.5917	-78.7241
BLOCK01/SES011/SA011S11	SES206	-0.62896	-79.3531	-78.7241
BLOCK01/SES011/SA011S22	SES019	-0.440964	-81.4998	-81.0589
BLOCK01/SES011/SA011S22	SES042	1.13254	-79.9263	-81.0589
BLOCK01/SES011/SA011S22	SES082	-0.993095	-82.052	-81.0589
BLOCK01/SES011/SA011S22	SES206	-0.240822	-81.2997	-81.0589
BLOCK01/SES011/SA011S24	SES019	-0.0615005	-79.7415	-79.68
BLOCK01/SES011/SA011S24	SES042	2.37124	-77.3088	-79.68
BLOCK01/SES011/SA011S24	SES104	0.234337	-79.4457	-79.68
BLOCK01/SES011/SA011S24	SES206	0.298302	-79.3817	-79.68
BLOCK01/SES011/SA011S27	SES082	0.500854	-82.364	-82.8649
BLOCK01/SES011/SA011S27	SES087	-0.471588	-83.3364	-82.8649
BLOCK01/SES011/SA011S27	SES125	0.65448	-82.2104	-82.8649
BLOCK01/SES011/SA011S27	SES206	-0.717789	-83.5826	-82.8649
BLOCK01/SES012/SA012S11	SES007	1.01212	-73.8052	-74.8173
BLOCK01/SES012/SA012S11	SES082	-1.26871	-76.086	-74.8173
BLOCK01/SES012/SA012S11	SES083	0.315643	-74.5016	-74.8173
BLOCK01/SES012/SA012S11	SES206	1.25302	-73.5642	-74.8173
BLOCK01/SES012/SA012S14	SES082	-0.531761	-76.5895	-76.0577
BLOCK01/SES012/SA012S14	SES087	-1.5983	-77.656	-76.0577
BLOCK01/SES012/SA012S14	SES206	-0.00215149	-76.0598	-76.0577
BLOCK01/SES012/SA012S14	SES292	-2.24188	-78.2996	-76.0577
BLOCK01/SES012/SA012S24	SES082	-0.417427	-80.2801	-79.8626
BLOCK01/SES012/SA012S24	SES087	-1.35244	-81.2151	-79.8626
BLOCK01/SES012/SA012S24	SES120	-1.75005	-81.6127	-79.8626
BLOCK01/SES012/SA012S24	SES206	-0.0286026	-79.8912	-79.8626
BLOCK01/SES012/SA012S26	SES019	0.239647	-78.2677	-78.5074
BLOCK01/SES012/SA012S26	SES082	-0.407211	-78.9146	-78.5074
BLOCK01/SES012/SA012S26	SES206	0.623329	-77.884	-78.5074
BLOCK01/SES012/SA012S26	SES292	-1.05254	-79.5599	-78.5074
BLOCK01/SES012/SA012S29	SES062	0.314133	-75.8139	-76.128
BLOCK01/SES012/SA012S29	SES082	-0.770409	-76.8984	-76.128
BLOCK01/SES012/SA012S29	SES083	-0.371819	-76.4998	-76.128
BLOCK01/SES012/SA012S29	SES206	1.44402	-74.684	-76.128
BLOCK01/SES013/SA013S16	SES062	-0.951523	-85.1114	-84.1599
BLOCK01/SES013/SA013S16	SES106	-0.931915	-85.0918	-84.1599
BLOCK01/SES013/SA013S16	SES206	-0.8535	-85.0134	-84.1599
BLOCK01/SES013/SA013S16	SES226	-0.887764	-85.0477	-84.1599
BLOCK01/SES013/SA013S17	SES062	-0.638069	-85.2442	-84.6061
BLOCK01/SES013/SA013S17	SES106	-0.911842	-85.518	-84.6061
BLOCK01/SES013/SA013S17	SES206	-0.818291	-85.4244	-84.6061
BLOCK01/SES013/SA013S17	SES226	-0.0554886	-84.6616	-84.6061
BLOCK01/SES013/SA013S23	SES104	-1.2768	-86.8662	-85.5894
BLOCK01/SES013/SA013S23	SES106	-0.841347	-86.4307	-85.5894
BLOCK01/SES013/SA013S23	SES206	-1.63501	-87.2244	-85.5894
BLOCK01/SES013/SA013S23	SES270	-1.11865	-86.708	-85.5894
BLOCK01/SES013/SA013S25	SES042	-1.29127	-83.6884	-82.3971
BLOCK01/SES013/SA013S25	SES104	0.52903	-81.8681	-82.3971
BLOCK01/SES013/SA013S25	SES106	0.187653	-82.2094	-82.3971
BLOCK01/SES013/SA013S25	SES206	0.0937042	-82.3034	-82.3971
BLOCK01/SES013/SA013S29	SES062	-0.690865	-84.0184	-83.3275
BLOCK01/SES013/SA013S29	SES104	-1.02539	-84.3529	-83.3275
BLOCK01/SES013/SA013S29	SES106	-1.37571	-84.7032	-83.3275
BLOCK01/SES013/SA013S29	SES206	-1.78484	-85.1124	-83.3275
BLOCK02/SES021/SA021S13	SES016	-1.08638	-80.6862	-79.5998
BLOCK02/SES021/SA021S13	SES029	-0.326195	-79.926	-79.5998
BLOCK02/SES021/SA021S13	SES087	-0.439514	-80.0393	-79.5998
BLOCK02/SES021/SA021S13	SES206	1.0788	-78.521	-79.5998
BLOCK02/SES021/SA021S15	SES087	-0.271614	-79.9755	-79.7039
BLOCK02/SES021/SA021S15	SES125	0.942795	-78.7611	-79.7039
BLOCK02/SES021/SA021S15	SES206	-0.887421	-80.5913	-79.7039
BLOCK02/SES021/SA021S15	SES226	-0.956802	-80.6607	-79.7039
BLOCK02/SES021/SA021S23	SES062	-1.42365	-87.3023	-85.8786
BLOCK02/SES021/SA021S23	SES087	-0.102402	-85.981	-85.8786
BLOCK02/SES021/SA021S23	SES206	-1.10517	-86.9838	-85.8786
BLOCK02/SES021/SA021S23	SES226	0.303665	-85.575	-85.8786
BLOCK02/SES021/SA021S27	SES002	-0.576637	-84.4443	-83.8676
BLOCK02/SES021/SA021S27	SES016	-3.06636	-86.934	-83.8676
BLOCK02/SES021/SA021S27	SES019	-1.43799	-85.3056	-83.8676
BLOCK02/SES021/SA021S27	SES062	-0.301331	-84.169	-83.8676
BLOCK02/SES021/SA021S29	SES087	0.370056	-85.925	-86.2951
BLOCK02/SES021/SA021S29	SES125	-1.79044	-88.0855	-86.2951
BLOCK02/SES021/SA021S29	SES206	0.101936	-86.1932	-86.2951
BLOCK02/SES021/SA021S29	SES226	0.64492	-85.6502	-86.2951
BLOCK04/SES043/SA043S09	SES083	-0.592468	-78.2641	-77.6716
BLOCK04/SES043/SA043S09	SES101	-0.473503	-78.1451	-77.6716
BLOCK04/SES043/SA043S09	SES144	-0.880539	-78.5522	-77.6716
BLOCK04/SES043/SA043S09	SES172	-1.32696	-78.9986	-77.6716
BLOCK04/SES043/SA043S11	SES083	0.508682	-76.9748	-77.4835
BLOCK04/SES043/SA043S11	SES101	-0.523064	-78.0065	-77.4835
BLOCK04/SES043/SA043S11	SES144	-0.660355	-78.1438	-77.4835
BLOCK04/SES043/SA043S11	SES172	-1.05323	-78.5367	-77.4835
BLOCK04/SES043/SA043S23	SES083	0.0231171	-80.254	-80.2771
BLOCK04/SES043/SA043S23	SES144	-0.142036	-80.4191	-80.2771
BLOCK04/SES043/SA043S23	SES177	-1.59714	-81.8742	-80.2771
BLOCK04/SES043/SA043S23	SES275	-1.04419	-81.3213	-80.2771
BLOCK04/SES043/SA043S26	SES083	-1.17158	-78.6678	-77.4962
BLOCK04/SES043/SA043S26	SES101	-0.8993	-78.3955	-77.4962
BLOCK04/SES043/SA043S26	SES144	-0.0707092	-77.567	-77.4962
BLOCK04/SES043/SA043S26	SES177	-1.44324	-78.9395	-77.4962
BLOCK04/SES043/SA043S28	SES016	-1.40548	-79.9485	-78.543
BLOCK04/SES043/SA043S28	SES083	-0.396301	-78.9393	-78.543
BLOCK04/SES043/SA043S28	SES101	-0.412598	-78.9556	-78.543
BLOCK04/SES043/SA043S28	SES144	-1.56245	-80.1055	-78.543
BLOCK04/SES044/SA044S10	SES127	-1.06318	-84.1035	-83.0403
BLOCK04/SES044/SA044S10	SES144	0.748268	-82.2921	-83.0403
BLOCK04/SES044/SA044S10	SES147	-1.67982	-84.7202	-83.0403
BLOCK04/SES044/SA044S10	SES148	-1.74805	-84.7884	-83.0403
BLOCK04/SES044/SA044S11	SES101	-1.7676	-80.7216	-78.954
BLOCK04/SES044/SA044S11	SES144	-0.345764	-79.2998	-78.954
BLOCK04/SES044/SA044S11	SES147	-1.19788	-80.1519	-78.954
BLOCK04/SES044/SA044S11	SES177	-0.282967	-79.237	-78.954
BLOCK04/SES044/SA044S24	SES007	-0.649208	-79.9433	-79.2941
BLOCK04/SES044/SA044S24	SES101	-0.791504	-80.0856	-79.2941
BLOCK04/SES044/SA044S24	SES147	-1.16569	-80.4598	-79.2941
BLOCK04/SES044/SA044S24	SES177	-0.973328	-80.2674	-79.2941
BLOCK04/SES044/SA044S26	SES007	-1.57903	-82.5119	-80.9329
BLOCK04/SES044/SA044S26	SES016	-0.510185	-81.4431	-80.9329
BLOCK04/SES044/SA044S26	SES101	-0.869247	-81.8022	-80.9329
BLOCK04/SES044/SA044S26	SES147	-0.657104	-81.59	-80.9329
BLOCK04/SES044/SA044S29	SES007	-1.40231	-80.0674	-78.665
BLOCK04/SES044/SA044S29	SES101	-0.811798	-79.4768	-78.665
BLOCK04/SES044/SA044S29	SES147	-1.26208	-79.9271	-78.665
BLOCK04/SES044/SA044S29	SES177	-0.816452	-79.4815	-78.665
BLOCK04/SES046/SA046S13	SES101	-1.29887	-86.3698	-85.0709
BLOCK04/SES046/SA046S13	SES144	-0.211487	-85.2824	-85.0709
BLOCK04/SES046/SA046S13	SES147	-1.31885	-86.3898	-85.0709
BLOCK04/SES046/SA046S13	SES177	-0.79847	-85.8694	-85.0709
BLOCK04/SES046/SA046S15	SES048	-2.4231	-80.2463	-77.8232
BLOCK04/SES046/SA046S15	SES083	-1.26962	-79.0928	-77.8232
BLOCK04/SES046/SA046S15	SES120	-1.64203	-79.4652	-77.8232
BLOCK04/SES046/SA046S15	SES148	-3.83273	-81.6559	-77.8232
BLOCK04/SES046/SA046S22	SES101	-0.940346	-82.1907	-81.2504
BLOCK04/SES046/SA046S22	SES144	0.441933	-80.8084	-81.2504
BLOCK04/SES046/SA046S22	SES147	-0.795586	-82.046	-81.2504
BLOCK04/SES046/SA046S22	SES172	-0.253334	-81.5037	-81.2504
BLOCK04/SES046/SA046S25	SES083	0.0222549	-77.2681	-77.2903
BLOCK04/SES046/SA046S25	SES127	-1.43152	-78.7218	-77.2903
BLOCK04/SES046/SA046S25	SES144	-1.65953	-78.9498	-77.2903
BLOCK04/SES046/SA046S25	SES148	-3.16875	-80.4591	-77.2903
BLOCK04/SES046/SA046S28	SES007	-0.711029	-81.6368	-80.9258
BLOCK04/SES046/SA046S28	SES105	-2.134	-83.0598	-80.9258
BLOCK04/SES046/SA046S28	SES147	-1.71431	-82.6401	-80.9258
BLOCK04/SES046/SA046S28	SES148	-3.25664	-84.1824	-80.9258
BLOCK04/SES049/SA049S16	SES104	-3.19347	-92.0036	-88.8102
BLOCK04/SES049/SA049S16	SES106	-11.1933	-100.003	-88.8102
BLOCK04/SES049/SA049S16	SES120	-2.4471	-91.2572	-88.8102
BLOCK04/SES049/SA049S16	SES206	-2.34801	-91.1582	-88.8102
BLOCK04/SES049/SA049S18	SES099	-0.445557	-84.0568	-83.6113
BLOCK04/SES049/SA049S18	SES104	-2.15199	-85.7633	-83.6113
BLOCK04/SES049/SA049S18	SES125	-1.24708	-84.8584	-83.6113
BLOCK04/SES049/SA049S18	SES206	-1.35281	-84.9641	-83.6113
BLOCK04/SES049/SA049S25	SES087	-1.11354	-86.9353	-85.8218
BLOCK04/SES049/SA049S25	SES104	-0.256706	-86.0785	-85.8218
BLOCK04/SES049/SA049S25	SES125	-4.87022	-90.692	-85.8218
BLOCK04/SES049/SA049S25	SES206	-1.48676	-87.3086	-85.8218
BLOCK04/SES049/SA049S27	SES099	-0.157051	-86.0202	-85.8631
BLOCK04/SES049/SA049S27	SES104	-0.279625	-86.1428	-85.8631
BLOCK04/SES049/SA049S27	SES125	-0.499405	-86.3625	-85.8631
BLOCK04/SES049/SA049S27	SES206	-0.795425	-86.6586	-85.8631
BLOCK04/SES049/SA049S29	SES099	0.465591	-83.9701	-84.4357
BLOCK04/SES049/SA049S29	SES104	-0.556915	-84.9926	-84.4357
BLOCK04/SES049/SA049S29	SES125	-1.30708	-85.7428	-84.4357
BLOCK04/SES049/SA049S29	SES206	0.144745	-84.291	-84.4357
BLOCK06/SES063/SA063S09	SES068	-0.275894	-81.0064	-80.7305
BLOCK06/SES063/SA063S09	SES083	-0.173676	-80.9042	-80.7305
BLOCK06/SES063/SA063S09	SES177	-0.3256	-81.0561	-80.7305
BLOCK06/SES063/SA063S09	SES187	-0.576096	-81.3066	-80.7305
BLOCK06/SES063/SA063S10	SES068	-0.295235	-81.0015	-80.7063
BLOCK06/SES063/SA063S10	SES083	-0.874451	-81.5807	-80.7063
BLOCK06/SES063/SA063S10	SES172	0.630692	-80.0756	-80.7063
BLOCK06/SES063/SA063S10	SES187	-1.44029	-82.1466	-80.7063
BLOCK06/SES063/SA063S20	SES068	-1.04109	-81.0578	-80.0167
BLOCK06/SES063/SA063S20	SES083	-0.540497	-80.5572	-80.0167
BLOCK06/SES063/SA063S20	SES172	0.08461	-79.9321	-80.0167
BLOCK06/SES063/SA063S20	SES187	0.0464706	-79.9702	-80.0167
BLOCK06/SES063/SA063S24	SES029	-0.4711	-78.1963	-77.7252
BLOCK06/SES063/SA063S24	SES083	-0.191826	-77.917	-77.7252
BLOCK06/SES063/SA063S24	SES177	-0.111946	-77.8372	-77.7252
BLOCK06/SES063/SA063S24	SES189	-2.19662	-79.9218	-77.7252
BLOCK06/SES063/SA063S27	SES083	-0.276924	-77.7448	-77.4678
BLOCK06/SES063/SA063S27	SES172	-0.188042	-77.6559	-77.4678
BLOCK06/SES063/SA063S27	SES187	-1.30361	-78.7715	-77.4678
BLOCK06/SES063/SA063S27	SES292	-3.50892	-80.9768	-77.4678
BLOCK06/SES067/SA067S12	SES083	-1.26708	-81.2503	-79.9832
BLOCK06/SES067/SA067S12	SES172	-0.414352	-80.3975	-79.9832
BLOCK06/SES067/SA067S12	SES202	-0.422676	-80.4059	-79.9832
BLOCK06/SES067/SA067S12	SES292	-1.73488	-81.7181	-79.9832
BLOCK06/SES067/SA067S14	SES085	-1.85531	-79.855	-77.9997
BLOCK06/SES067/SA067S14	SES177	-1.64744	-79.6471	-77.9997
BLOCK06/SES067/SA067S14	SES183	0.502457	-77.4973	-77.9997
BLOCK06/SES067/SA067S14	SES202	-2.8262	-80.8259	-77.9997
BLOCK06/SES067/SA067S21	SES144	1.49786	-82.3875	-83.8853
BLOCK06/SES067/SA067S21	SES177	-0.378471	-84.2638	-83.8853
BLOCK06/SES067/SA067S21	SES183	0.446449	-83.4389	-83.8853
BLOCK06/SES067/SA067S21	SES189	0.470505	-83.4148	-83.8853
BLOCK06/SES067/SA067S25	SES085	-0.838104	-79.5167	-78.6786
BLOCK06/SES067/SA067S25	SES177	0.722664	-77.9559	-78.6786
BLOCK06/SES067/SA067S25	SES183	-0.709648	-79.3882	-78.6786
BLOCK06/SES067/SA067S25	SES202	0.84285	-77.8357	-78.6786
BLOCK06/SES067/SA067S29	SES085	-0.292458	-83.474	-83.1816
BLOCK06/SES067/SA067S29	SES177	-0.463776	-83.6453	-83.1816
BLOCK06/SES067/SA067S29	SES183	0.143021	-83.0385	-83.1816
BLOCK06/SES067/SA067S29	SES202	-0.427483	-83.609	-83.1816
BLOCK06/SES069/SA069S12	SES029	-1.98845	-82.7165	-80.7281
BLOCK06/SES069/SA069S12	SES082	0.398239	-80.3298	-80.7281
BLOCK06/SES069/SA069S12	SES087	-0.71656	-81.4446	-80.7281
BLOCK06/SES069/SA069S12	SES206	1.11304	-79.6151	-80.7281
BLOCK06/SES069/SA069S13	SES029	-2.89367	-88.3056	-85.4119
BLOCK06/SES069/SA069S13	SES087	0.502914	-84.909	-85.4119
BLOCK06/SES069/SA069S13	SES206	-0.125832	-85.5377	-85.4119
BLOCK06/SES069/SA069S13	SES226	0.0567017	-85.3552	-85.4119
BLOCK06/SES069/SA069S23	SES029	-0.837891	-80.5949	-79.757
BLOCK06/SES069/SA069S23	SES087	1.04969	-78.7073	-79.757
BLOCK06/SES069/SA069S23	SES206	0.219696	-79.5373	-79.757
BLOCK06/SES069/SA069S23	SES226	1.3207	-78.4363	-79.757
BLOCK06/SES069/SA069S25	SES087	-0.603935	-80.9564	-80.3525
BLOCK06/SES069/SA069S25	SES206	-1.91906	-82.2715	-80.3525
BLOCK06/SES069/SA069S25	SES226	-0.172569	-80.525	-80.3525
BLOCK06/SES069/SA069S25	SES270	-0.901176	-81.2536	-80.3525
BLOCK06/SES069/SA069S27	SES087	0.990036	-81.2162	-82.2062
BLOCK06/SES069/SA069S27	SES206	-0.110138	-82.3164	-82.2062
BLOCK06/SES069/SA069S27	SES226	0.351295	-81.8549	-82.2062
BLOCK06/SES069/SA069S27	SES270	-0.500618	-82.7068	-82.2062
BLOCK08/SES081/SA081S11	SES060	-0.408073	-85.2805	-84.8724
BLOCK08/SES081/SA081S11	SES062	-2.02462	-86.8971	-84.8724
BLOCK08/SES081/SA081S11	SES117	-0.831841	-85.7043	-84.8724
BLOCK08/SES081/SA081S11	SES162	-0.548393	-85.4208	-84.8724
BLOCK08/SES081/SA081S13	SES016	0.0178299	-78.3275	-78.3453
BLOCK08/SES081/SA081S13	SES060	-0.300774	-78.6461	-78.3453
BLOCK08/SES081/SA081S13	SES068	-0.0797043	-78.425	-78.3453
BLOCK08/SES081/SA081S13	SES129	-1.55546	-79.9008	-78.3453
BLOCK08/SES081/SA081S24	SES060	1.05758	-82.2669	-83.3245
BLOCK08/SES081/SA081S24	SES068	0.528595	-82.7959	-83.3245
BLOCK08/SES081/SA081S24	SES117	-0.55262	-83.8771	-83.3245
BLOCK08/SES081/SA081S24	SES275	-0.842453	-84.1669	-83.3245
BLOCK08/SES081/SA081S27	SES007	-2.0992	-83.1135	-81.0143
BLOCK08/SES081/SA081S27	SES060	-0.319283	-81.3336	-81.0143
BLOCK08/SES081/SA081S27	SES117	-0.158417	-81.1728	-81.0143
BLOCK08/SES081/SA081S27	SES275	-1.91448	-82.9288	-81.0143
BLOCK08/SES081/SA081S29	SES007	-0.656662	-80.4079	-79.7512
BLOCK08/SES081/SA081S29	SES060	0.525078	-79.2262	-79.7512
BLOCK08/SES081/SA081S29	SES117	0.299179	-79.452	-79.7512
BLOCK08/SES081/SA081S29	SES275	-1.86169	-81.6129	-79.7512
BLOCK08/SES086/SA086S11	SES029	-3.17997	-87.1661	-83.9862
BLOCK08/SES086/SA086S11	SES082	-1.07973	-85.0659	-83.9862
BLOCK08/SES086/SA086S11	SES087	-1.58799	-85.5742	-83.9862
BLOCK08/SES086/SA086S11	SES206	-1.55452	-85.5407	-83.9862
BLOCK08/SES086/SA086S12	SES029	-3.39935	-82.7362	-79.3369
BLOCK08/SES086/SA086S12	SES082	-1.83678	-81.1736	-79.3369
BLOCK08/SES086/SA086S12	SES087	-1.15018	-80.487	-79.3369
BLOCK08/SES086/SA086S12	SES206	-1.1099	-80.4468	-79.3369
BLOCK08/SES086/SA086S20	SES029	-1.50068	-80.1114	-78.6108
BLOCK08/SES086/SA086S20	SES082	1.33263	-77.2781	-78.6108
BLOCK08/SES086/SA086S20	SES087	-0.262566	-78.8733	-78.6108
BLOCK08/SES086/SA086S20	SES206	1.50599	-77.1048	-78.6108
BLOCK08/SES086/SA086S24	SES087	-1.50445	-80.044	-78.5396
BLOCK08/SES086/SA086S24	SES104	-0.760643	-79.3002	-78.5396
BLOCK08/SES086/SA086S24	SES120	-2.07202	-80.6116	-78.5396
BLOCK08/SES086/SA086S24	SES206	-0.0486603	-78.5882	-78.5396
BLOCK08/SES086/SA086S28	SES029	-1.77258	-78.7163	-76.9437
BLOCK08/SES086/SA086S28	SES082	-0.432915	-77.3767	-76.9437
BLOCK08/SES086/SA086S28	SES087	-0.554214	-77.498	-76.9437
BLOCK08/SES086/SA086S28	SES206	0.699394	-76.2443	-76.9437
BLOCK08/SES089/SA089S13	SES087	-0.466576	-85.9284	-85.4619
BLOCK08/SES089/SA089S13	SES206	-0.479836	-85.9417	-85.4619
BLOCK08/SES089/SA089S13	SES226	-0.271034	-85.7329	-85.4619
BLOCK08/SES089/SA089S13	SES270	-1.19193	-86.6538	-85.4619
BLOCK08/SES089/SA089S14	SES062	-0.54245	-84.4119	-83.8695
BLOCK08/SES089/SA089S14	SES087	-0.334305	-84.2038	-83.8695
BLOCK08/SES089/SA089S14	SES206	0.504013	-83.3655	-83.8695
BLOCK08/SES089/SA089S14	SES226	-0.176003	-84.0455	-83.8695
BLOCK08/SES089/SA089S23	SES087	-0.10891	-86.9134	-86.8045
BLOCK08/SES089/SA089S23	SES206	-0.66729	-87.4717	-86.8045
BLOCK08/SES089/SA089S23	SES226	0.231712	-86.5727	-86.8045
BLOCK08/SES089/SA089S23	SES270	-1.39517	-88.1996	-86.8045
BLOCK08/SES089/SA089S25	SES062	0.44278	-83.3357	-83.7785
BLOCK08/SES089/SA089S25	SES087	0.378197	-83.4003	-83.7785
BLOCK08/SES089/SA089S25	SES206	-0.430939	-84.2094	-83.7785
BLOCK08/SES089/SA089S25	SES226	0.900963	-82.8775	-83.7785
BLOCK08/SES089/SA089S28	SES062	-0.348793	-86.5621	-86.2134
BLOCK08/SES089/SA089S28	SES087	0.965111	-85.2482	-86.2134
BLOCK08/SES089/SA089S28	SES206	0.682137	-85.5312	-86.2134
BLOCK08/SES089/SA089S28	SES226	1.20683	-85.0065	-86.2134
BLOCK09/SES097/SA097S11	SES099	-0.436684	-87.7953	-87.3586
BLOCK09/SES097/SA097S11	SES125	-8.19185	-95.5505	-87.3586
BLOCK09/SES097/SA097S11	SES206	-3.42974	-90.7884	-87.3586
BLOCK09/SES097/SA097S11	SES226	-0.839973	-88.1986	-87.3586
BLOCK09/SES097/SA097S14	SES062	-0.949028	-90.4488	-89.4997
BLOCK09/SES097/SA097S14	SES099	-1.01954	-90.5193	-89.4997
BLOCK09/SES097/SA097S14	SES104	-0.762909	-90.2627	-89.4997
BLOCK09/SES097/SA097S14	SES206	-2.59856	-92.0983	-89.4997
BLOCK09/SES097/SA097S22	SES099	-0.377357	-88.9741	-88.5967
BLOCK09/SES097/SA097S22	SES206	-1.50289	-90.0996	-88.5967
BLOCK09/SES097/SA097S22	SES226	0.00228119	-88.5944	-88.5967
BLOCK09/SES097/SA097S22	SES270	0.167625	-88.4291	-88.5967
BLOCK09/SES097/SA097S26	SES099	-0.0668259	-86.6187	-86.5519
BLOCK09/SES097/SA097S26	SES120	-0.791405	-87.3433	-86.5519
BLOCK09/SES097/SA097S26	SES206	-1.966	-88.5179	-86.5519
BLOCK09/SES097/SA097S26	SES226	-0.673943	-87.2258	-86.5519
BLOCK09/SES097/SA097S28	SES099	0.457809	-83.4287	-83.8865
BLOCK09/SES097/SA097S28	SES120	-1.90133	-85.7878	-83.8865
BLOCK09/SES097/SA097S28	SES206	-1.57417	-85.4606	-83.8865
BLOCK09/SES097/SA097S28	SES226	-1.10057	-84.987	-83.8865
BLOCK09/SES098/SA098S11	SES127	-1.98277	-81.9129	-79.9301
BLOCK09/SES098/SA098S11	SES144	-0.760719	-80.6909	-79.9301
BLOCK09/SES098/SA098S11	SES147	-1.21789	-81.148	-79.9301
BLOCK09/SES098/SA098S11	SES148	-5.01556	-84.9457	-79.9301
BLOCK09/SES098/SA098S12	SES127	-2.74792	-88.0476	-85.2997
BLOCK09/SES098/SA098S12	SES144	-1.67361	-86.9733	-85.2997
BLOCK09/SES098/SA098S12	SES147	-1.31609	-86.6158	-85.2997
BLOCK09/SES098/SA098S12	SES189	-1.13299	-86.4327	-85.2997
BLOCK09/SES098/SA098S20	SES127	-2.11429	-87.1616	-85.0474
BLOCK09/SES098/SA098S20	SES147	-0.557793	-85.6051	-85.0474
BLOCK09/SES098/SA098S20	SES148	-3.81884	-88.8662	-85.0474
BLOCK09/SES098/SA098S20	SES292	-2.27692	-87.3243	-85.0474
BLOCK09/SES098/SA098S23	SES127	-0.0373077	-82.0182	-81.9809
BLOCK09/SES098/SA098S23	SES147	-0.508514	-82.4894	-81.9809
BLOCK09/SES098/SA098S23	SES187	0.257248	-81.7236	-81.9809
BLOCK09/SES098/SA098S23	SES292	-1.94073	-83.9216	-81.9809
BLOCK09/SES098/SA098S27	SES127	-3.20104	-86.0044	-82.8033
BLOCK09/SES098/SA098S27	SES147	-1.53902	-84.3423	-82.8033
BLOCK09/SES098/SA098S27	SES148	-4.17026	-86.9736	-82.8033
BLOCK09/SES098/SA098S27	SES292	-1.58379	-84.3871	-82.8033
BLOCK10/SES102/SA102S13	SES101	-0.407829	-81.3186	-80.9107
BLOCK10/SES102/SA102S13	SES105	-2.5693	-83.48	-80.9107
BLOCK10/SES102/SA102S13	SES120	-1.62379	-82.5345	-80.9107
BLOCK10/SES102/SA102S13	SES158	-2.90672	-83.8174	-80.9107
BLOCK10/SES102/SA102S14	SES007	0.324867	-76.856	-77.1809
BLOCK10/SES102/SA102S14	SES101	1.00753	-76.1734	-77.1809
BLOCK10/SES102/SA102S14	SES105	-0.201218	-77.3821	-77.1809
BLOCK10/SES102/SA102S14	SES147	-2.15462	-79.3355	-77.1809
BLOCK10/SES102/SA102S22	SES007	0.429688	-75.0567	-75.4864
BLOCK10/SES102/SA102S22	SES101	-0.844383	-76.3307	-75.4864
BLOCK10/SES102/SA102S22	SES105	-0.980675	-76.467	-75.4864
BLOCK10/SES102/SA102S22	SES158	-0.889923	-76.3763	-75.4864
BLOCK10/SES102/SA102S25	SES007	0.882278	-75.7234	-76.6057
BLOCK10/SES102/SA102S25	SES101	0.0454178	-76.5603	-76.6057
BLOCK10/SES102/SA102S25	SES105	-0.410187	-77.0159	-76.6057
BLOCK10/SES102/SA102S25	SES147	-2.56228	-79.168	-76.6057
BLOCK10/SES102/SA102S27	SES007	-0.34639	-84.1521	-83.8057
BLOCK10/SES102/SA102S27	SES101	-1.05156	-84.8573	-83.8057
BLOCK10/SES102/SA102S27	SES105	-1.3213	-85.127	-83.8057
BLOCK10/SES102/SA102S27	SES147	-2.07547	-85.8812	-83.8057
BLOCK10/SES103/SA103S14	SES105	-0.499756	-77.9784	-77.4786
BLOCK10/SES103/SA103S14	SES106	-0.626228	-78.1048	-77.4786
BLOCK10/SES103/SA103S14	SES120	-2.211	-79.6896	-77.4786
BLOCK10/SES103/SA103S14	SES206	0.108047	-77.3706	-77.4786
BLOCK10/SES103/SA103S15	SES099	-0.893394	-87.9792	-87.0858
BLOCK10/SES103/SA103S15	SES101	-1.90079	-88.9866	-87.0858
BLOCK10/SES103/SA103S15	SES104	-0.215324	-87.3011	-87.0858
BLOCK10/SES103/SA103S15	SES125	-11.6388	-98.7246	-87.0858
BLOCK10/SES103/SA103S24	SES104	0.039093	-81.428	-81.467
BLOCK10/SES103/SA103S24	SES125	-0.500496	-81.9675	-81.467
BLOCK10/SES103/SA103S24	SES148	-3.19555	-84.6626	-81.467
BLOCK10/SES103/SA103S24	SES158	-0.0901947	-81.5572	-81.467
BLOCK10/SES103/SA103S26	SES104	-0.718353	-81.0966	-80.3783
BLOCK10/SES103/SA103S26	SES106	-0.349915	-80.7282	-80.3783
BLOCK10/SES103/SA103S26	SES125	-0.872169	-81.2505	-80.3783
BLOCK10/SES103/SA103S26	SES148	-3.59392	-83.9722	-80.3783
BLOCK10/SES103/SA103S28	SES104	0.0451355	-87.7487	-87.7938
BLOCK10/SES103/SA103S28	SES106	-6.46851	-94.2623	-87.7938
BLOCK10/SES103/SA103S28	SES125	-1.88116	-89.675	-87.7938
BLOCK10/SES103/SA103S28	SES206	-0.183601	-87.9774	-87.7938
BLOCK12/SES121/SA121S12	SES042	-0.278564	-77.4658	-77.1872
BLOCK12/SES121/SA121S12	SES087	-1.67043	-78.8576	-77.1872
BLOCK12/SES121/SA121S12	SES105	1.0987	-76.0885	-77.1872
BLOCK12/SES121/SA121S12	SES206	0.822609	-76.3646	-77.1872
BLOCK12/SES121/SA121S14	SES007	-0.124321	-76.9371	-76.8127
BLOCK12/SES121/SA121S14	SES105	-0.59243	-77.4052	-76.8127
BLOCK12/SES121/SA121S14	SES106	-0.433746	-77.2465	-76.8127
BLOCK12/SES121/SA121S14	SES206	-0.499176	-77.3119	-76.8127
BLOCK12/SES121/SA121S23	SES105	0.675407	-77.8028	-78.4782
BLOCK12/SES121/SA121S23	SES106	0.328255	-78.15	-78.4782
BLOCK12/SES121/SA121S23	SES120	-2.20428	-80.6825	-78.4782
BLOCK12/SES121/SA121S23	SES206	0.640747	-77.8375	-78.4782
BLOCK12/SES121/SA121S25	SES007	-0.270973	-77.2392	-76.9682
BLOCK12/SES121/SA121S25	SES105	0.168922	-76.7993	-76.9682
BLOCK12/SES121/SA121S25	SES106	-0.623512	-77.5917	-76.9682
BLOCK12/SES121/SA121S25	SES206	-0.356911	-77.3251	-76.9682
BLOCK12/SES121/SA121S27	SES087	-1.52287	-81.2373	-79.7144
BLOCK12/SES121/SA121S27	SES105	0.496841	-79.2176	-79.7144
BLOCK12/SES121/SA121S27	SES120	-0.717278	-80.4317	-79.7144
BLOCK12/SES121/SA121S27	SES206	0.411545	-79.3029	-79.7144
BLOCK12/SES124/SA124S16	SES042	0.930138	-74.3096	-75.2397
BLOCK12/SES124/SA124S16	SES082	-0.135094	-75.3748	-75.2397
BLOCK12/SES124/SA124S16	SES183	-1.1684	-76.4081	-75.2397
BLOCK12/SES124/SA124S16	SES206	-0.203667	-75.4434	-75.2397
BLOCK12/SES124/SA124S17	SES105	-0.0177612	-78.9939	-78.9761
BLOCK12/SES124/SA124S17	SES149	-0.32827	-79.3044	-78.9761
BLOCK12/SES124/SA124S17	SES158	-0.281265	-79.2574	-78.9761
BLOCK12/SES124/SA124S17	SES275	-0.549156	-79.5253	-78.9761
BLOCK12/SES124/SA124S23	SES105	-1.02864	-78.7917	-77.763
BLOCK12/SES124/SA124S23	SES125	0.63382	-77.1292	-77.763
BLOCK12/SES124/SA124S23	SES129	-0.526077	-78.2891	-77.763
BLOCK12/SES124/SA124S23	SES158	-1.02562	-78.7887	-77.763
BLOCK12/SES124/SA124S26	SES105	-1.24816	-81.5049	-80.2567
BLOCK12/SES124/SA124S26	SES125	1.06215	-79.1946	-80.2567
BLOCK12/SES124/SA124S26	SES129	-1.19891	-81.4557	-80.2567
BLOCK12/SES124/SA124S26	SES158	-0.276932	-80.5337	-80.2567
BLOCK12/SES124/SA124S28	SES104	-0.0860901	-77.7806	-77.6945
BLOCK12/SES124/SA124S28	SES106	-0.203842	-77.8983	-77.6945
BLOCK12/SES124/SA124S28	SES125	0.765755	-76.9287	-77.6945
BLOCK12/SES124/SA124S28	SES275	-1.32443	-79.0189	-77.6945
BLOCK12/SES126/SA126S13	SES007	-1.47928	-82.3547	-80.8754
BLOCK12/SES126/SA126S13	SES162	0.606827	-80.2686	-80.8754
BLOCK12/SES126/SA126S13	SES177	-0.265495	-81.1409	-80.8754
BLOCK12/SES126/SA126S13	SES180	-0.331215	-81.2066	-80.8754
BLOCK12/SES126/SA126S14	SES144	-0.344223	-79.1023	-78.7581
BLOCK12/SES126/SA126S14	SES148	-2.26119	-81.0193	-78.7581
BLOCK12/SES126/SA126S14	SES177	-0.388634	-79.1467	-78.7581
BLOCK12/SES126/SA126S14	SES180	0.347763	-78.4103	-78.7581
BLOCK12/SES126/SA126S20	SES007	-1.40212	-79.6739	-78.2718
BLOCK12/SES126/SA126S20	SES162	-0.389267	-78.661	-78.2718
BLOCK12/SES126/SA126S20	SES172	-2.87855	-81.1503	-78.2718
BLOCK12/SES126/SA126S20	SES180	0.172829	-78.0989	-78.2718
BLOCK12/SES126/SA126S24	SES120	0.131165	-80.1327	-80.2639
BLOCK12/SES126/SA126S24	SES162	1.19079	-79.0731	-80.2639
BLOCK12/SES126/SA126S24	SES177	0.558846	-79.705	-80.2639
BLOCK12/SES126/SA126S24	SES180	1.81393	-78.45	-80.2639
BLOCK12/SES126/SA126S26	SES120	0.356712	-80.4926	-80.8493
BLOCK12/SES126/SA126S26	SES177	0.23896	-80.6104	-80.8493
BLOCK12/SES126/SA126S26	SES180	0.467621	-80.3817	-80.8493
BLOCK12/SES126/SA126S26	SES202	-0.538498	-81.3878	-80.8493
BLOCK12/SES128/SA128S10	SES087	-0.755501	-76.8404	-76.0849
BLOCK12/SES128/SA128S10	SES206	-0.950294	-77.0352	-76.0849
BLOCK12/SES128/SA128S10	SES226	-1.58212	-77.6671	-76.0849
BLOCK12/SES128/SA128S10	SES270	-0.65126	-76.7362	-76.0849
BLOCK12/SES128/SA128S12	SES120	-1.1928	-79.1436	-77.9508
BLOCK12/SES128/SA128S12	SES158	-0.719765	-78.6706	-77.9508
BLOCK12/SES128/SA128S12	SES206	-0.991432	-78.9422	-77.9508
BLOCK12/SES128/SA128S12	SES226	-1.23441	-79.1852	-77.9508
BLOCK12/SES128/SA128S21	SES106	-0.17218	-85.7471	-85.575
BLOCK12/SES128/SA128S21	SES120	-0.700912	-86.2759	-85.575
BLOCK12/SES128/SA128S21	SES206	-0.565865	-86.1408	-85.575
BLOCK12/SES128/SA128S21	SES226	0.496346	-85.0786	-85.575
BLOCK12/SES128/SA128S24	SES087	-0.683899	-80.9987	-80.3148
BLOCK12/SES128/SA128S24	SES120	-0.732674	-81.0475	-80.3148
BLOCK12/SES128/SA128S24	SES206	0.433945	-79.8809	-80.3148
BLOCK12/SES128/SA128S24	SES226	-0.528725	-80.8436	-80.3148
BLOCK12/SES128/SA128S27	SES099	-0.00731659	-76.6915	-76.6842
BLOCK12/SES128/SA128S27	SES120	-0.692818	-77.377	-76.6842
BLOCK12/SES128/SA128S27	SES206	-0.361938	-77.0461	-76.6842
BLOCK12/SES128/SA128S27	SES226	-0.0147324	-76.6989	-76.6842
BLOCK13/SES130/SA130S13	SES143	-1.31295	-84.9106	-83.5977
BLOCK13/SES130/SA130S13	SES144	-0.454651	-84.0523	-83.5977
BLOCK13/SES130/SA130S13	SES146	-1.06441	-84.6621	-83.5977
BLOCK13/SES130/SA130S13	SES275	-0.788925	-84.3866	-83.5977
BLOCK13/SES130/SA130S15	SES143	-1.41178	-81.3339	-79.9221
BLOCK13/SES130/SA130S15	SES144	-0.440308	-80.3624	-79.9221
BLOCK13/SES130/SA130S15	SES146	-1.14803	-81.0702	-79.9221
BLOCK13/SES130/SA130S15	SES275	-0.608719	-80.5309	-79.9221
BLOCK13/SES130/SA130S23	SES127	-0.887978	-83.9084	-83.0204
BLOCK13/SES130/SA130S23	SES144	-0.32576	-83.3462	-83.0204
BLOCK13/SES130/SA130S23	SES146	-1.09857	-84.119	-83.0204
BLOCK13/SES130/SA130S23	SES162	-1.47027	-84.4907	-83.0204
BLOCK13/SES130/SA130S25	SES127	-2.92889	-78.5067	-75.5778
BLOCK13/SES130/SA130S25	SES144	-0.810928	-76.3888	-75.5778
BLOCK13/SES130/SA130S25	SES146	0.390045	-75.1878	-75.5778
BLOCK13/SES130/SA130S25	SES275	-0.334724	-75.9126	-75.5778
BLOCK13/SES130/SA130S28	SES127	-1.79568	-83.1161	-81.3204
BLOCK13/SES130/SA130S28	SES144	-1.43217	-82.7525	-81.3204
BLOCK13/SES130/SA130S28	SES146	-0.601852	-81.9222	-81.3204
BLOCK13/SES130/SA130S28	SES275	-0.791504	-82.1119	-81.3204
BLOCK13/SES131/SA131S13	SES002	-0.682579	-80.9846	-80.3021
BLOCK13/SES131/SA131S13	SES007	-0.808533	-81.1106	-80.3021
BLOCK13/SES131/SA131S13	SES099	-0.632896	-80.935	-80.3021
BLOCK13/SES131/SA131S13	SES105	-0.637817	-80.9399	-80.3021
BLOCK13/SES131/SA131S14	SES104	0.727737	-76.6423	-77.3701
BLOCK13/SES131/SA131S14	SES106	-2.14363	-79.5137	-77.3701
BLOCK13/SES131/SA131S14	SES125	-0.180977	-77.5511	-77.3701
BLOCK13/SES131/SA131S14	SES148	-1.65828	-79.0284	-77.3701
BLOCK13/SES131/SA131S20	SES104	-0.528923	-86.1676	-85.6386
BLOCK13/SES131/SA131S20	SES106	-1.585	-87.2236	-85.6386
BLOCK13/SES131/SA131S20	SES125	-0.758842	-86.3975	-85.6386
BLOCK13/SES131/SA131S20	SES148	-1.35093	-86.9896	-85.6386
BLOCK13/SES131/SA131S22	SES099	-0.339096	-77.446	-77.1069
BLOCK13/SES131/SA131S22	SES104	-0.240318	-77.3473	-77.1069
BLOCK13/SES131/SA131S22	SES125	0.440659	-76.6663	-77.1069
BLOCK13/SES131/SA131S22	SES206	-0.896561	-78.0035	-77.1069
BLOCK13/SES131/SA131S29	SES087	-1.19442	-82.6621	-81.4677
BLOCK13/SES131/SA131S29	SES104	-0.563675	-82.0313	-81.4677
BLOCK13/SES131/SA131S29	SES125	-1.05641	-82.5241	-81.4677
BLOCK13/SES131/SA131S29	SES206	-2.36836	-83.836	-81.4677
BLOCK13/SES132/SA132S11	SES083	-0.219994	-76.2979	-76.0779
BLOCK13/SES132/SA132S11	SES120	0.129799	-75.9481	-76.0779
BLOCK13/SES132/SA132S11	SES127	-0.431549	-76.5094	-76.0779
BLOCK13/SES132/SA132S11	SES275	-1.3113	-77.3892	-76.0779
BLOCK13/SES132/SA132S12	SES083	-1.35995	-80.9932	-79.6332
BLOCK13/SES132/SA132S12	SES143	-0.880051	-80.5133	-79.6332
BLOCK13/SES132/SA132S12	SES144	0.344643	-79.2886	-79.6332
BLOCK13/SES132/SA132S12	SES148	-0.44397	-80.0772	-79.6332
BLOCK13/SES132/SA132S22	SES062	-0.562622	-79.4606	-78.898
BLOCK13/SES132/SA132S22	SES083	-0.637016	-79.535	-78.898
BLOCK13/SES132/SA132S22	SES127	0.338371	-78.5596	-78.898
BLOCK13/SES132/SA132S22	SES275	-1.39908	-80.2971	-78.898
BLOCK13/SES132/SA132S24	SES007	-0.855759	-78.0688	-77.2131
BLOCK13/SES132/SA132S24	SES083	-0.728889	-77.9419	-77.2131
BLOCK13/SES132/SA132S24	SES127	-0.346642	-77.5597	-77.2131
BLOCK13/SES132/SA132S24	SES275	-1.63274	-78.8458	-77.2131
BLOCK13/SES132/SA132S27	SES083	-1.22012	-84.4193	-83.1992
BLOCK13/SES132/SA132S27	SES120	0.11998	-83.0792	-83.1992
BLOCK13/SES132/SA132S27	SES127	-1.57951	-84.7787	-83.1992
BLOCK13/SES132/SA132S27	SES275	-1.46544	-84.6646	-83.1992
BLOCK14/SES141/SA141S09	SES143	-0.406456	-79.8798	-79.4733
BLOCK14/SES141/SA141S09	SES144	0.104752	-79.3685	-79.4733
BLOCK14/SES141/SA141S09	SES162	0.863617	-78.6097	-79.4733
BLOCK14/SES141/SA141S09	SES180	-0.00279999	-79.4761	-79.4733
BLOCK14/SES141/SA141S15	SES127	0.39534	-79.5875	-79.9828
BLOCK14/SES141/SA141S15	SES144	0.519218	-79.4636	-79.9828
BLOCK14/SES141/SA141S15	SES162	0.79023	-79.1926	-79.9828
BLOCK14/SES141/SA141S15	SES180	0.120926	-79.8619	-79.9828
BLOCK14/SES141/SA141S24	SES127	-0.561363	-79.7951	-79.2338
BLOCK14/SES141/SA141S24	SES144	-0.369446	-79.6032	-79.2338
BLOCK14/SES141/SA141S24	SES162	0.384056	-78.8497	-79.2338
BLOCK14/SES141/SA141S24	SES183	-2.22189	-81.4556	-79.2338
BLOCK14/SES141/SA141S26	SES142	1.23485	-81.5339	-82.7687
BLOCK14/SES141/SA141S26	SES144	-0.309906	-83.0786	-82.7687
BLOCK14/SES141/SA141S26	SES172	-0.193855	-82.9626	-82.7687
BLOCK14/SES141/SA141S26	SES180	1.48232	-81.2864	-82.7687
BLOCK14/SES141/SA141S29	SES127	0.576553	-77.2605	-77.8371
BLOCK14/SES141/SA141S29	SES142	0.997307	-76.8398	-77.8371
BLOCK14/SES141/SA141S29	SES144	0.157661	-77.6794	-77.8371
BLOCK14/SES141/SA141S29	SES180	1.31768	-76.5194	-77.8371
BLOCK15/SES157/SA157S08	SES083	-0.739006	-81.2763	-80.5372
BLOCK15/SES157/SA157S08	SES127	-2.15959	-82.6968	-80.5372
BLOCK15/SES157/SA157S08	SES148	-2.42171	-82.959	-80.5372
BLOCK15/SES157/SA157S08	SES292	-1.19994	-81.7372	-80.5372
BLOCK15/SES157/SA157S11	SES083	-1.44132	-82.0288	-80.5875
BLOCK15/SES157/SA157S11	SES127	-3.33465	-83.9221	-80.5875
BLOCK15/SES157/SA157S11	SES148	-3.30544	-83.8929	-80.5875
BLOCK15/SES157/SA157S11	SES292	-2.12195	-82.7094	-80.5875
BLOCK15/SES157/SA157S21	SES127	-2.30965	-84.9834	-82.6737
BLOCK15/SES157/SA157S21	SES148	-1.77592	-84.4497	-82.6737
BLOCK15/SES157/SA157S21	SES158	-3.89677	-86.5705	-82.6737
BLOCK15/SES157/SA157S21	SES292	-2.02717	-84.7009	-82.6737
BLOCK15/SES157/SA157S24	SES127	-1.50023	-80.7355	-79.2352
BLOCK15/SES157/SA157S24	SES148	-2.12355	-81.3588	-79.2352
BLOCK15/SES157/SA157S24	SES183	-1.13082	-80.366	-79.2352
BLOCK15/SES157/SA157S24	SES292	-2.31912	-81.5543	-79.2352
BLOCK15/SES157/SA157S26	SES007	0.609894	-76.7335	-77.3434
BLOCK15/SES157/SA157S26	SES127	-1.33325	-78.6767	-77.3434
BLOCK15/SES157/SA157S26	SES147	-0.917435	-78.2609	-77.3434
BLOCK15/SES157/SA157S26	SES148	-3.50587	-80.8493	-77.3434
BLOCK16/SES161/SA161S10	SES007	-0.00715637	-76.7014	-76.6942
BLOCK16/SES161/SA161S10	SES105	0.434433	-76.2598	-76.6942
BLOCK16/SES161/SA161S10	SES158	-0.171349	-76.8656	-76.6942
BLOCK16/SES161/SA161S10	SES275	-1.05785	-77.7521	-76.6942
BLOCK16/SES161/SA161S12	SES007	-0.662323	-79.9252	-79.2629
BLOCK16/SES161/SA161S12	SES105	-0.366058	-79.629	-79.2629
BLOCK16/SES161/SA161S12	SES158	-1.35014	-80.613	-79.2629
BLOCK16/SES161/SA161S12	SES275	-0.596581	-79.8595	-79.2629
BLOCK16/SES161/SA161S20	SES007	-0.257217	-78.3039	-78.0467
BLOCK16/SES161/SA161S20	SES105	-0.533394	-78.58	-78.0467
BLOCK16/SES161/SA161S20	SES158	-0.528206	-78.5749	-78.0467
BLOCK16/SES161/SA161S20	SES275	-1.39816	-79.4448	-78.0467
BLOCK16/SES161/SA161S23	SES007	-1.79562	-84.4014	-82.6058
BLOCK16/SES161/SA161S23	SES105	0.142136	-82.4637	-82.6058
BLOCK16/SES161/SA161S23	SES148	-0.932602	-83.5384	-82.6058
BLOCK16/SES161/SA161S23	SES158	-1.67068	-84.2765	-82.6058
BLOCK16/SES161/SA161S28	SES007	0.178474	-75.1302	-75.3087
BLOCK16/SES161/SA161S28	SES105	-0.238297	-75.547	-75.3087
BLOCK16/SES161/SA161S28	SES158	0.371025	-74.9377	-75.3087
BLOCK16/SES161/SA161S28	SES206	0.902008	-74.4067	-75.3087
BLOCK16/SES164/SA164S11	SES104	0.0765152	-82.9885	-83.065
BLOCK16/SES164/SA164S11	SES125	0.81501	-82.25	-83.065
BLOCK16/SES164/SA164S11	SES158	-1.65012	-84.7151	-83.065
BLOCK16/SES164/SA164S11	SES206	-1.05421	-84.1192	-83.065
BLOCK16/SES164/SA164S13	SES099	-0.56057	-84.1346	-83.574
BLOCK16/SES164/SA164S13	SES104	-1.85564	-85.4297	-83.574
BLOCK16/SES164/SA164S13	SES125	-1.36453	-84.9386	-83.574
BLOCK16/SES164/SA164S13	SES206	-2.29428	-85.8683	-83.574
BLOCK16/SES164/SA164S24	SES002	-0.157089	-82.2311	-82.074
BLOCK16/SES164/SA164S24	SES099	-0.28331	-82.3573	-82.074
BLOCK16/SES164/SA164S24	SES125	0.10434	-81.9697	-82.074
BLOCK16/SES164/SA164S24	SES226	0.337311	-81.7367	-82.074
BLOCK16/SES164/SA164S27	SES087	0.395302	-84.6831	-85.0784
BLOCK16/SES164/SA164S27	SES125	0.00235748	-85.0761	-85.0784
BLOCK16/SES164/SA164S27	SES206	-1.41259	-86.491	-85.0784
BLOCK16/SES164/SA164S27	SES226	0.179947	-84.8985	-85.0784
BLOCK16/SES164/SA164S29	SES002	-0.706039	-82.6846	-81.9785
BLOCK16/SES164/SA164S29	SES019	-1.14423	-83.1227	-81.9785
BLOCK16/SES164/SA164S29	SES125	-0.429169	-82.4077	-81.9785
BLOCK16/SES164/SA164S29	SES226	-0.974266	-82.9528	-81.9785
BLOCK16/SES169/SA169S13	SES117	-1.26923	-81.4807	-80.2115
BLOCK16/SES169/SA169S13	SES144	-0.325195	-80.5367	-80.2115
BLOCK16/SES169/SA169S13	SES146	-1.097	-81.3085	-80.2115
BLOCK16/SES169/SA169S13	SES162	-0.975281	-81.1867	-80.2115
BLOCK16/SES169/SA169S14	SES144	-0.726181	-77.732	-77.0058
BLOCK16/SES169/SA169S14	SES148	-2.31901	-79.3248	-77.0058
BLOCK16/SES169/SA169S14	SES177	-0.590897	-77.5967	-77.0058
BLOCK16/SES169/SA169S14	SES180	-0.931435	-77.9372	-77.0058
BLOCK16/SES169/SA169S24	SES117	-0.672478	-82.955	-82.2825
BLOCK16/SES169/SA169S24	SES144	0.192429	-82.0901	-82.2825
BLOCK16/SES169/SA169S24	SES146	-1.23698	-83.5195	-82.2825
BLOCK16/SES169/SA169S24	SES162	-1.04702	-83.3295	-82.2825
BLOCK16/SES169/SA169S27	SES127	-0.903969	-78.2055	-77.3016
BLOCK16/SES169/SA169S27	SES129	-0.201195	-77.5028	-77.3016
BLOCK16/SES169/SA169S27	SES144	-0.786064	-78.0876	-77.3016
BLOCK16/SES169/SA169S27	SES146	-1.34882	-78.6504	-77.3016
BLOCK16/SES169/SA169S29	SES144	-0.677185	-77.9156	-77.2384
BLOCK16/SES169/SA169S29	SES162	-0.217453	-77.4559	-77.2384
BLOCK16/SES169/SA169S29	SES177	-2.08923	-79.3277	-77.2384
BLOCK16/SES169/SA169S29	SES180	-1.38389	-78.6223	-77.2384
BLOCK17/SES171/SA171S12	SES083	-1.63695	-85.2803	-83.6433
BLOCK17/SES171/SA171S12	SES148	-2.2633	-85.9066	-83.6433
BLOCK17/SES171/SA171S12	SES172	-0.764511	-84.4078	-83.6433
BLOCK17/SES171/SA171S12	SES292	-1.41299	-85.0563	-83.6433
BLOCK17/SES171/SA171S15	SES148	-2.72457	-86.5923	-83.8677
BLOCK17/SES171/SA171S15	SES177	-1.94638	-85.8141	-83.8677
BLOCK17/SES171/SA171S15	SES180	-0.911522	-84.7792	-83.8677
BLOCK17/SES171/SA171S15	SES292	-1.77811	-85.6458	-83.8677
BLOCK17/SES171/SA171S22	SES007	-1.85657	-80.9757	-79.1192
BLOCK17/SES171/SA171S22	SES148	-3.79482	-82.914	-79.1192
BLOCK17/SES171/SA171S22	SES177	-0.775345	-79.8945	-79.1192
BLOCK17/SES171/SA171S22	SES180	-1.38635	-80.5055	-79.1192
BLOCK17/SES171/SA171S25	SES101	-0.706146	-86.5052	-85.7991
BLOCK17/SES171/SA171S25	SES120	-1.84614	-87.6452	-85.7991
BLOCK17/SES171/SA171S25	SES177	-1.30784	-87.1069	-85.7991
BLOCK17/SES171/SA171S25	SES180	-3.04556	-88.8447	-85.7991
BLOCK17/SES171/SA171S27	SES177	-0.708702	-80.8617	-80.153
BLOCK17/SES171/SA171S27	SES180	-1.17731	-81.3303	-80.153
BLOCK17/SES171/SA171S27	SES189	-1.01717	-81.1702	-80.153
BLOCK17/SES171/SA171S27	SES292	-2.05244	-82.2054	-80.153
BLOCK17/SES173/SA173S13	SES162	1.04566	-79.1832	-80.2289
BLOCK17/SES173/SA173S13	SES177	0.307869	-79.921	-80.2289
BLOCK17/SES173/SA173S13	SES180	0.552704	-79.6762	-80.2289
BLOCK17/SES173/SA173S13	SES292	-1.37729	-81.6062	-80.2289
BLOCK17/SES173/SA173S14	SES007	-8.46982	-93.4701	-85.0003
BLOCK17/SES173/SA173S14	SES162	-7.01934	-92.0196	-85.0003
BLOCK17/SES173/SA173S14	SES177	-1.9866	-86.9869	-85.0003
BLOCK17/SES173/SA173S14	SES180	-15.4768	-100.477	-85.0003
BLOCK17/SES173/SA173S24	SES144	-2.40839	-88.0774	-85.669
BLOCK17/SES173/SA173S24	SES162	-2.06219	-87.7312	-85.669
BLOCK17/SES173/SA173S24	SES177	0.0229797	-85.646	-85.669
BLOCK17/SES173/SA173S24	SES180	-5.64632	-91.3153	-85.669
BLOCK17/SES173/SA173S27	SES162	0.017601	-81.6548	-81.6724
BLOCK17/SES173/SA173S27	SES177	-0.532669	-82.2051	-81.6724
BLOCK17/SES173/SA173S27	SES180	-0.871864	-82.5443	-81.6724
BLOCK17/SES173/SA173S27	SES292	-2.34795	-84.0204	-81.6724
BLOCK17/SES173/SA173S29	SES162	-1.13491	-89.239	-88.1041
BLOCK17/SES173/SA173S29	SES175	-0.169136	-88.2732	-88.1041
BLOCK17/SES173/SA173S29	SES177	-0.834824	-88.9389	-88.1041
BLOCK17/SES173/SA173S29	SES292	-2.82005	-90.9242	-88.1041
BLOCK18/SES182/SA182S10	SES144	-0.928619	-74.2525	-73.3238
BLOCK18/SES182/SA182S10	SES177	0.878899	-72.4449	-73.3238
BLOCK18/SES182/SA182S10	SES180	-0.0476074	-73.3714	-73.3238
BLOCK18/SES182/SA182S10	SES275	-1.076	-74.3998	-73.3238
BLOCK18/SES182/SA182S12	SES144	0.477669	-76.9987	-77.4764
BLOCK18/SES182/SA182S12	SES177	0.438751	-77.0377	-77.4764
BLOCK18/SES182/SA182S12	SES180	-0.861244	-78.3377	-77.4764
BLOCK18/SES182/SA182S12	SES275	0.126007	-77.3504	-77.4764
BLOCK18/SES182/SA182S21	SES117	-0.0550537	-79.09	-79.035
BLOCK18/SES182/SA182S21	SES144	-0.546211	-79.5812	-79.035
BLOCK18/SES182/SA182S21	SES162	0.713013	-78.322	-79.035
BLOCK18/SES182/SA182S21	SES180	-0.171959	-79.207	-79.035
BLOCK18/SES182/SA182S23	SES117	-0.696793	-81.2095	-80.5127
BLOCK18/SES182/SA182S23	SES144	-0.582283	-81.095	-80.5127
BLOCK18/SES182/SA182S23	SES180	-2.90648	-83.4192	-80.5127
BLOCK18/SES182/SA182S23	SES275	-1.04424	-81.5569	-80.5127
BLOCK18/SES182/SA182S25	SES007	0.0932465	-76.6476	-76.7408
BLOCK18/SES182/SA182S25	SES162	0.995193	-75.7456	-76.7408
BLOCK18/SES182/SA182S25	SES177	0.501633	-76.2392	-76.7408
BLOCK18/SES182/SA182S25	SES180	0.511406	-76.2294	-76.7408
BLOCK18/SES184/SA184S12	SES177	-0.537079	-79.7372	-79.2001
BLOCK18/SES184/SA184S12	SES180	-1.83331	-81.0334	-79.2001
BLOCK18/SES184/SA184S12	SES189	-1.84141	-81.0415	-79.2001
BLOCK18/SES184/SA184S12	SES292	-1.46622	-80.6664	-79.2001
BLOCK18/SES184/SA184S13	SES101	-1.58023	-84.9392	-83.359
BLOCK18/SES184/SA184S13	SES177	-0.889679	-84.2486	-83.359
BLOCK18/SES184/SA184S13	SES180	-0.546913	-83.9059	-83.359
BLOCK18/SES184/SA184S13	SES292	-2.38876	-85.7477	-83.359
BLOCK18/SES184/SA184S22	SES177	0.187248	-80.7587	-80.946
BLOCK18/SES184/SA184S22	SES180	0.999031	-79.9469	-80.946
BLOCK18/SES184/SA184S22	SES189	-1.85028	-82.7963	-80.946
BLOCK18/SES184/SA184S22	SES292	-1.78296	-82.7289	-80.946
BLOCK18/SES184/SA184S25	SES101	-1.03291	-83.9123	-82.8794
BLOCK18/SES184/SA184S25	SES177	-0.188423	-83.0678	-82.8794
BLOCK18/SES184/SA184S25	SES180	-0.615479	-83.4949	-82.8794
BLOCK18/SES184/SA184S25	SES292	-1.34313	-84.2225	-82.8794
BLOCK18/SES184/SA184S27	SES083	-1.30087	-83.873	-82.5721
BLOCK18/SES184/SA184S27	SES177	-1.5243	-84.0964	-82.5721
BLOCK18/SES184/SA184S27	SES202	-1.61005	-84.1822	-82.5721
BLOCK18/SES184/SA184S27	SES292	-1.31908	-83.8912	-82.5721
BLOCK20/SES204/SA204S12	SES062	-0.285606	-78.7296	-78.444
BLOCK20/SES204/SA204S12	SES083	-0.505272	-78.9493	-78.444
BLOCK20/SES204/SA204S12	SES206	-0.149612	-78.5936	-78.444
BLOCK20/SES204/SA204S12	SES226	-1.7319	-80.1759	-78.444
BLOCK20/SES204/SA204S14	SES068	-0.42556	-78.7706	-78.345
BLOCK20/SES204/SA204S14	SES087	0.212936	-78.1321	-78.345
BLOCK20/SES204/SA204S14	SES206	-1.38707	-79.7321	-78.345
BLOCK20/SES204/SA204S14	SES226	-1.0873	-79.4323	-78.345
BLOCK20/SES204/SA204S22	SES068	0.43486	-79.1495	-79.5844
BLOCK20/SES204/SA204S22	SES082	-1.72102	-81.3054	-79.5844
BLOCK20/SES204/SA204S22	SES083	-1.37703	-80.9614	-79.5844
BLOCK20/SES204/SA204S22	SES206	-0.8974	-80.4818	-79.5844
BLOCK20/SES204/SA204S25	SES062	0.0735931	-78.1871	-78.2607
BLOCK20/SES204/SA204S25	SES083	-0.866959	-79.1276	-78.2607
BLOCK20/SES204/SA204S25	SES206	-0.876266	-79.1369	-78.2607
BLOCK20/SES204/SA204S25	SES226	-1.15348	-79.4141	-78.2607
BLOCK20/SES204/SA204S27	SES068	-1.1215	-85.1052	-83.9837
BLOCK20/SES204/SA204S27	SES082	-1.3102	-85.2939	-83.9837
BLOCK20/SES204/SA204S27	SES087	-0.236328	-84.2201	-83.9837
BLOCK20/SES204/SA204S27	SES206	-1.52777	-85.5115	-83.9837
BLOCK20/SES207/SA207S10	SES127	-0.867622	-79.9179	-79.0503
BLOCK20/SES207/SA207S10	SES183	-0.165703	-79.216	-79.0503
BLOCK20/SES207/SA207S10	SES189	-2.16595	-81.2162	-79.0503
BLOCK20/SES207/SA207S10	SES292	-1.97125	-81.0216	-79.0503
BLOCK20/SES207/SA207S11	SES127	-1.47444	-88.3154	-86.8409
BLOCK20/SES207/SA207S11	SES183	0.064064	-86.7769	-86.8409
BLOCK20/SES207/SA207S11	SES187	-2.19713	-89.0381	-86.8409
BLOCK20/SES207/SA207S11	SES292	-1.06023	-87.9012	-86.8409
BLOCK20/SES207/SA207S25	SES068	0.0222244	-82.2343	-82.2565
BLOCK20/SES207/SA207S25	SES083	-1.66541	-83.9219	-82.2565
BLOCK20/SES207/SA207S25	SES127	0.0288315	-82.2277	-82.2565
BLOCK20/SES207/SA207S25	SES187	-0.882454	-83.1389	-82.2565
BLOCK20/SES207/SA207S27	SES127	-1.46032	-83.5323	-82.072
BLOCK20/SES207/SA207S27	SES183	0.127022	-81.945	-82.072
BLOCK20/SES207/SA207S27	SES187	-1.68331	-83.7553	-82.072
BLOCK20/SES207/SA207S27	SES292	-2.46697	-84.539	-82.072
BLOCK20/SES207/SA207S29	SES083	-1.69527	-83.8442	-82.1489
BLOCK20/SES207/SA207S29	SES085	-0.583473	-82.7324	-82.1489
BLOCK20/SES207/SA207S29	SES172	-0.209923	-82.3588	-82.1489
BLOCK20/SES207/SA207S29	SES189	-2.56915	-84.7181	-82.1489
BLOCK22/SES221/SA221S12	SES068	-0.661316	-79.6598	-78.9985
BLOCK22/SES221/SA221S12	SES143	0.865646	-78.1328	-78.9985
BLOCK22/SES221/SA221S12	SES175	1.39469	-77.6038	-78.9985
BLOCK22/SES221/SA221S12	SES202	0.375053	-78.6234	-78.9985
BLOCK22/SES221/SA221S15	SES085	-1.70871	-83.9245	-82.2158
BLOCK22/SES221/SA221S15	SES143	-0.0748672	-82.2906	-82.2158
BLOCK22/SES221/SA221S15	SES175	0.0669479	-82.1488	-82.2158
BLOCK22/SES221/SA221S15	SES187	0.173546	-82.0422	-82.2158
BLOCK22/SES221/SA221S23	SES068	-0.650269	-79.5836	-78.9333
BLOCK22/SES221/SA221S23	SES143	-0.565254	-79.4986	-78.9333
BLOCK22/SES221/SA221S23	SES175	-0.280396	-79.2137	-78.9333
BLOCK22/SES221/SA221S23	SES189	0.344124	-78.5892	-78.9333
BLOCK22/SES221/SA221S27	SES085	-1.4854	-84.4361	-82.9507
BLOCK22/SES221/SA221S27	SES143	0.198006	-82.7527	-82.9507
BLOCK22/SES221/SA221S27	SES175	0.0580444	-82.8927	-82.9507
BLOCK22/SES221/SA221S27	SES189	1.04006	-81.9107	-82.9507
BLOCK22/SES221/SA221S29	SES085	-0.891777	-85.702	-84.8102
BLOCK22/SES221/SA221S29	SES143	-0.325661	-85.1359	-84.8102
BLOCK22/SES221/SA221S29	SES175	0.433441	-84.3768	-84.8102
BLOCK22/SES221/SA221S29	SES187	0.831062	-83.9791	-84.8102
BLOCK22/SES223/SA223S11	SES143	-0.457451	-82.6571	-82.1996
BLOCK22/SES223/SA223S11	SES144	-1.84579	-84.0454	-82.1996
BLOCK22/SES223/SA223S11	SES175	-0.619736	-82.8193	-82.1996
BLOCK22/SES223/SA223S11	SES187	-0.618561	-82.8182	-82.1996
BLOCK22/SES223/SA223S13	SES068	-2.61132	-83.8778	-81.2665
BLOCK22/SES223/SA223S13	SES143	-0.603676	-81.8702	-81.2665
BLOCK22/SES223/SA223S13	SES146	-1.92969	-83.1962	-81.2665
BLOCK22/SES223/SA223S13	SES202	-0.315315	-81.5818	-81.2665
BLOCK22/SES223/SA223S22	SES143	-0.189949	-82.029	-81.839
BLOCK22/SES223/SA223S22	SES144	-1.57832	-83.4174	-81.839
BLOCK22/SES223/SA223S22	SES175	-0.867226	-82.7063	-81.839
BLOCK22/SES223/SA223S22	SES187	0.0847931	-81.7542	-81.839
BLOCK22/SES223/SA223S25	SES068	-1.07068	-83.4178	-82.3471
BLOCK22/SES223/SA223S25	SES143	-0.408714	-82.7559	-82.3471
BLOCK22/SES223/SA223S25	SES175	-0.00437164	-82.3515	-82.3471
BLOCK22/SES223/SA223S25	SES187	-0.766808	-83.114	-82.3471
BLOCK22/SES223/SA223S27	SES143	0.368446	-88.7753	-89.1438
BLOCK22/SES223/SA223S27	SES146	-1.8147	-90.9585	-89.1438
BLOCK22/SES223/SA223S27	SES187	0.340515	-88.8033	-89.1438
BLOCK22/SES223/SA223S27	SES292	-1.11337	-90.2571	-89.1438
BLOCK27/SES273/SA273S12	SES099	0.175758	-76.8703	-77.046
BLOCK27/SES273/SA273S12	SES104	0.348831	-76.6972	-77.046
BLOCK27/SES273/SA273S12	SES125	-0.821136	-77.8672	-77.046
BLOCK27/SES273/SA273S12	SES206	1.30477	-75.7413	-77.046
BLOCK27/SES273/SA273S13	SES099	0.952354	-80.4521	-81.4045
BLOCK27/SES273/SA273S13	SES104	1.01144	-80.393	-81.4045
BLOCK27/SES273/SA273S13	SES206	0.600922	-80.8035	-81.4045
BLOCK27/SES273/SA273S13	SES292	-0.129608	-81.5341	-81.4045
BLOCK27/SES273/SA273S21	SES099	0.564156	-79.5782	-80.1424
BLOCK27/SES273/SA273S21	SES148	-4.61249	-84.7549	-80.1424
BLOCK27/SES273/SA273S21	SES149	-1.7353	-81.8777	-80.1424
BLOCK27/SES273/SA273S21	SES177	-1.92746	-82.0698	-80.1424
BLOCK27/SES273/SA273S25	SES104	-0.306763	-78.7378	-78.431
BLOCK27/SES273/SA273S25	SES125	-0.44857	-78.8796	-78.431
BLOCK27/SES273/SA273S25	SES158	0.793335	-77.6377	-78.431
BLOCK27/SES273/SA273S25	SES206	0.0211029	-78.4099	-78.431
BLOCK27/SES273/SA273S27	SES099	-0.323708	-80.1343	-79.8106
BLOCK27/SES273/SA273S27	SES104	-0.558899	-80.3695	-79.8106
BLOCK27/SES273/SA273S27	SES149	-0.769051	-80.5796	-79.8106
BLOCK27/SES273/SA273S27	SES275	-0.587524	-80.3981	-79.8106
BLOCK27/SES274/SA274S10	SES105	-1.70261	-82.7108	-81.0082
BLOCK27/SES274/SA274S10	SES125	0.101936	-80.9062	-81.0082
BLOCK27/SES274/SA274S10	SES129	-0.365608	-81.3738	-81.0082
BLOCK27/SES274/SA274S10	SES158	-2.12427	-83.1324	-81.0082
BLOCK27/SES274/SA274S11	SES105	0.208069	-77.6862	-77.8943
BLOCK27/SES274/SA274S11	SES149	-1.41618	-79.3104	-77.8943
BLOCK27/SES274/SA274S11	SES158	-0.492088	-78.3864	-77.8943
BLOCK27/SES274/SA274S11	SES275	-0.900597	-78.7949	-77.8943
BLOCK27/SES274/SA274S21	SES105	-1.28645	-77.2925	-76.0061
BLOCK27/SES274/SA274S21	SES129	-0.0500717	-76.0561	-76.0061
BLOCK27/SES274/SA274S21	SES149	-1.11416	-77.1202	-76.0061
BLOCK27/SES274/SA274S21	SES158	-1.83038	-77.8365	-76.0061
BLOCK27/SES274/SA274S24	SES105	-1.90337	-80.5525	-78.6491
BLOCK27/SES274/SA274S24	SES129	0.0819092	-78.5672	-78.6491
BLOCK27/SES274/SA274S24	SES149	-1.87298	-80.5221	-78.6491
BLOCK27/SES274/SA274S24	SES158	-1.63759	-80.2867	-78.6491
BLOCK27/SES274/SA274S29	SES105	-1.30162	-82.6095	-81.3079
BLOCK27/SES274/SA274S29	SES106	-3.08032	-84.3882	-81.3079
BLOCK27/SES274/SA274S29	SES120	-0.65033	-81.9582	-81.3079
BLOCK27/SES274/SA274S29	SES275	-0.158134	-81.466	-81.3079
BLOCK27/SES276/SA276S16	SES148	-2.72388	-82.8425	-80.1187
BLOCK27/SES276/SA276S16	SES172	-0.268745	-80.3874	-80.1187
BLOCK27/SES276/SA276S16	SES180	-1.49117	-81.6098	-80.1187
BLOCK27/SES276/SA276S16	SES292	-0.753029	-80.8717	-80.1187
BLOCK27/SES276/SA276S17	SES101	-1.3005	-82.8149	-81.5145
BLOCK27/SES276/SA276S17	SES177	-0.952484	-82.4669	-81.5145
BLOCK27/SES276/SA276S17	SES180	-0.687096	-82.2015	-81.5145
BLOCK27/SES276/SA276S17	SES292	-1.01749	-82.5319	-81.5145
BLOCK27/SES276/SA276S24	SES101	-0.214767	-77.2213	-77.0065
BLOCK27/SES276/SA276S24	SES177	-0.367027	-77.3735	-77.0065
BLOCK27/SES276/SA276S24	SES180	-0.982338	-77.9888	-77.0065
BLOCK27/SES276/SA276S24	SES292	-1.4319	-78.4384	-77.0065
BLOCK27/SES276/SA276S26	SES101	-1.7397	-85.7638	-84.0241
BLOCK27/SES276/SA276S26	SES177	-1.12508	-85.1492	-84.0241
BLOCK27/SES276/SA276S26	SES180	-1.73248	-85.7566	-84.0241
BLOCK27/SES276/SA276S26	SES292	-1.26656	-85.2907	-84.0241
BLOCK27/SES276/SA276S28	SES101	-1.15479	-82.6716	-81.5168
BLOCK27/SES276/SA276S28	SES177	-0.549706	-82.0665	-81.5168
BLOCK27/SES276/SA276S28	SES180	-0.0626907	-81.5795	-81.5168
BLOCK27/SES276/SA276S28	SES292	-0.376938	-81.8938	-81.5168
BLOCK27/SES277/SA277S12	SES101	-0.233643	-80.9835	-80.7499
BLOCK27/SES277/SA277S12	SES177	-0.733856	-81.4837	-80.7499
BLOCK27/SES277/SA277S12	SES180	-0.690178	-81.4401	-80.7499
BLOCK27/SES277/SA277S12	SES292	-1.33849	-82.0884	-80.7499
BLOCK27/SES277/SA277S14	SES177	-0.293579	-82.665	-82.3714
BLOCK27/SES277/SA277S14	SES180	-1.82663	-84.198	-82.3714
BLOCK27/SES277/SA277S14	SES189	-0.978569	-83.35	-82.3714
BLOCK27/SES277/SA277S14	SES292	-1.58244	-83.9538	-82.3714
BLOCK27/SES277/SA277S21	SES177	-0.07061	-78.8277	-78.7571
BLOCK27/SES277/SA277S21	SES180	-0.651756	-79.4089	-78.7571
BLOCK27/SES277/SA277S21	SES189	0.0343018	-78.7228	-78.7571
BLOCK27/SES277/SA277S21	SES292	-0.333778	-79.0909	-78.7571
BLOCK27/SES277/SA277S24	SES144	-2.05001	-82.2654	-80.2154
BLOCK27/SES277/SA277S24	SES177	-0.0737381	-80.2891	-80.2154
BLOCK27/SES277/SA277S24	SES180	-1.54712	-81.7625	-80.2154
BLOCK27/SES277/SA277S24	SES189	-0.889206	-81.1046	-80.2154
BLOCK27/SES277/SA277S29	SES177	-0.345901	-78.6544	-78.3085
BLOCK27/SES277/SA277S29	SES180	-0.891731	-79.2002	-78.3085
BLOCK27/SES277/SA277S29	SES202	0.307747	-78.0008	-78.3085
BLOCK27/SES277/SA277S29	SES292	-1.41585	-79.7243	-78.3085
BLOCK27/SES279/SA279S09	SES120	-2.00002	-79.7548	-77.7548
BLOCK27/SES279/SA279S09	SES146	-0.289101	-78.0439	-77.7548
BLOCK27/SES279/SA279S09	SES206	-0.411278	-78.1661	-77.7548
BLOCK27/SES279/SA279S09	SES226	-0.876373	-78.6312	-77.7548
BLOCK27/SES279/SA279S10	SES099	-0.0506592	-77.7259	-77.6753
BLOCK27/SES279/SA279S10	SES206	-0.362289	-78.0375	-77.6753
BLOCK27/SES279/SA279S10	SES226	-1.02796	-78.7032	-77.6753
BLOCK27/SES279/SA279S10	SES292	-0.658249	-78.3335	-77.6753
BLOCK27/SES279/SA279S20	SES099	0.249939	-77.8625	-78.1124
BLOCK27/SES279/SA279S20	SES206	-0.126015	-78.2384	-78.1124
BLOCK27/SES279/SA279S20	SES226	-0.482674	-78.5951	-78.1124
BLOCK27/SES279/SA279S20	SES292	-0.520126	-78.6326	-78.1124
BLOCK27/SES279/SA279S26	SES099	0.519386	-79.5532	-80.0726
BLOCK27/SES279/SA279S26	SES206	1.20193	-78.8707	-80.0726
BLOCK27/SES279/SA279S26	SES226	0.313332	-79.7593	-80.0726
BLOCK27/SES279/SA279S26	SES292	0.540504	-79.5321	-80.0726
BLOCK27/SES279/SA279S28	SES099	-0.820801	-79.6582	-78.8374
BLOCK27/SES279/SA279S28	SES120	-1.08618	-79.9235	-78.8374
BLOCK27/SES279/SA279S28	SES177	-1.59768	-80.435	-78.8374
BLOCK27/SES279/SA279S28	SES206	-0.493279	-79.3306	-78.8374
BLOCK29/SES290/SA290S12	SES162	0.436829	-74.7383	-75.1751
BLOCK29/SES290/SA290S12	SES177	0.0902252	-75.0849	-75.1751
BLOCK29/SES290/SA290S12	SES180	-0.442932	-75.618	-75.1751
BLOCK29/SES290/SA290S12	SES292	-1.3633	-76.5384	-75.1751
BLOCK29/SES290/SA290S13	SES007	-1.10483	-81.412	-80.3071
BLOCK29/SES290/SA290S13	SES162	0.230179	-80.077	-80.3071
BLOCK29/SES290/SA290S13	SES177	-0.0863953	-80.3935	-80.3071
BLOCK29/SES290/SA290S13	SES180	0.0504761	-80.2567	-80.3071
BLOCK29/SES290/SA290S22	SES177	0.591896	-78.732	-79.3239
BLOCK29/SES290/SA290S22	SES180	-0.109642	-79.4335	-79.3239
BLOCK29/SES290/SA290S22	SES202	-0.166809	-79.4907	-79.3239
BLOCK29/SES290/SA290S22	SES292	-1.96648	-81.2903	-79.3239
BLOCK29/SES290/SA290S25	SES162	-2.3629	-80.8748	-78.5119
BLOCK29/SES290/SA290S25	SES177	-0.437332	-78.9492	-78.5119
BLOCK29/SES290/SA290S25	SES180	-6.41306	-84.9249	-78.5119
BLOCK29/SES290/SA290S25	SES292	-1.35413	-79.866	-78.5119
BLOCK29/SES290/SA290S29	SES177	-0.868797	-80.3147	-79.4459
BLOCK29/SES290/SA290S29	SES180	-2.61021	-82.0561	-79.4459
BLOCK29/SES290/SA290S29	SES275	-1.55126	-80.9971	-79.4459
BLOCK29/SES290/SA290S29	SES292	-2.54556	-81.9914	-79.4459
BLOCK29/SES291/SA291S11	SES105	0.364128	-77.5448	-77.9089
BLOCK29/SES291/SA291S11	SES125	-5.88551	-83.7944	-77.9089
BLOCK29/SES291/SA291S11	SES158	0.541405	-77.3675	-77.9089
BLOCK29/SES291/SA291S11	SES275	-0.841728	-78.7507	-77.9089
BLOCK29/SES291/SA291S12	SES158	1.81325	-70.7478	-72.5611
BLOCK29/SES291/SA291S12	SES226	-1.15023	-73.7113	-72.5611
BLOCK29/SES291/SA291S12	SES270	1.1953	-71.3658	-72.5611
BLOCK29/SES291/SA291S12	SES275	-1.37348	-73.9346	-72.5611
BLOCK29/SES291/SA291S22	SES082	-0.258263	-79.8043	-79.546
BLOCK29/SES291/SA291S22	SES158	-0.093399	-79.6394	-79.546
BLOCK29/SES291/SA291S22	SES259	-1.49528	-81.0413	-79.546
BLOCK29/SES291/SA291S22	SES275	-1.1787	-80.7247	-79.546
BLOCK29/SES291/SA291S24	SES104	0.86795	-78.0841	-78.9521
BLOCK29/SES291/SA291S24	SES125	0.443024	-78.509	-78.9521
BLOCK29/SES291/SA291S24	SES158	0.907883	-78.0442	-78.9521
BLOCK29/SES291/SA291S24	SES275	-1.11723	-80.0693	-78.9521
BLOCK29/SES291/SA291S27	SES158	0.808319	-78.8212	-79.6295
BLOCK29/SES291/SA291S27	SES172	-2.23959	-81.8691	-79.6295
BLOCK29/SES291/SA291S27	SES275	-1.55981	-81.1893	-79.6295
BLOCK29/SES291/SA291S27	SES292	-1.09103	-80.7206	-79.6295
