BLOCK00/SES002/SA002S12	SES002	1.37714	-34.518	-35.8952
BLOCK00/SES002/SA002S13	SES002	1.74421	-34.302	-36.0462
BLOCK00/SES002/SA002S23	SES002	1.11127	-34.1845	-35.2957
BLOCK00/SES002/SA002S26	SES002	1.76078	-33.6878	-35.4486
BLOCK00/SES002/SA002S28	SES002	1.04195	-34.7738	-35.8158
BLOCK00/SES007/SA007S14	SES007	0.622395	-34.3462	-34.9686
BLOCK00/SES007/SA007S15	SES007	0.28484	-35.6341	-35.9189
BLOCK00/SES007/SA007S24	SES007	0.490692	-35.4511	-35.9418
BLOCK00/SES007/SA007S27	SES007	0.436302	-35.9241	-36.3604
BLOCK00/SES007/SA007S29	SES007	0.125027	-35.0691	-35.1941
BLOCK00/SES008/SA008S11	SES008	1.3167	-35.4047	-36.7214
BLOCK00/SES008/SA008S12	SES008	0.419205	-36.2275	-36.6467
BLOCK00/SES008/SA008S19	SES008	1.76954	-34.6676	-36.4371
BLOCK00/SES008/SA008S22	SES008	1.25204	-35.3834	-36.6354
BLOCK00/SES008/SA008S29	SES008	0.838509	-35.0772	-35.9157
BLOCK01/SES014/SA014S10	SES014	1.84139	-34.5066	-36.348
BLOCK01/SES014/SA014S12	SES014	2.56308	-32.8959	-35.459
BLOCK01/SES014/SA014S24	SES014	0.975533	-34.3595	-35.335
BLOCK01/SES014/SA014S26	SES014	2.42073	-31.9821	-34.4028
BLOCK01/SES014/SA014S28	SES014	2.36802	-32.7816	-35.1497
BLOCK01/SES016/SA016S12	SES016	1.2272	-37.1111	-38.3383
BLOCK01/SES016/SA016S13	SES016	1.04081	-35.6841	-36.7249
BLOCK01/SES016/SA016S22	SES016	0.732246	-36.3842	-37.1165
BLOCK01/SES016/SA016S25	SES016	1.62108	-33.9679	-35.589
BLOCK01/SES016/SA016S27	SES016	1.00031	-34.1787	-35.179
BLOCK01/SES019/SA019S13	SES019	2.62628	-34.9139	-37.5402
BLOCK01/SES019/SA019S14	SES019	1.81364	-35.0498	-36.8634
BLOCK01/SES019/SA019S22	SES019	2.41101	-34.5557	-36.9668
BLOCK01/SES019/SA019S25	SES019	2.5123	-34.7791	-37.2914
BLOCK01/SES019/SA019S29	SES019	3.08981	-34.5635	-37.6533
BLOCK02/SES029/SA029S11	SES029	1.13401	-35.415	-36.549
BLOCK02/SES029/SA029S12	SES029	0.0694351	-35.789	-35.8585
BLOCK02/SES029/SA029S20	SES029	0.447372	-36.4795	-36.9268
BLOCK02/SES029/SA029S25	SES029	0.888657	-35.3126	-36.2012
BLOCK02/SES029/SA029S28	SES029	0.965797	-35.756	-36.7218
BLOCK04/SES042/SA042S12	SES042	2.20409	-33.2282	-35.4323
BLOCK04/SES042/SA042S15	SES042	1.96221	-33.9207	-35.8829
BLOCK04/SES042/SA042S22	SES042	2.81363	-32.2023	-35.016
BLOCK04/SES042/SA042S25	SES042	1.95151	-34.9761	-36.9276
BLOCK04/SES042/SA042S27	SES042	1.6214	-33.6833	-35.3047
BLOCK04/SES048/SA048S11	SES048	1.24244	-34.8855	-36.1279
BLOCK04/SES048/SA048S12	SES048	0.385845	-35.2294	-35.6152
BLOCK04/SES048/SA048S20	SES048	0.808914	-34.8447	-35.6536
BLOCK04/SES048/SA048S23	SES048	1.34785	-35.2348	-36.5826
BLOCK04/SES048/SA048S27	SES048	0.721031	-34.5452	-35.2663
BLOCK06/SES060/SA060S11	SES060	0.833973	-35.3112	-36.1452
BLOCK06/SES060/SA060S12	SES060	-1.9726	-38.2107	-36.2381
BLOCK06/SES060/SA060S22	SES060	0.283913	-36.6666	-36.9505
BLOCK06/SES060/SA060S24	SES060	0.706413	-35.0708	-35.7772
BLOCK06/SES060/SA060S28	SES060	0.908852	-33.7117	-34.6206
BLOCK06/SES062/SA062S10	SES062	1.1529	-34.3945	-35.5474
BLOCK06/SES062/SA062S11	SES062	1.5234	-33.9635	-35.4869
BLOCK06/SES062/SA062S21	SES062	1.82575	-32.654	-34.4797
BLOCK06/SES062/SA062S26	SES062	0.531887	-34.4865	-35.0184
BLOCK06/SES062/SA062S29	SES062	1.06441	-34.0049	-35.0693
BLOCK06/SES068/SA068S14	SES068	0.174809	-35.5037	-35.6785
BLOCK06/SES068/SA068S15	SES068	0.787827	-34.3774	-35.1652
BLOCK06/SES068/SA068S23	SES068	0.653641	-35.7849	-36.4385
BLOCK06/SES068/SA068S27	SES068	1.39683	-33.9009	-35.2977
BLOCK06/SES068/SA068S29	SES068	0.348572	-35.1391	-35.4877
BLOCK08/SES082/SA082S12	SES082	1.01946	-36.1782	-37.1977
BLOCK08/SES082/SA082S14	SES082	0.816959	-36.0834	-36.9003
BLOCK08/SES082/SA082S21	SES082	0.9245	-35.4057	-36.3302
BLOCK08/SES082/SA082S24	SES082	0.864204	-35.6038	-36.468
BLOCK08/SES082/SA082S28	SES082	0.30304	-36.0557	-36.3587
BLOCK08/SES083/SA083S14	SES083	-0.483364	-36.3031	-35.8197
BLOCK08/SES083/SA083S15	SES083	-0.20956	-36.0871	-35.8775
BLOCK08/SES083/SA083S24	SES083	-0.214905	-36.4435	-36.2286
BLOCK08/SES083/SA083S26	SES083	0.715717	-35.3597	-36.0755
BLOCK08/SES083/SA083S29	SES083	0.00250244	-35.6136	-35.6161
BLOCK08/SES085/SA085S10	SES085	0.283775	-35.6108	-35.8946
BLOCK08/SES085/SA085S13	SES085	0.264633	-36.4056	-36.6703
BLOCK08/SES085/SA085S22	SES085	-2.12558	-37.9879	-35.8623
BLOCK08/SES085/SA085S26	SES085	-0.696487	-36.281	-35.5845
BLOCK08/SES085/SA085S28	SES085	0.713692	-35.6275	-36.3412
BLOCK08/SES087/SA087S15	SES087	1.57376	-35.0104	-36.5842
BLOCK08/SES087/SA087S16	SES087	1.32645	-35.3138	-36.6403
BLOCK08/SES087/SA087S24	SES087	1.72613	-34.4689	-36.195
BLOCK08/SES087/SA087S26	SES087	0.983509	-34.3177	-35.3012
BLOCK08/SES087/SA087S29	SES087	1.523	-35.229	-36.752
BLOCK09/SES099/SA099S15	SES099	1.09623	-35.7369	-36.8331
BLOCK09/SES099/SA099S16	SES099	1.15272	-35.2949	-36.4476
BLOCK09/SES099/SA099S24	SES099	1.17424	-34.408	-35.5823
BLOCK09/SES099/SA099S26	SES099	1.26798	-34.6243	-35.8923
BLOCK09/SES099/SA099S29	SES099	1.35071	-34.512	-35.8627
BLOCK10/SES101/SA101S11	SES101	0.36937	-35.4156	-35.7849
BLOCK10/SES101/SA101S13	SES101	1.17726	-34.6938	-35.8711
BLOCK10/SES101/SA101S22	SES101	0.595993	-36.0329	-36.6289
BLOCK10/SES101/SA101S24	SES101	1.12858	-35.1608	-36.2893
BLOCK10/SES101/SA101S28	SES101	0.3144	-36.3287	-36.6431
BLOCK10/SES104/SA104S11	SES104	1.08358	-34.0719	-35.1555
BLOCK10/SES104/SA104S12	SES104	1.44899	-33.8347	-35.2837
BLOCK10/SES104/SA104S21	SES104	1.49033	-34.6824	-36.1728
BLOCK10/SES104/SA104S24	SES104	0.907234	-35.0316	-35.9388
BLOCK10/SES104/SA104S28	SES104	1.20496	-34.8494	-36.0544
BLOCK10/SES105/SA105S12	SES105	0.635075	-36.4545	-37.0896
BLOCK10/SES105/SA105S13	SES105	0.731209	-35.8003	-36.5315
BLOCK10/SES105/SA105S22	SES105	0.263882	-37.0364	-37.3003
BLOCK10/SES105/SA105S26	SES105	1.16671	-35.7327	-36.8994
BLOCK10/SES105/SA105S29	SES105	0.483887	-36.0324	-36.5163
BLOCK10/SES106/SA106S09	SES106	1.72299	-35.3243	-37.0473
BLOCK10/SES106/SA106S11	SES106	1.40358	-34.2363	-35.6399
BLOCK10/SES106/SA106S22	SES106	2.20129	-34.3228	-36.5241
BLOCK10/SES106/SA106S27	SES106	1.4885	-34.7527	-36.2412
BLOCK10/SES106/SA106S29	SES106	1.31517	-34.5059	-35.8211
BLOCK11/SES117/SA117S12	SES117	0.0224991	-36.3784	-36.4009
BLOCK11/SES117/SA117S13	SES117	0.107033	-35.8772	-35.9842
BLOCK11/SES117/SA117S23	SES117	1.04261	-36.8082	-37.8508
BLOCK11/SES117/SA117S25	SES117	0.717113	-36.2511	-36.9682
BLOCK11/SES117/SA117S28	SES117	0.965462	-36.4941	-37.4596
BLOCK12/SES120/SA120S08	SES120	1.00635	-36.8556	-37.862
BLOCK12/SES120/SA120S11	SES120	0.623722	-37.9437	-38.5674
BLOCK12/SES120/SA120S22	SES120	-0.0524864	-36.2266	-36.1741
BLOCK12/SES120/SA120S24	SES120	0.851505	-36.0103	-36.8618
BLOCK12/SES120/SA120S28	SES120	0.570465	-37.2262	-37.7967
BLOCK12/SES125/SA125S13	SES125	1.92323	-33.8528	-35.776
BLOCK12/SES125/SA125S14	SES125	1.26564	-34.8176	-36.0832
BLOCK12/SES125/SA125S25	SES125	1.97262	-33.8313	-35.804
BLOCK12/SES125/SA125S27	SES125	2.05784	-33.0372	-35.095
BLOCK12/SES125/SA125S29	SES125	1.60497	-33.9839	-35.5889
BLOCK12/SES127/SA127S11	SES127	0.848881	-35.3661	-36.215
BLOCK12/SES127/SA127S12	SES127	-0.935791	-36.5794	-35.6436
BLOCK12/SES127/SA127S23	SES127	0.0886803	-35.8627	-35.9514
BLOCK12/SES127/SA127S25	SES127	-0.310238	-36.5317	-36.2215
BLOCK12/SES127/SA127S27	SES127	0.311806	-35.2724	-35.5842
BLOCK12/SES129/SA129S11	SES129	0.97533	-34.8442	-35.8196
BLOCK12/SES129/SA129S12	SES129	1.10781	-34.3194	-35.4272
BLOCK12/SES129/SA129S22	SES129	0.952309	-34.9687	-35.921
BLOCK12/SES129/SA129S27	SES129	1.69218	-34.0149	-35.7071
BLOCK12/SES129/SA129S29	SES129	1.7893	-33.7916	-35.5809
BLOCK14/SES142/SA142S11	SES142	1.78946	-35.5744	-37.3638
BLOCK14/SES142/SA142S12	SES142	0.935028	-35.921	-36.856
BLOCK14/SES142/SA142S24	SES142	1.38337	-35.548	-36.9314
BLOCK14/SES142/SA142S27	SES142	1.82991	-34.966	-36.796
BLOCK14/SES142/SA142S29	SES142	1.78889	-34.9038	-36.6927
BLOCK14/SES143/SA143S12	SES143	1.05845	-35.7143	-36.7727
BLOCK14/SES143/SA143S13	SES143	0.666908	-35.8961	-36.563
BLOCK14/SES143/SA143S23	SES143	0.956432	-36.2671	-37.2236
BLOCK14/SES143/SA143S25	SES143	0.777061	-35.8606	-36.6376
BLOCK14/SES143/SA143S28	SES143	1.03396	-34.8773	-35.9112
BLOCK14/SES144/SA144S09	SES144	0.736698	-35.5818	-36.3185
BLOCK14/SES144/SA144S11	SES144	0.485973	-36.4148	-36.9007
BLOCK14/SES144/SA144S21	SES144	0.0549622	-36.7083	-36.7633
BLOCK14/SES144/SA144S25	SES144	0.315643	-36.5539	-36.8695
BLOCK14/SES144/SA144S29	SES144	-0.0521774	-36.3409	-36.2887
BLOCK14/SES146/SA146S14	SES146	0.516457	-36.4468	-36.9633
BLOCK14/SES146/SA146S15	SES146	-0.0190544	-36.2597	-36.2407
BLOCK14/SES146/SA146S24	SES146	0.154419	-36.4219	-36.5763
BLOCK14/SES146/SA146S26	SES146	0.449341	-36.7877	-37.2371
BLOCK14/SES146/SA146S29	SES146	0.366348	-36.7911	-37.1574
BLOCK14/SES147/SA147S11	SES147	1.42365	-35.9317	-37.3553
BLOCK14/SES147/SA147S13	SES147	1.79729	-34.9048	-36.7021
BLOCK14/SES147/SA147S23	SES147	1.17551	-36.4933	-37.6688
BLOCK14/SES147/SA147S26	SES147	0.985905	-36.2514	-37.2373
BLOCK14/SES147/SA147S28	SES147	1.85796	-35.4123	-37.2703
BLOCK14/SES148/SA148S10	SES148	1.06561	-35.0533	-36.1189
BLOCK14/SES148/SA148S12	SES148	0.596249	-36.2801	-36.8764
BLOCK14/SES148/SA148S22	SES148	1.25359	-34.4034	-35.657
BLOCK14/SES148/SA148S26	SES148	0.543678	-35.4553	-35.999
BLOCK14/SES148/SA148S29	SES148	0.466919	-35.8209	-36.2878
BLOCK14/SES149/SA149S13	SES149	-0.104069	-36.4055	-36.3015
BLOCK14/SES149/SA149S14	SES149	0.220078	-35.7666	-35.9867
BLOCK14/SES149/SA149S24	SES149	1.37778	-34.9494	-36.3271
BLOCK14/SES149/SA149S26	SES149	1.96141	-34.4217	-36.3831
BLOCK14/SES149/SA149S28	SES149	2.01892	-33.9956	-36.0145
BLOCK15/SES158/SA158S13	SES158	0.952961	-35.675	-36.628
BLOCK15/SES158/SA158S14	SES158	1.99113	-34.5959	-36.5871
BLOCK15/SES158/SA158S23	SES158	0.91061	-35.237	-36.1477
BLOCK15/SES158/SA158S26	SES158	1.22055	-35.06	-36.2806
BLOCK15/SES158/SA158S28	SES158	0.689846	-35.9387	-36.6285
BLOCK16/SES162/SA162S10	SES162	0.670017	-36.7177	-37.3877
BLOCK16/SES162/SA162S11	SES162	0.673237	-35.7686	-36.4418
BLOCK16/SES162/SA162S21	SES162	1.38802	-35.0278	-36.4158
BLOCK16/SES162/SA162S24	SES162	0.403332	-36.0614	-36.4647
BLOCK16/SES162/SA162S27	SES162	1.24112	-35.6695	-36.9107
BLOCK16/SES167/SA167S14	SES167	0.747486	-34.692	-35.4395
BLOCK16/SES167/SA167S15	SES167	1.07347	-35.3185	-36.3919
BLOCK16/SES167/SA167S21	SES167	0.799019	-34.8213	-35.6203
BLOCK16/SES167/SA167S25	SES167	1.32853	-35.3737	-36.7023
BLOCK16/SES167/SA167S29	SES167	1.68846	-34.2617	-35.9502
BLOCK17/SES172/SA172S12	SES172	0.913414	-35.6648	-36.5782
BLOCK17/SES172/SA172S13	SES172	1.34277	-35.622	-36.9648
BLOCK17/SES172/SA172S23	SES172	0.316292	-34.9198	-35.2361
BLOCK17/SES172/SA172S27	SES172	0.500427	-35.8174	-36.3179
BLOCK17/SES172/SA172S29	SES172	1.37282	-35.2228	-36.5956
BLOCK17/SES175/SA175S11	SES175	1.3881	-35.155	-36.5431
BLOCK17/SES175/SA175S13	SES175	1.14999	-35.2749	-36.4249
BLOCK17/SES175/SA175S23	SES175	1.62491	-35.3366	-36.9616
BLOCK17/SES175/SA175S25	SES175	0.987301	-36.8756	-37.8629
BLOCK17/SES175/SA175S28	SES175	1.12196	-35.3213	-36.4433
BLOCK17/SES177/SA177S15	SES177	0.0487099	-36.0411	-36.0898
BLOCK17/SES177/SA177S17	SES177	0.261826	-35.8398	-36.1016
BLOCK17/SES177/SA177S23	SES177	-0.39632	-36.7002	-36.3039
BLOCK17/SES177/SA177S26	SES177	0.323647	-34.5549	-34.8785
BLOCK17/SES177/SA177S28	SES177	0.266949	-35.0933	-35.3603
BLOCK18/SES180/SA180S13	SES180	0.772633	-35.3381	-36.1107
BLOCK18/SES180/SA180S15	SES180	0.247307	-36.0471	-36.2944
BLOCK18/SES180/SA180S24	SES180	0.860222	-34.4512	-35.3114
BLOCK18/SES180/SA180S26	SES180	0.819576	-35.0521	-35.8717
BLOCK18/SES180/SA180S29	SES180	0.842068	-36.0302	-36.8723
BLOCK18/SES183/SA183S13	SES183	0.648823	-36.3424	-36.9913
BLOCK18/SES183/SA183S14	SES183	0.503677	-36.714	-37.2177
BLOCK18/SES183/SA183S24	SES183	0.622009	-36.5697	-37.1917
BLOCK18/SES183/SA183S27	SES183	1.08427	-35.7424	-36.8267
BLOCK18/SES183/SA183S29	SES183	0.934113	-35.7	-36.6341
BLOCK18/SES187/SA187S13	SES187	0.252861	-36.9978	-37.2506
BLOCK18/SES187/SA187S14	SES187	0.6772	-36.422	-37.0992
BLOCK18/SES187/SA187S24	SES187	0.986713	-35.8418	-36.8285
BLOCK18/SES187/SA187S27	SES187	1.09423	-35.641	-36.7352
BLOCK18/SES187/SA187S29	SES187	0.559448	-36.1044	-36.6639
BLOCK18/SES189/SA189S10	SES189	1.36329	-37.3797	-38.743
BLOCK18/SES189/SA189S13	SES189	1.48468	-37.6987	-39.1834
BLOCK18/SES189/SA189S24	SES189	1.88475	-36.6884	-38.5731
BLOCK18/SES189/SA189S26	SES189	1.21328	-36.4887	-37.7019
BLOCK18/SES189/SA189S29	SES189	1.87767	-36.6345	-38.5122
BLOCK20/SES202/SA202S12	SES202	1.41509	-35.8884	-37.3035
BLOCK20/SES202/SA202S14	SES202	2.42531	-34.5143	-36.9396
BLOCK20/SES202/SA202S24	SES202	1.24009	-35.7002	-36.9403
BLOCK20/SES202/SA202S27	SES202	1.60133	-34.2377	-35.839
BLOCK20/SES202/SA202S29	SES202	2.32143	-33.9218	-36.2432
BLOCK20/SES206/SA206S15	SES206	0.0607491	-35.3078	-35.3685
BLOCK20/SES206/SA206S17	SES206	1.60493	-33.9809	-35.5858
BLOCK20/SES206/SA206S24	SES206	1.68413	-33.8008	-35.4849
BLOCK20/SES206/SA206S27	SES206	1.64457	-34.6861	-36.3307
BLOCK20/SES206/SA206S29	SES206	1.28988	-34.0424	-35.3323
BLOCK22/SES226/SA226S12	SES226	1.42062	-35.4855	-36.9061
BLOCK22/SES226/SA226S13	SES226	0.191849	-36.2689	-36.4607
BLOCK22/SES226/SA226S20	SES226	1.20415	-35.3733	-36.5775
BLOCK22/SES226/SA226S23	SES226	1.32346	-35.0904	-36.4139
BLOCK22/SES226/SA226S28	SES226	1.84593	-34.5637	-36.4096
BLOCK25/SES259/SA259S13	SES259	2.36766	-33.5653	-35.9329
BLOCK25/SES259/SA259S14	SES259	1.19833	-34.848	-36.0464
BLOCK25/SES259/SA259S22	SES259	1.58878	-34.2961	-35.8849
BLOCK25/SES259/SA259S24	SES259	1.88101	-33.5351	-35.4161
BLOCK25/SES259/SA259S28	SES259	1.73009	-33.8933	-35.6234
BLOCK27/SES270/SA270S14	SES270	2.29246	-34.978	-37.2704
BLOCK27/SES270/SA270S16	SES270	0.734325	-35.3401	-36.0744
BLOCK27/SES270/SA270S22	SES270	2.10346	-34.811	-36.9144
BLOCK27/SES270/SA270S26	SES270	1.0993	-36.0026	-37.1019
BLOCK27/SES270/SA270S28	SES270	0.858494	-35.024	-35.8825
BLOCK27/SES275/SA275S17	SES275	1.40075	-35.809	-37.2097
BLOCK27/SES275/SA275S18	SES275	0.142014	-36.0804	-36.2224
BLOCK27/SES275/SA275S24	SES275	0.237995	-37.3032	-37.5412
BLOCK27/SES275/SA275S26	SES275	1.01789	-35.4018	-36.4196
BLOCK27/SES275/SA275S28	SES275	0.366173	-35.7176	-36.0838
BLOCK29/SES292/SA292S10	SES292	0.173428	-36.1987	-36.3721
BLOCK29/SES292/SA292S12	SES292	-0.00606918	-36.9643	-36.9582
BLOCK29/SES292/SA292S22	SES292	0.915348	-34.9389	-35.8543
BLOCK29/SES292/SA292S24	SES292	0.0195999	-35.8821	-35.9017
BLOCK29/SES292/SA292S27	SES292	-0.138294	-35.6081	-35.4699
BLOCK00/SES001/SA001S14	SES062	-1.38271	-38.0897	-36.707
BLOCK00/SES001/SA001S14	SES082	-2.19138	-38.8983	-36.707
BLOCK00/SES001/SA001S14	SES106	-1.87288	-38.5798	-36.707
BLOCK00/SES001/SA001S14	SES206	-1.86674	-38.5737	-36.707
BLOCK00/SES001/SA001S15	SES062	-1.37391	-37.0009	-35.627
BLOCK00/SES001/SA001S15	SES104	-2.30853	-37.9355	-35.627
BLOCK00/SES001/SA001S15	SES106	-2.39367	-38.0206	-35.627
BLOCK00/SES001/SA001S15	SES206	-1.4393	-37.0662	-35.627
BLOCK00/SES001/SA001S24	SES062	-2.769	-39.438	-36.669
BLOCK00/SES001/SA001S24	SES082	-2.72035	-39.3893	-36.669
BLOCK00/SES001/SA001S24	SES087	-2.28314	-38.9521	-36.669
BLOCK00/SES001/SA001S24	SES206	-1.60808	-38.2771	-36.669
BLOCK00/SES001/SA001S27	SES062	-1.62862	-37.6032	-35.9745
BLOCK00/SES001/SA001S27	SES082	-2.75685	-38.7314	-35.9745
BLOCK00/SES001/SA001S27	SES087	-2.55721	-38.5317	-35.9745
BLOCK00/SES001/SA001S27	SES206	-2.57485	-38.5494	-35.9745
BLOCK00/SES001/SA001S29	SES062	-2.20816	-38.5886	-36.3805
BLOCK00/SES001/SA001S29	SES082	-1.42599	-37.8065	-36.3805
BLOCK00/SES001/SA001S29	SES158	-1.2074	-37.5879	-36.3805
BLOCK00/SES001/SA001S29	SES206	-2.18282	-38.5633	-36.3805
BLOCK00/SES003/SA003S11	SES002	-0.585903	-36.8491	-36.2632
BLOCK00/SES003/SA003S11	SES019	-0.966724	-37.2299	-36.2632
BLOCK00/SES003/SA003S11	SES082	0.147728	-36.1155	-36.2632
BLOCK00/SES003/SA003S11	SES125	-0.666313	-36.9295	-36.2632
BLOCK00/SES003/SA003S15	SES016	-2.818	-38.8833	-36.0653
BLOCK00/SES003/SA003S15	SES019	-0.358334	-36.4236	-36.0653
BLOCK00/SES003/SA003S15	SES062	-2.74316	-38.8084	-36.0653
BLOCK00/SES003/SA003S15	SES206	-0.77697	-36.8422	-36.0653
BLOCK00/SES003/SA003S22	SES002	-1.34225	-37.0659	-35.7236
BLOCK00/SES003/SA003S22	SES062	-1.00092	-36.7246	-35.7236
BLOCK00/SES003/SA003S22	SES082	-0.832668	-36.5563	-35.7236
BLOCK00/SES003/SA003S22	SES087	-1.04886	-36.7725	-35.7236
BLOCK00/SES003/SA003S25	SES062	-2.68327	-38.9937	-36.3104
BLOCK00/SES003/SA003S25	SES082	-0.0526695	-36.3631	-36.3104
BLOCK00/SES003/SA003S25	SES087	-1.53043	-37.8409	-36.3104
BLOCK00/SES003/SA003S25	SES206	-0.590477	-36.9009	-36.3104
BLOCK00/SES003/SA003S29	SES002	-1.04843	-37.7499	-36.7014
BLOCK00/SES003/SA003S29	SES062	-1.55349	-38.2549	-36.7014
BLOCK00/SES003/SA003S29	SES082	-0.290211	-36.9916	-36.7014
BLOCK00/SES003/SA003S29	SES087	-1.90489	-38.6063	-36.7014
BLOCK00/SES004/SA004S12	SES083	-2.54146	-39.7593	-37.2179
BLOCK00/SES004/SA004S12	SES148	-1.73772	-38.9556	-37.2179
BLOCK00/SES004/SA004S12	SES172	-1.89672	-39.1146	-37.2179
BLOCK00/SES004/SA004S12	SES292	-2.19375	-39.4116	-37.2179
BLOCK00/SES004/SA004S17	SES083	-2.29859	-39.5748	-37.2762
BLOCK00/SES004/SA004S17	SES162	-1.12193	-38.3982	-37.2762
BLOCK00/SES004/SA004S17	SES172	-1.54329	-38.8195	-37.2762
BLOCK00/SES004/SA004S17	SES292	-1.80679	-39.083	-37.2762
BLOCK00/SES004/SA004S24	SES083	-2.53379	-39.0433	-36.5095
BLOCK00/SES004/SA004S24	SES148	-2.22464	-38.7341	-36.5095
BLOCK00/SES004/SA004S24	SES172	-1.47748	-37.987	-36.5095
BLOCK00/SES004/SA004S24	SES292	-1.73449	-38.244	-36.5095
BLOCK00/SES004/SA004S26	SES083	-1.35931	-37.6296	-36.2703
BLOCK00/SES004/SA004S26	SES127	-1.35953	-37.6298	-36.2703
BLOCK00/SES004/SA004S26	SES148	-1.92499	-38.1953	-36.2703
BLOCK00/SES004/SA004S26	SES292	-1.49752	-37.7678	-36.2703
BLOCK00/SES004/SA004S28	SES083	-2.51694	-38.5521	-36.0352
BLOCK00/SES004/SA004S28	SES127	-1.43827	-37.4735	-36.0352
BLOCK00/SES004/SA004S28	SES187	-1.81464	-37.8498	-36.0352
BLOCK00/SES004/SA004S28	SES292	-2.59154	-38.6267	-36.0352
BLOCK00/SES006/SA006S10	SES014	-2.01284	-39.93	-37.9172
BLOCK00/SES006/SA006S10	SES158	-0.668251	-38.5854	-37.9172
BLOCK00/SES006/SA006S10	SES226	-2.27066	-40.1878	-37.9172
BLOCK00/SES006/SA006S10	SES270	-0.293667	-38.2108	-37.9172
BLOCK00/SES006/SA006S11	SES158	-0.590828	-38.7488	-38.158
BLOCK00/SES006/SA006S11	SES226	-1.57761	-39.7356	-38.158
BLOCK00/SES006/SA006S11	SES270	-0.239281	-38.3972	-38.158
BLOCK00/SES006/SA006S11	SES275	-2.59713	-40.7551	-38.158
BLOCK00/SES006/SA006S23	SES062	-2.1095	-39.4412	-37.3317
BLOCK00/SES006/SA006S23	SES105	-2.43137	-39.7631	-37.3317
BLOCK00/SES006/SA006S23	SES158	-0.978855	-38.3106	-37.3317
BLOCK00/SES006/SA006S23	SES275	-2.073	-39.4047	-37.3317
BLOCK00/SES006/SA006S26	SES104	-1.66211	-38.524	-36.8619
BLOCK00/SES006/SA006S26	SES158	-0.183041	-37.0449	-36.8619
BLOCK00/SES006/SA006S26	SES270	0.28088	-36.581	-36.8619
BLOCK00/SES006/SA006S26	SES275	-3.19232	-40.0542	-36.8619
BLOCK00/SES006/SA006S28	SES007	-1.71662	-39.5043	-37.7877
BLOCK00/SES006/SA006S28	SES105	-2.49796	-40.2856	-37.7877
BLOCK00/SES006/SA006S28	SES158	-1.14815	-38.9358	-37.7877
BLOCK00/SES006/SA006S28	SES275	-3.4564	-41.2441	-37.7877
BLOCK00/SES009/SA009S12	SES083	-1.5173	-37.4267	-35.9094
BLOCK00/SES009/SA009S12	SES148	-1.51718	-37.4265	-35.9094
BLOCK00/SES009/SA009S12	SES177	-1.75777	-37.6671	-35.9094
BLOCK00/SES009/SA009S12	SES292	-1.23013	-37.1395	-35.9094
BLOCK00/SES009/SA009S15	SES007	0.233242	-34.8055	-35.0387
BLOCK00/SES009/SA009S15	SES099	-4.84597	-39.8847	-35.0387
BLOCK00/SES009/SA009S15	SES148	-1.71327	-36.752	-35.0387
BLOCK00/SES009/SA009S15	SES172	-1.44845	-36.4872	-35.0387
BLOCK00/SES009/SA009S24	SES146	-1.24582	-36.7186	-35.4728
BLOCK00/SES009/SA009S24	SES148	-1.46198	-36.9348	-35.4728
BLOCK00/SES009/SA009S24	SES177	-1.22536	-36.6982	-35.4728
BLOCK00/SES009/SA009S24	SES292	-1.09831	-36.5711	-35.4728
BLOCK00/SES009/SA009S26	SES083	-2.01523	-37.9383	-35.9231
BLOCK00/SES009/SA009S26	SES101	-1.71618	-37.6393	-35.9231
BLOCK00/SES009/SA009S26	SES120	-1.21338	-37.1365	-35.9231
BLOCK00/SES009/SA009S26	SES177	-1.7798	-37.7029	-35.9231
BLOCK00/SES009/SA009S29	SES083	-1.61358	-37.269	-35.6554
BLOCK00/SES009/SA009S29	SES101	-1.24775	-36.9032	-35.6554
BLOCK00/SES009/SA009S29	SES177	-1.83263	-37.4881	-35.6554
BLOCK00/SES009/SA009S29	SES292	-1.478	-37.1334	-35.6554
BLOCK01/SES011/SA011S10	SES019	-0.782597	-37.3395	-36.5569
BLOCK01/SES011/SA011S10	SES042	-0.906227	-37.4632	-36.5569
BLOCK01/SES011/SA011S10	SES082	-1.74528	-38.3022	-36.5569
BLOCK01/SES011/SA011S10	SES206	-0.6716	-37.2285	-36.5569
BLOCK01/SES011/SA011S11	SES019	-1.30669	-38.519	-37.2123
BLOCK01/SES011/SA011S11	SES042	-1.83941	-39.0517	-37.2123
BLOCK01/SES011/SA011S11	SES082	-2.4039	-39.6162	-37.2123
BLOCK01/SES011/SA011S11	SES206	-0.432972	-37.6453	-37.2123
BLOCK01/SES011/SA011S22	SES019	-0.155285	-37.079	-36.9237
BLOCK01/SES011/SA011S22	SES042	-0.795429	-37.7191	-36.9237
BLOCK01/SES011/SA011S22	SES082	-0.994701	-37.9184	-36.9237
BLOCK01/SES011/SA011S22	SES206	-0.555332	-37.479	-36.9237
BLOCK01/SES011/SA011S24	SES019	-0.711239	-36.8535	-36.1423
BLOCK01/SES011/SA011S24	SES042	-0.600861	-36.7432	-36.1423
BLOCK01/SES011/SA011S24	SES104	-1.63003	-37.7723	-36.1423
BLOCK01/SES011/SA011S24	SES206	-0.29332	-36.4356	-36.1423
BLOCK01/SES011/SA011S27	SES082	0.0312195	-35.6788	-35.71
BLOCK01/SES011/SA011S27	SES087	-0.33477	-36.0448	-35.71
BLOCK01/SES011/SA011S27	SES125	-0.127823	-35.8378	-35.71
BLOCK01/SES011/SA011S27	SES206	0.128162	-35.5818	-35.71
BLOCK01/SES012/SA012S11	SES007	-1.87162	-36.958	-35.0864
BLOCK01/SES012/SA012S11	SES082	-1.23675	-36.3231	-35.0864
BLOCK01/SES012/SA012S11	SES083	-1.70645	-36.7928	-35.0864
BLOCK01/SES012/SA012S11	SES206	-0.983536	-36.0699	-35.0864
BLOCK01/SES012/SA012S14	SES082	-0.864033	-36.7437	-35.8797
BLOCK01/SES012/SA012S14	SES087	-1.23568	-37.1154	-35.8797
BLOCK01/SES012/SA012S14	SES206	-1.11137	-36.991	-35.8797
BLOCK01/SES012/SA012S14	SES292	-2.91093	-38.7906	-35.8797
BLOCK01/SES012/SA012S24	SES082	0.48238	-36.02	-36.5024
BLOCK01/SES012/SA012S24	SES087	-1.46513	-37.9675	-36.5024
BLOCK01/SES012/SA012S24	SES120	-3.70337	-40.2058	-36.5024
BLOCK01/SES012/SA012S24	SES206	-0.614872	-37.1173	-36.5024
BLOCK01/SES012/SA012S26	SES019	-1.56015	-37.448	-35.8879
BLOCK01/SES012/SA012S26	SES082	-1.65932	-37.5472	-35.8879
BLOCK01/SES012/SA012S26	SES206	-0.479588	-36.3675	-35.8879
BLOCK01/SES012/SA012S26	SES292	-2.8888	-38.7767	-35.8879
BLOCK01/SES012/SA012S29	SES062	-2.45676	-38.1529	-35.6961
BLOCK01/SES012/SA012S29	SES082	-1.37706	-37.0732	-35.6961
BLOCK01/SES012/SA012S29	SES083	-1.86887	-37.565	-35.6961
BLOCK01/SES012/SA012S29	SES206	-1.25138	-36.9475	-35.6961
BLOCK01/SES013/SA013S16	SES062	-3.04342	-39.3821	-36.3387
BLOCK01/SES013/SA013S16	SES106	-0.53907	-36.8777	-36.3387
BLOCK01/SES013/SA013S16	SES206	-0.844929	-37.1836	-36.3387
BLOCK01/SES013/SA013S16	SES226	-0.0537415	-36.3924	-36.3387
BLOCK01/SES013/SA013S17	SES062	-2.75721	-38.4456	-35.6884
BLOCK01/SES013/SA013S17	SES106	-0.834534	-36.523	-35.6884
BLOCK01/SES013/SA013S17	SES206	-0.0262947	-35.7147	-35.6884
BLOCK01/SES013/SA013S17	SES226	0.192936	-35.4955	-35.6884
BLOCK01/SES013/SA013S23	SES104	-1.09472	-37.8323	-36.7376
BLOCK01/SES013/SA013S23	SES106	-0.184597	-36.9222	-36.7376
BLOCK01/SES013/SA013S23	SES206	-0.500381	-37.238	-36.7376
BLOCK01/SES013/SA013S23	SES270	-0.44231	-37.1799	-36.7376
BLOCK01/SES013/SA013S25	SES042	-1.1534	-37.1839	-36.0305
BLOCK01/SES013/SA013S25	SES104	-0.949726	-36.9803	-36.0305
BLOCK01/SES013/SA013S25	SES106	0.356464	-35.6741	-36.0305
BLOCK01/SES013/SA013S25	SES206	-0.650745	-36.6813	-36.0305
BLOCK01/SES013/SA013S29	SES062	-3.23372	-39.0594	-35.8256
BLOCK01/SES013/SA013S29	SES104	-1.10944	-36.9351	-35.8256
BLOCK01/SES013/SA013S29	SES106	-0.282944	-36.1086	-35.8256
BLOCK01/SES013/SA013S29	SES206	-0.823917	-36.6496	-35.8256
BLOCK02/SES021/SA021S13	SES016	-2.7784	-37.8876	-35.1092
BLOCK02/SES021/SA021S13	SES029	-2.63098	-37.7402	-35.1092
BLOCK02/SES021/SA021S13	SES087	-1.21859	-36.3278	-35.1092
BLOCK02/SES021/SA021S13	SES206	-0.285606	-35.3948	-35.1092
BLOCK02/SES021/SA021S15	SES087	-0.894001	-35.6206	-34.7266
BLOCK02/SES021/SA021S15	SES125	0.0803833	-34.6463	-34.7266
BLOCK02/SES021/SA021S15	SES206	0.165951	-34.5607	-34.7266
BLOCK02/SES021/SA021S15	SES226	-0.893604	-35.6202	-34.7266
BLOCK02/SES021/SA021S23	SES062	-2.97524	-39.5891	-36.6139
BLOCK02/SES021/SA021S23	SES087	-1.677	-38.2909	-36.6139
BLOCK02/SES021/SA021S23	SES206	-1.03582	-37.6497	-36.6139
BLOCK02/SES021/SA021S23	SES226	-1.12843	-37.7423	-36.6139
BLOCK02/SES021/SA021S27	SES002	-1.09201	-36.4258	-35.3338
BLOCK02/SES021/SA021S27	SES016	-3.47741	-38.8112	-35.3338
BLOCK02/SES021/SA021S27	SES019	-1.59346	-36.9272	-35.3338
BLOCK02/SES021/SA021S27	SES062	-1.41963	-36.7534	-35.3338
BLOCK02/SES021/SA021S29	SES087	-1.48244	-36.3739	-34.8915
BLOCK02/SES021/SA021S29	SES125	-0.807434	-35.6989	-34.8915
BLOCK02/SES021/SA021S29	SES206	-0.244907	-35.1364	-34.8915
BLOCK02/SES021/SA021S29	SES226	-0.97438	-35.8659	-34.8915
BLOCK04/SES043/SA043S09	SES083	-1.95754	-39.3115	-37.354
BLOCK04/SES043/SA043S09	SES101	-2.04573	-39.3997	-37.354
BLOCK04/SES043/SA043S09	SES144	-0.616486	-37.9704	-37.354
BLOCK04/SES043/SA043S09	SES172	-2.58152	-39.9355	-37.354
BLOCK04/SES043/SA043S11	SES083	-0.930279	-37.0416	-36.1113
BLOCK04/SES043/SA043S11	SES101	-1.15812	-37.2694	-36.1113
BLOCK04/SES043/SA043S11	SES144	-0.943607	-37.0549	-36.1113
BLOCK04/SES043/SA043S11	SES172	-1.61655	-37.7279	-36.1113
BLOCK04/SES043/SA043S23	SES083	-1.23386	-38.1068	-36.8729
BLOCK04/SES043/SA043S23	SES144	0.0729141	-36.8	-36.8729
BLOCK04/SES043/SA043S23	SES177	-1.68464	-38.5575	-36.8729
BLOCK04/SES043/SA043S23	SES275	-0.63438	-37.5073	-36.8729
BLOCK04/SES043/SA043S26	SES083	-0.494553	-37.3581	-36.8635
BLOCK04/SES043/SA043S26	SES101	-0.750355	-37.6139	-36.8635
BLOCK04/SES043/SA043S26	SES144	-0.453365	-37.3169	-36.8635
BLOCK04/SES043/SA043S26	SES177	-1.47929	-38.3428	-36.8635
BLOCK04/SES043/SA043S28	SES016	-1.23104	-37.2458	-36.0147
BLOCK04/SES043/SA043S28	SES083	-0.905487	-36.9202	-36.0147
BLOCK04/SES043/SA043S28	SES101	-0.789043	-36.8038	-36.0147
BLOCK04/SES043/SA043S28	SES144	-0.656738	-36.6715	-36.0147
BLOCK04/SES044/SA044S10	SES127	-2.56763	-42.1371	-39.5695
BLOCK04/SES044/SA044S10	SES144	-0.219936	-39.7894	-39.5695
BLOCK04/SES044/SA044S10	SES147	-3.56355	-43.133	-39.5695
BLOCK04/SES044/SA044S10	SES148	-2.97858	-42.548	-39.5695
BLOCK04/SES044/SA044S11	SES101	-2.06097	-40.2377	-38.1767
BLOCK04/SES044/SA044S11	SES144	-0.200565	-38.3773	-38.1767
BLOCK04/SES044/SA044S11	SES147	-2.97982	-41.1566	-38.1767
BLOCK04/SES044/SA044S11	SES177	-2.17519	-40.3519	-38.1767
BLOCK04/SES044/SA044S24	SES007	-2.21407	-39.6425	-37.4284
BLOCK04/SES044/SA044S24	SES101	-1.13556	-38.564	-37.4284
BLOCK04/SES044/SA044S24	SES147	-2.71768	-40.1461	-37.4284
BLOCK04/SES044/SA044S24	SES177	-1.85928	-39.2877	-37.4284
BLOCK04/SES044/SA044S26	SES007	-1.33652	-38.2282	-36.8917
BLOCK04/SES044/SA044S26	SES016	-1.14314	-38.0348	-36.8917
BLOCK04/SES044/SA044S26	SES101	-0.92812	-37.8198	-36.8917
BLOCK04/SES044/SA044S26	SES147	-1.61845	-38.5101	-36.8917
BLOCK04/SES044/SA044S29	SES007	-1.9	-38.0157	-36.1157
BLOCK04/SES044/SA044S29	SES101	-0.952778	-37.0685	-36.1157
BLOCK04/SES044/SA044S29	SES147	-2.66792	-38.7837	-36.1157
BLOCK04/SES044/SA044S29	SES177	-1.7836	-37.8993	-36.1157
BLOCK04/SES046/SA046S13	SES101	-2.2541	-39.7056	-37.4515
BLOCK04/SES046/SA046S13	SES144	-1.17673	-38.6282	-37.4515
BLOCK04/SES046/SA046S13	SES147	-2.7591	-40.2106	-37.4515
BLOCK04/SES046/SA046S13	SES177	-1.56636	-39.0178	-37.4515
BLOCK04/SES046/SA046S15	SES048	-3.37716	-39.5797	-36.2025
BLOCK04/SES046/SA046S15	SES083	-1.11668	-37.3192	-36.2025
BLOCK04/SES046/SA046S15	SES120	-2.3392	-38.5417	-36.2025
BLOCK04/SES046/SA046S15	SES148	-1.54971	-37.7522	-36.2025
BLOCK04/SES046/SA046S22	SES101	-1.09872	-38.2913	-37.1925
BLOCK04/SES046/SA046S22	SES144	-0.998344	-38.1909	-37.1925
BLOCK04/SES046/SA046S22	SES147	-2.25314	-39.4457	-37.1925
BLOCK04/SES046/SA046S22	SES172	-1.3697	-38.5622	-37.1925
BLOCK04/SES046/SA046S25	SES083	-1.48487	-38.7602	-37.2753
BLOCK04/SES046/SA046S25	SES127	-1.12533	-38.4007	-37.2753
BLOCK04/SES046/SA046S25	SES144	-1.32961	-38.6049	-37.2753
BLOCK04/SES046/SA046S25	SES148	-0.655163	-37.9305	-37.2753
BLOCK04/SES046/SA046S28	SES007	-1.85976	-39.3837	-37.524
BLOCK04/SES046/SA046S28	SES105	-1.45201	-38.976	-37.524
BLOCK04/SES046/SA046S28	SES147	-2.12497	-39.6489	-37.524
BLOCK04/SES046/SA046S28	SES148	-0.963264	-38.4872	-37.524
BLOCK04/SES049/SA049S16	SES104	-1.2272	-38.0787	-36.8515
BLOCK04/SES049/SA049S16	SES106	-0.741177	-37.5927	-36.8515
BLOCK04/SES049/SA049S16	SES120	-3.09939	-39.9509	-36.8515
BLOCK04/SES049/SA049S16	SES206	-0.846687	-37.6982	-36.8515
BLOCK04/SES049/SA049S18	SES099	-0.0301704	-38.1543	-38.1241
BLOCK04/SES049/SA049S18	SES104	-1.91561	-40.0398	-38.1241
BLOCK04/SES049/SA049S18	SES125	-1.45432	-39.5785	-38.1241
BLOCK04/SES049/SA049S18	SES206	-0.623943	-38.7481	-38.1241
BLOCK04/SES049/SA049S25	SES087	-0.965122	-37.7915	-36.8263
BLOCK04/SES049/SA049S25	SES104	-1.28329	-38.1096	-36.8263
BLOCK04/SES049/SA049S25	SES125	-1.36085	-38.1872	-36.8263
BLOCK04/SES049/SA049S25	SES206	-0.404583	-37.2309	-36.8263
BLOCK04/SES049/SA049S27	SES099	0.108864	-36.73	-36.8388
BLOCK04/SES049/SA049S27	SES104	-0.257896	-37.0967	-36.8388
BLOCK04/SES049/SA049S27	SES125	-1.08294	-37.9218	-36.8388
BLOCK04/SES049/SA049S27	SES206	-0.372814	-37.2116	-36.8388
BLOCK04/SES049/SA049S29	SES099	-0.118977	-35.7091	-35.5901
BLOCK04/SES049/SA049S29	SES104	-0.33884	-35.929	-35.5901
BLOCK04/SES049/SA049S29	SES125	-0.76329	-36.3534	-35.5901
BLOCK04/SES049/SA049S29	SES206	-0.0558891	-35.646	-35.5901
BLOCK06/SES063/SA063S09	SES068	-2.02676	-38.6052	-36.5784
BLOCK06/SES063/SA063S09	SES083	-1.11394	-37.6924	-36.5784
BLOCK06/SES063/SA063S09	SES177	-1.33802	-37.9164	-36.5784
BLOCK06/SES063/SA063S09	SES187	-1.80846	-38.3869	-36.5784
BLOCK06/SES063/SA063S10	SES068	-1.79287	-38.8278	-37.0349
BLOCK06/SES063/SA063S10	SES083	-1.17365	-38.2086	-37.0349
BLOCK06/SES063/SA063S10	SES172	-0.384262	-37.4192	-37.0349
BLOCK06/SES063/SA063S10	SES187	-1.10102	-38.136	-37.0349
BLOCK06/SES063/SA063S20	SES068	-2.81383	-39.6858	-36.872
BLOCK06/SES063/SA063S20	SES083	-1.58838	-38.4603	-36.872
BLOCK06/SES063/SA063S20	SES172	-1.26562	-38.1376	-36.872
BLOCK06/SES063/SA063S20	SES187	-0.23748	-37.1094	-36.872
BLOCK06/SES063/SA063S24	SES029	-1.60534	-37.8239	-36.2185
BLOCK06/SES063/SA063S24	SES083	-0.357403	-36.5759	-36.2185
BLOCK06/SES063/SA063S24	SES177	-0.533802	-36.7523	-36.2185
BLOCK06/SES063/SA063S24	SES189	-0.72356	-36.9421	-36.2185
BLOCK06/SES063/SA063S27	SES083	-1.13425	-38.3232	-37.1889
BLOCK06/SES063/SA063S27	SES172	-0.47551	-37.6645	-37.1889
BLOCK06/SES063/SA063S27	SES187	-1.51722	-38.7062	-37.1889
BLOCK06/SES063/SA063S27	SES292	-2.69355	-39.8825	-37.1889
BLOCK06/SES067/SA067S12	SES083	-1.88277	-38.4802	-36.5974
BLOCK06/SES067/SA067S12	SES172	-2.58945	-39.1869	-36.5974
BLOCK06/SES067/SA067S12	SES202	0.114109	-36.4833	-36.5974
BLOCK06/SES067/SA067S12	SES292	-1.8224	-38.4198	-36.5974
BLOCK06/SES067/SA067S14	SES085	-1.17501	-37.3393	-36.1643
BLOCK06/SES067/SA067S14	SES177	-1.10521	-37.2695	-36.1643
BLOCK06/SES067/SA067S14	SES183	-2.1205	-38.2848	-36.1643
BLOCK06/SES067/SA067S14	SES202	-0.37088	-36.5352	-36.1643
BLOCK06/SES067/SA067S21	SES144	-0.858154	-38.2161	-37.3579
BLOCK06/SES067/SA067S21	SES177	-0.962444	-38.3204	-37.3579
BLOCK06/SES067/SA067S21	SES183	-3.08867	-40.4466	-37.3579
BLOCK06/SES067/SA067S21	SES189	-0.448483	-37.8064	-37.3579
BLOCK06/SES067/SA067S25	SES085	-0.605553	-37.4841	-36.8786
BLOCK06/SES067/SA067S25	SES177	-0.982304	-37.8609	-36.8786
BLOCK06/SES067/SA067S25	SES183	-1.40823	-38.2868	-36.8786
BLOCK06/SES067/SA067S25	SES202	-0.349983	-37.2286	-36.8786
BLOCK06/SES067/SA067S29	SES085	-0.605186	-37.7808	-37.1756
BLOCK06/SES067/SA067S29	SES177	-1.40988	-38.5855	-37.1756
BLOCK06/SES067/SA067S29	SES183	-2.20901	-39.3847	-37.1756
BLOCK06/SES067/SA067S29	SES202	0.269501	-36.9061	-37.1756
BLOCK06/SES069/SA069S12	SES029	-2.61276	-38.3667	-35.754
BLOCK06/SES069/SA069S12	SES082	-0.90044	-36.6544	-35.754
BLOCK06/SES069/SA069S12	SES087	-1.74228	-37.4962	-35.754
BLOCK06/SES069/SA069S12	SES206	-0.863007	-36.617	-35.754
BLOCK06/SES069/SA069S13	SES029	-2.36223	-38.189	-35.8267
BLOCK06/SES069/SA069S13	SES087	-2.52324	-38.35	-35.8267
BLOCK06/SES069/SA069S13	SES206	-1.91568	-37.7424	-35.8267
BLOCK06/SES069/SA069S13	SES226	-1.4991	-37.3258	-35.8267
BLOCK06/SES069/SA069S23	SES029	-1.93369	-36.6463	-34.7126
BLOCK06/SES069/SA069S23	SES087	-1.95004	-36.6626	-34.7126
BLOCK06/SES069/SA069S23	SES206	-1.55511	-36.2677	-34.7126
BLOCK06/SES069/SA069S23	SES226	-0.559319	-35.2719	-34.7126
BLOCK06/SES069/SA069S25	SES087	-1.44198	-36.8656	-35.4236
BLOCK06/SES069/SA069S25	SES206	-1.55998	-36.9836	-35.4236
BLOCK06/SES069/SA069S25	SES226	-0.561665	-35.9852	-35.4236
BLOCK06/SES069/SA069S25	SES270	-0.799362	-36.2229	-35.4236
BLOCK06/SES069/SA069S27	SES087	-2.08849	-37.5947	-35.5062
BLOCK06/SES069/SA069S27	SES206	-0.499004	-36.0052	-35.5062
BLOCK06/SES069/SA069S27	SES226	-0.328594	-35.8348	-35.5062
BLOCK06/SES069/SA069S27	SES270	-0.470863	-35.9771	-35.5062
BLOCK08/SES081/SA081S11	SES060	-1.42705	-37.7144	-36.2873
BLOCK08/SES081/SA081S11	SES062	-3.31874	-39.6061	-36.2873
BLOCK08/SES081/SA081S11	SES117	-2.1608	-38.4481	-36.2873
BLOCK08/SES081/SA081S11	SES162	-2.034	-38.3213	-36.2873
BLOCK08/SES081/SA081S13	SES016	-0.888428	-36.5334	-35.645
BLOCK08/SES081/SA081S13	SES060	-0.840378	-36.4854	-35.645
BLOCK08/SES081/SA081S13	SES068	-0.759945	-36.4049	-35.645
BLOCK08/SES081/SA081S13	SES129	-2.04728	-37.6923	-35.645
BLOCK08/SES081/SA081S24	SES060	-0.918682	-36.6314	-35.7127
BLOCK08/SES081/SA081S24	SES068	-1.15995	-36.8726	-35.7127
BLOCK08/SES081/SA081S24	SES117	-2.06329	-37.776	-35.7127
BLOCK08/SES081/SA081S24	SES275	-2.4958	-38.2085	-35.7127
BLOCK08/SES081/SA081S27	SES007	-1.55933	-37.2822	-35.7229
BLOCK08/SES081/SA081S27	SES060	-1.82981	-37.5527	-35.7229
BLOCK08/SES081/SA081S27	SES117	-1.16745	-36.8903	-35.7229
BLOCK08/SES081/SA081S27	SES275	-2.13293	-37.8558	-35.7229
BLOCK08/SES081/SA081S29	SES007	-1.48309	-37.3691	-35.886
BLOCK08/SES081/SA081S29	SES060	-1.05872	-36.9447	-35.886
BLOCK08/SES081/SA081S29	SES117	-1.71329	-37.5993	-35.886
BLOCK08/SES081/SA081S29	SES275	-2.21753	-38.1035	-35.886
BLOCK08/SES086/SA086S11	SES029	-4.06643	-41.6889	-37.6225
BLOCK08/SES086/SA086S11	SES082	-1.12085	-38.7433	-37.6225
BLOCK08/SES086/SA086S11	SES087	-0.544342	-38.1668	-37.6225
BLOCK08/SES086/SA086S11	SES206	-2.17609	-39.7985	-37.6225
BLOCK08/SES086/SA086S12	SES029	-4.57495	-41.2885	-36.7135
BLOCK08/SES086/SA086S12	SES082	-1.35209	-38.0656	-36.7135
BLOCK08/SES086/SA086S12	SES087	0.00190735	-36.7116	-36.7135
BLOCK08/SES086/SA086S12	SES206	-1.43284	-38.1464	-36.7135
BLOCK08/SES086/SA086S20	SES029	-3.25078	-39.3028	-36.0521
BLOCK08/SES086/SA086S20	SES082	-1.50188	-37.5539	-36.0521
BLOCK08/SES086/SA086S20	SES087	0.589367	-35.4627	-36.0521
BLOCK08/SES086/SA086S20	SES206	-0.416393	-36.4684	-36.0521
BLOCK08/SES086/SA086S24	SES087	0.0208664	-36.9361	-36.957
BLOCK08/SES086/SA086S24	SES104	-1.5463	-38.5033	-36.957
BLOCK08/SES086/SA086S24	SES120	-3.9148	-40.8718	-36.957
BLOCK08/SES086/SA086S24	SES206	-0.500015	-37.457	-36.957
BLOCK08/SES086/SA086S28	SES029	-2.93493	-38.7035	-35.7686
BLOCK08/SES086/SA086S28	SES082	-1.40528	-37.1739	-35.7686
BLOCK08/SES086/SA086S28	SES087	0.0348549	-35.7338	-35.7686
BLOCK08/SES086/SA086S28	SES206	-1.00885	-36.7775	-35.7686
BLOCK08/SES089/SA089S13	SES087	-1.3074	-37.6983	-36.3909
BLOCK08/SES089/SA089S13	SES206	-1.3161	-37.707	-36.3909
BLOCK08/SES089/SA089S13	SES226	-1.04583	-37.4367	-36.3909
BLOCK08/SES089/SA089S13	SES270	-2.11116	-38.502	-36.3909
BLOCK08/SES089/SA089S14	SES062	-1.95064	-37.8298	-35.8791
BLOCK08/SES089/SA089S14	SES087	-0.642773	-36.5219	-35.8791
BLOCK08/SES089/SA089S14	SES206	-0.377537	-36.2567	-35.8791
BLOCK08/SES089/SA089S14	SES226	-0.50082	-36.3799	-35.8791
BLOCK08/SES089/SA089S23	SES087	-0.944134	-37.6548	-36.7106
BLOCK08/SES089/SA089S23	SES206	-0.942463	-37.6531	-36.7106
BLOCK08/SES089/SA089S23	SES226	-1.52646	-38.2371	-36.7106
BLOCK08/SES089/SA089S23	SES270	-2.03276	-38.7434	-36.7106
BLOCK08/SES089/SA089S25	SES062	-2.58429	-38.2825	-35.6982
BLOCK08/SES089/SA089S25	SES087	-0.108452	-35.8067	-35.6982
BLOCK08/SES089/SA089S25	SES206	-0.828552	-36.5268	-35.6982
BLOCK08/SES089/SA089S25	SES226	-0.39938	-36.0976	-35.6982
BLOCK08/SES089/SA089S28	SES062	-2.1977	-37.9396	-35.7419
BLOCK08/SES089/SA089S28	SES087	-0.481903	-36.2238	-35.7419
BLOCK08/SES089/SA089S28	SES206	-0.10651	-35.8484	-35.7419
BLOCK08/SES089/SA089S28	SES226	-0.216431	-35.9583	-35.7419
BLOCK09/SES097/SA097S11	SES099	-0.449432	-36.9335	-36.484
BLOCK09/SES097/SA097S11	SES125	-1.99269	-38.4767	-36.484
BLOCK09/SES097/SA097S11	SES206	-1.51199	-37.996	-36.484
BLOCK09/SES097/SA097S11	SES226	-0.325748	-36.8098	-36.484
BLOCK09/SES097/SA097S14	SES062	-2.40192	-38.5063	-36.1044
BLOCK09/SES097/SA097S14	SES099	-0.383846	-36.4883	-36.1044
BLOCK09/SES097/SA097S14	SES104	-1.40486	-37.5093	-36.1044
BLOCK09/SES097/SA097S14	SES206	-1.25101	-37.3554	-36.1044
BLOCK09/SES097/SA097S22	SES099	-0.0210114	-36.3974	-36.3764
BLOCK09/SES097/SA097S22	SES206	-1.15317	-37.5295	-36.3764
BLOCK09/SES097/SA097S22	SES226	-1.39355	-37.7699	-36.3764
BLOCK09/SES097/SA097S22	SES270	-0.365826	-36.7422	-36.3764
BLOCK09/SES097/SA097S26	SES099	-0.308754	-35.9117	-35.6029
BLOCK09/SES097/SA097S26	SES120	-2.90723	-38.5101	-35.6029
BLOCK09/SES097/SA097S26	SES206	-1.32882	-36.9317	-35.6029
BLOCK09/SES097/SA097S26	SES226	-1.26361	-36.8665	-35.6029
BLOCK09/SES097/SA097S28	SES099	-0.592358	-36.6827	-36.0904
BLOCK09/SES097/SA097S28	SES120	-2.67216	-38.7625	-36.0904
BLOCK09/SES097/SA097S28	SES206	-1.89384	-37.9842	-36.0904
BLOCK09/SES097/SA097S28	SES226	-1.67648	-37.7668	-36.0904
BLOCK09/SES098/SA098S11	SES127	-3.06182	-41.1584	-38.0966
BLOCK09/SES098/SA098S11	SES144	-1.50772	-39.6043	-38.0966
BLOCK09/SES098/SA098S11	SES147	-1.55611	-39.6527	-38.0966
BLOCK09/SES098/SA098S11	SES148	-2.76111	-40.8577	-38.0966
BLOCK09/SES098/SA098S12	SES127	-4.40699	-43.6838	-39.2768
BLOCK09/SES098/SA098S12	SES144	-1.46248	-40.7393	-39.2768
BLOCK09/SES098/SA098S12	SES147	-2.54873	-41.8255	-39.2768
BLOCK09/SES098/SA098S12	SES189	-0.758438	-40.0352	-39.2768
BLOCK09/SES098/SA098S20	SES127	-3.04936	-41.4874	-38.438
BLOCK09/SES098/SA098S20	SES147	-1.59532	-40.0334	-38.438
BLOCK09/SES098/SA098S20	SES148	-3.50639	-41.9444	-38.438
BLOCK09/SES098/SA098S20	SES292	-4.42892	-42.867	-38.438
BLOCK09/SES098/SA098S23	SES127	-1.79419	-39.8166	-38.0224
BLOCK09/SES098/SA098S23	SES147	-0.955418	-38.9778	-38.0224
BLOCK09/SES098/SA098S23	SES187	-1.08795	-39.1104	-38.0224
BLOCK09/SES098/SA098S23	SES292	-2.77954	-40.802	-38.0224
BLOCK09/SES098/SA098S27	SES127	-3.09849	-40.987	-37.8885
BLOCK09/SES098/SA098S27	SES147	-2.18234	-40.0708	-37.8885
BLOCK09/SES098/SA098S27	SES148	-3.06788	-40.9564	-37.8885
BLOCK09/SES098/SA098S27	SES292	-3.66006	-41.5486	-37.8885
BLOCK10/SES102/SA102S13	SES101	-0.532223	-38.6979	-38.1657
BLOCK10/SES102/SA102S13	SES105	-1.23846	-39.4041	-38.1657
BLOCK10/SES102/SA102S13	SES120	-0.516506	-38.6822	-38.1657
BLOCK10/SES102/SA102S13	SES158	-4.78304	-42.9487	-38.1657
BLOCK10/SES102/SA102S14	SES007	-0.47419	-36.6301	-36.1559
BLOCK10/SES102/SA102S14	SES101	-0.152996	-36.3089	-36.1559
BLOCK10/SES102/SA102S14	SES105	-0.619839	-36.7757	-36.1559
BLOCK10/SES102/SA102S14	SES147	-1.43414	-37.59	-36.1559
BLOCK10/SES102/SA102S22	SES007	-1.06355	-37.5693	-36.5057
BLOCK10/SES102/SA102S22	SES101	-0.161278	-36.667	-36.5057
BLOCK10/SES102/SA102S22	SES105	-0.456059	-36.9618	-36.5057
BLOCK10/SES102/SA102S22	SES158	-3.28836	-39.7941	-36.5057
BLOCK10/SES102/SA102S25	SES007	-1.14026	-37.5427	-36.4025
BLOCK10/SES102/SA102S25	SES101	-0.505024	-36.9075	-36.4025
BLOCK10/SES102/SA102S25	SES105	-0.861599	-37.2641	-36.4025
BLOCK10/SES102/SA102S25	SES147	-2.34103	-38.7435	-36.4025
BLOCK10/SES102/SA102S27	SES007	-1.27815	-38.0372	-36.759
BLOCK10/SES102/SA102S27	SES101	-0.425133	-37.1841	-36.759
BLOCK10/SES102/SA102S27	SES105	-0.983921	-37.7429	-36.759
BLOCK10/SES102/SA102S27	SES147	-1.87229	-38.6313	-36.759
BLOCK10/SES103/SA103S14	SES105	-2.28938	-39.7515	-37.4621
BLOCK10/SES103/SA103S14	SES106	-0.390251	-37.8523	-37.4621
BLOCK10/SES103/SA103S14	SES120	-3.05038	-40.5125	-37.4621
BLOCK10/SES103/SA103S14	SES206	-0.929821	-38.3919	-37.4621
BLOCK10/SES103/SA103S15	SES099	-0.398201	-38.5581	-38.1599
BLOCK10/SES103/SA103S15	SES101	-3.05464	-41.2145	-38.1599
BLOCK10/SES103/SA103S15	SES104	-0.649303	-38.8092	-38.1599
BLOCK10/SES103/SA103S15	SES125	-0.883793	-39.0437	-38.1599
BLOCK10/SES103/SA103S24	SES104	-1.06157	-38.3857	-37.3241
BLOCK10/SES103/SA103S24	SES125	-0.866581	-38.1907	-37.3241
BLOCK10/SES103/SA103S24	SES148	-2.72186	-40.0459	-37.3241
BLOCK10/SES103/SA103S24	SES158	-0.231083	-37.5552	-37.3241
BLOCK10/SES103/SA103S26	SES104	-0.782028	-38.0641	-37.2821
BLOCK10/SES103/SA103S26	SES106	-0.578186	-37.8603	-37.2821
BLOCK10/SES103/SA103S26	SES125	-0.634335	-37.9164	-37.2821
BLOCK10/SES103/SA103S26	SES148	-2.60389	-39.886	-37.2821
BLOCK10/SES103/SA103S28	SES104	-1.30788	-38.7639	-37.456
BLOCK10/SES103/SA103S28	SES106	-0.915096	-38.3711	-37.456
BLOCK10/SES103/SA103S28	SES125	-1.18417	-38.6401	-37.456
BLOCK10/SES103/SA103S28	SES206	-1.716	-39.172	-37.456
BLOCK12/SES121/SA121S12	SES042	-1.36897	-40.0944	-38.7255
BLOCK12/SES121/SA121S12	SES087	-1.04859	-39.7741	-38.7255
BLOCK12/SES121/SA121S12	SES105	-1.38163	-40.1071	-38.7255
BLOCK12/SES121/SA121S12	SES206	-0.368271	-39.0937	-38.7255
BLOCK12/SES121/SA121S14	SES007	-1.99802	-41.19	-39.192
BLOCK12/SES121/SA121S14	SES105	-2.69761	-41.8896	-39.192
BLOCK12/SES121/SA121S14	SES106	-1.21785	-40.4098	-39.192
BLOCK12/SES121/SA121S14	SES206	-1.39759	-40.5896	-39.192
BLOCK12/SES121/SA121S23	SES105	-2.90679	-42.0108	-39.104
BLOCK12/SES121/SA121S23	SES106	-0.994652	-40.0986	-39.104
BLOCK12/SES121/SA121S23	SES120	-3.53183	-42.6358	-39.104
BLOCK12/SES121/SA121S23	SES206	-0.991383	-40.0953	-39.104
BLOCK12/SES121/SA121S25	SES007	-1.36829	-41.4489	-40.0806
BLOCK12/SES121/SA121S25	SES105	-2.95804	-43.0386	-40.0806
BLOCK12/SES121/SA121S25	SES106	-1.58611	-41.6667	-40.0806
BLOCK12/SES121/SA121S25	SES206	-1.47993	-41.5605	-40.0806
BLOCK12/SES121/SA121S27	SES087	-0.513016	-39.0652	-38.5522
BLOCK12/SES121/SA121S27	SES105	-3.91518	-42.4674	-38.5522
BLOCK12/SES121/SA121S27	SES120	-3.16387	-41.716	-38.5522
BLOCK12/SES121/SA121S27	SES206	-1.26463	-39.8168	-38.5522
BLOCK12/SES124/SA124S16	SES042	-0.442299	-36.9993	-36.557
BLOCK12/SES124/SA124S16	SES082	-0.0985107	-36.6555	-36.557
BLOCK12/SES124/SA124S16	SES183	-3.92128	-40.4783	-36.557
BLOCK12/SES124/SA124S16	SES206	-0.460205	-37.0172	-36.557
BLOCK12/SES124/SA124S17	SES105	-2.854	-39.7842	-36.9302
BLOCK12/SES124/SA124S17	SES149	-2.28989	-39.2201	-36.9302
BLOCK12/SES124/SA124S17	SES158	-2.00112	-38.9313	-36.9302
BLOCK12/SES124/SA124S17	SES275	-3.77082	-40.701	-36.9302
BLOCK12/SES124/SA124S23	SES105	-2.00592	-36.8499	-34.844
BLOCK12/SES124/SA124S23	SES125	0.174458	-34.6695	-34.844
BLOCK12/SES124/SA124S23	SES129	-3.19619	-38.0402	-34.844
BLOCK12/SES124/SA124S23	SES158	-0.550716	-35.3947	-34.844
BLOCK12/SES124/SA124S26	SES105	-3.00056	-38.5188	-35.5183
BLOCK12/SES124/SA124S26	SES125	0.30246	-35.2158	-35.5183
BLOCK12/SES124/SA124S26	SES129	-4.26798	-39.7862	-35.5183
BLOCK12/SES124/SA124S26	SES158	-0.693867	-36.2121	-35.5183
BLOCK12/SES124/SA124S28	SES104	-0.619526	-36.2822	-35.6627
BLOCK12/SES124/SA124S28	SES106	-0.188717	-35.8514	-35.6627
BLOCK12/SES124/SA124S28	SES125	-0.208694	-35.8714	-35.6627
BLOCK12/SES124/SA124S28	SES275	-3.63324	-39.2959	-35.6627
BLOCK12/SES126/SA126S13	SES007	-2.22469	-40.774	-38.5493
BLOCK12/SES126/SA126S13	SES162	-1.53786	-40.0871	-38.5493
BLOCK12/SES126/SA126S13	SES177	-1.25604	-39.8053	-38.5493
BLOCK12/SES126/SA126S13	SES180	-1.63539	-40.1847	-38.5493
BLOCK12/SES126/SA126S14	SES144	-0.888439	-37.5286	-36.6401
BLOCK12/SES126/SA126S14	SES148	-1.83855	-38.4787	-36.6401
BLOCK12/SES126/SA126S14	SES177	-0.351334	-36.9915	-36.6401
BLOCK12/SES126/SA126S14	SES180	-1.05313	-37.6933	-36.6401
BLOCK12/SES126/SA126S20	SES007	-1.3396	-38.3282	-36.9886
BLOCK12/SES126/SA126S20	SES162	-1.45247	-38.4411	-36.9886
BLOCK12/SES126/SA126S20	SES172	-2.20786	-39.1965	-36.9886
BLOCK12/SES126/SA126S20	SES180	-1.9965	-38.9851	-36.9886
BLOCK12/SES126/SA126S24	SES120	-1.54855	-38.0694	-36.5209
BLOCK12/SES126/SA126S24	SES162	-0.98114	-37.502	-36.5209
BLOCK12/SES126/SA126S24	SES177	-1.05639	-37.5772	-36.5209
BLOCK12/SES126/SA126S24	SES180	-0.599213	-37.1201	-36.5209
BLOCK12/SES126/SA126S26	SES120	-1.45965	-38.5494	-37.0898
BLOCK12/SES126/SA126S26	SES177	-0.898167	-37.988	-37.0898
BLOCK12/SES126/SA126S26	SES180	-0.867577	-37.9574	-37.0898
BLOCK12/SES126/SA126S26	SES202	-2.36101	-39.4508	-37.0898
BLOCK12/SES128/SA128S10	SES087	-2.38755	-38.8272	-36.4397
BLOCK12/SES128/SA128S10	SES206	-1.33786	-37.7775	-36.4397
BLOCK12/SES128/SA128S10	SES226	-0.597237	-37.0369	-36.4397
BLOCK12/SES128/SA128S10	SES270	-0.805664	-37.2453	-36.4397
BLOCK12/SES128/SA128S12	SES120	-2.55991	-39.0316	-36.4717
BLOCK12/SES128/SA128S12	SES158	-0.822937	-37.2946	-36.4717
BLOCK12/SES128/SA128S12	SES206	-1.00462	-37.4763	-36.4717
BLOCK12/SES128/SA128S12	SES226	-1.15578	-37.6275	-36.4717
BLOCK12/SES128/SA128S21	SES106	-2.66019	-39.3553	-36.6952
BLOCK12/SES128/SA128S21	SES120	-2.16601	-38.8612	-36.6952
BLOCK12/SES128/SA128S21	SES206	-1.89237	-38.5875	-36.6952
BLOCK12/SES128/SA128S21	SES226	-2.01855	-38.7137	-36.6952
BLOCK12/SES128/SA128S24	SES087	-2.3228	-39.2222	-36.8994
BLOCK12/SES128/SA128S24	SES120	-1.43376	-38.3332	-36.8994
BLOCK12/SES128/SA128S24	SES206	-1.71572	-38.6151	-36.8994
BLOCK12/SES128/SA128S24	SES226	-1.78632	-38.6857	-36.8994
BLOCK12/SES128/SA128S27	SES099	-0.898808	-36.9641	-36.0653
BLOCK12/SES128/SA128S27	SES120	-1.5539	-37.6192	-36.0653
BLOCK12/SES128/SA128S27	SES206	-1.24453	-37.3099	-36.0653
BLOCK12/SES128/SA128S27	SES226	-0.82732	-36.8927	-36.0653
BLOCK13/SES130/SA130S13	SES143	-1.82683	-39.7738	-37.9469
BLOCK13/SES130/SA130S13	SES144	-0.87178	-38.8187	-37.9469
BLOCK13/SES130/SA130S13	SES146	-1.43573	-39.3827	-37.9469
BLOCK13/SES130/SA130S13	SES275	-3.42366	-41.3706	-37.9469
BLOCK13/SES130/SA130S15	SES143	-1.9205	-38.7627	-36.8422
BLOCK13/SES130/SA130S15	SES144	-0.773964	-37.6162	-36.8422
BLOCK13/SES130/SA130S15	SES146	-0.998581	-37.8408	-36.8422
BLOCK13/SES130/SA130S15	SES275	-1.68169	-38.5239	-36.8422
BLOCK13/SES130/SA130S23	SES127	-2.95884	-41.4401	-38.4813
BLOCK13/SES130/SA130S23	SES144	-1.66221	-40.1435	-38.4813
BLOCK13/SES130/SA130S23	SES146	-1.74253	-40.2238	-38.4813
BLOCK13/SES130/SA130S23	SES162	-1.23083	-39.7121	-38.4813
BLOCK13/SES130/SA130S25	SES127	-1.95934	-38.6819	-36.7226
BLOCK13/SES130/SA130S25	SES144	-0.512993	-37.2356	-36.7226
BLOCK13/SES130/SA130S25	SES146	-0.962742	-37.6853	-36.7226
BLOCK13/SES130/SA130S25	SES275	-1.02473	-37.7473	-36.7226
BLOCK13/SES130/SA130S28	SES127	-1.60139	-38.3066	-36.7052
BLOCK13/SES130/SA130S28	SES144	-0.910469	-37.6157	-36.7052
BLOCK13/SES130/SA130S28	SES146	-1.23792	-37.9432	-36.7052
BLOCK13/SES130/SA130S28	SES275	-0.824436	-37.5297	-36.7052
BLOCK13/SES131/SA131S13	SES002	-1.68306	-40.3891	-38.706
BLOCK13/SES131/SA131S13	SES007	-2.67946	-41.3855	-38.706
BLOCK13/SES131/SA131S13	SES099	-1.269	-39.975	-38.706
BLOCK13/SES131/SA131S13	SES105	-1.9445	-40.6505	-38.706
BLOCK13/SES131/SA131S14	SES104	-0.641777	-37.8884	-37.2466
BLOCK13/SES131/SA131S14	SES106	-0.298252	-37.5449	-37.2466
BLOCK13/SES131/SA131S14	SES125	-1.1863	-38.4329	-37.2466
BLOCK13/SES131/SA131S14	SES148	-2.41171	-39.6583	-37.2466
BLOCK13/SES131/SA131S20	SES104	-0.906296	-38.6626	-37.7563
BLOCK13/SES131/SA131S20	SES106	-0.408985	-38.1653	-37.7563
BLOCK13/SES131/SA131S20	SES125	-0.815014	-38.5713	-37.7563
BLOCK13/SES131/SA131S20	SES148	-3.26361	-41.0199	-37.7563
BLOCK13/SES131/SA131S22	SES099	-0.691193	-38.2775	-37.5863
BLOCK13/SES131/SA131S22	SES104	-0.932919	-38.5192	-37.5863
BLOCK13/SES131/SA131S22	SES125	-0.925385	-38.5117	-37.5863
BLOCK13/SES131/SA131S22	SES206	-1.2717	-38.858	-37.5863
BLOCK13/SES131/SA131S29	SES087	-1.03249	-38.9793	-37.9468
BLOCK13/SES131/SA131S29	SES104	-1.48969	-39.4365	-37.9468
BLOCK13/SES131/SA131S29	SES125	-1.58891	-39.5358	-37.9468
BLOCK13/SES131/SA131S29	SES206	-1.6005	-39.5473	-37.9468
BLOCK13/SES132/SA132S11	SES083	-1.66623	-37.7211	-36.0549
BLOCK13/SES132/SA132S11	SES120	-0.518009	-36.5729	-36.0549
BLOCK13/SES132/SA132S11	SES127	-1.10683	-37.1617	-36.0549
BLOCK13/SES132/SA132S11	SES275	-1.29055	-37.3454	-36.0549
BLOCK13/SES132/SA132S12	SES083	-1.53751	-37.4118	-35.8743
BLOCK13/SES132/SA132S12	SES143	-1.56536	-37.4397	-35.8743
BLOCK13/SES132/SA132S12	SES144	-0.940022	-36.8144	-35.8743
BLOCK13/SES132/SA132S12	SES148	-1.6598	-37.5341	-35.8743
BLOCK13/SES132/SA132S22	SES062	-1.28827	-37.278	-35.9898
BLOCK13/SES132/SA132S22	SES083	-1.37464	-37.3644	-35.9898
BLOCK13/SES132/SA132S22	SES127	-0.906307	-36.8961	-35.9898
BLOCK13/SES132/SA132S22	SES275	-0.831284	-36.8211	-35.9898
BLOCK13/SES132/SA132S24	SES007	-0.756107	-36.9234	-36.1673
BLOCK13/SES132/SA132S24	SES083	-2.03463	-38.2019	-36.1673
BLOCK13/SES132/SA132S24	SES127	-1.94406	-38.1113	-36.1673
BLOCK13/SES132/SA132S24	SES275	-1.35828	-37.5255	-36.1673
BLOCK13/SES132/SA132S27	SES083	-2.09432	-38.9017	-36.8074
BLOCK13/SES132/SA132S27	SES120	-0.741615	-37.549	-36.8074
BLOCK13/SES132/SA132S27	SES127	-1.56602	-38.3734	-36.8074
BLOCK13/SES132/SA132S27	SES275	-1.65904	-38.4664	-36.8074
BLOCK14/SES141/SA141S09	SES143	-0.72216	-37.4765	-36.7543
BLOCK14/SES141/SA141S09	SES144	-0.713638	-37.468	-36.7543
BLOCK14/SES141/SA141S09	SES162	-0.656464	-37.4108	-36.7543
BLOCK14/SES141/SA141S09	SES180	-0.991859	-37.7462	-36.7543
BLOCK14/SES141/SA141S15	SES127	-0.997509	-37.6706	-36.6731
BLOCK14/SES141/SA141S15	SES144	-0.59111	-37.2642	-36.6731
BLOCK14/SES141/SA141S15	SES162	-0.748859	-37.4219	-36.6731
BLOCK14/SES141/SA141S15	SES180	-0.918499	-37.5916	-36.6731
BLOCK14/SES141/SA141S24	SES127	-1.00245	-37.4136	-36.4111
BLOCK14/SES141/SA141S24	SES144	-1.34785	-37.759	-36.4111
BLOCK14/SES141/SA141S24	SES162	-0.702908	-37.114	-36.4111
BLOCK14/SES141/SA141S24	SES183	-2.16864	-38.5798	-36.4111
BLOCK14/SES141/SA141S26	SES142	-1.3744	-38.5651	-37.1907
BLOCK14/SES141/SA141S26	SES144	-1.3666	-38.5573	-37.1907
BLOCK14/SES141/SA141S26	SES172	-1.10487	-38.2955	-37.1907
BLOCK14/SES141/SA141S26	SES180	-0.551441	-37.7421	-37.1907
BLOCK14/SES141/SA141S29	SES127	-0.437618	-36.7827	-36.3451
BLOCK14/SES141/SA141S29	SES142	-0.579208	-36.9243	-36.3451
BLOCK14/SES141/SA141S29	SES144	-0.934547	-37.2797	-36.3451
BLOCK14/SES141/SA141S29	SES180	-0.361446	-36.7066	-36.3451
BLOCK15/SES157/SA157S08	SES083	-1.60667	-38.4851	-36.8784
BLOCK15/SES157/SA157S08	SES127	-1.82057	-38.699	-36.8784
BLOCK15/SES157/SA157S08	SES148	-1.22559	-38.104	-36.8784
BLOCK15/SES157/SA157S08	SES292	-2.26865	-39.147	-36.8784
BLOCK15/SES157/SA157S11	SES083	-2.19556	-38.957	-36.7614
BLOCK15/SES157/SA157S11	SES127	-2.37004	-39.1315	-36.7614
BLOCK15/SES157/SA157S11	SES148	-1.20151	-37.963	-36.7614
BLOCK15/SES157/SA157S11	SES292	-2.36097	-39.1224	-36.7614
BLOCK15/SES157/SA157S21	SES127	-1.77002	-38.066	-36.296
BLOCK15/SES157/SA157S21	SES148	-0.874058	-37.1701	-36.296
BLOCK15/SES157/SA157S21	SES158	-3.57843	-39.8744	-36.296
BLOCK15/SES157/SA157S21	SES292	-1.84007	-38.1361	-36.296
BLOCK15/SES157/SA157S24	SES127	-1.8139	-38.1607	-36.3468
BLOCK15/SES157/SA157S24	SES148	-1.32981	-37.6766	-36.3468
BLOCK15/SES157/SA157S24	SES183	-1.96417	-38.3109	-36.3468
BLOCK15/SES157/SA157S24	SES292	-2.06075	-38.4075	-36.3468
BLOCK15/SES157/SA157S26	SES007	-0.758659	-36.6954	-35.9368
BLOCK15/SES157/SA157S26	SES127	-1.07642	-37.0132	-35.9368
BLOCK15/SES157/SA157S26	SES147	-1.83711	-37.7739	-35.9368
BLOCK15/SES157/SA157S26	SES148	-1.22876	-37.1655	-35.9368
BLOCK16/SES161/SA161S10	SES007	-1.71004	-39.9531	-38.243
BLOCK16/SES161/SA161S10	SES105	-1.34887	-39.5919	-38.243
BLOCK16/SES161/SA161S10	SES158	-1.79774	-40.0408	-38.243
BLOCK16/SES161/SA161S10	SES275	-2.27909	-40.5221	-38.243
BLOCK16/SES161/SA161S12	SES007	-1.51411	-39.1032	-37.5891
BLOCK16/SES161/SA161S12	SES105	-1.80217	-39.3913	-37.5891
BLOCK16/SES161/SA161S12	SES158	-1.50634	-39.0955	-37.5891
BLOCK16/SES161/SA161S12	SES275	-1.79618	-39.3853	-37.5891
BLOCK16/SES161/SA161S20	SES007	-2.087	-40.7725	-38.6855
BLOCK16/SES161/SA161S20	SES105	-2.53461	-41.2201	-38.6855
BLOCK16/SES161/SA161S20	SES158	-1.94435	-40.6299	-38.6855
BLOCK16/SES161/SA161S20	SES275	-2.93976	-41.6253	-38.6855
BLOCK16/SES161/SA161S23	SES007	-1.72013	-39.0279	-37.3078
BLOCK16/SES161/SA161S23	SES105	-1.33614	-38.644	-37.3078
BLOCK16/SES161/SA161S23	SES148	-2.21181	-39.5196	-37.3078
BLOCK16/SES161/SA161S23	SES158	-1.09917	-38.407	-37.3078
BLOCK16/SES161/SA161S28	SES007	-2.05968	-39.5972	-37.5375
BLOCK16/SES161/SA161S28	SES105	-2.70873	-40.2463	-37.5375
BLOCK16/SES161/SA161S28	SES158	-0.982826	-38.5204	-37.5375
BLOCK16/SES161/SA161S28	SES206	-1.31511	-38.8526	-37.5375
BLOCK16/SES164/SA164S11	SES104	-1.35994	-37.737	-36.3771
BLOCK16/SES164/SA164S11	SES125	-0.696651	-37.0737	-36.3771
BLOCK16/SES164/SA164S11	SES158	0.323048	-36.054	-36.3771
BLOCK16/SES164/SA164S11	SES206	-1.82426	-38.2013	-36.3771
BLOCK16/SES164/SA164S13	SES099	-0.456715	-37.9647	-37.508
BLOCK16/SES164/SA164S13	SES104	-1.58062	-39.0886	-37.508
BLOCK16/SES164/SA164S13	SES125	-1.5042	-39.0122	-37.508
BLOCK16/SES164/SA164S13	SES206	-1.0034	-38.5114	-37.508
BLOCK16/SES164/SA164S24	SES002	-0.232533	-37.0429	-36.8103
BLOCK16/SES164/SA164S24	SES099	-0.376545	-37.1869	-36.8103
BLOCK16/SES164/SA164S24	SES125	-1.84444	-38.6548	-36.8103
BLOCK16/SES164/SA164S24	SES226	-0.819893	-37.6302	-36.8103
BLOCK16/SES164/SA164S27	SES087	-1.98233	-39.2204	-37.2381
BLOCK16/SES164/SA164S27	SES125	-1.04694	-38.285	-37.2381
BLOCK16/SES164/SA164S27	SES206	-1.15865	-38.3967	-37.2381
BLOCK16/SES164/SA164S27	SES226	-0.630322	-37.8684	-37.2381
BLOCK16/SES164/SA164S29	SES002	0.284012	-36.3159	-36.5999
BLOCK16/SES164/SA164S29	SES019	-1.49907	-38.099	-36.5999
BLOCK16/SES164/SA164S29	SES125	-1.05375	-37.6537	-36.5999
BLOCK16/SES164/SA164S29	SES226	-0.904869	-37.5048	-36.5999
BLOCK16/SES169/SA169S13	SES117	-1.43529	-38.0252	-36.59
BLOCK16/SES169/SA169S13	SES144	-1.00232	-37.5923	-36.59
BLOCK16/SES169/SA169S13	SES146	-1.59113	-38.1811	-36.59
BLOCK16/SES169/SA169S13	SES162	-1.69322	-38.2832	-36.59
BLOCK16/SES169/SA169S14	SES144	-0.941933	-36.7108	-35.7689
BLOCK16/SES169/SA169S14	SES148	-1.11399	-36.8829	-35.7689
BLOCK16/SES169/SA169S14	SES177	-0.699295	-36.4682	-35.7689
BLOCK16/SES169/SA169S14	SES180	-2.08223	-37.8511	-35.7689
BLOCK16/SES169/SA169S24	SES117	-1.16904	-38.6049	-37.4358
BLOCK16/SES169/SA169S24	SES144	-1.11404	-38.5499	-37.4358
BLOCK16/SES169/SA169S24	SES146	-1.54478	-38.9806	-37.4358
BLOCK16/SES169/SA169S24	SES162	-1.43271	-38.8685	-37.4358
BLOCK16/SES169/SA169S27	SES127	-1.48548	-38.0012	-36.5157
BLOCK16/SES169/SA169S27	SES129	-1.26492	-37.7806	-36.5157
BLOCK16/SES169/SA169S27	SES144	-1.07883	-37.5945	-36.5157
BLOCK16/SES169/SA169S27	SES146	-0.888622	-37.4043	-36.5157
BLOCK16/SES169/SA169S29	SES144	-0.527916	-36.8272	-36.2993
BLOCK16/SES169/SA169S29	SES162	-0.62949	-36.9288	-36.2993
BLOCK16/SES169/SA169S29	SES177	-1.71203	-38.0113	-36.2993
BLOCK16/SES169/SA169S29	SES180	-1.47599	-37.7753	-36.2993
BLOCK17/SES171/SA171S12	SES083	-1.82449	-39.4982	-37.6737
BLOCK17/SES171/SA171S12	SES148	-1.64048	-39.3142	-37.6737
BLOCK17/SES171/SA171S12	SES172	-1.45198	-39.1257	-37.6737
BLOCK17/SES171/SA171S12	SES292	-2.56408	-40.2378	-37.6737
BLOCK17/SES171/SA171S15	SES148	-1.56799	-39.54	-37.972
BLOCK17/SES171/SA171S15	SES177	-1.45477	-39.4267	-37.972
BLOCK17/SES171/SA171S15	SES180	-3.27302	-41.245	-37.972
BLOCK17/SES171/SA171S15	SES292	-3.79187	-41.7638	-37.972
BLOCK17/SES171/SA171S22	SES007	-1.95736	-39.0392	-37.0819
BLOCK17/SES171/SA171S22	SES148	-1.40651	-38.4884	-37.0819
BLOCK17/SES171/SA171S22	SES177	-0.768311	-37.8502	-37.0819
BLOCK17/SES171/SA171S22	SES180	-1.79305	-38.8749	-37.0819
BLOCK17/SES171/SA171S25	SES101	-1.96225	-39.9714	-38.0091
BLOCK17/SES171/SA171S25	SES120	-2.53798	-40.5471	-38.0091
BLOCK17/SES171/SA171S25	SES177	-1.50035	-39.5095	-38.0091
BLOCK17/SES171/SA171S25	SES180	-2.32316	-40.3323	-38.0091
BLOCK17/SES171/SA171S27	SES177	-1.11148	-38.3245	-37.213
BLOCK17/SES171/SA171S27	SES180	-2.63155	-39.8446	-37.213
BLOCK17/SES171/SA171S27	SES189	-1.00278	-38.2158	-37.213
BLOCK17/SES171/SA171S27	SES292	-3.34455	-40.5576	-37.213
BLOCK17/SES173/SA173S13	SES162	-1.70013	-39.5558	-37.8557
BLOCK17/SES173/SA173S13	SES177	-1.46443	-39.3201	-37.8557
BLOCK17/SES173/SA173S13	SES180	-2.42596	-40.2816	-37.8557
BLOCK17/SES173/SA173S13	SES292	-2.66684	-40.5225	-37.8557
BLOCK17/SES173/SA173S14	SES007	-2.44	-40.664	-38.224
BLOCK17/SES173/SA173S14	SES162	-1.66062	-39.8846	-38.224
BLOCK17/SES173/SA173S14	SES177	-1.16232	-39.3863	-38.224
BLOCK17/SES173/SA173S14	SES180	-2.51522	-40.7392	-38.224
BLOCK17/SES173/SA173S24	SES144	-1.11384	-40.0513	-38.9375
BLOCK17/SES173/SA173S24	SES162	-2.74918	-41.6866	-38.9375
BLOCK17/SES173/SA173S24	SES177	-2.00983	-40.9473	-38.9375
BLOCK17/SES173/SA173S24	SES180	-2.40907	-41.3465	-38.9375
BLOCK17/SES173/SA173S27	SES162	-1.92524	-39.7702	-37.8449
BLOCK17/SES173/SA173S27	SES177	-1.56847	-39.4134	-37.8449
BLOCK17/SES173/SA173S27	SES180	-2.16708	-40.012	-37.8449
BLOCK17/SES173/SA173S27	SES292	-3.50356	-41.3485	-37.8449
BLOCK17/SES173/SA173S29	SES162	-1.8331	-40.2444	-38.4113
BLOCK17/SES173/SA173S29	SES175	-1.25036	-39.6616	-38.4113
BLOCK17/SES173/SA173S29	SES177	-1.63607	-40.0473	-38.4113
BLOCK17/SES173/SA173S29	SES292	-3.68835	-42.0996	-38.4113
BLOCK18/SES182/SA182S10	SES144	-0.817829	-37.9714	-37.1536
BLOCK18/SES182/SA182S10	SES177	-1.39515	-38.5488	-37.1536
BLOCK18/SES182/SA182S10	SES180	-1.92216	-39.0758	-37.1536
BLOCK18/SES182/SA182S10	SES275	-0.744755	-37.8984	-37.1536
BLOCK18/SES182/SA182S12	SES144	-0.525322	-37.3345	-36.8091
BLOCK18/SES182/SA182S12	SES177	-1.12323	-37.9324	-36.8091
BLOCK18/SES182/SA182S12	SES180	-1.19418	-38.0033	-36.8091
BLOCK18/SES182/SA182S12	SES275	-1.07119	-37.8803	-36.8091
BLOCK18/SES182/SA182S21	SES117	-1.45044	-39.0364	-37.5859
BLOCK18/SES182/SA182S21	SES144	-1.03232	-38.6183	-37.5859
BLOCK18/SES182/SA182S21	SES162	-0.685127	-38.2711	-37.5859
BLOCK18/SES182/SA182S21	SES180	-1.78479	-39.3707	-37.5859
BLOCK18/SES182/SA182S23	SES117	-1.33105	-38.4379	-37.1068
BLOCK18/SES182/SA182S23	SES144	-1.3415	-38.4483	-37.1068
BLOCK18/SES182/SA182S23	SES180	-1.80481	-38.9116	-37.1068
BLOCK18/SES182/SA182S23	SES275	-1.01487	-38.1217	-37.1068
BLOCK18/SES182/SA182S25	SES007	-0.861496	-38.0443	-37.1828
BLOCK18/SES182/SA182S25	SES162	-0.457512	-37.6403	-37.1828
BLOCK18/SES182/SA182S25	SES177	-0.832954	-38.0158	-37.1828
BLOCK18/SES182/SA182S25	SES180	-1.66795	-38.8508	-37.1828
BLOCK18/SES184/SA184S12	SES177	-1.91187	-38.9346	-37.0227
BLOCK18/SES184/SA184S12	SES180	-1.23769	-38.2604	-37.0227
BLOCK18/SES184/SA184S12	SES189	-2.26432	-39.287	-37.0227
BLOCK18/SES184/SA184S12	SES292	-2.04161	-39.0643	-37.0227
BLOCK18/SES184/SA184S13	SES101	-1.80807	-38.5096	-36.7015
BLOCK18/SES184/SA184S13	SES177	-1.72192	-38.4234	-36.7015
BLOCK18/SES184/SA184S13	SES180	-1.57508	-38.2766	-36.7015
BLOCK18/SES184/SA184S13	SES292	-2.02842	-38.7299	-36.7015
BLOCK18/SES184/SA184S22	SES177	-1.34837	-37.4103	-36.062
BLOCK18/SES184/SA184S22	SES180	-1.27882	-37.3408	-36.062
BLOCK18/SES184/SA184S22	SES189	-2.68987	-38.7518	-36.062
BLOCK18/SES184/SA184S22	SES292	-2.09393	-38.1559	-36.062
BLOCK18/SES184/SA184S25	SES101	-1.37076	-37.1061	-35.7353
BLOCK18/SES184/SA184S25	SES177	-1.73101	-37.4663	-35.7353
BLOCK18/SES184/SA184S25	SES180	-1.57303	-37.3083	-35.7353
BLOCK18/SES184/SA184S25	SES292	-1.2714	-37.0067	-35.7353
BLOCK18/SES184/SA184S27	SES083	-1.68003	-37.9162	-36.2362
BLOCK18/SES184/SA184S27	SES177	-0.967865	-37.2041	-36.2362
BLOCK18/SES184/SA184S27	SES202	-2.36118	-38.5974	-36.2362
BLOCK18/SES184/SA184S27	SES292	-1.45358	-37.6898	-36.2362
BLOCK20/SES204/SA204S12	SES062	-2.42363	-38.3678	-35.9442
BLOCK20/SES204/SA204S12	SES083	-2.27609	-38.2202	-35.9442
BLOCK20/SES204/SA204S12	SES206	-1.05803	-37.0022	-35.9442
BLOCK20/SES204/SA204S12	SES226	-1.96912	-37.9133	-35.9442
BLOCK20/SES204/SA204S14	SES068	-2.72982	-37.808	-35.0782
BLOCK20/SES204/SA204S14	SES087	-0.687469	-35.7657	-35.0782
BLOCK20/SES204/SA204S14	SES206	-1.26716	-36.3454	-35.0782
BLOCK20/SES204/SA204S14	SES226	-1.63001	-36.7082	-35.0782
BLOCK20/SES204/SA204S22	SES068	-3.092	-39.0826	-35.9906
BLOCK20/SES204/SA204S22	SES082	-3.01699	-39.0076	-35.9906
BLOCK20/SES204/SA204S22	SES083	-2.59887	-38.5895	-35.9906
BLOCK20/SES204/SA204S22	SES206	-1.6382	-37.6288	-35.9906
BLOCK20/SES204/SA204S25	SES062	-2.71865	-38.8541	-36.1355
BLOCK20/SES204/SA204S25	SES083	-2.26862	-38.4041	-36.1355
BLOCK20/SES204/SA204S25	SES206	-1.24898	-37.3845	-36.1355
BLOCK20/SES204/SA204S25	SES226	-1.36958	-37.5051	-36.1355
BLOCK20/SES204/SA204S27	SES068	-3.56989	-39.8831	-36.3132
BLOCK20/SES204/SA204S27	SES082	-1.9296	-38.2428	-36.3132
BLOCK20/SES204/SA204S27	SES087	-1.21775	-37.531	-36.3132
BLOCK20/SES204/SA204S27	SES206	-1.3439	-37.6571	-36.3132
BLOCK20/SES207/SA207S10	SES127	-1.23612	-38.3205	-37.0843
BLOCK20/SES207/SA207S10	SES183	-1.75024	-38.8346	-37.0843
BLOCK20/SES207/SA207S10	SES189	-1.53237	-38.6167	-37.0843
BLOCK20/SES207/SA207S10	SES292	-1.24682	-38.3312	-37.0843
BLOCK20/SES207/SA207S11	SES127	-2.77027	-39.7883	-37.018
BLOCK20/SES207/SA207S11	SES183	-2.04814	-39.0662	-37.018
BLOCK20/SES207/SA207S11	SES187	-1.31595	-38.334	-37.018
BLOCK20/SES207/SA207S11	SES292	-1.89224	-38.9103	-37.018
BLOCK20/SES207/SA207S25	SES068	-1.50632	-38.62	-37.1137
BLOCK20/SES207/SA207S25	SES083	-2.62995	-39.7437	-37.1137
BLOCK20/SES207/SA207S25	SES127	-1.46778	-38.5815	-37.1137
BLOCK20/SES207/SA207S25	SES187	-0.765419	-37.8791	-37.1137
BLOCK20/SES207/SA207S27	SES127	-1.90081	-39.091	-37.1902
BLOCK20/SES207/SA207S27	SES183	-1.18337	-38.3736	-37.1902
BLOCK20/SES207/SA207S27	SES187	-1.26151	-38.4517	-37.1902
BLOCK20/SES207/SA207S27	SES292	-2.03617	-39.2264	-37.1902
BLOCK20/SES207/SA207S29	SES083	-2.90495	-39.7566	-36.8517
BLOCK20/SES207/SA207S29	SES085	-1.27315	-38.1248	-36.8517
BLOCK20/SES207/SA207S29	SES172	-1.63005	-38.4817	-36.8517
BLOCK20/SES207/SA207S29	SES189	-2.16391	-39.0156	-36.8517
BLOCK22/SES221/SA221S12	SES068	-2.00782	-38.7468	-36.739
BLOCK22/SES221/SA221S12	SES143	-2.04816	-38.7872	-36.739
BLOCK22/SES221/SA221S12	SES175	-0.539974	-37.279	-36.739
BLOCK22/SES221/SA221S12	SES202	-0.8522	-37.5912	-36.739
BLOCK22/SES221/SA221S15	SES085	-2.33768	-40.3312	-37.9935
BLOCK22/SES221/SA221S15	SES143	-2.26361	-40.2571	-37.9935
BLOCK22/SES221/SA221S15	SES175	-1.29475	-39.2882	-37.9935
BLOCK22/SES221/SA221S15	SES187	-1.08591	-39.0794	-37.9935
BLOCK22/SES221/SA221S23	SES068	-2.02287	-39.1064	-37.0835
BLOCK22/SES221/SA221S23	SES143	-1.9456	-39.0291	-37.0835
BLOCK22/SES221/SA221S23	SES175	-0.489342	-37.5728	-37.0835
BLOCK22/SES221/SA221S23	SES189	-0.347076	-37.4306	-37.0835
BLOCK22/SES221/SA221S27	SES085	-2.6907	-40.1837	-37.493
BLOCK22/SES221/SA221S27	SES143	-2.06344	-39.5564	-37.493
BLOCK22/SES221/SA221S27	SES175	-0.923	-38.416	-37.493
BLOCK22/SES221/SA221S27	SES189	0.331024	-37.1619	-37.493
BLOCK22/SES221/SA221S29	SES085	-3.26114	-41.0127	-37.7515
BLOCK22/SES221/SA221S29	SES143	-2.29137	-40.0429	-37.7515
BLOCK22/SES221/SA221S29	SES175	-1.12508	-38.8766	-37.7515
BLOCK22/SES221/SA221S29	SES187	-0.925907	-38.6774	-37.7515
BLOCK22/SES223/SA223S11	SES143	-1.56608	-39.3825	-37.8164
BLOCK22/SES223/SA223S11	SES144	-1.97384	-39.7903	-37.8164
BLOCK22/SES223/SA223S11	SES175	-1.21019	-39.0266	-37.8164
BLOCK22/SES223/SA223S11	SES187	-1.33396	-39.1504	-37.8164
BLOCK22/SES223/SA223S13	SES068	-1.20064	-39.5738	-38.3732
BLOCK22/SES223/SA223S13	SES143	-2.41488	-40.7881	-38.3732
BLOCK22/SES223/SA223S13	SES146	-3.4097	-41.7829	-38.3732
BLOCK22/SES223/SA223S13	SES202	-0.952236	-39.3254	-38.3732
BLOCK22/SES223/SA223S22	SES143	-1.78014	-39.511	-37.7309
BLOCK22/SES223/SA223S22	SES144	-1.95187	-39.6827	-37.7309
BLOCK22/SES223/SA223S22	SES175	-1.0463	-38.7772	-37.7309
BLOCK22/SES223/SA223S22	SES187	-1.09779	-38.8287	-37.7309
BLOCK22/SES223/SA223S25	SES068	-1.84523	-39.6	-37.7548
BLOCK22/SES223/SA223S25	SES143	-1.38109	-39.1359	-37.7548
BLOCK22/SES223/SA223S25	SES175	-0.914284	-38.669	-37.7548
BLOCK22/SES223/SA223S25	SES187	-1.02694	-38.7817	-37.7548
BLOCK22/SES223/SA223S27	SES143	-0.854103	-38.4045	-37.5504
BLOCK22/SES223/SA223S27	SES146	-1.94304	-39.4934	-37.5504
BLOCK22/SES223/SA223S27	SES187	-0.839916	-38.3903	-37.5504
BLOCK22/SES223/SA223S27	SES292	-2.65985	-40.2102	-37.5504
BLOCK27/SES273/SA273S12	SES099	0.106777	-35.0944	-35.2011
BLOCK27/SES273/SA273S12	SES104	-0.244316	-35.4455	-35.2011
BLOCK27/SES273/SA273S12	SES125	-0.533516	-35.7347	-35.2011
BLOCK27/SES273/SA273S12	SES206	0.0372047	-35.1639	-35.2011
BLOCK27/SES273/SA273S13	SES099	-0.209286	-35.1781	-34.9688
BLOCK27/SES273/SA273S13	SES104	-0.505497	-35.4743	-34.9688
BLOCK27/SES273/SA273S13	SES206	-0.397972	-35.3668	-34.9688
BLOCK27/SES273/SA273S13	SES292	-3.22311	-38.192	-34.9688
BLOCK27/SES273/SA273S21	SES099	0.212307	-35.1594	-35.3717
BLOCK27/SES273/SA273S21	SES148	-3.0013	-38.373	-35.3717
BLOCK27/SES273/SA273S21	SES149	-0.648968	-36.0207	-35.3717
BLOCK27/SES273/SA273S21	SES177	-3.66454	-39.0362	-35.3717
BLOCK27/SES273/SA273S25	SES104	-1.01564	-36.2954	-35.2798
BLOCK27/SES273/SA273S25	SES125	-1.30051	-36.5803	-35.2798
BLOCK27/SES273/SA273S25	SES158	-0.217899	-35.4977	-35.2798
BLOCK27/SES273/SA273S25	SES206	-0.490776	-35.7706	-35.2798
BLOCK27/SES273/SA273S27	SES099	-0.12933	-35.4963	-35.367
BLOCK27/SES273/SA273S27	SES104	-1.04697	-36.4139	-35.367
BLOCK27/SES273/SA273S27	SES149	-0.736691	-36.1037	-35.367
BLOCK27/SES273/SA273S27	SES275	-1.89239	-37.2594	-35.367
BLOCK27/SES274/SA274S10	SES105	-1.87667	-37.4461	-35.5694
BLOCK27/SES274/SA274S10	SES125	-0.607635	-36.1771	-35.5694
BLOCK27/SES274/SA274S10	SES129	-1.68814	-37.2576	-35.5694
BLOCK27/SES274/SA274S10	SES158	-1.08962	-36.6591	-35.5694
BLOCK27/SES274/SA274S11	SES105	-2.17487	-37.7956	-35.6208
BLOCK27/SES274/SA274S11	SES149	-0.941483	-36.5623	-35.6208
BLOCK27/SES274/SA274S11	SES158	-1.02429	-36.6451	-35.6208
BLOCK27/SES274/SA274S11	SES275	-2.08313	-37.7039	-35.6208
BLOCK27/SES274/SA274S21	SES105	-2.18696	-38.816	-36.6291
BLOCK27/SES274/SA274S21	SES129	-2.05236	-38.6814	-36.6291
BLOCK27/SES274/SA274S21	SES149	-0.643551	-37.2726	-36.6291
BLOCK27/SES274/SA274S21	SES158	-1.26546	-37.8946	-36.6291
BLOCK27/SES274/SA274S24	SES105	-2.03096	-38.3119	-36.2809
BLOCK27/SES274/SA274S24	SES129	-2.52338	-38.8043	-36.2809
BLOCK27/SES274/SA274S24	SES149	-0.738697	-37.0196	-36.2809
BLOCK27/SES274/SA274S24	SES158	-1.36996	-37.6509	-36.2809
BLOCK27/SES274/SA274S29	SES105	-2.19883	-38.1391	-35.9403
BLOCK27/SES274/SA274S29	SES106	-1.78031	-37.7206	-35.9403
BLOCK27/SES274/SA274S29	SES120	-2.44951	-38.3898	-35.9403
BLOCK27/SES274/SA274S29	SES275	-1.95345	-37.8938	-35.9403
BLOCK27/SES276/SA276S16	SES148	-2.01106	-39.077	-37.066
BLOCK27/SES276/SA276S16	SES172	-1.75895	-38.8249	-37.066
BLOCK27/SES276/SA276S16	SES180	-2.99765	-40.0636	-37.066
BLOCK27/SES276/SA276S16	SES292	-0.821796	-37.8878	-37.066
BLOCK27/SES276/SA276S17	SES101	-1.22319	-37.8285	-36.6054
BLOCK27/SES276/SA276S17	SES177	-1.39092	-37.9963	-36.6054
BLOCK27/SES276/SA276S17	SES180	-1.86464	-38.47	-36.6054
BLOCK27/SES276/SA276S17	SES292	-1.31575	-37.9211	-36.6054
BLOCK27/SES276/SA276S24	SES101	-1.16326	-37.0745	-35.9113
BLOCK27/SES276/SA276S24	SES177	-1.56775	-37.479	-35.9113
BLOCK27/SES276/SA276S24	SES180	-1.94826	-37.8595	-35.9113
BLOCK27/SES276/SA276S24	SES292	-1.95155	-37.8628	-35.9113
BLOCK27/SES276/SA276S26	SES101	-1.81368	-38.1159	-36.3022
BLOCK27/SES276/SA276S26	SES177	-1.08494	-37.3872	-36.3022
BLOCK27/SES276/SA276S26	SES180	-1.15918	-37.4614	-36.3022
BLOCK27/SES276/SA276S26	SES292	-1.15189	-37.4541	-36.3022
BLOCK27/SES276/SA276S28	SES101	-1.56928	-38.1399	-36.5707
BLOCK27/SES276/SA276S28	SES177	-1.95256	-38.5232	-36.5707
BLOCK27/SES276/SA276S28	SES180	-2.06157	-38.6322	-36.5707
BLOCK27/SES276/SA276S28	SES292	-1.7916	-38.3623	-36.5707
BLOCK27/SES277/SA277S12	SES101	-0.93203	-38.5883	-37.6563
BLOCK27/SES277/SA277S12	SES177	-1.74485	-39.4011	-37.6563
BLOCK27/SES277/SA277S12	SES180	-2.51823	-40.1745	-37.6563
BLOCK27/SES277/SA277S12	SES292	-2.41379	-40.0701	-37.6563
BLOCK27/SES277/SA277S14	SES177	-1.02704	-39.0132	-37.9862
BLOCK27/SES277/SA277S14	SES180	-2.04622	-40.0324	-37.9862
BLOCK27/SES277/SA277S14	SES189	-0.985535	-38.9717	-37.9862
BLOCK27/SES277/SA277S14	SES292	-3.01609	-41.0023	-37.9862
BLOCK27/SES277/SA277S21	SES177	-0.55122	-37.1842	-36.633
BLOCK27/SES277/SA277S21	SES180	-2.48177	-39.1147	-36.633
BLOCK27/SES277/SA277S21	SES189	-1.21568	-37.8486	-36.633
BLOCK27/SES277/SA277S21	SES292	-3.03705	-39.67	-36.633
BLOCK27/SES277/SA277S24	SES144	-1.5545	-39.3603	-37.8058
BLOCK27/SES277/SA277S24	SES177	-1.47657	-39.2824	-37.8058
BLOCK27/SES277/SA277S24	SES180	-2.37009	-40.1759	-37.8058
BLOCK27/SES277/SA277S24	SES189	-1.25903	-39.0648	-37.8058
BLOCK27/SES277/SA277S29	SES177	-1.03862	-36.896	-35.8574
BLOCK27/SES277/SA277S29	SES180	-1.39131	-37.2487	-35.8574
BLOCK27/SES277/SA277S29	SES202	-1.70805	-37.5654	-35.8574
BLOCK27/SES277/SA277S29	SES292	-2.10539	-37.9628	-35.8574
BLOCK27/SES279/SA279S09	SES120	-1.65674	-37.9196	-36.2628
BLOCK27/SES279/SA279S09	SES146	-1.06461	-37.3274	-36.2628
BLOCK27/SES279/SA279S09	SES206	-1.74392	-38.0068	-36.2628
BLOCK27/SES279/SA279S09	SES226	-1.80542	-38.0683	-36.2628
BLOCK27/SES279/SA279S10	SES099	-1.04866	-37.1569	-36.1083
BLOCK27/SES279/SA279S10	SES206	-1.27519	-37.3835	-36.1083
BLOCK27/SES279/SA279S10	SES226	-1.64786	-37.7561	-36.1083
BLOCK27/SES279/SA279S10	SES292	-1.47303	-37.5813	-36.1083
BLOCK27/SES279/SA279S20	SES099	-1.28556	-37.5028	-36.2172
BLOCK27/SES279/SA279S20	SES206	-1.22612	-37.4433	-36.2172
BLOCK27/SES279/SA279S20	SES226	-1.80415	-38.0214	-36.2172
BLOCK27/SES279/SA279S20	SES292	-1.03772	-37.2549	-36.2172
BLOCK27/SES279/SA279S26	SES099	-0.910614	-37.275	-36.3644
BLOCK27/SES279/SA279S26	SES206	-0.611557	-36.9759	-36.3644
BLOCK27/SES279/SA279S26	SES226	-1.19273	-37.5571	-36.3644
BLOCK27/SES279/SA279S26	SES292	-1.23315	-37.5975	-36.3644
BLOCK27/SES279/SA279S28	SES099	-1.51755	-36.4018	-34.8843
BLOCK27/SES279/SA279S28	SES120	-1.76434	-36.6486	-34.8843
BLOCK27/SES279/SA279S28	SES177	-2.69946	-37.5838	-34.8843
BLOCK27/SES279/SA279S28	SES206	-1.91496	-36.7993	-34.8843
BLOCK29/SES290/SA290S12	SES162	-1.48272	-37.5844	-36.1017
BLOCK29/SES290/SA290S12	SES177	-1.6708	-37.7725	-36.1017
BLOCK29/SES290/SA290S12	SES180	-2.42435	-38.526	-36.1017
BLOCK29/SES290/SA290S12	SES292	-3.32573	-39.4274	-36.1017
BLOCK29/SES290/SA290S13	SES007	-2.96055	-39.9811	-37.0206
BLOCK29/SES290/SA290S13	SES162	-2.53712	-39.5577	-37.0206
BLOCK29/SES290/SA290S13	SES177	-1.07504	-38.0956	-37.0206
BLOCK29/SES290/SA290S13	SES180	-1.95595	-38.9765	-37.0206
BLOCK29/SES290/SA290S22	SES177	-0.953487	-37.766	-36.8125
BLOCK29/SES290/SA290S22	SES180	-1.30027	-38.1128	-36.8125
BLOCK29/SES290/SA290S22	SES202	-1.5896	-38.4021	-36.8125
BLOCK29/SES290/SA290S22	SES292	-2.75077	-39.5633	-36.8125
BLOCK29/SES290/SA290S25	SES162	-1.28036	-37.4712	-36.1909
BLOCK29/SES290/SA290S25	SES177	-0.959023	-37.1499	-36.1909
BLOCK29/SES290/SA290S25	SES180	-1.4454	-37.6363	-36.1909
BLOCK29/SES290/SA290S25	SES292	-2.09488	-38.2858	-36.1909
BLOCK29/SES290/SA290S29	SES177	-0.175472	-36.281	-36.1055
BLOCK29/SES290/SA290S29	SES180	-0.952023	-37.0575	-36.1055
BLOCK29/SES290/SA290S29	SES275	-2.00345	-38.1089	-36.1055
BLOCK29/SES290/SA290S29	SES292	-1.8955	-38.001	-36.1055
BLOCK29/SES291/SA291S11	SES105	-2.87547	-39.4174	-36.542
BLOCK29/SES291/SA291S11	SES125	-1.13672	-37.6787	-36.542
BLOCK29/SES291/SA291S11	SES158	-1.10345	-37.6454	-36.542
BLOCK29/SES291/SA291S11	SES275	-3.83386	-40.3758	-36.542
BLOCK29/SES291/SA291S12	SES158	-0.0575752	-35.6345	-35.5769
BLOCK29/SES291/SA291S12	SES226	-1.02854	-36.6054	-35.5769
BLOCK29/SES291/SA291S12	SES270	-0.339432	-35.9163	-35.5769
BLOCK29/SES291/SA291S12	SES275	-4.75732	-40.3342	-35.5769
BLOCK29/SES291/SA291S22	SES082	-0.885502	-37.0945	-36.209
BLOCK29/SES291/SA291S22	SES158	-0.850552	-37.0596	-36.209
BLOCK29/SES291/SA291S22	SES259	-1.21772	-37.4268	-36.209
BLOCK29/SES291/SA291S22	SES275	-3.58575	-39.7948	-36.209
BLOCK29/SES291/SA291S24	SES104	-0.659111	-35.7728	-35.1137
BLOCK29/SES291/SA291S24	SES125	-0.309856	-35.4235	-35.1137
BLOCK29/SES291/SA291S24	SES158	-0.483696	-35.5974	-35.1137
BLOCK29/SES291/SA291S24	SES275	-4.18922	-39.3029	-35.1137
BLOCK29/SES291/SA291S27	SES158	-0.331089	-35.8647	-35.5336
BLOCK29/SES291/SA291S27	SES172	-4.83163	-40.3652	-35.5336
BLOCK29/SES291/SA291S27	SES275	-3.79794	-39.3315	-35.5336
BLOCK29/SES291/SA291S27	SES292	-2.83108	-38.3646	-35.5336
