BLOCK00/SES002/SA002S12	SES002	1.36142	-37.5326	-38.894
BLOCK00/SES002/SA002S13	SES002	1.75182	-37.5365	-39.2883
BLOCK00/SES002/SA002S23	SES002	1.17143	-37.4708	-38.6422
BLOCK00/SES002/SA002S26	SES002	2.05572	-36.9916	-39.0473
BLOCK00/SES002/SA002S28	SES002	1.26053	-37.5166	-38.7771
BLOCK00/SES007/SA007S14	SES007	0.973404	-36.8461	-37.8195
BLOCK00/SES007/SA007S15	SES007	0.391232	-38.27	-38.6612
BLOCK00/SES007/SA007S24	SES007	0.76405	-37.9846	-38.7486
BLOCK00/SES007/SA007S27	SES007	0.218636	-38.9835	-39.2021
BLOCK00/SES007/SA007S29	SES007	0.154339	-37.701	-37.8554
BLOCK00/SES008/SA008S11	SES008	1.06835	-37.9876	-39.0559
BLOCK00/SES008/SA008S12	SES008	0.390007	-38.8792	-39.2692
BLOCK00/SES008/SA008S19	SES008	1.15351	-37.4237	-38.5772
BLOCK00/SES008/SA008S22	SES008	1.23712	-38.3066	-39.5437
BLOCK00/SES008/SA008S29	SES008	1.18279	-37.3566	-38.5394
BLOCK01/SES014/SA014S10	SES014	1.56494	-37.6119	-39.1769
BLOCK01/SES014/SA014S12	SES014	2.41193	-35.6301	-38.042
BLOCK01/SES014/SA014S24	SES014	1.19264	-37.5219	-38.7145
BLOCK01/SES014/SA014S26	SES014	2.04319	-35.4007	-37.4439
BLOCK01/SES014/SA014S28	SES014	2.1526	-35.8335	-37.9861
BLOCK01/SES016/SA016S12	SES016	0.932922	-39.6616	-40.5946
BLOCK01/SES016/SA016S13	SES016	0.985207	-38.0493	-39.0345
BLOCK01/SES016/SA016S22	SES016	0.22591	-39.2472	-39.4731
BLOCK01/SES016/SA016S25	SES016	1.21565	-36.6489	-37.8646
BLOCK01/SES016/SA016S27	SES016	1.12871	-37.0546	-38.1833
BLOCK01/SES019/SA019S13	SES019	2.92818	-37.9012	-40.8294
BLOCK01/SES019/SA019S14	SES019	1.7691	-38.3315	-40.1007
BLOCK01/SES019/SA019S22	SES019	2.22456	-38.0835	-40.308
BLOCK01/SES019/SA019S25	SES019	2.48574	-38.1273	-40.613
BLOCK01/SES019/SA019S29	SES019	3.13845	-37.8422	-40.9807
BLOCK02/SES029/SA029S11	SES029	1.12908	-37.743	-38.8721
BLOCK02/SES029/SA029S12	SES029	0.174377	-38.1071	-38.2815
BLOCK02/SES029/SA029S20	SES029	-0.00673294	-39.4545	-39.4478
BLOCK02/SES029/SA029S25	SES029	0.45076	-38.0115	-38.4623
BLOCK02/SES029/SA029S28	SES029	0.154461	-38.8415	-38.996
BLOCK04/SES042/SA042S12	SES042	1.9336	-36.7513	-38.6849
BLOCK04/SES042/SA042S15	SES042	2.15518	-36.913	-39.0682
BLOCK04/SES042/SA042S22	SES042	3.04269	-35.2558	-38.2985
BLOCK04/SES042/SA042S25	SES042	2.32322	-37.7389	-40.0621
BLOCK04/SES042/SA042S27	SES042	2.14963	-36.5907	-38.7403
BLOCK04/SES048/SA048S11	SES048	1.09392	-37.6109	-38.7048
BLOCK04/SES048/SA048S12	SES048	0.377552	-38.0326	-38.4101
BLOCK04/SES048/SA048S20	SES048	0.797001	-37.483	-38.28
BLOCK04/SES048/SA048S23	SES048	1.21131	-37.9184	-39.1297
BLOCK04/SES048/SA048S27	SES048	0.760071	-37.0434	-37.8034
BLOCK06/SES060/SA060S11	SES060	1.15334	-37.7215	-38.8749
BLOCK06/SES060/SA060S12	SES060	-2.31598	-40.855	-38.539
BLOCK06/SES060/SA060S22	SES060	-0.543484	-39.9911	-39.4476
BLOCK06/SES060/SA060S24	SES060	0.716805	-37.7765	-38.4933
BLOCK06/SES060/SA060S28	SES060	0.880333	-36.2319	-37.1122
BLOCK06/SES062/SA062S10	SES062	0.506931	-37.7513	-38.2583
BLOCK06/SES062/SA062S11	SES062	1.14717	-37.2778	-38.425
BLOCK06/SES062/SA062S21	SES062	1.58581	-35.5746	-37.1604
BLOCK06/SES062/SA062S26	SES062	0.473904	-36.9163	-37.3902
BLOCK06/SES062/SA062S29	SES062	1.14228	-36.3606	-37.5029
BLOCK06/SES068/SA068S14	SES068	0.42939	-38.1331	-38.5625
BLOCK06/SES068/SA068S15	SES068	1.14536	-36.8741	-38.0195
BLOCK06/SES068/SA068S23	SES068	0.872677	-38.3461	-39.2188
BLOCK06/SES068/SA068S27	SES068	1.27161	-36.8573	-38.1289
BLOCK06/SES068/SA068S29	SES068	0.720222	-37.8435	-38.5638
BLOCK08/SES082/SA082S12	SES082	0.432621	-39.6236	-40.0563
BLOCK08/SES082/SA082S14	SES082	0.461182	-39.4491	-39.9103
BLOCK08/SES082/SA082S21	SES082	0.702087	-38.5649	-39.267
BLOCK08/SES082/SA082S24	SES082	1.06291	-37.8853	-38.9482
BLOCK08/SES082/SA082S28	SES082	0.621235	-38.7108	-39.332
BLOCK08/SES083/SA083S14	SES083	-0.228977	-38.7677	-38.5388
BLOCK08/SES083/SA083S15	SES083	0.50005	-38.0687	-38.5687
BLOCK08/SES083/SA083S24	SES083	0.100613	-38.7114	-38.812
BLOCK08/SES083/SA083S26	SES083	0.668507	-38.0855	-38.754
BLOCK08/SES083/SA083S29	SES083	-0.113258	-38.4069	-38.2936
BLOCK08/SES085/SA085S10	SES085	0.0939522	-38.4062	-38.5002
BLOCK08/SES085/SA085S13	SES085	0.0975075	-38.9367	-39.0343
BLOCK08/SES085/SA085S22	SES085	-1.65051	-40.172	-38.5215
BLOCK08/SES085/SA085S26	SES085	-0.479279	-38.6975	-38.2183
BLOCK08/SES085/SA085S28	SES085	0.586876	-38.2153	-38.8022
BLOCK08/SES087/SA087S15	SES087	1.49605	-37.9159	-39.412
BLOCK08/SES087/SA087S16	SES087	1.32979	-37.9444	-39.2742
BLOCK08/SES087/SA087S24	SES087	1.34009	-38.1602	-39.5003
BLOCK08/SES087/SA087S26	SES087	1.28569	-36.9696	-38.2552
BLOCK08/SES087/SA087S29	SES087	1.47298	-37.8183	-39.2913
BLOCK09/SES099/SA099S15	SES099	0.762566	-38.6986	-39.4611
BLOCK09/SES099/SA099S16	SES099	1.1617	-38.1538	-39.3155
BLOCK09/SES099/SA099S24	SES099	1.08694	-37.6815	-38.7685
BLOCK09/SES099/SA099S26	SES099	1.34887	-37.5797	-38.9286
BLOCK09/SES099/SA099S29	SES099	1.08418	-37.7406	-38.8248
BLOCK10/SES101/SA101S11	SES101	0.57177	-37.8537	-38.4254
BLOCK10/SES101/SA101S13	SES101	0.983395	-37.6144	-38.5978
BLOCK10/SES101/SA101S22	SES101	0.803486	-38.5213	-39.3248
BLOCK10/SES101/SA101S24	SES101	1.01057	-37.9174	-38.928
BLOCK10/SES101/SA101S28	SES101	0.218739	-38.9114	-39.1302
BLOCK10/SES104/SA104S11	SES104	1.11008	-36.8317	-37.9418
BLOCK10/SES104/SA104S12	SES104	1.4135	-36.8422	-38.2557
BLOCK10/SES104/SA104S21	SES104	1.11082	-37.7881	-38.899
BLOCK10/SES104/SA104S24	SES104	1.19234	-37.9676	-39.1599
BLOCK10/SES104/SA104S28	SES104	1.27823	-37.5127	-38.791
BLOCK10/SES105/SA105S12	SES105	0.592133	-39.0556	-39.6477
BLOCK10/SES105/SA105S13	SES105	0.883175	-38.5877	-39.4709
BLOCK10/SES105/SA105S22	SES105	0.30838	-39.715	-40.0233
BLOCK10/SES105/SA105S26	SES105	1.21401	-38.4679	-39.6819
BLOCK10/SES105/SA105S29	SES105	0.467281	-38.8483	-39.3156
BLOCK10/SES106/SA106S09	SES106	1.45346	-38.9793	-40.4327
BLOCK10/SES106/SA106S11	SES106	1.31131	-37.498	-38.8093
BLOCK10/SES106/SA106S22	SES106	2.47119	-37.4344	-39.9056
BLOCK10/SES106/SA106S27	SES106	1.1275	-37.7858	-38.9133
BLOCK10/SES106/SA106S29	SES106	1.1713	-37.6802	-38.8515
BLOCK11/SES117/SA117S12	SES117	0.639061	-38.2431	-38.8821
BLOCK11/SES117/SA117S13	SES117	0.335606	-38.4387	-38.7743
BLOCK11/SES117/SA117S23	SES117	1.37989	-39.1092	-40.4891
BLOCK11/SES117/SA117S25	SES117	0.714893	-39.1591	-39.874
BLOCK11/SES117/SA117S28	SES117	1.11009	-38.978	-40.0881
BLOCK12/SES120/SA120S08	SES120	0.889412	-39.707	-40.5964
BLOCK12/SES120/SA120S11	SES120	0.345787	-40.9201	-41.2659
BLOCK12/SES120/SA120S22	SES120	0.343178	-38.7319	-39.0751
BLOCK12/SES120/SA120S24	SES120	0.13681	-39.2155	-39.3523
BLOCK12/SES120/SA120S28	SES120	0.201241	-40.2548	-40.456
BLOCK12/SES125/SA125S13	SES125	1.67722	-37.2474	-38.9246
BLOCK12/SES125/SA125S14	SES125	1.16927	-37.9435	-39.1128
BLOCK12/SES125/SA125S25	SES125	1.80816	-37.2699	-39.078
BLOCK12/SES125/SA125S27	SES125	1.71315	-36.6481	-38.3612
BLOCK12/SES125/SA125S29	SES125	1.27193	-37.4511	-38.723
BLOCK12/SES127/SA127S11	SES127	0.579727	-38.3111	-38.8908
BLOCK12/SES127/SA127S12	SES127	-0.991211	-39.1887	-38.1975
BLOCK12/SES127/SA127S23	SES127	0.314152	-38.4234	-38.7375
BLOCK12/SES127/SA127S25	SES127	-0.588692	-39.1496	-38.5609
BLOCK12/SES127/SA127S27	SES127	0.525993	-37.6643	-38.1903
BLOCK12/SES129/SA129S11	SES129	1.24308	-36.9867	-38.2298
BLOCK12/SES129/SA129S12	SES129	0.543823	-37.2188	-37.7626
BLOCK12/SES129/SA129S22	SES129	0.878014	-37.4584	-38.3365
BLOCK12/SES129/SA129S27	SES129	1.19919	-36.9274	-38.1266
BLOCK12/SES129/SA129S29	SES129	1.5095	-36.7076	-38.2171
BLOCK14/SES142/SA142S11	SES142	1.27388	-38.3462	-39.6201
BLOCK14/SES142/SA142S12	SES142	0.777515	-38.8393	-39.6169
BLOCK14/SES142/SA142S24	SES142	1.87125	-37.9061	-39.7773
BLOCK14/SES142/SA142S27	SES142	1.8397	-37.8256	-39.6653
BLOCK14/SES142/SA142S29	SES142	1.9877	-36.9805	-38.9682
BLOCK14/SES143/SA143S12	SES143	1.22884	-38.1402	-39.369
BLOCK14/SES143/SA143S13	SES143	0.715519	-38.7501	-39.4656
BLOCK14/SES143/SA143S23	SES143	1.072	-38.6896	-39.7616
BLOCK14/SES143/SA143S25	SES143	1.0751	-38.5389	-39.614
BLOCK14/SES143/SA143S28	SES143	0.89307	-38.079	-38.972
BLOCK14/SES144/SA144S09	SES144	0.707428	-38.1234	-38.8308
BLOCK14/SES144/SA144S11	SES144	0.448376	-39.4493	-39.8976
BLOCK14/SES144/SA144S21	SES144	-0.118019	-39.2771	-39.159
BLOCK14/SES144/SA144S25	SES144	0.455406	-39.0335	-39.4889
BLOCK14/SES144/SA144S29	SES144	0.00193787	-38.9633	-38.9652
BLOCK14/SES146/SA146S14	SES146	0.323448	-39.2115	-39.5349
BLOCK14/SES146/SA146S15	SES146	0.163692	-38.7916	-38.9553
BLOCK14/SES146/SA146S24	SES146	0.479095	-38.8166	-39.2957
BLOCK14/SES146/SA146S26	SES146	0.755699	-39.066	-39.8217
BLOCK14/SES146/SA146S29	SES146	0.420258	-39.5469	-39.9672
BLOCK14/SES147/SA147S11	SES147	1.12802	-38.5834	-39.7114
BLOCK14/SES147/SA147S13	SES147	1.25888	-37.5729	-38.8318
BLOCK14/SES147/SA147S23	SES147	1.06954	-38.6528	-39.7224
BLOCK14/SES147/SA147S26	SES147	0.762081	-38.4883	-39.2503
BLOCK14/SES147/SA147S28	SES147	1.31431	-37.8431	-39.1574
BLOCK14/SES148/SA148S10	SES148	1.06633	-37.7344	-38.8007
BLOCK14/SES148/SA148S12	SES148	0.516167	-38.9321	-39.4483
BLOCK14/SES148/SA148S22	SES148	0.859913	-37.2544	-38.1144
BLOCK14/SES148/SA148S26	SES148	0.131115	-38.427	-38.5581
BLOCK14/SES148/SA148S29	SES148	0.464405	-38.7481	-39.2125
BLOCK14/SES149/SA149S13	SES149	-0.123329	-38.7592	-38.6359
BLOCK14/SES149/SA149S14	SES149	0.563095	-37.8259	-38.3889
BLOCK14/SES149/SA149S24	SES149	1.23328	-37.5369	-38.7701
BLOCK14/SES149/SA149S26	SES149	1.86358	-36.973	-38.8366
BLOCK14/SES149/SA149S28	SES149	1.5731	-36.3781	-37.9512
BLOCK15/SES158/SA158S13	SES158	1.05987	-38.7884	-39.8483
BLOCK15/SES158/SA158S14	SES158	1.86344	-37.915	-39.7785
BLOCK15/SES158/SA158S23	SES158	1.1287	-38.0156	-39.1443
BLOCK15/SES158/SA158S26	SES158	1.69779	-37.8818	-39.5796
BLOCK15/SES158/SA158S28	SES158	0.845993	-38.7203	-39.5663
BLOCK16/SES162/SA162S10	SES162	0.954475	-39.0555	-40.01
BLOCK16/SES162/SA162S11	SES162	0.948895	-38.127	-39.0758
BLOCK16/SES162/SA162S21	SES162	1.37843	-38.0525	-39.4309
BLOCK16/SES162/SA162S24	SES162	0.916805	-38.6204	-39.5372
BLOCK16/SES162/SA162S27	SES162	1.31391	-38.5684	-39.8823
BLOCK16/SES167/SA167S14	SES167	0.785954	-37.4146	-38.2005
BLOCK16/SES167/SA167S15	SES167	1.06924	-37.9423	-39.0116
BLOCK16/SES167/SA167S21	SES167	1.17079	-37.2047	-38.3755
BLOCK16/SES167/SA167S25	SES167	1.40517	-37.5992	-39.0043
BLOCK16/SES167/SA167S29	SES167	1.85511	-36.3932	-38.2483
BLOCK17/SES172/SA172S12	SES172	1.28898	-38.202	-39.491
BLOCK17/SES172/SA172S13	SES172	1.58959	-38.1338	-39.7234
BLOCK17/SES172/SA172S23	SES172	0.421543	-37.3424	-37.7639
BLOCK17/SES172/SA172S27	SES172	0.615978	-38.2935	-38.9095
BLOCK17/SES172/SA172S29	SES172	1.34092	-37.9041	-39.245
BLOCK17/SES175/SA175S11	SES175	0.857002	-38.061	-38.918
BLOCK17/SES175/SA175S13	SES175	1.18217	-37.8948	-39.077
BLOCK17/SES175/SA175S23	SES175	1.37405	-38.2188	-39.5928
BLOCK17/SES175/SA175S25	SES175	0.688499	-39.5994	-40.2879
BLOCK17/SES175/SA175S28	SES175	1.30795	-37.7711	-39.079
BLOCK17/SES177/SA177S15	SES177	0.0231247	-38.791	-38.8142
BLOCK17/SES177/SA177S17	SES177	0.0954552	-38.6152	-38.7107
BLOCK17/SES177/SA177S23	SES177	-0.161095	-39.2798	-39.1187
BLOCK17/SES177/SA177S26	SES177	0.608501	-36.8964	-37.5049
BLOCK17/SES177/SA177S28	SES177	0.729366	-37.6639	-38.3932
BLOCK18/SES180/SA180S13	SES180	0.345482	-38.7231	-39.0685
BLOCK18/SES180/SA180S15	SES180	0.539791	-38.6542	-39.194
BLOCK18/SES180/SA180S24	SES180	1.0566	-36.9765	-38.0331
BLOCK18/SES180/SA180S26	SES180	0.716267	-37.9806	-38.6969
BLOCK18/SES180/SA180S29	SES180	0.590961	-38.8794	-39.4704
BLOCK18/SES183/SA183S13	SES183	0.827789	-38.7588	-39.5866
BLOCK18/SES183/SA183S14	SES183	0.25518	-39.2661	-39.5213
BLOCK18/SES183/SA183S24	SES183	0.696918	-39.1047	-39.8016
BLOCK18/SES183/SA183S27	SES183	0.910198	-38.5658	-39.476
BLOCK18/SES183/SA183S29	SES183	0.932426	-38.311	-39.2434
BLOCK18/SES187/SA187S13	SES187	0.699768	-39.2889	-39.9887
BLOCK18/SES187/SA187S14	SES187	0.627468	-39.12	-39.7474
BLOCK18/SES187/SA187S24	SES187	1.15301	-38.4301	-39.5831
BLOCK18/SES187/SA187S27	SES187	1.0659	-38.316	-39.3819
BLOCK18/SES187/SA187S29	SES187	0.682014	-39.0246	-39.7066
BLOCK18/SES189/SA189S10	SES189	1.20505	-40.0964	-41.3015
BLOCK18/SES189/SA189S13	SES189	1.60641	-40.3644	-41.9708
BLOCK18/SES189/SA189S24	SES189	1.36012	-39.5371	-40.8972
BLOCK18/SES189/SA189S26	SES189	1.1459	-39.2301	-40.376
BLOCK18/SES189/SA189S29	SES189	1.43603	-39.2221	-40.6582
BLOCK20/SES202/SA202S12	SES202	-nan	-nan	-40.2743
BLOCK20/SES202/SA202S14	SES202	-nan	-nan	-39.8156
BLOCK20/SES202/SA202S24	SES202	-nan	-nan	-39.8393
BLOCK20/SES202/SA202S27	SES202	-nan	-nan	-38.6334
BLOCK20/SES202/SA202S29	SES202	-nan	-nan	-39.1232
BLOCK20/SES206/SA206S15	SES206	-0.0854836	-38.1877	-38.1022
BLOCK20/SES206/SA206S17	SES206	1.29765	-37.2488	-38.5465
BLOCK20/SES206/SA206S24	SES206	1.58906	-36.8376	-38.4266
BLOCK20/SES206/SA206S27	SES206	1.42875	-37.7273	-39.1561
BLOCK20/SES206/SA206S29	SES206	1.2179	-36.6616	-37.8795
BLOCK22/SES226/SA226S12	SES226	1.32096	-38.306	-39.627
BLOCK22/SES226/SA226S13	SES226	0.29604	-39.0625	-39.3586
BLOCK22/SES226/SA226S20	SES226	1.24758	-38.4549	-39.7025
BLOCK22/SES226/SA226S23	SES226	1.54212	-37.7205	-39.2626
BLOCK22/SES226/SA226S28	SES226	1.68687	-37.3513	-39.0382
BLOCK25/SES259/SA259S13	SES259	2.56351	-36.6547	-39.2182
BLOCK25/SES259/SA259S14	SES259	1.38974	-37.5849	-38.9747
BLOCK25/SES259/SA259S22	SES259	1.0946	-37.6336	-38.7282
BLOCK25/SES259/SA259S24	SES259	1.47141	-36.9656	-38.437
BLOCK25/SES259/SA259S28	SES259	1.56178	-36.7521	-38.3139
BLOCK27/SES270/SA270S14	SES270	1.9561	-38.5613	-40.5174
BLOCK27/SES270/SA270S16	SES270	0.513428	-38.7019	-39.2153
BLOCK27/SES270/SA270S22	SES270	2.11995	-37.8107	-39.9307
BLOCK27/SES270/SA270S26	SES270	0.934078	-39.4886	-40.4227
BLOCK27/SES270/SA270S28	SES270	0.357628	-38.7133	-39.0709
BLOCK27/SES275/SA275S17	SES275	0.972382	-38.8939	-39.8663
BLOCK27/SES275/SA275S18	SES275	-0.178574	-38.8116	-38.633
BLOCK27/SES275/SA275S24	SES275	0.200974	-40.058	-40.259
BLOCK27/SES275/SA275S26	SES275	0.71402	-38.1621	-38.8761
BLOCK27/SES275/SA275S28	SES275	0.288555	-38.3794	-38.6679
BLOCK29/SES292/SA292S10	SES292	-0.186874	-39.0791	-38.8922
BLOCK29/SES292/SA292S12	SES292	-0.482929	-40.1063	-39.6234
BLOCK29/SES292/SA292S22	SES292	0.58157	-37.8136	-38.3952
BLOCK29/SES292/SA292S24	SES292	0.116165	-38.5112	-38.6274
BLOCK29/SES292/SA292S27	SES292	0.00595093	-38.1648	-38.1708
BLOCK00/SES001/SA001S14	SES062	-1.73819	-40.7117	-38.9735
BLOCK00/SES001/SA001S14	SES082	-1.54222	-40.5157	-38.9735
BLOCK00/SES001/SA001S14	SES106	-1.37118	-40.3447	-38.9735
BLOCK00/SES001/SA001S14	SES206	-1.17891	-40.1524	-38.9735
BLOCK00/SES001/SA001S15	SES062	-1.41885	-39.6674	-38.2486
BLOCK00/SES001/SA001S15	SES104	-1.64929	-39.8979	-38.2486
BLOCK00/SES001/SA001S15	SES106	-1.41498	-39.6636	-38.2486
BLOCK00/SES001/SA001S15	SES206	-0.658058	-38.9067	-38.2486
BLOCK00/SES001/SA001S24	SES062	-2.6072	-42.3012	-39.694
BLOCK00/SES001/SA001S24	SES082	-1.46398	-41.158	-39.694
BLOCK00/SES001/SA001S24	SES087	-1.51047	-41.2045	-39.694
BLOCK00/SES001/SA001S24	SES206	-1.54617	-41.2402	-39.694
BLOCK00/SES001/SA001S27	SES062	-1.94075	-40.3555	-38.4148
BLOCK00/SES001/SA001S27	SES082	-2.0781	-40.4929	-38.4148
BLOCK00/SES001/SA001S27	SES087	-2.07064	-40.4854	-38.4148
BLOCK00/SES001/SA001S27	SES206	-2.26739	-40.6822	-38.4148
BLOCK00/SES001/SA001S29	SES062	-2.24244	-41.3528	-39.1103
BLOCK00/SES001/SA001S29	SES082	-1.04053	-40.1509	-39.1103
BLOCK00/SES001/SA001S29	SES158	-0.960606	-40.071	-39.1103
BLOCK00/SES001/SA001S29	SES206	-1.51499	-40.6253	-39.1103
BLOCK00/SES003/SA003S11	SES002	-0.712685	-40.1241	-39.4114
BLOCK00/SES003/SA003S11	SES019	-1.05932	-40.4708	-39.4114
BLOCK00/SES003/SA003S11	SES082	0.124405	-39.287	-39.4114
BLOCK00/SES003/SA003S11	SES125	-0.746716	-40.1582	-39.4114
BLOCK00/SES003/SA003S15	SES016	-3.02057	-41.9515	-38.9309
BLOCK00/SES003/SA003S15	SES019	-0.908421	-39.8393	-38.9309
BLOCK00/SES003/SA003S15	SES062	-1.44384	-40.3747	-38.9309
BLOCK00/SES003/SA003S15	SES206	-1.22075	-40.1516	-38.9309
BLOCK00/SES003/SA003S22	SES002	-0.528248	-39.5252	-38.9969
BLOCK00/SES003/SA003S22	SES062	-0.608986	-39.6059	-38.9969
BLOCK00/SES003/SA003S22	SES082	-0.341503	-39.3385	-38.9969
BLOCK00/SES003/SA003S22	SES087	-0.562786	-39.5597	-38.9969
BLOCK00/SES003/SA003S25	SES062	-1.80806	-41.2306	-39.4225
BLOCK00/SES003/SA003S25	SES082	-0.559219	-39.9818	-39.4225
BLOCK00/SES003/SA003S25	SES087	-0.55558	-39.9781	-39.4225
BLOCK00/SES003/SA003S25	SES206	-1.02287	-40.4454	-39.4225
BLOCK00/SES003/SA003S29	SES002	-0.760132	-40.2786	-39.5185
BLOCK00/SES003/SA003S29	SES062	-1.6396	-41.1581	-39.5185
BLOCK00/SES003/SA003S29	SES082	-0.298683	-39.8172	-39.5185
BLOCK00/SES003/SA003S29	SES087	-1.20251	-40.721	-39.5185
BLOCK00/SES004/SA004S12	SES083	-2.39167	-41.6533	-39.2616
BLOCK00/SES004/SA004S12	SES148	-2.32382	-41.5854	-39.2616
BLOCK00/SES004/SA004S12	SES172	-1.45272	-40.7143	-39.2616
BLOCK00/SES004/SA004S12	SES292	-2.1002	-41.3618	-39.2616
BLOCK00/SES004/SA004S17	SES083	-1.73467	-41.2408	-39.5062
BLOCK00/SES004/SA004S17	SES162	-1.10793	-40.6141	-39.5062
BLOCK00/SES004/SA004S17	SES172	-1.93036	-41.4365	-39.5062
BLOCK00/SES004/SA004S17	SES292	-1.96906	-41.4752	-39.5062
BLOCK00/SES004/SA004S24	SES083	-2.15579	-41.0228	-38.867
BLOCK00/SES004/SA004S24	SES148	-1.95556	-40.8226	-38.867
BLOCK00/SES004/SA004S24	SES172	-1.17142	-40.0385	-38.867
BLOCK00/SES004/SA004S24	SES292	-1.38459	-40.2516	-38.867
BLOCK00/SES004/SA004S26	SES083	-2.04933	-40.7094	-38.6601
BLOCK00/SES004/SA004S26	SES127	-2.19865	-40.8588	-38.6601
BLOCK00/SES004/SA004S26	SES148	-2.41423	-41.0743	-38.6601
BLOCK00/SES004/SA004S26	SES292	-1.79291	-40.453	-38.6601
BLOCK00/SES004/SA004S28	SES083	-2.32246	-40.7255	-38.403
BLOCK00/SES004/SA004S28	SES127	-1.79804	-40.2011	-38.403
BLOCK00/SES004/SA004S28	SES187	-0.870888	-39.2739	-38.403
BLOCK00/SES004/SA004S28	SES292	-2.26647	-40.6695	-38.403
BLOCK00/SES006/SA006S10	SES014	-2.32656	-43.5904	-41.2639
BLOCK00/SES006/SA006S10	SES158	-0.680729	-41.9446	-41.2639
BLOCK00/SES006/SA006S10	SES226	-2.54605	-43.8099	-41.2639
BLOCK00/SES006/SA006S10	SES270	-0.307728	-41.5716	-41.2639
BLOCK00/SES006/SA006S11	SES158	-0.334232	-41.5241	-41.1899
BLOCK00/SES006/SA006S11	SES226	-1.59798	-42.7879	-41.1899
BLOCK00/SES006/SA006S11	SES270	0.0244217	-41.1655	-41.1899
BLOCK00/SES006/SA006S11	SES275	-2.11068	-43.3006	-41.1899
BLOCK00/SES006/SA006S23	SES062	-1.202	-41.4096	-40.2076
BLOCK00/SES006/SA006S23	SES105	-2.14262	-42.3502	-40.2076
BLOCK00/SES006/SA006S23	SES158	-0.499557	-40.7072	-40.2076
BLOCK00/SES006/SA006S23	SES275	-1.31005	-41.5177	-40.2076
BLOCK00/SES006/SA006S26	SES104	-1.60047	-41.5392	-39.9387
BLOCK00/SES006/SA006S26	SES158	-0.10796	-40.0466	-39.9387
BLOCK00/SES006/SA006S26	SES270	0.286804	-39.6519	-39.9387
BLOCK00/SES006/SA006S26	SES275	-1.97004	-41.9087	-39.9387
BLOCK00/SES006/SA006S28	SES007	-1.7393	-42.5981	-40.8588
BLOCK00/SES006/SA006S28	SES105	-2.53675	-43.3956	-40.8588
BLOCK00/SES006/SA006S28	SES158	-0.82457	-41.6834	-40.8588
BLOCK00/SES006/SA006S28	SES275	-2.37469	-43.2335	-40.8588
BLOCK00/SES009/SA009S12	SES083	-1.51862	-40.142	-38.6234
BLOCK00/SES009/SA009S12	SES148	-1.57456	-40.1979	-38.6234
BLOCK00/SES009/SA009S12	SES177	-1.61233	-40.2357	-38.6234
BLOCK00/SES009/SA009S12	SES292	-1.28981	-39.9132	-38.6234
BLOCK00/SES009/SA009S15	SES007	-0.161217	-37.9536	-37.7924
BLOCK00/SES009/SA009S15	SES099	-2.08111	-39.8735	-37.7924
BLOCK00/SES009/SA009S15	SES148	-1.87881	-39.6712	-37.7924
BLOCK00/SES009/SA009S15	SES172	-1.49714	-39.2895	-37.7924
BLOCK00/SES009/SA009S24	SES146	-1.1947	-39.4554	-38.2607
BLOCK00/SES009/SA009S24	SES148	-1.47381	-39.7345	-38.2607
BLOCK00/SES009/SA009S24	SES177	-1.24924	-39.5099	-38.2607
BLOCK00/SES009/SA009S24	SES292	-1.2215	-39.4822	-38.2607
BLOCK00/SES009/SA009S26	SES083	-1.81521	-40.5298	-38.7146
BLOCK00/SES009/SA009S26	SES101	-2.19925	-40.9138	-38.7146
BLOCK00/SES009/SA009S26	SES120	-1.22897	-39.9435	-38.7146
BLOCK00/SES009/SA009S26	SES177	-1.75011	-40.4647	-38.7146
BLOCK00/SES009/SA009S29	SES083	-1.08743	-39.3351	-38.2476
BLOCK00/SES009/SA009S29	SES101	-1.73672	-39.9843	-38.2476
BLOCK00/SES009/SA009S29	SES177	-1.51828	-39.7659	-38.2476
BLOCK00/SES009/SA009S29	SES292	-1.63847	-39.8861	-38.2476
BLOCK01/SES011/SA011S10	SES019	-1.14524	-40.5314	-39.3862
BLOCK01/SES011/SA011S10	SES042	-0.647648	-40.0338	-39.3862
BLOCK01/SES011/SA011S10	SES082	-2.44844	-41.8346	-39.3862
BLOCK01/SES011/SA011S10	SES206	-1.19302	-40.5792	-39.3862
BLOCK01/SES011/SA011S11	SES019	-0.769909	-40.6881	-39.9182
BLOCK01/SES011/SA011S11	SES042	-1.0176	-40.9358	-39.9182
BLOCK01/SES011/SA011S11	SES082	-2.20944	-42.1277	-39.9182
BLOCK01/SES011/SA011S11	SES206	-0.962383	-40.8806	-39.9182
BLOCK01/SES011/SA011S22	SES019	-0.407238	-39.9022	-39.4949
BLOCK01/SES011/SA011S22	SES042	-0.388905	-39.8838	-39.4949
BLOCK01/SES011/SA011S22	SES082	-1.40197	-40.8969	-39.4949
BLOCK01/SES011/SA011S22	SES206	-0.751583	-40.2465	-39.4949
BLOCK01/SES011/SA011S24	SES019	-0.907104	-39.9841	-39.077
BLOCK01/SES011/SA011S24	SES042	-0.331261	-39.4083	-39.077
BLOCK01/SES011/SA011S24	SES104	-1.21575	-40.2928	-39.077
BLOCK01/SES011/SA011S24	SES206	-0.226151	-39.3032	-39.077
BLOCK01/SES011/SA011S27	SES082	0.376289	-38.5887	-38.965
BLOCK01/SES011/SA011S27	SES087	-1.14058	-40.1056	-38.965
BLOCK01/SES011/SA011S27	SES125	-0.591743	-39.5567	-38.965
BLOCK01/SES011/SA011S27	SES206	-0.29052	-39.2555	-38.965
BLOCK01/SES012/SA012S11	SES007	-1.13368	-39.2545	-38.1208
BLOCK01/SES012/SA012S11	SES082	-1.24803	-39.3689	-38.1208
BLOCK01/SES012/SA012S11	SES083	-1.3641	-39.4849	-38.1208
BLOCK01/SES012/SA012S11	SES206	-1.37792	-39.4988	-38.1208
BLOCK01/SES012/SA012S14	SES082	-1.26872	-40.063	-38.7943
BLOCK01/SES012/SA012S14	SES087	-1.48314	-40.2774	-38.7943
BLOCK01/SES012/SA012S14	SES206	-1.25794	-40.0522	-38.7943
BLOCK01/SES012/SA012S14	SES292	-1.78283	-40.5771	-38.7943
BLOCK01/SES012/SA012S24	SES082	-0.0434113	-39.6874	-39.6439
BLOCK01/SES012/SA012S24	SES087	-1.09037	-40.7343	-39.6439
BLOCK01/SES012/SA012S24	SES120	-3.47282	-43.1168	-39.6439
BLOCK01/SES012/SA012S24	SES206	-0.728424	-40.3724	-39.6439
BLOCK01/SES012/SA012S26	SES019	-2.17706	-41.1646	-38.9876
BLOCK01/SES012/SA012S26	SES082	-1.48895	-40.4765	-38.9876
BLOCK01/SES012/SA012S26	SES206	-0.398659	-39.3862	-38.9876
BLOCK01/SES012/SA012S26	SES292	-1.57098	-40.5586	-38.9876
BLOCK01/SES012/SA012S29	SES062	-0.962421	-39.3626	-38.4002
BLOCK01/SES012/SA012S29	SES082	-1.01855	-39.4187	-38.4002
BLOCK01/SES012/SA012S29	SES083	-1.89631	-40.2965	-38.4002
BLOCK01/SES012/SA012S29	SES206	-1.54464	-39.9448	-38.4002
BLOCK01/SES013/SA013S16	SES062	-2.55082	-41.6493	-39.0984
BLOCK01/SES013/SA013S16	SES106	-0.517727	-39.6162	-39.0984
BLOCK01/SES013/SA013S16	SES206	-0.966732	-40.0652	-39.0984
BLOCK01/SES013/SA013S16	SES226	-0.542168	-39.6406	-39.0984
BLOCK01/SES013/SA013S17	SES062	-1.97081	-40.4271	-38.4563
BLOCK01/SES013/SA013S17	SES106	-1.19637	-39.6527	-38.4563
BLOCK01/SES013/SA013S17	SES206	-0.831543	-39.2879	-38.4563
BLOCK01/SES013/SA013S17	SES226	-0.0744476	-38.5308	-38.4563
BLOCK01/SES013/SA013S23	SES104	-1.3566	-40.6325	-39.2759
BLOCK01/SES013/SA013S23	SES106	-0.620544	-39.8964	-39.2759
BLOCK01/SES013/SA013S23	SES206	-0.856236	-40.1321	-39.2759
BLOCK01/SES013/SA013S23	SES270	-0.335484	-39.6113	-39.2759
BLOCK01/SES013/SA013S25	SES042	-1.97643	-40.7674	-38.791
BLOCK01/SES013/SA013S25	SES104	-1.09122	-39.8822	-38.791
BLOCK01/SES013/SA013S25	SES106	-0.513878	-39.3049	-38.791
BLOCK01/SES013/SA013S25	SES206	-1.08017	-39.8712	-38.791
BLOCK01/SES013/SA013S29	SES062	-2.50655	-41.4813	-38.9747
BLOCK01/SES013/SA013S29	SES104	-1.42108	-40.3958	-38.9747
BLOCK01/SES013/SA013S29	SES106	-0.410328	-39.3851	-38.9747
BLOCK01/SES013/SA013S29	SES206	-1.33181	-40.3065	-38.9747
BLOCK02/SES021/SA021S13	SES016	-2.95499	-41.2657	-38.3107
BLOCK02/SES021/SA021S13	SES029	-2.42393	-40.7346	-38.3107
BLOCK02/SES021/SA021S13	SES087	-1.08082	-39.3915	-38.3107
BLOCK02/SES021/SA021S13	SES206	-0.102268	-38.413	-38.3107
BLOCK02/SES021/SA021S15	SES087	-0.715431	-37.9808	-37.2653
BLOCK02/SES021/SA021S15	SES125	-0.675701	-37.941	-37.2653
BLOCK02/SES021/SA021S15	SES206	-0.0785828	-37.3439	-37.2653
BLOCK02/SES021/SA021S15	SES226	-1.5093	-38.7746	-37.2653
BLOCK02/SES021/SA021S23	SES062	-2.61062	-41.7996	-39.189
BLOCK02/SES021/SA021S23	SES087	-1.16861	-40.3576	-39.189
BLOCK02/SES021/SA021S23	SES206	-1.21818	-40.4072	-39.189
BLOCK02/SES021/SA021S23	SES226	-0.962452	-40.1515	-39.189
BLOCK02/SES021/SA021S27	SES002	-1.11527	-39.1345	-38.0192
BLOCK02/SES021/SA021S27	SES016	-3.82647	-41.8457	-38.0192
BLOCK02/SES021/SA021S27	SES019	-1.65352	-39.6728	-38.0192
BLOCK02/SES021/SA021S27	SES062	-1.14396	-39.1632	-38.0192
BLOCK02/SES021/SA021S29	SES087	-1.03519	-39.0009	-37.9657
BLOCK02/SES021/SA021S29	SES125	-0.609596	-38.5753	-37.9657
BLOCK02/SES021/SA021S29	SES206	-0.478115	-38.4439	-37.9657
BLOCK02/SES021/SA021S29	SES226	-0.811077	-38.7768	-37.9657
BLOCK04/SES043/SA043S09	SES083	-1.52922	-41.6215	-40.0923
BLOCK04/SES043/SA043S09	SES101	-1.79145	-41.8837	-40.0923
BLOCK04/SES043/SA043S09	SES144	-0.778217	-40.8705	-40.0923
BLOCK04/SES043/SA043S09	SES172	-2.65822	-42.7505	-40.0923
BLOCK04/SES043/SA043S11	SES083	-0.90136	-39.6102	-38.7088
BLOCK04/SES043/SA043S11	SES101	-1.42295	-40.1318	-38.7088
BLOCK04/SES043/SA043S11	SES144	-0.772423	-39.4812	-38.7088
BLOCK04/SES043/SA043S11	SES172	-1.42474	-40.1336	-38.7088
BLOCK04/SES043/SA043S23	SES083	-0.759216	-39.9624	-39.2032
BLOCK04/SES043/SA043S23	SES144	-0.051403	-39.2546	-39.2032
BLOCK04/SES043/SA043S23	SES177	-2.11082	-41.314	-39.2032
BLOCK04/SES043/SA043S23	SES275	-0.594376	-39.7976	-39.2032
BLOCK04/SES043/SA043S26	SES083	-0.881294	-40.2677	-39.3864
BLOCK04/SES043/SA043S26	SES101	-0.912186	-40.2986	-39.3864
BLOCK04/SES043/SA043S26	SES144	-0.323814	-39.7102	-39.3864
BLOCK04/SES043/SA043S26	SES177	-1.40844	-40.7948	-39.3864
BLOCK04/SES043/SA043S28	SES016	-1.56097	-40.1983	-38.6373
BLOCK04/SES043/SA043S28	SES083	-0.733566	-39.3709	-38.6373
BLOCK04/SES043/SA043S28	SES101	-1.02474	-39.6621	-38.6373
BLOCK04/SES043/SA043S28	SES144	-0.798901	-39.4362	-38.6373
BLOCK04/SES044/SA044S10	SES127	-2.84532	-44.3379	-41.4925
BLOCK04/SES044/SA044S10	SES144	-0.198486	-41.691	-41.4925
BLOCK04/SES044/SA044S10	SES147	-2.03396	-43.5265	-41.4925
BLOCK04/SES044/SA044S10	SES148	-2.77733	-44.2699	-41.4925
BLOCK04/SES044/SA044S11	SES101	-1.68903	-42.354	-40.665
BLOCK04/SES044/SA044S11	SES144	0.181084	-40.4839	-40.665
BLOCK04/SES044/SA044S11	SES147	-1.38744	-42.0524	-40.665
BLOCK04/SES044/SA044S11	SES177	-1.92494	-42.5899	-40.665
BLOCK04/SES044/SA044S24	SES007	-2.67724	-42.6102	-39.933
BLOCK04/SES044/SA044S24	SES101	-1.16169	-41.0947	-39.933
BLOCK04/SES044/SA044S24	SES147	-1.88621	-41.8192	-39.933
BLOCK04/SES044/SA044S24	SES177	-1.92098	-41.8539	-39.933
BLOCK04/SES044/SA044S26	SES007	-1.75728	-41.3356	-39.5783
BLOCK04/SES044/SA044S26	SES016	-1.0226	-40.6009	-39.5783
BLOCK04/SES044/SA044S26	SES101	-0.795666	-40.374	-39.5783
BLOCK04/SES044/SA044S26	SES147	-1.02473	-40.6031	-39.5783
BLOCK04/SES044/SA044S29	SES007	-2.09087	-41.0297	-38.9388
BLOCK04/SES044/SA044S29	SES101	-0.633514	-39.5723	-38.9388
BLOCK04/SES044/SA044S29	SES147	-1.65299	-40.5918	-38.9388
BLOCK04/SES044/SA044S29	SES177	-1.82458	-40.7634	-38.9388
BLOCK04/SES046/SA046S13	SES101	-2.42022	-42.6524	-40.2321
BLOCK04/SES046/SA046S13	SES144	-1.312	-41.5441	-40.2321
BLOCK04/SES046/SA046S13	SES147	-1.60514	-41.8373	-40.2321
BLOCK04/SES046/SA046S13	SES177	-1.18894	-41.4211	-40.2321
BLOCK04/SES046/SA046S15	SES048	-2.19124	-40.7676	-38.5763
BLOCK04/SES046/SA046S15	SES083	-0.957767	-39.5341	-38.5763
BLOCK04/SES046/SA046S15	SES120	-2.30659	-40.8829	-38.5763
BLOCK04/SES046/SA046S15	SES148	-1.13096	-39.7073	-38.5763
BLOCK04/SES046/SA046S22	SES101	-1.22975	-41.0173	-39.7876
BLOCK04/SES046/SA046S22	SES144	-1.08416	-40.8718	-39.7876
BLOCK04/SES046/SA046S22	SES147	-1.89844	-41.686	-39.7876
BLOCK04/SES046/SA046S22	SES172	-1.08318	-40.8708	-39.7876
BLOCK04/SES046/SA046S25	SES083	-1.64342	-40.9617	-39.3183
BLOCK04/SES046/SA046S25	SES127	-1.35006	-40.6684	-39.3183
BLOCK04/SES046/SA046S25	SES144	-1.19048	-40.5088	-39.3183
BLOCK04/SES046/SA046S25	SES148	-1.27861	-40.5969	-39.3183
BLOCK04/SES046/SA046S28	SES007	-3.4652	-43.4166	-39.9514
BLOCK04/SES046/SA046S28	SES105	-2.06971	-42.0211	-39.9514
BLOCK04/SES046/SA046S28	SES147	-1.39141	-41.3428	-39.9514
BLOCK04/SES046/SA046S28	SES148	-2.48138	-42.4328	-39.9514
BLOCK04/SES049/SA049S16	SES104	-0.80629	-41.24	-40.4338
BLOCK04/SES049/SA049S16	SES106	-0.541588	-40.9753	-40.4338
BLOCK04/SES049/SA049S16	SES120	-2.55678	-42.9905	-40.4338
BLOCK04/SES049/SA049S16	SES206	-1.16559	-41.5993	-40.4338
BLOCK04/SES049/SA049S18	SES099	0.00605392	-41.422	-41.428
BLOCK04/SES049/SA049S18	SES104	-1.41205	-42.8401	-41.428
BLOCK04/SES049/SA049S18	SES125	-1.86097	-43.289	-41.428
BLOCK04/SES049/SA049S18	SES206	-1.7481	-43.1761	-41.428
BLOCK04/SES049/SA049S25	SES087	-0.753841	-40.8892	-40.1354
BLOCK04/SES049/SA049S25	SES104	-1.05103	-41.1864	-40.1354
BLOCK04/SES049/SA049S25	SES125	-1.43367	-41.5691	-40.1354
BLOCK04/SES049/SA049S25	SES206	-0.613338	-40.7487	-40.1354
BLOCK04/SES049/SA049S27	SES099	-0.168018	-39.615	-39.447
BLOCK04/SES049/SA049S27	SES104	-0.503265	-39.9503	-39.447
BLOCK04/SES049/SA049S27	SES125	-1.08481	-40.5318	-39.447
BLOCK04/SES049/SA049S27	SES206	-0.780479	-40.2275	-39.447
BLOCK04/SES049/SA049S29	SES099	0.314354	-38.2094	-38.5237
BLOCK04/SES049/SA049S29	SES104	-0.0118179	-38.5355	-38.5237
BLOCK04/SES049/SA049S29	SES125	-0.709839	-39.2336	-38.5237
BLOCK04/SES049/SA049S29	SES206	-0.313396	-38.8371	-38.5237
BLOCK06/SES063/SA063S09	SES068	-1.77132	-40.9202	-39.1489
BLOCK06/SES063/SA063S09	SES083	-0.858837	-40.0078	-39.1489
BLOCK06/SES063/SA063S09	SES177	-1.12064	-40.2696	-39.1489
BLOCK06/SES063/SA063S09	SES187	-1.66515	-40.8141	-39.1489
BLOCK06/SES063/SA063S10	SES068	-1.50475	-41.4616	-39.9568
BLOCK06/SES063/SA063S10	SES083	-0.644333	-40.6012	-39.9568
BLOCK06/SES063/SA063S10	SES172	-1.11563	-41.0725	-39.9568
BLOCK06/SES063/SA063S10	SES187	-0.625374	-40.5822	-39.9568
BLOCK06/SES063/SA063S20	SES068	-1.94789	-41.6769	-39.7291
BLOCK06/SES063/SA063S20	SES083	-1.30499	-41.034	-39.7291
BLOCK06/SES063/SA063S20	SES172	-0.901592	-40.6306	-39.7291
BLOCK06/SES063/SA063S20	SES187	-0.443489	-40.1725	-39.7291
BLOCK06/SES063/SA063S24	SES029	-1.64399	-40.7707	-39.1267
BLOCK06/SES063/SA063S24	SES083	-0.29863	-39.4253	-39.1267
BLOCK06/SES063/SA063S24	SES177	-0.548016	-39.6747	-39.1267
BLOCK06/SES063/SA063S24	SES189	-0.622993	-39.7497	-39.1267
BLOCK06/SES063/SA063S27	SES083	0.373672	-40.0946	-40.4683
BLOCK06/SES063/SA063S27	SES172	-0.606083	-41.0743	-40.4683
BLOCK06/SES063/SA063S27	SES187	-1.28372	-41.752	-40.4683
BLOCK06/SES063/SA063S27	SES292	-2.12838	-42.5966	-40.4683
BLOCK06/SES067/SA067S12	SES083	-1.9921	-41.009	-39.0169
BLOCK06/SES067/SA067S12	SES172	-3.09615	-42.1131	-39.0169
BLOCK06/SES067/SA067S12	SES202	-nan	-nan	-39.0169
BLOCK06/SES067/SA067S12	SES292	-2.16729	-41.1842	-39.0169
BLOCK06/SES067/SA067S14	SES085	-1.5841	-40.0719	-38.4878
BLOCK06/SES067/SA067S14	SES177	-1.52601	-40.0138	-38.4878
BLOCK06/SES067/SA067S14	SES183	-1.98269	-40.4705	-38.4878
BLOCK06/SES067/SA067S14	SES202	-nan	-nan	-38.4878
BLOCK06/SES067/SA067S21	SES144	-1.19846	-40.9938	-39.7953
BLOCK06/SES067/SA067S21	SES177	-0.988274	-40.7836	-39.7953
BLOCK06/SES067/SA067S21	SES183	-3.21236	-43.0077	-39.7953
BLOCK06/SES067/SA067S21	SES189	-0.6091	-40.4044	-39.7953
BLOCK06/SES067/SA067S25	SES085	-1.02837	-40.34	-39.3116
BLOCK06/SES067/SA067S25	SES177	-0.949093	-40.2607	-39.3116
BLOCK06/SES067/SA067S25	SES183	-2.19907	-41.5107	-39.3116
BLOCK06/SES067/SA067S25	SES202	-nan	-nan	-39.3116
BLOCK06/SES067/SA067S29	SES085	-1.19651	-40.4654	-39.2689
BLOCK06/SES067/SA067S29	SES177	-1.75599	-41.0249	-39.2689
BLOCK06/SES067/SA067S29	SES183	-2.914	-42.1829	-39.2689
BLOCK06/SES067/SA067S29	SES202	-nan	-nan	-39.2689
BLOCK06/SES069/SA069S12	SES029	-2.71321	-41.453	-38.7398
BLOCK06/SES069/SA069S12	SES082	-0.743889	-39.4837	-38.7398
BLOCK06/SES069/SA069S12	SES087	-1.41932	-40.1591	-38.7398
BLOCK06/SES069/SA069S12	SES206	-0.725399	-39.4652	-38.7398
BLOCK06/SES069/SA069S13	SES029	-2.68935	-41.5909	-38.9015
BLOCK06/SES069/SA069S13	SES087	-1.71492	-40.6165	-38.9015
BLOCK06/SES069/SA069S13	SES206	-1.412	-40.3135	-38.9015
BLOCK06/SES069/SA069S13	SES226	-1.33846	-40.24	-38.9015
BLOCK06/SES069/SA069S23	SES029	-1.64915	-39.2104	-37.5612
BLOCK06/SES069/SA069S23	SES087	-1.34266	-38.9039	-37.5612
BLOCK06/SES069/SA069S23	SES206	-1.11246	-38.6737	-37.5612
BLOCK06/SES069/SA069S23	SES226	-0.691673	-38.2529	-37.5612
BLOCK06/SES069/SA069S25	SES087	-0.935024	-38.9232	-37.9881
BLOCK06/SES069/SA069S25	SES206	-1.62125	-39.6094	-37.9881
BLOCK06/SES069/SA069S25	SES226	-0.857571	-38.8457	-37.9881
BLOCK06/SES069/SA069S25	SES270	-0.51553	-38.5037	-37.9881
BLOCK06/SES069/SA069S27	SES087	-1.66951	-39.9189	-38.2494
BLOCK06/SES069/SA069S27	SES206	-0.503662	-38.7531	-38.2494
BLOCK06/SES069/SA069S27	SES226	-0.541683	-38.7911	-38.2494
BLOCK06/SES069/SA069S27	SES270	-0.598377	-38.8478	-38.2494
BLOCK08/SES081/SA081S11	SES060	-1.62745	-40.7111	-39.0836
BLOCK08/SES081/SA081S11	SES062	-3.22921	-42.3128	-39.0836
BLOCK08/SES081/SA081S11	SES117	-2.01583	-41.0995	-39.0836
BLOCK08/SES081/SA081S11	SES162	-1.93566	-41.0193	-39.0836
BLOCK08/SES081/SA081S13	SES016	-1.22521	-39.4601	-38.2349
BLOCK08/SES081/SA081S13	SES060	-0.43922	-38.6742	-38.2349
BLOCK08/SES081/SA081S13	SES068	-0.728168	-38.9631	-38.2349
BLOCK08/SES081/SA081S13	SES129	-1.76852	-40.0035	-38.2349
BLOCK08/SES081/SA081S24	SES060	-0.893089	-39.4735	-38.5804
BLOCK08/SES081/SA081S24	SES068	-0.677769	-39.2582	-38.5804
BLOCK08/SES081/SA081S24	SES117	-1.63968	-40.2201	-38.5804
BLOCK08/SES081/SA081S24	SES275	-2.10876	-40.6892	-38.5804
BLOCK08/SES081/SA081S27	SES007	-0.944851	-39.7855	-38.8406
BLOCK08/SES081/SA081S27	SES060	-1.94738	-40.788	-38.8406
BLOCK08/SES081/SA081S27	SES117	-0.934128	-39.7748	-38.8406
BLOCK08/SES081/SA081S27	SES275	-2.07404	-40.9147	-38.8406
BLOCK08/SES081/SA081S29	SES007	-1.21295	-39.7548	-38.5418
BLOCK08/SES081/SA081S29	SES060	-0.855358	-39.3972	-38.5418
BLOCK08/SES081/SA081S29	SES117	-1.41022	-39.952	-38.5418
BLOCK08/SES081/SA081S29	SES275	-2.33025	-40.8721	-38.5418
BLOCK08/SES086/SA086S11	SES029	-3.39561	-44.0203	-40.6247
BLOCK08/SES086/SA086S11	SES082	-2.30688	-42.9316	-40.6247
BLOCK08/SES086/SA086S11	SES087	-0.987988	-41.6127	-40.6247
BLOCK08/SES086/SA086S11	SES206	-2.30738	-42.9321	-40.6247
BLOCK08/SES086/SA086S12	SES029	-3.7392	-43.8529	-40.1137
BLOCK08/SES086/SA086S12	SES082	-2.46224	-42.5759	-40.1137
BLOCK08/SES086/SA086S12	SES087	0.244461	-39.8692	-40.1137
BLOCK08/SES086/SA086S12	SES206	-1.68453	-41.7982	-40.1137
BLOCK08/SES086/SA086S20	SES029	-3.18923	-41.9158	-38.7265
BLOCK08/SES086/SA086S20	SES082	-2.0321	-40.7586	-38.7265
BLOCK08/SES086/SA086S20	SES087	-0.0144653	-38.741	-38.7265
BLOCK08/SES086/SA086S20	SES206	-0.296383	-39.0229	-38.7265
BLOCK08/SES086/SA086S24	SES087	-0.304195	-40.0015	-39.6973
BLOCK08/SES086/SA086S24	SES104	-1.89541	-41.5927	-39.6973
BLOCK08/SES086/SA086S24	SES120	-2.87516	-42.5724	-39.6973
BLOCK08/SES086/SA086S24	SES206	-0.752563	-40.4498	-39.6973
BLOCK08/SES086/SA086S28	SES029	-2.93649	-41.7792	-38.8428
BLOCK08/SES086/SA086S28	SES082	-1.83142	-40.6742	-38.8428
BLOCK08/SES086/SA086S28	SES087	-0.00614166	-38.8489	-38.8428
BLOCK08/SES086/SA086S28	SES206	-0.652088	-39.4948	-38.8428
BLOCK08/SES089/SA089S13	SES087	-0.95985	-40.3704	-39.4105
BLOCK08/SES089/SA089S13	SES206	-1.17334	-40.5839	-39.4105
BLOCK08/SES089/SA089S13	SES226	-1.13573	-40.5462	-39.4105
BLOCK08/SES089/SA089S13	SES270	-1.85937	-41.2699	-39.4105
BLOCK08/SES089/SA089S14	SES062	-1.59486	-40.511	-38.9162
BLOCK08/SES089/SA089S14	SES087	-0.294823	-39.211	-38.9162
BLOCK08/SES089/SA089S14	SES206	-0.353569	-39.2697	-38.9162
BLOCK08/SES089/SA089S14	SES226	-0.439556	-39.3557	-38.9162
BLOCK08/SES089/SA089S23	SES087	-0.310627	-40.033	-39.7224
BLOCK08/SES089/SA089S23	SES206	-0.825993	-40.5484	-39.7224
BLOCK08/SES089/SA089S23	SES226	-1.18528	-40.9076	-39.7224
BLOCK08/SES089/SA089S23	SES270	-1.58226	-41.3046	-39.7224
BLOCK08/SES089/SA089S25	SES062	-1.99906	-41.1456	-39.1466
BLOCK08/SES089/SA089S25	SES087	0.148098	-38.9985	-39.1466
BLOCK08/SES089/SA089S25	SES206	-0.493511	-39.6401	-39.1466
BLOCK08/SES089/SA089S25	SES226	-0.475578	-39.6222	-39.1466
BLOCK08/SES089/SA089S28	SES062	-1.07343	-40.0132	-38.9398
BLOCK08/SES089/SA089S28	SES087	-0.15369	-39.0935	-38.9398
BLOCK08/SES089/SA089S28	SES206	-0.037117	-38.9769	-38.9398
BLOCK08/SES089/SA089S28	SES226	-0.416847	-39.3567	-38.9398
BLOCK09/SES097/SA097S11	SES099	0.297577	-39.2639	-39.5615
BLOCK09/SES097/SA097S11	SES125	-1.56172	-41.1232	-39.5615
BLOCK09/SES097/SA097S11	SES206	-1.66537	-41.2269	-39.5615
BLOCK09/SES097/SA097S11	SES226	-0.488266	-40.0498	-39.5615
BLOCK09/SES097/SA097S14	SES062	-1.78902	-41.037	-39.248
BLOCK09/SES097/SA097S14	SES099	-0.323387	-39.5713	-39.248
BLOCK09/SES097/SA097S14	SES104	-1.18486	-40.4328	-39.248
BLOCK09/SES097/SA097S14	SES206	-1.21395	-40.4619	-39.248
BLOCK09/SES097/SA097S22	SES099	0.490299	-39.0221	-39.5124
BLOCK09/SES097/SA097S22	SES206	-1.19617	-40.7086	-39.5124
BLOCK09/SES097/SA097S22	SES226	-1.38066	-40.8931	-39.5124
BLOCK09/SES097/SA097S22	SES270	-0.114628	-39.627	-39.5124
BLOCK09/SES097/SA097S26	SES099	0.325367	-38.7994	-39.1248
BLOCK09/SES097/SA097S26	SES120	-1.65371	-40.7785	-39.1248
BLOCK09/SES097/SA097S26	SES206	-0.975136	-40.0999	-39.1248
BLOCK09/SES097/SA097S26	SES226	-1.40115	-40.5259	-39.1248
BLOCK09/SES097/SA097S28	SES099	-0.270496	-39.5869	-39.3164
BLOCK09/SES097/SA097S28	SES120	-2.18693	-41.5034	-39.3164
BLOCK09/SES097/SA097S28	SES206	-1.84469	-41.1611	-39.3164
BLOCK09/SES097/SA097S28	SES226	-1.61225	-40.9287	-39.3164
BLOCK09/SES098/SA098S11	SES127	-2.74072	-43.0134	-40.2727
BLOCK09/SES098/SA098S11	SES144	-1.32569	-41.5984	-40.2727
BLOCK09/SES098/SA098S11	SES147	-0.688244	-40.9609	-40.2727
BLOCK09/SES098/SA098S11	SES148	-3.13738	-43.41	-40.2727
BLOCK09/SES098/SA098S12	SES127	-3.81477	-45.2686	-41.4538
BLOCK09/SES098/SA098S12	SES144	-1.6385	-43.0924	-41.4538
BLOCK09/SES098/SA098S12	SES147	-1.99381	-43.4477	-41.4538
BLOCK09/SES098/SA098S12	SES189	-0.968666	-42.4225	-41.4538
BLOCK09/SES098/SA098S20	SES127	-3.38987	-44.4606	-41.0707
BLOCK09/SES098/SA098S20	SES147	-1.39094	-42.4617	-41.0707
BLOCK09/SES098/SA098S20	SES148	-2.93992	-44.0107	-41.0707
BLOCK09/SES098/SA098S20	SES292	-2.97971	-44.0505	-41.0707
BLOCK09/SES098/SA098S23	SES127	-1.6264	-41.9998	-40.3734
BLOCK09/SES098/SA098S23	SES147	-0.574718	-40.9481	-40.3734
BLOCK09/SES098/SA098S23	SES187	-1.33168	-41.7051	-40.3734
BLOCK09/SES098/SA098S23	SES292	-2.30448	-42.6779	-40.3734
BLOCK09/SES098/SA098S27	SES127	-2.85779	-43.3742	-40.5165
BLOCK09/SES098/SA098S27	SES147	-1.50084	-42.0173	-40.5165
BLOCK09/SES098/SA098S27	SES148	-3.58108	-44.0975	-40.5165
BLOCK09/SES098/SA098S27	SES292	-3.1172	-43.6337	-40.5165
BLOCK10/SES102/SA102S13	SES101	-0.440376	-40.9542	-40.5139
BLOCK10/SES102/SA102S13	SES105	-1.85793	-42.3718	-40.5139
BLOCK10/SES102/SA102S13	SES120	-0.900913	-41.4148	-40.5139
BLOCK10/SES102/SA102S13	SES158	-4.47927	-44.9931	-40.5139
BLOCK10/SES102/SA102S14	SES007	-0.561829	-39.132	-38.5702
BLOCK10/SES102/SA102S14	SES101	-0.551552	-39.1217	-38.5702
BLOCK10/SES102/SA102S14	SES105	-0.790058	-39.3602	-38.5702
BLOCK10/SES102/SA102S14	SES147	-1.43049	-40.0007	-38.5702
BLOCK10/SES102/SA102S22	SES007	-1.61636	-40.4952	-38.8788
BLOCK10/SES102/SA102S22	SES101	-0.274151	-39.153	-38.8788
BLOCK10/SES102/SA102S22	SES105	-0.657455	-39.5363	-38.8788
BLOCK10/SES102/SA102S22	SES158	-3.02438	-41.9032	-38.8788
BLOCK10/SES102/SA102S25	SES007	-1.10751	-39.9708	-38.8633
BLOCK10/SES102/SA102S25	SES101	-0.348885	-39.2122	-38.8633
BLOCK10/SES102/SA102S25	SES105	-1.17049	-40.0338	-38.8633
BLOCK10/SES102/SA102S25	SES147	-2.4829	-41.3462	-38.8633
BLOCK10/SES102/SA102S27	SES007	-1.55939	-40.8213	-39.2619
BLOCK10/SES102/SA102S27	SES101	-0.620564	-39.8825	-39.2619
BLOCK10/SES102/SA102S27	SES105	-1.07394	-40.3359	-39.2619
BLOCK10/SES102/SA102S27	SES147	-1.60618	-40.8681	-39.2619
BLOCK10/SES103/SA103S14	SES105	-1.75099	-42.4304	-40.6794
BLOCK10/SES103/SA103S14	SES106	-0.461788	-41.1412	-40.6794
BLOCK10/SES103/SA103S14	SES120	-2.80218	-43.4816	-40.6794
BLOCK10/SES103/SA103S14	SES206	-1.62871	-42.3082	-40.6794
BLOCK10/SES103/SA103S15	SES099	-0.455738	-41.6215	-41.1658
BLOCK10/SES103/SA103S15	SES101	-3.08221	-44.248	-41.1658
BLOCK10/SES103/SA103S15	SES104	-1.02325	-42.189	-41.1658
BLOCK10/SES103/SA103S15	SES125	-0.735584	-41.9013	-41.1658
BLOCK10/SES103/SA103S24	SES104	-1.1386	-41.0184	-39.8798
BLOCK10/SES103/SA103S24	SES125	-0.806019	-40.6858	-39.8798
BLOCK10/SES103/SA103S24	SES148	-2.65594	-42.5357	-39.8798
BLOCK10/SES103/SA103S24	SES158	-0.254288	-40.1341	-39.8798
BLOCK10/SES103/SA103S26	SES104	-1.15919	-41.5349	-40.3757
BLOCK10/SES103/SA103S26	SES106	-1.00603	-41.3817	-40.3757
BLOCK10/SES103/SA103S26	SES125	-1.05516	-41.4309	-40.3757
BLOCK10/SES103/SA103S26	SES148	-2.98508	-43.3608	-40.3757
BLOCK10/SES103/SA103S28	SES104	-1.45091	-41.9103	-40.4594
BLOCK10/SES103/SA103S28	SES106	-0.601807	-41.0612	-40.4594
BLOCK10/SES103/SA103S28	SES125	-1.55694	-42.0163	-40.4594
BLOCK10/SES103/SA103S28	SES206	-1.97484	-42.4342	-40.4594
BLOCK12/SES121/SA121S12	SES042	-1.80469	-42.8654	-41.0607
BLOCK12/SES121/SA121S12	SES087	-1.18684	-42.2476	-41.0607
BLOCK12/SES121/SA121S12	SES105	-0.822266	-41.883	-41.0607
BLOCK12/SES121/SA121S12	SES206	-1.23271	-42.2935	-41.0607
BLOCK12/SES121/SA121S14	SES007	-2.30901	-43.9384	-41.6294
BLOCK12/SES121/SA121S14	SES105	-2.25246	-43.8819	-41.6294
BLOCK12/SES121/SA121S14	SES106	-1.19099	-42.8204	-41.6294
BLOCK12/SES121/SA121S14	SES206	-1.99062	-43.62	-41.6294
BLOCK12/SES121/SA121S23	SES105	-2.403	-44.3185	-41.9155
BLOCK12/SES121/SA121S23	SES106	-0.904621	-42.8201	-41.9155
BLOCK12/SES121/SA121S23	SES120	-3.42084	-45.3363	-41.9155
BLOCK12/SES121/SA121S23	SES206	-1.44344	-43.3589	-41.9155
BLOCK12/SES121/SA121S25	SES007	-1.80884	-44.3776	-42.5688
BLOCK12/SES121/SA121S25	SES105	-2.44135	-45.0101	-42.5688
BLOCK12/SES121/SA121S25	SES106	-1.27274	-43.8415	-42.5688
BLOCK12/SES121/SA121S25	SES206	-1.90755	-44.4763	-42.5688
BLOCK12/SES121/SA121S27	SES087	-0.590714	-41.6336	-41.0429
BLOCK12/SES121/SA121S27	SES105	-3.37991	-44.4228	-41.0429
BLOCK12/SES121/SA121S27	SES120	-2.301	-43.3439	-41.0429
BLOCK12/SES121/SA121S27	SES206	-1.28117	-42.324	-41.0429
BLOCK12/SES124/SA124S16	SES042	-0.514996	-39.6727	-39.1577
BLOCK12/SES124/SA124S16	SES082	-0.453346	-39.611	-39.1577
BLOCK12/SES124/SA124S16	SES183	-2.99967	-42.1574	-39.1577
BLOCK12/SES124/SA124S16	SES206	-0.921658	-40.0794	-39.1577
BLOCK12/SES124/SA124S17	SES105	-1.58938	-41.9456	-40.3562
BLOCK12/SES124/SA124S17	SES149	-2.10685	-42.4631	-40.3562
BLOCK12/SES124/SA124S17	SES158	-2.05855	-42.4148	-40.3562
BLOCK12/SES124/SA124S17	SES275	-1.72974	-42.0859	-40.3562
BLOCK12/SES124/SA124S23	SES105	-1.75292	-39.8543	-38.1014
BLOCK12/SES124/SA124S23	SES125	-0.0348854	-38.1363	-38.1014
BLOCK12/SES124/SA124S23	SES129	-2.73031	-40.8317	-38.1014
BLOCK12/SES124/SA124S23	SES158	-0.430645	-38.532	-38.1014
BLOCK12/SES124/SA124S26	SES105	-2.02093	-40.7577	-38.7368
BLOCK12/SES124/SA124S26	SES125	0.104755	-38.632	-38.7368
BLOCK12/SES124/SA124S26	SES129	-2.91149	-41.6483	-38.7368
BLOCK12/SES124/SA124S26	SES158	-0.991489	-39.7283	-38.7368
BLOCK12/SES124/SA124S28	SES104	-0.654446	-39.39	-38.7356
BLOCK12/SES124/SA124S28	SES106	-0.607693	-39.3433	-38.7356
BLOCK12/SES124/SA124S28	SES125	-0.318123	-39.0537	-38.7356
BLOCK12/SES124/SA124S28	SES275	-2.07824	-40.8138	-38.7356
BLOCK12/SES126/SA126S13	SES007	-2.45048	-43.126	-40.6756
BLOCK12/SES126/SA126S13	SES162	-2.24118	-42.9167	-40.6756
BLOCK12/SES126/SA126S13	SES177	-1.32858	-42.0041	-40.6756
BLOCK12/SES126/SA126S13	SES180	-1.97337	-42.6489	-40.6756
BLOCK12/SES126/SA126S14	SES144	-1.38134	-40.6317	-39.2504
BLOCK12/SES126/SA126S14	SES148	-1.66839	-40.9188	-39.2504
BLOCK12/SES126/SA126S14	SES177	-0.762783	-40.0132	-39.2504
BLOCK12/SES126/SA126S14	SES180	-1.48974	-40.7401	-39.2504
BLOCK12/SES126/SA126S20	SES007	-2.16737	-41.7995	-39.6321
BLOCK12/SES126/SA126S20	SES162	-1.9088	-41.5409	-39.6321
BLOCK12/SES126/SA126S20	SES172	-2.85828	-42.4904	-39.6321
BLOCK12/SES126/SA126S20	SES180	-2.57926	-42.2114	-39.6321
BLOCK12/SES126/SA126S24	SES120	-1.37076	-40.5149	-39.1442
BLOCK12/SES126/SA126S24	SES162	-1.68274	-40.8269	-39.1442
BLOCK12/SES126/SA126S24	SES177	-0.756229	-39.9004	-39.1442
BLOCK12/SES126/SA126S24	SES180	-1.06858	-40.2128	-39.1442
BLOCK12/SES126/SA126S26	SES120	-1.86275	-41.7272	-39.8645
BLOCK12/SES126/SA126S26	SES177	-0.888309	-40.7528	-39.8645
BLOCK12/SES126/SA126S26	SES180	-1.76495	-41.6294	-39.8645
BLOCK12/SES126/SA126S26	SES202	-nan	-nan	-39.8645
BLOCK12/SES128/SA128S10	SES087	-1.82677	-41.034	-39.2072
BLOCK12/SES128/SA128S10	SES206	-1.41016	-40.6174	-39.2072
BLOCK12/SES128/SA128S10	SES226	-0.61858	-39.8258	-39.2072
BLOCK12/SES128/SA128S10	SES270	-0.621235	-39.8285	-39.2072
BLOCK12/SES128/SA128S12	SES120	-2.23407	-41.6611	-39.4271
BLOCK12/SES128/SA128S12	SES158	-0.98262	-40.4097	-39.4271
BLOCK12/SES128/SA128S12	SES206	-1.15649	-40.5835	-39.4271
BLOCK12/SES128/SA128S12	SES226	-1.05236	-40.4794	-39.4271
BLOCK12/SES128/SA128S21	SES106	-1.5928	-41.7012	-40.1084
BLOCK12/SES128/SA128S21	SES120	-2.25472	-42.3631	-40.1084
BLOCK12/SES128/SA128S21	SES206	-1.7216	-41.83	-40.1084
BLOCK12/SES128/SA128S21	SES226	-1.07856	-41.187	-40.1084
BLOCK12/SES128/SA128S24	SES087	-1.44731	-40.9777	-39.5304
BLOCK12/SES128/SA128S24	SES120	-1.49499	-41.0254	-39.5304
BLOCK12/SES128/SA128S24	SES206	-0.922272	-40.4526	-39.5304
BLOCK12/SES128/SA128S24	SES226	-1.05024	-40.5806	-39.5304
BLOCK12/SES128/SA128S27	SES099	-0.215435	-38.9985	-38.7831
BLOCK12/SES128/SA128S27	SES120	-1.48672	-40.2698	-38.7831
BLOCK12/SES128/SA128S27	SES206	-0.636143	-39.4193	-38.7831
BLOCK12/SES128/SA128S27	SES226	-0.573929	-39.357	-38.7831
BLOCK13/SES130/SA130S13	SES143	-2.77613	-43.3779	-40.6018
BLOCK13/SES130/SA130S13	SES144	-0.691914	-41.2937	-40.6018
BLOCK13/SES130/SA130S13	SES146	-0.552914	-41.1547	-40.6018
BLOCK13/SES130/SA130S13	SES275	-3.06244	-43.6642	-40.6018
BLOCK13/SES130/SA130S15	SES143	-2.29024	-41.6867	-39.3965
BLOCK13/SES130/SA130S15	SES144	-1.11123	-40.5077	-39.3965
BLOCK13/SES130/SA130S15	SES146	-0.849163	-40.2456	-39.3965
BLOCK13/SES130/SA130S15	SES275	-1.29687	-40.6933	-39.3965
BLOCK13/SES130/SA130S23	SES127	-3.33168	-43.9725	-40.6408
BLOCK13/SES130/SA130S23	SES144	-1.99839	-42.6392	-40.6408
BLOCK13/SES130/SA130S23	SES146	-0.955505	-41.5963	-40.6408
BLOCK13/SES130/SA130S23	SES162	-1.43082	-42.0716	-40.6408
BLOCK13/SES130/SA130S25	SES127	-2.03347	-41.1856	-39.1521
BLOCK13/SES130/SA130S25	SES144	-0.589031	-39.7412	-39.1521
BLOCK13/SES130/SA130S25	SES146	-0.716354	-39.8685	-39.1521
BLOCK13/SES130/SA130S25	SES275	-0.905197	-40.0573	-39.1521
BLOCK13/SES130/SA130S28	SES127	-1.6857	-41.0407	-39.355
BLOCK13/SES130/SA130S28	SES144	-1.00275	-40.3577	-39.355
BLOCK13/SES130/SA130S28	SES146	-0.962299	-40.3173	-39.355
BLOCK13/SES130/SA130S28	SES275	-0.556656	-39.9116	-39.355
BLOCK13/SES131/SA131S13	SES002	-1.88351	-43.4295	-41.5459
BLOCK13/SES131/SA131S13	SES007	-2.36734	-43.9133	-41.5459
BLOCK13/SES131/SA131S13	SES099	-1.19919	-42.7451	-41.5459
BLOCK13/SES131/SA131S13	SES105	-1.48185	-43.0278	-41.5459
BLOCK13/SES131/SA131S14	SES104	-0.848133	-40.6725	-39.8243
BLOCK13/SES131/SA131S14	SES106	-0.490818	-40.3152	-39.8243
BLOCK13/SES131/SA131S14	SES125	-1.12957	-40.9539	-39.8243
BLOCK13/SES131/SA131S14	SES148	-2.10455	-41.9289	-39.8243
BLOCK13/SES131/SA131S20	SES104	-1.12058	-42.0338	-40.9132
BLOCK13/SES131/SA131S20	SES106	-0.807133	-41.7203	-40.9132
BLOCK13/SES131/SA131S20	SES125	-1.29475	-42.2079	-40.9132
BLOCK13/SES131/SA131S20	SES148	-3.21105	-44.1242	-40.9132
BLOCK13/SES131/SA131S22	SES099	-0.795315	-41.0205	-40.2252
BLOCK13/SES131/SA131S22	SES104	-1.32952	-41.5547	-40.2252
BLOCK13/SES131/SA131S22	SES125	-1.25837	-41.4835	-40.2252
BLOCK13/SES131/SA131S22	SES206	-2.16368	-42.3889	-40.2252
BLOCK13/SES131/SA131S29	SES087	-1.33399	-42.1234	-40.7894
BLOCK13/SES131/SA131S29	SES104	-1.70977	-42.4992	-40.7894
BLOCK13/SES131/SA131S29	SES125	-1.84644	-42.6359	-40.7894
BLOCK13/SES131/SA131S29	SES206	-1.67322	-42.4626	-40.7894
BLOCK13/SES132/SA132S11	SES083	-1.62084	-40.6431	-39.0223
BLOCK13/SES132/SA132S11	SES120	-0.602177	-39.6245	-39.0223
BLOCK13/SES132/SA132S11	SES127	-1.25026	-40.2726	-39.0223
BLOCK13/SES132/SA132S11	SES275	-1.35597	-40.3783	-39.0223
BLOCK13/SES132/SA132S12	SES083	-1.46042	-40.4296	-38.9692
BLOCK13/SES132/SA132S12	SES143	-1.65155	-40.6207	-38.9692
BLOCK13/SES132/SA132S12	SES144	-1.5756	-40.5448	-38.9692
BLOCK13/SES132/SA132S12	SES148	-1.74923	-40.7184	-38.9692
BLOCK13/SES132/SA132S22	SES062	-1.14118	-40.0056	-38.8644
BLOCK13/SES132/SA132S22	SES083	-1.22384	-40.0883	-38.8644
BLOCK13/SES132/SA132S22	SES127	-1.05419	-39.9186	-38.8644
BLOCK13/SES132/SA132S22	SES275	-1.21717	-40.0816	-38.8644
BLOCK13/SES132/SA132S24	SES007	-0.87738	-39.6765	-38.7991
BLOCK13/SES132/SA132S24	SES083	-2.27231	-41.0714	-38.7991
BLOCK13/SES132/SA132S24	SES127	-1.99566	-40.7948	-38.7991
BLOCK13/SES132/SA132S24	SES275	-1.47276	-40.2719	-38.7991
BLOCK13/SES132/SA132S27	SES083	-2.17287	-41.4954	-39.3225
BLOCK13/SES132/SA132S27	SES120	-0.417679	-39.7402	-39.3225
BLOCK13/SES132/SA132S27	SES127	-1.68351	-41.006	-39.3225
BLOCK13/SES132/SA132S27	SES275	-1.82229	-41.1448	-39.3225
BLOCK14/SES141/SA141S09	SES143	-1.09875	-40.6016	-39.5029
BLOCK14/SES141/SA141S09	SES144	-1.14673	-40.6496	-39.5029
BLOCK14/SES141/SA141S09	SES162	-1.09418	-40.597	-39.5029
BLOCK14/SES141/SA141S09	SES180	-0.958813	-40.4617	-39.5029
BLOCK14/SES141/SA141S15	SES127	-1.35646	-40.877	-39.5206
BLOCK14/SES141/SA141S15	SES144	-1.01599	-40.5366	-39.5206
BLOCK14/SES141/SA141S15	SES162	-1.07716	-40.5977	-39.5206
BLOCK14/SES141/SA141S15	SES180	-0.691692	-40.2123	-39.5206
BLOCK14/SES141/SA141S24	SES127	-1.26886	-40.3203	-39.0514
BLOCK14/SES141/SA141S24	SES144	-1.44528	-40.4967	-39.0514
BLOCK14/SES141/SA141S24	SES162	-0.862682	-39.9141	-39.0514
BLOCK14/SES141/SA141S24	SES183	-2.15734	-41.2088	-39.0514
BLOCK14/SES141/SA141S26	SES142	-1.33604	-41.29	-39.9539
BLOCK14/SES141/SA141S26	SES144	-1.63151	-41.5854	-39.9539
BLOCK14/SES141/SA141S26	SES172	-1.45921	-41.4131	-39.9539
BLOCK14/SES141/SA141S26	SES180	-0.880657	-40.8346	-39.9539
BLOCK14/SES141/SA141S29	SES127	-0.929096	-40.1312	-39.2021
BLOCK14/SES141/SA141S29	SES142	-0.594818	-39.7969	-39.2021
BLOCK14/SES141/SA141S29	SES144	-1.40654	-40.6086	-39.2021
BLOCK14/SES141/SA141S29	SES180	-0.791656	-39.9937	-39.2021
BLOCK15/SES157/SA157S08	SES083	-2.32738	-41.915	-39.5876
BLOCK15/SES157/SA157S08	SES127	-2.06512	-41.6527	-39.5876
BLOCK15/SES157/SA157S08	SES148	-1.45431	-41.0419	-39.5876
BLOCK15/SES157/SA157S08	SES292	-2.0356	-41.6232	-39.5876
BLOCK15/SES157/SA157S11	SES083	-2.24561	-41.8206	-39.5749
BLOCK15/SES157/SA157S11	SES127	-2.08034	-41.6553	-39.5749
BLOCK15/SES157/SA157S11	SES148	-1.41608	-40.991	-39.5749
BLOCK15/SES157/SA157S11	SES292	-2.26622	-41.8412	-39.5749
BLOCK15/SES157/SA157S21	SES127	-1.82924	-40.9084	-39.0792
BLOCK15/SES157/SA157S21	SES148	-0.975918	-40.0551	-39.0792
BLOCK15/SES157/SA157S21	SES158	-4.21706	-43.2963	-39.0792
BLOCK15/SES157/SA157S21	SES292	-1.70443	-40.7836	-39.0792
BLOCK15/SES157/SA157S24	SES127	-2.06307	-41.199	-39.1359
BLOCK15/SES157/SA157S24	SES148	-1.5479	-40.6838	-39.1359
BLOCK15/SES157/SA157S24	SES183	-1.85072	-40.9867	-39.1359
BLOCK15/SES157/SA157S24	SES292	-2.07004	-41.206	-39.1359
BLOCK15/SES157/SA157S26	SES007	-1.05001	-39.8922	-38.8422
BLOCK15/SES157/SA157S26	SES127	-1.08202	-39.9242	-38.8422
BLOCK15/SES157/SA157S26	SES147	-1.57866	-40.4209	-38.8422
BLOCK15/SES157/SA157S26	SES148	-1.3653	-40.2075	-38.8422
BLOCK16/SES161/SA161S10	SES007	-2.06887	-42.694	-40.6252
BLOCK16/SES161/SA161S10	SES105	-1.42344	-42.0486	-40.6252
BLOCK16/SES161/SA161S10	SES158	-1.90421	-42.5294	-40.6252
BLOCK16/SES161/SA161S10	SES275	-1.77523	-42.4004	-40.6252
BLOCK16/SES161/SA161S12	SES007	-1.58828	-41.8161	-40.2278
BLOCK16/SES161/SA161S12	SES105	-1.91548	-42.1433	-40.2278
BLOCK16/SES161/SA161S12	SES158	-1.28016	-41.5079	-40.2278
BLOCK16/SES161/SA161S12	SES275	-1.40527	-41.633	-40.2278
BLOCK16/SES161/SA161S20	SES007	-2.17223	-43.4987	-41.3264
BLOCK16/SES161/SA161S20	SES105	-2.16355	-43.49	-41.3264
BLOCK16/SES161/SA161S20	SES158	-1.40178	-42.7282	-41.3264
BLOCK16/SES161/SA161S20	SES275	-2.03796	-43.3644	-41.3264
BLOCK16/SES161/SA161S23	SES007	-1.73724	-41.8422	-40.1049
BLOCK16/SES161/SA161S23	SES105	-1.25415	-41.3591	-40.1049
BLOCK16/SES161/SA161S23	SES148	-2.28858	-42.3935	-40.1049
BLOCK16/SES161/SA161S23	SES158	-0.928967	-41.0339	-40.1049
BLOCK16/SES161/SA161S28	SES007	-2.46616	-42.9374	-40.4712
BLOCK16/SES161/SA161S28	SES105	-2.25585	-42.7271	-40.4712
BLOCK16/SES161/SA161S28	SES158	-0.734764	-41.206	-40.4712
BLOCK16/SES161/SA161S28	SES206	-1.04605	-41.5173	-40.4712
BLOCK16/SES164/SA164S11	SES104	-1.68592	-40.9586	-39.2727
BLOCK16/SES164/SA164S11	SES125	-0.563782	-39.8365	-39.2727
BLOCK16/SES164/SA164S11	SES158	0.228889	-39.0438	-39.2727
BLOCK16/SES164/SA164S11	SES206	-1.50047	-40.7732	-39.2727
BLOCK16/SES164/SA164S13	SES099	-0.864204	-41.2871	-40.4229
BLOCK16/SES164/SA164S13	SES104	-1.72725	-42.1502	-40.4229
BLOCK16/SES164/SA164S13	SES125	-1.38936	-41.8123	-40.4229
BLOCK16/SES164/SA164S13	SES206	-2.12698	-42.5499	-40.4229
BLOCK16/SES164/SA164S24	SES002	-0.879353	-40.7197	-39.8403
BLOCK16/SES164/SA164S24	SES099	-0.320244	-40.1606	-39.8403
BLOCK16/SES164/SA164S24	SES125	-1.40779	-41.2481	-39.8403
BLOCK16/SES164/SA164S24	SES226	-1.05063	-40.891	-39.8403
BLOCK16/SES164/SA164S27	SES087	-1.89545	-42.0001	-40.1047
BLOCK16/SES164/SA164S27	SES125	-1.14949	-41.2541	-40.1047
BLOCK16/SES164/SA164S27	SES206	-1.56839	-41.673	-40.1047
BLOCK16/SES164/SA164S27	SES226	-1.21559	-41.3202	-40.1047
BLOCK16/SES164/SA164S29	SES002	0.290554	-39.6083	-39.8988
BLOCK16/SES164/SA164S29	SES019	-1.17862	-41.0775	-39.8988
BLOCK16/SES164/SA164S29	SES125	-0.800385	-40.6992	-39.8988
BLOCK16/SES164/SA164S29	SES226	-1.18531	-41.0842	-39.8988
BLOCK16/SES169/SA169S13	SES117	-1.51527	-40.8969	-39.3816
BLOCK16/SES169/SA169S13	SES144	-1.40476	-40.7863	-39.3816
BLOCK16/SES169/SA169S13	SES146	-1.50974	-40.8913	-39.3816
BLOCK16/SES169/SA169S13	SES162	-1.53146	-40.913	-39.3816
BLOCK16/SES169/SA169S14	SES144	-0.914696	-39.5107	-38.596
BLOCK16/SES169/SA169S14	SES148	-0.951302	-39.5473	-38.596
BLOCK16/SES169/SA169S14	SES177	-1.57828	-40.1742	-38.596
BLOCK16/SES169/SA169S14	SES180	-2.50544	-41.1014	-38.596
BLOCK16/SES169/SA169S24	SES117	-0.748112	-40.9509	-40.2028
BLOCK16/SES169/SA169S24	SES144	-0.984188	-41.1869	-40.2028
BLOCK16/SES169/SA169S24	SES146	-0.995483	-41.1982	-40.2028
BLOCK16/SES169/SA169S24	SES162	-1.59273	-41.7955	-40.2028
BLOCK16/SES169/SA169S27	SES127	-1.56783	-40.7487	-39.1809
BLOCK16/SES169/SA169S27	SES129	-1.62512	-40.806	-39.1809
BLOCK16/SES169/SA169S27	SES144	-1.48701	-40.6679	-39.1809
BLOCK16/SES169/SA169S27	SES146	-0.644985	-39.8258	-39.1809
BLOCK16/SES169/SA169S29	SES144	-0.748669	-39.6031	-38.8544
BLOCK16/SES169/SA169S29	SES162	-0.988033	-39.8424	-38.8544
BLOCK16/SES169/SA169S29	SES177	-2.00621	-40.8606	-38.8544
BLOCK16/SES169/SA169S29	SES180	-1.7066	-40.561	-38.8544
BLOCK17/SES171/SA171S12	SES083	-1.1885	-41.4108	-40.2223
BLOCK17/SES171/SA171S12	SES148	-1.60601	-41.8284	-40.2223
BLOCK17/SES171/SA171S12	SES172	-1.45146	-41.6738	-40.2223
BLOCK17/SES171/SA171S12	SES292	-2.1393	-42.3616	-40.2223
BLOCK17/SES171/SA171S15	SES148	-1.92149	-42.4954	-40.5739
BLOCK17/SES171/SA171S15	SES177	-1.53654	-42.1105	-40.5739
BLOCK17/SES171/SA171S15	SES180	-3.3248	-43.8987	-40.5739
BLOCK17/SES171/SA171S15	SES292	-3.82546	-44.3994	-40.5739
BLOCK17/SES171/SA171S22	SES007	-1.87423	-41.343	-39.4688
BLOCK17/SES171/SA171S22	SES148	-1.08113	-40.5499	-39.4688
BLOCK17/SES171/SA171S22	SES177	-0.640049	-40.1089	-39.4688
BLOCK17/SES171/SA171S22	SES180	-2.27196	-41.7408	-39.4688
BLOCK17/SES171/SA171S25	SES101	-2.00747	-42.4962	-40.4888
BLOCK17/SES171/SA171S25	SES120	-2.63919	-43.128	-40.4888
BLOCK17/SES171/SA171S25	SES177	-1.17579	-41.6646	-40.4888
BLOCK17/SES171/SA171S25	SES180	-2.48767	-42.9764	-40.4888
BLOCK17/SES171/SA171S27	SES177	-1.03331	-41.0346	-40.0013
BLOCK17/SES171/SA171S27	SES180	-2.44558	-42.4469	-40.0013
BLOCK17/SES171/SA171S27	SES189	-0.996746	-40.998	-40.0013
BLOCK17/SES171/SA171S27	SES292	-2.94955	-42.9508	-40.0013
BLOCK17/SES173/SA173S13	SES162	-2.41103	-43.4286	-41.0176
BLOCK17/SES173/SA173S13	SES177	-2.24247	-43.2601	-41.0176
BLOCK17/SES173/SA173S13	SES180	-2.58503	-43.6027	-41.0176
BLOCK17/SES173/SA173S13	SES292	-2.48222	-43.4998	-41.0176
BLOCK17/SES173/SA173S14	SES007	-2.74295	-43.7926	-41.0497
BLOCK17/SES173/SA173S14	SES162	-2.32534	-43.375	-41.0497
BLOCK17/SES173/SA173S14	SES177	-1.25268	-42.3024	-41.0497
BLOCK17/SES173/SA173S14	SES180	-3.04011	-44.0898	-41.0497
BLOCK17/SES173/SA173S24	SES144	-1.25644	-42.696	-41.4396
BLOCK17/SES173/SA173S24	SES162	-2.7408	-44.1804	-41.4396
BLOCK17/SES173/SA173S24	SES177	-1.6984	-43.138	-41.4396
BLOCK17/SES173/SA173S24	SES180	-3.22086	-44.6604	-41.4396
BLOCK17/SES173/SA173S27	SES162	-2.46828	-43.4948	-41.0265
BLOCK17/SES173/SA173S27	SES177	-1.39309	-42.4196	-41.0265
BLOCK17/SES173/SA173S27	SES180	-2.26743	-43.2939	-41.0265
BLOCK17/SES173/SA173S27	SES292	-2.61057	-43.6371	-41.0265
BLOCK17/SES173/SA173S29	SES162	-2.6473	-43.4075	-40.7602
BLOCK17/SES173/SA173S29	SES175	-1.61704	-42.3773	-40.7602
BLOCK17/SES173/SA173S29	SES177	-1.72821	-42.4884	-40.7602
BLOCK17/SES173/SA173S29	SES292	-3.99296	-44.7532	-40.7602
BLOCK18/SES182/SA182S10	SES144	-1.44509	-40.8297	-39.3846
BLOCK18/SES182/SA182S10	SES177	-1.59795	-40.9825	-39.3846
BLOCK18/SES182/SA182S10	SES180	-2.98323	-42.3678	-39.3846
BLOCK18/SES182/SA182S10	SES275	-1.55362	-40.9382	-39.3846
BLOCK18/SES182/SA182S12	SES144	-0.677574	-39.9637	-39.2862
BLOCK18/SES182/SA182S12	SES177	-0.812729	-40.0989	-39.2862
BLOCK18/SES182/SA182S12	SES180	-1.19614	-40.4823	-39.2862
BLOCK18/SES182/SA182S12	SES275	-0.948772	-40.2349	-39.2862
BLOCK18/SES182/SA182S21	SES117	-1.48121	-41.9126	-40.4314
BLOCK18/SES182/SA182S21	SES144	-1.46564	-41.897	-40.4314
BLOCK18/SES182/SA182S21	SES162	-1.03119	-41.4625	-40.4314
BLOCK18/SES182/SA182S21	SES180	-2.11967	-42.551	-40.4314
BLOCK18/SES182/SA182S23	SES117	-1.45843	-41.2339	-39.7755
BLOCK18/SES182/SA182S23	SES144	-1.81652	-41.592	-39.7755
BLOCK18/SES182/SA182S23	SES180	-1.85181	-41.6273	-39.7755
BLOCK18/SES182/SA182S23	SES275	-0.946285	-40.7218	-39.7755
BLOCK18/SES182/SA182S25	SES007	-0.855553	-40.7882	-39.9326
BLOCK18/SES182/SA182S25	SES162	-0.825356	-40.758	-39.9326
BLOCK18/SES182/SA182S25	SES177	-1.02108	-40.9537	-39.9326
BLOCK18/SES182/SA182S25	SES180	-1.79025	-41.7229	-39.9326
BLOCK18/SES184/SA184S12	SES177	-1.73114	-41.3842	-39.653
BLOCK18/SES184/SA184S12	SES180	-1.84332	-41.4964	-39.653
BLOCK18/SES184/SA184S12	SES189	-2.20081	-41.8539	-39.653
BLOCK18/SES184/SA184S12	SES292	-2.35471	-42.0078	-39.653
BLOCK18/SES184/SA184S13	SES101	-1.93514	-41.3044	-39.3693
BLOCK18/SES184/SA184S13	SES177	-1.223	-40.5922	-39.3693
BLOCK18/SES184/SA184S13	SES180	-1.11371	-40.483	-39.3693
BLOCK18/SES184/SA184S13	SES292	-1.92962	-41.2989	-39.3693
BLOCK18/SES184/SA184S22	SES177	-1.1335	-39.5757	-38.4422
BLOCK18/SES184/SA184S22	SES180	-1.32856	-39.7708	-38.4422
BLOCK18/SES184/SA184S22	SES189	-2.43172	-40.8739	-38.4422
BLOCK18/SES184/SA184S22	SES292	-1.77671	-40.2189	-38.4422
BLOCK18/SES184/SA184S25	SES101	-1.30729	-39.5525	-38.2452
BLOCK18/SES184/SA184S25	SES177	-1.25983	-39.505	-38.2452
BLOCK18/SES184/SA184S25	SES180	-1.29733	-39.5425	-38.2452
BLOCK18/SES184/SA184S25	SES292	-1.47617	-39.7214	-38.2452
BLOCK18/SES184/SA184S27	SES083	-1.59425	-40.4957	-38.9015
BLOCK18/SES184/SA184S27	SES177	-0.962944	-39.8644	-38.9015
BLOCK18/SES184/SA184S27	SES202	-nan	-nan	-38.9015
BLOCK18/SES184/SA184S27	SES292	-1.81523	-40.7167	-38.9015
BLOCK20/SES204/SA204S12	SES062	-1.54375	-40.1354	-38.5917
BLOCK20/SES204/SA204S12	SES083	-1.81549	-40.4072	-38.5917
BLOCK20/SES204/SA204S12	SES206	-0.718388	-39.3101	-38.5917
BLOCK20/SES204/SA204S12	SES226	-2.05701	-40.6487	-38.5917
BLOCK20/SES204/SA204S14	SES068	-2.55698	-40.4693	-37.9123
BLOCK20/SES204/SA204S14	SES087	-0.576782	-38.4891	-37.9123
BLOCK20/SES204/SA204S14	SES206	-1.20425	-39.1166	-37.9123
BLOCK20/SES204/SA204S14	SES226	-1.68315	-39.5955	-37.9123
BLOCK20/SES204/SA204S22	SES068	-2.78783	-41.5643	-38.7765
BLOCK20/SES204/SA204S22	SES082	-2.93309	-41.7096	-38.7765
BLOCK20/SES204/SA204S22	SES083	-2.59473	-41.3712	-38.7765
BLOCK20/SES204/SA204S22	SES206	-1.33699	-40.1135	-38.7765
BLOCK20/SES204/SA204S25	SES062	-2.09616	-41.2036	-39.1075
BLOCK20/SES204/SA204S25	SES083	-2.13667	-41.2441	-39.1075
BLOCK20/SES204/SA204S25	SES206	-0.863628	-39.9711	-39.1075
BLOCK20/SES204/SA204S25	SES226	-1.73877	-40.8462	-39.1075
BLOCK20/SES204/SA204S27	SES068	-3.19551	-42.3218	-39.1263
BLOCK20/SES204/SA204S27	SES082	-1.96653	-41.0929	-39.1263
BLOCK20/SES204/SA204S27	SES087	-1.02117	-40.1475	-39.1263
BLOCK20/SES204/SA204S27	SES206	-1.06697	-40.1933	-39.1263
BLOCK20/SES207/SA207S10	SES127	-1.52401	-41.2169	-39.6929
BLOCK20/SES207/SA207S10	SES183	-1.93675	-41.6297	-39.6929
BLOCK20/SES207/SA207S10	SES189	-1.53177	-41.2247	-39.6929
BLOCK20/SES207/SA207S10	SES292	-1.82624	-41.5192	-39.6929
BLOCK20/SES207/SA207S11	SES127	-2.94597	-42.4501	-39.5041
BLOCK20/SES207/SA207S11	SES183	-2.09997	-41.6041	-39.5041
BLOCK20/SES207/SA207S11	SES187	-1.2965	-40.8006	-39.5041
BLOCK20/SES207/SA207S11	SES292	-2.09227	-41.5964	-39.5041
BLOCK20/SES207/SA207S25	SES068	-1.26653	-40.9993	-39.7328
BLOCK20/SES207/SA207S25	SES083	-2.67045	-42.4032	-39.7328
BLOCK20/SES207/SA207S25	SES127	-1.67891	-41.4117	-39.7328
BLOCK20/SES207/SA207S25	SES187	-0.845753	-40.5785	-39.7328
BLOCK20/SES207/SA207S27	SES127	-2.09225	-42.1919	-40.0997
BLOCK20/SES207/SA207S27	SES183	-1.20664	-41.3063	-40.0997
BLOCK20/SES207/SA207S27	SES187	-1.19859	-41.2983	-40.0997
BLOCK20/SES207/SA207S27	SES292	-2.01801	-42.1177	-40.0997
BLOCK20/SES207/SA207S29	SES083	-2.02933	-41.7273	-39.698
BLOCK20/SES207/SA207S29	SES085	-0.982925	-40.6809	-39.698
BLOCK20/SES207/SA207S29	SES172	-1.87009	-41.5681	-39.698
BLOCK20/SES207/SA207S29	SES189	-1.83697	-41.535	-39.698
BLOCK22/SES221/SA221S12	SES068	-1.35798	-40.8791	-39.5211
BLOCK22/SES221/SA221S12	SES143	-2.26534	-41.7865	-39.5211
BLOCK22/SES221/SA221S12	SES175	-0.455574	-39.9767	-39.5211
BLOCK22/SES221/SA221S12	SES202	-nan	-nan	-39.5211
BLOCK22/SES221/SA221S15	SES085	-2.35604	-42.9523	-40.5963
BLOCK22/SES221/SA221S15	SES143	-3.17805	-43.7744	-40.5963
BLOCK22/SES221/SA221S15	SES175	-1.1466	-41.7429	-40.5963
BLOCK22/SES221/SA221S15	SES187	-0.92469	-41.521	-40.5963
BLOCK22/SES221/SA221S23	SES068	-2.44555	-42.1493	-39.7037
BLOCK22/SES221/SA221S23	SES143	-2.53173	-42.2355	-39.7037
BLOCK22/SES221/SA221S23	SES175	-0.877083	-40.5808	-39.7037
BLOCK22/SES221/SA221S23	SES189	-0.417633	-40.1214	-39.7037
BLOCK22/SES221/SA221S27	SES085	-1.30893	-41.1312	-39.8222
BLOCK22/SES221/SA221S27	SES143	-1.96689	-41.7891	-39.8222
BLOCK22/SES221/SA221S27	SES175	-1.0494	-40.8717	-39.8222
BLOCK22/SES221/SA221S27	SES189	0.511768	-39.3105	-39.8222
BLOCK22/SES221/SA221S29	SES085	-2.88001	-43.5931	-40.713
BLOCK22/SES221/SA221S29	SES143	-2.62663	-43.3397	-40.713
BLOCK22/SES221/SA221S29	SES175	-1.37201	-42.0851	-40.713
BLOCK22/SES221/SA221S29	SES187	-0.255672	-40.9687	-40.713
BLOCK22/SES223/SA223S11	SES143	-1.38328	-41.7698	-40.3865
BLOCK22/SES223/SA223S11	SES144	-2.39383	-42.7803	-40.3865
BLOCK22/SES223/SA223S11	SES175	-0.946823	-41.3333	-40.3865
BLOCK22/SES223/SA223S11	SES187	-1.73189	-42.1184	-40.3865
BLOCK22/SES223/SA223S13	SES068	-1.37969	-42.6187	-41.239
BLOCK22/SES223/SA223S13	SES143	-2.66523	-43.9043	-41.239
BLOCK22/SES223/SA223S13	SES146	-2.52645	-43.7655	-41.239
BLOCK22/SES223/SA223S13	SES202	-nan	-nan	-41.239
BLOCK22/SES223/SA223S22	SES143	-1.35656	-41.8387	-40.4821
BLOCK22/SES223/SA223S22	SES144	-2.39669	-42.8788	-40.4821
BLOCK22/SES223/SA223S22	SES175	-1.02036	-41.5025	-40.4821
BLOCK22/SES223/SA223S22	SES187	-1.45491	-41.937	-40.4821
BLOCK22/SES223/SA223S25	SES068	-1.07507	-41.512	-40.4369
BLOCK22/SES223/SA223S25	SES143	-1.88659	-42.3235	-40.4369
BLOCK22/SES223/SA223S25	SES175	-0.876514	-41.3134	-40.4369
BLOCK22/SES223/SA223S25	SES187	-1.3806	-41.8175	-40.4369
BLOCK22/SES223/SA223S27	SES143	-1.87069	-42.2365	-40.3658
BLOCK22/SES223/SA223S27	SES146	-1.4569	-41.8227	-40.3658
BLOCK22/SES223/SA223S27	SES187	-1.63782	-42.0036	-40.3658
BLOCK22/SES223/SA223S27	SES292	-2.593	-42.9588	-40.3658
BLOCK27/SES273/SA273S12	SES099	-0.263985	-38.3306	-38.0666
BLOCK27/SES273/SA273S12	SES104	-0.67202	-38.7386	-38.0666
BLOCK27/SES273/SA273S12	SES125	-0.780449	-38.8471	-38.0666
BLOCK27/SES273/SA273S12	SES206	-0.469223	-38.5359	-38.0666
BLOCK27/SES273/SA273S13	SES099	-0.376244	-38.3384	-37.9622
BLOCK27/SES273/SA273S13	SES104	-0.86002	-38.8222	-37.9622
BLOCK27/SES273/SA273S13	SES206	-0.697906	-38.6601	-37.9622
BLOCK27/SES273/SA273S13	SES292	-2.0848	-40.047	-37.9622
BLOCK27/SES273/SA273S21	SES099	-0.1367	-38.3816	-38.2449
BLOCK27/SES273/SA273S21	SES148	-2.29108	-40.536	-38.2449
BLOCK27/SES273/SA273S21	SES149	-1.43057	-39.6755	-38.2449
BLOCK27/SES273/SA273S21	SES177	-3.65668	-41.9016	-38.2449
BLOCK27/SES273/SA273S25	SES104	-0.876324	-39.2453	-38.3689
BLOCK27/SES273/SA273S25	SES125	-0.972618	-39.3416	-38.3689
BLOCK27/SES273/SA273S25	SES158	-0.394451	-38.7634	-38.3689
BLOCK27/SES273/SA273S25	SES206	-0.329334	-38.6983	-38.3689
BLOCK27/SES273/SA273S27	SES099	-0.305244	-38.3025	-37.9973
BLOCK27/SES273/SA273S27	SES104	-1.10128	-39.0986	-37.9973
BLOCK27/SES273/SA273S27	SES149	-0.752518	-38.7498	-37.9973
BLOCK27/SES273/SA273S27	SES275	-1.23618	-39.2334	-37.9973
BLOCK27/SES274/SA274S10	SES105	-0.779247	-38.904	-38.1248
BLOCK27/SES274/SA274S10	SES125	-1.14714	-39.2719	-38.1248
BLOCK27/SES274/SA274S10	SES129	-0.525127	-38.6499	-38.1248
BLOCK27/SES274/SA274S10	SES158	-1.41803	-39.5428	-38.1248
BLOCK27/SES274/SA274S11	SES105	-1.00939	-39.1873	-38.178
BLOCK27/SES274/SA274S11	SES149	-1.37033	-39.5483	-38.178
BLOCK27/SES274/SA274S11	SES158	-0.972931	-39.1509	-38.178
BLOCK27/SES274/SA274S11	SES275	-0.400551	-38.5785	-38.178
BLOCK27/SES274/SA274S21	SES105	-0.982933	-39.6327	-38.6498
BLOCK27/SES274/SA274S21	SES129	-0.615398	-39.2652	-38.6498
BLOCK27/SES274/SA274S21	SES149	-1.16257	-39.8124	-38.6498
BLOCK27/SES274/SA274S21	SES158	-2.22063	-40.8704	-38.6498
BLOCK27/SES274/SA274S24	SES105	-0.824219	-39.4155	-38.5912
BLOCK27/SES274/SA274S24	SES129	-1.26674	-39.858	-38.5912
BLOCK27/SES274/SA274S24	SES149	-1.17406	-39.7653	-38.5912
BLOCK27/SES274/SA274S24	SES158	-1.81215	-40.4034	-38.5912
BLOCK27/SES274/SA274S29	SES105	-1.1888	-39.6177	-38.4289
BLOCK27/SES274/SA274S29	SES106	-1.90759	-40.3365	-38.4289
BLOCK27/SES274/SA274S29	SES120	-1.84586	-40.2748	-38.4289
BLOCK27/SES274/SA274S29	SES275	-0.51379	-38.9427	-38.4289
BLOCK27/SES276/SA276S16	SES148	-1.94354	-41.4157	-39.4722
BLOCK27/SES276/SA276S16	SES172	-2.33331	-41.8055	-39.4722
BLOCK27/SES276/SA276S16	SES180	-3.13535	-42.6075	-39.4722
BLOCK27/SES276/SA276S16	SES292	-1.44794	-40.9201	-39.4722
BLOCK27/SES276/SA276S17	SES101	-1.3673	-40.6445	-39.2772
BLOCK27/SES276/SA276S17	SES177	-1.718	-40.9952	-39.2772
BLOCK27/SES276/SA276S17	SES180	-2.17327	-41.4504	-39.2772
BLOCK27/SES276/SA276S17	SES292	-1.95099	-41.2282	-39.2772
BLOCK27/SES276/SA276S24	SES101	-1.20179	-39.5706	-38.3688
BLOCK27/SES276/SA276S24	SES177	-1.59774	-39.9665	-38.3688
BLOCK27/SES276/SA276S24	SES180	-1.94053	-40.3093	-38.3688
BLOCK27/SES276/SA276S24	SES292	-1.90882	-40.2776	-38.3688
BLOCK27/SES276/SA276S26	SES101	-1.90402	-40.5828	-38.6788
BLOCK27/SES276/SA276S26	SES177	-1.2962	-39.975	-38.6788
BLOCK27/SES276/SA276S26	SES180	-1.42779	-40.1066	-38.6788
BLOCK27/SES276/SA276S26	SES292	-1.41581	-40.0946	-38.6788
BLOCK27/SES276/SA276S28	SES101	-1.85047	-40.8091	-38.9586
BLOCK27/SES276/SA276S28	SES177	-1.97158	-40.9302	-38.9586
BLOCK27/SES276/SA276S28	SES180	-1.37744	-40.336	-38.9586
BLOCK27/SES276/SA276S28	SES292	-1.99519	-40.9538	-38.9586
BLOCK27/SES277/SA277S12	SES101	-0.965927	-40.8375	-39.8716
BLOCK27/SES277/SA277S12	SES177	-1.574	-41.4456	-39.8716
BLOCK27/SES277/SA277S12	SES180	-2.43299	-42.3046	-39.8716
BLOCK27/SES277/SA277S12	SES292	-2.41475	-42.2864	-39.8716
BLOCK27/SES277/SA277S14	SES177	-1.07485	-41.6693	-40.5945
BLOCK27/SES277/SA277S14	SES180	-1.8658	-42.4603	-40.5945
BLOCK27/SES277/SA277S14	SES189	-0.735107	-41.3296	-40.5945
BLOCK27/SES277/SA277S14	SES292	-2.69013	-43.2846	-40.5945
BLOCK27/SES277/SA277S21	SES177	-0.792549	-39.9596	-39.167
BLOCK27/SES277/SA277S21	SES180	-2.2152	-41.3822	-39.167
BLOCK27/SES277/SA277S21	SES189	-0.998886	-40.1659	-39.167
BLOCK27/SES277/SA277S21	SES292	-1.9805	-41.1475	-39.167
BLOCK27/SES277/SA277S24	SES144	-1.33646	-41.7405	-40.404
BLOCK27/SES277/SA277S24	SES177	-1.06796	-41.472	-40.404
BLOCK27/SES277/SA277S24	SES180	-2.31571	-42.7197	-40.404
BLOCK27/SES277/SA277S24	SES189	-0.849403	-41.2534	-40.404
BLOCK27/SES277/SA277S29	SES177	-1.10859	-39.5949	-38.4864
BLOCK27/SES277/SA277S29	SES180	-1.29501	-39.7814	-38.4864
BLOCK27/SES277/SA277S29	SES202	-nan	-nan	-38.4864
BLOCK27/SES277/SA277S29	SES292	-2.12061	-40.607	-38.4864
BLOCK27/SES279/SA279S09	SES120	-1.42576	-40.2185	-38.7928
BLOCK27/SES279/SA279S09	SES146	-1.3325	-40.1253	-38.7928
BLOCK27/SES279/SA279S09	SES206	-1.38811	-40.1809	-38.7928
BLOCK27/SES279/SA279S09	SES226	-1.74781	-40.5406	-38.7928
BLOCK27/SES279/SA279S10	SES099	-0.483196	-39.2007	-38.7175
BLOCK27/SES279/SA279S10	SES206	-0.600075	-39.3176	-38.7175
BLOCK27/SES279/SA279S10	SES226	-1.39925	-40.1168	-38.7175
BLOCK27/SES279/SA279S10	SES292	-1.11198	-39.8295	-38.7175
BLOCK27/SES279/SA279S20	SES099	-0.751781	-39.8988	-39.147
BLOCK27/SES279/SA279S20	SES206	-0.665516	-39.8125	-39.147
BLOCK27/SES279/SA279S20	SES226	-1.7313	-40.8783	-39.147
BLOCK27/SES279/SA279S20	SES292	-0.956268	-40.1033	-39.147
BLOCK27/SES279/SA279S26	SES099	-0.834946	-39.7856	-38.9506
BLOCK27/SES279/SA279S26	SES206	-0.694576	-39.6452	-38.9506
BLOCK27/SES279/SA279S26	SES226	-1.24295	-40.1936	-38.9506
BLOCK27/SES279/SA279S26	SES292	-1.25678	-40.2074	-38.9506
BLOCK27/SES279/SA279S28	SES099	-0.810173	-38.3916	-37.5814
BLOCK27/SES279/SA279S28	SES120	-1.39745	-38.9789	-37.5814
BLOCK27/SES279/SA279S28	SES177	-2.43761	-40.019	-37.5814
BLOCK27/SES279/SA279S28	SES206	-1.05276	-38.6342	-37.5814
BLOCK29/SES290/SA290S12	SES162	-1.32369	-40.0777	-38.754
BLOCK29/SES290/SA290S12	SES177	-1.35486	-40.1088	-38.754
BLOCK29/SES290/SA290S12	SES180	-2.14281	-40.8968	-38.754
BLOCK29/SES290/SA290S12	SES292	-2.57339	-41.3274	-38.754
BLOCK29/SES290/SA290S13	SES007	-3.28881	-42.8967	-39.6079
BLOCK29/SES290/SA290S13	SES162	-2.17492	-41.7828	-39.6079
BLOCK29/SES290/SA290S13	SES177	-0.818245	-40.4261	-39.6079
BLOCK29/SES290/SA290S13	SES180	-1.5013	-41.1092	-39.6079
BLOCK29/SES290/SA290S22	SES177	-0.86377	-39.9248	-39.061
BLOCK29/SES290/SA290S22	SES180	-1.23763	-40.2986	-39.061
BLOCK29/SES290/SA290S22	SES202	-nan	-nan	-39.061
BLOCK29/SES290/SA290S22	SES292	-1.98692	-41.0479	-39.061
BLOCK29/SES290/SA290S25	SES162	-1.29333	-40.1185	-38.8252
BLOCK29/SES290/SA290S25	SES177	-0.825607	-39.6508	-38.8252
BLOCK29/SES290/SA290S25	SES180	-1.31388	-40.1391	-38.8252
BLOCK29/SES290/SA290S25	SES292	-2.20318	-41.0284	-38.8252
BLOCK29/SES290/SA290S29	SES177	-0.195328	-38.8705	-38.6752
BLOCK29/SES290/SA290S29	SES180	-0.98896	-39.6642	-38.6752
BLOCK29/SES290/SA290S29	SES275	-2.16936	-40.8446	-38.6752
BLOCK29/SES290/SA290S29	SES292	-1.29551	-39.9707	-38.6752
BLOCK29/SES291/SA291S11	SES105	-2.34567	-41.7722	-39.4265
BLOCK29/SES291/SA291S11	SES125	-1.20573	-40.6322	-39.4265
BLOCK29/SES291/SA291S11	SES158	-1.15664	-40.5831	-39.4265
BLOCK29/SES291/SA291S11	SES275	-2.21268	-41.6392	-39.4265
BLOCK29/SES291/SA291S12	SES158	0.407555	-38.6545	-39.0621
BLOCK29/SES291/SA291S12	SES226	-0.995304	-40.0574	-39.0621
BLOCK29/SES291/SA291S12	SES270	-0.0463066	-39.1084	-39.0621
BLOCK29/SES291/SA291S12	SES275	-3.75385	-42.8159	-39.0621
BLOCK29/SES291/SA291S22	SES082	-1.01145	-39.9372	-38.9257
BLOCK29/SES291/SA291S22	SES158	-0.780327	-39.7061	-38.9257
BLOCK29/SES291/SA291S22	SES259	-1.27144	-40.1972	-38.9257
BLOCK29/SES291/SA291S22	SES275	-2.49338	-41.4191	-38.9257
BLOCK29/SES291/SA291S24	SES104	-0.558651	-38.5049	-37.9463
BLOCK29/SES291/SA291S24	SES125	-0.387646	-38.3339	-37.9463
BLOCK29/SES291/SA291S24	SES158	-0.740532	-38.6868	-37.9463
BLOCK29/SES291/SA291S24	SES275	-2.57195	-40.5182	-37.9463
BLOCK29/SES291/SA291S27	SES158	-0.389954	-38.5693	-38.1793
BLOCK29/SES291/SA291S27	SES172	-3.61918	-41.7985	-38.1793
BLOCK29/SES291/SA291S27	SES275	-2.43746	-40.6168	-38.1793
BLOCK29/SES291/SA291S27	SES292	-1.90506	-40.0844	-38.1793
