BLOCK00/SES002/SA002S12	SES002	1.04511	-70.7085	-71.7536
BLOCK00/SES002/SA002S13	SES002	1.46328	-73.3968	-74.8601
BLOCK00/SES002/SA002S23	SES002	0.911346	-71.6451	-72.5564
BLOCK00/SES002/SA002S26	SES002	1.84208	-71.0817	-72.9237
BLOCK00/SES002/SA002S28	SES002	1.37085	-71.0267	-72.3976
BLOCK00/SES007/SA007S14	SES007	2.12584	-70.6607	-72.7865
BLOCK00/SES007/SA007S15	SES007	0.366508	-74.7146	-75.0811
BLOCK00/SES007/SA007S24	SES007	0.53833	-72.5255	-73.0639
BLOCK00/SES007/SA007S27	SES007	-0.488853	-78.4458	-77.9569
BLOCK00/SES007/SA007S29	SES007	-0.546562	-75.9089	-75.3624
BLOCK00/SES008/SA008S11	SES008	1.4229	-77.8661	-79.289
BLOCK00/SES008/SA008S12	SES008	0.352318	-78.4182	-78.7705
BLOCK00/SES008/SA008S19	SES008	0.381836	-79.6739	-80.0557
BLOCK00/SES008/SA008S22	SES008	0.462799	-77.649	-78.1118
BLOCK00/SES008/SA008S29	SES008	1.59936	-77.3048	-78.9042
BLOCK01/SES014/SA014S10	SES014	2.00556	-75.883	-77.8886
BLOCK01/SES014/SA014S12	SES014	2.66228	-72.4532	-75.1155
BLOCK01/SES014/SA014S24	SES014	1.98554	-71.8835	-73.869
BLOCK01/SES014/SA014S26	SES014	2.55334	-70.8768	-73.4301
BLOCK01/SES014/SA014S28	SES014	1.90811	-76.1361	-78.0442
BLOCK01/SES016/SA016S12	SES016	-0.952087	-82.6501	-81.698
BLOCK01/SES016/SA016S13	SES016	0.397057	-75.861	-76.258
BLOCK01/SES016/SA016S22	SES016	0.131493	-75.5782	-75.7097
BLOCK01/SES016/SA016S25	SES016	-0.512856	-72.9857	-72.4728
BLOCK01/SES016/SA016S27	SES016	1.49892	-72.5955	-74.0944
BLOCK01/SES019/SA019S13	SES019	1.56113	-72.2612	-73.8223
BLOCK01/SES019/SA019S14	SES019	1.7611	-76.705	-78.4661
BLOCK01/SES019/SA019S22	SES019	1.39467	-72.1531	-73.5477
BLOCK01/SES019/SA019S25	SES019	1.64135	-74.1625	-75.8038
BLOCK01/SES019/SA019S29	SES019	1.94297	-75.0345	-76.9775
BLOCK02/SES029/SA029S11	SES029	-0.268188	-76.4767	-76.2085
BLOCK02/SES029/SA029S12	SES029	0.267815	-72.5859	-72.8538
BLOCK02/SES029/SA029S20	SES029	-0.652138	-78.436	-77.7838
BLOCK02/SES029/SA029S25	SES029	0.346588	-75.1059	-75.4525
BLOCK02/SES029/SA029S28	SES029	-0.674065	-77.385	-76.7109
BLOCK04/SES042/SA042S12	SES042	1.96151	-72.912	-74.8735
BLOCK04/SES042/SA042S15	SES042	2.3746	-68.9807	-71.3553
BLOCK04/SES042/SA042S22	SES042	4.04997	-66.4817	-70.5316
BLOCK04/SES042/SA042S25	SES042	2.21118	-72.5738	-74.785
BLOCK04/SES042/SA042S27	SES042	2.95213	-67.9927	-70.9448
BLOCK04/SES048/SA048S11	SES048	0.972717	-71.1603	-72.1331
BLOCK04/SES048/SA048S12	SES048	0.201828	-72.6992	-72.901
BLOCK04/SES048/SA048S20	SES048	1.006	-72.3613	-73.3673
BLOCK04/SES048/SA048S23	SES048	0.557884	-76.5134	-77.0713
BLOCK04/SES048/SA048S27	SES048	0.540993	-72.4232	-72.9641
BLOCK06/SES060/SA060S11	SES060	0.647369	-71.3418	-71.9892
BLOCK06/SES060/SA060S12	SES060	-0.660469	-75.0714	-74.4109
BLOCK06/SES060/SA060S22	SES060	-0.584381	-76.8699	-76.2855
BLOCK06/SES060/SA060S24	SES060	-0.0429993	-73.619	-73.576
BLOCK06/SES060/SA060S28	SES060	0.0919037	-72.6233	-72.7152
BLOCK06/SES062/SA062S10	SES062	0.318336	-72.6244	-72.9427
BLOCK06/SES062/SA062S11	SES062	0.639107	-76.6503	-77.2894
BLOCK06/SES062/SA062S21	SES062	1.01118	-69.7133	-70.7245
BLOCK06/SES062/SA062S26	SES062	0.721558	-74.9807	-75.7022
BLOCK06/SES062/SA062S29	SES062	0.507088	-72.8827	-73.3898
BLOCK06/SES068/SA068S14	SES068	0.102348	-76.4881	-76.5904
BLOCK06/SES068/SA068S15	SES068	0.186493	-75.3772	-75.5637
BLOCK06/SES068/SA068S23	SES068	-0.0133514	-76.8109	-76.7976
BLOCK06/SES068/SA068S27	SES068	0.660217	-73.9406	-74.6008
BLOCK06/SES068/SA068S29	SES068	-0.249634	-76.8912	-76.6416
BLOCK08/SES082/SA082S12	SES082	0.31868	-74.784	-75.1026
BLOCK08/SES082/SA082S14	SES082	0.946114	-77.3688	-78.3149
BLOCK08/SES082/SA082S21	SES082	0.575996	-75.7553	-76.3313
BLOCK08/SES082/SA082S24	SES082	0.182785	-74.31	-74.4928
BLOCK08/SES082/SA082S28	SES082	0.386345	-74.7945	-75.1808
BLOCK08/SES083/SA083S14	SES083	-0.302147	-77.2591	-76.957
BLOCK08/SES083/SA083S15	SES083	-0.294548	-72.8303	-72.5357
BLOCK08/SES083/SA083S24	SES083	-0.626442	-74.707	-74.0806
BLOCK08/SES083/SA083S26	SES083	-0.079277	-72.7897	-72.7104
BLOCK08/SES083/SA083S29	SES083	-0.158363	-74.3291	-74.1708
BLOCK08/SES085/SA085S10	SES085	-0.716782	-76.3888	-75.672
BLOCK08/SES085/SA085S13	SES085	-0.686668	-77.4946	-76.8079
BLOCK08/SES085/SA085S22	SES085	-0.581512	-78.5153	-77.9338
BLOCK08/SES085/SA085S26	SES085	-1.04164	-75.5537	-74.512
BLOCK08/SES085/SA085S28	SES085	-0.60022	-75.4477	-74.8475
BLOCK08/SES087/SA087S15	SES087	0.9151	-77.2881	-78.2032
BLOCK08/SES087/SA087S16	SES087	1.60847	-79.7733	-81.3818
BLOCK08/SES087/SA087S24	SES087	0.261391	-71.5577	-71.819
BLOCK08/SES087/SA087S26	SES087	0.829857	-72.925	-73.7549
BLOCK08/SES087/SA087S29	SES087	1.20456	-77.9229	-79.1274
BLOCK09/SES099/SA099S15	SES099	0.844933	-72.528	-73.3729
BLOCK09/SES099/SA099S16	SES099	0.693604	-76.2468	-76.9404
BLOCK09/SES099/SA099S24	SES099	0.880455	-75.873	-76.7535
BLOCK09/SES099/SA099S26	SES099	1.29092	-72.0994	-73.3903
BLOCK09/SES099/SA099S29	SES099	1.33499	-74.0738	-75.4088
BLOCK10/SES101/SA101S11	SES101	-0.425468	-72.6753	-72.2499
BLOCK10/SES101/SA101S13	SES101	0.866455	-71.2953	-72.1618
BLOCK10/SES101/SA101S22	SES101	-0.595314	-77.9906	-77.3953
BLOCK10/SES101/SA101S24	SES101	0.859001	-71.956	-72.815
BLOCK10/SES101/SA101S28	SES101	-0.669258	-75.0792	-74.41
BLOCK10/SES104/SA104S11	SES104	1.64817	-70.4621	-72.1103
BLOCK10/SES104/SA104S12	SES104	0.509331	-76.6071	-77.1165
BLOCK10/SES104/SA104S21	SES104	-1.63518	-80.2295	-78.5943
BLOCK10/SES104/SA104S24	SES104	1.07276	-71.5263	-72.5991
BLOCK10/SES104/SA104S28	SES104	0.68853	-75.5644	-76.2529
BLOCK10/SES105/SA105S12	SES105	1.13842	-71.1293	-72.2677
BLOCK10/SES105/SA105S13	SES105	0.926659	-71.9855	-72.9122
BLOCK10/SES105/SA105S22	SES105	0.117035	-74.9902	-75.1072
BLOCK10/SES105/SA105S26	SES105	1.09859	-74.4389	-75.5375
BLOCK10/SES105/SA105S29	SES105	0.824928	-71.7633	-72.5882
BLOCK10/SES106/SA106S09	SES106	1.37209	-72.2843	-73.6564
BLOCK10/SES106/SA106S11	SES106	0.943634	-71.6476	-72.5913
BLOCK10/SES106/SA106S22	SES106	1.60155	-71.409	-73.0105
BLOCK10/SES106/SA106S27	SES106	0.917419	-70.7718	-71.6892
BLOCK10/SES106/SA106S29	SES106	1.12533	-69.9681	-71.0934
BLOCK11/SES117/SA117S12	SES117	-0.0464935	-76.0553	-76.0088
BLOCK11/SES117/SA117S13	SES117	-1.2013	-79.9316	-78.7303
BLOCK11/SES117/SA117S23	SES117	1.53378	-78.4121	-79.9459
BLOCK11/SES117/SA117S25	SES117	-0.0467224	-75.4849	-75.4382
BLOCK11/SES117/SA117S28	SES117	0.623436	-77.419	-78.0424
BLOCK12/SES120/SA120S08	SES120	-0.438377	-73.2087	-72.7703
BLOCK12/SES120/SA120S11	SES120	-0.141571	-74.5454	-74.4038
BLOCK12/SES120/SA120S22	SES120	-0.150932	-74.7122	-74.5612
BLOCK12/SES120/SA120S24	SES120	1.39105	-73.8378	-75.2288
BLOCK12/SES120/SA120S28	SES120	-0.161804	-78.6353	-78.4735
BLOCK12/SES125/SA125S13	SES125	1.56855	-70.3616	-71.9302
BLOCK12/SES125/SA125S14	SES125	1.28204	-70.1777	-71.4597
BLOCK12/SES125/SA125S25	SES125	2.98634	-73.6303	-76.6166
BLOCK12/SES125/SA125S27	SES125	2.64297	-70.0584	-72.7014
BLOCK12/SES125/SA125S29	SES125	1.74664	-74.082	-75.8287
BLOCK12/SES127/SA127S11	SES127	-0.535385	-79.1875	-78.6522
BLOCK12/SES127/SA127S12	SES127	-0.918823	-74.7147	-73.7959
BLOCK12/SES127/SA127S23	SES127	0.0981827	-74.0061	-74.1043
BLOCK12/SES127/SA127S25	SES127	-2.2809	-77.069	-74.7881
BLOCK12/SES127/SA127S27	SES127	0.211517	-74.0083	-74.2199
BLOCK12/SES129/SA129S11	SES129	0.474808	-72.5354	-73.0102
BLOCK12/SES129/SA129S12	SES129	1.25721	-71.5296	-72.7868
BLOCK12/SES129/SA129S22	SES129	1.20731	-74.8333	-76.0406
BLOCK12/SES129/SA129S27	SES129	1.76003	-74.7425	-76.5025
BLOCK12/SES129/SA129S29	SES129	1.24024	-70.9104	-72.1506
BLOCK14/SES142/SA142S11	SES142	2.71103	-75.0326	-77.7436
BLOCK14/SES142/SA142S12	SES142	1.30917	-76.8999	-78.2091
BLOCK14/SES142/SA142S24	SES142	4.04967	-73.5796	-77.6293
BLOCK14/SES142/SA142S27	SES142	1.82651	-75.9418	-77.7683
BLOCK14/SES142/SA142S29	SES142	2.83304	-72.2816	-75.1146
BLOCK14/SES143/SA143S12	SES143	0.404251	-75.4563	-75.8605
BLOCK14/SES143/SA143S13	SES143	0.293381	-76.7483	-77.0417
BLOCK14/SES143/SA143S23	SES143	0.707283	-76.178	-76.8853
BLOCK14/SES143/SA143S25	SES143	0.977417	-75.0164	-75.9938
BLOCK14/SES143/SA143S28	SES143	0.5924	-73.3297	-73.9221
BLOCK14/SES144/SA144S09	SES144	-0.850685	-76.7545	-75.9038
BLOCK14/SES144/SA144S11	SES144	-0.498909	-77.0889	-76.59
BLOCK14/SES144/SA144S21	SES144	-0.147377	-77.6594	-77.512
BLOCK14/SES144/SA144S25	SES144	-0.289726	-76.7035	-76.4138
BLOCK14/SES144/SA144S29	SES144	-0.410332	-77.7022	-77.2918
BLOCK14/SES146/SA146S14	SES146	0.832954	-75.3368	-76.1698
BLOCK14/SES146/SA146S15	SES146	0.109009	-78.5395	-78.6485
BLOCK14/SES146/SA146S24	SES146	0.930222	-71.1295	-72.0597
BLOCK14/SES146/SA146S26	SES146	0.183998	-71.7517	-71.9357
BLOCK14/SES146/SA146S29	SES146	0.518761	-72.9332	-73.4519
BLOCK14/SES147/SA147S11	SES147	0.04422	-73.3714	-73.4156
BLOCK14/SES147/SA147S13	SES147	-0.231796	-75.331	-75.0992
BLOCK14/SES147/SA147S23	SES147	0.772789	-75.4522	-76.225
BLOCK14/SES147/SA147S26	SES147	0.454521	-74.6223	-75.0768
BLOCK14/SES147/SA147S28	SES147	1.1062	-75.4735	-76.5797
BLOCK14/SES148/SA148S10	SES148	2.41862	-76.6617	-79.0804
BLOCK14/SES148/SA148S12	SES148	-0.0695724	-78.0043	-77.9347
BLOCK14/SES148/SA148S22	SES148	1.18046	-77.3047	-78.4852
BLOCK14/SES148/SA148S26	SES148	-2.54114	-76.4773	-73.9362
BLOCK14/SES148/SA148S29	SES148	-0.961685	-77.2682	-76.3065
BLOCK14/SES149/SA149S13	SES149	-0.955437	-71.0773	-70.1219
BLOCK14/SES149/SA149S14	SES149	-0.399078	-77.5586	-77.1595
BLOCK14/SES149/SA149S24	SES149	0.777054	-76.5128	-77.2899
BLOCK14/SES149/SA149S26	SES149	0.887039	-71.8034	-72.6905
BLOCK14/SES149/SA149S28	SES149	0.603607	-75.1143	-75.7179
BLOCK15/SES158/SA158S13	SES158	2.33727	-67.5329	-69.8702
BLOCK15/SES158/SA158S14	SES158	1.08231	-72.836	-73.9184
BLOCK15/SES158/SA158S23	SES158	1.49167	-68.7435	-70.2352
BLOCK15/SES158/SA158S26	SES158	2.45644	-69.4019	-71.8583
BLOCK15/SES158/SA158S28	SES158	1.021	-72.6572	-73.6782
BLOCK16/SES162/SA162S10	SES162	0.508781	-74.2305	-74.7393
BLOCK16/SES162/SA162S11	SES162	-0.262451	-73.5269	-73.2644
BLOCK16/SES162/SA162S21	SES162	1.05063	-74.1986	-75.2492
BLOCK16/SES162/SA162S24	SES162	0.273781	-75.6061	-75.8799
BLOCK16/SES162/SA162S27	SES162	1.0304	-73.9833	-75.0137
BLOCK16/SES167/SA167S14	SES167	2.74306	-76.8685	-79.6115
BLOCK16/SES167/SA167S15	SES167	1.60675	-77.994	-79.6008
BLOCK16/SES167/SA167S21	SES167	1.71799	-79.4347	-81.1527
BLOCK16/SES167/SA167S25	SES167	2.94754	-78.9557	-81.9032
BLOCK16/SES167/SA167S29	SES167	1.70193	-78.7294	-80.4314
BLOCK17/SES172/SA172S12	SES172	1.93277	-73.7261	-75.6589
BLOCK17/SES172/SA172S13	SES172	0.593628	-77.2614	-77.855
BLOCK17/SES172/SA172S23	SES172	0.42672	-74.6795	-75.1062
BLOCK17/SES172/SA172S27	SES172	-0.0842667	-78.6265	-78.5423
BLOCK17/SES172/SA172S29	SES172	0.516754	-79.2747	-79.7915
BLOCK17/SES175/SA175S11	SES175	0.933769	-75.5234	-76.4572
BLOCK17/SES175/SA175S13	SES175	0.667229	-72.7796	-73.4468
BLOCK17/SES175/SA175S23	SES175	0.875122	-77.1903	-78.0654
BLOCK17/SES175/SA175S25	SES175	0.48674	-76.9778	-77.4645
BLOCK17/SES175/SA175S28	SES175	1.24927	-75.6648	-76.9141
BLOCK17/SES177/SA177S15	SES177	0.496941	-74.4436	-74.9405
BLOCK17/SES177/SA177S17	SES177	0.294678	-75.6744	-75.9691
BLOCK17/SES177/SA177S23	SES177	-0.201828	-76.7071	-76.5053
BLOCK17/SES177/SA177S26	SES177	0.434639	-70.5824	-71.017
BLOCK17/SES177/SA177S28	SES177	0.311592	-72.8603	-73.1719
BLOCK18/SES180/SA180S13	SES180	1.10533	-74.7362	-75.8415
BLOCK18/SES180/SA180S15	SES180	0.53521	-77.1232	-77.6584
BLOCK18/SES180/SA180S24	SES180	0.485847	-71.2391	-71.7249
BLOCK18/SES180/SA180S26	SES180	0.62101	-72.7208	-73.3418
BLOCK18/SES180/SA180S29	SES180	-0.182236	-76.8872	-76.705
BLOCK18/SES183/SA183S13	SES183	0.546959	-75.9454	-76.4923
BLOCK18/SES183/SA183S14	SES183	-0.68428	-72.2602	-71.5759
BLOCK18/SES183/SA183S24	SES183	0.0948563	-75.656	-75.7508
BLOCK18/SES183/SA183S27	SES183	0.885094	-78.0767	-78.9618
BLOCK18/SES183/SA183S29	SES183	1.0788	-74.7019	-75.7807
BLOCK18/SES187/SA187S13	SES187	0.848228	-78.4348	-79.2831
BLOCK18/SES187/SA187S14	SES187	-0.0740204	-75.7	-75.626
BLOCK18/SES187/SA187S24	SES187	0.744644	-80.8143	-81.5589
BLOCK18/SES187/SA187S27	SES187	-0.700096	-81.9659	-81.2658
BLOCK18/SES187/SA187S29	SES187	1.37614	-75.5833	-76.9594
BLOCK18/SES189/SA189S10	SES189	2.70455	-74.2828	-76.9873
BLOCK18/SES189/SA189S13	SES189	2.94334	-75.9126	-78.8559
BLOCK18/SES189/SA189S24	SES189	3.22491	-73.0806	-76.3055
BLOCK18/SES189/SA189S26	SES189	1.9151	-74.9956	-76.9107
BLOCK18/SES189/SA189S29	SES189	3.00695	-74.3282	-77.3352
BLOCK20/SES202/SA202S12	SES202	1.06361	-78.1198	-79.1834
BLOCK20/SES202/SA202S14	SES202	2.02397	-75.5919	-77.6159
BLOCK20/SES202/SA202S24	SES202	1.17062	-78.718	-79.8887
BLOCK20/SES202/SA202S27	SES202	1.80051	-76.6462	-78.4467
BLOCK20/SES202/SA202S29	SES202	2.81489	-74.6805	-77.4953
BLOCK20/SES206/SA206S15	SES206	0.526352	-71.3438	-71.8701
BLOCK20/SES206/SA206S17	SES206	0.992241	-72	-72.9922
BLOCK20/SES206/SA206S24	SES206	2.93111	-68.9542	-71.8853
BLOCK20/SES206/SA206S27	SES206	1.49103	-72.405	-73.896
BLOCK20/SES206/SA206S29	SES206	2.32368	-67.3737	-69.6973
BLOCK22/SES226/SA226S12	SES226	1.4409	-72.4042	-73.8451
BLOCK22/SES226/SA226S13	SES226	-0.0865707	-70.8552	-70.7687
BLOCK22/SES226/SA226S20	SES226	0.362213	-73.9743	-74.3366
BLOCK22/SES226/SA226S23	SES226	1.12681	-73.2596	-74.3864
BLOCK22/SES226/SA226S28	SES226	1.7682	-74.7653	-76.5335
BLOCK25/SES259/SA259S13	SES259	2.54276	-67.1913	-69.7341
BLOCK25/SES259/SA259S14	SES259	2.10821	-69.5461	-71.6543
BLOCK25/SES259/SA259S22	SES259	1.38422	-68.403	-69.7872
BLOCK25/SES259/SA259S24	SES259	2.45365	-67.317	-69.7706
BLOCK25/SES259/SA259S28	SES259	1.76986	-69.3236	-71.0934
BLOCK27/SES270/SA270S14	SES270	0.748573	-74.0535	-74.802
BLOCK27/SES270/SA270S16	SES270	0.189781	-73.0048	-73.1946
BLOCK27/SES270/SA270S22	SES270	-0.442245	-74.0004	-73.5582
BLOCK27/SES270/SA270S26	SES270	0.320892	-75.4232	-75.744
BLOCK27/SES270/SA270S28	SES270	1.24733	-75.3634	-76.6108
BLOCK27/SES275/SA275S17	SES275	0.0379333	-75.6552	-75.6932
BLOCK27/SES275/SA275S18	SES275	-0.632179	-74.2807	-73.6486
BLOCK27/SES275/SA275S24	SES275	0.295151	-75.8216	-76.1168
BLOCK27/SES275/SA275S26	SES275	0.301895	-74.2674	-74.5693
BLOCK27/SES275/SA275S28	SES275	0.301659	-73.3218	-73.6235
BLOCK29/SES292/SA292S10	SES292	0.464226	-74.216	-74.6803
BLOCK29/SES292/SA292S12	SES292	-0.283485	-79.7178	-79.4343
BLOCK29/SES292/SA292S22	SES292	-0.0822144	-74.2557	-74.1734
BLOCK29/SES292/SA292S24	SES292	-0.475006	-78.5031	-78.028
BLOCK29/SES292/SA292S27	SES292	-0.0941544	-75.3582	-75.264
BLOCK00/SES001/SA001S14	SES062	-1.80726	-76.0928	-74.2855
BLOCK00/SES001/SA001S14	SES082	-1.31454	-75.6001	-74.2855
BLOCK00/SES001/SA001S14	SES106	-1.30663	-75.5921	-74.2855
BLOCK00/SES001/SA001S14	SES206	-1.71774	-76.0033	-74.2855
BLOCK00/SES001/SA001S15	SES062	0.329964	-73.0013	-73.3312
BLOCK00/SES001/SA001S15	SES104	-0.631531	-73.9628	-73.3312
BLOCK00/SES001/SA001S15	SES106	-0.914536	-74.2458	-73.3312
BLOCK00/SES001/SA001S15	SES206	-1.25671	-74.5879	-73.3312
BLOCK00/SES001/SA001S24	SES062	-0.333679	-69.8513	-69.5177
BLOCK00/SES001/SA001S24	SES082	-2.18961	-71.7073	-69.5177
BLOCK00/SES001/SA001S24	SES087	-1.4276	-70.9453	-69.5177
BLOCK00/SES001/SA001S24	SES206	-0.857094	-70.3748	-69.5177
BLOCK00/SES001/SA001S27	SES062	-1.23141	-74.8873	-73.6559
BLOCK00/SES001/SA001S27	SES082	-1.75552	-75.4114	-73.6559
BLOCK00/SES001/SA001S27	SES087	-2.06061	-75.7165	-73.6559
BLOCK00/SES001/SA001S27	SES206	-1.39151	-75.0474	-73.6559
BLOCK00/SES001/SA001S29	SES062	-0.907173	-75.5264	-74.6192
BLOCK00/SES001/SA001S29	SES082	-0.921829	-75.5411	-74.6192
BLOCK00/SES001/SA001S29	SES158	-0.491478	-75.1107	-74.6192
BLOCK00/SES001/SA001S29	SES206	-1.67854	-76.2978	-74.6192
BLOCK00/SES003/SA003S11	SES002	0.815895	-76.7053	-77.5211
BLOCK00/SES003/SA003S11	SES019	-0.543869	-78.065	-77.5211
BLOCK00/SES003/SA003S11	SES082	0.349922	-77.1712	-77.5211
BLOCK00/SES003/SA003S11	SES125	0.502029	-77.0191	-77.5211
BLOCK00/SES003/SA003S15	SES016	-2.32497	-74.7345	-72.4095
BLOCK00/SES003/SA003S15	SES019	0.01017	-72.3994	-72.4095
BLOCK00/SES003/SA003S15	SES062	-0.485031	-72.8946	-72.4095
BLOCK00/SES003/SA003S15	SES206	0.510338	-71.8992	-72.4095
BLOCK00/SES003/SA003S22	SES002	0.349533	-71.982	-72.3315
BLOCK00/SES003/SA003S22	SES062	-0.342224	-72.6738	-72.3315
BLOCK00/SES003/SA003S22	SES082	-0.628067	-72.9596	-72.3315
BLOCK00/SES003/SA003S22	SES087	-0.959183	-73.2907	-72.3315
BLOCK00/SES003/SA003S25	SES062	-1.01868	-82.4053	-81.3866
BLOCK00/SES003/SA003S25	SES082	-1.439	-82.8256	-81.3866
BLOCK00/SES003/SA003S25	SES087	0.486641	-80.9	-81.3866
BLOCK00/SES003/SA003S25	SES206	-1.93667	-83.3233	-81.3866
BLOCK00/SES003/SA003S29	SES002	-0.168434	-78.7911	-78.6227
BLOCK00/SES003/SA003S29	SES062	-1.10196	-79.7247	-78.6227
BLOCK00/SES003/SA003S29	SES082	-0.671303	-79.294	-78.6227
BLOCK00/SES003/SA003S29	SES087	-0.767509	-79.3902	-78.6227
BLOCK00/SES004/SA004S12	SES083	-1.78414	-78.693	-76.9089
BLOCK00/SES004/SA004S12	SES148	-3.10488	-80.0138	-76.9089
BLOCK00/SES004/SA004S12	SES172	-0.397575	-77.3065	-76.9089
BLOCK00/SES004/SA004S12	SES292	-2.39741	-79.3063	-76.9089
BLOCK00/SES004/SA004S17	SES083	-1.52046	-78.152	-76.6316
BLOCK00/SES004/SA004S17	SES162	-0.627174	-77.2587	-76.6316
BLOCK00/SES004/SA004S17	SES172	-0.798401	-77.43	-76.6316
BLOCK00/SES004/SA004S17	SES292	-1.11089	-77.7424	-76.6316
BLOCK00/SES004/SA004S24	SES083	-0.731743	-75.7092	-74.9774
BLOCK00/SES004/SA004S24	SES148	-2.98129	-77.9587	-74.9774
BLOCK00/SES004/SA004S24	SES172	-1.10674	-76.0842	-74.9774
BLOCK00/SES004/SA004S24	SES292	-1.54167	-76.5191	-74.9774
BLOCK00/SES004/SA004S26	SES083	-0.640099	-75.5021	-74.862
BLOCK00/SES004/SA004S26	SES127	-1.38229	-76.2443	-74.862
BLOCK00/SES004/SA004S26	SES148	-3.02611	-77.8881	-74.862
BLOCK00/SES004/SA004S26	SES292	-0.912079	-75.7741	-74.862
BLOCK00/SES004/SA004S28	SES083	-1.51663	-79.3263	-77.8097
BLOCK00/SES004/SA004S28	SES127	-1.53169	-79.3414	-77.8097
BLOCK00/SES004/SA004S28	SES187	-1.06827	-78.878	-77.8097
BLOCK00/SES004/SA004S28	SES292	-1.47868	-79.2884	-77.8097
BLOCK00/SES006/SA006S10	SES014	-1.92034	-76.7307	-74.8104
BLOCK00/SES006/SA006S10	SES158	-0.590843	-75.4012	-74.8104
BLOCK00/SES006/SA006S10	SES226	-1.28487	-76.0953	-74.8104
BLOCK00/SES006/SA006S10	SES270	0.204025	-74.6064	-74.8104
BLOCK00/SES006/SA006S11	SES158	-1.02638	-77.897	-76.8706
BLOCK00/SES006/SA006S11	SES226	-1.05569	-77.9263	-76.8706
BLOCK00/SES006/SA006S11	SES270	0.00597382	-76.8647	-76.8706
BLOCK00/SES006/SA006S11	SES275	-2.3636	-79.2342	-76.8706
BLOCK00/SES006/SA006S23	SES062	-1.5294	-81.1168	-79.5874
BLOCK00/SES006/SA006S23	SES105	-2.34168	-81.9291	-79.5874
BLOCK00/SES006/SA006S23	SES158	-1.83772	-81.4251	-79.5874
BLOCK00/SES006/SA006S23	SES275	-1.79865	-81.3861	-79.5874
BLOCK00/SES006/SA006S26	SES104	0.116867	-77.9457	-78.0626
BLOCK00/SES006/SA006S26	SES158	-1.62346	-79.686	-78.0626
BLOCK00/SES006/SA006S26	SES270	-0.0275803	-78.0902	-78.0626
BLOCK00/SES006/SA006S26	SES275	-2.46371	-80.5263	-78.0626
BLOCK00/SES006/SA006S28	SES007	-1.55248	-76.4702	-74.9177
BLOCK00/SES006/SA006S28	SES105	-1.10886	-76.0266	-74.9177
BLOCK00/SES006/SA006S28	SES158	0.112907	-74.8048	-74.9177
BLOCK00/SES006/SA006S28	SES275	-1.97316	-76.8909	-74.9177
BLOCK00/SES009/SA009S12	SES083	-1.10459	-76.1442	-75.0397
BLOCK00/SES009/SA009S12	SES148	-2.22417	-77.2638	-75.0397
BLOCK00/SES009/SA009S12	SES177	-1.60892	-76.6486	-75.0397
BLOCK00/SES009/SA009S12	SES292	-1.46315	-76.5028	-75.0397
BLOCK00/SES009/SA009S15	SES007	0.562431	-73.2404	-73.8028
BLOCK00/SES009/SA009S15	SES099	-1.49857	-75.3014	-73.8028
BLOCK00/SES009/SA009S15	SES148	-1.65033	-75.4531	-73.8028
BLOCK00/SES009/SA009S15	SES172	-0.306923	-74.1097	-73.8028
BLOCK00/SES009/SA009S24	SES146	-0.671432	-76.3544	-75.683
BLOCK00/SES009/SA009S24	SES148	-2.02991	-77.7129	-75.683
BLOCK00/SES009/SA009S24	SES177	-0.956673	-76.6396	-75.683
BLOCK00/SES009/SA009S24	SES292	-1.23285	-76.9158	-75.683
BLOCK00/SES009/SA009S26	SES083	-1.35332	-76.3005	-74.9471
BLOCK00/SES009/SA009S26	SES101	-1.73743	-76.6846	-74.9471
BLOCK00/SES009/SA009S26	SES120	-1.07464	-76.0218	-74.9471
BLOCK00/SES009/SA009S26	SES177	-1.90646	-76.8536	-74.9471
BLOCK00/SES009/SA009S29	SES083	-1.60615	-77.32	-75.7138
BLOCK00/SES009/SA009S29	SES101	-1.86156	-77.5754	-75.7138
BLOCK00/SES009/SA009S29	SES177	-2.16802	-77.8819	-75.7138
BLOCK00/SES009/SA009S29	SES292	-1.35103	-77.0649	-75.7138
BLOCK01/SES011/SA011S10	SES019	0.418793	-73.763	-74.1818
BLOCK01/SES011/SA011S10	SES042	1.74697	-72.4348	-74.1818
BLOCK01/SES011/SA011S10	SES082	0.185936	-73.9959	-74.1818
BLOCK01/SES011/SA011S10	SES206	0.767654	-73.4142	-74.1818
BLOCK01/SES011/SA011S11	SES019	0.0827713	-74.3726	-74.4554
BLOCK01/SES011/SA011S11	SES042	0.684639	-73.7708	-74.4554
BLOCK01/SES011/SA011S11	SES082	0.256851	-74.1985	-74.4554
BLOCK01/SES011/SA011S11	SES206	0.589096	-73.8663	-74.4554
BLOCK01/SES011/SA011S22	SES019	0.642281	-75.2522	-75.8945
BLOCK01/SES011/SA011S22	SES042	1.2541	-74.6404	-75.8945
BLOCK01/SES011/SA011S22	SES082	1.1489	-74.7456	-75.8945
BLOCK01/SES011/SA011S22	SES206	0.99099	-74.9035	-75.8945
BLOCK01/SES011/SA011S24	SES019	1.23426	-73.3229	-74.5572
BLOCK01/SES011/SA011S24	SES042	1.81438	-72.7428	-74.5572
BLOCK01/SES011/SA011S24	SES104	1.0041	-73.5531	-74.5572
BLOCK01/SES011/SA011S24	SES206	0.944405	-73.6128	-74.5572
BLOCK01/SES011/SA011S27	SES082	0.284607	-76.1668	-76.4514
BLOCK01/SES011/SA011S27	SES087	-0.45208	-76.9035	-76.4514
BLOCK01/SES011/SA011S27	SES125	1.70857	-74.7429	-76.4514
BLOCK01/SES011/SA011S27	SES206	0.843018	-75.6084	-76.4514
BLOCK01/SES012/SA012S11	SES007	0.173645	-70.4649	-70.6386
BLOCK01/SES012/SA012S11	SES082	-0.134636	-70.7732	-70.6386
BLOCK01/SES012/SA012S11	SES083	-0.464714	-71.1033	-70.6386
BLOCK01/SES012/SA012S11	SES206	1.63349	-69.0051	-70.6386
BLOCK01/SES012/SA012S14	SES082	-0.123947	-71.6234	-71.4995
BLOCK01/SES012/SA012S14	SES087	-1.20956	-72.709	-71.4995
BLOCK01/SES012/SA012S14	SES206	0.09198	-71.4075	-71.4995
BLOCK01/SES012/SA012S14	SES292	-2.81178	-74.3113	-71.4995
BLOCK01/SES012/SA012S24	SES082	0.275414	-74.2296	-74.505
BLOCK01/SES012/SA012S24	SES087	-0.775955	-75.281	-74.505
BLOCK01/SES012/SA012S24	SES120	-2.20319	-76.7082	-74.505
BLOCK01/SES012/SA012S24	SES206	-0.214653	-74.7197	-74.505
BLOCK01/SES012/SA012S26	SES019	-0.619537	-73.6467	-73.0271
BLOCK01/SES012/SA012S26	SES082	-0.498199	-73.5253	-73.0271
BLOCK01/SES012/SA012S26	SES206	0.394821	-72.6323	-73.0271
BLOCK01/SES012/SA012S26	SES292	-2.04428	-75.0714	-73.0271
BLOCK01/SES012/SA012S29	SES062	-0.305489	-72.1056	-71.8001
BLOCK01/SES012/SA012S29	SES082	0.175003	-71.6251	-71.8001
BLOCK01/SES012/SA012S29	SES083	0.194916	-71.6052	-71.8001
BLOCK01/SES012/SA012S29	SES206	1.42113	-70.379	-71.8001
BLOCK01/SES013/SA013S16	SES062	-1.50719	-79.8089	-78.3017
BLOCK01/SES013/SA013S16	SES106	-0.29171	-78.5935	-78.3017
BLOCK01/SES013/SA013S16	SES206	-0.526192	-78.8279	-78.3017
BLOCK01/SES013/SA013S16	SES226	0.376762	-77.925	-78.3017
BLOCK01/SES013/SA013S17	SES062	-1.04664	-79.3482	-78.3016
BLOCK01/SES013/SA013S17	SES106	-1.14711	-79.4487	-78.3016
BLOCK01/SES013/SA013S17	SES206	-0.35363	-78.6552	-78.3016
BLOCK01/SES013/SA013S17	SES226	1.49648	-76.8051	-78.3016
BLOCK01/SES013/SA013S23	SES104	0.12352	-79.7616	-79.8851
BLOCK01/SES013/SA013S23	SES106	-0.400566	-80.2857	-79.8851
BLOCK01/SES013/SA013S23	SES206	-0.407333	-80.2924	-79.8851
BLOCK01/SES013/SA013S23	SES270	0.726166	-79.1589	-79.8851
BLOCK01/SES013/SA013S25	SES042	-0.431335	-76.7001	-76.2688
BLOCK01/SES013/SA013S25	SES104	0.45816	-75.8106	-76.2688
BLOCK01/SES013/SA013S25	SES106	-0.219269	-76.4881	-76.2688
BLOCK01/SES013/SA013S25	SES206	0.0797577	-76.189	-76.2688
BLOCK01/SES013/SA013S29	SES062	-1.54486	-79.3112	-77.7663
BLOCK01/SES013/SA013S29	SES104	0.388481	-77.3779	-77.7663
BLOCK01/SES013/SA013S29	SES106	-0.324913	-78.0912	-77.7663
BLOCK01/SES013/SA013S29	SES206	-0.566376	-78.3327	-77.7663
BLOCK02/SES021/SA021S13	SES016	-1.47361	-75.3954	-73.9218
BLOCK02/SES021/SA021S13	SES029	-1.37734	-75.2991	-73.9218
BLOCK02/SES021/SA021S13	SES087	0.0540771	-73.8677	-73.9218
BLOCK02/SES021/SA021S13	SES206	0.694153	-73.2276	-73.9218
BLOCK02/SES021/SA021S15	SES087	0.709557	-73.8586	-74.5681
BLOCK02/SES021/SA021S15	SES125	1.44292	-73.1252	-74.5681
BLOCK02/SES021/SA021S15	SES206	0.421173	-74.147	-74.5681
BLOCK02/SES021/SA021S15	SES226	0.524017	-74.0441	-74.5681
BLOCK02/SES021/SA021S23	SES062	-1.85687	-81.0068	-79.1499
BLOCK02/SES021/SA021S23	SES087	0.0289001	-79.121	-79.1499
BLOCK02/SES021/SA021S23	SES206	-0.512413	-79.6624	-79.1499
BLOCK02/SES021/SA021S23	SES226	-0.453644	-79.6036	-79.1499
BLOCK02/SES021/SA021S27	SES002	-0.675636	-78.0198	-77.3441
BLOCK02/SES021/SA021S27	SES016	-4.12523	-81.4693	-77.3441
BLOCK02/SES021/SA021S27	SES019	-1.0593	-78.4034	-77.3441
BLOCK02/SES021/SA021S27	SES062	-1.98946	-79.3336	-77.3441
BLOCK02/SES021/SA021S29	SES087	1.01756	-78.7449	-79.7624
BLOCK02/SES021/SA021S29	SES125	-0.839867	-80.6023	-79.7624
BLOCK02/SES021/SA021S29	SES206	0.441063	-79.3214	-79.7624
BLOCK02/SES021/SA021S29	SES226	0.649422	-79.113	-79.7624
BLOCK04/SES043/SA043S09	SES083	-0.743202	-73.8764	-73.1332
BLOCK04/SES043/SA043S09	SES101	-2.44125	-75.5744	-73.1332
BLOCK04/SES043/SA043S09	SES144	-0.616348	-73.7495	-73.1332
BLOCK04/SES043/SA043S09	SES172	-1.60669	-74.7399	-73.1332
BLOCK04/SES043/SA043S11	SES083	-0.744179	-72.7526	-72.0085
BLOCK04/SES043/SA043S11	SES101	-1.56473	-73.5732	-72.0085
BLOCK04/SES043/SA043S11	SES144	-1.39217	-73.4006	-72.0085
BLOCK04/SES043/SA043S11	SES172	-1.62623	-73.6347	-72.0085
BLOCK04/SES043/SA043S23	SES083	-0.508324	-75.4958	-74.9874
BLOCK04/SES043/SA043S23	SES144	-0.539665	-75.5271	-74.9874
BLOCK04/SES043/SA043S23	SES177	-0.653648	-75.6411	-74.9874
BLOCK04/SES043/SA043S23	SES275	-1.13846	-76.1259	-74.9874
BLOCK04/SES043/SA043S26	SES083	0.00263214	-73.2805	-73.2831
BLOCK04/SES043/SA043S26	SES101	-2.22929	-75.5124	-73.2831
BLOCK04/SES043/SA043S26	SES144	-0.0186615	-73.3018	-73.2831
BLOCK04/SES043/SA043S26	SES177	-0.855629	-74.1387	-73.2831
BLOCK04/SES043/SA043S28	SES016	-1.52054	-75.0155	-73.4949
BLOCK04/SES043/SA043S28	SES083	-0.187935	-73.6829	-73.4949
BLOCK04/SES043/SA043S28	SES101	-1.30479	-74.7997	-73.4949
BLOCK04/SES043/SA043S28	SES144	-1.42019	-74.9151	-73.4949
BLOCK04/SES044/SA044S10	SES127	-1.33372	-79.0841	-77.7504
BLOCK04/SES044/SA044S10	SES144	-0.558014	-78.3084	-77.7504
BLOCK04/SES044/SA044S10	SES147	-2.09893	-79.8493	-77.7504
BLOCK04/SES044/SA044S10	SES148	-1.80049	-79.5509	-77.7504
BLOCK04/SES044/SA044S11	SES101	-2.24899	-77.0103	-74.7613
BLOCK04/SES044/SA044S11	SES144	0.124672	-74.6366	-74.7613
BLOCK04/SES044/SA044S11	SES147	-1.14262	-75.9039	-74.7613
BLOCK04/SES044/SA044S11	SES177	-0.943558	-75.7048	-74.7613
BLOCK04/SES044/SA044S24	SES007	-1.34745	-75.1761	-73.8287
BLOCK04/SES044/SA044S24	SES101	-1.30847	-75.1371	-73.8287
BLOCK04/SES044/SA044S24	SES147	-1.92448	-75.7531	-73.8287
BLOCK04/SES044/SA044S24	SES177	-1.10973	-74.9384	-73.8287
BLOCK04/SES044/SA044S26	SES007	-1.70572	-76.3807	-74.675
BLOCK04/SES044/SA044S26	SES016	-1.095	-75.77	-74.675
BLOCK04/SES044/SA044S26	SES101	-2.1748	-76.8498	-74.675
BLOCK04/SES044/SA044S26	SES147	-1.40694	-76.0819	-74.675
BLOCK04/SES044/SA044S29	SES007	-1.45585	-75.1416	-73.6858
BLOCK04/SES044/SA044S29	SES101	-1.01318	-74.699	-73.6858
BLOCK04/SES044/SA044S29	SES147	-0.947372	-74.6332	-73.6858
BLOCK04/SES044/SA044S29	SES177	-0.700874	-74.3867	-73.6858
BLOCK04/SES046/SA046S13	SES101	-1.80464	-82.1215	-80.3169
BLOCK04/SES046/SA046S13	SES144	-0.271332	-80.5882	-80.3169
BLOCK04/SES046/SA046S13	SES147	-0.797371	-81.1142	-80.3169
BLOCK04/SES046/SA046S13	SES177	-1.24397	-81.5608	-80.3169
BLOCK04/SES046/SA046S15	SES048	-1.3763	-75.0564	-73.6801
BLOCK04/SES046/SA046S15	SES083	-0.938026	-74.6181	-73.6801
BLOCK04/SES046/SA046S15	SES120	-1.44962	-75.1297	-73.6801
BLOCK04/SES046/SA046S15	SES148	-2.02004	-75.7001	-73.6801
BLOCK04/SES046/SA046S22	SES101	-1.715	-77.8662	-76.1512
BLOCK04/SES046/SA046S22	SES144	-0.62281	-76.774	-76.1512
BLOCK04/SES046/SA046S22	SES147	-0.475288	-76.6264	-76.1512
BLOCK04/SES046/SA046S22	SES172	-0.742233	-76.8934	-76.1512
BLOCK04/SES046/SA046S25	SES083	-1.09487	-73.9175	-72.8226
BLOCK04/SES046/SA046S25	SES127	-1.96459	-74.7872	-72.8226
BLOCK04/SES046/SA046S25	SES144	-1.62029	-74.4429	-72.8226
BLOCK04/SES046/SA046S25	SES148	-3.51647	-76.3391	-72.8226
BLOCK04/SES046/SA046S28	SES007	-1.80072	-78.0539	-76.2532
BLOCK04/SES046/SA046S28	SES105	-2.58762	-78.8408	-76.2532
BLOCK04/SES046/SA046S28	SES147	-1.26116	-77.5144	-76.2532
BLOCK04/SES046/SA046S28	SES148	-3.44748	-79.7007	-76.2532
BLOCK04/SES049/SA049S16	SES104	-3.25819	-84.742	-81.4838
BLOCK04/SES049/SA049S16	SES106	-8.94494	-90.4288	-81.4838
BLOCK04/SES049/SA049S16	SES120	-3.36782	-84.8517	-81.4838
BLOCK04/SES049/SA049S16	SES206	-2.12134	-83.6052	-81.4838
BLOCK04/SES049/SA049S18	SES099	1.12866	-76.9771	-78.1058
BLOCK04/SES049/SA049S18	SES104	-0.654327	-78.7601	-78.1058
BLOCK04/SES049/SA049S18	SES125	-0.204498	-78.3103	-78.1058
BLOCK04/SES049/SA049S18	SES206	-0.403313	-78.5091	-78.1058
BLOCK04/SES049/SA049S25	SES087	-1.52525	-80.7915	-79.2662
BLOCK04/SES049/SA049S25	SES104	-0.791901	-80.0581	-79.2662
BLOCK04/SES049/SA049S25	SES125	-2.68423	-81.9504	-79.2662
BLOCK04/SES049/SA049S25	SES206	-1.80296	-81.0692	-79.2662
BLOCK04/SES049/SA049S27	SES099	0.505219	-79.1157	-79.6209
BLOCK04/SES049/SA049S27	SES104	0.111481	-79.5094	-79.6209
BLOCK04/SES049/SA049S27	SES125	-0.00700378	-79.6279	-79.6209
BLOCK04/SES049/SA049S27	SES206	-0.812561	-80.4335	-79.6209
BLOCK04/SES049/SA049S29	SES099	1.41767	-76.7539	-78.1715
BLOCK04/SES049/SA049S29	SES104	0.14283	-78.0287	-78.1715
BLOCK04/SES049/SA049S29	SES125	-0.470291	-78.6418	-78.1715
BLOCK04/SES049/SA049S29	SES206	0.388519	-77.783	-78.1715
BLOCK06/SES063/SA063S09	SES068	-0.93602	-76.5468	-75.6108
BLOCK06/SES063/SA063S09	SES083	-0.950111	-76.5609	-75.6108
BLOCK06/SES063/SA063S09	SES177	-0.782455	-76.3933	-75.6108
BLOCK06/SES063/SA063S09	SES187	-1.2073	-76.8181	-75.6108
BLOCK06/SES063/SA063S10	SES068	-1.17743	-77.1636	-75.9862
BLOCK06/SES063/SA063S10	SES083	-1.78907	-77.7752	-75.9862
BLOCK06/SES063/SA063S10	SES172	0.26223	-75.7239	-75.9862
BLOCK06/SES063/SA063S10	SES187	-1.18492	-77.1711	-75.9862
BLOCK06/SES063/SA063S20	SES068	-1.92662	-77.5212	-75.5946
BLOCK06/SES063/SA063S20	SES083	-1.86145	-77.4561	-75.5946
BLOCK06/SES063/SA063S20	SES172	-0.671646	-76.2663	-75.5946
BLOCK06/SES063/SA063S20	SES187	0.602539	-74.9921	-75.5946
BLOCK06/SES063/SA063S24	SES029	-0.842636	-74.7818	-73.9392
BLOCK06/SES063/SA063S24	SES083	-0.0315781	-73.9707	-73.9392
BLOCK06/SES063/SA063S24	SES177	-0.797173	-74.7363	-73.9392
BLOCK06/SES063/SA063S24	SES189	-1.9959	-75.9351	-73.9392
BLOCK06/SES063/SA063S27	SES083	-0.0824432	-74.1952	-74.1128
BLOCK06/SES063/SA063S27	SES172	-0.0962372	-74.209	-74.1128
BLOCK06/SES063/SA063S27	SES187	-0.723022	-74.8358	-74.1128
BLOCK06/SES063/SA063S27	SES292	-0.604874	-74.7177	-74.1128
BLOCK06/SES067/SA067S12	SES083	-2.86678	-77.806	-74.9392
BLOCK06/SES067/SA067S12	SES172	-1.93066	-76.8699	-74.9392
BLOCK06/SES067/SA067S12	SES202	-1.481	-76.4202	-74.9392
BLOCK06/SES067/SA067S12	SES292	-3.0576	-77.9968	-74.9392
BLOCK06/SES067/SA067S14	SES085	-2.15585	-75.4477	-73.2918
BLOCK06/SES067/SA067S14	SES177	-1.98521	-75.277	-73.2918
BLOCK06/SES067/SA067S14	SES183	-0.307198	-73.599	-73.2918
BLOCK06/SES067/SA067S14	SES202	-3.28567	-76.5775	-73.2918
BLOCK06/SES067/SA067S21	SES144	-0.348122	-77.592	-77.2439
BLOCK06/SES067/SA067S21	SES177	-1.07507	-78.319	-77.2439
BLOCK06/SES067/SA067S21	SES183	-1.66692	-78.9108	-77.2439
BLOCK06/SES067/SA067S21	SES189	-1.33717	-78.5811	-77.2439
BLOCK06/SES067/SA067S25	SES085	-1.39766	-74.9232	-73.5256
BLOCK06/SES067/SA067S25	SES177	0.562477	-72.9631	-73.5256
BLOCK06/SES067/SA067S25	SES183	-0.76432	-74.2899	-73.5256
BLOCK06/SES067/SA067S25	SES202	-0.203651	-73.7292	-73.5256
BLOCK06/SES067/SA067S29	SES085	-2.0724	-79.7467	-77.6743
BLOCK06/SES067/SA067S29	SES177	-0.720818	-78.3951	-77.6743
BLOCK06/SES067/SA067S29	SES183	-0.914062	-78.5883	-77.6743
BLOCK06/SES067/SA067S29	SES202	-0.307617	-77.9819	-77.6743
BLOCK06/SES069/SA069S12	SES029	-1.86605	-77.112	-75.2459
BLOCK06/SES069/SA069S12	SES082	0.492462	-74.7535	-75.2459
BLOCK06/SES069/SA069S12	SES087	0.375641	-74.8703	-75.2459
BLOCK06/SES069/SA069S12	SES206	0.827194	-74.4187	-75.2459
BLOCK06/SES069/SA069S13	SES029	-1.72295	-80.5888	-78.8658
BLOCK06/SES069/SA069S13	SES087	0.315117	-78.5507	-78.8658
BLOCK06/SES069/SA069S13	SES206	-0.964104	-79.8299	-78.8658
BLOCK06/SES069/SA069S13	SES226	0.56086	-78.3049	-78.8658
BLOCK06/SES069/SA069S23	SES029	-0.837608	-74.5985	-73.7609
BLOCK06/SES069/SA069S23	SES087	0.268303	-73.4926	-73.7609
BLOCK06/SES069/SA069S23	SES206	0.000572205	-73.7604	-73.7609
BLOCK06/SES069/SA069S23	SES226	0.481285	-73.2797	-73.7609
BLOCK06/SES069/SA069S25	SES087	-0.335365	-75.1153	-74.78
BLOCK06/SES069/SA069S25	SES206	-1.40314	-76.1831	-74.78
BLOCK06/SES069/SA069S25	SES226	-0.0417328	-74.8217	-74.78
BLOCK06/SES069/SA069S25	SES270	-0.48938	-75.2693	-74.78
BLOCK06/SES069/SA069S27	SES087	-0.182846	-76.4763	-76.2934
BLOCK06/SES069/SA069S27	SES206	-0.236504	-76.5299	-76.2934
BLOCK06/SES069/SA069S27	SES226	0.803841	-75.4896	-76.2934
BLOCK06/SES069/SA069S27	SES270	0.0857544	-76.2077	-76.2934
BLOCK08/SES081/SA081S11	SES060	-0.258064	-79.2003	-78.9423
BLOCK08/SES081/SA081S11	SES062	-3.01433	-81.9566	-78.9423
BLOCK08/SES081/SA081S11	SES117	-1.18952	-80.1318	-78.9423
BLOCK08/SES081/SA081S11	SES162	-0.322632	-79.2649	-78.9423
BLOCK08/SES081/SA081S13	SES016	-0.478798	-74.0067	-73.5279
BLOCK08/SES081/SA081S13	SES060	-0.111977	-73.6399	-73.5279
BLOCK08/SES081/SA081S13	SES068	-0.8647	-74.3926	-73.5279
BLOCK08/SES081/SA081S13	SES129	-1.18685	-74.7147	-73.5279
BLOCK08/SES081/SA081S24	SES060	-0.578239	-78.1102	-77.532
BLOCK08/SES081/SA081S24	SES068	-1.07748	-78.6095	-77.532
BLOCK08/SES081/SA081S24	SES117	-1.02164	-78.5536	-77.532
BLOCK08/SES081/SA081S24	SES275	-2.31202	-79.844	-77.532
BLOCK08/SES081/SA081S27	SES007	-2.19624	-77.6928	-75.4965
BLOCK08/SES081/SA081S27	SES060	-0.919815	-76.4163	-75.4965
BLOCK08/SES081/SA081S27	SES117	-0.507767	-76.0043	-75.4965
BLOCK08/SES081/SA081S27	SES275	-2.49905	-77.9956	-75.4965
BLOCK08/SES081/SA081S29	SES007	-0.487206	-75.2093	-74.7221
BLOCK08/SES081/SA081S29	SES060	0.441414	-74.2807	-74.7221
BLOCK08/SES081/SA081S29	SES117	-0.0759811	-74.7981	-74.7221
BLOCK08/SES081/SA081S29	SES275	-1.75332	-76.4754	-74.7221
BLOCK08/SES086/SA086S11	SES029	-3.09868	-81.0903	-77.9916
BLOCK08/SES086/SA086S11	SES082	-1.33484	-79.3265	-77.9916
BLOCK08/SES086/SA086S11	SES087	-1.10943	-79.101	-77.9916
BLOCK08/SES086/SA086S11	SES206	-1.29104	-79.2827	-77.9916
BLOCK08/SES086/SA086S12	SES029	-2.69993	-77.3026	-74.6027
BLOCK08/SES086/SA086S12	SES082	-0.552979	-75.1557	-74.6027
BLOCK08/SES086/SA086S12	SES087	-0.977798	-75.5805	-74.6027
BLOCK08/SES086/SA086S12	SES206	0.125923	-74.4768	-74.6027
BLOCK08/SES086/SA086S20	SES029	-2.09466	-75.7151	-73.6205
BLOCK08/SES086/SA086S20	SES082	0.0322189	-73.5882	-73.6205
BLOCK08/SES086/SA086S20	SES087	-0.283569	-73.904	-73.6205
BLOCK08/SES086/SA086S20	SES206	0.584373	-73.0361	-73.6205
BLOCK08/SES086/SA086S24	SES087	-0.784065	-74.8279	-74.0439
BLOCK08/SES086/SA086S24	SES104	-0.0333023	-74.0772	-74.0439
BLOCK08/SES086/SA086S24	SES120	-2.0523	-76.0962	-74.0439
BLOCK08/SES086/SA086S24	SES206	0.852089	-73.1918	-74.0439
BLOCK08/SES086/SA086S28	SES029	-1.65713	-74.423	-72.7659
BLOCK08/SES086/SA086S28	SES082	0.814674	-71.9512	-72.7659
BLOCK08/SES086/SA086S28	SES087	0.241051	-72.5248	-72.7659
BLOCK08/SES086/SA086S28	SES206	1.01116	-71.7547	-72.7659
BLOCK08/SES089/SA089S13	SES087	0.293144	-78.4837	-78.7769
BLOCK08/SES089/SA089S13	SES206	-0.667877	-79.4447	-78.7769
BLOCK08/SES089/SA089S13	SES226	-0.510208	-79.2871	-78.7769
BLOCK08/SES089/SA089S13	SES270	-1.04244	-79.8193	-78.7769
BLOCK08/SES089/SA089S14	SES062	-1.19781	-79.0905	-77.8927
BLOCK08/SES089/SA089S14	SES087	0.111382	-77.7814	-77.8927
BLOCK08/SES089/SA089S14	SES206	-0.0735397	-77.9663	-77.8927
BLOCK08/SES089/SA089S14	SES226	0.283508	-77.6092	-77.8927
BLOCK08/SES089/SA089S23	SES087	0.256592	-79.3308	-79.5874
BLOCK08/SES089/SA089S23	SES206	-1.80944	-81.3968	-79.5874
BLOCK08/SES089/SA089S23	SES226	-0.699493	-80.2869	-79.5874
BLOCK08/SES089/SA089S23	SES270	-0.972557	-80.56	-79.5874
BLOCK08/SES089/SA089S25	SES062	-1.15819	-77.9669	-76.8087
BLOCK08/SES089/SA089S25	SES087	0.188232	-76.6205	-76.8087
BLOCK08/SES089/SA089S25	SES206	-0.818855	-77.6276	-76.8087
BLOCK08/SES089/SA089S25	SES226	0.330513	-76.4782	-76.8087
BLOCK08/SES089/SA089S28	SES062	-1.00091	-80.0866	-79.0857
BLOCK08/SES089/SA089S28	SES087	0.853661	-78.232	-79.0857
BLOCK08/SES089/SA089S28	SES206	-0.120224	-79.2059	-79.0857
BLOCK08/SES089/SA089S28	SES226	1.22231	-77.8634	-79.0857
BLOCK09/SES097/SA097S11	SES099	0.29303	-80.1711	-80.4641
BLOCK09/SES097/SA097S11	SES125	-5.87291	-86.337	-80.4641
BLOCK09/SES097/SA097S11	SES206	-3.86766	-84.3317	-80.4641
BLOCK09/SES097/SA097S11	SES226	-0.52523	-80.9893	-80.4641
BLOCK09/SES097/SA097S14	SES062	-1.93214	-84.0759	-82.1438
BLOCK09/SES097/SA097S14	SES099	-0.161926	-82.3057	-82.1438
BLOCK09/SES097/SA097S14	SES104	-0.954567	-83.0983	-82.1438
BLOCK09/SES097/SA097S14	SES206	-2.44453	-84.5883	-82.1438
BLOCK09/SES097/SA097S22	SES099	-0.349655	-81.6643	-81.3147
BLOCK09/SES097/SA097S22	SES206	-2.31821	-83.6329	-81.3147
BLOCK09/SES097/SA097S22	SES226	-0.0506134	-81.3653	-81.3147
BLOCK09/SES097/SA097S22	SES270	-0.387131	-81.7018	-81.3147
BLOCK09/SES097/SA097S26	SES099	0.516769	-80.2203	-80.7371
BLOCK09/SES097/SA097S26	SES120	-1.22784	-81.9649	-80.7371
BLOCK09/SES097/SA097S26	SES206	-0.0515747	-80.7887	-80.7371
BLOCK09/SES097/SA097S26	SES226	0.201263	-80.5358	-80.7371
BLOCK09/SES097/SA097S28	SES099	0.225311	-77.7794	-78.0048
BLOCK09/SES097/SA097S28	SES120	-1.90482	-79.9096	-78.0048
BLOCK09/SES097/SA097S28	SES206	-1.38867	-79.3934	-78.0048
BLOCK09/SES097/SA097S28	SES226	-1.00812	-79.0129	-78.0048
BLOCK09/SES098/SA098S11	SES127	-2.33393	-78.1833	-75.8494
BLOCK09/SES098/SA098S11	SES144	-1.53133	-77.3807	-75.8494
BLOCK09/SES098/SA098S11	SES147	-1.04828	-76.8977	-75.8494
BLOCK09/SES098/SA098S11	SES148	-4.81376	-80.6631	-75.8494
BLOCK09/SES098/SA098S12	SES127	-3.09751	-84.5561	-81.4586
BLOCK09/SES098/SA098S12	SES144	-1.48679	-82.9454	-81.4586
BLOCK09/SES098/SA098S12	SES147	-0.682045	-82.1406	-81.4586
BLOCK09/SES098/SA098S12	SES189	-1.02272	-82.4813	-81.4586
BLOCK09/SES098/SA098S20	SES127	-2.53632	-82.6043	-80.068
BLOCK09/SES098/SA098S20	SES147	0.259163	-79.8088	-80.068
BLOCK09/SES098/SA098S20	SES148	-3.69696	-83.7649	-80.068
BLOCK09/SES098/SA098S20	SES292	-2.42217	-82.4902	-80.068
BLOCK09/SES098/SA098S23	SES127	-1.17199	-77.9766	-76.8047
BLOCK09/SES098/SA098S23	SES147	-0.927811	-77.7325	-76.8047
BLOCK09/SES098/SA098S23	SES187	-0.58252	-77.3872	-76.8047
BLOCK09/SES098/SA098S23	SES292	-1.99416	-78.7988	-76.8047
BLOCK09/SES098/SA098S27	SES127	-3.1996	-81.1618	-77.9622
BLOCK09/SES098/SA098S27	SES147	-1.56538	-79.5276	-77.9622
BLOCK09/SES098/SA098S27	SES148	-4.35571	-82.3179	-77.9622
BLOCK09/SES098/SA098S27	SES292	-2.03102	-79.9932	-77.9622
BLOCK10/SES102/SA102S13	SES101	-1.05084	-76.8904	-75.8396
BLOCK10/SES102/SA102S13	SES105	-2.42717	-78.2667	-75.8396
BLOCK10/SES102/SA102S13	SES120	-2.27361	-78.1132	-75.8396
BLOCK10/SES102/SA102S13	SES158	-4.35305	-80.1926	-75.8396
BLOCK10/SES102/SA102S14	SES007	0.179985	-73.2162	-73.3962
BLOCK10/SES102/SA102S14	SES101	-0.0568161	-73.453	-73.3962
BLOCK10/SES102/SA102S14	SES105	-0.571243	-73.9674	-73.3962
BLOCK10/SES102/SA102S14	SES147	-1.55397	-74.9502	-73.3962
BLOCK10/SES102/SA102S22	SES007	-0.255035	-71.869	-71.614
BLOCK10/SES102/SA102S22	SES101	-0.629372	-72.2433	-71.614
BLOCK10/SES102/SA102S22	SES105	-0.26886	-71.8828	-71.614
BLOCK10/SES102/SA102S22	SES158	-2.03014	-73.6441	-71.614
BLOCK10/SES102/SA102S25	SES007	0.0284653	-72.3543	-72.3828
BLOCK10/SES102/SA102S25	SES101	-0.555801	-72.9386	-72.3828
BLOCK10/SES102/SA102S25	SES105	-0.498528	-72.8813	-72.3828
BLOCK10/SES102/SA102S25	SES147	-1.91254	-74.2953	-72.3828
BLOCK10/SES102/SA102S27	SES007	-0.661026	-78.4898	-77.8288
BLOCK10/SES102/SA102S27	SES101	-1.00565	-78.8344	-77.8288
BLOCK10/SES102/SA102S27	SES105	-1.65421	-79.483	-77.8288
BLOCK10/SES102/SA102S27	SES147	-1.80582	-79.6346	-77.8288
BLOCK10/SES103/SA103S14	SES105	-0.668793	-73.547	-72.8782
BLOCK10/SES103/SA103S14	SES106	-0.449455	-73.3277	-72.8782
BLOCK10/SES103/SA103S14	SES120	-2.22085	-75.0991	-72.8782
BLOCK10/SES103/SA103S14	SES206	0.790756	-72.0875	-72.8782
BLOCK10/SES103/SA103S15	SES099	-0.456154	-80.6246	-80.1684
BLOCK10/SES103/SA103S15	SES101	-3.53764	-83.7061	-80.1684
BLOCK10/SES103/SA103S15	SES104	-0.703003	-80.8714	-80.1684
BLOCK10/SES103/SA103S15	SES125	-6.97126	-87.1397	-80.1684
BLOCK10/SES103/SA103S24	SES104	0.340073	-75.7366	-76.0766
BLOCK10/SES103/SA103S24	SES125	-0.177071	-76.2537	-76.0766
BLOCK10/SES103/SA103S24	SES148	-2.9687	-79.0453	-76.0766
BLOCK10/SES103/SA103S24	SES158	-0.139572	-76.2162	-76.0766
BLOCK10/SES103/SA103S26	SES104	-0.707024	-75.5121	-74.805
BLOCK10/SES103/SA103S26	SES106	-0.0762711	-74.8813	-74.805
BLOCK10/SES103/SA103S26	SES125	-0.541245	-75.3463	-74.805
BLOCK10/SES103/SA103S26	SES148	-3.16491	-77.9699	-74.805
BLOCK10/SES103/SA103S28	SES104	-0.316406	-80.7179	-80.4015
BLOCK10/SES103/SA103S28	SES106	-1.52449	-81.9259	-80.4015
BLOCK10/SES103/SA103S28	SES125	-1.35848	-81.7599	-80.4015
BLOCK10/SES103/SA103S28	SES206	-0.316833	-80.7183	-80.4015
BLOCK12/SES121/SA121S12	SES042	-1.06979	-74.0846	-73.0148
BLOCK12/SES121/SA121S12	SES087	-1.93787	-74.9527	-73.0148
BLOCK12/SES121/SA121S12	SES105	-0.0486374	-73.0635	-73.0148
BLOCK12/SES121/SA121S12	SES206	0.522255	-72.4926	-73.0148
BLOCK12/SES121/SA121S14	SES007	-1.12677	-74.0147	-72.8879
BLOCK12/SES121/SA121S14	SES105	-0.727516	-73.6154	-72.8879
BLOCK12/SES121/SA121S14	SES106	-0.0877228	-72.9756	-72.8879
BLOCK12/SES121/SA121S14	SES206	0.01577	-72.8721	-72.8879
BLOCK12/SES121/SA121S23	SES105	-1.8095	-76.0074	-74.1979
BLOCK12/SES121/SA121S23	SES106	0.919548	-73.2784	-74.1979
BLOCK12/SES121/SA121S23	SES120	-2.25565	-76.4536	-74.1979
BLOCK12/SES121/SA121S23	SES206	0.64045	-73.5575	-74.1979
BLOCK12/SES121/SA121S25	SES007	-1.46403	-74.3959	-72.9319
BLOCK12/SES121/SA121S25	SES105	-1.15028	-74.0821	-72.9319
BLOCK12/SES121/SA121S25	SES106	0.0698318	-72.862	-72.9319
BLOCK12/SES121/SA121S25	SES206	-0.351273	-73.2831	-72.9319
BLOCK12/SES121/SA121S27	SES087	-0.426567	-75.3761	-74.9496
BLOCK12/SES121/SA121S27	SES105	-1.687	-76.6366	-74.9496
BLOCK12/SES121/SA121S27	SES120	-1.51871	-76.4683	-74.9496
BLOCK12/SES121/SA121S27	SES206	-0.044014	-74.9936	-74.9496
BLOCK12/SES124/SA124S16	SES042	1.55621	-69.6544	-71.2106
BLOCK12/SES124/SA124S16	SES082	0.140053	-71.0705	-71.2106
BLOCK12/SES124/SA124S16	SES183	-1.46827	-72.6788	-71.2106
BLOCK12/SES124/SA124S16	SES206	-0.468048	-71.6786	-71.2106
BLOCK12/SES124/SA124S17	SES105	-1.07776	-74.3847	-73.3069
BLOCK12/SES124/SA124S17	SES149	-0.0351334	-73.3421	-73.3069
BLOCK12/SES124/SA124S17	SES158	-1.07154	-74.3785	-73.3069
BLOCK12/SES124/SA124S17	SES275	-1.12854	-74.4355	-73.3069
BLOCK12/SES124/SA124S23	SES105	-1.89104	-74.2702	-72.3792
BLOCK12/SES124/SA124S23	SES125	1.32718	-71.052	-72.3792
BLOCK12/SES124/SA124S23	SES129	-1.27402	-73.6532	-72.3792
BLOCK12/SES124/SA124S23	SES158	0.0104599	-72.3687	-72.3792
BLOCK12/SES124/SA124S26	SES105	-1.30061	-76.28	-74.9794
BLOCK12/SES124/SA124S26	SES125	1.89225	-73.0871	-74.9794
BLOCK12/SES124/SA124S26	SES129	-1.97129	-76.9506	-74.9794
BLOCK12/SES124/SA124S26	SES158	0.867302	-74.1121	-74.9794
BLOCK12/SES124/SA124S28	SES104	0.822212	-71.5748	-72.397
BLOCK12/SES124/SA124S28	SES106	0.0116348	-72.3854	-72.397
BLOCK12/SES124/SA124S28	SES125	0.674904	-71.7221	-72.397
BLOCK12/SES124/SA124S28	SES275	-1.99069	-74.3877	-72.397
BLOCK12/SES126/SA126S13	SES007	-1.50372	-77.802	-76.2983
BLOCK12/SES126/SA126S13	SES162	0.709412	-75.5889	-76.2983
BLOCK12/SES126/SA126S13	SES177	-0.281097	-76.5794	-76.2983
BLOCK12/SES126/SA126S13	SES180	0.050766	-76.2475	-76.2983
BLOCK12/SES126/SA126S14	SES144	-0.0505219	-75.2631	-75.2125
BLOCK12/SES126/SA126S14	SES148	-2.01254	-77.2251	-75.2125
BLOCK12/SES126/SA126S14	SES177	0.43335	-74.7792	-75.2125
BLOCK12/SES126/SA126S14	SES180	0.71888	-74.4937	-75.2125
BLOCK12/SES126/SA126S20	SES007	-2.16787	-75.7007	-73.5328
BLOCK12/SES126/SA126S20	SES162	-0.482208	-74.015	-73.5328
BLOCK12/SES126/SA126S20	SES172	-2.72592	-76.2587	-73.5328
BLOCK12/SES126/SA126S20	SES180	-0.501854	-74.0347	-73.5328
BLOCK12/SES126/SA126S24	SES120	-1.45644	-76.3347	-74.8783
BLOCK12/SES126/SA126S24	SES162	0.901314	-73.977	-74.8783
BLOCK12/SES126/SA126S24	SES177	-0.30687	-75.1852	-74.8783
BLOCK12/SES126/SA126S24	SES180	0.868919	-74.0094	-74.8783
BLOCK12/SES126/SA126S26	SES120	-0.414017	-76.2627	-75.8487
BLOCK12/SES126/SA126S26	SES177	-0.367668	-76.2164	-75.8487
BLOCK12/SES126/SA126S26	SES180	0.399513	-75.4492	-75.8487
BLOCK12/SES126/SA126S26	SES202	-2.73666	-78.5854	-75.8487
BLOCK12/SES128/SA128S10	SES087	-0.932686	-72.512	-71.5793
BLOCK12/SES128/SA128S10	SES206	-0.622704	-72.202	-71.5793
BLOCK12/SES128/SA128S10	SES226	-0.819717	-72.399	-71.5793
BLOCK12/SES128/SA128S10	SES270	-0.393715	-71.973	-71.5793
BLOCK12/SES128/SA128S12	SES120	-0.201996	-73.5659	-73.3639
BLOCK12/SES128/SA128S12	SES158	-0.174156	-73.538	-73.3639
BLOCK12/SES128/SA128S12	SES206	0.156548	-73.2073	-73.3639
BLOCK12/SES128/SA128S12	SES226	-0.385063	-73.7489	-73.3639
BLOCK12/SES128/SA128S21	SES106	-1.41888	-80.1215	-78.7026
BLOCK12/SES128/SA128S21	SES120	-2.0755	-80.7781	-78.7026
BLOCK12/SES128/SA128S21	SES206	-1.28071	-79.9834	-78.7026
BLOCK12/SES128/SA128S21	SES226	-0.0655289	-78.7682	-78.7026
BLOCK12/SES128/SA128S24	SES087	-2.23859	-77.2253	-74.9868
BLOCK12/SES128/SA128S24	SES120	-1.37173	-76.3585	-74.9868
BLOCK12/SES128/SA128S24	SES206	-0.465614	-75.4524	-74.9868
BLOCK12/SES128/SA128S24	SES226	-0.965714	-75.9525	-74.9868
BLOCK12/SES128/SA128S27	SES099	0.000190735	-72.3468	-72.347
BLOCK12/SES128/SA128S27	SES120	-0.80265	-73.1496	-72.347
BLOCK12/SES128/SA128S27	SES206	-0.294968	-72.6419	-72.347
BLOCK12/SES128/SA128S27	SES226	-0.0787354	-72.4257	-72.347
BLOCK13/SES130/SA130S13	SES143	-0.982613	-77.773	-76.7904
BLOCK13/SES130/SA130S13	SES144	-0.662903	-77.4533	-76.7904
BLOCK13/SES130/SA130S13	SES146	-1.27213	-78.0625	-76.7904
BLOCK13/SES130/SA130S13	SES275	-1.89301	-78.6834	-76.7904
BLOCK13/SES130/SA130S15	SES143	-1.30065	-76.1661	-74.8655
BLOCK13/SES130/SA130S15	SES144	-0.55777	-75.4232	-74.8655
BLOCK13/SES130/SA130S15	SES146	-1.19935	-76.0648	-74.8655
BLOCK13/SES130/SA130S15	SES275	-0.883354	-75.7488	-74.8655
BLOCK13/SES130/SA130S23	SES127	-0.886581	-78.8137	-77.9271
BLOCK13/SES130/SA130S23	SES144	-0.368073	-78.2952	-77.9271
BLOCK13/SES130/SA130S23	SES146	-0.459793	-78.3869	-77.9271
BLOCK13/SES130/SA130S23	SES162	-1.6243	-79.5514	-77.9271
BLOCK13/SES130/SA130S25	SES127	-1.75468	-73.0933	-71.3387
BLOCK13/SES130/SA130S25	SES144	-0.434776	-71.7734	-71.3387
BLOCK13/SES130/SA130S25	SES146	0.257896	-71.0808	-71.3387
BLOCK13/SES130/SA130S25	SES275	-0.481834	-71.8205	-71.3387
BLOCK13/SES130/SA130S28	SES127	-1.1677	-77.3355	-76.1678
BLOCK13/SES130/SA130S28	SES144	-0.914604	-77.0824	-76.1678
BLOCK13/SES130/SA130S28	SES146	-0.169998	-76.3378	-76.1678
BLOCK13/SES130/SA130S28	SES275	-0.403183	-76.571	-76.1678
BLOCK13/SES131/SA131S13	SES002	0.0692215	-75.4156	-75.4848
BLOCK13/SES131/SA131S13	SES007	-2.05758	-77.5424	-75.4848
BLOCK13/SES131/SA131S13	SES099	0.0160828	-75.4687	-75.4848
BLOCK13/SES131/SA131S13	SES105	-0.69194	-76.1767	-75.4848
BLOCK13/SES131/SA131S14	SES104	0.425362	-72.4248	-72.8501
BLOCK13/SES131/SA131S14	SES106	-0.094162	-72.9443	-72.8501
BLOCK13/SES131/SA131S14	SES125	-0.311188	-73.1613	-72.8501
BLOCK13/SES131/SA131S14	SES148	-1.21636	-74.0665	-72.8501
BLOCK13/SES131/SA131S20	SES104	0.0914536	-79.4805	-79.5719
BLOCK13/SES131/SA131S20	SES106	-1.27599	-80.8479	-79.5719
BLOCK13/SES131/SA131S20	SES125	0.00423431	-79.5677	-79.5719
BLOCK13/SES131/SA131S20	SES148	-1.52177	-81.0937	-79.5719
BLOCK13/SES131/SA131S22	SES099	-0.10199	-72.4891	-72.3871
BLOCK13/SES131/SA131S22	SES104	-0.0845718	-72.4716	-72.3871
BLOCK13/SES131/SA131S22	SES125	-0.534782	-72.9218	-72.3871
BLOCK13/SES131/SA131S22	SES206	-0.969894	-73.357	-72.3871
BLOCK13/SES131/SA131S29	SES087	-0.948547	-77.1807	-76.2321
BLOCK13/SES131/SA131S29	SES104	-0.467651	-76.6998	-76.2321
BLOCK13/SES131/SA131S29	SES125	-1.15234	-77.3845	-76.2321
BLOCK13/SES131/SA131S29	SES206	-2.11425	-78.3464	-76.2321
BLOCK13/SES132/SA132S11	SES083	-0.569565	-72.3593	-71.7897
BLOCK13/SES132/SA132S11	SES120	0.233955	-71.5558	-71.7897
BLOCK13/SES132/SA132S11	SES127	-0.415131	-72.2049	-71.7897
BLOCK13/SES132/SA132S11	SES275	-0.950882	-72.7406	-71.7897
BLOCK13/SES132/SA132S12	SES083	-1.85385	-76.4968	-74.643
BLOCK13/SES132/SA132S12	SES143	-1.29142	-75.9344	-74.643
BLOCK13/SES132/SA132S12	SES144	-0.0231705	-74.6661	-74.643
BLOCK13/SES132/SA132S12	SES148	-1.0687	-75.7116	-74.643
BLOCK13/SES132/SA132S22	SES062	-0.76297	-74.7585	-73.9955
BLOCK13/SES132/SA132S22	SES083	-0.779015	-74.7745	-73.9955
BLOCK13/SES132/SA132S22	SES127	-0.308968	-74.3045	-73.9955
BLOCK13/SES132/SA132S22	SES275	-1.29669	-75.2922	-73.9955
BLOCK13/SES132/SA132S24	SES007	-0.792664	-73.6205	-72.8278
BLOCK13/SES132/SA132S24	SES083	-2.12023	-74.9481	-72.8278
BLOCK13/SES132/SA132S24	SES127	-0.985634	-73.8135	-72.8278
BLOCK13/SES132/SA132S24	SES275	-1.73701	-74.5649	-72.8278
BLOCK13/SES132/SA132S27	SES083	-1.20073	-79.3493	-78.1486
BLOCK13/SES132/SA132S27	SES120	-0.324913	-78.4735	-78.1486
BLOCK13/SES132/SA132S27	SES127	-1.58683	-79.7355	-78.1486
BLOCK13/SES132/SA132S27	SES275	-1.51803	-79.6666	-78.1486
BLOCK14/SES141/SA141S09	SES143	-0.420105	-75.1411	-74.721
BLOCK14/SES141/SA141S09	SES144	-0.541618	-75.2626	-74.721
BLOCK14/SES141/SA141S09	SES162	0.0326691	-74.6883	-74.721
BLOCK14/SES141/SA141S09	SES180	0.202316	-74.5187	-74.721
BLOCK14/SES141/SA141S15	SES127	0.226547	-75.1663	-75.3928
BLOCK14/SES141/SA141S15	SES144	0.347115	-75.0457	-75.3928
BLOCK14/SES141/SA141S15	SES162	1.04752	-74.3453	-75.3928
BLOCK14/SES141/SA141S15	SES180	0.717171	-74.6757	-75.3928
BLOCK14/SES141/SA141S24	SES127	-0.0476456	-74.8672	-74.8195
BLOCK14/SES141/SA141S24	SES144	-1.48387	-76.3034	-74.8195
BLOCK14/SES141/SA141S24	SES162	0.668739	-74.1508	-74.8195
BLOCK14/SES141/SA141S24	SES183	-2.10627	-76.9258	-74.8195
BLOCK14/SES141/SA141S26	SES142	0.997017	-76.7258	-77.7228
BLOCK14/SES141/SA141S26	SES144	-0.745804	-78.4686	-77.7228
BLOCK14/SES141/SA141S26	SES172	-0.292198	-78.015	-77.7228
BLOCK14/SES141/SA141S26	SES180	1.1143	-76.6085	-77.7228
BLOCK14/SES141/SA141S29	SES127	0.327324	-73.4093	-73.7366
BLOCK14/SES141/SA141S29	SES142	0.96431	-72.7723	-73.7366
BLOCK14/SES141/SA141S29	SES144	0.460258	-73.2764	-73.7366
BLOCK14/SES141/SA141S29	SES180	0.846367	-72.8902	-73.7366
BLOCK15/SES157/SA157S08	SES083	-0.276863	-75.6743	-75.3974
BLOCK15/SES157/SA157S08	SES127	-1.62174	-77.0191	-75.3974
BLOCK15/SES157/SA157S08	SES148	-1.87138	-77.2688	-75.3974
BLOCK15/SES157/SA157S08	SES292	-0.824776	-76.2222	-75.3974
BLOCK15/SES157/SA157S11	SES083	-1.41537	-76.8286	-75.4133
BLOCK15/SES157/SA157S11	SES127	-2.23948	-77.6527	-75.4133
BLOCK15/SES157/SA157S11	SES148	-2.56569	-77.9789	-75.4133
BLOCK15/SES157/SA157S11	SES292	-1.42097	-76.8342	-75.4133
BLOCK15/SES157/SA157S21	SES127	-1.94792	-79.4687	-77.5208
BLOCK15/SES157/SA157S21	SES148	-0.424324	-77.9451	-77.5208
BLOCK15/SES157/SA157S21	SES158	-4.23931	-81.7601	-77.5208
BLOCK15/SES157/SA157S21	SES292	-1.15615	-78.677	-77.5208
BLOCK15/SES157/SA157S24	SES127	-1.04436	-75.5083	-74.464
BLOCK15/SES157/SA157S24	SES148	-1.44508	-75.9091	-74.464
BLOCK15/SES157/SA157S24	SES183	-0.407761	-74.8717	-74.464
BLOCK15/SES157/SA157S24	SES292	-0.696655	-75.1606	-74.464
BLOCK15/SES157/SA157S26	SES007	-0.644432	-73.3489	-72.7045
BLOCK15/SES157/SA157S26	SES127	-1.37864	-74.0831	-72.7045
BLOCK15/SES157/SA157S26	SES147	-1.0735	-73.778	-72.7045
BLOCK15/SES157/SA157S26	SES148	-2.50347	-75.2079	-72.7045
BLOCK16/SES161/SA161S10	SES007	-0.229706	-72.6184	-72.3887
BLOCK16/SES161/SA161S10	SES105	-0.0608597	-72.4496	-72.3887
BLOCK16/SES161/SA161S10	SES158	-0.454704	-72.8434	-72.3887
BLOCK16/SES161/SA161S10	SES275	-1.02052	-73.4092	-72.3887
BLOCK16/SES161/SA161S12	SES007	-1.3741	-75.5793	-74.2052
BLOCK16/SES161/SA161S12	SES105	-0.75988	-74.9651	-74.2052
BLOCK16/SES161/SA161S12	SES158	-0.587311	-74.7925	-74.2052
BLOCK16/SES161/SA161S12	SES275	-0.81813	-75.0233	-74.2052
BLOCK16/SES161/SA161S20	SES007	-0.752777	-73.4626	-72.7099
BLOCK16/SES161/SA161S20	SES105	-1.61406	-74.3239	-72.7099
BLOCK16/SES161/SA161S20	SES158	-0.708771	-73.4186	-72.7099
BLOCK16/SES161/SA161S20	SES275	-1.79535	-74.5052	-72.7099
BLOCK16/SES161/SA161S23	SES007	-3.13292	-78.9776	-75.8447
BLOCK16/SES161/SA161S23	SES105	-1.14869	-76.9934	-75.8447
BLOCK16/SES161/SA161S23	SES148	-1.76645	-77.6112	-75.8447
BLOCK16/SES161/SA161S23	SES158	-1.94443	-77.7892	-75.8447
BLOCK16/SES161/SA161S28	SES007	-1.12597	-71.8529	-70.7269
BLOCK16/SES161/SA161S28	SES105	-1.36504	-72.092	-70.7269
BLOCK16/SES161/SA161S28	SES158	-0.661201	-71.3881	-70.7269
BLOCK16/SES161/SA161S28	SES206	-0.342201	-71.0691	-70.7269
BLOCK16/SES164/SA164S11	SES104	-0.454819	-78.3223	-77.8675
BLOCK16/SES164/SA164S11	SES125	-0.0166397	-77.8841	-77.8675
BLOCK16/SES164/SA164S11	SES158	-0.590271	-78.4577	-77.8675
BLOCK16/SES164/SA164S11	SES206	-1.35415	-79.2216	-77.8675
BLOCK16/SES164/SA164S13	SES099	-0.122887	-77.4962	-77.3733
BLOCK16/SES164/SA164S13	SES104	-1.30149	-78.6748	-77.3733
BLOCK16/SES164/SA164S13	SES125	-2.15517	-79.5285	-77.3733
BLOCK16/SES164/SA164S13	SES206	-2.20346	-79.5768	-77.3733
BLOCK16/SES164/SA164S24	SES002	0.538849	-76.2706	-76.8095
BLOCK16/SES164/SA164S24	SES099	0.234306	-76.5751	-76.8095
BLOCK16/SES164/SA164S24	SES125	-1.26468	-78.0741	-76.8095
BLOCK16/SES164/SA164S24	SES226	0.375511	-76.4339	-76.8095
BLOCK16/SES164/SA164S27	SES087	-0.56208	-79.1498	-78.5877
BLOCK16/SES164/SA164S27	SES125	-0.676598	-79.2643	-78.5877
BLOCK16/SES164/SA164S27	SES206	-1.90359	-80.4913	-78.5877
BLOCK16/SES164/SA164S27	SES226	0.0383911	-78.5493	-78.5877
BLOCK16/SES164/SA164S29	SES002	0.676239	-75.9017	-76.578
BLOCK16/SES164/SA164S29	SES019	-0.995415	-77.5734	-76.578
BLOCK16/SES164/SA164S29	SES125	-0.486053	-77.064	-76.578
BLOCK16/SES164/SA164S29	SES226	-0.16143	-76.7394	-76.578
BLOCK16/SES169/SA169S13	SES117	-1.69086	-76.649	-74.9582
BLOCK16/SES169/SA169S13	SES144	-0.392975	-75.3511	-74.9582
BLOCK16/SES169/SA169S13	SES146	-1.25256	-76.2107	-74.9582
BLOCK16/SES169/SA169S13	SES162	-1.08042	-76.0386	-74.9582
BLOCK16/SES169/SA169S14	SES144	-0.794197	-73.5382	-72.744
BLOCK16/SES169/SA169S14	SES148	-1.20304	-73.9471	-72.744
BLOCK16/SES169/SA169S14	SES177	-1.24113	-73.9852	-72.744
BLOCK16/SES169/SA169S14	SES180	-1.11417	-73.8582	-72.744
BLOCK16/SES169/SA169S24	SES117	-0.485062	-77.8097	-77.3246
BLOCK16/SES169/SA169S24	SES144	-0.586784	-77.9114	-77.3246
BLOCK16/SES169/SA169S24	SES146	-0.960434	-78.285	-77.3246
BLOCK16/SES169/SA169S24	SES162	-1.92982	-79.2544	-77.3246
BLOCK16/SES169/SA169S27	SES127	-0.845726	-73.9043	-73.0586
BLOCK16/SES169/SA169S27	SES129	-0.104164	-73.1628	-73.0586
BLOCK16/SES169/SA169S27	SES144	-0.275116	-73.3337	-73.0586
BLOCK16/SES169/SA169S27	SES146	-0.405518	-73.4641	-73.0586
BLOCK16/SES169/SA169S29	SES144	-0.131577	-73.0111	-72.8795
BLOCK16/SES169/SA169S29	SES162	-0.570869	-73.4503	-72.8795
BLOCK16/SES169/SA169S29	SES177	-0.93586	-73.8153	-72.8795
BLOCK16/SES169/SA169S29	SES180	-1.10333	-73.9828	-72.8795
BLOCK17/SES171/SA171S12	SES083	-1.6476	-80.3797	-78.7321
BLOCK17/SES171/SA171S12	SES148	-1.68043	-80.4126	-78.7321
BLOCK17/SES171/SA171S12	SES172	-0.731361	-79.4635	-78.7321
BLOCK17/SES171/SA171S12	SES292	-1.46828	-80.2004	-78.7321
BLOCK17/SES171/SA171S15	SES148	-1.98026	-80.8984	-78.9181
BLOCK17/SES171/SA171S15	SES177	-1.32281	-80.2409	-78.9181
BLOCK17/SES171/SA171S15	SES180	-0.592567	-79.5107	-78.9181
BLOCK17/SES171/SA171S15	SES292	-1.65003	-80.5682	-78.9181
BLOCK17/SES171/SA171S22	SES007	-2.45497	-77.0042	-74.5492
BLOCK17/SES171/SA171S22	SES148	-3.07897	-77.6282	-74.5492
BLOCK17/SES171/SA171S22	SES177	-1.66406	-76.2132	-74.5492
BLOCK17/SES171/SA171S22	SES180	-2.12	-76.6692	-74.5492
BLOCK17/SES171/SA171S25	SES101	-3.19582	-83.1744	-79.9785
BLOCK17/SES171/SA171S25	SES120	-2.90585	-82.8844	-79.9785
BLOCK17/SES171/SA171S25	SES177	-2.02374	-82.0023	-79.9785
BLOCK17/SES171/SA171S25	SES180	-4.36092	-84.3395	-79.9785
BLOCK17/SES171/SA171S27	SES177	-0.440224	-75.9922	-75.552
BLOCK17/SES171/SA171S27	SES180	-1.3481	-76.9001	-75.552
BLOCK17/SES171/SA171S27	SES189	-1.76685	-77.3189	-75.552
BLOCK17/SES171/SA171S27	SES292	-2.08495	-77.637	-75.552
BLOCK17/SES173/SA173S13	SES162	0.980698	-74.8096	-75.7903
BLOCK17/SES173/SA173S13	SES177	0.747444	-75.0429	-75.7903
BLOCK17/SES173/SA173S13	SES180	0.5672	-75.2231	-75.7903
BLOCK17/SES173/SA173S13	SES292	-2.38055	-78.1709	-75.7903
BLOCK17/SES173/SA173S14	SES007	-6.8585	-86.7729	-79.9144
BLOCK17/SES173/SA173S14	SES162	-4.20025	-84.1147	-79.9144
BLOCK17/SES173/SA173S14	SES177	-3.83431	-83.7488	-79.9144
BLOCK17/SES173/SA173S14	SES180	-18.2097	-98.1241	-79.9144
BLOCK17/SES173/SA173S24	SES144	-3.04942	-83.843	-80.7935
BLOCK17/SES173/SA173S24	SES162	-2.79184	-83.5854	-80.7935
BLOCK17/SES173/SA173S24	SES177	-1.1255	-81.919	-80.7935
BLOCK17/SES173/SA173S24	SES180	-7.87514	-88.6687	-80.7935
BLOCK17/SES173/SA173S27	SES162	-0.382744	-77.8874	-77.5046
BLOCK17/SES173/SA173S27	SES177	-0.521355	-78.026	-77.5046
BLOCK17/SES173/SA173S27	SES180	-0.194908	-77.6995	-77.5046
BLOCK17/SES173/SA173S27	SES292	-2.41285	-79.9175	-77.5046
BLOCK17/SES173/SA173S29	SES162	-1.16856	-83.7888	-82.6203
BLOCK17/SES173/SA173S29	SES175	0.521568	-82.0987	-82.6203
BLOCK17/SES173/SA173S29	SES177	-0.188881	-82.8091	-82.6203
BLOCK17/SES173/SA173S29	SES292	-3.0084	-85.6287	-82.6203
BLOCK18/SES182/SA182S10	SES144	-0.600159	-71.1774	-70.5772
BLOCK18/SES182/SA182S10	SES177	0.0670624	-70.5102	-70.5772
BLOCK18/SES182/SA182S10	SES180	-0.264893	-70.8421	-70.5772
BLOCK18/SES182/SA182S10	SES275	-0.596672	-71.1739	-70.5772
BLOCK18/SES182/SA182S12	SES144	-0.450195	-73.292	-72.8418
BLOCK18/SES182/SA182S12	SES177	-0.377228	-73.219	-72.8418
BLOCK18/SES182/SA182S12	SES180	-0.751511	-73.5933	-72.8418
BLOCK18/SES182/SA182S12	SES275	-1.4797	-74.3215	-72.8418
BLOCK18/SES182/SA182S21	SES117	0.314529	-75.0312	-75.3457
BLOCK18/SES182/SA182S21	SES144	-0.200905	-75.5466	-75.3457
BLOCK18/SES182/SA182S21	SES162	0.545105	-74.8006	-75.3457
BLOCK18/SES182/SA182S21	SES180	0.0510635	-75.2947	-75.3457
BLOCK18/SES182/SA182S23	SES117	-0.619926	-76.2825	-75.6626
BLOCK18/SES182/SA182S23	SES144	-0.96949	-76.6321	-75.6626
BLOCK18/SES182/SA182S23	SES180	-2.88973	-78.5523	-75.6626
BLOCK18/SES182/SA182S23	SES275	-0.917244	-76.5799	-75.6626
BLOCK18/SES182/SA182S25	SES007	0.156898	-72.3731	-72.53
BLOCK18/SES182/SA182S25	SES162	0.831177	-71.6988	-72.53
BLOCK18/SES182/SA182S25	SES177	0.0899048	-72.44	-72.53
BLOCK18/SES182/SA182S25	SES180	0.161423	-72.3685	-72.53
BLOCK18/SES184/SA184S12	SES177	-0.658524	-75.2939	-74.6354
BLOCK18/SES184/SA184S12	SES180	-1.21255	-75.8479	-74.6354
BLOCK18/SES184/SA184S12	SES189	-2.95006	-77.5854	-74.6354
BLOCK18/SES184/SA184S12	SES292	-1.41335	-76.0487	-74.6354
BLOCK18/SES184/SA184S13	SES101	-2.21722	-79.8762	-77.659
BLOCK18/SES184/SA184S13	SES177	-1.20806	-78.8671	-77.659
BLOCK18/SES184/SA184S13	SES180	-0.0317612	-77.6908	-77.659
BLOCK18/SES184/SA184S13	SES292	-1.43879	-79.0978	-77.659
BLOCK18/SES184/SA184S22	SES177	0.273834	-75.6928	-75.9667
BLOCK18/SES184/SA184S22	SES180	-0.171799	-76.1385	-75.9667
BLOCK18/SES184/SA184S22	SES189	-2.95188	-78.9185	-75.9667
BLOCK18/SES184/SA184S22	SES292	-1.37283	-77.3395	-75.9667
BLOCK18/SES184/SA184S25	SES101	-1.59837	-78.7458	-77.1474
BLOCK18/SES184/SA184S25	SES177	-1.09885	-78.2462	-77.1474
BLOCK18/SES184/SA184S25	SES180	-0.354828	-77.5022	-77.1474
BLOCK18/SES184/SA184S25	SES292	-0.874718	-78.0221	-77.1474
BLOCK18/SES184/SA184S27	SES083	-2.31293	-78.8733	-76.5604
BLOCK18/SES184/SA184S27	SES177	-1.8414	-78.4018	-76.5604
BLOCK18/SES184/SA184S27	SES202	-3.68929	-80.2497	-76.5604
BLOCK18/SES184/SA184S27	SES292	-1.83405	-78.3944	-76.5604
BLOCK20/SES204/SA204S12	SES062	-1.14639	-74.4304	-73.284
BLOCK20/SES204/SA204S12	SES083	-1.81313	-75.0971	-73.284
BLOCK20/SES204/SA204S12	SES206	-0.372543	-73.6565	-73.284
BLOCK20/SES204/SA204S12	SES226	-0.782303	-74.0663	-73.284
BLOCK20/SES204/SA204S14	SES068	-0.927582	-73.9905	-73.0629
BLOCK20/SES204/SA204S14	SES087	0.405357	-72.6575	-73.0629
BLOCK20/SES204/SA204S14	SES206	-0.453964	-73.5168	-73.0629
BLOCK20/SES204/SA204S14	SES226	-0.746613	-73.8095	-73.0629
BLOCK20/SES204/SA204S22	SES068	-1.40249	-74.9248	-73.5223
BLOCK20/SES204/SA204S22	SES082	-2.40121	-75.9235	-73.5223
BLOCK20/SES204/SA204S22	SES083	-2.80566	-76.328	-73.5223
BLOCK20/SES204/SA204S22	SES206	-0.818344	-74.3407	-73.5223
BLOCK20/SES204/SA204S25	SES062	-1.53551	-74.6774	-73.1418
BLOCK20/SES204/SA204S25	SES083	-1.65275	-74.7946	-73.1418
BLOCK20/SES204/SA204S25	SES206	-0.420769	-73.5626	-73.1418
BLOCK20/SES204/SA204S25	SES226	-1.16058	-74.3024	-73.1418
BLOCK20/SES204/SA204S27	SES068	-1.14507	-79.3376	-78.1926
BLOCK20/SES204/SA204S27	SES082	-0.945267	-79.1378	-78.1926
BLOCK20/SES204/SA204S27	SES087	-0.267281	-78.4598	-78.1926
BLOCK20/SES204/SA204S27	SES206	-1.01559	-79.2082	-78.1926
BLOCK20/SES207/SA207S10	SES127	-0.60685	-75.7382	-75.1314
BLOCK20/SES207/SA207S10	SES183	-0.990692	-76.1221	-75.1314
BLOCK20/SES207/SA207S10	SES189	-1.39743	-76.5288	-75.1314
BLOCK20/SES207/SA207S10	SES292	-1.66238	-76.7937	-75.1314
BLOCK20/SES207/SA207S11	SES127	-2.38481	-83.0014	-80.6166
BLOCK20/SES207/SA207S11	SES183	-0.499161	-81.1158	-80.6166
BLOCK20/SES207/SA207S11	SES187	-2.39538	-83.012	-80.6166
BLOCK20/SES207/SA207S11	SES292	-0.863197	-81.4798	-80.6166
BLOCK20/SES207/SA207S25	SES068	-1.03619	-77.79	-76.7538
BLOCK20/SES207/SA207S25	SES083	-1.85722	-78.611	-76.7538
BLOCK20/SES207/SA207S25	SES127	-0.819748	-77.5735	-76.7538
BLOCK20/SES207/SA207S25	SES187	-1.01029	-77.7641	-76.7538
BLOCK20/SES207/SA207S27	SES127	-1.59117	-78.6777	-77.0865
BLOCK20/SES207/SA207S27	SES183	-0.49942	-77.5859	-77.0865
BLOCK20/SES207/SA207S27	SES187	-1.30121	-78.3877	-77.0865
BLOCK20/SES207/SA207S27	SES292	-1.78721	-78.8737	-77.0865
BLOCK20/SES207/SA207S29	SES083	-1.79697	-79.4882	-77.6912
BLOCK20/SES207/SA207S29	SES085	-1.70923	-79.4005	-77.6912
BLOCK20/SES207/SA207S29	SES172	-0.461418	-78.1527	-77.6912
BLOCK20/SES207/SA207S29	SES189	-3.59026	-81.2815	-77.6912
BLOCK22/SES221/SA221S12	SES068	-1.20246	-75.998	-74.7955
BLOCK22/SES221/SA221S12	SES143	0.116692	-74.6788	-74.7955
BLOCK22/SES221/SA221S12	SES175	0.750557	-74.045	-74.7955
BLOCK22/SES221/SA221S12	SES202	0.0660095	-74.7295	-74.7955
BLOCK22/SES221/SA221S15	SES085	-1.16595	-78.9545	-77.7885
BLOCK22/SES221/SA221S15	SES143	-0.0888824	-77.8774	-77.7885
BLOCK22/SES221/SA221S15	SES175	0.014595	-77.7739	-77.7885
BLOCK22/SES221/SA221S15	SES187	0.141212	-77.6473	-77.7885
BLOCK22/SES221/SA221S23	SES068	-0.809593	-76.381	-75.5714
BLOCK22/SES221/SA221S23	SES143	0.277176	-75.2942	-75.5714
BLOCK22/SES221/SA221S23	SES175	0.0917969	-75.4796	-75.5714
BLOCK22/SES221/SA221S23	SES189	0.398666	-75.1727	-75.5714
BLOCK22/SES221/SA221S27	SES085	-0.573875	-78.8703	-78.2965
BLOCK22/SES221/SA221S27	SES143	-0.208023	-78.5045	-78.2965
BLOCK22/SES221/SA221S27	SES175	-0.557884	-78.8544	-78.2965
BLOCK22/SES221/SA221S27	SES189	0.436989	-77.8595	-78.2965
BLOCK22/SES221/SA221S29	SES085	-0.26577	-80.6998	-80.434
BLOCK22/SES221/SA221S29	SES143	0.309647	-80.1244	-80.434
BLOCK22/SES221/SA221S29	SES175	1.12532	-79.3087	-80.434
BLOCK22/SES221/SA221S29	SES187	1.59069	-78.8433	-80.434
BLOCK22/SES223/SA223S11	SES143	0.337814	-77.712	-78.0498
BLOCK22/SES223/SA223S11	SES144	-1.0703	-79.1201	-78.0498
BLOCK22/SES223/SA223S11	SES175	-0.214943	-78.2648	-78.0498
BLOCK22/SES223/SA223S11	SES187	-0.0483322	-78.0982	-78.0498
BLOCK22/SES223/SA223S13	SES068	-1.62239	-77.9605	-76.3381
BLOCK22/SES223/SA223S13	SES143	-0.221657	-76.5598	-76.3381
BLOCK22/SES223/SA223S13	SES146	-2.81966	-79.1578	-76.3381
BLOCK22/SES223/SA223S13	SES202	0.55117	-75.7869	-76.3381
BLOCK22/SES223/SA223S22	SES143	-0.89505	-77.8229	-76.9279
BLOCK22/SES223/SA223S22	SES144	-1.95266	-78.8805	-76.9279
BLOCK22/SES223/SA223S22	SES175	-1.17716	-78.105	-76.9279
BLOCK22/SES223/SA223S22	SES187	-0.889679	-77.8176	-76.9279
BLOCK22/SES223/SA223S25	SES068	-2.12701	-79.6455	-77.5185
BLOCK22/SES223/SA223S25	SES143	-0.308151	-77.8267	-77.5185
BLOCK22/SES223/SA223S25	SES175	-0.113197	-77.6317	-77.5185
BLOCK22/SES223/SA223S25	SES187	-0.976601	-78.4951	-77.5185
BLOCK22/SES223/SA223S27	SES143	-0.00350952	-81.1225	-81.119
BLOCK22/SES223/SA223S27	SES146	-2.56506	-83.684	-81.119
BLOCK22/SES223/SA223S27	SES187	-0.398132	-81.5171	-81.119
BLOCK22/SES223/SA223S27	SES292	-2.37707	-83.496	-81.119
BLOCK27/SES273/SA273S12	SES099	1.10527	-71.113	-72.2183
BLOCK27/SES273/SA273S12	SES104	1.04932	-71.169	-72.2183
BLOCK27/SES273/SA273S12	SES125	0.384605	-71.8337	-72.2183
BLOCK27/SES273/SA273S12	SES206	1.41344	-70.8048	-72.2183
BLOCK27/SES273/SA273S13	SES099	1.11636	-74.0217	-75.1381
BLOCK27/SES273/SA273S13	SES104	-0.0525894	-75.1907	-75.1381
BLOCK27/SES273/SA273S13	SES206	1.01738	-74.1207	-75.1381
BLOCK27/SES273/SA273S13	SES292	-1.97106	-77.1091	-75.1381
BLOCK27/SES273/SA273S21	SES099	1.49153	-73.0195	-74.5111
BLOCK27/SES273/SA273S21	SES148	-4.24308	-78.7542	-74.5111
BLOCK27/SES273/SA273S21	SES149	-1.72544	-76.2365	-74.5111
BLOCK27/SES273/SA273S21	SES177	-1.9316	-76.4427	-74.5111
BLOCK27/SES273/SA273S25	SES104	0.0547028	-73.4842	-73.5389
BLOCK27/SES273/SA273S25	SES125	0.990982	-72.548	-73.5389
BLOCK27/SES273/SA273S25	SES158	0.439758	-73.0992	-73.5389
BLOCK27/SES273/SA273S25	SES206	0.435265	-73.1037	-73.5389
BLOCK27/SES273/SA273S27	SES099	0.342445	-74.0117	-74.3541
BLOCK27/SES273/SA273S27	SES104	-0.596016	-74.9501	-74.3541
BLOCK27/SES273/SA273S27	SES149	-0.715607	-75.0697	-74.3541
BLOCK27/SES273/SA273S27	SES275	-1.28547	-75.6396	-74.3541
BLOCK27/SES274/SA274S10	SES105	-1.98345	-76.6761	-74.6927
BLOCK27/SES274/SA274S10	SES125	-0.0672989	-74.76	-74.6927
BLOCK27/SES274/SA274S10	SES129	-1.30314	-75.9958	-74.6927
BLOCK27/SES274/SA274S10	SES158	-1.87568	-76.5684	-74.6927
BLOCK27/SES274/SA274S11	SES105	-1.57954	-74.67	-73.0904
BLOCK27/SES274/SA274S11	SES149	-1.89307	-74.9835	-73.0904
BLOCK27/SES274/SA274S11	SES158	-0.408707	-73.4991	-73.0904
BLOCK27/SES274/SA274S11	SES275	-1.43344	-74.5239	-73.0904
BLOCK27/SES274/SA274S21	SES105	-1.79582	-73.3672	-71.5714
BLOCK27/SES274/SA274S21	SES129	-1.87913	-73.4505	-71.5714
BLOCK27/SES274/SA274S21	SES149	-0.948067	-72.5195	-71.5714
BLOCK27/SES274/SA274S21	SES158	-1.28042	-72.8518	-71.5714
BLOCK27/SES274/SA274S24	SES105	-1.5441	-75.14	-73.5959
BLOCK27/SES274/SA274S24	SES129	-1.289	-74.8849	-73.5959
BLOCK27/SES274/SA274S24	SES149	-0.573219	-74.1691	-73.5959
BLOCK27/SES274/SA274S24	SES158	-1.82972	-75.4256	-73.5959
BLOCK27/SES274/SA274S29	SES105	-2.3719	-77.5215	-75.1496
BLOCK27/SES274/SA274S29	SES106	-3.93021	-79.0798	-75.1496
BLOCK27/SES274/SA274S29	SES120	-1.81736	-76.9669	-75.1496
BLOCK27/SES274/SA274S29	SES275	-1.64027	-76.7898	-75.1496
BLOCK27/SES276/SA276S16	SES148	-2.03185	-77.3721	-75.3402
BLOCK27/SES276/SA276S16	SES172	-0.268524	-75.6088	-75.3402
BLOCK27/SES276/SA276S16	SES180	-1.28817	-76.6284	-75.3402
BLOCK27/SES276/SA276S16	SES292	-0.909943	-76.2502	-75.3402
BLOCK27/SES276/SA276S17	SES101	-1.67879	-78.0957	-76.4169
BLOCK27/SES276/SA276S17	SES177	-1.15924	-77.5761	-76.4169
BLOCK27/SES276/SA276S17	SES180	-0.186752	-76.6036	-76.4169
BLOCK27/SES276/SA276S17	SES292	-0.602608	-77.0195	-76.4169
BLOCK27/SES276/SA276S24	SES101	-0.940674	-73.6295	-72.6888
BLOCK27/SES276/SA276S24	SES177	-0.421135	-73.1099	-72.6888
BLOCK27/SES276/SA276S24	SES180	-0.23777	-72.9266	-72.6888
BLOCK27/SES276/SA276S24	SES292	-1.02301	-73.7118	-72.6888
BLOCK27/SES276/SA276S26	SES101	-2.82656	-81.3834	-78.5568
BLOCK27/SES276/SA276S26	SES177	-1.13236	-79.6892	-78.5568
BLOCK27/SES276/SA276S26	SES180	-0.867592	-79.4244	-78.5568
BLOCK27/SES276/SA276S26	SES292	-0.845154	-79.4019	-78.5568
BLOCK27/SES276/SA276S28	SES101	-0.993271	-77.9702	-76.9769
BLOCK27/SES276/SA276S28	SES177	-0.578911	-77.5558	-76.9769
BLOCK27/SES276/SA276S28	SES180	0.324051	-76.6528	-76.9769
BLOCK27/SES276/SA276S28	SES292	-0.310417	-77.2873	-76.9769
BLOCK27/SES277/SA277S12	SES101	-0.830322	-76.7539	-75.9236
BLOCK27/SES277/SA277S12	SES177	-0.612953	-76.5365	-75.9236
BLOCK27/SES277/SA277S12	SES180	-0.528709	-76.4523	-75.9236
BLOCK27/SES277/SA277S12	SES292	-1.07278	-76.9964	-75.9236
BLOCK27/SES277/SA277S14	SES177	-0.114189	-77.5663	-77.4521
BLOCK27/SES277/SA277S14	SES180	-1.27074	-78.7228	-77.4521
BLOCK27/SES277/SA277S14	SES189	-0.597191	-78.0493	-77.4521
BLOCK27/SES277/SA277S14	SES292	-2.53185	-79.9839	-77.4521
BLOCK27/SES277/SA277S21	SES177	-0.962219	-74.7146	-73.7524
BLOCK27/SES277/SA277S21	SES180	-1.31449	-75.0669	-73.7524
BLOCK27/SES277/SA277S21	SES189	-1.99052	-75.7429	-73.7524
BLOCK27/SES277/SA277S21	SES292	-1.57256	-75.325	-73.7524
BLOCK27/SES277/SA277S24	SES144	-1.19145	-77.3444	-76.153
BLOCK27/SES277/SA277S24	SES177	-0.325241	-76.4782	-76.153
BLOCK27/SES277/SA277S24	SES180	-1.11411	-77.2671	-76.153
BLOCK27/SES277/SA277S24	SES189	-0.408478	-76.5614	-76.153
BLOCK27/SES277/SA277S29	SES177	-0.560387	-73.6761	-73.1157
BLOCK27/SES277/SA277S29	SES180	-0.903603	-74.0193	-73.1157
BLOCK27/SES277/SA277S29	SES202	-2.38793	-75.5037	-73.1157
BLOCK27/SES277/SA277S29	SES292	-2.36729	-75.483	-73.1157
BLOCK27/SES279/SA279S09	SES120	-1.04429	-74.0782	-73.0339
BLOCK27/SES279/SA279S09	SES146	-0.269882	-73.3038	-73.0339
BLOCK27/SES279/SA279S09	SES206	-0.531052	-73.5649	-73.0339
BLOCK27/SES279/SA279S09	SES226	-0.902489	-73.9364	-73.0339
BLOCK27/SES279/SA279S10	SES099	0.193901	-72.2914	-72.4853
BLOCK27/SES279/SA279S10	SES206	-0.813019	-73.2983	-72.4853
BLOCK27/SES279/SA279S10	SES226	-1.27197	-73.7573	-72.4853
BLOCK27/SES279/SA279S10	SES292	-0.640167	-73.1255	-72.4853
BLOCK27/SES279/SA279S20	SES099	-0.659996	-73.3931	-72.7331
BLOCK27/SES279/SA279S20	SES206	-1.26921	-74.0023	-72.7331
BLOCK27/SES279/SA279S20	SES226	-1.42373	-74.1568	-72.7331
BLOCK27/SES279/SA279S20	SES292	-0.586693	-73.3198	-72.7331
BLOCK27/SES279/SA279S26	SES099	-0.543571	-74.9478	-74.4042
BLOCK27/SES279/SA279S26	SES206	-0.507126	-74.9114	-74.4042
BLOCK27/SES279/SA279S26	SES226	-0.348083	-74.7523	-74.4042
BLOCK27/SES279/SA279S26	SES292	-0.681923	-75.0862	-74.4042
BLOCK27/SES279/SA279S28	SES099	-0.407722	-74.2252	-73.8175
BLOCK27/SES279/SA279S28	SES120	-1.30482	-75.1223	-73.8175
BLOCK27/SES279/SA279S28	SES177	-2.12688	-75.9444	-73.8175
BLOCK27/SES279/SA279S28	SES206	-0.907524	-74.725	-73.8175
BLOCK29/SES290/SA290S12	SES162	0.60392	-71.5124	-72.1164
BLOCK29/SES290/SA290S12	SES177	-0.0243225	-72.1407	-72.1164
BLOCK29/SES290/SA290S12	SES180	-0.114235	-72.2306	-72.1164
BLOCK29/SES290/SA290S12	SES292	-2.13757	-74.2539	-72.1164
BLOCK29/SES290/SA290S13	SES007	-2.33746	-77.8622	-75.5248
BLOCK29/SES290/SA290S13	SES162	-0.300331	-75.8251	-75.5248
BLOCK29/SES290/SA290S13	SES177	-0.198402	-75.7232	-75.5248
BLOCK29/SES290/SA290S13	SES180	-0.266876	-75.7916	-75.5248
BLOCK29/SES290/SA290S22	SES177	-0.423195	-75.2628	-74.8396
BLOCK29/SES290/SA290S22	SES180	-0.153862	-74.9935	-74.8396
BLOCK29/SES290/SA290S22	SES202	-1.90431	-76.744	-74.8396
BLOCK29/SES290/SA290S22	SES292	-2.07041	-76.9101	-74.8396
BLOCK29/SES290/SA290S25	SES162	-1.81649	-76.0167	-74.2002
BLOCK29/SES290/SA290S25	SES177	-1.80999	-76.0102	-74.2002
BLOCK29/SES290/SA290S25	SES180	-10.2824	-84.4826	-74.2002
BLOCK29/SES290/SA290S25	SES292	-1.86864	-76.0688	-74.2002
BLOCK29/SES290/SA290S29	SES177	-1.00926	-76.5739	-75.5647
BLOCK29/SES290/SA290S29	SES180	-1.35621	-76.9209	-75.5647
BLOCK29/SES290/SA290S29	SES275	-2.47328	-78.0379	-75.5647
BLOCK29/SES290/SA290S29	SES292	-1.41333	-76.978	-75.5647
BLOCK29/SES291/SA291S11	SES105	-0.355728	-73.8138	-73.4581
BLOCK29/SES291/SA291S11	SES125	-3.91785	-77.3759	-73.4581
BLOCK29/SES291/SA291S11	SES158	0.471214	-72.9869	-73.4581
BLOCK29/SES291/SA291S11	SES275	-0.978859	-74.4369	-73.4581
BLOCK29/SES291/SA291S12	SES158	2.04888	-66.4124	-68.4613
BLOCK29/SES291/SA291S12	SES226	-0.0663452	-68.5276	-68.4613
BLOCK29/SES291/SA291S12	SES270	1.52208	-66.9392	-68.4613
BLOCK29/SES291/SA291S12	SES275	-1.45178	-69.913	-68.4613
BLOCK29/SES291/SA291S22	SES082	-0.781914	-74.2288	-73.4469
BLOCK29/SES291/SA291S22	SES158	-0.779564	-74.2264	-73.4469
BLOCK29/SES291/SA291S22	SES259	-1.83013	-75.277	-73.4469
BLOCK29/SES291/SA291S22	SES275	-2.18626	-75.6331	-73.4469
BLOCK29/SES291/SA291S24	SES104	0.986099	-72.7769	-73.763
BLOCK29/SES291/SA291S24	SES125	0.510345	-73.2526	-73.763
BLOCK29/SES291/SA291S24	SES158	0.643959	-73.119	-73.763
BLOCK29/SES291/SA291S24	SES275	-2.04729	-75.8103	-73.763
BLOCK29/SES291/SA291S27	SES158	1.44005	-73.1174	-74.5574
BLOCK29/SES291/SA291S27	SES172	-2.12344	-76.6809	-74.5574
BLOCK29/SES291/SA291S27	SES275	-1.84981	-76.4072	-74.5574
BLOCK29/SES291/SA291S27	SES292	-1.55163	-76.109	-74.5574
