BLOCK00/SES002/SA002S12	SES002	0.419651	-53.9372	-54.3568
BLOCK00/SES002/SA002S13	SES002	0.271336	-55.894	-56.1653
BLOCK00/SES002/SA002S23	SES002	0.0232811	-54.8843	-54.9075
BLOCK00/SES002/SA002S26	SES002	0.123852	-54.7606	-54.8844
BLOCK00/SES002/SA002S28	SES002	0.21632	-54.24	-54.4563
BLOCK00/SES007/SA007S14	SES007	0.794399	-52.8869	-53.6813
BLOCK00/SES007/SA007S15	SES007	0.0258293	-55.3685	-55.3944
BLOCK00/SES007/SA007S24	SES007	0.806496	-53.495	-54.3015
BLOCK00/SES007/SA007S27	SES007	0.194458	-57.4968	-57.6912
BLOCK00/SES007/SA007S29	SES007	-0.411255	-56.1471	-55.7358
BLOCK00/SES008/SA008S11	SES008	0.919125	-57.9375	-58.8566
BLOCK00/SES008/SA008S12	SES008	1.05601	-57.4179	-58.4739
BLOCK00/SES008/SA008S19	SES008	0.460484	-59.2668	-59.7273
BLOCK00/SES008/SA008S22	SES008	0.447182	-57.6218	-58.069
BLOCK00/SES008/SA008S29	SES008	0.999733	-57.7649	-58.7647
BLOCK01/SES014/SA014S10	SES014	-0.0500793	-57.5804	-57.5303
BLOCK01/SES014/SA014S12	SES014	0.523914	-54.9103	-55.4342
BLOCK01/SES014/SA014S24	SES014	0.329811	-54.9273	-55.2571
BLOCK01/SES014/SA014S26	SES014	0.688484	-53.7414	-54.4299
BLOCK01/SES014/SA014S28	SES014	0.803974	-57.3389	-58.1429
BLOCK01/SES016/SA016S12	SES016	-0.708202	-60.9645	-60.2563
BLOCK01/SES016/SA016S13	SES016	0.415909	-55.0584	-55.4743
BLOCK01/SES016/SA016S22	SES016	0.219009	-54.7522	-54.9712
BLOCK01/SES016/SA016S25	SES016	0.369087	-53.2697	-53.6388
BLOCK01/SES016/SA016S27	SES016	1.07658	-53.5143	-54.5909
BLOCK01/SES019/SA019S13	SES019	0.619286	-55.2023	-55.8216
BLOCK01/SES019/SA019S14	SES019	0.392384	-58.3362	-58.7286
BLOCK01/SES019/SA019S22	SES019	0.511032	-55.1252	-55.6362
BLOCK01/SES019/SA019S25	SES019	0.398384	-57.0442	-57.4426
BLOCK01/SES019/SA019S29	SES019	1.45823	-56.5726	-58.0309
BLOCK02/SES029/SA029S11	SES029	-0.611431	-56.3573	-55.7459
BLOCK02/SES029/SA029S12	SES029	-0.382835	-53.9151	-53.5323
BLOCK02/SES029/SA029S20	SES029	-0.312603	-57.495	-57.1824
BLOCK02/SES029/SA029S25	SES029	0.074234	-55.4024	-55.4766
BLOCK02/SES029/SA029S28	SES029	-0.231461	-57.0977	-56.8662
BLOCK04/SES042/SA042S12	SES042	0.658379	-55.2881	-55.9465
BLOCK04/SES042/SA042S15	SES042	0.769981	-52.0844	-52.8544
BLOCK04/SES042/SA042S22	SES042	1.64908	-50.7411	-52.3902
BLOCK04/SES042/SA042S25	SES042	0.617489	-54.8399	-55.4574
BLOCK04/SES042/SA042S27	SES042	1.33044	-51.4638	-52.7942
BLOCK04/SES048/SA048S11	SES048	0.428249	-53.0604	-53.4887
BLOCK04/SES048/SA048S12	SES048	0.0012207	-54.6634	-54.6646
BLOCK04/SES048/SA048S20	SES048	0.310432	-54.2706	-54.581
BLOCK04/SES048/SA048S23	SES048	0.463799	-56.8914	-57.3552
BLOCK04/SES048/SA048S27	SES048	0.0450821	-54.0953	-54.1403
BLOCK06/SES060/SA060S11	SES060	0.349766	-52.9889	-53.3386
BLOCK06/SES060/SA060S12	SES060	0.187996	-54.6154	-54.8034
BLOCK06/SES060/SA060S22	SES060	-0.98296	-57.3438	-56.3608
BLOCK06/SES060/SA060S24	SES060	0.505409	-54.4116	-54.917
BLOCK06/SES060/SA060S28	SES060	0.639103	-53.2067	-53.8458
BLOCK06/SES062/SA062S10	SES062	0.0678787	-53.9773	-54.0452
BLOCK06/SES062/SA062S11	SES062	-0.644257	-57.4159	-56.7717
BLOCK06/SES062/SA062S21	SES062	-0.44759	-52.5523	-52.1047
BLOCK06/SES062/SA062S26	SES062	-0.203716	-55.8595	-55.6558
BLOCK06/SES062/SA062S29	SES062	0.392124	-53.6927	-54.0849
BLOCK06/SES068/SA068S14	SES068	-0.0116043	-56.0948	-56.0832
BLOCK06/SES068/SA068S15	SES068	0.598522	-55.3887	-55.9872
BLOCK06/SES068/SA068S23	SES068	0.431896	-56.5566	-56.9885
BLOCK06/SES068/SA068S27	SES068	0.920906	-54.5433	-55.4642
BLOCK06/SES068/SA068S29	SES068	-0.131046	-56.6419	-56.5109
BLOCK08/SES082/SA082S12	SES082	-0.785061	-57.0213	-56.2362
BLOCK08/SES082/SA082S14	SES082	0.169849	-58.4575	-58.6273
BLOCK08/SES082/SA082S21	SES082	-0.439011	-57.3912	-56.9522
BLOCK08/SES082/SA082S24	SES082	0.184967	-55.9253	-56.1103
BLOCK08/SES082/SA082S28	SES082	0.0533104	-56.3039	-56.3572
BLOCK08/SES083/SA083S14	SES083	-0.0859413	-55.8561	-55.7701
BLOCK08/SES083/SA083S15	SES083	0.672783	-52.5726	-53.2454
BLOCK08/SES083/SA083S24	SES083	0.458397	-54.2948	-54.7532
BLOCK08/SES083/SA083S26	SES083	0.152641	-54.1111	-54.2638
BLOCK08/SES083/SA083S29	SES083	0.247265	-54.4882	-54.7354
BLOCK08/SES085/SA085S10	SES085	-0.0359421	-55.4938	-55.4578
BLOCK08/SES085/SA085S13	SES085	-0.319275	-57.0189	-56.6996
BLOCK08/SES085/SA085S22	SES085	-0.597687	-57.3393	-56.7417
BLOCK08/SES085/SA085S26	SES085	-0.24437	-54.8998	-54.6555
BLOCK08/SES085/SA085S28	SES085	0.290218	-55.0728	-55.363
BLOCK08/SES087/SA087S15	SES087	0.33469	-58.1435	-58.4782
BLOCK08/SES087/SA087S16	SES087	0.524334	-59.5488	-60.0731
BLOCK08/SES087/SA087S24	SES087	-0.490974	-54.4719	-53.981
BLOCK08/SES087/SA087S26	SES087	-0.275028	-54.8306	-54.5555
BLOCK08/SES087/SA087S29	SES087	-0.0511131	-58.2266	-58.1754
BLOCK09/SES099/SA099S15	SES099	-0.213913	-55.4123	-55.1983
BLOCK09/SES099/SA099S16	SES099	-0.389778	-57.6276	-57.2379
BLOCK09/SES099/SA099S24	SES099	-1.0942	-58.133	-57.0388
BLOCK09/SES099/SA099S26	SES099	0.0440292	-54.9399	-54.984
BLOCK09/SES099/SA099S29	SES099	-0.065197	-56.3303	-56.2651
BLOCK10/SES101/SA101S11	SES101	-nan	-nan	-53.5365
BLOCK10/SES101/SA101S13	SES101	-nan	-nan	-53.2792
BLOCK10/SES101/SA101S22	SES101	-nan	-nan	-57.6173
BLOCK10/SES101/SA101S24	SES101	-nan	-nan	-54.0774
BLOCK10/SES101/SA101S28	SES101	-nan	-nan	-54.9263
BLOCK10/SES104/SA104S11	SES104	0.340149	-53.5474	-53.8875
BLOCK10/SES104/SA104S12	SES104	-0.22781	-57.7729	-57.5451
BLOCK10/SES104/SA104S21	SES104	-2.38188	-60.2624	-57.8805
BLOCK10/SES104/SA104S24	SES104	-0.470112	-54.532	-54.0619
BLOCK10/SES104/SA104S28	SES104	0.126942	-56.9216	-57.0486
BLOCK10/SES105/SA105S12	SES105	0.331219	-54.0526	-54.3838
BLOCK10/SES105/SA105S13	SES105	0.173775	-53.929	-54.1027
BLOCK10/SES105/SA105S22	SES105	0.133934	-55.6765	-55.8104
BLOCK10/SES105/SA105S26	SES105	0.147537	-55.8145	-55.9621
BLOCK10/SES105/SA105S29	SES105	0.847012	-53.0845	-53.9315
BLOCK10/SES106/SA106S09	SES106	0.16098	-55.2252	-55.3862
BLOCK10/SES106/SA106S11	SES106	0.368607	-54.0901	-54.4587
BLOCK10/SES106/SA106S22	SES106	0.319111	-54.8353	-55.1544
BLOCK10/SES106/SA106S27	SES106	0.124054	-53.2344	-53.3584
BLOCK10/SES106/SA106S29	SES106	0.259079	-52.5928	-52.8519
BLOCK11/SES117/SA117S12	SES117	-0.112122	-56.9532	-56.8411
BLOCK11/SES117/SA117S13	SES117	-0.930981	-58.6923	-57.7613
BLOCK11/SES117/SA117S23	SES117	0.0426636	-57.8946	-57.9372
BLOCK11/SES117/SA117S25	SES117	-0.155846	-56.2858	-56.13
BLOCK11/SES117/SA117S28	SES117	0.210918	-57.0805	-57.2914
BLOCK12/SES120/SA120S08	SES120	-0.247669	-54.0752	-53.8275
BLOCK12/SES120/SA120S11	SES120	-0.53891	-56.0002	-55.4613
BLOCK12/SES120/SA120S22	SES120	-0.139454	-55.3729	-55.2334
BLOCK12/SES120/SA120S24	SES120	0.221001	-54.8329	-55.0539
BLOCK12/SES120/SA120S28	SES120	-0.415703	-57.9989	-57.5832
BLOCK12/SES125/SA125S13	SES125	0.399036	-53.732	-54.131
BLOCK12/SES125/SA125S14	SES125	0.1134	-53.5325	-53.6459
BLOCK12/SES125/SA125S25	SES125	0.860218	-55.5981	-56.4584
BLOCK12/SES125/SA125S27	SES125	0.731701	-53.1956	-53.9273
BLOCK12/SES125/SA125S29	SES125	0.286785	-56.0203	-56.3071
BLOCK12/SES127/SA127S11	SES127	-0.376553	-57.766	-57.3895
BLOCK12/SES127/SA127S12	SES127	-0.110271	-54.8973	-54.787
BLOCK12/SES127/SA127S23	SES127	-0.480751	-54.8397	-54.359
BLOCK12/SES127/SA127S25	SES127	-0.966339	-56.3678	-55.4014
BLOCK12/SES127/SA127S27	SES127	-0.109863	-55.1705	-55.0606
BLOCK12/SES129/SA129S11	SES129	0.590416	-53.9346	-54.525
BLOCK12/SES129/SA129S12	SES129	0.873371	-53.5081	-54.3815
BLOCK12/SES129/SA129S22	SES129	0.722721	-55.6509	-56.3736
BLOCK12/SES129/SA129S27	SES129	0.484993	-56.2645	-56.7495
BLOCK12/SES129/SA129S29	SES129	0.423134	-53.2877	-53.7108
BLOCK14/SES142/SA142S11	SES142	1.1932	-54.966	-56.1592
BLOCK14/SES142/SA142S12	SES142	0.677063	-56.1665	-56.8435
BLOCK14/SES142/SA142S24	SES142	1.35064	-53.9544	-55.3051
BLOCK14/SES142/SA142S27	SES142	1.16823	-55.3574	-56.5257
BLOCK14/SES142/SA142S29	SES142	1.35518	-53.4298	-54.785
BLOCK14/SES143/SA143S12	SES143	0.013195	-55.7053	-55.7185
BLOCK14/SES143/SA143S13	SES143	-0.289967	-56.7797	-56.4898
BLOCK14/SES143/SA143S23	SES143	0.106403	-56.1327	-56.2391
BLOCK14/SES143/SA143S25	SES143	0.363354	-54.9351	-55.2985
BLOCK14/SES143/SA143S28	SES143	0.311584	-54.294	-54.6056
BLOCK14/SES144/SA144S09	SES144	-0.319416	-56.7213	-56.4019
BLOCK14/SES144/SA144S11	SES144	0.374153	-56.6742	-57.0484
BLOCK14/SES144/SA144S21	SES144	-0.271683	-57.698	-57.4263
BLOCK14/SES144/SA144S25	SES144	-0.192303	-56.4015	-56.2091
BLOCK14/SES144/SA144S29	SES144	-0.534069	-57.2722	-56.7381
BLOCK14/SES146/SA146S14	SES146	0.723259	-55.8034	-56.5267
BLOCK14/SES146/SA146S15	SES146	-0.399055	-58.3894	-57.9903
BLOCK14/SES146/SA146S24	SES146	-0.0594482	-53.7148	-53.6553
BLOCK14/SES146/SA146S26	SES146	0.435551	-53.1844	-53.6199
BLOCK14/SES146/SA146S29	SES146	0.20647	-54.7234	-54.9299
BLOCK14/SES147/SA147S11	SES147	0.014698	-54.0084	-54.0231
BLOCK14/SES147/SA147S13	SES147	-0.17437	-55.1337	-54.9593
BLOCK14/SES147/SA147S23	SES147	0.157055	-54.9447	-55.1017
BLOCK14/SES147/SA147S26	SES147	-0.0884018	-55.5402	-55.4518
BLOCK14/SES147/SA147S28	SES147	0.0770111	-55.3148	-55.3918
BLOCK14/SES148/SA148S10	SES148	1.04046	-57.2076	-58.2481
BLOCK14/SES148/SA148S12	SES148	-0.168217	-57.9145	-57.7463
BLOCK14/SES148/SA148S22	SES148	0.532524	-57.2261	-57.7586
BLOCK14/SES148/SA148S26	SES148	-1.9853	-56.6028	-54.6175
BLOCK14/SES148/SA148S29	SES148	-0.358318	-57.2537	-56.8954
BLOCK14/SES149/SA149S13	SES149	-0.96682	-53.3741	-52.4072
BLOCK14/SES149/SA149S14	SES149	0.100849	-57.3018	-57.4027
BLOCK14/SES149/SA149S24	SES149	0.382477	-57.3578	-57.7403
BLOCK14/SES149/SA149S26	SES149	0.692898	-53.4473	-54.1402
BLOCK14/SES149/SA149S28	SES149	-0.17371	-56.2118	-56.0381
BLOCK15/SES158/SA158S13	SES158	1.46212	-51.5448	-53.0069
BLOCK15/SES158/SA158S14	SES158	0.295895	-55.6524	-55.9483
BLOCK15/SES158/SA158S23	SES158	0.72892	-52.2018	-52.9307
BLOCK15/SES158/SA158S26	SES158	1.19938	-53.5383	-54.7377
BLOCK15/SES158/SA158S28	SES158	0.442062	-55.0362	-55.4782
BLOCK16/SES162/SA162S10	SES162	0.836578	-54.7349	-55.5715
BLOCK16/SES162/SA162S11	SES162	0.151127	-53.7079	-53.8591
BLOCK16/SES162/SA162S21	SES162	0.47403	-55.0625	-55.5365
BLOCK16/SES162/SA162S24	SES162	0.48587	-55.6217	-56.1076
BLOCK16/SES162/SA162S27	SES162	0.421608	-54.9715	-55.3931
BLOCK16/SES167/SA167S14	SES167	1.3065	-56.2727	-57.5792
BLOCK16/SES167/SA167S15	SES167	0.123524	-57.7484	-57.8719
BLOCK16/SES167/SA167S21	SES167	1.30151	-57.7361	-59.0376
BLOCK16/SES167/SA167S25	SES167	1.63461	-58.4295	-60.0641
BLOCK16/SES167/SA167S29	SES167	0.785278	-57.7615	-58.5468
BLOCK17/SES172/SA172S12	SES172	-0.21743	-56.1429	-55.9255
BLOCK17/SES172/SA172S13	SES172	0.0449295	-57.3252	-57.3701
BLOCK17/SES172/SA172S23	SES172	0.501213	-55.0294	-55.5306
BLOCK17/SES172/SA172S27	SES172	-0.351246	-58.3089	-57.9576
BLOCK17/SES172/SA172S29	SES172	-0.175385	-58.9027	-58.7273
BLOCK17/SES175/SA175S11	SES175	-0.0741272	-55.3376	-55.2634
BLOCK17/SES175/SA175S13	SES175	0.622276	-53.1124	-53.7347
BLOCK17/SES175/SA175S23	SES175	-0.127625	-56.6252	-56.4976
BLOCK17/SES175/SA175S25	SES175	-0.414391	-56.4458	-56.0314
BLOCK17/SES175/SA175S28	SES175	-0.0798607	-55.2247	-55.1448
BLOCK17/SES177/SA177S15	SES177	0.398666	-54.912	-55.3107
BLOCK17/SES177/SA177S17	SES177	-0.341511	-55.8851	-55.5436
BLOCK17/SES177/SA177S23	SES177	-0.666241	-56.5932	-55.927
BLOCK17/SES177/SA177S26	SES177	0.345821	-51.635	-51.9808
BLOCK17/SES177/SA177S28	SES177	0.507313	-53.1594	-53.6668
BLOCK18/SES180/SA180S13	SES180	-0.0922012	-55.8506	-55.7584
BLOCK18/SES180/SA180S15	SES180	0.309895	-56.9692	-57.2791
BLOCK18/SES180/SA180S24	SES180	-0.286018	-53.4424	-53.1564
BLOCK18/SES180/SA180S26	SES180	-0.0368233	-54.2693	-54.2325
BLOCK18/SES180/SA180S29	SES180	-0.563595	-56.3826	-55.819
BLOCK18/SES183/SA183S13	SES183	0.2822	-56.4695	-56.7517
BLOCK18/SES183/SA183S14	SES183	-1.17043	-54.0649	-52.8945
BLOCK18/SES183/SA183S24	SES183	0.402157	-55.9416	-56.3438
BLOCK18/SES183/SA183S27	SES183	0.373135	-58.1959	-58.5691
BLOCK18/SES183/SA183S29	SES183	0.573036	-55.6346	-56.2077
BLOCK18/SES187/SA187S13	SES187	-0.406162	-57.1212	-56.7151
BLOCK18/SES187/SA187S14	SES187	0.142193	-55.435	-55.5772
BLOCK18/SES187/SA187S24	SES187	-0.101418	-59.4366	-59.3352
BLOCK18/SES187/SA187S27	SES187	-0.190002	-59.7648	-59.5748
BLOCK18/SES187/SA187S29	SES187	0.0784454	-55.8601	-55.9386
BLOCK18/SES189/SA189S10	SES189	1.43267	-54.0869	-55.5196
BLOCK18/SES189/SA189S13	SES189	2.02792	-55.0806	-57.1085
BLOCK18/SES189/SA189S24	SES189	1.81898	-53.4416	-55.2606
BLOCK18/SES189/SA189S26	SES189	0.653423	-54.5726	-55.226
BLOCK18/SES189/SA189S29	SES189	1.34465	-54.9826	-56.3272
BLOCK20/SES202/SA202S12	SES202	0.20155	-56.8134	-57.015
BLOCK20/SES202/SA202S14	SES202	0.540607	-54.7552	-55.2959
BLOCK20/SES202/SA202S24	SES202	-0.193169	-57.0751	-56.882
BLOCK20/SES202/SA202S27	SES202	0.525845	-55.8009	-56.3267
BLOCK20/SES202/SA202S29	SES202	0.822876	-54.6137	-55.4366
BLOCK20/SES206/SA206S15	SES206	-0.304527	-54.1275	-53.823
BLOCK20/SES206/SA206S17	SES206	0.153633	-54.5366	-54.6902
BLOCK20/SES206/SA206S24	SES206	1.31486	-52.3991	-53.7139
BLOCK20/SES206/SA206S27	SES206	0.180683	-54.6722	-54.8528
BLOCK20/SES206/SA206S29	SES206	1.01089	-51.2319	-52.2428
BLOCK22/SES226/SA226S12	SES226	-0.0650024	-55.0361	-54.9711
BLOCK22/SES226/SA226S13	SES226	-1.19355	-54.0541	-52.8605
BLOCK22/SES226/SA226S20	SES226	-0.619736	-56.5946	-55.9749
BLOCK22/SES226/SA226S23	SES226	0.164837	-55.7113	-55.8761
BLOCK22/SES226/SA226S28	SES226	-0.569527	-57.4768	-56.9073
BLOCK25/SES259/SA259S13	SES259	1.54967	-51.0528	-52.6025
BLOCK25/SES259/SA259S14	SES259	0.992649	-52.8137	-53.8063
BLOCK25/SES259/SA259S22	SES259	0.616093	-51.7507	-52.3667
BLOCK25/SES259/SA259S24	SES259	1.23241	-51.2299	-52.4623
BLOCK25/SES259/SA259S28	SES259	0.560307	-52.8373	-53.3976
BLOCK27/SES270/SA270S14	SES270	0.498299	-56.6879	-57.1862
BLOCK27/SES270/SA270S16	SES270	-0.390774	-56.0459	-55.6551
BLOCK27/SES270/SA270S22	SES270	0.441833	-56.4625	-56.9043
BLOCK27/SES270/SA270S26	SES270	0.347168	-57.1657	-57.5129
BLOCK27/SES270/SA270S28	SES270	0.266048	-57.5652	-57.8312
BLOCK27/SES275/SA275S17	SES275	-0.190937	-55.9994	-55.8084
BLOCK27/SES275/SA275S18	SES275	-0.123001	-54.6651	-54.5421
BLOCK27/SES275/SA275S24	SES275	0.238636	-56.2792	-56.5178
BLOCK27/SES275/SA275S26	SES275	-0.103676	-55.6169	-55.5132
BLOCK27/SES275/SA275S28	SES275	-0.469925	-55.4249	-54.955
BLOCK29/SES292/SA292S10	SES292	-0.313358	-55.4963	-55.1829
BLOCK29/SES292/SA292S12	SES292	0.0556221	-58.4056	-58.4613
BLOCK29/SES292/SA292S22	SES292	-0.578827	-55.8128	-55.234
BLOCK29/SES292/SA292S24	SES292	-0.203056	-57.7129	-57.5098
BLOCK29/SES292/SA292S27	SES292	-0.205856	-55.8649	-55.659
BLOCK00/SES001/SA001S14	SES062	-0.934059	-55.913	-54.9789
BLOCK00/SES001/SA001S14	SES082	-1.09287	-56.0718	-54.9789
BLOCK00/SES001/SA001S14	SES106	-0.779984	-55.7589	-54.9789
BLOCK00/SES001/SA001S14	SES206	-1.57857	-56.5575	-54.9789
BLOCK00/SES001/SA001S15	SES062	-0.764	-55.5851	-54.8211
BLOCK00/SES001/SA001S15	SES104	-0.918568	-55.7397	-54.8211
BLOCK00/SES001/SA001S15	SES106	-1.05465	-55.8758	-54.8211
BLOCK00/SES001/SA001S15	SES206	-0.922615	-55.7437	-54.8211
BLOCK00/SES001/SA001S24	SES062	-0.79937	-53.3166	-52.5173
BLOCK00/SES001/SA001S24	SES082	-1.18961	-53.7069	-52.5173
BLOCK00/SES001/SA001S24	SES087	-1.23697	-53.7542	-52.5173
BLOCK00/SES001/SA001S24	SES206	-0.829861	-53.3471	-52.5173
BLOCK00/SES001/SA001S27	SES062	-0.841091	-55.3801	-54.539
BLOCK00/SES001/SA001S27	SES082	-1.31635	-55.8554	-54.539
BLOCK00/SES001/SA001S27	SES087	-0.919106	-55.4581	-54.539
BLOCK00/SES001/SA001S27	SES206	-0.874039	-55.413	-54.539
BLOCK00/SES001/SA001S29	SES062	-1.61005	-56.9569	-55.3468
BLOCK00/SES001/SA001S29	SES082	-0.976227	-56.3231	-55.3468
BLOCK00/SES001/SA001S29	SES158	-0.95509	-56.3019	-55.3468
BLOCK00/SES001/SA001S29	SES206	-0.968407	-56.3152	-55.3468
BLOCK00/SES003/SA003S11	SES002	-0.642242	-58.2609	-57.6187
BLOCK00/SES003/SA003S11	SES019	-1.68309	-59.3018	-57.6187
BLOCK00/SES003/SA003S11	SES082	-0.579544	-58.1982	-57.6187
BLOCK00/SES003/SA003S11	SES125	-0.499767	-58.1185	-57.6187
BLOCK00/SES003/SA003S15	SES016	-0.706043	-54.6177	-53.9116
BLOCK00/SES003/SA003S15	SES019	-0.629093	-54.5407	-53.9116
BLOCK00/SES003/SA003S15	SES062	-0.467628	-54.3793	-53.9116
BLOCK00/SES003/SA003S15	SES206	-1.18815	-55.0998	-53.9116
BLOCK00/SES003/SA003S22	SES002	-0.8857	-54.5226	-53.6369
BLOCK00/SES003/SA003S22	SES062	-1.18226	-54.8192	-53.6369
BLOCK00/SES003/SA003S22	SES082	-1.57146	-55.2084	-53.6369
BLOCK00/SES003/SA003S22	SES087	-1.38813	-55.0251	-53.6369
BLOCK00/SES003/SA003S25	SES062	-1.61469	-62.4964	-60.8817
BLOCK00/SES003/SA003S25	SES082	-1.68033	-62.562	-60.8817
BLOCK00/SES003/SA003S25	SES087	-1.08339	-61.9651	-60.8817
BLOCK00/SES003/SA003S25	SES206	-2.13784	-63.0195	-60.8817
BLOCK00/SES003/SA003S29	SES002	-0.699875	-58.8751	-58.1752
BLOCK00/SES003/SA003S29	SES062	-1.31449	-59.4897	-58.1752
BLOCK00/SES003/SA003S29	SES082	-0.846581	-59.0218	-58.1752
BLOCK00/SES003/SA003S29	SES087	-1.4106	-59.5858	-58.1752
BLOCK00/SES004/SA004S12	SES083	-1.03704	-57.0613	-56.0243
BLOCK00/SES004/SA004S12	SES148	-2.36184	-58.3861	-56.0243
BLOCK00/SES004/SA004S12	SES172	-0.413826	-56.4381	-56.0243
BLOCK00/SES004/SA004S12	SES292	-1.08675	-57.111	-56.0243
BLOCK00/SES004/SA004S17	SES083	-0.919125	-56.7199	-55.8008
BLOCK00/SES004/SA004S17	SES162	-0.269951	-56.0707	-55.8008
BLOCK00/SES004/SA004S17	SES172	-0.625511	-56.4263	-55.8008
BLOCK00/SES004/SA004S17	SES292	-0.610325	-56.4111	-55.8008
BLOCK00/SES004/SA004S24	SES083	-0.421104	-55.7467	-55.3256
BLOCK00/SES004/SA004S24	SES148	-1.72355	-57.0491	-55.3256
BLOCK00/SES004/SA004S24	SES172	-0.3769	-55.7025	-55.3256
BLOCK00/SES004/SA004S24	SES292	-0.749561	-56.0751	-55.3256
BLOCK00/SES004/SA004S26	SES083	-0.545486	-55.7518	-55.2064
BLOCK00/SES004/SA004S26	SES127	-0.972355	-56.1787	-55.2064
BLOCK00/SES004/SA004S26	SES148	-1.89175	-57.0981	-55.2064
BLOCK00/SES004/SA004S26	SES292	-0.869293	-56.0756	-55.2064
BLOCK00/SES004/SA004S28	SES083	-0.712929	-57.6866	-56.9737
BLOCK00/SES004/SA004S28	SES127	-0.588017	-57.5617	-56.9737
BLOCK00/SES004/SA004S28	SES187	-0.153625	-57.1273	-56.9737
BLOCK00/SES004/SA004S28	SES292	-1.00593	-57.9796	-56.9737
BLOCK00/SES006/SA006S10	SES014	-2.63746	-59.2077	-56.5703
BLOCK00/SES006/SA006S10	SES158	-1.10382	-57.6741	-56.5703
BLOCK00/SES006/SA006S10	SES226	-2.31369	-58.884	-56.5703
BLOCK00/SES006/SA006S10	SES270	-0.0147896	-56.5851	-56.5703
BLOCK00/SES006/SA006S11	SES158	-1.73604	-59.7082	-57.9721
BLOCK00/SES006/SA006S11	SES226	-1.60879	-59.5809	-57.9721
BLOCK00/SES006/SA006S11	SES270	-0.585094	-58.5572	-57.9721
BLOCK00/SES006/SA006S11	SES275	-1.59082	-59.5629	-57.9721
BLOCK00/SES006/SA006S23	SES062	-1.65018	-60.8166	-59.1665
BLOCK00/SES006/SA006S23	SES105	-1.98103	-61.1475	-59.1665
BLOCK00/SES006/SA006S23	SES158	-1.90432	-61.0708	-59.1665
BLOCK00/SES006/SA006S23	SES275	-1.09562	-60.2621	-59.1665
BLOCK00/SES006/SA006S26	SES104	-0.997158	-58.7721	-57.775
BLOCK00/SES006/SA006S26	SES158	-1.44884	-59.2238	-57.775
BLOCK00/SES006/SA006S26	SES270	-0.545708	-58.3207	-57.775
BLOCK00/SES006/SA006S26	SES275	-1.61961	-59.3946	-57.775
BLOCK00/SES006/SA006S28	SES007	-0.408726	-56.6119	-56.2031
BLOCK00/SES006/SA006S28	SES105	-1.01873	-57.2219	-56.2031
BLOCK00/SES006/SA006S28	SES158	-0.917202	-57.1203	-56.2031
BLOCK00/SES006/SA006S28	SES275	-0.991589	-57.1947	-56.2031
BLOCK00/SES009/SA009S12	SES083	-0.868824	-56.6882	-55.8194
BLOCK00/SES009/SA009S12	SES148	-1.92078	-57.7401	-55.8194
BLOCK00/SES009/SA009S12	SES177	-0.837238	-56.6566	-55.8194
BLOCK00/SES009/SA009S12	SES292	-0.861637	-56.681	-55.8194
BLOCK00/SES009/SA009S15	SES007	0.26899	-54.3085	-54.5775
BLOCK00/SES009/SA009S15	SES099	-1.176	-55.7535	-54.5775
BLOCK00/SES009/SA009S15	SES148	-1.78489	-56.3624	-54.5775
BLOCK00/SES009/SA009S15	SES172	-0.742767	-55.3203	-54.5775
BLOCK00/SES009/SA009S24	SES146	-0.727993	-56.8643	-56.1363
BLOCK00/SES009/SA009S24	SES148	-1.74511	-57.8814	-56.1363
BLOCK00/SES009/SA009S24	SES177	-0.106056	-56.2424	-56.1363
BLOCK00/SES009/SA009S24	SES292	-0.783947	-56.9203	-56.1363
BLOCK00/SES009/SA009S26	SES083	-1.41554	-57.3705	-55.9549
BLOCK00/SES009/SA009S26	SES101	-nan	-nan	-55.9549
BLOCK00/SES009/SA009S26	SES120	-1.00239	-56.9573	-55.9549
BLOCK00/SES009/SA009S26	SES177	-0.929226	-56.8842	-55.9549
BLOCK00/SES009/SA009S29	SES083	-1.00962	-57.2637	-56.2541
BLOCK00/SES009/SA009S29	SES101	-nan	-nan	-56.2541
BLOCK00/SES009/SA009S29	SES177	-0.676788	-56.9309	-56.2541
BLOCK00/SES009/SA009S29	SES292	-0.453995	-56.7081	-56.2541
BLOCK01/SES011/SA011S10	SES019	-0.935375	-56.2252	-55.2898
BLOCK01/SES011/SA011S10	SES042	0.0281601	-55.2617	-55.2898
BLOCK01/SES011/SA011S10	SES082	-1.08355	-56.3734	-55.2898
BLOCK01/SES011/SA011S10	SES206	-1.10115	-56.391	-55.2898
BLOCK01/SES011/SA011S11	SES019	-1.04261	-57.0101	-55.9674
BLOCK01/SES011/SA011S11	SES042	0.142582	-55.8249	-55.9674
BLOCK01/SES011/SA011S11	SES082	-1.66325	-57.6307	-55.9674
BLOCK01/SES011/SA011S11	SES206	-0.810997	-56.7784	-55.9674
BLOCK01/SES011/SA011S22	SES019	-0.0179672	-56.6512	-56.6332
BLOCK01/SES011/SA011S22	SES042	0.622517	-56.0107	-56.6332
BLOCK01/SES011/SA011S22	SES082	-0.76564	-57.3988	-56.6332
BLOCK01/SES011/SA011S22	SES206	-0.45034	-57.0835	-56.6332
BLOCK01/SES011/SA011S24	SES019	-0.835838	-55.9307	-55.0949
BLOCK01/SES011/SA011S24	SES042	0.529976	-54.5649	-55.0949
BLOCK01/SES011/SA011S24	SES104	-0.791534	-55.8864	-55.0949
BLOCK01/SES011/SA011S24	SES206	-0.987267	-56.0821	-55.0949
BLOCK01/SES011/SA011S27	SES082	-0.753181	-57.8296	-57.0764
BLOCK01/SES011/SA011S27	SES087	-0.931789	-58.0082	-57.0764
BLOCK01/SES011/SA011S27	SES125	-0.0354385	-57.1119	-57.0764
BLOCK01/SES011/SA011S27	SES206	-0.862888	-57.9393	-57.0764
BLOCK01/SES012/SA012S11	SES007	0.094101	-52.7507	-52.8448
BLOCK01/SES012/SA012S11	SES082	-1.33354	-54.1783	-52.8448
BLOCK01/SES012/SA012S11	SES083	0.0886955	-52.7561	-52.8448
BLOCK01/SES012/SA012S11	SES206	0.125286	-52.7195	-52.8448
BLOCK01/SES012/SA012S14	SES082	-0.269463	-54.1019	-53.8325
BLOCK01/SES012/SA012S14	SES087	-0.938225	-54.7707	-53.8325
BLOCK01/SES012/SA012S14	SES206	-0.153389	-53.9859	-53.8325
BLOCK01/SES012/SA012S14	SES292	-0.997147	-54.8296	-53.8325
BLOCK01/SES012/SA012S24	SES082	0.00982285	-56.5269	-56.5368
BLOCK01/SES012/SA012S24	SES087	-1.15118	-57.6879	-56.5368
BLOCK01/SES012/SA012S24	SES120	-1.09621	-57.633	-56.5368
BLOCK01/SES012/SA012S24	SES206	-0.141792	-56.6785	-56.5368
BLOCK01/SES012/SA012S26	SES019	-1.4516	-55.625	-54.1734
BLOCK01/SES012/SA012S26	SES082	-1.44146	-55.6149	-54.1734
BLOCK01/SES012/SA012S26	SES206	-0.93438	-55.1078	-54.1734
BLOCK01/SES012/SA012S26	SES292	-1.0898	-55.2632	-54.1734
BLOCK01/SES012/SA012S29	SES062	-0.816692	-54.4627	-53.6461
BLOCK01/SES012/SA012S29	SES082	-0.888355	-54.5344	-53.6461
BLOCK01/SES012/SA012S29	SES083	-0.653122	-54.2992	-53.6461
BLOCK01/SES012/SA012S29	SES206	0.912666	-52.7334	-53.6461
BLOCK01/SES013/SA013S16	SES062	-1.45751	-59.8041	-58.3466
BLOCK01/SES013/SA013S16	SES106	-1.38821	-59.7348	-58.3466
BLOCK01/SES013/SA013S16	SES206	-1.7045	-60.0511	-58.3466
BLOCK01/SES013/SA013S16	SES226	-1.26758	-59.6142	-58.3466
BLOCK01/SES013/SA013S17	SES062	-0.816429	-59.5253	-58.7089
BLOCK01/SES013/SA013S17	SES106	-1.29004	-59.9989	-58.7089
BLOCK01/SES013/SA013S17	SES206	-0.912098	-59.621	-58.7089
BLOCK01/SES013/SA013S17	SES226	-0.589817	-59.2987	-58.7089
BLOCK01/SES013/SA013S23	SES104	-1.00077	-60.5938	-59.593
BLOCK01/SES013/SA013S23	SES106	-0.66843	-60.2614	-59.593
BLOCK01/SES013/SA013S23	SES206	-1.38466	-60.9777	-59.593
BLOCK01/SES013/SA013S23	SES270	-0.411598	-60.0046	-59.593
BLOCK01/SES013/SA013S25	SES042	-1.48783	-58.1729	-56.685
BLOCK01/SES013/SA013S25	SES104	-0.920502	-57.6055	-56.685
BLOCK01/SES013/SA013S25	SES106	-0.530617	-57.2157	-56.685
BLOCK01/SES013/SA013S25	SES206	-1.06249	-57.7475	-56.685
BLOCK01/SES013/SA013S29	SES062	-1.21092	-59.172	-57.9611
BLOCK01/SES013/SA013S29	SES104	-0.940735	-58.9019	-57.9611
BLOCK01/SES013/SA013S29	SES106	-0.797626	-58.7587	-57.9611
BLOCK01/SES013/SA013S29	SES206	-1.82878	-59.7899	-57.9611
BLOCK02/SES021/SA021S13	SES016	-1.20648	-56.2742	-55.0677
BLOCK02/SES021/SA021S13	SES029	-0.64481	-55.7125	-55.0677
BLOCK02/SES021/SA021S13	SES087	-0.626099	-55.6938	-55.0677
BLOCK02/SES021/SA021S13	SES206	-0.494324	-55.562	-55.0677
BLOCK02/SES021/SA021S15	SES087	-0.526535	-56.1119	-55.5854
BLOCK02/SES021/SA021S15	SES125	0.119484	-55.4659	-55.5854
BLOCK02/SES021/SA021S15	SES206	-0.45208	-56.0374	-55.5854
BLOCK02/SES021/SA021S15	SES226	-0.931931	-56.5173	-55.5854
BLOCK02/SES021/SA021S23	SES062	-0.814083	-60.4797	-59.6656
BLOCK02/SES021/SA021S23	SES087	0.455906	-59.2097	-59.6656
BLOCK02/SES021/SA021S23	SES206	-0.807194	-60.4728	-59.6656
BLOCK02/SES021/SA021S23	SES226	-0.222324	-59.8879	-59.6656
BLOCK02/SES021/SA021S27	SES002	-1.20145	-59.0489	-57.8475
BLOCK02/SES021/SA021S27	SES016	-2.25076	-60.0982	-57.8475
BLOCK02/SES021/SA021S27	SES019	-0.834873	-58.6823	-57.8475
BLOCK02/SES021/SA021S27	SES062	-0.523335	-58.3708	-57.8475
BLOCK02/SES021/SA021S29	SES087	-0.38303	-59.3172	-58.9342
BLOCK02/SES021/SA021S29	SES125	-1.6517	-60.5859	-58.9342
BLOCK02/SES021/SA021S29	SES206	-0.833649	-59.7678	-58.9342
BLOCK02/SES021/SA021S29	SES226	-0.922794	-59.857	-58.9342
BLOCK04/SES043/SA043S09	SES083	0.285488	-53.7053	-53.9908
BLOCK04/SES043/SA043S09	SES101	-nan	-nan	-53.9908
BLOCK04/SES043/SA043S09	SES144	-0.493938	-54.4847	-53.9908
BLOCK04/SES043/SA043S09	SES172	-0.813541	-54.8043	-53.9908
BLOCK04/SES043/SA043S11	SES083	0.124828	-53.8144	-53.9393
BLOCK04/SES043/SA043S11	SES101	-nan	-nan	-53.9393
BLOCK04/SES043/SA043S11	SES144	-0.214188	-54.1535	-53.9393
BLOCK04/SES043/SA043S11	SES172	-0.745884	-54.6852	-53.9393
BLOCK04/SES043/SA043S23	SES083	0.0963478	-55.0674	-55.1638
BLOCK04/SES043/SA043S23	SES144	0.180077	-54.9837	-55.1638
BLOCK04/SES043/SA043S23	SES177	-0.347996	-55.5118	-55.1638
BLOCK04/SES043/SA043S23	SES275	-0.215145	-55.3789	-55.1638
BLOCK04/SES043/SA043S26	SES083	-0.28833	-54.5359	-54.2476
BLOCK04/SES043/SA043S26	SES101	-nan	-nan	-54.2476
BLOCK04/SES043/SA043S26	SES144	-0.0610275	-54.3086	-54.2476
BLOCK04/SES043/SA043S26	SES177	-0.450417	-54.698	-54.2476
BLOCK04/SES043/SA043S28	SES016	-0.911179	-55.6201	-54.7089
BLOCK04/SES043/SA043S28	SES083	0.25198	-54.457	-54.7089
BLOCK04/SES043/SA043S28	SES101	-nan	-nan	-54.7089
BLOCK04/SES043/SA043S28	SES144	-0.730766	-55.4397	-54.7089
BLOCK04/SES044/SA044S10	SES127	-0.826241	-58.4481	-57.6218
BLOCK04/SES044/SA044S10	SES144	0.125217	-57.4966	-57.6218
BLOCK04/SES044/SA044S10	SES147	-0.351284	-57.9731	-57.6218
BLOCK04/SES044/SA044S10	SES148	-1.62701	-59.2488	-57.6218
BLOCK04/SES044/SA044S11	SES101	-nan	-nan	-55.124
BLOCK04/SES044/SA044S11	SES144	0.191681	-54.9323	-55.124
BLOCK04/SES044/SA044S11	SES147	-0.601673	-55.7256	-55.124
BLOCK04/SES044/SA044S11	SES177	-0.473434	-55.5974	-55.124
BLOCK04/SES044/SA044S24	SES007	-0.342781	-55.8777	-55.5349
BLOCK04/SES044/SA044S24	SES101	-nan	-nan	-55.5349
BLOCK04/SES044/SA044S24	SES147	-0.75211	-56.287	-55.5349
BLOCK04/SES044/SA044S24	SES177	-0.619682	-56.1546	-55.5349
BLOCK04/SES044/SA044S26	SES007	-0.596287	-56.2307	-55.6344
BLOCK04/SES044/SA044S26	SES016	-0.618504	-56.2529	-55.6344
BLOCK04/SES044/SA044S26	SES101	-nan	-nan	-55.6344
BLOCK04/SES044/SA044S26	SES147	-0.297504	-55.9319	-55.6344
BLOCK04/SES044/SA044S29	SES007	-1.18403	-55.401	-54.217
BLOCK04/SES044/SA044S29	SES101	-nan	-nan	-54.217
BLOCK04/SES044/SA044S29	SES147	-1.04684	-55.2638	-54.217
BLOCK04/SES044/SA044S29	SES177	-0.805378	-55.0224	-54.217
BLOCK04/SES046/SA046S13	SES101	-nan	-nan	-57.6108
BLOCK04/SES046/SA046S13	SES144	-0.253395	-57.8642	-57.6108
BLOCK04/SES046/SA046S13	SES147	-0.675125	-58.2859	-57.6108
BLOCK04/SES046/SA046S13	SES177	-1.01232	-58.6231	-57.6108
BLOCK04/SES046/SA046S15	SES048	0.281258	-53.7779	-54.0592
BLOCK04/SES046/SA046S15	SES083	-0.00947189	-54.0687	-54.0592
BLOCK04/SES046/SA046S15	SES120	-0.968803	-55.028	-54.0592
BLOCK04/SES046/SA046S15	SES148	-1.61988	-55.6791	-54.0592
BLOCK04/SES046/SA046S22	SES101	-nan	-nan	-55.68
BLOCK04/SES046/SA046S22	SES144	-0.273094	-55.9531	-55.68
BLOCK04/SES046/SA046S22	SES147	-0.259998	-55.94	-55.68
BLOCK04/SES046/SA046S22	SES172	-0.317024	-55.997	-55.68
BLOCK04/SES046/SA046S25	SES083	-0.248669	-53.6007	-53.3521
BLOCK04/SES046/SA046S25	SES127	-1.05147	-54.4035	-53.3521
BLOCK04/SES046/SA046S25	SES144	-1.33411	-54.6862	-53.3521
BLOCK04/SES046/SA046S25	SES148	-1.77085	-55.1229	-53.3521
BLOCK04/SES046/SA046S28	SES007	-0.204494	-56.2028	-55.9983
BLOCK04/SES046/SA046S28	SES105	-1.02472	-57.023	-55.9983
BLOCK04/SES046/SA046S28	SES147	-0.673702	-56.672	-55.9983
BLOCK04/SES046/SA046S28	SES148	-1.42733	-57.4256	-55.9983
BLOCK04/SES049/SA049S16	SES104	-2.49969	-63.7865	-61.2868
BLOCK04/SES049/SA049S16	SES106	-12.2516	-73.5383	-61.2868
BLOCK04/SES049/SA049S16	SES120	-1.38104	-62.6678	-61.2868
BLOCK04/SES049/SA049S16	SES206	-2.19976	-63.4865	-61.2868
BLOCK04/SES049/SA049S18	SES099	0.237427	-58.9335	-59.171
BLOCK04/SES049/SA049S18	SES104	-1.31477	-60.4857	-59.171
BLOCK04/SES049/SA049S18	SES125	-1.0502	-60.2212	-59.171
BLOCK04/SES049/SA049S18	SES206	-0.952217	-60.1232	-59.171
BLOCK04/SES049/SA049S25	SES087	-2.22929	-61.5373	-59.3081
BLOCK04/SES049/SA049S25	SES104	-1.62828	-60.9363	-59.3081
BLOCK04/SES049/SA049S25	SES125	-3.66922	-62.9773	-59.3081
BLOCK04/SES049/SA049S25	SES206	-2.64817	-61.9562	-59.3081
BLOCK04/SES049/SA049S27	SES099	-0.654613	-59.8329	-59.1783
BLOCK04/SES049/SA049S27	SES104	-0.982868	-60.1611	-59.1783
BLOCK04/SES049/SA049S27	SES125	-1.02859	-60.2069	-59.1783
BLOCK04/SES049/SA049S27	SES206	-1.82882	-61.0071	-59.1783
BLOCK04/SES049/SA049S29	SES099	-0.733524	-58.8147	-58.0812
BLOCK04/SES049/SA049S29	SES104	-1.25086	-59.332	-58.0812
BLOCK04/SES049/SA049S29	SES125	-1.2123	-59.2935	-58.0812
BLOCK04/SES049/SA049S29	SES206	-1.03868	-59.1199	-58.0812
BLOCK06/SES063/SA063S09	SES068	-0.244968	-55.221	-54.976
BLOCK06/SES063/SA063S09	SES083	-0.413559	-55.3896	-54.976
BLOCK06/SES063/SA063S09	SES177	-0.114582	-55.0906	-54.976
BLOCK06/SES063/SA063S09	SES187	-0.748711	-55.7247	-54.976
BLOCK06/SES063/SA063S10	SES068	-0.620686	-56.3359	-55.7152
BLOCK06/SES063/SA063S10	SES083	-0.307327	-56.0226	-55.7152
BLOCK06/SES063/SA063S10	SES172	-0.27689	-55.9921	-55.7152
BLOCK06/SES063/SA063S10	SES187	-0.463482	-56.1787	-55.7152
BLOCK06/SES063/SA063S20	SES068	-1.06781	-55.4625	-54.3946
BLOCK06/SES063/SA063S20	SES083	-0.527283	-54.9219	-54.3946
BLOCK06/SES063/SA063S20	SES172	-1.02341	-55.4181	-54.3946
BLOCK06/SES063/SA063S20	SES187	-0.905125	-55.2998	-54.3946
BLOCK06/SES063/SA063S24	SES029	-1.21004	-55.1101	-53.9
BLOCK06/SES063/SA063S24	SES083	0.281399	-53.6186	-53.9
BLOCK06/SES063/SA063S24	SES177	-0.499996	-54.4	-53.9
BLOCK06/SES063/SA063S24	SES189	-0.609325	-54.5093	-53.9
BLOCK06/SES063/SA063S27	SES083	-0.0637589	-53.7845	-53.7207
BLOCK06/SES063/SA063S27	SES172	-1.14632	-54.867	-53.7207
BLOCK06/SES063/SA063S27	SES187	-0.816471	-54.5372	-53.7207
BLOCK06/SES063/SA063S27	SES292	-1.14654	-54.8673	-53.7207
BLOCK06/SES067/SA067S12	SES083	-0.518806	-55.0374	-54.5186
BLOCK06/SES067/SA067S12	SES172	-1.49053	-56.0091	-54.5186
BLOCK06/SES067/SA067S12	SES202	-0.399788	-54.9184	-54.5186
BLOCK06/SES067/SA067S12	SES292	-1.09112	-55.6097	-54.5186
BLOCK06/SES067/SA067S14	SES085	-0.802723	-54.3372	-53.5345
BLOCK06/SES067/SA067S14	SES177	-0.925495	-54.46	-53.5345
BLOCK06/SES067/SA067S14	SES183	0.822395	-52.7121	-53.5345
BLOCK06/SES067/SA067S14	SES202	-0.67889	-54.2134	-53.5345
BLOCK06/SES067/SA067S21	SES144	-0.512642	-56.2052	-55.6925
BLOCK06/SES067/SA067S21	SES177	-1.22703	-56.9195	-55.6925
BLOCK06/SES067/SA067S21	SES183	-1.07389	-56.7664	-55.6925
BLOCK06/SES067/SA067S21	SES189	-1.58184	-57.2743	-55.6925
BLOCK06/SES067/SA067S25	SES085	-1.21773	-54.8797	-53.662
BLOCK06/SES067/SA067S25	SES177	-0.835354	-54.4973	-53.662
BLOCK06/SES067/SA067S25	SES183	-0.0705872	-53.7325	-53.662
BLOCK06/SES067/SA067S25	SES202	-0.705837	-54.3678	-53.662
BLOCK06/SES067/SA067S29	SES085	-0.985531	-57.3391	-56.3536
BLOCK06/SES067/SA067S29	SES177	-0.952099	-57.3057	-56.3536
BLOCK06/SES067/SA067S29	SES183	0.0808029	-56.2728	-56.3536
BLOCK06/SES067/SA067S29	SES202	-0.157879	-56.5114	-56.3536
BLOCK06/SES069/SA069S12	SES029	-0.854778	-56.9482	-56.0934
BLOCK06/SES069/SA069S12	SES082	-0.715572	-56.809	-56.0934
BLOCK06/SES069/SA069S12	SES087	-0.405037	-56.4984	-56.0934
BLOCK06/SES069/SA069S12	SES206	-0.387897	-56.4813	-56.0934
BLOCK06/SES069/SA069S13	SES029	-1.11397	-60.1038	-58.9898
BLOCK06/SES069/SA069S13	SES087	-0.232906	-59.2227	-58.9898
BLOCK06/SES069/SA069S13	SES206	-0.708878	-59.6987	-58.9898
BLOCK06/SES069/SA069S13	SES226	-0.506943	-59.4968	-58.9898
BLOCK06/SES069/SA069S23	SES029	-0.726341	-56.2012	-55.4749
BLOCK06/SES069/SA069S23	SES087	0.274483	-55.2004	-55.4749
BLOCK06/SES069/SA069S23	SES206	-1.05717	-56.532	-55.4749
BLOCK06/SES069/SA069S23	SES226	0.323433	-55.1514	-55.4749
BLOCK06/SES069/SA069S25	SES087	-0.890564	-56.6996	-55.809
BLOCK06/SES069/SA069S25	SES206	-1.84544	-57.6544	-55.809
BLOCK06/SES069/SA069S25	SES226	-0.274452	-56.0834	-55.809
BLOCK06/SES069/SA069S25	SES270	-0.782604	-56.5916	-55.809
BLOCK06/SES069/SA069S27	SES087	-0.362675	-57.2798	-56.9171
BLOCK06/SES069/SA069S27	SES206	-0.741722	-57.6588	-56.9171
BLOCK06/SES069/SA069S27	SES226	-0.348003	-57.2651	-56.9171
BLOCK06/SES069/SA069S27	SES270	-0.602482	-57.5196	-56.9171
BLOCK08/SES081/SA081S11	SES060	-0.69347	-58.7091	-58.0156
BLOCK08/SES081/SA081S11	SES062	-0.523651	-58.5393	-58.0156
BLOCK08/SES081/SA081S11	SES117	-0.971405	-58.9871	-58.0156
BLOCK08/SES081/SA081S11	SES162	-0.311733	-58.3274	-58.0156
BLOCK08/SES081/SA081S13	SES016	0.0777168	-54.4946	-54.5723
BLOCK08/SES081/SA081S13	SES060	0.466568	-54.1058	-54.5723
BLOCK08/SES081/SA081S13	SES068	0.155396	-54.417	-54.5723
BLOCK08/SES081/SA081S13	SES129	0.125957	-54.4464	-54.5723
BLOCK08/SES081/SA081S24	SES060	-0.00437927	-56.8275	-56.8231
BLOCK08/SES081/SA081S24	SES068	-0.394215	-57.2173	-56.8231
BLOCK08/SES081/SA081S24	SES117	-0.992748	-57.8159	-56.8231
BLOCK08/SES081/SA081S24	SES275	-1.02436	-57.8475	-56.8231
BLOCK08/SES081/SA081S27	SES007	-0.520584	-56.0525	-55.532
BLOCK08/SES081/SA081S27	SES060	-0.197212	-55.7292	-55.532
BLOCK08/SES081/SA081S27	SES117	-0.21056	-55.7425	-55.532
BLOCK08/SES081/SA081S27	SES275	-0.863926	-56.3959	-55.532
BLOCK08/SES081/SA081S29	SES007	-0.246529	-55.0148	-54.7682
BLOCK08/SES081/SA081S29	SES060	0.140846	-54.6274	-54.7682
BLOCK08/SES081/SA081S29	SES117	-0.13306	-54.9013	-54.7682
BLOCK08/SES081/SA081S29	SES275	-0.943924	-55.7121	-54.7682
BLOCK08/SES086/SA086S11	SES029	-1.13517	-59.6597	-58.5245
BLOCK08/SES086/SA086S11	SES082	-0.482601	-59.0071	-58.5245
BLOCK08/SES086/SA086S11	SES087	-0.771019	-59.2955	-58.5245
BLOCK08/SES086/SA086S11	SES206	-1.29047	-59.815	-58.5245
BLOCK08/SES086/SA086S12	SES029	-1.24457	-57.4188	-56.1742
BLOCK08/SES086/SA086S12	SES082	-0.794334	-56.9685	-56.1742
BLOCK08/SES086/SA086S12	SES087	-0.705647	-56.8798	-56.1742
BLOCK08/SES086/SA086S12	SES206	-0.475784	-56.65	-56.1742
BLOCK08/SES086/SA086S20	SES029	-1.34532	-55.7714	-54.4261
BLOCK08/SES086/SA086S20	SES082	-1.35924	-55.7853	-54.4261
BLOCK08/SES086/SA086S20	SES087	-1.32655	-55.7526	-54.4261
BLOCK08/SES086/SA086S20	SES206	-1.0626	-55.4887	-54.4261
BLOCK08/SES086/SA086S24	SES087	-1.14913	-56.7186	-55.5695
BLOCK08/SES086/SA086S24	SES104	-0.680058	-56.2496	-55.5695
BLOCK08/SES086/SA086S24	SES120	-0.952007	-56.5215	-55.5695
BLOCK08/SES086/SA086S24	SES206	-0.0471535	-55.6167	-55.5695
BLOCK08/SES086/SA086S28	SES029	-1.10539	-55.3055	-54.2001
BLOCK08/SES086/SA086S28	SES082	-0.71188	-54.912	-54.2001
BLOCK08/SES086/SA086S28	SES087	-0.906185	-55.1063	-54.2001
BLOCK08/SES086/SA086S28	SES206	-0.673321	-54.8734	-54.2001
BLOCK08/SES089/SA089S13	SES087	-0.737885	-59.6024	-58.8645
BLOCK08/SES089/SA089S13	SES206	-1.21024	-60.0747	-58.8645
BLOCK08/SES089/SA089S13	SES226	-0.585011	-59.4495	-58.8645
BLOCK08/SES089/SA089S13	SES270	-1.05333	-59.9178	-58.8645
BLOCK08/SES089/SA089S14	SES062	-1.46174	-58.9274	-57.4656
BLOCK08/SES089/SA089S14	SES087	-1.07065	-58.5363	-57.4656
BLOCK08/SES089/SA089S14	SES206	-1.12733	-58.593	-57.4656
BLOCK08/SES089/SA089S14	SES226	-1.7299	-59.1955	-57.4656
BLOCK08/SES089/SA089S23	SES087	-0.406528	-60.0072	-59.6007
BLOCK08/SES089/SA089S23	SES206	-1.64557	-61.2462	-59.6007
BLOCK08/SES089/SA089S23	SES226	-1.79609	-61.3967	-59.6007
BLOCK08/SES089/SA089S23	SES270	-1.69148	-61.2921	-59.6007
BLOCK08/SES089/SA089S25	SES062	-1.44922	-59.2373	-57.7881
BLOCK08/SES089/SA089S25	SES087	-0.719727	-58.5078	-57.7881
BLOCK08/SES089/SA089S25	SES206	-1.80569	-59.5938	-57.7881
BLOCK08/SES089/SA089S25	SES226	-0.362324	-58.1504	-57.7881
BLOCK08/SES089/SA089S28	SES062	-1.31919	-60.249	-58.9298
BLOCK08/SES089/SA089S28	SES087	-0.470234	-59.4	-58.9298
BLOCK08/SES089/SA089S28	SES206	-1.32353	-60.2533	-58.9298
BLOCK08/SES089/SA089S28	SES226	-0.382004	-59.3118	-58.9298
BLOCK09/SES097/SA097S11	SES099	-0.970444	-61.103	-60.1325
BLOCK09/SES097/SA097S11	SES125	-5.06816	-65.2007	-60.1325
BLOCK09/SES097/SA097S11	SES206	-3.82378	-63.9563	-60.1325
BLOCK09/SES097/SA097S11	SES226	-1.39594	-61.5285	-60.1325
BLOCK09/SES097/SA097S14	SES062	-1.17582	-62.458	-61.2822
BLOCK09/SES097/SA097S14	SES099	-1.10075	-62.383	-61.2822
BLOCK09/SES097/SA097S14	SES104	-0.792271	-62.0745	-61.2822
BLOCK09/SES097/SA097S14	SES206	-3.04848	-64.3307	-61.2822
BLOCK09/SES097/SA097S22	SES099	-1.2378	-62.1427	-60.9049
BLOCK09/SES097/SA097S22	SES206	-2.72959	-63.6344	-60.9049
BLOCK09/SES097/SA097S22	SES226	-1.09663	-62.0015	-60.9049
BLOCK09/SES097/SA097S22	SES270	-0.0962143	-61.0011	-60.9049
BLOCK09/SES097/SA097S26	SES099	-1.3148	-61.1082	-59.7934
BLOCK09/SES097/SA097S26	SES120	-0.13789	-59.9313	-59.7934
BLOCK09/SES097/SA097S26	SES206	-1.44971	-61.2431	-59.7934
BLOCK09/SES097/SA097S26	SES226	-0.765263	-60.5586	-59.7934
BLOCK09/SES097/SA097S28	SES099	-1.09697	-59.1943	-58.0974
BLOCK09/SES097/SA097S28	SES120	-0.952003	-59.0494	-58.0974
BLOCK09/SES097/SA097S28	SES206	-2.57141	-60.6688	-58.0974
BLOCK09/SES097/SA097S28	SES226	-1.7302	-59.8276	-58.0974
BLOCK09/SES098/SA098S11	SES127	-2.04112	-56.9156	-54.8744
BLOCK09/SES098/SA098S11	SES144	-1.24647	-56.1209	-54.8744
BLOCK09/SES098/SA098S11	SES147	-0.784664	-55.6591	-54.8744
BLOCK09/SES098/SA098S11	SES148	-3.26975	-58.1442	-54.8744
BLOCK09/SES098/SA098S12	SES127	-1.94116	-59.7238	-57.7826
BLOCK09/SES098/SA098S12	SES144	-1.20213	-58.9847	-57.7826
BLOCK09/SES098/SA098S12	SES147	-0.476723	-58.2593	-57.7826
BLOCK09/SES098/SA098S12	SES189	-1.36892	-59.1515	-57.7826
BLOCK09/SES098/SA098S20	SES127	-1.97741	-58.6217	-56.6442
BLOCK09/SES098/SA098S20	SES147	-0.311958	-56.9562	-56.6442
BLOCK09/SES098/SA098S20	SES148	-2.66244	-59.3067	-56.6442
BLOCK09/SES098/SA098S20	SES292	-0.950867	-57.5951	-56.6442
BLOCK09/SES098/SA098S23	SES127	-0.779587	-56.7277	-55.9482
BLOCK09/SES098/SA098S23	SES147	-0.337135	-56.2853	-55.9482
BLOCK09/SES098/SA098S23	SES187	-0.40617	-56.3543	-55.9482
BLOCK09/SES098/SA098S23	SES292	-1.0344	-56.9826	-55.9482
BLOCK09/SES098/SA098S27	SES127	-2.25496	-58.3366	-56.0816
BLOCK09/SES098/SA098S27	SES147	-1.45935	-57.541	-56.0816
BLOCK09/SES098/SA098S27	SES148	-2.78269	-58.8643	-56.0816
BLOCK09/SES098/SA098S27	SES292	-0.988312	-57.0699	-56.0816
BLOCK10/SES102/SA102S13	SES101	-nan	-nan	-55.9007
BLOCK10/SES102/SA102S13	SES105	-1.00709	-56.9078	-55.9007
BLOCK10/SES102/SA102S13	SES120	-1.41208	-57.3128	-55.9007
BLOCK10/SES102/SA102S13	SES158	-1.06148	-56.9622	-55.9007
BLOCK10/SES102/SA102S14	SES007	-0.0705223	-53.7645	-53.694
BLOCK10/SES102/SA102S14	SES101	-nan	-nan	-53.694
BLOCK10/SES102/SA102S14	SES105	-0.653023	-54.347	-53.694
BLOCK10/SES102/SA102S14	SES147	-1.40975	-55.1037	-53.694
BLOCK10/SES102/SA102S22	SES007	0.00741959	-53.2656	-53.273
BLOCK10/SES102/SA102S22	SES101	-nan	-nan	-53.273
BLOCK10/SES102/SA102S22	SES105	-0.241779	-53.5148	-53.273
BLOCK10/SES102/SA102S22	SES158	0.101955	-53.171	-53.273
BLOCK10/SES102/SA102S25	SES007	0.117294	-53.4049	-53.5222
BLOCK10/SES102/SA102S25	SES101	-nan	-nan	-53.5222
BLOCK10/SES102/SA102S25	SES105	-0.201939	-53.7242	-53.5222
BLOCK10/SES102/SA102S25	SES147	-1.73778	-55.26	-53.5222
BLOCK10/SES102/SA102S27	SES007	-0.826324	-57.8565	-57.0302
BLOCK10/SES102/SA102S27	SES101	-nan	-nan	-57.0302
BLOCK10/SES102/SA102S27	SES105	-1.22492	-58.2551	-57.0302
BLOCK10/SES102/SA102S27	SES147	-0.715961	-57.7461	-57.0302
BLOCK10/SES103/SA103S14	SES105	-0.463211	-55.3007	-54.8375
BLOCK10/SES103/SA103S14	SES106	-1.52923	-56.3667	-54.8375
BLOCK10/SES103/SA103S14	SES120	-1.67849	-56.516	-54.8375
BLOCK10/SES103/SA103S14	SES206	-0.649063	-55.4865	-54.8375
BLOCK10/SES103/SA103S15	SES099	-1.48036	-61.6055	-60.1252
BLOCK10/SES103/SA103S15	SES101	-nan	-nan	-60.1252
BLOCK10/SES103/SA103S15	SES104	-1.34431	-61.4695	-60.1252
BLOCK10/SES103/SA103S15	SES125	-6.94818	-67.0733	-60.1252
BLOCK10/SES103/SA103S24	SES104	-0.721466	-57.2227	-56.5012
BLOCK10/SES103/SA103S24	SES125	-0.963558	-57.4648	-56.5012
BLOCK10/SES103/SA103S24	SES148	-1.89701	-58.3982	-56.5012
BLOCK10/SES103/SA103S24	SES158	-0.877964	-57.3792	-56.5012
BLOCK10/SES103/SA103S26	SES104	-0.819355	-56.8892	-56.0698
BLOCK10/SES103/SA103S26	SES106	-0.973698	-57.0435	-56.0698
BLOCK10/SES103/SA103S26	SES125	-0.989277	-57.0591	-56.0698
BLOCK10/SES103/SA103S26	SES148	-1.81233	-57.8822	-56.0698
BLOCK10/SES103/SA103S28	SES104	-1.01883	-61.0732	-60.0544
BLOCK10/SES103/SA103S28	SES106	-5.53777	-65.5921	-60.0544
BLOCK10/SES103/SA103S28	SES125	-1.38572	-61.4401	-60.0544
BLOCK10/SES103/SA103S28	SES206	-1.44592	-61.5003	-60.0544
BLOCK12/SES121/SA121S12	SES042	-0.954933	-55.6519	-54.697
BLOCK12/SES121/SA121S12	SES087	-1.88022	-56.5772	-54.697
BLOCK12/SES121/SA121S12	SES105	0.102039	-54.5949	-54.697
BLOCK12/SES121/SA121S12	SES206	-0.282936	-54.9799	-54.697
BLOCK12/SES121/SA121S14	SES007	-0.710938	-55.5385	-54.8276
BLOCK12/SES121/SA121S14	SES105	-0.129139	-54.9567	-54.8276
BLOCK12/SES121/SA121S14	SES106	-0.414337	-55.2419	-54.8276
BLOCK12/SES121/SA121S14	SES206	-1.16984	-55.9974	-54.8276
BLOCK12/SES121/SA121S23	SES105	-0.386555	-55.4027	-55.0162
BLOCK12/SES121/SA121S23	SES106	-1.47056	-56.4868	-55.0162
BLOCK12/SES121/SA121S23	SES120	-1.70137	-56.7176	-55.0162
BLOCK12/SES121/SA121S23	SES206	-0.273983	-55.2902	-55.0162
BLOCK12/SES121/SA121S25	SES007	-0.349194	-54.9453	-54.5961
BLOCK12/SES121/SA121S25	SES105	-0.293343	-54.8895	-54.5961
BLOCK12/SES121/SA121S25	SES106	-0.584915	-55.181	-54.5961
BLOCK12/SES121/SA121S25	SES206	-0.883514	-55.4796	-54.5961
BLOCK12/SES121/SA121S27	SES087	-1.20744	-57.461	-56.2535
BLOCK12/SES121/SA121S27	SES105	-0.642433	-56.896	-56.2535
BLOCK12/SES121/SA121S27	SES120	-0.232304	-56.4858	-56.2535
BLOCK12/SES121/SA121S27	SES206	-0.499523	-56.7531	-56.2535
BLOCK12/SES124/SA124S16	SES042	0.00494385	-52.8402	-52.8452
BLOCK12/SES124/SA124S16	SES082	-0.852818	-53.698	-52.8452
BLOCK12/SES124/SA124S16	SES183	-0.791824	-53.637	-52.8452
BLOCK12/SES124/SA124S16	SES206	-1.32405	-54.1692	-52.8452
BLOCK12/SES124/SA124S17	SES105	-0.289017	-54.8482	-54.5592
BLOCK12/SES124/SA124S17	SES149	-0.660946	-55.2201	-54.5592
BLOCK12/SES124/SA124S17	SES158	-1.19687	-55.7561	-54.5592
BLOCK12/SES124/SA124S17	SES275	-1.07567	-55.6349	-54.5592
BLOCK12/SES124/SA124S23	SES105	-1.01605	-55.2125	-54.1964
BLOCK12/SES124/SA124S23	SES125	0.440674	-53.7558	-54.1964
BLOCK12/SES124/SA124S23	SES129	-0.407814	-54.6042	-54.1964
BLOCK12/SES124/SA124S23	SES158	-1.0489	-55.2453	-54.1964
BLOCK12/SES124/SA124S26	SES105	-0.917625	-56.6064	-55.6888
BLOCK12/SES124/SA124S26	SES125	0.332703	-55.3561	-55.6888
BLOCK12/SES124/SA124S26	SES129	-1.18736	-56.8762	-55.6888
BLOCK12/SES124/SA124S26	SES158	-0.789944	-56.4788	-55.6888
BLOCK12/SES124/SA124S28	SES104	-0.34024	-54.688	-54.3478
BLOCK12/SES124/SA124S28	SES106	-0.650333	-54.9981	-54.3478
BLOCK12/SES124/SA124S28	SES125	-0.323063	-54.6709	-54.3478
BLOCK12/SES124/SA124S28	SES275	-0.802776	-55.1506	-54.3478
BLOCK12/SES126/SA126S13	SES007	-0.785152	-56.8425	-56.0574
BLOCK12/SES126/SA126S13	SES162	-0.399616	-56.457	-56.0574
BLOCK12/SES126/SA126S13	SES177	-0.875397	-56.9328	-56.0574
BLOCK12/SES126/SA126S13	SES180	-0.533157	-56.5906	-56.0574
BLOCK12/SES126/SA126S14	SES144	-0.0752487	-54.8241	-54.7488
BLOCK12/SES126/SA126S14	SES148	-0.758068	-55.5069	-54.7488
BLOCK12/SES126/SA126S14	SES177	-0.341969	-55.0908	-54.7488
BLOCK12/SES126/SA126S14	SES180	0.0411644	-54.7077	-54.7488
BLOCK12/SES126/SA126S20	SES007	-0.079937	-53.8387	-53.7587
BLOCK12/SES126/SA126S20	SES162	0.150204	-53.6085	-53.7587
BLOCK12/SES126/SA126S20	SES172	-1.49449	-55.2532	-53.7587
BLOCK12/SES126/SA126S20	SES180	0.454857	-53.3039	-53.7587
BLOCK12/SES126/SA126S24	SES120	-0.372044	-54.8918	-54.5198
BLOCK12/SES126/SA126S24	SES162	-0.200188	-54.72	-54.5198
BLOCK12/SES126/SA126S24	SES177	-0.71104	-55.2308	-54.5198
BLOCK12/SES126/SA126S24	SES180	0.0666466	-54.4531	-54.5198
BLOCK12/SES126/SA126S26	SES120	0.15184	-55.7011	-55.853
BLOCK12/SES126/SA126S26	SES177	-0.111019	-55.964	-55.853
BLOCK12/SES126/SA126S26	SES180	0.469891	-55.3831	-55.853
BLOCK12/SES126/SA126S26	SES202	-0.681316	-56.5343	-55.853
BLOCK12/SES128/SA128S10	SES087	-0.835072	-54.4642	-53.6291
BLOCK12/SES128/SA128S10	SES206	-0.9104	-54.5395	-53.6291
BLOCK12/SES128/SA128S10	SES226	-1.03722	-54.6664	-53.6291
BLOCK12/SES128/SA128S10	SES270	-0.769001	-54.3981	-53.6291
BLOCK12/SES128/SA128S12	SES120	-0.32806	-55.5978	-55.2697
BLOCK12/SES128/SA128S12	SES158	-0.927361	-56.1971	-55.2697
BLOCK12/SES128/SA128S12	SES206	-0.173019	-55.4427	-55.2697
BLOCK12/SES128/SA128S12	SES226	-0.786728	-56.0564	-55.2697
BLOCK12/SES128/SA128S21	SES106	-1.18938	-60.3919	-59.2025
BLOCK12/SES128/SA128S21	SES120	-0.963104	-60.1656	-59.2025
BLOCK12/SES128/SA128S21	SES206	-1.01903	-60.2216	-59.2025
BLOCK12/SES128/SA128S21	SES226	-0.298042	-59.5006	-59.2025
BLOCK12/SES128/SA128S24	SES087	-1.22342	-56.8269	-55.6035
BLOCK12/SES128/SA128S24	SES120	-0.892609	-56.4961	-55.6035
BLOCK12/SES128/SA128S24	SES206	-0.721508	-56.325	-55.6035
BLOCK12/SES128/SA128S24	SES226	-1.10722	-56.7107	-55.6035
BLOCK12/SES128/SA128S27	SES099	0.0342407	-53.7071	-53.7413
BLOCK12/SES128/SA128S27	SES120	-0.442425	-54.1838	-53.7413
BLOCK12/SES128/SA128S27	SES206	-0.959106	-54.7004	-53.7413
BLOCK12/SES128/SA128S27	SES226	-0.859104	-54.6004	-53.7413
BLOCK13/SES130/SA130S13	SES143	-1.60279	-59.0697	-57.4669
BLOCK13/SES130/SA130S13	SES144	-0.794781	-58.2617	-57.4669
BLOCK13/SES130/SA130S13	SES146	-0.585213	-58.0521	-57.4669
BLOCK13/SES130/SA130S13	SES275	-0.720078	-58.187	-57.4669
BLOCK13/SES130/SA130S15	SES143	-1.20169	-56.7806	-55.5789
BLOCK13/SES130/SA130S15	SES144	-0.277073	-55.8559	-55.5789
BLOCK13/SES130/SA130S15	SES146	-0.947773	-56.5266	-55.5789
BLOCK13/SES130/SA130S15	SES275	-0.750683	-56.3296	-55.5789
BLOCK13/SES130/SA130S23	SES127	-1.69645	-59.2349	-57.5384
BLOCK13/SES130/SA130S23	SES144	-0.521481	-58.0599	-57.5384
BLOCK13/SES130/SA130S23	SES146	-0.467499	-58.0059	-57.5384
BLOCK13/SES130/SA130S23	SES162	-1.48353	-59.022	-57.5384
BLOCK13/SES130/SA130S25	SES127	-1.7992	-55.1182	-53.319
BLOCK13/SES130/SA130S25	SES144	-0.596512	-53.9155	-53.319
BLOCK13/SES130/SA130S25	SES146	0.415539	-52.9035	-53.319
BLOCK13/SES130/SA130S25	SES275	-0.558659	-53.8777	-53.319
BLOCK13/SES130/SA130S28	SES127	-0.924076	-57.608	-56.6839
BLOCK13/SES130/SA130S28	SES144	-0.923378	-57.6073	-56.6839
BLOCK13/SES130/SA130S28	SES146	-0.138565	-56.8225	-56.6839
BLOCK13/SES130/SA130S28	SES275	-0.467419	-57.1513	-56.6839
BLOCK13/SES131/SA131S13	SES002	-0.229401	-56.938	-56.7086
BLOCK13/SES131/SA131S13	SES007	-1.1521	-57.8607	-56.7086
BLOCK13/SES131/SA131S13	SES099	-0.721512	-57.4302	-56.7086
BLOCK13/SES131/SA131S13	SES105	-0.315853	-57.0245	-56.7086
BLOCK13/SES131/SA131S14	SES104	-0.394089	-54.1271	-53.7331
BLOCK13/SES131/SA131S14	SES106	-2.29939	-56.0324	-53.7331
BLOCK13/SES131/SA131S14	SES125	-0.78656	-54.5196	-53.7331
BLOCK13/SES131/SA131S14	SES148	-1.08556	-54.8186	-53.7331
BLOCK13/SES131/SA131S20	SES104	-1.06323	-60.3745	-59.3113
BLOCK13/SES131/SA131S20	SES106	-1.51797	-60.8292	-59.3113
BLOCK13/SES131/SA131S20	SES125	-0.708424	-60.0197	-59.3113
BLOCK13/SES131/SA131S20	SES148	-0.980488	-60.2917	-59.3113
BLOCK13/SES131/SA131S22	SES099	-0.817204	-55.0981	-54.2809
BLOCK13/SES131/SA131S22	SES104	-0.537846	-54.8188	-54.2809
BLOCK13/SES131/SA131S22	SES125	-0.270878	-54.5518	-54.2809
BLOCK13/SES131/SA131S22	SES206	-1.05112	-55.3321	-54.2809
BLOCK13/SES131/SA131S29	SES087	-1.50743	-58.2583	-56.7509
BLOCK13/SES131/SA131S29	SES104	-1.4184	-58.1693	-56.7509
BLOCK13/SES131/SA131S29	SES125	-1.05284	-57.8038	-56.7509
BLOCK13/SES131/SA131S29	SES206	-2.16549	-58.9164	-56.7509
BLOCK13/SES132/SA132S11	SES083	-0.492985	-53.4773	-52.9844
BLOCK13/SES132/SA132S11	SES120	-0.145096	-53.1294	-52.9844
BLOCK13/SES132/SA132S11	SES127	-0.618488	-53.6028	-52.9844
BLOCK13/SES132/SA132S11	SES275	-0.967106	-53.9515	-52.9844
BLOCK13/SES132/SA132S12	SES083	-1.36378	-56.2301	-54.8663
BLOCK13/SES132/SA132S12	SES143	-0.910088	-55.7764	-54.8663
BLOCK13/SES132/SA132S12	SES144	-0.0262451	-54.8926	-54.8663
BLOCK13/SES132/SA132S12	SES148	-0.372005	-55.2384	-54.8663
BLOCK13/SES132/SA132S22	SES062	-0.765461	-55.0339	-54.2685
BLOCK13/SES132/SA132S22	SES083	-0.904865	-55.1734	-54.2685
BLOCK13/SES132/SA132S22	SES127	-0.530624	-54.7991	-54.2685
BLOCK13/SES132/SA132S22	SES275	-1.13601	-55.4045	-54.2685
BLOCK13/SES132/SA132S24	SES007	-0.506222	-53.8948	-53.3886
BLOCK13/SES132/SA132S24	SES083	-0.627106	-54.0157	-53.3886
BLOCK13/SES132/SA132S24	SES127	-0.505325	-53.8939	-53.3886
BLOCK13/SES132/SA132S24	SES275	-0.80471	-54.1933	-53.3886
BLOCK13/SES132/SA132S27	SES083	-0.848152	-58.1785	-57.3303
BLOCK13/SES132/SA132S27	SES120	0.101185	-57.2291	-57.3303
BLOCK13/SES132/SA132S27	SES127	-0.484024	-57.8143	-57.3303
BLOCK13/SES132/SA132S27	SES275	-0.624718	-57.955	-57.3303
BLOCK14/SES141/SA141S09	SES143	-0.648048	-55.2227	-54.5747
BLOCK14/SES141/SA141S09	SES144	-0.52821	-55.1029	-54.5747
BLOCK14/SES141/SA141S09	SES162	-0.610844	-55.1855	-54.5747
BLOCK14/SES141/SA141S09	SES180	-0.418095	-54.9928	-54.5747
BLOCK14/SES141/SA141S15	SES127	-0.416649	-55.3721	-54.9555
BLOCK14/SES141/SA141S15	SES144	-0.155525	-55.111	-54.9555
BLOCK14/SES141/SA141S15	SES162	-0.267975	-55.2235	-54.9555
BLOCK14/SES141/SA141S15	SES180	-0.329895	-55.2854	-54.9555
BLOCK14/SES141/SA141S24	SES127	-0.565182	-55.1715	-54.6063
BLOCK14/SES141/SA141S24	SES144	-0.505203	-55.1115	-54.6063
BLOCK14/SES141/SA141S24	SES162	-0.271172	-54.8775	-54.6063
BLOCK14/SES141/SA141S24	SES183	-0.937851	-55.5442	-54.6063
BLOCK14/SES141/SA141S26	SES142	-0.00771713	-56.4941	-56.4864
BLOCK14/SES141/SA141S26	SES144	-0.485119	-56.9715	-56.4864
BLOCK14/SES141/SA141S26	SES172	-0.0764313	-56.5628	-56.4864
BLOCK14/SES141/SA141S26	SES180	0.32605	-56.1603	-56.4864
BLOCK14/SES141/SA141S29	SES127	-0.403584	-54.1793	-53.7757
BLOCK14/SES141/SA141S29	SES142	-0.0976486	-53.8734	-53.7757
BLOCK14/SES141/SA141S29	SES144	-0.313728	-54.0894	-53.7757
BLOCK14/SES141/SA141S29	SES180	-0.351494	-54.1272	-53.7757
BLOCK15/SES157/SA157S08	SES083	-0.581245	-55.9855	-55.4043
BLOCK15/SES157/SA157S08	SES127	-0.93792	-56.3422	-55.4043
BLOCK15/SES157/SA157S08	SES148	-1.36451	-56.7688	-55.4043
BLOCK15/SES157/SA157S08	SES292	-0.92635	-56.3306	-55.4043
BLOCK15/SES157/SA157S11	SES083	-1.21266	-57.0891	-55.8765
BLOCK15/SES157/SA157S11	SES127	-1.79661	-57.6731	-55.8765
BLOCK15/SES157/SA157S11	SES148	-1.96598	-57.8425	-55.8765
BLOCK15/SES157/SA157S11	SES292	-1.02908	-56.9056	-55.8765
BLOCK15/SES157/SA157S21	SES127	-0.00494385	-57.7999	-57.795
BLOCK15/SES157/SA157S21	SES148	-0.39653	-58.1915	-57.795
BLOCK15/SES157/SA157S21	SES158	-1.94919	-59.7442	-57.795
BLOCK15/SES157/SA157S21	SES292	-0.257259	-58.0522	-57.795
BLOCK15/SES157/SA157S24	SES127	-1.33829	-56.4421	-55.1038
BLOCK15/SES157/SA157S24	SES148	-1.45825	-56.5621	-55.1038
BLOCK15/SES157/SA157S24	SES183	-1.50571	-56.6095	-55.1038
BLOCK15/SES157/SA157S24	SES292	-1.39762	-56.5014	-55.1038
BLOCK15/SES157/SA157S26	SES007	-0.0394936	-54.2304	-54.1909
BLOCK15/SES157/SA157S26	SES127	-0.881443	-55.0723	-54.1909
BLOCK15/SES157/SA157S26	SES147	-0.535263	-54.7261	-54.1909
BLOCK15/SES157/SA157S26	SES148	-2.00651	-56.1974	-54.1909
BLOCK16/SES161/SA161S10	SES007	-0.101887	-54.4518	-54.3499
BLOCK16/SES161/SA161S10	SES105	0.35104	-53.9989	-54.3499
BLOCK16/SES161/SA161S10	SES158	-0.213058	-54.563	-54.3499
BLOCK16/SES161/SA161S10	SES275	-1.06384	-55.4137	-54.3499
BLOCK16/SES161/SA161S12	SES007	-0.552032	-55.9159	-55.3639
BLOCK16/SES161/SA161S12	SES105	-0.389454	-55.7533	-55.3639
BLOCK16/SES161/SA161S12	SES158	-1.20374	-56.5676	-55.3639
BLOCK16/SES161/SA161S12	SES275	-0.604385	-55.9683	-55.3639
BLOCK16/SES161/SA161S20	SES007	-0.947266	-55.3625	-54.4152
BLOCK16/SES161/SA161S20	SES105	-1.48925	-55.9045	-54.4152
BLOCK16/SES161/SA161S20	SES158	-0.784431	-55.1997	-54.4152
BLOCK16/SES161/SA161S20	SES275	-1.92051	-56.3358	-54.4152
BLOCK16/SES161/SA161S23	SES007	-1.47977	-58.8068	-57.327
BLOCK16/SES161/SA161S23	SES105	-0.445278	-57.7723	-57.327
BLOCK16/SES161/SA161S23	SES148	-0.767178	-58.0942	-57.327
BLOCK16/SES161/SA161S23	SES158	-1.68132	-59.0084	-57.327
BLOCK16/SES161/SA161S28	SES007	-1.13377	-54.1608	-53.027
BLOCK16/SES161/SA161S28	SES105	-0.669079	-53.6961	-53.027
BLOCK16/SES161/SA161S28	SES158	-0.129265	-53.1563	-53.027
BLOCK16/SES161/SA161S28	SES206	-0.583092	-53.6101	-53.027
BLOCK16/SES164/SA164S11	SES104	-0.930592	-58.1582	-57.2276
BLOCK16/SES164/SA164S11	SES125	-0.646297	-57.8739	-57.2276
BLOCK16/SES164/SA164S11	SES158	-1.75226	-58.9799	-57.2276
BLOCK16/SES164/SA164S11	SES206	-1.58006	-58.8077	-57.2276
BLOCK16/SES164/SA164S13	SES099	-1.02204	-59.4703	-58.4483
BLOCK16/SES164/SA164S13	SES104	-1.30836	-59.7567	-58.4483
BLOCK16/SES164/SA164S13	SES125	-1.09193	-59.5402	-58.4483
BLOCK16/SES164/SA164S13	SES206	-2.23054	-60.6788	-58.4483
BLOCK16/SES164/SA164S24	SES002	0.383675	-56.8694	-57.2531
BLOCK16/SES164/SA164S24	SES099	-0.383102	-57.6362	-57.2531
BLOCK16/SES164/SA164S24	SES125	-0.274857	-57.528	-57.2531
BLOCK16/SES164/SA164S24	SES226	-0.217384	-57.4705	-57.2531
BLOCK16/SES164/SA164S27	SES087	-1.03411	-59.492	-58.4579
BLOCK16/SES164/SA164S27	SES125	-1.03972	-59.4976	-58.4579
BLOCK16/SES164/SA164S27	SES206	-2.59835	-61.0562	-58.4579
BLOCK16/SES164/SA164S27	SES226	-0.807159	-59.265	-58.4579
BLOCK16/SES164/SA164S29	SES002	-0.473598	-58.0451	-57.5715
BLOCK16/SES164/SA164S29	SES019	-0.497837	-58.0693	-57.5715
BLOCK16/SES164/SA164S29	SES125	-0.186611	-57.7581	-57.5715
BLOCK16/SES164/SA164S29	SES226	-1.04834	-58.6198	-57.5715
BLOCK16/SES169/SA169S13	SES117	-0.839569	-56.6515	-55.8119
BLOCK16/SES169/SA169S13	SES144	0.200718	-55.6112	-55.8119
BLOCK16/SES169/SA169S13	SES146	-0.835724	-56.6477	-55.8119
BLOCK16/SES169/SA169S13	SES162	-0.641846	-56.4538	-55.8119
BLOCK16/SES169/SA169S14	SES144	0.045414	-53.7012	-53.7466
BLOCK16/SES169/SA169S14	SES148	-1.15212	-54.8988	-53.7466
BLOCK16/SES169/SA169S14	SES177	-0.23386	-53.9805	-53.7466
BLOCK16/SES169/SA169S14	SES180	-0.37521	-54.1219	-53.7466
BLOCK16/SES169/SA169S24	SES117	-0.0258255	-57.2293	-57.2035
BLOCK16/SES169/SA169S24	SES144	0.291519	-56.912	-57.2035
BLOCK16/SES169/SA169S24	SES146	-0.585247	-57.7887	-57.2035
BLOCK16/SES169/SA169S24	SES162	-0.94397	-58.1474	-57.2035
BLOCK16/SES169/SA169S27	SES127	-0.620686	-54.3586	-53.738
BLOCK16/SES169/SA169S27	SES129	-0.589161	-54.3271	-53.738
BLOCK16/SES169/SA169S27	SES144	-0.603764	-54.3417	-53.738
BLOCK16/SES169/SA169S27	SES146	-0.700958	-54.4389	-53.738
BLOCK16/SES169/SA169S29	SES144	-0.000350952	-54.1383	-54.138
BLOCK16/SES169/SA169S29	SES162	0.346191	-53.7918	-54.138
BLOCK16/SES169/SA169S29	SES177	-0.309975	-54.4479	-54.138
BLOCK16/SES169/SA169S29	SES180	-0.26199	-54.3999	-54.138
BLOCK17/SES171/SA171S12	SES083	-1.43182	-59.0625	-57.6306
BLOCK17/SES171/SA171S12	SES148	-1.64552	-59.2761	-57.6306
BLOCK17/SES171/SA171S12	SES172	-0.571579	-58.2022	-57.6306
BLOCK17/SES171/SA171S12	SES292	-1.48618	-59.1168	-57.6306
BLOCK17/SES171/SA171S15	SES148	-1.81427	-58.7431	-56.9289
BLOCK17/SES171/SA171S15	SES177	-1.52977	-58.4586	-56.9289
BLOCK17/SES171/SA171S15	SES180	-0.818455	-57.7473	-56.9289
BLOCK17/SES171/SA171S15	SES292	-1.05593	-57.9848	-56.9289
BLOCK17/SES171/SA171S22	SES007	-0.828701	-55.8024	-54.9737
BLOCK17/SES171/SA171S22	SES148	-1.81217	-56.7858	-54.9737
BLOCK17/SES171/SA171S22	SES177	-0.451065	-55.4247	-54.9737
BLOCK17/SES171/SA171S22	SES180	-0.964531	-55.9382	-54.9737
BLOCK17/SES171/SA171S25	SES101	-nan	-nan	-58.3068
BLOCK17/SES171/SA171S25	SES120	-1.65015	-59.9569	-58.3068
BLOCK17/SES171/SA171S25	SES177	-1.5193	-59.826	-58.3068
BLOCK17/SES171/SA171S25	SES180	-2.22743	-60.5342	-58.3068
BLOCK17/SES171/SA171S27	SES177	-0.552906	-56.1504	-55.5975
BLOCK17/SES171/SA171S27	SES180	-0.925259	-56.5228	-55.5975
BLOCK17/SES171/SA171S27	SES189	-0.208523	-55.806	-55.5975
BLOCK17/SES171/SA171S27	SES292	-1.1104	-56.7079	-55.5975
BLOCK17/SES173/SA173S13	SES162	-0.61726	-54.2225	-53.6053
BLOCK17/SES173/SA173S13	SES177	-0.630077	-54.2354	-53.6053
BLOCK17/SES173/SA173S13	SES180	-1.23033	-54.8356	-53.6053
BLOCK17/SES173/SA173S13	SES292	-1.01048	-54.6158	-53.6053
BLOCK17/SES173/SA173S14	SES007	-2.7405	-59.9183	-57.1778
BLOCK17/SES173/SA173S14	SES162	-4.52592	-61.7038	-57.1778
BLOCK17/SES173/SA173S14	SES177	-3.87598	-61.0538	-57.1778
BLOCK17/SES173/SA173S14	SES180	-10.1144	-67.2922	-57.1778
BLOCK17/SES173/SA173S24	SES144	-2.00263	-59.3819	-57.3793
BLOCK17/SES173/SA173S24	SES162	-2.35619	-59.7354	-57.3793
BLOCK17/SES173/SA173S24	SES177	-1.16367	-58.5429	-57.3793
BLOCK17/SES173/SA173S24	SES180	-3.98141	-61.3607	-57.3793
BLOCK17/SES173/SA173S27	SES162	-0.796108	-56.2753	-55.4792
BLOCK17/SES173/SA173S27	SES177	-0.513474	-55.9927	-55.4792
BLOCK17/SES173/SA173S27	SES180	-0.653313	-56.1325	-55.4792
BLOCK17/SES173/SA173S27	SES292	-0.744419	-56.2236	-55.4792
BLOCK17/SES173/SA173S29	SES162	-1.56076	-60.7394	-59.1786
BLOCK17/SES173/SA173S29	SES175	-0.768749	-59.9474	-59.1786
BLOCK17/SES173/SA173S29	SES177	-1.01046	-60.1891	-59.1786
BLOCK17/SES173/SA173S29	SES292	-0.775333	-59.9539	-59.1786
BLOCK18/SES182/SA182S10	SES144	-0.899532	-52.6376	-51.738
BLOCK18/SES182/SA182S10	SES177	0.0324593	-51.7056	-51.738
BLOCK18/SES182/SA182S10	SES180	-0.503376	-52.2414	-51.738
BLOCK18/SES182/SA182S10	SES275	-0.307137	-52.0452	-51.738
BLOCK18/SES182/SA182S12	SES144	-0.250977	-52.9038	-52.6528
BLOCK18/SES182/SA182S12	SES177	-0.562019	-53.2149	-52.6528
BLOCK18/SES182/SA182S12	SES180	-0.851635	-53.5045	-52.6528
BLOCK18/SES182/SA182S12	SES275	-0.68449	-53.3373	-52.6528
BLOCK18/SES182/SA182S21	SES117	-0.96032	-56.0165	-55.0561
BLOCK18/SES182/SA182S21	SES144	-0.48798	-55.5441	-55.0561
BLOCK18/SES182/SA182S21	SES162	0.0787659	-54.9774	-55.0561
BLOCK18/SES182/SA182S21	SES180	-0.740013	-55.7962	-55.0561
BLOCK18/SES182/SA182S23	SES117	-1.01157	-56.8547	-55.8431
BLOCK18/SES182/SA182S23	SES144	-0.479797	-56.3229	-55.8431
BLOCK18/SES182/SA182S23	SES180	-2.1188	-57.9619	-55.8431
BLOCK18/SES182/SA182S23	SES275	0.0904579	-55.7527	-55.8431
BLOCK18/SES182/SA182S25	SES007	0.325348	-53.2698	-53.5952
BLOCK18/SES182/SA182S25	SES162	0.220966	-53.3742	-53.5952
BLOCK18/SES182/SA182S25	SES177	-0.580128	-54.1753	-53.5952
BLOCK18/SES182/SA182S25	SES180	-0.0441322	-53.6393	-53.5952
BLOCK18/SES184/SA184S12	SES177	-0.845425	-56.1551	-55.3097
BLOCK18/SES184/SA184S12	SES180	-1.18642	-56.4961	-55.3097
BLOCK18/SES184/SA184S12	SES189	-0.492897	-55.8026	-55.3097
BLOCK18/SES184/SA184S12	SES292	-0.993217	-56.3029	-55.3097
BLOCK18/SES184/SA184S13	SES101	-nan	-nan	-57.2859
BLOCK18/SES184/SA184S13	SES177	-0.998127	-58.2841	-57.2859
BLOCK18/SES184/SA184S13	SES180	-0.584637	-57.8706	-57.2859
BLOCK18/SES184/SA184S13	SES292	-1.45871	-58.7446	-57.2859
BLOCK18/SES184/SA184S22	SES177	-0.244389	-56.3239	-56.0795
BLOCK18/SES184/SA184S22	SES180	-0.0177193	-56.0972	-56.0795
BLOCK18/SES184/SA184S22	SES189	-1.02939	-57.1089	-56.0795
BLOCK18/SES184/SA184S22	SES292	-0.803902	-56.8834	-56.0795
BLOCK18/SES184/SA184S25	SES101	-nan	-nan	-56.5715
BLOCK18/SES184/SA184S25	SES177	-1.44821	-58.0197	-56.5715
BLOCK18/SES184/SA184S25	SES180	-0.607113	-57.1786	-56.5715
BLOCK18/SES184/SA184S25	SES292	-0.970478	-57.5419	-56.5715
BLOCK18/SES184/SA184S27	SES083	-0.764336	-57.1493	-56.3849
BLOCK18/SES184/SA184S27	SES177	-1.11736	-57.5023	-56.3849
BLOCK18/SES184/SA184S27	SES202	-1.03062	-57.4155	-56.3849
BLOCK18/SES184/SA184S27	SES292	-0.978394	-57.3633	-56.3849
BLOCK20/SES204/SA204S12	SES062	-0.737591	-55.5761	-54.8385
BLOCK20/SES204/SA204S12	SES083	-0.807148	-55.6456	-54.8385
BLOCK20/SES204/SA204S12	SES206	-0.727215	-55.5657	-54.8385
BLOCK20/SES204/SA204S12	SES226	-1.88694	-56.7254	-54.8385
BLOCK20/SES204/SA204S14	SES068	0.0996933	-54.2916	-54.3913
BLOCK20/SES204/SA204S14	SES087	-0.468533	-54.8598	-54.3913
BLOCK20/SES204/SA204S14	SES206	-1.53734	-55.9286	-54.3913
BLOCK20/SES204/SA204S14	SES226	-1.50364	-55.8949	-54.3913
BLOCK20/SES204/SA204S22	SES068	-0.134521	-55.4581	-55.3236
BLOCK20/SES204/SA204S22	SES082	-1.69228	-57.0159	-55.3236
BLOCK20/SES204/SA204S22	SES083	-1.36293	-56.6865	-55.3236
BLOCK20/SES204/SA204S22	SES206	-1.62117	-56.9448	-55.3236
BLOCK20/SES204/SA204S25	SES062	-0.922382	-55.8482	-54.9258
BLOCK20/SES204/SA204S25	SES083	-0.477306	-55.4031	-54.9258
BLOCK20/SES204/SA204S25	SES206	-1.10358	-56.0294	-54.9258
BLOCK20/SES204/SA204S25	SES226	-1.58857	-56.5143	-54.9258
BLOCK20/SES204/SA204S27	SES068	-0.358471	-58.2556	-57.8971
BLOCK20/SES204/SA204S27	SES082	-1.64791	-59.545	-57.8971
BLOCK20/SES204/SA204S27	SES087	-0.962814	-58.8599	-57.8971
BLOCK20/SES204/SA204S27	SES206	-2.07585	-59.973	-57.8971
BLOCK20/SES207/SA207S10	SES127	-0.513031	-55.4184	-54.9053
BLOCK20/SES207/SA207S10	SES183	-0.605858	-55.5112	-54.9053
BLOCK20/SES207/SA207S10	SES189	-0.999928	-55.9053	-54.9053
BLOCK20/SES207/SA207S10	SES292	-1.27784	-56.1832	-54.9053
BLOCK20/SES207/SA207S11	SES127	-1.2967	-60.4488	-59.1521
BLOCK20/SES207/SA207S11	SES183	-0.228191	-59.3803	-59.1521
BLOCK20/SES207/SA207S11	SES187	-1.49646	-60.6486	-59.1521
BLOCK20/SES207/SA207S11	SES292	-0.714233	-59.8664	-59.1521
BLOCK20/SES207/SA207S25	SES068	0.239174	-56.3054	-56.5446
BLOCK20/SES207/SA207S25	SES083	-1.0081	-57.5527	-56.5446
BLOCK20/SES207/SA207S25	SES127	-0.479645	-57.0243	-56.5446
BLOCK20/SES207/SA207S25	SES187	-0.772636	-57.3172	-56.5446
BLOCK20/SES207/SA207S27	SES127	-0.986187	-57.5148	-56.5286
BLOCK20/SES207/SA207S27	SES183	-0.305687	-56.8343	-56.5286
BLOCK20/SES207/SA207S27	SES187	-0.700558	-57.2292	-56.5286
BLOCK20/SES207/SA207S27	SES292	-1.69127	-58.2199	-56.5286
BLOCK20/SES207/SA207S29	SES083	-1.41506	-57.7409	-56.3259
BLOCK20/SES207/SA207S29	SES085	-1.2963	-57.6222	-56.3259
BLOCK20/SES207/SA207S29	SES172	-0.00768661	-56.3336	-56.3259
BLOCK20/SES207/SA207S29	SES189	-1.6308	-57.9567	-56.3259
BLOCK22/SES221/SA221S12	SES068	0.0510902	-53.7335	-53.7846
BLOCK22/SES221/SA221S12	SES143	-0.600815	-54.3854	-53.7846
BLOCK22/SES221/SA221S12	SES175	-0.306656	-54.0913	-53.7846
BLOCK22/SES221/SA221S12	SES202	-0.59264	-54.3773	-53.7846
BLOCK22/SES221/SA221S15	SES085	-0.984562	-56.4636	-55.4791
BLOCK22/SES221/SA221S15	SES143	-0.839764	-56.3188	-55.4791
BLOCK22/SES221/SA221S15	SES175	-0.682636	-56.1617	-55.4791
BLOCK22/SES221/SA221S15	SES187	-0.775528	-56.2546	-55.4791
BLOCK22/SES221/SA221S23	SES068	0.00922394	-54.59	-54.5992
BLOCK22/SES221/SA221S23	SES143	-0.687103	-55.2863	-54.5992
BLOCK22/SES221/SA221S23	SES175	0.144062	-54.4551	-54.5992
BLOCK22/SES221/SA221S23	SES189	-0.0509109	-54.6501	-54.5992
BLOCK22/SES221/SA221S27	SES085	-0.352932	-56.5721	-56.2191
BLOCK22/SES221/SA221S27	SES143	-0.50835	-56.7275	-56.2191
BLOCK22/SES221/SA221S27	SES175	-0.792629	-57.0118	-56.2191
BLOCK22/SES221/SA221S27	SES189	-0.275265	-56.4944	-56.2191
BLOCK22/SES221/SA221S29	SES085	-0.648357	-56.9249	-56.2766
BLOCK22/SES221/SA221S29	SES143	-1.1082	-57.3848	-56.2766
BLOCK22/SES221/SA221S29	SES175	-0.559299	-56.8359	-56.2766
BLOCK22/SES221/SA221S29	SES187	-0.674988	-56.9515	-56.2766
BLOCK22/SES223/SA223S11	SES143	-0.719265	-57.8289	-57.1096
BLOCK22/SES223/SA223S11	SES144	-1.05473	-58.1643	-57.1096
BLOCK22/SES223/SA223S11	SES175	-0.536705	-57.6463	-57.1096
BLOCK22/SES223/SA223S11	SES187	-0.52187	-57.6315	-57.1096
BLOCK22/SES223/SA223S13	SES068	-0.994896	-56.6404	-55.6455
BLOCK22/SES223/SA223S13	SES143	-1.25961	-56.9051	-55.6455
BLOCK22/SES223/SA223S13	SES146	-1.12256	-56.7681	-55.6455
BLOCK22/SES223/SA223S13	SES202	-0.507435	-56.153	-55.6455
BLOCK22/SES223/SA223S22	SES143	-1.21074	-57.0178	-55.8071
BLOCK22/SES223/SA223S22	SES144	-1.5309	-57.338	-55.8071
BLOCK22/SES223/SA223S22	SES175	-1.36147	-57.1685	-55.8071
BLOCK22/SES223/SA223S22	SES187	-0.348713	-56.1558	-55.8071
BLOCK22/SES223/SA223S25	SES068	-0.142281	-56.8405	-56.6983
BLOCK22/SES223/SA223S25	SES143	-0.986137	-57.6844	-56.6983
BLOCK22/SES223/SA223S25	SES175	-0.45903	-57.1573	-56.6983
BLOCK22/SES223/SA223S25	SES187	-0.513756	-57.212	-56.6983
BLOCK22/SES223/SA223S27	SES143	-0.423367	-59.452	-59.0286
BLOCK22/SES223/SA223S27	SES146	-1.10183	-60.1304	-59.0286
BLOCK22/SES223/SA223S27	SES187	-1.02173	-60.0503	-59.0286
BLOCK22/SES223/SA223S27	SES292	-0.569706	-59.5983	-59.0286
BLOCK27/SES273/SA273S12	SES099	-0.190632	-54.1996	-54.009
BLOCK27/SES273/SA273S12	SES104	-0.0495872	-54.0586	-54.009
BLOCK27/SES273/SA273S12	SES125	-0.343231	-54.3522	-54.009
BLOCK27/SES273/SA273S12	SES206	0.251747	-53.7573	-54.009
BLOCK27/SES273/SA273S13	SES099	-0.428394	-56.036	-55.6076
BLOCK27/SES273/SA273S13	SES104	-0.436722	-56.0443	-55.6076
BLOCK27/SES273/SA273S13	SES206	-1.18462	-56.7922	-55.6076
BLOCK27/SES273/SA273S13	SES292	-1.12201	-56.7296	-55.6076
BLOCK27/SES273/SA273S21	SES099	0.234982	-55.7836	-56.0186
BLOCK27/SES273/SA273S21	SES148	-3.05405	-59.0726	-56.0186
BLOCK27/SES273/SA273S21	SES149	-2.24166	-58.2602	-56.0186
BLOCK27/SES273/SA273S21	SES177	-0.435955	-56.4545	-56.0186
BLOCK27/SES273/SA273S25	SES104	-0.781715	-55.7148	-54.9331
BLOCK27/SES273/SA273S25	SES125	-0.888699	-55.8218	-54.9331
BLOCK27/SES273/SA273S25	SES158	-0.355968	-55.289	-54.9331
BLOCK27/SES273/SA273S25	SES206	-1.18533	-56.1184	-54.9331
BLOCK27/SES273/SA273S27	SES099	-0.97366	-56.2046	-55.2309
BLOCK27/SES273/SA273S27	SES104	-0.541824	-55.7728	-55.2309
BLOCK27/SES273/SA273S27	SES149	-1.04999	-56.2809	-55.2309
BLOCK27/SES273/SA273S27	SES275	-0.876392	-56.1073	-55.2309
BLOCK27/SES274/SA274S10	SES105	-1.82404	-57.6398	-55.8157
BLOCK27/SES274/SA274S10	SES125	-0.200546	-56.0163	-55.8157
BLOCK27/SES274/SA274S10	SES129	-0.206127	-56.0218	-55.8157
BLOCK27/SES274/SA274S10	SES158	-1.39946	-57.2152	-55.8157
BLOCK27/SES274/SA274S11	SES105	-0.776936	-55.0739	-54.2969
BLOCK27/SES274/SA274S11	SES149	-1.33151	-55.6284	-54.2969
BLOCK27/SES274/SA274S11	SES158	-0.823528	-55.1205	-54.2969
BLOCK27/SES274/SA274S11	SES275	-0.587723	-54.8847	-54.2969
BLOCK27/SES274/SA274S21	SES105	-0.763851	-54.3366	-53.5728
BLOCK27/SES274/SA274S21	SES129	0.0422554	-53.5305	-53.5728
BLOCK27/SES274/SA274S21	SES149	-0.675339	-54.2481	-53.5728
BLOCK27/SES274/SA274S21	SES158	-1.52222	-55.095	-53.5728
BLOCK27/SES274/SA274S24	SES105	-1.68184	-56.5364	-54.8546
BLOCK27/SES274/SA274S24	SES129	-0.411694	-55.2663	-54.8546
BLOCK27/SES274/SA274S24	SES149	-1.44046	-56.2951	-54.8546
BLOCK27/SES274/SA274S24	SES158	-2.28295	-57.1375	-54.8546
BLOCK27/SES274/SA274S29	SES105	-1.05339	-57.0183	-55.9649
BLOCK27/SES274/SA274S29	SES106	-3.303	-59.2679	-55.9649
BLOCK27/SES274/SA274S29	SES120	-0.749218	-56.7141	-55.9649
BLOCK27/SES274/SA274S29	SES275	-1.0075	-56.9724	-55.9649
BLOCK27/SES276/SA276S16	SES148	-1.72126	-57.2687	-55.5474
BLOCK27/SES276/SA276S16	SES172	-0.481865	-56.0293	-55.5474
BLOCK27/SES276/SA276S16	SES180	-1.07109	-56.6185	-55.5474
BLOCK27/SES276/SA276S16	SES292	-0.596508	-56.1439	-55.5474
BLOCK27/SES276/SA276S17	SES101	-nan	-nan	-56.47
BLOCK27/SES276/SA276S17	SES177	-1.06915	-57.5391	-56.47
BLOCK27/SES276/SA276S17	SES180	-0.509804	-56.9798	-56.47
BLOCK27/SES276/SA276S17	SES292	-0.735035	-57.205	-56.47
BLOCK27/SES276/SA276S24	SES101	-nan	-nan	-53.4732
BLOCK27/SES276/SA276S24	SES177	-0.678429	-54.1516	-53.4732
BLOCK27/SES276/SA276S24	SES180	-0.302116	-53.7753	-53.4732
BLOCK27/SES276/SA276S24	SES292	-0.997768	-54.471	-53.4732
BLOCK27/SES276/SA276S26	SES101	-nan	-nan	-57.3253
BLOCK27/SES276/SA276S26	SES177	-1.38827	-58.7136	-57.3253
BLOCK27/SES276/SA276S26	SES180	-1.09746	-58.4228	-57.3253
BLOCK27/SES276/SA276S26	SES292	-0.433041	-57.7583	-57.3253
BLOCK27/SES276/SA276S28	SES101	-nan	-nan	-56.4032
BLOCK27/SES276/SA276S28	SES177	-0.310417	-56.7136	-56.4032
BLOCK27/SES276/SA276S28	SES180	-0.00187302	-56.4051	-56.4032
BLOCK27/SES276/SA276S28	SES292	-0.368847	-56.7721	-56.4032
BLOCK27/SES277/SA277S12	SES101	-nan	-nan	-55.7967
BLOCK27/SES277/SA277S12	SES177	-0.827793	-56.6245	-55.7967
BLOCK27/SES277/SA277S12	SES180	-0.388588	-56.1853	-55.7967
BLOCK27/SES277/SA277S12	SES292	-1.09946	-56.8962	-55.7967
BLOCK27/SES277/SA277S14	SES177	-0.433865	-57.3153	-56.8815
BLOCK27/SES277/SA277S14	SES180	-1.2505	-58.132	-56.8815
BLOCK27/SES277/SA277S14	SES189	-0.135895	-57.0174	-56.8815
BLOCK27/SES277/SA277S14	SES292	-1.19839	-58.0799	-56.8815
BLOCK27/SES277/SA277S21	SES177	-0.153194	-54.4871	-54.3339
BLOCK27/SES277/SA277S21	SES180	-1.2484	-55.5823	-54.3339
BLOCK27/SES277/SA277S21	SES189	-0.23465	-54.5686	-54.3339
BLOCK27/SES277/SA277S21	SES292	-1.0427	-55.3766	-54.3339
BLOCK27/SES277/SA277S24	SES144	-0.717056	-56.7897	-56.0726
BLOCK27/SES277/SA277S24	SES177	0.0562172	-56.0164	-56.0726
BLOCK27/SES277/SA277S24	SES180	-0.775269	-56.8479	-56.0726
BLOCK27/SES277/SA277S24	SES189	0.12851	-55.9441	-56.0726
BLOCK27/SES277/SA277S29	SES177	-0.469414	-54.5478	-54.0784
BLOCK27/SES277/SA277S29	SES180	-0.206055	-54.2844	-54.0784
BLOCK27/SES277/SA277S29	SES202	0.203171	-53.8752	-54.0784
BLOCK27/SES277/SA277S29	SES292	-0.924549	-55.0029	-54.0784
BLOCK27/SES279/SA279S09	SES120	-1.40258	-55.7131	-54.3105
BLOCK27/SES279/SA279S09	SES146	-0.641319	-54.9518	-54.3105
BLOCK27/SES279/SA279S09	SES206	-0.517204	-54.8277	-54.3105
BLOCK27/SES279/SA279S09	SES226	-1.16987	-55.4804	-54.3105
BLOCK27/SES279/SA279S10	SES099	-1.04701	-55.4173	-54.3703
BLOCK27/SES279/SA279S10	SES206	-1.16673	-55.537	-54.3703
BLOCK27/SES279/SA279S10	SES226	-1.1471	-55.5174	-54.3703
BLOCK27/SES279/SA279S10	SES292	-0.721432	-55.0917	-54.3703
BLOCK27/SES279/SA279S20	SES099	-0.93214	-55.5253	-54.5932
BLOCK27/SES279/SA279S20	SES206	-0.401184	-54.9944	-54.5932
BLOCK27/SES279/SA279S20	SES226	-1.05772	-55.6509	-54.5932
BLOCK27/SES279/SA279S20	SES292	-0.407021	-55.0002	-54.5932
BLOCK27/SES279/SA279S26	SES099	-1.17263	-56.3504	-55.1778
BLOCK27/SES279/SA279S26	SES206	-0.910313	-56.0881	-55.1778
BLOCK27/SES279/SA279S26	SES226	-1.26968	-56.4474	-55.1778
BLOCK27/SES279/SA279S26	SES292	-0.631573	-55.8093	-55.1778
BLOCK27/SES279/SA279S28	SES099	-0.767399	-55.7258	-54.9584
BLOCK27/SES279/SA279S28	SES120	-0.976143	-55.9345	-54.9584
BLOCK27/SES279/SA279S28	SES177	-0.764271	-55.7227	-54.9584
BLOCK27/SES279/SA279S28	SES206	-0.852108	-55.8105	-54.9584
BLOCK29/SES290/SA290S12	SES162	-0.0546875	-51.7435	-51.6888
BLOCK29/SES290/SA290S12	SES177	0.0576782	-51.6311	-51.6888
BLOCK29/SES290/SA290S12	SES180	-0.47113	-52.1599	-51.6888
BLOCK29/SES290/SA290S12	SES292	-0.426899	-52.1157	-51.6888
BLOCK29/SES290/SA290S13	SES007	-0.188381	-55.2018	-55.0134
BLOCK29/SES290/SA290S13	SES162	-0.536644	-55.55	-55.0134
BLOCK29/SES290/SA290S13	SES177	-0.182415	-55.1958	-55.0134
BLOCK29/SES290/SA290S13	SES180	-0.663761	-55.6771	-55.0134
BLOCK29/SES290/SA290S22	SES177	-0.427094	-54.8534	-54.4263
BLOCK29/SES290/SA290S22	SES180	-0.721825	-55.1481	-54.4263
BLOCK29/SES290/SA290S22	SES202	-0.565548	-54.9919	-54.4263
BLOCK29/SES290/SA290S22	SES292	-1.10999	-55.5363	-54.4263
BLOCK29/SES290/SA290S25	SES162	-1.5377	-55.0044	-53.4667
BLOCK29/SES290/SA290S25	SES177	-1.59016	-55.0568	-53.4667
BLOCK29/SES290/SA290S25	SES180	-4.76796	-58.2346	-53.4667
BLOCK29/SES290/SA290S25	SES292	-0.671936	-54.1386	-53.4667
BLOCK29/SES290/SA290S29	SES177	-0.793102	-55.7526	-54.9595
BLOCK29/SES290/SA290S29	SES180	-0.721245	-55.6808	-54.9595
BLOCK29/SES290/SA290S29	SES275	-0.414593	-55.3741	-54.9595
BLOCK29/SES290/SA290S29	SES292	-0.931099	-55.8906	-54.9595
BLOCK29/SES291/SA291S11	SES105	0.00133896	-55.3418	-55.3432
BLOCK29/SES291/SA291S11	SES125	-3.45782	-58.801	-55.3432
BLOCK29/SES291/SA291S11	SES158	0.243031	-55.1001	-55.3432
BLOCK29/SES291/SA291S11	SES275	-0.985703	-56.3289	-55.3432
BLOCK29/SES291/SA291S12	SES158	1.1165	-50.6823	-51.7988
BLOCK29/SES291/SA291S12	SES226	-1.06931	-52.8681	-51.7988
BLOCK29/SES291/SA291S12	SES270	0.628723	-51.1701	-51.7988
BLOCK29/SES291/SA291S12	SES275	-1.39116	-53.19	-51.7988
BLOCK29/SES291/SA291S22	SES082	-1.13063	-56.5107	-55.3801
BLOCK29/SES291/SA291S22	SES158	-0.356052	-55.7362	-55.3801
BLOCK29/SES291/SA291S22	SES259	-1.53606	-56.9162	-55.3801
BLOCK29/SES291/SA291S22	SES275	-1.43797	-56.8181	-55.3801
BLOCK29/SES291/SA291S24	SES104	0.155975	-54.8665	-55.0225
BLOCK29/SES291/SA291S24	SES125	-0.250248	-55.2727	-55.0225
BLOCK29/SES291/SA291S24	SES158	-0.00720596	-55.0297	-55.0225
BLOCK29/SES291/SA291S24	SES275	-1.13562	-56.1581	-55.0225
BLOCK29/SES291/SA291S27	SES158	0.145294	-55.5657	-55.711
BLOCK29/SES291/SA291S27	SES172	-0.788036	-56.4991	-55.711
BLOCK29/SES291/SA291S27	SES275	-0.972187	-56.6832	-55.711
BLOCK29/SES291/SA291S27	SES292	-0.474346	-56.1854	-55.711
