BLOCK00/SES002/SA002S12	SES002	1.17634	-46.2444	-47.4208
BLOCK00/SES002/SA002S13	SES002	2.11173	-45.837	-47.9487
BLOCK00/SES002/SA002S23	SES002	1.3627	-46.1291	-47.4918
BLOCK00/SES002/SA002S26	SES002	1.69831	-45.7334	-47.4317
BLOCK00/SES002/SA002S28	SES002	1.44882	-46.1868	-47.6357
BLOCK00/SES007/SA007S14	SES007	1.54221	-45.016	-46.5582
BLOCK00/SES007/SA007S15	SES007	0.521179	-46.9114	-47.4325
BLOCK00/SES007/SA007S24	SES007	0.652729	-46.6903	-47.343
BLOCK00/SES007/SA007S27	SES007	0.612129	-47.3341	-47.9462
BLOCK00/SES007/SA007S29	SES007	0.449104	-46.3122	-46.7614
BLOCK00/SES008/SA008S11	SES008	1.22507	-46.429	-47.654
BLOCK00/SES008/SA008S12	SES008	0.332382	-47.4266	-47.759
BLOCK00/SES008/SA008S19	SES008	1.66047	-45.907	-47.5675
BLOCK00/SES008/SA008S22	SES008	1.23673	-46.544	-47.7808
BLOCK00/SES008/SA008S29	SES008	0.973858	-46.527	-47.5008
BLOCK01/SES014/SA014S10	SES014	2.24904	-45.8616	-48.1106
BLOCK01/SES014/SA014S12	SES014	2.75263	-43.9114	-46.664
BLOCK01/SES014/SA014S24	SES014	1.5308	-45.94	-47.4708
BLOCK01/SES014/SA014S26	SES014	2.30695	-43.7837	-46.0907
BLOCK01/SES014/SA014S28	SES014	2.658	-44.0299	-46.6879
BLOCK01/SES016/SA016S12	SES016	1.34746	-47.7524	-49.0998
BLOCK01/SES016/SA016S13	SES016	1.4254	-46.5733	-47.9987
BLOCK01/SES016/SA016S22	SES016	0.501434	-47.3835	-47.8849
BLOCK01/SES016/SA016S25	SES016	1.39872	-44.9065	-46.3052
BLOCK01/SES016/SA016S27	SES016	1.82073	-44.9597	-46.7805
BLOCK01/SES019/SA019S13	SES019	2.83776	-46.6025	-49.4403
BLOCK01/SES019/SA019S14	SES019	1.89532	-46.857	-48.7523
BLOCK01/SES019/SA019S22	SES019	2.73887	-46.202	-48.9409
BLOCK01/SES019/SA019S25	SES019	2.64388	-46.5927	-49.2366
BLOCK01/SES019/SA019S29	SES019	3.30342	-46.2546	-49.5581
BLOCK02/SES029/SA029S11	SES029	1.46064	-46.0173	-47.478
BLOCK02/SES029/SA029S12	SES029	0.498039	-46.4313	-46.9293
BLOCK02/SES029/SA029S20	SES029	0.739178	-47.3193	-48.0585
BLOCK02/SES029/SA029S25	SES029	0.478191	-46.3537	-46.8319
BLOCK02/SES029/SA029S28	SES029	0.48167	-46.9334	-47.4151
BLOCK04/SES042/SA042S12	SES042	2.57671	-44.8696	-47.4463
BLOCK04/SES042/SA042S15	SES042	2.33162	-45.5992	-47.9308
BLOCK04/SES042/SA042S22	SES042	3.41889	-43.7879	-47.2068
BLOCK04/SES042/SA042S25	SES042	2.03535	-46.6208	-48.6562
BLOCK04/SES042/SA042S27	SES042	1.95581	-45.315	-47.2708
BLOCK04/SES048/SA048S11	SES048	1.27876	-46.3507	-47.6294
BLOCK04/SES048/SA048S12	SES048	0.540676	-46.7604	-47.3011
BLOCK04/SES048/SA048S20	SES048	0.76226	-46.3426	-47.1049
BLOCK04/SES048/SA048S23	SES048	1.36253	-46.7721	-48.1347
BLOCK04/SES048/SA048S27	SES048	0.796413	-45.9562	-46.7526
BLOCK06/SES060/SA060S11	SES060	1.2694	-46.03	-47.2994
BLOCK06/SES060/SA060S12	SES060	-1.21383	-48.1197	-46.9059
BLOCK06/SES060/SA060S22	SES060	-0.31546	-48.3442	-48.0287
BLOCK06/SES060/SA060S24	SES060	0.868855	-46.2993	-47.1681
BLOCK06/SES060/SA060S28	SES060	0.951038	-44.7296	-45.6806
BLOCK06/SES062/SA062S10	SES062	1.14346	-46.2467	-47.3901
BLOCK06/SES062/SA062S11	SES062	1.2922	-45.7616	-47.0538
BLOCK06/SES062/SA062S21	SES062	2.15548	-43.7449	-45.9004
BLOCK06/SES062/SA062S26	SES062	0.847977	-45.4391	-46.2871
BLOCK06/SES062/SA062S29	SES062	1.4786	-44.715	-46.1936
BLOCK06/SES068/SA068S14	SES068	0.272346	-46.9752	-47.2476
BLOCK06/SES068/SA068S15	SES068	1.02722	-45.5666	-46.5938
BLOCK06/SES068/SA068S23	SES068	0.569702	-47.2971	-47.8668
BLOCK06/SES068/SA068S27	SES068	1.48293	-44.97	-46.4529
BLOCK06/SES068/SA068S29	SES068	0.983727	-46.1658	-47.1495
BLOCK08/SES082/SA082S12	SES082	0.733135	-48.0014	-48.7345
BLOCK08/SES082/SA082S14	SES082	0.268532	-48.4772	-48.7457
BLOCK08/SES082/SA082S21	SES082	0.803947	-47.3819	-48.1858
BLOCK08/SES082/SA082S24	SES082	0.899487	-47.1477	-48.0472
BLOCK08/SES082/SA082S28	SES082	0.197067	-47.9752	-48.1723
BLOCK08/SES083/SA083S14	SES083	-0.568687	-47.4935	-46.9248
BLOCK08/SES083/SA083S15	SES083	0.0241394	-47.072	-47.0961
BLOCK08/SES083/SA083S24	SES083	-0.220959	-47.3989	-47.1779
BLOCK08/SES083/SA083S26	SES083	0.904804	-46.2859	-47.1907
BLOCK08/SES083/SA083S29	SES083	-0.49926	-47.1354	-46.6361
BLOCK08/SES085/SA085S10	SES085	-0.0156441	-47.0509	-47.0353
BLOCK08/SES085/SA085S13	SES085	0.468716	-47.1072	-47.5759
BLOCK08/SES085/SA085S22	SES085	-1.30375	-48.4054	-47.1017
BLOCK08/SES085/SA085S26	SES085	-0.218704	-47.0285	-46.8097
BLOCK08/SES085/SA085S28	SES085	0.786491	-46.3695	-47.156
BLOCK08/SES087/SA087S15	SES087	1.7704	-46.4647	-48.2351
BLOCK08/SES087/SA087S16	SES087	1.76387	-46.4319	-48.1958
BLOCK08/SES087/SA087S24	SES087	1.92774	-46.4591	-48.3869
BLOCK08/SES087/SA087S26	SES087	1.60617	-45.2237	-46.8299
BLOCK08/SES087/SA087S29	SES087	1.80649	-46.5377	-48.3442
BLOCK09/SES099/SA099S15	SES099	1.23662	-47.3649	-48.6015
BLOCK09/SES099/SA099S16	SES099	1.44132	-46.6077	-48.0491
BLOCK09/SES099/SA099S24	SES099	1.43814	-46.2786	-47.7167
BLOCK09/SES099/SA099S26	SES099	1.61912	-46.1543	-47.7734
BLOCK09/SES099/SA099S29	SES099	1.48711	-46.3394	-47.8265
BLOCK10/SES101/SA101S11	SES101	0.157501	-46.4857	-46.6432
BLOCK10/SES101/SA101S13	SES101	0.902798	-45.6735	-46.5763
BLOCK10/SES101/SA101S22	SES101	1.00045	-46.805	-47.8055
BLOCK10/SES101/SA101S24	SES101	1.3724	-46.0444	-47.4168
BLOCK10/SES101/SA101S28	SES101	0.145832	-47.099	-47.2449
BLOCK10/SES104/SA104S11	SES104	1.33784	-45.4631	-46.8009
BLOCK10/SES104/SA104S12	SES104	1.46388	-45.485	-46.9489
BLOCK10/SES104/SA104S21	SES104	1.29569	-46.1964	-47.4921
BLOCK10/SES104/SA104S24	SES104	0.902542	-47.0238	-47.9264
BLOCK10/SES104/SA104S28	SES104	1.14988	-46.7372	-47.8871
BLOCK10/SES105/SA105S12	SES105	0.796425	-47.6273	-48.4237
BLOCK10/SES105/SA105S13	SES105	0.758263	-47.3957	-48.1539
BLOCK10/SES105/SA105S22	SES105	0.326206	-48.3516	-48.6778
BLOCK10/SES105/SA105S26	SES105	1.42395	-46.8414	-48.2653
BLOCK10/SES105/SA105S29	SES105	0.847759	-46.9565	-47.8043
BLOCK10/SES106/SA106S09	SES106	1.35741	-47.6096	-48.967
BLOCK10/SES106/SA106S11	SES106	1.47578	-45.9974	-47.4732
BLOCK10/SES106/SA106S22	SES106	2.67356	-46.2311	-48.9046
BLOCK10/SES106/SA106S27	SES106	1.34431	-46.6735	-48.0178
BLOCK10/SES106/SA106S29	SES106	1.02987	-46.6264	-47.6563
BLOCK11/SES117/SA117S12	SES117	0.556614	-47.2248	-47.7814
BLOCK11/SES117/SA117S13	SES117	0.457951	-46.9144	-47.3724
BLOCK11/SES117/SA117S23	SES117	1.26502	-47.5936	-48.8586
BLOCK11/SES117/SA117S25	SES117	0.909145	-47.5532	-48.4624
BLOCK11/SES117/SA117S28	SES117	0.995819	-47.5288	-48.5246
BLOCK12/SES120/SA120S08	SES120	1.07165	-48.1473	-49.2189
BLOCK12/SES120/SA120S11	SES120	1.23132	-48.8768	-50.1081
BLOCK12/SES120/SA120S22	SES120	0.321938	-47.5877	-47.9096
BLOCK12/SES120/SA120S24	SES120	0.11528	-48.1445	-48.2598
BLOCK12/SES120/SA120S28	SES120	0.511044	-48.9907	-49.5018
BLOCK12/SES125/SA125S13	SES125	1.86461	-45.6303	-47.4949
BLOCK12/SES125/SA125S14	SES125	1.32615	-46.4733	-47.7994
BLOCK12/SES125/SA125S25	SES125	1.78521	-45.9948	-47.78
BLOCK12/SES125/SA125S27	SES125	1.974	-45.1494	-47.1234
BLOCK12/SES125/SA125S29	SES125	1.94237	-45.7033	-47.6457
BLOCK12/SES127/SA127S11	SES127	0.818188	-47.0562	-47.8744
BLOCK12/SES127/SA127S12	SES127	-0.745136	-47.4156	-46.6705
BLOCK12/SES127/SA127S23	SES127	0.160255	-47.1033	-47.2636
BLOCK12/SES127/SA127S25	SES127	-0.958988	-48.1189	-47.1599
BLOCK12/SES127/SA127S27	SES127	0.743668	-46.2788	-47.0224
BLOCK12/SES129/SA129S11	SES129	1.4591	-45.7303	-47.1894
BLOCK12/SES129/SA129S12	SES129	1.40224	-45.5728	-46.975
BLOCK12/SES129/SA129S22	SES129	1.3342	-46.3455	-47.6797
BLOCK12/SES129/SA129S27	SES129	1.52389	-45.7444	-47.2683
BLOCK12/SES129/SA129S29	SES129	1.7773	-45.4296	-47.2069
BLOCK14/SES142/SA142S11	SES142	1.56897	-46.6065	-48.1755
BLOCK14/SES142/SA142S12	SES142	0.897469	-47.3458	-48.2433
BLOCK14/SES142/SA142S24	SES142	1.55521	-46.4882	-48.0434
BLOCK14/SES142/SA142S27	SES142	1.91907	-46.1374	-48.0564
BLOCK14/SES142/SA142S29	SES142	1.75157	-45.5381	-47.2897
BLOCK14/SES143/SA143S12	SES143	0.840153	-47.0996	-47.9397
BLOCK14/SES143/SA143S13	SES143	0.529854	-47.4592	-47.989
BLOCK14/SES143/SA143S23	SES143	0.86335	-47.3027	-48.166
BLOCK14/SES143/SA143S25	SES143	0.744183	-46.9752	-47.7194
BLOCK14/SES143/SA143S28	SES143	0.788212	-46.3451	-47.1333
BLOCK14/SES144/SA144S09	SES144	0.781933	-46.8176	-47.5995
BLOCK14/SES144/SA144S11	SES144	0.777523	-47.6512	-48.4287
BLOCK14/SES144/SA144S21	SES144	0.159027	-47.6333	-47.7923
BLOCK14/SES144/SA144S25	SES144	0.488529	-47.7965	-48.285
BLOCK14/SES144/SA144S29	SES144	0.0830498	-47.5529	-47.636
BLOCK14/SES146/SA146S14	SES146	0.681561	-47.6824	-48.364
BLOCK14/SES146/SA146S15	SES146	0.0528259	-47.9076	-47.9604
BLOCK14/SES146/SA146S24	SES146	0.290878	-47.5621	-47.8529
BLOCK14/SES146/SA146S26	SES146	0.882969	-47.8112	-48.6942
BLOCK14/SES146/SA146S29	SES146	0.584072	-48.2745	-48.8586
BLOCK14/SES147/SA147S11	SES147	1.55808	-47.1527	-48.7108
BLOCK14/SES147/SA147S13	SES147	1.99083	-45.8803	-47.8711
BLOCK14/SES147/SA147S23	SES147	1.42868	-47.4081	-48.8368
BLOCK14/SES147/SA147S26	SES147	1.37991	-47.2053	-48.5852
BLOCK14/SES147/SA147S28	SES147	1.91978	-46.5176	-48.4374
BLOCK14/SES148/SA148S10	SES148	1.3354	-46.2523	-47.5877
BLOCK14/SES148/SA148S12	SES148	0.554546	-47.578	-48.1325
BLOCK14/SES148/SA148S22	SES148	1.04242	-45.939	-46.9815
BLOCK14/SES148/SA148S26	SES148	0.0433044	-47.08	-47.1233
BLOCK14/SES148/SA148S29	SES148	0.445621	-47.4089	-47.8545
BLOCK14/SES149/SA149S13	SES149	0.074131	-47.5445	-47.6186
BLOCK14/SES149/SA149S14	SES149	0.54195	-46.5474	-47.0893
BLOCK14/SES149/SA149S24	SES149	1.05447	-46.5922	-47.6467
BLOCK14/SES149/SA149S26	SES149	1.63864	-45.9795	-47.6181
BLOCK14/SES149/SA149S28	SES149	2.17005	-45.1962	-47.3663
BLOCK15/SES158/SA158S13	SES158	1.16496	-47.3015	-48.4664
BLOCK15/SES158/SA158S14	SES158	2.02203	-47.0023	-49.0243
BLOCK15/SES158/SA158S23	SES158	1.05495	-46.9757	-48.0307
BLOCK15/SES158/SA158S26	SES158	1.83946	-46.8002	-48.6397
BLOCK15/SES158/SA158S28	SES158	1.3375	-47.0415	-48.379
BLOCK16/SES162/SA162S10	SES162	0.871162	-48.0255	-48.8966
BLOCK16/SES162/SA162S11	SES162	0.939095	-46.7037	-47.6428
BLOCK16/SES162/SA162S21	SES162	1.65657	-46.469	-48.1256
BLOCK16/SES162/SA162S24	SES162	0.777092	-47.0774	-47.8545
BLOCK16/SES162/SA162S27	SES162	0.945961	-47.4651	-48.411
BLOCK16/SES167/SA167S14	SES167	0.949566	-45.6174	-46.5669
BLOCK16/SES167/SA167S15	SES167	1.43592	-46.2998	-47.7357
BLOCK16/SES167/SA167S21	SES167	1.43484	-45.2221	-46.6569
BLOCK16/SES167/SA167S25	SES167	1.51537	-46.3857	-47.901
BLOCK16/SES167/SA167S29	SES167	1.99685	-44.8929	-46.8898
BLOCK17/SES172/SA172S12	SES172	1.3727	-46.3157	-47.6884
BLOCK17/SES172/SA172S13	SES172	1.61927	-46.477	-48.0962
BLOCK17/SES172/SA172S23	SES172	1.11132	-45.1663	-46.2777
BLOCK17/SES172/SA172S27	SES172	0.837059	-46.8486	-47.6856
BLOCK17/SES172/SA172S29	SES172	1.68814	-46.2081	-47.8963
BLOCK17/SES175/SA175S11	SES175	1.45095	-46.2848	-47.7358
BLOCK17/SES175/SA175S13	SES175	0.899891	-46.6157	-47.5156
BLOCK17/SES175/SA175S23	SES175	1.48188	-46.6423	-48.1242
BLOCK17/SES175/SA175S25	SES175	0.717987	-48.1264	-48.8444
BLOCK17/SES175/SA175S28	SES175	1.0878	-46.2391	-47.3269
BLOCK17/SES177/SA177S15	SES177	-0.213142	-47.6205	-47.4073
BLOCK17/SES177/SA177S17	SES177	0.100029	-47.2635	-47.3635
BLOCK17/SES177/SA177S23	SES177	0.200737	-47.2631	-47.4638
BLOCK17/SES177/SA177S26	SES177	0.554081	-45.4706	-46.0246
BLOCK17/SES177/SA177S28	SES177	0.219944	-46.316	-46.536
BLOCK18/SES180/SA180S13	SES180	0.53838	-47.1237	-47.6621
BLOCK18/SES180/SA180S15	SES180	0.518349	-47.3187	-47.8371
BLOCK18/SES180/SA180S24	SES180	0.785316	-45.622	-46.4073
BLOCK18/SES180/SA180S26	SES180	0.693649	-46.5157	-47.2093
BLOCK18/SES180/SA180S29	SES180	0.854565	-47.1164	-47.971
BLOCK18/SES183/SA183S13	SES183	0.941975	-47.557	-48.499
BLOCK18/SES183/SA183S14	SES183	0.37571	-47.6666	-48.0423
BLOCK18/SES183/SA183S24	SES183	1.02732	-47.44	-48.4674
BLOCK18/SES183/SA183S27	SES183	1.19055	-46.9095	-48.1001
BLOCK18/SES183/SA183S29	SES183	1.12241	-46.5553	-47.6777
BLOCK18/SES187/SA187S13	SES187	0.514481	-47.8466	-48.361
BLOCK18/SES187/SA187S14	SES187	0.571568	-47.728	-48.2996
BLOCK18/SES187/SA187S24	SES187	0.907181	-46.8432	-47.7504
BLOCK18/SES187/SA187S27	SES187	0.978611	-46.7158	-47.6944
BLOCK18/SES187/SA187S29	SES187	1.19914	-46.8774	-48.0766
BLOCK18/SES189/SA189S10	SES189	1.34719	-48.4824	-49.8296
BLOCK18/SES189/SA189S13	SES189	1.42254	-49.2225	-50.645
BLOCK18/SES189/SA189S24	SES189	1.33531	-47.8645	-49.1998
BLOCK18/SES189/SA189S26	SES189	0.854893	-48.042	-48.8969
BLOCK18/SES189/SA189S29	SES189	1.71824	-47.5571	-49.2753
BLOCK20/SES202/SA202S12	SES202	1.35454	-47.7484	-49.103
BLOCK20/SES202/SA202S14	SES202	2.58753	-45.8806	-48.4681
BLOCK20/SES202/SA202S24	SES202	1.43373	-46.9664	-48.4002
BLOCK20/SES202/SA202S27	SES202	1.69498	-45.4651	-47.1601
BLOCK20/SES202/SA202S29	SES202	1.61098	-45.5839	-47.1949
BLOCK20/SES206/SA206S15	SES206	0.1147	-46.6842	-46.7989
BLOCK20/SES206/SA206S17	SES206	1.63851	-45.4999	-47.1384
BLOCK20/SES206/SA206S24	SES206	1.54108	-45.4002	-46.9413
BLOCK20/SES206/SA206S27	SES206	1.7758	-45.9874	-47.7632
BLOCK20/SES206/SA206S29	SES206	1.61885	-45.1936	-46.8125
BLOCK22/SES226/SA226S12	SES226	1.48765	-47.075	-48.5627
BLOCK22/SES226/SA226S13	SES226	-0.033947	-48.1838	-48.1498
BLOCK22/SES226/SA226S20	SES226	1.33352	-47.1674	-48.5009
BLOCK22/SES226/SA226S23	SES226	1.36806	-46.3931	-47.7611
BLOCK22/SES226/SA226S28	SES226	1.78918	-46.1238	-47.913
BLOCK25/SES259/SA259S13	SES259	3.17326	-44.796	-47.9693
BLOCK25/SES259/SA259S14	SES259	1.66451	-46.0667	-47.7312
BLOCK25/SES259/SA259S22	SES259	1.49584	-46.1317	-47.6276
BLOCK25/SES259/SA259S24	SES259	1.66983	-45.5132	-47.183
BLOCK25/SES259/SA259S28	SES259	1.94152	-45.201	-47.1425
BLOCK27/SES270/SA270S14	SES270	2.14369	-47.2045	-49.3482
BLOCK27/SES270/SA270S16	SES270	0.701523	-47.4848	-48.1863
BLOCK27/SES270/SA270S22	SES270	2.77472	-46.0063	-48.781
BLOCK27/SES270/SA270S26	SES270	1.36603	-47.9974	-49.3634
BLOCK27/SES270/SA270S28	SES270	0.953033	-46.8202	-47.7732
BLOCK27/SES275/SA275S17	SES275	1.17469	-47.3352	-48.5098
BLOCK27/SES275/SA275S18	SES275	0.410873	-47.3702	-47.781
BLOCK27/SES275/SA275S24	SES275	0.401836	-48.6229	-49.0247
BLOCK27/SES275/SA275S26	SES275	1.18317	-46.6084	-47.7915
BLOCK27/SES275/SA275S28	SES275	0.415279	-47.0931	-47.5083
BLOCK29/SES292/SA292S10	SES292	0.223442	-47.557	-47.7805
BLOCK29/SES292/SA292S12	SES292	0.158401	-47.8453	-48.0037
BLOCK29/SES292/SA292S22	SES292	0.865974	-46.3029	-47.1689
BLOCK29/SES292/SA292S24	SES292	0.0321159	-47.0931	-47.1252
BLOCK29/SES292/SA292S27	SES292	0.198631	-46.5448	-46.7435
BLOCK00/SES001/SA001S14	SES062	-1.59581	-49.8317	-48.2359
BLOCK00/SES001/SA001S14	SES082	-2.12708	-50.363	-48.2359
BLOCK00/SES001/SA001S14	SES106	-2.79576	-51.0317	-48.2359
BLOCK00/SES001/SA001S14	SES206	-2.71017	-50.9461	-48.2359
BLOCK00/SES001/SA001S15	SES062	-2.00111	-49.5102	-47.5091
BLOCK00/SES001/SA001S15	SES104	-3.21266	-50.7217	-47.5091
BLOCK00/SES001/SA001S15	SES106	-2.82513	-50.3342	-47.5091
BLOCK00/SES001/SA001S15	SES206	-3.22064	-50.7297	-47.5091
BLOCK00/SES001/SA001S24	SES062	-2.39235	-50.8736	-48.4813
BLOCK00/SES001/SA001S24	SES082	-2.39945	-50.8807	-48.4813
BLOCK00/SES001/SA001S24	SES087	-2.71566	-51.1969	-48.4813
BLOCK00/SES001/SA001S24	SES206	-1.96787	-50.4492	-48.4813
BLOCK00/SES001/SA001S27	SES062	-1.71592	-48.8594	-47.1435
BLOCK00/SES001/SA001S27	SES082	-1.98809	-49.1316	-47.1435
BLOCK00/SES001/SA001S27	SES087	-2.80813	-49.9516	-47.1435
BLOCK00/SES001/SA001S27	SES206	-2.82504	-49.9685	-47.1435
BLOCK00/SES001/SA001S29	SES062	-2.41012	-50.6911	-48.281
BLOCK00/SES001/SA001S29	SES082	-2.23413	-50.5151	-48.281
BLOCK00/SES001/SA001S29	SES158	-1.56157	-49.8425	-48.281
BLOCK00/SES001/SA001S29	SES206	-3.71795	-51.9989	-48.281
BLOCK00/SES003/SA003S11	SES002	-1.06115	-49.3409	-48.2797
BLOCK00/SES003/SA003S11	SES019	-0.813129	-49.0928	-48.2797
BLOCK00/SES003/SA003S11	SES082	0.249237	-48.0305	-48.2797
BLOCK00/SES003/SA003S11	SES125	-1.12909	-49.4088	-48.2797
BLOCK00/SES003/SA003S15	SES016	-2.4257	-50.1231	-47.6974
BLOCK00/SES003/SA003S15	SES019	-1.19211	-48.8895	-47.6974
BLOCK00/SES003/SA003S15	SES062	-1.52823	-49.2257	-47.6974
BLOCK00/SES003/SA003S15	SES206	-1.20683	-48.9043	-47.6974
BLOCK00/SES003/SA003S22	SES002	-1.75347	-49.5009	-47.7474
BLOCK00/SES003/SA003S22	SES062	-1.13349	-48.8809	-47.7474
BLOCK00/SES003/SA003S22	SES082	-1.0334	-48.7808	-47.7474
BLOCK00/SES003/SA003S22	SES087	-1.77281	-49.5202	-47.7474
BLOCK00/SES003/SA003S25	SES062	-2.09303	-50.5556	-48.4625
BLOCK00/SES003/SA003S25	SES082	-0.725899	-49.1884	-48.4625
BLOCK00/SES003/SA003S25	SES087	-1.30032	-49.7629	-48.4625
BLOCK00/SES003/SA003S25	SES206	-1.63231	-50.0948	-48.4625
BLOCK00/SES003/SA003S29	SES002	-1.8312	-50.1345	-48.3033
BLOCK00/SES003/SA003S29	SES062	-2.09977	-50.4031	-48.3033
BLOCK00/SES003/SA003S29	SES082	-0.518318	-48.8216	-48.3033
BLOCK00/SES003/SA003S29	SES087	-1.7846	-50.0879	-48.3033
BLOCK00/SES004/SA004S12	SES083	-2.60896	-50.5454	-47.9365
BLOCK00/SES004/SA004S12	SES148	-1.92925	-49.8657	-47.9365
BLOCK00/SES004/SA004S12	SES172	-1.13978	-49.0762	-47.9365
BLOCK00/SES004/SA004S12	SES292	-2.81432	-50.7508	-47.9365
BLOCK00/SES004/SA004S17	SES083	-2.24297	-50.5729	-48.3299
BLOCK00/SES004/SA004S17	SES162	-1.37101	-49.7009	-48.3299
BLOCK00/SES004/SA004S17	SES172	-2.06031	-50.3902	-48.3299
BLOCK00/SES004/SA004S17	SES292	-2.44844	-50.7784	-48.3299
BLOCK00/SES004/SA004S24	SES083	-2.21737	-49.631	-47.4137
BLOCK00/SES004/SA004S24	SES148	-1.59827	-49.0119	-47.4137
BLOCK00/SES004/SA004S24	SES172	-1.05694	-48.4706	-47.4137
BLOCK00/SES004/SA004S24	SES292	-1.98136	-49.395	-47.4137
BLOCK00/SES004/SA004S26	SES083	-1.5479	-49.1506	-47.6027
BLOCK00/SES004/SA004S26	SES127	-1.39279	-48.9955	-47.6027
BLOCK00/SES004/SA004S26	SES148	-2.44164	-50.0443	-47.6027
BLOCK00/SES004/SA004S26	SES292	-2.21983	-49.8225	-47.6027
BLOCK00/SES004/SA004S28	SES083	-2.30427	-49.2627	-46.9584
BLOCK00/SES004/SA004S28	SES127	-1.35656	-48.315	-46.9584
BLOCK00/SES004/SA004S28	SES187	-0.957333	-47.9157	-46.9584
BLOCK00/SES004/SA004S28	SES292	-2.98877	-49.9472	-46.9584
BLOCK00/SES006/SA006S10	SES014	-2.60461	-52.6928	-50.0882
BLOCK00/SES006/SA006S10	SES158	-1.11959	-51.2078	-50.0882
BLOCK00/SES006/SA006S10	SES226	-3.11516	-53.2034	-50.0882
BLOCK00/SES006/SA006S10	SES270	-0.548786	-50.637	-50.0882
BLOCK00/SES006/SA006S11	SES158	-0.645889	-50.4145	-49.7686
BLOCK00/SES006/SA006S11	SES226	-2.04216	-51.8108	-49.7686
BLOCK00/SES006/SA006S11	SES270	-0.578533	-50.3472	-49.7686
BLOCK00/SES006/SA006S11	SES275	-3.48042	-53.2491	-49.7686
BLOCK00/SES006/SA006S23	SES062	-2.42823	-51.2098	-48.7815
BLOCK00/SES006/SA006S23	SES105	-2.54066	-51.3222	-48.7815
BLOCK00/SES006/SA006S23	SES158	-0.851822	-49.6334	-48.7815
BLOCK00/SES006/SA006S23	SES275	-2.27284	-51.0544	-48.7815
BLOCK00/SES006/SA006S26	SES104	-1.69661	-50.3445	-48.6479
BLOCK00/SES006/SA006S26	SES158	-0.443382	-49.0913	-48.6479
BLOCK00/SES006/SA006S26	SES270	0.536659	-48.1113	-48.6479
BLOCK00/SES006/SA006S26	SES275	-3.05554	-51.7035	-48.6479
BLOCK00/SES006/SA006S28	SES007	-2.42116	-51.8865	-49.4654
BLOCK00/SES006/SA006S28	SES105	-2.96699	-52.4324	-49.4654
BLOCK00/SES006/SA006S28	SES158	-0.998199	-50.4636	-49.4654
BLOCK00/SES006/SA006S28	SES275	-3.32118	-52.7866	-49.4654
BLOCK00/SES009/SA009S12	SES083	-2.2455	-49.6633	-47.4178
BLOCK00/SES009/SA009S12	SES148	-1.33417	-48.752	-47.4178
BLOCK00/SES009/SA009S12	SES177	-0.982246	-48.4001	-47.4178
BLOCK00/SES009/SA009S12	SES292	-1.31542	-48.7332	-47.4178
BLOCK00/SES009/SA009S15	SES007	0.261711	-46.482	-46.7437
BLOCK00/SES009/SA009S15	SES099	-6.90363	-53.6473	-46.7437
BLOCK00/SES009/SA009S15	SES148	-1.56986	-48.3136	-46.7437
BLOCK00/SES009/SA009S15	SES172	-1.06702	-47.8107	-46.7437
BLOCK00/SES009/SA009S24	SES146	-1.10938	-47.953	-46.8436
BLOCK00/SES009/SA009S24	SES148	-1.39427	-48.2378	-46.8436
BLOCK00/SES009/SA009S24	SES177	-0.514908	-47.3585	-46.8436
BLOCK00/SES009/SA009S24	SES292	-1.19238	-48.036	-46.8436
BLOCK00/SES009/SA009S26	SES083	-2.24456	-49.6091	-47.3645
BLOCK00/SES009/SA009S26	SES101	-1.70997	-49.0745	-47.3645
BLOCK00/SES009/SA009S26	SES120	-1.06158	-48.4261	-47.3645
BLOCK00/SES009/SA009S26	SES177	-0.812336	-48.1768	-47.3645
BLOCK00/SES009/SA009S29	SES083	-1.82803	-48.7925	-46.9645
BLOCK00/SES009/SA009S29	SES101	-1.2823	-48.2468	-46.9645
BLOCK00/SES009/SA009S29	SES177	-0.75214	-47.7166	-46.9645
BLOCK00/SES009/SA009S29	SES292	-1.5323	-48.4968	-46.9645
BLOCK01/SES011/SA011S10	SES019	-0.978168	-49.112	-48.1338
BLOCK01/SES011/SA011S10	SES042	-1.0148	-49.1486	-48.1338
BLOCK01/SES011/SA011S10	SES082	-2.13982	-50.2736	-48.1338
BLOCK01/SES011/SA011S10	SES206	-0.958805	-49.0926	-48.1338
BLOCK01/SES011/SA011S11	SES019	-0.710155	-49.6102	-48.9001
BLOCK01/SES011/SA011S11	SES042	-1.42978	-50.3299	-48.9001
BLOCK01/SES011/SA011S11	SES082	-2.33714	-51.2372	-48.9001
BLOCK01/SES011/SA011S11	SES206	-0.803104	-49.7032	-48.9001
BLOCK01/SES011/SA011S22	SES019	-0.263012	-48.9938	-48.7308
BLOCK01/SES011/SA011S22	SES042	-0.823658	-49.5544	-48.7308
BLOCK01/SES011/SA011S22	SES082	-1.3471	-50.0779	-48.7308
BLOCK01/SES011/SA011S22	SES206	-0.836903	-49.5677	-48.7308
BLOCK01/SES011/SA011S24	SES019	-0.554752	-48.4377	-47.8829
BLOCK01/SES011/SA011S24	SES042	-0.777676	-48.6606	-47.8829
BLOCK01/SES011/SA011S24	SES104	-1.23367	-49.1166	-47.8829
BLOCK01/SES011/SA011S24	SES206	-0.44006	-48.323	-47.8829
BLOCK01/SES011/SA011S27	SES082	0.365524	-47.4867	-47.8522
BLOCK01/SES011/SA011S27	SES087	-0.953152	-48.8053	-47.8522
BLOCK01/SES011/SA011S27	SES125	-0.44804	-48.3002	-47.8522
BLOCK01/SES011/SA011S27	SES206	-0.0756531	-47.9278	-47.8522
BLOCK01/SES012/SA012S11	SES007	-1.87785	-48.748	-46.8701
BLOCK01/SES012/SA012S11	SES082	-1.19553	-48.0657	-46.8701
BLOCK01/SES012/SA012S11	SES083	-2.7188	-49.5889	-46.8701
BLOCK01/SES012/SA012S11	SES206	-0.545635	-47.4158	-46.8701
BLOCK01/SES012/SA012S14	SES082	-1.14415	-48.7692	-47.625
BLOCK01/SES012/SA012S14	SES087	-2.02454	-49.6496	-47.625
BLOCK01/SES012/SA012S14	SES206	-0.864414	-48.4895	-47.625
BLOCK01/SES012/SA012S14	SES292	-3.48183	-51.1069	-47.625
BLOCK01/SES012/SA012S24	SES082	0.0909424	-48.4207	-48.5116
BLOCK01/SES012/SA012S24	SES087	-1.07608	-49.5877	-48.5116
BLOCK01/SES012/SA012S24	SES120	-3.78027	-52.2919	-48.5116
BLOCK01/SES012/SA012S24	SES206	-0.318745	-48.8303	-48.5116
BLOCK01/SES012/SA012S26	SES019	-2.21745	-49.7324	-47.5149
BLOCK01/SES012/SA012S26	SES082	-1.85304	-49.368	-47.5149
BLOCK01/SES012/SA012S26	SES206	-0.586304	-48.1012	-47.5149
BLOCK01/SES012/SA012S26	SES292	-3.12867	-50.6436	-47.5149
BLOCK01/SES012/SA012S29	SES062	-1.86705	-48.9271	-47.0601
BLOCK01/SES012/SA012S29	SES082	-1.01282	-48.0729	-47.0601
BLOCK01/SES012/SA012S29	SES083	-2.39184	-49.4519	-47.0601
BLOCK01/SES012/SA012S29	SES206	-0.892719	-47.9528	-47.0601
BLOCK01/SES013/SA013S16	SES062	-3.21353	-51.1087	-47.8952
BLOCK01/SES013/SA013S16	SES106	-0.607571	-48.5028	-47.8952
BLOCK01/SES013/SA013S16	SES206	-1.15263	-49.0478	-47.8952
BLOCK01/SES013/SA013S16	SES226	-0.170277	-48.0655	-47.8952
BLOCK01/SES013/SA013S17	SES062	-2.73588	-49.8512	-47.1153
BLOCK01/SES013/SA013S17	SES106	-0.750576	-47.8659	-47.1153
BLOCK01/SES013/SA013S17	SES206	-0.321945	-47.4373	-47.1153
BLOCK01/SES013/SA013S17	SES226	0.0604744	-47.0548	-47.1153
BLOCK01/SES013/SA013S23	SES104	-1.13102	-49.1197	-47.9887
BLOCK01/SES013/SA013S23	SES106	-0.328823	-48.3175	-47.9887
BLOCK01/SES013/SA013S23	SES206	-0.957195	-48.9459	-47.9887
BLOCK01/SES013/SA013S23	SES270	-0.369408	-48.3581	-47.9887
BLOCK01/SES013/SA013S25	SES042	-1.41043	-48.8878	-47.4774
BLOCK01/SES013/SA013S25	SES104	-0.882256	-48.3597	-47.4774
BLOCK01/SES013/SA013S25	SES106	-0.173603	-47.651	-47.4774
BLOCK01/SES013/SA013S25	SES206	-1.09604	-48.5734	-47.4774
BLOCK01/SES013/SA013S29	SES062	-3.48732	-51.3714	-47.8841
BLOCK01/SES013/SA013S29	SES104	-1.40505	-49.2891	-47.8841
BLOCK01/SES013/SA013S29	SES106	-0.0150681	-47.8991	-47.8841
BLOCK01/SES013/SA013S29	SES206	-1.22847	-49.1125	-47.8841
BLOCK02/SES021/SA021S13	SES016	-2.51037	-49.9275	-47.4171
BLOCK02/SES021/SA021S13	SES029	-1.96675	-49.3839	-47.4171
BLOCK02/SES021/SA021S13	SES087	-1.51987	-48.937	-47.4171
BLOCK02/SES021/SA021S13	SES206	-0.335663	-47.7528	-47.4171
BLOCK02/SES021/SA021S15	SES087	-1.45414	-47.5176	-46.0635
BLOCK02/SES021/SA021S15	SES125	-0.950127	-47.0136	-46.0635
BLOCK02/SES021/SA021S15	SES206	-0.19231	-46.2558	-46.0635
BLOCK02/SES021/SA021S15	SES226	-1.641	-47.7045	-46.0635
BLOCK02/SES021/SA021S23	SES062	-2.83814	-51.0445	-48.2064
BLOCK02/SES021/SA021S23	SES087	-1.74609	-49.9525	-48.2064
BLOCK02/SES021/SA021S23	SES206	-1.66652	-49.8729	-48.2064
BLOCK02/SES021/SA021S23	SES226	-1.12382	-49.3302	-48.2064
BLOCK02/SES021/SA021S27	SES002	-1.51456	-48.3827	-46.8682
BLOCK02/SES021/SA021S27	SES016	-3.35477	-50.223	-46.8682
BLOCK02/SES021/SA021S27	SES019	-1.65679	-48.525	-46.8682
BLOCK02/SES021/SA021S27	SES062	-1.12533	-47.9935	-46.8682
BLOCK02/SES021/SA021S29	SES087	-1.78236	-48.4216	-46.6393
BLOCK02/SES021/SA021S29	SES125	-1.24726	-47.8865	-46.6393
BLOCK02/SES021/SA021S29	SES206	-0.945778	-47.585	-46.6393
BLOCK02/SES021/SA021S29	SES226	-1.4725	-48.1118	-46.6393
BLOCK04/SES043/SA043S09	SES083	-2.19264	-51.0143	-48.8216
BLOCK04/SES043/SA043S09	SES101	-2.53427	-51.3559	-48.8216
BLOCK04/SES043/SA043S09	SES144	-0.572178	-49.3938	-48.8216
BLOCK04/SES043/SA043S09	SES172	-3.25846	-52.0801	-48.8216
BLOCK04/SES043/SA043S11	SES083	-0.985481	-48.4641	-47.4786
BLOCK04/SES043/SA043S11	SES101	-1.43962	-48.9182	-47.4786
BLOCK04/SES043/SA043S11	SES144	-0.660831	-48.1394	-47.4786
BLOCK04/SES043/SA043S11	SES172	-1.77794	-49.2565	-47.4786
BLOCK04/SES043/SA043S23	SES083	-0.97681	-48.9572	-47.9804
BLOCK04/SES043/SA043S23	SES144	-0.0391159	-48.0195	-47.9804
BLOCK04/SES043/SA043S23	SES177	-1.75454	-49.7349	-47.9804
BLOCK04/SES043/SA043S23	SES275	-0.700802	-48.6812	-47.9804
BLOCK04/SES043/SA043S26	SES083	-1.09852	-49.2468	-48.1483
BLOCK04/SES043/SA043S26	SES101	-1.15673	-49.305	-48.1483
BLOCK04/SES043/SA043S26	SES144	-0.101868	-48.2502	-48.1483
BLOCK04/SES043/SA043S26	SES177	-1.80645	-49.9548	-48.1483
BLOCK04/SES043/SA043S28	SES016	-1.47046	-48.8313	-47.3608
BLOCK04/SES043/SA043S28	SES083	-1.15198	-48.5128	-47.3608
BLOCK04/SES043/SA043S28	SES101	-0.803288	-48.1641	-47.3608
BLOCK04/SES043/SA043S28	SES144	-0.813335	-48.1742	-47.3608
BLOCK04/SES044/SA044S10	SES127	-2.77713	-53.1095	-50.3324
BLOCK04/SES044/SA044S10	SES144	-0.482193	-50.8146	-50.3324
BLOCK04/SES044/SA044S10	SES147	-3.64264	-53.975	-50.3324
BLOCK04/SES044/SA044S10	SES148	-2.63396	-52.9664	-50.3324
BLOCK04/SES044/SA044S11	SES101	-2.19938	-51.4866	-49.2872
BLOCK04/SES044/SA044S11	SES144	0.0974808	-49.1897	-49.2872
BLOCK04/SES044/SA044S11	SES147	-2.72155	-52.0088	-49.2872
BLOCK04/SES044/SA044S11	SES177	-2.61411	-51.9013	-49.2872
BLOCK04/SES044/SA044S24	SES007	-2.31874	-51.2196	-48.9008
BLOCK04/SES044/SA044S24	SES101	-1.45664	-50.3575	-48.9008
BLOCK04/SES044/SA044S24	SES147	-2.79096	-51.6918	-48.9008
BLOCK04/SES044/SA044S24	SES177	-1.89004	-50.7909	-48.9008
BLOCK04/SES044/SA044S26	SES007	-1.6483	-50.1104	-48.4621
BLOCK04/SES044/SA044S26	SES016	-0.890472	-49.3526	-48.4621
BLOCK04/SES044/SA044S26	SES101	-1.09863	-49.5608	-48.4621
BLOCK04/SES044/SA044S26	SES147	-1.03338	-49.4955	-48.4621
BLOCK04/SES044/SA044S29	SES007	-1.56963	-49.1869	-47.6173
BLOCK04/SES044/SA044S29	SES101	-0.769638	-48.3869	-47.6173
BLOCK04/SES044/SA044S29	SES147	-2.51717	-50.1344	-47.6173
BLOCK04/SES044/SA044S29	SES177	-2.11032	-49.7276	-47.6173
BLOCK04/SES046/SA046S13	SES101	-2.97769	-51.3233	-48.3456
BLOCK04/SES046/SA046S13	SES144	-0.729111	-49.0747	-48.3456
BLOCK04/SES046/SA046S13	SES147	-3.05748	-51.4031	-48.3456
BLOCK04/SES046/SA046S13	SES177	-1.74639	-50.092	-48.3456
BLOCK04/SES046/SA046S15	SES048	-2.40691	-49.3541	-46.9472
BLOCK04/SES046/SA046S15	SES083	-1.24151	-48.1887	-46.9472
BLOCK04/SES046/SA046S15	SES120	-2.94185	-49.889	-46.9472
BLOCK04/SES046/SA046S15	SES148	-1.39398	-48.3412	-46.9472
BLOCK04/SES046/SA046S22	SES101	-1.23122	-49.4732	-48.242
BLOCK04/SES046/SA046S22	SES144	-0.953354	-49.1954	-48.242
BLOCK04/SES046/SA046S22	SES147	-2.7998	-51.0418	-48.242
BLOCK04/SES046/SA046S22	SES172	-1.58306	-49.8251	-48.242
BLOCK04/SES046/SA046S25	SES083	-1.7542	-49.3584	-47.6042
BLOCK04/SES046/SA046S25	SES127	-1.86093	-49.4651	-47.6042
BLOCK04/SES046/SA046S25	SES144	-1.71114	-49.3153	-47.6042
BLOCK04/SES046/SA046S25	SES148	-1.17302	-48.7772	-47.6042
BLOCK04/SES046/SA046S28	SES007	-3.50883	-52.2668	-48.7579
BLOCK04/SES046/SA046S28	SES105	-2.7643	-51.5222	-48.7579
BLOCK04/SES046/SA046S28	SES147	-2.78796	-51.5459	-48.7579
BLOCK04/SES046/SA046S28	SES148	-2.25521	-51.0131	-48.7579
BLOCK04/SES049/SA049S16	SES104	-0.861126	-49.8157	-48.9546
BLOCK04/SES049/SA049S16	SES106	-0.834797	-49.7894	-48.9546
BLOCK04/SES049/SA049S16	SES120	-3.50645	-52.461	-48.9546
BLOCK04/SES049/SA049S16	SES206	-1.40655	-50.3611	-48.9546
BLOCK04/SES049/SA049S18	SES099	0.0928688	-49.8051	-49.898
BLOCK04/SES049/SA049S18	SES104	-1.58663	-51.4846	-49.898
BLOCK04/SES049/SA049S18	SES125	-2.18635	-52.0844	-49.898
BLOCK04/SES049/SA049S18	SES206	-1.62988	-51.5279	-49.898
BLOCK04/SES049/SA049S25	SES087	-0.854965	-49.799	-48.944
BLOCK04/SES049/SA049S25	SES104	-0.521423	-49.4655	-48.944
BLOCK04/SES049/SA049S25	SES125	-1.69865	-50.6427	-48.944
BLOCK04/SES049/SA049S25	SES206	-0.425777	-49.3698	-48.944
BLOCK04/SES049/SA049S27	SES099	-0.45285	-48.695	-48.2422
BLOCK04/SES049/SA049S27	SES104	-0.530304	-48.7725	-48.2422
BLOCK04/SES049/SA049S27	SES125	-1.33445	-49.5766	-48.2422
BLOCK04/SES049/SA049S27	SES206	-1.21801	-49.4602	-48.2422
BLOCK04/SES049/SA049S29	SES099	0.310738	-47.1313	-47.442
BLOCK04/SES049/SA049S29	SES104	0.104931	-47.3371	-47.442
BLOCK04/SES049/SA049S29	SES125	-1.00337	-48.4454	-47.442
BLOCK04/SES049/SA049S29	SES206	-0.00572205	-47.4477	-47.442
BLOCK06/SES063/SA063S09	SES068	-1.40483	-49.2141	-47.8093
BLOCK06/SES063/SA063S09	SES083	-1.10627	-48.9155	-47.8093
BLOCK06/SES063/SA063S09	SES177	-1.4967	-49.306	-47.8093
BLOCK06/SES063/SA063S09	SES187	-1.59695	-49.4062	-47.8093
BLOCK06/SES063/SA063S10	SES068	-2.1594	-50.406	-48.2466
BLOCK06/SES063/SA063S10	SES083	-1.00525	-49.2519	-48.2466
BLOCK06/SES063/SA063S10	SES172	-0.91555	-49.1622	-48.2466
BLOCK06/SES063/SA063S10	SES187	-1.32819	-49.5748	-48.2466
BLOCK06/SES063/SA063S20	SES068	-2.29446	-50.2071	-47.9126
BLOCK06/SES063/SA063S20	SES083	-1.54475	-49.4574	-47.9126
BLOCK06/SES063/SA063S20	SES172	-0.98061	-48.8932	-47.9126
BLOCK06/SES063/SA063S20	SES187	-0.609619	-48.5223	-47.9126
BLOCK06/SES063/SA063S24	SES029	-3.21351	-50.3825	-47.169
BLOCK06/SES063/SA063S24	SES083	-0.727222	-47.8962	-47.169
BLOCK06/SES063/SA063S24	SES177	-1.37516	-48.5441	-47.169
BLOCK06/SES063/SA063S24	SES189	-1.62099	-48.79	-47.169
BLOCK06/SES063/SA063S27	SES083	-0.734901	-49.1917	-48.4568
BLOCK06/SES063/SA063S27	SES172	-0.479748	-48.9366	-48.4568
BLOCK06/SES063/SA063S27	SES187	-1.93131	-50.3881	-48.4568
BLOCK06/SES063/SA063S27	SES292	-2.10389	-50.5607	-48.4568
BLOCK06/SES067/SA067S12	SES083	-2.89217	-50.6051	-47.7129
BLOCK06/SES067/SA067S12	SES172	-2.74553	-50.4584	-47.7129
BLOCK06/SES067/SA067S12	SES202	-0.273048	-47.986	-47.7129
BLOCK06/SES067/SA067S12	SES292	-2.21663	-49.9295	-47.7129
BLOCK06/SES067/SA067S14	SES085	-1.576	-48.8791	-47.3031
BLOCK06/SES067/SA067S14	SES177	-1.44934	-48.7524	-47.3031
BLOCK06/SES067/SA067S14	SES183	-1.33686	-48.64	-47.3031
BLOCK06/SES067/SA067S14	SES202	-0.816032	-48.1191	-47.3031
BLOCK06/SES067/SA067S21	SES144	-1.62202	-50.0457	-48.4237
BLOCK06/SES067/SA067S21	SES177	-1.1836	-49.6073	-48.4237
BLOCK06/SES067/SA067S21	SES183	-3.84117	-52.2649	-48.4237
BLOCK06/SES067/SA067S21	SES189	-0.365292	-48.789	-48.4237
BLOCK06/SES067/SA067S25	SES085	-1.09797	-48.9443	-47.8464
BLOCK06/SES067/SA067S25	SES177	-1.38671	-49.2331	-47.8464
BLOCK06/SES067/SA067S25	SES183	-1.41409	-49.2604	-47.8464
BLOCK06/SES067/SA067S25	SES202	-1.0496	-48.896	-47.8464
BLOCK06/SES067/SA067S29	SES085	-1.21252	-49.0322	-47.8196
BLOCK06/SES067/SA067S29	SES177	-1.56599	-49.3856	-47.8196
BLOCK06/SES067/SA067S29	SES183	-1.2841	-49.1037	-47.8196
BLOCK06/SES067/SA067S29	SES202	-0.309959	-48.1296	-47.8196
BLOCK06/SES069/SA069S12	SES029	-1.99445	-49.649	-47.6545
BLOCK06/SES069/SA069S12	SES082	-0.982079	-48.6366	-47.6545
BLOCK06/SES069/SA069S12	SES087	-2.24696	-49.9015	-47.6545
BLOCK06/SES069/SA069S12	SES206	-1.59069	-49.2452	-47.6545
BLOCK06/SES069/SA069S13	SES029	-2.37563	-49.8508	-47.4751
BLOCK06/SES069/SA069S13	SES087	-2.42016	-49.8953	-47.4751
BLOCK06/SES069/SA069S13	SES206	-2.00853	-49.4837	-47.4751
BLOCK06/SES069/SA069S13	SES226	-1.25632	-48.7315	-47.4751
BLOCK06/SES069/SA069S23	SES029	-1.48045	-47.6045	-46.124
BLOCK06/SES069/SA069S23	SES087	-2.5064	-48.6304	-46.124
BLOCK06/SES069/SA069S23	SES206	-1.52528	-47.6493	-46.124
BLOCK06/SES069/SA069S23	SES226	-1.34512	-47.4692	-46.124
BLOCK06/SES069/SA069S25	SES087	-1.51481	-48.1651	-46.6503
BLOCK06/SES069/SA069S25	SES206	-2.06672	-48.717	-46.6503
BLOCK06/SES069/SA069S25	SES226	-0.963387	-47.6136	-46.6503
BLOCK06/SES069/SA069S25	SES270	-1.16504	-47.8153	-46.6503
BLOCK06/SES069/SA069S27	SES087	-2.42927	-49.32	-46.8907
BLOCK06/SES069/SA069S27	SES206	-0.985767	-47.8765	-46.8907
BLOCK06/SES069/SA069S27	SES226	-0.429237	-47.32	-46.8907
BLOCK06/SES069/SA069S27	SES270	-0.840176	-47.7309	-46.8907
BLOCK08/SES081/SA081S11	SES060	-1.59688	-49.0531	-47.4562
BLOCK08/SES081/SA081S11	SES062	-3.35067	-50.8069	-47.4562
BLOCK08/SES081/SA081S11	SES117	-2.91791	-50.3741	-47.4562
BLOCK08/SES081/SA081S11	SES162	-2.08031	-49.5365	-47.4562
BLOCK08/SES081/SA081S13	SES016	-1.38321	-47.9513	-46.5681
BLOCK08/SES081/SA081S13	SES060	-0.588558	-47.1566	-46.5681
BLOCK08/SES081/SA081S13	SES068	-0.626797	-47.1949	-46.5681
BLOCK08/SES081/SA081S13	SES129	-1.96761	-48.5357	-46.5681
BLOCK08/SES081/SA081S24	SES060	-1.00863	-48.0786	-47.07
BLOCK08/SES081/SA081S24	SES068	-0.888386	-47.9584	-47.07
BLOCK08/SES081/SA081S24	SES117	-2.19835	-49.2683	-47.07
BLOCK08/SES081/SA081S24	SES275	-1.87609	-48.9461	-47.07
BLOCK08/SES081/SA081S27	SES007	-1.37926	-48.7027	-47.3234
BLOCK08/SES081/SA081S27	SES060	-1.62834	-48.9518	-47.3234
BLOCK08/SES081/SA081S27	SES117	-1.28294	-48.6064	-47.3234
BLOCK08/SES081/SA081S27	SES275	-1.97821	-49.3017	-47.3234
BLOCK08/SES081/SA081S29	SES007	-0.845764	-47.663	-46.8173
BLOCK08/SES081/SA081S29	SES060	-1.27751	-48.0948	-46.8173
BLOCK08/SES081/SA081S29	SES117	-2.1267	-48.944	-46.8173
BLOCK08/SES081/SA081S29	SES275	-2.11744	-48.9347	-46.8173
BLOCK08/SES086/SA086S11	SES029	-3.76192	-53.198	-49.4361
BLOCK08/SES086/SA086S11	SES082	-1.58672	-51.0228	-49.4361
BLOCK08/SES086/SA086S11	SES087	-0.353462	-49.7896	-49.4361
BLOCK08/SES086/SA086S11	SES206	-1.65992	-51.096	-49.4361
BLOCK08/SES086/SA086S12	SES029	-3.62981	-52.5359	-48.9061
BLOCK08/SES086/SA086S12	SES082	-2.29387	-51.1999	-48.9061
BLOCK08/SES086/SA086S12	SES087	0.382755	-48.5233	-48.9061
BLOCK08/SES086/SA086S12	SES206	-0.908527	-49.8146	-48.9061
BLOCK08/SES086/SA086S20	SES029	-3.21086	-50.7215	-47.5106
BLOCK08/SES086/SA086S20	SES082	-1.5869	-49.0975	-47.5106
BLOCK08/SES086/SA086S20	SES087	0.654297	-46.8563	-47.5106
BLOCK08/SES086/SA086S20	SES206	-0.384018	-47.8946	-47.5106
BLOCK08/SES086/SA086S24	SES087	-0.118683	-48.72	-48.6013
BLOCK08/SES086/SA086S24	SES104	-1.52115	-50.1224	-48.6013
BLOCK08/SES086/SA086S24	SES120	-3.94815	-52.5494	-48.6013
BLOCK08/SES086/SA086S24	SES206	0.119385	-48.4819	-48.6013
BLOCK08/SES086/SA086S28	SES029	-2.7873	-50.2022	-47.4149
BLOCK08/SES086/SA086S28	SES082	-1.76258	-49.1775	-47.4149
BLOCK08/SES086/SA086S28	SES087	-0.00830078	-47.4232	-47.4149
BLOCK08/SES086/SA086S28	SES206	-0.804703	-48.2196	-47.4149
BLOCK08/SES089/SA089S13	SES087	-1.90017	-49.9231	-48.023
BLOCK08/SES089/SA089S13	SES206	-1.91579	-49.9388	-48.023
BLOCK08/SES089/SA089S13	SES226	-1.67231	-49.6953	-48.023
BLOCK08/SES089/SA089S13	SES270	-2.15254	-50.1755	-48.023
BLOCK08/SES089/SA089S14	SES062	-1.81566	-49.8458	-48.0302
BLOCK08/SES089/SA089S14	SES087	-0.45084	-48.481	-48.0302
BLOCK08/SES089/SA089S14	SES206	-0.598148	-48.6283	-48.0302
BLOCK08/SES089/SA089S14	SES226	-0.374054	-48.4042	-48.0302
BLOCK08/SES089/SA089S23	SES087	-1.65092	-50.3985	-48.7476
BLOCK08/SES089/SA089S23	SES206	-0.849846	-49.5974	-48.7476
BLOCK08/SES089/SA089S23	SES226	-0.735806	-49.4834	-48.7476
BLOCK08/SES089/SA089S23	SES270	-1.95864	-50.7062	-48.7476
BLOCK08/SES089/SA089S25	SES062	-2.52308	-50.2701	-47.747
BLOCK08/SES089/SA089S25	SES087	-0.698524	-48.4456	-47.747
BLOCK08/SES089/SA089S25	SES206	-1.05437	-48.8014	-47.747
BLOCK08/SES089/SA089S25	SES226	-0.714462	-48.4615	-47.747
BLOCK08/SES089/SA089S28	SES062	-1.65571	-49.5059	-47.8502
BLOCK08/SES089/SA089S28	SES087	-0.687046	-48.5372	-47.8502
BLOCK08/SES089/SA089S28	SES206	-0.359058	-48.2092	-47.8502
BLOCK08/SES089/SA089S28	SES226	-0.492321	-48.3425	-47.8502
BLOCK09/SES097/SA097S11	SES099	0.058712	-48.5743	-48.633
BLOCK09/SES097/SA097S11	SES125	-1.98556	-50.6186	-48.633
BLOCK09/SES097/SA097S11	SES206	-1.42192	-50.055	-48.633
BLOCK09/SES097/SA097S11	SES226	-0.331085	-48.9641	-48.633
BLOCK09/SES097/SA097S14	SES062	-2.55395	-50.9545	-48.4006
BLOCK09/SES097/SA097S14	SES099	-0.703129	-49.1037	-48.4006
BLOCK09/SES097/SA097S14	SES104	-0.826492	-49.2271	-48.4006
BLOCK09/SES097/SA097S14	SES206	-1.60016	-50.0007	-48.4006
BLOCK09/SES097/SA097S22	SES099	0.393951	-48.2219	-48.6158
BLOCK09/SES097/SA097S22	SES206	-1.24796	-49.8638	-48.6158
BLOCK09/SES097/SA097S22	SES226	-0.862637	-49.4785	-48.6158
BLOCK09/SES097/SA097S22	SES270	0.388294	-48.2275	-48.6158
BLOCK09/SES097/SA097S26	SES099	-0.177326	-48.2513	-48.074
BLOCK09/SES097/SA097S26	SES120	-2.54484	-50.6188	-48.074
BLOCK09/SES097/SA097S26	SES206	-1.10447	-49.1784	-48.074
BLOCK09/SES097/SA097S26	SES226	-0.920643	-48.9946	-48.074
BLOCK09/SES097/SA097S28	SES099	-0.652161	-49.0394	-48.3872
BLOCK09/SES097/SA097S28	SES120	-2.409	-50.7962	-48.3872
BLOCK09/SES097/SA097S28	SES206	-1.59077	-49.978	-48.3872
BLOCK09/SES097/SA097S28	SES226	-1.5936	-49.9808	-48.3872
BLOCK09/SES098/SA098S11	SES127	-2.90575	-51.6216	-48.7159
BLOCK09/SES098/SA098S11	SES144	-1.66145	-50.3773	-48.7159
BLOCK09/SES098/SA098S11	SES147	-0.929806	-49.6457	-48.7159
BLOCK09/SES098/SA098S11	SES148	-3.18911	-51.905	-48.7159
BLOCK09/SES098/SA098S12	SES127	-4.40052	-54.566	-50.1655
BLOCK09/SES098/SA098S12	SES144	-2.02144	-52.187	-50.1655
BLOCK09/SES098/SA098S12	SES147	-1.99655	-52.1621	-50.1655
BLOCK09/SES098/SA098S12	SES189	-1.40863	-51.5742	-50.1655
BLOCK09/SES098/SA098S20	SES127	-3.25855	-52.5783	-49.3197
BLOCK09/SES098/SA098S20	SES147	-1.28202	-50.6017	-49.3197
BLOCK09/SES098/SA098S20	SES148	-3.5915	-52.9112	-49.3197
BLOCK09/SES098/SA098S20	SES292	-4.95046	-54.2702	-49.3197
BLOCK09/SES098/SA098S23	SES127	-2.01323	-50.687	-48.6737
BLOCK09/SES098/SA098S23	SES147	-1.08821	-49.762	-48.6737
BLOCK09/SES098/SA098S23	SES187	-1.04706	-49.7208	-48.6737
BLOCK09/SES098/SA098S23	SES292	-2.75304	-51.4268	-48.6737
BLOCK09/SES098/SA098S27	SES127	-3.3257	-52.482	-49.1563
BLOCK09/SES098/SA098S27	SES147	-1.84878	-51.0051	-49.1563
BLOCK09/SES098/SA098S27	SES148	-3.26972	-52.426	-49.1563
BLOCK09/SES098/SA098S27	SES292	-3.34779	-52.5041	-49.1563
BLOCK10/SES102/SA102S13	SES101	-0.592045	-49.4965	-48.9045
BLOCK10/SES102/SA102S13	SES105	-1.86559	-50.7701	-48.9045
BLOCK10/SES102/SA102S13	SES120	-1.65284	-50.5573	-48.9045
BLOCK10/SES102/SA102S13	SES158	-5.21305	-54.1175	-48.9045
BLOCK10/SES102/SA102S14	SES007	-0.455254	-47.578	-47.1227
BLOCK10/SES102/SA102S14	SES101	-0.864269	-47.987	-47.1227
BLOCK10/SES102/SA102S14	SES105	-0.881752	-48.0045	-47.1227
BLOCK10/SES102/SA102S14	SES147	-2.99231	-50.115	-47.1227
BLOCK10/SES102/SA102S22	SES007	-1.34398	-48.809	-47.4651
BLOCK10/SES102/SA102S22	SES101	-0.305588	-47.7706	-47.4651
BLOCK10/SES102/SA102S22	SES105	-0.67231	-48.1374	-47.4651
BLOCK10/SES102/SA102S22	SES158	-3.50398	-50.969	-47.4651
BLOCK10/SES102/SA102S25	SES007	-0.859554	-48.443	-47.5834
BLOCK10/SES102/SA102S25	SES101	-0.332169	-47.9156	-47.5834
BLOCK10/SES102/SA102S25	SES105	-1.20631	-48.7897	-47.5834
BLOCK10/SES102/SA102S25	SES147	-3.24073	-50.8241	-47.5834
BLOCK10/SES102/SA102S27	SES007	-1.07914	-48.9508	-47.8717
BLOCK10/SES102/SA102S27	SES101	-0.8927	-48.7644	-47.8717
BLOCK10/SES102/SA102S27	SES105	-1.60773	-49.4794	-47.8717
BLOCK10/SES102/SA102S27	SES147	-2.46789	-50.3396	-47.8717
BLOCK10/SES103/SA103S14	SES105	-2.64808	-51.9725	-49.3245
BLOCK10/SES103/SA103S14	SES106	-0.574287	-49.8987	-49.3245
BLOCK10/SES103/SA103S14	SES120	-3.51086	-52.8353	-49.3245
BLOCK10/SES103/SA103S14	SES206	-1.57889	-50.9033	-49.3245
BLOCK10/SES103/SA103S15	SES099	-0.306625	-50.4274	-50.1207
BLOCK10/SES103/SA103S15	SES101	-2.87539	-52.9961	-50.1207
BLOCK10/SES103/SA103S15	SES104	-0.824093	-50.9448	-50.1207
BLOCK10/SES103/SA103S15	SES125	-1.04697	-51.1677	-50.1207
BLOCK10/SES103/SA103S24	SES104	-1.14406	-49.7138	-48.5697
BLOCK10/SES103/SA103S24	SES125	-1.48447	-50.0542	-48.5697
BLOCK10/SES103/SA103S24	SES148	-2.93183	-51.5016	-48.5697
BLOCK10/SES103/SA103S24	SES158	-0.580833	-49.1506	-48.5697
BLOCK10/SES103/SA103S26	SES104	-0.982388	-50.2062	-49.2239
BLOCK10/SES103/SA103S26	SES106	-0.662022	-49.8859	-49.2239
BLOCK10/SES103/SA103S26	SES125	-1.24646	-50.4703	-49.2239
BLOCK10/SES103/SA103S26	SES148	-3.33371	-52.5576	-49.2239
BLOCK10/SES103/SA103S28	SES104	-1.91095	-51.5772	-49.6663
BLOCK10/SES103/SA103S28	SES106	-1.55119	-51.2175	-49.6663
BLOCK10/SES103/SA103S28	SES125	-2.92572	-52.592	-49.6663
BLOCK10/SES103/SA103S28	SES206	-3.24339	-52.9097	-49.6663
BLOCK12/SES121/SA121S12	SES042	-1.76899	-51.9562	-50.1873
BLOCK12/SES121/SA121S12	SES087	-1.40805	-51.5953	-50.1873
BLOCK12/SES121/SA121S12	SES105	-1.59388	-51.7811	-50.1873
BLOCK12/SES121/SA121S12	SES206	-1.50511	-51.6924	-50.1873
BLOCK12/SES121/SA121S14	SES007	-3.18436	-54.0218	-50.8374
BLOCK12/SES121/SA121S14	SES105	-2.63536	-53.4728	-50.8374
BLOCK12/SES121/SA121S14	SES106	-1.20395	-52.0414	-50.8374
BLOCK12/SES121/SA121S14	SES206	-1.49123	-52.3287	-50.8374
BLOCK12/SES121/SA121S23	SES105	-2.48117	-53.217	-50.7359
BLOCK12/SES121/SA121S23	SES106	-0.763729	-51.4996	-50.7359
BLOCK12/SES121/SA121S23	SES120	-3.42509	-54.161	-50.7359
BLOCK12/SES121/SA121S23	SES206	-1.31231	-52.0482	-50.7359
BLOCK12/SES121/SA121S25	SES007	-2.53614	-54.0555	-51.5193
BLOCK12/SES121/SA121S25	SES105	-2.85044	-54.3698	-51.5193
BLOCK12/SES121/SA121S25	SES106	-1.02941	-52.5487	-51.5193
BLOCK12/SES121/SA121S25	SES206	-1.1834	-52.7027	-51.5193
BLOCK12/SES121/SA121S27	SES087	-0.247208	-50.1062	-49.859
BLOCK12/SES121/SA121S27	SES105	-3.64885	-53.5078	-49.859
BLOCK12/SES121/SA121S27	SES120	-2.90633	-52.7653	-49.859
BLOCK12/SES121/SA121S27	SES206	-0.895386	-50.7544	-49.859
BLOCK12/SES124/SA124S16	SES042	-0.138565	-48.2077	-48.0691
BLOCK12/SES124/SA124S16	SES082	-0.644306	-48.7134	-48.0691
BLOCK12/SES124/SA124S16	SES183	-4.21247	-52.2816	-48.0691
BLOCK12/SES124/SA124S16	SES206	-0.695084	-48.7642	-48.0691
BLOCK12/SES124/SA124S17	SES105	-2.84143	-51.9401	-49.0987
BLOCK12/SES124/SA124S17	SES149	-1.94913	-51.0478	-49.0987
BLOCK12/SES124/SA124S17	SES158	-2.15435	-51.253	-49.0987
BLOCK12/SES124/SA124S17	SES275	-3.96435	-53.063	-49.0987
BLOCK12/SES124/SA124S23	SES105	-2.53183	-49.2487	-46.7168
BLOCK12/SES124/SA124S23	SES125	0.0458107	-46.671	-46.7168
BLOCK12/SES124/SA124S23	SES129	-3.19764	-49.9145	-46.7168
BLOCK12/SES124/SA124S23	SES158	-0.698544	-47.4154	-46.7168
BLOCK12/SES124/SA124S26	SES105	-3.39203	-50.9062	-47.5142
BLOCK12/SES124/SA124S26	SES125	-0.323029	-47.8372	-47.5142
BLOCK12/SES124/SA124S26	SES129	-4.5072	-52.0214	-47.5142
BLOCK12/SES124/SA124S26	SES158	-0.812031	-48.3262	-47.5142
BLOCK12/SES124/SA124S28	SES104	-0.281311	-47.6035	-47.3222
BLOCK12/SES124/SA124S28	SES106	-0.0807152	-47.4029	-47.3222
BLOCK12/SES124/SA124S28	SES125	-0.502045	-47.8242	-47.3222
BLOCK12/SES124/SA124S28	SES275	-4.06255	-51.3847	-47.3222
BLOCK12/SES126/SA126S13	SES007	-2.33083	-51.6634	-49.3325
BLOCK12/SES126/SA126S13	SES162	-2.02029	-51.3528	-49.3325
BLOCK12/SES126/SA126S13	SES177	-1.14584	-50.4784	-49.3325
BLOCK12/SES126/SA126S13	SES180	-2.00719	-51.3397	-49.3325
BLOCK12/SES126/SA126S14	SES144	-1.51748	-49.3772	-47.8597
BLOCK12/SES126/SA126S14	SES148	-1.4215	-49.2812	-47.8597
BLOCK12/SES126/SA126S14	SES177	-0.880371	-48.7401	-47.8597
BLOCK12/SES126/SA126S14	SES180	-1.57584	-49.4356	-47.8597
BLOCK12/SES126/SA126S20	SES007	-2.61253	-50.8811	-48.2685
BLOCK12/SES126/SA126S20	SES162	-2.41837	-50.6869	-48.2685
BLOCK12/SES126/SA126S20	SES172	-3.61765	-51.8862	-48.2685
BLOCK12/SES126/SA126S20	SES180	-2.3359	-50.6044	-48.2685
BLOCK12/SES126/SA126S24	SES120	-1.52086	-49.0591	-47.5382
BLOCK12/SES126/SA126S24	SES162	-1.74819	-49.2864	-47.5382
BLOCK12/SES126/SA126S24	SES177	-1.39935	-48.9375	-47.5382
BLOCK12/SES126/SA126S24	SES180	-1.25542	-48.7936	-47.5382
BLOCK12/SES126/SA126S26	SES120	-0.874638	-49.4699	-48.5952
BLOCK12/SES126/SA126S26	SES177	-1.22511	-49.8203	-48.5952
BLOCK12/SES126/SA126S26	SES180	-1.33665	-49.9319	-48.5952
BLOCK12/SES126/SA126S26	SES202	-2.05492	-50.6501	-48.5952
BLOCK12/SES128/SA128S10	SES087	-2.39373	-50.4336	-48.0399
BLOCK12/SES128/SA128S10	SES206	-1.62804	-49.6679	-48.0399
BLOCK12/SES128/SA128S10	SES226	-0.732082	-48.772	-48.0399
BLOCK12/SES128/SA128S10	SES270	-0.561527	-48.6014	-48.0399
BLOCK12/SES128/SA128S12	SES120	-2.64399	-50.6772	-48.0333
BLOCK12/SES128/SA128S12	SES158	-1.46187	-49.4951	-48.0333
BLOCK12/SES128/SA128S12	SES206	-1.35852	-49.3918	-48.0333
BLOCK12/SES128/SA128S12	SES226	-1.38998	-49.4232	-48.0333
BLOCK12/SES128/SA128S21	SES106	-2.85549	-51.6825	-48.827
BLOCK12/SES128/SA128S21	SES120	-1.9594	-50.7864	-48.827
BLOCK12/SES128/SA128S21	SES206	-2.80183	-51.6288	-48.827
BLOCK12/SES128/SA128S21	SES226	-2.11697	-50.944	-48.827
BLOCK12/SES128/SA128S24	SES087	-2.84945	-51.5068	-48.6573
BLOCK12/SES128/SA128S24	SES120	-1.31547	-49.9728	-48.6573
BLOCK12/SES128/SA128S24	SES206	-2.08864	-50.746	-48.6573
BLOCK12/SES128/SA128S24	SES226	-1.66866	-50.326	-48.6573
BLOCK12/SES128/SA128S27	SES099	-1.0927	-48.8112	-47.7185
BLOCK12/SES128/SA128S27	SES120	-1.44609	-49.1646	-47.7185
BLOCK12/SES128/SA128S27	SES206	-1.45126	-49.1698	-47.7185
BLOCK12/SES128/SA128S27	SES226	-0.862587	-48.5811	-47.7185
BLOCK13/SES130/SA130S13	SES143	-2.35961	-51.9724	-49.6128
BLOCK13/SES130/SA130S13	SES144	-0.632519	-50.2453	-49.6128
BLOCK13/SES130/SA130S13	SES146	-1.10892	-50.7217	-49.6128
BLOCK13/SES130/SA130S13	SES275	-3.7077	-53.3205	-49.6128
BLOCK13/SES130/SA130S15	SES143	-1.83311	-50.0899	-48.2568
BLOCK13/SES130/SA130S15	SES144	-0.516758	-48.7735	-48.2568
BLOCK13/SES130/SA130S15	SES146	-0.815804	-49.0726	-48.2568
BLOCK13/SES130/SA130S15	SES275	-1.65045	-49.9072	-48.2568
BLOCK13/SES130/SA130S23	SES127	-1.85779	-51.557	-49.6992
BLOCK13/SES130/SA130S23	SES144	-1.53497	-51.2342	-49.6992
BLOCK13/SES130/SA130S23	SES146	-0.734921	-50.4341	-49.6992
BLOCK13/SES130/SA130S23	SES162	-0.85598	-50.5552	-49.6992
BLOCK13/SES130/SA130S25	SES127	-1.45348	-49.4402	-47.9867
BLOCK13/SES130/SA130S25	SES144	-0.56319	-48.5499	-47.9867
BLOCK13/SES130/SA130S25	SES146	-0.795937	-48.7826	-47.9867
BLOCK13/SES130/SA130S25	SES275	-1.09063	-49.0773	-47.9867
BLOCK13/SES130/SA130S28	SES127	-1.36301	-49.4022	-48.0392
BLOCK13/SES130/SA130S28	SES144	-1.14095	-49.1801	-48.0392
BLOCK13/SES130/SA130S28	SES146	-1.32225	-49.3614	-48.0392
BLOCK13/SES130/SA130S28	SES275	-0.537861	-48.577	-48.0392
BLOCK13/SES131/SA131S13	SES002	-1.8781	-52.1156	-50.2375
BLOCK13/SES131/SA131S13	SES007	-4.02644	-54.264	-50.2375
BLOCK13/SES131/SA131S13	SES099	-1.40033	-51.6379	-50.2375
BLOCK13/SES131/SA131S13	SES105	-2.254	-52.4915	-50.2375
BLOCK13/SES131/SA131S14	SES104	-0.679371	-49.1694	-48.4901
BLOCK13/SES131/SA131S14	SES106	-0.623692	-49.1138	-48.4901
BLOCK13/SES131/SA131S14	SES125	-1.40012	-49.8902	-48.4901
BLOCK13/SES131/SA131S14	SES148	-2.39852	-50.8886	-48.4901
BLOCK13/SES131/SA131S20	SES104	-0.796341	-50.6281	-49.8318
BLOCK13/SES131/SA131S20	SES106	-0.324867	-50.1566	-49.8318
BLOCK13/SES131/SA131S20	SES125	-1.63793	-51.4697	-49.8318
BLOCK13/SES131/SA131S20	SES148	-3.36248	-53.1942	-49.8318
BLOCK13/SES131/SA131S22	SES099	-0.825489	-49.9711	-49.1456
BLOCK13/SES131/SA131S22	SES104	-1.10035	-50.246	-49.1456
BLOCK13/SES131/SA131S22	SES125	-1.5824	-50.728	-49.1456
BLOCK13/SES131/SA131S22	SES206	-1.99463	-51.1403	-49.1456
BLOCK13/SES131/SA131S29	SES087	-1.16014	-50.8413	-49.6811
BLOCK13/SES131/SA131S29	SES104	-1.60861	-51.2897	-49.6811
BLOCK13/SES131/SA131S29	SES125	-1.89414	-51.5753	-49.6811
BLOCK13/SES131/SA131S29	SES206	-1.576	-51.2571	-49.6811
BLOCK13/SES132/SA132S11	SES083	-2.43143	-49.9251	-47.4937
BLOCK13/SES132/SA132S11	SES120	-0.31139	-47.8051	-47.4937
BLOCK13/SES132/SA132S11	SES127	-1.77495	-49.2687	-47.4937
BLOCK13/SES132/SA132S11	SES275	-0.978615	-48.4723	-47.4937
BLOCK13/SES132/SA132S12	SES083	-1.83356	-49.3141	-47.4805
BLOCK13/SES132/SA132S12	SES143	-1.39608	-48.8766	-47.4805
BLOCK13/SES132/SA132S12	SES144	-1.23186	-48.7124	-47.4805
BLOCK13/SES132/SA132S12	SES148	-1.32244	-48.803	-47.4805
BLOCK13/SES132/SA132S22	SES062	-0.540264	-47.9111	-47.3709
BLOCK13/SES132/SA132S22	SES083	-1.42458	-48.7955	-47.3709
BLOCK13/SES132/SA132S22	SES127	-1.11083	-48.4817	-47.3709
BLOCK13/SES132/SA132S22	SES275	-0.614914	-47.9858	-47.3709
BLOCK13/SES132/SA132S24	SES007	-0.607063	-47.778	-47.1709
BLOCK13/SES132/SA132S24	SES083	-2.22243	-49.3933	-47.1709
BLOCK13/SES132/SA132S24	SES127	-1.8726	-49.0435	-47.1709
BLOCK13/SES132/SA132S24	SES275	-0.848289	-48.0192	-47.1709
BLOCK13/SES132/SA132S27	SES083	-2.40153	-50.3881	-47.9866
BLOCK13/SES132/SA132S27	SES120	-0.328735	-48.3153	-47.9866
BLOCK13/SES132/SA132S27	SES127	-2.38515	-50.3717	-47.9866
BLOCK13/SES132/SA132S27	SES275	-1.69874	-49.6853	-47.9866
BLOCK14/SES141/SA141S09	SES143	-1.22536	-49.3167	-48.0913
BLOCK14/SES141/SA141S09	SES144	-0.945152	-49.0365	-48.0913
BLOCK14/SES141/SA141S09	SES162	-1.33923	-49.4305	-48.0913
BLOCK14/SES141/SA141S09	SES180	-1.19146	-49.2828	-48.0913
BLOCK14/SES141/SA141S15	SES127	-1.49981	-49.3048	-47.805
BLOCK14/SES141/SA141S15	SES144	-1.55389	-49.3589	-47.805
BLOCK14/SES141/SA141S15	SES162	-1.52283	-49.3278	-47.805
BLOCK14/SES141/SA141S15	SES180	-0.914623	-48.7196	-47.805
BLOCK14/SES141/SA141S24	SES127	-1.14492	-48.6502	-47.5053
BLOCK14/SES141/SA141S24	SES144	-1.48871	-48.994	-47.5053
BLOCK14/SES141/SA141S24	SES162	-1.01263	-48.5179	-47.5053
BLOCK14/SES141/SA141S24	SES183	-2.25834	-49.7636	-47.5053
BLOCK14/SES141/SA141S26	SES142	-1.07625	-49.7106	-48.6344
BLOCK14/SES141/SA141S26	SES144	-1.23471	-49.8691	-48.6344
BLOCK14/SES141/SA141S26	SES172	-1.59114	-50.2255	-48.6344
BLOCK14/SES141/SA141S26	SES180	-1.10377	-49.7382	-48.6344
BLOCK14/SES141/SA141S29	SES127	-0.910183	-48.4978	-47.5876
BLOCK14/SES141/SA141S29	SES142	-0.547997	-48.1356	-47.5876
BLOCK14/SES141/SA141S29	SES144	-1.09732	-48.685	-47.5876
BLOCK14/SES141/SA141S29	SES180	-0.790989	-48.3786	-47.5876
BLOCK15/SES157/SA157S08	SES083	-3.04237	-51.3713	-48.329
BLOCK15/SES157/SA157S08	SES127	-1.82266	-50.1516	-48.329
BLOCK15/SES157/SA157S08	SES148	-1.43196	-49.7609	-48.329
BLOCK15/SES157/SA157S08	SES292	-2.79371	-51.1227	-48.329
BLOCK15/SES157/SA157S11	SES083	-2.90695	-50.9488	-48.0418
BLOCK15/SES157/SA157S11	SES127	-2.20483	-50.2467	-48.0418
BLOCK15/SES157/SA157S11	SES148	-1.53815	-49.58	-48.0418
BLOCK15/SES157/SA157S11	SES292	-2.36007	-50.4019	-48.0418
BLOCK15/SES157/SA157S21	SES127	-1.51773	-49.2761	-47.7584
BLOCK15/SES157/SA157S21	SES148	-0.809151	-48.5675	-47.7584
BLOCK15/SES157/SA157S21	SES158	-4.91529	-52.6737	-47.7584
BLOCK15/SES157/SA157S21	SES292	-1.48248	-49.2409	-47.7584
BLOCK15/SES157/SA157S24	SES127	-1.35854	-49.1937	-47.8352
BLOCK15/SES157/SA157S24	SES148	-1.23531	-49.0705	-47.8352
BLOCK15/SES157/SA157S24	SES183	-1.63775	-49.4729	-47.8352
BLOCK15/SES157/SA157S24	SES292	-2.49178	-50.327	-47.8352
BLOCK15/SES157/SA157S26	SES007	-1.08269	-48.5633	-47.4806
BLOCK15/SES157/SA157S26	SES127	-0.98801	-48.4686	-47.4806
BLOCK15/SES157/SA157S26	SES147	-3.4681	-50.9487	-47.4806
BLOCK15/SES157/SA157S26	SES148	-1.40292	-48.8835	-47.4806
BLOCK16/SES161/SA161S10	SES007	-2.39934	-51.9871	-49.5877
BLOCK16/SES161/SA161S10	SES105	-1.63074	-51.2185	-49.5877
BLOCK16/SES161/SA161S10	SES158	-1.69947	-51.2872	-49.5877
BLOCK16/SES161/SA161S10	SES275	-2.40775	-51.9955	-49.5877
BLOCK16/SES161/SA161S12	SES007	-1.66463	-50.6719	-49.0073
BLOCK16/SES161/SA161S12	SES105	-1.82755	-50.8348	-49.0073
BLOCK16/SES161/SA161S12	SES158	-1.34794	-50.3552	-49.0073
BLOCK16/SES161/SA161S12	SES275	-1.69856	-50.7058	-49.0073
BLOCK16/SES161/SA161S20	SES007	-2.69532	-52.9599	-50.2645
BLOCK16/SES161/SA161S20	SES105	-2.15086	-52.4154	-50.2645
BLOCK16/SES161/SA161S20	SES158	-1.74845	-52.013	-50.2645
BLOCK16/SES161/SA161S20	SES275	-3.00143	-53.266	-50.2645
BLOCK16/SES161/SA161S23	SES007	-2.23205	-50.971	-48.7389
BLOCK16/SES161/SA161S23	SES105	-1.31678	-50.0557	-48.7389
BLOCK16/SES161/SA161S23	SES148	-1.79428	-50.5332	-48.7389
BLOCK16/SES161/SA161S23	SES158	-1.10897	-49.8479	-48.7389
BLOCK16/SES161/SA161S28	SES007	-2.9995	-52.2654	-49.2659
BLOCK16/SES161/SA161S28	SES105	-2.51591	-51.7818	-49.2659
BLOCK16/SES161/SA161S28	SES158	-0.861694	-50.1276	-49.2659
BLOCK16/SES161/SA161S28	SES206	-1.30396	-50.5699	-49.2659
BLOCK16/SES164/SA164S11	SES104	-1.26953	-49.0924	-47.8228
BLOCK16/SES164/SA164S11	SES125	-1.09535	-48.9182	-47.8228
BLOCK16/SES164/SA164S11	SES158	-0.210064	-48.0329	-47.8228
BLOCK16/SES164/SA164S11	SES206	-2.05205	-49.8749	-47.8228
BLOCK16/SES164/SA164S13	SES099	-0.873119	-49.8299	-48.9568
BLOCK16/SES164/SA164S13	SES104	-1.26205	-50.2188	-48.9568
BLOCK16/SES164/SA164S13	SES125	-2.25653	-51.2133	-48.9568
BLOCK16/SES164/SA164S13	SES206	-2.23644	-51.1932	-48.9568
BLOCK16/SES164/SA164S24	SES002	-0.173065	-48.6698	-48.4968
BLOCK16/SES164/SA164S24	SES099	-0.758659	-49.2554	-48.4968
BLOCK16/SES164/SA164S24	SES125	-1.86187	-50.3586	-48.4968
BLOCK16/SES164/SA164S24	SES226	0.156658	-48.3401	-48.4968
BLOCK16/SES164/SA164S27	SES087	-2.31576	-50.9431	-48.6274
BLOCK16/SES164/SA164S27	SES125	-1.82598	-50.4534	-48.6274
BLOCK16/SES164/SA164S27	SES206	-2.23647	-50.8638	-48.6274
BLOCK16/SES164/SA164S27	SES226	-0.537418	-49.1648	-48.6274
BLOCK16/SES164/SA164S29	SES002	0.155384	-48.1394	-48.2948
BLOCK16/SES164/SA164S29	SES019	-1.18526	-49.4801	-48.2948
BLOCK16/SES164/SA164S29	SES125	-1.38006	-49.6749	-48.2948
BLOCK16/SES164/SA164S29	SES226	-0.524612	-48.8194	-48.2948
BLOCK16/SES169/SA169S13	SES117	-1.46593	-49.7132	-48.2472
BLOCK16/SES169/SA169S13	SES144	-1.20485	-49.4521	-48.2472
BLOCK16/SES169/SA169S13	SES146	-1.55758	-49.8048	-48.2472
BLOCK16/SES169/SA169S13	SES162	-1.3285	-49.5757	-48.2472
BLOCK16/SES169/SA169S14	SES144	-0.91288	-48.098	-47.1851
BLOCK16/SES169/SA169S14	SES148	-0.854176	-48.0393	-47.1851
BLOCK16/SES169/SA169S14	SES177	-1.39715	-48.5823	-47.1851
BLOCK16/SES169/SA169S14	SES180	-2.02861	-49.2137	-47.1851
BLOCK16/SES169/SA169S24	SES117	-0.999699	-50.0576	-49.0579
BLOCK16/SES169/SA169S24	SES144	-0.865715	-49.9236	-49.0579
BLOCK16/SES169/SA169S24	SES146	-1.42772	-50.4856	-49.0579
BLOCK16/SES169/SA169S24	SES162	-1.26008	-50.318	-49.0579
BLOCK16/SES169/SA169S27	SES127	-1.3602	-49.5581	-48.1979
BLOCK16/SES169/SA169S27	SES129	-1.55011	-49.748	-48.1979
BLOCK16/SES169/SA169S27	SES144	-1.53179	-49.7297	-48.1979
BLOCK16/SES169/SA169S27	SES146	-1.08024	-49.2781	-48.1979
BLOCK16/SES169/SA169S29	SES144	-0.558628	-48.0271	-47.4685
BLOCK16/SES169/SA169S29	SES162	-0.68964	-48.1581	-47.4685
BLOCK16/SES169/SA169S29	SES177	-1.94113	-49.4096	-47.4685
BLOCK16/SES169/SA169S29	SES180	-0.96772	-48.4362	-47.4685
BLOCK17/SES171/SA171S12	SES083	-1.7468	-50.6425	-48.8957
BLOCK17/SES171/SA171S12	SES148	-1.17511	-50.0708	-48.8957
BLOCK17/SES171/SA171S12	SES172	-1.96471	-50.8604	-48.8957
BLOCK17/SES171/SA171S12	SES292	-2.66691	-51.5626	-48.8957
BLOCK17/SES171/SA171S15	SES148	-1.79405	-51.0819	-49.2878
BLOCK17/SES171/SA171S15	SES177	-1.79313	-51.081	-49.2878
BLOCK17/SES171/SA171S15	SES180	-3.15388	-52.4417	-49.2878
BLOCK17/SES171/SA171S15	SES292	-5.02982	-54.3177	-49.2878
BLOCK17/SES171/SA171S22	SES007	-1.66904	-49.6907	-48.0217
BLOCK17/SES171/SA171S22	SES148	-1.14984	-49.1715	-48.0217
BLOCK17/SES171/SA171S22	SES177	-0.859688	-48.8814	-48.0217
BLOCK17/SES171/SA171S22	SES180	-1.86087	-49.8825	-48.0217
BLOCK17/SES171/SA171S25	SES101	-3.59678	-52.5321	-48.9353
BLOCK17/SES171/SA171S25	SES120	-3.15081	-52.0861	-48.9353
BLOCK17/SES171/SA171S25	SES177	-1.45675	-50.3921	-48.9353
BLOCK17/SES171/SA171S25	SES180	-2.34592	-51.2812	-48.9353
BLOCK17/SES171/SA171S27	SES177	-1.04077	-49.3525	-48.3118
BLOCK17/SES171/SA171S27	SES180	-2.87792	-51.1897	-48.3118
BLOCK17/SES171/SA171S27	SES189	-1.15768	-49.4695	-48.3118
BLOCK17/SES171/SA171S27	SES292	-3.55589	-51.8677	-48.3118
BLOCK17/SES173/SA173S13	SES162	-2.43757	-51.8246	-49.387
BLOCK17/SES173/SA173S13	SES177	-2.23492	-51.6219	-49.387
BLOCK17/SES173/SA173S13	SES180	-2.83008	-52.2171	-49.387
BLOCK17/SES173/SA173S13	SES292	-2.98967	-52.3767	-49.387
BLOCK17/SES173/SA173S14	SES007	-3.64173	-53.241	-49.5992
BLOCK17/SES173/SA173S14	SES162	-2.28208	-51.8813	-49.5992
BLOCK17/SES173/SA173S14	SES177	-1.64214	-51.2414	-49.5992
BLOCK17/SES173/SA173S14	SES180	-3.12152	-52.7208	-49.5992
BLOCK17/SES173/SA173S24	SES144	-1.89389	-52.0921	-50.1982
BLOCK17/SES173/SA173S24	SES162	-2.69853	-52.8968	-50.1982
BLOCK17/SES173/SA173S24	SES177	-2.32417	-52.5224	-50.1982
BLOCK17/SES173/SA173S24	SES180	-3.27676	-53.475	-50.1982
BLOCK17/SES173/SA173S27	SES162	-3.12837	-52.4505	-49.3222
BLOCK17/SES173/SA173S27	SES177	-1.9566	-51.2788	-49.3222
BLOCK17/SES173/SA173S27	SES180	-2.48399	-51.8062	-49.3222
BLOCK17/SES173/SA173S27	SES292	-4.02654	-53.3487	-49.3222
BLOCK17/SES173/SA173S29	SES162	-2.21629	-51.4404	-49.2241
BLOCK17/SES173/SA173S29	SES175	-1.59339	-50.8175	-49.2241
BLOCK17/SES173/SA173S29	SES177	-2.29053	-51.5146	-49.2241
BLOCK17/SES173/SA173S29	SES292	-4.62433	-53.8484	-49.2241
BLOCK18/SES182/SA182S10	SES144	-1.19536	-49.3022	-48.1069
BLOCK18/SES182/SA182S10	SES177	-1.14949	-49.2564	-48.1069
BLOCK18/SES182/SA182S10	SES180	-1.92771	-50.0346	-48.1069
BLOCK18/SES182/SA182S10	SES275	-0.721504	-48.8284	-48.1069
BLOCK18/SES182/SA182S12	SES144	-0.767578	-48.4729	-47.7053
BLOCK18/SES182/SA182S12	SES177	-1.05391	-48.7593	-47.7053
BLOCK18/SES182/SA182S12	SES180	-1.31851	-49.0239	-47.7053
BLOCK18/SES182/SA182S12	SES275	-1.24087	-48.9462	-47.7053
BLOCK18/SES182/SA182S21	SES117	-1.59392	-50.2434	-48.6495
BLOCK18/SES182/SA182S21	SES144	-1.39504	-50.0445	-48.6495
BLOCK18/SES182/SA182S21	SES162	-1.10904	-49.7585	-48.6495
BLOCK18/SES182/SA182S21	SES180	-1.8528	-50.5023	-48.6495
BLOCK18/SES182/SA182S23	SES117	-1.72035	-50.2435	-48.5232
BLOCK18/SES182/SA182S23	SES144	-1.40639	-49.9296	-48.5232
BLOCK18/SES182/SA182S23	SES180	-2.10429	-50.6275	-48.5232
BLOCK18/SES182/SA182S23	SES275	-0.59938	-49.1226	-48.5232
BLOCK18/SES182/SA182S25	SES007	-0.553715	-48.7105	-48.1567
BLOCK18/SES182/SA182S25	SES162	-0.861485	-49.0182	-48.1567
BLOCK18/SES182/SA182S25	SES177	-1.0019	-49.1586	-48.1567
BLOCK18/SES182/SA182S25	SES180	-1.34915	-49.5059	-48.1567
BLOCK18/SES184/SA184S12	SES177	-1.84107	-50.1897	-48.3486
BLOCK18/SES184/SA184S12	SES180	-1.42361	-49.7722	-48.3486
BLOCK18/SES184/SA184S12	SES189	-1.58799	-49.9366	-48.3486
BLOCK18/SES184/SA184S12	SES292	-1.27438	-49.623	-48.3486
BLOCK18/SES184/SA184S13	SES101	-2.20568	-50.2403	-48.0346
BLOCK18/SES184/SA184S13	SES177	-1.33693	-49.3715	-48.0346
BLOCK18/SES184/SA184S13	SES180	-1.68704	-49.7216	-48.0346
BLOCK18/SES184/SA184S13	SES292	-2.0839	-50.1185	-48.0346
BLOCK18/SES184/SA184S22	SES177	-1.82772	-49.0966	-47.2689
BLOCK18/SES184/SA184S22	SES180	-1.54969	-48.8186	-47.2689
BLOCK18/SES184/SA184S22	SES189	-2.64758	-49.9165	-47.2689
BLOCK18/SES184/SA184S22	SES292	-2.2949	-49.5638	-47.2689
BLOCK18/SES184/SA184S25	SES101	-1.22269	-48.0356	-46.8129
BLOCK18/SES184/SA184S25	SES177	-1.93522	-48.7481	-46.8129
BLOCK18/SES184/SA184S25	SES180	-1.45761	-48.2705	-46.8129
BLOCK18/SES184/SA184S25	SES292	-1.36691	-48.1798	-46.8129
BLOCK18/SES184/SA184S27	SES083	-2.10146	-49.9994	-47.898
BLOCK18/SES184/SA184S27	SES177	-1.60501	-49.503	-47.898
BLOCK18/SES184/SA184S27	SES202	-1.92261	-49.8206	-47.898
BLOCK18/SES184/SA184S27	SES292	-1.69994	-49.5979	-47.898
BLOCK20/SES204/SA204S12	SES062	-2.02199	-49.506	-47.484
BLOCK20/SES204/SA204S12	SES083	-2.89642	-50.3805	-47.484
BLOCK20/SES204/SA204S12	SES206	-0.772591	-48.2566	-47.484
BLOCK20/SES204/SA204S12	SES226	-1.7612	-49.2452	-47.484
BLOCK20/SES204/SA204S14	SES068	-2.31888	-48.944	-46.6251
BLOCK20/SES204/SA204S14	SES087	-0.592289	-47.2174	-46.6251
BLOCK20/SES204/SA204S14	SES206	-1.41666	-48.0418	-46.6251
BLOCK20/SES204/SA204S14	SES226	-1.84533	-48.4704	-46.6251
BLOCK20/SES204/SA204S22	SES068	-3.15152	-50.5844	-47.4328
BLOCK20/SES204/SA204S22	SES082	-2.87708	-50.3099	-47.4328
BLOCK20/SES204/SA204S22	SES083	-3.38833	-50.8212	-47.4328
BLOCK20/SES204/SA204S22	SES206	-1.41912	-48.852	-47.4328
BLOCK20/SES204/SA204S25	SES062	-2.57235	-50.228	-47.6557
BLOCK20/SES204/SA204S25	SES083	-3.15053	-50.8062	-47.6557
BLOCK20/SES204/SA204S25	SES206	-0.658829	-48.3145	-47.6557
BLOCK20/SES204/SA204S25	SES226	-1.59507	-49.2507	-47.6557
BLOCK20/SES204/SA204S27	SES068	-3.184	-50.905	-47.721
BLOCK20/SES204/SA204S27	SES082	-2.18214	-49.9032	-47.721
BLOCK20/SES204/SA204S27	SES087	-0.727352	-48.4484	-47.721
BLOCK20/SES204/SA204S27	SES206	-0.955299	-48.6763	-47.721
BLOCK20/SES207/SA207S10	SES127	-1.17819	-49.5381	-48.3599
BLOCK20/SES207/SA207S10	SES183	-1.60635	-49.9663	-48.3599
BLOCK20/SES207/SA207S10	SES189	-1.69505	-50.0549	-48.3599
BLOCK20/SES207/SA207S10	SES292	-2.45718	-50.8171	-48.3599
BLOCK20/SES207/SA207S11	SES127	-2.85158	-51.1947	-48.3431
BLOCK20/SES207/SA207S11	SES183	-1.86652	-50.2096	-48.3431
BLOCK20/SES207/SA207S11	SES187	-0.970345	-49.3135	-48.3431
BLOCK20/SES207/SA207S11	SES292	-2.15116	-50.4943	-48.3431
BLOCK20/SES207/SA207S25	SES068	-1.49771	-49.7147	-48.217
BLOCK20/SES207/SA207S25	SES083	-2.70814	-50.9251	-48.217
BLOCK20/SES207/SA207S25	SES127	-1.30735	-49.5243	-48.217
BLOCK20/SES207/SA207S25	SES187	-0.607513	-48.8245	-48.217
BLOCK20/SES207/SA207S27	SES127	-1.82032	-50.6437	-48.8234
BLOCK20/SES207/SA207S27	SES183	-1.51958	-50.3429	-48.8234
BLOCK20/SES207/SA207S27	SES187	-1.28006	-50.1034	-48.8234
BLOCK20/SES207/SA207S27	SES292	-2.62009	-51.4434	-48.8234
BLOCK20/SES207/SA207S29	SES083	-2.58249	-50.7102	-48.1277
BLOCK20/SES207/SA207S29	SES085	-0.990959	-49.1187	-48.1277
BLOCK20/SES207/SA207S29	SES172	-2.33625	-50.464	-48.1277
BLOCK20/SES207/SA207S29	SES189	-2.28037	-50.4081	-48.1277
BLOCK22/SES221/SA221S12	SES068	-2.16795	-50.0093	-47.8414
BLOCK22/SES221/SA221S12	SES143	-2.18076	-50.0221	-47.8414
BLOCK22/SES221/SA221S12	SES175	-1.12791	-48.9693	-47.8414
BLOCK22/SES221/SA221S12	SES202	-0.713802	-48.5552	-47.8414
BLOCK22/SES221/SA221S15	SES085	-2.64771	-51.757	-49.1093
BLOCK22/SES221/SA221S15	SES143	-2.8261	-51.9354	-49.1093
BLOCK22/SES221/SA221S15	SES175	-1.54179	-50.6511	-49.1093
BLOCK22/SES221/SA221S15	SES187	-1.77534	-50.8846	-49.1093
BLOCK22/SES221/SA221S23	SES068	-2.59554	-50.9213	-48.3258
BLOCK22/SES221/SA221S23	SES143	-2.41599	-50.7417	-48.3258
BLOCK22/SES221/SA221S23	SES175	-0.874451	-49.2002	-48.3258
BLOCK22/SES221/SA221S23	SES189	-0.270191	-48.596	-48.3258
BLOCK22/SES221/SA221S27	SES085	-3.10085	-51.4295	-48.3286
BLOCK22/SES221/SA221S27	SES143	-2.0491	-50.3777	-48.3286
BLOCK22/SES221/SA221S27	SES175	-1.0644	-49.393	-48.3286
BLOCK22/SES221/SA221S27	SES189	0.0760231	-48.2526	-48.3286
BLOCK22/SES221/SA221S29	SES085	-3.3469	-52.4273	-49.0804
BLOCK22/SES221/SA221S29	SES143	-2.63477	-51.7152	-49.0804
BLOCK22/SES221/SA221S29	SES175	-0.996548	-50.077	-49.0804
BLOCK22/SES221/SA221S29	SES187	-1.65991	-50.7403	-49.0804
BLOCK22/SES223/SA223S11	SES143	-1.61571	-50.5275	-48.9118
BLOCK22/SES223/SA223S11	SES144	-2.81066	-51.7224	-48.9118
BLOCK22/SES223/SA223S11	SES175	-1.19094	-50.1027	-48.9118
BLOCK22/SES223/SA223S11	SES187	-1.61279	-50.5246	-48.9118
BLOCK22/SES223/SA223S13	SES068	-1.77417	-51.8039	-50.0297
BLOCK22/SES223/SA223S13	SES143	-2.40086	-52.4305	-50.0297
BLOCK22/SES223/SA223S13	SES146	-3.11776	-53.1474	-50.0297
BLOCK22/SES223/SA223S13	SES202	-1.60181	-51.6315	-50.0297
BLOCK22/SES223/SA223S22	SES143	-1.67412	-50.6299	-48.9558
BLOCK22/SES223/SA223S22	SES144	-2.29348	-51.2492	-48.9558
BLOCK22/SES223/SA223S22	SES175	-1.15932	-50.1151	-48.9558
BLOCK22/SES223/SA223S22	SES187	-1.36926	-50.325	-48.9558
BLOCK22/SES223/SA223S25	SES068	-1.90068	-51.0345	-49.1338
BLOCK22/SES223/SA223S25	SES143	-1.9279	-51.0617	-49.1338
BLOCK22/SES223/SA223S25	SES175	-0.873024	-50.0068	-49.1338
BLOCK22/SES223/SA223S25	SES187	-1.96029	-51.0941	-49.1338
BLOCK22/SES223/SA223S27	SES143	-0.952606	-50.1916	-49.239
BLOCK22/SES223/SA223S27	SES146	-2.16627	-51.4053	-49.239
BLOCK22/SES223/SA223S27	SES187	-1.27657	-50.5156	-49.239
BLOCK22/SES223/SA223S27	SES292	-3.36176	-52.6008	-49.239
BLOCK27/SES273/SA273S12	SES099	-0.103775	-46.789	-46.6853
BLOCK27/SES273/SA273S12	SES104	-0.289898	-46.9752	-46.6853
BLOCK27/SES273/SA273S12	SES125	-1.29333	-47.9786	-46.6853
BLOCK27/SES273/SA273S12	SES206	-0.0846977	-46.77	-46.6853
BLOCK27/SES273/SA273S13	SES099	-0.50824	-46.929	-46.4208
BLOCK27/SES273/SA273S13	SES104	-0.771534	-47.1923	-46.4208
BLOCK27/SES273/SA273S13	SES206	-0.887886	-47.3087	-46.4208
BLOCK27/SES273/SA273S13	SES292	-3.26348	-49.6843	-46.4208
BLOCK27/SES273/SA273S21	SES099	0.290348	-46.9217	-47.2121
BLOCK27/SES273/SA273S21	SES148	-2.74958	-49.9617	-47.2121
BLOCK27/SES273/SA273S21	SES149	-1.23981	-48.4519	-47.2121
BLOCK27/SES273/SA273S21	SES177	-3.41996	-50.6321	-47.2121
BLOCK27/SES273/SA273S25	SES104	-0.804054	-47.8735	-47.0694
BLOCK27/SES273/SA273S25	SES125	-1.74812	-48.8175	-47.0694
BLOCK27/SES273/SA273S25	SES158	-0.529549	-47.599	-47.0694
BLOCK27/SES273/SA273S25	SES206	-0.087368	-47.1568	-47.0694
BLOCK27/SES273/SA273S27	SES099	-0.386063	-47.1403	-46.7542
BLOCK27/SES273/SA273S27	SES104	-0.466068	-47.2203	-46.7542
BLOCK27/SES273/SA273S27	SES149	-0.800488	-47.5547	-46.7542
BLOCK27/SES273/SA273S27	SES275	-2.04376	-48.798	-46.7542
BLOCK27/SES274/SA274S10	SES105	-1.76139	-48.7828	-47.0214
BLOCK27/SES274/SA274S10	SES125	-0.68552	-47.7069	-47.0214
BLOCK27/SES274/SA274S10	SES129	-0.658596	-47.68	-47.0214
BLOCK27/SES274/SA274S10	SES158	-1.20229	-48.2237	-47.0214
BLOCK27/SES274/SA274S11	SES105	-1.94056	-49.1421	-47.2016
BLOCK27/SES274/SA274S11	SES149	-0.991692	-48.1933	-47.2016
BLOCK27/SES274/SA274S11	SES158	-0.895779	-48.0973	-47.2016
BLOCK27/SES274/SA274S11	SES275	-1.91671	-49.1183	-47.2016
BLOCK27/SES274/SA274S21	SES105	-1.51776	-48.9251	-47.4073
BLOCK27/SES274/SA274S21	SES129	-1.14842	-48.5558	-47.4073
BLOCK27/SES274/SA274S21	SES149	-0.504238	-47.9116	-47.4073
BLOCK27/SES274/SA274S21	SES158	-1.96757	-49.3749	-47.4073
BLOCK27/SES274/SA274S24	SES105	-2.11149	-49.758	-47.6466
BLOCK27/SES274/SA274S24	SES129	-1.37324	-49.0198	-47.6466
BLOCK27/SES274/SA274S24	SES149	-0.529854	-48.1764	-47.6466
BLOCK27/SES274/SA274S24	SES158	-1.87632	-49.5229	-47.6466
BLOCK27/SES274/SA274S29	SES105	-2.10804	-49.4632	-47.3551
BLOCK27/SES274/SA274S29	SES106	-1.62999	-48.9851	-47.3551
BLOCK27/SES274/SA274S29	SES120	-2.19896	-49.5541	-47.3551
BLOCK27/SES274/SA274S29	SES275	-1.80853	-49.1636	-47.3551
BLOCK27/SES276/SA276S16	SES148	-1.16613	-49.4077	-48.2416
BLOCK27/SES276/SA276S16	SES172	-1.18245	-49.4241	-48.2416
BLOCK27/SES276/SA276S16	SES180	-2.07887	-50.3205	-48.2416
BLOCK27/SES276/SA276S16	SES292	-1.25403	-49.4956	-48.2416
BLOCK27/SES276/SA276S17	SES101	-1.74944	-49.8128	-48.0633
BLOCK27/SES276/SA276S17	SES177	-1.84572	-49.909	-48.0633
BLOCK27/SES276/SA276S17	SES180	-1.87686	-49.9402	-48.0633
BLOCK27/SES276/SA276S17	SES292	-1.99234	-50.0557	-48.0633
BLOCK27/SES276/SA276S24	SES101	-1.08624	-48.265	-47.1788
BLOCK27/SES276/SA276S24	SES177	-1.57072	-48.7495	-47.1788
BLOCK27/SES276/SA276S24	SES180	-1.89433	-49.0731	-47.1788
BLOCK27/SES276/SA276S24	SES292	-2.02567	-49.2044	-47.1788
BLOCK27/SES276/SA276S26	SES101	-2.69165	-50.116	-47.4243
BLOCK27/SES276/SA276S26	SES177	-1.00576	-48.4301	-47.4243
BLOCK27/SES276/SA276S26	SES180	-1.44086	-48.8652	-47.4243
BLOCK27/SES276/SA276S26	SES292	-1.3026	-48.7269	-47.4243
BLOCK27/SES276/SA276S28	SES101	-2.23963	-49.8625	-47.6229
BLOCK27/SES276/SA276S28	SES177	-2.1051	-49.728	-47.6229
BLOCK27/SES276/SA276S28	SES180	-1.53946	-49.1623	-47.6229
BLOCK27/SES276/SA276S28	SES292	-1.83412	-49.457	-47.6229
BLOCK27/SES277/SA277S12	SES101	-0.872852	-49.3334	-48.4605
BLOCK27/SES277/SA277S12	SES177	-1.78982	-50.2504	-48.4605
BLOCK27/SES277/SA277S12	SES180	-2.51855	-50.9791	-48.4605
BLOCK27/SES277/SA277S12	SES292	-2.89189	-51.3524	-48.4605
BLOCK27/SES277/SA277S14	SES177	-1.21492	-50.1303	-48.9154
BLOCK27/SES277/SA277S14	SES180	-2.61325	-51.5286	-48.9154
BLOCK27/SES277/SA277S14	SES189	-0.810005	-49.7254	-48.9154
BLOCK27/SES277/SA277S14	SES292	-3.48227	-52.3976	-48.9154
BLOCK27/SES277/SA277S21	SES177	-1.02998	-49.0305	-48.0006
BLOCK27/SES277/SA277S21	SES180	-2.41697	-50.4175	-48.0006
BLOCK27/SES277/SA277S21	SES189	-0.94598	-48.9465	-48.0006
BLOCK27/SES277/SA277S21	SES292	-3.39376	-51.3943	-48.0006
BLOCK27/SES277/SA277S24	SES144	-1.62826	-50.5055	-48.8773
BLOCK27/SES277/SA277S24	SES177	-1.4925	-50.3698	-48.8773
BLOCK27/SES277/SA277S24	SES180	-2.31542	-51.1927	-48.8773
BLOCK27/SES277/SA277S24	SES189	-1.15678	-50.034	-48.8773
BLOCK27/SES277/SA277S29	SES177	-1.27563	-48.1436	-46.8679
BLOCK27/SES277/SA277S29	SES180	-1.63622	-48.5042	-46.8679
BLOCK27/SES277/SA277S29	SES202	-1.57423	-48.4422	-46.8679
BLOCK27/SES277/SA277S29	SES292	-2.77835	-49.6463	-46.8679
BLOCK27/SES279/SA279S09	SES120	-1.46458	-49.0488	-47.5842
BLOCK27/SES279/SA279S09	SES146	-1.74234	-49.3266	-47.5842
BLOCK27/SES279/SA279S09	SES206	-1.84562	-49.4298	-47.5842
BLOCK27/SES279/SA279S09	SES226	-2.54453	-50.1287	-47.5842
BLOCK27/SES279/SA279S10	SES099	-1.37787	-48.9806	-47.6027
BLOCK27/SES279/SA279S10	SES206	-1.30294	-48.9056	-47.6027
BLOCK27/SES279/SA279S10	SES226	-1.94209	-49.5448	-47.6027
BLOCK27/SES279/SA279S10	SES292	-1.13826	-48.7409	-47.6027
BLOCK27/SES279/SA279S20	SES099	-2.46476	-50.5392	-48.0744
BLOCK27/SES279/SA279S20	SES206	-1.36327	-49.4377	-48.0744
BLOCK27/SES279/SA279S20	SES226	-2.22564	-50.3	-48.0744
BLOCK27/SES279/SA279S20	SES292	-1.17194	-49.2463	-48.0744
BLOCK27/SES279/SA279S26	SES099	-1.88477	-49.5865	-47.7017
BLOCK27/SES279/SA279S26	SES206	-1.23615	-48.9379	-47.7017
BLOCK27/SES279/SA279S26	SES226	-2.08887	-49.7906	-47.7017
BLOCK27/SES279/SA279S26	SES292	-1.87613	-49.5778	-47.7017
BLOCK27/SES279/SA279S28	SES099	-2.03666	-48.4602	-46.4235
BLOCK27/SES279/SA279S28	SES120	-1.18971	-47.6132	-46.4235
BLOCK27/SES279/SA279S28	SES177	-2.33496	-48.7584	-46.4235
BLOCK27/SES279/SA279S28	SES206	-2.23146	-48.655	-46.4235
BLOCK29/SES290/SA290S12	SES162	-1.71749	-48.9931	-47.2756
BLOCK29/SES290/SA290S12	SES177	-1.95746	-49.233	-47.2756
BLOCK29/SES290/SA290S12	SES180	-2.05305	-49.3286	-47.2756
BLOCK29/SES290/SA290S12	SES292	-3.46258	-50.7381	-47.2756
BLOCK29/SES290/SA290S13	SES007	-2.32526	-50.3877	-48.0625
BLOCK29/SES290/SA290S13	SES162	-2.0463	-50.1088	-48.0625
BLOCK29/SES290/SA290S13	SES177	-1.31929	-49.3818	-48.0625
BLOCK29/SES290/SA290S13	SES180	-1.85709	-49.9196	-48.0625
BLOCK29/SES290/SA290S22	SES177	-1.11451	-48.7151	-47.6006
BLOCK29/SES290/SA290S22	SES180	-1.42012	-49.0208	-47.6006
BLOCK29/SES290/SA290S22	SES202	-1.66881	-49.2694	-47.6006
BLOCK29/SES290/SA290S22	SES292	-2.77234	-50.373	-47.6006
BLOCK29/SES290/SA290S25	SES162	-1.55931	-48.9371	-47.3778
BLOCK29/SES290/SA290S25	SES177	-1.29457	-48.6723	-47.3778
BLOCK29/SES290/SA290S25	SES180	-1.40981	-48.7876	-47.3778
BLOCK29/SES290/SA290S25	SES292	-2.328	-49.7058	-47.3778
BLOCK29/SES290/SA290S29	SES177	-0.505531	-47.7665	-47.261
BLOCK29/SES290/SA290S29	SES180	-1.14428	-48.4053	-47.261
BLOCK29/SES290/SA290S29	SES275	-2.04773	-49.3087	-47.261
BLOCK29/SES290/SA290S29	SES292	-2.08437	-49.3454	-47.261
BLOCK29/SES291/SA291S11	SES105	-3.65754	-52.0374	-48.3799
BLOCK29/SES291/SA291S11	SES125	-1.40029	-49.7802	-48.3799
BLOCK29/SES291/SA291S11	SES158	-1.20481	-49.5847	-48.3799
BLOCK29/SES291/SA291S11	SES275	-4.60998	-52.9898	-48.3799
BLOCK29/SES291/SA291S12	SES158	0.223518	-47.8215	-48.045
BLOCK29/SES291/SA291S12	SES226	-1.20047	-49.2455	-48.045
BLOCK29/SES291/SA291S12	SES270	0.00726318	-48.0377	-48.045
BLOCK29/SES291/SA291S12	SES275	-5.30043	-53.3454	-48.045
BLOCK29/SES291/SA291S22	SES082	-1.13799	-48.8818	-47.7438
BLOCK29/SES291/SA291S22	SES158	-1.03074	-48.7745	-47.7438
BLOCK29/SES291/SA291S22	SES259	-1.41343	-49.1572	-47.7438
BLOCK29/SES291/SA291S22	SES275	-4.01926	-51.7631	-47.7438
BLOCK29/SES291/SA291S24	SES104	-0.31443	-47.1695	-46.855
BLOCK29/SES291/SA291S24	SES125	-0.546562	-47.4016	-46.855
BLOCK29/SES291/SA291S24	SES158	-0.747166	-47.6022	-46.855
BLOCK29/SES291/SA291S24	SES275	-4.13652	-50.9915	-46.855
BLOCK29/SES291/SA291S27	SES158	-0.409912	-47.4505	-47.0405
BLOCK29/SES291/SA291S27	SES172	-4.87086	-51.9114	-47.0405
BLOCK29/SES291/SA291S27	SES275	-4.4692	-51.5097	-47.0405
BLOCK29/SES291/SA291S27	SES292	-3.81377	-50.8543	-47.0405
