BLOCK00/SES002/SA002S12	SES002	0.459366	-64.5369	-64.9962
BLOCK00/SES002/SA002S13	SES002	0.13092	-67.3077	-67.4386
BLOCK00/SES002/SA002S23	SES002	0.721512	-65.2353	-65.9568
BLOCK00/SES002/SA002S26	SES002	0.551849	-65.6053	-66.1572
BLOCK00/SES002/SA002S28	SES002	-0.0456085	-65.8803	-65.8347
BLOCK00/SES007/SA007S14	SES007	0.490425	-64.9419	-65.4324
BLOCK00/SES007/SA007S15	SES007	0.0541763	-67.7767	-67.8308
BLOCK00/SES007/SA007S24	SES007	0.59977	-66.1721	-66.7719
BLOCK00/SES007/SA007S27	SES007	-0.216652	-69.9018	-69.6852
BLOCK00/SES007/SA007S29	SES007	-0.18882	-67.6733	-67.4845
BLOCK00/SES008/SA008S11	SES008	0.733559	-69.4088	-70.1424
BLOCK00/SES008/SA008S12	SES008	1.22907	-68.8087	-70.0377
BLOCK00/SES008/SA008S19	SES008	1.20308	-70.1419	-71.3449
BLOCK00/SES008/SA008S22	SES008	-0.121658	-69.7128	-69.5912
BLOCK00/SES008/SA008S29	SES008	0.898651	-68.8515	-69.7502
BLOCK01/SES014/SA014S10	SES014	0.148247	-68.8199	-68.9681
BLOCK01/SES014/SA014S12	SES014	1.26163	-65.9548	-67.2164
BLOCK01/SES014/SA014S24	SES014	0.393326	-66.1784	-66.5717
BLOCK01/SES014/SA014S26	SES014	1.19023	-64.0154	-65.2057
BLOCK01/SES014/SA014S28	SES014	0.773216	-68.7739	-69.5471
BLOCK01/SES016/SA016S12	SES016	0.00679779	-72.9139	-72.9207
BLOCK01/SES016/SA016S13	SES016	0.254616	-67.7574	-68.012
BLOCK01/SES016/SA016S22	SES016	0.402626	-68.2172	-68.6198
BLOCK01/SES016/SA016S25	SES016	0.0643921	-65.4242	-65.4886
BLOCK01/SES016/SA016S27	SES016	1.53157	-65.586	-67.1176
BLOCK01/SES019/SA019S13	SES019	0.483315	-66.3887	-66.872
BLOCK01/SES019/SA019S14	SES019	0.445503	-69.3048	-69.7503
BLOCK01/SES019/SA019S22	SES019	0.637077	-65.5716	-66.2087
BLOCK01/SES019/SA019S25	SES019	0.591728	-67.966	-68.5578
BLOCK01/SES019/SA019S29	SES019	2.14591	-67.2789	-69.4248
BLOCK02/SES029/SA029S11	SES029	-0.903152	-69.1584	-68.2552
BLOCK02/SES029/SA029S12	SES029	-0.504753	-66.5729	-66.0682
BLOCK02/SES029/SA029S20	SES029	-0.681488	-71.0095	-70.328
BLOCK02/SES029/SA029S25	SES029	-0.264496	-68.1858	-67.9213
BLOCK02/SES029/SA029S28	SES029	-0.823135	-70.4567	-69.6336
BLOCK04/SES042/SA042S12	SES042	2.05018	-65.2454	-67.2956
BLOCK04/SES042/SA042S15	SES042	1.13966	-63.4052	-64.5448
BLOCK04/SES042/SA042S22	SES042	3.49536	-60.3812	-63.8766
BLOCK04/SES042/SA042S25	SES042	2.22026	-65.097	-67.3173
BLOCK04/SES042/SA042S27	SES042	2.80184	-61.5514	-64.3532
BLOCK04/SES048/SA048S11	SES048	0.812103	-64.3357	-65.1478
BLOCK04/SES048/SA048S12	SES048	0.970665	-65.0772	-66.0479
BLOCK04/SES048/SA048S20	SES048	0.678345	-65.274	-65.9523
BLOCK04/SES048/SA048S23	SES048	1.0384	-67.8006	-68.839
BLOCK04/SES048/SA048S27	SES048	0.257347	-65.4428	-65.7001
BLOCK06/SES060/SA060S11	SES060	0.224892	-65.5156	-65.7405
BLOCK06/SES060/SA060S12	SES060	-0.572563	-67.9284	-67.3558
BLOCK06/SES060/SA060S22	SES060	-0.839615	-69.727	-68.8874
BLOCK06/SES060/SA060S24	SES060	0.0773087	-66.819	-66.8963
BLOCK06/SES060/SA060S28	SES060	0.330513	-64.896	-65.2265
BLOCK06/SES062/SA062S10	SES062	-0.264809	-66.4401	-66.1753
BLOCK06/SES062/SA062S11	SES062	-0.062706	-69.5039	-69.4412
BLOCK06/SES062/SA062S21	SES062	0.337933	-63.6804	-64.0183
BLOCK06/SES062/SA062S26	SES062	-0.0704651	-67.6748	-67.6043
BLOCK06/SES062/SA062S29	SES062	0.218529	-65.8109	-66.0294
BLOCK06/SES068/SA068S14	SES068	-0.390053	-69.2652	-68.8752
BLOCK06/SES068/SA068S15	SES068	0.565132	-67.3371	-67.9022
BLOCK06/SES068/SA068S23	SES068	-0.524712	-69.7102	-69.1855
BLOCK06/SES068/SA068S27	SES068	0.663231	-67.0485	-67.7117
BLOCK06/SES068/SA068S29	SES068	-0.294182	-69.2041	-68.9099
BLOCK08/SES082/SA082S12	SES082	0.356346	-67.7411	-68.0975
BLOCK08/SES082/SA082S14	SES082	0.252075	-69.8633	-70.1154
BLOCK08/SES082/SA082S21	SES082	0.70002	-68.4965	-69.1965
BLOCK08/SES082/SA082S24	SES082	0.962517	-66.3043	-67.2668
BLOCK08/SES082/SA082S28	SES082	0.530228	-67.1557	-67.6859
BLOCK08/SES083/SA083S14	SES083	-1.29173	-70.3199	-69.0281
BLOCK08/SES083/SA083S15	SES083	-0.753983	-66.5618	-65.8079
BLOCK08/SES083/SA083S24	SES083	-0.502754	-68.057	-67.5542
BLOCK08/SES083/SA083S26	SES083	-0.203186	-66.1224	-65.9192
BLOCK08/SES083/SA083S29	SES083	-0.214882	-67.4835	-67.2687
BLOCK08/SES085/SA085S10	SES085	-0.595497	-69.6154	-69.0199
BLOCK08/SES085/SA085S13	SES085	-0.506859	-69.5958	-69.089
BLOCK08/SES085/SA085S22	SES085	-1.27693	-71.1582	-69.8813
BLOCK08/SES085/SA085S26	SES085	-0.857887	-69.1632	-68.3053
BLOCK08/SES085/SA085S28	SES085	-0.630966	-67.8266	-67.1957
BLOCK08/SES087/SA087S15	SES087	0.837387	-69.1075	-69.9448
BLOCK08/SES087/SA087S16	SES087	1.18443	-70.8387	-72.0231
BLOCK08/SES087/SA087S24	SES087	0.508102	-65.2326	-65.7407
BLOCK08/SES087/SA087S26	SES087	0.747879	-65.8585	-66.6063
BLOCK08/SES087/SA087S29	SES087	1.06066	-69.3193	-70.38
BLOCK09/SES099/SA099S15	SES099	0.795135	-66.6069	-67.402
BLOCK09/SES099/SA099S16	SES099	0.84494	-68.5129	-69.3579
BLOCK09/SES099/SA099S24	SES099	0.428665	-68.9359	-69.3645
BLOCK09/SES099/SA099S26	SES099	1.14615	-66.2757	-67.4218
BLOCK09/SES099/SA099S29	SES099	1.03222	-67.8161	-68.8483
BLOCK10/SES101/SA101S11	SES101	-0.505196	-66.2821	-65.7769
BLOCK10/SES101/SA101S13	SES101	0.531761	-64.9122	-65.4439
BLOCK10/SES101/SA101S22	SES101	-0.279961	-69.7847	-69.5047
BLOCK10/SES101/SA101S24	SES101	0.380989	-65.4112	-65.7922
BLOCK10/SES101/SA101S28	SES101	-0.905785	-68.6804	-67.7746
BLOCK10/SES104/SA104S11	SES104	1.20396	-64.0044	-65.2084
BLOCK10/SES104/SA104S12	SES104	0.386253	-68.731	-69.1172
BLOCK10/SES104/SA104S21	SES104	-0.723167	-70.5507	-69.8276
BLOCK10/SES104/SA104S24	SES104	0.847519	-65.5097	-66.3572
BLOCK10/SES104/SA104S28	SES104	0.967972	-67.7609	-68.7288
BLOCK10/SES105/SA105S12	SES105	0.416031	-65.4373	-65.8533
BLOCK10/SES105/SA105S13	SES105	0.534523	-65.3394	-65.8739
BLOCK10/SES105/SA105S22	SES105	-0.150246	-67.8449	-67.6947
BLOCK10/SES105/SA105S26	SES105	0.594398	-67.4778	-68.0722
BLOCK10/SES105/SA105S29	SES105	0.53257	-65.7618	-66.2943
BLOCK10/SES106/SA106S09	SES106	0.778259	-66.3995	-67.1778
BLOCK10/SES106/SA106S11	SES106	1.52595	-63.7949	-65.3209
BLOCK10/SES106/SA106S22	SES106	1.54327	-64.5595	-66.1027
BLOCK10/SES106/SA106S27	SES106	1.02106	-64.2219	-65.243
BLOCK10/SES106/SA106S29	SES106	1.47282	-62.9794	-64.4522
BLOCK11/SES117/SA117S12	SES117	-1.26053	-69.8303	-68.5698
BLOCK11/SES117/SA117S13	SES117	-0.711739	-71.4544	-70.7426
BLOCK11/SES117/SA117S23	SES117	1.1004	-71.5045	-72.6049
BLOCK11/SES117/SA117S25	SES117	0.0991592	-68.9713	-69.0704
BLOCK11/SES117/SA117S28	SES117	0.220772	-70.1397	-70.3604
BLOCK12/SES120/SA120S08	SES120	-0.0783539	-66.4933	-66.415
BLOCK12/SES120/SA120S11	SES120	-0.406799	-68.4954	-68.0886
BLOCK12/SES120/SA120S22	SES120	0.227501	-67.3952	-67.6227
BLOCK12/SES120/SA120S24	SES120	0.0493546	-66.8307	-66.8801
BLOCK12/SES120/SA120S28	SES120	-0.234673	-70.4668	-70.2321
BLOCK12/SES125/SA125S13	SES125	1.02381	-64.8208	-65.8446
BLOCK12/SES125/SA125S14	SES125	0.724594	-64.2102	-64.9347
BLOCK12/SES125/SA125S25	SES125	2.14052	-66.4564	-68.597
BLOCK12/SES125/SA125S27	SES125	1.99697	-63.9002	-65.8972
BLOCK12/SES125/SA125S29	SES125	1.42062	-66.5924	-68.013
BLOCK12/SES127/SA127S11	SES127	-0.0294342	-69.7416	-69.7122
BLOCK12/SES127/SA127S12	SES127	-0.6436	-66.8652	-66.2216
BLOCK12/SES127/SA127S23	SES127	0.516647	-66.6966	-67.2133
BLOCK12/SES127/SA127S25	SES127	-1.30342	-69.2351	-67.9317
BLOCK12/SES127/SA127S27	SES127	0.409729	-66.6443	-67.0541
BLOCK12/SES129/SA129S11	SES129	1.07811	-65.0561	-66.1342
BLOCK12/SES129/SA129S12	SES129	0.887657	-64.7031	-65.5908
BLOCK12/SES129/SA129S22	SES129	0.151848	-67.499	-67.6509
BLOCK12/SES129/SA129S27	SES129	1.12148	-66.8981	-68.0196
BLOCK12/SES129/SA129S29	SES129	0.376144	-64.5022	-64.8784
BLOCK14/SES142/SA142S11	SES142	1.82029	-68.5071	-70.3274
BLOCK14/SES142/SA142S12	SES142	1.57932	-70.045	-71.6243
BLOCK14/SES142/SA142S24	SES142	2.82186	-67.6033	-70.4252
BLOCK14/SES142/SA142S27	SES142	1.04694	-69.0776	-70.1246
BLOCK14/SES142/SA142S29	SES142	2.40058	-65.8479	-68.2485
BLOCK14/SES143/SA143S12	SES143	0.254402	-68.4699	-68.7243
BLOCK14/SES143/SA143S13	SES143	-0.154518	-69.5817	-69.4272
BLOCK14/SES143/SA143S23	SES143	1.04535	-68.8718	-69.9172
BLOCK14/SES143/SA143S25	SES143	1.38534	-68.1121	-69.4975
BLOCK14/SES143/SA143S28	SES143	0.436935	-66.5932	-67.0301
BLOCK14/SES144/SA144S09	SES144	-0.516624	-68.5744	-68.0578
BLOCK14/SES144/SA144S11	SES144	0.205055	-69.1201	-69.3252
BLOCK14/SES144/SA144S21	SES144	-0.936035	-70.1801	-69.2441
BLOCK14/SES144/SA144S25	SES144	-0.303299	-68.9663	-68.663
BLOCK14/SES144/SA144S29	SES144	-0.172409	-69.2082	-69.0357
BLOCK14/SES146/SA146S14	SES146	0.236359	-67.9697	-68.2061
BLOCK14/SES146/SA146S15	SES146	-0.689514	-70.6568	-69.9673
BLOCK14/SES146/SA146S24	SES146	0.452225	-65.3795	-65.8317
BLOCK14/SES146/SA146S26	SES146	0.473854	-65.2842	-65.7581
BLOCK14/SES146/SA146S29	SES146	0.0520477	-67.0638	-67.1159
BLOCK14/SES147/SA147S11	SES147	-0.0822296	-67.5258	-67.4436
BLOCK14/SES147/SA147S13	SES147	0.0724411	-67.9283	-68.0007
BLOCK14/SES147/SA147S23	SES147	0.673653	-68.4394	-69.1131
BLOCK14/SES147/SA147S26	SES147	-0.0167847	-67.8754	-67.8587
BLOCK14/SES147/SA147S28	SES147	0.0239334	-68.879	-68.9029
BLOCK14/SES148/SA148S10	SES148	0.852905	-69.087	-69.9399
BLOCK14/SES148/SA148S12	SES148	-0.728668	-69.8184	-69.0897
BLOCK14/SES148/SA148S22	SES148	0.177292	-68.8061	-68.9834
BLOCK14/SES148/SA148S26	SES148	-1.71284	-68.3351	-66.6223
BLOCK14/SES148/SA148S29	SES148	-1.2557	-69.3246	-68.0689
BLOCK14/SES149/SA149S13	SES149	-0.294174	-64.2157	-63.9215
BLOCK14/SES149/SA149S14	SES149	0.684402	-68.2528	-68.9372
BLOCK14/SES149/SA149S24	SES149	0.8368	-68.3519	-69.1887
BLOCK14/SES149/SA149S26	SES149	1.37118	-64.715	-66.0861
BLOCK14/SES149/SA149S28	SES149	0.188858	-67.606	-67.7949
BLOCK15/SES158/SA158S13	SES158	1.65076	-62.3657	-64.0164
BLOCK15/SES158/SA158S14	SES158	1.06398	-65.479	-66.543
BLOCK15/SES158/SA158S23	SES158	1.20285	-63.0668	-64.2696
BLOCK15/SES158/SA158S26	SES158	1.56397	-63.8068	-65.3708
BLOCK15/SES158/SA158S28	SES158	0.169174	-66.8507	-67.0199
BLOCK16/SES162/SA162S10	SES162	0.357475	-67.2385	-67.5959
BLOCK16/SES162/SA162S11	SES162	0.437317	-66.4158	-66.8532
BLOCK16/SES162/SA162S21	SES162	0.66658	-67.6852	-68.3518
BLOCK16/SES162/SA162S24	SES162	0.149567	-68.3809	-68.5305
BLOCK16/SES162/SA162S27	SES162	0.774918	-67.2141	-67.9891
BLOCK16/SES167/SA167S14	SES167	0.915131	-69.6012	-70.5164
BLOCK16/SES167/SA167S15	SES167	1.22363	-70.5789	-71.8026
BLOCK16/SES167/SA167S21	SES167	1.05927	-71.6287	-72.688
BLOCK16/SES167/SA167S25	SES167	2.37933	-70.8934	-73.2727
BLOCK16/SES167/SA167S29	SES167	2.08925	-69.6316	-71.7208
BLOCK17/SES172/SA172S12	SES172	1.04665	-67.6512	-68.6978
BLOCK17/SES172/SA172S13	SES172	0.623688	-69.9029	-70.5265
BLOCK17/SES172/SA172S23	SES172	-0.332916	-67.9675	-67.6346
BLOCK17/SES172/SA172S27	SES172	-0.193962	-70.6537	-70.4597
BLOCK17/SES172/SA172S29	SES172	0.582039	-70.5469	-71.1289
BLOCK17/SES175/SA175S11	SES175	1.27456	-67.9542	-69.2288
BLOCK17/SES175/SA175S13	SES175	-0.00771332	-66.3159	-66.3082
BLOCK17/SES175/SA175S23	SES175	1.15847	-68.5544	-69.7128
BLOCK17/SES175/SA175S25	SES175	0.194878	-69.8954	-70.0903
BLOCK17/SES175/SA175S28	SES175	0.211739	-68.9949	-69.2067
BLOCK17/SES177/SA177S15	SES177	-0.201439	-68.5496	-68.3482
BLOCK17/SES177/SA177S17	SES177	-0.304741	-68.5981	-68.2933
BLOCK17/SES177/SA177S23	SES177	-0.15184	-68.5596	-68.4078
BLOCK17/SES177/SA177S26	SES177	0.198601	-64.0771	-64.2757
BLOCK17/SES177/SA177S28	SES177	0.0335846	-65.6541	-65.6876
BLOCK18/SES180/SA180S13	SES180	0.295952	-68.291	-68.5869
BLOCK18/SES180/SA180S15	SES180	0.394432	-69.5414	-69.9358
BLOCK18/SES180/SA180S24	SES180	0.593216	-64.9952	-65.5884
BLOCK18/SES180/SA180S26	SES180	-0.172478	-66.6721	-66.4996
BLOCK18/SES180/SA180S29	SES180	-0.839317	-69.9239	-69.0846
BLOCK18/SES183/SA183S13	SES183	0.2537	-68.5122	-68.7659
BLOCK18/SES183/SA183S14	SES183	-0.666382	-65.5682	-64.9019
BLOCK18/SES183/SA183S24	SES183	0.721649	-67.692	-68.4137
BLOCK18/SES183/SA183S27	SES183	0.557198	-69.419	-69.9762
BLOCK18/SES183/SA183S29	SES183	0.659531	-67.3781	-68.0377
BLOCK18/SES187/SA187S13	SES187	0.416267	-70.5605	-70.9768
BLOCK18/SES187/SA187S14	SES187	0.35791	-68.6001	-68.958
BLOCK18/SES187/SA187S24	SES187	1.00249	-72.5286	-73.5311
BLOCK18/SES187/SA187S27	SES187	-0.256653	-72.4784	-72.2218
BLOCK18/SES187/SA187S29	SES187	0.885719	-68.6626	-69.5483
BLOCK18/SES189/SA189S10	SES189	2.6943	-68.8051	-71.4994
BLOCK18/SES189/SA189S13	SES189	3.76292	-69.9147	-73.6776
BLOCK18/SES189/SA189S24	SES189	3.47867	-68.0479	-71.5266
BLOCK18/SES189/SA189S26	SES189	1.80933	-69.0758	-70.8851
BLOCK18/SES189/SA189S29	SES189	2.38683	-69.6024	-71.9893
BLOCK20/SES202/SA202S12	SES202	0.326874	-70.5748	-70.9016
BLOCK20/SES202/SA202S14	SES202	1.78298	-68.5796	-70.3626
BLOCK20/SES202/SA202S24	SES202	0.631172	-70.7829	-71.4141
BLOCK20/SES202/SA202S27	SES202	1.25444	-68.4719	-69.7263
BLOCK20/SES202/SA202S29	SES202	1.89513	-67.6331	-69.5282
BLOCK20/SES206/SA206S15	SES206	-0.129356	-64.908	-64.7787
BLOCK20/SES206/SA206S17	SES206	0.931908	-64.677	-65.6089
BLOCK20/SES206/SA206S24	SES206	1.51602	-63.709	-65.225
BLOCK20/SES206/SA206S27	SES206	1.16678	-65.7444	-66.9112
BLOCK20/SES206/SA206S29	SES206	0.905727	-62.4401	-63.3458
BLOCK22/SES226/SA226S12	SES226	1.08846	-65.5062	-66.5947
BLOCK22/SES226/SA226S13	SES226	-0.593307	-65.2617	-64.6684
BLOCK22/SES226/SA226S20	SES226	0.0200958	-67.1679	-67.188
BLOCK22/SES226/SA226S23	SES226	0.300728	-66.7832	-67.084
BLOCK22/SES226/SA226S28	SES226	0.379761	-67.3707	-67.7504
BLOCK25/SES259/SA259S13	SES259	1.54842	-62.1498	-63.6982
BLOCK25/SES259/SA259S14	SES259	1.16383	-63.9981	-65.162
BLOCK25/SES259/SA259S22	SES259	1.01032	-63.1208	-64.1311
BLOCK25/SES259/SA259S24	SES259	1.94587	-61.8384	-63.7842
BLOCK25/SES259/SA259S28	SES259	1.47044	-62.7107	-64.1812
BLOCK27/SES270/SA270S14	SES270	0.873154	-66.4478	-67.3209
BLOCK27/SES270/SA270S16	SES270	0.205414	-66.1275	-66.3329
BLOCK27/SES270/SA270S22	SES270	0.370575	-66.1687	-66.5393
BLOCK27/SES270/SA270S26	SES270	0.616287	-67.3235	-67.9398
BLOCK27/SES270/SA270S28	SES270	0.191612	-68.2719	-68.4635
BLOCK27/SES275/SA275S17	SES275	-0.510529	-68.8465	-68.3359
BLOCK27/SES275/SA275S18	SES275	-0.253296	-67.2176	-66.9643
BLOCK27/SES275/SA275S24	SES275	-0.407364	-68.8287	-68.4213
BLOCK27/SES275/SA275S26	SES275	0.141396	-67.2181	-67.3595
BLOCK27/SES275/SA275S28	SES275	-0.0262833	-66.8151	-66.7888
BLOCK29/SES292/SA292S10	SES292	-0.730103	-68.0616	-67.3315
BLOCK29/SES292/SA292S12	SES292	-0.762505	-71.9032	-71.1407
BLOCK29/SES292/SA292S22	SES292	-0.446152	-67.5917	-67.1456
BLOCK29/SES292/SA292S24	SES292	-0.656853	-70.0768	-69.4199
BLOCK29/SES292/SA292S27	SES292	-0.549522	-67.8378	-67.2883
BLOCK00/SES001/SA001S14	SES062	-0.852997	-68.1094	-67.2564
BLOCK00/SES001/SA001S14	SES082	-0.526436	-67.7829	-67.2564
BLOCK00/SES001/SA001S14	SES106	-0.17202	-67.4285	-67.2564
BLOCK00/SES001/SA001S14	SES206	-1.09158	-68.348	-67.2564
BLOCK00/SES001/SA001S15	SES062	-0.821991	-66.2614	-65.4394
BLOCK00/SES001/SA001S15	SES104	-0.106827	-65.5463	-65.4394
BLOCK00/SES001/SA001S15	SES106	0.072403	-65.367	-65.4394
BLOCK00/SES001/SA001S15	SES206	-0.848999	-66.2884	-65.4394
BLOCK00/SES001/SA001S24	SES062	-1.09586	-65.196	-64.1001
BLOCK00/SES001/SA001S24	SES082	-1.41908	-65.5192	-64.1001
BLOCK00/SES001/SA001S24	SES087	-1.21412	-65.3143	-64.1001
BLOCK00/SES001/SA001S24	SES206	-0.853584	-64.9537	-64.1001
BLOCK00/SES001/SA001S27	SES062	-1.0462	-67.173	-66.1268
BLOCK00/SES001/SA001S27	SES082	-0.954483	-67.0813	-66.1268
BLOCK00/SES001/SA001S27	SES087	-0.822418	-66.9493	-66.1268
BLOCK00/SES001/SA001S27	SES206	-1.18111	-67.3079	-66.1268
BLOCK00/SES001/SA001S29	SES062	-1.0815	-68.8017	-67.7202
BLOCK00/SES001/SA001S29	SES082	-0.546112	-68.2663	-67.7202
BLOCK00/SES001/SA001S29	SES158	0.546227	-67.174	-67.7202
BLOCK00/SES001/SA001S29	SES206	-1.07726	-68.7975	-67.7202
BLOCK00/SES003/SA003S11	SES002	-0.285706	-69.6371	-69.3514
BLOCK00/SES003/SA003S11	SES019	-1.2595	-70.6109	-69.3514
BLOCK00/SES003/SA003S11	SES082	0.585487	-68.7659	-69.3514
BLOCK00/SES003/SA003S11	SES125	-0.232262	-69.5836	-69.3514
BLOCK00/SES003/SA003S15	SES016	-1.46217	-67.5122	-66.05
BLOCK00/SES003/SA003S15	SES019	-0.456535	-66.5066	-66.05
BLOCK00/SES003/SA003S15	SES062	-0.632347	-66.6824	-66.05
BLOCK00/SES003/SA003S15	SES206	0.426254	-65.6238	-66.05
BLOCK00/SES003/SA003S22	SES002	0.190956	-66.3824	-66.5733
BLOCK00/SES003/SA003S22	SES062	-0.568291	-67.1416	-66.5733
BLOCK00/SES003/SA003S22	SES082	-0.272011	-66.8453	-66.5733
BLOCK00/SES003/SA003S22	SES087	-0.650208	-67.2235	-66.5733
BLOCK00/SES003/SA003S25	SES062	-1.39361	-74.2229	-72.8293
BLOCK00/SES003/SA003S25	SES082	-1.28942	-74.1187	-72.8293
BLOCK00/SES003/SA003S25	SES087	0.15992	-72.6694	-72.8293
BLOCK00/SES003/SA003S25	SES206	-1.12183	-73.9511	-72.8293
BLOCK00/SES003/SA003S29	SES002	-0.892029	-71.0466	-70.1545
BLOCK00/SES003/SA003S29	SES062	-0.822945	-70.9775	-70.1545
BLOCK00/SES003/SA003S29	SES082	-0.156631	-70.3112	-70.1545
BLOCK00/SES003/SA003S29	SES087	0.0578156	-70.0967	-70.1545
BLOCK00/SES004/SA004S12	SES083	-1.2605	-70.8771	-69.6166
BLOCK00/SES004/SA004S12	SES148	-2.5958	-72.2124	-69.6166
BLOCK00/SES004/SA004S12	SES172	-0.769905	-70.3865	-69.6166
BLOCK00/SES004/SA004S12	SES292	-1.51536	-71.1319	-69.6166
BLOCK00/SES004/SA004S17	SES083	-1.56742	-70.6206	-69.0532
BLOCK00/SES004/SA004S17	SES162	-1.51503	-70.5682	-69.0532
BLOCK00/SES004/SA004S17	SES172	-1.90855	-70.9618	-69.0532
BLOCK00/SES004/SA004S17	SES292	-1.64788	-70.7011	-69.0532
BLOCK00/SES004/SA004S24	SES083	-1.12408	-69.606	-68.4819
BLOCK00/SES004/SA004S24	SES148	-2.16636	-70.6483	-68.4819
BLOCK00/SES004/SA004S24	SES172	-1.20661	-69.6885	-68.4819
BLOCK00/SES004/SA004S24	SES292	-1.16264	-69.6446	-68.4819
BLOCK00/SES004/SA004S26	SES083	-0.90921	-69.0021	-68.0928
BLOCK00/SES004/SA004S26	SES127	-1.09011	-69.183	-68.0928
BLOCK00/SES004/SA004S26	SES148	-2.62585	-70.7187	-68.0928
BLOCK00/SES004/SA004S26	SES292	-1.51765	-69.6105	-68.0928
BLOCK00/SES004/SA004S28	SES083	-2.46824	-72.909	-70.4408
BLOCK00/SES004/SA004S28	SES127	-1.36502	-71.8058	-70.4408
BLOCK00/SES004/SA004S28	SES187	-0.65535	-71.0961	-70.4408
BLOCK00/SES004/SA004S28	SES292	-1.43273	-71.8735	-70.4408
BLOCK00/SES006/SA006S10	SES014	-3.80567	-72.1393	-68.3336
BLOCK00/SES006/SA006S10	SES158	-2.11079	-70.4444	-68.3336
BLOCK00/SES006/SA006S10	SES226	-3.17076	-71.5044	-68.3336
BLOCK00/SES006/SA006S10	SES270	-1.20741	-69.541	-68.3336
BLOCK00/SES006/SA006S11	SES158	-1.57462	-71.532	-69.9573
BLOCK00/SES006/SA006S11	SES226	-1.95506	-71.9124	-69.9573
BLOCK00/SES006/SA006S11	SES270	-0.756432	-70.7138	-69.9573
BLOCK00/SES006/SA006S11	SES275	-1.37241	-71.3298	-69.9573
BLOCK00/SES006/SA006S23	SES062	-1.45302	-71.983	-70.53
BLOCK00/SES006/SA006S23	SES105	-1.5647	-72.0947	-70.53
BLOCK00/SES006/SA006S23	SES158	-2.55341	-73.0834	-70.53
BLOCK00/SES006/SA006S23	SES275	-1.40724	-71.9372	-70.53
BLOCK00/SES006/SA006S26	SES104	-1.344	-72.0347	-70.6907
BLOCK00/SES006/SA006S26	SES158	-0.896568	-71.5873	-70.6907
BLOCK00/SES006/SA006S26	SES270	-0.449226	-71.1399	-70.6907
BLOCK00/SES006/SA006S26	SES275	-1.27505	-71.9658	-70.6907
BLOCK00/SES006/SA006S28	SES007	-0.626373	-69.1413	-68.5149
BLOCK00/SES006/SA006S28	SES105	-0.632553	-69.1475	-68.5149
BLOCK00/SES006/SA006S28	SES158	-0.908142	-69.4231	-68.5149
BLOCK00/SES006/SA006S28	SES275	-0.779121	-69.2941	-68.5149
BLOCK00/SES009/SA009S12	SES083	-1.2954	-69.0773	-67.7819
BLOCK00/SES009/SA009S12	SES148	-2.33746	-70.1194	-67.7819
BLOCK00/SES009/SA009S12	SES177	-2.30824	-70.0902	-67.7819
BLOCK00/SES009/SA009S12	SES292	-0.989082	-68.771	-67.7819
BLOCK00/SES009/SA009S15	SES007	0.0379486	-66.2431	-66.281
BLOCK00/SES009/SA009S15	SES099	-0.839523	-67.1205	-66.281
BLOCK00/SES009/SA009S15	SES148	-2.16005	-68.4411	-66.281
BLOCK00/SES009/SA009S15	SES172	-2.15061	-68.4316	-66.281
BLOCK00/SES009/SA009S24	SES146	-0.917336	-68.8552	-67.9378
BLOCK00/SES009/SA009S24	SES148	-2.16947	-70.1073	-67.9378
BLOCK00/SES009/SA009S24	SES177	-2.11977	-70.0576	-67.9378
BLOCK00/SES009/SA009S24	SES292	-1.3061	-69.2439	-67.9378
BLOCK00/SES009/SA009S26	SES083	-1.81577	-69.3103	-67.4945
BLOCK00/SES009/SA009S26	SES101	-1.57687	-69.0714	-67.4945
BLOCK00/SES009/SA009S26	SES120	-1.36713	-68.8617	-67.4945
BLOCK00/SES009/SA009S26	SES177	-2.45083	-69.9454	-67.4945
BLOCK00/SES009/SA009S29	SES083	-1.64861	-69.6416	-67.993
BLOCK00/SES009/SA009S29	SES101	-1.53386	-69.5268	-67.993
BLOCK00/SES009/SA009S29	SES177	-2.24503	-70.238	-67.993
BLOCK00/SES009/SA009S29	SES292	-0.705315	-68.6983	-67.993
BLOCK01/SES011/SA011S10	SES019	-0.481773	-67.6621	-67.1803
BLOCK01/SES011/SA011S10	SES042	0.465103	-66.7152	-67.1803
BLOCK01/SES011/SA011S10	SES082	-0.196823	-67.3772	-67.1803
BLOCK01/SES011/SA011S10	SES206	0.0833282	-67.097	-67.1803
BLOCK01/SES011/SA011S11	SES019	-0.661606	-67.9485	-67.2869
BLOCK01/SES011/SA011S11	SES042	0.307281	-66.9796	-67.2869
BLOCK01/SES011/SA011S11	SES082	-0.652168	-67.939	-67.2869
BLOCK01/SES011/SA011S11	SES206	-0.525681	-67.8126	-67.2869
BLOCK01/SES011/SA011S22	SES019	-0.651497	-68.1276	-67.4761
BLOCK01/SES011/SA011S22	SES042	0.530388	-66.9457	-67.4761
BLOCK01/SES011/SA011S22	SES082	-0.429001	-67.9051	-67.4761
BLOCK01/SES011/SA011S22	SES206	-0.364693	-67.8408	-67.4761
BLOCK01/SES011/SA011S24	SES019	-0.768784	-68.2137	-67.4449
BLOCK01/SES011/SA011S24	SES042	1.28616	-66.1587	-67.4449
BLOCK01/SES011/SA011S24	SES104	0.356873	-67.088	-67.4449
BLOCK01/SES011/SA011S24	SES206	0.67289	-66.772	-67.4449
BLOCK01/SES011/SA011S27	SES082	-0.134735	-68.8228	-68.6881
BLOCK01/SES011/SA011S27	SES087	-1.14632	-69.8344	-68.6881
BLOCK01/SES011/SA011S27	SES125	0.143089	-68.545	-68.6881
BLOCK01/SES011/SA011S27	SES206	-0.462921	-69.151	-68.6881
BLOCK01/SES012/SA012S11	SES007	-0.0128937	-64.2516	-64.2387
BLOCK01/SES012/SA012S11	SES082	-0.67112	-64.9099	-64.2387
BLOCK01/SES012/SA012S11	SES083	-0.993454	-65.2322	-64.2387
BLOCK01/SES012/SA012S11	SES206	-0.00730896	-64.246	-64.2387
BLOCK01/SES012/SA012S14	SES082	0.348526	-65.3238	-65.6723
BLOCK01/SES012/SA012S14	SES087	-0.139969	-65.8123	-65.6723
BLOCK01/SES012/SA012S14	SES206	0.198135	-65.4742	-65.6723
BLOCK01/SES012/SA012S14	SES292	-0.689819	-66.3621	-65.6723
BLOCK01/SES012/SA012S24	SES082	-0.754898	-68.2694	-67.5145
BLOCK01/SES012/SA012S24	SES087	-1.43705	-68.9515	-67.5145
BLOCK01/SES012/SA012S24	SES120	-1.88517	-69.3997	-67.5145
BLOCK01/SES012/SA012S24	SES206	-1.04317	-68.5577	-67.5145
BLOCK01/SES012/SA012S26	SES019	-1.86141	-68.0112	-66.1497
BLOCK01/SES012/SA012S26	SES082	-0.569969	-66.7197	-66.1497
BLOCK01/SES012/SA012S26	SES206	0.280586	-65.8692	-66.1497
BLOCK01/SES012/SA012S26	SES292	-0.514542	-66.6643	-66.1497
BLOCK01/SES012/SA012S29	SES062	-1.26656	-66.1143	-64.8478
BLOCK01/SES012/SA012S29	SES082	-1.50248	-66.3502	-64.8478
BLOCK01/SES012/SA012S29	SES083	-1.14533	-65.9931	-64.8478
BLOCK01/SES012/SA012S29	SES206	-0.29805	-65.1458	-64.8478
BLOCK01/SES013/SA013S16	SES062	-0.817108	-70.938	-70.1209
BLOCK01/SES013/SA013S16	SES106	-1.2658	-71.3867	-70.1209
BLOCK01/SES013/SA013S16	SES206	-1.21951	-71.3404	-70.1209
BLOCK01/SES013/SA013S16	SES226	-0.0477905	-70.1687	-70.1209
BLOCK01/SES013/SA013S17	SES062	-0.826439	-70.7707	-69.9443
BLOCK01/SES013/SA013S17	SES106	-1.78111	-71.7254	-69.9443
BLOCK01/SES013/SA013S17	SES206	-0.470955	-70.4152	-69.9443
BLOCK01/SES013/SA013S17	SES226	0.30072	-69.6436	-69.9443
BLOCK01/SES013/SA013S23	SES104	-0.638802	-71.3683	-70.7295
BLOCK01/SES013/SA013S23	SES106	-0.746841	-71.4764	-70.7295
BLOCK01/SES013/SA013S23	SES206	-1.75535	-72.4849	-70.7295
BLOCK01/SES013/SA013S23	SES270	-0.446274	-71.1758	-70.7295
BLOCK01/SES013/SA013S25	SES042	-1.10696	-68.971	-67.8641
BLOCK01/SES013/SA013S25	SES104	-0.0664062	-67.9305	-67.8641
BLOCK01/SES013/SA013S25	SES106	-0.192055	-68.0561	-67.8641
BLOCK01/SES013/SA013S25	SES206	-0.759995	-68.6241	-67.8641
BLOCK01/SES013/SA013S29	SES062	-0.840492	-70.3048	-69.4643
BLOCK01/SES013/SA013S29	SES104	-0.835892	-70.3002	-69.4643
BLOCK01/SES013/SA013S29	SES106	-0.743111	-70.2074	-69.4643
BLOCK01/SES013/SA013S29	SES206	-1.71966	-71.184	-69.4643
BLOCK02/SES021/SA021S13	SES016	-1.31637	-67.7089	-66.3926
BLOCK02/SES021/SA021S13	SES029	-1.94755	-68.3401	-66.3926
BLOCK02/SES021/SA021S13	SES087	-0.536057	-66.9286	-66.3926
BLOCK02/SES021/SA021S13	SES206	-0.630074	-67.0226	-66.3926
BLOCK02/SES021/SA021S15	SES087	0.507217	-66.4366	-66.9438
BLOCK02/SES021/SA021S15	SES125	1.45351	-65.4903	-66.9438
BLOCK02/SES021/SA021S15	SES206	0.263321	-66.6805	-66.9438
BLOCK02/SES021/SA021S15	SES226	0.158073	-66.7858	-66.9438
BLOCK02/SES021/SA021S23	SES062	-1.65108	-72.3492	-70.6982
BLOCK02/SES021/SA021S23	SES087	0.0773315	-70.6208	-70.6982
BLOCK02/SES021/SA021S23	SES206	-0.505424	-71.2036	-70.6982
BLOCK02/SES021/SA021S23	SES226	0.200279	-70.4979	-70.6982
BLOCK02/SES021/SA021S27	SES002	-1.29625	-70.3187	-69.0224
BLOCK02/SES021/SA021S27	SES016	-3.06971	-72.0922	-69.0224
BLOCK02/SES021/SA021S27	SES019	-1.5231	-70.5455	-69.0224
BLOCK02/SES021/SA021S27	SES062	-0.497726	-69.5202	-69.0224
BLOCK02/SES021/SA021S29	SES087	0.282936	-70.3612	-70.6442
BLOCK02/SES021/SA021S29	SES125	-0.283623	-70.9278	-70.6442
BLOCK02/SES021/SA021S29	SES206	-0.120018	-70.7642	-70.6442
BLOCK02/SES021/SA021S29	SES226	0.0291214	-70.615	-70.6442
BLOCK04/SES043/SA043S09	SES083	-1.2702	-68.4503	-67.1801
BLOCK04/SES043/SA043S09	SES101	-1.44554	-68.6257	-67.1801
BLOCK04/SES043/SA043S09	SES144	-0.220741	-67.4009	-67.1801
BLOCK04/SES043/SA043S09	SES172	-2.19967	-69.3798	-67.1801
BLOCK04/SES043/SA043S11	SES083	-0.257195	-65.6861	-65.4289
BLOCK04/SES043/SA043S11	SES101	-1.57109	-67	-65.4289
BLOCK04/SES043/SA043S11	SES144	-0.952774	-66.3817	-65.4289
BLOCK04/SES043/SA043S11	SES172	-1.53512	-66.964	-65.4289
BLOCK04/SES043/SA043S23	SES083	-1.01321	-68.9881	-67.9749
BLOCK04/SES043/SA043S23	SES144	-0.214821	-68.1897	-67.9749
BLOCK04/SES043/SA043S23	SES177	-1.67906	-69.654	-67.9749
BLOCK04/SES043/SA043S23	SES275	-0.697052	-68.672	-67.9749
BLOCK04/SES043/SA043S26	SES083	-0.151611	-66.6395	-66.4879
BLOCK04/SES043/SA043S26	SES101	-1.18661	-67.6745	-66.4879
BLOCK04/SES043/SA043S26	SES144	-0.251389	-66.7393	-66.4879
BLOCK04/SES043/SA043S26	SES177	-1.11069	-67.5986	-66.4879
BLOCK04/SES043/SA043S28	SES016	-1.02567	-67.8568	-66.8311
BLOCK04/SES043/SA043S28	SES083	-0.486626	-67.3177	-66.8311
BLOCK04/SES043/SA043S28	SES101	-0.766792	-67.5979	-66.8311
BLOCK04/SES043/SA043S28	SES144	-1.00063	-67.8317	-66.8311
BLOCK04/SES044/SA044S10	SES127	-1.5018	-71.3556	-69.8538
BLOCK04/SES044/SA044S10	SES144	-0.651901	-70.5057	-69.8538
BLOCK04/SES044/SA044S10	SES147	-1.45321	-71.307	-69.8538
BLOCK04/SES044/SA044S10	SES148	-2.29021	-72.144	-69.8538
BLOCK04/SES044/SA044S11	SES101	-1.32092	-69.1127	-67.7918
BLOCK04/SES044/SA044S11	SES144	-0.183922	-67.9757	-67.7918
BLOCK04/SES044/SA044S11	SES147	-0.535812	-68.3276	-67.7918
BLOCK04/SES044/SA044S11	SES177	-1.03147	-68.8232	-67.7918
BLOCK04/SES044/SA044S24	SES007	-1.37325	-68.6882	-67.315
BLOCK04/SES044/SA044S24	SES101	-0.77478	-68.0897	-67.315
BLOCK04/SES044/SA044S24	SES147	-1.70493	-69.0199	-67.315
BLOCK04/SES044/SA044S24	SES177	-1.45071	-68.7657	-67.315
BLOCK04/SES044/SA044S26	SES007	-1.80751	-69.0899	-67.2824
BLOCK04/SES044/SA044S26	SES016	-1.06493	-68.3473	-67.2824
BLOCK04/SES044/SA044S26	SES101	-1.17779	-68.4602	-67.2824
BLOCK04/SES044/SA044S26	SES147	-0.90023	-68.1826	-67.2824
BLOCK04/SES044/SA044S29	SES007	-1.34161	-67.3141	-65.9725
BLOCK04/SES044/SA044S29	SES101	-0.958221	-66.9307	-65.9725
BLOCK04/SES044/SA044S29	SES147	-1.13379	-67.1063	-65.9725
BLOCK04/SES044/SA044S29	SES177	-0.820839	-66.7934	-65.9725
BLOCK04/SES046/SA046S13	SES101	-1.46992	-73.1387	-71.6688
BLOCK04/SES046/SA046S13	SES144	-1.01811	-72.6869	-71.6688
BLOCK04/SES046/SA046S13	SES147	-0.751038	-72.4198	-71.6688
BLOCK04/SES046/SA046S13	SES177	-1.33685	-73.0057	-71.6688
BLOCK04/SES046/SA046S15	SES048	-1.73766	-68.1362	-66.3986
BLOCK04/SES046/SA046S15	SES083	-0.362663	-66.7612	-66.3986
BLOCK04/SES046/SA046S15	SES120	-0.854424	-67.253	-66.3986
BLOCK04/SES046/SA046S15	SES148	-2.01541	-68.414	-66.3986
BLOCK04/SES046/SA046S22	SES101	-1.16055	-69.5787	-68.4181
BLOCK04/SES046/SA046S22	SES144	-0.794701	-69.2128	-68.4181
BLOCK04/SES046/SA046S22	SES147	-0.570259	-68.9884	-68.4181
BLOCK04/SES046/SA046S22	SES172	-0.297386	-68.7155	-68.4181
BLOCK04/SES046/SA046S25	SES083	-0.97274	-66.9554	-65.9826
BLOCK04/SES046/SA046S25	SES127	-1.18459	-67.1672	-65.9826
BLOCK04/SES046/SA046S25	SES144	-1.09574	-67.0784	-65.9826
BLOCK04/SES046/SA046S25	SES148	-3.1999	-69.1825	-65.9826
BLOCK04/SES046/SA046S28	SES007	-0.802376	-70.1993	-69.3969
BLOCK04/SES046/SA046S28	SES105	-2.15204	-71.549	-69.3969
BLOCK04/SES046/SA046S28	SES147	-1.10603	-70.503	-69.3969
BLOCK04/SES046/SA046S28	SES148	-2.22578	-71.6227	-69.3969
BLOCK04/SES049/SA049S16	SES104	-2.00906	-75.3188	-73.3097
BLOCK04/SES049/SA049S16	SES106	-13.0216	-86.3314	-73.3097
BLOCK04/SES049/SA049S16	SES120	-1.49373	-74.8035	-73.3097
BLOCK04/SES049/SA049S16	SES206	-1.78402	-75.0938	-73.3097
BLOCK04/SES049/SA049S18	SES099	0.754196	-70.062	-70.8162
BLOCK04/SES049/SA049S18	SES104	-1.19267	-72.0088	-70.8162
BLOCK04/SES049/SA049S18	SES125	-1.40288	-72.219	-70.8162
BLOCK04/SES049/SA049S18	SES206	-1.49148	-72.3076	-70.8162
BLOCK04/SES049/SA049S25	SES087	-0.913063	-71.9786	-71.0655
BLOCK04/SES049/SA049S25	SES104	-0.231628	-71.2971	-71.0655
BLOCK04/SES049/SA049S25	SES125	-0.141922	-71.2074	-71.0655
BLOCK04/SES049/SA049S25	SES206	-0.936859	-72.0023	-71.0655
BLOCK04/SES049/SA049S27	SES099	0.018158	-70.9045	-70.9227
BLOCK04/SES049/SA049S27	SES104	-0.464905	-71.3876	-70.9227
BLOCK04/SES049/SA049S27	SES125	-0.30748	-71.2301	-70.9227
BLOCK04/SES049/SA049S27	SES206	-1.22832	-72.151	-70.9227
BLOCK04/SES049/SA049S29	SES099	0.872009	-69.1431	-70.0151
BLOCK04/SES049/SA049S29	SES104	0.402267	-69.6129	-70.0151
BLOCK04/SES049/SA049S29	SES125	-0.0104294	-70.0256	-70.0151
BLOCK04/SES049/SA049S29	SES206	0.0667953	-69.9483	-70.0151
BLOCK06/SES063/SA063S09	SES068	-1.33757	-69.5253	-68.1877
BLOCK06/SES063/SA063S09	SES083	-1.20933	-69.397	-68.1877
BLOCK06/SES063/SA063S09	SES177	-1.10392	-69.2916	-68.1877
BLOCK06/SES063/SA063S09	SES187	-0.980484	-69.1682	-68.1877
BLOCK06/SES063/SA063S10	SES068	-1.06005	-68.8865	-67.8265
BLOCK06/SES063/SA063S10	SES083	-1.48263	-69.3091	-67.8265
BLOCK06/SES063/SA063S10	SES172	0.0675201	-67.7589	-67.8265
BLOCK06/SES063/SA063S10	SES187	-0.844353	-68.6708	-67.8265
BLOCK06/SES063/SA063S20	SES068	-1.72808	-69.9579	-68.2298
BLOCK06/SES063/SA063S20	SES083	-1.05433	-69.2842	-68.2298
BLOCK06/SES063/SA063S20	SES172	-0.332062	-68.5619	-68.2298
BLOCK06/SES063/SA063S20	SES187	-0.150963	-68.3808	-68.2298
BLOCK06/SES063/SA063S24	SES029	-1.88654	-68.4322	-66.5456
BLOCK06/SES063/SA063S24	SES083	-1.00971	-67.5554	-66.5456
BLOCK06/SES063/SA063S24	SES177	-0.269913	-66.8156	-66.5456
BLOCK06/SES063/SA063S24	SES189	-3.50767	-70.0533	-66.5456
BLOCK06/SES063/SA063S27	SES083	-0.1576	-67.8718	-67.7142
BLOCK06/SES063/SA063S27	SES172	-0.0585098	-67.7727	-67.7142
BLOCK06/SES063/SA063S27	SES187	-0.144989	-67.8592	-67.7142
BLOCK06/SES063/SA063S27	SES292	-0.834564	-68.5488	-67.7142
BLOCK06/SES067/SA067S12	SES083	-1.70215	-69.1159	-67.4137
BLOCK06/SES067/SA067S12	SES172	-2.0508	-69.4645	-67.4137
BLOCK06/SES067/SA067S12	SES202	-0.787209	-68.201	-67.4137
BLOCK06/SES067/SA067S12	SES292	-1.64718	-69.0609	-67.4137
BLOCK06/SES067/SA067S14	SES085	-1.48274	-67.9649	-66.4822
BLOCK06/SES067/SA067S14	SES177	-2.12196	-68.6042	-66.4822
BLOCK06/SES067/SA067S14	SES183	-0.224625	-66.7068	-66.4822
BLOCK06/SES067/SA067S14	SES202	-1.67458	-68.1568	-66.4822
BLOCK06/SES067/SA067S21	SES144	-0.00498199	-69.9508	-69.9458
BLOCK06/SES067/SA067S21	SES177	-0.816986	-70.7628	-69.9458
BLOCK06/SES067/SA067S21	SES183	-1.39426	-71.3401	-69.9458
BLOCK06/SES067/SA067S21	SES189	-0.849197	-70.795	-69.9458
BLOCK06/SES067/SA067S25	SES085	-1.58528	-68.689	-67.1037
BLOCK06/SES067/SA067S25	SES177	-0.187073	-67.2907	-67.1037
BLOCK06/SES067/SA067S25	SES183	-0.489029	-67.5927	-67.1037
BLOCK06/SES067/SA067S25	SES202	0.0906525	-67.013	-67.1037
BLOCK06/SES067/SA067S29	SES085	-0.944939	-70.0173	-69.0724
BLOCK06/SES067/SA067S29	SES177	-0.95829	-70.0307	-69.0724
BLOCK06/SES067/SA067S29	SES183	-0.428299	-69.5007	-69.0724
BLOCK06/SES067/SA067S29	SES202	-0.127556	-69.2	-69.0724
BLOCK06/SES069/SA069S12	SES029	-2.22038	-69.8321	-67.6117
BLOCK06/SES069/SA069S12	SES082	-0.542549	-68.1542	-67.6117
BLOCK06/SES069/SA069S12	SES087	0.401192	-67.2105	-67.6117
BLOCK06/SES069/SA069S12	SES206	-0.295723	-67.9074	-67.6117
BLOCK06/SES069/SA069S13	SES029	-2.02545	-71.9258	-69.9004
BLOCK06/SES069/SA069S13	SES087	-0.466705	-70.3671	-69.9004
BLOCK06/SES069/SA069S13	SES206	-0.688797	-70.5892	-69.9004
BLOCK06/SES069/SA069S13	SES226	-0.75087	-70.6513	-69.9004
BLOCK06/SES069/SA069S23	SES029	-1.42059	-68.1371	-66.7165
BLOCK06/SES069/SA069S23	SES087	0.559311	-66.1572	-66.7165
BLOCK06/SES069/SA069S23	SES206	-1.09343	-67.81	-66.7165
BLOCK06/SES069/SA069S23	SES226	0.33654	-66.38	-66.7165
BLOCK06/SES069/SA069S25	SES087	-0.118996	-67.2517	-67.1327
BLOCK06/SES069/SA069S25	SES206	-0.98082	-68.1135	-67.1327
BLOCK06/SES069/SA069S25	SES226	-0.432861	-67.5655	-67.1327
BLOCK06/SES069/SA069S25	SES270	-1.33128	-68.464	-67.1327
BLOCK06/SES069/SA069S27	SES087	0.0916977	-67.9721	-68.0638
BLOCK06/SES069/SA069S27	SES206	-0.407799	-68.4716	-68.0638
BLOCK06/SES069/SA069S27	SES226	0.145927	-67.9178	-68.0638
BLOCK06/SES069/SA069S27	SES270	-0.217682	-68.2814	-68.0638
BLOCK08/SES081/SA081S11	SES060	-0.9552	-71.4139	-70.4587
BLOCK08/SES081/SA081S11	SES062	-2.25355	-72.7123	-70.4587
BLOCK08/SES081/SA081S11	SES117	-1.05859	-71.5173	-70.4587
BLOCK08/SES081/SA081S11	SES162	-0.56691	-71.0256	-70.4587
BLOCK08/SES081/SA081S13	SES016	-0.224213	-66.9498	-66.7256
BLOCK08/SES081/SA081S13	SES060	0.184502	-66.5411	-66.7256
BLOCK08/SES081/SA081S13	SES068	-0.494827	-67.2204	-66.7256
BLOCK08/SES081/SA081S13	SES129	-1.09265	-67.8182	-66.7256
BLOCK08/SES081/SA081S24	SES060	-1.44375	-71.0734	-69.6297
BLOCK08/SES081/SA081S24	SES068	-1.02256	-70.6523	-69.6297
BLOCK08/SES081/SA081S24	SES117	-1.49783	-71.1275	-69.6297
BLOCK08/SES081/SA081S24	SES275	-2.00179	-71.6315	-69.6297
BLOCK08/SES081/SA081S27	SES007	-1.2448	-69.6219	-68.3771
BLOCK08/SES081/SA081S27	SES060	-0.471245	-68.8484	-68.3771
BLOCK08/SES081/SA081S27	SES117	0.0199814	-68.3571	-68.3771
BLOCK08/SES081/SA081S27	SES275	-1.65443	-70.0316	-68.3771
BLOCK08/SES081/SA081S29	SES007	-1.08403	-68.67	-67.586
BLOCK08/SES081/SA081S29	SES060	0.248703	-67.3373	-67.586
BLOCK08/SES081/SA081S29	SES117	-0.227386	-67.8134	-67.586
BLOCK08/SES081/SA081S29	SES275	-1.63364	-69.2196	-67.586
BLOCK08/SES086/SA086S11	SES029	-1.83787	-72.0718	-70.2339
BLOCK08/SES086/SA086S11	SES082	-1.5927	-71.8266	-70.2339
BLOCK08/SES086/SA086S11	SES087	-0.415321	-70.6493	-70.2339
BLOCK08/SES086/SA086S11	SES206	-1.3823	-71.6162	-70.2339
BLOCK08/SES086/SA086S12	SES029	-1.51166	-69.9109	-68.3992
BLOCK08/SES086/SA086S12	SES082	-0.690582	-69.0898	-68.3992
BLOCK08/SES086/SA086S12	SES087	0.0658569	-68.3333	-68.3992
BLOCK08/SES086/SA086S12	SES206	-1.16682	-69.566	-68.3992
BLOCK08/SES086/SA086S20	SES029	-2.63107	-69.4564	-66.8253
BLOCK08/SES086/SA086S20	SES082	-0.41626	-67.2416	-66.8253
BLOCK08/SES086/SA086S20	SES087	0.703346	-66.122	-66.8253
BLOCK08/SES086/SA086S20	SES206	-0.121277	-66.9466	-66.8253
BLOCK08/SES086/SA086S24	SES087	-0.123535	-67.5682	-67.4447
BLOCK08/SES086/SA086S24	SES104	-0.409813	-67.8545	-67.4447
BLOCK08/SES086/SA086S24	SES120	-1.03018	-68.4748	-67.4447
BLOCK08/SES086/SA086S24	SES206	-0.0967255	-67.5414	-67.4447
BLOCK08/SES086/SA086S28	SES029	-1.86756	-67.8902	-66.0227
BLOCK08/SES086/SA086S28	SES082	-0.619316	-66.642	-66.0227
BLOCK08/SES086/SA086S28	SES087	0.00970459	-66.013	-66.0227
BLOCK08/SES086/SA086S28	SES206	-0.300247	-66.3229	-66.0227
BLOCK08/SES089/SA089S13	SES087	-0.242554	-70.4932	-70.2506
BLOCK08/SES089/SA089S13	SES206	-0.534523	-70.7851	-70.2506
BLOCK08/SES089/SA089S13	SES226	-0.0256271	-70.2763	-70.2506
BLOCK08/SES089/SA089S13	SES270	-0.605614	-70.8562	-70.2506
BLOCK08/SES089/SA089S14	SES062	-0.903389	-70.7707	-69.8673
BLOCK08/SES089/SA089S14	SES087	0.271103	-69.5962	-69.8673
BLOCK08/SES089/SA089S14	SES206	-0.117973	-69.9853	-69.8673
BLOCK08/SES089/SA089S14	SES226	-0.205818	-70.0731	-69.8673
BLOCK08/SES089/SA089S23	SES087	0.316368	-70.8571	-71.1735
BLOCK08/SES089/SA089S23	SES206	-0.977043	-72.1505	-71.1735
BLOCK08/SES089/SA089S23	SES226	-0.612946	-71.7864	-71.1735
BLOCK08/SES089/SA089S23	SES270	-1.09405	-72.2675	-71.1735
BLOCK08/SES089/SA089S25	SES062	-1.07997	-70.5753	-69.4954
BLOCK08/SES089/SA089S25	SES087	1.25238	-68.243	-69.4954
BLOCK08/SES089/SA089S25	SES206	-1.07195	-70.5673	-69.4954
BLOCK08/SES089/SA089S25	SES226	0.823349	-68.672	-69.4954
BLOCK08/SES089/SA089S28	SES062	-1.25663	-71.6092	-70.3525
BLOCK08/SES089/SA089S28	SES087	0.111763	-70.2408	-70.3525
BLOCK08/SES089/SA089S28	SES206	-0.287796	-70.6403	-70.3525
BLOCK08/SES089/SA089S28	SES226	0.176353	-70.1762	-70.3525
BLOCK09/SES097/SA097S11	SES099	0.167038	-71.537	-71.704
BLOCK09/SES097/SA097S11	SES125	-1.32976	-73.0338	-71.704
BLOCK09/SES097/SA097S11	SES206	-3.22697	-74.931	-71.704
BLOCK09/SES097/SA097S11	SES226	-0.159653	-71.8636	-71.704
BLOCK09/SES097/SA097S14	SES062	-0.858871	-74.4115	-73.5527
BLOCK09/SES097/SA097S14	SES099	-0.402504	-73.9552	-73.5527
BLOCK09/SES097/SA097S14	SES104	-1.4193	-74.9719	-73.5527
BLOCK09/SES097/SA097S14	SES206	-2.56023	-76.1129	-73.5527
BLOCK09/SES097/SA097S22	SES099	0.539505	-72.9559	-73.4954
BLOCK09/SES097/SA097S22	SES206	-1.88611	-75.3815	-73.4954
BLOCK09/SES097/SA097S22	SES226	-0.387062	-73.8825	-73.4954
BLOCK09/SES097/SA097S22	SES270	-0.283768	-73.7792	-73.4954
BLOCK09/SES097/SA097S26	SES099	0.36187	-71.3728	-71.7347
BLOCK09/SES097/SA097S26	SES120	-0.874352	-72.609	-71.7347
BLOCK09/SES097/SA097S26	SES206	-1.82059	-73.5553	-71.7347
BLOCK09/SES097/SA097S26	SES226	-1.10011	-72.8348	-71.7347
BLOCK09/SES097/SA097S28	SES099	0.890198	-69.4311	-70.3213
BLOCK09/SES097/SA097S28	SES120	-1.02686	-71.3481	-70.3213
BLOCK09/SES097/SA097S28	SES206	-1.78173	-72.103	-70.3213
BLOCK09/SES097/SA097S28	SES226	-0.568359	-70.8896	-70.3213
BLOCK09/SES098/SA098S11	SES127	-1.71603	-71.0086	-69.2925
BLOCK09/SES098/SA098S11	SES144	-0.906822	-70.1993	-69.2925
BLOCK09/SES098/SA098S11	SES147	-0.671021	-69.9635	-69.2925
BLOCK09/SES098/SA098S11	SES148	-4.05328	-73.3458	-69.2925
BLOCK09/SES098/SA098S12	SES127	-2.84657	-75.8625	-73.0159
BLOCK09/SES098/SA098S12	SES144	-1.93774	-74.9537	-73.0159
BLOCK09/SES098/SA098S12	SES147	-0.799957	-73.8159	-73.0159
BLOCK09/SES098/SA098S12	SES189	-1.80818	-74.8241	-73.0159
BLOCK09/SES098/SA098S20	SES127	-2.44257	-75.1996	-72.757
BLOCK09/SES098/SA098S20	SES147	0.100426	-72.6566	-72.757
BLOCK09/SES098/SA098S20	SES148	-2.92056	-75.6776	-72.757
BLOCK09/SES098/SA098S20	SES292	-1.73495	-74.492	-72.757
BLOCK09/SES098/SA098S23	SES127	-1.13048	-71.1776	-70.0471
BLOCK09/SES098/SA098S23	SES147	-0.0814056	-70.1285	-70.0471
BLOCK09/SES098/SA098S23	SES187	0.0855255	-69.9616	-70.0471
BLOCK09/SES098/SA098S23	SES292	-1.48002	-71.5272	-70.0471
BLOCK09/SES098/SA098S27	SES127	-2.58559	-73.9707	-71.3851
BLOCK09/SES098/SA098S27	SES147	-0.713852	-72.099	-71.3851
BLOCK09/SES098/SA098S27	SES148	-3.27102	-74.6561	-71.3851
BLOCK09/SES098/SA098S27	SES292	-1.60107	-72.9862	-71.3851
BLOCK10/SES102/SA102S13	SES101	-1.28935	-70.0974	-68.808
BLOCK10/SES102/SA102S13	SES105	-1.77894	-70.587	-68.808
BLOCK10/SES102/SA102S13	SES120	-1.27144	-70.0795	-68.808
BLOCK10/SES102/SA102S13	SES158	-3.3824	-72.1904	-68.808
BLOCK10/SES102/SA102S14	SES007	0.383041	-65.6296	-66.0126
BLOCK10/SES102/SA102S14	SES101	-0.311516	-66.3241	-66.0126
BLOCK10/SES102/SA102S14	SES105	-0.618088	-66.6307	-66.0126
BLOCK10/SES102/SA102S14	SES147	-1.43671	-67.4493	-66.0126
BLOCK10/SES102/SA102S22	SES007	-0.434341	-65.5302	-65.0958
BLOCK10/SES102/SA102S22	SES101	-0.684349	-65.7802	-65.0958
BLOCK10/SES102/SA102S22	SES105	-0.370888	-65.4667	-65.0958
BLOCK10/SES102/SA102S22	SES158	-0.707344	-65.8032	-65.0958
BLOCK10/SES102/SA102S25	SES007	-0.135963	-65.906	-65.77
BLOCK10/SES102/SA102S25	SES101	-0.658836	-66.4288	-65.77
BLOCK10/SES102/SA102S25	SES105	-0.497253	-66.2673	-65.77
BLOCK10/SES102/SA102S25	SES147	-2.41231	-68.1823	-65.77
BLOCK10/SES102/SA102S27	SES007	-0.910217	-70.861	-69.9508
BLOCK10/SES102/SA102S27	SES101	-1.06149	-71.0123	-69.9508
BLOCK10/SES102/SA102S27	SES105	-1.46042	-71.4112	-69.9508
BLOCK10/SES102/SA102S27	SES147	-1.43517	-71.386	-69.9508
BLOCK10/SES103/SA103S14	SES105	-0.593925	-66.8263	-66.2324
BLOCK10/SES103/SA103S14	SES106	-1.30385	-67.5362	-66.2324
BLOCK10/SES103/SA103S14	SES120	-1.61713	-67.8495	-66.2324
BLOCK10/SES103/SA103S14	SES206	-1.145	-67.3774	-66.2324
BLOCK10/SES103/SA103S15	SES099	-0.991661	-72.8108	-71.8192
BLOCK10/SES103/SA103S15	SES101	-3.12091	-74.9401	-71.8192
BLOCK10/SES103/SA103S15	SES104	-0.805817	-72.625	-71.8192
BLOCK10/SES103/SA103S15	SES125	-1.73185	-73.551	-71.8192
BLOCK10/SES103/SA103S24	SES104	-0.613655	-68.1867	-67.573
BLOCK10/SES103/SA103S24	SES125	-0.792313	-68.3653	-67.573
BLOCK10/SES103/SA103S24	SES148	-2.47885	-70.0519	-67.573
BLOCK10/SES103/SA103S24	SES158	-0.386902	-67.9599	-67.573
BLOCK10/SES103/SA103S26	SES104	-0.935684	-68.6567	-67.721
BLOCK10/SES103/SA103S26	SES106	-0.854546	-68.5755	-67.721
BLOCK10/SES103/SA103S26	SES125	-0.829224	-68.5502	-67.721
BLOCK10/SES103/SA103S26	SES148	-2.25829	-69.9793	-67.721
BLOCK10/SES103/SA103S28	SES104	-1.50517	-73.2819	-71.7767
BLOCK10/SES103/SA103S28	SES106	-4.67931	-76.456	-71.7767
BLOCK10/SES103/SA103S28	SES125	-1.71595	-73.4927	-71.7767
BLOCK10/SES103/SA103S28	SES206	-1.74915	-73.5259	-71.7767
BLOCK12/SES121/SA121S12	SES042	-1.21062	-68.5017	-67.2911
BLOCK12/SES121/SA121S12	SES087	-1.62466	-68.9157	-67.2911
BLOCK12/SES121/SA121S12	SES105	-0.21315	-67.5042	-67.2911
BLOCK12/SES121/SA121S12	SES206	-0.696144	-67.9872	-67.2911
BLOCK12/SES121/SA121S14	SES007	-0.701111	-68.1678	-67.4667
BLOCK12/SES121/SA121S14	SES105	-0.1819	-67.6486	-67.4667
BLOCK12/SES121/SA121S14	SES106	-0.309479	-67.7762	-67.4667
BLOCK12/SES121/SA121S14	SES206	-0.406441	-67.8732	-67.4667
BLOCK12/SES121/SA121S23	SES105	-0.962044	-69.4924	-68.5303
BLOCK12/SES121/SA121S23	SES106	-0.610718	-69.141	-68.5303
BLOCK12/SES121/SA121S23	SES120	-1.96894	-70.4993	-68.5303
BLOCK12/SES121/SA121S23	SES206	-0.470047	-69.0004	-68.5303
BLOCK12/SES121/SA121S25	SES007	-0.66658	-67.8776	-67.2111
BLOCK12/SES121/SA121S25	SES105	-0.467743	-67.6788	-67.2111
BLOCK12/SES121/SA121S25	SES106	0.285133	-66.9259	-67.2111
BLOCK12/SES121/SA121S25	SES206	-0.492516	-67.7036	-67.2111
BLOCK12/SES121/SA121S27	SES087	-0.330101	-68.9269	-68.5968
BLOCK12/SES121/SA121S27	SES105	-0.748611	-69.3454	-68.5968
BLOCK12/SES121/SA121S27	SES120	-0.815674	-69.4125	-68.5968
BLOCK12/SES121/SA121S27	SES206	-0.0772324	-68.674	-68.5968
BLOCK12/SES124/SA124S16	SES042	0.0532303	-64.5114	-64.5646
BLOCK12/SES124/SA124S16	SES082	-0.862602	-65.4272	-64.5646
BLOCK12/SES124/SA124S16	SES183	-1.66018	-66.2248	-64.5646
BLOCK12/SES124/SA124S16	SES206	-1.09969	-65.6643	-64.5646
BLOCK12/SES124/SA124S17	SES105	-0.301262	-67.4859	-67.1847
BLOCK12/SES124/SA124S17	SES149	-0.971069	-68.1557	-67.1847
BLOCK12/SES124/SA124S17	SES158	-0.101807	-67.2865	-67.1847
BLOCK12/SES124/SA124S17	SES275	-0.186752	-67.3714	-67.1847
BLOCK12/SES124/SA124S23	SES105	-1.04993	-66.5568	-65.5069
BLOCK12/SES124/SA124S23	SES125	0.877533	-64.6293	-65.5069
BLOCK12/SES124/SA124S23	SES129	-1.12297	-66.6298	-65.5069
BLOCK12/SES124/SA124S23	SES158	-0.42041	-65.9273	-65.5069
BLOCK12/SES124/SA124S26	SES105	-0.768486	-68.2155	-67.447
BLOCK12/SES124/SA124S26	SES125	0.696312	-66.7507	-67.447
BLOCK12/SES124/SA124S26	SES129	-1.40556	-68.8525	-67.447
BLOCK12/SES124/SA124S26	SES158	-0.238487	-67.6855	-67.447
BLOCK12/SES124/SA124S28	SES104	0.077652	-65.3363	-65.414
BLOCK12/SES124/SA124S28	SES106	0.211868	-65.2021	-65.414
BLOCK12/SES124/SA124S28	SES125	0.701035	-64.7129	-65.414
BLOCK12/SES124/SA124S28	SES275	-1.48218	-66.8961	-65.414
BLOCK12/SES126/SA126S13	SES007	-1.53654	-71.3962	-69.8597
BLOCK12/SES126/SA126S13	SES162	-0.22924	-70.0889	-69.8597
BLOCK12/SES126/SA126S13	SES177	-0.632309	-70.492	-69.8597
BLOCK12/SES126/SA126S13	SES180	-0.12323	-69.9829	-69.8597
BLOCK12/SES126/SA126S14	SES144	-0.395683	-68.0696	-67.674
BLOCK12/SES126/SA126S14	SES148	-1.74025	-69.4142	-67.674
BLOCK12/SES126/SA126S14	SES177	0.307632	-67.3663	-67.674
BLOCK12/SES126/SA126S14	SES180	0.261986	-67.412	-67.674
BLOCK12/SES126/SA126S20	SES007	-1.65199	-70.222	-68.57
BLOCK12/SES126/SA126S20	SES162	-1.2174	-69.7874	-68.57
BLOCK12/SES126/SA126S20	SES172	-3.67227	-72.2422	-68.57
BLOCK12/SES126/SA126S20	SES180	-0.851685	-69.4217	-68.57
BLOCK12/SES126/SA126S24	SES120	-1.25565	-69.7941	-68.5385
BLOCK12/SES126/SA126S24	SES162	0.196037	-68.3424	-68.5385
BLOCK12/SES126/SA126S24	SES177	-0.617554	-69.156	-68.5385
BLOCK12/SES126/SA126S24	SES180	0.868584	-67.6699	-68.5385
BLOCK12/SES126/SA126S26	SES120	-0.650551	-69.4313	-68.7808
BLOCK12/SES126/SA126S26	SES177	-0.478127	-69.2589	-68.7808
BLOCK12/SES126/SA126S26	SES180	0.383919	-68.3969	-68.7808
BLOCK12/SES126/SA126S26	SES202	-1.02337	-69.8041	-68.7808
BLOCK12/SES128/SA128S10	SES087	-0.828522	-66.2787	-65.4502
BLOCK12/SES128/SA128S10	SES206	-0.884346	-66.3345	-65.4502
BLOCK12/SES128/SA128S10	SES226	-0.946381	-66.3966	-65.4502
BLOCK12/SES128/SA128S10	SES270	-0.266724	-65.7169	-65.4502
BLOCK12/SES128/SA128S12	SES120	-0.911896	-67.4286	-66.5167
BLOCK12/SES128/SA128S12	SES158	-0.38868	-66.9054	-66.5167
BLOCK12/SES128/SA128S12	SES206	0.109924	-66.4068	-66.5167
BLOCK12/SES128/SA128S12	SES226	-0.547592	-67.0643	-66.5167
BLOCK12/SES128/SA128S21	SES106	-2.09225	-73.9641	-71.8718
BLOCK12/SES128/SA128S21	SES120	-0.313789	-72.1856	-71.8718
BLOCK12/SES128/SA128S21	SES206	-1.37981	-73.2516	-71.8718
BLOCK12/SES128/SA128S21	SES226	0.295197	-71.5766	-71.8718
BLOCK12/SES128/SA128S24	SES087	-0.986458	-68.7605	-67.7741
BLOCK12/SES128/SA128S24	SES120	-1.10561	-68.8797	-67.7741
BLOCK12/SES128/SA128S24	SES206	-0.333488	-68.1076	-67.7741
BLOCK12/SES128/SA128S24	SES226	-0.368713	-68.1428	-67.7741
BLOCK12/SES128/SA128S27	SES099	0.838112	-64.9071	-65.7452
BLOCK12/SES128/SA128S27	SES120	-0.798134	-66.5434	-65.7452
BLOCK12/SES128/SA128S27	SES206	-0.159233	-65.9045	-65.7452
BLOCK12/SES128/SA128S27	SES226	0.14798	-65.5973	-65.7452
BLOCK13/SES130/SA130S13	SES143	-2.20567	-72.695	-70.4893
BLOCK13/SES130/SA130S13	SES144	-0.514931	-71.0043	-70.4893
BLOCK13/SES130/SA130S13	SES146	-0.652504	-71.1419	-70.4893
BLOCK13/SES130/SA130S13	SES275	-1.88496	-72.3743	-70.4893
BLOCK13/SES130/SA130S15	SES143	-1.53379	-69.4003	-67.8665
BLOCK13/SES130/SA130S15	SES144	-0.832253	-68.6987	-67.8665
BLOCK13/SES130/SA130S15	SES146	-0.932205	-68.7987	-67.8665
BLOCK13/SES130/SA130S15	SES275	-1.01805	-68.8845	-67.8665
BLOCK13/SES130/SA130S23	SES127	-1.53815	-71.2776	-69.7395
BLOCK13/SES130/SA130S23	SES144	-0.9618	-70.7013	-69.7395
BLOCK13/SES130/SA130S23	SES146	-0.562767	-70.3023	-69.7395
BLOCK13/SES130/SA130S23	SES162	-1.57248	-71.312	-69.7395
BLOCK13/SES130/SA130S25	SES127	-1.72256	-66.3852	-64.6627
BLOCK13/SES130/SA130S25	SES144	-1.0263	-65.689	-64.6627
BLOCK13/SES130/SA130S25	SES146	-0.495232	-65.1579	-64.6627
BLOCK13/SES130/SA130S25	SES275	-0.58033	-65.243	-64.6627
BLOCK13/SES130/SA130S28	SES127	-1.18324	-70.1224	-68.9391
BLOCK13/SES130/SA130S28	SES144	-1.37576	-70.3149	-68.9391
BLOCK13/SES130/SA130S28	SES146	-0.268867	-69.208	-68.9391
BLOCK13/SES130/SA130S28	SES275	-0.711891	-69.651	-68.9391
BLOCK13/SES131/SA131S13	SES002	-1.44492	-69.8564	-68.4114
BLOCK13/SES131/SA131S13	SES007	-1.27405	-69.6855	-68.4114
BLOCK13/SES131/SA131S13	SES099	-0.76918	-69.1806	-68.4114
BLOCK13/SES131/SA131S13	SES105	-0.716805	-69.1282	-68.4114
BLOCK13/SES131/SA131S14	SES104	-0.251602	-66.0279	-65.7763
BLOCK13/SES131/SA131S14	SES106	-1.05463	-66.8309	-65.7763
BLOCK13/SES131/SA131S14	SES125	-1.00262	-66.7789	-65.7763
BLOCK13/SES131/SA131S14	SES148	-1.72736	-67.5036	-65.7763
BLOCK13/SES131/SA131S20	SES104	-1.25469	-72.2381	-70.9834
BLOCK13/SES131/SA131S20	SES106	-2.16483	-73.1483	-70.9834
BLOCK13/SES131/SA131S20	SES125	-2.20189	-73.1853	-70.9834
BLOCK13/SES131/SA131S20	SES148	-2.02048	-73.0039	-70.9834
BLOCK13/SES131/SA131S22	SES099	-0.388008	-65.9746	-65.5865
BLOCK13/SES131/SA131S22	SES104	-0.914902	-66.5014	-65.5865
BLOCK13/SES131/SA131S22	SES125	-1.38525	-66.9718	-65.5865
BLOCK13/SES131/SA131S22	SES206	-1.66977	-67.2563	-65.5865
BLOCK13/SES131/SA131S29	SES087	-1.91978	-70.7432	-68.8234
BLOCK13/SES131/SA131S29	SES104	-1.18948	-70.0129	-68.8234
BLOCK13/SES131/SA131S29	SES125	-1.40173	-70.2251	-68.8234
BLOCK13/SES131/SA131S29	SES206	-2.34443	-71.1678	-68.8234
BLOCK13/SES132/SA132S11	SES083	-0.833534	-66.3502	-65.5167
BLOCK13/SES132/SA132S11	SES120	-0.201302	-65.718	-65.5167
BLOCK13/SES132/SA132S11	SES127	-0.570732	-66.0874	-65.5167
BLOCK13/SES132/SA132S11	SES275	-1.05286	-66.5695	-65.5167
BLOCK13/SES132/SA132S12	SES083	-1.79561	-68.7291	-66.9335
BLOCK13/SES132/SA132S12	SES143	-1.4779	-68.4114	-66.9335
BLOCK13/SES132/SA132S12	SES144	-0.980003	-67.9135	-66.9335
BLOCK13/SES132/SA132S12	SES148	-1.16306	-68.0966	-66.9335
BLOCK13/SES132/SA132S22	SES062	-1.00366	-67.9999	-66.9963
BLOCK13/SES132/SA132S22	SES083	-1.16791	-68.1642	-66.9963
BLOCK13/SES132/SA132S22	SES127	-0.597893	-67.5942	-66.9963
BLOCK13/SES132/SA132S22	SES275	-0.98465	-67.9809	-66.9963
BLOCK13/SES132/SA132S24	SES007	-0.920204	-67.1441	-66.2239
BLOCK13/SES132/SA132S24	SES083	-0.778435	-67.0023	-66.2239
BLOCK13/SES132/SA132S24	SES127	-0.542336	-66.7662	-66.2239
BLOCK13/SES132/SA132S24	SES275	-1.1143	-67.3382	-66.2239
BLOCK13/SES132/SA132S27	SES083	-1.84406	-71.8376	-69.9936
BLOCK13/SES132/SA132S27	SES120	-0.245972	-70.2396	-69.9936
BLOCK13/SES132/SA132S27	SES127	-2.16212	-72.1557	-69.9936
BLOCK13/SES132/SA132S27	SES275	-1.03912	-71.0327	-69.9936
BLOCK14/SES141/SA141S09	SES143	-0.513451	-68.1427	-67.6292
BLOCK14/SES141/SA141S09	SES144	-0.396217	-68.0254	-67.6292
BLOCK14/SES141/SA141S09	SES162	-0.338806	-67.968	-67.6292
BLOCK14/SES141/SA141S09	SES180	-0.165382	-67.7946	-67.6292
BLOCK14/SES141/SA141S15	SES127	0.0332184	-68.588	-68.6212
BLOCK14/SES141/SA141S15	SES144	-0.149643	-68.7709	-68.6212
BLOCK14/SES141/SA141S15	SES162	0.113541	-68.5077	-68.6212
BLOCK14/SES141/SA141S15	SES180	-0.343651	-68.9649	-68.6212
BLOCK14/SES141/SA141S24	SES127	0.468513	-67.4696	-67.9381
BLOCK14/SES141/SA141S24	SES144	-0.505219	-68.4434	-67.9381
BLOCK14/SES141/SA141S24	SES162	0.160263	-67.7779	-67.9381
BLOCK14/SES141/SA141S24	SES183	-1.06571	-69.0038	-67.9381
BLOCK14/SES141/SA141S26	SES142	0.200714	-69.6189	-69.8196
BLOCK14/SES141/SA141S26	SES144	-0.110771	-69.9304	-69.8196
BLOCK14/SES141/SA141S26	SES172	-0.60067	-70.4203	-69.8196
BLOCK14/SES141/SA141S26	SES180	0.437149	-69.3825	-69.8196
BLOCK14/SES141/SA141S29	SES127	0.239235	-66.6608	-66.9001
BLOCK14/SES141/SA141S29	SES142	-0.0293655	-66.9294	-66.9001
BLOCK14/SES141/SA141S29	SES144	-0.506866	-67.4069	-66.9001
BLOCK14/SES141/SA141S29	SES180	0.404541	-66.4955	-66.9001
BLOCK15/SES157/SA157S08	SES083	-1.07646	-69.0855	-68.009
BLOCK15/SES157/SA157S08	SES127	-1.43129	-69.4403	-68.009
BLOCK15/SES157/SA157S08	SES148	-1.50621	-69.5152	-68.009
BLOCK15/SES157/SA157S08	SES292	-1.31168	-69.3207	-68.009
BLOCK15/SES157/SA157S11	SES083	-2.72056	-70.8628	-68.1422
BLOCK15/SES157/SA157S11	SES127	-3.02901	-71.1712	-68.1422
BLOCK15/SES157/SA157S11	SES148	-2.67457	-70.8168	-68.1422
BLOCK15/SES157/SA157S11	SES292	-1.61372	-69.7559	-68.1422
BLOCK15/SES157/SA157S21	SES127	-1.76644	-70.6058	-68.8393
BLOCK15/SES157/SA157S21	SES148	-1.43277	-70.2721	-68.8393
BLOCK15/SES157/SA157S21	SES158	-2.97043	-71.8098	-68.8393
BLOCK15/SES157/SA157S21	SES292	-0.911835	-69.7512	-68.8393
BLOCK15/SES157/SA157S24	SES127	-1.81441	-68.8446	-67.0302
BLOCK15/SES157/SA157S24	SES148	-1.56805	-68.5983	-67.0302
BLOCK15/SES157/SA157S24	SES183	-1.63299	-68.6632	-67.0302
BLOCK15/SES157/SA157S24	SES292	-1.03771	-68.0679	-67.0302
BLOCK15/SES157/SA157S26	SES007	0.172516	-65.8315	-66.004
BLOCK15/SES157/SA157S26	SES127	-0.872749	-66.8767	-66.004
BLOCK15/SES157/SA157S26	SES147	-1.45644	-67.4604	-66.004
BLOCK15/SES157/SA157S26	SES148	-2.12045	-68.1244	-66.004
BLOCK16/SES161/SA161S10	SES007	-0.308563	-67.3175	-67.0089
BLOCK16/SES161/SA161S10	SES105	0.241425	-66.7675	-67.0089
BLOCK16/SES161/SA161S10	SES158	-0.177345	-67.1863	-67.0089
BLOCK16/SES161/SA161S10	SES275	-0.391319	-67.4003	-67.0089
BLOCK16/SES161/SA161S12	SES007	-0.901596	-68.4139	-67.5123
BLOCK16/SES161/SA161S12	SES105	-0.557991	-68.0703	-67.5123
BLOCK16/SES161/SA161S12	SES158	-0.53334	-68.0456	-67.5123
BLOCK16/SES161/SA161S12	SES275	-0.664085	-68.1764	-67.5123
BLOCK16/SES161/SA161S20	SES007	-0.389	-67.8842	-67.4952
BLOCK16/SES161/SA161S20	SES105	-0.692284	-68.1875	-67.4952
BLOCK16/SES161/SA161S20	SES158	0.00640869	-67.4888	-67.4952
BLOCK16/SES161/SA161S20	SES275	-1.11309	-68.6083	-67.4952
BLOCK16/SES161/SA161S23	SES007	-1.14892	-69.8735	-68.7246
BLOCK16/SES161/SA161S23	SES105	-0.51207	-69.2366	-68.7246
BLOCK16/SES161/SA161S23	SES148	-1.54652	-70.2711	-68.7246
BLOCK16/SES161/SA161S23	SES158	-1.19857	-69.9231	-68.7246
BLOCK16/SES161/SA161S28	SES007	-1.03949	-66.4155	-65.376
BLOCK16/SES161/SA161S28	SES105	-0.926331	-66.3024	-65.376
BLOCK16/SES161/SA161S28	SES158	0.439781	-64.9362	-65.376
BLOCK16/SES161/SA161S28	SES206	-0.233955	-65.61	-65.376
BLOCK16/SES164/SA164S11	SES104	-0.134445	-69.4153	-69.2809
BLOCK16/SES164/SA164S11	SES125	-0.529739	-69.8106	-69.2809
BLOCK16/SES164/SA164S11	SES158	-0.434021	-69.7149	-69.2809
BLOCK16/SES164/SA164S11	SES206	-0.958862	-70.2397	-69.2809
BLOCK16/SES164/SA164S13	SES099	-0.884102	-70.9736	-70.0895
BLOCK16/SES164/SA164S13	SES104	-1.60261	-71.6922	-70.0895
BLOCK16/SES164/SA164S13	SES125	-1.85316	-71.9427	-70.0895
BLOCK16/SES164/SA164S13	SES206	-3.00697	-73.0965	-70.0895
BLOCK16/SES164/SA164S24	SES002	-0.0508804	-68.5829	-68.532
BLOCK16/SES164/SA164S24	SES099	-0.738327	-69.2704	-68.532
BLOCK16/SES164/SA164S24	SES125	-0.944633	-69.4767	-68.532
BLOCK16/SES164/SA164S24	SES226	-0.796783	-69.3288	-68.532
BLOCK16/SES164/SA164S27	SES087	-1.00452	-70.9691	-69.9646
BLOCK16/SES164/SA164S27	SES125	-1.3778	-71.3424	-69.9646
BLOCK16/SES164/SA164S27	SES206	-2.2339	-72.1985	-69.9646
BLOCK16/SES164/SA164S27	SES226	-1.28349	-71.2481	-69.9646
BLOCK16/SES164/SA164S29	SES002	-0.971703	-69.5768	-68.6051
BLOCK16/SES164/SA164S29	SES019	-1.17439	-69.7795	-68.6051
BLOCK16/SES164/SA164S29	SES125	-1.10011	-69.7052	-68.6051
BLOCK16/SES164/SA164S29	SES226	-1.41171	-70.0168	-68.6051
BLOCK16/SES169/SA169S13	SES117	-2.07441	-70.1002	-68.0258
BLOCK16/SES169/SA169S13	SES144	-0.904648	-68.9304	-68.0258
BLOCK16/SES169/SA169S13	SES146	-1.37662	-69.4024	-68.0258
BLOCK16/SES169/SA169S13	SES162	-1.99098	-70.0168	-68.0258
BLOCK16/SES169/SA169S14	SES144	-1.06415	-67.4115	-66.3474
BLOCK16/SES169/SA169S14	SES148	-1.81672	-68.1641	-66.3474
BLOCK16/SES169/SA169S14	SES177	-1.6543	-68.0017	-66.3474
BLOCK16/SES169/SA169S14	SES180	-1.15638	-67.5037	-66.3474
BLOCK16/SES169/SA169S24	SES117	-1.39648	-70.9446	-69.5481
BLOCK16/SES169/SA169S24	SES144	-1.02728	-70.5754	-69.5481
BLOCK16/SES169/SA169S24	SES146	-1.03679	-70.5849	-69.5481
BLOCK16/SES169/SA169S24	SES162	-2.24338	-71.7915	-69.5481
BLOCK16/SES169/SA169S27	SES127	-0.690804	-66.9114	-66.2206
BLOCK16/SES169/SA169S27	SES129	-0.614403	-66.835	-66.2206
BLOCK16/SES169/SA169S27	SES144	-1.34193	-67.5625	-66.2206
BLOCK16/SES169/SA169S27	SES146	-0.862404	-67.083	-66.2206
BLOCK16/SES169/SA169S29	SES144	-0.547615	-66.7206	-66.173
BLOCK16/SES169/SA169S29	SES162	-0.958817	-67.1318	-66.173
BLOCK16/SES169/SA169S29	SES177	-2.27747	-68.4505	-66.173
BLOCK16/SES169/SA169S29	SES180	-1.01955	-67.1926	-66.173
BLOCK17/SES171/SA171S12	SES083	-2.26139	-72.4902	-70.2288
BLOCK17/SES171/SA171S12	SES148	-1.41933	-71.6481	-70.2288
BLOCK17/SES171/SA171S12	SES172	-1.43703	-71.6658	-70.2288
BLOCK17/SES171/SA171S12	SES292	-1.54619	-71.775	-70.2288
BLOCK17/SES171/SA171S15	SES148	-2.77022	-73.3425	-70.5723
BLOCK17/SES171/SA171S15	SES177	-2.53047	-73.1027	-70.5723
BLOCK17/SES171/SA171S15	SES180	-1.57722	-72.1495	-70.5723
BLOCK17/SES171/SA171S15	SES292	-2.51305	-73.0853	-70.5723
BLOCK17/SES171/SA171S22	SES007	-1.35262	-68.2514	-66.8988
BLOCK17/SES171/SA171S22	SES148	-1.94094	-68.8397	-66.8988
BLOCK17/SES171/SA171S22	SES177	-1.17542	-68.0742	-66.8988
BLOCK17/SES171/SA171S22	SES180	-1.87347	-68.7723	-66.8988
BLOCK17/SES171/SA171S25	SES101	-2.52167	-75.4395	-72.9178
BLOCK17/SES171/SA171S25	SES120	-2.75238	-75.6702	-72.9178
BLOCK17/SES171/SA171S25	SES177	-1.38158	-74.2994	-72.9178
BLOCK17/SES171/SA171S25	SES180	-4.16434	-77.0821	-72.9178
BLOCK17/SES171/SA171S27	SES177	-0.726097	-69.2241	-68.498
BLOCK17/SES171/SA171S27	SES180	-1.32069	-69.8187	-68.498
BLOCK17/SES171/SA171S27	SES189	-2.44561	-70.9436	-68.498
BLOCK17/SES171/SA171S27	SES292	-1.62611	-70.1241	-68.498
BLOCK17/SES173/SA173S13	SES162	-0.598625	-70.8677	-70.2691
BLOCK17/SES173/SA173S13	SES177	-0.987488	-71.2566	-70.2691
BLOCK17/SES173/SA173S13	SES180	-0.209404	-70.4785	-70.2691
BLOCK17/SES173/SA173S13	SES292	-1.41874	-71.6878	-70.2691
BLOCK17/SES173/SA173S14	SES007	-4.48362	-77.2083	-72.7247
BLOCK17/SES173/SA173S14	SES162	-4.2604	-76.9851	-72.7247
BLOCK17/SES173/SA173S14	SES177	-2.59773	-75.3224	-72.7247
BLOCK17/SES173/SA173S14	SES180	-11.8569	-84.5816	-72.7247
BLOCK17/SES173/SA173S24	SES144	-1.67187	-75.5624	-73.8905
BLOCK17/SES173/SA173S24	SES162	-2.81293	-76.7035	-73.8905
BLOCK17/SES173/SA173S24	SES177	-2.19544	-76.086	-73.8905
BLOCK17/SES173/SA173S24	SES180	-7.98983	-81.8804	-73.8905
BLOCK17/SES173/SA173S27	SES162	-1.2944	-72.6229	-71.3285
BLOCK17/SES173/SA173S27	SES177	-1.2449	-72.5734	-71.3285
BLOCK17/SES173/SA173S27	SES180	-0.85331	-72.1818	-71.3285
BLOCK17/SES173/SA173S27	SES292	-1.19107	-72.5196	-71.3285
BLOCK17/SES173/SA173S29	SES162	-2.14073	-77.063	-74.9222
BLOCK17/SES173/SA173S29	SES175	0.218994	-74.7032	-74.9222
BLOCK17/SES173/SA173S29	SES177	-1.44011	-76.3623	-74.9222
BLOCK17/SES173/SA173S29	SES292	-1.62391	-76.5461	-74.9222
BLOCK18/SES182/SA182S10	SES144	-1.10686	-64.9373	-63.8304
BLOCK18/SES182/SA182S10	SES177	-0.155853	-63.9863	-63.8304
BLOCK18/SES182/SA182S10	SES180	-0.529785	-64.3602	-63.8304
BLOCK18/SES182/SA182S10	SES275	-0.255829	-64.0862	-63.8304
BLOCK18/SES182/SA182S12	SES144	-0.615288	-66.8072	-66.1919
BLOCK18/SES182/SA182S12	SES177	-0.844681	-67.0366	-66.1919
BLOCK18/SES182/SA182S12	SES180	-0.582054	-66.774	-66.1919
BLOCK18/SES182/SA182S12	SES275	-1.28952	-67.4815	-66.1919
BLOCK18/SES182/SA182S21	SES117	-0.867241	-68.6987	-67.8315
BLOCK18/SES182/SA182S21	SES144	-1.21271	-69.0442	-67.8315
BLOCK18/SES182/SA182S21	SES162	-0.474663	-68.3061	-67.8315
BLOCK18/SES182/SA182S21	SES180	-1.32005	-69.1515	-67.8315
BLOCK18/SES182/SA182S23	SES117	-1.24024	-69.7746	-68.5344
BLOCK18/SES182/SA182S23	SES144	-0.616531	-69.1509	-68.5344
BLOCK18/SES182/SA182S23	SES180	-3.13142	-71.6658	-68.5344
BLOCK18/SES182/SA182S23	SES275	-0.812424	-69.3468	-68.5344
BLOCK18/SES182/SA182S25	SES007	-0.688675	-67.2336	-66.5449
BLOCK18/SES182/SA182S25	SES162	-0.221672	-66.7666	-66.5449
BLOCK18/SES182/SA182S25	SES177	-0.561417	-67.1063	-66.5449
BLOCK18/SES182/SA182S25	SES180	0.0599518	-66.4849	-66.5449
BLOCK18/SES184/SA184S12	SES177	-1.0448	-68.6582	-67.6134
BLOCK18/SES184/SA184S12	SES180	-1.43164	-69.0451	-67.6134
BLOCK18/SES184/SA184S12	SES189	-4.29546	-71.9089	-67.6134
BLOCK18/SES184/SA184S12	SES292	-1.09218	-68.7056	-67.6134
BLOCK18/SES184/SA184S13	SES101	-1.09327	-70.8734	-69.7802
BLOCK18/SES184/SA184S13	SES177	-1.17032	-70.9505	-69.7802
BLOCK18/SES184/SA184S13	SES180	-0.674065	-70.4542	-69.7802
BLOCK18/SES184/SA184S13	SES292	-1.0904	-70.8706	-69.7802
BLOCK18/SES184/SA184S22	SES177	-0.364975	-68.5507	-68.1857
BLOCK18/SES184/SA184S22	SES180	0.195824	-67.9899	-68.1857
BLOCK18/SES184/SA184S22	SES189	-3.11875	-71.3044	-68.1857
BLOCK18/SES184/SA184S22	SES292	-1.21263	-69.3983	-68.1857
BLOCK18/SES184/SA184S25	SES101	-0.743538	-69.0011	-68.2575
BLOCK18/SES184/SA184S25	SES177	-1.48771	-69.7452	-68.2575
BLOCK18/SES184/SA184S25	SES180	-0.334351	-68.5919	-68.2575
BLOCK18/SES184/SA184S25	SES292	-1.0742	-69.3317	-68.2575
BLOCK18/SES184/SA184S27	SES083	-2.44295	-71.3709	-68.928
BLOCK18/SES184/SA184S27	SES177	-2.17004	-71.098	-68.928
BLOCK18/SES184/SA184S27	SES202	-1.9954	-70.9234	-68.928
BLOCK18/SES184/SA184S27	SES292	-1.6112	-70.5392	-68.928
BLOCK20/SES204/SA204S12	SES062	-1.11819	-67.9703	-66.8521
BLOCK20/SES204/SA204S12	SES083	-1.5625	-68.4146	-66.8521
BLOCK20/SES204/SA204S12	SES206	-0.308228	-67.1603	-66.8521
BLOCK20/SES204/SA204S12	SES226	-0.938332	-67.7904	-66.8521
BLOCK20/SES204/SA204S14	SES068	-0.678535	-66.679	-66.0005
BLOCK20/SES204/SA204S14	SES087	0.153839	-65.8466	-66.0005
BLOCK20/SES204/SA204S14	SES206	-0.444641	-66.4451	-66.0005
BLOCK20/SES204/SA204S14	SES226	-0.668152	-66.6686	-66.0005
BLOCK20/SES204/SA204S22	SES068	-1.64501	-68.4589	-66.8139
BLOCK20/SES204/SA204S22	SES082	-1.43061	-68.2445	-66.8139
BLOCK20/SES204/SA204S22	SES083	-1.28988	-68.1037	-66.8139
BLOCK20/SES204/SA204S22	SES206	-0.572563	-67.3864	-66.8139
BLOCK20/SES204/SA204S25	SES062	-1.10636	-67.5014	-66.395
BLOCK20/SES204/SA204S25	SES083	-1.44167	-67.8367	-66.395
BLOCK20/SES204/SA204S25	SES206	-0.741608	-67.1366	-66.395
BLOCK20/SES204/SA204S25	SES226	-1.22581	-67.6208	-66.395
BLOCK20/SES204/SA204S27	SES068	-1.74763	-71.1642	-69.4166
BLOCK20/SES204/SA204S27	SES082	-1.20819	-70.6248	-69.4166
BLOCK20/SES204/SA204S27	SES087	-0.384735	-69.8013	-69.4166
BLOCK20/SES204/SA204S27	SES206	-0.884811	-70.3014	-69.4166
BLOCK20/SES207/SA207S10	SES127	-0.511375	-68.109	-67.5976
BLOCK20/SES207/SA207S10	SES183	-1.27695	-68.8746	-67.5976
BLOCK20/SES207/SA207S10	SES189	-1.8064	-69.4041	-67.5976
BLOCK20/SES207/SA207S10	SES292	-1.59051	-69.1882	-67.5976
BLOCK20/SES207/SA207S11	SES127	-2.48119	-73.5937	-71.1125
BLOCK20/SES207/SA207S11	SES183	-1.44757	-72.5601	-71.1125
BLOCK20/SES207/SA207S11	SES187	-2.98532	-74.0979	-71.1125
BLOCK20/SES207/SA207S11	SES292	-1.22401	-72.3365	-71.1125
BLOCK20/SES207/SA207S25	SES068	-0.888603	-70.9962	-70.1076
BLOCK20/SES207/SA207S25	SES083	-2.21406	-72.3216	-70.1076
BLOCK20/SES207/SA207S25	SES127	-0.456047	-70.5636	-70.1076
BLOCK20/SES207/SA207S25	SES187	-0.747932	-70.8555	-70.1076
BLOCK20/SES207/SA207S27	SES127	-1.00053	-70.6515	-69.651
BLOCK20/SES207/SA207S27	SES183	-0.708771	-70.3597	-69.651
BLOCK20/SES207/SA207S27	SES187	-1.42401	-71.075	-69.651
BLOCK20/SES207/SA207S27	SES292	-1.87681	-71.5278	-69.651
BLOCK20/SES207/SA207S29	SES083	-2.17641	-72.5161	-70.3397
BLOCK20/SES207/SA207S29	SES085	-1.10503	-71.4448	-70.3397
BLOCK20/SES207/SA207S29	SES172	-0.834465	-71.1742	-70.3397
BLOCK20/SES207/SA207S29	SES189	-3.72991	-74.0696	-70.3397
BLOCK22/SES221/SA221S12	SES068	-1.31248	-69.6361	-68.3236
BLOCK22/SES221/SA221S12	SES143	-0.137703	-68.4613	-68.3236
BLOCK22/SES221/SA221S12	SES175	-0.00959778	-68.3332	-68.3236
BLOCK22/SES221/SA221S12	SES202	-0.206429	-68.53	-68.3236
BLOCK22/SES221/SA221S15	SES085	-2.11653	-73.7015	-71.585
BLOCK22/SES221/SA221S15	SES143	-0.186722	-71.7717	-71.585
BLOCK22/SES221/SA221S15	SES175	-0.315475	-71.9005	-71.585
BLOCK22/SES221/SA221S15	SES187	-0.113739	-71.6987	-71.585
BLOCK22/SES221/SA221S23	SES068	-1.42432	-70.94	-69.5157
BLOCK22/SES221/SA221S23	SES143	0.385345	-69.1303	-69.5157
BLOCK22/SES221/SA221S23	SES175	0.43721	-69.0785	-69.5157
BLOCK22/SES221/SA221S23	SES189	-0.657204	-70.1729	-69.5157
BLOCK22/SES221/SA221S27	SES085	-1.02512	-73.378	-72.3528
BLOCK22/SES221/SA221S27	SES143	0.0993118	-72.2535	-72.3528
BLOCK22/SES221/SA221S27	SES175	0.216278	-72.1366	-72.3528
BLOCK22/SES221/SA221S27	SES189	-0.629692	-72.9825	-72.3528
BLOCK22/SES221/SA221S29	SES085	-1.11056	-75.1494	-74.0389
BLOCK22/SES221/SA221S29	SES143	0.233414	-73.8055	-74.0389
BLOCK22/SES221/SA221S29	SES175	0.571182	-73.4677	-74.0389
BLOCK22/SES221/SA221S29	SES187	0.987534	-73.0513	-74.0389
BLOCK22/SES223/SA223S11	SES143	-0.310135	-70.8546	-70.5445
BLOCK22/SES223/SA223S11	SES144	-1.59572	-72.1402	-70.5445
BLOCK22/SES223/SA223S11	SES175	-0.342026	-70.8865	-70.5445
BLOCK22/SES223/SA223S11	SES187	-0.650635	-71.1951	-70.5445
BLOCK22/SES223/SA223S13	SES068	-0.766747	-71.5078	-70.741
BLOCK22/SES223/SA223S13	SES143	-0.0781326	-70.8192	-70.741
BLOCK22/SES223/SA223S13	SES146	-2.01627	-72.7573	-70.741
BLOCK22/SES223/SA223S13	SES202	-0.159317	-70.9004	-70.741
BLOCK22/SES223/SA223S22	SES143	-0.907722	-71.3776	-70.4699
BLOCK22/SES223/SA223S22	SES144	-1.10398	-71.5739	-70.4699
BLOCK22/SES223/SA223S22	SES175	-0.953827	-71.4237	-70.4699
BLOCK22/SES223/SA223S22	SES187	-0.366913	-70.8368	-70.4699
BLOCK22/SES223/SA223S25	SES068	-1.7227	-72.1995	-70.4768
BLOCK22/SES223/SA223S25	SES143	-0.609703	-71.0865	-70.4768
BLOCK22/SES223/SA223S25	SES175	-0.658043	-71.1348	-70.4768
BLOCK22/SES223/SA223S25	SES187	-0.282677	-70.7595	-70.4768
BLOCK22/SES223/SA223S27	SES143	-0.612503	-75.06	-74.4475
BLOCK22/SES223/SA223S27	SES146	-1.75585	-76.2033	-74.4475
BLOCK22/SES223/SA223S27	SES187	-0.969833	-75.4173	-74.4475
BLOCK22/SES223/SA223S27	SES292	-2.77722	-77.2247	-74.4475
BLOCK27/SES273/SA273S12	SES099	0.753654	-64.5115	-65.2652
BLOCK27/SES273/SA273S12	SES104	0.486397	-64.7788	-65.2652
BLOCK27/SES273/SA273S12	SES125	0.374504	-64.8907	-65.2652
BLOCK27/SES273/SA273S12	SES206	0.546402	-64.7188	-65.2652
BLOCK27/SES273/SA273S13	SES099	0.146622	-66.8677	-67.0143
BLOCK27/SES273/SA273S13	SES104	-0.129669	-67.144	-67.0143
BLOCK27/SES273/SA273S13	SES206	-0.549469	-67.5638	-67.0143
BLOCK27/SES273/SA273S13	SES292	-0.840057	-67.8544	-67.0143
BLOCK27/SES273/SA273S21	SES099	0.959	-66.119	-67.078
BLOCK27/SES273/SA273S21	SES148	-2.1615	-69.2395	-67.078
BLOCK27/SES273/SA273S21	SES149	-0.528893	-67.6069	-67.078
BLOCK27/SES273/SA273S21	SES177	-1.73535	-68.8134	-67.078
BLOCK27/SES273/SA273S25	SES104	-0.00371552	-66.2134	-66.2097
BLOCK27/SES273/SA273S25	SES125	0.692345	-65.5173	-66.2097
BLOCK27/SES273/SA273S25	SES158	0.122032	-66.0877	-66.2097
BLOCK27/SES273/SA273S25	SES206	0.00527191	-66.2044	-66.2097
BLOCK27/SES273/SA273S27	SES099	-0.150368	-66.9616	-66.8113
BLOCK27/SES273/SA273S27	SES104	-0.561462	-67.3727	-66.8113
BLOCK27/SES273/SA273S27	SES149	-0.365578	-67.1769	-66.8113
BLOCK27/SES273/SA273S27	SES275	-0.290558	-67.1018	-66.8113
BLOCK27/SES274/SA274S10	SES105	-1.07674	-67.8514	-66.7747
BLOCK27/SES274/SA274S10	SES125	-0.619553	-67.3942	-66.7747
BLOCK27/SES274/SA274S10	SES129	0.174774	-66.5999	-66.7747
BLOCK27/SES274/SA274S10	SES158	-2.48749	-69.2622	-66.7747
BLOCK27/SES274/SA274S11	SES105	-0.800606	-66.451	-65.6504
BLOCK27/SES274/SA274S11	SES149	-0.967346	-66.6177	-65.6504
BLOCK27/SES274/SA274S11	SES158	-0.677528	-66.3279	-65.6504
BLOCK27/SES274/SA274S11	SES275	-0.638634	-66.289	-65.6504
BLOCK27/SES274/SA274S21	SES105	-0.644882	-64.7732	-64.1283
BLOCK27/SES274/SA274S21	SES129	-0.160728	-64.2891	-64.1283
BLOCK27/SES274/SA274S21	SES149	-1.19911	-65.3275	-64.1283
BLOCK27/SES274/SA274S21	SES158	-2.07868	-66.207	-64.1283
BLOCK27/SES274/SA274S24	SES105	-1.02729	-67.0255	-65.9982
BLOCK27/SES274/SA274S24	SES129	0.35482	-65.6434	-65.9982
BLOCK27/SES274/SA274S24	SES149	-1.11703	-67.1152	-65.9982
BLOCK27/SES274/SA274S24	SES158	-2.11536	-68.1136	-65.9982
BLOCK27/SES274/SA274S29	SES105	-1.17495	-68.4088	-67.2339
BLOCK27/SES274/SA274S29	SES106	-5.04854	-72.2824	-67.2339
BLOCK27/SES274/SA274S29	SES120	-1.02673	-68.2606	-67.2339
BLOCK27/SES274/SA274S29	SES275	-0.622864	-67.8567	-67.2339
BLOCK27/SES276/SA276S16	SES148	-2.29179	-70.3955	-68.1037
BLOCK27/SES276/SA276S16	SES172	-1.06258	-69.1663	-68.1037
BLOCK27/SES276/SA276S16	SES180	-1.40471	-69.5084	-68.1037
BLOCK27/SES276/SA276S16	SES292	-1.36594	-69.4697	-68.1037
BLOCK27/SES276/SA276S17	SES101	-1.02852	-70.0679	-69.0394
BLOCK27/SES276/SA276S17	SES177	-1.28408	-70.3235	-69.0394
BLOCK27/SES276/SA276S17	SES180	-0.47374	-69.5132	-69.0394
BLOCK27/SES276/SA276S17	SES292	-0.909546	-69.949	-69.0394
BLOCK27/SES276/SA276S24	SES101	-1.04539	-67.1743	-66.129
BLOCK27/SES276/SA276S24	SES177	-0.752815	-66.8818	-66.129
BLOCK27/SES276/SA276S24	SES180	-0.13221	-66.2612	-66.129
BLOCK27/SES276/SA276S24	SES292	-1.36858	-67.4975	-66.129
BLOCK27/SES276/SA276S26	SES101	-2.0497	-72.5175	-70.4678
BLOCK27/SES276/SA276S26	SES177	-1.13804	-71.6058	-70.4678
BLOCK27/SES276/SA276S26	SES180	-0.652138	-71.1199	-70.4678
BLOCK27/SES276/SA276S26	SES292	-1.13923	-71.607	-70.4678
BLOCK27/SES276/SA276S28	SES101	-1.15086	-69.8016	-68.6507
BLOCK27/SES276/SA276S28	SES177	-1.2451	-69.8958	-68.6507
BLOCK27/SES276/SA276S28	SES180	-0.234901	-68.8856	-68.6507
BLOCK27/SES276/SA276S28	SES292	-0.838524	-69.4893	-68.6507
BLOCK27/SES277/SA277S12	SES101	-1.47638	-70.1311	-68.6547
BLOCK27/SES277/SA277S12	SES177	-0.934013	-69.5887	-68.6547
BLOCK27/SES277/SA277S12	SES180	-0.624382	-69.2791	-68.6547
BLOCK27/SES277/SA277S12	SES292	-1.26192	-69.9166	-68.6547
BLOCK27/SES277/SA277S14	SES177	-0.965103	-71.2143	-70.2492
BLOCK27/SES277/SA277S14	SES180	-1.33485	-71.5841	-70.2492
BLOCK27/SES277/SA277S14	SES189	-1.35252	-71.6017	-70.2492
BLOCK27/SES277/SA277S14	SES292	-2.0275	-72.2767	-70.2492
BLOCK27/SES277/SA277S21	SES177	-0.592102	-68.1336	-67.5415
BLOCK27/SES277/SA277S21	SES180	-1.25541	-68.7969	-67.5415
BLOCK27/SES277/SA277S21	SES189	-2.6841	-70.2256	-67.5415
BLOCK27/SES277/SA277S21	SES292	-1.52595	-69.0674	-67.5415
BLOCK27/SES277/SA277S24	SES144	-1.0108	-69.8334	-68.8226
BLOCK27/SES277/SA277S24	SES177	-1.14735	-69.9699	-68.8226
BLOCK27/SES277/SA277S24	SES180	-1.03876	-69.8613	-68.8226
BLOCK27/SES277/SA277S24	SES189	-1.24431	-70.0669	-68.8226
BLOCK27/SES277/SA277S29	SES177	-0.470284	-66.9885	-66.5182
BLOCK27/SES277/SA277S29	SES180	-0.120697	-66.6389	-66.5182
BLOCK27/SES277/SA277S29	SES202	-0.506401	-67.0246	-66.5182
BLOCK27/SES277/SA277S29	SES292	-1.1054	-67.6236	-66.5182
BLOCK27/SES279/SA279S09	SES120	-1.4369	-67.5205	-66.0836
BLOCK27/SES279/SA279S09	SES146	-1.10794	-67.1915	-66.0836
BLOCK27/SES279/SA279S09	SES206	-0.917542	-67.0011	-66.0836
BLOCK27/SES279/SA279S09	SES226	-1.24473	-67.3283	-66.0836
BLOCK27/SES279/SA279S10	SES099	0.244751	-65.7553	-66
BLOCK27/SES279/SA279S10	SES206	-0.37442	-66.3744	-66
BLOCK27/SES279/SA279S10	SES226	-0.837799	-66.8378	-66
BLOCK27/SES279/SA279S10	SES292	-0.587532	-66.5876	-66
BLOCK27/SES279/SA279S20	SES099	0.047348	-66.0213	-66.0687
BLOCK27/SES279/SA279S20	SES206	-0.461586	-66.5303	-66.0687
BLOCK27/SES279/SA279S20	SES226	-1.0013	-67.07	-66.0687
BLOCK27/SES279/SA279S20	SES292	-0.548103	-66.6168	-66.0687
BLOCK27/SES279/SA279S26	SES099	-0.939491	-68.5325	-67.593
BLOCK27/SES279/SA279S26	SES206	-0.732712	-68.3257	-67.593
BLOCK27/SES279/SA279S26	SES226	-0.497078	-68.0901	-67.593
BLOCK27/SES279/SA279S26	SES292	-0.689308	-68.2823	-67.593
BLOCK27/SES279/SA279S28	SES099	-0.179123	-67.1771	-66.998
BLOCK27/SES279/SA279S28	SES120	-0.525284	-67.5233	-66.998
BLOCK27/SES279/SA279S28	SES177	-3.21371	-70.2117	-66.998
BLOCK27/SES279/SA279S28	SES206	-1.00603	-68.0041	-66.998
BLOCK29/SES290/SA290S12	SES162	-0.198303	-66.7292	-66.5309
BLOCK29/SES290/SA290S12	SES177	-0.66275	-67.1936	-66.5309
BLOCK29/SES290/SA290S12	SES180	-0.467659	-66.9985	-66.5309
BLOCK29/SES290/SA290S12	SES292	-1.43906	-67.9699	-66.5309
BLOCK29/SES290/SA290S13	SES007	-1.43691	-70.12	-68.6831
BLOCK29/SES290/SA290S13	SES162	-0.428062	-69.1112	-68.6831
BLOCK29/SES290/SA290S13	SES177	-0.206993	-68.8901	-68.6831
BLOCK29/SES290/SA290S13	SES180	-0.861153	-69.5442	-68.6831
BLOCK29/SES290/SA290S22	SES177	-0.651321	-68.8658	-68.2145
BLOCK29/SES290/SA290S22	SES180	-0.00037384	-68.2149	-68.2145
BLOCK29/SES290/SA290S22	SES202	-0.910088	-69.1246	-68.2145
BLOCK29/SES290/SA290S22	SES292	-1.34668	-69.5612	-68.2145
BLOCK29/SES290/SA290S25	SES162	-0.670677	-67.9859	-67.3152
BLOCK29/SES290/SA290S25	SES177	-1.25616	-68.5714	-67.3152
BLOCK29/SES290/SA290S25	SES180	-6.21272	-73.528	-67.3152
BLOCK29/SES290/SA290S25	SES292	-1.57248	-68.8877	-67.3152
BLOCK29/SES290/SA290S29	SES177	-0.703163	-68.5816	-67.8785
BLOCK29/SES290/SA290S29	SES180	-1.59234	-69.4708	-67.8785
BLOCK29/SES290/SA290S29	SES275	-1.39304	-69.2715	-67.8785
BLOCK29/SES290/SA290S29	SES292	-1.20068	-69.0791	-67.8785
BLOCK29/SES291/SA291S11	SES105	-0.583626	-67.0996	-66.516
BLOCK29/SES291/SA291S11	SES125	-2.07967	-68.5957	-66.516
BLOCK29/SES291/SA291S11	SES158	-0.374359	-66.8904	-66.516
BLOCK29/SES291/SA291S11	SES275	-1.23757	-67.7536	-66.516
BLOCK29/SES291/SA291S12	SES158	1.10606	-61.8639	-62.9699
BLOCK29/SES291/SA291S12	SES226	-1.58434	-64.5543	-62.9699
BLOCK29/SES291/SA291S12	SES270	1.57243	-61.3975	-62.9699
BLOCK29/SES291/SA291S12	SES275	-0.728577	-63.6985	-62.9699
BLOCK29/SES291/SA291S22	SES082	-0.811661	-67.2552	-66.4436
BLOCK29/SES291/SA291S22	SES158	0.385048	-66.0585	-66.4436
BLOCK29/SES291/SA291S22	SES259	-0.449699	-66.8933	-66.4436
BLOCK29/SES291/SA291S22	SES275	-1.3562	-67.7998	-66.4436
BLOCK29/SES291/SA291S24	SES104	0.377831	-65.4893	-65.8671
BLOCK29/SES291/SA291S24	SES125	-0.113274	-65.9804	-65.8671
BLOCK29/SES291/SA291S24	SES158	-0.013237	-65.8803	-65.8671
BLOCK29/SES291/SA291S24	SES275	-1.33338	-67.2005	-65.8671
BLOCK29/SES291/SA291S27	SES158	0.552399	-66.4475	-66.9999
BLOCK29/SES291/SA291S27	SES172	-2.47087	-69.4708	-66.9999
BLOCK29/SES291/SA291S27	SES275	-0.915817	-67.9157	-66.9999
BLOCK29/SES291/SA291S27	SES292	-0.572037	-67.572	-66.9999
