BLOCK00/SES002/SA002S12	SES002	1.43442	-44.2444	-45.6788
BLOCK00/SES002/SA002S13	SES002	1.65294	-44.4947	-46.1477
BLOCK00/SES002/SA002S23	SES002	1.21793	-44.4894	-45.7073
BLOCK00/SES002/SA002S26	SES002	1.79475	-44.0475	-45.8422
BLOCK00/SES002/SA002S28	SES002	1.23452	-44.6	-45.8345
BLOCK00/SES007/SA007S14	SES007	1.22132	-43.7582	-44.9795
BLOCK00/SES007/SA007S15	SES007	0.678677	-45.2721	-45.9508
BLOCK00/SES007/SA007S24	SES007	0.693119	-45.2217	-45.9149
BLOCK00/SES007/SA007S27	SES007	0.495304	-45.7779	-46.2732
BLOCK00/SES007/SA007S29	SES007	0.342365	-44.7901	-45.1325
BLOCK00/SES008/SA008S11	SES008	0.926525	-45.0923	-46.0188
BLOCK00/SES008/SA008S12	SES008	0.369198	-45.8723	-46.2415
BLOCK00/SES008/SA008S19	SES008	1.66668	-44.3426	-46.0093
BLOCK00/SES008/SA008S22	SES008	1.42698	-44.9544	-46.3814
BLOCK00/SES008/SA008S29	SES008	1.08887	-44.7671	-45.8559
BLOCK01/SES014/SA014S10	SES014	2.02158	-44.2552	-46.2767
BLOCK01/SES014/SA014S12	SES014	2.62068	-42.1784	-44.7991
BLOCK01/SES014/SA014S24	SES014	1.39536	-44.3846	-45.78
BLOCK01/SES014/SA014S26	SES014	2.31823	-41.9669	-44.2851
BLOCK01/SES014/SA014S28	SES014	2.68923	-42.2621	-44.9514
BLOCK01/SES016/SA016S12	SES016	1.28253	-46.1927	-47.4752
BLOCK01/SES016/SA016S13	SES016	1.42896	-44.8993	-46.3282
BLOCK01/SES016/SA016S22	SES016	0.398514	-45.8149	-46.2134
BLOCK01/SES016/SA016S25	SES016	1.30968	-43.2347	-44.5443
BLOCK01/SES016/SA016S27	SES016	1.62063	-43.5301	-45.1507
BLOCK01/SES019/SA019S13	SES019	3.03696	-44.781	-47.818
BLOCK01/SES019/SA019S14	SES019	1.68605	-45.3491	-47.0352
BLOCK01/SES019/SA019S22	SES019	2.6334	-44.6396	-47.273
BLOCK01/SES019/SA019S25	SES019	2.42299	-45.1099	-47.5329
BLOCK01/SES019/SA019S29	SES019	3.25615	-44.5869	-47.843
BLOCK02/SES029/SA029S11	SES029	1.35345	-44.5882	-45.9417
BLOCK02/SES029/SA029S12	SES029	0.160706	-45.2556	-45.4163
BLOCK02/SES029/SA029S20	SES029	0.633846	-45.8776	-46.5115
BLOCK02/SES029/SA029S25	SES029	0.446129	-44.8502	-45.2963
BLOCK02/SES029/SA029S28	SES029	0.402214	-45.3884	-45.7906
BLOCK04/SES042/SA042S12	SES042	2.5326	-43.0674	-45.6
BLOCK04/SES042/SA042S15	SES042	2.21149	-43.9409	-46.1524
BLOCK04/SES042/SA042S22	SES042	3.26696	-42.0936	-45.3606
BLOCK04/SES042/SA042S25	SES042	2.18316	-44.7283	-46.9114
BLOCK04/SES042/SA042S27	SES042	1.97244	-43.5351	-45.5076
BLOCK04/SES048/SA048S11	SES048	1.30838	-44.6825	-45.9909
BLOCK04/SES048/SA048S12	SES048	0.59951	-45.0358	-45.6353
BLOCK04/SES048/SA048S20	SES048	0.933956	-44.5755	-45.5095
BLOCK04/SES048/SA048S23	SES048	1.36588	-44.9928	-46.3587
BLOCK04/SES048/SA048S27	SES048	1.0626	-44.1099	-45.1725
BLOCK06/SES060/SA060S11	SES060	1.51087	-44.2664	-45.7773
BLOCK06/SES060/SA060S12	SES060	-0.947182	-46.5788	-45.6317
BLOCK06/SES060/SA060S22	SES060	-0.0320511	-46.3874	-46.3554
BLOCK06/SES060/SA060S24	SES060	1.01616	-44.5076	-45.5237
BLOCK06/SES060/SA060S28	SES060	1.06626	-43.1804	-44.2467
BLOCK06/SES062/SA062S10	SES062	0.941402	-44.6299	-45.5713
BLOCK06/SES062/SA062S11	SES062	1.39657	-44.0759	-45.4725
BLOCK06/SES062/SA062S21	SES062	1.86652	-42.274	-44.1405
BLOCK06/SES062/SA062S26	SES062	0.575985	-44.0434	-44.6194
BLOCK06/SES062/SA062S29	SES062	1.36951	-43.197	-44.5665
BLOCK06/SES068/SA068S14	SES068	0.420292	-45.2278	-45.6481
BLOCK06/SES068/SA068S15	SES068	1.14775	-43.9819	-45.1296
BLOCK06/SES068/SA068S23	SES068	0.467041	-45.8224	-46.2894
BLOCK06/SES068/SA068S27	SES068	1.44037	-43.501	-44.9413
BLOCK06/SES068/SA068S29	SES068	1.1773	-44.2542	-45.4315
BLOCK08/SES082/SA082S12	SES082	0.716694	-46.2371	-46.9538
BLOCK08/SES082/SA082S14	SES082	0.388397	-46.457	-46.8454
BLOCK08/SES082/SA082S21	SES082	0.809711	-45.6443	-46.454
BLOCK08/SES082/SA082S24	SES082	1.16391	-44.9369	-46.1008
BLOCK08/SES082/SA082S28	SES082	0.221809	-46.1944	-46.4162
BLOCK08/SES083/SA083S14	SES083	-0.619347	-46.0202	-45.4009
BLOCK08/SES083/SA083S15	SES083	0.0130501	-45.3944	-45.4075
BLOCK08/SES083/SA083S24	SES083	-0.287701	-45.8557	-45.568
BLOCK08/SES083/SA083S26	SES083	0.684219	-44.8704	-45.5546
BLOCK08/SES083/SA083S29	SES083	-0.436008	-45.5028	-45.0668
BLOCK08/SES085/SA085S10	SES085	-0.104588	-45.4632	-45.3586
BLOCK08/SES085/SA085S13	SES085	0.475105	-45.4823	-45.9574
BLOCK08/SES085/SA085S22	SES085	-1.4673	-46.9837	-45.5164
BLOCK08/SES085/SA085S26	SES085	-0.363575	-45.5713	-45.2077
BLOCK08/SES085/SA085S28	SES085	0.649914	-44.8803	-45.5302
BLOCK08/SES087/SA087S15	SES087	1.81741	-44.6262	-46.4436
BLOCK08/SES087/SA087S16	SES087	1.65278	-44.7633	-46.4161
BLOCK08/SES087/SA087S24	SES087	1.82467	-44.7007	-46.5254
BLOCK08/SES087/SA087S26	SES087	1.44193	-43.6521	-45.094
BLOCK08/SES087/SA087S29	SES087	1.60886	-44.8887	-46.4976
BLOCK09/SES099/SA099S15	SES099	1.02391	-45.627	-46.6509
BLOCK09/SES099/SA099S16	SES099	1.2269	-45.1027	-46.3296
BLOCK09/SES099/SA099S24	SES099	1.28691	-44.5281	-45.815
BLOCK09/SES099/SA099S26	SES099	1.38605	-44.4681	-45.8542
BLOCK09/SES099/SA099S29	SES099	1.32944	-44.6732	-46.0026
BLOCK10/SES101/SA101S11	SES101	0.520756	-44.6958	-45.2165
BLOCK10/SES101/SA101S13	SES101	0.951084	-44.2435	-45.1946
BLOCK10/SES101/SA101S22	SES101	1.09917	-45.255	-46.3542
BLOCK10/SES101/SA101S24	SES101	1.53796	-44.3791	-45.9171
BLOCK10/SES101/SA101S28	SES101	0.226482	-45.6559	-45.8824
BLOCK10/SES104/SA104S11	SES104	1.44881	-43.5593	-45.0082
BLOCK10/SES104/SA104S12	SES104	1.48862	-43.7672	-45.2559
BLOCK10/SES104/SA104S21	SES104	1.19565	-44.6193	-45.815
BLOCK10/SES104/SA104S24	SES104	0.955006	-45.1497	-46.1047
BLOCK10/SES104/SA104S28	SES104	0.944923	-44.9709	-45.9159
BLOCK10/SES105/SA105S12	SES105	0.614738	-46.1592	-46.7739
BLOCK10/SES105/SA105S13	SES105	0.840607	-45.5891	-46.4297
BLOCK10/SES105/SA105S22	SES105	0.238728	-46.7563	-46.9951
BLOCK10/SES105/SA105S26	SES105	1.23708	-45.4927	-46.7298
BLOCK10/SES105/SA105S29	SES105	0.635975	-45.5609	-46.1968
BLOCK10/SES106/SA106S09	SES106	1.55956	-45.744	-47.3035
BLOCK10/SES106/SA106S11	SES106	1.51109	-44.1916	-45.7027
BLOCK10/SES106/SA106S22	SES106	2.42529	-44.6517	-47.077
BLOCK10/SES106/SA106S27	SES106	1.41706	-44.8936	-46.3106
BLOCK10/SES106/SA106S29	SES106	1.1965	-44.8145	-46.0109
BLOCK11/SES117/SA117S12	SES117	0.497406	-45.6691	-46.1665
BLOCK11/SES117/SA117S13	SES117	0.745358	-45.0684	-45.8138
BLOCK11/SES117/SA117S23	SES117	1.38653	-45.9323	-47.3188
BLOCK11/SES117/SA117S25	SES117	0.786983	-46.1187	-46.9057
BLOCK11/SES117/SA117S28	SES117	1.13372	-45.9316	-47.0653
BLOCK12/SES120/SA120S08	SES120	1.01265	-46.6362	-47.6489
BLOCK12/SES120/SA120S11	SES120	0.726986	-47.6312	-48.3582
BLOCK12/SES120/SA120S22	SES120	0.392792	-45.858	-46.2508
BLOCK12/SES120/SA120S24	SES120	0.337578	-46.2131	-46.5507
BLOCK12/SES120/SA120S28	SES120	0.479809	-47.2843	-47.7641
BLOCK12/SES125/SA125S13	SES125	1.83437	-43.7498	-45.5842
BLOCK12/SES125/SA125S14	SES125	1.16123	-44.8617	-46.023
BLOCK12/SES125/SA125S25	SES125	2.17614	-43.928	-46.1041
BLOCK12/SES125/SA125S27	SES125	1.81253	-43.3672	-45.1798
BLOCK12/SES125/SA125S29	SES125	1.89691	-44.0185	-45.9154
BLOCK12/SES127/SA127S11	SES127	0.655304	-45.5303	-46.1856
BLOCK12/SES127/SA127S12	SES127	-0.726921	-45.8102	-45.0833
BLOCK12/SES127/SA127S23	SES127	0.282436	-45.3167	-45.5991
BLOCK12/SES127/SA127S25	SES127	-0.485046	-46.0062	-45.5211
BLOCK12/SES127/SA127S27	SES127	0.87212	-44.5509	-45.423
BLOCK12/SES129/SA129S11	SES129	1.15931	-44.3983	-45.5576
BLOCK12/SES129/SA129S12	SES129	1.49439	-43.8685	-45.3629
BLOCK12/SES129/SA129S22	SES129	1.46486	-44.4994	-45.9643
BLOCK12/SES129/SA129S27	SES129	1.58942	-43.948	-45.5374
BLOCK12/SES129/SA129S29	SES129	1.55764	-43.9114	-45.469
BLOCK14/SES142/SA142S11	SES142	1.45262	-45.148	-46.6006
BLOCK14/SES142/SA142S12	SES142	0.633598	-46.0062	-46.6398
BLOCK14/SES142/SA142S24	SES142	1.60803	-44.8783	-46.4863
BLOCK14/SES142/SA142S27	SES142	2.04827	-44.4792	-46.5275
BLOCK14/SES142/SA142S29	SES142	1.95007	-43.8098	-45.7599
BLOCK14/SES143/SA143S12	SES143	0.86198	-45.4238	-46.2858
BLOCK14/SES143/SA143S13	SES143	0.707096	-45.7718	-46.4789
BLOCK14/SES143/SA143S23	SES143	0.765484	-45.8373	-46.6028
BLOCK14/SES143/SA143S25	SES143	0.205368	-45.9546	-46.16
BLOCK14/SES143/SA143S28	SES143	0.849731	-44.7218	-45.5716
BLOCK14/SES144/SA144S09	SES144	0.848202	-45.1741	-46.0223
BLOCK14/SES144/SA144S11	SES144	0.886852	-45.9652	-46.852
BLOCK14/SES144/SA144S21	SES144	0.333847	-45.8931	-46.227
BLOCK14/SES144/SA144S25	SES144	0.622993	-45.997	-46.62
BLOCK14/SES144/SA144S29	SES144	-0.0611992	-46.0076	-45.9464
BLOCK14/SES146/SA146S14	SES146	0.595215	-46.0626	-46.6578
BLOCK14/SES146/SA146S15	SES146	0.263504	-46.0577	-46.3212
BLOCK14/SES146/SA146S24	SES146	0.122265	-46.1111	-46.2334
BLOCK14/SES146/SA146S26	SES146	0.950977	-46.0398	-46.9908
BLOCK14/SES146/SA146S29	SES146	0.0368767	-47.0355	-47.0724
BLOCK14/SES147/SA147S11	SES147	1.65657	-45.3736	-47.0302
BLOCK14/SES147/SA147S13	SES147	2.00042	-44.1757	-46.1762
BLOCK14/SES147/SA147S23	SES147	1.55628	-45.6452	-47.2014
BLOCK14/SES147/SA147S26	SES147	1.27751	-45.5869	-46.8644
BLOCK14/SES147/SA147S28	SES147	1.91905	-44.837	-46.756
BLOCK14/SES148/SA148S10	SES148	1.28836	-44.6427	-45.931
BLOCK14/SES148/SA148S12	SES148	0.731594	-45.7235	-46.4551
BLOCK14/SES148/SA148S22	SES148	1.08113	-44.2297	-45.3108
BLOCK14/SES148/SA148S26	SES148	0.354897	-45.1685	-45.5234
BLOCK14/SES148/SA148S29	SES148	0.570221	-45.6977	-46.268
BLOCK14/SES149/SA149S13	SES149	-0.100666	-46.0234	-45.9227
BLOCK14/SES149/SA149S14	SES149	0.519283	-44.8366	-45.3559
BLOCK14/SES149/SA149S24	SES149	1.21288	-44.665	-45.8778
BLOCK14/SES149/SA149S26	SES149	1.6917	-44.0671	-45.7588
BLOCK14/SES149/SA149S28	SES149	2.14108	-43.5544	-45.6954
BLOCK15/SES158/SA158S13	SES158	1.06892	-45.6889	-46.7578
BLOCK15/SES158/SA158S14	SES158	1.65465	-45.3648	-47.0194
BLOCK15/SES158/SA158S23	SES158	0.86433	-45.3623	-46.2266
BLOCK15/SES158/SA158S26	SES158	1.54445	-45.0528	-46.5973
BLOCK15/SES158/SA158S28	SES158	0.932884	-45.644	-46.5768
BLOCK16/SES162/SA162S10	SES162	0.888485	-46.3953	-47.2838
BLOCK16/SES162/SA162S11	SES162	0.667912	-45.2444	-45.9123
BLOCK16/SES162/SA162S21	SES162	1.6739	-44.8893	-46.5632
BLOCK16/SES162/SA162S24	SES162	0.778679	-45.6487	-46.4274
BLOCK16/SES162/SA162S27	SES162	1.17734	-45.7622	-46.9396
BLOCK16/SES167/SA167S14	SES167	0.977551	-44.0976	-45.0752
BLOCK16/SES167/SA167S15	SES167	1.32976	-44.8738	-46.2036
BLOCK16/SES167/SA167S21	SES167	1.30533	-43.7578	-45.0631
BLOCK16/SES167/SA167S25	SES167	1.58397	-44.5886	-46.1726
BLOCK16/SES167/SA167S29	SES167	1.89125	-43.28	-45.1713
BLOCK17/SES172/SA172S12	SES172	1.44837	-44.6805	-46.1289
BLOCK17/SES172/SA172S13	SES172	1.87748	-44.7854	-46.6629
BLOCK17/SES172/SA172S23	SES172	0.725346	-43.974	-44.6993
BLOCK17/SES172/SA172S27	SES172	0.945961	-45.3893	-46.3353
BLOCK17/SES172/SA172S29	SES172	1.62096	-44.6497	-46.2706
BLOCK17/SES175/SA175S11	SES175	1.44593	-44.6082	-46.0541
BLOCK17/SES175/SA175S13	SES175	1.02836	-44.8439	-45.8722
BLOCK17/SES175/SA175S23	SES175	1.491	-44.9987	-46.4897
BLOCK17/SES175/SA175S25	SES175	0.737988	-46.5281	-47.2661
BLOCK17/SES175/SA175S28	SES175	1.02247	-44.5615	-45.584
BLOCK17/SES177/SA177S15	SES177	-0.144314	-45.87	-45.7257
BLOCK17/SES177/SA177S17	SES177	0.121506	-45.5821	-45.7036
BLOCK17/SES177/SA177S23	SES177	0.191589	-45.7202	-45.9118
BLOCK17/SES177/SA177S26	SES177	0.482624	-43.9202	-44.4029
BLOCK17/SES177/SA177S28	SES177	0.572525	-44.5452	-45.1177
BLOCK18/SES180/SA180S13	SES180	0.563545	-45.486	-46.0495
BLOCK18/SES180/SA180S15	SES180	0.53458	-45.6923	-46.2268
BLOCK18/SES180/SA180S24	SES180	0.584629	-44.2005	-44.7851
BLOCK18/SES180/SA180S26	SES180	0.889759	-44.724	-45.6138
BLOCK18/SES180/SA180S29	SES180	0.820271	-45.6261	-46.4464
BLOCK18/SES183/SA183S13	SES183	0.608269	-46.1859	-46.7942
BLOCK18/SES183/SA183S14	SES183	0.593964	-46.0132	-46.6071
BLOCK18/SES183/SA183S24	SES183	1.23706	-45.6832	-46.9202
BLOCK18/SES183/SA183S27	SES183	1.23769	-45.4043	-46.642
BLOCK18/SES183/SA183S29	SES183	1.14832	-44.9111	-46.0594
BLOCK18/SES187/SA187S13	SES187	0.529285	-46.159	-46.6883
BLOCK18/SES187/SA187S14	SES187	0.786503	-45.9161	-46.7026
BLOCK18/SES187/SA187S24	SES187	0.823273	-45.4396	-46.2628
BLOCK18/SES187/SA187S27	SES187	0.983528	-45.1913	-46.1748
BLOCK18/SES187/SA187S29	SES187	1.06931	-45.6336	-46.7029
BLOCK18/SES189/SA189S10	SES189	1.27646	-47.0024	-48.2788
BLOCK18/SES189/SA189S13	SES189	1.65926	-47.3697	-49.0289
BLOCK18/SES189/SA189S24	SES189	1.58208	-46.0936	-47.6757
BLOCK18/SES189/SA189S26	SES189	1.18116	-46.0891	-47.2702
BLOCK18/SES189/SA189S29	SES189	1.63776	-45.9538	-47.5916
BLOCK20/SES202/SA202S12	SES202	0.964844	-46.485	-47.4498
BLOCK20/SES202/SA202S14	SES202	2.48898	-44.4181	-46.9071
BLOCK20/SES202/SA202S24	SES202	1.30207	-45.4591	-46.7612
BLOCK20/SES202/SA202S27	SES202	1.56681	-43.9438	-45.5106
BLOCK20/SES202/SA202S29	SES202	1.95983	-43.7557	-45.7155
BLOCK20/SES206/SA206S15	SES206	0.150978	-44.983	-45.134
BLOCK20/SES206/SA206S17	SES206	1.57556	-43.6434	-45.2189
BLOCK20/SES206/SA206S24	SES206	1.55383	-43.7732	-45.327
BLOCK20/SES206/SA206S27	SES206	1.53618	-44.4329	-45.9691
BLOCK20/SES206/SA206S29	SES206	1.28824	-43.6904	-44.9786
BLOCK22/SES226/SA226S12	SES226	1.30914	-45.4472	-46.7563
BLOCK22/SES226/SA226S13	SES226	-0.145897	-46.5843	-46.4384
BLOCK22/SES226/SA226S20	SES226	1.29455	-45.4167	-46.7113
BLOCK22/SES226/SA226S23	SES226	1.55568	-44.5492	-46.1049
BLOCK22/SES226/SA226S28	SES226	1.79099	-44.3439	-46.1349
BLOCK25/SES259/SA259S13	SES259	2.87286	-43.2243	-46.0971
BLOCK25/SES259/SA259S14	SES259	1.6161	-44.3237	-45.9398
BLOCK25/SES259/SA259S22	SES259	1.60727	-44.2543	-45.8616
BLOCK25/SES259/SA259S24	SES259	1.65003	-43.7073	-45.3573
BLOCK25/SES259/SA259S28	SES259	1.74772	-43.6273	-45.375
BLOCK27/SES270/SA270S14	SES270	1.93642	-45.5348	-47.4712
BLOCK27/SES270/SA270S16	SES270	0.808159	-45.5381	-46.3463
BLOCK27/SES270/SA270S22	SES270	2.33104	-44.5947	-46.9258
BLOCK27/SES270/SA270S26	SES270	1.31935	-46.1279	-47.4473
BLOCK27/SES270/SA270S28	SES270	0.803535	-45.1947	-45.9983
BLOCK27/SES275/SA275S17	SES275	1.08191	-45.7651	-46.847
BLOCK27/SES275/SA275S18	SES275	0.102238	-45.9602	-46.0624
BLOCK27/SES275/SA275S24	SES275	0.536579	-46.8126	-47.3492
BLOCK27/SES275/SA275S26	SES275	1.13929	-44.9591	-46.0984
BLOCK27/SES275/SA275S28	SES275	0.505753	-45.3846	-45.8903
BLOCK29/SES292/SA292S10	SES292	0.186996	-45.9848	-46.1718
BLOCK29/SES292/SA292S12	SES292	0.231789	-46.2522	-46.484
BLOCK29/SES292/SA292S22	SES292	0.65052	-44.8833	-45.5338
BLOCK29/SES292/SA292S24	SES292	0.375744	-45.1343	-45.51
BLOCK29/SES292/SA292S27	SES292	0.298462	-44.9204	-45.2189
BLOCK00/SES001/SA001S14	SES062	-1.80606	-48.2512	-46.4451
BLOCK00/SES001/SA001S14	SES082	-2.09963	-48.5448	-46.4451
BLOCK00/SES001/SA001S14	SES106	-2.10796	-48.5531	-46.4451
BLOCK00/SES001/SA001S14	SES206	-2.17863	-48.6238	-46.4451
BLOCK00/SES001/SA001S15	SES062	-2.06536	-47.7571	-45.6918
BLOCK00/SES001/SA001S15	SES104	-2.35455	-48.0463	-45.6918
BLOCK00/SES001/SA001S15	SES106	-1.96861	-47.6604	-45.6918
BLOCK00/SES001/SA001S15	SES206	-2.47416	-48.1659	-45.6918
BLOCK00/SES001/SA001S24	SES062	-2.85904	-49.6175	-46.7584
BLOCK00/SES001/SA001S24	SES082	-2.56955	-49.328	-46.7584
BLOCK00/SES001/SA001S24	SES087	-2.54137	-49.2998	-46.7584
BLOCK00/SES001/SA001S24	SES206	-2.0701	-48.8285	-46.7584
BLOCK00/SES001/SA001S27	SES062	-1.41446	-46.9711	-45.5566
BLOCK00/SES001/SA001S27	SES082	-2.37027	-47.9269	-45.5566
BLOCK00/SES001/SA001S27	SES087	-2.71484	-48.2714	-45.5566
BLOCK00/SES001/SA001S27	SES206	-2.71649	-48.2731	-45.5566
BLOCK00/SES001/SA001S29	SES062	-2.55072	-49.1125	-46.5618
BLOCK00/SES001/SA001S29	SES082	-1.98408	-48.5459	-46.5618
BLOCK00/SES001/SA001S29	SES158	-1.32903	-47.8908	-46.5618
BLOCK00/SES001/SA001S29	SES206	-3.60326	-50.1651	-46.5618
BLOCK00/SES003/SA003S11	SES002	-0.473175	-46.9938	-46.5206
BLOCK00/SES003/SA003S11	SES019	-0.708645	-47.2293	-46.5206
BLOCK00/SES003/SA003S11	SES082	0.280048	-46.2406	-46.5206
BLOCK00/SES003/SA003S11	SES125	-1.15411	-47.6747	-46.5206
BLOCK00/SES003/SA003S15	SES016	-2.47285	-48.5471	-46.0742
BLOCK00/SES003/SA003S15	SES019	-0.642864	-46.7171	-46.0742
BLOCK00/SES003/SA003S15	SES062	-1.46096	-47.5352	-46.0742
BLOCK00/SES003/SA003S15	SES206	-1.19352	-47.2678	-46.0742
BLOCK00/SES003/SA003S22	SES002	-1.43835	-47.2309	-45.7926
BLOCK00/SES003/SA003S22	SES062	-1.3411	-47.1337	-45.7926
BLOCK00/SES003/SA003S22	SES082	-0.658672	-46.4513	-45.7926
BLOCK00/SES003/SA003S22	SES087	-1.28624	-47.0788	-45.7926
BLOCK00/SES003/SA003S25	SES062	-2.02425	-48.7904	-46.7661
BLOCK00/SES003/SA003S25	SES082	-0.163837	-46.93	-46.7661
BLOCK00/SES003/SA003S25	SES087	-0.950157	-47.7163	-46.7661
BLOCK00/SES003/SA003S25	SES206	-1.31776	-48.0839	-46.7661
BLOCK00/SES003/SA003S29	SES002	-0.898586	-47.4171	-46.5185
BLOCK00/SES003/SA003S29	SES062	-1.94426	-48.4628	-46.5185
BLOCK00/SES003/SA003S29	SES082	-0.399162	-46.9177	-46.5185
BLOCK00/SES003/SA003S29	SES087	-1.37687	-47.8954	-46.5185
BLOCK00/SES004/SA004S12	SES083	-2.6036	-48.9306	-46.327
BLOCK00/SES004/SA004S12	SES148	-1.78396	-48.111	-46.327
BLOCK00/SES004/SA004S12	SES172	-1.29496	-47.622	-46.327
BLOCK00/SES004/SA004S12	SES292	-2.14127	-48.4683	-46.327
BLOCK00/SES004/SA004S17	SES083	-2.15776	-48.8614	-46.7037
BLOCK00/SES004/SA004S17	SES162	-1.24878	-47.9524	-46.7037
BLOCK00/SES004/SA004S17	SES172	-2.05107	-48.7547	-46.7037
BLOCK00/SES004/SA004S17	SES292	-2.08508	-48.7887	-46.7037
BLOCK00/SES004/SA004S24	SES083	-1.99979	-47.9033	-45.9035
BLOCK00/SES004/SA004S24	SES148	-1.82562	-47.7291	-45.9035
BLOCK00/SES004/SA004S24	SES172	-1.01535	-46.9189	-45.9035
BLOCK00/SES004/SA004S24	SES292	-1.38333	-47.2868	-45.9035
BLOCK00/SES004/SA004S26	SES083	-1.61531	-47.8548	-46.2394
BLOCK00/SES004/SA004S26	SES127	-0.940693	-47.1801	-46.2394
BLOCK00/SES004/SA004S26	SES148	-2.14406	-48.3835	-46.2394
BLOCK00/SES004/SA004S26	SES292	-1.86343	-48.1029	-46.2394
BLOCK00/SES004/SA004S28	SES083	-1.96942	-47.2536	-45.2842
BLOCK00/SES004/SA004S28	SES127	-1.58834	-46.8725	-45.2842
BLOCK00/SES004/SA004S28	SES187	-1.11852	-46.4027	-45.2842
BLOCK00/SES004/SA004S28	SES292	-2.87183	-48.156	-45.2842
BLOCK00/SES006/SA006S10	SES014	-3.16515	-51.5763	-48.4111
BLOCK00/SES006/SA006S10	SES158	-0.899765	-49.3109	-48.4111
BLOCK00/SES006/SA006S10	SES226	-2.95858	-51.3697	-48.4111
BLOCK00/SES006/SA006S10	SES270	-0.710629	-49.1218	-48.4111
BLOCK00/SES006/SA006S11	SES158	-1.04723	-49.3532	-48.3059
BLOCK00/SES006/SA006S11	SES226	-1.84743	-50.1534	-48.3059
BLOCK00/SES006/SA006S11	SES270	-0.259552	-48.5655	-48.3059
BLOCK00/SES006/SA006S11	SES275	-3.1007	-51.4066	-48.3059
BLOCK00/SES006/SA006S23	SES062	-2.15752	-49.2411	-47.0835
BLOCK00/SES006/SA006S23	SES105	-1.98603	-49.0696	-47.0835
BLOCK00/SES006/SA006S23	SES158	-0.972755	-48.0563	-47.0835
BLOCK00/SES006/SA006S23	SES275	-2.21369	-49.2972	-47.0835
BLOCK00/SES006/SA006S26	SES104	-1.80814	-48.6864	-46.8783
BLOCK00/SES006/SA006S26	SES158	-0.396	-47.2743	-46.8783
BLOCK00/SES006/SA006S26	SES270	0.210747	-46.6675	-46.8783
BLOCK00/SES006/SA006S26	SES275	-2.81426	-49.6925	-46.8783
BLOCK00/SES006/SA006S28	SES007	-2.01011	-49.736	-47.7259
BLOCK00/SES006/SA006S28	SES105	-2.36774	-50.0937	-47.7259
BLOCK00/SES006/SA006S28	SES158	-1.4069	-49.1328	-47.7259
BLOCK00/SES006/SA006S28	SES275	-3.48354	-51.2095	-47.7259
BLOCK00/SES009/SA009S12	SES083	-2.11845	-47.9478	-45.8293
BLOCK00/SES009/SA009S12	SES148	-1.28986	-47.1192	-45.8293
BLOCK00/SES009/SA009S12	SES177	-1.29783	-47.1271	-45.8293
BLOCK00/SES009/SA009S12	SES292	-1.13802	-46.9673	-45.8293
BLOCK00/SES009/SA009S15	SES007	-0.0879288	-45.1344	-45.0465
BLOCK00/SES009/SA009S15	SES099	-6.02087	-51.0673	-45.0465
BLOCK00/SES009/SA009S15	SES148	-1.74946	-46.7959	-45.0465
BLOCK00/SES009/SA009S15	SES172	-1.55053	-46.597	-45.0465
BLOCK00/SES009/SA009S24	SES146	-1.05151	-46.4343	-45.3828
BLOCK00/SES009/SA009S24	SES148	-1.39156	-46.7743	-45.3828
BLOCK00/SES009/SA009S24	SES177	-0.632679	-46.0154	-45.3828
BLOCK00/SES009/SA009S24	SES292	-1.30083	-46.6836	-45.3828
BLOCK00/SES009/SA009S26	SES083	-2.11908	-47.9496	-45.8305
BLOCK00/SES009/SA009S26	SES101	-1.82067	-47.6512	-45.8305
BLOCK00/SES009/SA009S26	SES120	-0.868664	-46.6991	-45.8305
BLOCK00/SES009/SA009S26	SES177	-1.27475	-47.1052	-45.8305
BLOCK00/SES009/SA009S29	SES083	-1.63061	-46.9183	-45.2877
BLOCK00/SES009/SA009S29	SES101	-1.53257	-46.8202	-45.2877
BLOCK00/SES009/SA009S29	SES177	-1.34436	-46.632	-45.2877
BLOCK00/SES009/SA009S29	SES292	-1.35375	-46.6414	-45.2877
BLOCK01/SES011/SA011S10	SES019	-0.836536	-47.2715	-46.435
BLOCK01/SES011/SA011S10	SES042	-0.486332	-46.9213	-46.435
BLOCK01/SES011/SA011S10	SES082	-2.08343	-48.5184	-46.435
BLOCK01/SES011/SA011S10	SES206	-0.811592	-47.2466	-46.435
BLOCK01/SES011/SA011S11	SES019	-0.729427	-48.0702	-47.3408
BLOCK01/SES011/SA011S11	SES042	-0.589375	-47.9301	-47.3408
BLOCK01/SES011/SA011S11	SES082	-1.66313	-49.0039	-47.3408
BLOCK01/SES011/SA011S11	SES206	-0.477989	-47.8187	-47.3408
BLOCK01/SES011/SA011S22	SES019	-0.0191803	-47.0063	-46.9871
BLOCK01/SES011/SA011S22	SES042	-0.204273	-47.1914	-46.9871
BLOCK01/SES011/SA011S22	SES082	-1.57298	-48.5601	-46.9871
BLOCK01/SES011/SA011S22	SES206	-1.07079	-48.0579	-46.9871
BLOCK01/SES011/SA011S24	SES019	-0.664444	-46.9179	-46.2535
BLOCK01/SES011/SA011S24	SES042	-0.273159	-46.5266	-46.2535
BLOCK01/SES011/SA011S24	SES104	-1.18074	-47.4342	-46.2535
BLOCK01/SES011/SA011S24	SES206	-0.509922	-46.7634	-46.2535
BLOCK01/SES011/SA011S27	SES082	0.208344	-45.8147	-46.0231
BLOCK01/SES011/SA011S27	SES087	-0.982853	-47.0059	-46.0231
BLOCK01/SES011/SA011S27	SES125	-0.331299	-46.3544	-46.0231
BLOCK01/SES011/SA011S27	SES206	-0.22316	-46.2462	-46.0231
BLOCK01/SES012/SA012S11	SES007	-1.99506	-46.9711	-44.9761
BLOCK01/SES012/SA012S11	SES082	-1.63499	-46.6111	-44.9761
BLOCK01/SES012/SA012S11	SES083	-2.43514	-47.4112	-44.9761
BLOCK01/SES012/SA012S11	SES206	-0.920086	-45.8962	-44.9761
BLOCK01/SES012/SA012S14	SES082	-1.37183	-47.2631	-45.8913
BLOCK01/SES012/SA012S14	SES087	-1.68762	-47.5789	-45.8913
BLOCK01/SES012/SA012S14	SES206	-0.755566	-46.6468	-45.8913
BLOCK01/SES012/SA012S14	SES292	-2.89039	-48.7817	-45.8913
BLOCK01/SES012/SA012S24	SES082	-0.0912056	-46.7714	-46.6802
BLOCK01/SES012/SA012S24	SES087	-0.786175	-47.4663	-46.6802
BLOCK01/SES012/SA012S24	SES120	-3.82944	-50.5096	-46.6802
BLOCK01/SES012/SA012S24	SES206	-0.373459	-47.0536	-46.6802
BLOCK01/SES012/SA012S26	SES019	-2.21169	-47.9178	-45.7061
BLOCK01/SES012/SA012S26	SES082	-1.87431	-47.5804	-45.7061
BLOCK01/SES012/SA012S26	SES206	-0.562542	-46.2686	-45.7061
BLOCK01/SES012/SA012S26	SES292	-2.24147	-47.9475	-45.7061
BLOCK01/SES012/SA012S29	SES062	-1.72838	-47.0759	-45.3475
BLOCK01/SES012/SA012S29	SES082	-0.856186	-46.2037	-45.3475
BLOCK01/SES012/SA012S29	SES083	-2.41796	-47.7655	-45.3475
BLOCK01/SES012/SA012S29	SES206	-1.19518	-46.5427	-45.3475
BLOCK01/SES013/SA013S16	SES062	-3.25592	-49.3324	-46.0765
BLOCK01/SES013/SA013S16	SES106	-0.572327	-46.6488	-46.0765
BLOCK01/SES013/SA013S16	SES206	-1.15664	-47.2331	-46.0765
BLOCK01/SES013/SA013S16	SES226	-0.311329	-46.3878	-46.0765
BLOCK01/SES013/SA013S17	SES062	-3.09974	-48.3477	-45.248
BLOCK01/SES013/SA013S17	SES106	-0.874229	-46.1222	-45.248
BLOCK01/SES013/SA013S17	SES206	-0.614113	-45.8621	-45.248
BLOCK01/SES013/SA013S17	SES226	0.00656128	-45.2414	-45.248
BLOCK01/SES013/SA013S23	SES104	-1.08715	-47.4352	-46.348
BLOCK01/SES013/SA013S23	SES106	-0.0543442	-46.4024	-46.348
BLOCK01/SES013/SA013S23	SES206	-0.788918	-47.1369	-46.348
BLOCK01/SES013/SA013S23	SES270	-0.320862	-46.6689	-46.348
BLOCK01/SES013/SA013S25	SES042	-1.38999	-47.1369	-45.7469
BLOCK01/SES013/SA013S25	SES104	-0.939476	-46.6864	-45.7469
BLOCK01/SES013/SA013S25	SES106	-0.0320587	-45.779	-45.7469
BLOCK01/SES013/SA013S25	SES206	-1.15381	-46.9007	-45.7469
BLOCK01/SES013/SA013S29	SES062	-3.68229	-49.6799	-45.9976
BLOCK01/SES013/SA013S29	SES104	-1.28214	-47.2797	-45.9976
BLOCK01/SES013/SA013S29	SES106	-0.0364494	-46.034	-45.9976
BLOCK01/SES013/SA013S29	SES206	-1.52402	-47.5216	-45.9976
BLOCK02/SES021/SA021S13	SES016	-2.73319	-48.115	-45.3818
BLOCK02/SES021/SA021S13	SES029	-2.29724	-47.679	-45.3818
BLOCK02/SES021/SA021S13	SES087	-1.52597	-46.9078	-45.3818
BLOCK02/SES021/SA021S13	SES206	-0.514988	-45.8968	-45.3818
BLOCK02/SES021/SA021S15	SES087	-1.29612	-45.5166	-44.2205
BLOCK02/SES021/SA021S15	SES125	-0.791046	-45.0115	-44.2205
BLOCK02/SES021/SA021S15	SES206	-0.0458374	-44.2663	-44.2205
BLOCK02/SES021/SA021S15	SES226	-1.94333	-46.1638	-44.2205
BLOCK02/SES021/SA021S23	SES062	-2.96875	-49.3129	-46.3442
BLOCK02/SES021/SA021S23	SES087	-1.77621	-48.1204	-46.3442
BLOCK02/SES021/SA021S23	SES206	-1.5826	-47.9268	-46.3442
BLOCK02/SES021/SA021S23	SES226	-1.18978	-47.5339	-46.3442
BLOCK02/SES021/SA021S27	SES002	-1.19486	-46.3675	-45.1726
BLOCK02/SES021/SA021S27	SES016	-3.40192	-48.5745	-45.1726
BLOCK02/SES021/SA021S27	SES019	-1.97256	-47.1452	-45.1726
BLOCK02/SES021/SA021S27	SES062	-1.41814	-46.5908	-45.1726
BLOCK02/SES021/SA021S29	SES087	-1.71032	-46.5751	-44.8648
BLOCK02/SES021/SA021S29	SES125	-1.15436	-46.0191	-44.8648
BLOCK02/SES021/SA021S29	SES206	-1.00243	-45.8672	-44.8648
BLOCK02/SES021/SA021S29	SES226	-1.60942	-46.4742	-44.8648
BLOCK04/SES043/SA043S09	SES083	-2.61298	-49.6977	-47.0847
BLOCK04/SES043/SA043S09	SES101	-2.80729	-49.892	-47.0847
BLOCK04/SES043/SA043S09	SES144	-0.712196	-47.7969	-47.0847
BLOCK04/SES043/SA043S09	SES172	-3.50166	-50.5863	-47.0847
BLOCK04/SES043/SA043S11	SES083	-0.873959	-46.7371	-45.8631
BLOCK04/SES043/SA043S11	SES101	-1.46357	-47.3267	-45.8631
BLOCK04/SES043/SA043S11	SES144	-0.663307	-46.5264	-45.8631
BLOCK04/SES043/SA043S11	SES172	-1.70347	-47.5666	-45.8631
BLOCK04/SES043/SA043S23	SES083	-0.880146	-47.3433	-46.4631
BLOCK04/SES043/SA043S23	SES144	-0.0105476	-46.4737	-46.4631
BLOCK04/SES043/SA043S23	SES177	-1.64588	-48.109	-46.4631
BLOCK04/SES043/SA043S23	SES275	-0.664757	-47.1279	-46.4631
BLOCK04/SES043/SA043S26	SES083	-0.899868	-47.4956	-46.5957
BLOCK04/SES043/SA043S26	SES101	-0.839211	-47.4349	-46.5957
BLOCK04/SES043/SA043S26	SES144	-0.169605	-46.7653	-46.5957
BLOCK04/SES043/SA043S26	SES177	-1.59095	-48.1867	-46.5957
BLOCK04/SES043/SA043S28	SES016	-1.54174	-47.2129	-45.6712
BLOCK04/SES043/SA043S28	SES083	-0.932812	-46.604	-45.6712
BLOCK04/SES043/SA043S28	SES101	-1.00051	-46.6717	-45.6712
BLOCK04/SES043/SA043S28	SES144	-0.846497	-46.5177	-45.6712
BLOCK04/SES044/SA044S10	SES127	-2.81882	-51.4676	-48.6487
BLOCK04/SES044/SA044S10	SES144	-0.352058	-49.0008	-48.6487
BLOCK04/SES044/SA044S10	SES147	-3.41272	-52.0615	-48.6487
BLOCK04/SES044/SA044S10	SES148	-2.71545	-51.3642	-48.6487
BLOCK04/SES044/SA044S11	SES101	-2.14957	-49.908	-47.7584
BLOCK04/SES044/SA044S11	SES144	-0.0681915	-47.8266	-47.7584
BLOCK04/SES044/SA044S11	SES147	-2.65565	-50.4141	-47.7584
BLOCK04/SES044/SA044S11	SES177	-2.36802	-50.1264	-47.7584
BLOCK04/SES044/SA044S24	SES007	-2.31801	-49.7002	-47.3822
BLOCK04/SES044/SA044S24	SES101	-1.19141	-48.5736	-47.3822
BLOCK04/SES044/SA044S24	SES147	-2.25343	-49.6356	-47.3822
BLOCK04/SES044/SA044S24	SES177	-1.73267	-49.1149	-47.3822
BLOCK04/SES044/SA044S26	SES007	-2.18764	-49.0383	-46.8507
BLOCK04/SES044/SA044S26	SES016	-0.701889	-47.5526	-46.8507
BLOCK04/SES044/SA044S26	SES101	-1.04998	-47.9007	-46.8507
BLOCK04/SES044/SA044S26	SES147	-1.20563	-48.0563	-46.8507
BLOCK04/SES044/SA044S29	SES007	-1.6995	-47.7584	-46.0589
BLOCK04/SES044/SA044S29	SES101	-0.825825	-46.8847	-46.0589
BLOCK04/SES044/SA044S29	SES147	-2.46969	-48.5286	-46.0589
BLOCK04/SES044/SA044S29	SES177	-2.1492	-48.2081	-46.0589
BLOCK04/SES046/SA046S13	SES101	-3.18064	-49.9735	-46.7929
BLOCK04/SES046/SA046S13	SES144	-0.966885	-47.7597	-46.7929
BLOCK04/SES046/SA046S13	SES147	-3.50036	-50.2932	-46.7929
BLOCK04/SES046/SA046S13	SES177	-1.39246	-48.1853	-46.7929
BLOCK04/SES046/SA046S15	SES048	-2.47605	-47.8434	-45.3673
BLOCK04/SES046/SA046S15	SES083	-1.20675	-46.5741	-45.3673
BLOCK04/SES046/SA046S15	SES120	-2.4872	-47.8545	-45.3673
BLOCK04/SES046/SA046S15	SES148	-1.30431	-46.6716	-45.3673
BLOCK04/SES046/SA046S22	SES101	-1.35561	-48.0519	-46.6963
BLOCK04/SES046/SA046S22	SES144	-0.838657	-47.535	-46.6963
BLOCK04/SES046/SA046S22	SES147	-2.66624	-49.3626	-46.6963
BLOCK04/SES046/SA046S22	SES172	-1.18647	-47.8828	-46.6963
BLOCK04/SES046/SA046S25	SES083	-1.88886	-47.927	-46.0381
BLOCK04/SES046/SA046S25	SES127	-1.77509	-47.8132	-46.0381
BLOCK04/SES046/SA046S25	SES144	-1.51814	-47.5563	-46.0381
BLOCK04/SES046/SA046S25	SES148	-0.957912	-46.996	-46.0381
BLOCK04/SES046/SA046S28	SES007	-2.72524	-49.8966	-47.1714
BLOCK04/SES046/SA046S28	SES105	-2.62846	-49.7998	-47.1714
BLOCK04/SES046/SA046S28	SES147	-2.6608	-49.8322	-47.1714
BLOCK04/SES046/SA046S28	SES148	-1.49972	-48.6711	-47.1714
BLOCK04/SES049/SA049S16	SES104	-0.933849	-48.249	-47.3152
BLOCK04/SES049/SA049S16	SES106	-0.753311	-48.0685	-47.3152
BLOCK04/SES049/SA049S16	SES120	-3.09721	-50.4124	-47.3152
BLOCK04/SES049/SA049S16	SES206	-1.29484	-48.61	-47.3152
BLOCK04/SES049/SA049S18	SES099	0.180779	-48.0586	-48.2394
BLOCK04/SES049/SA049S18	SES104	-1.60021	-49.8396	-48.2394
BLOCK04/SES049/SA049S18	SES125	-1.69654	-49.936	-48.2394
BLOCK04/SES049/SA049S18	SES206	-1.6154	-49.8548	-48.2394
BLOCK04/SES049/SA049S25	SES087	-0.640167	-47.7487	-47.1085
BLOCK04/SES049/SA049S25	SES104	-0.601261	-47.7098	-47.1085
BLOCK04/SES049/SA049S25	SES125	-1.40902	-48.5175	-47.1085
BLOCK04/SES049/SA049S25	SES206	-0.48867	-47.5972	-47.1085
BLOCK04/SES049/SA049S27	SES099	-0.380585	-46.9523	-46.5717
BLOCK04/SES049/SA049S27	SES104	-0.00190353	-46.5736	-46.5717
BLOCK04/SES049/SA049S27	SES125	-1.1892	-47.7609	-46.5717
BLOCK04/SES049/SA049S27	SES206	-1.11353	-47.6852	-46.5717
BLOCK04/SES049/SA049S29	SES099	0.0422325	-45.5407	-45.5829
BLOCK04/SES049/SA049S29	SES104	-0.151985	-45.7349	-45.5829
BLOCK04/SES049/SA049S29	SES125	-0.743862	-46.3268	-45.5829
BLOCK04/SES049/SA049S29	SES206	-0.179756	-45.7627	-45.5829
BLOCK06/SES063/SA063S09	SES068	-1.42366	-47.6185	-46.1948
BLOCK06/SES063/SA063S09	SES083	-0.70348	-46.8983	-46.1948
BLOCK06/SES063/SA063S09	SES177	-1.22863	-47.4234	-46.1948
BLOCK06/SES063/SA063S09	SES187	-1.27115	-47.466	-46.1948
BLOCK06/SES063/SA063S10	SES068	-1.72227	-48.4841	-46.7618
BLOCK06/SES063/SA063S10	SES083	-0.610142	-47.372	-46.7618
BLOCK06/SES063/SA063S10	SES172	-0.806221	-47.5681	-46.7618
BLOCK06/SES063/SA063S10	SES187	-1.09769	-47.8595	-46.7618
BLOCK06/SES063/SA063S20	SES068	-2.5019	-48.9109	-46.409
BLOCK06/SES063/SA063S20	SES083	-1.3742	-47.7832	-46.409
BLOCK06/SES063/SA063S20	SES172	-0.907337	-47.3163	-46.409
BLOCK06/SES063/SA063S20	SES187	-0.73349	-47.1425	-46.409
BLOCK06/SES063/SA063S24	SES029	-2.46489	-48.2664	-45.8015
BLOCK06/SES063/SA063S24	SES083	-0.332882	-46.1344	-45.8015
BLOCK06/SES063/SA063S24	SES177	-0.998302	-46.7998	-45.8015
BLOCK06/SES063/SA063S24	SES189	-1.27762	-47.0792	-45.8015
BLOCK06/SES063/SA063S27	SES083	-0.294437	-47.3902	-47.0958
BLOCK06/SES063/SA063S27	SES172	-0.471233	-47.567	-47.0958
BLOCK06/SES063/SA063S27	SES187	-1.65188	-48.7477	-47.0958
BLOCK06/SES063/SA063S27	SES292	-1.8128	-48.9086	-47.0958
BLOCK06/SES067/SA067S12	SES083	-2.08175	-48.1696	-46.0879
BLOCK06/SES067/SA067S12	SES172	-2.77261	-48.8605	-46.0879
BLOCK06/SES067/SA067S12	SES202	-0.326225	-46.4141	-46.0879
BLOCK06/SES067/SA067S12	SES292	-2.18738	-48.2752	-46.0879
BLOCK06/SES067/SA067S14	SES085	-1.79996	-47.363	-45.5631
BLOCK06/SES067/SA067S14	SES177	-1.26461	-46.8277	-45.5631
BLOCK06/SES067/SA067S14	SES183	-1.79495	-47.358	-45.5631
BLOCK06/SES067/SA067S14	SES202	-0.787037	-46.3501	-45.5631
BLOCK06/SES067/SA067S21	SES144	-1.24578	-48.0406	-46.7948
BLOCK06/SES067/SA067S21	SES177	-1.0231	-47.8179	-46.7948
BLOCK06/SES067/SA067S21	SES183	-4.23051	-51.0253	-46.7948
BLOCK06/SES067/SA067S21	SES189	-0.584755	-47.3796	-46.7948
BLOCK06/SES067/SA067S25	SES085	-1.30064	-47.27	-45.9694
BLOCK06/SES067/SA067S25	SES177	-1.38877	-47.3581	-45.9694
BLOCK06/SES067/SA067S25	SES183	-1.53992	-47.5093	-45.9694
BLOCK06/SES067/SA067S25	SES202	-1.0241	-46.9935	-45.9694
BLOCK06/SES067/SA067S29	SES085	-0.986267	-47.3555	-46.3692
BLOCK06/SES067/SA067S29	SES177	-1.09129	-47.4605	-46.3692
BLOCK06/SES067/SA067S29	SES183	-1.18695	-47.5562	-46.3692
BLOCK06/SES067/SA067S29	SES202	-0.0321884	-46.4014	-46.3692
BLOCK06/SES069/SA069S12	SES029	-2.27047	-48.0796	-45.8091
BLOCK06/SES069/SA069S12	SES082	-0.872723	-46.6818	-45.8091
BLOCK06/SES069/SA069S12	SES087	-1.99015	-47.7993	-45.8091
BLOCK06/SES069/SA069S12	SES206	-1.43888	-47.248	-45.8091
BLOCK06/SES069/SA069S13	SES029	-2.43871	-48.2643	-45.8256
BLOCK06/SES069/SA069S13	SES087	-2.32333	-48.1489	-45.8256
BLOCK06/SES069/SA069S13	SES206	-2.18272	-48.0083	-45.8256
BLOCK06/SES069/SA069S13	SES226	-1.6823	-47.5079	-45.8256
BLOCK06/SES069/SA069S23	SES029	-1.25569	-45.8353	-44.5796
BLOCK06/SES069/SA069S23	SES087	-1.76175	-46.3414	-44.5796
BLOCK06/SES069/SA069S23	SES206	-1.5161	-46.0957	-44.5796
BLOCK06/SES069/SA069S23	SES226	-1.12177	-45.7014	-44.5796
BLOCK06/SES069/SA069S25	SES087	-1.49617	-46.4579	-44.9618
BLOCK06/SES069/SA069S25	SES206	-1.9908	-46.9526	-44.9618
BLOCK06/SES069/SA069S25	SES226	-1.36423	-46.326	-44.9618
BLOCK06/SES069/SA069S25	SES270	-0.823093	-45.7849	-44.9618
BLOCK06/SES069/SA069S27	SES087	-2.00249	-47.141	-45.1386
BLOCK06/SES069/SA069S27	SES206	-0.813595	-45.9522	-45.1386
BLOCK06/SES069/SA069S27	SES226	-0.574253	-45.7128	-45.1386
BLOCK06/SES069/SA069S27	SES270	-0.379776	-45.5183	-45.1386
BLOCK08/SES081/SA081S11	SES060	-1.41617	-47.3139	-45.8977
BLOCK08/SES081/SA081S11	SES062	-3.72931	-49.627	-45.8977
BLOCK08/SES081/SA081S11	SES117	-2.64721	-48.5449	-45.8977
BLOCK08/SES081/SA081S11	SES162	-1.91471	-47.8124	-45.8977
BLOCK08/SES081/SA081S13	SES016	-1.23542	-46.3446	-45.1092
BLOCK08/SES081/SA081S13	SES060	-0.331329	-45.4405	-45.1092
BLOCK08/SES081/SA081S13	SES068	-0.45396	-45.5632	-45.1092
BLOCK08/SES081/SA081S13	SES129	-1.92392	-47.0331	-45.1092
BLOCK08/SES081/SA081S24	SES060	-1.07283	-46.4776	-45.4048
BLOCK08/SES081/SA081S24	SES068	-0.866241	-46.271	-45.4048
BLOCK08/SES081/SA081S24	SES117	-2.04395	-47.4487	-45.4048
BLOCK08/SES081/SA081S24	SES275	-1.99031	-47.3951	-45.4048
BLOCK08/SES081/SA081S27	SES007	-1.42999	-47.2474	-45.8174
BLOCK08/SES081/SA081S27	SES060	-1.57548	-47.3929	-45.8174
BLOCK08/SES081/SA081S27	SES117	-1.05063	-46.868	-45.8174
BLOCK08/SES081/SA081S27	SES275	-1.86921	-47.6866	-45.8174
BLOCK08/SES081/SA081S29	SES007	-1.14977	-46.4545	-45.3047
BLOCK08/SES081/SA081S29	SES060	-1.13047	-46.4352	-45.3047
BLOCK08/SES081/SA081S29	SES117	-1.68565	-46.9904	-45.3047
BLOCK08/SES081/SA081S29	SES275	-1.98932	-47.2941	-45.3047
BLOCK08/SES086/SA086S11	SES029	-4.22271	-51.9022	-47.6795
BLOCK08/SES086/SA086S11	SES082	-1.78895	-49.4685	-47.6795
BLOCK08/SES086/SA086S11	SES087	-0.361961	-48.0415	-47.6795
BLOCK08/SES086/SA086S11	SES206	-1.85787	-49.5374	-47.6795
BLOCK08/SES086/SA086S12	SES029	-4.09984	-51.2265	-47.1267
BLOCK08/SES086/SA086S12	SES082	-2.13848	-49.2652	-47.1267
BLOCK08/SES086/SA086S12	SES087	0.352924	-46.7738	-47.1267
BLOCK08/SES086/SA086S12	SES206	-1.30202	-48.4287	-47.1267
BLOCK08/SES086/SA086S20	SES029	-3.44884	-49.1998	-45.751
BLOCK08/SES086/SA086S20	SES082	-1.68242	-47.4334	-45.751
BLOCK08/SES086/SA086S20	SES087	0.305813	-45.4452	-45.751
BLOCK08/SES086/SA086S20	SES206	-0.364334	-46.1153	-45.751
BLOCK08/SES086/SA086S24	SES087	-0.13995	-46.9848	-46.8448
BLOCK08/SES086/SA086S24	SES104	-1.55074	-48.3956	-46.8448
BLOCK08/SES086/SA086S24	SES120	-3.82844	-50.6733	-46.8448
BLOCK08/SES086/SA086S24	SES206	-0.170109	-47.0149	-46.8448
BLOCK08/SES086/SA086S28	SES029	-3.10834	-48.8238	-45.7155
BLOCK08/SES086/SA086S28	SES082	-1.78129	-47.4968	-45.7155
BLOCK08/SES086/SA086S28	SES087	-0.00411224	-45.7196	-45.7155
BLOCK08/SES086/SA086S28	SES206	-0.763683	-46.4792	-45.7155
BLOCK08/SES089/SA089S13	SES087	-1.63374	-47.9001	-46.2664
BLOCK08/SES089/SA089S13	SES206	-1.5722	-47.8386	-46.2664
BLOCK08/SES089/SA089S13	SES226	-1.27683	-47.5432	-46.2664
BLOCK08/SES089/SA089S13	SES270	-2.00201	-48.2684	-46.2664
BLOCK08/SES089/SA089S14	SES062	-1.81839	-47.8644	-46.046
BLOCK08/SES089/SA089S14	SES087	-0.259617	-46.3056	-46.046
BLOCK08/SES089/SA089S14	SES206	-0.886402	-46.9324	-46.046
BLOCK08/SES089/SA089S14	SES226	-0.882664	-46.9287	-46.046
BLOCK08/SES089/SA089S23	SES087	-0.893902	-47.6605	-46.7666
BLOCK08/SES089/SA089S23	SES206	-1.03963	-47.8063	-46.7666
BLOCK08/SES089/SA089S23	SES226	-1.12183	-47.8885	-46.7666
BLOCK08/SES089/SA089S23	SES270	-1.61098	-48.3776	-46.7666
BLOCK08/SES089/SA089S25	SES062	-2.3499	-48.3313	-45.9814
BLOCK08/SES089/SA089S25	SES087	-0.143688	-46.125	-45.9814
BLOCK08/SES089/SA089S25	SES206	-0.990875	-46.9722	-45.9814
BLOCK08/SES089/SA089S25	SES226	-0.809189	-46.7905	-45.9814
BLOCK08/SES089/SA089S28	SES062	-1.67193	-47.6687	-45.9967
BLOCK08/SES089/SA089S28	SES087	-0.418797	-46.4155	-45.9967
BLOCK08/SES089/SA089S28	SES206	-0.460796	-46.4575	-45.9967
BLOCK08/SES089/SA089S28	SES226	-0.874332	-46.8711	-45.9967
BLOCK09/SES097/SA097S11	SES099	0.0935516	-46.7655	-46.8591
BLOCK09/SES097/SA097S11	SES125	-2.01732	-48.8764	-46.8591
BLOCK09/SES097/SA097S11	SES206	-1.58059	-48.4397	-46.8591
BLOCK09/SES097/SA097S11	SES226	-0.448452	-47.3076	-46.8591
BLOCK09/SES097/SA097S14	SES062	-2.37278	-48.8974	-46.5246
BLOCK09/SES097/SA097S14	SES099	-0.420944	-46.9456	-46.5246
BLOCK09/SES097/SA097S14	SES104	-1.09767	-47.6223	-46.5246
BLOCK09/SES097/SA097S14	SES206	-1.45595	-47.9806	-46.5246
BLOCK09/SES097/SA097S22	SES099	0.522007	-46.2486	-46.7706
BLOCK09/SES097/SA097S22	SES206	-1.41748	-48.1881	-46.7706
BLOCK09/SES097/SA097S22	SES226	-1.19485	-47.9655	-46.7706
BLOCK09/SES097/SA097S22	SES270	0.238037	-46.5326	-46.7706
BLOCK09/SES097/SA097S26	SES099	0.113384	-46.0401	-46.1535
BLOCK09/SES097/SA097S26	SES120	-2.71815	-48.8716	-46.1535
BLOCK09/SES097/SA097S26	SES206	-0.996815	-47.1503	-46.1535
BLOCK09/SES097/SA097S26	SES226	-0.838985	-46.9924	-46.1535
BLOCK09/SES097/SA097S28	SES099	-0.596539	-47.043	-46.4465
BLOCK09/SES097/SA097S28	SES120	-2.52096	-48.9675	-46.4465
BLOCK09/SES097/SA097S28	SES206	-1.84182	-48.2883	-46.4465
BLOCK09/SES097/SA097S28	SES226	-1.62059	-48.0671	-46.4465
BLOCK09/SES098/SA098S11	SES127	-2.45981	-49.5207	-47.0609
BLOCK09/SES098/SA098S11	SES144	-1.60691	-48.6678	-47.0609
BLOCK09/SES098/SA098S11	SES147	-1.18052	-48.2414	-47.0609
BLOCK09/SES098/SA098S11	SES148	-2.99538	-50.0563	-47.0609
BLOCK09/SES098/SA098S12	SES127	-4.51732	-53.1819	-48.6645
BLOCK09/SES098/SA098S12	SES144	-1.55836	-50.2229	-48.6645
BLOCK09/SES098/SA098S12	SES147	-2.33746	-51.002	-48.6645
BLOCK09/SES098/SA098S12	SES189	-1.44883	-50.1134	-48.6645
BLOCK09/SES098/SA098S20	SES127	-3.14215	-50.8308	-47.6887
BLOCK09/SES098/SA098S20	SES147	-1.7693	-49.458	-47.6887
BLOCK09/SES098/SA098S20	SES148	-3.70829	-51.397	-47.6887
BLOCK09/SES098/SA098S20	SES292	-3.18439	-50.8731	-47.6887
BLOCK09/SES098/SA098S23	SES127	-1.97535	-49.0407	-47.0654
BLOCK09/SES098/SA098S23	SES147	-1.59967	-48.665	-47.0654
BLOCK09/SES098/SA098S23	SES187	-0.972073	-48.0374	-47.0654
BLOCK09/SES098/SA098S23	SES292	-2.18019	-49.2456	-47.0654
BLOCK09/SES098/SA098S27	SES127	-3.00002	-50.4568	-47.4568
BLOCK09/SES098/SA098S27	SES147	-2.51066	-49.9674	-47.4568
BLOCK09/SES098/SA098S27	SES148	-3.57103	-51.0278	-47.4568
BLOCK09/SES098/SA098S27	SES292	-2.23922	-49.696	-47.4568
BLOCK10/SES102/SA102S13	SES101	-0.873272	-48.2064	-47.3331
BLOCK10/SES102/SA102S13	SES105	-1.49259	-48.8257	-47.3331
BLOCK10/SES102/SA102S13	SES120	-1.31069	-48.6438	-47.3331
BLOCK10/SES102/SA102S13	SES158	-4.69865	-52.0317	-47.3331
BLOCK10/SES102/SA102S14	SES007	-0.519314	-46.1913	-45.672
BLOCK10/SES102/SA102S14	SES101	-0.613438	-46.2854	-45.672
BLOCK10/SES102/SA102S14	SES105	-0.741631	-46.4136	-45.672
BLOCK10/SES102/SA102S14	SES147	-2.17808	-47.8501	-45.672
BLOCK10/SES102/SA102S22	SES007	-1.36074	-47.2846	-45.9239
BLOCK10/SES102/SA102S22	SES101	-0.323017	-46.2469	-45.9239
BLOCK10/SES102/SA102S22	SES105	-0.610901	-46.5348	-45.9239
BLOCK10/SES102/SA102S22	SES158	-3.62743	-49.5513	-45.9239
BLOCK10/SES102/SA102S25	SES007	-0.954334	-46.9502	-45.9958
BLOCK10/SES102/SA102S25	SES101	-0.289009	-46.2848	-45.9958
BLOCK10/SES102/SA102S25	SES105	-1.05149	-47.0473	-45.9958
BLOCK10/SES102/SA102S25	SES147	-2.73541	-48.7312	-45.9958
BLOCK10/SES102/SA102S27	SES007	-1.52591	-47.8888	-46.3629
BLOCK10/SES102/SA102S27	SES101	-0.883404	-47.2463	-46.3629
BLOCK10/SES102/SA102S27	SES105	-1.43426	-47.7972	-46.3629
BLOCK10/SES102/SA102S27	SES147	-2.23249	-48.5954	-46.3629
BLOCK10/SES103/SA103S14	SES105	-1.99316	-49.6255	-47.6324
BLOCK10/SES103/SA103S14	SES106	-0.579979	-48.2123	-47.6324
BLOCK10/SES103/SA103S14	SES120	-3.21149	-50.8438	-47.6324
BLOCK10/SES103/SA103S14	SES206	-1.52137	-49.1537	-47.6324
BLOCK10/SES103/SA103S15	SES099	-0.598915	-48.9745	-48.3756
BLOCK10/SES103/SA103S15	SES101	-3.37547	-51.751	-48.3756
BLOCK10/SES103/SA103S15	SES104	-0.89724	-49.2728	-48.3756
BLOCK10/SES103/SA103S15	SES125	-0.973202	-49.3488	-48.3756
BLOCK10/SES103/SA103S24	SES104	-0.983425	-47.7892	-46.8058
BLOCK10/SES103/SA103S24	SES125	-1.1845	-47.9903	-46.8058
BLOCK10/SES103/SA103S24	SES148	-2.98685	-49.7926	-46.8058
BLOCK10/SES103/SA103S24	SES158	-0.574162	-47.3799	-46.8058
BLOCK10/SES103/SA103S26	SES104	-0.989384	-48.5529	-47.5636
BLOCK10/SES103/SA103S26	SES106	-0.636154	-48.1997	-47.5636
BLOCK10/SES103/SA103S26	SES125	-1.01531	-48.5789	-47.5636
BLOCK10/SES103/SA103S26	SES148	-3.21778	-50.7813	-47.5636
BLOCK10/SES103/SA103S28	SES104	-1.83108	-49.8536	-48.0225
BLOCK10/SES103/SA103S28	SES106	-1.15084	-49.1734	-48.0225
BLOCK10/SES103/SA103S28	SES125	-2.08466	-50.1072	-48.0225
BLOCK10/SES103/SA103S28	SES206	-3.0126	-51.0351	-48.0225
BLOCK12/SES121/SA121S12	SES042	-1.7534	-50.2631	-48.5097
BLOCK12/SES121/SA121S12	SES087	-1.18941	-49.6991	-48.5097
BLOCK12/SES121/SA121S12	SES105	-1.40431	-49.914	-48.5097
BLOCK12/SES121/SA121S12	SES206	-1.45613	-49.9658	-48.5097
BLOCK12/SES121/SA121S14	SES007	-2.98192	-52.1269	-49.145
BLOCK12/SES121/SA121S14	SES105	-2.33067	-51.4757	-49.145
BLOCK12/SES121/SA121S14	SES106	-1.28752	-50.4325	-49.145
BLOCK12/SES121/SA121S14	SES206	-1.82155	-50.9665	-49.145
BLOCK12/SES121/SA121S23	SES105	-2.42745	-51.452	-49.0245
BLOCK12/SES121/SA121S23	SES106	-0.934792	-49.9593	-49.0245
BLOCK12/SES121/SA121S23	SES120	-3.12564	-52.1502	-49.0245
BLOCK12/SES121/SA121S23	SES206	-1.41874	-50.4433	-49.0245
BLOCK12/SES121/SA121S25	SES007	-2.14502	-52.0404	-49.8954
BLOCK12/SES121/SA121S25	SES105	-2.39176	-52.2872	-49.8954
BLOCK12/SES121/SA121S25	SES106	-1.46563	-51.361	-49.8954
BLOCK12/SES121/SA121S25	SES206	-1.66565	-51.561	-49.8954
BLOCK12/SES121/SA121S27	SES087	0.0216064	-48.25	-48.2716
BLOCK12/SES121/SA121S27	SES105	-3.38366	-51.6552	-48.2716
BLOCK12/SES121/SA121S27	SES120	-2.65326	-50.9248	-48.2716
BLOCK12/SES121/SA121S27	SES206	-0.972187	-49.2437	-48.2716
BLOCK12/SES124/SA124S16	SES042	-0.252617	-46.5089	-46.2563
BLOCK12/SES124/SA124S16	SES082	-0.742271	-46.9986	-46.2563
BLOCK12/SES124/SA124S16	SES183	-3.13796	-49.3943	-46.2563
BLOCK12/SES124/SA124S16	SES206	-0.988846	-47.2452	-46.2563
BLOCK12/SES124/SA124S17	SES105	-2.30167	-49.6725	-47.3708
BLOCK12/SES124/SA124S17	SES149	-1.81427	-49.1851	-47.3708
BLOCK12/SES124/SA124S17	SES158	-1.78463	-49.1554	-47.3708
BLOCK12/SES124/SA124S17	SES275	-3.25195	-50.6227	-47.3708
BLOCK12/SES124/SA124S23	SES105	-2.29989	-47.2777	-44.9778
BLOCK12/SES124/SA124S23	SES125	0.082119	-44.8957	-44.9778
BLOCK12/SES124/SA124S23	SES129	-3.58775	-48.5655	-44.9778
BLOCK12/SES124/SA124S23	SES158	-0.684315	-45.6621	-44.9778
BLOCK12/SES124/SA124S26	SES105	-3.12862	-48.7115	-45.5829
BLOCK12/SES124/SA124S26	SES125	-0.512501	-46.0954	-45.5829
BLOCK12/SES124/SA124S26	SES129	-4.25203	-49.8349	-45.5829
BLOCK12/SES124/SA124S26	SES158	-0.994366	-46.5772	-45.5829
BLOCK12/SES124/SA124S28	SES104	-0.493557	-46.0635	-45.57
BLOCK12/SES124/SA124S28	SES106	-0.053833	-45.6238	-45.57
BLOCK12/SES124/SA124S28	SES125	-0.197006	-45.767	-45.57
BLOCK12/SES124/SA124S28	SES275	-3.04932	-48.6193	-45.57
BLOCK12/SES126/SA126S13	SES007	-2.67094	-50.4397	-47.7688
BLOCK12/SES126/SA126S13	SES162	-2.03699	-49.8058	-47.7688
BLOCK12/SES126/SA126S13	SES177	-1.31718	-49.0859	-47.7688
BLOCK12/SES126/SA126S13	SES180	-2.00719	-49.776	-47.7688
BLOCK12/SES126/SA126S14	SES144	-1.21584	-47.5706	-46.3547
BLOCK12/SES126/SA126S14	SES148	-1.73826	-48.093	-46.3547
BLOCK12/SES126/SA126S14	SES177	-0.754822	-47.1096	-46.3547
BLOCK12/SES126/SA126S14	SES180	-1.19966	-47.5544	-46.3547
BLOCK12/SES126/SA126S20	SES007	-2.9489	-49.5809	-46.632
BLOCK12/SES126/SA126S20	SES162	-2.04442	-48.6764	-46.632
BLOCK12/SES126/SA126S20	SES172	-3.36229	-49.9943	-46.632
BLOCK12/SES126/SA126S20	SES180	-2.427	-49.059	-46.632
BLOCK12/SES126/SA126S24	SES120	-1.10758	-47.1558	-46.0483
BLOCK12/SES126/SA126S24	SES162	-1.66035	-47.7086	-46.0483
BLOCK12/SES126/SA126S24	SES177	-0.928104	-46.9764	-46.0483
BLOCK12/SES126/SA126S24	SES180	-0.752502	-46.8008	-46.0483
BLOCK12/SES126/SA126S26	SES120	-0.767944	-47.8249	-47.057
BLOCK12/SES126/SA126S26	SES177	-1.0719	-48.1289	-47.057
BLOCK12/SES126/SA126S26	SES180	-1.33681	-48.3938	-47.057
BLOCK12/SES126/SA126S26	SES202	-2.38855	-49.4455	-47.057
BLOCK12/SES128/SA128S10	SES087	-2.29148	-48.5463	-46.2548
BLOCK12/SES128/SA128S10	SES206	-1.63699	-47.8918	-46.2548
BLOCK12/SES128/SA128S10	SES226	-0.79594	-47.0508	-46.2548
BLOCK12/SES128/SA128S10	SES270	-0.582859	-46.8377	-46.2548
BLOCK12/SES128/SA128S12	SES120	-2.73514	-49.0597	-46.3245
BLOCK12/SES128/SA128S12	SES158	-1.18691	-47.5115	-46.3245
BLOCK12/SES128/SA128S12	SES206	-1.09817	-47.4227	-46.3245
BLOCK12/SES128/SA128S12	SES226	-1.27343	-47.598	-46.3245
BLOCK12/SES128/SA128S21	SES106	-2.44118	-49.6108	-47.1696
BLOCK12/SES128/SA128S21	SES120	-2.05464	-49.2242	-47.1696
BLOCK12/SES128/SA128S21	SES206	-2.05257	-49.2221	-47.1696
BLOCK12/SES128/SA128S21	SES226	-1.70043	-48.87	-47.1696
BLOCK12/SES128/SA128S24	SES087	-2.24017	-49.0301	-46.79
BLOCK12/SES128/SA128S24	SES120	-1.30235	-48.0923	-46.79
BLOCK12/SES128/SA128S24	SES206	-1.87459	-48.6646	-46.79
BLOCK12/SES128/SA128S24	SES226	-1.67715	-48.4671	-46.79
BLOCK12/SES128/SA128S27	SES099	-0.729546	-46.6275	-45.8979
BLOCK12/SES128/SA128S27	SES120	-1.77265	-47.6706	-45.8979
BLOCK12/SES128/SA128S27	SES206	-1.28395	-47.1819	-45.8979
BLOCK12/SES128/SA128S27	SES226	-0.961487	-46.8594	-45.8979
BLOCK13/SES130/SA130S13	SES143	-2.79417	-50.6428	-47.8486
BLOCK13/SES130/SA130S13	SES144	-0.70961	-48.5583	-47.8486
BLOCK13/SES130/SA130S13	SES146	-1.15754	-49.0062	-47.8486
BLOCK13/SES130/SA130S13	SES275	-3.72344	-51.5721	-47.8486
BLOCK13/SES130/SA130S15	SES143	-2.08957	-48.8694	-46.7799
BLOCK13/SES130/SA130S15	SES144	-0.32835	-47.1082	-46.7799
BLOCK13/SES130/SA130S15	SES146	-0.848434	-47.6283	-46.7799
BLOCK13/SES130/SA130S15	SES275	-1.31757	-48.0974	-46.7799
BLOCK13/SES130/SA130S23	SES127	-2.01736	-50.1528	-48.1355
BLOCK13/SES130/SA130S23	SES144	-1.37783	-49.5133	-48.1355
BLOCK13/SES130/SA130S23	SES146	-0.780937	-48.9164	-48.1355
BLOCK13/SES130/SA130S23	SES162	-1.1739	-49.3094	-48.1355
BLOCK13/SES130/SA130S25	SES127	-1.52273	-47.9549	-46.4322
BLOCK13/SES130/SA130S25	SES144	-0.409721	-46.8419	-46.4322
BLOCK13/SES130/SA130S25	SES146	-0.772072	-47.2042	-46.4322
BLOCK13/SES130/SA130S25	SES275	-0.942459	-47.3746	-46.4322
BLOCK13/SES130/SA130S28	SES127	-1.35576	-47.8711	-46.5154
BLOCK13/SES130/SA130S28	SES144	-1.05779	-47.5732	-46.5154
BLOCK13/SES130/SA130S28	SES146	-1.27516	-47.7905	-46.5154
BLOCK13/SES130/SA130S28	SES275	-0.69075	-47.2061	-46.5154
BLOCK13/SES131/SA131S13	SES002	-1.73995	-50.337	-48.597
BLOCK13/SES131/SA131S13	SES007	-3.4128	-52.0098	-48.597
BLOCK13/SES131/SA131S13	SES099	-1.17921	-49.7762	-48.597
BLOCK13/SES131/SA131S13	SES105	-1.69266	-50.2897	-48.597
BLOCK13/SES131/SA131S14	SES104	-0.782211	-47.5944	-46.8122
BLOCK13/SES131/SA131S14	SES106	-0.442768	-47.2549	-46.8122
BLOCK13/SES131/SA131S14	SES125	-1.4328	-48.245	-46.8122
BLOCK13/SES131/SA131S14	SES148	-2.3493	-49.1615	-46.8122
BLOCK13/SES131/SA131S20	SES104	-1.0773	-49.1887	-48.1114
BLOCK13/SES131/SA131S20	SES106	-0.553699	-48.6651	-48.1114
BLOCK13/SES131/SA131S20	SES125	-1.24603	-49.3574	-48.1114
BLOCK13/SES131/SA131S20	SES148	-3.35653	-51.4679	-48.1114
BLOCK13/SES131/SA131S22	SES099	-0.972958	-48.4315	-47.4586
BLOCK13/SES131/SA131S22	SES104	-1.18286	-48.6414	-47.4586
BLOCK13/SES131/SA131S22	SES125	-1.16179	-48.6204	-47.4586
BLOCK13/SES131/SA131S22	SES206	-2.08812	-49.5467	-47.4586
BLOCK13/SES131/SA131S29	SES087	-1.25306	-49.1927	-47.9396
BLOCK13/SES131/SA131S29	SES104	-1.68801	-49.6277	-47.9396
BLOCK13/SES131/SA131S29	SES125	-1.76437	-49.704	-47.9396
BLOCK13/SES131/SA131S29	SES206	-1.62582	-49.5655	-47.9396
BLOCK13/SES132/SA132S11	SES083	-2.18214	-48.0643	-45.8822
BLOCK13/SES132/SA132S11	SES120	-0.355869	-46.2381	-45.8822
BLOCK13/SES132/SA132S11	SES127	-1.25463	-47.1368	-45.8822
BLOCK13/SES132/SA132S11	SES275	-1.23757	-47.1198	-45.8822
BLOCK13/SES132/SA132S12	SES083	-1.74949	-47.6121	-45.8626
BLOCK13/SES132/SA132S12	SES143	-1.52178	-47.3844	-45.8626
BLOCK13/SES132/SA132S12	SES144	-1.34276	-47.2054	-45.8626
BLOCK13/SES132/SA132S12	SES148	-1.27589	-47.1385	-45.8626
BLOCK13/SES132/SA132S22	SES062	-0.590912	-46.3902	-45.7993
BLOCK13/SES132/SA132S22	SES083	-1.43708	-47.2364	-45.7993
BLOCK13/SES132/SA132S22	SES127	-1.21249	-47.0118	-45.7993
BLOCK13/SES132/SA132S22	SES275	-0.554283	-46.3536	-45.7993
BLOCK13/SES132/SA132S24	SES007	-0.551609	-46.0857	-45.5341
BLOCK13/SES132/SA132S24	SES083	-1.92846	-47.4626	-45.5341
BLOCK13/SES132/SA132S24	SES127	-1.7597	-47.2938	-45.5341
BLOCK13/SES132/SA132S24	SES275	-1.04337	-46.5775	-45.5341
BLOCK13/SES132/SA132S27	SES083	-2.39353	-48.7164	-46.3229
BLOCK13/SES132/SA132S27	SES120	-0.502361	-46.8252	-46.3229
BLOCK13/SES132/SA132S27	SES127	-2.31066	-48.6335	-46.3229
BLOCK13/SES132/SA132S27	SES275	-2.04482	-48.3677	-46.3229
BLOCK14/SES141/SA141S09	SES143	-1.09942	-47.7095	-46.61
BLOCK14/SES141/SA141S09	SES144	-0.946896	-47.5569	-46.61
BLOCK14/SES141/SA141S09	SES162	-1.16602	-47.7761	-46.61
BLOCK14/SES141/SA141S09	SES180	-0.911774	-47.5218	-46.61
BLOCK14/SES141/SA141S15	SES127	-1.18886	-47.5302	-46.3414
BLOCK14/SES141/SA141S15	SES144	-1.28111	-47.6225	-46.3414
BLOCK14/SES141/SA141S15	SES162	-1.42881	-47.7702	-46.3414
BLOCK14/SES141/SA141S15	SES180	-0.703083	-47.0445	-46.3414
BLOCK14/SES141/SA141S24	SES127	-1.03835	-46.9296	-45.8912
BLOCK14/SES141/SA141S24	SES144	-1.38438	-47.2756	-45.8912
BLOCK14/SES141/SA141S24	SES162	-1.05386	-46.9451	-45.8912
BLOCK14/SES141/SA141S24	SES183	-2.17193	-48.0632	-45.8912
BLOCK14/SES141/SA141S26	SES142	-1.65221	-48.634	-46.9818
BLOCK14/SES141/SA141S26	SES144	-1.50312	-48.4849	-46.9818
BLOCK14/SES141/SA141S26	SES172	-1.61094	-48.5927	-46.9818
BLOCK14/SES141/SA141S26	SES180	-1.05991	-48.0417	-46.9818
BLOCK14/SES141/SA141S29	SES127	-0.757507	-46.7399	-45.9824
BLOCK14/SES141/SA141S29	SES142	-0.737076	-46.7194	-45.9824
BLOCK14/SES141/SA141S29	SES144	-1.08722	-47.0696	-45.9824
BLOCK14/SES141/SA141S29	SES180	-0.833931	-46.8163	-45.9824
BLOCK15/SES157/SA157S08	SES083	-3.14954	-49.9365	-46.787
BLOCK15/SES157/SA157S08	SES127	-1.97223	-48.7592	-46.787
BLOCK15/SES157/SA157S08	SES148	-1.14588	-47.9329	-46.787
BLOCK15/SES157/SA157S08	SES292	-2.2911	-49.0781	-46.787
BLOCK15/SES157/SA157S11	SES083	-3.01916	-49.4666	-46.4474
BLOCK15/SES157/SA157S11	SES127	-1.8896	-48.337	-46.4474
BLOCK15/SES157/SA157S11	SES148	-1.30356	-47.751	-46.4474
BLOCK15/SES157/SA157S11	SES292	-2.227	-48.6744	-46.4474
BLOCK15/SES157/SA157S21	SES127	-1.60352	-47.506	-45.9025
BLOCK15/SES157/SA157S21	SES148	-0.754185	-46.6566	-45.9025
BLOCK15/SES157/SA157S21	SES158	-5.03975	-50.9422	-45.9025
BLOCK15/SES157/SA157S21	SES292	-1.72595	-47.6284	-45.9025
BLOCK15/SES157/SA157S24	SES127	-1.52011	-47.8169	-46.2968
BLOCK15/SES157/SA157S24	SES148	-0.995323	-47.2922	-46.2968
BLOCK15/SES157/SA157S24	SES183	-1.63419	-47.931	-46.2968
BLOCK15/SES157/SA157S24	SES292	-1.90543	-48.2023	-46.2968
BLOCK15/SES157/SA157S26	SES007	-0.960773	-46.7544	-45.7936
BLOCK15/SES157/SA157S26	SES127	-0.884483	-46.6781	-45.7936
BLOCK15/SES157/SA157S26	SES147	-2.94246	-48.7361	-45.7936
BLOCK15/SES157/SA157S26	SES148	-1.082	-46.8756	-45.7936
BLOCK16/SES161/SA161S10	SES007	-2.40619	-50.171	-47.7648
BLOCK16/SES161/SA161S10	SES105	-1.5302	-49.295	-47.7648
BLOCK16/SES161/SA161S10	SES158	-2.00103	-49.7658	-47.7648
BLOCK16/SES161/SA161S10	SES275	-2.29859	-50.0634	-47.7648
BLOCK16/SES161/SA161S12	SES007	-1.6804	-49.0045	-47.3241
BLOCK16/SES161/SA161S12	SES105	-1.76893	-49.0931	-47.3241
BLOCK16/SES161/SA161S12	SES158	-1.34073	-48.6649	-47.3241
BLOCK16/SES161/SA161S12	SES275	-1.7631	-49.0872	-47.3241
BLOCK16/SES161/SA161S20	SES007	-2.25079	-50.8631	-48.6123
BLOCK16/SES161/SA161S20	SES105	-2.29939	-50.9117	-48.6123
BLOCK16/SES161/SA161S20	SES158	-1.95348	-50.5658	-48.6123
BLOCK16/SES161/SA161S20	SES275	-2.69641	-51.3087	-48.6123
BLOCK16/SES161/SA161S23	SES007	-1.93956	-48.9803	-47.0408
BLOCK16/SES161/SA161S23	SES105	-1.46308	-48.5038	-47.0408
BLOCK16/SES161/SA161S23	SES148	-1.92536	-48.9661	-47.0408
BLOCK16/SES161/SA161S23	SES158	-1.19951	-48.2403	-47.0408
BLOCK16/SES161/SA161S28	SES007	-2.74724	-50.1935	-47.4463
BLOCK16/SES161/SA161S28	SES105	-2.45594	-49.9022	-47.4463
BLOCK16/SES161/SA161S28	SES158	-1.03175	-48.478	-47.4463
BLOCK16/SES161/SA161S28	SES206	-1.52922	-48.9755	-47.4463
BLOCK16/SES164/SA164S11	SES104	-1.35001	-47.5546	-46.2046
BLOCK16/SES164/SA164S11	SES125	-0.625214	-46.8298	-46.2046
BLOCK16/SES164/SA164S11	SES158	-0.0670166	-46.2716	-46.2046
BLOCK16/SES164/SA164S11	SES206	-1.63942	-47.844	-46.2046
BLOCK16/SES164/SA164S13	SES099	-0.540901	-47.8253	-47.2844
BLOCK16/SES164/SA164S13	SES104	-1.32129	-48.6057	-47.2844
BLOCK16/SES164/SA164S13	SES125	-2.17466	-49.4591	-47.2844
BLOCK16/SES164/SA164S13	SES206	-1.83427	-49.1187	-47.2844
BLOCK16/SES164/SA164S24	SES002	-0.469162	-47.2003	-46.7312
BLOCK16/SES164/SA164S24	SES099	-0.948601	-47.6798	-46.7312
BLOCK16/SES164/SA164S24	SES125	-1.70097	-48.4321	-46.7312
BLOCK16/SES164/SA164S24	SES226	-0.28067	-47.0118	-46.7312
BLOCK16/SES164/SA164S27	SES087	-2.25283	-49.2368	-46.9839
BLOCK16/SES164/SA164S27	SES125	-1.568	-48.5519	-46.9839
BLOCK16/SES164/SA164S27	SES206	-1.68219	-48.6661	-46.9839
BLOCK16/SES164/SA164S27	SES226	-0.663933	-47.6479	-46.9839
BLOCK16/SES164/SA164S29	SES002	-0.123695	-46.6961	-46.5724
BLOCK16/SES164/SA164S29	SES019	-1.18366	-47.7561	-46.5724
BLOCK16/SES164/SA164S29	SES125	-1.27838	-47.8508	-46.5724
BLOCK16/SES164/SA164S29	SES226	-0.723381	-47.2958	-46.5724
BLOCK16/SES169/SA169S13	SES117	-1.40755	-48.0611	-46.6536
BLOCK16/SES169/SA169S13	SES144	-1.17779	-47.8313	-46.6536
BLOCK16/SES169/SA169S13	SES146	-1.48133	-48.1349	-46.6536
BLOCK16/SES169/SA169S13	SES162	-1.75387	-48.4074	-46.6536
BLOCK16/SES169/SA169S14	SES144	-1.14233	-46.736	-45.5936
BLOCK16/SES169/SA169S14	SES148	-1.1641	-46.7577	-45.5936
BLOCK16/SES169/SA169S14	SES177	-1.39878	-46.9924	-45.5936
BLOCK16/SES169/SA169S14	SES180	-2.04961	-47.6432	-45.5936
BLOCK16/SES169/SA169S24	SES117	-0.852486	-48.3596	-47.5071
BLOCK16/SES169/SA169S24	SES144	-0.709431	-48.2166	-47.5071
BLOCK16/SES169/SA169S24	SES146	-1.37772	-48.8849	-47.5071
BLOCK16/SES169/SA169S24	SES162	-1.27691	-48.784	-47.5071
BLOCK16/SES169/SA169S27	SES127	-1.38113	-48.0025	-46.6214
BLOCK16/SES169/SA169S27	SES129	-1.93246	-48.5539	-46.6214
BLOCK16/SES169/SA169S27	SES144	-1.50466	-48.1261	-46.6214
BLOCK16/SES169/SA169S27	SES146	-0.905251	-47.5267	-46.6214
BLOCK16/SES169/SA169S29	SES144	-0.601437	-46.4966	-45.8952
BLOCK16/SES169/SA169S29	SES162	-0.667088	-46.5622	-45.8952
BLOCK16/SES169/SA169S29	SES177	-1.90883	-47.804	-45.8952
BLOCK16/SES169/SA169S29	SES180	-1.01792	-46.9131	-45.8952
BLOCK17/SES171/SA171S12	SES083	-1.67804	-48.9028	-47.2248
BLOCK17/SES171/SA171S12	SES148	-1.45366	-48.6784	-47.2248
BLOCK17/SES171/SA171S12	SES172	-1.81878	-49.0435	-47.2248
BLOCK17/SES171/SA171S12	SES292	-2.5615	-49.7863	-47.2248
BLOCK17/SES171/SA171S15	SES148	-1.37882	-49.1105	-47.7317
BLOCK17/SES171/SA171S15	SES177	-1.74183	-49.4735	-47.7317
BLOCK17/SES171/SA171S15	SES180	-3.16256	-50.8942	-47.7317
BLOCK17/SES171/SA171S15	SES292	-2.81514	-50.5468	-47.7317
BLOCK17/SES171/SA171S22	SES007	-1.77999	-48.1379	-46.3579
BLOCK17/SES171/SA171S22	SES148	-1.06359	-47.4215	-46.3579
BLOCK17/SES171/SA171S22	SES177	-0.974304	-47.3322	-46.3579
BLOCK17/SES171/SA171S22	SES180	-1.87192	-48.2299	-46.3579
BLOCK17/SES171/SA171S25	SES101	-3.54778	-50.844	-47.2962
BLOCK17/SES171/SA171S25	SES120	-2.98203	-50.2782	-47.2962
BLOCK17/SES171/SA171S25	SES177	-1.54404	-48.8402	-47.2962
BLOCK17/SES171/SA171S25	SES180	-2.2873	-49.5835	-47.2962
BLOCK17/SES171/SA171S27	SES177	-1.03413	-47.9156	-46.8815
BLOCK17/SES171/SA171S27	SES180	-2.57049	-49.452	-46.8815
BLOCK17/SES171/SA171S27	SES189	-1.13787	-48.0194	-46.8815
BLOCK17/SES171/SA171S27	SES292	-2.45901	-49.3405	-46.8815
BLOCK17/SES173/SA173S13	SES162	-2.21497	-50.1037	-47.8887
BLOCK17/SES173/SA173S13	SES177	-2.17163	-50.0604	-47.8887
BLOCK17/SES173/SA173S13	SES180	-2.69504	-50.5838	-47.8887
BLOCK17/SES173/SA173S13	SES292	-2.36248	-50.2512	-47.8887
BLOCK17/SES173/SA173S14	SES007	-4.16244	-52.3254	-48.1629
BLOCK17/SES173/SA173S14	SES162	-1.84241	-50.0053	-48.1629
BLOCK17/SES173/SA173S14	SES177	-1.39112	-49.554	-48.1629
BLOCK17/SES173/SA173S14	SES180	-2.93085	-51.0938	-48.1629
BLOCK17/SES173/SA173S24	SES144	-1.69532	-50.2853	-48.59
BLOCK17/SES173/SA173S24	SES162	-2.31068	-50.9007	-48.59
BLOCK17/SES173/SA173S24	SES177	-1.45638	-50.0464	-48.59
BLOCK17/SES173/SA173S24	SES180	-3.38108	-51.9711	-48.59
BLOCK17/SES173/SA173S27	SES162	-2.55892	-50.2446	-47.6857
BLOCK17/SES173/SA173S27	SES177	-1.90519	-49.5909	-47.6857
BLOCK17/SES173/SA173S27	SES180	-2.49735	-50.1831	-47.6857
BLOCK17/SES173/SA173S27	SES292	-2.62873	-50.3144	-47.6857
BLOCK17/SES173/SA173S29	SES162	-2.01427	-49.859	-47.8447
BLOCK17/SES173/SA173S29	SES175	-1.50751	-49.3522	-47.8447
BLOCK17/SES173/SA173S29	SES177	-1.64761	-49.4923	-47.8447
BLOCK17/SES173/SA173S29	SES292	-3.11458	-50.9593	-47.8447
BLOCK18/SES182/SA182S10	SES144	-1.00732	-47.4328	-46.4255
BLOCK18/SES182/SA182S10	SES177	-1.23072	-47.6562	-46.4255
BLOCK18/SES182/SA182S10	SES180	-2.0784	-48.5039	-46.4255
BLOCK18/SES182/SA182S10	SES275	-0.854084	-47.2796	-46.4255
BLOCK18/SES182/SA182S12	SES144	-0.773384	-46.8388	-46.0654
BLOCK18/SES182/SA182S12	SES177	-1.17409	-47.2395	-46.0654
BLOCK18/SES182/SA182S12	SES180	-1.33947	-47.4049	-46.0654
BLOCK18/SES182/SA182S12	SES275	-1.03444	-47.0999	-46.0654
BLOCK18/SES182/SA182S21	SES117	-1.46381	-48.7212	-47.2574
BLOCK18/SES182/SA182S21	SES144	-1.29274	-48.5502	-47.2574
BLOCK18/SES182/SA182S21	SES162	-0.901928	-48.1594	-47.2574
BLOCK18/SES182/SA182S21	SES180	-1.55159	-48.809	-47.2574
BLOCK18/SES182/SA182S23	SES117	-1.44266	-48.4709	-47.0283
BLOCK18/SES182/SA182S23	SES144	-1.1116	-48.1399	-47.0283
BLOCK18/SES182/SA182S23	SES180	-1.59138	-48.6197	-47.0283
BLOCK18/SES182/SA182S23	SES275	-0.927464	-47.9557	-47.0283
BLOCK18/SES182/SA182S25	SES007	-0.65884	-47.2843	-46.6255
BLOCK18/SES182/SA182S25	SES162	-0.677406	-47.3029	-46.6255
BLOCK18/SES182/SA182S25	SES177	-0.966095	-47.5915	-46.6255
BLOCK18/SES182/SA182S25	SES180	-1.42107	-48.0465	-46.6255
BLOCK18/SES184/SA184S12	SES177	-2.11626	-48.8062	-46.69
BLOCK18/SES184/SA184S12	SES180	-1.32027	-48.0102	-46.69
BLOCK18/SES184/SA184S12	SES189	-2.2933	-48.9833	-46.69
BLOCK18/SES184/SA184S12	SES292	-1.91325	-48.6032	-46.69
BLOCK18/SES184/SA184S13	SES101	-2.49438	-48.7847	-46.2903
BLOCK18/SES184/SA184S13	SES177	-1.78296	-48.0733	-46.2903
BLOCK18/SES184/SA184S13	SES180	-1.75916	-48.0495	-46.2903
BLOCK18/SES184/SA184S13	SES292	-1.91858	-48.2089	-46.2903
BLOCK18/SES184/SA184S22	SES177	-1.32712	-47.0466	-45.7194
BLOCK18/SES184/SA184S22	SES180	-1.38583	-47.1053	-45.7194
BLOCK18/SES184/SA184S22	SES189	-2.75234	-48.4718	-45.7194
BLOCK18/SES184/SA184S22	SES292	-2.09312	-47.8126	-45.7194
BLOCK18/SES184/SA184S25	SES101	-1.29858	-46.6592	-45.3607
BLOCK18/SES184/SA184S25	SES177	-1.95078	-47.3114	-45.3607
BLOCK18/SES184/SA184S25	SES180	-1.20224	-46.5629	-45.3607
BLOCK18/SES184/SA184S25	SES292	-1.35024	-46.7109	-45.3607
BLOCK18/SES184/SA184S27	SES083	-2.00751	-48.275	-46.2675
BLOCK18/SES184/SA184S27	SES177	-1.14576	-47.4132	-46.2675
BLOCK18/SES184/SA184S27	SES202	-2.11446	-48.3819	-46.2675
BLOCK18/SES184/SA184S27	SES292	-1.75787	-48.0253	-46.2675
BLOCK20/SES204/SA204S12	SES062	-2.29721	-47.9322	-45.635
BLOCK20/SES204/SA204S12	SES083	-2.88751	-48.5225	-45.635
BLOCK20/SES204/SA204S12	SES206	-0.905155	-46.5401	-45.635
BLOCK20/SES204/SA204S12	SES226	-2.03225	-47.6672	-45.635
BLOCK20/SES204/SA204S14	SES068	-2.60337	-47.5389	-44.9355
BLOCK20/SES204/SA204S14	SES087	-0.441296	-45.3768	-44.9355
BLOCK20/SES204/SA204S14	SES206	-0.921696	-45.8572	-44.9355
BLOCK20/SES204/SA204S14	SES226	-1.71233	-46.6478	-44.9355
BLOCK20/SES204/SA204S22	SES068	-3.22792	-48.945	-45.7171
BLOCK20/SES204/SA204S22	SES082	-2.71545	-48.4326	-45.7171
BLOCK20/SES204/SA204S22	SES083	-3.07528	-48.7924	-45.7171
BLOCK20/SES204/SA204S22	SES206	-1.29212	-47.0092	-45.7171
BLOCK20/SES204/SA204S25	SES062	-2.47226	-48.4348	-45.9626
BLOCK20/SES204/SA204S25	SES083	-2.70279	-48.6654	-45.9626
BLOCK20/SES204/SA204S25	SES206	-0.584839	-46.5474	-45.9626
BLOCK20/SES204/SA204S25	SES226	-1.58392	-47.5465	-45.9626
BLOCK20/SES204/SA204S27	SES068	-3.4583	-49.5487	-46.0904
BLOCK20/SES204/SA204S27	SES082	-1.92039	-48.0108	-46.0904
BLOCK20/SES204/SA204S27	SES087	-0.804668	-46.8951	-46.0904
BLOCK20/SES204/SA204S27	SES206	-0.9431	-47.0335	-46.0904
BLOCK20/SES207/SA207S10	SES127	-1.09631	-47.7868	-46.6905
BLOCK20/SES207/SA207S10	SES183	-1.76767	-48.4582	-46.6905
BLOCK20/SES207/SA207S10	SES189	-1.6632	-48.3537	-46.6905
BLOCK20/SES207/SA207S10	SES292	-2.25482	-48.9453	-46.6905
BLOCK20/SES207/SA207S11	SES127	-2.39495	-49.1354	-46.7405
BLOCK20/SES207/SA207S11	SES183	-2.19603	-48.9365	-46.7405
BLOCK20/SES207/SA207S11	SES187	-0.663319	-47.4038	-46.7405
BLOCK20/SES207/SA207S11	SES292	-1.65898	-48.3994	-46.7405
BLOCK20/SES207/SA207S25	SES068	-1.20547	-47.967	-46.7615
BLOCK20/SES207/SA207S25	SES083	-2.50406	-49.2656	-46.7615
BLOCK20/SES207/SA207S25	SES127	-1.10169	-47.8632	-46.7615
BLOCK20/SES207/SA207S25	SES187	-0.478664	-47.2402	-46.7615
BLOCK20/SES207/SA207S27	SES127	-1.88319	-49.092	-47.2088
BLOCK20/SES207/SA207S27	SES183	-1.27712	-48.4859	-47.2088
BLOCK20/SES207/SA207S27	SES187	-1.41458	-48.6234	-47.2088
BLOCK20/SES207/SA207S27	SES292	-2.02136	-49.2301	-47.2088
BLOCK20/SES207/SA207S29	SES083	-2.20158	-48.7547	-46.5532
BLOCK20/SES207/SA207S29	SES085	-0.848198	-47.4014	-46.5532
BLOCK20/SES207/SA207S29	SES172	-2.40972	-48.9629	-46.5532
BLOCK20/SES207/SA207S29	SES189	-2.28428	-48.8374	-46.5532
BLOCK22/SES221/SA221S12	SES068	-1.74709	-48.1486	-46.4015
BLOCK22/SES221/SA221S12	SES143	-2.56221	-48.9637	-46.4015
BLOCK22/SES221/SA221S12	SES175	-1.14907	-47.5505	-46.4015
BLOCK22/SES221/SA221S12	SES202	-0.962463	-47.3639	-46.4015
BLOCK22/SES221/SA221S15	SES085	-2.70638	-50.2783	-47.5719
BLOCK22/SES221/SA221S15	SES143	-3.58722	-51.1591	-47.5719
BLOCK22/SES221/SA221S15	SES175	-1.57583	-49.1477	-47.5719
BLOCK22/SES221/SA221S15	SES187	-2.19162	-49.7635	-47.5719
BLOCK22/SES221/SA221S23	SES068	-1.89141	-48.5144	-46.623
BLOCK22/SES221/SA221S23	SES143	-3.06276	-49.6858	-46.623
BLOCK22/SES221/SA221S23	SES175	-1.19693	-47.8199	-46.623
BLOCK22/SES221/SA221S23	SES189	-0.341915	-46.9649	-46.623
BLOCK22/SES221/SA221S27	SES085	-2.79101	-49.5379	-46.7469
BLOCK22/SES221/SA221S27	SES143	-2.39188	-49.1388	-46.7469
BLOCK22/SES221/SA221S27	SES175	-1.09541	-47.8423	-46.7469
BLOCK22/SES221/SA221S27	SES189	0.444279	-46.3026	-46.7469
BLOCK22/SES221/SA221S29	SES085	-3.71352	-51.2104	-47.4969
BLOCK22/SES221/SA221S29	SES143	-2.81923	-50.3161	-47.4969
BLOCK22/SES221/SA221S29	SES175	-1.02447	-48.5214	-47.4969
BLOCK22/SES221/SA221S29	SES187	-1.15393	-48.6508	-47.4969
BLOCK22/SES223/SA223S11	SES143	-1.53238	-48.9507	-47.4183
BLOCK22/SES223/SA223S11	SES144	-2.60157	-50.0199	-47.4183
BLOCK22/SES223/SA223S11	SES175	-1.11932	-48.5377	-47.4183
BLOCK22/SES223/SA223S11	SES187	-1.85984	-49.2782	-47.4183
BLOCK22/SES223/SA223S13	SES068	-0.732552	-49.3179	-48.5853
BLOCK22/SES223/SA223S13	SES143	-2.30783	-50.8932	-48.5853
BLOCK22/SES223/SA223S13	SES146	-2.73569	-51.321	-48.5853
BLOCK22/SES223/SA223S13	SES202	-1.59502	-50.1804	-48.5853
BLOCK22/SES223/SA223S22	SES143	-1.93622	-49.2984	-47.3621
BLOCK22/SES223/SA223S22	SES144	-2.34538	-49.7075	-47.3621
BLOCK22/SES223/SA223S22	SES175	-1.54527	-48.9074	-47.3621
BLOCK22/SES223/SA223S22	SES187	-1.67484	-49.037	-47.3621
BLOCK22/SES223/SA223S25	SES068	-1.5724	-49.134	-47.5616
BLOCK22/SES223/SA223S25	SES143	-1.8932	-49.4548	-47.5616
BLOCK22/SES223/SA223S25	SES175	-1.01707	-48.5787	-47.5616
BLOCK22/SES223/SA223S25	SES187	-1.64966	-49.2113	-47.5616
BLOCK22/SES223/SA223S27	SES143	-1.45852	-49.0972	-47.6387
BLOCK22/SES223/SA223S27	SES146	-1.95543	-49.5942	-47.6387
BLOCK22/SES223/SA223S27	SES187	-1.99252	-49.6312	-47.6387
BLOCK22/SES223/SA223S27	SES292	-1.92441	-49.5631	-47.6387
BLOCK27/SES273/SA273S12	SES099	-0.110348	-45.0243	-44.9139
BLOCK27/SES273/SA273S12	SES104	-0.420017	-45.334	-44.9139
BLOCK27/SES273/SA273S12	SES125	-0.858955	-45.7729	-44.9139
BLOCK27/SES273/SA273S12	SES206	-0.223362	-45.1373	-44.9139
BLOCK27/SES273/SA273S13	SES099	-0.587769	-45.3359	-44.7482
BLOCK27/SES273/SA273S13	SES104	-0.978878	-45.727	-44.7482
BLOCK27/SES273/SA273S13	SES206	-0.890842	-45.639	-44.7482
BLOCK27/SES273/SA273S13	SES292	-3.26723	-48.0154	-44.7482
BLOCK27/SES273/SA273S21	SES099	0.104176	-45.3431	-45.4472
BLOCK27/SES273/SA273S21	SES148	-2.4006	-47.8478	-45.4472
BLOCK27/SES273/SA273S21	SES149	-0.957481	-46.4047	-45.4472
BLOCK27/SES273/SA273S21	SES177	-3.75882	-49.2061	-45.4472
BLOCK27/SES273/SA273S25	SES104	-0.822929	-46.1767	-45.3538
BLOCK27/SES273/SA273S25	SES125	-1.48761	-46.8414	-45.3538
BLOCK27/SES273/SA273S25	SES158	-0.510128	-45.8639	-45.3538
BLOCK27/SES273/SA273S25	SES206	-0.179821	-45.5336	-45.3538
BLOCK27/SES273/SA273S27	SES099	-0.452824	-45.4182	-44.9654
BLOCK27/SES273/SA273S27	SES104	-0.703297	-45.6687	-44.9654
BLOCK27/SES273/SA273S27	SES149	-0.636322	-45.6017	-44.9654
BLOCK27/SES273/SA273S27	SES275	-2.03125	-46.9967	-44.9654
BLOCK27/SES274/SA274S10	SES105	-1.2494	-46.4325	-45.1831
BLOCK27/SES274/SA274S10	SES125	-0.949589	-46.1327	-45.1831
BLOCK27/SES274/SA274S10	SES129	-0.955391	-46.1385	-45.1831
BLOCK27/SES274/SA274S10	SES158	-1.34383	-46.5269	-45.1831
BLOCK27/SES274/SA274S11	SES105	-1.51491	-47.006	-45.4911
BLOCK27/SES274/SA274S11	SES149	-0.578136	-46.0692	-45.4911
BLOCK27/SES274/SA274S11	SES158	-0.86599	-46.3571	-45.4911
BLOCK27/SES274/SA274S11	SES275	-1.49203	-46.9831	-45.4911
BLOCK27/SES274/SA274S21	SES105	-1.46913	-47.2057	-45.7366
BLOCK27/SES274/SA274S21	SES129	-1.67996	-47.4166	-45.7366
BLOCK27/SES274/SA274S21	SES149	-0.30125	-46.0378	-45.7366
BLOCK27/SES274/SA274S21	SES158	-1.9324	-47.669	-45.7366
BLOCK27/SES274/SA274S24	SES105	-1.4873	-47.2933	-45.806
BLOCK27/SES274/SA274S24	SES129	-2.30803	-48.114	-45.806
BLOCK27/SES274/SA274S24	SES149	-0.710686	-46.5167	-45.806
BLOCK27/SES274/SA274S24	SES158	-1.76839	-47.5744	-45.806
BLOCK27/SES274/SA274S29	SES105	-1.6762	-47.3252	-45.649
BLOCK27/SES274/SA274S29	SES106	-1.91185	-47.5608	-45.649
BLOCK27/SES274/SA274S29	SES120	-2.3056	-47.9546	-45.649
BLOCK27/SES274/SA274S29	SES275	-1.48738	-47.1363	-45.649
BLOCK27/SES276/SA276S16	SES148	-1.37492	-47.8963	-46.5214
BLOCK27/SES276/SA276S16	SES172	-1.48367	-48.005	-46.5214
BLOCK27/SES276/SA276S16	SES180	-2.3381	-48.8595	-46.5214
BLOCK27/SES276/SA276S16	SES292	-1.09387	-47.6152	-46.5214
BLOCK27/SES276/SA276S17	SES101	-1.87077	-48.2864	-46.4156
BLOCK27/SES276/SA276S17	SES177	-1.74201	-48.1576	-46.4156
BLOCK27/SES276/SA276S17	SES180	-1.83926	-48.2549	-46.4156
BLOCK27/SES276/SA276S17	SES292	-1.67775	-48.0934	-46.4156
BLOCK27/SES276/SA276S24	SES101	-1.07863	-46.6269	-45.5482
BLOCK27/SES276/SA276S24	SES177	-1.57133	-47.1196	-45.5482
BLOCK27/SES276/SA276S24	SES180	-1.97921	-47.5275	-45.5482
BLOCK27/SES276/SA276S24	SES292	-2.02853	-47.5768	-45.5482
BLOCK27/SES276/SA276S26	SES101	-2.72629	-48.6042	-45.8779
BLOCK27/SES276/SA276S26	SES177	-1.03506	-46.9129	-45.8779
BLOCK27/SES276/SA276S26	SES180	-1.19068	-47.0685	-45.8779
BLOCK27/SES276/SA276S26	SES292	-1.18602	-47.0639	-45.8779
BLOCK27/SES276/SA276S28	SES101	-2.24561	-48.4428	-46.1971
BLOCK27/SES276/SA276S28	SES177	-1.75435	-47.9515	-46.1971
BLOCK27/SES276/SA276S28	SES180	-1.21711	-47.4143	-46.1971
BLOCK27/SES276/SA276S28	SES292	-1.54724	-47.7444	-46.1971
BLOCK27/SES277/SA277S12	SES101	-0.934807	-47.9039	-46.9691
BLOCK27/SES277/SA277S12	SES177	-1.84941	-48.8185	-46.9691
BLOCK27/SES277/SA277S12	SES180	-2.07511	-49.0442	-46.9691
BLOCK27/SES277/SA277S12	SES292	-2.54202	-49.5111	-46.9691
BLOCK27/SES277/SA277S14	SES177	-1.39278	-48.7521	-47.3593
BLOCK27/SES277/SA277S14	SES180	-2.54858	-49.9079	-47.3593
BLOCK27/SES277/SA277S14	SES189	-1.08495	-48.4442	-47.3593
BLOCK27/SES277/SA277S14	SES292	-3.14229	-50.5016	-47.3593
BLOCK27/SES277/SA277S21	SES177	-1.04352	-47.3547	-46.3112
BLOCK27/SES277/SA277S21	SES180	-2.67398	-48.9851	-46.3112
BLOCK27/SES277/SA277S21	SES189	-0.943993	-47.2551	-46.3112
BLOCK27/SES277/SA277S21	SES292	-3.11705	-49.4282	-46.3112
BLOCK27/SES277/SA277S24	SES144	-1.51366	-48.885	-47.3713
BLOCK27/SES277/SA277S24	SES177	-1.33156	-48.7029	-47.3713
BLOCK27/SES277/SA277S24	SES180	-2.45601	-49.8273	-47.3713
BLOCK27/SES277/SA277S24	SES189	-1.52401	-48.8953	-47.3713
BLOCK27/SES277/SA277S29	SES177	-1.17674	-46.4244	-45.2477
BLOCK27/SES277/SA277S29	SES180	-1.57398	-46.8217	-45.2477
BLOCK27/SES277/SA277S29	SES202	-1.70874	-46.9564	-45.2477
BLOCK27/SES277/SA277S29	SES292	-2.77047	-48.0181	-45.2477
BLOCK27/SES279/SA279S09	SES120	-1.64757	-47.4007	-45.7532
BLOCK27/SES279/SA279S09	SES146	-1.7537	-47.5069	-45.7532
BLOCK27/SES279/SA279S09	SES206	-2.10616	-47.8593	-45.7532
BLOCK27/SES279/SA279S09	SES226	-2.41304	-48.1662	-45.7532
BLOCK27/SES279/SA279S10	SES099	-1.08143	-46.8526	-45.7711
BLOCK27/SES279/SA279S10	SES206	-1.1857	-46.9568	-45.7711
BLOCK27/SES279/SA279S10	SES226	-1.81346	-47.5846	-45.7711
BLOCK27/SES279/SA279S10	SES292	-1.56121	-47.3323	-45.7711
BLOCK27/SES279/SA279S20	SES099	-1.89244	-48.2387	-46.3462
BLOCK27/SES279/SA279S20	SES206	-1.03159	-47.3778	-46.3462
BLOCK27/SES279/SA279S20	SES226	-2.09948	-48.4457	-46.3462
BLOCK27/SES279/SA279S20	SES292	-1.09614	-47.4424	-46.3462
BLOCK27/SES279/SA279S26	SES099	-1.30856	-47.2743	-45.9658
BLOCK27/SES279/SA279S26	SES206	-0.993614	-46.9594	-45.9658
BLOCK27/SES279/SA279S26	SES226	-1.86559	-47.8313	-45.9658
BLOCK27/SES279/SA279S26	SES292	-1.74258	-47.7083	-45.9658
BLOCK27/SES279/SA279S28	SES099	-1.72783	-46.4616	-44.7338
BLOCK27/SES279/SA279S28	SES120	-1.41499	-46.1488	-44.7338
BLOCK27/SES279/SA279S28	SES177	-2.54731	-47.2811	-44.7338
BLOCK27/SES279/SA279S28	SES206	-2.09015	-46.8239	-44.7338
BLOCK29/SES290/SA290S12	SES162	-1.89289	-47.4917	-45.5988
BLOCK29/SES290/SA290S12	SES177	-1.47603	-47.0748	-45.5988
BLOCK29/SES290/SA290S12	SES180	-2.27092	-47.8697	-45.5988
BLOCK29/SES290/SA290S12	SES292	-2.32541	-47.9242	-45.5988
BLOCK29/SES290/SA290S13	SES007	-2.66196	-49.1628	-46.5009
BLOCK29/SES290/SA290S13	SES162	-2.23957	-48.7404	-46.5009
BLOCK29/SES290/SA290S13	SES177	-1.07024	-47.5711	-46.5009
BLOCK29/SES290/SA290S13	SES180	-1.61808	-48.1189	-46.5009
BLOCK29/SES290/SA290S22	SES177	-0.980446	-46.818	-45.8375
BLOCK29/SES290/SA290S22	SES180	-1.52877	-47.3663	-45.8375
BLOCK29/SES290/SA290S22	SES202	-1.41718	-47.2547	-45.8375
BLOCK29/SES290/SA290S22	SES292	-2.49436	-48.3319	-45.8375
BLOCK29/SES290/SA290S25	SES162	-1.58685	-47.4008	-45.8139
BLOCK29/SES290/SA290S25	SES177	-1.09161	-46.9055	-45.8139
BLOCK29/SES290/SA290S25	SES180	-1.09754	-46.9115	-45.8139
BLOCK29/SES290/SA290S25	SES292	-1.39345	-47.2074	-45.8139
BLOCK29/SES290/SA290S29	SES177	-0.30661	-46.0236	-45.717
BLOCK29/SES290/SA290S29	SES180	-1.02219	-46.7392	-45.717
BLOCK29/SES290/SA290S29	SES275	-2.15624	-47.8732	-45.717
BLOCK29/SES290/SA290S29	SES292	-1.56023	-47.2772	-45.717
BLOCK29/SES291/SA291S11	SES105	-3.03693	-49.6768	-46.6399
BLOCK29/SES291/SA291S11	SES125	-1.1305	-47.7704	-46.6399
BLOCK29/SES291/SA291S11	SES158	-1.01229	-47.6521	-46.6399
BLOCK29/SES291/SA291S11	SES275	-4.01417	-50.654	-46.6399
BLOCK29/SES291/SA291S12	SES158	-0.19154	-46.3243	-46.1327
BLOCK29/SES291/SA291S12	SES226	-1.08598	-47.2187	-46.1327
BLOCK29/SES291/SA291S12	SES270	-0.207397	-46.3401	-46.1327
BLOCK29/SES291/SA291S12	SES275	-4.54964	-50.6824	-46.1327
BLOCK29/SES291/SA291S22	SES082	-1.0971	-47.0584	-45.9613
BLOCK29/SES291/SA291S22	SES158	-0.898262	-46.8595	-45.9613
BLOCK29/SES291/SA291S22	SES259	-1.40019	-47.3614	-45.9613
BLOCK29/SES291/SA291S22	SES275	-3.71722	-49.6785	-45.9613
BLOCK29/SES291/SA291S24	SES104	-0.354115	-45.3565	-45.0024
BLOCK29/SES291/SA291S24	SES125	-0.323555	-45.3259	-45.0024
BLOCK29/SES291/SA291S24	SES158	-0.622585	-45.6249	-45.0024
BLOCK29/SES291/SA291S24	SES275	-3.86965	-48.872	-45.0024
BLOCK29/SES291/SA291S27	SES158	0.0804825	-45.2273	-45.3078
BLOCK29/SES291/SA291S27	SES172	-4.93959	-50.2474	-45.3078
BLOCK29/SES291/SA291S27	SES275	-3.9908	-49.2986	-45.3078
BLOCK29/SES291/SA291S27	SES292	-3.10418	-48.412	-45.3078
