BLOCK00/SES002/SA002S12	SES002	0.228001	-48.4983	-48.7263
BLOCK00/SES002/SA002S13	SES002	-0.018055	-50.5172	-50.4992
BLOCK00/SES002/SA002S23	SES002	0.172592	-49.2191	-49.3917
BLOCK00/SES002/SA002S26	SES002	-0.338387	-49.5236	-49.1852
BLOCK00/SES002/SA002S28	SES002	-0.160038	-49.5145	-49.3545
BLOCK00/SES007/SA007S14	SES007	0.552265	-47.8454	-48.3976
BLOCK00/SES007/SA007S15	SES007	-0.119934	-49.9798	-49.8599
BLOCK00/SES007/SA007S24	SES007	0.0343552	-49.0212	-49.0555
BLOCK00/SES007/SA007S27	SES007	-0.359756	-51.4818	-51.1221
BLOCK00/SES007/SA007S29	SES007	-0.734745	-50.3277	-49.593
BLOCK00/SES008/SA008S11	SES008	0.533478	-51.4007	-51.9342
BLOCK00/SES008/SA008S12	SES008	0.0217552	-51.3481	-51.3698
BLOCK00/SES008/SA008S19	SES008	-0.211128	-51.9981	-51.787
BLOCK00/SES008/SA008S22	SES008	-0.295055	-51.753	-51.458
BLOCK00/SES008/SA008S29	SES008	0.660995	-50.9449	-51.6059
BLOCK01/SES014/SA014S10	SES014	-0.775452	-51.6267	-50.8512
BLOCK01/SES014/SA014S12	SES014	0.310146	-49.1883	-49.4984
BLOCK01/SES014/SA014S24	SES014	0.358109	-49.3828	-49.7409
BLOCK01/SES014/SA014S26	SES014	0.680202	-47.6895	-48.3697
BLOCK01/SES014/SA014S28	SES014	0.629879	-50.5413	-51.1712
BLOCK01/SES016/SA016S12	SES016	-0.633183	-53.9208	-53.2876
BLOCK01/SES016/SA016S13	SES016	0.11729	-49.8572	-49.9745
BLOCK01/SES016/SA016S22	SES016	0.319324	-49.9317	-50.251
BLOCK01/SES016/SA016S25	SES016	-0.110542	-48.2946	-48.1841
BLOCK01/SES016/SA016S27	SES016	1.00745	-48.4265	-49.434
BLOCK01/SES019/SA019S13	SES019	0.315498	-49.8845	-50.2
BLOCK01/SES019/SA019S14	SES019	-0.400208	-51.973	-51.5728
BLOCK01/SES019/SA019S22	SES019	0.474041	-49.5596	-50.0337
BLOCK01/SES019/SA019S25	SES019	0.596634	-50.7732	-51.3698
BLOCK01/SES019/SA019S29	SES019	0.371815	-51.1622	-51.534
BLOCK02/SES029/SA029S11	SES029	-0.0511169	-50.5066	-50.4554
BLOCK02/SES029/SA029S12	SES029	-0.390202	-49.0244	-48.6342
BLOCK02/SES029/SA029S20	SES029	-0.387226	-51.8676	-51.4804
BLOCK02/SES029/SA029S25	SES029	0.0601387	-49.9967	-50.0569
BLOCK02/SES029/SA029S28	SES029	-0.604771	-51.4425	-50.8378
BLOCK04/SES042/SA042S12	SES042	0.585052	-49.3068	-49.8919
BLOCK04/SES042/SA042S15	SES042	0.236065	-47.5884	-47.8245
BLOCK04/SES042/SA042S22	SES042	0.838467	-46.3525	-47.1909
BLOCK04/SES042/SA042S25	SES042	-0.103676	-49.7746	-49.6709
BLOCK04/SES042/SA042S27	SES042	0.440838	-47.2766	-47.7174
BLOCK04/SES048/SA048S11	SES048	0.25161	-48.1961	-48.4478
BLOCK04/SES048/SA048S12	SES048	-0.163223	-49.3437	-49.1805
BLOCK04/SES048/SA048S20	SES048	-0.239765	-48.962	-48.7222
BLOCK04/SES048/SA048S23	SES048	0.474682	-50.4508	-50.9254
BLOCK04/SES048/SA048S27	SES048	0.0680428	-48.7198	-48.7879
BLOCK06/SES060/SA060S11	SES060	0.228867	-48.2482	-48.477
BLOCK06/SES060/SA060S12	SES060	-0.124626	-50.6454	-50.5208
BLOCK06/SES060/SA060S22	SES060	-1.50258	-52.0658	-50.5632
BLOCK06/SES060/SA060S24	SES060	0.0558205	-49.2271	-49.2829
BLOCK06/SES060/SA060S28	SES060	0.269661	-47.833	-48.1027
BLOCK06/SES062/SA062S10	SES062	-0.05513	-48.6916	-48.6365
BLOCK06/SES062/SA062S11	SES062	-0.228153	-50.8464	-50.6183
BLOCK06/SES062/SA062S21	SES062	0.420128	-47.222	-47.6422
BLOCK06/SES062/SA062S26	SES062	-0.231583	-49.9513	-49.7197
BLOCK06/SES062/SA062S29	SES062	0.333145	-48.4007	-48.7339
BLOCK06/SES068/SA068S14	SES068	-nan	-nan	-50.2056
BLOCK06/SES068/SA068S15	SES068	-nan	-nan	-50.055
BLOCK06/SES068/SA068S23	SES068	-nan	-nan	-51.0751
BLOCK06/SES068/SA068S27	SES068	-nan	-nan	-49.4842
BLOCK06/SES068/SA068S29	SES068	-nan	-nan	-50.4814
BLOCK08/SES082/SA082S12	SES082	-1.40001	-51.9292	-50.5292
BLOCK08/SES082/SA082S14	SES082	-0.976509	-52.8718	-51.8953
BLOCK08/SES082/SA082S21	SES082	-0.643494	-51.7118	-51.0683
BLOCK08/SES082/SA082S24	SES082	-0.52169	-50.8996	-50.3779
BLOCK08/SES082/SA082S28	SES082	-0.45224	-50.9058	-50.4536
BLOCK08/SES083/SA083S14	SES083	-0.98333	-51.4736	-50.4903
BLOCK08/SES083/SA083S15	SES083	-0.493858	-48.8075	-48.3136
BLOCK08/SES083/SA083S24	SES083	-0.615177	-50.3271	-49.7119
BLOCK08/SES083/SA083S26	SES083	-0.232822	-49.2673	-49.0345
BLOCK08/SES083/SA083S29	SES083	-0.822266	-49.9013	-49.0791
BLOCK08/SES085/SA085S10	SES085	-0.501728	-50.7566	-50.2549
BLOCK08/SES085/SA085S13	SES085	-0.954422	-51.6602	-50.7057
BLOCK08/SES085/SA085S22	SES085	-1.09849	-52.7802	-51.6818
BLOCK08/SES085/SA085S26	SES085	-0.267204	-49.945	-49.6778
BLOCK08/SES085/SA085S28	SES085	-0.525963	-50.4467	-49.9207
BLOCK08/SES087/SA087S15	SES087	-0.62402	-52.0889	-51.4649
BLOCK08/SES087/SA087S16	SES087	-0.0442696	-52.4371	-52.3928
BLOCK08/SES087/SA087S24	SES087	-0.179485	-49.0895	-48.91
BLOCK08/SES087/SA087S26	SES087	-0.441353	-49.4587	-49.0174
BLOCK08/SES087/SA087S29	SES087	-0.133095	-51.8698	-51.7367
BLOCK09/SES099/SA099S15	SES099	-0.131401	-50.339	-50.2076
BLOCK09/SES099/SA099S16	SES099	-0.196712	-51.5277	-51.331
BLOCK09/SES099/SA099S24	SES099	-0.641678	-51.8377	-51.1961
BLOCK09/SES099/SA099S26	SES099	-0.348633	-50.1112	-49.7625
BLOCK09/SES099/SA099S29	SES099	-0.154629	-50.7877	-50.6331
BLOCK10/SES101/SA101S11	SES101	-0.353569	-48.6404	-48.2868
BLOCK10/SES101/SA101S13	SES101	-0.107311	-48.4309	-48.3236
BLOCK10/SES101/SA101S22	SES101	-0.0689049	-51.2692	-51.2003
BLOCK10/SES101/SA101S24	SES101	0.293297	-48.3243	-48.6176
BLOCK10/SES101/SA101S28	SES101	-0.60041	-50.6509	-50.0505
BLOCK10/SES104/SA104S11	SES104	0.147526	-48.1393	-48.2868
BLOCK10/SES104/SA104S12	SES104	-0.0515327	-50.7549	-50.7034
BLOCK10/SES104/SA104S21	SES104	-1.23876	-52.3157	-51.0769
BLOCK10/SES104/SA104S24	SES104	0.0484352	-49.0267	-49.0751
BLOCK10/SES104/SA104S28	SES104	0.209911	-50.7863	-50.9963
BLOCK10/SES105/SA105S12	SES105	0.574997	-49.1375	-49.7125
BLOCK10/SES105/SA105S13	SES105	0.0769348	-49.0814	-49.1583
BLOCK10/SES105/SA105S22	SES105	-0.414196	-50.8221	-50.4079
BLOCK10/SES105/SA105S26	SES105	0.175667	-50.192	-50.3676
BLOCK10/SES105/SA105S29	SES105	0.349255	-48.9032	-49.2525
BLOCK10/SES106/SA106S09	SES106	0.1884	-49.8934	-50.0818
BLOCK10/SES106/SA106S11	SES106	0.531368	-48.5505	-49.0819
BLOCK10/SES106/SA106S22	SES106	0.636036	-49.037	-49.673
BLOCK10/SES106/SA106S27	SES106	0.59597	-48.5934	-49.1894
BLOCK10/SES106/SA106S29	SES106	0.138889	-47.9638	-48.1027
BLOCK11/SES117/SA117S12	SES117	-1.63774	-51.3409	-49.7032
BLOCK11/SES117/SA117S13	SES117	-1.54547	-52.2377	-50.6922
BLOCK11/SES117/SA117S23	SES117	0.451405	-51.9122	-52.3636
BLOCK11/SES117/SA117S25	SES117	-0.213692	-50.6753	-50.4616
BLOCK11/SES117/SA117S28	SES117	-0.0228004	-51.3009	-51.2781
BLOCK12/SES120/SA120S08	SES120	-0.603386	-49.6677	-49.0643
BLOCK12/SES120/SA120S11	SES120	-0.168335	-50.2961	-50.1277
BLOCK12/SES120/SA120S22	SES120	-0.292652	-49.7618	-49.4692
BLOCK12/SES120/SA120S24	SES120	-0.428631	-50.0228	-49.5942
BLOCK12/SES120/SA120S28	SES120	-0.757229	-52.4655	-51.7083
BLOCK12/SES125/SA125S13	SES125	0.132874	-48.519	-48.6519
BLOCK12/SES125/SA125S14	SES125	-0.0400848	-48.6455	-48.6054
BLOCK12/SES125/SA125S25	SES125	0.580597	-49.9195	-50.5001
BLOCK12/SES125/SA125S27	SES125	0.37693	-48.2477	-48.6247
BLOCK12/SES125/SA125S29	SES125	0.0967522	-49.8351	-49.9319
BLOCK12/SES127/SA127S11	SES127	-0.549191	-51.5612	-51.012
BLOCK12/SES127/SA127S12	SES127	-0.415485	-49.7778	-49.3623
BLOCK12/SES127/SA127S23	SES127	-0.415928	-49.9445	-49.5286
BLOCK12/SES127/SA127S25	SES127	-1.08866	-50.8898	-49.8011
BLOCK12/SES127/SA127S27	SES127	-0.0807724	-49.5842	-49.5034
BLOCK12/SES129/SA129S11	SES129	0.413994	-48.261	-48.675
BLOCK12/SES129/SA129S12	SES129	0.560818	-47.9703	-48.5311
BLOCK12/SES129/SA129S22	SES129	-0.240074	-50.5232	-50.2831
BLOCK12/SES129/SA129S27	SES129	0.814987	-49.4877	-50.3027
BLOCK12/SES129/SA129S29	SES129	0.222	-48.1037	-48.3257
BLOCK14/SES142/SA142S11	SES142	0.79908	-50.3128	-51.1119
BLOCK14/SES142/SA142S12	SES142	0.535553	-51.003	-51.5385
BLOCK14/SES142/SA142S24	SES142	1.05995	-49.7738	-50.8337
BLOCK14/SES142/SA142S27	SES142	0.446701	-50.0596	-50.5063
BLOCK14/SES142/SA142S29	SES142	0.493759	-48.9407	-49.4345
BLOCK14/SES143/SA143S12	SES143	-0.189423	-50.4779	-50.2885
BLOCK14/SES143/SA143S13	SES143	-0.357117	-51.2047	-50.8476
BLOCK14/SES143/SA143S23	SES143	-0.0209732	-50.9387	-50.9177
BLOCK14/SES143/SA143S25	SES143	-0.292961	-50.445	-50.152
BLOCK14/SES143/SA143S28	SES143	-0.423157	-48.7761	-48.3529
BLOCK14/SES144/SA144S09	SES144	-0.521618	-50.3555	-49.8339
BLOCK14/SES144/SA144S11	SES144	0.0876007	-50.8527	-50.9403
BLOCK14/SES144/SA144S21	SES144	-0.2985	-51.5352	-51.2367
BLOCK14/SES144/SA144S25	SES144	-0.165276	-50.7192	-50.5539
BLOCK14/SES144/SA144S29	SES144	-0.476627	-50.8454	-50.3688
BLOCK14/SES146/SA146S14	SES146	0.117756	-50.385	-50.5027
BLOCK14/SES146/SA146S15	SES146	-0.16375	-51.3258	-51.162
BLOCK14/SES146/SA146S24	SES146	0.376804	-48.5342	-48.911
BLOCK14/SES146/SA146S26	SES146	0.330124	-48.362	-48.6921
BLOCK14/SES146/SA146S29	SES146	0.422768	-49.4325	-49.8553
BLOCK14/SES147/SA147S11	SES147	-0.111534	-49.5466	-49.435
BLOCK14/SES147/SA147S13	SES147	-0.219639	-49.3833	-49.1636
BLOCK14/SES147/SA147S23	SES147	0.0979652	-50.4107	-50.5086
BLOCK14/SES147/SA147S26	SES147	-0.0283623	-50.0507	-50.0224
BLOCK14/SES147/SA147S28	SES147	0.476784	-50.0597	-50.5364
BLOCK14/SES148/SA148S10	SES148	0.373642	-50.5385	-50.9122
BLOCK14/SES148/SA148S12	SES148	-0.234539	-51.4874	-51.2529
BLOCK14/SES148/SA148S22	SES148	0.285645	-50.6373	-50.923
BLOCK14/SES148/SA148S26	SES148	-0.911922	-50.5644	-49.6525
BLOCK14/SES148/SA148S29	SES148	-0.322628	-50.93	-50.6074
BLOCK14/SES149/SA149S13	SES149	-0.569748	-48.5147	-47.9449
BLOCK14/SES149/SA149S14	SES149	-0.355831	-50.8125	-50.4567
BLOCK14/SES149/SA149S24	SES149	0.147785	-50.5965	-50.7443
BLOCK14/SES149/SA149S26	SES149	0.352615	-48.1763	-48.5289
BLOCK14/SES149/SA149S28	SES149	0.310734	-49.8959	-50.2066
BLOCK15/SES158/SA158S13	SES158	0.745892	-47.505	-48.2508
BLOCK15/SES158/SA158S14	SES158	0.180298	-49.8481	-50.0284
BLOCK15/SES158/SA158S23	SES158	0.145611	-47.8434	-47.989
BLOCK15/SES158/SA158S26	SES158	1.10119	-48.6581	-49.7593
BLOCK15/SES158/SA158S28	SES158	0.102364	-49.9497	-50.0521
BLOCK16/SES162/SA162S10	SES162	-0.544006	-50.3294	-49.7854
BLOCK16/SES162/SA162S11	SES162	-0.00411224	-49.1058	-49.1017
BLOCK16/SES162/SA162S21	SES162	0.30233	-50.0055	-50.3078
BLOCK16/SES162/SA162S24	SES162	-0.127766	-50.5682	-50.4405
BLOCK16/SES162/SA162S27	SES162	0.133728	-49.8643	-49.998
BLOCK16/SES167/SA167S14	SES167	0.789219	-50.6796	-51.4688
BLOCK16/SES167/SA167S15	SES167	-0.0611343	-51.8684	-51.8072
BLOCK16/SES167/SA167S21	SES167	0.777031	-51.5145	-52.2915
BLOCK16/SES167/SA167S25	SES167	1.04978	-51.651	-52.7007
BLOCK16/SES167/SA167S29	SES167	0.880501	-50.8304	-51.7109
BLOCK17/SES172/SA172S12	SES172	-0.0200958	-50.3208	-50.3007
BLOCK17/SES172/SA172S13	SES172	-0.119724	-51.4471	-51.3274
BLOCK17/SES172/SA172S23	SES172	-0.154324	-49.6864	-49.5321
BLOCK17/SES172/SA172S27	SES172	-0.584965	-52.1075	-51.5225
BLOCK17/SES172/SA172S29	SES172	-0.14814	-52.1547	-52.0065
BLOCK17/SES175/SA175S11	SES175	-0.162167	-49.8506	-49.6884
BLOCK17/SES175/SA175S13	SES175	0.242226	-48.2359	-48.4781
BLOCK17/SES175/SA175S23	SES175	0.124805	-50.207	-50.3318
BLOCK17/SES175/SA175S25	SES175	-0.411453	-51.0843	-50.6728
BLOCK17/SES175/SA175S28	SES175	-0.109364	-49.8456	-49.7362
BLOCK17/SES177/SA177S15	SES177	-0.480476	-50.2696	-49.7891
BLOCK17/SES177/SA177S17	SES177	-0.569847	-50.4526	-49.8827
BLOCK17/SES177/SA177S23	SES177	-0.826824	-50.6246	-49.7978
BLOCK17/SES177/SA177S26	SES177	0.0964127	-47.1972	-47.2937
BLOCK17/SES177/SA177S28	SES177	-0.402023	-48.565	-48.163
BLOCK18/SES180/SA180S13	SES180	-0.319798	-50.2996	-49.9798
BLOCK18/SES180/SA180S15	SES180	-0.256531	-50.8114	-50.5548
BLOCK18/SES180/SA180S24	SES180	0.185783	-47.7875	-47.9733
BLOCK18/SES180/SA180S26	SES180	0.0594864	-48.8844	-48.9439
BLOCK18/SES180/SA180S29	SES180	-0.451809	-50.477	-50.0252
BLOCK18/SES183/SA183S13	SES183	0.302814	-50.5972	-50.9
BLOCK18/SES183/SA183S14	SES183	-0.142277	-48.6006	-48.4583
BLOCK18/SES183/SA183S24	SES183	0.563393	-50.2566	-50.8199
BLOCK18/SES183/SA183S27	SES183	0.533684	-51.2682	-51.8019
BLOCK18/SES183/SA183S29	SES183	0.672256	-49.524	-50.1963
BLOCK18/SES187/SA187S13	SES187	-0.280045	-51.7509	-51.4709
BLOCK18/SES187/SA187S14	SES187	-0.142391	-50.6703	-50.5279
BLOCK18/SES187/SA187S24	SES187	0.410656	-52.5335	-52.9442
BLOCK18/SES187/SA187S27	SES187	-0.507145	-52.7051	-52.1979
BLOCK18/SES187/SA187S29	SES187	-0.0380173	-50.5423	-50.5042
BLOCK18/SES189/SA189S10	SES189	2.27287	-50.7352	-53.008
BLOCK18/SES189/SA189S13	SES189	2.84721	-51.2847	-54.1319
BLOCK18/SES189/SA189S24	SES189	2.6109	-49.5941	-52.205
BLOCK18/SES189/SA189S26	SES189	1.62388	-50.0682	-51.692
BLOCK18/SES189/SA189S29	SES189	2.53822	-50.5896	-53.1278
BLOCK20/SES202/SA202S12	SES202	0.0380745	-51.0473	-51.0854
BLOCK20/SES202/SA202S14	SES202	0.794849	-49.6993	-50.4942
BLOCK20/SES202/SA202S24	SES202	-0.339096	-51.4036	-51.0645
BLOCK20/SES202/SA202S27	SES202	0.319611	-49.8569	-50.1765
BLOCK20/SES202/SA202S29	SES202	0.523502	-48.9751	-49.4986
BLOCK20/SES206/SA206S15	SES206	-1.12264	-49.5881	-48.4654
BLOCK20/SES206/SA206S17	SES206	-0.539471	-49.5757	-49.0363
BLOCK20/SES206/SA206S24	SES206	0.338142	-48.1791	-48.5172
BLOCK20/SES206/SA206S27	SES206	-0.0163155	-49.7785	-49.7622
BLOCK20/SES206/SA206S29	SES206	-0.229321	-47.4722	-47.2429
BLOCK22/SES226/SA226S12	SES226	-0.0717621	-49.8654	-49.7936
BLOCK22/SES226/SA226S13	SES226	-0.721325	-49.3523	-48.631
BLOCK22/SES226/SA226S20	SES226	-0.554874	-50.8599	-50.3051
BLOCK22/SES226/SA226S23	SES226	0.0254135	-49.9553	-49.9808
BLOCK22/SES226/SA226S28	SES226	0.00251007	-50.6805	-50.6831
BLOCK25/SES259/SA259S13	SES259	1.04309	-46.3597	-47.4028
BLOCK25/SES259/SA259S14	SES259	-0.0811386	-48.4649	-48.3837
BLOCK25/SES259/SA259S22	SES259	-0.270969	-47.7178	-47.4468
BLOCK25/SES259/SA259S24	SES259	0.659817	-46.9204	-47.5802
BLOCK25/SES259/SA259S28	SES259	0.326321	-47.9447	-48.2711
BLOCK27/SES270/SA270S14	SES270	0.600559	-50.4785	-51.079
BLOCK27/SES270/SA270S16	SES270	-0.141453	-49.8957	-49.7542
BLOCK27/SES270/SA270S22	SES270	0.560528	-50.025	-50.5855
BLOCK27/SES270/SA270S26	SES270	0.840088	-50.9456	-51.7857
BLOCK27/SES270/SA270S28	SES270	0.192772	-51.0761	-51.2689
BLOCK27/SES275/SA275S17	SES275	0.20723	-50.4812	-50.6884
BLOCK27/SES275/SA275S18	SES275	-0.20388	-49.7474	-49.5436
BLOCK27/SES275/SA275S24	SES275	0.013443	-51.1595	-51.173
BLOCK27/SES275/SA275S26	SES275	-0.0758133	-49.7562	-49.6804
BLOCK27/SES275/SA275S28	SES275	-0.239895	-49.6503	-49.4104
BLOCK29/SES292/SA292S10	SES292	-0.307735	-50.0211	-49.7134
BLOCK29/SES292/SA292S12	SES292	-0.350834	-52.1715	-51.8207
BLOCK29/SES292/SA292S22	SES292	-0.556107	-50.1783	-49.6222
BLOCK29/SES292/SA292S24	SES292	-0.433914	-51.1931	-50.7592
BLOCK29/SES292/SA292S27	SES292	-0.694706	-50.3268	-49.6321
BLOCK00/SES001/SA001S14	SES062	-1.59201	-51.2752	-49.6832
BLOCK00/SES001/SA001S14	SES082	-1.51812	-51.2014	-49.6832
BLOCK00/SES001/SA001S14	SES106	-0.861816	-50.5451	-49.6832
BLOCK00/SES001/SA001S14	SES206	-2.22081	-51.9041	-49.6832
BLOCK00/SES001/SA001S15	SES062	-1.31656	-50.2405	-48.9239
BLOCK00/SES001/SA001S15	SES104	-1.01756	-49.9415	-48.9239
BLOCK00/SES001/SA001S15	SES106	-0.762615	-49.6865	-48.9239
BLOCK00/SES001/SA001S15	SES206	-1.57624	-50.5002	-48.9239
BLOCK00/SES001/SA001S24	SES062	-2.12969	-50.0879	-47.9582
BLOCK00/SES001/SA001S24	SES082	-1.69737	-49.6556	-47.9582
BLOCK00/SES001/SA001S24	SES087	-1.44884	-49.407	-47.9582
BLOCK00/SES001/SA001S24	SES206	-1.44527	-49.4035	-47.9582
BLOCK00/SES001/SA001S27	SES062	-1.82343	-50.6658	-48.8424
BLOCK00/SES001/SA001S27	SES082	-1.58331	-50.4257	-48.8424
BLOCK00/SES001/SA001S27	SES087	-1.4258	-50.2682	-48.8424
BLOCK00/SES001/SA001S27	SES206	-1.55233	-50.3947	-48.8424
BLOCK00/SES001/SA001S29	SES062	-2.28466	-52.4017	-50.1171
BLOCK00/SES001/SA001S29	SES082	-1.13849	-51.2556	-50.1171
BLOCK00/SES001/SA001S29	SES158	-0.776218	-50.8933	-50.1171
BLOCK00/SES001/SA001S29	SES206	-1.65117	-51.7682	-50.1171
BLOCK00/SES003/SA003S11	SES002	-1.53388	-52.9555	-51.4216
BLOCK00/SES003/SA003S11	SES019	-1.59228	-53.0139	-51.4216
BLOCK00/SES003/SA003S11	SES082	-1.11636	-52.538	-51.4216
BLOCK00/SES003/SA003S11	SES125	-1.13454	-52.5562	-51.4216
BLOCK00/SES003/SA003S15	SES016	-1.66516	-50.2687	-48.6036
BLOCK00/SES003/SA003S15	SES019	-1.8138	-50.4174	-48.6036
BLOCK00/SES003/SA003S15	SES062	-1.6946	-50.2982	-48.6036
BLOCK00/SES003/SA003S15	SES206	-1.55569	-50.1593	-48.6036
BLOCK00/SES003/SA003S22	SES002	-1.27701	-49.881	-48.604
BLOCK00/SES003/SA003S22	SES062	-1.19722	-49.8012	-48.604
BLOCK00/SES003/SA003S22	SES082	-1.66113	-50.2651	-48.604
BLOCK00/SES003/SA003S22	SES087	-1.71296	-50.317	-48.604
BLOCK00/SES003/SA003S25	SES062	-2.55419	-56.2127	-53.6585
BLOCK00/SES003/SA003S25	SES082	-2.08076	-55.7392	-53.6585
BLOCK00/SES003/SA003S25	SES087	-1.14383	-54.8023	-53.6585
BLOCK00/SES003/SA003S25	SES206	-3.15485	-56.8133	-53.6585
BLOCK00/SES003/SA003S29	SES002	-1.79271	-53.5373	-51.7446
BLOCK00/SES003/SA003S29	SES062	-1.65791	-53.4025	-51.7446
BLOCK00/SES003/SA003S29	SES082	-1.5867	-53.3313	-51.7446
BLOCK00/SES003/SA003S29	SES087	-1.68081	-53.4254	-51.7446
BLOCK00/SES004/SA004S12	SES083	-1.90103	-52.5432	-50.6422
BLOCK00/SES004/SA004S12	SES148	-1.71512	-52.3573	-50.6422
BLOCK00/SES004/SA004S12	SES172	-1.32698	-51.9692	-50.6422
BLOCK00/SES004/SA004S12	SES292	-1.59859	-52.2408	-50.6422
BLOCK00/SES004/SA004S17	SES083	-1.62049	-52.1955	-50.575
BLOCK00/SES004/SA004S17	SES162	-0.765873	-51.3409	-50.575
BLOCK00/SES004/SA004S17	SES172	-1.73899	-52.314	-50.575
BLOCK00/SES004/SA004S17	SES292	-1.32352	-51.8985	-50.575
BLOCK00/SES004/SA004S24	SES083	-1.85718	-51.5734	-49.7163
BLOCK00/SES004/SA004S24	SES148	-1.56739	-51.2836	-49.7163
BLOCK00/SES004/SA004S24	SES172	-1.28475	-51.001	-49.7163
BLOCK00/SES004/SA004S24	SES292	-1.33268	-51.0489	-49.7163
BLOCK00/SES004/SA004S26	SES083	-1.32824	-50.8199	-49.4917
BLOCK00/SES004/SA004S26	SES127	-1.3362	-50.8279	-49.4917
BLOCK00/SES004/SA004S26	SES148	-1.74001	-51.2317	-49.4917
BLOCK00/SES004/SA004S26	SES292	-1.37824	-50.8699	-49.4917
BLOCK00/SES004/SA004S28	SES083	-2.16796	-52.9411	-50.7731
BLOCK00/SES004/SA004S28	SES127	-1.21748	-51.9906	-50.7731
BLOCK00/SES004/SA004S28	SES187	-0.639271	-51.4124	-50.7731
BLOCK00/SES004/SA004S28	SES292	-1.51674	-52.2898	-50.7731
BLOCK00/SES006/SA006S10	SES014	-3.91428	-54.8502	-50.9359
BLOCK00/SES006/SA006S10	SES158	-2.17773	-53.1136	-50.9359
BLOCK00/SES006/SA006S10	SES226	-2.59756	-53.5335	-50.9359
BLOCK00/SES006/SA006S10	SES270	-0.664959	-51.6009	-50.9359
BLOCK00/SES006/SA006S11	SES158	-1.98956	-54.1893	-52.1997
BLOCK00/SES006/SA006S11	SES226	-2.02162	-54.2213	-52.1997
BLOCK00/SES006/SA006S11	SES270	-0.698532	-52.8982	-52.1997
BLOCK00/SES006/SA006S11	SES275	-1.5429	-53.7426	-52.1997
BLOCK00/SES006/SA006S23	SES062	-2.26926	-54.479	-52.2097
BLOCK00/SES006/SA006S23	SES105	-1.87423	-54.0839	-52.2097
BLOCK00/SES006/SA006S23	SES158	-2.77109	-54.9808	-52.2097
BLOCK00/SES006/SA006S23	SES275	-1.36556	-53.5753	-52.2097
BLOCK00/SES006/SA006S26	SES104	-1.62643	-53.5855	-51.9591
BLOCK00/SES006/SA006S26	SES158	-2.26649	-54.2256	-51.9591
BLOCK00/SES006/SA006S26	SES270	-0.310802	-52.2699	-51.9591
BLOCK00/SES006/SA006S26	SES275	-1.64818	-53.6072	-51.9591
BLOCK00/SES006/SA006S28	SES007	-1.52302	-52.3393	-50.8162
BLOCK00/SES006/SA006S28	SES105	-1.5955	-52.4117	-50.8162
BLOCK00/SES006/SA006S28	SES158	-1.42657	-52.2428	-50.8162
BLOCK00/SES006/SA006S28	SES275	-1.41848	-52.2347	-50.8162
BLOCK00/SES009/SA009S12	SES083	-1.59426	-51.3381	-49.7439
BLOCK00/SES009/SA009S12	SES148	-1.7047	-51.4486	-49.7439
BLOCK00/SES009/SA009S12	SES177	-0.872185	-50.6161	-49.7439
BLOCK00/SES009/SA009S12	SES292	-1.34279	-51.0867	-49.7439
BLOCK00/SES009/SA009S15	SES007	-0.00971222	-49.1813	-49.1716
BLOCK00/SES009/SA009S15	SES099	-1.17128	-50.3429	-49.1716
BLOCK00/SES009/SA009S15	SES148	-1.27947	-50.4511	-49.1716
BLOCK00/SES009/SA009S15	SES172	-0.54068	-49.7123	-49.1716
BLOCK00/SES009/SA009S24	SES146	-0.845051	-50.7577	-49.9126
BLOCK00/SES009/SA009S24	SES148	-1.6711	-51.5837	-49.9126
BLOCK00/SES009/SA009S24	SES177	-0.739628	-50.6522	-49.9126
BLOCK00/SES009/SA009S24	SES292	-1.28152	-51.1941	-49.9126
BLOCK00/SES009/SA009S26	SES083	-2.0215	-52.0909	-50.0694
BLOCK00/SES009/SA009S26	SES101	-1.32324	-51.3927	-50.0694
BLOCK00/SES009/SA009S26	SES120	-1.01003	-51.0794	-50.0694
BLOCK00/SES009/SA009S26	SES177	-1.16695	-51.2364	-50.0694
BLOCK00/SES009/SA009S29	SES083	-1.85361	-52.0303	-50.1767
BLOCK00/SES009/SA009S29	SES101	-1.0471	-51.2238	-50.1767
BLOCK00/SES009/SA009S29	SES177	-1.16714	-51.3438	-50.1767
BLOCK00/SES009/SA009S29	SES292	-1.07825	-51.255	-50.1767
BLOCK01/SES011/SA011S10	SES019	-1.14967	-51.201	-50.0513
BLOCK01/SES011/SA011S10	SES042	-0.629372	-50.6807	-50.0513
BLOCK01/SES011/SA011S10	SES082	-1.47569	-51.527	-50.0513
BLOCK01/SES011/SA011S10	SES206	-0.894028	-50.9454	-50.0513
BLOCK01/SES011/SA011S11	SES019	-1.50883	-51.8745	-50.3657
BLOCK01/SES011/SA011S11	SES042	-0.938923	-51.3046	-50.3657
BLOCK01/SES011/SA011S11	SES082	-2.19687	-52.5625	-50.3657
BLOCK01/SES011/SA011S11	SES206	-1.3671	-51.7328	-50.3657
BLOCK01/SES011/SA011S22	SES019	-1.37686	-51.6472	-50.2703
BLOCK01/SES011/SA011S22	SES042	-1.04204	-51.3123	-50.2703
BLOCK01/SES011/SA011S22	SES082	-1.45475	-51.7251	-50.2703
BLOCK01/SES011/SA011S22	SES206	-1.21682	-51.4871	-50.2703
BLOCK01/SES011/SA011S24	SES019	-1.69867	-51.234	-49.5354
BLOCK01/SES011/SA011S24	SES042	-0.785336	-50.3207	-49.5354
BLOCK01/SES011/SA011S24	SES104	-1.03399	-50.5693	-49.5354
BLOCK01/SES011/SA011S24	SES206	-1.24653	-50.7819	-49.5354
BLOCK01/SES011/SA011S27	SES082	-1.08643	-51.4496	-50.3632
BLOCK01/SES011/SA011S27	SES087	-1.62509	-51.9883	-50.3632
BLOCK01/SES011/SA011S27	SES125	-0.782146	-51.1453	-50.3632
BLOCK01/SES011/SA011S27	SES206	-1.13668	-51.4998	-50.3632
BLOCK01/SES012/SA012S11	SES007	-0.643642	-48.2043	-47.5606
BLOCK01/SES012/SA012S11	SES082	-1.78167	-49.3423	-47.5606
BLOCK01/SES012/SA012S11	SES083	-0.882267	-48.4429	-47.5606
BLOCK01/SES012/SA012S11	SES206	-1.48886	-49.0495	-47.5606
BLOCK01/SES012/SA012S14	SES082	-0.629318	-49.3709	-48.7416
BLOCK01/SES012/SA012S14	SES087	-1.25745	-49.999	-48.7416
BLOCK01/SES012/SA012S14	SES206	-1.086	-49.8276	-48.7416
BLOCK01/SES012/SA012S14	SES292	-1.18975	-49.9313	-48.7416
BLOCK01/SES012/SA012S24	SES082	-0.856468	-50.9134	-50.0569
BLOCK01/SES012/SA012S24	SES087	-2.07228	-52.1292	-50.0569
BLOCK01/SES012/SA012S24	SES120	-1.70127	-51.7582	-50.0569
BLOCK01/SES012/SA012S24	SES206	-1.92113	-51.978	-50.0569
BLOCK01/SES012/SA012S26	SES019	-2.5607	-51.4249	-48.8642
BLOCK01/SES012/SA012S26	SES082	-1.59208	-50.4563	-48.8642
BLOCK01/SES012/SA012S26	SES206	-1.26038	-50.1246	-48.8642
BLOCK01/SES012/SA012S26	SES292	-1.05589	-49.9201	-48.8642
BLOCK01/SES012/SA012S29	SES062	-1.57659	-50.0827	-48.5061
BLOCK01/SES012/SA012S29	SES082	-1.53617	-50.0423	-48.5061
BLOCK01/SES012/SA012S29	SES083	-0.994194	-49.5003	-48.5061
BLOCK01/SES012/SA012S29	SES206	-1.04806	-49.5542	-48.5061
BLOCK01/SES013/SA013S16	SES062	-2.02714	-53.8393	-51.8122
BLOCK01/SES013/SA013S16	SES106	-1.2162	-53.0284	-51.8122
BLOCK01/SES013/SA013S16	SES206	-2.22504	-54.0372	-51.8122
BLOCK01/SES013/SA013S16	SES226	-1.22942	-53.0416	-51.8122
BLOCK01/SES013/SA013S17	SES062	-2.13885	-53.3231	-51.1843
BLOCK01/SES013/SA013S17	SES106	-1.84708	-53.0314	-51.1843
BLOCK01/SES013/SA013S17	SES206	-1.9072	-53.0915	-51.1843
BLOCK01/SES013/SA013S17	SES226	-1.14011	-52.3244	-51.1843
BLOCK01/SES013/SA013S23	SES104	-1.07245	-53.6427	-52.5703
BLOCK01/SES013/SA013S23	SES106	-0.555363	-53.1256	-52.5703
BLOCK01/SES013/SA013S23	SES206	-2.06437	-54.6346	-52.5703
BLOCK01/SES013/SA013S23	SES270	-0.300541	-52.8708	-52.5703
BLOCK01/SES013/SA013S25	SES042	-1.74018	-52.5801	-50.8399
BLOCK01/SES013/SA013S25	SES104	-1.00605	-51.8459	-50.8399
BLOCK01/SES013/SA013S25	SES106	-0.144283	-50.9842	-50.8399
BLOCK01/SES013/SA013S25	SES206	-1.88115	-52.721	-50.8399
BLOCK01/SES013/SA013S29	SES062	-1.99506	-53.5662	-51.5711
BLOCK01/SES013/SA013S29	SES104	-1.42567	-52.9968	-51.5711
BLOCK01/SES013/SA013S29	SES106	-0.815907	-52.387	-51.5711
BLOCK01/SES013/SA013S29	SES206	-2.6246	-54.1957	-51.5711
BLOCK02/SES021/SA021S13	SES016	-1.60365	-50.3599	-48.7563
BLOCK02/SES021/SA021S13	SES029	-1.04248	-49.7988	-48.7563
BLOCK02/SES021/SA021S13	SES087	-1.56987	-50.3261	-48.7563
BLOCK02/SES021/SA021S13	SES206	-0.908836	-49.6651	-48.7563
BLOCK02/SES021/SA021S15	SES087	-1.25441	-50.2843	-49.0299
BLOCK02/SES021/SA021S15	SES125	-0.583858	-49.6138	-49.0299
BLOCK02/SES021/SA021S15	SES206	-1.49862	-50.5285	-49.0299
BLOCK02/SES021/SA021S15	SES226	-1.73105	-50.761	-49.0299
BLOCK02/SES021/SA021S23	SES062	-2.51049	-54.5309	-52.0205
BLOCK02/SES021/SA021S23	SES087	-0.721809	-52.7423	-52.0205
BLOCK02/SES021/SA021S23	SES206	-2.26009	-54.2805	-52.0205
BLOCK02/SES021/SA021S23	SES226	-1.83597	-53.8564	-52.0205
BLOCK02/SES021/SA021S27	SES002	-2.24373	-52.9465	-50.7028
BLOCK02/SES021/SA021S27	SES016	-2.97066	-53.6735	-50.7028
BLOCK02/SES021/SA021S27	SES019	-1.64711	-52.3499	-50.7028
BLOCK02/SES021/SA021S27	SES062	-1.06769	-51.7705	-50.7028
BLOCK02/SES021/SA021S29	SES087	-0.605225	-52.0365	-51.4313
BLOCK02/SES021/SA021S29	SES125	-1.537	-52.9683	-51.4313
BLOCK02/SES021/SA021S29	SES206	-1.49381	-52.9251	-51.4313
BLOCK02/SES021/SA021S29	SES226	-1.97803	-53.4093	-51.4313
BLOCK04/SES043/SA043S09	SES083	-1.08274	-50.9055	-49.8228
BLOCK04/SES043/SA043S09	SES101	-1.34118	-51.1639	-49.8228
BLOCK04/SES043/SA043S09	SES144	-0.604965	-50.4277	-49.8228
BLOCK04/SES043/SA043S09	SES172	-1.86629	-51.6891	-49.8228
BLOCK04/SES043/SA043S11	SES083	-0.676262	-49.2954	-48.6191
BLOCK04/SES043/SA043S11	SES101	-1.11931	-49.7384	-48.6191
BLOCK04/SES043/SA043S11	SES144	-0.76144	-49.3805	-48.6191
BLOCK04/SES043/SA043S11	SES172	-1.41417	-50.0333	-48.6191
BLOCK04/SES043/SA043S23	SES083	-0.983368	-50.7543	-49.7709
BLOCK04/SES043/SA043S23	SES144	-0.250572	-50.0215	-49.7709
BLOCK04/SES043/SA043S23	SES177	-0.934013	-50.7049	-49.7709
BLOCK04/SES043/SA043S23	SES275	-0.758198	-50.5291	-49.7709
BLOCK04/SES043/SA043S26	SES083	-0.763611	-49.6167	-48.8531
BLOCK04/SES043/SA043S26	SES101	-1.01541	-49.8685	-48.8531
BLOCK04/SES043/SA043S26	SES144	-0.277153	-49.1303	-48.8531
BLOCK04/SES043/SA043S26	SES177	-0.968342	-49.8215	-48.8531
BLOCK04/SES043/SA043S28	SES016	-1.35205	-50.4983	-49.1462
BLOCK04/SES043/SA043S28	SES083	-0.944389	-50.0906	-49.1462
BLOCK04/SES043/SA043S28	SES101	-0.427979	-49.5742	-49.1462
BLOCK04/SES043/SA043S28	SES144	-0.817509	-49.9637	-49.1462
BLOCK04/SES044/SA044S10	SES127	-1.70398	-53.8313	-52.1273
BLOCK04/SES044/SA044S10	SES144	-0.256157	-52.3835	-52.1273
BLOCK04/SES044/SA044S10	SES147	-1.38935	-53.5167	-52.1273
BLOCK04/SES044/SA044S10	SES148	-1.41528	-53.5426	-52.1273
BLOCK04/SES044/SA044S11	SES101	-1.17939	-51.4231	-50.2437
BLOCK04/SES044/SA044S11	SES144	-0.199234	-50.4429	-50.2437
BLOCK04/SES044/SA044S11	SES147	-0.958576	-51.2023	-50.2437
BLOCK04/SES044/SA044S11	SES177	-1.61968	-51.8634	-50.2437
BLOCK04/SES044/SA044S24	SES007	-1.66814	-51.4443	-49.7761
BLOCK04/SES044/SA044S24	SES101	-0.929379	-50.7055	-49.7761
BLOCK04/SES044/SA044S24	SES147	-1.02323	-50.7994	-49.7761
BLOCK04/SES044/SA044S24	SES177	-1.11195	-50.8881	-49.7761
BLOCK04/SES044/SA044S26	SES007	-1.3717	-51.3141	-49.9424
BLOCK04/SES044/SA044S26	SES016	-1.525	-51.4674	-49.9424
BLOCK04/SES044/SA044S26	SES101	-1.22007	-51.1625	-49.9424
BLOCK04/SES044/SA044S26	SES147	-0.813896	-50.7563	-49.9424
BLOCK04/SES044/SA044S29	SES007	-1.41962	-49.9314	-48.5117
BLOCK04/SES044/SA044S29	SES101	-0.870529	-49.3823	-48.5117
BLOCK04/SES044/SA044S29	SES147	-0.971714	-49.4834	-48.5117
BLOCK04/SES044/SA044S29	SES177	-1.29203	-49.8038	-48.5117
BLOCK04/SES046/SA046S13	SES101	-1.30703	-53.7382	-52.4311
BLOCK04/SES046/SA046S13	SES144	-0.64954	-53.0807	-52.4311
BLOCK04/SES046/SA046S13	SES147	-1.12146	-53.5526	-52.4311
BLOCK04/SES046/SA046S13	SES177	-1.45734	-53.8885	-52.4311
BLOCK04/SES046/SA046S15	SES048	-1.04851	-49.8996	-48.8511
BLOCK04/SES046/SA046S15	SES083	-0.764454	-49.6155	-48.8511
BLOCK04/SES046/SA046S15	SES120	-1.57101	-50.4221	-48.8511
BLOCK04/SES046/SA046S15	SES148	-1.16441	-50.0155	-48.8511
BLOCK04/SES046/SA046S22	SES101	-0.923035	-50.8535	-49.9304
BLOCK04/SES046/SA046S22	SES144	-0.551437	-50.4819	-49.9304
BLOCK04/SES046/SA046S22	SES147	-1.0353	-50.9657	-49.9304
BLOCK04/SES046/SA046S22	SES172	-1.6015	-51.5319	-49.9304
BLOCK04/SES046/SA046S25	SES083	-1.0448	-49.5144	-48.4696
BLOCK04/SES046/SA046S25	SES127	-1.58361	-50.0532	-48.4696
BLOCK04/SES046/SA046S25	SES144	-0.83704	-49.3066	-48.4696
BLOCK04/SES046/SA046S25	SES148	-1.48192	-49.9515	-48.4696
BLOCK04/SES046/SA046S28	SES007	-1.32088	-52.3385	-51.0177
BLOCK04/SES046/SA046S28	SES105	-1.60411	-52.6218	-51.0177
BLOCK04/SES046/SA046S28	SES147	-1.35532	-52.373	-51.0177
BLOCK04/SES046/SA046S28	SES148	-1.16022	-52.1779	-51.0177
BLOCK04/SES049/SA049S16	SES104	-3.29259	-56.8162	-53.5236
BLOCK04/SES049/SA049S16	SES106	-9.26744	-62.791	-53.5236
BLOCK04/SES049/SA049S16	SES120	-1.97501	-55.4986	-53.5236
BLOCK04/SES049/SA049S16	SES206	-3.86649	-57.3901	-53.5236
BLOCK04/SES049/SA049S18	SES099	-0.677013	-53.5629	-52.8858
BLOCK04/SES049/SA049S18	SES104	-2.26287	-55.1487	-52.8858
BLOCK04/SES049/SA049S18	SES125	-2.50349	-55.3893	-52.8858
BLOCK04/SES049/SA049S18	SES206	-2.82099	-55.7068	-52.8858
BLOCK04/SES049/SA049S25	SES087	-2.22727	-55.0464	-52.8192
BLOCK04/SES049/SA049S25	SES104	-1.64963	-54.4688	-52.8192
BLOCK04/SES049/SA049S25	SES125	-2.48619	-55.3054	-52.8192
BLOCK04/SES049/SA049S25	SES206	-3.43816	-56.2573	-52.8192
BLOCK04/SES049/SA049S27	SES099	-1.17537	-53.3001	-52.1247
BLOCK04/SES049/SA049S27	SES104	-1.73192	-53.8566	-52.1247
BLOCK04/SES049/SA049S27	SES125	-1.82661	-53.9513	-52.1247
BLOCK04/SES049/SA049S27	SES206	-2.91912	-55.0438	-52.1247
BLOCK04/SES049/SA049S29	SES099	-1.17051	-52.523	-51.3525
BLOCK04/SES049/SA049S29	SES104	-1.65821	-53.0107	-51.3525
BLOCK04/SES049/SA049S29	SES125	-1.90194	-53.2544	-51.3525
BLOCK04/SES049/SA049S29	SES206	-1.75204	-53.1045	-51.3525
BLOCK06/SES063/SA063S09	SES068	-nan	-nan	-49.7213
BLOCK06/SES063/SA063S09	SES083	-1.06978	-50.7911	-49.7213
BLOCK06/SES063/SA063S09	SES177	-1.07679	-50.7981	-49.7213
BLOCK06/SES063/SA063S09	SES187	-1.01675	-50.7381	-49.7213
BLOCK06/SES063/SA063S10	SES068	-nan	-nan	-49.863
BLOCK06/SES063/SA063S10	SES083	-0.7798	-50.6428	-49.863
BLOCK06/SES063/SA063S10	SES172	-0.531109	-50.3941	-49.863
BLOCK06/SES063/SA063S10	SES187	-1.28599	-51.149	-49.863
BLOCK06/SES063/SA063S20	SES068	-nan	-nan	-49.2279
BLOCK06/SES063/SA063S20	SES083	-1.15122	-50.3791	-49.2279
BLOCK06/SES063/SA063S20	SES172	-1.49286	-50.7208	-49.2279
BLOCK06/SES063/SA063S20	SES187	-1.02024	-50.2481	-49.2279
BLOCK06/SES063/SA063S24	SES029	-1.25215	-49.9274	-48.6752
BLOCK06/SES063/SA063S24	SES083	-0.693172	-49.3684	-48.6752
BLOCK06/SES063/SA063S24	SES177	-1.2461	-49.9213	-48.6752
BLOCK06/SES063/SA063S24	SES189	-2.61686	-51.2921	-48.6752
BLOCK06/SES063/SA063S27	SES083	-0.539646	-49.5623	-49.0227
BLOCK06/SES063/SA063S27	SES172	-1.02861	-50.0513	-49.0227
BLOCK06/SES063/SA063S27	SES187	-1.36693	-50.3896	-49.0227
BLOCK06/SES063/SA063S27	SES292	-0.882793	-49.9055	-49.0227
BLOCK06/SES067/SA067S12	SES083	-1.46248	-50.9376	-49.4751
BLOCK06/SES067/SA067S12	SES172	-2.0613	-51.5364	-49.4751
BLOCK06/SES067/SA067S12	SES202	-0.523575	-49.9987	-49.4751
BLOCK06/SES067/SA067S12	SES292	-1.18223	-50.6574	-49.4751
BLOCK06/SES067/SA067S14	SES085	-1.40754	-50.4728	-49.0652
BLOCK06/SES067/SA067S14	SES177	-1.4413	-50.5065	-49.0652
BLOCK06/SES067/SA067S14	SES183	0.327545	-48.7377	-49.0652
BLOCK06/SES067/SA067S14	SES202	-0.810993	-49.8762	-49.0652
BLOCK06/SES067/SA067S21	SES144	-0.0621605	-51.3162	-51.254
BLOCK06/SES067/SA067S21	SES177	-1.44232	-52.6964	-51.254
BLOCK06/SES067/SA067S21	SES183	-0.809967	-52.064	-51.254
BLOCK06/SES067/SA067S21	SES189	-0.960335	-52.2144	-51.254
BLOCK06/SES067/SA067S25	SES085	-0.969563	-49.998	-49.0284
BLOCK06/SES067/SA067S25	SES177	-0.635349	-49.6638	-49.0284
BLOCK06/SES067/SA067S25	SES183	0.088047	-48.9404	-49.0284
BLOCK06/SES067/SA067S25	SES202	-0.336948	-49.3654	-49.0284
BLOCK06/SES067/SA067S29	SES085	-1.35591	-51.9121	-50.5562
BLOCK06/SES067/SA067S29	SES177	-1.11185	-51.6681	-50.5562
BLOCK06/SES067/SA067S29	SES183	0.145916	-50.4103	-50.5562
BLOCK06/SES067/SA067S29	SES202	-0.124577	-50.6808	-50.5562
BLOCK06/SES069/SA069S12	SES029	-1.7267	-51.6957	-49.969
BLOCK06/SES069/SA069S12	SES082	-1.26941	-51.2384	-49.969
BLOCK06/SES069/SA069S12	SES087	-1.05003	-51.0191	-49.969
BLOCK06/SES069/SA069S12	SES206	-1.41261	-51.3816	-49.969
BLOCK06/SES069/SA069S13	SES029	-1.94172	-53.1883	-51.2465
BLOCK06/SES069/SA069S13	SES087	-1.07851	-52.3251	-51.2465
BLOCK06/SES069/SA069S13	SES206	-1.84716	-53.0937	-51.2465
BLOCK06/SES069/SA069S13	SES226	-1.40144	-52.648	-51.2465
BLOCK06/SES069/SA069S23	SES029	-1.14459	-50.3389	-49.1943
BLOCK06/SES069/SA069S23	SES087	-0.457218	-49.6515	-49.1943
BLOCK06/SES069/SA069S23	SES206	-2.1862	-51.3805	-49.1943
BLOCK06/SES069/SA069S23	SES226	-0.604408	-49.7987	-49.1943
BLOCK06/SES069/SA069S25	SES087	-0.43251	-50.299	-49.8665
BLOCK06/SES069/SA069S25	SES206	-2.21787	-52.0843	-49.8665
BLOCK06/SES069/SA069S25	SES226	-0.90469	-50.7711	-49.8665
BLOCK06/SES069/SA069S25	SES270	-1.02675	-50.8932	-49.8665
BLOCK06/SES069/SA069S27	SES087	-0.699898	-51.1779	-50.478
BLOCK06/SES069/SA069S27	SES206	-1.55652	-52.0346	-50.478
BLOCK06/SES069/SA069S27	SES226	-0.843693	-51.3217	-50.478
BLOCK06/SES069/SA069S27	SES270	-0.420628	-50.8987	-50.478
BLOCK08/SES081/SA081S11	SES060	-1.20132	-52.4852	-51.2839
BLOCK08/SES081/SA081S11	SES062	-1.07211	-52.356	-51.2839
BLOCK08/SES081/SA081S11	SES117	-1.45171	-52.7356	-51.2839
BLOCK08/SES081/SA081S11	SES162	-0.712791	-51.9967	-51.2839
BLOCK08/SES081/SA081S13	SES016	-0.49921	-49.739	-49.2398
BLOCK08/SES081/SA081S13	SES060	-0.269249	-49.509	-49.2398
BLOCK08/SES081/SA081S13	SES068	-nan	-nan	-49.2398
BLOCK08/SES081/SA081S13	SES129	-0.835735	-50.0755	-49.2398
BLOCK08/SES081/SA081S24	SES060	-0.741665	-51.5923	-50.8506
BLOCK08/SES081/SA081S24	SES068	-nan	-nan	-50.8506
BLOCK08/SES081/SA081S24	SES117	-1.59315	-52.4438	-50.8506
BLOCK08/SES081/SA081S24	SES275	-1.01577	-51.8664	-50.8506
BLOCK08/SES081/SA081S27	SES007	-0.42942	-50.4032	-49.9738
BLOCK08/SES081/SA081S27	SES060	-0.575912	-50.5497	-49.9738
BLOCK08/SES081/SA081S27	SES117	-0.455002	-50.4288	-49.9738
BLOCK08/SES081/SA081S27	SES275	-0.867771	-50.8416	-49.9738
BLOCK08/SES081/SA081S29	SES007	-0.270184	-49.802	-49.5318
BLOCK08/SES081/SA081S29	SES060	-0.565273	-50.0971	-49.5318
BLOCK08/SES081/SA081S29	SES117	-0.598114	-50.13	-49.5318
BLOCK08/SES081/SA081S29	SES275	-1.08873	-50.6206	-49.5318
BLOCK08/SES086/SA086S11	SES029	-1.86509	-54.3306	-52.4655
BLOCK08/SES086/SA086S11	SES082	-1.84782	-54.3133	-52.4655
BLOCK08/SES086/SA086S11	SES087	-0.942467	-53.408	-52.4655
BLOCK08/SES086/SA086S11	SES206	-2.29395	-54.7594	-52.4655
BLOCK08/SES086/SA086S12	SES029	-1.43307	-51.8739	-50.4409
BLOCK08/SES086/SA086S12	SES082	-2.33229	-52.7732	-50.4409
BLOCK08/SES086/SA086S12	SES087	-0.991425	-51.4323	-50.4409
BLOCK08/SES086/SA086S12	SES206	-1.98059	-52.4215	-50.4409
BLOCK08/SES086/SA086S20	SES029	-2.00169	-51.6884	-49.6867
BLOCK08/SES086/SA086S20	SES082	-1.59718	-51.2839	-49.6867
BLOCK08/SES086/SA086S20	SES087	-0.975723	-50.6624	-49.6867
BLOCK08/SES086/SA086S20	SES206	-1.14159	-50.8283	-49.6867
BLOCK08/SES086/SA086S24	SES087	-1.08567	-51.2591	-50.1735
BLOCK08/SES086/SA086S24	SES104	-1.30044	-51.4739	-50.1735
BLOCK08/SES086/SA086S24	SES120	-1.17238	-51.3458	-50.1735
BLOCK08/SES086/SA086S24	SES206	-1.46589	-51.6394	-50.1735
BLOCK08/SES086/SA086S28	SES029	-1.80921	-50.8991	-49.0899
BLOCK08/SES086/SA086S28	SES082	-1.71667	-50.8066	-49.0899
BLOCK08/SES086/SA086S28	SES087	-0.900551	-49.9904	-49.0899
BLOCK08/SES086/SA086S28	SES206	-1.39581	-50.4857	-49.0899
BLOCK08/SES089/SA089S13	SES087	-0.939144	-52.7094	-51.7703
BLOCK08/SES089/SA089S13	SES206	-1.84781	-53.6181	-51.7703
BLOCK08/SES089/SA089S13	SES226	-1.37616	-53.1464	-51.7703
BLOCK08/SES089/SA089S13	SES270	-1.3033	-53.0736	-51.7703
BLOCK08/SES089/SA089S14	SES062	-1.391	-52.569	-51.178
BLOCK08/SES089/SA089S14	SES087	-1.22533	-52.4033	-51.178
BLOCK08/SES089/SA089S14	SES206	-2.23433	-53.4123	-51.178
BLOCK08/SES089/SA089S14	SES226	-1.82623	-53.0042	-51.178
BLOCK08/SES089/SA089S23	SES087	-0.900131	-53.0475	-52.1473
BLOCK08/SES089/SA089S23	SES206	-2.77024	-54.9176	-52.1473
BLOCK08/SES089/SA089S23	SES226	-1.9155	-54.0628	-52.1473
BLOCK08/SES089/SA089S23	SES270	-1.77374	-53.9211	-52.1473
BLOCK08/SES089/SA089S25	SES062	-2.28957	-53.3165	-51.027
BLOCK08/SES089/SA089S25	SES087	-1.05626	-52.0832	-51.027
BLOCK08/SES089/SA089S25	SES206	-2.61277	-53.6397	-51.027
BLOCK08/SES089/SA089S25	SES226	-0.827633	-51.8546	-51.027
BLOCK08/SES089/SA089S28	SES062	-1.8715	-53.515	-51.6435
BLOCK08/SES089/SA089S28	SES087	-0.836155	-52.4797	-51.6435
BLOCK08/SES089/SA089S28	SES206	-2.09745	-53.741	-51.6435
BLOCK08/SES089/SA089S28	SES226	-1.04986	-52.6934	-51.6435
BLOCK09/SES097/SA097S11	SES099	-0.811428	-53.9711	-53.1597
BLOCK09/SES097/SA097S11	SES125	-2.88986	-56.0495	-53.1597
BLOCK09/SES097/SA097S11	SES206	-3.64031	-56.8	-53.1597
BLOCK09/SES097/SA097S11	SES226	-1.30429	-54.464	-53.1597
BLOCK09/SES097/SA097S14	SES062	-1.90733	-55.7191	-53.8118
BLOCK09/SES097/SA097S14	SES099	-0.973988	-54.7858	-53.8118
BLOCK09/SES097/SA097S14	SES104	-1.84209	-55.6539	-53.8118
BLOCK09/SES097/SA097S14	SES206	-3.86376	-57.6755	-53.8118
BLOCK09/SES097/SA097S22	SES099	-0.896992	-54.5738	-53.6768
BLOCK09/SES097/SA097S22	SES206	-3.65664	-57.3335	-53.6768
BLOCK09/SES097/SA097S22	SES226	-2.40477	-56.0816	-53.6768
BLOCK09/SES097/SA097S22	SES270	-0.656723	-54.3336	-53.6768
BLOCK09/SES097/SA097S26	SES099	-0.966858	-53.9263	-52.9594
BLOCK09/SES097/SA097S26	SES120	-0.543137	-53.5026	-52.9594
BLOCK09/SES097/SA097S26	SES206	-2.25808	-55.2175	-52.9594
BLOCK09/SES097/SA097S26	SES226	-1.80851	-54.768	-52.9594
BLOCK09/SES097/SA097S28	SES099	-1.09797	-52.8693	-51.7713
BLOCK09/SES097/SA097S28	SES120	-1.63073	-53.4021	-51.7713
BLOCK09/SES097/SA097S28	SES206	-3.58216	-55.3535	-51.7713
BLOCK09/SES097/SA097S28	SES226	-2.21097	-53.9823	-51.7713
BLOCK09/SES098/SA098S11	SES127	-2.30606	-53.302	-50.9959
BLOCK09/SES098/SA098S11	SES144	-0.949352	-51.9453	-50.9959
BLOCK09/SES098/SA098S11	SES147	-0.70171	-51.6976	-50.9959
BLOCK09/SES098/SA098S11	SES148	-2.55733	-53.5533	-50.9959
BLOCK09/SES098/SA098S12	SES127	-2.91392	-56.6068	-53.6928
BLOCK09/SES098/SA098S12	SES144	-0.997353	-54.6902	-53.6928
BLOCK09/SES098/SA098S12	SES147	-0.732628	-54.4255	-53.6928
BLOCK09/SES098/SA098S12	SES189	-1.35925	-55.0521	-53.6928
BLOCK09/SES098/SA098S20	SES127	-2.25808	-55.1628	-52.9047
BLOCK09/SES098/SA098S20	SES147	-0.173386	-53.0781	-52.9047
BLOCK09/SES098/SA098S20	SES148	-2.32682	-55.2315	-52.9047
BLOCK09/SES098/SA098S20	SES292	-2.04185	-54.9466	-52.9047
BLOCK09/SES098/SA098S23	SES127	-1.43129	-52.18	-50.7487
BLOCK09/SES098/SA098S23	SES147	-0.787746	-51.5365	-50.7487
BLOCK09/SES098/SA098S23	SES187	-1.04832	-51.797	-50.7487
BLOCK09/SES098/SA098S23	SES292	-1.54035	-52.2891	-50.7487
BLOCK09/SES098/SA098S27	SES127	-2.89999	-54.5272	-51.6272
BLOCK09/SES098/SA098S27	SES147	-1.35348	-52.9807	-51.6272
BLOCK09/SES098/SA098S27	SES148	-2.37167	-53.9989	-51.6272
BLOCK09/SES098/SA098S27	SES292	-1.97837	-53.6056	-51.6272
BLOCK10/SES102/SA102S13	SES101	-1.02543	-51.2295	-50.204
BLOCK10/SES102/SA102S13	SES105	-1.25901	-51.463	-50.204
BLOCK10/SES102/SA102S13	SES120	-1.23182	-51.4358	-50.204
BLOCK10/SES102/SA102S13	SES158	-1.43959	-51.6436	-50.204
BLOCK10/SES102/SA102S14	SES007	-0.308643	-49.098	-48.7894
BLOCK10/SES102/SA102S14	SES101	-0.0254097	-48.8148	-48.7894
BLOCK10/SES102/SA102S14	SES105	-0.468464	-49.2578	-48.7894
BLOCK10/SES102/SA102S14	SES147	-1.3662	-50.1556	-48.7894
BLOCK10/SES102/SA102S22	SES007	-0.796101	-49.1184	-48.3223
BLOCK10/SES102/SA102S22	SES101	-0.424355	-48.7467	-48.3223
BLOCK10/SES102/SA102S22	SES105	-0.397911	-48.7202	-48.3223
BLOCK10/SES102/SA102S22	SES158	-0.921898	-49.2442	-48.3223
BLOCK10/SES102/SA102S25	SES007	-0.462151	-49.2556	-48.7935
BLOCK10/SES102/SA102S25	SES101	-0.667744	-49.4612	-48.7935
BLOCK10/SES102/SA102S25	SES105	-0.759365	-49.5529	-48.7935
BLOCK10/SES102/SA102S25	SES147	-1.59472	-50.3882	-48.7935
BLOCK10/SES102/SA102S27	SES007	-1.06965	-52.0717	-51.0021
BLOCK10/SES102/SA102S27	SES101	-1.00099	-52.0031	-51.0021
BLOCK10/SES102/SA102S27	SES105	-1.37376	-52.3758	-51.0021
BLOCK10/SES102/SA102S27	SES147	-1.44749	-52.4496	-51.0021
BLOCK10/SES103/SA103S14	SES105	-0.792526	-50.253	-49.4604
BLOCK10/SES103/SA103S14	SES106	-1.5259	-50.9863	-49.4604
BLOCK10/SES103/SA103S14	SES120	-1.41109	-50.8715	-49.4604
BLOCK10/SES103/SA103S14	SES206	-1.76817	-51.2286	-49.4604
BLOCK10/SES103/SA103S15	SES099	-1.46855	-54.7129	-53.2443
BLOCK10/SES103/SA103S15	SES101	-2.16584	-55.4101	-53.2443
BLOCK10/SES103/SA103S15	SES104	-1.70455	-54.9488	-53.2443
BLOCK10/SES103/SA103S15	SES125	-3.76511	-57.0094	-53.2443
BLOCK10/SES103/SA103S24	SES104	-1.40378	-51.8117	-50.408
BLOCK10/SES103/SA103S24	SES125	-1.9128	-52.3208	-50.408
BLOCK10/SES103/SA103S24	SES148	-1.72047	-52.1284	-50.408
BLOCK10/SES103/SA103S24	SES158	-1.59311	-52.0011	-50.408
BLOCK10/SES103/SA103S26	SES104	-1.18543	-51.5771	-50.3917
BLOCK10/SES103/SA103S26	SES106	-1.54477	-51.9365	-50.3917
BLOCK10/SES103/SA103S26	SES125	-2.11143	-52.5031	-50.3917
BLOCK10/SES103/SA103S26	SES148	-1.51949	-51.9112	-50.3917
BLOCK10/SES103/SA103S28	SES104	-1.35833	-54.1203	-52.7619
BLOCK10/SES103/SA103S28	SES106	-3.54924	-56.3112	-52.7619
BLOCK10/SES103/SA103S28	SES125	-1.63692	-54.3989	-52.7619
BLOCK10/SES103/SA103S28	SES206	-2.44436	-55.2063	-52.7619
BLOCK12/SES121/SA121S12	SES042	-2.2524	-52.695	-50.4426
BLOCK12/SES121/SA121S12	SES087	-1.92371	-52.3664	-50.4426
BLOCK12/SES121/SA121S12	SES105	-0.599228	-51.0419	-50.4426
BLOCK12/SES121/SA121S12	SES206	-0.922554	-51.3652	-50.4426
BLOCK12/SES121/SA121S14	SES007	-1.29937	-51.7074	-50.408
BLOCK12/SES121/SA121S14	SES105	-0.964878	-51.3729	-50.408
BLOCK12/SES121/SA121S14	SES106	-1.12602	-51.534	-50.408
BLOCK12/SES121/SA121S14	SES206	-1.5644	-51.9724	-50.408
BLOCK12/SES121/SA121S23	SES105	-1.30272	-52.2246	-50.9219
BLOCK12/SES121/SA121S23	SES106	-0.989388	-51.9113	-50.9219
BLOCK12/SES121/SA121S23	SES120	-1.45498	-52.3769	-50.9219
BLOCK12/SES121/SA121S23	SES206	-1.29242	-52.2143	-50.9219
BLOCK12/SES121/SA121S25	SES007	-1.07251	-51.7251	-50.6526
BLOCK12/SES121/SA121S25	SES105	-1.10767	-51.7603	-50.6526
BLOCK12/SES121/SA121S25	SES106	-0.862679	-51.5153	-50.6526
BLOCK12/SES121/SA121S25	SES206	-1.57919	-52.2318	-50.6526
BLOCK12/SES121/SA121S27	SES087	-1.65895	-53.0203	-51.3613
BLOCK12/SES121/SA121S27	SES105	-1.26329	-52.6246	-51.3613
BLOCK12/SES121/SA121S27	SES120	-0.849476	-52.2108	-51.3613
BLOCK12/SES121/SA121S27	SES206	-1.52681	-52.8881	-51.3613
BLOCK12/SES124/SA124S16	SES042	-0.717106	-48.7328	-48.0157
BLOCK12/SES124/SA124S16	SES082	-1.80123	-49.8169	-48.0157
BLOCK12/SES124/SA124S16	SES183	-1.43864	-49.4543	-48.0157
BLOCK12/SES124/SA124S16	SES206	-1.80844	-49.8241	-48.0157
BLOCK12/SES124/SA124S17	SES105	-0.345264	-49.9025	-49.5572
BLOCK12/SES124/SA124S17	SES149	-1.40479	-50.962	-49.5572
BLOCK12/SES124/SA124S17	SES158	-1.66588	-51.2231	-49.5572
BLOCK12/SES124/SA124S17	SES275	-0.932117	-50.4894	-49.5572
BLOCK12/SES124/SA124S23	SES105	-1.30426	-49.4578	-48.1536
BLOCK12/SES124/SA124S23	SES125	-0.353889	-48.5075	-48.1536
BLOCK12/SES124/SA124S23	SES129	-0.870434	-49.024	-48.1536
BLOCK12/SES124/SA124S23	SES158	-1.47485	-49.6284	-48.1536
BLOCK12/SES124/SA124S26	SES105	-1.19024	-51.1656	-49.9754
BLOCK12/SES124/SA124S26	SES125	0.0290413	-49.9464	-49.9754
BLOCK12/SES124/SA124S26	SES129	-1.56196	-51.5374	-49.9754
BLOCK12/SES124/SA124S26	SES158	-0.89312	-50.8685	-49.9754
BLOCK12/SES124/SA124S28	SES104	-0.654217	-49.4642	-48.81
BLOCK12/SES124/SA124S28	SES106	-0.66095	-49.4709	-48.81
BLOCK12/SES124/SA124S28	SES125	-0.559166	-49.3691	-48.81
BLOCK12/SES124/SA124S28	SES275	-1.53961	-50.3496	-48.81
BLOCK12/SES126/SA126S13	SES007	-1.72924	-52.8791	-51.1499
BLOCK12/SES126/SA126S13	SES162	-0.876263	-52.0262	-51.1499
BLOCK12/SES126/SA126S13	SES177	-1.40255	-52.5525	-51.1499
BLOCK12/SES126/SA126S13	SES180	-0.689297	-51.8392	-51.1499
BLOCK12/SES126/SA126S14	SES144	0.0860023	-49.3206	-49.4066
BLOCK12/SES126/SA126S14	SES148	-0.979095	-50.3857	-49.4066
BLOCK12/SES126/SA126S14	SES177	-0.936077	-50.3427	-49.4066
BLOCK12/SES126/SA126S14	SES180	-0.189003	-49.5956	-49.4066
BLOCK12/SES126/SA126S20	SES007	-1.03997	-51.2319	-50.192
BLOCK12/SES126/SA126S20	SES162	-0.404644	-50.5966	-50.192
BLOCK12/SES126/SA126S20	SES172	-2.10835	-52.3003	-50.192
BLOCK12/SES126/SA126S20	SES180	0.125977	-50.066	-50.192
BLOCK12/SES126/SA126S24	SES120	-1.13533	-50.7575	-49.6222
BLOCK12/SES126/SA126S24	SES162	-0.212662	-49.8349	-49.6222
BLOCK12/SES126/SA126S24	SES177	-1.18938	-50.8116	-49.6222
BLOCK12/SES126/SA126S24	SES180	0.284504	-49.3377	-49.6222
BLOCK12/SES126/SA126S26	SES120	-0.732136	-51.0968	-50.3647
BLOCK12/SES126/SA126S26	SES177	-0.616653	-50.9813	-50.3647
BLOCK12/SES126/SA126S26	SES180	0.490414	-49.8742	-50.3647
BLOCK12/SES126/SA126S26	SES202	-0.484505	-50.8492	-50.3647
BLOCK12/SES128/SA128S10	SES087	-1.98204	-50.9217	-48.9397
BLOCK12/SES128/SA128S10	SES206	-2.02634	-50.966	-48.9397
BLOCK12/SES128/SA128S10	SES226	-1.68787	-50.6276	-48.9397
BLOCK12/SES128/SA128S10	SES270	-0.330063	-49.2698	-48.9397
BLOCK12/SES128/SA128S12	SES120	-0.623569	-50.1237	-49.5001
BLOCK12/SES128/SA128S12	SES158	-1.45157	-50.9517	-49.5001
BLOCK12/SES128/SA128S12	SES206	-1.48111	-50.9812	-49.5001
BLOCK12/SES128/SA128S12	SES226	-1.61604	-51.1162	-49.5001
BLOCK12/SES128/SA128S21	SES106	-1.96818	-54.8087	-52.8405
BLOCK12/SES128/SA128S21	SES120	-0.954819	-53.7953	-52.8405
BLOCK12/SES128/SA128S21	SES206	-2.69691	-55.5374	-52.8405
BLOCK12/SES128/SA128S21	SES226	-0.816761	-53.6573	-52.8405
BLOCK12/SES128/SA128S24	SES087	-1.90982	-52.1189	-50.2091
BLOCK12/SES128/SA128S24	SES120	-1.14188	-51.351	-50.2091
BLOCK12/SES128/SA128S24	SES206	-1.91843	-52.1275	-50.2091
BLOCK12/SES128/SA128S24	SES226	-1.68326	-51.8924	-50.2091
BLOCK12/SES128/SA128S27	SES099	-0.904922	-49.8348	-48.9299
BLOCK12/SES128/SA128S27	SES120	-0.859184	-49.789	-48.9299
BLOCK12/SES128/SA128S27	SES206	-1.60465	-50.5345	-48.9299
BLOCK12/SES128/SA128S27	SES226	-1.30689	-50.2368	-48.9299
BLOCK13/SES130/SA130S13	SES143	-1.55216	-53.5883	-52.0362
BLOCK13/SES130/SA130S13	SES144	-0.418438	-52.4546	-52.0362
BLOCK13/SES130/SA130S13	SES146	-0.498875	-52.535	-52.0362
BLOCK13/SES130/SA130S13	SES275	-1.50504	-53.5412	-52.0362
BLOCK13/SES130/SA130S15	SES143	-1.53828	-51.5812	-50.0429
BLOCK13/SES130/SA130S15	SES144	-0.603813	-50.6468	-50.0429
BLOCK13/SES130/SA130S15	SES146	-0.513977	-50.5569	-50.0429
BLOCK13/SES130/SA130S15	SES275	-1.13537	-51.1783	-50.0429
BLOCK13/SES130/SA130S23	SES127	-1.36665	-53.4403	-52.0737
BLOCK13/SES130/SA130S23	SES144	-0.748348	-52.822	-52.0737
BLOCK13/SES130/SA130S23	SES146	-0.541943	-52.6156	-52.0737
BLOCK13/SES130/SA130S23	SES162	-1.4268	-53.5005	-52.0737
BLOCK13/SES130/SA130S25	SES127	-1.70446	-50.1283	-48.4238
BLOCK13/SES130/SA130S25	SES144	-0.692348	-49.1162	-48.4238
BLOCK13/SES130/SA130S25	SES146	-0.229733	-48.6535	-48.4238
BLOCK13/SES130/SA130S25	SES275	-0.860489	-49.2843	-48.4238
BLOCK13/SES130/SA130S28	SES127	-1.63549	-52.4166	-50.7811
BLOCK13/SES130/SA130S28	SES144	-1.34124	-52.1223	-50.7811
BLOCK13/SES130/SA130S28	SES146	-0.161968	-50.9431	-50.7811
BLOCK13/SES130/SA130S28	SES275	-0.890438	-51.6715	-50.7811
BLOCK13/SES131/SA131S13	SES002	-1.85464	-53.4801	-51.6254
BLOCK13/SES131/SA131S13	SES007	-1.93515	-53.5606	-51.6254
BLOCK13/SES131/SA131S13	SES099	-1.10157	-52.727	-51.6254
BLOCK13/SES131/SA131S13	SES105	-0.938862	-52.5643	-51.6254
BLOCK13/SES131/SA131S14	SES104	-0.929649	-49.9303	-49.0007
BLOCK13/SES131/SA131S14	SES106	-1.80938	-50.8101	-49.0007
BLOCK13/SES131/SA131S14	SES125	-1.61262	-50.6133	-49.0007
BLOCK13/SES131/SA131S14	SES148	-1.02139	-50.0221	-49.0007
BLOCK13/SES131/SA131S20	SES104	-1.85866	-54.3812	-52.5225
BLOCK13/SES131/SA131S20	SES106	-2.44155	-54.9641	-52.5225
BLOCK13/SES131/SA131S20	SES125	-1.87386	-54.3964	-52.5225
BLOCK13/SES131/SA131S20	SES148	-1.08191	-53.6044	-52.5225
BLOCK13/SES131/SA131S22	SES099	-0.982239	-50.6571	-49.6748
BLOCK13/SES131/SA131S22	SES104	-1.09672	-50.7715	-49.6748
BLOCK13/SES131/SA131S22	SES125	-1.49872	-51.1736	-49.6748
BLOCK13/SES131/SA131S22	SES206	-2.59541	-52.2702	-49.6748
BLOCK13/SES131/SA131S29	SES087	-1.47235	-53.0439	-51.5715
BLOCK13/SES131/SA131S29	SES104	-1.42314	-52.9947	-51.5715
BLOCK13/SES131/SA131S29	SES125	-1.68584	-53.2574	-51.5715
BLOCK13/SES131/SA131S29	SES206	-2.82981	-54.4013	-51.5715
BLOCK13/SES132/SA132S11	SES083	-1.00795	-49.4	-48.3921
BLOCK13/SES132/SA132S11	SES120	-0.433914	-48.826	-48.3921
BLOCK13/SES132/SA132S11	SES127	-0.740395	-49.1325	-48.3921
BLOCK13/SES132/SA132S11	SES275	-0.695595	-49.0877	-48.3921
BLOCK13/SES132/SA132S12	SES083	-1.22296	-50.2879	-49.065
BLOCK13/SES132/SA132S12	SES143	-1.19577	-50.2608	-49.065
BLOCK13/SES132/SA132S12	SES144	-0.423637	-49.4886	-49.065
BLOCK13/SES132/SA132S12	SES148	-0.442413	-49.5074	-49.065
BLOCK13/SES132/SA132S22	SES062	-0.781857	-49.9508	-49.169
BLOCK13/SES132/SA132S22	SES083	-0.636257	-49.8052	-49.169
BLOCK13/SES132/SA132S22	SES127	-0.593567	-49.7625	-49.169
BLOCK13/SES132/SA132S22	SES275	-0.469444	-49.6384	-49.169
BLOCK13/SES132/SA132S24	SES007	-0.609463	-49.1855	-48.576
BLOCK13/SES132/SA132S24	SES083	-0.912949	-49.489	-48.576
BLOCK13/SES132/SA132S24	SES127	-0.911022	-49.487	-48.576
BLOCK13/SES132/SA132S24	SES275	-0.899315	-49.4753	-48.576
BLOCK13/SES132/SA132S27	SES083	-1.75606	-52.6717	-50.9157
BLOCK13/SES132/SA132S27	SES120	-0.541714	-51.4574	-50.9157
BLOCK13/SES132/SA132S27	SES127	-1.29671	-52.2124	-50.9157
BLOCK13/SES132/SA132S27	SES275	-0.946106	-51.8618	-50.9157
BLOCK14/SES141/SA141S09	SES143	-1.01551	-50.3253	-49.3098
BLOCK14/SES141/SA141S09	SES144	-0.390106	-49.6999	-49.3098
BLOCK14/SES141/SA141S09	SES162	-0.967335	-50.2771	-49.3098
BLOCK14/SES141/SA141S09	SES180	-0.345268	-49.655	-49.3098
BLOCK14/SES141/SA141S15	SES127	-0.959446	-50.6858	-49.7264
BLOCK14/SES141/SA141S15	SES144	-0.128365	-49.8548	-49.7264
BLOCK14/SES141/SA141S15	SES162	-0.889278	-50.6157	-49.7264
BLOCK14/SES141/SA141S15	SES180	-0.688408	-50.4148	-49.7264
BLOCK14/SES141/SA141S24	SES127	-0.774292	-49.9349	-49.1606
BLOCK14/SES141/SA141S24	SES144	-0.636806	-49.7974	-49.1606
BLOCK14/SES141/SA141S24	SES162	-0.701797	-49.8624	-49.1606
BLOCK14/SES141/SA141S24	SES183	-0.879486	-50.0401	-49.1606
BLOCK14/SES141/SA141S26	SES142	-0.940231	-51.3591	-50.4189
BLOCK14/SES141/SA141S26	SES144	-0.736874	-51.1558	-50.4189
BLOCK14/SES141/SA141S26	SES172	-1.28064	-51.6995	-50.4189
BLOCK14/SES141/SA141S26	SES180	-0.255886	-50.6748	-50.4189
BLOCK14/SES141/SA141S29	SES127	-0.486542	-49.1961	-48.7095
BLOCK14/SES141/SA141S29	SES142	-0.477558	-49.1871	-48.7095
BLOCK14/SES141/SA141S29	SES144	-0.300171	-49.0097	-48.7095
BLOCK14/SES141/SA141S29	SES180	0.152214	-48.5573	-48.7095
BLOCK15/SES157/SA157S08	SES083	-1.54268	-51.1661	-49.6234
BLOCK15/SES157/SA157S08	SES127	-1.17677	-50.8002	-49.6234
BLOCK15/SES157/SA157S08	SES148	-1.36314	-50.9866	-49.6234
BLOCK15/SES157/SA157S08	SES292	-1.44375	-51.0672	-49.6234
BLOCK15/SES157/SA157S11	SES083	-2.15304	-52.3364	-50.1833
BLOCK15/SES157/SA157S11	SES127	-1.67603	-51.8593	-50.1833
BLOCK15/SES157/SA157S11	SES148	-1.56659	-51.7499	-50.1833
BLOCK15/SES157/SA157S11	SES292	-1.46622	-51.6495	-50.1833
BLOCK15/SES157/SA157S21	SES127	-0.899643	-51.6397	-50.7401
BLOCK15/SES157/SA157S21	SES148	-0.77425	-51.5143	-50.7401
BLOCK15/SES157/SA157S21	SES158	-3.44907	-54.1891	-50.7401
BLOCK15/SES157/SA157S21	SES292	-1.08118	-51.8213	-50.7401
BLOCK15/SES157/SA157S24	SES127	-1.11716	-50.7994	-49.6822
BLOCK15/SES157/SA157S24	SES148	-1.34471	-51.0269	-49.6822
BLOCK15/SES157/SA157S24	SES183	-0.936977	-50.6192	-49.6822
BLOCK15/SES157/SA157S24	SES292	-1.19588	-50.8781	-49.6822
BLOCK15/SES157/SA157S26	SES007	-0.379658	-49.1329	-48.7532
BLOCK15/SES157/SA157S26	SES127	-0.772118	-49.5253	-48.7532
BLOCK15/SES157/SA157S26	SES147	-0.942993	-49.6962	-48.7532
BLOCK15/SES157/SA157S26	SES148	-1.52714	-50.2804	-48.7532
BLOCK16/SES161/SA161S10	SES007	-0.953224	-50.8516	-49.8984
BLOCK16/SES161/SA161S10	SES105	-0.117718	-50.0161	-49.8984
BLOCK16/SES161/SA161S10	SES158	-0.950924	-50.8493	-49.8984
BLOCK16/SES161/SA161S10	SES275	-0.797756	-50.6961	-49.8984
BLOCK16/SES161/SA161S12	SES007	-1.60778	-51.1975	-49.5897
BLOCK16/SES161/SA161S12	SES105	-1.26649	-50.8562	-49.5897
BLOCK16/SES161/SA161S12	SES158	-1.21154	-50.8013	-49.5897
BLOCK16/SES161/SA161S12	SES275	-0.979858	-50.5696	-49.5897
BLOCK16/SES161/SA161S20	SES007	-0.899166	-51.2733	-50.3741
BLOCK16/SES161/SA161S20	SES105	-1.24289	-51.617	-50.3741
BLOCK16/SES161/SA161S20	SES158	-1.04074	-51.4149	-50.3741
BLOCK16/SES161/SA161S20	SES275	-1.00179	-51.3759	-50.3741
BLOCK16/SES161/SA161S23	SES007	-1.86967	-52.5706	-50.7009
BLOCK16/SES161/SA161S23	SES105	-1.24663	-51.9475	-50.7009
BLOCK16/SES161/SA161S23	SES148	-0.95039	-51.6513	-50.7009
BLOCK16/SES161/SA161S23	SES158	-2.27074	-52.9717	-50.7009
BLOCK16/SES161/SA161S28	SES007	-1.52659	-50.3467	-48.8201
BLOCK16/SES161/SA161S28	SES105	-1.44115	-50.2612	-48.8201
BLOCK16/SES161/SA161S28	SES158	-0.576015	-49.3961	-48.8201
BLOCK16/SES161/SA161S28	SES206	-1.29777	-50.1179	-48.8201
BLOCK16/SES164/SA164S11	SES104	-1.13752	-52.9853	-51.8478
BLOCK16/SES164/SA164S11	SES125	-1.57442	-53.4222	-51.8478
BLOCK16/SES164/SA164S11	SES158	-1.05756	-52.9054	-51.8478
BLOCK16/SES164/SA164S11	SES206	-2.52544	-54.3732	-51.8478
BLOCK16/SES164/SA164S13	SES099	-0.944267	-53.2056	-52.2613
BLOCK16/SES164/SA164S13	SES104	-1.47747	-53.7388	-52.2613
BLOCK16/SES164/SA164S13	SES125	-2.82262	-55.0839	-52.2613
BLOCK16/SES164/SA164S13	SES206	-2.8521	-55.1134	-52.2613
BLOCK16/SES164/SA164S24	SES002	-0.459702	-52.5182	-52.0585
BLOCK16/SES164/SA164S24	SES099	-0.556885	-52.6153	-52.0585
BLOCK16/SES164/SA164S24	SES125	-1.76104	-53.8195	-52.0585
BLOCK16/SES164/SA164S24	SES226	-0.53347	-52.5919	-52.0585
BLOCK16/SES164/SA164S27	SES087	-1.21471	-54.0236	-52.8089
BLOCK16/SES164/SA164S27	SES125	-1.26325	-54.0721	-52.8089
BLOCK16/SES164/SA164S27	SES206	-2.64219	-55.4511	-52.8089
BLOCK16/SES164/SA164S27	SES226	-1.41261	-54.2215	-52.8089
BLOCK16/SES164/SA164S29	SES002	-0.481617	-51.7894	-51.3078
BLOCK16/SES164/SA164S29	SES019	-1.84543	-53.1532	-51.3078
BLOCK16/SES164/SA164S29	SES125	-1.17478	-52.4826	-51.3078
BLOCK16/SES164/SA164S29	SES226	-1.11926	-52.4271	-51.3078
BLOCK16/SES169/SA169S13	SES117	-1.46978	-51.3433	-49.8735
BLOCK16/SES169/SA169S13	SES144	-0.660557	-50.5341	-49.8735
BLOCK16/SES169/SA169S13	SES146	-0.95467	-50.8282	-49.8735
BLOCK16/SES169/SA169S13	SES162	-1.51243	-51.3859	-49.8735
BLOCK16/SES169/SA169S14	SES144	-0.364643	-49.1413	-48.7767
BLOCK16/SES169/SA169S14	SES148	-1.45882	-50.2355	-48.7767
BLOCK16/SES169/SA169S14	SES177	-0.686111	-49.4628	-48.7767
BLOCK16/SES169/SA169S14	SES180	-0.583008	-49.3597	-48.7767
BLOCK16/SES169/SA169S24	SES117	-0.9548	-52.4047	-51.4499
BLOCK16/SES169/SA169S24	SES144	-0.646923	-52.0968	-51.4499
BLOCK16/SES169/SA169S24	SES146	-0.652649	-52.1026	-51.4499
BLOCK16/SES169/SA169S24	SES162	-1.58448	-53.0344	-51.4499
BLOCK16/SES169/SA169S27	SES127	-0.705383	-49.604	-48.8986
BLOCK16/SES169/SA169S27	SES129	-0.828743	-49.7274	-48.8986
BLOCK16/SES169/SA169S27	SES144	-0.87973	-49.7784	-48.8986
BLOCK16/SES169/SA169S27	SES146	-0.568264	-49.4669	-48.8986
BLOCK16/SES169/SA169S29	SES144	-0.579632	-48.9831	-48.4034
BLOCK16/SES169/SA169S29	SES162	-0.472267	-48.8757	-48.4034
BLOCK16/SES169/SA169S29	SES177	-1.16032	-49.5638	-48.4034
BLOCK16/SES169/SA169S29	SES180	-0.73555	-49.139	-48.4034
BLOCK17/SES171/SA171S12	SES083	-1.90033	-53.3828	-51.4825
BLOCK17/SES171/SA171S12	SES148	-1.48589	-52.9684	-51.4825
BLOCK17/SES171/SA171S12	SES172	-1.94336	-53.4258	-51.4825
BLOCK17/SES171/SA171S12	SES292	-2.09197	-53.5745	-51.4825
BLOCK17/SES171/SA171S15	SES148	-1.33581	-53.422	-52.0862
BLOCK17/SES171/SA171S15	SES177	-1.77594	-53.8621	-52.0862
BLOCK17/SES171/SA171S15	SES180	-0.793686	-52.8799	-52.0862
BLOCK17/SES171/SA171S15	SES292	-2.14405	-54.2302	-52.0862
BLOCK17/SES171/SA171S22	SES007	-1.28093	-51.0091	-49.7282
BLOCK17/SES171/SA171S22	SES148	-1.01397	-50.7421	-49.7282
BLOCK17/SES171/SA171S22	SES177	-0.888458	-50.6166	-49.7282
BLOCK17/SES171/SA171S22	SES180	-0.951134	-50.6793	-49.7282
BLOCK17/SES171/SA171S25	SES101	-1.76103	-54.8385	-53.0775
BLOCK17/SES171/SA171S25	SES120	-2.0426	-55.1201	-53.0775
BLOCK17/SES171/SA171S25	SES177	-1.76678	-54.8442	-53.0775
BLOCK17/SES171/SA171S25	SES180	-2.21135	-55.2888	-53.0775
BLOCK17/SES171/SA171S27	SES177	-1.0236	-51.5557	-50.5321
BLOCK17/SES171/SA171S27	SES180	-1.17219	-51.7042	-50.5321
BLOCK17/SES171/SA171S27	SES189	-1.87718	-52.4092	-50.5321
BLOCK17/SES171/SA171S27	SES292	-1.81453	-52.3466	-50.5321
BLOCK17/SES173/SA173S13	SES162	-0.907108	-50.9708	-50.0637
BLOCK17/SES173/SA173S13	SES177	-1.26851	-51.3322	-50.0637
BLOCK17/SES173/SA173S13	SES180	-0.667099	-50.7308	-50.0637
BLOCK17/SES173/SA173S13	SES292	-1.02924	-51.0929	-50.0637
BLOCK17/SES173/SA173S14	SES007	-2.86924	-55.0963	-52.227
BLOCK17/SES173/SA173S14	SES162	-4.23445	-56.4615	-52.227
BLOCK17/SES173/SA173S14	SES177	-3.84644	-56.0735	-52.227
BLOCK17/SES173/SA173S14	SES180	-7.12503	-59.3521	-52.227
BLOCK17/SES173/SA173S24	SES144	-1.01973	-54.1436	-53.1239
BLOCK17/SES173/SA173S24	SES162	-2.809	-55.9329	-53.1239
BLOCK17/SES173/SA173S24	SES177	-1.98236	-55.1062	-53.1239
BLOCK17/SES173/SA173S24	SES180	-3.71481	-56.8387	-53.1239
BLOCK17/SES173/SA173S27	SES162	-1.55194	-52.6034	-51.0515
BLOCK17/SES173/SA173S27	SES177	-1.24325	-52.2947	-51.0515
BLOCK17/SES173/SA173S27	SES180	-0.596508	-51.648	-51.0515
BLOCK17/SES173/SA173S27	SES292	-1.07917	-52.1306	-51.0515
BLOCK17/SES173/SA173S29	SES162	-2.17297	-55.734	-53.561
BLOCK17/SES173/SA173S29	SES175	-1.0876	-54.6486	-53.561
BLOCK17/SES173/SA173S29	SES177	-2.13821	-55.6992	-53.561
BLOCK17/SES173/SA173S29	SES292	-2.37907	-55.9401	-53.561
BLOCK18/SES182/SA182S10	SES144	-0.846462	-48.2087	-47.3623
BLOCK18/SES182/SA182S10	SES177	-0.877346	-48.2396	-47.3623
BLOCK18/SES182/SA182S10	SES180	-0.313202	-47.6755	-47.3623
BLOCK18/SES182/SA182S10	SES275	-0.6106	-47.9729	-47.3623
BLOCK18/SES182/SA182S12	SES144	-0.329391	-48.8723	-48.5429
BLOCK18/SES182/SA182S12	SES177	-0.829239	-49.3721	-48.5429
BLOCK18/SES182/SA182S12	SES180	-0.774658	-49.3175	-48.5429
BLOCK18/SES182/SA182S12	SES275	-0.550884	-49.0938	-48.5429
BLOCK18/SES182/SA182S21	SES117	-1.18775	-50.4512	-49.2634
BLOCK18/SES182/SA182S21	SES144	-0.872768	-50.1362	-49.2634
BLOCK18/SES182/SA182S21	SES162	-0.803566	-50.067	-49.2634
BLOCK18/SES182/SA182S21	SES180	-1.10187	-50.3653	-49.2634
BLOCK18/SES182/SA182S23	SES117	-1.00118	-50.9146	-49.9135
BLOCK18/SES182/SA182S23	SES144	-0.557217	-50.4707	-49.9135
BLOCK18/SES182/SA182S23	SES180	-1.98791	-51.9014	-49.9135
BLOCK18/SES182/SA182S23	SES275	-0.336205	-50.2497	-49.9135
BLOCK18/SES182/SA182S25	SES007	-0.0751076	-49.0439	-48.9688
BLOCK18/SES182/SA182S25	SES162	-0.501431	-49.4703	-48.9688
BLOCK18/SES182/SA182S25	SES177	-0.949276	-49.9181	-48.9688
BLOCK18/SES182/SA182S25	SES180	-0.347446	-49.3163	-48.9688
BLOCK18/SES184/SA184S12	SES177	-0.837254	-50.7216	-49.8843
BLOCK18/SES184/SA184S12	SES180	-1.06124	-50.9456	-49.8843
BLOCK18/SES184/SA184S12	SES189	-2.58059	-52.4649	-49.8843
BLOCK18/SES184/SA184S12	SES292	-1.20535	-51.0897	-49.8843
BLOCK18/SES184/SA184S13	SES101	-1.18783	-52.4422	-51.2543
BLOCK18/SES184/SA184S13	SES177	-1.30846	-52.5628	-51.2543
BLOCK18/SES184/SA184S13	SES180	-0.812874	-52.0672	-51.2543
BLOCK18/SES184/SA184S13	SES292	-1.2815	-52.5358	-51.2543
BLOCK18/SES184/SA184S22	SES177	-0.541832	-50.5384	-49.9965
BLOCK18/SES184/SA184S22	SES180	-0.525219	-50.5218	-49.9965
BLOCK18/SES184/SA184S22	SES189	-2.94331	-52.9398	-49.9965
BLOCK18/SES184/SA184S22	SES292	-1.51273	-51.5093	-49.9965
BLOCK18/SES184/SA184S25	SES101	-0.93877	-51.0709	-50.1321
BLOCK18/SES184/SA184S25	SES177	-1.50134	-51.6335	-50.1321
BLOCK18/SES184/SA184S25	SES180	-0.555046	-50.6872	-50.1321
BLOCK18/SES184/SA184S25	SES292	-1.24507	-51.3772	-50.1321
BLOCK18/SES184/SA184S27	SES083	-1.73994	-52.4106	-50.6707
BLOCK18/SES184/SA184S27	SES177	-1.26128	-51.9319	-50.6707
BLOCK18/SES184/SA184S27	SES202	-0.962498	-51.6332	-50.6707
BLOCK18/SES184/SA184S27	SES292	-1.12556	-51.7962	-50.6707
BLOCK20/SES204/SA204S12	SES062	-1.96011	-51.1655	-49.2054
BLOCK20/SES204/SA204S12	SES083	-1.82602	-51.0314	-49.2054
BLOCK20/SES204/SA204S12	SES206	-1.97515	-51.1805	-49.2054
BLOCK20/SES204/SA204S12	SES226	-2.28245	-51.4878	-49.2054
BLOCK20/SES204/SA204S14	SES068	-nan	-nan	-48.4035
BLOCK20/SES204/SA204S14	SES087	-0.937759	-49.3412	-48.4035
BLOCK20/SES204/SA204S14	SES206	-2.21172	-50.6152	-48.4035
BLOCK20/SES204/SA204S14	SES226	-2.15787	-50.5613	-48.4035
BLOCK20/SES204/SA204S22	SES068	-nan	-nan	-49.591
BLOCK20/SES204/SA204S22	SES082	-2.55975	-52.1507	-49.591
BLOCK20/SES204/SA204S22	SES083	-1.98057	-51.5716	-49.591
BLOCK20/SES204/SA204S22	SES206	-1.96888	-51.5599	-49.591
BLOCK20/SES204/SA204S25	SES062	-2.11462	-51.5602	-49.4456
BLOCK20/SES204/SA204S25	SES083	-1.19561	-50.6412	-49.4456
BLOCK20/SES204/SA204S25	SES206	-1.53746	-50.9831	-49.4456
BLOCK20/SES204/SA204S25	SES226	-1.6256	-51.0712	-49.4456
BLOCK20/SES204/SA204S27	SES068	-nan	-nan	-51.4326
BLOCK20/SES204/SA204S27	SES082	-2.34138	-53.774	-51.4326
BLOCK20/SES204/SA204S27	SES087	-1.26384	-52.6965	-51.4326
BLOCK20/SES204/SA204S27	SES206	-2.49146	-53.9241	-51.4326
BLOCK20/SES207/SA207S10	SES127	-1.14278	-50.8814	-49.7386
BLOCK20/SES207/SA207S10	SES183	-0.677715	-50.4163	-49.7386
BLOCK20/SES207/SA207S10	SES189	-2.16327	-51.9019	-49.7386
BLOCK20/SES207/SA207S10	SES292	-1.82268	-51.5613	-49.7386
BLOCK20/SES207/SA207S11	SES127	-2.54335	-55.1119	-52.5685
BLOCK20/SES207/SA207S11	SES183	-1.1081	-53.6766	-52.5685
BLOCK20/SES207/SA207S11	SES187	-2.14565	-54.7141	-52.5685
BLOCK20/SES207/SA207S11	SES292	-1.51423	-54.0827	-52.5685
BLOCK20/SES207/SA207S25	SES068	-nan	-nan	-50.8178
BLOCK20/SES207/SA207S25	SES083	-1.81404	-52.6318	-50.8178
BLOCK20/SES207/SA207S25	SES127	-1.17371	-51.9915	-50.8178
BLOCK20/SES207/SA207S25	SES187	-1.04626	-51.864	-50.8178
BLOCK20/SES207/SA207S27	SES127	-1.17878	-52.2125	-51.0337
BLOCK20/SES207/SA207S27	SES183	-0.358349	-51.3921	-51.0337
BLOCK20/SES207/SA207S27	SES187	-1.10264	-52.1364	-51.0337
BLOCK20/SES207/SA207S27	SES292	-1.67297	-52.7067	-51.0337
BLOCK20/SES207/SA207S29	SES083	-2.0109	-53.0398	-51.0289
BLOCK20/SES207/SA207S29	SES085	-1.59978	-52.6287	-51.0289
BLOCK20/SES207/SA207S29	SES172	-1.60048	-52.6294	-51.0289
BLOCK20/SES207/SA207S29	SES189	-2.97478	-54.0037	-51.0289
BLOCK22/SES221/SA221S12	SES068	-nan	-nan	-49.6385
BLOCK22/SES221/SA221S12	SES143	-1.11206	-50.7506	-49.6385
BLOCK22/SES221/SA221S12	SES175	-0.179352	-49.8179	-49.6385
BLOCK22/SES221/SA221S12	SES202	-0.419327	-50.0579	-49.6385
BLOCK22/SES221/SA221S15	SES085	-2.29969	-53.847	-51.5473
BLOCK22/SES221/SA221S15	SES143	-1.34224	-52.8895	-51.5473
BLOCK22/SES221/SA221S15	SES175	-0.285236	-51.8325	-51.5473
BLOCK22/SES221/SA221S15	SES187	-1.36813	-52.9154	-51.5473
BLOCK22/SES221/SA221S23	SES068	-nan	-nan	-50.2665
BLOCK22/SES221/SA221S23	SES143	-1.07033	-51.3368	-50.2665
BLOCK22/SES221/SA221S23	SES175	-0.458645	-50.7251	-50.2665
BLOCK22/SES221/SA221S23	SES189	-0.875629	-51.1421	-50.2665
BLOCK22/SES221/SA221S27	SES085	-1.25321	-53.2755	-52.0222
BLOCK22/SES221/SA221S27	SES143	-0.997944	-53.0202	-52.0222
BLOCK22/SES221/SA221S27	SES175	-0.599083	-52.6213	-52.0222
BLOCK22/SES221/SA221S27	SES189	-0.309464	-52.3317	-52.0222
BLOCK22/SES221/SA221S29	SES085	-1.83451	-55.3706	-53.5361
BLOCK22/SES221/SA221S29	SES143	-1.26691	-54.803	-53.5361
BLOCK22/SES221/SA221S29	SES175	-0.349663	-53.8857	-53.5361
BLOCK22/SES221/SA221S29	SES187	0.110165	-53.4259	-53.5361
BLOCK22/SES223/SA223S11	SES143	-0.995449	-52.3946	-51.3992
BLOCK22/SES223/SA223S11	SES144	-1.05929	-52.4585	-51.3992
BLOCK22/SES223/SA223S11	SES175	-0.428276	-51.8274	-51.3992
BLOCK22/SES223/SA223S11	SES187	-0.837181	-52.2364	-51.3992
BLOCK22/SES223/SA223S13	SES068	-nan	-nan	-50.9381
BLOCK22/SES223/SA223S13	SES143	-1.34701	-52.2851	-50.9381
BLOCK22/SES223/SA223S13	SES146	-0.986198	-51.9243	-50.9381
BLOCK22/SES223/SA223S13	SES202	-0.566643	-51.5047	-50.9381
BLOCK22/SES223/SA223S22	SES143	-1.4958	-52.9849	-51.4891
BLOCK22/SES223/SA223S22	SES144	-1.13527	-52.6244	-51.4891
BLOCK22/SES223/SA223S22	SES175	-0.864025	-52.3531	-51.4891
BLOCK22/SES223/SA223S22	SES187	-0.485374	-51.9745	-51.4891
BLOCK22/SES223/SA223S25	SES068	-nan	-nan	-51.3423
BLOCK22/SES223/SA223S25	SES143	-1.1784	-52.5207	-51.3423
BLOCK22/SES223/SA223S25	SES175	-0.699417	-52.0418	-51.3423
BLOCK22/SES223/SA223S25	SES187	-0.790951	-52.1333	-51.3423
BLOCK22/SES223/SA223S27	SES143	-1.31699	-54.945	-53.628
BLOCK22/SES223/SA223S27	SES146	-0.895077	-54.5231	-53.628
BLOCK22/SES223/SA223S27	SES187	-0.636971	-54.265	-53.628
BLOCK22/SES223/SA223S27	SES292	-1.92352	-55.5515	-53.628
BLOCK27/SES273/SA273S12	SES099	-0.699318	-49.1917	-48.4924
BLOCK27/SES273/SA273S12	SES104	-0.573292	-49.0657	-48.4924
BLOCK27/SES273/SA273S12	SES125	-1.11116	-49.6035	-48.4924
BLOCK27/SES273/SA273S12	SES206	-1.10384	-49.5962	-48.4924
BLOCK27/SES273/SA273S13	SES099	-0.498371	-49.9599	-49.4615
BLOCK27/SES273/SA273S13	SES104	-1.53313	-50.9947	-49.4615
BLOCK27/SES273/SA273S13	SES206	-1.77304	-51.2346	-49.4615
BLOCK27/SES273/SA273S13	SES292	-1.33419	-50.7957	-49.4615
BLOCK27/SES273/SA273S21	SES099	-0.360714	-50.0756	-49.7148
BLOCK27/SES273/SA273S21	SES148	-1.72767	-51.4425	-49.7148
BLOCK27/SES273/SA273S21	SES149	-1.41254	-51.1274	-49.7148
BLOCK27/SES273/SA273S21	SES177	-0.594704	-50.3095	-49.7148
BLOCK27/SES273/SA273S25	SES104	-1.07893	-50.2737	-49.1948
BLOCK27/SES273/SA273S25	SES125	-1.37377	-50.5686	-49.1948
BLOCK27/SES273/SA273S25	SES158	-0.911327	-50.1061	-49.1948
BLOCK27/SES273/SA273S25	SES206	-1.4965	-50.6913	-49.1948
BLOCK27/SES273/SA273S27	SES099	-0.981491	-50.2193	-49.2378
BLOCK27/SES273/SA273S27	SES104	-1.54224	-50.78	-49.2378
BLOCK27/SES273/SA273S27	SES149	-0.953705	-50.1915	-49.2378
BLOCK27/SES273/SA273S27	SES275	-1.16931	-50.4071	-49.2378
BLOCK27/SES274/SA274S10	SES105	-1.57779	-50.7397	-49.1619
BLOCK27/SES274/SA274S10	SES125	-1.43217	-50.5941	-49.1619
BLOCK27/SES274/SA274S10	SES129	-0.882713	-50.0446	-49.1619
BLOCK27/SES274/SA274S10	SES158	-2.85828	-52.0202	-49.1619
BLOCK27/SES274/SA274S11	SES105	-1.13803	-49.8863	-48.7483
BLOCK27/SES274/SA274S11	SES149	-1.2355	-49.9838	-48.7483
BLOCK27/SES274/SA274S11	SES158	-1.79338	-50.5417	-48.7483
BLOCK27/SES274/SA274S11	SES275	-0.859375	-49.6077	-48.7483
BLOCK27/SES274/SA274S21	SES105	-1.13758	-49.3124	-48.1748
BLOCK27/SES274/SA274S21	SES129	-0.739796	-48.9146	-48.1748
BLOCK27/SES274/SA274S21	SES149	-0.800694	-48.9755	-48.1748
BLOCK27/SES274/SA274S21	SES158	-2.75702	-50.9318	-48.1748
BLOCK27/SES274/SA274S24	SES105	-1.53375	-50.5749	-49.0412
BLOCK27/SES274/SA274S24	SES129	-0.598553	-49.6397	-49.0412
BLOCK27/SES274/SA274S24	SES149	-1.47578	-50.517	-49.0412
BLOCK27/SES274/SA274S24	SES158	-2.92432	-51.9655	-49.0412
BLOCK27/SES274/SA274S29	SES105	-1.74362	-51.6115	-49.8679
BLOCK27/SES274/SA274S29	SES106	-3.71127	-53.5792	-49.8679
BLOCK27/SES274/SA274S29	SES120	-1.05574	-50.9237	-49.8679
BLOCK27/SES274/SA274S29	SES275	-1.15699	-51.0249	-49.8679
BLOCK27/SES276/SA276S16	SES148	-1.45922	-51.5867	-50.1274
BLOCK27/SES276/SA276S16	SES172	-0.847866	-50.9753	-50.1274
BLOCK27/SES276/SA276S16	SES180	-0.411461	-50.5389	-50.1274
BLOCK27/SES276/SA276S16	SES292	-1.09055	-51.218	-50.1274
BLOCK27/SES276/SA276S17	SES101	-1.07635	-51.8422	-50.7659
BLOCK27/SES276/SA276S17	SES177	-1.53857	-52.3045	-50.7659
BLOCK27/SES276/SA276S17	SES180	-0.549984	-51.3159	-50.7659
BLOCK27/SES276/SA276S17	SES292	-1.02103	-51.7869	-50.7659
BLOCK27/SES276/SA276S24	SES101	-0.880344	-49.4867	-48.6064
BLOCK27/SES276/SA276S24	SES177	-0.52837	-49.1348	-48.6064
BLOCK27/SES276/SA276S24	SES180	-0.274761	-48.8812	-48.6064
BLOCK27/SES276/SA276S24	SES292	-1.20783	-49.8142	-48.6064
BLOCK27/SES276/SA276S26	SES101	-2.15764	-53.3489	-51.1913
BLOCK27/SES276/SA276S26	SES177	-1.55149	-52.7428	-51.1913
BLOCK27/SES276/SA276S26	SES180	-0.735126	-51.9264	-51.1913
BLOCK27/SES276/SA276S26	SES292	-1.01629	-52.2076	-51.1913
BLOCK27/SES276/SA276S28	SES101	-1.357	-51.9678	-50.6108
BLOCK27/SES276/SA276S28	SES177	-1.53569	-52.1465	-50.6108
BLOCK27/SES276/SA276S28	SES180	-0.346863	-50.9576	-50.6108
BLOCK27/SES276/SA276S28	SES292	-1.09055	-51.7013	-50.6108
BLOCK27/SES277/SA277S12	SES101	-1.02534	-51.2072	-50.1819
BLOCK27/SES277/SA277S12	SES177	-1.50126	-51.6831	-50.1819
BLOCK27/SES277/SA277S12	SES180	-0.953953	-51.1358	-50.1819
BLOCK27/SES277/SA277S12	SES292	-1.32837	-51.5102	-50.1819
BLOCK27/SES277/SA277S14	SES177	-1.08821	-52.7398	-51.6516
BLOCK27/SES277/SA277S14	SES180	-1.13045	-52.7821	-51.6516
BLOCK27/SES277/SA277S14	SES189	-1.27156	-52.9232	-51.6516
BLOCK27/SES277/SA277S14	SES292	-1.76025	-53.4119	-51.6516
BLOCK27/SES277/SA277S21	SES177	-1.26993	-50.8109	-49.541
BLOCK27/SES277/SA277S21	SES180	-0.900715	-50.4417	-49.541
BLOCK27/SES277/SA277S21	SES189	-1.6941	-51.2351	-49.541
BLOCK27/SES277/SA277S21	SES292	-1.53023	-51.0712	-49.541
BLOCK27/SES277/SA277S24	SES144	-0.832523	-51.6944	-50.8618
BLOCK27/SES277/SA277S24	SES177	-1.27495	-52.1368	-50.8618
BLOCK27/SES277/SA277S24	SES180	-1.00204	-51.8639	-50.8618
BLOCK27/SES277/SA277S24	SES189	-1.26139	-52.1232	-50.8618
BLOCK27/SES277/SA277S29	SES177	-0.893963	-49.7086	-48.8146
BLOCK27/SES277/SA277S29	SES180	-0.474876	-49.2895	-48.8146
BLOCK27/SES277/SA277S29	SES202	-0.916489	-49.7311	-48.8146
BLOCK27/SES277/SA277S29	SES292	-1.10724	-49.9218	-48.8146
BLOCK27/SES279/SA279S09	SES120	-1.27188	-50.2663	-48.9944
BLOCK27/SES279/SA279S09	SES146	-0.582397	-49.5768	-48.9944
BLOCK27/SES279/SA279S09	SES206	-1.93634	-50.9307	-48.9944
BLOCK27/SES279/SA279S09	SES226	-2.08871	-51.0831	-48.9944
BLOCK27/SES279/SA279S10	SES099	-0.890038	-49.7243	-48.8343
BLOCK27/SES279/SA279S10	SES206	-2.17802	-51.0123	-48.8343
BLOCK27/SES279/SA279S10	SES226	-2.31108	-51.1454	-48.8343
BLOCK27/SES279/SA279S10	SES292	-0.76326	-49.5975	-48.8343
BLOCK27/SES279/SA279S20	SES099	-1.50704	-50.443	-48.9359
BLOCK27/SES279/SA279S20	SES206	-2.13313	-51.0691	-48.9359
BLOCK27/SES279/SA279S20	SES226	-2.23433	-51.1703	-48.9359
BLOCK27/SES279/SA279S20	SES292	-0.715336	-49.6513	-48.9359
BLOCK27/SES279/SA279S26	SES099	-1.09317	-51.0674	-49.9742
BLOCK27/SES279/SA279S26	SES206	-1.94363	-51.9178	-49.9742
BLOCK27/SES279/SA279S26	SES226	-1.41327	-51.3875	-49.9742
BLOCK27/SES279/SA279S26	SES292	-0.356976	-50.3312	-49.9742
BLOCK27/SES279/SA279S28	SES099	-1.40231	-50.4297	-49.0274
BLOCK27/SES279/SA279S28	SES120	-1.2102	-50.2376	-49.0274
BLOCK27/SES279/SA279S28	SES177	-1.52758	-50.555	-49.0274
BLOCK27/SES279/SA279S28	SES206	-1.88042	-50.9078	-49.0274
BLOCK29/SES290/SA290S12	SES162	-0.185966	-48.5994	-48.4134
BLOCK29/SES290/SA290S12	SES177	-0.769112	-49.1825	-48.4134
BLOCK29/SES290/SA290S12	SES180	-0.820274	-49.2337	-48.4134
BLOCK29/SES290/SA290S12	SES292	-1.44927	-49.8627	-48.4134
BLOCK29/SES290/SA290S13	SES007	-1.33167	-51.3033	-49.9716
BLOCK29/SES290/SA290S13	SES162	-1.11954	-51.0911	-49.9716
BLOCK29/SES290/SA290S13	SES177	-0.990017	-50.9616	-49.9716
BLOCK29/SES290/SA290S13	SES180	-1.05966	-51.0313	-49.9716
BLOCK29/SES290/SA290S22	SES177	-1.12307	-50.7003	-49.5772
BLOCK29/SES290/SA290S22	SES180	-0.613873	-50.1911	-49.5772
BLOCK29/SES290/SA290S22	SES202	-1.88463	-51.4618	-49.5772
BLOCK29/SES290/SA290S22	SES292	-1.65678	-51.234	-49.5772
BLOCK29/SES290/SA290S25	SES162	-1.18071	-50.3951	-49.2144
BLOCK29/SES290/SA290S25	SES177	-1.34192	-50.5563	-49.2144
BLOCK29/SES290/SA290S25	SES180	-4.05129	-53.2657	-49.2144
BLOCK29/SES290/SA290S25	SES292	-1.04234	-50.2568	-49.2144
BLOCK29/SES290/SA290S29	SES177	-0.940109	-50.398	-49.4579
BLOCK29/SES290/SA290S29	SES180	-0.594826	-50.0527	-49.4579
BLOCK29/SES290/SA290S29	SES275	-0.866413	-50.3243	-49.4579
BLOCK29/SES290/SA290S29	SES292	-1.13795	-50.5958	-49.4579
BLOCK29/SES291/SA291S11	SES105	-0.767578	-50.691	-49.9234
BLOCK29/SES291/SA291S11	SES125	-2.05402	-51.9775	-49.9234
BLOCK29/SES291/SA291S11	SES158	-0.813881	-50.7373	-49.9234
BLOCK29/SES291/SA291S11	SES275	-1.23906	-51.1625	-49.9234
BLOCK29/SES291/SA291S12	SES158	0.539963	-46.8531	-47.3931
BLOCK29/SES291/SA291S12	SES226	-1.90271	-49.2958	-47.3931
BLOCK29/SES291/SA291S12	SES270	0.755474	-46.6376	-47.3931
BLOCK29/SES291/SA291S12	SES275	-1.74353	-49.1366	-47.3931
BLOCK29/SES291/SA291S22	SES082	-1.24265	-50.9904	-49.7477
BLOCK29/SES291/SA291S22	SES158	-0.967766	-50.7155	-49.7477
BLOCK29/SES291/SA291S22	SES259	-1.68675	-51.4345	-49.7477
BLOCK29/SES291/SA291S22	SES275	-1.54988	-51.2976	-49.7477
BLOCK29/SES291/SA291S24	SES104	-0.090683	-49.4181	-49.3274
BLOCK29/SES291/SA291S24	SES125	-0.782173	-50.1096	-49.3274
BLOCK29/SES291/SA291S24	SES158	-0.346737	-49.6742	-49.3274
BLOCK29/SES291/SA291S24	SES275	-1.43954	-50.767	-49.3274
BLOCK29/SES291/SA291S27	SES158	-0.461227	-50.4381	-49.9769
BLOCK29/SES291/SA291S27	SES172	-1.56103	-51.5379	-49.9769
BLOCK29/SES291/SA291S27	SES275	-1.63976	-51.6166	-49.9769
BLOCK29/SES291/SA291S27	SES292	-0.83934	-50.8162	-49.9769
