BLOCK00/SES002/SA002S12	SES002	1.21312	-36.4829	-37.696
BLOCK00/SES002/SA002S13	SES002	1.91184	-35.8887	-37.8005
BLOCK00/SES002/SA002S23	SES002	1.73499	-35.4668	-37.2018
BLOCK00/SES002/SA002S26	SES002	2.26985	-35.1831	-37.453
BLOCK00/SES002/SA002S28	SES002	1.44435	-36.1517	-37.5961
BLOCK00/SES007/SA007S14	SES007	1.25711	-35.7988	-37.0559
BLOCK00/SES007/SA007S15	SES007	0.570824	-37.4477	-38.0186
BLOCK00/SES007/SA007S24	SES007	0.514091	-37.3078	-37.8219
BLOCK00/SES007/SA007S27	SES007	0.316467	-38.0393	-38.3558
BLOCK00/SES007/SA007S29	SES007	0.368134	-36.6693	-37.0374
BLOCK00/SES008/SA008S11	SES008	1.47567	-36.739	-38.2146
BLOCK00/SES008/SA008S12	SES008	0.465893	-37.9554	-38.4213
BLOCK00/SES008/SA008S19	SES008	1.87231	-36.2447	-38.117
BLOCK00/SES008/SA008S22	SES008	1.29456	-37.0132	-38.3078
BLOCK00/SES008/SA008S29	SES008	0.797829	-37.1142	-37.9121
BLOCK01/SES014/SA014S10	SES014	2.56412	-36.1982	-38.7623
BLOCK01/SES014/SA014S12	SES014	2.77753	-34.5597	-37.3373
BLOCK01/SES014/SA014S24	SES014	1.95366	-35.6917	-37.6453
BLOCK01/SES014/SA014S26	SES014	2.69369	-33.4912	-36.1849
BLOCK01/SES014/SA014S28	SES014	2.87535	-34.328	-37.2033
BLOCK01/SES016/SA016S12	SES016	1.35522	-38.4828	-39.838
BLOCK01/SES016/SA016S13	SES016	1.09749	-37.4419	-38.5394
BLOCK01/SES016/SA016S22	SES016	0.628529	-37.9404	-38.569
BLOCK01/SES016/SA016S25	SES016	1.61242	-35.4713	-37.0837
BLOCK01/SES016/SA016S27	SES016	1.39558	-35.7546	-37.1501
BLOCK01/SES019/SA019S13	SES019	2.84027	-36.3185	-39.1588
BLOCK01/SES019/SA019S14	SES019	2.03232	-36.6491	-38.6815
BLOCK01/SES019/SA019S22	SES019	2.35917	-36.2482	-38.6074
BLOCK01/SES019/SA019S25	SES019	2.34803	-36.7014	-39.0494
BLOCK01/SES019/SA019S29	SES019	3.12203	-36.2836	-39.4056
BLOCK02/SES029/SA029S11	SES029	0.821728	-37.1998	-38.0215
BLOCK02/SES029/SA029S12	SES029	0.262108	-37.3764	-37.6385
BLOCK02/SES029/SA029S20	SES029	0.3493	-38.4544	-38.8037
BLOCK02/SES029/SA029S25	SES029	0.443069	-37.0152	-37.4583
BLOCK02/SES029/SA029S28	SES029	0.287403	-37.6111	-37.8985
BLOCK04/SES042/SA042S12	SES042	2.22041	-34.8962	-37.1166
BLOCK04/SES042/SA042S15	SES042	2.25025	-35.7172	-37.9674
BLOCK04/SES042/SA042S22	SES042	3.0502	-33.9282	-36.9784
BLOCK04/SES042/SA042S25	SES042	2.06171	-36.3048	-38.3665
BLOCK04/SES042/SA042S27	SES042	1.75331	-35.4676	-37.2209
BLOCK04/SES048/SA048S11	SES048	1.34581	-36.1995	-37.5453
BLOCK04/SES048/SA048S12	SES048	0.546448	-36.8292	-37.3757
BLOCK04/SES048/SA048S20	SES048	0.751545	-36.5989	-37.3504
BLOCK04/SES048/SA048S23	SES048	1.37368	-36.8097	-38.1834
BLOCK04/SES048/SA048S27	SES048	0.716618	-36.0542	-36.7708
BLOCK06/SES060/SA060S11	SES060	1.62005	-36.1925	-37.8125
BLOCK06/SES060/SA060S12	SES060	-0.513836	-38.5251	-38.0113
BLOCK06/SES060/SA060S22	SES060	0.352047	-37.713	-38.065
BLOCK06/SES060/SA060S24	SES060	0.833866	-36.7837	-37.6175
BLOCK06/SES060/SA060S28	SES060	1.40208	-34.9521	-36.3542
BLOCK06/SES062/SA062S10	SES062	1.0252	-36.3603	-37.3855
BLOCK06/SES062/SA062S11	SES062	1.34967	-36.1666	-37.5163
BLOCK06/SES062/SA062S21	SES062	1.95686	-34.4417	-36.3985
BLOCK06/SES062/SA062S26	SES062	0.558548	-36.2797	-36.8383
BLOCK06/SES062/SA062S29	SES062	1.50689	-35.5027	-37.0096
BLOCK06/SES068/SA068S14	SES068	0.105904	-37.3388	-37.4447
BLOCK06/SES068/SA068S15	SES068	0.592457	-36.1838	-36.7762
BLOCK06/SES068/SA068S23	SES068	0.858692	-37.1208	-37.9795
BLOCK06/SES068/SA068S27	SES068	1.46803	-36.0211	-37.4891
BLOCK06/SES068/SA068S29	SES068	0.549026	-36.7539	-37.3029
BLOCK08/SES082/SA082S12	SES082	0.865685	-38.1569	-39.0226
BLOCK08/SES082/SA082S14	SES082	0.191662	-38.5423	-38.734
BLOCK08/SES082/SA082S21	SES082	0.80386	-37.3542	-38.158
BLOCK08/SES082/SA082S24	SES082	0.85603	-37.2699	-38.1259
BLOCK08/SES082/SA082S28	SES082	0.223228	-38.0428	-38.266
BLOCK08/SES083/SA083S14	SES083	-0.71122	-38.1715	-37.4603
BLOCK08/SES083/SA083S15	SES083	0.0038147	-37.4654	-37.4692
BLOCK08/SES083/SA083S24	SES083	-0.187222	-38.0058	-37.8185
BLOCK08/SES083/SA083S26	SES083	0.515598	-37.1483	-37.6639
BLOCK08/SES083/SA083S29	SES083	-0.31274	-37.6156	-37.3028
BLOCK08/SES085/SA085S10	SES085	-0.00495529	-37.5623	-37.5574
BLOCK08/SES085/SA085S13	SES085	0.549229	-37.4279	-37.9771
BLOCK08/SES085/SA085S22	SES085	-1.22162	-38.9305	-37.7089
BLOCK08/SES085/SA085S26	SES085	-0.41935	-37.8257	-37.4064
BLOCK08/SES085/SA085S28	SES085	1.0385	-36.8283	-37.8668
BLOCK08/SES087/SA087S15	SES087	1.97414	-36.3424	-38.3165
BLOCK08/SES087/SA087S16	SES087	1.92144	-36.2529	-38.1744
BLOCK08/SES087/SA087S24	SES087	2.06612	-36.1656	-38.2317
BLOCK08/SES087/SA087S26	SES087	1.33323	-35.5736	-36.9068
BLOCK08/SES087/SA087S29	SES087	1.48869	-36.7648	-38.2535
BLOCK09/SES099/SA099S15	SES099	1.2588	-37.1268	-38.3856
BLOCK09/SES099/SA099S16	SES099	1.15897	-36.7436	-37.9026
BLOCK09/SES099/SA099S24	SES099	1.21251	-36.257	-37.4696
BLOCK09/SES099/SA099S26	SES099	1.38342	-36.2796	-37.663
BLOCK09/SES099/SA099S29	SES099	1.27649	-36.2686	-37.5451
BLOCK10/SES101/SA101S11	SES101	0.153595	-37.2088	-37.3624
BLOCK10/SES101/SA101S13	SES101	0.889286	-36.3009	-37.1902
BLOCK10/SES101/SA101S22	SES101	0.842545	-37.5039	-38.3465
BLOCK10/SES101/SA101S24	SES101	1.30885	-36.3932	-37.7021
BLOCK10/SES101/SA101S28	SES101	0.488354	-37.6027	-38.091
BLOCK10/SES104/SA104S11	SES104	0.957226	-35.9744	-36.9317
BLOCK10/SES104/SA104S12	SES104	1.54842	-35.6233	-37.1718
BLOCK10/SES104/SA104S21	SES104	1.26906	-36.5613	-37.8304
BLOCK10/SES104/SA104S24	SES104	0.866646	-36.8807	-37.7474
BLOCK10/SES104/SA104S28	SES104	0.83823	-37.1208	-37.959
BLOCK10/SES105/SA105S12	SES105	0.832355	-37.9702	-38.8026
BLOCK10/SES105/SA105S13	SES105	0.613743	-37.7387	-38.3525
BLOCK10/SES105/SA105S22	SES105	0.420227	-38.5196	-38.9398
BLOCK10/SES105/SA105S26	SES105	1.2993	-37.3228	-38.6221
BLOCK10/SES105/SA105S29	SES105	0.55534	-37.7239	-38.2793
BLOCK10/SES106/SA106S09	SES106	1.64909	-37.1916	-38.8406
BLOCK10/SES106/SA106S11	SES106	1.21446	-35.9664	-37.1808
BLOCK10/SES106/SA106S22	SES106	2.20775	-36.2211	-38.4288
BLOCK10/SES106/SA106S27	SES106	0.937386	-36.6795	-37.6168
BLOCK10/SES106/SA106S29	SES106	1.26213	-36.1493	-37.4114
BLOCK11/SES117/SA117S12	SES117	0.453766	-37.7543	-38.2081
BLOCK11/SES117/SA117S13	SES117	0.165562	-37.6	-37.7656
BLOCK11/SES117/SA117S23	SES117	1.19491	-38.3046	-39.4995
BLOCK11/SES117/SA117S25	SES117	0.983917	-37.8162	-38.8002
BLOCK11/SES117/SA117S28	SES117	0.812431	-38.2118	-39.0243
BLOCK12/SES120/SA120S08	SES120	1.08344	-38.8211	-39.9045
BLOCK12/SES120/SA120S11	SES120	0.80085	-39.8567	-40.6575
BLOCK12/SES120/SA120S22	SES120	-0.135738	-38.1583	-38.0225
BLOCK12/SES120/SA120S24	SES120	0.403698	-37.9381	-38.3418
BLOCK12/SES120/SA120S28	SES120	0.274433	-39.2474	-39.5218
BLOCK12/SES125/SA125S13	SES125	1.8057	-35.8017	-37.6074
BLOCK12/SES125/SA125S14	SES125	1.37693	-36.3708	-37.7477
BLOCK12/SES125/SA125S25	SES125	2.05294	-35.4836	-37.5365
BLOCK12/SES125/SA125S27	SES125	2.20084	-34.8967	-37.0975
BLOCK12/SES125/SA125S29	SES125	1.82863	-35.2214	-37.05
BLOCK12/SES127/SA127S11	SES127	0.783482	-37.246	-38.0295
BLOCK12/SES127/SA127S12	SES127	-0.849094	-38.1391	-37.29
BLOCK12/SES127/SA127S23	SES127	0.142433	-37.6423	-37.7847
BLOCK12/SES127/SA127S25	SES127	-0.0303383	-37.7631	-37.7328
BLOCK12/SES127/SA127S27	SES127	0.822319	-36.7047	-37.5271
BLOCK12/SES129/SA129S11	SES129	1.05916	-36.1806	-37.2397
BLOCK12/SES129/SA129S12	SES129	1.07376	-35.9837	-37.0574
BLOCK12/SES129/SA129S22	SES129	0.729797	-36.5182	-37.248
BLOCK12/SES129/SA129S27	SES129	1.62359	-35.6923	-37.3158
BLOCK12/SES129/SA129S29	SES129	1.44748	-35.7748	-37.2223
BLOCK14/SES142/SA142S11	SES142	1.14964	-37.7362	-38.8858
BLOCK14/SES142/SA142S12	SES142	0.924686	-37.5598	-38.4845
BLOCK14/SES142/SA142S24	SES142	1.49266	-37.299	-38.7917
BLOCK14/SES142/SA142S27	SES142	1.61527	-36.7583	-38.3736
BLOCK14/SES142/SA142S29	SES142	2.2919	-36.1542	-38.4461
BLOCK14/SES143/SA143S12	SES143	1.17603	-37.3293	-38.5053
BLOCK14/SES143/SA143S13	SES143	0.798447	-37.4556	-38.254
BLOCK14/SES143/SA143S23	SES143	0.945137	-37.809	-38.7541
BLOCK14/SES143/SA143S25	SES143	0.805927	-37.4939	-38.2999
BLOCK14/SES143/SA143S28	SES143	0.771305	-36.8492	-37.6206
BLOCK14/SES144/SA144S09	SES144	0.852783	-37.0689	-37.9217
BLOCK14/SES144/SA144S11	SES144	0.759289	-38.0048	-38.7641
BLOCK14/SES144/SA144S21	SES144	0.27264	-38.0285	-38.3012
BLOCK14/SES144/SA144S25	SES144	0.176842	-38.1138	-38.2907
BLOCK14/SES144/SA144S29	SES144	-0.00949478	-38.0799	-38.0704
BLOCK14/SES146/SA146S14	SES146	0.607704	-38.0962	-38.7039
BLOCK14/SES146/SA146S15	SES146	-0.188049	-38.2663	-38.0783
BLOCK14/SES146/SA146S24	SES146	0.326103	-38.0321	-38.3582
BLOCK14/SES146/SA146S26	SES146	0.90852	-38.3181	-39.2266
BLOCK14/SES146/SA146S29	SES146	0.291035	-38.7015	-38.9925
BLOCK14/SES147/SA147S11	SES147	1.68778	-37.6049	-39.2927
BLOCK14/SES147/SA147S13	SES147	2.4027	-36.0543	-38.457
BLOCK14/SES147/SA147S23	SES147	1.45204	-38.0132	-39.4653
BLOCK14/SES147/SA147S26	SES147	1.46483	-37.7926	-39.2575
BLOCK14/SES147/SA147S28	SES147	1.78243	-37.1503	-38.9328
BLOCK14/SES148/SA148S10	SES148	0.8661	-36.8203	-37.6864
BLOCK14/SES148/SA148S12	SES148	0.720005	-37.4503	-38.1703
BLOCK14/SES148/SA148S22	SES148	1.01695	-36.2729	-37.2898
BLOCK14/SES148/SA148S26	SES148	0.0104027	-37.6581	-37.6685
BLOCK14/SES148/SA148S29	SES148	0.559448	-37.4849	-38.0443
BLOCK14/SES149/SA149S13	SES149	-0.298454	-38.5184	-38.22
BLOCK14/SES149/SA149S14	SES149	0.532509	-37.0055	-37.5381
BLOCK14/SES149/SA149S24	SES149	1.30042	-36.672	-37.9724
BLOCK14/SES149/SA149S26	SES149	1.98244	-36.2494	-38.2319
BLOCK14/SES149/SA149S28	SES149	1.76484	-36.0923	-37.8571
BLOCK15/SES158/SA158S13	SES158	0.992058	-37.2867	-38.2787
BLOCK15/SES158/SA158S14	SES158	1.51818	-36.9526	-38.4708
BLOCK15/SES158/SA158S23	SES158	1.02771	-36.9326	-37.9603
BLOCK15/SES158/SA158S26	SES158	1.31569	-36.7886	-38.1043
BLOCK15/SES158/SA158S28	SES158	0.833767	-37.3869	-38.2207
BLOCK16/SES162/SA162S10	SES162	0.0990143	-38.8092	-38.9082
BLOCK16/SES162/SA162S11	SES162	0.640541	-37.507	-38.1476
BLOCK16/SES162/SA162S21	SES162	1.64767	-36.6923	-38.34
BLOCK16/SES162/SA162S24	SES162	0.726974	-37.4041	-38.131
BLOCK16/SES162/SA162S27	SES162	1.45079	-37.3471	-38.7979
BLOCK16/SES167/SA167S14	SES167	0.835258	-36.3941	-37.2294
BLOCK16/SES167/SA167S15	SES167	1.1221	-36.9798	-38.1019
BLOCK16/SES167/SA167S21	SES167	0.811211	-36.3763	-37.1875
BLOCK16/SES167/SA167S25	SES167	1.34882	-37.2099	-38.5587
BLOCK16/SES167/SA167S29	SES167	1.79375	-35.628	-37.4217
BLOCK17/SES172/SA172S12	SES172	1.36734	-36.8527	-38.2201
BLOCK17/SES172/SA172S13	SES172	1.93765	-36.7628	-38.7005
BLOCK17/SES172/SA172S23	SES172	0.421555	-36.5156	-36.9372
BLOCK17/SES172/SA172S27	SES172	0.903057	-37.074	-37.9771
BLOCK17/SES172/SA172S29	SES172	1.33931	-36.9431	-38.2824
BLOCK17/SES175/SA175S11	SES175	1.1286	-36.9898	-38.1184
BLOCK17/SES175/SA175S13	SES175	0.911938	-37.0594	-37.9714
BLOCK17/SES175/SA175S23	SES175	1.3061	-37.3699	-38.676
BLOCK17/SES175/SA175S25	SES175	0.90625	-38.6039	-39.5101
BLOCK17/SES175/SA175S28	SES175	1.21115	-36.5776	-37.7887
BLOCK17/SES177/SA177S15	SES177	-0.00511551	-37.6833	-37.6782
BLOCK17/SES177/SA177S17	SES177	0.251934	-37.478	-37.7299
BLOCK17/SES177/SA177S23	SES177	-0.360027	-38.2906	-37.9306
BLOCK17/SES177/SA177S26	SES177	0.520908	-36.012	-36.5329
BLOCK17/SES177/SA177S28	SES177	0.455338	-36.656	-37.1114
BLOCK18/SES180/SA180S13	SES180	0.628414	-37.3051	-37.9335
BLOCK18/SES180/SA180S15	SES180	0.510944	-37.7236	-38.2345
BLOCK18/SES180/SA180S24	SES180	0.63459	-36.3465	-36.9811
BLOCK18/SES180/SA180S26	SES180	0.855507	-36.7717	-37.6272
BLOCK18/SES180/SA180S29	SES180	0.813824	-37.5584	-38.3723
BLOCK18/SES183/SA183S13	SES183	0.533527	-38.0106	-38.5441
BLOCK18/SES183/SA183S14	SES183	0.428505	-38.1684	-38.597
BLOCK18/SES183/SA183S24	SES183	0.736389	-37.9875	-38.7239
BLOCK18/SES183/SA183S27	SES183	1.18843	-37.2326	-38.421
BLOCK18/SES183/SA183S29	SES183	0.878502	-37.1804	-38.0589
BLOCK18/SES187/SA187S13	SES187	0.810463	-38.3434	-39.1538
BLOCK18/SES187/SA187S14	SES187	0.681496	-38.2288	-38.9103
BLOCK18/SES187/SA187S24	SES187	1.03315	-37.546	-38.5792
BLOCK18/SES187/SA187S27	SES187	0.850594	-37.446	-38.2966
BLOCK18/SES187/SA187S29	SES187	0.845406	-37.5671	-38.4125
BLOCK18/SES189/SA189S10	SES189	1.33659	-39.147	-40.4836
BLOCK18/SES189/SA189S13	SES189	1.77896	-39.3002	-41.0792
BLOCK18/SES189/SA189S24	SES189	1.75877	-38.1293	-39.8881
BLOCK18/SES189/SA189S26	SES189	0.997471	-38.3961	-39.3936
BLOCK18/SES189/SA189S29	SES189	1.79305	-38.06	-39.8531
BLOCK20/SES202/SA202S12	SES202	1.09127	-37.9754	-39.0667
BLOCK20/SES202/SA202S14	SES202	2.44055	-36.0566	-38.4971
BLOCK20/SES202/SA202S24	SES202	1.162	-37.7393	-38.9013
BLOCK20/SES202/SA202S27	SES202	1.55788	-36.1733	-37.7312
BLOCK20/SES202/SA202S29	SES202	1.67867	-36.201	-37.8797
BLOCK20/SES206/SA206S15	SES206	0.120056	-36.8829	-37.0029
BLOCK20/SES206/SA206S17	SES206	1.86964	-35.3647	-37.2344
BLOCK20/SES206/SA206S24	SES206	1.45483	-35.8353	-37.2902
BLOCK20/SES206/SA206S27	SES206	1.46452	-36.4748	-37.9393
BLOCK20/SES206/SA206S29	SES206	1.53205	-35.4345	-36.9666
BLOCK22/SES226/SA226S12	SES226	1.36231	-37.1186	-38.4809
BLOCK22/SES226/SA226S13	SES226	-0.257774	-38.2191	-37.9613
BLOCK22/SES226/SA226S20	SES226	1.13998	-37.2552	-38.3952
BLOCK22/SES226/SA226S23	SES226	1.30439	-36.7052	-38.0096
BLOCK22/SES226/SA226S28	SES226	1.72184	-36.2344	-37.9563
BLOCK25/SES259/SA259S13	SES259	2.63737	-34.8622	-37.4995
BLOCK25/SES259/SA259S14	SES259	1.36739	-36.5583	-37.9257
BLOCK25/SES259/SA259S22	SES259	1.46643	-35.9903	-37.4568
BLOCK25/SES259/SA259S24	SES259	1.81258	-35.3981	-37.2107
BLOCK25/SES259/SA259S28	SES259	1.51932	-35.6984	-37.2177
BLOCK27/SES270/SA270S14	SES270	1.90167	-37.0009	-38.9025
BLOCK27/SES270/SA270S16	SES270	0.632858	-37.0795	-37.7123
BLOCK27/SES270/SA270S22	SES270	2.43402	-36.2919	-38.726
BLOCK27/SES270/SA270S26	SES270	1.56741	-37.3052	-38.8726
BLOCK27/SES270/SA270S28	SES270	0.91951	-36.8278	-37.7473
BLOCK27/SES275/SA275S17	SES275	1.20573	-37.369	-38.5747
BLOCK27/SES275/SA275S18	SES275	0.256847	-37.6365	-37.8933
BLOCK27/SES275/SA275S24	SES275	0.34671	-38.8487	-39.1954
BLOCK27/SES275/SA275S26	SES275	1.21418	-36.8958	-38.11
BLOCK27/SES275/SA275S28	SES275	0.0686455	-37.8236	-37.8922
BLOCK29/SES292/SA292S10	SES292	0.379421	-37.8853	-38.2647
BLOCK29/SES292/SA292S12	SES292	0.488567	-38.3327	-38.8213
BLOCK29/SES292/SA292S22	SES292	0.774258	-36.9547	-37.729
BLOCK29/SES292/SA292S24	SES292	0.373459	-37.3069	-37.6804
BLOCK29/SES292/SA292S27	SES292	0.269737	-36.9659	-37.2357
BLOCK00/SES001/SA001S14	SES062	-0.883888	-39.4856	-38.6017
BLOCK00/SES001/SA001S14	SES082	-2.20837	-40.8101	-38.6017
BLOCK00/SES001/SA001S14	SES106	-2.14648	-40.7482	-38.6017
BLOCK00/SES001/SA001S14	SES206	-2.72906	-41.3308	-38.6017
BLOCK00/SES001/SA001S15	SES062	-1.5668	-39.1312	-37.5644
BLOCK00/SES001/SA001S15	SES104	-3.0876	-40.652	-37.5644
BLOCK00/SES001/SA001S15	SES106	-2.5293	-40.0937	-37.5644
BLOCK00/SES001/SA001S15	SES206	-2.65046	-40.2149	-37.5644
BLOCK00/SES001/SA001S24	SES062	-2.13998	-40.4993	-38.3593
BLOCK00/SES001/SA001S24	SES082	-2.67014	-41.0294	-38.3593
BLOCK00/SES001/SA001S24	SES087	-2.66715	-41.0264	-38.3593
BLOCK00/SES001/SA001S24	SES206	-1.59574	-39.955	-38.3593
BLOCK00/SES001/SA001S27	SES062	-1.41488	-39.2266	-37.8117
BLOCK00/SES001/SA001S27	SES082	-2.46131	-40.273	-37.8117
BLOCK00/SES001/SA001S27	SES087	-2.70135	-40.5131	-37.8117
BLOCK00/SES001/SA001S27	SES206	-3.1707	-40.9824	-37.8117
BLOCK00/SES001/SA001S29	SES062	-1.62717	-39.8796	-38.2524
BLOCK00/SES001/SA001S29	SES082	-1.5811	-39.8335	-38.2524
BLOCK00/SES001/SA001S29	SES158	-1.22928	-39.4817	-38.2524
BLOCK00/SES001/SA001S29	SES206	-2.72842	-40.9808	-38.2524
BLOCK00/SES003/SA003S11	SES002	-0.854568	-38.8929	-38.0383
BLOCK00/SES003/SA003S11	SES019	-0.951096	-38.9894	-38.0383
BLOCK00/SES003/SA003S11	SES082	0.0580826	-37.9803	-38.0383
BLOCK00/SES003/SA003S11	SES125	-0.743267	-38.7816	-38.0383
BLOCK00/SES003/SA003S15	SES016	-2.66913	-40.6472	-37.9781
BLOCK00/SES003/SA003S15	SES019	-0.880329	-38.8584	-37.9781
BLOCK00/SES003/SA003S15	SES062	-2.28342	-40.2615	-37.9781
BLOCK00/SES003/SA003S15	SES206	-0.632782	-38.6108	-37.9781
BLOCK00/SES003/SA003S22	SES002	-1.7895	-39.6422	-37.8527
BLOCK00/SES003/SA003S22	SES062	-0.652374	-38.5051	-37.8527
BLOCK00/SES003/SA003S22	SES082	-0.973064	-38.8258	-37.8527
BLOCK00/SES003/SA003S22	SES087	-1.43393	-39.2866	-37.8527
BLOCK00/SES003/SA003S25	SES062	-1.99873	-40.6475	-38.6488
BLOCK00/SES003/SA003S25	SES082	0.219421	-38.4294	-38.6488
BLOCK00/SES003/SA003S25	SES087	-1.00516	-39.6539	-38.6488
BLOCK00/SES003/SA003S25	SES206	-1.0437	-39.6925	-38.6488
BLOCK00/SES003/SA003S29	SES002	-1.56968	-39.945	-38.3753
BLOCK00/SES003/SA003S29	SES062	-2.17683	-40.5521	-38.3753
BLOCK00/SES003/SA003S29	SES082	-0.339394	-38.7147	-38.3753
BLOCK00/SES003/SA003S29	SES087	-1.83751	-40.2128	-38.3753
BLOCK00/SES004/SA004S12	SES083	-2.54917	-40.7824	-38.2332
BLOCK00/SES004/SA004S12	SES148	-2.0907	-40.3239	-38.2332
BLOCK00/SES004/SA004S12	SES172	-1.60521	-39.8384	-38.2332
BLOCK00/SES004/SA004S12	SES292	-1.99259	-40.2258	-38.2332
BLOCK00/SES004/SA004S17	SES083	-2.2568	-40.9839	-38.7271
BLOCK00/SES004/SA004S17	SES162	-1.64678	-40.3739	-38.7271
BLOCK00/SES004/SA004S17	SES172	-2.22657	-40.9537	-38.7271
BLOCK00/SES004/SA004S17	SES292	-1.78832	-40.5155	-38.7271
BLOCK00/SES004/SA004S24	SES083	-2.14215	-40.0395	-37.8973
BLOCK00/SES004/SA004S24	SES148	-2.0689	-39.9662	-37.8973
BLOCK00/SES004/SA004S24	SES172	-1.1641	-39.0614	-37.8973
BLOCK00/SES004/SA004S24	SES292	-1.59996	-39.4973	-37.8973
BLOCK00/SES004/SA004S26	SES083	-2.22033	-39.8259	-37.6056
BLOCK00/SES004/SA004S26	SES127	-1.69984	-39.3054	-37.6056
BLOCK00/SES004/SA004S26	SES148	-1.85631	-39.4619	-37.6056
BLOCK00/SES004/SA004S26	SES292	-1.28638	-38.892	-37.6056
BLOCK00/SES004/SA004S28	SES083	-1.6333	-38.9039	-37.2706
BLOCK00/SES004/SA004S28	SES127	-1.7239	-38.9945	-37.2706
BLOCK00/SES004/SA004S28	SES187	-1.78351	-39.0541	-37.2706
BLOCK00/SES004/SA004S28	SES292	-2.56634	-39.8369	-37.2706
BLOCK00/SES006/SA006S10	SES014	-2.1949	-42.0643	-39.8694
BLOCK00/SES006/SA006S10	SES158	-1.03562	-40.9051	-39.8694
BLOCK00/SES006/SA006S10	SES226	-2.21954	-42.089	-39.8694
BLOCK00/SES006/SA006S10	SES270	-0.65543	-40.5249	-39.8694
BLOCK00/SES006/SA006S11	SES158	-0.649368	-40.3638	-39.7144
BLOCK00/SES006/SA006S11	SES226	-1.56665	-41.2811	-39.7144
BLOCK00/SES006/SA006S11	SES270	-0.398808	-40.1133	-39.7144
BLOCK00/SES006/SA006S11	SES275	-2.96891	-42.6833	-39.7144
BLOCK00/SES006/SA006S23	SES062	-2.47012	-41.6335	-39.1634
BLOCK00/SES006/SA006S23	SES105	-1.97209	-41.1355	-39.1634
BLOCK00/SES006/SA006S23	SES158	-0.391392	-39.5548	-39.1634
BLOCK00/SES006/SA006S23	SES275	-2.06841	-41.2318	-39.1634
BLOCK00/SES006/SA006S26	SES104	-1.35156	-39.845	-38.4934
BLOCK00/SES006/SA006S26	SES158	-0.205093	-38.6985	-38.4934
BLOCK00/SES006/SA006S26	SES270	0.346375	-38.1471	-38.4934
BLOCK00/SES006/SA006S26	SES275	-2.88292	-41.3764	-38.4934
BLOCK00/SES006/SA006S28	SES007	-1.92944	-41.6231	-39.6937
BLOCK00/SES006/SA006S28	SES105	-2.10539	-41.7991	-39.6937
BLOCK00/SES006/SA006S28	SES158	-1.02603	-40.7197	-39.6937
BLOCK00/SES006/SA006S28	SES275	-2.96392	-42.6576	-39.6937
BLOCK00/SES009/SA009S12	SES083	-1.69159	-39.4668	-37.7752
BLOCK00/SES009/SA009S12	SES148	-1.39165	-39.1669	-37.7752
BLOCK00/SES009/SA009S12	SES177	-2.0203	-39.7955	-37.7752
BLOCK00/SES009/SA009S12	SES292	-1.3157	-39.0909	-37.7752
BLOCK00/SES009/SA009S15	SES007	0.335461	-36.7677	-37.1032
BLOCK00/SES009/SA009S15	SES099	-6.47699	-43.5802	-37.1032
BLOCK00/SES009/SA009S15	SES148	-1.56737	-38.6706	-37.1032
BLOCK00/SES009/SA009S15	SES172	-1.79441	-38.8976	-37.1032
BLOCK00/SES009/SA009S24	SES146	-1.09251	-38.3438	-37.2513
BLOCK00/SES009/SA009S24	SES148	-1.3148	-38.5661	-37.2513
BLOCK00/SES009/SA009S24	SES177	-1.57097	-38.8222	-37.2513
BLOCK00/SES009/SA009S24	SES292	-1.10667	-38.3579	-37.2513
BLOCK00/SES009/SA009S26	SES083	-1.99361	-39.8928	-37.8992
BLOCK00/SES009/SA009S26	SES101	-1.33334	-39.2326	-37.8992
BLOCK00/SES009/SA009S26	SES120	-1.08061	-38.9798	-37.8992
BLOCK00/SES009/SA009S26	SES177	-2.24261	-40.1418	-37.8992
BLOCK00/SES009/SA009S29	SES083	-1.71679	-39.0105	-37.2937
BLOCK00/SES009/SA009S29	SES101	-1.01124	-38.305	-37.2937
BLOCK00/SES009/SA009S29	SES177	-1.72362	-39.0173	-37.2937
BLOCK00/SES009/SA009S29	SES292	-1.44778	-38.7415	-37.2937
BLOCK01/SES011/SA011S10	SES019	-0.611805	-38.8129	-38.201
BLOCK01/SES011/SA011S10	SES042	-0.993946	-39.195	-38.201
BLOCK01/SES011/SA011S10	SES082	-1.974	-40.1751	-38.201
BLOCK01/SES011/SA011S10	SES206	-0.797264	-38.9983	-38.201
BLOCK01/SES011/SA011S11	SES019	-0.489964	-39.3229	-38.8329
BLOCK01/SES011/SA011S11	SES042	-1.00501	-39.838	-38.8329
BLOCK01/SES011/SA011S11	SES082	-1.89634	-40.7293	-38.8329
BLOCK01/SES011/SA011S11	SES206	0.490044	-38.3429	-38.8329
BLOCK01/SES011/SA011S22	SES019	-0.0760307	-38.5074	-38.4313
BLOCK01/SES011/SA011S22	SES042	-1.12106	-39.5524	-38.4313
BLOCK01/SES011/SA011S22	SES082	-1.22537	-39.6567	-38.4313
BLOCK01/SES011/SA011S22	SES206	-0.391178	-38.8225	-38.4313
BLOCK01/SES011/SA011S24	SES019	-0.679413	-38.418	-37.7386
BLOCK01/SES011/SA011S24	SES042	-0.691967	-38.4305	-37.7386
BLOCK01/SES011/SA011S24	SES104	-1.21344	-38.952	-37.7386
BLOCK01/SES011/SA011S24	SES206	-0.237755	-37.9763	-37.7386
BLOCK01/SES011/SA011S27	SES082	-0.0330887	-37.3886	-37.3555
BLOCK01/SES011/SA011S27	SES087	-0.690403	-38.0459	-37.3555
BLOCK01/SES011/SA011S27	SES125	-0.314137	-37.6697	-37.3555
BLOCK01/SES011/SA011S27	SES206	-0.012249	-37.3678	-37.3555
BLOCK01/SES012/SA012S11	SES007	-2.02944	-38.8618	-36.8324
BLOCK01/SES012/SA012S11	SES082	-1.23066	-38.063	-36.8324
BLOCK01/SES012/SA012S11	SES083	-2.50729	-39.3397	-36.8324
BLOCK01/SES012/SA012S11	SES206	-1.02013	-37.8525	-36.8324
BLOCK01/SES012/SA012S14	SES082	-1.21143	-38.9588	-37.7474
BLOCK01/SES012/SA012S14	SES087	-1.35266	-39.1	-37.7474
BLOCK01/SES012/SA012S14	SES206	-1.34069	-39.0881	-37.7474
BLOCK01/SES012/SA012S14	SES292	-3.70858	-41.4559	-37.7474
BLOCK01/SES012/SA012S24	SES082	-0.0298004	-38.3138	-38.284
BLOCK01/SES012/SA012S24	SES087	-0.403934	-38.6879	-38.284
BLOCK01/SES012/SA012S24	SES120	-3.55967	-41.8437	-38.284
BLOCK01/SES012/SA012S24	SES206	-0.282402	-38.5664	-38.284
BLOCK01/SES012/SA012S26	SES019	-2.02222	-39.8028	-37.7806
BLOCK01/SES012/SA012S26	SES082	-1.90147	-39.682	-37.7806
BLOCK01/SES012/SA012S26	SES206	-0.596397	-38.377	-37.7806
BLOCK01/SES012/SA012S26	SES292	-3.76992	-41.5505	-37.7806
BLOCK01/SES012/SA012S29	SES062	-2.59123	-39.9623	-37.371
BLOCK01/SES012/SA012S29	SES082	-1.02388	-38.3949	-37.371
BLOCK01/SES012/SA012S29	SES083	-2.08236	-39.4534	-37.371
BLOCK01/SES012/SA012S29	SES206	-1.35768	-38.7287	-37.371
BLOCK01/SES013/SA013S16	SES062	-4.11701	-41.934	-37.817
BLOCK01/SES013/SA013S16	SES106	-0.613125	-38.4301	-37.817
BLOCK01/SES013/SA013S16	SES206	-1.01328	-38.8303	-37.817
BLOCK01/SES013/SA013S16	SES226	-0.314022	-38.131	-37.817
BLOCK01/SES013/SA013S17	SES062	-3.60764	-40.9348	-37.3272
BLOCK01/SES013/SA013S17	SES106	-0.636539	-37.9637	-37.3272
BLOCK01/SES013/SA013S17	SES206	0.0337563	-37.2934	-37.3272
BLOCK01/SES013/SA013S17	SES226	0.0383797	-37.2888	-37.3272
BLOCK01/SES013/SA013S23	SES104	-1.25975	-39.3365	-38.0768
BLOCK01/SES013/SA013S23	SES106	-0.492123	-38.5689	-38.0768
BLOCK01/SES013/SA013S23	SES206	-0.510307	-38.5871	-38.0768
BLOCK01/SES013/SA013S23	SES270	-0.579281	-38.6561	-38.0768
BLOCK01/SES013/SA013S25	SES042	-1.25357	-38.7438	-37.4902
BLOCK01/SES013/SA013S25	SES104	-0.921017	-38.4112	-37.4902
BLOCK01/SES013/SA013S25	SES106	-0.0475464	-37.5377	-37.4902
BLOCK01/SES013/SA013S25	SES206	-0.848465	-38.3386	-37.4902
BLOCK01/SES013/SA013S29	SES062	-4.1178	-41.7505	-37.6327
BLOCK01/SES013/SA013S29	SES104	-0.875408	-38.5081	-37.6327
BLOCK01/SES013/SA013S29	SES106	0.0551949	-37.5775	-37.6327
BLOCK01/SES013/SA013S29	SES206	-0.553631	-38.1863	-37.6327
BLOCK02/SES021/SA021S13	SES016	-2.53431	-39.5053	-36.971
BLOCK02/SES021/SA021S13	SES029	-2.32547	-39.2965	-36.971
BLOCK02/SES021/SA021S13	SES087	-0.972446	-37.9434	-36.971
BLOCK02/SES021/SA021S13	SES206	-0.385845	-37.3568	-36.971
BLOCK02/SES021/SA021S15	SES087	-0.561592	-36.6328	-36.0712
BLOCK02/SES021/SA021S15	SES125	-0.5238	-36.595	-36.0712
BLOCK02/SES021/SA021S15	SES206	-0.0403175	-36.1115	-36.0712
BLOCK02/SES021/SA021S15	SES226	-1.2035	-37.2747	-36.0712
BLOCK02/SES021/SA021S23	SES062	-2.92183	-40.9907	-38.0689
BLOCK02/SES021/SA021S23	SES087	-1.52776	-39.5966	-38.0689
BLOCK02/SES021/SA021S23	SES206	-1.39173	-39.4606	-38.0689
BLOCK02/SES021/SA021S23	SES226	-0.918137	-38.987	-38.0689
BLOCK02/SES021/SA021S27	SES002	-1.79913	-38.6291	-36.83
BLOCK02/SES021/SA021S27	SES016	-3.19089	-40.0209	-36.83
BLOCK02/SES021/SA021S27	SES019	-1.67239	-38.5024	-36.83
BLOCK02/SES021/SA021S27	SES062	-1.25472	-38.0847	-36.83
BLOCK02/SES021/SA021S29	SES087	-1.36673	-37.9092	-36.5424
BLOCK02/SES021/SA021S29	SES125	-0.9002	-37.4426	-36.5424
BLOCK02/SES021/SA021S29	SES206	-0.57909	-37.1215	-36.5424
BLOCK02/SES021/SA021S29	SES226	-1.34248	-37.8849	-36.5424
BLOCK04/SES043/SA043S09	SES083	-2.14647	-41.0511	-38.9046
BLOCK04/SES043/SA043S09	SES101	-2.15066	-41.0553	-38.9046
BLOCK04/SES043/SA043S09	SES144	-0.895008	-39.7997	-38.9046
BLOCK04/SES043/SA043S09	SES172	-3.0801	-41.9847	-38.9046
BLOCK04/SES043/SA043S11	SES083	-0.874165	-38.5948	-37.7207
BLOCK04/SES043/SA043S11	SES101	-1.50592	-39.2266	-37.7207
BLOCK04/SES043/SA043S11	SES144	-0.908852	-38.6295	-37.7207
BLOCK04/SES043/SA043S11	SES172	-1.77766	-39.4983	-37.7207
BLOCK04/SES043/SA043S23	SES083	-0.506027	-38.7872	-38.2811
BLOCK04/SES043/SA043S23	SES144	-0.337784	-38.6189	-38.2811
BLOCK04/SES043/SA043S23	SES177	-2.45765	-40.7388	-38.2811
BLOCK04/SES043/SA043S23	SES275	-0.455616	-38.7367	-38.2811
BLOCK04/SES043/SA043S26	SES083	-0.620235	-39.2651	-38.6449
BLOCK04/SES043/SA043S26	SES101	-1.17849	-39.8234	-38.6449
BLOCK04/SES043/SA043S26	SES144	-0.206524	-38.8514	-38.6449
BLOCK04/SES043/SA043S26	SES177	-1.4688	-40.1137	-38.6449
BLOCK04/SES043/SA043S28	SES016	-1.17696	-38.9775	-37.8005
BLOCK04/SES043/SA043S28	SES083	-0.931011	-38.7315	-37.8005
BLOCK04/SES043/SA043S28	SES101	-0.987484	-38.788	-37.8005
BLOCK04/SES043/SA043S28	SES144	-0.747078	-38.5476	-37.8005
BLOCK04/SES044/SA044S10	SES127	-2.05691	-43.1995	-41.1426
BLOCK04/SES044/SA044S10	SES144	-0.40181	-41.5444	-41.1426
BLOCK04/SES044/SA044S10	SES147	-3.98779	-45.1304	-41.1426
BLOCK04/SES044/SA044S10	SES148	-2.97632	-44.1189	-41.1426
BLOCK04/SES044/SA044S11	SES101	-2.063	-42.0316	-39.9686
BLOCK04/SES044/SA044S11	SES144	-0.206974	-40.1756	-39.9686
BLOCK04/SES044/SA044S11	SES147	-3.09669	-43.0653	-39.9686
BLOCK04/SES044/SA044S11	SES177	-2.29957	-42.2682	-39.9686
BLOCK04/SES044/SA044S24	SES007	-2.08975	-41.3091	-39.2193
BLOCK04/SES044/SA044S24	SES101	-1.13535	-40.3547	-39.2193
BLOCK04/SES044/SA044S24	SES147	-2.92905	-42.1484	-39.2193
BLOCK04/SES044/SA044S24	SES177	-1.78123	-41.0006	-39.2193
BLOCK04/SES044/SA044S26	SES007	-1.73898	-40.4153	-38.6763
BLOCK04/SES044/SA044S26	SES016	-0.70266	-39.379	-38.6763
BLOCK04/SES044/SA044S26	SES101	-1.22208	-39.8984	-38.6763
BLOCK04/SES044/SA044S26	SES147	-1.39289	-40.0692	-38.6763
BLOCK04/SES044/SA044S29	SES007	-1.76564	-39.8678	-38.1022
BLOCK04/SES044/SA044S29	SES101	-0.277824	-38.38	-38.1022
BLOCK04/SES044/SA044S29	SES147	-2.3414	-40.4436	-38.1022
BLOCK04/SES044/SA044S29	SES177	-1.37185	-39.474	-38.1022
BLOCK04/SES046/SA046S13	SES101	-2.01865	-41.1691	-39.1504
BLOCK04/SES046/SA046S13	SES144	-1.12708	-40.2775	-39.1504
BLOCK04/SES046/SA046S13	SES147	-3.81087	-42.9613	-39.1504
BLOCK04/SES046/SA046S13	SES177	-1.34859	-40.499	-39.1504
BLOCK04/SES046/SA046S15	SES048	-2.59058	-40.1629	-37.5723
BLOCK04/SES046/SA046S15	SES083	-1.49167	-39.064	-37.5723
BLOCK04/SES046/SA046S15	SES120	-2.82082	-40.3931	-37.5723
BLOCK04/SES046/SA046S15	SES148	-1.45908	-39.0314	-37.5723
BLOCK04/SES046/SA046S22	SES101	-0.949921	-39.8616	-38.9116
BLOCK04/SES046/SA046S22	SES144	-1.01892	-39.9306	-38.9116
BLOCK04/SES046/SA046S22	SES147	-2.7551	-41.6667	-38.9116
BLOCK04/SES046/SA046S22	SES172	-1.07172	-39.9834	-38.9116
BLOCK04/SES046/SA046S25	SES083	-1.89762	-40.411	-38.5134
BLOCK04/SES046/SA046S25	SES127	-1.35897	-39.8724	-38.5134
BLOCK04/SES046/SA046S25	SES144	-2.05232	-40.5657	-38.5134
BLOCK04/SES046/SA046S25	SES148	-0.985035	-39.4984	-38.5134
BLOCK04/SES046/SA046S28	SES007	-2.72538	-42.0442	-39.3188
BLOCK04/SES046/SA046S28	SES105	-1.70831	-41.0271	-39.3188
BLOCK04/SES046/SA046S28	SES147	-2.29501	-41.6138	-39.3188
BLOCK04/SES046/SA046S28	SES148	-1.6334	-40.9522	-39.3188
BLOCK04/SES049/SA049S16	SES104	-0.849419	-39.7696	-38.9202
BLOCK04/SES049/SA049S16	SES106	-0.410782	-39.331	-38.9202
BLOCK04/SES049/SA049S16	SES120	-3.62569	-42.5459	-38.9202
BLOCK04/SES049/SA049S16	SES206	-1.03545	-39.9557	-38.9202
BLOCK04/SES049/SA049S18	SES099	0.305798	-39.9177	-40.2235
BLOCK04/SES049/SA049S18	SES104	-1.52614	-41.7496	-40.2235
BLOCK04/SES049/SA049S18	SES125	-1.73224	-41.9557	-40.2235
BLOCK04/SES049/SA049S18	SES206	-1.1065	-41.33	-40.2235
BLOCK04/SES049/SA049S25	SES087	-0.870777	-39.7013	-38.8305
BLOCK04/SES049/SA049S25	SES104	-0.772057	-39.6026	-38.8305
BLOCK04/SES049/SA049S25	SES125	-1.82178	-40.6523	-38.8305
BLOCK04/SES049/SA049S25	SES206	-0.404774	-39.2353	-38.8305
BLOCK04/SES049/SA049S27	SES099	0.119495	-38.2017	-38.3212
BLOCK04/SES049/SA049S27	SES104	-0.510868	-38.8321	-38.3212
BLOCK04/SES049/SA049S27	SES125	-1.21609	-39.5373	-38.3212
BLOCK04/SES049/SA049S27	SES206	-0.653717	-38.9749	-38.3212
BLOCK04/SES049/SA049S29	SES099	0.305355	-37.1167	-37.4221
BLOCK04/SES049/SA049S29	SES104	0.0979233	-37.3242	-37.4221
BLOCK04/SES049/SA049S29	SES125	-0.971176	-38.3933	-37.4221
BLOCK04/SES049/SA049S29	SES206	-0.396812	-37.8189	-37.4221
BLOCK06/SES063/SA063S09	SES068	-2.02964	-40.2282	-38.1986
BLOCK06/SES063/SA063S09	SES083	-0.592304	-38.7909	-38.1986
BLOCK06/SES063/SA063S09	SES177	-1.47876	-39.6773	-38.1986
BLOCK06/SES063/SA063S09	SES187	-1.47042	-39.669	-38.1986
BLOCK06/SES063/SA063S10	SES068	-1.86386	-40.8369	-38.973
BLOCK06/SES063/SA063S10	SES083	-0.433258	-39.4063	-38.973
BLOCK06/SES063/SA063S10	SES172	-0.70528	-39.6783	-38.973
BLOCK06/SES063/SA063S10	SES187	-1.35538	-40.3284	-38.973
BLOCK06/SES063/SA063S20	SES068	-2.50751	-41.27	-38.7625
BLOCK06/SES063/SA063S20	SES083	-1.43278	-40.1953	-38.7625
BLOCK06/SES063/SA063S20	SES172	-1.02958	-39.7921	-38.7625
BLOCK06/SES063/SA063S20	SES187	-0.591717	-39.3542	-38.7625
BLOCK06/SES063/SA063S24	SES029	-2.92281	-40.7914	-37.8686
BLOCK06/SES063/SA063S24	SES083	-0.666561	-38.5352	-37.8686
BLOCK06/SES063/SA063S24	SES177	-0.872669	-38.7413	-37.8686
BLOCK06/SES063/SA063S24	SES189	-1.48447	-39.3531	-37.8686
BLOCK06/SES063/SA063S27	SES083	-0.71846	-39.9199	-39.2015
BLOCK06/SES063/SA063S27	SES172	-0.852451	-40.0539	-39.2015
BLOCK06/SES063/SA063S27	SES187	-1.46739	-40.6689	-39.2015
BLOCK06/SES063/SA063S27	SES292	-1.86177	-41.0632	-39.2015
BLOCK06/SES067/SA067S12	SES083	-2.37923	-40.6801	-38.3009
BLOCK06/SES067/SA067S12	SES172	-2.69127	-40.9922	-38.3009
BLOCK06/SES067/SA067S12	SES202	-0.11351	-38.4144	-38.3009
BLOCK06/SES067/SA067S12	SES292	-2.05936	-40.3602	-38.3009
BLOCK06/SES067/SA067S14	SES085	-1.01888	-38.8687	-37.8498
BLOCK06/SES067/SA067S14	SES177	-1.35456	-39.2044	-37.8498
BLOCK06/SES067/SA067S14	SES183	-2.59632	-40.4462	-37.8498
BLOCK06/SES067/SA067S14	SES202	-0.423508	-38.2734	-37.8498
BLOCK06/SES067/SA067S21	SES144	-1.50231	-40.3642	-38.8619
BLOCK06/SES067/SA067S21	SES177	-0.832619	-39.6945	-38.8619
BLOCK06/SES067/SA067S21	SES183	-4.3607	-43.2226	-38.8619
BLOCK06/SES067/SA067S21	SES189	-0.682968	-39.5449	-38.8619
BLOCK06/SES067/SA067S25	SES085	-0.678329	-39.0903	-38.412
BLOCK06/SES067/SA067S25	SES177	-0.816143	-39.2282	-38.412
BLOCK06/SES067/SA067S25	SES183	-3.03038	-41.4424	-38.412
BLOCK06/SES067/SA067S25	SES202	-0.694191	-39.1062	-38.412
BLOCK06/SES067/SA067S29	SES085	-0.666924	-39.3817	-38.7148
BLOCK06/SES067/SA067S29	SES177	-1.6086	-40.3234	-38.7148
BLOCK06/SES067/SA067S29	SES183	-3.20549	-41.9203	-38.7148
BLOCK06/SES067/SA067S29	SES202	0.0880852	-38.6267	-38.7148
BLOCK06/SES069/SA069S12	SES029	-2.28745	-39.9789	-37.6915
BLOCK06/SES069/SA069S12	SES082	-0.660408	-38.3519	-37.6915
BLOCK06/SES069/SA069S12	SES087	-1.5286	-39.2201	-37.6915
BLOCK06/SES069/SA069S12	SES206	-1.10522	-38.7967	-37.6915
BLOCK06/SES069/SA069S13	SES029	-2.61457	-40.1346	-37.52
BLOCK06/SES069/SA069S13	SES087	-2.31947	-39.8395	-37.52
BLOCK06/SES069/SA069S13	SES206	-2.45721	-39.9772	-37.52
BLOCK06/SES069/SA069S13	SES226	-2.12714	-39.6471	-37.52
BLOCK06/SES069/SA069S23	SES029	-2.07241	-38.6471	-36.5747
BLOCK06/SES069/SA069S23	SES087	-2.61999	-39.1947	-36.5747
BLOCK06/SES069/SA069S23	SES206	-2.04985	-38.6245	-36.5747
BLOCK06/SES069/SA069S23	SES226	-1.0149	-37.5896	-36.5747
BLOCK06/SES069/SA069S25	SES087	-1.44196	-38.4207	-36.9787
BLOCK06/SES069/SA069S25	SES206	-2.31195	-39.2907	-36.9787
BLOCK06/SES069/SA069S25	SES226	-1.43791	-38.4166	-36.9787
BLOCK06/SES069/SA069S25	SES270	-1.03708	-38.0158	-36.9787
BLOCK06/SES069/SA069S27	SES087	-1.51429	-38.6927	-37.1784
BLOCK06/SES069/SA069S27	SES206	-0.748592	-37.927	-37.1784
BLOCK06/SES069/SA069S27	SES226	-0.383755	-37.5622	-37.1784
BLOCK06/SES069/SA069S27	SES270	-0.302956	-37.4814	-37.1784
BLOCK08/SES081/SA081S11	SES060	-1.24222	-39.2182	-37.976
BLOCK08/SES081/SA081S11	SES062	-3.13273	-41.1087	-37.976
BLOCK08/SES081/SA081S11	SES117	-2.63952	-40.6155	-37.976
BLOCK08/SES081/SA081S11	SES162	-1.98519	-39.9612	-37.976
BLOCK08/SES081/SA081S13	SES016	-1.38663	-38.683	-37.2963
BLOCK08/SES081/SA081S13	SES060	-0.377945	-37.6743	-37.2963
BLOCK08/SES081/SA081S13	SES068	-0.764202	-38.0605	-37.2963
BLOCK08/SES081/SA081S13	SES129	-1.53616	-38.8325	-37.2963
BLOCK08/SES081/SA081S24	SES060	-1.25705	-38.79	-37.533
BLOCK08/SES081/SA081S24	SES068	-1.50809	-39.0411	-37.533
BLOCK08/SES081/SA081S24	SES117	-2.20843	-39.7414	-37.533
BLOCK08/SES081/SA081S24	SES275	-2.24572	-39.7787	-37.533
BLOCK08/SES081/SA081S27	SES007	-2.06157	-39.6825	-37.621
BLOCK08/SES081/SA081S27	SES060	-1.22975	-38.8507	-37.621
BLOCK08/SES081/SA081S27	SES117	-1.08633	-38.7073	-37.621
BLOCK08/SES081/SA081S27	SES275	-2.06211	-39.6831	-37.621
BLOCK08/SES081/SA081S29	SES007	-1.8014	-39.2411	-37.4397
BLOCK08/SES081/SA081S29	SES060	-1.21223	-38.6519	-37.4397
BLOCK08/SES081/SA081S29	SES117	-2.11781	-39.5575	-37.4397
BLOCK08/SES081/SA081S29	SES275	-2.30437	-39.744	-37.4397
BLOCK08/SES086/SA086S11	SES029	-5.24403	-44.6188	-39.3748
BLOCK08/SES086/SA086S11	SES082	-1.88354	-41.2583	-39.3748
BLOCK08/SES086/SA086S11	SES087	-0.65147	-40.0263	-39.3748
BLOCK08/SES086/SA086S11	SES206	-2.15579	-41.5306	-39.3748
BLOCK08/SES086/SA086S12	SES029	-5.17098	-43.8055	-38.6345
BLOCK08/SES086/SA086S12	SES082	-1.62432	-40.2588	-38.6345
BLOCK08/SES086/SA086S12	SES087	-0.00902176	-38.6435	-38.6345
BLOCK08/SES086/SA086S12	SES206	-1.21677	-39.8513	-38.6345
BLOCK08/SES086/SA086S20	SES029	-4.14116	-41.9734	-37.8322
BLOCK08/SES086/SA086S20	SES082	-1.68016	-39.5124	-37.8322
BLOCK08/SES086/SA086S20	SES087	0.529209	-37.303	-37.8322
BLOCK08/SES086/SA086S20	SES206	0.0310707	-37.8012	-37.8322
BLOCK08/SES086/SA086S24	SES087	-0.135174	-38.8663	-38.7311
BLOCK08/SES086/SA086S24	SES104	-0.995888	-39.727	-38.7311
BLOCK08/SES086/SA086S24	SES120	-4.33674	-43.0678	-38.7311
BLOCK08/SES086/SA086S24	SES206	-0.385551	-39.1167	-38.7311
BLOCK08/SES086/SA086S28	SES029	-3.66573	-41.3929	-37.7272
BLOCK08/SES086/SA086S28	SES082	-1.28434	-39.0116	-37.7272
BLOCK08/SES086/SA086S28	SES087	-0.0492439	-37.7765	-37.7272
BLOCK08/SES086/SA086S28	SES206	-0.776367	-38.5036	-37.7272
BLOCK08/SES089/SA089S13	SES087	-1.86965	-39.8162	-37.9465
BLOCK08/SES089/SA089S13	SES206	-2.52588	-40.4724	-37.9465
BLOCK08/SES089/SA089S13	SES226	-1.43356	-39.3801	-37.9465
BLOCK08/SES089/SA089S13	SES270	-2.3154	-40.2619	-37.9465
BLOCK08/SES089/SA089S14	SES062	-1.78967	-39.4184	-37.6288
BLOCK08/SES089/SA089S14	SES087	-0.45211	-38.0809	-37.6288
BLOCK08/SES089/SA089S14	SES206	-0.340397	-37.9692	-37.6288
BLOCK08/SES089/SA089S14	SES226	-0.443501	-38.0723	-37.6288
BLOCK08/SES089/SA089S23	SES087	-1.21664	-39.9397	-38.723
BLOCK08/SES089/SA089S23	SES206	-1.91389	-40.6369	-38.723
BLOCK08/SES089/SA089S23	SES226	-1.57239	-40.2954	-38.723
BLOCK08/SES089/SA089S23	SES270	-1.7052	-40.4282	-38.723
BLOCK08/SES089/SA089S25	SES062	-2.34475	-39.9362	-37.5915
BLOCK08/SES089/SA089S25	SES087	-0.214405	-37.8059	-37.5915
BLOCK08/SES089/SA089S25	SES206	-1.29079	-38.8823	-37.5915
BLOCK08/SES089/SA089S25	SES226	-0.490707	-38.0822	-37.5915
BLOCK08/SES089/SA089S28	SES062	-1.73208	-39.1493	-37.4172
BLOCK08/SES089/SA089S28	SES087	-1.16922	-38.5864	-37.4172
BLOCK08/SES089/SA089S28	SES206	-0.666142	-38.0833	-37.4172
BLOCK08/SES089/SA089S28	SES226	-0.67905	-38.0962	-37.4172
BLOCK09/SES097/SA097S11	SES099	-0.640495	-38.6983	-38.0578
BLOCK09/SES097/SA097S11	SES125	-2.09882	-40.1566	-38.0578
BLOCK09/SES097/SA097S11	SES206	-1.44064	-39.4984	-38.0578
BLOCK09/SES097/SA097S11	SES226	-0.758354	-38.8161	-38.0578
BLOCK09/SES097/SA097S14	SES062	-2.83499	-40.6095	-37.7745
BLOCK09/SES097/SA097S14	SES099	-0.452744	-38.2273	-37.7745
BLOCK09/SES097/SA097S14	SES104	-1.39279	-39.1673	-37.7745
BLOCK09/SES097/SA097S14	SES206	-1.07579	-38.8503	-37.7745
BLOCK09/SES097/SA097S22	SES099	0.365265	-37.8606	-38.2258
BLOCK09/SES097/SA097S22	SES206	-1.06443	-39.2903	-38.2258
BLOCK09/SES097/SA097S22	SES226	-1.6074	-39.8332	-38.2258
BLOCK09/SES097/SA097S22	SES270	-0.00779724	-38.2336	-38.2258
BLOCK09/SES097/SA097S26	SES099	0.116821	-37.3783	-37.4952
BLOCK09/SES097/SA097S26	SES120	-3.73908	-41.2342	-37.4952
BLOCK09/SES097/SA097S26	SES206	-1.27524	-38.7704	-37.4952
BLOCK09/SES097/SA097S26	SES226	-1.35394	-38.8491	-37.4952
BLOCK09/SES097/SA097S28	SES099	-0.65976	-38.7545	-38.0947
BLOCK09/SES097/SA097S28	SES120	-2.89458	-40.9893	-38.0947
BLOCK09/SES097/SA097S28	SES206	-2.07198	-40.1667	-38.0947
BLOCK09/SES097/SA097S28	SES226	-1.84475	-39.9395	-38.0947
BLOCK09/SES098/SA098S11	SES127	-2.28979	-41.752	-39.4622
BLOCK09/SES098/SA098S11	SES144	-1.46497	-40.9272	-39.4622
BLOCK09/SES098/SA098S11	SES147	-2.08957	-41.5518	-39.4622
BLOCK09/SES098/SA098S11	SES148	-2.7807	-42.2429	-39.4622
BLOCK09/SES098/SA098S12	SES127	-3.85213	-44.5265	-40.6743
BLOCK09/SES098/SA098S12	SES144	-2.00222	-42.6766	-40.6743
BLOCK09/SES098/SA098S12	SES147	-3.03598	-43.7103	-40.6743
BLOCK09/SES098/SA098S12	SES189	-1.05054	-41.7249	-40.6743
BLOCK09/SES098/SA098S20	SES127	-2.61256	-42.3364	-39.7238
BLOCK09/SES098/SA098S20	SES147	-1.90306	-41.6269	-39.7238
BLOCK09/SES098/SA098S20	SES148	-3.32001	-43.0438	-39.7238
BLOCK09/SES098/SA098S20	SES292	-2.99741	-42.7212	-39.7238
BLOCK09/SES098/SA098S23	SES127	-1.56784	-40.9315	-39.3637
BLOCK09/SES098/SA098S23	SES147	-2.22534	-41.589	-39.3637
BLOCK09/SES098/SA098S23	SES187	-1.09729	-40.461	-39.3637
BLOCK09/SES098/SA098S23	SES292	-2.51948	-41.8832	-39.3637
BLOCK09/SES098/SA098S27	SES127	-2.74682	-42.2875	-39.5407
BLOCK09/SES098/SA098S27	SES147	-2.72688	-42.2676	-39.5407
BLOCK09/SES098/SA098S27	SES148	-3.65152	-43.1922	-39.5407
BLOCK09/SES098/SA098S27	SES292	-2.97578	-42.5165	-39.5407
BLOCK10/SES102/SA102S13	SES101	-0.500809	-39.8989	-39.3981
BLOCK10/SES102/SA102S13	SES105	-2.14802	-41.5461	-39.3981
BLOCK10/SES102/SA102S13	SES120	-1.53022	-40.9283	-39.3981
BLOCK10/SES102/SA102S13	SES158	-5.89779	-45.2959	-39.3981
BLOCK10/SES102/SA102S14	SES007	-0.671761	-38.2948	-37.623
BLOCK10/SES102/SA102S14	SES101	-0.224174	-37.8472	-37.623
BLOCK10/SES102/SA102S14	SES105	-0.942871	-38.5659	-37.623
BLOCK10/SES102/SA102S14	SES147	-2.54702	-40.1701	-37.623
BLOCK10/SES102/SA102S22	SES007	-1.00512	-38.8401	-37.835
BLOCK10/SES102/SA102S22	SES101	-0.156616	-37.9916	-37.835
BLOCK10/SES102/SA102S22	SES105	-0.68784	-38.5228	-37.835
BLOCK10/SES102/SA102S22	SES158	-3.8084	-41.6434	-37.835
BLOCK10/SES102/SA102S25	SES007	-0.760494	-38.9285	-38.168
BLOCK10/SES102/SA102S25	SES101	0.00657272	-38.1614	-38.168
BLOCK10/SES102/SA102S25	SES105	-0.655449	-38.8234	-38.168
BLOCK10/SES102/SA102S25	SES147	-3.23249	-41.4005	-38.168
BLOCK10/SES102/SA102S27	SES007	-1.53075	-39.8535	-38.3227
BLOCK10/SES102/SA102S27	SES101	-0.437748	-38.7605	-38.3227
BLOCK10/SES102/SA102S27	SES105	-1.27472	-39.5974	-38.3227
BLOCK10/SES102/SA102S27	SES147	-2.26602	-40.5887	-38.3227
BLOCK10/SES103/SA103S14	SES105	-2.6039	-42.01	-39.4061
BLOCK10/SES103/SA103S14	SES106	-0.697018	-40.1031	-39.4061
BLOCK10/SES103/SA103S14	SES120	-3.65423	-43.0603	-39.4061
BLOCK10/SES103/SA103S14	SES206	-1.09466	-40.5007	-39.4061
BLOCK10/SES103/SA103S15	SES099	0.00737762	-39.7516	-39.759
BLOCK10/SES103/SA103S15	SES101	-3.23929	-42.9983	-39.759
BLOCK10/SES103/SA103S15	SES104	-0.727238	-40.4863	-39.759
BLOCK10/SES103/SA103S15	SES125	-0.594769	-40.3538	-39.759
BLOCK10/SES103/SA103S24	SES104	-1.22225	-40.0232	-38.8009
BLOCK10/SES103/SA103S24	SES125	-0.641376	-39.4423	-38.8009
BLOCK10/SES103/SA103S24	SES148	-2.73706	-41.538	-38.8009
BLOCK10/SES103/SA103S24	SES158	-0.342808	-39.1437	-38.8009
BLOCK10/SES103/SA103S26	SES104	-1.02464	-40.3286	-39.304
BLOCK10/SES103/SA103S26	SES106	-0.690693	-39.9947	-39.304
BLOCK10/SES103/SA103S26	SES125	-0.757641	-40.0616	-39.304
BLOCK10/SES103/SA103S26	SES148	-3.09683	-42.4008	-39.304
BLOCK10/SES103/SA103S28	SES104	-1.4579	-40.9085	-39.4506
BLOCK10/SES103/SA103S28	SES106	-1.40943	-40.86	-39.4506
BLOCK10/SES103/SA103S28	SES125	-1.30516	-40.7557	-39.4506
BLOCK10/SES103/SA103S28	SES206	-1.71918	-41.1697	-39.4506
BLOCK12/SES121/SA121S12	SES042	-1.91631	-42.4929	-40.5766
BLOCK12/SES121/SA121S12	SES087	-1.3133	-41.8899	-40.5766
BLOCK12/SES121/SA121S12	SES105	-1.4574	-42.034	-40.5766
BLOCK12/SES121/SA121S12	SES206	-0.539658	-41.1163	-40.5766
BLOCK12/SES121/SA121S14	SES007	-3.23653	-44.1199	-40.8834
BLOCK12/SES121/SA121S14	SES105	-2.63202	-43.5154	-40.8834
BLOCK12/SES121/SA121S14	SES106	-1.52016	-42.4036	-40.8834
BLOCK12/SES121/SA121S14	SES206	-1.38091	-42.2643	-40.8834
BLOCK12/SES121/SA121S23	SES105	-2.50163	-43.3853	-40.8836
BLOCK12/SES121/SA121S23	SES106	-1.1924	-42.076	-40.8836
BLOCK12/SES121/SA121S23	SES120	-3.2953	-44.1789	-40.8836
BLOCK12/SES121/SA121S23	SES206	-0.878273	-41.7619	-40.8836
BLOCK12/SES121/SA121S25	SES007	-3.15405	-44.8837	-41.7297
BLOCK12/SES121/SA121S25	SES105	-2.74988	-44.4795	-41.7297
BLOCK12/SES121/SA121S25	SES106	-1.5199	-43.2496	-41.7297
BLOCK12/SES121/SA121S25	SES206	-1.68805	-43.4177	-41.7297
BLOCK12/SES121/SA121S27	SES087	-0.385136	-40.6648	-40.2797
BLOCK12/SES121/SA121S27	SES105	-3.24531	-43.525	-40.2797
BLOCK12/SES121/SA121S27	SES120	-3.02179	-43.3015	-40.2797
BLOCK12/SES121/SA121S27	SES206	-1.12716	-41.4068	-40.2797
BLOCK12/SES124/SA124S16	SES042	-0.839306	-38.6063	-37.767
BLOCK12/SES124/SA124S16	SES082	-0.232475	-37.9995	-37.767
BLOCK12/SES124/SA124S16	SES183	-3.73037	-41.4974	-37.767
BLOCK12/SES124/SA124S16	SES206	-0.383537	-38.1505	-37.767
BLOCK12/SES124/SA124S17	SES105	-2.65807	-41.4294	-38.7714
BLOCK12/SES124/SA124S17	SES149	-2.08424	-40.8556	-38.7714
BLOCK12/SES124/SA124S17	SES158	-2.40076	-41.1721	-38.7714
BLOCK12/SES124/SA124S17	SES275	-4.34438	-43.1157	-38.7714
BLOCK12/SES124/SA124S23	SES105	-2.64819	-39.2048	-36.5566
BLOCK12/SES124/SA124S23	SES125	0.215328	-36.3412	-36.5566
BLOCK12/SES124/SA124S23	SES129	-3.95745	-40.514	-36.5566
BLOCK12/SES124/SA124S23	SES158	-0.412773	-36.9693	-36.5566
BLOCK12/SES124/SA124S26	SES105	-3.5467	-40.7559	-37.2092
BLOCK12/SES124/SA124S26	SES125	0.407486	-36.8018	-37.2092
BLOCK12/SES124/SA124S26	SES129	-4.79223	-42.0015	-37.2092
BLOCK12/SES124/SA124S26	SES158	-0.999168	-38.2084	-37.2092
BLOCK12/SES124/SA124S28	SES104	-0.302898	-37.5888	-37.2859
BLOCK12/SES124/SA124S28	SES106	-0.390606	-37.6765	-37.2859
BLOCK12/SES124/SA124S28	SES125	-0.14893	-37.4348	-37.2859
BLOCK12/SES124/SA124S28	SES275	-4.11465	-41.4005	-37.2859
BLOCK12/SES126/SA126S13	SES007	-3.31691	-42.9389	-39.622
BLOCK12/SES126/SA126S13	SES162	-1.2887	-40.9107	-39.622
BLOCK12/SES126/SA126S13	SES177	-1.67543	-41.2975	-39.622
BLOCK12/SES126/SA126S13	SES180	-2.26167	-41.8837	-39.622
BLOCK12/SES126/SA126S14	SES144	-1.40863	-39.4682	-38.0596
BLOCK12/SES126/SA126S14	SES148	-1.90822	-39.9678	-38.0596
BLOCK12/SES126/SA126S14	SES177	-0.729542	-38.7891	-38.0596
BLOCK12/SES126/SA126S14	SES180	-1.7439	-39.8035	-38.0596
BLOCK12/SES126/SA126S20	SES007	-3.1794	-41.8096	-38.6302
BLOCK12/SES126/SA126S20	SES162	-1.53207	-40.1623	-38.6302
BLOCK12/SES126/SA126S20	SES172	-3.19279	-41.823	-38.6302
BLOCK12/SES126/SA126S20	SES180	-1.82261	-40.4528	-38.6302
BLOCK12/SES126/SA126S24	SES120	-1.37818	-39.4002	-38.022
BLOCK12/SES126/SA126S24	SES162	-1.46008	-39.4821	-38.022
BLOCK12/SES126/SA126S24	SES177	-1.33229	-39.3543	-38.022
BLOCK12/SES126/SA126S24	SES180	-0.789532	-38.8115	-38.022
BLOCK12/SES126/SA126S26	SES120	-1.06927	-39.5414	-38.4722
BLOCK12/SES126/SA126S26	SES177	-1.26958	-39.7417	-38.4722
BLOCK12/SES126/SA126S26	SES180	-1.20198	-39.6741	-38.4722
BLOCK12/SES126/SA126S26	SES202	-3.05759	-41.5298	-38.4722
BLOCK12/SES128/SA128S10	SES087	-2.13443	-40.3381	-38.2037
BLOCK12/SES128/SA128S10	SES206	-1.33665	-39.5403	-38.2037
BLOCK12/SES128/SA128S10	SES226	-0.888039	-39.0917	-38.2037
BLOCK12/SES128/SA128S10	SES270	-0.633167	-38.8369	-38.2037
BLOCK12/SES128/SA128S12	SES120	-2.42308	-40.6367	-38.2136
BLOCK12/SES128/SA128S12	SES158	-1.34455	-39.5581	-38.2136
BLOCK12/SES128/SA128S12	SES206	-1.51892	-39.7325	-38.2136
BLOCK12/SES128/SA128S12	SES226	-1.37175	-39.5853	-38.2136
BLOCK12/SES128/SA128S21	SES106	-3.00705	-42.0505	-39.0434
BLOCK12/SES128/SA128S21	SES120	-1.94109	-40.9845	-39.0434
BLOCK12/SES128/SA128S21	SES206	-2.5961	-41.6395	-39.0434
BLOCK12/SES128/SA128S21	SES226	-1.99203	-41.0355	-39.0434
BLOCK12/SES128/SA128S24	SES087	-2.5378	-41.4524	-38.9146
BLOCK12/SES128/SA128S24	SES120	-1.16961	-40.0842	-38.9146
BLOCK12/SES128/SA128S24	SES206	-2.22337	-41.138	-38.9146
BLOCK12/SES128/SA128S24	SES226	-1.76723	-40.6819	-38.9146
BLOCK12/SES128/SA128S27	SES099	-0.757095	-38.8698	-38.1127
BLOCK12/SES128/SA128S27	SES120	-1.55106	-39.6637	-38.1127
BLOCK12/SES128/SA128S27	SES206	-1.37779	-39.4905	-38.1127
BLOCK12/SES128/SA128S27	SES226	-0.753468	-38.8661	-38.1127
BLOCK13/SES130/SA130S13	SES143	-2.79272	-42.7159	-39.9232
BLOCK13/SES130/SA130S13	SES144	-0.307877	-40.231	-39.9232
BLOCK13/SES130/SA130S13	SES146	-1.09769	-41.0209	-39.9232
BLOCK13/SES130/SA130S13	SES275	-3.36723	-43.2904	-39.9232
BLOCK13/SES130/SA130S15	SES143	-2.29601	-41.1186	-38.8226
BLOCK13/SES130/SA130S15	SES144	-0.587532	-39.4101	-38.8226
BLOCK13/SES130/SA130S15	SES146	-0.570896	-39.3935	-38.8226
BLOCK13/SES130/SA130S15	SES275	-1.56272	-40.3853	-38.8226
BLOCK13/SES130/SA130S23	SES127	-3.06148	-43.1255	-40.064
BLOCK13/SES130/SA130S23	SES144	-1.73168	-41.7957	-40.064
BLOCK13/SES130/SA130S23	SES146	-1.50758	-41.5716	-40.064
BLOCK13/SES130/SA130S23	SES162	-1.14461	-41.2086	-40.064
BLOCK13/SES130/SA130S25	SES127	-2.21392	-40.5377	-38.3238
BLOCK13/SES130/SA130S25	SES144	-0.894348	-39.2181	-38.3238
BLOCK13/SES130/SA130S25	SES146	-1.14841	-39.4722	-38.3238
BLOCK13/SES130/SA130S25	SES275	-0.885868	-39.2096	-38.3238
BLOCK13/SES130/SA130S28	SES127	-1.86211	-40.2756	-38.4135
BLOCK13/SES130/SA130S28	SES144	-0.951874	-39.3654	-38.4135
BLOCK13/SES130/SA130S28	SES146	-1.16253	-39.5761	-38.4135
BLOCK13/SES130/SA130S28	SES275	-0.705341	-39.1189	-38.4135
BLOCK13/SES131/SA131S13	SES002	-2.46499	-42.8535	-40.3885
BLOCK13/SES131/SA131S13	SES007	-4.15254	-44.541	-40.3885
BLOCK13/SES131/SA131S13	SES099	-1.43657	-41.8251	-40.3885
BLOCK13/SES131/SA131S13	SES105	-2.28381	-42.6723	-40.3885
BLOCK13/SES131/SA131S14	SES104	-0.636169	-39.5639	-38.9278
BLOCK13/SES131/SA131S14	SES106	-0.474403	-39.4022	-38.9278
BLOCK13/SES131/SA131S14	SES125	-1.28811	-40.2159	-38.9278
BLOCK13/SES131/SA131S14	SES148	-2.51838	-41.4461	-38.9278
BLOCK13/SES131/SA131S20	SES104	-1.05007	-40.4576	-39.4075
BLOCK13/SES131/SA131S20	SES106	-0.624584	-40.0321	-39.4075
BLOCK13/SES131/SA131S20	SES125	-0.774303	-40.1818	-39.4075
BLOCK13/SES131/SA131S20	SES148	-3.54844	-42.9559	-39.4075
BLOCK13/SES131/SA131S22	SES099	-0.325764	-39.4692	-39.1434
BLOCK13/SES131/SA131S22	SES104	-1.08432	-40.2278	-39.1434
BLOCK13/SES131/SA131S22	SES125	-0.658619	-39.8021	-39.1434
BLOCK13/SES131/SA131S22	SES206	-1.17856	-40.322	-39.1434
BLOCK13/SES131/SA131S29	SES087	-0.791016	-40.1638	-39.3728
BLOCK13/SES131/SA131S29	SES104	-1.59506	-40.9678	-39.3728
BLOCK13/SES131/SA131S29	SES125	-1.31744	-40.6902	-39.3728
BLOCK13/SES131/SA131S29	SES206	-1.19584	-40.5686	-39.3728
BLOCK13/SES132/SA132S11	SES083	-1.89206	-39.8899	-37.9978
BLOCK13/SES132/SA132S11	SES120	-0.539589	-38.5374	-37.9978
BLOCK13/SES132/SA132S11	SES127	-1.42315	-39.421	-37.9978
BLOCK13/SES132/SA132S11	SES275	-1.2897	-39.2875	-37.9978
BLOCK13/SES132/SA132S12	SES083	-1.74017	-39.3323	-37.5922
BLOCK13/SES132/SA132S12	SES143	-2.14373	-39.7359	-37.5922
BLOCK13/SES132/SA132S12	SES144	-0.722607	-38.3148	-37.5922
BLOCK13/SES132/SA132S12	SES148	-1.60484	-39.197	-37.5922
BLOCK13/SES132/SA132S22	SES062	-0.928238	-38.6395	-37.7113
BLOCK13/SES132/SA132S22	SES083	-1.11543	-38.8267	-37.7113
BLOCK13/SES132/SA132S22	SES127	-1.18874	-38.9	-37.7113
BLOCK13/SES132/SA132S22	SES275	-0.740124	-38.4514	-37.7113
BLOCK13/SES132/SA132S24	SES007	-1.18913	-38.8791	-37.69
BLOCK13/SES132/SA132S24	SES083	-1.75179	-39.4418	-37.69
BLOCK13/SES132/SA132S24	SES127	-1.80307	-39.4931	-37.69
BLOCK13/SES132/SA132S24	SES275	-1.21484	-38.9048	-37.69
BLOCK13/SES132/SA132S27	SES083	-2.10283	-40.5292	-38.4264
BLOCK13/SES132/SA132S27	SES120	-0.353561	-38.78	-38.4264
BLOCK13/SES132/SA132S27	SES127	-1.82447	-40.2509	-38.4264
BLOCK13/SES132/SA132S27	SES275	-1.7515	-40.1779	-38.4264
BLOCK14/SES141/SA141S09	SES143	-1.08387	-39.8531	-38.7692
BLOCK14/SES141/SA141S09	SES144	-0.933025	-39.7022	-38.7692
BLOCK14/SES141/SA141S09	SES162	-0.750134	-39.5193	-38.7692
BLOCK14/SES141/SA141S09	SES180	-0.94305	-39.7122	-38.7692
BLOCK14/SES141/SA141S15	SES127	-1.11021	-39.4124	-38.3022
BLOCK14/SES141/SA141S15	SES144	-1.02244	-39.3247	-38.3022
BLOCK14/SES141/SA141S15	SES162	-0.808342	-39.1106	-38.3022
BLOCK14/SES141/SA141S15	SES180	-0.957115	-39.2593	-38.3022
BLOCK14/SES141/SA141S24	SES127	-0.663235	-38.6161	-37.9529
BLOCK14/SES141/SA141S24	SES144	-1.48126	-39.4341	-37.9529
BLOCK14/SES141/SA141S24	SES162	-0.445309	-38.3982	-37.9529
BLOCK14/SES141/SA141S24	SES183	-2.21299	-40.1659	-37.9529
BLOCK14/SES141/SA141S26	SES142	-1.48542	-40.4278	-38.9424
BLOCK14/SES141/SA141S26	SES144	-1.6542	-40.5966	-38.9424
BLOCK14/SES141/SA141S26	SES172	-1.83165	-40.774	-38.9424
BLOCK14/SES141/SA141S26	SES180	-1.05189	-39.9942	-38.9424
BLOCK14/SES141/SA141S29	SES127	-0.653187	-38.6514	-37.9982
BLOCK14/SES141/SA141S29	SES142	-0.391987	-38.3902	-37.9982
BLOCK14/SES141/SA141S29	SES144	-1.00536	-39.0035	-37.9982
BLOCK14/SES141/SA141S29	SES180	-0.47908	-38.4773	-37.9982
BLOCK15/SES157/SA157S08	SES083	-1.97135	-40.7707	-38.7993
BLOCK15/SES157/SA157S08	SES127	-2.18005	-40.9794	-38.7993
BLOCK15/SES157/SA157S08	SES148	-1.13298	-39.9323	-38.7993
BLOCK15/SES157/SA157S08	SES292	-2.36481	-41.1641	-38.7993
BLOCK15/SES157/SA157S11	SES083	-2.13784	-40.6076	-38.4698
BLOCK15/SES157/SA157S11	SES127	-2.60352	-41.0733	-38.4698
BLOCK15/SES157/SA157S11	SES148	-1.42181	-39.8916	-38.4698
BLOCK15/SES157/SA157S11	SES292	-1.95153	-40.4213	-38.4698
BLOCK15/SES157/SA157S21	SES127	-2.18591	-40.0707	-37.8848
BLOCK15/SES157/SA157S21	SES148	-1.12066	-39.0055	-37.8848
BLOCK15/SES157/SA157S21	SES158	-4.49113	-42.3759	-37.8848
BLOCK15/SES157/SA157S21	SES292	-1.80743	-39.6922	-37.8848
BLOCK15/SES157/SA157S24	SES127	-2.16914	-40.3462	-38.1771
BLOCK15/SES157/SA157S24	SES148	-1.11479	-39.2919	-38.1771
BLOCK15/SES157/SA157S24	SES183	-2.17905	-40.3561	-38.1771
BLOCK15/SES157/SA157S24	SES292	-1.95285	-40.1299	-38.1771
BLOCK15/SES157/SA157S26	SES007	-1.06124	-38.7853	-37.7241
BLOCK15/SES157/SA157S26	SES127	-0.874645	-38.5987	-37.7241
BLOCK15/SES157/SA157S26	SES147	-2.56266	-40.2868	-37.7241
BLOCK15/SES157/SA157S26	SES148	-1.00362	-38.7277	-37.7241
BLOCK16/SES161/SA161S10	SES007	-2.18364	-41.9534	-39.7698
BLOCK16/SES161/SA161S10	SES105	-1.38926	-41.159	-39.7698
BLOCK16/SES161/SA161S10	SES158	-2.16961	-41.9394	-39.7698
BLOCK16/SES161/SA161S10	SES275	-2.40699	-42.1768	-39.7698
BLOCK16/SES161/SA161S12	SES007	-1.44205	-40.7989	-39.3569
BLOCK16/SES161/SA161S12	SES105	-1.4405	-40.7974	-39.3569
BLOCK16/SES161/SA161S12	SES158	-1.33049	-40.6874	-39.3569
BLOCK16/SES161/SA161S12	SES275	-1.22534	-40.5822	-39.3569
BLOCK16/SES161/SA161S20	SES007	-2.04321	-42.8179	-40.7747
BLOCK16/SES161/SA161S20	SES105	-2.16196	-42.9367	-40.7747
BLOCK16/SES161/SA161S20	SES158	-1.82813	-42.6029	-40.7747
BLOCK16/SES161/SA161S20	SES275	-2.29757	-43.0723	-40.7747
BLOCK16/SES161/SA161S23	SES007	-2.1321	-41.2848	-39.1527
BLOCK16/SES161/SA161S23	SES105	-1.09662	-40.2493	-39.1527
BLOCK16/SES161/SA161S23	SES148	-1.97713	-41.1298	-39.1527
BLOCK16/SES161/SA161S23	SES158	-1.06596	-40.2187	-39.1527
BLOCK16/SES161/SA161S28	SES007	-2.51999	-42.0535	-39.5335
BLOCK16/SES161/SA161S28	SES105	-2.11085	-41.6443	-39.5335
BLOCK16/SES161/SA161S28	SES158	-0.717472	-40.2509	-39.5335
BLOCK16/SES161/SA161S28	SES206	-1.89317	-41.4266	-39.5335
BLOCK16/SES164/SA164S11	SES104	-1.27203	-39.4504	-38.1784
BLOCK16/SES164/SA164S11	SES125	-0.725933	-38.9044	-38.1784
BLOCK16/SES164/SA164S11	SES158	0.185852	-37.9926	-38.1784
BLOCK16/SES164/SA164S11	SES206	-1.28072	-39.4591	-38.1784
BLOCK16/SES164/SA164S13	SES099	-0.277729	-39.2179	-38.9402
BLOCK16/SES164/SA164S13	SES104	-1.5698	-40.51	-38.9402
BLOCK16/SES164/SA164S13	SES125	-1.59008	-40.5303	-38.9402
BLOCK16/SES164/SA164S13	SES206	-1.18234	-40.1225	-38.9402
BLOCK16/SES164/SA164S24	SES002	-0.849815	-39.1237	-38.2738
BLOCK16/SES164/SA164S24	SES099	-0.0567169	-38.3306	-38.2738
BLOCK16/SES164/SA164S24	SES125	-1.64277	-39.9166	-38.2738
BLOCK16/SES164/SA164S24	SES226	-0.661842	-38.9357	-38.2738
BLOCK16/SES164/SA164S27	SES087	-1.72837	-40.6185	-38.8901
BLOCK16/SES164/SA164S27	SES125	-0.992241	-39.8824	-38.8901
BLOCK16/SES164/SA164S27	SES206	-1.18828	-40.0784	-38.8901
BLOCK16/SES164/SA164S27	SES226	-0.728989	-39.6191	-38.8901
BLOCK16/SES164/SA164S29	SES002	0.0901299	-38.0739	-38.164
BLOCK16/SES164/SA164S29	SES019	-1.30361	-39.4676	-38.164
BLOCK16/SES164/SA164S29	SES125	-0.685257	-38.8493	-38.164
BLOCK16/SES164/SA164S29	SES226	-0.854004	-39.018	-38.164
BLOCK16/SES169/SA169S13	SES117	-1.6246	-40.1196	-38.4951
BLOCK16/SES169/SA169S13	SES144	-0.892315	-39.3874	-38.4951
BLOCK16/SES169/SA169S13	SES146	-1.49466	-39.9897	-38.4951
BLOCK16/SES169/SA169S13	SES162	-1.97959	-40.4746	-38.4951
BLOCK16/SES169/SA169S14	SES144	-0.802177	-38.1992	-37.397
BLOCK16/SES169/SA169S14	SES148	-1.71645	-39.1135	-37.397
BLOCK16/SES169/SA169S14	SES177	-1.40922	-38.8062	-37.397
BLOCK16/SES169/SA169S14	SES180	-2.1606	-39.5576	-37.397
BLOCK16/SES169/SA169S24	SES117	-1.02748	-40.0454	-39.0179
BLOCK16/SES169/SA169S24	SES144	-0.820778	-39.8387	-39.0179
BLOCK16/SES169/SA169S24	SES146	-1.12736	-40.1453	-39.0179
BLOCK16/SES169/SA169S24	SES162	-1.44675	-40.4646	-39.0179
BLOCK16/SES169/SA169S27	SES127	-1.641	-39.8257	-38.1847
BLOCK16/SES169/SA169S27	SES129	-1.52496	-39.7096	-38.1847
BLOCK16/SES169/SA169S27	SES144	-1.29519	-39.4799	-38.1847
BLOCK16/SES169/SA169S27	SES146	-0.737545	-38.9222	-38.1847
BLOCK16/SES169/SA169S29	SES144	-0.445847	-38.4174	-37.9716
BLOCK16/SES169/SA169S29	SES162	-1.28185	-39.2534	-37.9716
BLOCK16/SES169/SA169S29	SES177	-2.69348	-40.665	-37.9716
BLOCK16/SES169/SA169S29	SES180	-1.74158	-39.7132	-37.9716
BLOCK17/SES171/SA171S12	SES083	-1.4732	-40.8177	-39.3445
BLOCK17/SES171/SA171S12	SES148	-1.67973	-41.0242	-39.3445
BLOCK17/SES171/SA171S12	SES172	-1.4777	-40.8222	-39.3445
BLOCK17/SES171/SA171S12	SES292	-2.467	-41.8115	-39.3445
BLOCK17/SES171/SA171S15	SES148	-1.79916	-41.5005	-39.7014
BLOCK17/SES171/SA171S15	SES177	-1.43331	-41.1347	-39.7014
BLOCK17/SES171/SA171S15	SES180	-3.09142	-42.7928	-39.7014
BLOCK17/SES171/SA171S15	SES292	-2.82878	-42.5302	-39.7014
BLOCK17/SES171/SA171S22	SES007	-2.09875	-40.7834	-38.6847
BLOCK17/SES171/SA171S22	SES148	-1.24674	-39.9314	-38.6847
BLOCK17/SES171/SA171S22	SES177	-0.707851	-39.3925	-38.6847
BLOCK17/SES171/SA171S22	SES180	-2.07963	-40.7643	-38.6847
BLOCK17/SES171/SA171S25	SES101	-2.14999	-41.6176	-39.4676
BLOCK17/SES171/SA171S25	SES120	-2.60323	-42.0708	-39.4676
BLOCK17/SES171/SA171S25	SES177	-1.45502	-40.9226	-39.4676
BLOCK17/SES171/SA171S25	SES180	-2.48199	-41.9496	-39.4676
BLOCK17/SES171/SA171S27	SES177	-0.847015	-39.642	-38.795
BLOCK17/SES171/SA171S27	SES180	-2.27938	-41.0744	-38.795
BLOCK17/SES171/SA171S27	SES189	-0.839642	-39.6346	-38.795
BLOCK17/SES171/SA171S27	SES292	-2.73943	-41.5344	-38.795
BLOCK17/SES173/SA173S13	SES162	-1.90804	-41.7274	-39.8194
BLOCK17/SES173/SA173S13	SES177	-2.03519	-41.8546	-39.8194
BLOCK17/SES173/SA173S13	SES180	-2.69946	-42.5188	-39.8194
BLOCK17/SES173/SA173S13	SES292	-1.98621	-41.8056	-39.8194
BLOCK17/SES173/SA173S14	SES007	-3.26467	-43.052	-39.7873
BLOCK17/SES173/SA173S14	SES162	-1.90876	-41.6961	-39.7873
BLOCK17/SES173/SA173S14	SES177	-1.53338	-41.3207	-39.7873
BLOCK17/SES173/SA173S14	SES180	-2.77299	-42.5603	-39.7873
BLOCK17/SES173/SA173S24	SES144	-1.55587	-41.9557	-40.3998
BLOCK17/SES173/SA173S24	SES162	-2.48182	-42.8816	-40.3998
BLOCK17/SES173/SA173S24	SES177	-2.19895	-42.5987	-40.3998
BLOCK17/SES173/SA173S24	SES180	-2.84773	-43.2475	-40.3998
BLOCK17/SES173/SA173S27	SES162	-2.27213	-41.7949	-39.5227
BLOCK17/SES173/SA173S27	SES177	-2.11805	-41.6408	-39.5227
BLOCK17/SES173/SA173S27	SES180	-2.38992	-41.9127	-39.5227
BLOCK17/SES173/SA173S27	SES292	-2.63948	-42.1622	-39.5227
BLOCK17/SES173/SA173S29	SES162	-2.45621	-41.9699	-39.5137
BLOCK17/SES173/SA173S29	SES175	-1.38627	-40.9	-39.5137
BLOCK17/SES173/SA173S29	SES177	-1.68385	-41.1975	-39.5137
BLOCK17/SES173/SA173S29	SES292	-3.02349	-42.5372	-39.5137
BLOCK18/SES182/SA182S10	SES144	-1.34457	-39.9614	-38.6168
BLOCK18/SES182/SA182S10	SES177	-1.37839	-39.9952	-38.6168
BLOCK18/SES182/SA182S10	SES180	-2.37476	-40.9916	-38.6168
BLOCK18/SES182/SA182S10	SES275	-0.853592	-39.4704	-38.6168
BLOCK18/SES182/SA182S12	SES144	-0.650311	-39.0438	-38.3935
BLOCK18/SES182/SA182S12	SES177	-1.10805	-39.5015	-38.3935
BLOCK18/SES182/SA182S12	SES180	-1.36167	-39.7552	-38.3935
BLOCK18/SES182/SA182S12	SES275	-1.01907	-39.4126	-38.3935
BLOCK18/SES182/SA182S21	SES117	-1.49909	-40.6199	-39.1208
BLOCK18/SES182/SA182S21	SES144	-1.13266	-40.2535	-39.1208
BLOCK18/SES182/SA182S21	SES162	-0.698215	-39.8191	-39.1208
BLOCK18/SES182/SA182S21	SES180	-1.79989	-40.9207	-39.1208
BLOCK18/SES182/SA182S23	SES117	-1.27934	-40.2046	-38.9252
BLOCK18/SES182/SA182S23	SES144	-1.31078	-40.236	-38.9252
BLOCK18/SES182/SA182S23	SES180	-2.0499	-40.9751	-38.9252
BLOCK18/SES182/SA182S23	SES275	-0.876816	-39.802	-38.9252
BLOCK18/SES182/SA182S25	SES007	-1.09767	-39.8421	-38.7444
BLOCK18/SES182/SA182S25	SES162	-0.579735	-39.3241	-38.7444
BLOCK18/SES182/SA182S25	SES177	-1.1285	-39.8729	-38.7444
BLOCK18/SES182/SA182S25	SES180	-1.74715	-40.4915	-38.7444
BLOCK18/SES184/SA184S12	SES177	-1.74393	-40.8059	-39.062
BLOCK18/SES184/SA184S12	SES180	-1.63501	-40.697	-39.062
BLOCK18/SES184/SA184S12	SES189	-1.73715	-40.7992	-39.062
BLOCK18/SES184/SA184S12	SES292	-2.2649	-41.3269	-39.062
BLOCK18/SES184/SA184S13	SES101	-1.84369	-40.2484	-38.4048
BLOCK18/SES184/SA184S13	SES177	-1.54848	-39.9532	-38.4048
BLOCK18/SES184/SA184S13	SES180	-1.55907	-39.9638	-38.4048
BLOCK18/SES184/SA184S13	SES292	-1.88212	-40.2869	-38.4048
BLOCK18/SES184/SA184S22	SES177	-1.25597	-39.1545	-37.8985
BLOCK18/SES184/SA184S22	SES180	-1.64787	-39.5464	-37.8985
BLOCK18/SES184/SA184S22	SES189	-2.82093	-40.7195	-37.8985
BLOCK18/SES184/SA184S22	SES292	-1.98669	-39.8852	-37.8985
BLOCK18/SES184/SA184S25	SES101	-1.20954	-38.594	-37.3844
BLOCK18/SES184/SA184S25	SES177	-1.40506	-38.7895	-37.3844
BLOCK18/SES184/SA184S25	SES180	-1.07518	-38.4596	-37.3844
BLOCK18/SES184/SA184S25	SES292	-1.00242	-38.3869	-37.3844
BLOCK18/SES184/SA184S27	SES083	-1.78992	-39.7083	-37.9184
BLOCK18/SES184/SA184S27	SES177	-1.42667	-39.3451	-37.9184
BLOCK18/SES184/SA184S27	SES202	-1.96237	-39.8808	-37.9184
BLOCK18/SES184/SA184S27	SES292	-1.4474	-39.3658	-37.9184
BLOCK20/SES204/SA204S12	SES062	-2.51593	-40.2221	-37.7062
BLOCK20/SES204/SA204S12	SES083	-2.37819	-40.0844	-37.7062
BLOCK20/SES204/SA204S12	SES206	-0.936092	-38.6423	-37.7062
BLOCK20/SES204/SA204S12	SES226	-2.21448	-39.9207	-37.7062
BLOCK20/SES204/SA204S14	SES068	-2.63438	-39.6542	-37.0199
BLOCK20/SES204/SA204S14	SES087	-0.620941	-37.6408	-37.0199
BLOCK20/SES204/SA204S14	SES206	-1.73729	-38.7572	-37.0199
BLOCK20/SES204/SA204S14	SES226	-1.64029	-38.6602	-37.0199
BLOCK20/SES204/SA204S22	SES068	-3.06668	-40.9337	-37.867
BLOCK20/SES204/SA204S22	SES082	-2.83244	-40.6994	-37.867
BLOCK20/SES204/SA204S22	SES083	-2.99945	-40.8664	-37.867
BLOCK20/SES204/SA204S22	SES206	-1.59239	-39.4594	-37.867
BLOCK20/SES204/SA204S25	SES062	-3.38216	-41.3313	-37.9491
BLOCK20/SES204/SA204S25	SES083	-2.93367	-40.8828	-37.9491
BLOCK20/SES204/SA204S25	SES206	-1.21708	-39.1662	-37.9491
BLOCK20/SES204/SA204S25	SES226	-1.69735	-39.6465	-37.9491
BLOCK20/SES204/SA204S27	SES068	-3.57912	-41.6126	-38.0335
BLOCK20/SES204/SA204S27	SES082	-1.9851	-40.0186	-38.0335
BLOCK20/SES204/SA204S27	SES087	-0.960499	-38.994	-38.0335
BLOCK20/SES204/SA204S27	SES206	-1.46641	-39.4999	-38.0335
BLOCK20/SES207/SA207S10	SES127	-1.09727	-39.975	-38.8777
BLOCK20/SES207/SA207S10	SES183	-2.26107	-41.1388	-38.8777
BLOCK20/SES207/SA207S10	SES189	-1.50241	-40.3801	-38.8777
BLOCK20/SES207/SA207S10	SES292	-1.9043	-40.782	-38.8777
BLOCK20/SES207/SA207S11	SES127	-2.73843	-41.2933	-38.5549
BLOCK20/SES207/SA207S11	SES183	-2.34755	-40.9024	-38.5549
BLOCK20/SES207/SA207S11	SES187	-1.43222	-39.9871	-38.5549
BLOCK20/SES207/SA207S11	SES292	-1.16721	-39.7221	-38.5549
BLOCK20/SES207/SA207S25	SES068	-1.43017	-39.9904	-38.5603
BLOCK20/SES207/SA207S25	SES083	-2.42888	-40.9891	-38.5603
BLOCK20/SES207/SA207S25	SES127	-1.28494	-39.8452	-38.5603
BLOCK20/SES207/SA207S25	SES187	-0.592842	-39.1531	-38.5603
BLOCK20/SES207/SA207S27	SES127	-1.64516	-40.6787	-39.0336
BLOCK20/SES207/SA207S27	SES183	-1.10303	-40.1366	-39.0336
BLOCK20/SES207/SA207S27	SES187	-1.01953	-40.0531	-39.0336
BLOCK20/SES207/SA207S27	SES292	-2.03668	-41.0702	-39.0336
BLOCK20/SES207/SA207S29	SES083	-2.17488	-40.5974	-38.4225
BLOCK20/SES207/SA207S29	SES085	-0.598885	-39.0214	-38.4225
BLOCK20/SES207/SA207S29	SES172	-1.1735	-39.596	-38.4225
BLOCK20/SES207/SA207S29	SES189	-2.30286	-40.7254	-38.4225
BLOCK22/SES221/SA221S12	SES068	-1.95012	-40.3059	-38.3558
BLOCK22/SES221/SA221S12	SES143	-2.41872	-40.7745	-38.3558
BLOCK22/SES221/SA221S12	SES175	-0.847961	-39.2038	-38.3558
BLOCK22/SES221/SA221S12	SES202	-0.635948	-38.9918	-38.3558
BLOCK22/SES221/SA221S15	SES085	-1.41821	-40.8931	-39.4749
BLOCK22/SES221/SA221S15	SES143	-4.14726	-43.6221	-39.4749
BLOCK22/SES221/SA221S15	SES175	-0.929279	-40.4041	-39.4749
BLOCK22/SES221/SA221S15	SES187	-1.33953	-40.8144	-39.4749
BLOCK22/SES221/SA221S23	SES068	-2.35493	-40.9898	-38.6349
BLOCK22/SES221/SA221S23	SES143	-2.64473	-41.2796	-38.6349
BLOCK22/SES221/SA221S23	SES175	-0.849846	-39.4847	-38.6349
BLOCK22/SES221/SA221S23	SES189	-0.174255	-38.8092	-38.6349
BLOCK22/SES221/SA221S27	SES085	-1.85185	-40.6379	-38.786
BLOCK22/SES221/SA221S27	SES143	-2.42801	-41.2141	-38.786
BLOCK22/SES221/SA221S27	SES175	-0.839195	-39.6252	-38.786
BLOCK22/SES221/SA221S27	SES189	0.24382	-38.5422	-38.786
BLOCK22/SES221/SA221S29	SES085	-1.85969	-41.26	-39.4003
BLOCK22/SES221/SA221S29	SES143	-2.93941	-42.3397	-39.4003
BLOCK22/SES221/SA221S29	SES175	-0.658112	-40.0584	-39.4003
BLOCK22/SES221/SA221S29	SES187	-0.658535	-40.0588	-39.4003
BLOCK22/SES223/SA223S11	SES143	-1.90617	-41.1896	-39.2835
BLOCK22/SES223/SA223S11	SES144	-2.48723	-41.7707	-39.2835
BLOCK22/SES223/SA223S11	SES175	-1.40553	-40.689	-39.2835
BLOCK22/SES223/SA223S11	SES187	-1.49228	-40.7757	-39.2835
BLOCK22/SES223/SA223S13	SES068	-1.90277	-41.9823	-40.0795
BLOCK22/SES223/SA223S13	SES143	-2.67913	-42.7587	-40.0795
BLOCK22/SES223/SA223S13	SES146	-3.26341	-43.3429	-40.0795
BLOCK22/SES223/SA223S13	SES202	-0.845608	-40.9251	-40.0795
BLOCK22/SES223/SA223S22	SES143	-2.08598	-41.4237	-39.3377
BLOCK22/SES223/SA223S22	SES144	-2.23589	-41.5736	-39.3377
BLOCK22/SES223/SA223S22	SES175	-1.0427	-40.3804	-39.3377
BLOCK22/SES223/SA223S22	SES187	-1.14148	-40.4792	-39.3377
BLOCK22/SES223/SA223S25	SES068	-1.99416	-41.4418	-39.4476
BLOCK22/SES223/SA223S25	SES143	-1.95152	-41.3992	-39.4476
BLOCK22/SES223/SA223S25	SES175	-0.966972	-40.4146	-39.4476
BLOCK22/SES223/SA223S25	SES187	-1.64479	-41.0924	-39.4476
BLOCK22/SES223/SA223S27	SES143	-1.97379	-41.499	-39.5252
BLOCK22/SES223/SA223S27	SES146	-1.80158	-41.3268	-39.5252
BLOCK22/SES223/SA223S27	SES187	-1.01141	-40.5367	-39.5252
BLOCK22/SES223/SA223S27	SES292	-1.35738	-40.8826	-39.5252
BLOCK27/SES273/SA273S12	SES099	0.085537	-36.7356	-36.8211
BLOCK27/SES273/SA273S12	SES104	-0.303391	-37.1245	-36.8211
BLOCK27/SES273/SA273S12	SES125	-0.717209	-37.5383	-36.8211
BLOCK27/SES273/SA273S12	SES206	-0.0225258	-36.8437	-36.8211
BLOCK27/SES273/SA273S13	SES099	-0.233791	-36.8948	-36.661
BLOCK27/SES273/SA273S13	SES104	-0.709839	-37.3709	-36.661
BLOCK27/SES273/SA273S13	SES206	-0.689835	-37.3509	-36.661
BLOCK27/SES273/SA273S13	SES292	-3.75676	-40.4178	-36.661
BLOCK27/SES273/SA273S21	SES099	0.442966	-36.6787	-37.1216
BLOCK27/SES273/SA273S21	SES148	-2.56051	-39.6822	-37.1216
BLOCK27/SES273/SA273S21	SES149	-1.38168	-38.5033	-37.1216
BLOCK27/SES273/SA273S21	SES177	-3.69163	-40.8133	-37.1216
BLOCK27/SES273/SA273S25	SES104	-0.884949	-37.9482	-37.0633
BLOCK27/SES273/SA273S25	SES125	-1.16505	-38.2283	-37.0633
BLOCK27/SES273/SA273S25	SES158	-0.284946	-37.3482	-37.0633
BLOCK27/SES273/SA273S25	SES206	-0.101376	-37.1646	-37.0633
BLOCK27/SES273/SA273S27	SES099	-0.297066	-37.1551	-36.8581
BLOCK27/SES273/SA273S27	SES104	-1.05712	-37.9152	-36.8581
BLOCK27/SES273/SA273S27	SES149	-1.11796	-37.976	-36.8581
BLOCK27/SES273/SA273S27	SES275	-2.14337	-39.0014	-36.8581
BLOCK27/SES274/SA274S10	SES105	-1.82677	-39.2884	-37.4617
BLOCK27/SES274/SA274S10	SES125	-0.412998	-37.8747	-37.4617
BLOCK27/SES274/SA274S10	SES129	-1.86111	-39.3228	-37.4617
BLOCK27/SES274/SA274S10	SES158	-1.08352	-38.5452	-37.4617
BLOCK27/SES274/SA274S11	SES105	-2.20892	-39.2923	-37.0834
BLOCK27/SES274/SA274S11	SES149	-1.20862	-38.292	-37.0834
BLOCK27/SES274/SA274S11	SES158	-0.958672	-38.0421	-37.0834
BLOCK27/SES274/SA274S11	SES275	-2.65518	-39.7386	-37.0834
BLOCK27/SES274/SA274S21	SES105	-2.05928	-40.4071	-38.3478
BLOCK27/SES274/SA274S21	SES129	-2.05704	-40.4048	-38.3478
BLOCK27/SES274/SA274S21	SES149	-0.721718	-39.0695	-38.3478
BLOCK27/SES274/SA274S21	SES158	-1.45041	-39.7982	-38.3478
BLOCK27/SES274/SA274S24	SES105	-1.99349	-40.1534	-38.1599
BLOCK27/SES274/SA274S24	SES129	-3.09333	-41.2532	-38.1599
BLOCK27/SES274/SA274S24	SES149	-0.738312	-38.8982	-38.1599
BLOCK27/SES274/SA274S24	SES158	-1.33502	-39.4949	-38.1599
BLOCK27/SES274/SA274S29	SES105	-2.15376	-39.8026	-37.6489
BLOCK27/SES274/SA274S29	SES106	-1.74771	-39.3966	-37.6489
BLOCK27/SES274/SA274S29	SES120	-2.48791	-40.1368	-37.6489
BLOCK27/SES274/SA274S29	SES275	-2.0994	-39.7483	-37.6489
BLOCK27/SES276/SA276S16	SES148	-1.70681	-40.3651	-38.6583
BLOCK27/SES276/SA276S16	SES172	-2.36858	-41.0269	-38.6583
BLOCK27/SES276/SA276S16	SES180	-2.65229	-41.3106	-38.6583
BLOCK27/SES276/SA276S16	SES292	-1.03831	-39.6966	-38.6583
BLOCK27/SES276/SA276S17	SES101	-1.51444	-39.8671	-38.3527
BLOCK27/SES276/SA276S17	SES177	-2.07714	-40.4298	-38.3527
BLOCK27/SES276/SA276S17	SES180	-1.73236	-40.085	-38.3527
BLOCK27/SES276/SA276S17	SES292	-1.99707	-40.3498	-38.3527
BLOCK27/SES276/SA276S24	SES101	-1.15492	-38.7906	-37.6357
BLOCK27/SES276/SA276S24	SES177	-1.87153	-39.5072	-37.6357
BLOCK27/SES276/SA276S24	SES180	-1.77099	-39.4067	-37.6357
BLOCK27/SES276/SA276S24	SES292	-1.9849	-39.6206	-37.6357
BLOCK27/SES276/SA276S26	SES101	-2.05425	-40.1547	-38.1004
BLOCK27/SES276/SA276S26	SES177	-1.43191	-39.5323	-38.1004
BLOCK27/SES276/SA276S26	SES180	-1.23482	-39.3353	-38.1004
BLOCK27/SES276/SA276S26	SES292	-1.17069	-39.2711	-38.1004
BLOCK27/SES276/SA276S28	SES101	-1.78636	-39.7587	-37.9723
BLOCK27/SES276/SA276S28	SES177	-1.99059	-39.9629	-37.9723
BLOCK27/SES276/SA276S28	SES180	-1.53522	-39.5076	-37.9723
BLOCK27/SES276/SA276S28	SES292	-1.41623	-39.3886	-37.9723
BLOCK27/SES277/SA277S12	SES101	-0.635887	-39.8254	-39.1895
BLOCK27/SES277/SA277S12	SES177	-1.94189	-41.1314	-39.1895
BLOCK27/SES277/SA277S12	SES180	-2.50403	-41.6935	-39.1895
BLOCK27/SES277/SA277S12	SES292	-2.58638	-41.7759	-39.1895
BLOCK27/SES277/SA277S14	SES177	-0.721413	-40.3498	-39.6284
BLOCK27/SES277/SA277S14	SES180	-2.25567	-41.8841	-39.6284
BLOCK27/SES277/SA277S14	SES189	-0.8494	-40.4778	-39.6284
BLOCK27/SES277/SA277S14	SES292	-2.60381	-42.2322	-39.6284
BLOCK27/SES277/SA277S21	SES177	-0.516193	-38.9572	-38.441
BLOCK27/SES277/SA277S21	SES180	-2.36485	-40.8059	-38.441
BLOCK27/SES277/SA277S21	SES189	-1.40378	-39.8448	-38.441
BLOCK27/SES277/SA277S21	SES292	-2.61436	-41.0554	-38.441
BLOCK27/SES277/SA277S24	SES144	-1.6084	-41.0828	-39.4744
BLOCK27/SES277/SA277S24	SES177	-1.67079	-41.1452	-39.4744
BLOCK27/SES277/SA277S24	SES180	-2.59687	-42.0713	-39.4744
BLOCK27/SES277/SA277S24	SES189	-1.52748	-41.0019	-39.4744
BLOCK27/SES277/SA277S29	SES177	-1.00578	-38.3702	-37.3644
BLOCK27/SES277/SA277S29	SES180	-1.33351	-38.6979	-37.3644
BLOCK27/SES277/SA277S29	SES202	-1.50563	-38.8701	-37.3644
BLOCK27/SES277/SA277S29	SES292	-1.87231	-39.2368	-37.3644
BLOCK27/SES279/SA279S09	SES120	-1.76508	-39.6872	-37.9221
BLOCK27/SES279/SA279S09	SES146	-1.26376	-39.1859	-37.9221
BLOCK27/SES279/SA279S09	SES206	-2.61481	-40.5369	-37.9221
BLOCK27/SES279/SA279S09	SES226	-2.17349	-40.0956	-37.9221
BLOCK27/SES279/SA279S10	SES099	-1.05585	-39.0677	-38.0119
BLOCK27/SES279/SA279S10	SES206	-1.93145	-39.9433	-38.0119
BLOCK27/SES279/SA279S10	SES226	-1.83499	-39.8469	-38.0119
BLOCK27/SES279/SA279S10	SES292	-1.41034	-39.4222	-38.0119
BLOCK27/SES279/SA279S20	SES099	-1.66668	-40.0193	-38.3527
BLOCK27/SES279/SA279S20	SES206	-1.73062	-40.0833	-38.3527
BLOCK27/SES279/SA279S20	SES226	-2.36472	-40.7174	-38.3527
BLOCK27/SES279/SA279S20	SES292	-0.907337	-39.26	-38.3527
BLOCK27/SES279/SA279S26	SES099	-1.41096	-39.7798	-38.3688
BLOCK27/SES279/SA279S26	SES206	-1.49525	-39.864	-38.3688
BLOCK27/SES279/SA279S26	SES226	-1.56419	-39.933	-38.3688
BLOCK27/SES279/SA279S26	SES292	-1.29281	-39.6616	-38.3688
BLOCK27/SES279/SA279S28	SES099	-2.16228	-38.8957	-36.7335
BLOCK27/SES279/SA279S28	SES120	-1.87843	-38.6119	-36.7335
BLOCK27/SES279/SA279S28	SES177	-3.1066	-39.8401	-36.7335
BLOCK27/SES279/SA279S28	SES206	-2.429	-39.1625	-36.7335
BLOCK29/SES290/SA290S12	SES162	-1.54449	-39.1973	-37.6528
BLOCK29/SES290/SA290S12	SES177	-1.92587	-39.5787	-37.6528
BLOCK29/SES290/SA290S12	SES180	-2.02105	-39.6738	-37.6528
BLOCK29/SES290/SA290S12	SES292	-2.28563	-39.9384	-37.6528
BLOCK29/SES290/SA290S13	SES007	-3.76514	-42.638	-38.8728
BLOCK29/SES290/SA290S13	SES162	-2.69796	-41.5708	-38.8728
BLOCK29/SES290/SA290S13	SES177	-1.62695	-40.4998	-38.8728
BLOCK29/SES290/SA290S13	SES180	-1.79531	-40.6681	-38.8728
BLOCK29/SES290/SA290S22	SES177	-1.2555	-39.5318	-38.2763
BLOCK29/SES290/SA290S22	SES180	-1.27489	-39.5512	-38.2763
BLOCK29/SES290/SA290S22	SES202	-1.48962	-39.7659	-38.2763
BLOCK29/SES290/SA290S22	SES292	-2.66231	-40.9386	-38.2763
BLOCK29/SES290/SA290S25	SES162	-1.37458	-39.1097	-37.7351
BLOCK29/SES290/SA290S25	SES177	-1.27733	-39.0124	-37.7351
BLOCK29/SES290/SA290S25	SES180	-1.2759	-39.011	-37.7351
BLOCK29/SES290/SA290S25	SES292	-1.47935	-39.2144	-37.7351
BLOCK29/SES290/SA290S29	SES177	-0.532246	-38.1248	-37.5926
BLOCK29/SES290/SA290S29	SES180	-1.11821	-38.7108	-37.5926
BLOCK29/SES290/SA290S29	SES275	-2.04954	-39.6421	-37.5926
BLOCK29/SES290/SA290S29	SES292	-1.56552	-39.1581	-37.5926
BLOCK29/SES291/SA291S11	SES105	-3.09171	-41.2621	-38.1704
BLOCK29/SES291/SA291S11	SES125	-1.02464	-39.1951	-38.1704
BLOCK29/SES291/SA291S11	SES158	-1.01336	-39.1838	-38.1704
BLOCK29/SES291/SA291S11	SES275	-4.34431	-42.5148	-38.1704
BLOCK29/SES291/SA291S12	SES158	-0.187634	-37.523	-37.3353
BLOCK29/SES291/SA291S12	SES226	-0.979153	-38.3145	-37.3353
BLOCK29/SES291/SA291S12	SES270	-0.0861664	-37.4215	-37.3353
BLOCK29/SES291/SA291S12	SES275	-4.82188	-42.1572	-37.3353
BLOCK29/SES291/SA291S22	SES082	-1.07806	-39.0405	-37.9624
BLOCK29/SES291/SA291S22	SES158	-0.972088	-38.9345	-37.9624
BLOCK29/SES291/SA291S22	SES259	-1.24295	-39.2054	-37.9624
BLOCK29/SES291/SA291S22	SES275	-3.47373	-41.4361	-37.9624
BLOCK29/SES291/SA291S24	SES104	-0.339737	-37.068	-36.7282
BLOCK29/SES291/SA291S24	SES125	-0.285664	-37.0139	-36.7282
BLOCK29/SES291/SA291S24	SES158	-0.69714	-37.4254	-36.7282
BLOCK29/SES291/SA291S24	SES275	-4.15836	-40.8866	-36.7282
BLOCK29/SES291/SA291S27	SES158	-0.350128	-37.462	-37.1119
BLOCK29/SES291/SA291S27	SES172	-5.18432	-42.2962	-37.1119
BLOCK29/SES291/SA291S27	SES275	-4.56812	-41.68	-37.1119
BLOCK29/SES291/SA291S27	SES292	-3.84337	-40.9553	-37.1119
