BLOCK00/SES002/SA002S12	SES002	1.20842	-42.9921	-44.2005
BLOCK00/SES002/SA002S13	SES002	1.9198	-42.8135	-44.7333
BLOCK00/SES002/SA002S23	SES002	1.60514	-42.6784	-44.2835
BLOCK00/SES002/SA002S26	SES002	1.91513	-42.453	-44.3682
BLOCK00/SES002/SA002S28	SES002	0.966843	-43.4371	-44.404
BLOCK00/SES007/SA007S14	SES007	1.11558	-42.4703	-43.5859
BLOCK00/SES007/SA007S15	SES007	0.775032	-43.816	-44.591
BLOCK00/SES007/SA007S24	SES007	0.891529	-43.6462	-44.5378
BLOCK00/SES007/SA007S27	SES007	0.250515	-44.4854	-44.736
BLOCK00/SES007/SA007S29	SES007	0.0270386	-43.6799	-43.707
BLOCK00/SES008/SA008S11	SES008	0.958969	-43.7078	-44.6668
BLOCK00/SES008/SA008S12	SES008	0.349289	-44.4357	-44.785
BLOCK00/SES008/SA008S19	SES008	1.33046	-43.1206	-44.4511
BLOCK00/SES008/SA008S22	SES008	1.30507	-43.8384	-45.1435
BLOCK00/SES008/SA008S29	SES008	1.13504	-43.1085	-44.2435
BLOCK01/SES014/SA014S10	SES014	2.13462	-42.6733	-44.8079
BLOCK01/SES014/SA014S12	SES014	2.65253	-40.7933	-43.4458
BLOCK01/SES014/SA014S24	SES014	1.56674	-42.6935	-44.2602
BLOCK01/SES014/SA014S26	SES014	2.44001	-40.3748	-42.8148
BLOCK01/SES014/SA014S28	SES014	2.79783	-40.7224	-43.5202
BLOCK01/SES016/SA016S12	SES016	1.49997	-44.7849	-46.2849
BLOCK01/SES016/SA016S13	SES016	1.33245	-43.5106	-44.843
BLOCK01/SES016/SA016S22	SES016	0.389061	-44.5668	-44.9559
BLOCK01/SES016/SA016S25	SES016	1.60304	-41.6522	-43.2552
BLOCK01/SES016/SA016S27	SES016	1.77788	-41.9109	-43.6888
BLOCK01/SES019/SA019S13	SES019	2.74687	-43.4521	-46.199
BLOCK01/SES019/SA019S14	SES019	1.76802	-43.8605	-45.6285
BLOCK01/SES019/SA019S22	SES019	2.50135	-43.2901	-45.7914
BLOCK01/SES019/SA019S25	SES019	2.33753	-43.718	-46.0555
BLOCK01/SES019/SA019S29	SES019	3.05706	-43.1525	-46.2095
BLOCK02/SES029/SA029S11	SES029	1.15898	-43.4003	-44.5592
BLOCK02/SES029/SA029S12	SES029	0.144695	-43.908	-44.0527
BLOCK02/SES029/SA029S20	SES029	0.368687	-44.73	-45.0987
BLOCK02/SES029/SA029S25	SES029	0.268295	-43.5698	-43.8381
BLOCK02/SES029/SA029S28	SES029	0.355106	-44.2145	-44.5696
BLOCK04/SES042/SA042S12	SES042	2.39022	-41.7099	-44.1001
BLOCK04/SES042/SA042S15	SES042	2.12607	-42.4814	-44.6075
BLOCK04/SES042/SA042S22	SES042	3.3076	-40.5757	-43.8833
BLOCK04/SES042/SA042S25	SES042	2.17369	-43.2324	-45.406
BLOCK04/SES042/SA042S27	SES042	1.90762	-42.0074	-43.9151
BLOCK04/SES048/SA048S11	SES048	1.21526	-43.2738	-44.489
BLOCK04/SES048/SA048S12	SES048	0.647556	-43.5729	-44.2205
BLOCK04/SES048/SA048S20	SES048	0.874771	-43.3113	-44.1861
BLOCK04/SES048/SA048S23	SES048	1.31879	-43.5402	-44.859
BLOCK04/SES048/SA048S27	SES048	0.847542	-42.7661	-43.6136
BLOCK06/SES060/SA060S11	SES060	1.365	-43.1258	-44.4908
BLOCK06/SES060/SA060S12	SES060	-1.05197	-45.4986	-44.4466
BLOCK06/SES060/SA060S22	SES060	-0.0133171	-45.004	-44.9907
BLOCK06/SES060/SA060S24	SES060	1.06356	-43.2091	-44.2727
BLOCK06/SES060/SA060S28	SES060	1.0284	-41.8231	-42.8515
BLOCK06/SES062/SA062S10	SES062	0.949333	-43.3008	-44.2501
BLOCK06/SES062/SA062S11	SES062	1.37535	-42.8245	-44.1999
BLOCK06/SES062/SA062S21	SES062	2.05057	-40.7397	-42.7903
BLOCK06/SES062/SA062S26	SES062	0.520245	-42.6983	-43.2186
BLOCK06/SES062/SA062S29	SES062	1.41068	-41.8396	-43.2503
BLOCK06/SES068/SA068S14	SES068	0.58173	-43.7238	-44.3055
BLOCK06/SES068/SA068S15	SES068	0.878105	-42.7479	-43.626
BLOCK06/SES068/SA068S23	SES068	0.566544	-44.2649	-44.8314
BLOCK06/SES068/SA068S27	SES068	1.35966	-42.4258	-43.7855
BLOCK06/SES068/SA068S29	SES068	1.00181	-43.1391	-44.1409
BLOCK08/SES082/SA082S12	SES082	0.864258	-44.6266	-45.4908
BLOCK08/SES082/SA082S14	SES082	0.571533	-44.8676	-45.4392
BLOCK08/SES082/SA082S21	SES082	0.729317	-44.2025	-44.9319
BLOCK08/SES082/SA082S24	SES082	1.29866	-43.33	-44.6287
BLOCK08/SES082/SA082S28	SES082	0.250347	-44.7051	-44.9555
BLOCK08/SES083/SA083S14	SES083	-0.630619	-44.7633	-44.1327
BLOCK08/SES083/SA083S15	SES083	-0.145374	-44.3802	-44.2349
BLOCK08/SES083/SA083S24	SES083	-0.389595	-44.5663	-44.1767
BLOCK08/SES083/SA083S26	SES083	0.721092	-43.5405	-44.2616
BLOCK08/SES083/SA083S29	SES083	-0.347046	-44.0121	-43.6651
BLOCK08/SES085/SA085S10	SES085	-0.289837	-44.3255	-44.0356
BLOCK08/SES085/SA085S13	SES085	0.337666	-44.3439	-44.6816
BLOCK08/SES085/SA085S22	SES085	-1.81765	-46.026	-44.2084
BLOCK08/SES085/SA085S26	SES085	-0.846153	-44.8017	-43.9556
BLOCK08/SES085/SA085S28	SES085	0.77755	-43.4639	-44.2415
BLOCK08/SES087/SA087S15	SES087	1.72499	-43.1873	-44.9123
BLOCK08/SES087/SA087S16	SES087	1.6635	-43.2437	-44.9072
BLOCK08/SES087/SA087S24	SES087	1.67595	-43.373	-45.0489
BLOCK08/SES087/SA087S26	SES087	1.5204	-42.0998	-43.6202
BLOCK08/SES087/SA087S29	SES087	1.89064	-43.1148	-45.0055
BLOCK09/SES099/SA099S15	SES099	0.956573	-43.9959	-44.9525
BLOCK09/SES099/SA099S16	SES099	1.10306	-43.6738	-44.7768
BLOCK09/SES099/SA099S24	SES099	1.28725	-43.0034	-44.2907
BLOCK09/SES099/SA099S26	SES099	1.16986	-43.1454	-44.3153
BLOCK09/SES099/SA099S29	SES099	1.41917	-43.0961	-44.5153
BLOCK10/SES101/SA101S11	SES101	0.289593	-43.6305	-43.9201
BLOCK10/SES101/SA101S13	SES101	0.870445	-43.0062	-43.8766
BLOCK10/SES101/SA101S22	SES101	1.17229	-43.6931	-44.8653
BLOCK10/SES101/SA101S24	SES101	1.34327	-43.4145	-44.7577
BLOCK10/SES101/SA101S28	SES101	0.304451	-44.3666	-44.6711
BLOCK10/SES104/SA104S11	SES104	1.38081	-42.2064	-43.5872
BLOCK10/SES104/SA104S12	SES104	1.46136	-42.2646	-43.726
BLOCK10/SES104/SA104S21	SES104	1.25192	-43.1368	-44.3887
BLOCK10/SES104/SA104S24	SES104	0.9641	-43.6488	-44.6129
BLOCK10/SES104/SA104S28	SES104	1.13206	-43.1998	-44.3318
BLOCK10/SES105/SA105S12	SES105	0.530472	-44.7209	-45.2514
BLOCK10/SES105/SA105S13	SES105	1.14582	-43.8944	-45.0402
BLOCK10/SES105/SA105S22	SES105	0.502541	-45.0916	-45.5941
BLOCK10/SES105/SA105S26	SES105	1.44205	-43.963	-45.4051
BLOCK10/SES105/SA105S29	SES105	0.709026	-44.0529	-44.7619
BLOCK10/SES106/SA106S09	SES106	1.29797	-44.3813	-45.6792
BLOCK10/SES106/SA106S11	SES106	1.52331	-42.6807	-44.204
BLOCK10/SES106/SA106S22	SES106	2.34394	-43.1328	-45.4768
BLOCK10/SES106/SA106S27	SES106	1.15495	-43.4594	-44.6144
BLOCK10/SES106/SA106S29	SES106	1.07151	-43.3476	-44.4191
BLOCK11/SES117/SA117S12	SES117	0.538345	-44.1294	-44.6677
BLOCK11/SES117/SA117S13	SES117	0.300926	-44.0694	-44.3703
BLOCK11/SES117/SA117S23	SES117	1.5118	-44.5958	-46.1076
BLOCK11/SES117/SA117S25	SES117	0.858612	-44.758	-45.6166
BLOCK11/SES117/SA117S28	SES117	1.0957	-44.4776	-45.5733
BLOCK12/SES120/SA120S08	SES120	1.18412	-45.2844	-46.4685
BLOCK12/SES120/SA120S11	SES120	0.784073	-46.1924	-46.9765
BLOCK12/SES120/SA120S22	SES120	0.300133	-44.5756	-44.8757
BLOCK12/SES120/SA120S24	SES120	0.496387	-44.7175	-45.2139
BLOCK12/SES120/SA120S28	SES120	0.0361557	-46.3393	-46.3755
BLOCK12/SES125/SA125S13	SES125	1.93079	-42.236	-44.1668
BLOCK12/SES125/SA125S14	SES125	1.09691	-43.4132	-44.5101
BLOCK12/SES125/SA125S25	SES125	2.10675	-42.4684	-44.5752
BLOCK12/SES125/SA125S27	SES125	1.72867	-42.0902	-43.8189
BLOCK12/SES125/SA125S29	SES125	1.90047	-42.4745	-44.3749
BLOCK12/SES127/SA127S11	SES127	0.514507	-44.1145	-44.629
BLOCK12/SES127/SA127S12	SES127	-0.752945	-44.4136	-43.6606
BLOCK12/SES127/SA127S23	SES127	0.399673	-43.8934	-44.2931
BLOCK12/SES127/SA127S25	SES127	-0.372879	-44.3299	-43.957
BLOCK12/SES127/SA127S27	SES127	0.706219	-43.5789	-44.2851
BLOCK12/SES129/SA129S11	SES129	1.2338	-42.8607	-44.0945
BLOCK12/SES129/SA129S12	SES129	1.20264	-42.6144	-43.8171
BLOCK12/SES129/SA129S22	SES129	1.39389	-43.1284	-44.5223
BLOCK12/SES129/SA129S27	SES129	1.49596	-42.5469	-44.0428
BLOCK12/SES129/SA129S29	SES129	1.96271	-42.2682	-44.2309
BLOCK14/SES142/SA142S11	SES142	1.74104	-43.4202	-45.1612
BLOCK14/SES142/SA142S12	SES142	0.813129	-44.4633	-45.2764
BLOCK14/SES142/SA142S24	SES142	1.5436	-43.523	-45.0666
BLOCK14/SES142/SA142S27	SES142	2.08562	-43.1055	-45.1911
BLOCK14/SES142/SA142S29	SES142	1.83682	-42.515	-44.3518
BLOCK14/SES143/SA143S12	SES143	1.026	-43.9844	-45.0104
BLOCK14/SES143/SA143S13	SES143	0.657784	-44.4798	-45.1375
BLOCK14/SES143/SA143S23	SES143	1.13186	-44.1218	-45.2536
BLOCK14/SES143/SA143S25	SES143	0.62392	-44.2575	-44.8814
BLOCK14/SES143/SA143S28	SES143	1.047	-43.3686	-44.4156
BLOCK14/SES144/SA144S09	SES144	1.0833	-43.6365	-44.7198
BLOCK14/SES144/SA144S11	SES144	0.808102	-44.5954	-45.4035
BLOCK14/SES144/SA144S21	SES144	0.296032	-44.5494	-44.8454
BLOCK14/SES144/SA144S25	SES144	0.824413	-44.3859	-45.2103
BLOCK14/SES144/SA144S29	SES144	0.0876312	-44.4485	-44.5361
BLOCK14/SES146/SA146S14	SES146	0.461491	-44.7047	-45.1662
BLOCK14/SES146/SA146S15	SES146	0.0887756	-44.6909	-44.7797
BLOCK14/SES146/SA146S24	SES146	-0.010643	-44.7335	-44.7229
BLOCK14/SES146/SA146S26	SES146	0.640526	-44.9122	-45.5527
BLOCK14/SES146/SA146S29	SES146	0.432468	-45.3628	-45.7952
BLOCK14/SES147/SA147S11	SES147	1.6382	-44.0511	-45.6893
BLOCK14/SES147/SA147S13	SES147	1.89082	-42.9842	-44.875
BLOCK14/SES147/SA147S23	SES147	1.23428	-44.4418	-45.6761
BLOCK14/SES147/SA147S26	SES147	1.08768	-44.2202	-45.3078
BLOCK14/SES147/SA147S28	SES147	1.83052	-43.3664	-45.1969
BLOCK14/SES148/SA148S10	SES148	1.03722	-43.3348	-44.372
BLOCK14/SES148/SA148S12	SES148	0.908554	-44.2745	-45.183
BLOCK14/SES148/SA148S22	SES148	1.02467	-42.8902	-43.9149
BLOCK14/SES148/SA148S26	SES148	0.0999489	-44.0985	-44.1984
BLOCK14/SES148/SA148S29	SES148	0.547665	-44.2967	-44.8443
BLOCK14/SES149/SA149S13	SES149	-0.0494804	-44.4789	-44.4294
BLOCK14/SES149/SA149S14	SES149	0.455353	-43.4267	-43.8821
BLOCK14/SES149/SA149S24	SES149	1.2724	-43.18	-44.4524
BLOCK14/SES149/SA149S26	SES149	1.75283	-42.4631	-44.2159
BLOCK14/SES149/SA149S28	SES149	2.1856	-42.071	-44.2566
BLOCK15/SES158/SA158S13	SES158	1.13913	-44.0782	-45.2173
BLOCK15/SES158/SA158S14	SES158	1.8265	-43.5225	-45.349
BLOCK15/SES158/SA158S23	SES158	1.22169	-43.5069	-44.7286
BLOCK15/SES158/SA158S26	SES158	1.58087	-43.324	-44.9049
BLOCK15/SES158/SA158S28	SES158	0.998718	-44.0971	-45.0958
BLOCK16/SES162/SA162S10	SES162	1.18501	-44.6997	-45.8847
BLOCK16/SES162/SA162S11	SES162	0.916351	-43.7364	-44.6528
BLOCK16/SES162/SA162S21	SES162	1.64706	-43.5196	-45.1667
BLOCK16/SES162/SA162S24	SES162	0.816608	-44.3215	-45.1381
BLOCK16/SES162/SA162S27	SES162	1.15668	-44.3949	-45.5515
BLOCK16/SES167/SA167S14	SES167	0.974121	-42.7971	-43.7712
BLOCK16/SES167/SA167S15	SES167	1.26316	-43.5313	-44.7945
BLOCK16/SES167/SA167S21	SES167	1.49967	-42.0966	-43.5962
BLOCK16/SES167/SA167S25	SES167	1.61049	-43.0179	-44.6284
BLOCK16/SES167/SA167S29	SES167	1.89799	-41.9254	-43.8234
BLOCK17/SES172/SA172S12	SES172	1.383	-43.5197	-44.9027
BLOCK17/SES172/SA172S13	SES172	1.8261	-43.4606	-45.2867
BLOCK17/SES172/SA172S23	SES172	0.744835	-42.7055	-43.4504
BLOCK17/SES172/SA172S27	SES172	0.647842	-44.1765	-44.8243
BLOCK17/SES172/SA172S29	SES172	1.26545	-43.5999	-44.8653
BLOCK17/SES175/SA175S11	SES175	1.45378	-43.2402	-44.6939
BLOCK17/SES175/SA175S13	SES175	1.0293	-43.5232	-44.5525
BLOCK17/SES175/SA175S23	SES175	1.25603	-43.7613	-45.0174
BLOCK17/SES175/SA175S25	SES175	0.686741	-45.3634	-46.0501
BLOCK17/SES175/SA175S28	SES175	1.08612	-43.2969	-44.383
BLOCK17/SES177/SA177S15	SES177	-0.191574	-44.6034	-44.4118
BLOCK17/SES177/SA177S17	SES177	0.0432281	-44.4272	-44.4704
BLOCK17/SES177/SA177S23	SES177	0.063343	-44.5532	-44.6165
BLOCK17/SES177/SA177S26	SES177	0.472015	-42.5359	-43.008
BLOCK17/SES177/SA177S28	SES177	0.501125	-43.2557	-43.7569
BLOCK18/SES180/SA180S13	SES180	0.633366	-43.9957	-44.6291
BLOCK18/SES180/SA180S15	SES180	0.676891	-44.2247	-44.9016
BLOCK18/SES180/SA180S24	SES180	0.588398	-42.7576	-43.346
BLOCK18/SES180/SA180S26	SES180	0.575237	-43.5348	-44.11
BLOCK18/SES180/SA180S29	SES180	0.915894	-44.0821	-44.998
BLOCK18/SES183/SA183S13	SES183	0.861252	-44.6173	-45.4785
BLOCK18/SES183/SA183S14	SES183	0.488647	-44.6725	-45.1612
BLOCK18/SES183/SA183S24	SES183	1.0702	-44.4523	-45.5225
BLOCK18/SES183/SA183S27	SES183	1.00157	-44.0391	-45.0407
BLOCK18/SES183/SA183S29	SES183	1.14259	-43.5299	-44.6725
BLOCK18/SES187/SA187S13	SES187	0.723553	-44.746	-45.4695
BLOCK18/SES187/SA187S14	SES187	0.894691	-44.4492	-45.3439
BLOCK18/SES187/SA187S24	SES187	1.00484	-44.0032	-45.008
BLOCK18/SES187/SA187S27	SES187	1.24239	-43.7471	-44.9895
BLOCK18/SES187/SA187S29	SES187	0.792759	-44.422	-45.2147
BLOCK18/SES189/SA189S10	SES189	1.16632	-45.7391	-46.9054
BLOCK18/SES189/SA189S13	SES189	1.6011	-45.9554	-47.5565
BLOCK18/SES189/SA189S24	SES189	1.57619	-44.7854	-46.3616
BLOCK18/SES189/SA189S26	SES189	0.919815	-44.912	-45.8318
BLOCK18/SES189/SA189S29	SES189	1.59563	-44.5792	-46.1749
BLOCK20/SES202/SA202S12	SES202	-nan	-nan	-45.9161
BLOCK20/SES202/SA202S14	SES202	-nan	-nan	-45.4774
BLOCK20/SES202/SA202S24	SES202	-nan	-nan	-45.3357
BLOCK20/SES202/SA202S27	SES202	-nan	-nan	-44.2954
BLOCK20/SES202/SA202S29	SES202	-nan	-nan	-44.6576
BLOCK20/SES206/SA206S15	SES206	-0.0647469	-43.7411	-43.6763
BLOCK20/SES206/SA206S17	SES206	1.60489	-42.2616	-43.8664
BLOCK20/SES206/SA206S24	SES206	1.66807	-42.2007	-43.8687
BLOCK20/SES206/SA206S27	SES206	1.61575	-42.9373	-44.5531
BLOCK20/SES206/SA206S29	SES206	1.40237	-42.1755	-43.5779
BLOCK22/SES226/SA226S12	SES226	1.17091	-44.1834	-45.3543
BLOCK22/SES226/SA226S13	SES226	-0.0681953	-45.0042	-44.936
BLOCK22/SES226/SA226S20	SES226	1.38406	-43.9589	-45.3429
BLOCK22/SES226/SA226S23	SES226	1.47121	-43.133	-44.6043
BLOCK22/SES226/SA226S28	SES226	1.68527	-42.9616	-44.6468
BLOCK25/SES259/SA259S13	SES259	2.72681	-41.9428	-44.6696
BLOCK25/SES259/SA259S14	SES259	1.73184	-42.828	-44.5598
BLOCK25/SES259/SA259S22	SES259	1.22411	-43.023	-44.2471
BLOCK25/SES259/SA259S24	SES259	1.69998	-42.274	-43.974
BLOCK25/SES259/SA259S28	SES259	1.70709	-42.2964	-44.0035
BLOCK27/SES270/SA270S14	SES270	1.90905	-43.9374	-45.8465
BLOCK27/SES270/SA270S16	SES270	0.745987	-44.1307	-44.8767
BLOCK27/SES270/SA270S22	SES270	2.27069	-43.0317	-45.3024
BLOCK27/SES270/SA270S26	SES270	1.39897	-44.5434	-45.9424
BLOCK27/SES270/SA270S28	SES270	0.805878	-43.768	-44.5738
BLOCK27/SES275/SA275S17	SES275	0.922939	-44.5184	-45.4414
BLOCK27/SES275/SA275S18	SES275	0.15184	-44.5742	-44.726
BLOCK27/SES275/SA275S24	SES275	0.585579	-45.3742	-45.9598
BLOCK27/SES275/SA275S26	SES275	0.866405	-43.7307	-44.5971
BLOCK27/SES275/SA275S28	SES275	0.459831	-44.052	-44.5119
BLOCK29/SES292/SA292S10	SES292	0.266117	-44.5424	-44.8085
BLOCK29/SES292/SA292S12	SES292	0.379837	-44.7806	-45.1604
BLOCK29/SES292/SA292S22	SES292	0.794018	-43.4037	-44.1978
BLOCK29/SES292/SA292S24	SES292	0.315765	-43.8985	-44.2143
BLOCK29/SES292/SA292S27	SES292	-0.119602	-43.8443	-43.7247
BLOCK00/SES001/SA001S14	SES062	-1.79586	-46.7484	-44.9525
BLOCK00/SES001/SA001S14	SES082	-1.96763	-46.9201	-44.9525
BLOCK00/SES001/SA001S14	SES106	-1.58154	-46.5341	-44.9525
BLOCK00/SES001/SA001S14	SES206	-2.05431	-47.0068	-44.9525
BLOCK00/SES001/SA001S15	SES062	-1.9305	-46.0363	-44.1058
BLOCK00/SES001/SA001S15	SES104	-2.58456	-46.6904	-44.1058
BLOCK00/SES001/SA001S15	SES106	-1.99184	-46.0977	-44.1058
BLOCK00/SES001/SA001S15	SES206	-1.83633	-45.9422	-44.1058
BLOCK00/SES001/SA001S24	SES062	-2.70574	-47.9041	-45.1983
BLOCK00/SES001/SA001S24	SES082	-2.82884	-48.0272	-45.1983
BLOCK00/SES001/SA001S24	SES087	-2.33376	-47.5321	-45.1983
BLOCK00/SES001/SA001S24	SES206	-2.11323	-47.3115	-45.1983
BLOCK00/SES001/SA001S27	SES062	-1.78826	-45.9003	-44.112
BLOCK00/SES001/SA001S27	SES082	-2.88803	-47	-44.112
BLOCK00/SES001/SA001S27	SES087	-2.95623	-47.0682	-44.112
BLOCK00/SES001/SA001S27	SES206	-3.16267	-47.2747	-44.112
BLOCK00/SES001/SA001S29	SES062	-2.19728	-47.3416	-45.1443
BLOCK00/SES001/SA001S29	SES082	-1.90857	-47.0528	-45.1443
BLOCK00/SES001/SA001S29	SES158	-1.41552	-46.5598	-45.1443
BLOCK00/SES001/SA001S29	SES206	-3.05392	-48.1982	-45.1443
BLOCK00/SES003/SA003S11	SES002	-0.410503	-45.3485	-44.938
BLOCK00/SES003/SA003S11	SES019	-0.942863	-45.8809	-44.938
BLOCK00/SES003/SA003S11	SES082	0.32943	-44.6086	-44.938
BLOCK00/SES003/SA003S11	SES125	-1.00006	-45.9381	-44.938
BLOCK00/SES003/SA003S15	SES016	-3.31033	-47.8058	-44.4954
BLOCK00/SES003/SA003S15	SES019	-0.758499	-45.2539	-44.4954
BLOCK00/SES003/SA003S15	SES062	-1.7911	-46.2865	-44.4954
BLOCK00/SES003/SA003S15	SES206	-1.10609	-45.6015	-44.4954
BLOCK00/SES003/SA003S22	SES002	-1.10326	-45.4719	-44.3687
BLOCK00/SES003/SA003S22	SES062	-1.26573	-45.6344	-44.3687
BLOCK00/SES003/SA003S22	SES082	-0.546974	-44.9157	-44.3687
BLOCK00/SES003/SA003S22	SES087	-1.05353	-45.4222	-44.3687
BLOCK00/SES003/SA003S25	SES062	-2.4516	-47.4595	-45.0079
BLOCK00/SES003/SA003S25	SES082	-0.410133	-45.4181	-45.0079
BLOCK00/SES003/SA003S25	SES087	-0.693108	-45.7011	-45.0079
BLOCK00/SES003/SA003S25	SES206	-1.29761	-46.3056	-45.0079
BLOCK00/SES003/SA003S29	SES002	-1.18925	-46.1505	-44.9612
BLOCK00/SES003/SA003S29	SES062	-2.05288	-47.0141	-44.9612
BLOCK00/SES003/SA003S29	SES082	-0.174042	-45.1352	-44.9612
BLOCK00/SES003/SA003S29	SES087	-1.25325	-46.2145	-44.9612
BLOCK00/SES004/SA004S12	SES083	-2.55298	-47.5264	-44.9734
BLOCK00/SES004/SA004S12	SES148	-2.10333	-47.0768	-44.9734
BLOCK00/SES004/SA004S12	SES172	-1.30627	-46.2797	-44.9734
BLOCK00/SES004/SA004S12	SES292	-2.19117	-47.1646	-44.9734
BLOCK00/SES004/SA004S17	SES083	-2.11992	-47.4968	-45.3769
BLOCK00/SES004/SA004S17	SES162	-1.11946	-46.4963	-45.3769
BLOCK00/SES004/SA004S17	SES172	-1.66121	-47.0381	-45.3769
BLOCK00/SES004/SA004S17	SES292	-1.91148	-47.2884	-45.3769
BLOCK00/SES004/SA004S24	SES083	-2.20897	-46.6089	-44.4
BLOCK00/SES004/SA004S24	SES148	-1.82905	-46.229	-44.4
BLOCK00/SES004/SA004S24	SES172	-1.26787	-45.6678	-44.4
BLOCK00/SES004/SA004S24	SES292	-1.52925	-45.9292	-44.4
BLOCK00/SES004/SA004S26	SES083	-1.92903	-46.7336	-44.8046
BLOCK00/SES004/SA004S26	SES127	-0.948936	-45.7535	-44.8046
BLOCK00/SES004/SA004S26	SES148	-2.41716	-47.2217	-44.8046
BLOCK00/SES004/SA004S26	SES292	-1.49902	-46.3036	-44.8046
BLOCK00/SES004/SA004S28	SES083	-2.10252	-46.1604	-44.0578
BLOCK00/SES004/SA004S28	SES127	-1.39753	-45.4554	-44.0578
BLOCK00/SES004/SA004S28	SES187	-1.32802	-45.3859	-44.0578
BLOCK00/SES004/SA004S28	SES292	-2.70071	-46.7586	-44.0578
BLOCK00/SES006/SA006S10	SES014	-2.71776	-49.791	-47.0732
BLOCK00/SES006/SA006S10	SES158	-0.613121	-47.6863	-47.0732
BLOCK00/SES006/SA006S10	SES226	-3.15711	-50.2303	-47.0732
BLOCK00/SES006/SA006S10	SES270	-0.437157	-47.5104	-47.0732
BLOCK00/SES006/SA006S11	SES158	-0.652992	-47.4931	-46.8401
BLOCK00/SES006/SA006S11	SES226	-2.16628	-49.0064	-46.8401
BLOCK00/SES006/SA006S11	SES270	-0.173973	-47.0141	-46.8401
BLOCK00/SES006/SA006S11	SES275	-2.57842	-49.4185	-46.8401
BLOCK00/SES006/SA006S23	SES062	-2.24326	-47.8519	-45.6086
BLOCK00/SES006/SA006S23	SES105	-1.90975	-47.5184	-45.6086
BLOCK00/SES006/SA006S23	SES158	-0.97678	-46.5854	-45.6086
BLOCK00/SES006/SA006S23	SES275	-1.83619	-47.4448	-45.6086
BLOCK00/SES006/SA006S26	SES104	-1.74275	-47.0878	-45.3451
BLOCK00/SES006/SA006S26	SES158	-0.357731	-45.7028	-45.3451
BLOCK00/SES006/SA006S26	SES270	0.215576	-45.1295	-45.3451
BLOCK00/SES006/SA006S26	SES275	-2.5619	-47.907	-45.3451
BLOCK00/SES006/SA006S28	SES007	-2.01793	-48.388	-46.3701
BLOCK00/SES006/SA006S28	SES105	-2.23817	-48.6082	-46.3701
BLOCK00/SES006/SA006S28	SES158	-1.50739	-47.8775	-46.3701
BLOCK00/SES006/SA006S28	SES275	-2.51225	-48.8823	-46.3701
BLOCK00/SES009/SA009S12	SES083	-1.77889	-46.2731	-44.4942
BLOCK00/SES009/SA009S12	SES148	-1.29013	-45.7843	-44.4942
BLOCK00/SES009/SA009S12	SES177	-1.40047	-45.8947	-44.4942
BLOCK00/SES009/SA009S12	SES292	-1.30948	-45.8037	-44.4942
BLOCK00/SES009/SA009S15	SES007	0.108376	-43.5817	-43.6901
BLOCK00/SES009/SA009S15	SES099	-5.66715	-49.3573	-43.6901
BLOCK00/SES009/SA009S15	SES148	-1.7838	-45.4739	-43.6901
BLOCK00/SES009/SA009S15	SES172	-1.6966	-45.3867	-43.6901
BLOCK00/SES009/SA009S24	SES146	-1.02836	-45.0493	-44.021
BLOCK00/SES009/SA009S24	SES148	-1.5217	-45.5427	-44.021
BLOCK00/SES009/SA009S24	SES177	-1.10375	-45.1247	-44.021
BLOCK00/SES009/SA009S24	SES292	-1.34466	-45.3656	-44.021
BLOCK00/SES009/SA009S26	SES083	-1.96942	-46.4307	-44.4613
BLOCK00/SES009/SA009S26	SES101	-1.67278	-46.1341	-44.4613
BLOCK00/SES009/SA009S26	SES120	-1.07183	-45.5331	-44.4613
BLOCK00/SES009/SA009S26	SES177	-1.65786	-46.1192	-44.4613
BLOCK00/SES009/SA009S29	SES083	-1.53739	-45.479	-43.9416
BLOCK00/SES009/SA009S29	SES101	-0.994225	-44.9358	-43.9416
BLOCK00/SES009/SA009S29	SES177	-1.22876	-45.1704	-43.9416
BLOCK00/SES009/SA009S29	SES292	-1.38803	-45.3296	-43.9416
BLOCK01/SES011/SA011S10	SES019	-0.632393	-45.8278	-45.1954
BLOCK01/SES011/SA011S10	SES042	-0.091732	-45.2871	-45.1954
BLOCK01/SES011/SA011S10	SES082	-1.79844	-46.9938	-45.1954
BLOCK01/SES011/SA011S10	SES206	-1.07427	-46.2696	-45.1954
BLOCK01/SES011/SA011S11	SES019	-0.737186	-46.4188	-45.6817
BLOCK01/SES011/SA011S11	SES042	-0.625248	-46.3069	-45.6817
BLOCK01/SES011/SA011S11	SES082	-2.08672	-47.7684	-45.6817
BLOCK01/SES011/SA011S11	SES206	-0.6968	-46.3785	-45.6817
BLOCK01/SES011/SA011S22	SES019	-0.0625687	-45.6307	-45.5681
BLOCK01/SES011/SA011S22	SES042	0.0793571	-45.4887	-45.5681
BLOCK01/SES011/SA011S22	SES082	-1.44473	-47.0128	-45.5681
BLOCK01/SES011/SA011S22	SES206	-0.772583	-46.3407	-45.5681
BLOCK01/SES011/SA011S24	SES019	-0.607998	-45.5229	-44.9149
BLOCK01/SES011/SA011S24	SES042	-0.330765	-45.2457	-44.9149
BLOCK01/SES011/SA011S24	SES104	-1.15916	-46.0741	-44.9149
BLOCK01/SES011/SA011S24	SES206	-0.0272369	-44.9422	-44.9149
BLOCK01/SES011/SA011S27	SES082	0.341507	-44.3953	-44.7368
BLOCK01/SES011/SA011S27	SES087	-0.941559	-45.6783	-44.7368
BLOCK01/SES011/SA011S27	SES125	-0.312817	-45.0496	-44.7368
BLOCK01/SES011/SA011S27	SES206	0.000228882	-44.7365	-44.7368
BLOCK01/SES012/SA012S11	SES007	-1.70373	-45.2174	-43.5137
BLOCK01/SES012/SA012S11	SES082	-1.3528	-44.8665	-43.5137
BLOCK01/SES012/SA012S11	SES083	-2.30504	-45.8187	-43.5137
BLOCK01/SES012/SA012S11	SES206	-0.992802	-44.5065	-43.5137
BLOCK01/SES012/SA012S14	SES082	-1.26116	-45.5381	-44.277
BLOCK01/SES012/SA012S14	SES087	-1.837	-46.114	-44.277
BLOCK01/SES012/SA012S14	SES206	-1.00181	-45.2788	-44.277
BLOCK01/SES012/SA012S14	SES292	-3.0958	-47.3728	-44.277
BLOCK01/SES012/SA012S24	SES082	0.00619125	-45.3092	-45.3154
BLOCK01/SES012/SA012S24	SES087	-1.05891	-46.3743	-45.3154
BLOCK01/SES012/SA012S24	SES120	-3.7062	-49.0216	-45.3154
BLOCK01/SES012/SA012S24	SES206	-0.319672	-45.635	-45.3154
BLOCK01/SES012/SA012S26	SES019	-2.02661	-46.3093	-44.2827
BLOCK01/SES012/SA012S26	SES082	-1.91013	-46.1929	-44.2827
BLOCK01/SES012/SA012S26	SES206	-0.216747	-44.4995	-44.2827
BLOCK01/SES012/SA012S26	SES292	-2.72089	-47.0036	-44.2827
BLOCK01/SES012/SA012S29	SES062	-1.48701	-45.4208	-43.9338
BLOCK01/SES012/SA012S29	SES082	-0.868832	-44.8026	-43.9338
BLOCK01/SES012/SA012S29	SES083	-1.92956	-45.8633	-43.9338
BLOCK01/SES012/SA012S29	SES206	-1.04268	-44.9764	-43.9338
BLOCK01/SES013/SA013S16	SES062	-3.02253	-47.6506	-44.6281
BLOCK01/SES013/SA013S16	SES106	-0.603943	-45.2321	-44.6281
BLOCK01/SES013/SA013S16	SES206	-1.35971	-45.9878	-44.6281
BLOCK01/SES013/SA013S16	SES226	-0.101475	-44.7296	-44.6281
BLOCK01/SES013/SA013S17	SES062	-2.5814	-46.3606	-43.7792
BLOCK01/SES013/SA013S17	SES106	-1.02422	-44.8034	-43.7792
BLOCK01/SES013/SA013S17	SES206	-0.620968	-44.4002	-43.7792
BLOCK01/SES013/SA013S17	SES226	-0.0865021	-43.8657	-43.7792
BLOCK01/SES013/SA013S23	SES104	-1.11007	-46.0317	-44.9217
BLOCK01/SES013/SA013S23	SES106	-0.382282	-45.304	-44.9217
BLOCK01/SES013/SA013S23	SES206	-1.19551	-46.1172	-44.9217
BLOCK01/SES013/SA013S23	SES270	-0.245739	-45.1674	-44.9217
BLOCK01/SES013/SA013S25	SES042	-1.78956	-46.0564	-44.2669
BLOCK01/SES013/SA013S25	SES104	-1.0705	-45.3374	-44.2669
BLOCK01/SES013/SA013S25	SES106	-0.440678	-44.7075	-44.2669
BLOCK01/SES013/SA013S25	SES206	-1.1759	-45.4428	-44.2669
BLOCK01/SES013/SA013S29	SES062	-3.06631	-47.5578	-44.4915
BLOCK01/SES013/SA013S29	SES104	-1.51264	-46.0042	-44.4915
BLOCK01/SES013/SA013S29	SES106	-0.482876	-44.9744	-44.4915
BLOCK01/SES013/SA013S29	SES206	-1.47655	-45.9681	-44.4915
BLOCK02/SES021/SA021S13	SES016	-3.25938	-47.1895	-43.9301
BLOCK02/SES021/SA021S13	SES029	-2.61719	-46.5473	-43.9301
BLOCK02/SES021/SA021S13	SES087	-1.51981	-45.4499	-43.9301
BLOCK02/SES021/SA021S13	SES206	-0.574112	-44.5042	-43.9301
BLOCK02/SES021/SA021S15	SES087	-0.690968	-43.5713	-42.8803
BLOCK02/SES021/SA021S15	SES125	-0.436436	-43.3168	-42.8803
BLOCK02/SES021/SA021S15	SES206	-0.285198	-43.1655	-42.8803
BLOCK02/SES021/SA021S15	SES226	-1.37605	-44.2564	-42.8803
BLOCK02/SES021/SA021S23	SES062	-2.8554	-47.8108	-44.9555
BLOCK02/SES021/SA021S23	SES087	-1.27877	-46.2342	-44.9555
BLOCK02/SES021/SA021S23	SES206	-1.3422	-46.2976	-44.9555
BLOCK02/SES021/SA021S23	SES226	-1.10167	-46.0571	-44.9555
BLOCK02/SES021/SA021S27	SES002	-1.05781	-44.73	-43.6722
BLOCK02/SES021/SA021S27	SES016	-3.91532	-47.5875	-43.6722
BLOCK02/SES021/SA021S27	SES019	-2.11999	-45.7922	-43.6722
BLOCK02/SES021/SA021S27	SES062	-1.41863	-45.0909	-43.6722
BLOCK02/SES021/SA021S29	SES087	-1.42269	-44.8289	-43.4062
BLOCK02/SES021/SA021S29	SES125	-0.51923	-43.9254	-43.4062
BLOCK02/SES021/SA021S29	SES206	-0.675682	-44.0819	-43.4062
BLOCK02/SES021/SA021S29	SES226	-0.995895	-44.4021	-43.4062
BLOCK04/SES043/SA043S09	SES083	-2.19484	-47.8972	-45.7023
BLOCK04/SES043/SA043S09	SES101	-2.37199	-48.0743	-45.7023
BLOCK04/SES043/SA043S09	SES144	-0.599056	-46.3014	-45.7023
BLOCK04/SES043/SA043S09	SES172	-3.1669	-48.8692	-45.7023
BLOCK04/SES043/SA043S11	SES083	-0.825417	-45.1357	-44.3102
BLOCK04/SES043/SA043S11	SES101	-1.2807	-45.591	-44.3102
BLOCK04/SES043/SA043S11	SES144	-0.881565	-45.1918	-44.3102
BLOCK04/SES043/SA043S11	SES172	-1.51881	-45.8291	-44.3102
BLOCK04/SES043/SA043S23	SES083	-0.846844	-45.8324	-44.9855
BLOCK04/SES043/SA043S23	SES144	-0.124062	-45.1096	-44.9855
BLOCK04/SES043/SA043S23	SES177	-2.08012	-47.0657	-44.9855
BLOCK04/SES043/SA043S23	SES275	-0.841457	-45.827	-44.9855
BLOCK04/SES043/SA043S26	SES083	-0.935913	-45.9719	-45.036
BLOCK04/SES043/SA043S26	SES101	-1.31866	-46.3546	-45.036
BLOCK04/SES043/SA043S26	SES144	-0.556984	-45.593	-45.036
BLOCK04/SES043/SA043S26	SES177	-1.56712	-46.6031	-45.036
BLOCK04/SES043/SA043S28	SES016	-1.50294	-45.8281	-44.3252
BLOCK04/SES043/SA043S28	SES083	-1.127	-45.4522	-44.3252
BLOCK04/SES043/SA043S28	SES101	-0.900726	-45.2259	-44.3252
BLOCK04/SES043/SA043S28	SES144	-0.648876	-44.974	-44.3252
BLOCK04/SES044/SA044S10	SES127	-3.18733	-50.3768	-47.1895
BLOCK04/SES044/SA044S10	SES144	-0.741982	-47.9315	-47.1895
BLOCK04/SES044/SA044S10	SES147	-2.50774	-49.6972	-47.1895
BLOCK04/SES044/SA044S10	SES148	-2.66427	-49.8538	-47.1895
BLOCK04/SES044/SA044S11	SES101	-2.44115	-48.7813	-46.3401
BLOCK04/SES044/SA044S11	SES144	-0.0947304	-46.4349	-46.3401
BLOCK04/SES044/SA044S11	SES147	-2.35368	-48.6938	-46.3401
BLOCK04/SES044/SA044S11	SES177	-1.93819	-48.2783	-46.3401
BLOCK04/SES044/SA044S24	SES007	-2.74142	-48.7105	-45.9691
BLOCK04/SES044/SA044S24	SES101	-1.4035	-47.3726	-45.9691
BLOCK04/SES044/SA044S24	SES147	-2.10043	-48.0695	-45.9691
BLOCK04/SES044/SA044S24	SES177	-1.57817	-47.5472	-45.9691
BLOCK04/SES044/SA044S26	SES007	-1.96284	-47.4119	-45.449
BLOCK04/SES044/SA044S26	SES016	-0.712566	-46.1616	-45.449
BLOCK04/SES044/SA044S26	SES101	-1.16183	-46.6109	-45.449
BLOCK04/SES044/SA044S26	SES147	-0.934113	-46.3832	-45.449
BLOCK04/SES044/SA044S29	SES007	-1.58972	-46.0768	-44.487
BLOCK04/SES044/SA044S29	SES101	-0.808701	-45.2957	-44.487
BLOCK04/SES044/SA044S29	SES147	-2.16393	-46.651	-44.487
BLOCK04/SES044/SA044S29	SES177	-1.92163	-46.4087	-44.487
BLOCK04/SES046/SA046S13	SES101	-3.02391	-48.5437	-45.5197
BLOCK04/SES046/SA046S13	SES144	-1.16598	-46.6857	-45.5197
BLOCK04/SES046/SA046S13	SES147	-3.26126	-48.781	-45.5197
BLOCK04/SES046/SA046S13	SES177	-1.62024	-47.14	-45.5197
BLOCK04/SES046/SA046S15	SES048	-2.49776	-46.5966	-44.0989
BLOCK04/SES046/SA046S15	SES083	-1.44146	-45.5403	-44.0989
BLOCK04/SES046/SA046S15	SES120	-2.73685	-46.8357	-44.0989
BLOCK04/SES046/SA046S15	SES148	-0.949821	-45.0487	-44.0989
BLOCK04/SES046/SA046S22	SES101	-1.13721	-46.3475	-45.2103
BLOCK04/SES046/SA046S22	SES144	-1.04603	-46.2563	-45.2103
BLOCK04/SES046/SA046S22	SES147	-2.81209	-48.0224	-45.2103
BLOCK04/SES046/SA046S22	SES172	-1.06108	-46.2713	-45.2103
BLOCK04/SES046/SA046S25	SES083	-2.06578	-46.8309	-44.7651
BLOCK04/SES046/SA046S25	SES127	-1.5786	-46.3437	-44.7651
BLOCK04/SES046/SA046S25	SES144	-1.39355	-46.1587	-44.7651
BLOCK04/SES046/SA046S25	SES148	-0.869114	-45.6342	-44.7651
BLOCK04/SES046/SA046S28	SES007	-2.88017	-48.6454	-45.7652
BLOCK04/SES046/SA046S28	SES105	-2.62092	-48.3862	-45.7652
BLOCK04/SES046/SA046S28	SES147	-2.30648	-48.0717	-45.7652
BLOCK04/SES046/SA046S28	SES148	-2.24287	-48.0081	-45.7652
BLOCK04/SES049/SA049S16	SES104	-0.840874	-46.6079	-45.767
BLOCK04/SES049/SA049S16	SES106	-0.91494	-46.682	-45.767
BLOCK04/SES049/SA049S16	SES120	-2.85064	-48.6177	-45.767
BLOCK04/SES049/SA049S16	SES206	-1.19197	-46.959	-45.767
BLOCK04/SES049/SA049S18	SES099	0.200378	-46.4959	-46.6962
BLOCK04/SES049/SA049S18	SES104	-1.93872	-48.635	-46.6962
BLOCK04/SES049/SA049S18	SES125	-2.04597	-48.7422	-46.6962
BLOCK04/SES049/SA049S18	SES206	-1.6049	-48.3011	-46.6962
BLOCK04/SES049/SA049S25	SES087	-0.731239	-46.0885	-45.3573
BLOCK04/SES049/SA049S25	SES104	-0.882	-46.2393	-45.3573
BLOCK04/SES049/SA049S25	SES125	-1.23166	-46.5889	-45.3573
BLOCK04/SES049/SA049S25	SES206	-0.928341	-46.2856	-45.3573
BLOCK04/SES049/SA049S27	SES099	-0.219337	-45.2525	-45.0331
BLOCK04/SES049/SA049S27	SES104	-0.308384	-45.3415	-45.0331
BLOCK04/SES049/SA049S27	SES125	-1.25669	-46.2898	-45.0331
BLOCK04/SES049/SA049S27	SES206	-0.894573	-45.9277	-45.0331
BLOCK04/SES049/SA049S29	SES099	0.235245	-43.7872	-44.0225
BLOCK04/SES049/SA049S29	SES104	0.0459213	-43.9766	-44.0225
BLOCK04/SES049/SA049S29	SES125	-0.711597	-44.7341	-44.0225
BLOCK04/SES049/SA049S29	SES206	-0.205185	-44.2277	-44.0225
BLOCK06/SES063/SA063S09	SES068	-1.75003	-46.4226	-44.6726
BLOCK06/SES063/SA063S09	SES083	-0.891785	-45.5644	-44.6726
BLOCK06/SES063/SA063S09	SES177	-1.23638	-45.909	-44.6726
BLOCK06/SES063/SA063S09	SES187	-1.39265	-46.0652	-44.6726
BLOCK06/SES063/SA063S10	SES068	-1.65189	-47.0719	-45.42
BLOCK06/SES063/SA063S10	SES083	-0.91729	-46.3373	-45.42
BLOCK06/SES063/SA063S10	SES172	-0.713779	-46.1338	-45.42
BLOCK06/SES063/SA063S10	SES187	-1.10977	-46.5298	-45.42
BLOCK06/SES063/SA063S20	SES068	-1.97484	-47.1417	-45.1668
BLOCK06/SES063/SA063S20	SES083	-1.54207	-46.7089	-45.1668
BLOCK06/SES063/SA063S20	SES172	-0.75061	-45.9174	-45.1668
BLOCK06/SES063/SA063S20	SES187	-0.547146	-45.714	-45.1668
BLOCK06/SES063/SA063S24	SES029	-2.69741	-47.0858	-44.3884
BLOCK06/SES063/SA063S24	SES083	-0.29821	-44.6866	-44.3884
BLOCK06/SES063/SA063S24	SES177	-0.793758	-45.1822	-44.3884
BLOCK06/SES063/SA063S24	SES189	-1.2768	-45.6652	-44.3884
BLOCK06/SES063/SA063S27	SES083	-0.256618	-46.0944	-45.8378
BLOCK06/SES063/SA063S27	SES172	-0.333191	-46.171	-45.8378
BLOCK06/SES063/SA063S27	SES187	-1.67486	-47.5126	-45.8378
BLOCK06/SES063/SA063S27	SES292	-1.73995	-47.5777	-45.8378
BLOCK06/SES067/SA067S12	SES083	-2.44704	-47.0821	-44.635
BLOCK06/SES067/SA067S12	SES172	-2.44127	-47.0763	-44.635
BLOCK06/SES067/SA067S12	SES202	-nan	-nan	-44.635
BLOCK06/SES067/SA067S12	SES292	-1.53999	-46.175	-44.635
BLOCK06/SES067/SA067S14	SES085	-1.68864	-45.8786	-44.19
BLOCK06/SES067/SA067S14	SES177	-1.50205	-45.692	-44.19
BLOCK06/SES067/SA067S14	SES183	-1.34674	-45.5367	-44.19
BLOCK06/SES067/SA067S14	SES202	-nan	-nan	-44.19
BLOCK06/SES067/SA067S21	SES144	-1.35001	-46.8245	-45.4745
BLOCK06/SES067/SA067S21	SES177	-1.18819	-46.6627	-45.4745
BLOCK06/SES067/SA067S21	SES183	-3.84452	-49.319	-45.4745
BLOCK06/SES067/SA067S21	SES189	-0.519447	-45.994	-45.4745
BLOCK06/SES067/SA067S25	SES085	-1.32604	-45.9141	-44.588
BLOCK06/SES067/SA067S25	SES177	-1.25325	-45.8413	-44.588
BLOCK06/SES067/SA067S25	SES183	-1.44653	-46.0345	-44.588
BLOCK06/SES067/SA067S25	SES202	-nan	-nan	-44.588
BLOCK06/SES067/SA067S29	SES085	-1.63711	-46.1939	-44.5568
BLOCK06/SES067/SA067S29	SES177	-1.67549	-46.2323	-44.5568
BLOCK06/SES067/SA067S29	SES183	-1.41352	-45.9704	-44.5568
BLOCK06/SES067/SA067S29	SES202	-nan	-nan	-44.5568
BLOCK06/SES069/SA069S12	SES029	-2.22527	-46.4535	-44.2282
BLOCK06/SES069/SA069S12	SES082	-1.0576	-45.2858	-44.2282
BLOCK06/SES069/SA069S12	SES087	-1.90613	-46.1343	-44.2282
BLOCK06/SES069/SA069S12	SES206	-1.21249	-45.4407	-44.2282
BLOCK06/SES069/SA069S13	SES029	-2.22406	-46.6762	-44.4521
BLOCK06/SES069/SA069S13	SES087	-2.18626	-46.6384	-44.4521
BLOCK06/SES069/SA069S13	SES206	-1.98327	-46.4354	-44.4521
BLOCK06/SES069/SA069S13	SES226	-1.17566	-45.6278	-44.4521
BLOCK06/SES069/SA069S23	SES029	-1.35627	-44.4275	-43.0712
BLOCK06/SES069/SA069S23	SES087	-1.49414	-44.5654	-43.0712
BLOCK06/SES069/SA069S23	SES206	-1.40217	-44.4734	-43.0712
BLOCK06/SES069/SA069S23	SES226	-0.881908	-43.9532	-43.0712
BLOCK06/SES069/SA069S25	SES087	-1.49944	-45.0365	-43.5371
BLOCK06/SES069/SA069S25	SES206	-2.11408	-45.6511	-43.5371
BLOCK06/SES069/SA069S25	SES226	-0.882694	-44.4198	-43.5371
BLOCK06/SES069/SA069S25	SES270	-0.756924	-44.294	-43.5371
BLOCK06/SES069/SA069S27	SES087	-1.86542	-45.5255	-43.6601
BLOCK06/SES069/SA069S27	SES206	-0.665051	-44.3251	-43.6601
BLOCK06/SES069/SA069S27	SES226	-0.135288	-43.7953	-43.6601
BLOCK06/SES069/SA069S27	SES270	-0.290989	-43.951	-43.6601
BLOCK08/SES081/SA081S11	SES060	-1.5455	-46.2212	-44.6757
BLOCK08/SES081/SA081S11	SES062	-3.92201	-48.5977	-44.6757
BLOCK08/SES081/SA081S11	SES117	-2.59681	-47.2725	-44.6757
BLOCK08/SES081/SA081S11	SES162	-2.22253	-46.8982	-44.6757
BLOCK08/SES081/SA081S13	SES016	-1.17753	-44.8843	-43.7067
BLOCK08/SES081/SA081S13	SES060	-0.69455	-44.4013	-43.7067
BLOCK08/SES081/SA081S13	SES068	-0.626282	-44.333	-43.7067
BLOCK08/SES081/SA081S13	SES129	-1.81525	-45.522	-43.7067
BLOCK08/SES081/SA081S24	SES060	-1.37587	-45.4906	-44.1147
BLOCK08/SES081/SA081S24	SES068	-0.951622	-45.0664	-44.1147
BLOCK08/SES081/SA081S24	SES117	-1.75604	-45.8708	-44.1147
BLOCK08/SES081/SA081S24	SES275	-2.13593	-46.2507	-44.1147
BLOCK08/SES081/SA081S27	SES007	-0.896545	-45.3638	-44.4673
BLOCK08/SES081/SA081S27	SES060	-1.5844	-46.0517	-44.4673
BLOCK08/SES081/SA081S27	SES117	-0.729755	-45.1971	-44.4673
BLOCK08/SES081/SA081S27	SES275	-2.01159	-46.4789	-44.4673
BLOCK08/SES081/SA081S29	SES007	-1.29827	-45.1834	-43.8852
BLOCK08/SES081/SA081S29	SES060	-0.996075	-44.8812	-43.8852
BLOCK08/SES081/SA081S29	SES117	-1.55043	-45.4356	-43.8852
BLOCK08/SES081/SA081S29	SES275	-2.55209	-46.4373	-43.8852
BLOCK08/SES086/SA086S11	SES029	-3.99417	-50.1481	-46.154
BLOCK08/SES086/SA086S11	SES082	-1.94543	-48.0994	-46.154
BLOCK08/SES086/SA086S11	SES087	-0.798325	-46.9523	-46.154
BLOCK08/SES086/SA086S11	SES206	-2.13428	-48.2883	-46.154
BLOCK08/SES086/SA086S12	SES029	-3.761	-49.4633	-45.7023
BLOCK08/SES086/SA086S12	SES082	-2.08604	-47.7884	-45.7023
BLOCK08/SES086/SA086S12	SES087	0.0987396	-45.6036	-45.7023
BLOCK08/SES086/SA086S12	SES206	-1.52965	-47.232	-45.7023
BLOCK08/SES086/SA086S20	SES029	-3.20396	-47.431	-44.2271
BLOCK08/SES086/SA086S20	SES082	-1.90625	-46.1333	-44.2271
BLOCK08/SES086/SA086S20	SES087	0.189568	-44.0375	-44.2271
BLOCK08/SES086/SA086S20	SES206	-0.400036	-44.6271	-44.2271
BLOCK08/SES086/SA086S24	SES087	-0.0787582	-45.3847	-45.306
BLOCK08/SES086/SA086S24	SES104	-1.86483	-47.1708	-45.306
BLOCK08/SES086/SA086S24	SES120	-3.95329	-49.2593	-45.306
BLOCK08/SES086/SA086S24	SES206	-0.338135	-45.6441	-45.306
BLOCK08/SES086/SA086S28	SES029	-2.75216	-47.0003	-44.2481
BLOCK08/SES086/SA086S28	SES082	-1.70158	-45.9497	-44.2481
BLOCK08/SES086/SA086S28	SES087	-0.0909309	-44.3391	-44.2481
BLOCK08/SES086/SA086S28	SES206	-0.631916	-44.8801	-44.2481
BLOCK08/SES089/SA089S13	SES087	-1.44105	-46.3319	-44.8909
BLOCK08/SES089/SA089S13	SES206	-1.70178	-46.5927	-44.8909
BLOCK08/SES089/SA089S13	SES226	-1.48557	-46.3765	-44.8909
BLOCK08/SES089/SA089S13	SES270	-1.99129	-46.8822	-44.8909
BLOCK08/SES089/SA089S14	SES062	-1.77061	-46.3883	-44.6176
BLOCK08/SES089/SA089S14	SES087	-0.286999	-44.9046	-44.6176
BLOCK08/SES089/SA089S14	SES206	-0.440273	-45.0579	-44.6176
BLOCK08/SES089/SA089S14	SES226	-0.760712	-45.3784	-44.6176
BLOCK08/SES089/SA089S23	SES087	-0.6936	-46.0666	-45.373
BLOCK08/SES089/SA089S23	SES206	-0.711964	-46.0849	-45.373
BLOCK08/SES089/SA089S23	SES226	-1.1476	-46.5206	-45.373
BLOCK08/SES089/SA089S23	SES270	-1.69049	-47.0635	-45.373
BLOCK08/SES089/SA089S25	SES062	-2.51444	-47.1284	-44.6139
BLOCK08/SES089/SA089S25	SES087	-0.00712585	-44.6211	-44.6139
BLOCK08/SES089/SA089S25	SES206	-0.974819	-45.5888	-44.6139
BLOCK08/SES089/SA089S25	SES226	-1.01638	-45.6303	-44.6139
BLOCK08/SES089/SA089S28	SES062	-1.56779	-46.1356	-44.5678
BLOCK08/SES089/SA089S28	SES087	-0.203915	-44.7717	-44.5678
BLOCK08/SES089/SA089S28	SES206	-0.0439911	-44.6118	-44.5678
BLOCK08/SES089/SA089S28	SES226	-0.647995	-45.2158	-44.5678
BLOCK09/SES097/SA097S11	SES099	-0.00660324	-45.3516	-45.345
BLOCK09/SES097/SA097S11	SES125	-2.33641	-47.6814	-45.345
BLOCK09/SES097/SA097S11	SES206	-1.66571	-47.0107	-45.345
BLOCK09/SES097/SA097S11	SES226	-0.340096	-45.6851	-45.345
BLOCK09/SES097/SA097S14	SES062	-2.07688	-46.9886	-44.9117
BLOCK09/SES097/SA097S14	SES099	-0.427891	-45.3396	-44.9117
BLOCK09/SES097/SA097S14	SES104	-1.14898	-46.0607	-44.9117
BLOCK09/SES097/SA097S14	SES206	-1.31322	-46.225	-44.9117
BLOCK09/SES097/SA097S22	SES099	0.391251	-44.6787	-45.0699
BLOCK09/SES097/SA097S22	SES206	-1.24104	-46.311	-45.0699
BLOCK09/SES097/SA097S22	SES226	-1.39211	-46.4621	-45.0699
BLOCK09/SES097/SA097S22	SES270	0.118343	-44.9516	-45.0699
BLOCK09/SES097/SA097S26	SES099	0.261753	-44.3223	-44.5841
BLOCK09/SES097/SA097S26	SES120	-2.74882	-47.3329	-44.5841
BLOCK09/SES097/SA097S26	SES206	-0.861816	-45.4459	-44.5841
BLOCK09/SES097/SA097S26	SES226	-1.14547	-45.7296	-44.5841
BLOCK09/SES097/SA097S28	SES099	-0.386955	-45.336	-44.949
BLOCK09/SES097/SA097S28	SES120	-2.4923	-47.4413	-44.949
BLOCK09/SES097/SA097S28	SES206	-1.87879	-46.8278	-44.949
BLOCK09/SES097/SA097S28	SES226	-1.39727	-46.3463	-44.949
BLOCK09/SES098/SA098S11	SES127	-2.3844	-48.0858	-45.7014
BLOCK09/SES098/SA098S11	SES144	-1.41335	-47.1148	-45.7014
BLOCK09/SES098/SA098S11	SES147	-1.36598	-47.0674	-45.7014
BLOCK09/SES098/SA098S11	SES148	-3.21002	-48.9115	-45.7014
BLOCK09/SES098/SA098S12	SES127	-4.02226	-51.2128	-47.1905
BLOCK09/SES098/SA098S12	SES144	-1.65337	-48.8439	-47.1905
BLOCK09/SES098/SA098S12	SES147	-2.14554	-49.3361	-47.1905
BLOCK09/SES098/SA098S12	SES189	-1.4141	-48.6046	-47.1905
BLOCK09/SES098/SA098S20	SES127	-2.84395	-49.0636	-46.2197
BLOCK09/SES098/SA098S20	SES147	-1.86812	-48.0878	-46.2197
BLOCK09/SES098/SA098S20	SES148	-3.78658	-50.0063	-46.2197
BLOCK09/SES098/SA098S20	SES292	-3.33689	-49.5566	-46.2197
BLOCK09/SES098/SA098S23	SES127	-1.82148	-47.6688	-45.8474
BLOCK09/SES098/SA098S23	SES147	-1.45403	-47.3014	-45.8474
BLOCK09/SES098/SA098S23	SES187	-1.06827	-46.9156	-45.8474
BLOCK09/SES098/SA098S23	SES292	-2.24014	-48.0875	-45.8474
BLOCK09/SES098/SA098S27	SES127	-2.81367	-48.9637	-46.1501
BLOCK09/SES098/SA098S27	SES147	-2.50364	-48.6537	-46.1501
BLOCK09/SES098/SA098S27	SES148	-3.23229	-49.3824	-46.1501
BLOCK09/SES098/SA098S27	SES292	-2.46796	-48.618	-46.1501
BLOCK10/SES102/SA102S13	SES101	-0.96711	-47.0947	-46.1276
BLOCK10/SES102/SA102S13	SES105	-1.84753	-47.9752	-46.1276
BLOCK10/SES102/SA102S13	SES120	-1.54346	-47.6711	-46.1276
BLOCK10/SES102/SA102S13	SES158	-5.8098	-51.9374	-46.1276
BLOCK10/SES102/SA102S14	SES007	-0.373367	-44.657	-44.2836
BLOCK10/SES102/SA102S14	SES101	-0.372429	-44.656	-44.2836
BLOCK10/SES102/SA102S14	SES105	-0.841812	-45.1254	-44.2836
BLOCK10/SES102/SA102S14	SES147	-1.86391	-46.1475	-44.2836
BLOCK10/SES102/SA102S22	SES007	-1.53127	-46.0694	-44.5381
BLOCK10/SES102/SA102S22	SES101	-0.35968	-44.8978	-44.5381
BLOCK10/SES102/SA102S22	SES105	-0.683029	-45.2212	-44.5381
BLOCK10/SES102/SA102S22	SES158	-4.10536	-48.6435	-44.5381
BLOCK10/SES102/SA102S25	SES007	-0.874798	-45.5176	-44.6428
BLOCK10/SES102/SA102S25	SES101	-0.245586	-44.8884	-44.6428
BLOCK10/SES102/SA102S25	SES105	-1.001	-45.6438	-44.6428
BLOCK10/SES102/SA102S25	SES147	-2.52138	-47.1642	-44.6428
BLOCK10/SES102/SA102S27	SES007	-1.58905	-46.6596	-45.0705
BLOCK10/SES102/SA102S27	SES101	-0.901997	-45.9725	-45.0705
BLOCK10/SES102/SA102S27	SES105	-1.2359	-46.3064	-45.0705
BLOCK10/SES102/SA102S27	SES147	-1.60774	-46.6783	-45.0705
BLOCK10/SES103/SA103S14	SES105	-1.84702	-48.0496	-46.2025
BLOCK10/SES103/SA103S14	SES106	-0.681034	-46.8836	-46.2025
BLOCK10/SES103/SA103S14	SES120	-3.26202	-49.4646	-46.2025
BLOCK10/SES103/SA103S14	SES206	-1.49585	-47.6984	-46.2025
BLOCK10/SES103/SA103S15	SES099	-0.628555	-47.4814	-46.8528
BLOCK10/SES103/SA103S15	SES101	-3.58369	-50.4365	-46.8528
BLOCK10/SES103/SA103S15	SES104	-0.987377	-47.8402	-46.8528
BLOCK10/SES103/SA103S15	SES125	-1.2378	-48.0906	-46.8528
BLOCK10/SES103/SA103S24	SES104	-1.11095	-46.5483	-45.4374
BLOCK10/SES103/SA103S24	SES125	-1.0472	-46.4846	-45.4374
BLOCK10/SES103/SA103S24	SES148	-2.95867	-48.396	-45.4374
BLOCK10/SES103/SA103S24	SES158	-0.492439	-45.9298	-45.4374
BLOCK10/SES103/SA103S26	SES104	-1.37582	-47.4568	-46.081
BLOCK10/SES103/SA103S26	SES106	-0.768444	-46.8494	-46.081
BLOCK10/SES103/SA103S26	SES125	-1.09488	-47.1758	-46.081
BLOCK10/SES103/SA103S26	SES148	-3.20369	-49.2847	-46.081
BLOCK10/SES103/SA103S28	SES104	-2.08672	-48.5973	-46.5106
BLOCK10/SES103/SA103S28	SES106	-1.32486	-47.8354	-46.5106
BLOCK10/SES103/SA103S28	SES125	-1.77438	-48.285	-46.5106
BLOCK10/SES103/SA103S28	SES206	-2.39023	-48.9008	-46.5106
BLOCK12/SES121/SA121S12	SES042	-1.69757	-48.9384	-47.2408
BLOCK12/SES121/SA121S12	SES087	-1.03071	-48.2715	-47.2408
BLOCK12/SES121/SA121S12	SES105	-1.55848	-48.7993	-47.2408
BLOCK12/SES121/SA121S12	SES206	-1.14279	-48.3836	-47.2408
BLOCK12/SES121/SA121S14	SES007	-2.71954	-50.4153	-47.6957
BLOCK12/SES121/SA121S14	SES105	-2.48885	-50.1846	-47.6957
BLOCK12/SES121/SA121S14	SES106	-1.53809	-49.2338	-47.6957
BLOCK12/SES121/SA121S14	SES206	-1.44705	-49.1428	-47.6957
BLOCK12/SES121/SA121S23	SES105	-2.5904	-50.477	-47.8866
BLOCK12/SES121/SA121S23	SES106	-0.627357	-48.5139	-47.8866
BLOCK12/SES121/SA121S23	SES120	-2.98382	-50.8704	-47.8866
BLOCK12/SES121/SA121S23	SES206	-0.94912	-48.8357	-47.8866
BLOCK12/SES121/SA121S25	SES007	-2.03358	-50.5509	-48.5173
BLOCK12/SES121/SA121S25	SES105	-2.50352	-51.0208	-48.5173
BLOCK12/SES121/SA121S25	SES106	-1.49749	-50.0148	-48.5173
BLOCK12/SES121/SA121S25	SES206	-1.68777	-50.2051	-48.5173
BLOCK12/SES121/SA121S27	SES087	0.109711	-46.6135	-46.7232
BLOCK12/SES121/SA121S27	SES105	-3.90509	-50.6283	-46.7232
BLOCK12/SES121/SA121S27	SES120	-2.40266	-49.1259	-46.7232
BLOCK12/SES121/SA121S27	SES206	-1.01643	-47.7396	-46.7232
BLOCK12/SES124/SA124S16	SES042	-0.32412	-45.088	-44.7639
BLOCK12/SES124/SA124S16	SES082	-0.697933	-45.4618	-44.7639
BLOCK12/SES124/SA124S16	SES183	-3.57878	-48.3427	-44.7639
BLOCK12/SES124/SA124S16	SES206	-0.945332	-45.7092	-44.7639
BLOCK12/SES124/SA124S17	SES105	-2.31616	-48.1783	-45.8621
BLOCK12/SES124/SA124S17	SES149	-1.74494	-47.6071	-45.8621
BLOCK12/SES124/SA124S17	SES158	-2.30167	-48.1638	-45.8621
BLOCK12/SES124/SA124S17	SES275	-2.80634	-48.6685	-45.8621
BLOCK12/SES124/SA124S23	SES105	-2.27223	-45.7519	-43.4797
BLOCK12/SES124/SA124S23	SES125	-0.0296516	-43.5093	-43.4797
BLOCK12/SES124/SA124S23	SES129	-3.45017	-46.9299	-43.4797
BLOCK12/SES124/SA124S23	SES158	-0.498104	-43.9778	-43.4797
BLOCK12/SES124/SA124S26	SES105	-2.94036	-47.1004	-44.16
BLOCK12/SES124/SA124S26	SES125	-0.391529	-44.5515	-44.16
BLOCK12/SES124/SA124S26	SES129	-3.80093	-47.9609	-44.16
BLOCK12/SES124/SA124S26	SES158	-1.0796	-45.2396	-44.16
BLOCK12/SES124/SA124S28	SES104	-0.499592	-44.5394	-44.0398
BLOCK12/SES124/SA124S28	SES106	-0.375031	-44.4148	-44.0398
BLOCK12/SES124/SA124S28	SES125	-0.216908	-44.2567	-44.0398
BLOCK12/SES124/SA124S28	SES275	-2.9721	-47.0119	-44.0398
BLOCK12/SES126/SA126S13	SES007	-2.62315	-48.9722	-46.349
BLOCK12/SES126/SA126S13	SES162	-1.95995	-48.309	-46.349
BLOCK12/SES126/SA126S13	SES177	-1.37666	-47.7257	-46.349
BLOCK12/SES126/SA126S13	SES180	-1.77657	-48.1256	-46.349
BLOCK12/SES126/SA126S14	SES144	-0.974678	-46.0663	-45.0917
BLOCK12/SES126/SA126S14	SES148	-1.47346	-46.5651	-45.0917
BLOCK12/SES126/SA126S14	SES177	-0.366661	-45.4583	-45.0917
BLOCK12/SES126/SA126S14	SES180	-0.908947	-46.0006	-45.0917
BLOCK12/SES126/SA126S20	SES007	-3.06593	-48.3838	-45.3179
BLOCK12/SES126/SA126S20	SES162	-2.28015	-47.598	-45.3179
BLOCK12/SES126/SA126S20	SES172	-3.32489	-48.6428	-45.3179
BLOCK12/SES126/SA126S20	SES180	-2.65641	-47.9743	-45.3179
BLOCK12/SES126/SA126S24	SES120	-1.42127	-46.0839	-44.6626
BLOCK12/SES126/SA126S24	SES162	-1.6398	-46.3024	-44.6626
BLOCK12/SES126/SA126S24	SES177	-1.02435	-45.687	-44.6626
BLOCK12/SES126/SA126S24	SES180	-0.612389	-45.275	-44.6626
BLOCK12/SES126/SA126S26	SES120	-0.690464	-46.3826	-45.6921
BLOCK12/SES126/SA126S26	SES177	-0.857903	-46.55	-45.6921
BLOCK12/SES126/SA126S26	SES180	-1.35502	-47.0471	-45.6921
BLOCK12/SES126/SA126S26	SES202	-nan	-nan	-45.6921
BLOCK12/SES128/SA128S10	SES087	-2.1312	-46.8783	-44.7471
BLOCK12/SES128/SA128S10	SES206	-1.61148	-46.3586	-44.7471
BLOCK12/SES128/SA128S10	SES226	-0.647881	-45.395	-44.7471
BLOCK12/SES128/SA128S10	SES270	-0.564365	-45.3115	-44.7471
BLOCK12/SES128/SA128S12	SES120	-2.79984	-47.6112	-44.8114
BLOCK12/SES128/SA128S12	SES158	-1.31712	-46.1285	-44.8114
BLOCK12/SES128/SA128S12	SES206	-0.98241	-45.7938	-44.8114
BLOCK12/SES128/SA128S12	SES226	-1.29887	-46.1103	-44.8114
BLOCK12/SES128/SA128S21	SES106	-2.69902	-48.4385	-45.7395
BLOCK12/SES128/SA128S21	SES120	-2.50761	-48.2471	-45.7395
BLOCK12/SES128/SA128S21	SES206	-1.86742	-47.6069	-45.7395
BLOCK12/SES128/SA128S21	SES226	-1.13012	-46.8696	-45.7395
BLOCK12/SES128/SA128S24	SES087	-1.93427	-47.2334	-45.2991
BLOCK12/SES128/SA128S24	SES120	-1.48183	-46.7809	-45.2991
BLOCK12/SES128/SA128S24	SES206	-1.48814	-46.7872	-45.2991
BLOCK12/SES128/SA128S24	SES226	-1.60336	-46.9025	-45.2991
BLOCK12/SES128/SA128S27	SES099	-0.618198	-45.0331	-44.4149
BLOCK12/SES128/SA128S27	SES120	-1.92964	-46.3445	-44.4149
BLOCK12/SES128/SA128S27	SES206	-1.15073	-45.5656	-44.4149
BLOCK12/SES128/SA128S27	SES226	-0.934055	-45.3489	-44.4149
BLOCK13/SES130/SA130S13	SES143	-2.43499	-48.9362	-46.5012
BLOCK13/SES130/SA130S13	SES144	-0.635376	-47.1366	-46.5012
BLOCK13/SES130/SA130S13	SES146	-0.570316	-47.0715	-46.5012
BLOCK13/SES130/SA130S13	SES275	-3.74604	-50.2473	-46.5012
BLOCK13/SES130/SA130S15	SES143	-1.80581	-47.1511	-45.3453
BLOCK13/SES130/SA130S15	SES144	-0.531513	-45.8768	-45.3453
BLOCK13/SES130/SA130S15	SES146	-0.789883	-46.1352	-45.3453
BLOCK13/SES130/SA130S15	SES275	-1.40152	-46.7468	-45.3453
BLOCK13/SES130/SA130S23	SES127	-2.34422	-49.0771	-46.7329
BLOCK13/SES130/SA130S23	SES144	-1.48258	-48.2155	-46.7329
BLOCK13/SES130/SA130S23	SES146	-1.42844	-48.1614	-46.7329
BLOCK13/SES130/SA130S23	SES162	-1.08793	-47.8208	-46.7329
BLOCK13/SES130/SA130S25	SES127	-1.77275	-46.7681	-44.9954
BLOCK13/SES130/SA130S25	SES144	-0.519367	-45.5147	-44.9954
BLOCK13/SES130/SA130S25	SES146	-0.65081	-45.6462	-44.9954
BLOCK13/SES130/SA130S25	SES275	-0.840355	-45.8357	-44.9954
BLOCK13/SES130/SA130S28	SES127	-1.79286	-46.8696	-45.0768
BLOCK13/SES130/SA130S28	SES144	-1.25323	-46.33	-45.0768
BLOCK13/SES130/SA130S28	SES146	-1.30561	-46.3824	-45.0768
BLOCK13/SES130/SA130S28	SES275	-0.671272	-45.748	-45.0768
BLOCK13/SES131/SA131S13	SES002	-1.44863	-48.4878	-47.0392
BLOCK13/SES131/SA131S13	SES007	-2.93734	-49.9765	-47.0392
BLOCK13/SES131/SA131S13	SES099	-1.52325	-48.5624	-47.0392
BLOCK13/SES131/SA131S13	SES105	-1.83294	-48.8721	-47.0392
BLOCK13/SES131/SA131S14	SES104	-0.655239	-46.1239	-45.4687
BLOCK13/SES131/SA131S14	SES106	-0.467197	-45.9359	-45.4687
BLOCK13/SES131/SA131S14	SES125	-1.32568	-46.7944	-45.4687
BLOCK13/SES131/SA131S14	SES148	-2.38985	-47.8585	-45.4687
BLOCK13/SES131/SA131S20	SES104	-1.22165	-47.8805	-46.6588
BLOCK13/SES131/SA131S20	SES106	-0.93848	-47.5973	-46.6588
BLOCK13/SES131/SA131S20	SES125	-1.44401	-48.1029	-46.6588
BLOCK13/SES131/SA131S20	SES148	-3.32387	-49.9827	-46.6588
BLOCK13/SES131/SA131S22	SES099	-0.984406	-46.8542	-45.8698
BLOCK13/SES131/SA131S22	SES104	-1.37961	-47.2494	-45.8698
BLOCK13/SES131/SA131S22	SES125	-1.47753	-47.3473	-45.8698
BLOCK13/SES131/SA131S22	SES206	-1.79792	-47.6677	-45.8698
BLOCK13/SES131/SA131S29	SES087	-1.2821	-47.807	-46.5249
BLOCK13/SES131/SA131S29	SES104	-1.47741	-48.0023	-46.5249
BLOCK13/SES131/SA131S29	SES125	-1.79419	-48.3191	-46.5249
BLOCK13/SES131/SA131S29	SES206	-1.54815	-48.073	-46.5249
BLOCK13/SES132/SA132S11	SES083	-1.99107	-46.5328	-44.5418
BLOCK13/SES132/SA132S11	SES120	-0.231674	-44.7734	-44.5418
BLOCK13/SES132/SA132S11	SES127	-1.40144	-45.9432	-44.5418
BLOCK13/SES132/SA132S11	SES275	-1.23178	-45.7735	-44.5418
BLOCK13/SES132/SA132S12	SES083	-1.47437	-45.9864	-44.512
BLOCK13/SES132/SA132S12	SES143	-1.16964	-45.6816	-44.512
BLOCK13/SES132/SA132S12	SES144	-1.34848	-45.8605	-44.512
BLOCK13/SES132/SA132S12	SES148	-1.341	-45.853	-44.512
BLOCK13/SES132/SA132S22	SES062	-0.721745	-45.2139	-44.4922
BLOCK13/SES132/SA132S22	SES083	-1.08887	-45.5811	-44.4922
BLOCK13/SES132/SA132S22	SES127	-1.25248	-45.7447	-44.4922
BLOCK13/SES132/SA132S22	SES275	-0.617142	-45.1093	-44.4922
BLOCK13/SES132/SA132S24	SES007	-0.488235	-44.6247	-44.1365
BLOCK13/SES132/SA132S24	SES083	-1.85205	-45.9885	-44.1365
BLOCK13/SES132/SA132S24	SES127	-1.74575	-45.8822	-44.1365
BLOCK13/SES132/SA132S24	SES275	-1.2893	-45.4258	-44.1365
BLOCK13/SES132/SA132S27	SES083	-2.27579	-47.2117	-44.9359
BLOCK13/SES132/SA132S27	SES120	-0.236721	-45.1726	-44.9359
BLOCK13/SES132/SA132S27	SES127	-2.20207	-47.138	-44.9359
BLOCK13/SES132/SA132S27	SES275	-1.73713	-46.673	-44.9359
BLOCK14/SES141/SA141S09	SES143	-0.958286	-46.1837	-45.2254
BLOCK14/SES141/SA141S09	SES144	-0.877605	-46.103	-45.2254
BLOCK14/SES141/SA141S09	SES162	-1.11802	-46.3434	-45.2254
BLOCK14/SES141/SA141S09	SES180	-1.05722	-46.2826	-45.2254
BLOCK14/SES141/SA141S15	SES127	-1.54048	-46.4001	-44.8596
BLOCK14/SES141/SA141S15	SES144	-1.27172	-46.1313	-44.8596
BLOCK14/SES141/SA141S15	SES162	-1.51627	-46.3759	-44.8596
BLOCK14/SES141/SA141S15	SES180	-0.886364	-45.746	-44.8596
BLOCK14/SES141/SA141S24	SES127	-1.1002	-45.5885	-44.4883
BLOCK14/SES141/SA141S24	SES144	-1.24775	-45.7361	-44.4883
BLOCK14/SES141/SA141S24	SES162	-1.06108	-45.5494	-44.4883
BLOCK14/SES141/SA141S24	SES183	-2.03981	-46.5281	-44.4883
BLOCK14/SES141/SA141S26	SES142	-1.74251	-47.2855	-45.543
BLOCK14/SES141/SA141S26	SES144	-1.50421	-47.0472	-45.543
BLOCK14/SES141/SA141S26	SES172	-1.46864	-47.0116	-45.543
BLOCK14/SES141/SA141S26	SES180	-1.36327	-46.9063	-45.543
BLOCK14/SES141/SA141S29	SES127	-0.862595	-45.5097	-44.6471
BLOCK14/SES141/SA141S29	SES142	-0.525181	-45.1723	-44.6471
BLOCK14/SES141/SA141S29	SES144	-0.948666	-45.5958	-44.6471
BLOCK14/SES141/SA141S29	SES180	-0.824024	-45.4712	-44.6471
BLOCK15/SES157/SA157S08	SES083	-2.47103	-47.8384	-45.3674
BLOCK15/SES157/SA157S08	SES127	-1.76769	-47.135	-45.3674
BLOCK15/SES157/SA157S08	SES148	-1.04919	-46.4165	-45.3674
BLOCK15/SES157/SA157S08	SES292	-2.11613	-47.4835	-45.3674
BLOCK15/SES157/SA157S11	SES083	-2.65298	-47.7318	-45.0788
BLOCK15/SES157/SA157S11	SES127	-2.09541	-47.1742	-45.0788
BLOCK15/SES157/SA157S11	SES148	-1.33675	-46.4155	-45.0788
BLOCK15/SES157/SA157S11	SES292	-2.23274	-47.3115	-45.0788
BLOCK15/SES157/SA157S21	SES127	-1.53491	-46.1684	-44.6335
BLOCK15/SES157/SA157S21	SES148	-0.927853	-45.5614	-44.6335
BLOCK15/SES157/SA157S21	SES158	-4.4708	-49.1043	-44.6335
BLOCK15/SES157/SA157S21	SES292	-1.69796	-46.3315	-44.6335
BLOCK15/SES157/SA157S24	SES127	-1.76573	-46.5333	-44.7676
BLOCK15/SES157/SA157S24	SES148	-1.31229	-46.0799	-44.7676
BLOCK15/SES157/SA157S24	SES183	-1.93315	-46.7008	-44.7676
BLOCK15/SES157/SA157S24	SES292	-2.33463	-47.1023	-44.7676
BLOCK15/SES157/SA157S26	SES007	-0.786259	-45.2405	-44.4542
BLOCK15/SES157/SA157S26	SES127	-0.83934	-45.2935	-44.4542
BLOCK15/SES157/SA157S26	SES147	-2.4587	-46.9129	-44.4542
BLOCK15/SES157/SA157S26	SES148	-1.19161	-45.6458	-44.4542
BLOCK16/SES161/SA161S10	SES007	-2.15491	-48.4553	-46.3004
BLOCK16/SES161/SA161S10	SES105	-1.63919	-47.9396	-46.3004
BLOCK16/SES161/SA161S10	SES158	-1.88619	-48.1866	-46.3004
BLOCK16/SES161/SA161S10	SES275	-2.18919	-48.4896	-46.3004
BLOCK16/SES161/SA161S12	SES007	-1.69167	-47.5767	-45.885
BLOCK16/SES161/SA161S12	SES105	-1.72971	-47.6147	-45.885
BLOCK16/SES161/SA161S12	SES158	-1.26303	-47.1481	-45.885
BLOCK16/SES161/SA161S12	SES275	-1.66999	-47.555	-45.885
BLOCK16/SES161/SA161S20	SES007	-2.15431	-49.4214	-47.2671
BLOCK16/SES161/SA161S20	SES105	-2.32973	-49.5968	-47.2671
BLOCK16/SES161/SA161S20	SES158	-1.7251	-48.9922	-47.2671
BLOCK16/SES161/SA161S20	SES275	-2.46041	-49.7275	-47.2671
BLOCK16/SES161/SA161S23	SES007	-1.9394	-47.4965	-45.5571
BLOCK16/SES161/SA161S23	SES105	-1.22829	-46.7854	-45.5571
BLOCK16/SES161/SA161S23	SES148	-1.93666	-47.4938	-45.5571
BLOCK16/SES161/SA161S23	SES158	-1.09819	-46.6553	-45.5571
BLOCK16/SES161/SA161S28	SES007	-2.75087	-48.7659	-46.0151
BLOCK16/SES161/SA161S28	SES105	-2.27324	-48.2883	-46.0151
BLOCK16/SES161/SA161S28	SES158	-0.935944	-46.951	-46.0151
BLOCK16/SES161/SA161S28	SES206	-1.23293	-47.248	-46.0151
BLOCK16/SES164/SA164S11	SES104	-1.39454	-46.0475	-44.653
BLOCK16/SES164/SA164S11	SES125	-0.788532	-45.4415	-44.653
BLOCK16/SES164/SA164S11	SES158	0.0395927	-44.6134	-44.653
BLOCK16/SES164/SA164S11	SES206	-1.87198	-46.525	-44.653
BLOCK16/SES164/SA164S13	SES099	-1.05897	-46.8102	-45.7513
BLOCK16/SES164/SA164S13	SES104	-1.62022	-47.3715	-45.7513
BLOCK16/SES164/SA164S13	SES125	-1.85336	-47.6046	-45.7513
BLOCK16/SES164/SA164S13	SES206	-2.42282	-48.1741	-45.7513
BLOCK16/SES164/SA164S24	SES002	-0.479267	-45.827	-45.3477
BLOCK16/SES164/SA164S24	SES099	-0.915489	-46.2632	-45.3477
BLOCK16/SES164/SA164S24	SES125	-1.99979	-47.3475	-45.3477
BLOCK16/SES164/SA164S24	SES226	-0.613113	-45.9608	-45.3477
BLOCK16/SES164/SA164S27	SES087	-2.84845	-48.2758	-45.4274
BLOCK16/SES164/SA164S27	SES125	-1.49844	-46.9258	-45.4274
BLOCK16/SES164/SA164S27	SES206	-1.82455	-47.2519	-45.4274
BLOCK16/SES164/SA164S27	SES226	-1.2183	-46.6457	-45.4274
BLOCK16/SES164/SA164S29	SES002	-0.0841675	-45.2219	-45.1377
BLOCK16/SES164/SA164S29	SES019	-1.30735	-46.4451	-45.1377
BLOCK16/SES164/SA164S29	SES125	-1.38879	-46.5265	-45.1377
BLOCK16/SES164/SA164S29	SES226	-1.08101	-46.2187	-45.1377
BLOCK16/SES169/SA169S13	SES117	-1.49648	-46.7873	-45.2908
BLOCK16/SES169/SA169S13	SES144	-1.03776	-46.3285	-45.2908
BLOCK16/SES169/SA169S13	SES146	-1.43066	-46.7214	-45.2908
BLOCK16/SES169/SA169S13	SES162	-1.5645	-46.8553	-45.2908
BLOCK16/SES169/SA169S14	SES144	-1.03587	-45.3747	-44.3389
BLOCK16/SES169/SA169S14	SES148	-0.996044	-45.3349	-44.3389
BLOCK16/SES169/SA169S14	SES177	-1.30343	-45.6423	-44.3389
BLOCK16/SES169/SA169S14	SES180	-2.30588	-46.6447	-44.3389
BLOCK16/SES169/SA169S24	SES117	-1.069	-47.0462	-45.9772
BLOCK16/SES169/SA169S24	SES144	-0.904118	-46.8813	-45.9772
BLOCK16/SES169/SA169S24	SES146	-1.33906	-47.3163	-45.9772
BLOCK16/SES169/SA169S24	SES162	-1.07962	-47.0568	-45.9772
BLOCK16/SES169/SA169S27	SES127	-1.70195	-46.8322	-45.1303
BLOCK16/SES169/SA169S27	SES129	-1.83168	-46.9619	-45.1303
BLOCK16/SES169/SA169S27	SES144	-1.8186	-46.9489	-45.1303
BLOCK16/SES169/SA169S27	SES146	-1.09415	-46.2244	-45.1303
BLOCK16/SES169/SA169S29	SES144	-0.70797	-45.1102	-44.4022
BLOCK16/SES169/SA169S29	SES162	-0.843674	-45.2459	-44.4022
BLOCK16/SES169/SA169S29	SES177	-2.13748	-46.5397	-44.4022
BLOCK16/SES169/SA169S29	SES180	-1.17004	-45.5722	-44.4022
BLOCK17/SES171/SA171S12	SES083	-1.60236	-47.5149	-45.9125
BLOCK17/SES171/SA171S12	SES148	-1.52864	-47.4412	-45.9125
BLOCK17/SES171/SA171S12	SES172	-1.458	-47.3705	-45.9125
BLOCK17/SES171/SA171S12	SES292	-2.26896	-48.1815	-45.9125
BLOCK17/SES171/SA171S15	SES148	-1.73589	-47.9226	-46.1867
BLOCK17/SES171/SA171S15	SES177	-1.82449	-48.0112	-46.1867
BLOCK17/SES171/SA171S15	SES180	-3.16973	-49.3565	-46.1867
BLOCK17/SES171/SA171S15	SES292	-2.77263	-48.9594	-46.1867
BLOCK17/SES171/SA171S22	SES007	-1.70213	-46.5812	-44.8791
BLOCK17/SES171/SA171S22	SES148	-1.607	-46.4861	-44.8791
BLOCK17/SES171/SA171S22	SES177	-0.685188	-45.5643	-44.8791
BLOCK17/SES171/SA171S22	SES180	-2.29872	-47.1778	-44.8791
BLOCK17/SES171/SA171S25	SES101	-3.09395	-49.0786	-45.9846
BLOCK17/SES171/SA171S25	SES120	-3.17331	-49.1579	-45.9846
BLOCK17/SES171/SA171S25	SES177	-1.27291	-47.2575	-45.9846
BLOCK17/SES171/SA171S25	SES180	-2.36703	-48.3516	-45.9846
BLOCK17/SES171/SA171S27	SES177	-0.827927	-46.2704	-45.4425
BLOCK17/SES171/SA171S27	SES180	-2.66422	-48.1067	-45.4425
BLOCK17/SES171/SA171S27	SES189	-1.18362	-46.6261	-45.4425
BLOCK17/SES171/SA171S27	SES292	-2.40704	-47.8495	-45.4425
BLOCK17/SES173/SA173S13	SES162	-2.63714	-49.121	-46.4838
BLOCK17/SES173/SA173S13	SES177	-2.54524	-49.0291	-46.4838
BLOCK17/SES173/SA173S13	SES180	-2.89864	-49.3825	-46.4838
BLOCK17/SES173/SA173S13	SES292	-1.9995	-48.4833	-46.4838
BLOCK17/SES173/SA173S14	SES007	-3.44344	-50.1374	-46.694
BLOCK17/SES173/SA173S14	SES162	-2.43286	-49.1268	-46.694
BLOCK17/SES173/SA173S14	SES177	-1.76931	-48.4633	-46.694
BLOCK17/SES173/SA173S14	SES180	-3.19135	-49.8853	-46.694
BLOCK17/SES173/SA173S24	SES144	-1.60168	-48.7638	-47.1621
BLOCK17/SES173/SA173S24	SES162	-2.84376	-50.0059	-47.1621
BLOCK17/SES173/SA173S24	SES177	-2.2117	-49.3738	-47.1621
BLOCK17/SES173/SA173S24	SES180	-3.15274	-50.3149	-47.1621
BLOCK17/SES173/SA173S27	SES162	-3.04919	-49.3041	-46.2549
BLOCK17/SES173/SA173S27	SES177	-2.15911	-48.414	-46.2549
BLOCK17/SES173/SA173S27	SES180	-2.44886	-48.7038	-46.2549
BLOCK17/SES173/SA173S27	SES292	-2.6041	-48.859	-46.2549
BLOCK17/SES173/SA173S29	SES162	-2.83047	-49.2786	-46.4481
BLOCK17/SES173/SA173S29	SES175	-1.45749	-47.9056	-46.4481
BLOCK17/SES173/SA173S29	SES177	-1.97032	-48.4185	-46.4481
BLOCK17/SES173/SA173S29	SES292	-3.15374	-49.6019	-46.4481
BLOCK18/SES182/SA182S10	SES144	-0.901665	-45.8862	-44.9846
BLOCK18/SES182/SA182S10	SES177	-1.30841	-46.293	-44.9846
BLOCK18/SES182/SA182S10	SES180	-2.17056	-47.1551	-44.9846
BLOCK18/SES182/SA182S10	SES275	-0.846405	-45.831	-44.9846
BLOCK18/SES182/SA182S12	SES144	-0.647087	-45.3793	-44.7322
BLOCK18/SES182/SA182S12	SES177	-0.930149	-45.6623	-44.7322
BLOCK18/SES182/SA182S12	SES180	-1.32451	-46.0567	-44.7322
BLOCK18/SES182/SA182S12	SES275	-1.22938	-45.9616	-44.7322
BLOCK18/SES182/SA182S21	SES117	-1.43974	-47.3022	-45.8625
BLOCK18/SES182/SA182S21	SES144	-1.25614	-47.1186	-45.8625
BLOCK18/SES182/SA182S21	SES162	-0.927078	-46.7896	-45.8625
BLOCK18/SES182/SA182S21	SES180	-1.676	-47.5385	-45.8625
BLOCK18/SES182/SA182S23	SES117	-1.37552	-46.9903	-45.6148
BLOCK18/SES182/SA182S23	SES144	-1.38427	-46.9991	-45.6148
BLOCK18/SES182/SA182S23	SES180	-1.69333	-47.3081	-45.6148
BLOCK18/SES182/SA182S23	SES275	-0.866169	-46.481	-45.6148
BLOCK18/SES182/SA182S25	SES007	-0.90332	-46.2031	-45.2998
BLOCK18/SES182/SA182S25	SES162	-0.624691	-45.9245	-45.2998
BLOCK18/SES182/SA182S25	SES177	-1.20837	-46.5082	-45.2998
BLOCK18/SES182/SA182S25	SES180	-1.58416	-46.884	-45.2998
BLOCK18/SES184/SA184S12	SES177	-1.6202	-46.8432	-45.223
BLOCK18/SES184/SA184S12	SES180	-1.76252	-46.9856	-45.223
BLOCK18/SES184/SA184S12	SES189	-2.29718	-47.5202	-45.223
BLOCK18/SES184/SA184S12	SES292	-2.17057	-47.3936	-45.223
BLOCK18/SES184/SA184S13	SES101	-1.9512	-46.9581	-45.0069
BLOCK18/SES184/SA184S13	SES177	-1.44325	-46.4502	-45.0069
BLOCK18/SES184/SA184S13	SES180	-1.58684	-46.5938	-45.0069
BLOCK18/SES184/SA184S13	SES292	-1.70322	-46.7102	-45.0069
BLOCK18/SES184/SA184S22	SES177	-1.8049	-46.1343	-44.3294
BLOCK18/SES184/SA184S22	SES180	-1.58277	-45.9122	-44.3294
BLOCK18/SES184/SA184S22	SES189	-2.77113	-47.1006	-44.3294
BLOCK18/SES184/SA184S22	SES292	-1.82396	-46.1534	-44.3294
BLOCK18/SES184/SA184S25	SES101	-0.956272	-45.0138	-44.0575
BLOCK18/SES184/SA184S25	SES177	-1.52973	-45.5872	-44.0575
BLOCK18/SES184/SA184S25	SES180	-1.15752	-45.215	-44.0575
BLOCK18/SES184/SA184S25	SES292	-1.09806	-45.1556	-44.0575
BLOCK18/SES184/SA184S27	SES083	-2.08256	-46.9047	-44.8222
BLOCK18/SES184/SA184S27	SES177	-1.38806	-46.2102	-44.8222
BLOCK18/SES184/SA184S27	SES202	-nan	-nan	-44.8222
BLOCK18/SES184/SA184S27	SES292	-1.53195	-46.3541	-44.8222
BLOCK20/SES204/SA204S12	SES062	-2.16009	-46.258	-44.0979
BLOCK20/SES204/SA204S12	SES083	-2.5598	-46.6577	-44.0979
BLOCK20/SES204/SA204S12	SES206	-0.779438	-44.8774	-44.0979
BLOCK20/SES204/SA204S12	SES226	-1.65989	-45.7578	-44.0979
BLOCK20/SES204/SA204S14	SES068	-2.64134	-46.0868	-43.4454
BLOCK20/SES204/SA204S14	SES087	-0.489513	-43.935	-43.4454
BLOCK20/SES204/SA204S14	SES206	-1.11137	-44.5568	-43.4454
BLOCK20/SES204/SA204S14	SES226	-1.64987	-45.0953	-43.4454
BLOCK20/SES204/SA204S22	SES068	-3.20678	-47.4272	-44.2204
BLOCK20/SES204/SA204S22	SES082	-2.79738	-47.0178	-44.2204
BLOCK20/SES204/SA204S22	SES083	-2.8473	-47.0677	-44.2204
BLOCK20/SES204/SA204S22	SES206	-1.2296	-45.45	-44.2204
BLOCK20/SES204/SA204S25	SES062	-2.34816	-46.8339	-44.4857
BLOCK20/SES204/SA204S25	SES083	-2.46652	-46.9523	-44.4857
BLOCK20/SES204/SA204S25	SES206	-0.700623	-45.1864	-44.4857
BLOCK20/SES204/SA204S25	SES226	-1.5481	-46.0338	-44.4857
BLOCK20/SES204/SA204S27	SES068	-3.30601	-48.0017	-44.6957
BLOCK20/SES204/SA204S27	SES082	-1.79156	-46.4872	-44.6957
BLOCK20/SES204/SA204S27	SES087	-0.73048	-45.4261	-44.6957
BLOCK20/SES204/SA204S27	SES206	-0.967648	-45.6633	-44.6957
BLOCK20/SES207/SA207S10	SES127	-1.26333	-46.6048	-45.3415
BLOCK20/SES207/SA207S10	SES183	-1.93709	-47.2786	-45.3415
BLOCK20/SES207/SA207S10	SES189	-1.94996	-47.2914	-45.3415
BLOCK20/SES207/SA207S10	SES292	-2.02249	-47.364	-45.3415
BLOCK20/SES207/SA207S11	SES127	-2.74546	-48.0239	-45.2785
BLOCK20/SES207/SA207S11	SES183	-2.14473	-47.4232	-45.2785
BLOCK20/SES207/SA207S11	SES187	-1.30693	-46.5854	-45.2785
BLOCK20/SES207/SA207S11	SES292	-1.61697	-46.8955	-45.2785
BLOCK20/SES207/SA207S25	SES068	-1.6113	-46.9644	-45.3531
BLOCK20/SES207/SA207S25	SES083	-2.87661	-48.2298	-45.3531
BLOCK20/SES207/SA207S25	SES127	-1.46372	-46.8169	-45.3531
BLOCK20/SES207/SA207S25	SES187	-0.823479	-46.1766	-45.3531
BLOCK20/SES207/SA207S27	SES127	-2.13677	-47.8994	-45.7627
BLOCK20/SES207/SA207S27	SES183	-1.35057	-47.1132	-45.7627
BLOCK20/SES207/SA207S27	SES187	-1.47575	-47.2384	-45.7627
BLOCK20/SES207/SA207S27	SES292	-1.9327	-47.6954	-45.7627
BLOCK20/SES207/SA207S29	SES083	-2.35899	-47.6688	-45.3099
BLOCK20/SES207/SA207S29	SES085	-0.826725	-46.1366	-45.3099
BLOCK20/SES207/SA207S29	SES172	-1.77746	-47.0873	-45.3099
BLOCK20/SES207/SA207S29	SES189	-2.02605	-47.3359	-45.3099
BLOCK22/SES221/SA221S12	SES068	-2.00828	-47.0498	-45.0415
BLOCK22/SES221/SA221S12	SES143	-2.24169	-47.2832	-45.0415
BLOCK22/SES221/SA221S12	SES175	-1.25009	-46.2916	-45.0415
BLOCK22/SES221/SA221S12	SES202	-nan	-nan	-45.0415
BLOCK22/SES221/SA221S15	SES085	-2.87264	-49.1008	-46.2282
BLOCK22/SES221/SA221S15	SES143	-2.73148	-48.9596	-46.2282
BLOCK22/SES221/SA221S15	SES175	-1.5828	-47.811	-46.2282
BLOCK22/SES221/SA221S15	SES187	-1.89462	-48.1228	-46.2282
BLOCK22/SES221/SA221S23	SES068	-2.68197	-47.9786	-45.2966
BLOCK22/SES221/SA221S23	SES143	-2.72712	-48.0237	-45.2966
BLOCK22/SES221/SA221S23	SES175	-1.34552	-46.6421	-45.2966
BLOCK22/SES221/SA221S23	SES189	-0.253185	-45.5498	-45.2966
BLOCK22/SES221/SA221S27	SES085	-3.8763	-49.1719	-45.2956
BLOCK22/SES221/SA221S27	SES143	-2.22792	-47.5235	-45.2956
BLOCK22/SES221/SA221S27	SES175	-1.58141	-46.877	-45.2956
BLOCK22/SES221/SA221S27	SES189	0.0992165	-45.1964	-45.2956
BLOCK22/SES221/SA221S29	SES085	-4.19648	-50.3852	-46.1887
BLOCK22/SES221/SA221S29	SES143	-2.78445	-48.9732	-46.1887
BLOCK22/SES221/SA221S29	SES175	-1.16307	-47.3518	-46.1887
BLOCK22/SES221/SA221S29	SES187	-1.18628	-47.375	-46.1887
BLOCK22/SES223/SA223S11	SES143	-1.70227	-47.6666	-45.9643
BLOCK22/SES223/SA223S11	SES144	-2.4873	-48.4516	-45.9643
BLOCK22/SES223/SA223S11	SES175	-0.88773	-46.8521	-45.9643
BLOCK22/SES223/SA223S11	SES187	-1.97924	-47.9436	-45.9643
BLOCK22/SES223/SA223S13	SES068	-2.06859	-48.9747	-46.9062
BLOCK22/SES223/SA223S13	SES143	-2.1392	-49.0454	-46.9062
BLOCK22/SES223/SA223S13	SES146	-3.69912	-50.6053	-46.9062
BLOCK22/SES223/SA223S13	SES202	-nan	-nan	-46.9062
BLOCK22/SES223/SA223S22	SES143	-1.66969	-47.521	-45.8513
BLOCK22/SES223/SA223S22	SES144	-2.68449	-48.5358	-45.8513
BLOCK22/SES223/SA223S22	SES175	-1.72538	-47.5767	-45.8513
BLOCK22/SES223/SA223S22	SES187	-1.56395	-47.4153	-45.8513
BLOCK22/SES223/SA223S25	SES068	-2.36592	-48.3972	-46.0313
BLOCK22/SES223/SA223S25	SES143	-1.66268	-47.694	-46.0313
BLOCK22/SES223/SA223S25	SES175	-0.82896	-46.8603	-46.0313
BLOCK22/SES223/SA223S25	SES187	-1.52699	-47.5583	-46.0313
BLOCK22/SES223/SA223S27	SES143	-1.20079	-47.4949	-46.2941
BLOCK22/SES223/SA223S27	SES146	-2.10495	-48.3991	-46.2941
BLOCK22/SES223/SA223S27	SES187	-1.79001	-48.0841	-46.2941
BLOCK22/SES223/SA223S27	SES292	-1.36982	-47.664	-46.2941
BLOCK27/SES273/SA273S12	SES099	-0.0475578	-43.5296	-43.4821
BLOCK27/SES273/SA273S12	SES104	-0.339504	-43.8216	-43.4821
BLOCK27/SES273/SA273S12	SES125	-0.609737	-44.0918	-43.4821
BLOCK27/SES273/SA273S12	SES206	-0.0225334	-43.5046	-43.4821
BLOCK27/SES273/SA273S13	SES099	-0.541706	-43.9131	-43.3714
BLOCK27/SES273/SA273S13	SES104	-1.00937	-44.3808	-43.3714
BLOCK27/SES273/SA273S13	SES206	-0.531258	-43.9027	-43.3714
BLOCK27/SES273/SA273S13	SES292	-3.05854	-46.4299	-43.3714
BLOCK27/SES273/SA273S21	SES099	-0.0349655	-43.8756	-43.8406
BLOCK27/SES273/SA273S21	SES148	-2.5711	-46.4117	-43.8406
BLOCK27/SES273/SA273S21	SES149	-0.972984	-44.8136	-43.8406
BLOCK27/SES273/SA273S21	SES177	-3.61424	-47.4549	-43.8406
BLOCK27/SES273/SA273S25	SES104	-0.923389	-44.8271	-43.9037
BLOCK27/SES273/SA273S25	SES125	-1.13553	-45.0392	-43.9037
BLOCK27/SES273/SA273S25	SES158	-0.524567	-44.4283	-43.9037
BLOCK27/SES273/SA273S25	SES206	-0.190063	-44.0938	-43.9037
BLOCK27/SES273/SA273S27	SES099	-0.484543	-44.0056	-43.5211
BLOCK27/SES273/SA273S27	SES104	-0.833134	-44.3542	-43.5211
BLOCK27/SES273/SA273S27	SES149	-0.597099	-44.1182	-43.5211
BLOCK27/SES273/SA273S27	SES275	-1.73394	-45.255	-43.5211
BLOCK27/SES274/SA274S10	SES105	-0.998158	-44.7699	-43.7717
BLOCK27/SES274/SA274S10	SES125	-0.8046	-44.5763	-43.7717
BLOCK27/SES274/SA274S10	SES129	-0.74181	-44.5135	-43.7717
BLOCK27/SES274/SA274S10	SES158	-1.13482	-44.9066	-43.7717
BLOCK27/SES274/SA274S11	SES105	-1.26913	-45.2987	-44.0296
BLOCK27/SES274/SA274S11	SES149	-0.949184	-44.9788	-44.0296
BLOCK27/SES274/SA274S11	SES158	-0.94305	-44.9727	-44.0296
BLOCK27/SES274/SA274S11	SES275	-1.33302	-45.3626	-44.0296
BLOCK27/SES274/SA274S21	SES105	-1.02874	-45.3377	-44.3089
BLOCK27/SES274/SA274S21	SES129	-0.995846	-45.3048	-44.3089
BLOCK27/SES274/SA274S21	SES149	-0.595703	-44.9046	-44.3089
BLOCK27/SES274/SA274S21	SES158	-1.61642	-45.9254	-44.3089
BLOCK27/SES274/SA274S24	SES105	-1.22915	-45.7531	-44.5239
BLOCK27/SES274/SA274S24	SES129	-1.86898	-46.3929	-44.5239
BLOCK27/SES274/SA274S24	SES149	-0.572662	-45.0966	-44.5239
BLOCK27/SES274/SA274S24	SES158	-1.3272	-45.8511	-44.5239
BLOCK27/SES274/SA274S29	SES105	-1.6513	-45.7849	-44.1336
BLOCK27/SES274/SA274S29	SES106	-2.07646	-46.21	-44.1336
BLOCK27/SES274/SA274S29	SES120	-2.25999	-46.3935	-44.1336
BLOCK27/SES274/SA274S29	SES275	-1.30922	-45.4428	-44.1336
BLOCK27/SES276/SA276S16	SES148	-1.53079	-46.8122	-45.2814
BLOCK27/SES276/SA276S16	SES172	-1.82083	-47.1022	-45.2814
BLOCK27/SES276/SA276S16	SES180	-2.79132	-48.0727	-45.2814
BLOCK27/SES276/SA276S16	SES292	-1.21382	-46.4952	-45.2814
BLOCK27/SES276/SA276S17	SES101	-1.43351	-46.4924	-45.0589
BLOCK27/SES276/SA276S17	SES177	-1.46832	-46.5272	-45.0589
BLOCK27/SES276/SA276S17	SES180	-1.58463	-46.6435	-45.0589
BLOCK27/SES276/SA276S17	SES292	-1.63796	-46.6968	-45.0589
BLOCK27/SES276/SA276S24	SES101	-0.913166	-44.9834	-44.0703
BLOCK27/SES276/SA276S24	SES177	-1.71916	-45.7894	-44.0703
BLOCK27/SES276/SA276S24	SES180	-1.81818	-45.8885	-44.0703
BLOCK27/SES276/SA276S24	SES292	-1.76933	-45.8396	-44.0703
BLOCK27/SES276/SA276S26	SES101	-2.29514	-46.8502	-44.5551
BLOCK27/SES276/SA276S26	SES177	-1.4735	-46.0286	-44.5551
BLOCK27/SES276/SA276S26	SES180	-1.15581	-45.7109	-44.5551
BLOCK27/SES276/SA276S26	SES292	-1.12379	-45.6789	-44.5551
BLOCK27/SES276/SA276S28	SES101	-2.25701	-46.8621	-44.6051
BLOCK27/SES276/SA276S28	SES177	-1.93167	-46.5368	-44.6051
BLOCK27/SES276/SA276S28	SES180	-1.61765	-46.2227	-44.6051
BLOCK27/SES276/SA276S28	SES292	-2.02853	-46.6336	-44.6051
BLOCK27/SES277/SA277S12	SES101	-0.59927	-46.2271	-45.6279
BLOCK27/SES277/SA277S12	SES177	-1.73779	-47.3657	-45.6279
BLOCK27/SES277/SA277S12	SES180	-2.15482	-47.7827	-45.6279
BLOCK27/SES277/SA277S12	SES292	-2.14773	-47.7756	-45.6279
BLOCK27/SES277/SA277S14	SES177	-1.17215	-47.2092	-46.037
BLOCK27/SES277/SA277S14	SES180	-2.24899	-48.286	-46.037
BLOCK27/SES277/SA277S14	SES189	-1.04033	-47.0773	-46.037
BLOCK27/SES277/SA277S14	SES292	-2.96778	-49.0048	-46.037
BLOCK27/SES277/SA277S21	SES177	-1.02419	-45.8517	-44.8275
BLOCK27/SES277/SA277S21	SES180	-2.43915	-47.2666	-44.8275
BLOCK27/SES277/SA277S21	SES189	-1.21701	-46.0445	-44.8275
BLOCK27/SES277/SA277S21	SES292	-3.05201	-47.8795	-44.8275
BLOCK27/SES277/SA277S24	SES144	-1.60986	-47.5459	-45.936
BLOCK27/SES277/SA277S24	SES177	-1.25051	-47.1865	-45.936
BLOCK27/SES277/SA277S24	SES180	-2.47721	-48.4132	-45.936
BLOCK27/SES277/SA277S24	SES189	-1.59992	-47.5359	-45.936
BLOCK27/SES277/SA277S29	SES177	-1.12704	-45.0332	-43.9061
BLOCK27/SES277/SA277S29	SES180	-1.38481	-45.2909	-43.9061
BLOCK27/SES277/SA277S29	SES202	-nan	-nan	-43.9061
BLOCK27/SES277/SA277S29	SES292	-2.18646	-46.0926	-43.9061
BLOCK27/SES279/SA279S09	SES120	-1.83602	-46.1279	-44.2919
BLOCK27/SES279/SA279S09	SES146	-1.54458	-45.8365	-44.2919
BLOCK27/SES279/SA279S09	SES206	-1.93237	-46.2243	-44.2919
BLOCK27/SES279/SA279S09	SES226	-2.12803	-46.42	-44.2919
BLOCK27/SES279/SA279S10	SES099	-1.16965	-45.4117	-44.2421
BLOCK27/SES279/SA279S10	SES206	-1.15583	-45.3979	-44.2421
BLOCK27/SES279/SA279S10	SES226	-1.73528	-45.9773	-44.2421
BLOCK27/SES279/SA279S10	SES292	-1.59505	-45.8371	-44.2421
BLOCK27/SES279/SA279S20	SES099	-1.8238	-46.6255	-44.8017
BLOCK27/SES279/SA279S20	SES206	-0.824165	-45.6259	-44.8017
BLOCK27/SES279/SA279S20	SES226	-1.87144	-46.6731	-44.8017
BLOCK27/SES279/SA279S20	SES292	-0.92939	-45.7311	-44.8017
BLOCK27/SES279/SA279S26	SES099	-1.64217	-46.0991	-44.4569
BLOCK27/SES279/SA279S26	SES206	-0.782921	-45.2398	-44.4569
BLOCK27/SES279/SA279S26	SES226	-1.50549	-45.9624	-44.4569
BLOCK27/SES279/SA279S26	SES292	-1.87252	-46.3294	-44.4569
BLOCK27/SES279/SA279S28	SES099	-1.53946	-44.7384	-43.1989
BLOCK27/SES279/SA279S28	SES120	-1.73082	-44.9297	-43.1989
BLOCK27/SES279/SA279S28	SES177	-2.90476	-46.1037	-43.1989
BLOCK27/SES279/SA279S28	SES206	-1.70482	-44.9037	-43.1989
BLOCK29/SES290/SA290S12	SES162	-2.0725	-46.2868	-44.2143
BLOCK29/SES290/SA290S12	SES177	-1.88374	-46.098	-44.2143
BLOCK29/SES290/SA290S12	SES180	-2.05111	-46.2654	-44.2143
BLOCK29/SES290/SA290S12	SES292	-2.06289	-46.2772	-44.2143
BLOCK29/SES290/SA290S13	SES007	-2.89848	-48.0337	-45.1352
BLOCK29/SES290/SA290S13	SES162	-2.24771	-47.3829	-45.1352
BLOCK29/SES290/SA290S13	SES177	-1.41616	-46.5514	-45.1352
BLOCK29/SES290/SA290S13	SES180	-1.7833	-46.9185	-45.1352
BLOCK29/SES290/SA290S22	SES177	-1.4047	-45.9955	-44.5908
BLOCK29/SES290/SA290S22	SES180	-1.38869	-45.9795	-44.5908
BLOCK29/SES290/SA290S22	SES202	-nan	-nan	-44.5908
BLOCK29/SES290/SA290S22	SES292	-2.19812	-46.7889	-44.5908
BLOCK29/SES290/SA290S25	SES162	-1.29485	-45.7929	-44.4981
BLOCK29/SES290/SA290S25	SES177	-1.35749	-45.8556	-44.4981
BLOCK29/SES290/SA290S25	SES180	-0.990566	-45.4887	-44.4981
BLOCK29/SES290/SA290S25	SES292	-1.22795	-45.726	-44.4981
BLOCK29/SES290/SA290S29	SES177	-0.559559	-44.9306	-44.3711
BLOCK29/SES290/SA290S29	SES180	-1.05001	-45.4211	-44.3711
BLOCK29/SES290/SA290S29	SES275	-2.21852	-46.5896	-44.3711
BLOCK29/SES290/SA290S29	SES292	-1.28365	-45.6547	-44.3711
BLOCK29/SES291/SA291S11	SES105	-2.8434	-47.9174	-45.074
BLOCK29/SES291/SA291S11	SES125	-1.41943	-46.4934	-45.074
BLOCK29/SES291/SA291S11	SES158	-1.19524	-46.2692	-45.074
BLOCK29/SES291/SA291S11	SES275	-3.29325	-48.3672	-45.074
BLOCK29/SES291/SA291S12	SES158	0.107796	-44.5307	-44.6384
BLOCK29/SES291/SA291S12	SES226	-1.05951	-45.698	-44.6384
BLOCK29/SES291/SA291S12	SES270	-0.213638	-44.8521	-44.6384
BLOCK29/SES291/SA291S12	SES275	-3.75337	-48.3918	-44.6384
BLOCK29/SES291/SA291S22	SES082	-0.969486	-45.5351	-44.5656
BLOCK29/SES291/SA291S22	SES158	-0.842808	-45.4084	-44.5656
BLOCK29/SES291/SA291S22	SES259	-1.46675	-46.0323	-44.5656
BLOCK29/SES291/SA291S22	SES275	-2.85787	-47.4235	-44.5656
BLOCK29/SES291/SA291S24	SES104	-0.425457	-43.9763	-43.5509
BLOCK29/SES291/SA291S24	SES125	-0.411812	-43.9627	-43.5509
BLOCK29/SES291/SA291S24	SES158	-0.737282	-44.2881	-43.5509
BLOCK29/SES291/SA291S24	SES275	-3.26828	-46.8191	-43.5509
BLOCK29/SES291/SA291S27	SES158	-0.277199	-44.0091	-43.7319
BLOCK29/SES291/SA291S27	SES172	-5.0226	-48.7545	-43.7319
BLOCK29/SES291/SA291S27	SES275	-3.77665	-47.5086	-43.7319
BLOCK29/SES291/SA291S27	SES292	-3.21159	-46.9435	-43.7319
