BLOCK00/SES002/SA002S12	SES002	1.51772	-38.4499	-39.9676
BLOCK00/SES002/SA002S13	SES002	1.88091	-38.5471	-40.428
BLOCK00/SES002/SA002S23	SES002	1.2449	-38.4745	-39.7194
BLOCK00/SES002/SA002S26	SES002	2.17483	-37.9554	-40.1302
BLOCK00/SES002/SA002S28	SES002	1.27173	-38.6347	-39.9064
BLOCK00/SES007/SA007S14	SES007	0.891979	-38.0975	-38.9894
BLOCK00/SES007/SA007S15	SES007	0.545322	-39.201	-39.7463
BLOCK00/SES007/SA007S24	SES007	0.689091	-39.0586	-39.7477
BLOCK00/SES007/SA007S27	SES007	0.130337	-40.0562	-40.1865
BLOCK00/SES007/SA007S29	SES007	0.199554	-38.6825	-38.8821
BLOCK00/SES008/SA008S11	SES008	1.24395	-38.8657	-40.1096
BLOCK00/SES008/SA008S12	SES008	0.381794	-39.9206	-40.3024
BLOCK00/SES008/SA008S19	SES008	1.3104	-38.3273	-39.6377
BLOCK00/SES008/SA008S22	SES008	1.15448	-39.4684	-40.6229
BLOCK00/SES008/SA008S29	SES008	1.13622	-38.659	-39.7952
BLOCK01/SES014/SA014S10	SES014	1.66382	-38.5271	-40.191
BLOCK01/SES014/SA014S12	SES014	2.38527	-36.7162	-39.1015
BLOCK01/SES014/SA014S24	SES014	1.30307	-38.4963	-39.7993
BLOCK01/SES014/SA014S26	SES014	2.07364	-36.4832	-38.5569
BLOCK01/SES014/SA014S28	SES014	2.25968	-36.9002	-39.1599
BLOCK01/SES016/SA016S12	SES016	1.15049	-40.4	-41.5505
BLOCK01/SES016/SA016S13	SES016	0.843708	-39.45	-40.2938
BLOCK01/SES016/SA016S22	SES016	0.571697	-40.0344	-40.6061
BLOCK01/SES016/SA016S25	SES016	1.53344	-37.3158	-38.8493
BLOCK01/SES016/SA016S27	SES016	1.07417	-38.1162	-39.1904
BLOCK01/SES019/SA019S13	SES019	2.84035	-39.0084	-41.8488
BLOCK01/SES019/SA019S14	SES019	1.5326	-39.4844	-41.017
BLOCK01/SES019/SA019S22	SES019	2.45459	-38.8349	-41.2895
BLOCK01/SES019/SA019S25	SES019	2.37836	-39.1028	-41.4812
BLOCK01/SES019/SA019S29	SES019	3.17825	-38.8166	-41.9948
BLOCK02/SES029/SA029S11	SES029	1.12197	-38.8358	-39.9578
BLOCK02/SES029/SA029S12	SES029	-0.0235939	-39.3477	-39.3241
BLOCK02/SES029/SA029S20	SES029	0.366043	-40.2161	-40.5821
BLOCK02/SES029/SA029S25	SES029	0.419449	-39.0562	-39.4756
BLOCK02/SES029/SA029S28	SES029	0.1548	-39.886	-40.0408
BLOCK04/SES042/SA042S12	SES042	2.07088	-37.6497	-39.7206
BLOCK04/SES042/SA042S15	SES042	2.09763	-38.1409	-40.2385
BLOCK04/SES042/SA042S22	SES042	3.03167	-36.3686	-39.4003
BLOCK04/SES042/SA042S25	SES042	2.20824	-38.9337	-41.1419
BLOCK04/SES042/SA042S27	SES042	2.10934	-37.6398	-39.7491
BLOCK04/SES048/SA048S11	SES048	1.22852	-38.5944	-39.8229
BLOCK04/SES048/SA048S12	SES048	0.684959	-38.9253	-39.6103
BLOCK04/SES048/SA048S20	SES048	0.68782	-38.7181	-39.4059
BLOCK04/SES048/SA048S23	SES048	1.17475	-39.0573	-40.232
BLOCK04/SES048/SA048S27	SES048	0.785519	-38.2421	-39.0276
BLOCK06/SES060/SA060S11	SES060	1.23695	-38.6785	-39.9154
BLOCK06/SES060/SA060S12	SES060	-1.09445	-40.8827	-39.7882
BLOCK06/SES060/SA060S22	SES060	-0.460964	-40.9687	-40.5078
BLOCK06/SES060/SA060S24	SES060	0.780067	-38.7525	-39.5326
BLOCK06/SES060/SA060S28	SES060	0.8727	-37.47	-38.3427
BLOCK06/SES062/SA062S10	SES062	0.622677	-38.8431	-39.4658
BLOCK06/SES062/SA062S11	SES062	1.2021	-38.3527	-39.5548
BLOCK06/SES062/SA062S21	SES062	1.56646	-36.6775	-38.244
BLOCK06/SES062/SA062S26	SES062	0.470592	-38.0994	-38.57
BLOCK06/SES062/SA062S29	SES062	1.0567	-37.575	-38.6317
BLOCK06/SES068/SA068S14	SES068	0.0686569	-39.5175	-39.5861
BLOCK06/SES068/SA068S15	SES068	0.496521	-38.5599	-39.0564
BLOCK06/SES068/SA068S23	SES068	0.691898	-39.4595	-40.1514
BLOCK06/SES068/SA068S27	SES068	1.1219	-38.1888	-39.3107
BLOCK06/SES068/SA068S29	SES068	0.685841	-38.9198	-39.6057
BLOCK08/SES082/SA082S12	SES082	0.462517	-40.6111	-41.0736
BLOCK08/SES082/SA082S14	SES082	0.318413	-40.5659	-40.8843
BLOCK08/SES082/SA082S21	SES082	0.795074	-39.5729	-40.3679
BLOCK08/SES082/SA082S24	SES082	0.698269	-39.404	-40.1023
BLOCK08/SES082/SA082S28	SES082	0.691166	-39.684	-40.3751
BLOCK08/SES083/SA083S14	SES083	-0.582577	-40.1299	-39.5473
BLOCK08/SES083/SA083S15	SES083	0.151028	-39.3467	-39.4977
BLOCK08/SES083/SA083S24	SES083	-0.179512	-40.031	-39.8514
BLOCK08/SES083/SA083S26	SES083	0.728172	-39.0392	-39.7674
BLOCK08/SES083/SA083S29	SES083	-0.22472	-39.5084	-39.2836
BLOCK08/SES085/SA085S10	SES085	-0.0505829	-39.5331	-39.4825
BLOCK08/SES085/SA085S13	SES085	0.420784	-39.6757	-40.0965
BLOCK08/SES085/SA085S22	SES085	-1.85782	-41.708	-39.8502
BLOCK08/SES085/SA085S26	SES085	-0.278908	-39.7607	-39.4818
BLOCK08/SES085/SA085S28	SES085	0.736874	-38.9883	-39.7252
BLOCK08/SES087/SA087S15	SES087	1.4361	-39.0169	-40.453
BLOCK08/SES087/SA087S16	SES087	1.37259	-39.0175	-40.3901
BLOCK08/SES087/SA087S24	SES087	1.57231	-38.9292	-40.5015
BLOCK08/SES087/SA087S26	SES087	1.29725	-37.95	-39.2472
BLOCK08/SES087/SA087S29	SES087	1.57355	-38.8446	-40.4182
BLOCK09/SES099/SA099S15	SES099	0.876526	-39.6492	-40.5258
BLOCK09/SES099/SA099S16	SES099	0.989262	-39.4369	-40.4262
BLOCK09/SES099/SA099S24	SES099	1.20152	-38.6791	-39.8806
BLOCK09/SES099/SA099S26	SES099	1.33379	-38.6329	-39.9667
BLOCK09/SES099/SA099S29	SES099	1.23502	-38.7805	-40.0155
BLOCK10/SES101/SA101S11	SES101	0.500187	-39.0866	-39.5868
BLOCK10/SES101/SA101S13	SES101	1.12077	-38.4619	-39.5826
BLOCK10/SES101/SA101S22	SES101	0.97237	-39.4375	-40.4099
BLOCK10/SES101/SA101S24	SES101	1.08965	-38.9187	-40.0084
BLOCK10/SES101/SA101S28	SES101	-0.0400848	-40.2073	-40.1672
BLOCK10/SES104/SA104S11	SES104	1.2097	-37.9355	-39.1452
BLOCK10/SES104/SA104S12	SES104	1.54994	-37.735	-39.2849
BLOCK10/SES104/SA104S21	SES104	1.25986	-38.538	-39.7979
BLOCK10/SES104/SA104S24	SES104	1.02876	-39.1198	-40.1486
BLOCK10/SES104/SA104S28	SES104	1.31065	-38.5214	-39.8321
BLOCK10/SES105/SA105S12	SES105	0.466393	-40.2324	-40.6988
BLOCK10/SES105/SA105S13	SES105	0.820511	-39.8188	-40.6393
BLOCK10/SES105/SA105S22	SES105	0.49736	-40.6525	-41.1499
BLOCK10/SES105/SA105S26	SES105	1.49654	-39.4303	-40.9268
BLOCK10/SES105/SA105S29	SES105	0.457005	-39.8567	-40.3137
BLOCK10/SES106/SA106S09	SES106	1.61784	-39.8598	-41.4776
BLOCK10/SES106/SA106S11	SES106	1.34736	-38.6419	-39.9893
BLOCK10/SES106/SA106S22	SES106	2.15685	-38.8527	-41.0096
BLOCK10/SES106/SA106S27	SES106	1.41047	-38.8132	-40.2237
BLOCK10/SES106/SA106S29	SES106	1.2209	-38.7411	-39.962
BLOCK11/SES117/SA117S12	SES117	0.487583	-39.6236	-40.1112
BLOCK11/SES117/SA117S13	SES117	0.685535	-39.3306	-40.0161
BLOCK11/SES117/SA117S23	SES117	1.28024	-39.9523	-41.2325
BLOCK11/SES117/SA117S25	SES117	0.57885	-40.3452	-40.9241
BLOCK11/SES117/SA117S28	SES117	1.17401	-40.0308	-41.2048
BLOCK12/SES120/SA120S08	SES120	0.776646	-40.8885	-41.6651
BLOCK12/SES120/SA120S11	SES120	0.490124	-41.8068	-42.2969
BLOCK12/SES120/SA120S22	SES120	0.32209	-39.7651	-40.0872
BLOCK12/SES120/SA120S24	SES120	0.406689	-40.094	-40.5007
BLOCK12/SES120/SA120S28	SES120	0.0204201	-41.4547	-41.4751
BLOCK12/SES125/SA125S13	SES125	1.52262	-38.304	-39.8266
BLOCK12/SES125/SA125S14	SES125	0.939457	-39.2035	-40.143
BLOCK12/SES125/SA125S25	SES125	1.90789	-38.1762	-40.084
BLOCK12/SES125/SA125S27	SES125	1.71486	-37.7428	-39.4577
BLOCK12/SES125/SA125S29	SES125	1.43172	-38.2842	-39.7159
BLOCK12/SES127/SA127S11	SES127	0.57233	-39.3223	-39.8947
BLOCK12/SES127/SA127S12	SES127	-0.349472	-39.7337	-39.3842
BLOCK12/SES127/SA127S23	SES127	0.358982	-39.4663	-39.8253
BLOCK12/SES127/SA127S25	SES127	-0.292995	-40.0392	-39.7462
BLOCK12/SES127/SA127S27	SES127	0.569824	-38.7447	-39.3145
BLOCK12/SES129/SA129S11	SES129	1.13056	-38.2051	-39.3357
BLOCK12/SES129/SA129S12	SES129	0.690464	-38.3519	-39.0424
BLOCK12/SES129/SA129S22	SES129	0.776855	-38.75	-39.5268
BLOCK12/SES129/SA129S27	SES129	1.24376	-38.0324	-39.2762
BLOCK12/SES129/SA129S29	SES129	1.34311	-38.1131	-39.4562
BLOCK14/SES142/SA142S11	SES142	1.49284	-39.0442	-40.537
BLOCK14/SES142/SA142S12	SES142	0.62989	-39.9556	-40.5855
BLOCK14/SES142/SA142S24	SES142	1.48455	-39.1743	-40.6588
BLOCK14/SES142/SA142S27	SES142	1.91782	-38.6655	-40.5833
BLOCK14/SES142/SA142S29	SES142	1.80429	-38.3282	-40.1325
BLOCK14/SES143/SA143S12	SES143	0.805111	-39.6914	-40.4965
BLOCK14/SES143/SA143S13	SES143	0.486332	-40.0425	-40.5288
BLOCK14/SES143/SA143S23	SES143	0.965244	-39.7638	-40.7291
BLOCK14/SES143/SA143S25	SES143	0.723724	-40.0235	-40.7472
BLOCK14/SES143/SA143S28	SES143	0.738781	-39.1943	-39.9331
BLOCK14/SES144/SA144S09	SES144	0.713409	-39.2399	-39.9534
BLOCK14/SES144/SA144S11	SES144	0.604652	-40.3366	-40.9412
BLOCK14/SES144/SA144S21	SES144	-0.151478	-40.4042	-40.2527
BLOCK14/SES144/SA144S25	SES144	0.490242	-39.8974	-40.3876
BLOCK14/SES144/SA144S29	SES144	0.195965	-39.9098	-40.1057
BLOCK14/SES146/SA146S14	SES146	0.345791	-40.3453	-40.6911
BLOCK14/SES146/SA146S15	SES146	0.0269508	-40.0297	-40.0566
BLOCK14/SES146/SA146S24	SES146	0.520493	-39.8645	-40.385
BLOCK14/SES146/SA146S26	SES146	0.50948	-40.3396	-40.8491
BLOCK14/SES146/SA146S29	SES146	0.456779	-40.572	-41.0288
BLOCK14/SES147/SA147S11	SES147	1.52024	-39.2511	-40.7713
BLOCK14/SES147/SA147S13	SES147	1.438	-38.4466	-39.8846
BLOCK14/SES147/SA147S23	SES147	1.00028	-39.826	-40.8262
BLOCK14/SES147/SA147S26	SES147	0.788074	-39.5788	-40.3668
BLOCK14/SES147/SA147S28	SES147	1.38109	-39.0117	-40.3928
BLOCK14/SES148/SA148S10	SES148	0.954529	-38.7733	-39.7279
BLOCK14/SES148/SA148S12	SES148	0.489395	-39.874	-40.3634
BLOCK14/SES148/SA148S22	SES148	0.977566	-38.1973	-39.1749
BLOCK14/SES148/SA148S26	SES148	0.514515	-39.1129	-39.6275
BLOCK14/SES148/SA148S29	SES148	0.342396	-39.9226	-40.265
BLOCK14/SES149/SA149S13	SES149	0.0572968	-39.7253	-39.7826
BLOCK14/SES149/SA149S14	SES149	0.415421	-39.0056	-39.421
BLOCK14/SES149/SA149S24	SES149	1.16872	-38.6419	-39.8107
BLOCK14/SES149/SA149S26	SES149	1.62922	-38.1162	-39.7455
BLOCK14/SES149/SA149S28	SES149	1.50059	-37.4399	-38.9405
BLOCK15/SES158/SA158S13	SES158	1.19757	-39.5394	-40.737
BLOCK15/SES158/SA158S14	SES158	1.72665	-39.2811	-41.0078
BLOCK15/SES158/SA158S23	SES158	1.09464	-39.1644	-40.2591
BLOCK15/SES158/SA158S26	SES158	1.79657	-38.9518	-40.7484
BLOCK15/SES158/SA158S28	SES158	0.93232	-39.6052	-40.5375
BLOCK16/SES162/SA162S10	SES162	1.0617	-40.2507	-41.3124
BLOCK16/SES162/SA162S11	SES162	0.890694	-39.158	-40.0487
BLOCK16/SES162/SA162S21	SES162	1.25276	-39.2332	-40.486
BLOCK16/SES162/SA162S24	SES162	1.106	-39.4385	-40.5445
BLOCK16/SES162/SA162S27	SES162	1.02946	-39.8752	-40.9047
BLOCK16/SES167/SA167S14	SES167	0.816551	-38.3659	-39.1824
BLOCK16/SES167/SA167S15	SES167	1.2285	-39.1091	-40.3377
BLOCK16/SES167/SA167S21	SES167	1.27102	-38.0562	-39.3273
BLOCK16/SES167/SA167S25	SES167	1.38817	-38.8265	-40.2147
BLOCK16/SES167/SA167S29	SES167	1.81281	-37.5346	-39.3474
BLOCK17/SES172/SA172S12	SES172	1.10011	-39.4504	-40.5505
BLOCK17/SES172/SA172S13	SES172	1.57894	-38.9079	-40.4869
BLOCK17/SES172/SA172S23	SES172	0.499996	-38.3535	-38.8535
BLOCK17/SES172/SA172S27	SES172	0.342525	-39.5907	-39.9333
BLOCK17/SES172/SA172S29	SES172	0.987774	-39.1464	-40.1342
BLOCK17/SES175/SA175S11	SES175	1.20004	-38.8237	-40.0237
BLOCK17/SES175/SA175S13	SES175	0.87851	-39.143	-40.0215
BLOCK17/SES175/SA175S23	SES175	1.34923	-39.1894	-40.5387
BLOCK17/SES175/SA175S25	SES175	0.384464	-40.858	-41.2425
BLOCK17/SES175/SA175S28	SES175	1.25443	-38.8914	-40.1458
BLOCK17/SES177/SA177S15	SES177	-0.184174	-39.9803	-39.7961
BLOCK17/SES177/SA177S17	SES177	-0.0912819	-39.8925	-39.8012
BLOCK17/SES177/SA177S23	SES177	-0.0910378	-40.222	-40.131
BLOCK17/SES177/SA177S26	SES177	0.440804	-38.0951	-38.5359
BLOCK17/SES177/SA177S28	SES177	0.583561	-38.7298	-39.3134
BLOCK18/SES180/SA180S13	SES180	0.186802	-39.8015	-39.9883
BLOCK18/SES180/SA180S15	SES180	0.401886	-39.8044	-40.2063
BLOCK18/SES180/SA180S24	SES180	0.782341	-38.2041	-38.9864
BLOCK18/SES180/SA180S26	SES180	0.658211	-39.0606	-39.7189
BLOCK18/SES180/SA180S29	SES180	0.87331	-39.6493	-40.5226
BLOCK18/SES183/SA183S13	SES183	0.947208	-39.83	-40.7772
BLOCK18/SES183/SA183S14	SES183	0.224148	-40.3587	-40.5829
BLOCK18/SES183/SA183S24	SES183	0.887627	-39.9656	-40.8532
BLOCK18/SES183/SA183S27	SES183	0.922573	-39.4926	-40.4152
BLOCK18/SES183/SA183S29	SES183	1.05779	-39.1851	-40.2429
BLOCK18/SES187/SA187S13	SES187	0.520325	-40.5847	-41.105
BLOCK18/SES187/SA187S14	SES187	0.503918	-40.3366	-40.8405
BLOCK18/SES187/SA187S24	SES187	1.23703	-39.3266	-40.5637
BLOCK18/SES187/SA187S27	SES187	0.995262	-39.273	-40.2683
BLOCK18/SES187/SA187S29	SES187	0.932083	-39.9781	-40.9102
BLOCK18/SES189/SA189S10	SES189	1.12196	-41.3331	-42.4551
BLOCK18/SES189/SA189S13	SES189	1.39137	-41.5937	-42.9851
BLOCK18/SES189/SA189S24	SES189	1.4916	-40.5798	-42.0714
BLOCK18/SES189/SA189S26	SES189	0.797077	-40.5339	-41.331
BLOCK18/SES189/SA189S29	SES189	1.72506	-40.0554	-41.7805
BLOCK20/SES202/SA202S12	SES202	1.00527	-40.2689	-41.2742
BLOCK20/SES202/SA202S14	SES202	2.27271	-38.6268	-40.8995
BLOCK20/SES202/SA202S24	SES202	1.45236	-39.3676	-40.82
BLOCK20/SES202/SA202S27	SES202	1.53279	-38.0855	-39.6182
BLOCK20/SES202/SA202S29	SES202	1.96318	-38.0396	-40.0028
BLOCK20/SES206/SA206S15	SES206	0.174397	-39.0595	-39.2339
BLOCK20/SES206/SA206S17	SES206	1.59604	-38.0145	-39.6106
BLOCK20/SES206/SA206S24	SES206	1.68475	-37.9046	-39.5893
BLOCK20/SES206/SA206S27	SES206	1.47353	-38.7259	-40.1994
BLOCK20/SES206/SA206S29	SES206	1.49475	-37.6572	-39.1519
BLOCK22/SES226/SA226S12	SES226	1.3438	-39.2722	-40.616
BLOCK22/SES226/SA226S13	SES226	0.184406	-40.2353	-40.4197
BLOCK22/SES226/SA226S20	SES226	1.25065	-39.4748	-40.7254
BLOCK22/SES226/SA226S23	SES226	1.56697	-38.7263	-40.2933
BLOCK22/SES226/SA226S28	SES226	1.42852	-38.7226	-40.1512
BLOCK25/SES259/SA259S13	SES259	2.84599	-37.3855	-40.2315
BLOCK25/SES259/SA259S14	SES259	1.57718	-38.5104	-40.0876
BLOCK25/SES259/SA259S22	SES259	1.18227	-38.6844	-39.8666
BLOCK25/SES259/SA259S24	SES259	1.64502	-37.9313	-39.5763
BLOCK25/SES259/SA259S28	SES259	1.5453	-37.9315	-39.4768
BLOCK27/SES270/SA270S14	SES270	1.95245	-39.6054	-41.5578
BLOCK27/SES270/SA270S16	SES270	0.579449	-39.7491	-40.3286
BLOCK27/SES270/SA270S22	SES270	2.32624	-38.6169	-40.9432
BLOCK27/SES270/SA270S26	SES270	0.98291	-40.3683	-41.3512
BLOCK27/SES270/SA270S28	SES270	0.551991	-39.5882	-40.1402
BLOCK27/SES275/SA275S17	SES275	1.08441	-39.7181	-40.8025
BLOCK27/SES275/SA275S18	SES275	0.0720024	-39.9116	-39.9837
BLOCK27/SES275/SA275S24	SES275	0.362713	-41.0171	-41.3798
BLOCK27/SES275/SA275S26	SES275	0.877869	-39.1237	-40.0016
BLOCK27/SES275/SA275S28	SES275	0.356503	-39.6183	-39.9748
BLOCK29/SES292/SA292S10	SES292	0.200886	-39.9179	-40.1188
BLOCK29/SES292/SA292S12	SES292	-0.0501328	-40.6744	-40.6242
BLOCK29/SES292/SA292S22	SES292	0.700768	-38.8703	-39.5711
BLOCK29/SES292/SA292S24	SES292	0.284069	-39.4751	-39.7592
BLOCK29/SES292/SA292S27	SES292	0.0202942	-39.2077	-39.228
BLOCK00/SES001/SA001S14	SES062	-1.81489	-41.8162	-40.0013
BLOCK00/SES001/SA001S14	SES082	-1.82531	-41.8266	-40.0013
BLOCK00/SES001/SA001S14	SES106	-1.54031	-41.5416	-40.0013
BLOCK00/SES001/SA001S14	SES206	-1.51302	-41.5143	-40.0013
BLOCK00/SES001/SA001S15	SES062	-1.83267	-41.1446	-39.3119
BLOCK00/SES001/SA001S15	SES104	-1.87675	-41.1887	-39.3119
BLOCK00/SES001/SA001S15	SES106	-1.37444	-40.6864	-39.3119
BLOCK00/SES001/SA001S15	SES206	-1.10699	-40.4189	-39.3119
BLOCK00/SES001/SA001S24	SES062	-2.55878	-43.1924	-40.6336
BLOCK00/SES001/SA001S24	SES082	-2.27725	-42.9109	-40.6336
BLOCK00/SES001/SA001S24	SES087	-1.78411	-42.4178	-40.6336
BLOCK00/SES001/SA001S24	SES206	-1.57159	-42.2052	-40.6336
BLOCK00/SES001/SA001S27	SES062	-1.78126	-41.2372	-39.4559
BLOCK00/SES001/SA001S27	SES082	-2.28913	-41.745	-39.4559
BLOCK00/SES001/SA001S27	SES087	-2.23433	-41.6902	-39.4559
BLOCK00/SES001/SA001S27	SES206	-2.32602	-41.7819	-39.4559
BLOCK00/SES001/SA001S29	SES062	-2.78572	-42.9728	-40.1871
BLOCK00/SES001/SA001S29	SES082	-1.00037	-41.1874	-40.1871
BLOCK00/SES001/SA001S29	SES158	-1.04583	-41.2329	-40.1871
BLOCK00/SES001/SA001S29	SES206	-1.93155	-42.1186	-40.1871
BLOCK00/SES003/SA003S11	SES002	-0.597912	-41.0755	-40.4776
BLOCK00/SES003/SA003S11	SES019	-0.922821	-41.4004	-40.4776
BLOCK00/SES003/SA003S11	SES082	0.304214	-40.1734	-40.4776
BLOCK00/SES003/SA003S11	SES125	-0.521439	-40.999	-40.4776
BLOCK00/SES003/SA003S15	SES016	-2.81593	-42.832	-40.0161
BLOCK00/SES003/SA003S15	SES019	-1.36497	-41.3811	-40.0161
BLOCK00/SES003/SA003S15	SES062	-1.98906	-42.0052	-40.0161
BLOCK00/SES003/SA003S15	SES206	-1.25561	-41.2717	-40.0161
BLOCK00/SES003/SA003S22	SES002	-0.666637	-40.6007	-39.934
BLOCK00/SES003/SA003S22	SES062	-0.816402	-40.7504	-39.934
BLOCK00/SES003/SA003S22	SES082	-0.51947	-40.4535	-39.934
BLOCK00/SES003/SA003S22	SES087	-0.577984	-40.512	-39.934
BLOCK00/SES003/SA003S25	SES062	-2.11662	-42.6278	-40.5112
BLOCK00/SES003/SA003S25	SES082	-0.182072	-40.6932	-40.5112
BLOCK00/SES003/SA003S25	SES087	-0.305283	-40.8164	-40.5112
BLOCK00/SES003/SA003S25	SES206	-0.805286	-41.3165	-40.5112
BLOCK00/SES003/SA003S29	SES002	-0.913216	-41.4031	-40.4899
BLOCK00/SES003/SA003S29	SES062	-1.7718	-42.2617	-40.4899
BLOCK00/SES003/SA003S29	SES082	-0.201401	-40.6913	-40.4899
BLOCK00/SES003/SA003S29	SES087	-1.26015	-41.75	-40.4899
BLOCK00/SES004/SA004S12	SES083	-2.40833	-42.7481	-40.3398
BLOCK00/SES004/SA004S12	SES148	-2.14993	-42.4897	-40.3398
BLOCK00/SES004/SA004S12	SES172	-1.31834	-41.6581	-40.3398
BLOCK00/SES004/SA004S12	SES292	-1.97658	-42.3164	-40.3398
BLOCK00/SES004/SA004S17	SES083	-1.9766	-42.4854	-40.5088
BLOCK00/SES004/SA004S17	SES162	-1.22248	-41.7312	-40.5088
BLOCK00/SES004/SA004S17	SES172	-1.88732	-42.3961	-40.5088
BLOCK00/SES004/SA004S17	SES292	-1.7394	-42.2482	-40.5088
BLOCK00/SES004/SA004S24	SES083	-1.88824	-41.8673	-39.9791
BLOCK00/SES004/SA004S24	SES148	-1.92377	-41.9028	-39.9791
BLOCK00/SES004/SA004S24	SES172	-1.17908	-41.1581	-39.9791
BLOCK00/SES004/SA004S24	SES292	-1.2051	-41.1842	-39.9791
BLOCK00/SES004/SA004S26	SES083	-1.64738	-41.5051	-39.8577
BLOCK00/SES004/SA004S26	SES127	-1.08325	-40.9409	-39.8577
BLOCK00/SES004/SA004S26	SES148	-2.14452	-42.0022	-39.8577
BLOCK00/SES004/SA004S26	SES292	-1.11848	-40.9762	-39.8577
BLOCK00/SES004/SA004S28	SES083	-2.40492	-41.7677	-39.3628
BLOCK00/SES004/SA004S28	SES127	-1.52348	-40.8863	-39.3628
BLOCK00/SES004/SA004S28	SES187	-1.62976	-40.9926	-39.3628
BLOCK00/SES004/SA004S28	SES292	-2.21817	-41.581	-39.3628
BLOCK00/SES006/SA006S10	SES014	-2.91743	-45.3104	-42.3929
BLOCK00/SES006/SA006S10	SES158	-0.470028	-42.863	-42.3929
BLOCK00/SES006/SA006S10	SES226	-3.38749	-45.7804	-42.3929
BLOCK00/SES006/SA006S10	SES270	-0.351856	-42.7448	-42.3929
BLOCK00/SES006/SA006S11	SES158	-0.594173	-42.8835	-42.2893
BLOCK00/SES006/SA006S11	SES226	-2.17898	-44.4683	-42.2893
BLOCK00/SES006/SA006S11	SES270	-0.127411	-42.4167	-42.2893
BLOCK00/SES006/SA006S11	SES275	-2.29153	-44.5808	-42.2893
BLOCK00/SES006/SA006S23	SES062	-1.59922	-42.9053	-41.3061
BLOCK00/SES006/SA006S23	SES105	-1.95353	-43.2596	-41.3061
BLOCK00/SES006/SA006S23	SES158	-0.449413	-41.7555	-41.3061
BLOCK00/SES006/SA006S23	SES275	-1.33171	-42.6378	-41.3061
BLOCK00/SES006/SA006S26	SES104	-1.60297	-42.4451	-40.8422
BLOCK00/SES006/SA006S26	SES158	-0.305237	-41.1474	-40.8422
BLOCK00/SES006/SA006S26	SES270	0.18116	-40.661	-40.8422
BLOCK00/SES006/SA006S26	SES275	-2.15506	-42.9972	-40.8422
BLOCK00/SES006/SA006S28	SES007	-1.97094	-43.7918	-41.8209
BLOCK00/SES006/SA006S28	SES105	-2.31441	-44.1353	-41.8209
BLOCK00/SES006/SA006S28	SES158	-1.01653	-42.8374	-41.8209
BLOCK00/SES006/SA006S28	SES275	-2.44323	-44.2641	-41.8209
BLOCK00/SES009/SA009S12	SES083	-1.62901	-41.3926	-39.7636
BLOCK00/SES009/SA009S12	SES148	-1.45966	-41.2232	-39.7636
BLOCK00/SES009/SA009S12	SES177	-1.65693	-41.4205	-39.7636
BLOCK00/SES009/SA009S12	SES292	-1.27934	-41.0429	-39.7636
BLOCK00/SES009/SA009S15	SES007	-0.146946	-39.0722	-38.9253
BLOCK00/SES009/SA009S15	SES099	-2.96565	-41.8909	-38.9253
BLOCK00/SES009/SA009S15	SES148	-1.75021	-40.6755	-38.9253
BLOCK00/SES009/SA009S15	SES172	-1.82831	-40.7536	-38.9253
BLOCK00/SES009/SA009S24	SES146	-1.16368	-40.5185	-39.3549
BLOCK00/SES009/SA009S24	SES148	-1.62393	-40.9788	-39.3549
BLOCK00/SES009/SA009S24	SES177	-1.46867	-40.8235	-39.3549
BLOCK00/SES009/SA009S24	SES292	-1.19334	-40.5482	-39.3549
BLOCK00/SES009/SA009S26	SES083	-1.72495	-41.5441	-39.8191
BLOCK00/SES009/SA009S26	SES101	-1.8525	-41.6716	-39.8191
BLOCK00/SES009/SA009S26	SES120	-1.33279	-41.1519	-39.8191
BLOCK00/SES009/SA009S26	SES177	-1.78839	-41.6075	-39.8191
BLOCK00/SES009/SA009S29	SES083	-1.32185	-40.6241	-39.3022
BLOCK00/SES009/SA009S29	SES101	-1.46268	-40.7649	-39.3022
BLOCK00/SES009/SA009S29	SES177	-1.57662	-40.8789	-39.3022
BLOCK00/SES009/SA009S29	SES292	-1.57232	-40.8746	-39.3022
BLOCK01/SES011/SA011S10	SES019	-1.22071	-41.7398	-40.5191
BLOCK01/SES011/SA011S10	SES042	-0.433872	-40.953	-40.5191
BLOCK01/SES011/SA011S10	SES082	-2.28566	-42.8048	-40.5191
BLOCK01/SES011/SA011S10	SES206	-1.13618	-41.6553	-40.5191
BLOCK01/SES011/SA011S11	SES019	-0.805553	-41.8013	-40.9958
BLOCK01/SES011/SA011S11	SES042	-1.40791	-42.4037	-40.9958
BLOCK01/SES011/SA011S11	SES082	-2.10857	-43.1043	-40.9958
BLOCK01/SES011/SA011S11	SES206	-1.03499	-42.0308	-40.9958
BLOCK01/SES011/SA011S22	SES019	-0.454891	-41.0949	-40.64
BLOCK01/SES011/SA011S22	SES042	-0.389938	-41.03	-40.64
BLOCK01/SES011/SA011S22	SES082	-1.41207	-42.0521	-40.64
BLOCK01/SES011/SA011S22	SES206	-0.834026	-41.4741	-40.64
BLOCK01/SES011/SA011S24	SES019	-0.901924	-41.0465	-40.1446
BLOCK01/SES011/SA011S24	SES042	-0.377117	-40.5217	-40.1446
BLOCK01/SES011/SA011S24	SES104	-1.17267	-41.3172	-40.1446
BLOCK01/SES011/SA011S24	SES206	-0.238026	-40.3826	-40.1446
BLOCK01/SES011/SA011S27	SES082	0.325253	-39.8604	-40.1856
BLOCK01/SES011/SA011S27	SES087	-0.913399	-41.099	-40.1856
BLOCK01/SES011/SA011S27	SES125	-0.443398	-40.629	-40.1856
BLOCK01/SES011/SA011S27	SES206	-0.174366	-40.36	-40.1856
BLOCK01/SES012/SA012S11	SES007	-1.27008	-40.3869	-39.1168
BLOCK01/SES012/SA012S11	SES082	-1.37082	-40.4877	-39.1168
BLOCK01/SES012/SA012S11	SES083	-1.70269	-40.8195	-39.1168
BLOCK01/SES012/SA012S11	SES206	-1.0969	-40.2137	-39.1168
BLOCK01/SES012/SA012S14	SES082	-1.15721	-41.0249	-39.8677
BLOCK01/SES012/SA012S14	SES087	-1.38622	-41.254	-39.8677
BLOCK01/SES012/SA012S14	SES206	-0.82045	-40.6882	-39.8677
BLOCK01/SES012/SA012S14	SES292	-2.10402	-41.9718	-39.8677
BLOCK01/SES012/SA012S24	SES082	-0.374538	-41.0831	-40.7085
BLOCK01/SES012/SA012S24	SES087	-0.920128	-41.6286	-40.7085
BLOCK01/SES012/SA012S24	SES120	-2.7883	-43.4968	-40.7085
BLOCK01/SES012/SA012S24	SES206	-0.728264	-41.4368	-40.7085
BLOCK01/SES012/SA012S26	SES019	-2.3145	-42.2987	-39.9842
BLOCK01/SES012/SA012S26	SES082	-1.93933	-41.9235	-39.9842
BLOCK01/SES012/SA012S26	SES206	-0.772232	-40.7564	-39.9842
BLOCK01/SES012/SA012S26	SES292	-2.37353	-42.3577	-39.9842
BLOCK01/SES012/SA012S29	SES062	-1.60602	-41.0501	-39.444
BLOCK01/SES012/SA012S29	SES082	-1.05654	-40.5006	-39.444
BLOCK01/SES012/SA012S29	SES083	-1.82572	-41.2698	-39.444
BLOCK01/SES012/SA012S29	SES206	-1.16787	-40.6119	-39.444
BLOCK01/SES013/SA013S16	SES062	-2.61142	-42.7607	-40.1492
BLOCK01/SES013/SA013S16	SES106	-0.675674	-40.8249	-40.1492
BLOCK01/SES013/SA013S16	SES206	-1.01958	-41.1688	-40.1492
BLOCK01/SES013/SA013S16	SES226	-0.47707	-40.6263	-40.1492
BLOCK01/SES013/SA013S17	SES062	-2.57872	-42.1508	-39.572
BLOCK01/SES013/SA013S17	SES106	-1.00833	-40.5804	-39.572
BLOCK01/SES013/SA013S17	SES206	-0.899231	-40.4713	-39.572
BLOCK01/SES013/SA013S17	SES226	0.241692	-39.3304	-39.572
BLOCK01/SES013/SA013S23	SES104	-1.06727	-41.4896	-40.4224
BLOCK01/SES013/SA013S23	SES106	-0.445274	-40.8676	-40.4224
BLOCK01/SES013/SA013S23	SES206	-0.786537	-41.2089	-40.4224
BLOCK01/SES013/SA013S23	SES270	-0.228386	-40.6508	-40.4224
BLOCK01/SES013/SA013S25	SES042	-1.51826	-41.434	-39.9157
BLOCK01/SES013/SA013S25	SES104	-0.910213	-40.8259	-39.9157
BLOCK01/SES013/SA013S25	SES106	-0.174141	-40.0898	-39.9157
BLOCK01/SES013/SA013S25	SES206	-0.985302	-40.901	-39.9157
BLOCK01/SES013/SA013S29	SES062	-2.72803	-42.9755	-40.2474
BLOCK01/SES013/SA013S29	SES104	-1.37788	-41.6253	-40.2474
BLOCK01/SES013/SA013S29	SES106	-0.0634727	-40.3109	-40.2474
BLOCK01/SES013/SA013S29	SES206	-1.46146	-41.7089	-40.2474
BLOCK02/SES021/SA021S13	SES016	-2.53342	-41.9665	-39.4331
BLOCK02/SES021/SA021S13	SES029	-2.17074	-41.6038	-39.4331
BLOCK02/SES021/SA021S13	SES087	-1.32359	-40.7567	-39.4331
BLOCK02/SES021/SA021S13	SES206	-0.245586	-39.6787	-39.4331
BLOCK02/SES021/SA021S15	SES087	-1.06166	-39.4039	-38.3423
BLOCK02/SES021/SA021S15	SES125	-0.71553	-39.0578	-38.3423
BLOCK02/SES021/SA021S15	SES206	-0.151398	-38.4937	-38.3423
BLOCK02/SES021/SA021S15	SES226	-1.57976	-39.922	-38.3423
BLOCK02/SES021/SA021S23	SES062	-2.62812	-42.9075	-40.2794
BLOCK02/SES021/SA021S23	SES087	-1.5955	-41.8749	-40.2794
BLOCK02/SES021/SA021S23	SES206	-1.27148	-41.5509	-40.2794
BLOCK02/SES021/SA021S23	SES226	-0.784824	-41.0642	-40.2794
BLOCK02/SES021/SA021S27	SES002	-0.820717	-39.978	-39.1573
BLOCK02/SES021/SA021S27	SES016	-3.34409	-42.5014	-39.1573
BLOCK02/SES021/SA021S27	SES019	-1.7664	-40.9237	-39.1573
BLOCK02/SES021/SA021S27	SES062	-0.891891	-40.0492	-39.1573
BLOCK02/SES021/SA021S29	SES087	-1.24919	-40.2622	-39.013
BLOCK02/SES021/SA021S29	SES125	-0.739101	-39.7521	-39.013
BLOCK02/SES021/SA021S29	SES206	-0.506947	-39.5199	-39.013
BLOCK02/SES021/SA021S29	SES226	-1.00524	-40.0182	-39.013
BLOCK04/SES043/SA043S09	SES083	-1.82809	-42.9339	-41.1058
BLOCK04/SES043/SA043S09	SES101	-2.41806	-43.5239	-41.1058
BLOCK04/SES043/SA043S09	SES144	-0.639973	-41.7458	-41.1058
BLOCK04/SES043/SA043S09	SES172	-3.03136	-44.1372	-41.1058
BLOCK04/SES043/SA043S11	SES083	-0.771454	-40.562	-39.7905
BLOCK04/SES043/SA043S11	SES101	-1.59906	-41.3896	-39.7905
BLOCK04/SES043/SA043S11	SES144	-0.563599	-40.3541	-39.7905
BLOCK04/SES043/SA043S11	SES172	-1.42123	-41.2117	-39.7905
BLOCK04/SES043/SA043S23	SES083	-0.416359	-40.6064	-40.1901
BLOCK04/SES043/SA043S23	SES144	-0.00989914	-40.2	-40.1901
BLOCK04/SES043/SA043S23	SES177	-2.29769	-42.4878	-40.1901
BLOCK04/SES043/SA043S23	SES275	-0.537422	-40.7275	-40.1901
BLOCK04/SES043/SA043S26	SES083	-0.672657	-41.076	-40.4033
BLOCK04/SES043/SA043S26	SES101	-1.2727	-41.676	-40.4033
BLOCK04/SES043/SA043S26	SES144	-0.35154	-40.7549	-40.4033
BLOCK04/SES043/SA043S26	SES177	-1.42622	-41.8296	-40.4033
BLOCK04/SES043/SA043S28	SES016	-1.50998	-41.262	-39.752
BLOCK04/SES043/SA043S28	SES083	-0.811787	-40.5638	-39.752
BLOCK04/SES043/SA043S28	SES101	-0.953465	-40.7054	-39.752
BLOCK04/SES043/SA043S28	SES144	-0.889458	-40.6414	-39.752
BLOCK04/SES044/SA044S10	SES127	-2.63613	-45.2409	-42.6047
BLOCK04/SES044/SA044S10	SES144	-0.104259	-42.709	-42.6047
BLOCK04/SES044/SA044S10	SES147	-2.55853	-45.1632	-42.6047
BLOCK04/SES044/SA044S10	SES148	-2.90337	-45.5081	-42.6047
BLOCK04/SES044/SA044S11	SES101	-1.97049	-43.7284	-41.7579
BLOCK04/SES044/SA044S11	SES144	0.28907	-41.4689	-41.7579
BLOCK04/SES044/SA044S11	SES147	-1.46914	-43.2271	-41.7579
BLOCK04/SES044/SA044S11	SES177	-1.7491	-43.507	-41.7579
BLOCK04/SES044/SA044S24	SES007	-2.25248	-43.3785	-41.126
BLOCK04/SES044/SA044S24	SES101	-1.62875	-42.7548	-41.126
BLOCK04/SES044/SA044S24	SES147	-2.24162	-43.3676	-41.126
BLOCK04/SES044/SA044S24	SES177	-1.9666	-43.0926	-41.126
BLOCK04/SES044/SA044S26	SES007	-1.7943	-42.6007	-40.8064
BLOCK04/SES044/SA044S26	SES016	-1.31376	-42.1202	-40.8064
BLOCK04/SES044/SA044S26	SES101	-1.58459	-42.391	-40.8064
BLOCK04/SES044/SA044S26	SES147	-1.40809	-42.2145	-40.8064
BLOCK04/SES044/SA044S29	SES007	-1.68099	-41.7835	-40.1025
BLOCK04/SES044/SA044S29	SES101	-1.11169	-41.2142	-40.1025
BLOCK04/SES044/SA044S29	SES147	-2.10306	-42.2056	-40.1025
BLOCK04/SES044/SA044S29	SES177	-1.88198	-41.9845	-40.1025
BLOCK04/SES046/SA046S13	SES101	-2.88745	-44.0108	-41.1234
BLOCK04/SES046/SA046S13	SES144	-0.917969	-42.0413	-41.1234
BLOCK04/SES046/SA046S13	SES147	-1.73866	-42.862	-41.1234
BLOCK04/SES046/SA046S13	SES177	-1.74538	-42.8687	-41.1234
BLOCK04/SES046/SA046S15	SES048	-1.99431	-41.5453	-39.5509
BLOCK04/SES046/SA046S15	SES083	-1.11102	-40.662	-39.5509
BLOCK04/SES046/SA046S15	SES120	-2.35966	-41.9106	-39.5509
BLOCK04/SES046/SA046S15	SES148	-1.21735	-40.7683	-39.5509
BLOCK04/SES046/SA046S22	SES101	-1.39282	-42.0228	-40.6299
BLOCK04/SES046/SA046S22	SES144	-0.988377	-41.6183	-40.6299
BLOCK04/SES046/SA046S22	SES147	-2.15984	-42.7898	-40.6299
BLOCK04/SES046/SA046S22	SES172	-1.18493	-41.8149	-40.6299
BLOCK04/SES046/SA046S25	SES083	-1.47979	-41.8241	-40.3443
BLOCK04/SES046/SA046S25	SES127	-1.45603	-41.8004	-40.3443
BLOCK04/SES046/SA046S25	SES144	-1.29519	-41.6395	-40.3443
BLOCK04/SES046/SA046S25	SES148	-1.1853	-41.5296	-40.3443
BLOCK04/SES046/SA046S28	SES007	-3.50857	-44.5735	-41.0649
BLOCK04/SES046/SA046S28	SES105	-1.99668	-43.0616	-41.0649
BLOCK04/SES046/SA046S28	SES147	-1.88305	-42.9479	-41.0649
BLOCK04/SES046/SA046S28	SES148	-1.60128	-42.6662	-41.0649
BLOCK04/SES049/SA049S16	SES104	-1.05483	-42.5058	-41.451
BLOCK04/SES049/SA049S16	SES106	-0.70266	-42.1536	-41.451
BLOCK04/SES049/SA049S16	SES120	-1.91453	-43.3655	-41.451
BLOCK04/SES049/SA049S16	SES206	-1.11147	-42.5624	-41.451
BLOCK04/SES049/SA049S18	SES099	0.0513763	-42.1183	-42.1697
BLOCK04/SES049/SA049S18	SES104	-1.73963	-43.9093	-42.1697
BLOCK04/SES049/SA049S18	SES125	-1.7147	-43.8844	-42.1697
BLOCK04/SES049/SA049S18	SES206	-2.04642	-44.2161	-42.1697
BLOCK04/SES049/SA049S25	SES087	-0.801449	-41.8276	-41.0262
BLOCK04/SES049/SA049S25	SES104	-0.806484	-41.8327	-41.0262
BLOCK04/SES049/SA049S25	SES125	-1.55621	-42.5824	-41.0262
BLOCK04/SES049/SA049S25	SES206	-0.656883	-41.6831	-41.0262
BLOCK04/SES049/SA049S27	SES099	-0.186459	-40.7598	-40.5733
BLOCK04/SES049/SA049S27	SES104	-0.350986	-40.9243	-40.5733
BLOCK04/SES049/SA049S27	SES125	-1.03056	-41.6039	-40.5733
BLOCK04/SES049/SA049S27	SES206	-0.726475	-41.2998	-40.5733
BLOCK04/SES049/SA049S29	SES099	0.324238	-39.3107	-39.6349
BLOCK04/SES049/SA049S29	SES104	-0.0333176	-39.6683	-39.6349
BLOCK04/SES049/SA049S29	SES125	-0.896973	-40.5319	-39.6349
BLOCK04/SES049/SA049S29	SES206	-0.256882	-39.8918	-39.6349
BLOCK06/SES063/SA063S09	SES068	-1.59416	-41.9699	-40.3757
BLOCK06/SES063/SA063S09	SES083	-0.846359	-41.2221	-40.3757
BLOCK06/SES063/SA063S09	SES177	-0.995182	-41.3709	-40.3757
BLOCK06/SES063/SA063S09	SES187	-1.47783	-41.8535	-40.3757
BLOCK06/SES063/SA063S10	SES068	-2.05227	-42.8945	-40.8423
BLOCK06/SES063/SA063S10	SES083	-0.446762	-41.289	-40.8423
BLOCK06/SES063/SA063S10	SES172	-0.948357	-41.7906	-40.8423
BLOCK06/SES063/SA063S10	SES187	-0.610416	-41.4527	-40.8423
BLOCK06/SES063/SA063S20	SES068	-2.23679	-42.9246	-40.6878
BLOCK06/SES063/SA063S20	SES083	-1.30407	-41.9919	-40.6878
BLOCK06/SES063/SA063S20	SES172	-0.712704	-41.4005	-40.6878
BLOCK06/SES063/SA063S20	SES187	-0.366989	-41.0548	-40.6878
BLOCK06/SES063/SA063S24	SES029	-2.56903	-42.7237	-40.1547
BLOCK06/SES063/SA063S24	SES083	-0.208912	-40.3636	-40.1547
BLOCK06/SES063/SA063S24	SES177	-0.642014	-40.7967	-40.1547
BLOCK06/SES063/SA063S24	SES189	-0.98415	-41.1388	-40.1547
BLOCK06/SES063/SA063S27	SES083	-0.215298	-41.7571	-41.5418
BLOCK06/SES063/SA063S27	SES172	-0.0503426	-41.5921	-41.5418
BLOCK06/SES063/SA063S27	SES187	-0.880627	-42.4224	-41.5418
BLOCK06/SES063/SA063S27	SES292	-1.65616	-43.1979	-41.5418
BLOCK06/SES067/SA067S12	SES083	-2.05923	-42.2957	-40.2365
BLOCK06/SES067/SA067S12	SES172	-2.20023	-42.4367	-40.2365
BLOCK06/SES067/SA067S12	SES202	0.0871239	-40.1493	-40.2365
BLOCK06/SES067/SA067S12	SES292	-1.65307	-41.8895	-40.2365
BLOCK06/SES067/SA067S14	SES085	-1.36323	-40.9561	-39.5928
BLOCK06/SES067/SA067S14	SES177	-1.7437	-41.3365	-39.5928
BLOCK06/SES067/SA067S14	SES183	-1.7944	-41.3872	-39.5928
BLOCK06/SES067/SA067S14	SES202	-0.496277	-40.0891	-39.5928
BLOCK06/SES067/SA067S21	SES144	-1.48078	-42.285	-40.8042
BLOCK06/SES067/SA067S21	SES177	-1.39621	-42.2005	-40.8042
BLOCK06/SES067/SA067S21	SES183	-2.84458	-43.6488	-40.8042
BLOCK06/SES067/SA067S21	SES189	-0.466492	-41.2707	-40.8042
BLOCK06/SES067/SA067S25	SES085	-0.923153	-41.1863	-40.2631
BLOCK06/SES067/SA067S25	SES177	-1.31362	-41.5768	-40.2631
BLOCK06/SES067/SA067S25	SES183	-2.23035	-42.4935	-40.2631
BLOCK06/SES067/SA067S25	SES202	-0.718258	-40.9814	-40.2631
BLOCK06/SES067/SA067S29	SES085	-1.68965	-42.0137	-40.3241
BLOCK06/SES067/SA067S29	SES177	-2.0157	-42.3398	-40.3241
BLOCK06/SES067/SA067S29	SES183	-2.55728	-42.8813	-40.3241
BLOCK06/SES067/SA067S29	SES202	-0.0354767	-40.3595	-40.3241
BLOCK06/SES069/SA069S12	SES029	-2.54618	-42.328	-39.7818
BLOCK06/SES069/SA069S12	SES082	-0.686592	-40.4684	-39.7818
BLOCK06/SES069/SA069S12	SES087	-1.49049	-41.2723	-39.7818
BLOCK06/SES069/SA069S12	SES206	-0.802662	-40.5845	-39.7818
BLOCK06/SES069/SA069S13	SES029	-2.71144	-42.6438	-39.9324
BLOCK06/SES069/SA069S13	SES087	-1.96841	-41.9008	-39.9324
BLOCK06/SES069/SA069S13	SES206	-1.62247	-41.5549	-39.9324
BLOCK06/SES069/SA069S13	SES226	-1.27593	-41.2083	-39.9324
BLOCK06/SES069/SA069S23	SES029	-1.60461	-40.0328	-38.4282
BLOCK06/SES069/SA069S23	SES087	-1.32471	-39.7529	-38.4282
BLOCK06/SES069/SA069S23	SES206	-1.21402	-39.6422	-38.4282
BLOCK06/SES069/SA069S23	SES226	-0.914463	-39.3426	-38.4282
BLOCK06/SES069/SA069S25	SES087	-1.23366	-40.2576	-39.0239
BLOCK06/SES069/SA069S25	SES206	-1.82096	-40.8449	-39.0239
BLOCK06/SES069/SA069S25	SES226	-1.08061	-40.1045	-39.0239
BLOCK06/SES069/SA069S25	SES270	-0.6567	-39.6806	-39.0239
BLOCK06/SES069/SA069S27	SES087	-1.8113	-41.0853	-39.274
BLOCK06/SES069/SA069S27	SES206	-0.313091	-39.5871	-39.274
BLOCK06/SES069/SA069S27	SES226	-0.467228	-39.7412	-39.274
BLOCK06/SES069/SA069S27	SES270	-0.389999	-39.664	-39.274
BLOCK08/SES081/SA081S11	SES060	-1.34768	-41.4925	-40.1449
BLOCK08/SES081/SA081S11	SES062	-3.23701	-43.3819	-40.1449
BLOCK08/SES081/SA081S11	SES117	-1.99644	-42.1413	-40.1449
BLOCK08/SES081/SA081S11	SES162	-2.19003	-42.3349	-40.1449
BLOCK08/SES081/SA081S13	SES016	-1.20743	-40.5122	-39.3047
BLOCK08/SES081/SA081S13	SES060	-0.535805	-39.8405	-39.3047
BLOCK08/SES081/SA081S13	SES068	-0.79607	-40.1008	-39.3047
BLOCK08/SES081/SA081S13	SES129	-1.89947	-41.2042	-39.3047
BLOCK08/SES081/SA081S24	SES060	-0.912384	-40.5934	-39.681
BLOCK08/SES081/SA081S24	SES068	-0.884899	-40.5659	-39.681
BLOCK08/SES081/SA081S24	SES117	-1.58556	-41.2665	-39.681
BLOCK08/SES081/SA081S24	SES275	-1.90901	-41.59	-39.681
BLOCK08/SES081/SA081S27	SES007	-0.742054	-40.5932	-39.8512
BLOCK08/SES081/SA081S27	SES060	-1.60113	-41.4523	-39.8512
BLOCK08/SES081/SA081S27	SES117	-0.755337	-40.6065	-39.8512
BLOCK08/SES081/SA081S27	SES275	-2.08205	-41.9332	-39.8512
BLOCK08/SES081/SA081S29	SES007	-1.15096	-40.7531	-39.6021
BLOCK08/SES081/SA081S29	SES060	-0.917686	-40.5198	-39.6021
BLOCK08/SES081/SA081S29	SES117	-1.43245	-41.0346	-39.6021
BLOCK08/SES081/SA081S29	SES275	-2.31424	-41.9164	-39.6021
BLOCK08/SES086/SA086S11	SES029	-3.92547	-45.6402	-41.7147
BLOCK08/SES086/SA086S11	SES082	-1.92188	-43.6366	-41.7147
BLOCK08/SES086/SA086S11	SES087	-0.920506	-42.6352	-41.7147
BLOCK08/SES086/SA086S11	SES206	-2.02763	-43.7423	-41.7147
BLOCK08/SES086/SA086S12	SES029	-3.56725	-44.7241	-41.1568
BLOCK08/SES086/SA086S12	SES082	-2.03965	-43.1965	-41.1568
BLOCK08/SES086/SA086S12	SES087	0.206337	-40.9505	-41.1568
BLOCK08/SES086/SA086S12	SES206	-1.03701	-42.1938	-41.1568
BLOCK08/SES086/SA086S20	SES029	-3.31598	-43.2504	-39.9344
BLOCK08/SES086/SA086S20	SES082	-2.08474	-42.0192	-39.9344
BLOCK08/SES086/SA086S20	SES087	0.215538	-39.7189	-39.9344
BLOCK08/SES086/SA086S20	SES206	-0.481289	-40.4157	-39.9344
BLOCK08/SES086/SA086S24	SES087	-0.0582504	-40.9145	-40.8563
BLOCK08/SES086/SA086S24	SES104	-1.58515	-42.4414	-40.8563
BLOCK08/SES086/SA086S24	SES120	-2.82113	-43.6774	-40.8563
BLOCK08/SES086/SA086S24	SES206	-0.454266	-41.3105	-40.8563
BLOCK08/SES086/SA086S28	SES029	-2.91552	-42.81	-39.8944
BLOCK08/SES086/SA086S28	SES082	-1.6867	-41.5811	-39.8944
BLOCK08/SES086/SA086S28	SES087	0.0295486	-39.8649	-39.8944
BLOCK08/SES086/SA086S28	SES206	-0.78352	-40.678	-39.8944
BLOCK08/SES089/SA089S13	SES087	-1.06741	-41.4417	-40.3743
BLOCK08/SES089/SA089S13	SES206	-1.45991	-41.8342	-40.3743
BLOCK08/SES089/SA089S13	SES226	-1.34578	-41.7201	-40.3743
BLOCK08/SES089/SA089S13	SES270	-1.87032	-42.2447	-40.3743
BLOCK08/SES089/SA089S14	SES062	-1.96999	-42.0183	-40.0483
BLOCK08/SES089/SA089S14	SES087	-0.107239	-40.1555	-40.0483
BLOCK08/SES089/SA089S14	SES206	-0.493969	-40.5423	-40.0483
BLOCK08/SES089/SA089S14	SES226	-0.663803	-40.7121	-40.0483
BLOCK08/SES089/SA089S23	SES087	-0.310032	-41.1076	-40.7976
BLOCK08/SES089/SA089S23	SES206	-0.598949	-41.3965	-40.7976
BLOCK08/SES089/SA089S23	SES226	-1.15171	-41.9493	-40.7976
BLOCK08/SES089/SA089S23	SES270	-1.38832	-42.1859	-40.7976
BLOCK08/SES089/SA089S25	SES062	-2.09392	-42.1625	-40.0685
BLOCK08/SES089/SA089S25	SES087	0.0550346	-40.0135	-40.0685
BLOCK08/SES089/SA089S25	SES206	-0.700863	-40.7694	-40.0685
BLOCK08/SES089/SA089S25	SES226	-0.692955	-40.7615	-40.0685
BLOCK08/SES089/SA089S28	SES062	-1.33307	-41.286	-39.9529
BLOCK08/SES089/SA089S28	SES087	-0.327255	-40.2802	-39.9529
BLOCK08/SES089/SA089S28	SES206	-0.225864	-40.1788	-39.9529
BLOCK08/SES089/SA089S28	SES226	-0.783707	-40.7366	-39.9529
BLOCK09/SES097/SA097S11	SES099	0.258854	-40.4916	-40.7505
BLOCK09/SES097/SA097S11	SES125	-1.9117	-42.6621	-40.7505
BLOCK09/SES097/SA097S11	SES206	-1.59348	-42.3439	-40.7505
BLOCK09/SES097/SA097S11	SES226	-0.301418	-41.0519	-40.7505
BLOCK09/SES097/SA097S14	SES062	-1.86007	-42.1761	-40.316
BLOCK09/SES097/SA097S14	SES099	-0.560009	-40.876	-40.316
BLOCK09/SES097/SA097S14	SES104	-1.29152	-41.6075	-40.316
BLOCK09/SES097/SA097S14	SES206	-1.00949	-41.3255	-40.316
BLOCK09/SES097/SA097S22	SES099	0.500309	-40.1471	-40.6474
BLOCK09/SES097/SA097S22	SES206	-0.864178	-41.5116	-40.6474
BLOCK09/SES097/SA097S22	SES226	-1.1215	-41.7689	-40.6474
BLOCK09/SES097/SA097S22	SES270	0.054306	-40.5931	-40.6474
BLOCK09/SES097/SA097S26	SES099	0.45108	-39.8066	-40.2577
BLOCK09/SES097/SA097S26	SES120	-1.50381	-41.7615	-40.2577
BLOCK09/SES097/SA097S26	SES206	-0.721237	-40.9789	-40.2577
BLOCK09/SES097/SA097S26	SES226	-1.36776	-41.6254	-40.2577
BLOCK09/SES097/SA097S28	SES099	-0.311352	-40.7323	-40.421
BLOCK09/SES097/SA097S28	SES120	-1.94953	-42.3705	-40.421
BLOCK09/SES097/SA097S28	SES206	-1.75075	-42.1717	-40.421
BLOCK09/SES097/SA097S28	SES226	-1.65752	-42.0785	-40.421
BLOCK09/SES098/SA098S11	SES127	-2.37471	-43.6941	-41.3194
BLOCK09/SES098/SA098S11	SES144	-1.13646	-42.4558	-41.3194
BLOCK09/SES098/SA098S11	SES147	-1.08199	-42.4013	-41.3194
BLOCK09/SES098/SA098S11	SES148	-2.98663	-44.306	-41.3194
BLOCK09/SES098/SA098S12	SES127	-3.10369	-45.4738	-42.3701
BLOCK09/SES098/SA098S12	SES144	-1.6451	-44.0152	-42.3701
BLOCK09/SES098/SA098S12	SES147	-2.12788	-44.498	-42.3701
BLOCK09/SES098/SA098S12	SES189	-1.4843	-43.8544	-42.3701
BLOCK09/SES098/SA098S20	SES127	-2.07576	-44.1695	-42.0938
BLOCK09/SES098/SA098S20	SES147	-2.13817	-44.232	-42.0938
BLOCK09/SES098/SA098S20	SES148	-3.43114	-45.5249	-42.0938
BLOCK09/SES098/SA098S20	SES292	-2.62566	-44.7194	-42.0938
BLOCK09/SES098/SA098S23	SES127	-1.73699	-43.257	-41.52
BLOCK09/SES098/SA098S23	SES147	-0.602226	-42.1222	-41.52
BLOCK09/SES098/SA098S23	SES187	-1.10568	-42.6256	-41.52
BLOCK09/SES098/SA098S23	SES292	-1.97527	-43.4952	-41.52
BLOCK09/SES098/SA098S27	SES127	-1.87877	-43.4373	-41.5586
BLOCK09/SES098/SA098S27	SES147	-2.41101	-43.9696	-41.5586
BLOCK09/SES098/SA098S27	SES148	-3.09447	-44.653	-41.5586
BLOCK09/SES098/SA098S27	SES292	-2.76804	-44.3266	-41.5586
BLOCK10/SES102/SA102S13	SES101	-0.622368	-41.9899	-41.3676
BLOCK10/SES102/SA102S13	SES105	-1.8642	-43.2318	-41.3676
BLOCK10/SES102/SA102S13	SES120	-1.30215	-42.6697	-41.3676
BLOCK10/SES102/SA102S13	SES158	-4.40582	-45.7734	-41.3676
BLOCK10/SES102/SA102S14	SES007	-0.628384	-40.246	-39.6176
BLOCK10/SES102/SA102S14	SES101	-0.275364	-39.893	-39.6176
BLOCK10/SES102/SA102S14	SES105	-0.630753	-40.2484	-39.6176
BLOCK10/SES102/SA102S14	SES147	-1.4236	-41.0412	-39.6176
BLOCK10/SES102/SA102S22	SES007	-1.64629	-41.6084	-39.9621
BLOCK10/SES102/SA102S22	SES101	-0.256767	-40.2188	-39.9621
BLOCK10/SES102/SA102S22	SES105	-0.759731	-40.7218	-39.9621
BLOCK10/SES102/SA102S22	SES158	-2.8094	-42.7715	-39.9621
BLOCK10/SES102/SA102S25	SES007	-0.940212	-40.9119	-39.9717
BLOCK10/SES102/SA102S25	SES101	-0.380482	-40.3522	-39.9717
BLOCK10/SES102/SA102S25	SES105	-1.0633	-41.035	-39.9717
BLOCK10/SES102/SA102S25	SES147	-2.54516	-42.5168	-39.9717
BLOCK10/SES102/SA102S27	SES007	-1.50146	-41.8618	-40.3603
BLOCK10/SES102/SA102S27	SES101	-0.853172	-41.2135	-40.3603
BLOCK10/SES102/SA102S27	SES105	-1.22803	-41.5883	-40.3603
BLOCK10/SES102/SA102S27	SES147	-1.33664	-41.6969	-40.3603
BLOCK10/SES103/SA103S14	SES105	-1.69506	-43.4464	-41.7514
BLOCK10/SES103/SA103S14	SES106	-0.456341	-42.2077	-41.7514
BLOCK10/SES103/SA103S14	SES120	-2.55333	-44.3047	-41.7514
BLOCK10/SES103/SA103S14	SES206	-1.51345	-43.2648	-41.7514
BLOCK10/SES103/SA103S15	SES099	-0.692394	-42.8852	-42.1928
BLOCK10/SES103/SA103S15	SES101	-3.31562	-45.5084	-42.1928
BLOCK10/SES103/SA103S15	SES104	-0.830521	-43.0233	-42.1928
BLOCK10/SES103/SA103S15	SES125	-0.840981	-43.0338	-42.1928
BLOCK10/SES103/SA103S24	SES104	-1.08228	-42.0195	-40.9372
BLOCK10/SES103/SA103S24	SES125	-0.684513	-41.6217	-40.9372
BLOCK10/SES103/SA103S24	SES148	-2.60386	-43.541	-40.9372
BLOCK10/SES103/SA103S24	SES158	-0.284637	-41.2218	-40.9372
BLOCK10/SES103/SA103S26	SES104	-1.11201	-42.5025	-41.3905
BLOCK10/SES103/SA103S26	SES106	-0.851181	-42.2417	-41.3905
BLOCK10/SES103/SA103S26	SES125	-1.03498	-42.4255	-41.3905
BLOCK10/SES103/SA103S26	SES148	-2.82011	-44.2106	-41.3905
BLOCK10/SES103/SA103S28	SES104	-1.6727	-43.149	-41.4763
BLOCK10/SES103/SA103S28	SES106	-0.567322	-42.0437	-41.4763
BLOCK10/SES103/SA103S28	SES125	-0.974285	-42.4506	-41.4763
BLOCK10/SES103/SA103S28	SES206	-2.06367	-43.54	-41.4763
BLOCK12/SES121/SA121S12	SES042	-2.05256	-44.2345	-42.1819
BLOCK12/SES121/SA121S12	SES087	-1.11464	-43.2965	-42.1819
BLOCK12/SES121/SA121S12	SES105	-1.1638	-43.3457	-42.1819
BLOCK12/SES121/SA121S12	SES206	-1.35228	-43.5342	-42.1819
BLOCK12/SES121/SA121S14	SES007	-2.47576	-45.2204	-42.7446
BLOCK12/SES121/SA121S14	SES105	-2.21149	-44.9561	-42.7446
BLOCK12/SES121/SA121S14	SES106	-1.18556	-43.9302	-42.7446
BLOCK12/SES121/SA121S14	SES206	-1.93297	-44.6776	-42.7446
BLOCK12/SES121/SA121S23	SES105	-2.42268	-45.4625	-43.0398
BLOCK12/SES121/SA121S23	SES106	-0.618	-43.6578	-43.0398
BLOCK12/SES121/SA121S23	SES120	-3.23473	-46.2745	-43.0398
BLOCK12/SES121/SA121S23	SES206	-1.382	-44.4218	-43.0398
BLOCK12/SES121/SA121S25	SES007	-2.25217	-45.7892	-43.537
BLOCK12/SES121/SA121S25	SES105	-2.39971	-45.9368	-43.537
BLOCK12/SES121/SA121S25	SES106	-1.32527	-44.8623	-43.537
BLOCK12/SES121/SA121S25	SES206	-2.28003	-45.8171	-43.537
BLOCK12/SES121/SA121S27	SES087	-0.820908	-42.8229	-42.0019
BLOCK12/SES121/SA121S27	SES105	-3.71033	-45.7123	-42.0019
BLOCK12/SES121/SA121S27	SES120	-2.20516	-44.2071	-42.0019
BLOCK12/SES121/SA121S27	SES206	-1.32563	-43.3276	-42.0019
BLOCK12/SES124/SA124S16	SES042	-0.500088	-40.6208	-40.1207
BLOCK12/SES124/SA124S16	SES082	-0.567654	-40.6883	-40.1207
BLOCK12/SES124/SA124S16	SES183	-3.17596	-43.2966	-40.1207
BLOCK12/SES124/SA124S16	SES206	-1.01809	-41.1388	-40.1207
BLOCK12/SES124/SA124S17	SES105	-1.82167	-43.1104	-41.2887
BLOCK12/SES124/SA124S17	SES149	-1.92961	-43.2183	-41.2887
BLOCK12/SES124/SA124S17	SES158	-2.07513	-43.3638	-41.2887
BLOCK12/SES124/SA124S17	SES275	-2.16302	-43.4517	-41.2887
BLOCK12/SES124/SA124S23	SES105	-1.78429	-40.9058	-39.1216
BLOCK12/SES124/SA124S23	SES125	0.0345535	-39.087	-39.1216
BLOCK12/SES124/SA124S23	SES129	-2.86595	-41.9875	-39.1216
BLOCK12/SES124/SA124S23	SES158	-0.55938	-39.6809	-39.1216
BLOCK12/SES124/SA124S26	SES105	-2.05471	-41.8343	-39.7796
BLOCK12/SES124/SA124S26	SES125	-0.0376434	-39.8172	-39.7796
BLOCK12/SES124/SA124S26	SES129	-3.11313	-42.8927	-39.7796
BLOCK12/SES124/SA124S26	SES158	-0.952522	-40.7321	-39.7796
BLOCK12/SES124/SA124S28	SES104	-0.670074	-40.481	-39.8109
BLOCK12/SES124/SA124S28	SES106	-0.450653	-40.2616	-39.8109
BLOCK12/SES124/SA124S28	SES125	-0.249073	-40.06	-39.8109
BLOCK12/SES124/SA124S28	SES275	-2.2455	-42.0564	-39.8109
BLOCK12/SES126/SA126S13	SES007	-2.15014	-43.8411	-41.691
BLOCK12/SES126/SA126S13	SES162	-1.8419	-43.5329	-41.691
BLOCK12/SES126/SA126S13	SES177	-1.03474	-42.7257	-41.691
BLOCK12/SES126/SA126S13	SES180	-1.95483	-43.6458	-41.691
BLOCK12/SES126/SA126S14	SES144	-1.4218	-41.7563	-40.3345
BLOCK12/SES126/SA126S14	SES148	-1.96075	-42.2952	-40.3345
BLOCK12/SES126/SA126S14	SES177	-0.653416	-40.9879	-40.3345
BLOCK12/SES126/SA126S14	SES180	-1.44439	-41.7789	-40.3345
BLOCK12/SES126/SA126S20	SES007	-1.85157	-42.6421	-40.7905
BLOCK12/SES126/SA126S20	SES162	-2.29724	-43.0878	-40.7905
BLOCK12/SES126/SA126S20	SES172	-3.02867	-43.8192	-40.7905
BLOCK12/SES126/SA126S20	SES180	-2.74306	-43.5336	-40.7905
BLOCK12/SES126/SA126S24	SES120	-1.10467	-41.375	-40.2703
BLOCK12/SES126/SA126S24	SES162	-1.56547	-41.8358	-40.2703
BLOCK12/SES126/SA126S24	SES177	-1.00166	-41.272	-40.2703
BLOCK12/SES126/SA126S24	SES180	-1.19409	-41.4644	-40.2703
BLOCK12/SES126/SA126S26	SES120	-1.02648	-41.8459	-40.8194
BLOCK12/SES126/SA126S26	SES177	-1.38685	-42.2063	-40.8194
BLOCK12/SES126/SA126S26	SES180	-1.50631	-42.3257	-40.8194
BLOCK12/SES126/SA126S26	SES202	-2.18311	-43.0025	-40.8194
BLOCK12/SES128/SA128S10	SES087	-2.05382	-42.3257	-40.2718
BLOCK12/SES128/SA128S10	SES206	-1.34275	-41.6146	-40.2718
BLOCK12/SES128/SA128S10	SES226	-0.683552	-40.9554	-40.2718
BLOCK12/SES128/SA128S10	SES270	-0.490246	-40.7621	-40.2718
BLOCK12/SES128/SA128S12	SES120	-1.94995	-42.2935	-40.3436
BLOCK12/SES128/SA128S12	SES158	-1.11736	-41.4609	-40.3436
BLOCK12/SES128/SA128S12	SES206	-1.10086	-41.4444	-40.3436
BLOCK12/SES128/SA128S12	SES226	-0.950367	-41.2939	-40.3436
BLOCK12/SES128/SA128S21	SES106	-1.79114	-42.8191	-41.0279
BLOCK12/SES128/SA128S21	SES120	-2.39	-43.4179	-41.0279
BLOCK12/SES128/SA128S21	SES206	-1.75356	-42.7815	-41.0279
BLOCK12/SES128/SA128S21	SES226	-1.07859	-42.1065	-41.0279
BLOCK12/SES128/SA128S24	SES087	-1.62225	-42.2956	-40.6734
BLOCK12/SES128/SA128S24	SES120	-1.27486	-41.9482	-40.6734
BLOCK12/SES128/SA128S24	SES206	-1.00695	-41.6803	-40.6734
BLOCK12/SES128/SA128S24	SES226	-1.16551	-41.8389	-40.6734
BLOCK12/SES128/SA128S27	SES099	-0.231636	-40.2296	-39.998
BLOCK12/SES128/SA128S27	SES120	-1.43954	-41.4375	-39.998
BLOCK12/SES128/SA128S27	SES206	-0.65609	-40.6541	-39.998
BLOCK12/SES128/SA128S27	SES226	-0.366383	-40.3644	-39.998
BLOCK13/SES130/SA130S13	SES143	-2.74578	-44.4649	-41.7192
BLOCK13/SES130/SA130S13	SES144	-0.808369	-42.5275	-41.7192
BLOCK13/SES130/SA130S13	SES146	-0.751358	-42.4705	-41.7192
BLOCK13/SES130/SA130S13	SES275	-2.79984	-44.519	-41.7192
BLOCK13/SES130/SA130S15	SES143	-2.15797	-42.6153	-40.4574
BLOCK13/SES130/SA130S15	SES144	-0.95636	-41.4137	-40.4574
BLOCK13/SES130/SA130S15	SES146	-0.683411	-41.1408	-40.4574
BLOCK13/SES130/SA130S15	SES275	-1.65804	-42.1154	-40.4574
BLOCK13/SES130/SA130S23	SES127	-2.52274	-44.5379	-42.0152
BLOCK13/SES130/SA130S23	SES144	-1.92749	-43.9426	-42.0152
BLOCK13/SES130/SA130S23	SES146	-1.25453	-43.2697	-42.0152
BLOCK13/SES130/SA130S23	SES162	-1.08561	-43.1008	-42.0152
BLOCK13/SES130/SA130S25	SES127	-1.94159	-42.2753	-40.3337
BLOCK13/SES130/SA130S25	SES144	-0.878254	-41.2119	-40.3337
BLOCK13/SES130/SA130S25	SES146	-0.820026	-41.1537	-40.3337
BLOCK13/SES130/SA130S25	SES275	-0.861629	-41.1953	-40.3337
BLOCK13/SES130/SA130S28	SES127	-1.55819	-42.1301	-40.5719
BLOCK13/SES130/SA130S28	SES144	-0.977543	-41.5495	-40.5719
BLOCK13/SES130/SA130S28	SES146	-1.20547	-41.7774	-40.5719
BLOCK13/SES130/SA130S28	SES275	-0.468014	-41.0399	-40.5719
BLOCK13/SES131/SA131S13	SES002	-1.885	-44.4525	-42.5675
BLOCK13/SES131/SA131S13	SES007	-2.34335	-44.9108	-42.5675
BLOCK13/SES131/SA131S13	SES099	-1.32364	-43.8911	-42.5675
BLOCK13/SES131/SA131S13	SES105	-1.42172	-43.9892	-42.5675
BLOCK13/SES131/SA131S14	SES104	-0.743286	-41.6329	-40.8896
BLOCK13/SES131/SA131S14	SES106	-0.32922	-41.2189	-40.8896
BLOCK13/SES131/SA131S14	SES125	-1.05644	-41.9461	-40.8896
BLOCK13/SES131/SA131S14	SES148	-2.06311	-42.9528	-40.8896
BLOCK13/SES131/SA131S20	SES104	-1.2956	-43.2419	-41.9463
BLOCK13/SES131/SA131S20	SES106	-0.470715	-42.417	-41.9463
BLOCK13/SES131/SA131S20	SES125	-1.35906	-43.3054	-41.9463
BLOCK13/SES131/SA131S20	SES148	-3.02855	-44.9749	-41.9463
BLOCK13/SES131/SA131S22	SES099	-0.712864	-41.9361	-41.2232
BLOCK13/SES131/SA131S22	SES104	-1.40021	-42.6234	-41.2232
BLOCK13/SES131/SA131S22	SES125	-1.01855	-42.2417	-41.2232
BLOCK13/SES131/SA131S22	SES206	-1.83844	-43.0616	-41.2232
BLOCK13/SES131/SA131S29	SES087	-1.47415	-43.2851	-41.8109
BLOCK13/SES131/SA131S29	SES104	-1.66739	-43.4783	-41.8109
BLOCK13/SES131/SA131S29	SES125	-1.62318	-43.4341	-41.8109
BLOCK13/SES131/SA131S29	SES206	-1.25709	-43.068	-41.8109
BLOCK13/SES132/SA132S11	SES083	-2.09118	-42.2216	-40.1304
BLOCK13/SES132/SA132S11	SES120	-0.0669136	-40.1973	-40.1304
BLOCK13/SES132/SA132S11	SES127	-1.31045	-41.4409	-40.1304
BLOCK13/SES132/SA132S11	SES275	-1.34476	-41.4752	-40.1304
BLOCK13/SES132/SA132S12	SES083	-1.46003	-41.4504	-39.9904
BLOCK13/SES132/SA132S12	SES143	-1.52016	-41.5106	-39.9904
BLOCK13/SES132/SA132S12	SES144	-1.39867	-41.3891	-39.9904
BLOCK13/SES132/SA132S12	SES148	-1.6956	-41.686	-39.9904
BLOCK13/SES132/SA132S22	SES062	-1.00149	-41.0407	-40.0392
BLOCK13/SES132/SA132S22	SES083	-1.43894	-41.4782	-40.0392
BLOCK13/SES132/SA132S22	SES127	-1.09148	-41.1307	-40.0392
BLOCK13/SES132/SA132S22	SES275	-1.04426	-41.0835	-40.0392
BLOCK13/SES132/SA132S24	SES007	-0.753567	-40.4559	-39.7024
BLOCK13/SES132/SA132S24	SES083	-2.18724	-41.8896	-39.7024
BLOCK13/SES132/SA132S24	SES127	-2.04633	-41.7487	-39.7024
BLOCK13/SES132/SA132S24	SES275	-1.46293	-41.1653	-39.7024
BLOCK13/SES132/SA132S27	SES083	-2.04569	-42.4278	-40.3821
BLOCK13/SES132/SA132S27	SES120	-0.463085	-40.8452	-40.3821
BLOCK13/SES132/SA132S27	SES127	-1.71061	-42.0928	-40.3821
BLOCK13/SES132/SA132S27	SES275	-1.85259	-42.2347	-40.3821
BLOCK14/SES141/SA141S09	SES143	-1.13117	-41.7153	-40.5842
BLOCK14/SES141/SA141S09	SES144	-1.18512	-41.7693	-40.5842
BLOCK14/SES141/SA141S09	SES162	-1.37809	-41.9623	-40.5842
BLOCK14/SES141/SA141S09	SES180	-1.09193	-41.6761	-40.5842
BLOCK14/SES141/SA141S15	SES127	-1.57146	-41.9947	-40.4232
BLOCK14/SES141/SA141S15	SES144	-0.940788	-41.364	-40.4232
BLOCK14/SES141/SA141S15	SES162	-1.27367	-41.6969	-40.4232
BLOCK14/SES141/SA141S15	SES180	-0.785843	-41.209	-40.4232
BLOCK14/SES141/SA141S24	SES127	-1.18319	-41.0982	-39.915
BLOCK14/SES141/SA141S24	SES144	-1.4323	-41.3473	-39.915
BLOCK14/SES141/SA141S24	SES162	-0.943138	-40.8581	-39.915
BLOCK14/SES141/SA141S24	SES183	-2.15034	-42.0653	-39.915
BLOCK14/SES141/SA141S26	SES142	-1.41126	-42.3862	-40.975
BLOCK14/SES141/SA141S26	SES144	-1.95259	-42.9275	-40.975
BLOCK14/SES141/SA141S26	SES172	-1.56641	-42.5414	-40.975
BLOCK14/SES141/SA141S26	SES180	-1.1465	-42.1215	-40.975
BLOCK14/SES141/SA141S29	SES127	-1.02739	-41.0411	-40.0137
BLOCK14/SES141/SA141S29	SES142	-0.409817	-40.4235	-40.0137
BLOCK14/SES141/SA141S29	SES144	-1.32065	-41.3343	-40.0137
BLOCK14/SES141/SA141S29	SES180	-0.776882	-40.7906	-40.0137
BLOCK15/SES157/SA157S08	SES083	-2.72314	-43.4025	-40.6793
BLOCK15/SES157/SA157S08	SES127	-1.87253	-42.5518	-40.6793
BLOCK15/SES157/SA157S08	SES148	-1.42758	-42.1069	-40.6793
BLOCK15/SES157/SA157S08	SES292	-1.94968	-42.629	-40.6793
BLOCK15/SES157/SA157S11	SES083	-2.0323	-42.6771	-40.6448
BLOCK15/SES157/SA157S11	SES127	-1.88693	-42.5317	-40.6448
BLOCK15/SES157/SA157S11	SES148	-1.31811	-41.9629	-40.6448
BLOCK15/SES157/SA157S11	SES292	-2.27362	-42.9184	-40.6448
BLOCK15/SES157/SA157S21	SES127	-1.90569	-42.0528	-40.1471
BLOCK15/SES157/SA157S21	SES148	-0.765202	-40.9123	-40.1471
BLOCK15/SES157/SA157S21	SES158	-3.52175	-43.6689	-40.1471
BLOCK15/SES157/SA157S21	SES292	-1.61777	-41.7649	-40.1471
BLOCK15/SES157/SA157S24	SES127	-1.76594	-42.1509	-40.385
BLOCK15/SES157/SA157S24	SES148	-1.43015	-41.8151	-40.385
BLOCK15/SES157/SA157S24	SES183	-2.03044	-42.4154	-40.385
BLOCK15/SES157/SA157S24	SES292	-1.84207	-42.227	-40.385
BLOCK15/SES157/SA157S26	SES007	-0.771126	-40.7847	-40.0135
BLOCK15/SES157/SA157S26	SES127	-0.725414	-40.739	-40.0135
BLOCK15/SES157/SA157S26	SES147	-1.48903	-41.5026	-40.0135
BLOCK15/SES157/SA157S26	SES148	-1.27316	-41.2867	-40.0135
BLOCK16/SES161/SA161S10	SES007	-2.05959	-43.7175	-41.6579
BLOCK16/SES161/SA161S10	SES105	-1.48365	-43.1415	-41.6579
BLOCK16/SES161/SA161S10	SES158	-1.78029	-43.4382	-41.6579
BLOCK16/SES161/SA161S10	SES275	-1.75524	-43.4131	-41.6579
BLOCK16/SES161/SA161S12	SES007	-1.57088	-42.7842	-41.2133
BLOCK16/SES161/SA161S12	SES105	-1.99086	-43.2042	-41.2133
BLOCK16/SES161/SA161S12	SES158	-1.26356	-42.4769	-41.2133
BLOCK16/SES161/SA161S12	SES275	-1.45998	-42.6733	-41.2133
BLOCK16/SES161/SA161S20	SES007	-2.23206	-44.646	-42.414
BLOCK16/SES161/SA161S20	SES105	-2.33654	-44.7505	-42.414
BLOCK16/SES161/SA161S20	SES158	-1.151	-43.565	-42.414
BLOCK16/SES161/SA161S20	SES275	-2.09471	-44.5087	-42.414
BLOCK16/SES161/SA161S23	SES007	-2.07645	-43.1026	-41.0262
BLOCK16/SES161/SA161S23	SES105	-1.38699	-42.4132	-41.0262
BLOCK16/SES161/SA161S23	SES148	-2.06861	-43.0948	-41.0262
BLOCK16/SES161/SA161S23	SES158	-0.981995	-42.0082	-41.0262
BLOCK16/SES161/SA161S28	SES007	-2.74598	-44.3033	-41.5573
BLOCK16/SES161/SA161S28	SES105	-2.35922	-43.9165	-41.5573
BLOCK16/SES161/SA161S28	SES158	-0.915104	-42.4724	-41.5573
BLOCK16/SES161/SA161S28	SES206	-1.41255	-42.9699	-41.5573
BLOCK16/SES164/SA164S11	SES104	-1.13652	-41.6324	-40.4959
BLOCK16/SES164/SA164S11	SES125	-0.409775	-40.9056	-40.4959
BLOCK16/SES164/SA164S11	SES158	0.310184	-40.1857	-40.4959
BLOCK16/SES164/SA164S11	SES206	-1.76851	-42.2644	-40.4959
BLOCK16/SES164/SA164S13	SES099	-0.678307	-42.3832	-41.7049
BLOCK16/SES164/SA164S13	SES104	-1.15476	-42.8597	-41.7049
BLOCK16/SES164/SA164S13	SES125	-1.66292	-43.3678	-41.7049
BLOCK16/SES164/SA164S13	SES206	-1.82965	-43.5346	-41.7049
BLOCK16/SES164/SA164S24	SES002	-0.846233	-41.7408	-40.8945
BLOCK16/SES164/SA164S24	SES099	-0.0623016	-40.9568	-40.8945
BLOCK16/SES164/SA164S24	SES125	-1.22932	-42.1238	-40.8945
BLOCK16/SES164/SA164S24	SES226	-0.793545	-41.6881	-40.8945
BLOCK16/SES164/SA164S27	SES087	-1.81274	-43.0085	-41.1958
BLOCK16/SES164/SA164S27	SES125	-1.04255	-42.2383	-41.1958
BLOCK16/SES164/SA164S27	SES206	-1.52446	-42.7203	-41.1958
BLOCK16/SES164/SA164S27	SES226	-0.935951	-42.1318	-41.1958
BLOCK16/SES164/SA164S29	SES002	0.203835	-40.8724	-41.0762
BLOCK16/SES164/SA164S29	SES019	-0.836517	-41.9127	-41.0762
BLOCK16/SES164/SA164S29	SES125	-0.733337	-41.8095	-41.0762
BLOCK16/SES164/SA164S29	SES226	-1.09904	-42.1752	-41.0762
BLOCK16/SES169/SA169S13	SES117	-1.76545	-42.3631	-40.5976
BLOCK16/SES169/SA169S13	SES144	-1.3345	-41.9321	-40.5976
BLOCK16/SES169/SA169S13	SES146	-1.62671	-42.2243	-40.5976
BLOCK16/SES169/SA169S13	SES162	-1.50662	-42.1042	-40.5976
BLOCK16/SES169/SA169S14	SES144	-1.01265	-40.7095	-39.6969
BLOCK16/SES169/SA169S14	SES148	-1.08467	-40.7815	-39.6969
BLOCK16/SES169/SA169S14	SES177	-1.55186	-41.2487	-39.6969
BLOCK16/SES169/SA169S14	SES180	-2.43269	-42.1295	-39.6969
BLOCK16/SES169/SA169S24	SES117	-0.642635	-42.0232	-41.3806
BLOCK16/SES169/SA169S24	SES144	-0.903709	-42.2843	-41.3806
BLOCK16/SES169/SA169S24	SES146	-1.2463	-42.6269	-41.3806
BLOCK16/SES169/SA169S24	SES162	-1.30684	-42.6875	-41.3806
BLOCK16/SES169/SA169S27	SES127	-1.33946	-41.8259	-40.4864
BLOCK16/SES169/SA169S27	SES129	-1.33363	-41.8201	-40.4864
BLOCK16/SES169/SA169S27	SES144	-1.40494	-41.8914	-40.4864
BLOCK16/SES169/SA169S27	SES146	-0.61628	-41.1027	-40.4864
BLOCK16/SES169/SA169S29	SES144	-0.685181	-40.5559	-39.8707
BLOCK16/SES169/SA169S29	SES162	-0.957161	-40.8279	-39.8707
BLOCK16/SES169/SA169S29	SES177	-2.04871	-41.9194	-39.8707
BLOCK16/SES169/SA169S29	SES180	-1.44563	-41.3164	-39.8707
BLOCK17/SES171/SA171S12	SES083	-1.00043	-42.3458	-41.3454
BLOCK17/SES171/SA171S12	SES148	-1.43008	-42.7754	-41.3454
BLOCK17/SES171/SA171S12	SES172	-1.22504	-42.5704	-41.3454
BLOCK17/SES171/SA171S12	SES292	-1.83493	-43.1803	-41.3454
BLOCK17/SES171/SA171S15	SES148	-1.66283	-43.3427	-41.6798
BLOCK17/SES171/SA171S15	SES177	-2.02704	-43.7069	-41.6798
BLOCK17/SES171/SA171S15	SES180	-3.31378	-44.9936	-41.6798
BLOCK17/SES171/SA171S15	SES292	-3.72413	-45.404	-41.6798
BLOCK17/SES171/SA171S22	SES007	-1.72018	-42.1442	-40.424
BLOCK17/SES171/SA171S22	SES148	-1.50101	-41.925	-40.424
BLOCK17/SES171/SA171S22	SES177	-0.608109	-41.0321	-40.424
BLOCK17/SES171/SA171S22	SES180	-1.91219	-42.3362	-40.424
BLOCK17/SES171/SA171S25	SES101	-2.63501	-44.0659	-41.4309
BLOCK17/SES171/SA171S25	SES120	-2.42067	-43.8515	-41.4309
BLOCK17/SES171/SA171S25	SES177	-1.48685	-42.9177	-41.4309
BLOCK17/SES171/SA171S25	SES180	-2.41541	-43.8463	-41.4309
BLOCK17/SES171/SA171S27	SES177	-1.0819	-42.0169	-40.935
BLOCK17/SES171/SA171S27	SES180	-2.43094	-43.366	-40.935
BLOCK17/SES171/SA171S27	SES189	-0.909813	-41.8449	-40.935
BLOCK17/SES171/SA171S27	SES292	-2.8715	-43.8065	-40.935
BLOCK17/SES173/SA173S13	SES162	-2.49324	-44.5783	-42.0851
BLOCK17/SES173/SA173S13	SES177	-2.54698	-44.632	-42.0851
BLOCK17/SES173/SA173S13	SES180	-3.26813	-45.3532	-42.0851
BLOCK17/SES173/SA173S13	SES292	-2.00061	-44.0857	-42.0851
BLOCK17/SES173/SA173S14	SES007	-2.2035	-44.1859	-41.9824
BLOCK17/SES173/SA173S14	SES162	-2.541	-44.5234	-41.9824
BLOCK17/SES173/SA173S14	SES177	-1.80205	-43.7845	-41.9824
BLOCK17/SES173/SA173S14	SES180	-3.41979	-45.4022	-41.9824
BLOCK17/SES173/SA173S24	SES144	-1.42644	-43.7955	-42.3691
BLOCK17/SES173/SA173S24	SES162	-2.92381	-45.2929	-42.3691
BLOCK17/SES173/SA173S24	SES177	-2.45908	-44.8281	-42.3691
BLOCK17/SES173/SA173S24	SES180	-3.91965	-46.2887	-42.3691
BLOCK17/SES173/SA173S27	SES162	-2.96721	-44.7343	-41.7671
BLOCK17/SES173/SA173S27	SES177	-2.0808	-43.8479	-41.7671
BLOCK17/SES173/SA173S27	SES180	-2.86802	-44.6352	-41.7671
BLOCK17/SES173/SA173S27	SES292	-2.25556	-44.0227	-41.7671
BLOCK17/SES173/SA173S29	SES162	-3.52147	-45.1227	-41.6012
BLOCK17/SES173/SA173S29	SES175	-1.74717	-43.3484	-41.6012
BLOCK17/SES173/SA173S29	SES177	-2.79469	-44.3959	-41.6012
BLOCK17/SES173/SA173S29	SES292	-3.2137	-44.8149	-41.6012
BLOCK18/SES182/SA182S10	SES144	-1.16823	-41.6473	-40.4791
BLOCK18/SES182/SA182S10	SES177	-1.2586	-41.7377	-40.4791
BLOCK18/SES182/SA182S10	SES180	-2.17293	-42.652	-40.4791
BLOCK18/SES182/SA182S10	SES275	-0.595127	-41.0742	-40.4791
BLOCK18/SES182/SA182S12	SES144	-0.531448	-40.8733	-40.3418
BLOCK18/SES182/SA182S12	SES177	-0.987812	-41.3296	-40.3418
BLOCK18/SES182/SA182S12	SES180	-1.29718	-41.639	-40.3418
BLOCK18/SES182/SA182S12	SES275	-0.955193	-41.297	-40.3418
BLOCK18/SES182/SA182S21	SES117	-1.61203	-42.9717	-41.3597
BLOCK18/SES182/SA182S21	SES144	-1.32234	-42.682	-41.3597
BLOCK18/SES182/SA182S21	SES162	-0.776203	-42.1359	-41.3597
BLOCK18/SES182/SA182S21	SES180	-1.88741	-43.2471	-41.3597
BLOCK18/SES182/SA182S23	SES117	-1.26861	-42.1794	-40.9108
BLOCK18/SES182/SA182S23	SES144	-1.44464	-42.3554	-40.9108
BLOCK18/SES182/SA182S23	SES180	-1.95538	-42.8661	-40.9108
BLOCK18/SES182/SA182S23	SES275	-0.979645	-41.8904	-40.9108
BLOCK18/SES182/SA182S25	SES007	-0.736526	-41.5559	-40.8193
BLOCK18/SES182/SA182S25	SES162	-0.940121	-41.7595	-40.8193
BLOCK18/SES182/SA182S25	SES177	-1.15033	-41.9697	-40.8193
BLOCK18/SES182/SA182S25	SES180	-1.60429	-42.4236	-40.8193
BLOCK18/SES184/SA184S12	SES177	-1.99054	-42.7391	-40.7486
BLOCK18/SES184/SA184S12	SES180	-1.60752	-42.3561	-40.7486
BLOCK18/SES184/SA184S12	SES189	-1.9828	-42.7314	-40.7486
BLOCK18/SES184/SA184S12	SES292	-2.3161	-43.0647	-40.7486
BLOCK18/SES184/SA184S13	SES101	-1.97527	-42.3918	-40.4165
BLOCK18/SES184/SA184S13	SES177	-1.23646	-41.6529	-40.4165
BLOCK18/SES184/SA184S13	SES180	-1.20255	-41.619	-40.4165
BLOCK18/SES184/SA184S13	SES292	-1.82819	-42.2447	-40.4165
BLOCK18/SES184/SA184S22	SES177	-1.48343	-41.0709	-39.5875
BLOCK18/SES184/SA184S22	SES180	-1.10182	-40.6893	-39.5875
BLOCK18/SES184/SA184S22	SES189	-2.53662	-42.1241	-39.5875
BLOCK18/SES184/SA184S22	SES292	-1.74409	-41.3316	-39.5875
BLOCK18/SES184/SA184S25	SES101	-1.04448	-40.4496	-39.4051
BLOCK18/SES184/SA184S25	SES177	-1.55839	-40.9635	-39.4051
BLOCK18/SES184/SA184S25	SES180	-1.032	-40.4371	-39.4051
BLOCK18/SES184/SA184S25	SES292	-1.1022	-40.5073	-39.4051
BLOCK18/SES184/SA184S27	SES083	-1.47943	-41.587	-40.1076
BLOCK18/SES184/SA184S27	SES177	-1.3956	-41.5032	-40.1076
BLOCK18/SES184/SA184S27	SES202	-2.0155	-42.1231	-40.1076
BLOCK18/SES184/SA184S27	SES292	-1.51964	-41.6273	-40.1076
BLOCK20/SES204/SA204S12	SES062	-1.54072	-41.1016	-39.5609
BLOCK20/SES204/SA204S12	SES083	-2.32793	-41.8888	-39.5609
BLOCK20/SES204/SA204S12	SES206	-0.820507	-40.3814	-39.5609
BLOCK20/SES204/SA204S12	SES226	-1.9365	-41.4974	-39.5609
BLOCK20/SES204/SA204S14	SES068	-2.49216	-41.4413	-38.9491
BLOCK20/SES204/SA204S14	SES087	-0.473286	-39.4224	-38.9491
BLOCK20/SES204/SA204S14	SES206	-1.21817	-40.1673	-38.9491
BLOCK20/SES204/SA204S14	SES226	-1.67046	-40.6196	-38.9491
BLOCK20/SES204/SA204S22	SES068	-2.88728	-42.7046	-39.8173
BLOCK20/SES204/SA204S22	SES082	-3.02621	-42.8436	-39.8173
BLOCK20/SES204/SA204S22	SES083	-2.74144	-42.5588	-39.8173
BLOCK20/SES204/SA204S22	SES206	-1.27066	-41.088	-39.8173
BLOCK20/SES204/SA204S25	SES062	-2.01564	-42.1649	-40.1492
BLOCK20/SES204/SA204S25	SES083	-2.39234	-42.5416	-40.1492
BLOCK20/SES204/SA204S25	SES206	-0.99379	-41.143	-40.1492
BLOCK20/SES204/SA204S25	SES226	-1.66444	-41.8137	-40.1492
BLOCK20/SES204/SA204S27	SES068	-3.20746	-43.4616	-40.2542
BLOCK20/SES204/SA204S27	SES082	-2.13698	-42.3912	-40.2542
BLOCK20/SES204/SA204S27	SES087	-0.974361	-41.2285	-40.2542
BLOCK20/SES204/SA204S27	SES206	-1.14957	-41.4037	-40.2542
BLOCK20/SES207/SA207S10	SES127	-1.14296	-42.0434	-40.9004
BLOCK20/SES207/SA207S10	SES183	-2.03652	-42.9369	-40.9004
BLOCK20/SES207/SA207S10	SES189	-1.12462	-42.025	-40.9004
BLOCK20/SES207/SA207S10	SES292	-1.67521	-42.5756	-40.9004
BLOCK20/SES207/SA207S11	SES127	-2.32227	-42.969	-40.6468
BLOCK20/SES207/SA207S11	SES183	-2.55125	-43.198	-40.6468
BLOCK20/SES207/SA207S11	SES187	-1.34818	-41.9949	-40.6468
BLOCK20/SES207/SA207S11	SES292	-1.73926	-42.386	-40.6468
BLOCK20/SES207/SA207S25	SES068	-1.73335	-42.41	-40.6767
BLOCK20/SES207/SA207S25	SES083	-2.60262	-43.2793	-40.6767
BLOCK20/SES207/SA207S25	SES127	-1.42964	-42.1063	-40.6767
BLOCK20/SES207/SA207S25	SES187	-0.57069	-41.2474	-40.6767
BLOCK20/SES207/SA207S27	SES127	-1.79843	-42.8105	-41.0121
BLOCK20/SES207/SA207S27	SES183	-1.4912	-42.5033	-41.0121
BLOCK20/SES207/SA207S27	SES187	-1.34268	-42.3548	-41.0121
BLOCK20/SES207/SA207S27	SES292	-2.00746	-43.0196	-41.0121
BLOCK20/SES207/SA207S29	SES083	-2.04739	-42.7184	-40.671
BLOCK20/SES207/SA207S29	SES085	-1.21336	-41.8844	-40.671
BLOCK20/SES207/SA207S29	SES172	-1.55732	-42.2283	-40.671
BLOCK20/SES207/SA207S29	SES189	-1.82708	-42.4981	-40.671
BLOCK22/SES221/SA221S12	SES068	-1.56359	-42.0229	-40.4594
BLOCK22/SES221/SA221S12	SES143	-2.02579	-42.4852	-40.4594
BLOCK22/SES221/SA221S12	SES175	-0.848145	-41.3075	-40.4594
BLOCK22/SES221/SA221S12	SES202	-1.02859	-41.4879	-40.4594
BLOCK22/SES221/SA221S15	SES085	-2.87733	-44.4313	-41.554
BLOCK22/SES221/SA221S15	SES143	-2.52298	-44.0769	-41.554
BLOCK22/SES221/SA221S15	SES175	-1.37151	-42.9255	-41.554
BLOCK22/SES221/SA221S15	SES187	-1.09639	-42.6504	-41.554
BLOCK22/SES221/SA221S23	SES068	-1.86756	-42.6736	-40.8061
BLOCK22/SES221/SA221S23	SES143	-2.48108	-43.2872	-40.8061
BLOCK22/SES221/SA221S23	SES175	-0.843216	-41.6493	-40.8061
BLOCK22/SES221/SA221S23	SES189	-0.338123	-41.1442	-40.8061
BLOCK22/SES221/SA221S27	SES085	-2.67651	-43.4106	-40.7341
BLOCK22/SES221/SA221S27	SES143	-2.3926	-43.1267	-40.7341
BLOCK22/SES221/SA221S27	SES175	-1.55451	-42.2886	-40.7341
BLOCK22/SES221/SA221S27	SES189	0.212955	-40.5211	-40.7341
BLOCK22/SES221/SA221S29	SES085	-2.98318	-44.5801	-41.597
BLOCK22/SES221/SA221S29	SES143	-2.36892	-43.9659	-41.597
BLOCK22/SES221/SA221S29	SES175	-1.56413	-43.1611	-41.597
BLOCK22/SES221/SA221S29	SES187	-0.38406	-41.981	-41.597
BLOCK22/SES223/SA223S11	SES143	-1.33554	-42.5457	-41.2102
BLOCK22/SES223/SA223S11	SES144	-2.60053	-43.8107	-41.2102
BLOCK22/SES223/SA223S11	SES175	-1.25425	-42.4644	-41.2102
BLOCK22/SES223/SA223S11	SES187	-1.86993	-43.0801	-41.2102
BLOCK22/SES223/SA223S13	SES068	-1.80882	-44.3287	-42.5198
BLOCK22/SES223/SA223S13	SES143	-2.37767	-44.8975	-42.5198
BLOCK22/SES223/SA223S13	SES146	-2.73396	-45.2538	-42.5198
BLOCK22/SES223/SA223S13	SES202	-1.73095	-44.2508	-42.5198
BLOCK22/SES223/SA223S22	SES143	-1.51158	-42.8883	-41.3768
BLOCK22/SES223/SA223S22	SES144	-2.32029	-43.697	-41.3768
BLOCK22/SES223/SA223S22	SES175	-1.26343	-42.6402	-41.3768
BLOCK22/SES223/SA223S22	SES187	-0.984524	-42.3613	-41.3768
BLOCK22/SES223/SA223S25	SES068	-1.70162	-43.1198	-41.4181
BLOCK22/SES223/SA223S25	SES143	-1.91407	-43.3322	-41.4181
BLOCK22/SES223/SA223S25	SES175	-0.787838	-42.206	-41.4181
BLOCK22/SES223/SA223S25	SES187	-1.5186	-42.9367	-41.4181
BLOCK22/SES223/SA223S27	SES143	-1.03315	-42.4918	-41.4586
BLOCK22/SES223/SA223S27	SES146	-1.72017	-43.1788	-41.4586
BLOCK22/SES223/SA223S27	SES187	-1.72446	-43.1831	-41.4586
BLOCK22/SES223/SA223S27	SES292	-2.0943	-43.5529	-41.4586
BLOCK27/SES273/SA273S12	SES099	-0.128025	-39.3277	-39.1997
BLOCK27/SES273/SA273S12	SES104	-0.736286	-39.936	-39.1997
BLOCK27/SES273/SA273S12	SES125	-0.915882	-40.1156	-39.1997
BLOCK27/SES273/SA273S12	SES206	-0.419842	-39.6195	-39.1997
BLOCK27/SES273/SA273S13	SES099	-0.541435	-39.582	-39.0406
BLOCK27/SES273/SA273S13	SES104	-0.631546	-39.6721	-39.0406
BLOCK27/SES273/SA273S13	SES206	-0.928471	-39.9691	-39.0406
BLOCK27/SES273/SA273S13	SES292	-2.3438	-41.3844	-39.0406
BLOCK27/SES273/SA273S21	SES099	-0.372566	-39.7377	-39.3651
BLOCK27/SES273/SA273S21	SES148	-2.25143	-41.6166	-39.3651
BLOCK27/SES273/SA273S21	SES149	-1.14141	-40.5065	-39.3651
BLOCK27/SES273/SA273S21	SES177	-3.20417	-42.5693	-39.3651
BLOCK27/SES273/SA273S25	SES104	-0.860023	-40.3389	-39.4789
BLOCK27/SES273/SA273S25	SES125	-0.949883	-40.4288	-39.4789
BLOCK27/SES273/SA273S25	SES158	-0.160198	-39.6391	-39.4789
BLOCK27/SES273/SA273S25	SES206	-0.279552	-39.7584	-39.4789
BLOCK27/SES273/SA273S27	SES099	-0.412514	-39.534	-39.1215
BLOCK27/SES273/SA273S27	SES104	-1.00353	-40.125	-39.1215
BLOCK27/SES273/SA273S27	SES149	-0.513065	-39.6346	-39.1215
BLOCK27/SES273/SA273S27	SES275	-1.33439	-40.4559	-39.1215
BLOCK27/SES274/SA274S10	SES105	-0.905373	-40.1572	-39.2518
BLOCK27/SES274/SA274S10	SES125	-1.06977	-40.3216	-39.2518
BLOCK27/SES274/SA274S10	SES129	-0.490486	-39.7423	-39.2518
BLOCK27/SES274/SA274S10	SES158	-1.48206	-40.7338	-39.2518
BLOCK27/SES274/SA274S11	SES105	-1.11723	-40.4505	-39.3333
BLOCK27/SES274/SA274S11	SES149	-1.13944	-40.4728	-39.3333
BLOCK27/SES274/SA274S11	SES158	-0.955585	-40.2889	-39.3333
BLOCK27/SES274/SA274S11	SES275	-0.416691	-39.75	-39.3333
BLOCK27/SES274/SA274S21	SES105	-0.946281	-40.6452	-39.6989
BLOCK27/SES274/SA274S21	SES129	-0.65789	-40.3568	-39.6989
BLOCK27/SES274/SA274S21	SES149	-0.950363	-40.6493	-39.6989
BLOCK27/SES274/SA274S21	SES158	-2.05266	-41.7516	-39.6989
BLOCK27/SES274/SA274S24	SES105	-0.776558	-40.5778	-39.8012
BLOCK27/SES274/SA274S24	SES129	-1.34967	-41.1509	-39.8012
BLOCK27/SES274/SA274S24	SES149	-0.947418	-40.7487	-39.8012
BLOCK27/SES274/SA274S24	SES158	-1.89641	-41.6977	-39.8012
BLOCK27/SES274/SA274S29	SES105	-1.34462	-40.8107	-39.466
BLOCK27/SES274/SA274S29	SES106	-1.95041	-41.4164	-39.466
BLOCK27/SES274/SA274S29	SES120	-1.8009	-41.2669	-39.466
BLOCK27/SES274/SA274S29	SES275	-0.702972	-40.169	-39.466
BLOCK27/SES276/SA276S16	SES148	-2.14319	-42.5284	-40.3852
BLOCK27/SES276/SA276S16	SES172	-2.13974	-42.5249	-40.3852
BLOCK27/SES276/SA276S16	SES180	-3.07909	-43.4643	-40.3852
BLOCK27/SES276/SA276S16	SES292	-1.14328	-41.5285	-40.3852
BLOCK27/SES276/SA276S17	SES101	-1.78815	-42.1919	-40.4038
BLOCK27/SES276/SA276S17	SES177	-1.83529	-42.2391	-40.4038
BLOCK27/SES276/SA276S17	SES180	-1.90686	-42.3107	-40.4038
BLOCK27/SES276/SA276S17	SES292	-1.75055	-42.1543	-40.4038
BLOCK27/SES276/SA276S24	SES101	-1.10454	-40.6041	-39.4995
BLOCK27/SES276/SA276S24	SES177	-1.67229	-41.1718	-39.4995
BLOCK27/SES276/SA276S24	SES180	-1.8134	-41.3129	-39.4995
BLOCK27/SES276/SA276S24	SES292	-1.71165	-41.2112	-39.4995
BLOCK27/SES276/SA276S26	SES101	-2.06123	-41.8552	-39.7939
BLOCK27/SES276/SA276S26	SES177	-1.283	-41.0769	-39.7939
BLOCK27/SES276/SA276S26	SES180	-1.67713	-41.4711	-39.7939
BLOCK27/SES276/SA276S26	SES292	-0.964115	-40.7581	-39.7939
BLOCK27/SES276/SA276S28	SES101	-1.82944	-41.8563	-40.0268
BLOCK27/SES276/SA276S28	SES177	-1.76625	-41.7931	-40.0268
BLOCK27/SES276/SA276S28	SES180	-1.26508	-41.2919	-40.0268
BLOCK27/SES276/SA276S28	SES292	-1.48948	-41.5163	-40.0268
BLOCK27/SES277/SA277S12	SES101	-1.28317	-42.0524	-40.7693
BLOCK27/SES277/SA277S12	SES177	-1.74216	-42.5114	-40.7693
BLOCK27/SES277/SA277S12	SES180	-2.5337	-43.303	-40.7693
BLOCK27/SES277/SA277S12	SES292	-2.67016	-43.4394	-40.7693
BLOCK27/SES277/SA277S14	SES177	-1.5235	-43.021	-41.4975
BLOCK27/SES277/SA277S14	SES180	-1.96674	-43.4642	-41.4975
BLOCK27/SES277/SA277S14	SES189	-1.0094	-42.5069	-41.4975
BLOCK27/SES277/SA277S14	SES292	-3.06399	-44.5614	-41.4975
BLOCK27/SES277/SA277S21	SES177	-0.878868	-41.1154	-40.2365
BLOCK27/SES277/SA277S21	SES180	-2.45749	-42.694	-40.2365
BLOCK27/SES277/SA277S21	SES189	-1.32832	-41.5648	-40.2365
BLOCK27/SES277/SA277S21	SES292	-2.52017	-42.7567	-40.2365
BLOCK27/SES277/SA277S24	SES144	-1.52761	-42.8937	-41.3661
BLOCK27/SES277/SA277S24	SES177	-1.45555	-42.8216	-41.3661
BLOCK27/SES277/SA277S24	SES180	-2.37699	-43.7431	-41.3661
BLOCK27/SES277/SA277S24	SES189	-1.46504	-42.8311	-41.3661
BLOCK27/SES277/SA277S29	SES177	-1.35931	-40.7367	-39.3774
BLOCK27/SES277/SA277S29	SES180	-1.32096	-40.6983	-39.3774
BLOCK27/SES277/SA277S29	SES202	-1.43416	-40.8115	-39.3774
BLOCK27/SES277/SA277S29	SES292	-2.11432	-41.4917	-39.3774
BLOCK27/SES279/SA279S09	SES120	-1.23179	-41.0707	-39.8389
BLOCK27/SES279/SA279S09	SES146	-1.38665	-41.2255	-39.8389
BLOCK27/SES279/SA279S09	SES206	-1.59723	-41.4361	-39.8389
BLOCK27/SES279/SA279S09	SES226	-1.73329	-41.5722	-39.8389
BLOCK27/SES279/SA279S10	SES099	-0.544304	-40.2937	-39.7494
BLOCK27/SES279/SA279S10	SES206	-0.75832	-40.5077	-39.7494
BLOCK27/SES279/SA279S10	SES226	-1.63932	-41.3887	-39.7494
BLOCK27/SES279/SA279S10	SES292	-1.1832	-40.9326	-39.7494
BLOCK27/SES279/SA279S20	SES099	-1.05561	-41.4154	-40.3598
BLOCK27/SES279/SA279S20	SES206	-0.589069	-40.9489	-40.3598
BLOCK27/SES279/SA279S20	SES226	-1.53403	-41.8938	-40.3598
BLOCK27/SES279/SA279S20	SES292	-0.922096	-41.2819	-40.3598
BLOCK27/SES279/SA279S26	SES099	-1.02037	-41.0303	-40.01
BLOCK27/SES279/SA279S26	SES206	-0.510052	-40.52	-40.01
BLOCK27/SES279/SA279S26	SES226	-1.27333	-41.2833	-40.01
BLOCK27/SES279/SA279S26	SES292	-1.53035	-41.5403	-40.01
BLOCK27/SES279/SA279S28	SES099	-1.03472	-39.7148	-38.6801
BLOCK27/SES279/SA279S28	SES120	-1.47757	-40.1576	-38.6801
BLOCK27/SES279/SA279S28	SES177	-2.28434	-40.9644	-38.6801
BLOCK27/SES279/SA279S28	SES206	-1.12152	-39.8016	-38.6801
BLOCK29/SES290/SA290S12	SES162	-1.6464	-41.6074	-39.961
BLOCK29/SES290/SA290S12	SES177	-1.87987	-41.8409	-39.961
BLOCK29/SES290/SA290S12	SES180	-2.24662	-42.2076	-39.961
BLOCK29/SES290/SA290S12	SES292	-2.38444	-42.3454	-39.961
BLOCK29/SES290/SA290S13	SES007	-3.27262	-43.8228	-40.5502
BLOCK29/SES290/SA290S13	SES162	-2.54991	-43.1001	-40.5502
BLOCK29/SES290/SA290S13	SES177	-1.31998	-41.8702	-40.5502
BLOCK29/SES290/SA290S13	SES180	-1.94073	-42.491	-40.5502
BLOCK29/SES290/SA290S22	SES177	-1.13498	-41.084	-39.949
BLOCK29/SES290/SA290S22	SES180	-1.49393	-41.443	-39.949
BLOCK29/SES290/SA290S22	SES202	-1.23335	-41.1824	-39.949
BLOCK29/SES290/SA290S22	SES292	-2.01529	-41.9643	-39.949
BLOCK29/SES290/SA290S25	SES162	-1.33281	-41.202	-39.8692
BLOCK29/SES290/SA290S25	SES177	-0.930977	-40.8002	-39.8692
BLOCK29/SES290/SA290S25	SES180	-1.12742	-40.9966	-39.8692
BLOCK29/SES290/SA290S25	SES292	-1.50453	-41.3737	-39.8692
BLOCK29/SES290/SA290S29	SES177	-0.342117	-39.99	-39.6479
BLOCK29/SES290/SA290S29	SES180	-1.09129	-40.7392	-39.6479
BLOCK29/SES290/SA290S29	SES275	-1.95499	-41.6029	-39.6479
BLOCK29/SES290/SA290S29	SES292	-1.08204	-40.73	-39.6479
BLOCK29/SES291/SA291S11	SES105	-2.49823	-43.1778	-40.6795
BLOCK29/SES291/SA291S11	SES125	-1.28885	-41.9684	-40.6795
BLOCK29/SES291/SA291S11	SES158	-0.935806	-41.6153	-40.6795
BLOCK29/SES291/SA291S11	SES275	-2.58502	-43.2646	-40.6795
BLOCK29/SES291/SA291S12	SES158	0.290947	-39.9115	-40.2025
BLOCK29/SES291/SA291S12	SES226	-0.804268	-41.0068	-40.2025
BLOCK29/SES291/SA291S12	SES270	0.285744	-39.9167	-40.2025
BLOCK29/SES291/SA291S12	SES275	-3.73101	-43.9335	-40.2025
BLOCK29/SES291/SA291S22	SES082	-0.85854	-40.9403	-40.0818
BLOCK29/SES291/SA291S22	SES158	-0.789021	-40.8708	-40.0818
BLOCK29/SES291/SA291S22	SES259	-1.32068	-41.4025	-40.0818
BLOCK29/SES291/SA291S22	SES275	-2.64386	-42.7257	-40.0818
BLOCK29/SES291/SA291S24	SES104	-0.282597	-39.3805	-39.0979
BLOCK29/SES291/SA291S24	SES125	-0.275196	-39.3731	-39.0979
BLOCK29/SES291/SA291S24	SES158	-0.591423	-39.6893	-39.0979
BLOCK29/SES291/SA291S24	SES275	-2.79959	-41.8975	-39.0979
BLOCK29/SES291/SA291S27	SES158	-0.395576	-39.6685	-39.2729
BLOCK29/SES291/SA291S27	SES172	-3.7796	-43.0525	-39.2729
BLOCK29/SES291/SA291S27	SES275	-2.75187	-42.0248	-39.2729
BLOCK29/SES291/SA291S27	SES292	-2.48103	-41.7539	-39.2729
