BLOCK00/SES002/SA002S12	SES002	1.43724	-41.5827	-43.0199
BLOCK00/SES002/SA002S13	SES002	1.88744	-41.4976	-43.3851
BLOCK00/SES002/SA002S23	SES002	1.24535	-41.6275	-42.8728
BLOCK00/SES002/SA002S26	SES002	2.02529	-41.1834	-43.2087
BLOCK00/SES002/SA002S28	SES002	1.3147	-41.6602	-42.9749
BLOCK00/SES007/SA007S14	SES007	1.15174	-40.9233	-42.0751
BLOCK00/SES007/SA007S15	SES007	0.377987	-42.5194	-42.8973
BLOCK00/SES007/SA007S24	SES007	0.512966	-42.1367	-42.6496
BLOCK00/SES007/SA007S27	SES007	0.425827	-42.8719	-43.2977
BLOCK00/SES007/SA007S29	SES007	0.0672302	-41.8656	-41.9329
BLOCK00/SES008/SA008S11	SES008	1.33065	-41.7615	-43.0921
BLOCK00/SES008/SA008S12	SES008	0.317867	-42.9088	-43.2266
BLOCK00/SES008/SA008S19	SES008	1.0948	-41.6562	-42.751
BLOCK00/SES008/SA008S22	SES008	1.16899	-42.2081	-43.3771
BLOCK00/SES008/SA008S29	SES008	1.14576	-41.6022	-42.7479
BLOCK01/SES014/SA014S10	SES014	2.16321	-41.2484	-43.4116
BLOCK01/SES014/SA014S12	SES014	2.54201	-39.6186	-42.1606
BLOCK01/SES014/SA014S24	SES014	1.57936	-41.3649	-42.9443
BLOCK01/SES014/SA014S26	SES014	2.48565	-39.1521	-41.6378
BLOCK01/SES014/SA014S28	SES014	2.62018	-39.5977	-42.2179
BLOCK01/SES016/SA016S12	SES016	1.13147	-43.1416	-44.2731
BLOCK01/SES016/SA016S13	SES016	1.32187	-41.6875	-43.0094
BLOCK01/SES016/SA016S22	SES016	0.387016	-42.792	-43.179
BLOCK01/SES016/SA016S25	SES016	1.23828	-40.3999	-41.6382
BLOCK01/SES016/SA016S27	SES016	1.74594	-40.6741	-42.42
BLOCK01/SES019/SA019S13	SES019	2.97427	-41.9777	-44.952
BLOCK01/SES019/SA019S14	SES019	1.67528	-42.5619	-44.2371
BLOCK01/SES019/SA019S22	SES019	2.54512	-41.7698	-44.3149
BLOCK01/SES019/SA019S25	SES019	2.59248	-42.0486	-44.6411
BLOCK01/SES019/SA019S29	SES019	3.4062	-41.6213	-45.0275
BLOCK02/SES029/SA029S11	SES029	1.22604	-41.551	-42.777
BLOCK02/SES029/SA029S12	SES029	0.435608	-41.9976	-42.4332
BLOCK02/SES029/SA029S20	SES029	0.53228	-42.9399	-43.4721
BLOCK02/SES029/SA029S25	SES029	0.581032	-41.659	-42.24
BLOCK02/SES029/SA029S28	SES029	0.317703	-42.5704	-42.8881
BLOCK04/SES042/SA042S12	SES042	2.06472	-40.7308	-42.7955
BLOCK04/SES042/SA042S15	SES042	2.21544	-41.1464	-43.3619
BLOCK04/SES042/SA042S22	SES042	3.18192	-39.4566	-42.6385
BLOCK04/SES042/SA042S25	SES042	2.22911	-41.984	-44.2131
BLOCK04/SES042/SA042S27	SES042	1.79659	-41.1016	-42.8982
BLOCK04/SES048/SA048S11	SES048	1.19056	-41.7884	-42.9789
BLOCK04/SES048/SA048S12	SES048	0.484688	-42.3685	-42.8532
BLOCK04/SES048/SA048S20	SES048	0.87413	-41.713	-42.5871
BLOCK04/SES048/SA048S23	SES048	1.24798	-42.2086	-43.4566
BLOCK04/SES048/SA048S27	SES048	0.756676	-41.4933	-42.25
BLOCK06/SES060/SA060S11	SES060	1.20338	-41.5815	-42.7849
BLOCK06/SES060/SA060S12	SES060	-0.587608	-43.2685	-42.6809
BLOCK06/SES060/SA060S22	SES060	-0.0812874	-43.4247	-43.3435
BLOCK06/SES060/SA060S24	SES060	0.914608	-41.6395	-42.5541
BLOCK06/SES060/SA060S28	SES060	0.893936	-40.3904	-41.2844
BLOCK06/SES062/SA062S10	SES062	0.598763	-41.842	-42.4407
BLOCK06/SES062/SA062S11	SES062	1.44758	-41.1012	-42.5488
BLOCK06/SES062/SA062S21	SES062	1.85918	-39.5677	-41.4269
BLOCK06/SES062/SA062S26	SES062	0.462082	-41.105	-41.5671
BLOCK06/SES062/SA062S29	SES062	1.26992	-40.4652	-41.7352
BLOCK06/SES068/SA068S14	SES068	0.25602	-42.3006	-42.5566
BLOCK06/SES068/SA068S15	SES068	0.788876	-41.3493	-42.1382
BLOCK06/SES068/SA068S23	SES068	0.746914	-42.2904	-43.0373
BLOCK06/SES068/SA068S27	SES068	1.62253	-40.6803	-42.3028
BLOCK06/SES068/SA068S29	SES068	0.840218	-41.6372	-42.4775
BLOCK08/SES082/SA082S12	SES082	0.737995	-43.5466	-44.2846
BLOCK08/SES082/SA082S14	SES082	0.396912	-43.6101	-44.007
BLOCK08/SES082/SA082S21	SES082	0.940575	-42.5382	-43.4788
BLOCK08/SES082/SA082S24	SES082	0.891991	-42.4114	-43.3033
BLOCK08/SES082/SA082S28	SES082	0.308376	-43.1407	-43.4491
BLOCK08/SES083/SA083S14	SES083	-0.608517	-42.9136	-42.3051
BLOCK08/SES083/SA083S15	SES083	0.094059	-42.2803	-42.3744
BLOCK08/SES083/SA083S24	SES083	-0.0815811	-42.7768	-42.6952
BLOCK08/SES083/SA083S26	SES083	0.776516	-41.8284	-42.6049
BLOCK08/SES083/SA083S29	SES083	-0.459583	-42.4901	-42.0306
BLOCK08/SES085/SA085S10	SES085	0.092907	-42.4546	-42.5475
BLOCK08/SES085/SA085S13	SES085	0.406002	-42.397	-42.803
BLOCK08/SES085/SA085S22	SES085	-1.36601	-43.9678	-42.6018
BLOCK08/SES085/SA085S26	SES085	-0.447441	-42.7755	-42.328
BLOCK08/SES085/SA085S28	SES085	0.563873	-42.0558	-42.6197
BLOCK08/SES087/SA087S15	SES087	1.68169	-41.9539	-43.6356
BLOCK08/SES087/SA087S16	SES087	1.74262	-41.8304	-43.573
BLOCK08/SES087/SA087S24	SES087	1.58524	-41.9548	-43.5401
BLOCK08/SES087/SA087S26	SES087	1.44927	-40.8815	-42.3308
BLOCK08/SES087/SA087S29	SES087	1.7134	-41.7725	-43.4859
BLOCK09/SES099/SA099S15	SES099	1.11297	-42.5943	-43.7073
BLOCK09/SES099/SA099S16	SES099	1.26131	-42.2312	-43.4925
BLOCK09/SES099/SA099S24	SES099	1.53632	-41.5972	-43.1335
BLOCK09/SES099/SA099S26	SES099	1.41096	-41.7153	-43.1262
BLOCK09/SES099/SA099S29	SES099	1.38916	-41.7363	-43.1255
BLOCK10/SES101/SA101S11	SES101	0.320835	-42.003	-42.3238
BLOCK10/SES101/SA101S13	SES101	0.761456	-41.4424	-42.2038
BLOCK10/SES101/SA101S22	SES101	0.662842	-42.5445	-43.2073
BLOCK10/SES101/SA101S24	SES101	1.1586	-41.6441	-42.8027
BLOCK10/SES101/SA101S28	SES101	0.0419197	-42.7388	-42.7807
BLOCK10/SES104/SA104S11	SES104	1.3227	-40.9126	-42.2353
BLOCK10/SES104/SA104S12	SES104	1.37046	-40.9953	-42.3657
BLOCK10/SES104/SA104S21	SES104	0.936432	-41.8385	-42.775
BLOCK10/SES104/SA104S24	SES104	0.958672	-42.3882	-43.3469
BLOCK10/SES104/SA104S28	SES104	0.985691	-42.0697	-43.0554
BLOCK10/SES105/SA105S12	SES105	0.53397	-43.2504	-43.7843
BLOCK10/SES105/SA105S13	SES105	1.10018	-42.5771	-43.6773
BLOCK10/SES105/SA105S22	SES105	0.199646	-43.951	-44.1507
BLOCK10/SES105/SA105S26	SES105	1.46104	-42.4091	-43.8702
BLOCK10/SES105/SA105S29	SES105	0.80463	-42.4428	-43.2474
BLOCK10/SES106/SA106S09	SES106	1.298	-43.1614	-44.4594
BLOCK10/SES106/SA106S11	SES106	1.1796	-41.7124	-42.892
BLOCK10/SES106/SA106S22	SES106	2.2507	-41.8952	-44.1459
BLOCK10/SES106/SA106S27	SES106	1.29753	-42.0271	-43.3246
BLOCK10/SES106/SA106S29	SES106	0.874447	-42.0715	-42.9459
BLOCK11/SES117/SA117S12	SES117	0.816944	-42.1628	-42.9797
BLOCK11/SES117/SA117S13	SES117	0.484692	-42.1712	-42.6559
BLOCK11/SES117/SA117S23	SES117	1.27676	-42.7404	-44.0171
BLOCK11/SES117/SA117S25	SES117	0.666557	-43.0702	-43.7368
BLOCK11/SES117/SA117S28	SES117	0.952618	-43.0144	-43.967
BLOCK12/SES120/SA120S08	SES120	1.04425	-43.4574	-44.5016
BLOCK12/SES120/SA120S11	SES120	0.659981	-44.6014	-45.2614
BLOCK12/SES120/SA120S22	SES120	0.473057	-42.6804	-43.1535
BLOCK12/SES120/SA120S24	SES120	0.374195	-43.0512	-43.4254
BLOCK12/SES120/SA120S28	SES120	0.341064	-44.3759	-44.717
BLOCK12/SES125/SA125S13	SES125	1.83771	-41.0937	-42.9314
BLOCK12/SES125/SA125S14	SES125	1.30059	-41.9425	-43.2431
BLOCK12/SES125/SA125S25	SES125	1.9209	-41.2867	-43.2076
BLOCK12/SES125/SA125S27	SES125	2.06958	-40.5052	-42.5748
BLOCK12/SES125/SA125S29	SES125	1.54757	-41.2415	-42.7891
BLOCK12/SES127/SA127S11	SES127	0.612545	-42.5369	-43.1494
BLOCK12/SES127/SA127S12	SES127	-0.461884	-42.6326	-42.1707
BLOCK12/SES127/SA127S23	SES127	0.208359	-42.4833	-42.6917
BLOCK12/SES127/SA127S25	SES127	-0.184319	-42.81	-42.6256
BLOCK12/SES127/SA127S27	SES127	0.760513	-41.4583	-42.2188
BLOCK12/SES129/SA129S11	SES129	1.29313	-41.0755	-42.3687
BLOCK12/SES129/SA129S12	SES129	1.01502	-41.1118	-42.1268
BLOCK12/SES129/SA129S22	SES129	1.05617	-41.4892	-42.5454
BLOCK12/SES129/SA129S27	SES129	1.41954	-41.1538	-42.5733
BLOCK12/SES129/SA129S29	SES129	1.4956	-41.0241	-42.5197
BLOCK14/SES142/SA142S11	SES142	1.34542	-41.9392	-43.2846
BLOCK14/SES142/SA142S12	SES142	0.738708	-42.6881	-43.4269
BLOCK14/SES142/SA142S24	SES142	1.40576	-41.8446	-43.2504
BLOCK14/SES142/SA142S27	SES142	1.81191	-41.4619	-43.2738
BLOCK14/SES142/SA142S29	SES142	1.75322	-40.8335	-42.5867
BLOCK14/SES143/SA143S12	SES143	0.98555	-42.2333	-43.2188
BLOCK14/SES143/SA143S13	SES143	0.716228	-42.6025	-43.3187
BLOCK14/SES143/SA143S23	SES143	0.595886	-42.8685	-43.4644
BLOCK14/SES143/SA143S25	SES143	0.474453	-42.6952	-43.1697
BLOCK14/SES143/SA143S28	SES143	0.894257	-41.7335	-42.6278
BLOCK14/SES144/SA144S09	SES144	0.840645	-42.2055	-43.0462
BLOCK14/SES144/SA144S11	SES144	0.595123	-43.2573	-43.8524
BLOCK14/SES144/SA144S21	SES144	0.167809	-43.0132	-43.181
BLOCK14/SES144/SA144S25	SES144	0.354469	-43.1746	-43.5291
BLOCK14/SES144/SA144S29	SES144	0.216301	-42.6267	-42.843
BLOCK14/SES146/SA146S14	SES146	0.346561	-43.4295	-43.7761
BLOCK14/SES146/SA146S15	SES146	0.262787	-43.0559	-43.3187
BLOCK14/SES146/SA146S24	SES146	0.470867	-42.9454	-43.4163
BLOCK14/SES146/SA146S26	SES146	0.97435	-43.0068	-43.9812
BLOCK14/SES146/SA146S29	SES146	0.692921	-43.5972	-44.2901
BLOCK14/SES147/SA147S11	SES147	1.59708	-42.1575	-43.7546
BLOCK14/SES147/SA147S13	SES147	1.74385	-41.1474	-42.8912
BLOCK14/SES147/SA147S23	SES147	1.25629	-42.5761	-43.8324
BLOCK14/SES147/SA147S26	SES147	1.0195	-42.5459	-43.5654
BLOCK14/SES147/SA147S28	SES147	1.95782	-41.7879	-43.7457
BLOCK14/SES148/SA148S10	SES148	1.19622	-41.7237	-42.9199
BLOCK14/SES148/SA148S12	SES148	0.695488	-42.7542	-43.4497
BLOCK14/SES148/SA148S22	SES148	1.0048	-41.3519	-42.3567
BLOCK14/SES148/SA148S26	SES148	0.558411	-42.019	-42.5774
BLOCK14/SES148/SA148S29	SES148	0.410435	-42.8464	-43.2568
BLOCK14/SES149/SA149S13	SES149	-0.27087	-43.2334	-42.9625
BLOCK14/SES149/SA149S14	SES149	0.536076	-41.9241	-42.4602
BLOCK14/SES149/SA149S24	SES149	1.16837	-41.9044	-43.0728
BLOCK14/SES149/SA149S26	SES149	1.80317	-41.1806	-42.9838
BLOCK14/SES149/SA149S28	SES149	1.88847	-40.4502	-42.3387
BLOCK15/SES158/SA158S13	SES158	1.01678	-42.8424	-43.8592
BLOCK15/SES158/SA158S14	SES158	1.57597	-42.5554	-44.1314
BLOCK15/SES158/SA158S23	SES158	1.19692	-42.0968	-43.2937
BLOCK15/SES158/SA158S26	SES158	1.88508	-41.9108	-43.7959
BLOCK15/SES158/SA158S28	SES158	1.20257	-42.6067	-43.8093
BLOCK16/SES162/SA162S10	SES162	0.790592	-43.4298	-44.2204
BLOCK16/SES162/SA162S11	SES162	0.635788	-42.3059	-42.9417
BLOCK16/SES162/SA162S21	SES162	1.37756	-41.9935	-43.371
BLOCK16/SES162/SA162S24	SES162	1.14786	-42.1859	-43.3337
BLOCK16/SES162/SA162S27	SES162	0.725082	-43.0534	-43.7785
BLOCK16/SES167/SA167S14	SES167	1.04923	-41.0367	-42.086
BLOCK16/SES167/SA167S15	SES167	1.46229	-41.5445	-43.0068
BLOCK16/SES167/SA167S21	SES167	1.57111	-40.6439	-42.215
BLOCK16/SES167/SA167S25	SES167	1.51245	-41.695	-43.2074
BLOCK16/SES167/SA167S29	SES167	1.86694	-40.3184	-42.1854
BLOCK17/SES172/SA172S12	SES172	1.26797	-42.0786	-43.3466
BLOCK17/SES172/SA172S13	SES172	1.71508	-41.779	-43.494
BLOCK17/SES172/SA172S23	SES172	0.686626	-40.9376	-41.6242
BLOCK17/SES172/SA172S27	SES172	0.685169	-42.36	-43.0452
BLOCK17/SES172/SA172S29	SES172	1.48476	-41.8054	-43.2901
BLOCK17/SES175/SA175S11	SES175	1.34234	-41.4566	-42.7989
BLOCK17/SES175/SA175S13	SES175	0.881512	-41.852	-42.7336
BLOCK17/SES175/SA175S23	SES175	1.23892	-42.005	-43.2439
BLOCK17/SES175/SA175S25	SES175	0.674816	-43.4225	-44.0974
BLOCK17/SES175/SA175S28	SES175	1.19202	-41.5634	-42.7554
BLOCK17/SES177/SA177S15	SES177	-0.269306	-42.8411	-42.5717
BLOCK17/SES177/SA177S17	SES177	0.0886993	-42.4852	-42.5739
BLOCK17/SES177/SA177S23	SES177	0.189106	-42.6801	-42.8692
BLOCK17/SES177/SA177S26	SES177	0.498138	-40.861	-41.3591
BLOCK17/SES177/SA177S28	SES177	0.443008	-41.6206	-42.0636
BLOCK18/SES180/SA180S13	SES180	0.350494	-42.58	-42.9305
BLOCK18/SES180/SA180S15	SES180	0.545383	-42.602	-43.1474
BLOCK18/SES180/SA180S24	SES180	0.440838	-41.3754	-41.8162
BLOCK18/SES180/SA180S26	SES180	0.68042	-41.8758	-42.5563
BLOCK18/SES180/SA180S29	SES180	0.857765	-42.373	-43.2307
BLOCK18/SES183/SA183S13	SES183	0.829258	-42.8362	-43.6655
BLOCK18/SES183/SA183S14	SES183	0.351177	-43.1245	-43.4757
BLOCK18/SES183/SA183S24	SES183	0.888035	-42.9686	-43.8567
BLOCK18/SES183/SA183S27	SES183	1.02114	-42.5388	-43.5599
BLOCK18/SES183/SA183S29	SES183	0.974583	-42.0644	-43.039
BLOCK18/SES187/SA187S13	SES187	0.755558	-42.8574	-43.6129
BLOCK18/SES187/SA187S14	SES187	0.63493	-43.039	-43.674
BLOCK18/SES187/SA187S24	SES187	1.01367	-42.3011	-43.3148
BLOCK18/SES187/SA187S27	SES187	1.07505	-41.9901	-43.0651
BLOCK18/SES187/SA187S29	SES187	1.08932	-42.5771	-43.6665
BLOCK18/SES189/SA189S10	SES189	1.41007	-43.8128	-45.2229
BLOCK18/SES189/SA189S13	SES189	1.45147	-44.2223	-45.6738
BLOCK18/SES189/SA189S24	SES189	1.54048	-43.3038	-44.8443
BLOCK18/SES189/SA189S26	SES189	1.13524	-43.142	-44.2773
BLOCK18/SES189/SA189S29	SES189	1.78146	-42.8756	-44.6571
BLOCK20/SES202/SA202S12	SES202	0.74025	-43.3625	-44.1027
BLOCK20/SES202/SA202S14	SES202	2.36222	-41.2147	-43.577
BLOCK20/SES202/SA202S24	SES202	1.48895	-42.1242	-43.6131
BLOCK20/SES202/SA202S27	SES202	1.56222	-40.9234	-42.4856
BLOCK20/SES202/SA202S29	SES202	1.85722	-40.8199	-42.6771
BLOCK20/SES206/SA206S15	SES206	-0.0437279	-42.3039	-42.2601
BLOCK20/SES206/SA206S17	SES206	1.59364	-41.0411	-42.6348
BLOCK20/SES206/SA206S24	SES206	1.56376	-40.8842	-42.4479
BLOCK20/SES206/SA206S27	SES206	1.54659	-41.7628	-43.3094
BLOCK20/SES206/SA206S29	SES206	1.42872	-40.8152	-42.244
BLOCK22/SES226/SA226S12	SES226	1.25135	-42.3822	-43.6335
BLOCK22/SES226/SA226S13	SES226	-0.0205421	-43.5373	-43.5167
BLOCK22/SES226/SA226S20	SES226	1.28134	-42.581	-43.8624
BLOCK22/SES226/SA226S23	SES226	1.49852	-41.9167	-43.4152
BLOCK22/SES226/SA226S28	SES226	1.6426	-41.6152	-43.2578
BLOCK25/SES259/SA259S13	SES259	2.84177	-40.4875	-43.3293
BLOCK25/SES259/SA259S14	SES259	1.55735	-41.5276	-43.0849
BLOCK25/SES259/SA259S22	SES259	1.54049	-41.3816	-42.9221
BLOCK25/SES259/SA259S24	SES259	1.66182	-41.0143	-42.6762
BLOCK25/SES259/SA259S28	SES259	1.74262	-40.8055	-42.5481
BLOCK27/SES270/SA270S14	SES270	1.93511	-42.6026	-44.5377
BLOCK27/SES270/SA270S16	SES270	0.627705	-42.8581	-43.4858
BLOCK27/SES270/SA270S22	SES270	2.38124	-41.8105	-44.1917
BLOCK27/SES270/SA270S26	SES270	1.42432	-43.0762	-44.5005
BLOCK27/SES270/SA270S28	SES270	0.638611	-42.5252	-43.1638
BLOCK27/SES275/SA275S17	SES275	1.04054	-42.8479	-43.8885
BLOCK27/SES275/SA275S18	SES275	-0.0111542	-42.9635	-42.9523
BLOCK27/SES275/SA275S24	SES275	0.529526	-44.0043	-44.5339
BLOCK27/SES275/SA275S26	SES275	0.920033	-42.2597	-43.1797
BLOCK27/SES275/SA275S28	SES275	0.492779	-42.5142	-43.007
BLOCK29/SES292/SA292S10	SES292	0.188942	-42.9288	-43.1177
BLOCK29/SES292/SA292S12	SES292	0.21978	-43.3701	-43.5899
BLOCK29/SES292/SA292S22	SES292	0.614975	-42.0106	-42.6256
BLOCK29/SES292/SA292S24	SES292	0.31583	-42.2902	-42.606
BLOCK29/SES292/SA292S27	SES292	0.0916672	-42.1041	-42.1958
BLOCK00/SES001/SA001S14	SES062	-1.58281	-44.836	-43.2531
BLOCK00/SES001/SA001S14	SES082	-1.78088	-45.034	-43.2531
BLOCK00/SES001/SA001S14	SES106	-2.17916	-45.4323	-43.2531
BLOCK00/SES001/SA001S14	SES206	-1.82415	-45.0773	-43.2531
BLOCK00/SES001/SA001S15	SES062	-1.59275	-44.1276	-42.5348
BLOCK00/SES001/SA001S15	SES104	-2.62616	-45.161	-42.5348
BLOCK00/SES001/SA001S15	SES106	-2.2387	-44.7735	-42.5348
BLOCK00/SES001/SA001S15	SES206	-1.63359	-44.1684	-42.5348
BLOCK00/SES001/SA001S24	SES062	-2.62717	-46.4247	-43.7976
BLOCK00/SES001/SA001S24	SES082	-2.39258	-46.1902	-43.7976
BLOCK00/SES001/SA001S24	SES087	-2.37749	-46.1751	-43.7976
BLOCK00/SES001/SA001S24	SES206	-1.44199	-45.2396	-43.7976
BLOCK00/SES001/SA001S27	SES062	-1.473	-43.9101	-42.4371
BLOCK00/SES001/SA001S27	SES082	-2.37724	-44.8144	-42.4371
BLOCK00/SES001/SA001S27	SES087	-2.38211	-44.8193	-42.4371
BLOCK00/SES001/SA001S27	SES206	-2.2803	-44.7174	-42.4371
BLOCK00/SES001/SA001S29	SES062	-2.16863	-45.479	-43.3104
BLOCK00/SES001/SA001S29	SES082	-1.73828	-45.0487	-43.3104
BLOCK00/SES001/SA001S29	SES158	-1.36341	-44.6738	-43.3104
BLOCK00/SES001/SA001S29	SES206	-2.73143	-46.0418	-43.3104
BLOCK00/SES003/SA003S11	SES002	-0.725204	-44.2243	-43.4991
BLOCK00/SES003/SA003S11	SES019	-0.916965	-44.4161	-43.4991
BLOCK00/SES003/SA003S11	SES082	0.0322533	-43.4669	-43.4991
BLOCK00/SES003/SA003S11	SES125	-0.907223	-44.4064	-43.4991
BLOCK00/SES003/SA003S15	SES016	-2.50637	-45.5422	-43.0358
BLOCK00/SES003/SA003S15	SES019	-0.915409	-43.9512	-43.0358
BLOCK00/SES003/SA003S15	SES062	-1.46644	-44.5023	-43.0358
BLOCK00/SES003/SA003S15	SES206	-1.42498	-44.4608	-43.0358
BLOCK00/SES003/SA003S22	SES002	-1.71705	-44.5484	-42.8314
BLOCK00/SES003/SA003S22	SES062	-1.1855	-44.0169	-42.8314
BLOCK00/SES003/SA003S22	SES082	-0.710739	-43.5421	-42.8314
BLOCK00/SES003/SA003S22	SES087	-1.06028	-43.8916	-42.8314
BLOCK00/SES003/SA003S25	SES062	-2.57137	-46.3072	-43.7358
BLOCK00/SES003/SA003S25	SES082	-0.505638	-44.2414	-43.7358
BLOCK00/SES003/SA003S25	SES087	-0.893196	-44.629	-43.7358
BLOCK00/SES003/SA003S25	SES206	-1.25389	-44.9897	-43.7358
BLOCK00/SES003/SA003S29	SES002	-1.16203	-44.8101	-43.6481
BLOCK00/SES003/SA003S29	SES062	-2.10472	-45.7528	-43.6481
BLOCK00/SES003/SA003S29	SES082	-0.457157	-44.1053	-43.6481
BLOCK00/SES003/SA003S29	SES087	-1.51486	-45.163	-43.6481
BLOCK00/SES004/SA004S12	SES083	-2.34336	-45.4598	-43.1165
BLOCK00/SES004/SA004S12	SES148	-1.99409	-45.1106	-43.1165
BLOCK00/SES004/SA004S12	SES172	-1.27226	-44.3887	-43.1165
BLOCK00/SES004/SA004S12	SES292	-1.86058	-44.9771	-43.1165
BLOCK00/SES004/SA004S17	SES083	-1.92104	-45.381	-43.46
BLOCK00/SES004/SA004S17	SES162	-0.810184	-44.2701	-43.46
BLOCK00/SES004/SA004S17	SES172	-1.93395	-45.3939	-43.46
BLOCK00/SES004/SA004S17	SES292	-1.77015	-45.2301	-43.46
BLOCK00/SES004/SA004S24	SES083	-2.1912	-44.8616	-42.6704
BLOCK00/SES004/SA004S24	SES148	-1.78848	-44.4588	-42.6704
BLOCK00/SES004/SA004S24	SES172	-1.13065	-43.801	-42.6704
BLOCK00/SES004/SA004S24	SES292	-1.43272	-44.1031	-42.6704
BLOCK00/SES004/SA004S26	SES083	-1.57975	-44.3312	-42.7514
BLOCK00/SES004/SA004S26	SES127	-1.4258	-44.1772	-42.7514
BLOCK00/SES004/SA004S26	SES148	-2.34295	-45.0944	-42.7514
BLOCK00/SES004/SA004S26	SES292	-1.44852	-44.1999	-42.7514
BLOCK00/SES004/SA004S28	SES083	-2.6071	-44.7554	-42.1483
BLOCK00/SES004/SA004S28	SES127	-1.44129	-43.5896	-42.1483
BLOCK00/SES004/SA004S28	SES187	-1.31455	-43.4628	-42.1483
BLOCK00/SES004/SA004S28	SES292	-2.43803	-44.5863	-42.1483
BLOCK00/SES006/SA006S10	SES014	-2.83482	-48.1934	-45.3586
BLOCK00/SES006/SA006S10	SES158	-0.817749	-46.1763	-45.3586
BLOCK00/SES006/SA006S10	SES226	-3.50622	-48.8648	-45.3586
BLOCK00/SES006/SA006S10	SES270	-0.468571	-45.8271	-45.3586
BLOCK00/SES006/SA006S11	SES158	-0.340721	-45.4894	-45.1486
BLOCK00/SES006/SA006S11	SES226	-2.2584	-47.407	-45.1486
BLOCK00/SES006/SA006S11	SES270	-0.152454	-45.3011	-45.1486
BLOCK00/SES006/SA006S11	SES275	-2.75422	-47.9029	-45.1486
BLOCK00/SES006/SA006S23	SES062	-1.61888	-45.8853	-44.2664
BLOCK00/SES006/SA006S23	SES105	-2.26449	-46.5309	-44.2664
BLOCK00/SES006/SA006S23	SES158	-0.57996	-44.8463	-44.2664
BLOCK00/SES006/SA006S23	SES275	-1.86662	-46.133	-44.2664
BLOCK00/SES006/SA006S26	SES104	-1.78195	-45.7244	-43.9424
BLOCK00/SES006/SA006S26	SES158	-0.265789	-44.2082	-43.9424
BLOCK00/SES006/SA006S26	SES270	0.470245	-43.4722	-43.9424
BLOCK00/SES006/SA006S26	SES275	-2.67938	-46.6218	-43.9424
BLOCK00/SES006/SA006S28	SES007	-2.05808	-46.8341	-44.776
BLOCK00/SES006/SA006S28	SES105	-3.08075	-47.8567	-44.776
BLOCK00/SES006/SA006S28	SES158	-1.05484	-45.8308	-44.776
BLOCK00/SES006/SA006S28	SES275	-2.81369	-47.5897	-44.776
BLOCK00/SES009/SA009S12	SES083	-1.6037	-44.6176	-43.0139
BLOCK00/SES009/SA009S12	SES148	-1.14738	-44.1613	-43.0139
BLOCK00/SES009/SA009S12	SES177	-1.09422	-44.1082	-43.0139
BLOCK00/SES009/SA009S12	SES292	-1.32966	-44.3436	-43.0139
BLOCK00/SES009/SA009S15	SES007	-0.0363808	-42.2808	-42.2444
BLOCK00/SES009/SA009S15	SES099	-5.49408	-47.7385	-42.2444
BLOCK00/SES009/SA009S15	SES148	-1.82305	-44.0675	-42.2444
BLOCK00/SES009/SA009S15	SES172	-1.45061	-43.695	-42.2444
BLOCK00/SES009/SA009S24	SES146	-1.26328	-43.6607	-42.3974
BLOCK00/SES009/SA009S24	SES148	-1.39216	-43.7895	-42.3974
BLOCK00/SES009/SA009S24	SES177	-0.830551	-43.2279	-42.3974
BLOCK00/SES009/SA009S24	SES292	-1.28171	-43.6791	-42.3974
BLOCK00/SES009/SA009S26	SES083	-1.86242	-44.8201	-42.9577
BLOCK00/SES009/SA009S26	SES101	-1.68635	-44.644	-42.9577
BLOCK00/SES009/SA009S26	SES120	-0.940372	-43.898	-42.9577
BLOCK00/SES009/SA009S26	SES177	-1.23471	-44.1924	-42.9577
BLOCK00/SES009/SA009S29	SES083	-1.49868	-43.9394	-42.4407
BLOCK00/SES009/SA009S29	SES101	-1.59235	-44.0331	-42.4407
BLOCK00/SES009/SA009S29	SES177	-0.98534	-43.4261	-42.4407
BLOCK00/SES009/SA009S29	SES292	-1.66467	-44.1054	-42.4407
BLOCK01/SES011/SA011S10	SES019	-1.09571	-44.8266	-43.7309
BLOCK01/SES011/SA011S10	SES042	-0.782703	-44.5136	-43.7309
BLOCK01/SES011/SA011S10	SES082	-2.31151	-46.0424	-43.7309
BLOCK01/SES011/SA011S10	SES206	-0.736691	-44.4676	-43.7309
BLOCK01/SES011/SA011S11	SES019	-0.829365	-44.9322	-44.1028
BLOCK01/SES011/SA011S11	SES042	-1.72294	-45.8258	-44.1028
BLOCK01/SES011/SA011S11	SES082	-2.53344	-46.6363	-44.1028
BLOCK01/SES011/SA011S11	SES206	-0.531506	-44.6343	-44.1028
BLOCK01/SES011/SA011S22	SES019	-0.203281	-44.1779	-43.9746
BLOCK01/SES011/SA011S22	SES042	-1.15548	-45.1301	-43.9746
BLOCK01/SES011/SA011S22	SES082	-1.61992	-45.5945	-43.9746
BLOCK01/SES011/SA011S22	SES206	-0.494331	-44.4689	-43.9746
BLOCK01/SES011/SA011S24	SES019	-0.845074	-44.1705	-43.3254
BLOCK01/SES011/SA011S24	SES042	-0.653625	-43.979	-43.3254
BLOCK01/SES011/SA011S24	SES104	-1.40623	-44.7316	-43.3254
BLOCK01/SES011/SA011S24	SES206	0.116764	-43.2086	-43.3254
BLOCK01/SES011/SA011S27	SES082	0.0991936	-43.0168	-43.116
BLOCK01/SES011/SA011S27	SES087	-1.00591	-44.1219	-43.116
BLOCK01/SES011/SA011S27	SES125	-0.425194	-43.5412	-43.116
BLOCK01/SES011/SA011S27	SES206	-0.0875854	-43.2036	-43.116
BLOCK01/SES012/SA012S11	SES007	-1.99644	-44.2887	-42.2922
BLOCK01/SES012/SA012S11	SES082	-1.26827	-43.5605	-42.2922
BLOCK01/SES012/SA012S11	SES083	-2.07042	-44.3627	-42.2922
BLOCK01/SES012/SA012S11	SES206	-0.945461	-43.2377	-42.2922
BLOCK01/SES012/SA012S14	SES082	-1.31863	-44.347	-43.0283
BLOCK01/SES012/SA012S14	SES087	-1.68919	-44.7175	-43.0283
BLOCK01/SES012/SA012S14	SES206	-0.733147	-43.7615	-43.0283
BLOCK01/SES012/SA012S14	SES292	-2.75629	-45.7846	-43.0283
BLOCK01/SES012/SA012S24	SES082	0.165401	-43.873	-44.0384
BLOCK01/SES012/SA012S24	SES087	-1.25659	-45.295	-44.0384
BLOCK01/SES012/SA012S24	SES120	-3.60991	-47.6483	-44.0384
BLOCK01/SES012/SA012S24	SES206	-0.341087	-44.3795	-44.0384
BLOCK01/SES012/SA012S26	SES019	-2.41861	-45.4463	-43.0277
BLOCK01/SES012/SA012S26	SES082	-2.15908	-45.1868	-43.0277
BLOCK01/SES012/SA012S26	SES206	-0.371548	-43.3992	-43.0277
BLOCK01/SES012/SA012S26	SES292	-2.85819	-45.8859	-43.0277
BLOCK01/SES012/SA012S29	SES062	-1.52602	-44.1053	-42.5792
BLOCK01/SES012/SA012S29	SES082	-1.09464	-43.6739	-42.5792
BLOCK01/SES012/SA012S29	SES083	-2.17704	-44.7563	-42.5792
BLOCK01/SES012/SA012S29	SES206	-0.890133	-43.4694	-42.5792
BLOCK01/SES013/SA013S16	SES062	-3.09237	-46.2608	-43.1685
BLOCK01/SES013/SA013S16	SES106	-0.70253	-43.871	-43.1685
BLOCK01/SES013/SA013S16	SES206	-1.17043	-44.3389	-43.1685
BLOCK01/SES013/SA013S16	SES226	-0.439999	-43.6085	-43.1685
BLOCK01/SES013/SA013S17	SES062	-2.8285	-45.4724	-42.6439
BLOCK01/SES013/SA013S17	SES106	-1.14496	-43.7889	-42.6439
BLOCK01/SES013/SA013S17	SES206	-0.550121	-43.194	-42.6439
BLOCK01/SES013/SA013S17	SES226	0.309174	-42.3348	-42.6439
BLOCK01/SES013/SA013S23	SES104	-1.28103	-44.6615	-43.3805
BLOCK01/SES013/SA013S23	SES106	-0.524193	-43.9047	-43.3805
BLOCK01/SES013/SA013S23	SES206	-0.987659	-44.3681	-43.3805
BLOCK01/SES013/SA013S23	SES270	-0.376457	-43.7569	-43.3805
BLOCK01/SES013/SA013S25	SES042	-1.5519	-44.519	-42.9671
BLOCK01/SES013/SA013S25	SES104	-1.35394	-44.321	-42.9671
BLOCK01/SES013/SA013S25	SES106	-0.163921	-43.131	-42.9671
BLOCK01/SES013/SA013S25	SES206	-1.08704	-44.0541	-42.9671
BLOCK01/SES013/SA013S29	SES062	-2.95702	-46.2061	-43.2491
BLOCK01/SES013/SA013S29	SES104	-1.38813	-44.6372	-43.2491
BLOCK01/SES013/SA013S29	SES106	-0.113449	-43.3626	-43.2491
BLOCK01/SES013/SA013S29	SES206	-1.57238	-44.8215	-43.2491
BLOCK02/SES021/SA021S13	SES016	-2.53749	-45.1751	-42.6376
BLOCK02/SES021/SA021S13	SES029	-2.40372	-45.0414	-42.6376
BLOCK02/SES021/SA021S13	SES087	-1.36743	-44.0051	-42.6376
BLOCK02/SES021/SA021S13	SES206	-0.288811	-42.9264	-42.6376
BLOCK02/SES021/SA021S15	SES087	-1.23425	-42.6113	-41.3771
BLOCK02/SES021/SA021S15	SES125	-0.894882	-42.272	-41.3771
BLOCK02/SES021/SA021S15	SES206	-0.0778694	-41.455	-41.3771
BLOCK02/SES021/SA021S15	SES226	-1.53189	-42.909	-41.3771
BLOCK02/SES021/SA021S23	SES062	-2.6231	-46.1884	-43.5653
BLOCK02/SES021/SA021S23	SES087	-1.585	-45.1503	-43.5653
BLOCK02/SES021/SA021S23	SES206	-1.27126	-44.8365	-43.5653
BLOCK02/SES021/SA021S23	SES226	-0.859985	-44.4253	-43.5653
BLOCK02/SES021/SA021S27	SES002	-1.57981	-43.7212	-42.1414
BLOCK02/SES021/SA021S27	SES016	-3.86581	-46.0072	-42.1414
BLOCK02/SES021/SA021S27	SES019	-2.03434	-44.1757	-42.1414
BLOCK02/SES021/SA021S27	SES062	-1.17046	-43.3118	-42.1414
BLOCK02/SES021/SA021S29	SES087	-1.52441	-43.627	-42.1026
BLOCK02/SES021/SA021S29	SES125	-0.839684	-42.9423	-42.1026
BLOCK02/SES021/SA021S29	SES206	-0.675655	-42.7783	-42.1026
BLOCK02/SES021/SA021S29	SES226	-1.22165	-43.3242	-42.1026
BLOCK04/SES043/SA043S09	SES083	-1.60105	-45.647	-44.0459
BLOCK04/SES043/SA043S09	SES101	-2.68172	-46.7277	-44.0459
BLOCK04/SES043/SA043S09	SES144	-0.8298	-44.8757	-44.0459
BLOCK04/SES043/SA043S09	SES172	-3.37256	-47.4185	-44.0459
BLOCK04/SES043/SA043S11	SES083	-0.855835	-43.776	-42.9202
BLOCK04/SES043/SA043S11	SES101	-1.66125	-44.5815	-42.9202
BLOCK04/SES043/SA043S11	SES144	-0.550144	-43.4704	-42.9202
BLOCK04/SES043/SA043S11	SES172	-1.56849	-44.4887	-42.9202
BLOCK04/SES043/SA043S23	SES083	-1.00417	-44.1578	-43.1536
BLOCK04/SES043/SA043S23	SES144	-0.0783424	-43.2319	-43.1536
BLOCK04/SES043/SA043S23	SES177	-2.13597	-45.2895	-43.1536
BLOCK04/SES043/SA043S23	SES275	-0.994373	-44.148	-43.1536
BLOCK04/SES043/SA043S26	SES083	-1.00819	-44.3238	-43.3156
BLOCK04/SES043/SA043S26	SES101	-1.53374	-44.8493	-43.3156
BLOCK04/SES043/SA043S26	SES144	-0.0708466	-43.3864	-43.3156
BLOCK04/SES043/SA043S26	SES177	-1.21736	-44.5329	-43.3156
BLOCK04/SES043/SA043S28	SES016	-1.39085	-44.0903	-42.6995
BLOCK04/SES043/SA043S28	SES083	-0.864311	-43.5638	-42.6995
BLOCK04/SES043/SA043S28	SES101	-0.849197	-43.5487	-42.6995
BLOCK04/SES043/SA043S28	SES144	-0.786869	-43.4864	-42.6995
BLOCK04/SES044/SA044S10	SES127	-3.50935	-48.8404	-45.331
BLOCK04/SES044/SA044S10	SES144	-0.195354	-45.5264	-45.331
BLOCK04/SES044/SA044S10	SES147	-2.6124	-47.9434	-45.331
BLOCK04/SES044/SA044S10	SES148	-2.83651	-48.1675	-45.331
BLOCK04/SES044/SA044S11	SES101	-2.07671	-46.6088	-44.5321
BLOCK04/SES044/SA044S11	SES144	0.124355	-44.4077	-44.5321
BLOCK04/SES044/SA044S11	SES147	-2.32347	-46.8555	-44.5321
BLOCK04/SES044/SA044S11	SES177	-2.06534	-46.5974	-44.5321
BLOCK04/SES044/SA044S24	SES007	-2.89206	-46.7304	-43.8383
BLOCK04/SES044/SA044S24	SES101	-1.37127	-45.2096	-43.8383
BLOCK04/SES044/SA044S24	SES147	-2.30362	-46.142	-43.8383
BLOCK04/SES044/SA044S24	SES177	-1.91643	-45.7548	-43.8383
BLOCK04/SES044/SA044S26	SES007	-1.86385	-45.5095	-43.6456
BLOCK04/SES044/SA044S26	SES016	-1.24741	-44.893	-43.6456
BLOCK04/SES044/SA044S26	SES101	-1.15253	-44.7981	-43.6456
BLOCK04/SES044/SA044S26	SES147	-1.25327	-44.8989	-43.6456
BLOCK04/SES044/SA044S29	SES007	-1.51206	-44.5656	-43.0535
BLOCK04/SES044/SA044S29	SES101	-0.926064	-43.9796	-43.0535
BLOCK04/SES044/SA044S29	SES147	-2.24122	-45.2947	-43.0535
BLOCK04/SES044/SA044S29	SES177	-2.04495	-45.0984	-43.0535
BLOCK04/SES046/SA046S13	SES101	-3.09196	-46.81	-43.7181
BLOCK04/SES046/SA046S13	SES144	-0.730141	-44.4482	-43.7181
BLOCK04/SES046/SA046S13	SES147	-3.09202	-46.8101	-43.7181
BLOCK04/SES046/SA046S13	SES177	-1.58282	-45.3009	-43.7181
BLOCK04/SES046/SA046S15	SES048	-2.51361	-44.8669	-42.3533
BLOCK04/SES046/SA046S15	SES083	-1.22301	-43.5763	-42.3533
BLOCK04/SES046/SA046S15	SES120	-2.62608	-44.9794	-42.3533
BLOCK04/SES046/SA046S15	SES148	-1.32525	-43.6786	-42.3533
BLOCK04/SES046/SA046S22	SES101	-1.82896	-45.2489	-43.4199
BLOCK04/SES046/SA046S22	SES144	-1.30117	-44.7211	-43.4199
BLOCK04/SES046/SA046S22	SES147	-3.39069	-46.8106	-43.4199
BLOCK04/SES046/SA046S22	SES172	-1.34748	-44.7674	-43.4199
BLOCK04/SES046/SA046S25	SES083	-1.84669	-44.8392	-42.9925
BLOCK04/SES046/SA046S25	SES127	-1.69991	-44.6924	-42.9925
BLOCK04/SES046/SA046S25	SES144	-1.433	-44.4255	-42.9925
BLOCK04/SES046/SA046S25	SES148	-1.01995	-44.0124	-42.9925
BLOCK04/SES046/SA046S28	SES007	-2.75455	-46.8992	-44.1447
BLOCK04/SES046/SA046S28	SES105	-2.19589	-46.3405	-44.1447
BLOCK04/SES046/SA046S28	SES147	-2.54901	-46.6937	-44.1447
BLOCK04/SES046/SA046S28	SES148	-1.6693	-45.814	-44.1447
BLOCK04/SES049/SA049S16	SES104	-1.01242	-45.4944	-44.4819
BLOCK04/SES049/SA049S16	SES106	-0.526489	-45.0084	-44.4819
BLOCK04/SES049/SA049S16	SES120	-3.08214	-47.5641	-44.4819
BLOCK04/SES049/SA049S16	SES206	-1.2417	-45.7236	-44.4819
BLOCK04/SES049/SA049S18	SES099	0.176788	-45.2767	-45.4535
BLOCK04/SES049/SA049S18	SES104	-1.42548	-46.8789	-45.4535
BLOCK04/SES049/SA049S18	SES125	-1.83072	-47.2842	-45.4535
BLOCK04/SES049/SA049S18	SES206	-1.47808	-46.9315	-45.4535
BLOCK04/SES049/SA049S25	SES087	-0.851433	-45.1668	-44.3154
BLOCK04/SES049/SA049S25	SES104	-1.29609	-45.6115	-44.3154
BLOCK04/SES049/SA049S25	SES125	-1.20162	-45.517	-44.3154
BLOCK04/SES049/SA049S25	SES206	-0.206017	-44.5214	-44.3154
BLOCK04/SES049/SA049S27	SES099	-0.30143	-43.9128	-43.6114
BLOCK04/SES049/SA049S27	SES104	-0.408421	-44.0198	-43.6114
BLOCK04/SES049/SA049S27	SES125	-1.27387	-44.8853	-43.6114
BLOCK04/SES049/SA049S27	SES206	-1.1234	-44.7348	-43.6114
BLOCK04/SES049/SA049S29	SES099	0.209713	-42.5503	-42.76
BLOCK04/SES049/SA049S29	SES104	0.0910912	-42.6689	-42.76
BLOCK04/SES049/SA049S29	SES125	-0.883347	-43.6433	-42.76
BLOCK04/SES049/SA049S29	SES206	-0.113014	-42.873	-42.76
BLOCK06/SES063/SA063S09	SES068	-1.48637	-44.7146	-43.2282
BLOCK06/SES063/SA063S09	SES083	-0.281853	-43.5101	-43.2282
BLOCK06/SES063/SA063S09	SES177	-1.01842	-44.2467	-43.2282
BLOCK06/SES063/SA063S09	SES187	-1.36766	-44.5959	-43.2282
BLOCK06/SES063/SA063S10	SES068	-1.72825	-45.4972	-43.7689
BLOCK06/SES063/SA063S10	SES083	-0.680943	-44.4498	-43.7689
BLOCK06/SES063/SA063S10	SES172	-0.859959	-44.6289	-43.7689
BLOCK06/SES063/SA063S10	SES187	-0.920807	-44.6897	-43.7689
BLOCK06/SES063/SA063S20	SES068	-1.86519	-45.2073	-43.3421
BLOCK06/SES063/SA063S20	SES083	-1.14985	-44.4919	-43.3421
BLOCK06/SES063/SA063S20	SES172	-0.922192	-44.2643	-43.3421
BLOCK06/SES063/SA063S20	SES187	-0.534588	-43.8767	-43.3421
BLOCK06/SES063/SA063S24	SES029	-2.84943	-45.6049	-42.7555
BLOCK06/SES063/SA063S24	SES083	-0.288029	-43.0435	-42.7555
BLOCK06/SES063/SA063S24	SES177	-0.805382	-43.5608	-42.7555
BLOCK06/SES063/SA063S24	SES189	-1.24496	-44.0004	-42.7555
BLOCK06/SES063/SA063S27	SES083	0.24049	-43.8683	-44.1088
BLOCK06/SES063/SA063S27	SES172	0.0091095	-44.0997	-44.1088
BLOCK06/SES063/SA063S27	SES187	-1.88039	-45.9892	-44.1088
BLOCK06/SES063/SA063S27	SES292	-2.21053	-46.3194	-44.1088
BLOCK06/SES067/SA067S12	SES083	-2.07458	-45.1612	-43.0866
BLOCK06/SES067/SA067S12	SES172	-2.39513	-45.4818	-43.0866
BLOCK06/SES067/SA067S12	SES202	-0.325512	-43.4122	-43.0866
BLOCK06/SES067/SA067S12	SES292	-1.51013	-44.5968	-43.0866
BLOCK06/SES067/SA067S14	SES085	-1.70358	-44.2561	-42.5525
BLOCK06/SES067/SA067S14	SES177	-1.64462	-44.1971	-42.5525
BLOCK06/SES067/SA067S14	SES183	-1.3322	-43.8847	-42.5525
BLOCK06/SES067/SA067S14	SES202	-0.788975	-43.3415	-42.5525
BLOCK06/SES067/SA067S21	SES144	-1.53059	-45.1493	-43.6187
BLOCK06/SES067/SA067S21	SES177	-1.5043	-45.123	-43.6187
BLOCK06/SES067/SA067S21	SES183	-1.92372	-45.5424	-43.6187
BLOCK06/SES067/SA067S21	SES189	-0.651554	-44.2702	-43.6187
BLOCK06/SES067/SA067S25	SES085	-1.12636	-44.247	-43.1206
BLOCK06/SES067/SA067S25	SES177	-1.26397	-44.3846	-43.1206
BLOCK06/SES067/SA067S25	SES183	-1.42349	-44.5441	-43.1206
BLOCK06/SES067/SA067S25	SES202	-0.597549	-43.7182	-43.1206
BLOCK06/SES067/SA067S29	SES085	-0.771286	-43.8171	-43.0458
BLOCK06/SES067/SA067S29	SES177	-1.44321	-44.4891	-43.0458
BLOCK06/SES067/SA067S29	SES183	-1.59727	-44.6431	-43.0458
BLOCK06/SES067/SA067S29	SES202	0.00101471	-43.0448	-43.0458
BLOCK06/SES069/SA069S12	SES029	-2.18606	-44.9841	-42.798
BLOCK06/SES069/SA069S12	SES082	-0.845993	-43.644	-42.798
BLOCK06/SES069/SA069S12	SES087	-1.91266	-44.7107	-42.798
BLOCK06/SES069/SA069S12	SES206	-0.854176	-43.6522	-42.798
BLOCK06/SES069/SA069S13	SES029	-2.41291	-45.2698	-42.8569
BLOCK06/SES069/SA069S13	SES087	-2.38799	-45.2449	-42.8569
BLOCK06/SES069/SA069S13	SES206	-1.99292	-44.8498	-42.8569
BLOCK06/SES069/SA069S13	SES226	-1.52462	-44.3815	-42.8569
BLOCK06/SES069/SA069S23	SES029	-1.77288	-43.3466	-41.5738
BLOCK06/SES069/SA069S23	SES087	-2.12676	-43.7005	-41.5738
BLOCK06/SES069/SA069S23	SES206	-1.70291	-43.2767	-41.5738
BLOCK06/SES069/SA069S23	SES226	-1.27437	-42.8481	-41.5738
BLOCK06/SES069/SA069S25	SES087	-1.47571	-43.6287	-42.153
BLOCK06/SES069/SA069S25	SES206	-2.03701	-44.19	-42.153
BLOCK06/SES069/SA069S25	SES226	-1.07904	-43.232	-42.153
BLOCK06/SES069/SA069S25	SES270	-0.686119	-42.8391	-42.153
BLOCK06/SES069/SA069S27	SES087	-1.93105	-44.2454	-42.3143
BLOCK06/SES069/SA069S27	SES206	-0.440075	-42.7544	-42.3143
BLOCK06/SES069/SA069S27	SES226	-0.583393	-42.8977	-42.3143
BLOCK06/SES069/SA069S27	SES270	-0.578785	-42.8931	-42.3143
BLOCK08/SES081/SA081S11	SES060	-1.22332	-44.0759	-42.8526
BLOCK08/SES081/SA081S11	SES062	-2.9532	-45.8058	-42.8526
BLOCK08/SES081/SA081S11	SES117	-2.71907	-45.5717	-42.8526
BLOCK08/SES081/SA081S11	SES162	-1.96793	-44.8205	-42.8526
BLOCK08/SES081/SA081S13	SES016	-1.57265	-43.757	-42.1843
BLOCK08/SES081/SA081S13	SES060	-0.611404	-42.7957	-42.1843
BLOCK08/SES081/SA081S13	SES068	-0.575512	-42.7598	-42.1843
BLOCK08/SES081/SA081S13	SES129	-1.56403	-43.7484	-42.1843
BLOCK08/SES081/SA081S24	SES060	-1.22802	-43.6265	-42.3985
BLOCK08/SES081/SA081S24	SES068	-0.56559	-42.9641	-42.3985
BLOCK08/SES081/SA081S24	SES117	-1.92816	-44.3267	-42.3985
BLOCK08/SES081/SA081S24	SES275	-1.48547	-43.884	-42.3985
BLOCK08/SES081/SA081S27	SES007	-1.38754	-44.1374	-42.7499
BLOCK08/SES081/SA081S27	SES060	-1.44229	-44.1922	-42.7499
BLOCK08/SES081/SA081S27	SES117	-1.09165	-43.8415	-42.7499
BLOCK08/SES081/SA081S27	SES275	-1.50354	-44.2534	-42.7499
BLOCK08/SES081/SA081S29	SES007	-1.12931	-43.2527	-42.1234
BLOCK08/SES081/SA081S29	SES060	-1.14695	-43.2704	-42.1234
BLOCK08/SES081/SA081S29	SES117	-1.81602	-43.9394	-42.1234
BLOCK08/SES081/SA081S29	SES275	-2.36261	-44.486	-42.1234
BLOCK08/SES086/SA086S11	SES029	-4.266	-49.1246	-44.8586
BLOCK08/SES086/SA086S11	SES082	-1.68998	-46.5486	-44.8586
BLOCK08/SES086/SA086S11	SES087	-0.785324	-45.644	-44.8586
BLOCK08/SES086/SA086S11	SES206	-1.71053	-46.5692	-44.8586
BLOCK08/SES086/SA086S12	SES029	-4.19337	-48.5778	-44.3844
BLOCK08/SES086/SA086S12	SES082	-2.22548	-46.6099	-44.3844
BLOCK08/SES086/SA086S12	SES087	0.650486	-43.7339	-44.3844
BLOCK08/SES086/SA086S12	SES206	-1.08884	-45.4733	-44.3844
BLOCK08/SES086/SA086S20	SES029	-3.37874	-46.3077	-42.9289
BLOCK08/SES086/SA086S20	SES082	-1.69893	-44.6279	-42.9289
BLOCK08/SES086/SA086S20	SES087	0.362957	-42.566	-42.9289
BLOCK08/SES086/SA086S20	SES206	-0.173809	-43.1027	-42.9289
BLOCK08/SES086/SA086S24	SES087	-0.137402	-44.1922	-44.0548
BLOCK08/SES086/SA086S24	SES104	-1.21341	-45.2682	-44.0548
BLOCK08/SES086/SA086S24	SES120	-3.52969	-47.5845	-44.0548
BLOCK08/SES086/SA086S24	SES206	-0.344448	-44.3993	-44.0548
BLOCK08/SES086/SA086S28	SES029	-3.06604	-45.9817	-42.9156
BLOCK08/SES086/SA086S28	SES082	-1.79811	-44.7137	-42.9156
BLOCK08/SES086/SA086S28	SES087	-0.137905	-43.0535	-42.9156
BLOCK08/SES086/SA086S28	SES206	-0.749611	-43.6652	-42.9156
BLOCK08/SES089/SA089S13	SES087	-1.51809	-44.9613	-43.4432
BLOCK08/SES089/SA089S13	SES206	-1.52058	-44.9638	-43.4432
BLOCK08/SES089/SA089S13	SES226	-1.53077	-44.974	-43.4432
BLOCK08/SES089/SA089S13	SES270	-1.96745	-45.4107	-43.4432
BLOCK08/SES089/SA089S14	SES062	-1.71055	-44.9918	-43.2812
BLOCK08/SES089/SA089S14	SES087	-0.187469	-43.4687	-43.2812
BLOCK08/SES089/SA089S14	SES206	-0.526325	-43.8076	-43.2812
BLOCK08/SES089/SA089S14	SES226	-0.707458	-43.9887	-43.2812
BLOCK08/SES089/SA089S23	SES087	-0.835484	-44.8243	-43.9888
BLOCK08/SES089/SA089S23	SES206	-0.730217	-44.719	-43.9888
BLOCK08/SES089/SA089S23	SES226	-1.25302	-45.2418	-43.9888
BLOCK08/SES089/SA089S23	SES270	-1.39906	-45.3878	-43.9888
BLOCK08/SES089/SA089S25	SES062	-2.35015	-45.5796	-43.2295
BLOCK08/SES089/SA089S25	SES087	-0.383442	-43.6129	-43.2295
BLOCK08/SES089/SA089S25	SES206	-1.10612	-44.3356	-43.2295
BLOCK08/SES089/SA089S25	SES226	-0.945499	-44.175	-43.2295
BLOCK08/SES089/SA089S28	SES062	-1.78839	-44.96	-43.1717
BLOCK08/SES089/SA089S28	SES087	-0.639519	-43.8112	-43.1717
BLOCK08/SES089/SA089S28	SES206	-0.522388	-43.694	-43.1717
BLOCK08/SES089/SA089S28	SES226	-0.795734	-43.9674	-43.1717
BLOCK09/SES097/SA097S11	SES099	0.0512581	-43.7733	-43.8246
BLOCK09/SES097/SA097S11	SES125	-1.6674	-45.492	-43.8246
BLOCK09/SES097/SA097S11	SES206	-1.51314	-45.3377	-43.8246
BLOCK09/SES097/SA097S11	SES226	-0.371456	-44.196	-43.8246
BLOCK09/SES097/SA097S14	SES062	-2.21017	-45.9035	-43.6933
BLOCK09/SES097/SA097S14	SES099	-0.382034	-44.0754	-43.6933
BLOCK09/SES097/SA097S14	SES104	-1.10181	-44.7951	-43.6933
BLOCK09/SES097/SA097S14	SES206	-1.21033	-44.9036	-43.6933
BLOCK09/SES097/SA097S22	SES099	0.507988	-43.4198	-43.9278
BLOCK09/SES097/SA097S22	SES206	-1.3735	-45.3013	-43.9278
BLOCK09/SES097/SA097S22	SES226	-1.28786	-45.2157	-43.9278
BLOCK09/SES097/SA097S22	SES270	0.307404	-43.6204	-43.9278
BLOCK09/SES097/SA097S26	SES099	0.284611	-43.1225	-43.4071
BLOCK09/SES097/SA097S26	SES120	-2.49222	-45.8994	-43.4071
BLOCK09/SES097/SA097S26	SES206	-0.808338	-44.2155	-43.4071
BLOCK09/SES097/SA097S26	SES226	-1.29668	-44.7038	-43.4071
BLOCK09/SES097/SA097S28	SES099	-0.488201	-44.0721	-43.5839
BLOCK09/SES097/SA097S28	SES120	-2.06259	-45.6465	-43.5839
BLOCK09/SES097/SA097S28	SES206	-1.80632	-45.3902	-43.5839
BLOCK09/SES097/SA097S28	SES226	-1.64719	-45.2311	-43.5839
BLOCK09/SES098/SA098S11	SES127	-2.46357	-46.4832	-44.0196
BLOCK09/SES098/SA098S11	SES144	-1.28948	-45.3091	-44.0196
BLOCK09/SES098/SA098S11	SES147	-0.890469	-44.9101	-44.0196
BLOCK09/SES098/SA098S11	SES148	-2.69581	-46.7155	-44.0196
BLOCK09/SES098/SA098S12	SES127	-3.34547	-48.5989	-45.2534
BLOCK09/SES098/SA098S12	SES144	-1.39227	-46.6457	-45.2534
BLOCK09/SES098/SA098S12	SES147	-1.97472	-47.2281	-45.2534
BLOCK09/SES098/SA098S12	SES189	-1.64302	-46.8964	-45.2534
BLOCK09/SES098/SA098S20	SES127	-2.79408	-47.3348	-44.5407
BLOCK09/SES098/SA098S20	SES147	-2.16649	-46.7072	-44.5407
BLOCK09/SES098/SA098S20	SES148	-3.24277	-47.7835	-44.5407
BLOCK09/SES098/SA098S20	SES292	-3.21995	-47.7607	-44.5407
BLOCK09/SES098/SA098S23	SES127	-1.72344	-45.7064	-43.9829
BLOCK09/SES098/SA098S23	SES147	-1.18503	-45.168	-43.9829
BLOCK09/SES098/SA098S23	SES187	-0.833138	-44.8161	-43.9829
BLOCK09/SES098/SA098S23	SES292	-1.80996	-45.7929	-43.9829
BLOCK09/SES098/SA098S27	SES127	-2.43769	-46.7329	-44.2952
BLOCK09/SES098/SA098S27	SES147	-2.1758	-46.4711	-44.2952
BLOCK09/SES098/SA098S27	SES148	-3.08661	-47.3819	-44.2952
BLOCK09/SES098/SA098S27	SES292	-2.64337	-46.9386	-44.2952
BLOCK10/SES102/SA102S13	SES101	-1.09127	-45.3839	-44.2927
BLOCK10/SES102/SA102S13	SES105	-1.72001	-46.0127	-44.2927
BLOCK10/SES102/SA102S13	SES120	-1.5802	-45.8729	-44.2927
BLOCK10/SES102/SA102S13	SES158	-5.42737	-49.72	-44.2927
BLOCK10/SES102/SA102S14	SES007	-0.661766	-43.0999	-42.4381
BLOCK10/SES102/SA102S14	SES101	-1.12956	-43.5677	-42.4381
BLOCK10/SES102/SA102S14	SES105	-1.08437	-43.5225	-42.4381
BLOCK10/SES102/SA102S14	SES147	-2.09218	-44.5303	-42.4381
BLOCK10/SES102/SA102S22	SES007	-1.56848	-44.5022	-42.9337
BLOCK10/SES102/SA102S22	SES101	-0.479198	-43.4129	-42.9337
BLOCK10/SES102/SA102S22	SES105	-0.761635	-43.6953	-42.9337
BLOCK10/SES102/SA102S22	SES158	-3.76041	-46.6941	-42.9337
BLOCK10/SES102/SA102S25	SES007	-1.08683	-44.1016	-43.0148
BLOCK10/SES102/SA102S25	SES101	-0.374802	-43.3896	-43.0148
BLOCK10/SES102/SA102S25	SES105	-1.04938	-44.0642	-43.0148
BLOCK10/SES102/SA102S25	SES147	-2.38809	-45.4029	-43.0148
BLOCK10/SES102/SA102S27	SES007	-1.26915	-44.6005	-43.3314
BLOCK10/SES102/SA102S27	SES101	-0.957924	-44.2893	-43.3314
BLOCK10/SES102/SA102S27	SES105	-1.28717	-44.6186	-43.3314
BLOCK10/SES102/SA102S27	SES147	-1.72533	-45.0567	-43.3314
BLOCK10/SES103/SA103S14	SES105	-1.98146	-46.6912	-44.7097
BLOCK10/SES103/SA103S14	SES106	-0.298561	-45.0083	-44.7097
BLOCK10/SES103/SA103S14	SES120	-3.15224	-47.862	-44.7097
BLOCK10/SES103/SA103S14	SES206	-1.35138	-46.0611	-44.7097
BLOCK10/SES103/SA103S15	SES099	-0.492149	-45.674	-45.1818
BLOCK10/SES103/SA103S15	SES101	-3.75394	-48.9358	-45.1818
BLOCK10/SES103/SA103S15	SES104	-1.10444	-46.2863	-45.1818
BLOCK10/SES103/SA103S15	SES125	-0.833035	-46.0148	-45.1818
BLOCK10/SES103/SA103S24	SES104	-1.12397	-45.135	-44.011
BLOCK10/SES103/SA103S24	SES125	-0.822628	-44.8336	-44.011
BLOCK10/SES103/SA103S24	SES148	-2.76783	-46.7788	-44.011
BLOCK10/SES103/SA103S24	SES158	-0.418877	-44.4299	-44.011
BLOCK10/SES103/SA103S26	SES104	-1.22265	-45.6675	-44.4449
BLOCK10/SES103/SA103S26	SES106	-0.522343	-44.9672	-44.4449
BLOCK10/SES103/SA103S26	SES125	-1.13773	-45.5826	-44.4449
BLOCK10/SES103/SA103S26	SES148	-3.31352	-47.7584	-44.4449
BLOCK10/SES103/SA103S28	SES104	-1.7644	-46.2625	-44.4981
BLOCK10/SES103/SA103S28	SES106	-0.937832	-45.4359	-44.4981
BLOCK10/SES103/SA103S28	SES125	-1.76297	-46.2611	-44.4981
BLOCK10/SES103/SA103S28	SES206	-2.19553	-46.6936	-44.4981
BLOCK12/SES121/SA121S12	SES042	-1.53629	-47.0644	-45.5281
BLOCK12/SES121/SA121S12	SES087	-0.918705	-46.4469	-45.5281
BLOCK12/SES121/SA121S12	SES105	-1.03763	-46.5658	-45.5281
BLOCK12/SES121/SA121S12	SES206	-1.21354	-46.7417	-45.5281
BLOCK12/SES121/SA121S14	SES007	-2.89025	-48.8004	-45.9102
BLOCK12/SES121/SA121S14	SES105	-2.67548	-48.5856	-45.9102
BLOCK12/SES121/SA121S14	SES106	-0.930252	-46.8404	-45.9102
BLOCK12/SES121/SA121S14	SES206	-1.40224	-47.3124	-45.9102
BLOCK12/SES121/SA121S23	SES105	-2.9819	-48.8729	-45.891
BLOCK12/SES121/SA121S23	SES106	-0.651459	-46.5425	-45.891
BLOCK12/SES121/SA121S23	SES120	-3.52783	-49.4188	-45.891
BLOCK12/SES121/SA121S23	SES206	-1.32301	-47.214	-45.891
BLOCK12/SES121/SA121S25	SES007	-2.49969	-49.1771	-46.6774
BLOCK12/SES121/SA121S25	SES105	-2.98055	-49.6579	-46.6774
BLOCK12/SES121/SA121S25	SES106	-0.89072	-47.5681	-46.6774
BLOCK12/SES121/SA121S25	SES206	-1.49473	-48.1721	-46.6774
BLOCK12/SES121/SA121S27	SES087	-0.134907	-45.388	-45.2531
BLOCK12/SES121/SA121S27	SES105	-3.69751	-48.9506	-45.2531
BLOCK12/SES121/SA121S27	SES120	-2.69328	-47.9463	-45.2531
BLOCK12/SES121/SA121S27	SES206	-0.757217	-46.0103	-45.2531
BLOCK12/SES124/SA124S16	SES042	-0.372887	-43.6023	-43.2294
BLOCK12/SES124/SA124S16	SES082	-0.848541	-44.0779	-43.2294
BLOCK12/SES124/SA124S16	SES183	-3.05748	-46.2869	-43.2294
BLOCK12/SES124/SA124S16	SES206	-0.742504	-43.9719	-43.2294
BLOCK12/SES124/SA124S17	SES105	-2.35875	-46.7058	-44.347
BLOCK12/SES124/SA124S17	SES149	-1.62352	-45.9705	-44.347
BLOCK12/SES124/SA124S17	SES158	-2.27988	-46.6269	-44.347
BLOCK12/SES124/SA124S17	SES275	-3.17542	-47.5224	-44.347
BLOCK12/SES124/SA124S23	SES105	-2.45963	-44.4019	-41.9423
BLOCK12/SES124/SA124S23	SES125	0.0351143	-41.9071	-41.9423
BLOCK12/SES124/SA124S23	SES129	-3.6193	-45.5616	-41.9423
BLOCK12/SES124/SA124S23	SES158	-0.816616	-42.7589	-41.9423
BLOCK12/SES124/SA124S26	SES105	-3.04868	-45.9676	-42.9189
BLOCK12/SES124/SA124S26	SES125	0.0681496	-42.8507	-42.9189
BLOCK12/SES124/SA124S26	SES129	-4.04666	-46.9655	-42.9189
BLOCK12/SES124/SA124S26	SES158	-0.853531	-43.7724	-42.9189
BLOCK12/SES124/SA124S28	SES104	-0.441132	-43.1462	-42.705
BLOCK12/SES124/SA124S28	SES106	-0.535294	-43.2403	-42.705
BLOCK12/SES124/SA124S28	SES125	-0.297119	-43.0022	-42.705
BLOCK12/SES124/SA124S28	SES275	-3.0402	-45.7452	-42.705
BLOCK12/SES126/SA126S13	SES007	-1.99662	-46.6046	-44.608
BLOCK12/SES126/SA126S13	SES162	-2.24364	-46.8516	-44.608
BLOCK12/SES126/SA126S13	SES177	-1.49838	-46.1064	-44.608
BLOCK12/SES126/SA126S13	SES180	-1.98569	-46.5937	-44.608
BLOCK12/SES126/SA126S14	SES144	-0.967197	-44.2253	-43.2581
BLOCK12/SES126/SA126S14	SES148	-1.6478	-44.9059	-43.2581
BLOCK12/SES126/SA126S14	SES177	-0.740131	-43.9982	-43.2581
BLOCK12/SES126/SA126S14	SES180	-0.974201	-44.2323	-43.2581
BLOCK12/SES126/SA126S20	SES007	-1.69238	-45.2952	-43.6028
BLOCK12/SES126/SA126S20	SES162	-1.80544	-45.4083	-43.6028
BLOCK12/SES126/SA126S20	SES172	-2.97891	-46.5817	-43.6028
BLOCK12/SES126/SA126S20	SES180	-2.8395	-46.4423	-43.6028
BLOCK12/SES126/SA126S24	SES120	-1.31979	-44.3024	-42.9826
BLOCK12/SES126/SA126S24	SES162	-1.55886	-44.5415	-42.9826
BLOCK12/SES126/SA126S24	SES177	-1.13073	-44.1133	-42.9826
BLOCK12/SES126/SA126S24	SES180	-1.05027	-44.0329	-42.9826
BLOCK12/SES126/SA126S26	SES120	-0.857952	-44.5077	-43.6497
BLOCK12/SES126/SA126S26	SES177	-1.60578	-45.2555	-43.6497
BLOCK12/SES126/SA126S26	SES180	-1.39978	-45.0495	-43.6497
BLOCK12/SES126/SA126S26	SES202	-2.07451	-45.7242	-43.6497
BLOCK12/SES128/SA128S10	SES087	-1.90048	-45.2121	-43.3116
BLOCK12/SES128/SA128S10	SES206	-1.32468	-44.6363	-43.3116
BLOCK12/SES128/SA128S10	SES226	-0.443283	-43.7549	-43.3116
BLOCK12/SES128/SA128S10	SES270	-0.7523	-44.0639	-43.3116
BLOCK12/SES128/SA128S12	SES120	-2.47159	-45.7962	-43.3246
BLOCK12/SES128/SA128S12	SES158	-1.32348	-44.6481	-43.3246
BLOCK12/SES128/SA128S12	SES206	-1.17093	-44.4956	-43.3246
BLOCK12/SES128/SA128S12	SES226	-1.22543	-44.5501	-43.3246
BLOCK12/SES128/SA128S21	SES106	-2.03213	-46.4817	-44.4496
BLOCK12/SES128/SA128S21	SES120	-2.16145	-46.611	-44.4496
BLOCK12/SES128/SA128S21	SES206	-1.49842	-45.948	-44.4496
BLOCK12/SES128/SA128S21	SES226	-1.84167	-46.2912	-44.4496
BLOCK12/SES128/SA128S24	SES087	-1.91666	-45.8873	-43.9706
BLOCK12/SES128/SA128S24	SES120	-1.23933	-45.2099	-43.9706
BLOCK12/SES128/SA128S24	SES206	-1.33465	-45.3053	-43.9706
BLOCK12/SES128/SA128S24	SES226	-1.79337	-45.764	-43.9706
BLOCK12/SES128/SA128S27	SES099	-0.563663	-43.6914	-43.1277
BLOCK12/SES128/SA128S27	SES120	-1.55856	-44.6863	-43.1277
BLOCK12/SES128/SA128S27	SES206	-1.0464	-44.1741	-43.1277
BLOCK12/SES128/SA128S27	SES226	-0.930122	-44.0578	-43.1277
BLOCK13/SES130/SA130S13	SES143	-2.29843	-47.2483	-44.9499
BLOCK13/SES130/SA130S13	SES144	-0.669189	-45.6191	-44.9499
BLOCK13/SES130/SA130S13	SES146	-0.929546	-45.8794	-44.9499
BLOCK13/SES130/SA130S13	SES275	-3.13823	-48.0881	-44.9499
BLOCK13/SES130/SA130S15	SES143	-1.98154	-45.5908	-43.6092
BLOCK13/SES130/SA130S15	SES144	-0.562962	-44.1722	-43.6092
BLOCK13/SES130/SA130S15	SES146	-0.875061	-44.4843	-43.6092
BLOCK13/SES130/SA130S15	SES275	-1.58274	-45.192	-43.6092
BLOCK13/SES130/SA130S23	SES127	-2.30935	-47.2645	-44.9552
BLOCK13/SES130/SA130S23	SES144	-1.69657	-46.6517	-44.9552
BLOCK13/SES130/SA130S23	SES146	-0.979607	-45.9348	-44.9552
BLOCK13/SES130/SA130S23	SES162	-1.09746	-46.0526	-44.9552
BLOCK13/SES130/SA130S25	SES127	-1.85407	-45.2887	-43.4346
BLOCK13/SES130/SA130S25	SES144	-0.639492	-44.0741	-43.4346
BLOCK13/SES130/SA130S25	SES146	-0.889275	-44.3239	-43.4346
BLOCK13/SES130/SA130S25	SES275	-0.936722	-44.3713	-43.4346
BLOCK13/SES130/SA130S28	SES127	-1.67048	-45.2303	-43.5598
BLOCK13/SES130/SA130S28	SES144	-0.959076	-44.5189	-43.5598
BLOCK13/SES130/SA130S28	SES146	-0.997349	-44.5572	-43.5598
BLOCK13/SES130/SA130S28	SES275	-0.711891	-44.2717	-43.5598
BLOCK13/SES131/SA131S13	SES002	-1.71033	-47.3225	-45.6122
BLOCK13/SES131/SA131S13	SES007	-2.96113	-48.5733	-45.6122
BLOCK13/SES131/SA131S13	SES099	-1.40976	-47.0219	-45.6122
BLOCK13/SES131/SA131S13	SES105	-1.92551	-47.5377	-45.6122
BLOCK13/SES131/SA131S14	SES104	-0.813156	-44.669	-43.8559
BLOCK13/SES131/SA131S14	SES106	-0.373074	-44.229	-43.8559
BLOCK13/SES131/SA131S14	SES125	-1.35798	-45.2139	-43.8559
BLOCK13/SES131/SA131S14	SES148	-2.36763	-46.2235	-43.8559
BLOCK13/SES131/SA131S20	SES104	-1.21756	-46.2553	-45.0377
BLOCK13/SES131/SA131S20	SES106	-0.106373	-45.1441	-45.0377
BLOCK13/SES131/SA131S20	SES125	-1.2457	-46.2834	-45.0377
BLOCK13/SES131/SA131S20	SES148	-3.3095	-48.3472	-45.0377
BLOCK13/SES131/SA131S22	SES099	-0.761593	-45.0898	-44.3282
BLOCK13/SES131/SA131S22	SES104	-1.28281	-45.611	-44.3282
BLOCK13/SES131/SA131S22	SES125	-1.17841	-45.5066	-44.3282
BLOCK13/SES131/SA131S22	SES206	-1.74242	-46.0706	-44.3282
BLOCK13/SES131/SA131S29	SES087	-1.06472	-45.9469	-44.8822
BLOCK13/SES131/SA131S29	SES104	-1.85835	-46.7406	-44.8822
BLOCK13/SES131/SA131S29	SES125	-1.64121	-46.5234	-44.8822
BLOCK13/SES131/SA131S29	SES206	-1.48606	-46.3683	-44.8822
BLOCK13/SES132/SA132S11	SES083	-1.87747	-44.9051	-43.0276
BLOCK13/SES132/SA132S11	SES120	-0.324188	-43.3518	-43.0276
BLOCK13/SES132/SA132S11	SES127	-1.47137	-44.499	-43.0276
BLOCK13/SES132/SA132S11	SES275	-0.999329	-44.027	-43.0276
BLOCK13/SES132/SA132S12	SES083	-1.47128	-44.3271	-42.8558
BLOCK13/SES132/SA132S12	SES143	-1.40419	-44.26	-42.8558
BLOCK13/SES132/SA132S12	SES144	-1.29521	-44.151	-42.8558
BLOCK13/SES132/SA132S12	SES148	-1.11016	-43.966	-42.8558
BLOCK13/SES132/SA132S22	SES062	-0.538441	-43.4015	-42.863
BLOCK13/SES132/SA132S22	SES083	-1.20642	-44.0694	-42.863
BLOCK13/SES132/SA132S22	SES127	-1.36543	-44.2285	-42.863
BLOCK13/SES132/SA132S22	SES275	-0.727688	-43.5907	-42.863
BLOCK13/SES132/SA132S24	SES007	-0.466953	-42.9926	-42.5256
BLOCK13/SES132/SA132S24	SES083	-1.72475	-44.2504	-42.5256
BLOCK13/SES132/SA132S24	SES127	-1.91914	-44.4448	-42.5256
BLOCK13/SES132/SA132S24	SES275	-0.676094	-43.2017	-42.5256
BLOCK13/SES132/SA132S27	SES083	-2.07434	-45.4224	-43.3481
BLOCK13/SES132/SA132S27	SES120	-0.448963	-43.7971	-43.3481
BLOCK13/SES132/SA132S27	SES127	-1.95994	-45.308	-43.3481
BLOCK13/SES132/SA132S27	SES275	-1.71541	-45.0635	-43.3481
BLOCK14/SES141/SA141S09	SES143	-1.2676	-44.5662	-43.2986
BLOCK14/SES141/SA141S09	SES144	-0.706177	-44.0048	-43.2986
BLOCK14/SES141/SA141S09	SES162	-1.2727	-44.5713	-43.2986
BLOCK14/SES141/SA141S09	SES180	-0.98307	-44.2817	-43.2986
BLOCK14/SES141/SA141S15	SES127	-1.46475	-44.5832	-43.1185
BLOCK14/SES141/SA141S15	SES144	-1.15176	-44.2702	-43.1185
BLOCK14/SES141/SA141S15	SES162	-1.28675	-44.4052	-43.1185
BLOCK14/SES141/SA141S15	SES180	-0.87727	-43.9957	-43.1185
BLOCK14/SES141/SA141S24	SES127	-1.20432	-43.9154	-42.7111
BLOCK14/SES141/SA141S24	SES144	-1.40845	-44.1196	-42.7111
BLOCK14/SES141/SA141S24	SES162	-1.07784	-43.789	-42.7111
BLOCK14/SES141/SA141S24	SES183	-1.73127	-44.4424	-42.7111
BLOCK14/SES141/SA141S26	SES142	-1.34573	-44.9747	-43.629
BLOCK14/SES141/SA141S26	SES144	-1.0427	-44.6717	-43.629
BLOCK14/SES141/SA141S26	SES172	-1.8718	-45.5008	-43.629
BLOCK14/SES141/SA141S26	SES180	-1.47032	-45.0993	-43.629
BLOCK14/SES141/SA141S29	SES127	-0.486229	-43.3712	-42.885
BLOCK14/SES141/SA141S29	SES142	-0.376778	-43.2618	-42.885
BLOCK14/SES141/SA141S29	SES144	-0.716839	-43.6018	-42.885
BLOCK14/SES141/SA141S29	SES180	-0.743439	-43.6284	-42.885
BLOCK15/SES157/SA157S08	SES083	-2.54216	-46.2414	-43.6992
BLOCK15/SES157/SA157S08	SES127	-1.78864	-45.4878	-43.6992
BLOCK15/SES157/SA157S08	SES148	-1.33697	-45.0362	-43.6992
BLOCK15/SES157/SA157S08	SES292	-2.05437	-45.7536	-43.6992
BLOCK15/SES157/SA157S11	SES083	-2.46645	-46.069	-43.6025
BLOCK15/SES157/SA157S11	SES127	-2.16405	-45.7666	-43.6025
BLOCK15/SES157/SA157S11	SES148	-1.29993	-44.9025	-43.6025
BLOCK15/SES157/SA157S11	SES292	-2.11867	-45.7212	-43.6025
BLOCK15/SES157/SA157S21	SES127	-1.81444	-44.864	-43.0496
BLOCK15/SES157/SA157S21	SES148	-0.710167	-43.7597	-43.0496
BLOCK15/SES157/SA157S21	SES158	-4.38214	-47.4317	-43.0496
BLOCK15/SES157/SA157S21	SES292	-1.44939	-44.4989	-43.0496
BLOCK15/SES157/SA157S24	SES127	-1.48164	-44.8842	-43.4025
BLOCK15/SES157/SA157S24	SES148	-1.25929	-44.6618	-43.4025
BLOCK15/SES157/SA157S24	SES183	-1.62204	-45.0246	-43.4025
BLOCK15/SES157/SA157S24	SES292	-1.91063	-45.3132	-43.4025
BLOCK15/SES157/SA157S26	SES007	-0.629208	-43.4851	-42.8559
BLOCK15/SES157/SA157S26	SES127	-1.02252	-43.8784	-42.8559
BLOCK15/SES157/SA157S26	SES147	-2.24995	-45.1058	-42.8559
BLOCK15/SES157/SA157S26	SES148	-1.26814	-44.124	-42.8559
BLOCK16/SES161/SA161S10	SES007	-2.22642	-46.9875	-44.7611
BLOCK16/SES161/SA161S10	SES105	-1.6913	-46.4524	-44.7611
BLOCK16/SES161/SA161S10	SES158	-1.7025	-46.4636	-44.7611
BLOCK16/SES161/SA161S10	SES275	-1.86136	-46.6225	-44.7611
BLOCK16/SES161/SA161S12	SES007	-1.60432	-45.8454	-44.2411
BLOCK16/SES161/SA161S12	SES105	-2.08018	-46.3213	-44.2411
BLOCK16/SES161/SA161S12	SES158	-1.17231	-45.4134	-44.2411
BLOCK16/SES161/SA161S12	SES275	-1.76192	-46.003	-44.2411
BLOCK16/SES161/SA161S20	SES007	-2.58486	-47.8711	-45.2862
BLOCK16/SES161/SA161S20	SES105	-2.70636	-47.9926	-45.2862
BLOCK16/SES161/SA161S20	SES158	-1.62841	-46.9147	-45.2862
BLOCK16/SES161/SA161S20	SES275	-2.59573	-47.882	-45.2862
BLOCK16/SES161/SA161S23	SES007	-2.06453	-46.168	-44.1035
BLOCK16/SES161/SA161S23	SES105	-1.49508	-45.5986	-44.1035
BLOCK16/SES161/SA161S23	SES148	-1.99924	-46.1027	-44.1035
BLOCK16/SES161/SA161S23	SES158	-1.13485	-45.2383	-44.1035
BLOCK16/SES161/SA161S28	SES007	-2.9282	-47.5145	-44.5863
BLOCK16/SES161/SA161S28	SES105	-2.86734	-47.4536	-44.5863
BLOCK16/SES161/SA161S28	SES158	-0.861698	-45.448	-44.5863
BLOCK16/SES161/SA161S28	SES206	-1.08373	-45.67	-44.5863
BLOCK16/SES164/SA164S11	SES104	-1.49454	-44.8103	-43.3158
BLOCK16/SES164/SA164S11	SES125	-0.53759	-43.8534	-43.3158
BLOCK16/SES164/SA164S11	SES158	0.0868492	-43.229	-43.3158
BLOCK16/SES164/SA164S11	SES206	-1.69373	-45.0095	-43.3158
BLOCK16/SES164/SA164S13	SES099	-1.16451	-45.604	-44.4394
BLOCK16/SES164/SA164S13	SES104	-1.56308	-46.0025	-44.4394
BLOCK16/SES164/SA164S13	SES125	-1.55912	-45.9986	-44.4394
BLOCK16/SES164/SA164S13	SES206	-2.15033	-46.5898	-44.4394
BLOCK16/SES164/SA164S24	SES002	-0.112267	-43.9918	-43.8795
BLOCK16/SES164/SA164S24	SES099	-0.829529	-44.709	-43.8795
BLOCK16/SES164/SA164S24	SES125	-1.34512	-45.2246	-43.8795
BLOCK16/SES164/SA164S24	SES226	-0.765373	-44.6449	-43.8795
BLOCK16/SES164/SA164S27	SES087	-1.93306	-45.8608	-43.9277
BLOCK16/SES164/SA164S27	SES125	-1.20871	-45.1364	-43.9277
BLOCK16/SES164/SA164S27	SES206	-1.81644	-45.7442	-43.9277
BLOCK16/SES164/SA164S27	SES226	-1.13682	-45.0646	-43.9277
BLOCK16/SES164/SA164S29	SES002	0.229935	-43.5633	-43.7932
BLOCK16/SES164/SA164S29	SES019	-1.0869	-44.8801	-43.7932
BLOCK16/SES164/SA164S29	SES125	-1.02217	-44.8154	-43.7932
BLOCK16/SES164/SA164S29	SES226	-1.25954	-45.0528	-43.7932
BLOCK16/SES169/SA169S13	SES117	-1.44689	-45.0411	-43.5942
BLOCK16/SES169/SA169S13	SES144	-1.15486	-44.7491	-43.5942
BLOCK16/SES169/SA169S13	SES146	-1.37657	-44.9708	-43.5942
BLOCK16/SES169/SA169S13	SES162	-1.22037	-44.8146	-43.5942
BLOCK16/SES169/SA169S14	SES144	-1.12731	-43.7492	-42.6219
BLOCK16/SES169/SA169S14	SES148	-1.06345	-43.6854	-42.6219
BLOCK16/SES169/SA169S14	SES177	-1.37006	-43.992	-42.6219
BLOCK16/SES169/SA169S14	SES180	-1.97644	-44.5984	-42.6219
BLOCK16/SES169/SA169S24	SES117	-0.76683	-45.1592	-44.3924
BLOCK16/SES169/SA169S24	SES144	-0.710545	-45.1029	-44.3924
BLOCK16/SES169/SA169S24	SES146	-1.17821	-45.5706	-44.3924
BLOCK16/SES169/SA169S24	SES162	-1.13232	-45.5247	-44.3924
BLOCK16/SES169/SA169S27	SES127	-1.59492	-45.064	-43.4691
BLOCK16/SES169/SA169S27	SES129	-1.61957	-45.0887	-43.4691
BLOCK16/SES169/SA169S27	SES144	-1.17759	-44.6467	-43.4691
BLOCK16/SES169/SA169S27	SES146	-1.0503	-44.5194	-43.4691
BLOCK16/SES169/SA169S29	SES144	-0.64093	-43.4073	-42.7664
BLOCK16/SES169/SA169S29	SES162	-0.983555	-43.75	-42.7664
BLOCK16/SES169/SA169S29	SES177	-1.98802	-44.7544	-42.7664
BLOCK16/SES169/SA169S29	SES180	-0.90044	-43.6668	-42.7664
BLOCK17/SES171/SA171S12	SES083	-1.46901	-45.5869	-44.1179
BLOCK17/SES171/SA171S12	SES148	-1.71095	-45.8288	-44.1179
BLOCK17/SES171/SA171S12	SES172	-1.62635	-45.7442	-44.1179
BLOCK17/SES171/SA171S12	SES292	-2.09496	-46.2128	-44.1179
BLOCK17/SES171/SA171S15	SES148	-1.74825	-46.2645	-44.5163
BLOCK17/SES171/SA171S15	SES177	-2.07294	-46.5892	-44.5163
BLOCK17/SES171/SA171S15	SES180	-3.90389	-48.4202	-44.5163
BLOCK17/SES171/SA171S15	SES292	-3.32472	-47.841	-44.5163
BLOCK17/SES171/SA171S22	SES007	-1.57459	-44.9691	-43.3945
BLOCK17/SES171/SA171S22	SES148	-1.26624	-44.6607	-43.3945
BLOCK17/SES171/SA171S22	SES177	-0.645622	-44.0401	-43.3945
BLOCK17/SES171/SA171S22	SES180	-2.07788	-45.4724	-43.3945
BLOCK17/SES171/SA171S25	SES101	-2.85005	-47.1745	-44.3244
BLOCK17/SES171/SA171S25	SES120	-2.80026	-47.1247	-44.3244
BLOCK17/SES171/SA171S25	SES177	-1.31001	-45.6345	-44.3244
BLOCK17/SES171/SA171S25	SES180	-2.8652	-47.1897	-44.3244
BLOCK17/SES171/SA171S27	SES177	-0.895885	-44.6664	-43.7705
BLOCK17/SES171/SA171S27	SES180	-2.52486	-46.2954	-43.7705
BLOCK17/SES171/SA171S27	SES189	-1.21606	-44.9866	-43.7705
BLOCK17/SES171/SA171S27	SES292	-2.48547	-46.256	-43.7705
BLOCK17/SES173/SA173S13	SES162	-1.91949	-46.5962	-44.6767
BLOCK17/SES173/SA173S13	SES177	-2.1524	-46.8291	-44.6767
BLOCK17/SES173/SA173S13	SES180	-2.31114	-46.9879	-44.6767
BLOCK17/SES173/SA173S13	SES292	-1.35331	-46.03	-44.6767
BLOCK17/SES173/SA173S14	SES007	-2.4647	-47.3118	-44.8471
BLOCK17/SES173/SA173S14	SES162	-1.91388	-46.761	-44.8471
BLOCK17/SES173/SA173S14	SES177	-1.67348	-46.5206	-44.8471
BLOCK17/SES173/SA173S14	SES180	-2.72025	-47.5673	-44.8471
BLOCK17/SES173/SA173S24	SES144	-1.55933	-46.6786	-45.1193
BLOCK17/SES173/SA173S24	SES162	-2.20404	-47.3233	-45.1193
BLOCK17/SES173/SA173S24	SES177	-1.94531	-47.0646	-45.1193
BLOCK17/SES173/SA173S24	SES180	-3.0141	-48.1334	-45.1193
BLOCK17/SES173/SA173S27	SES162	-2.40557	-47.0876	-44.6821
BLOCK17/SES173/SA173S27	SES177	-2.26176	-46.9438	-44.6821
BLOCK17/SES173/SA173S27	SES180	-2.49652	-47.1786	-44.6821
BLOCK17/SES173/SA173S27	SES292	-1.88149	-46.5635	-44.6821
BLOCK17/SES173/SA173S29	SES162	-1.92399	-46.3689	-44.4449
BLOCK17/SES173/SA173S29	SES175	-1.38245	-45.8274	-44.4449
BLOCK17/SES173/SA173S29	SES177	-2.35107	-46.796	-44.4449
BLOCK17/SES173/SA173S29	SES292	-2.43433	-46.8792	-44.4449
BLOCK18/SES182/SA182S10	SES144	-1.09365	-44.4949	-43.4012
BLOCK18/SES182/SA182S10	SES177	-1.3255	-44.7267	-43.4012
BLOCK18/SES182/SA182S10	SES180	-1.91544	-45.3167	-43.4012
BLOCK18/SES182/SA182S10	SES275	-0.734165	-44.1354	-43.4012
BLOCK18/SES182/SA182S12	SES144	-0.339825	-43.4729	-43.1331
BLOCK18/SES182/SA182S12	SES177	-0.795639	-43.9287	-43.1331
BLOCK18/SES182/SA182S12	SES180	-1.15516	-44.2882	-43.1331
BLOCK18/SES182/SA182S12	SES275	-0.772057	-43.9051	-43.1331
BLOCK18/SES182/SA182S21	SES117	-1.56358	-45.5276	-43.9641
BLOCK18/SES182/SA182S21	SES144	-0.99099	-44.955	-43.9641
BLOCK18/SES182/SA182S21	SES162	-1.06671	-45.0308	-43.9641
BLOCK18/SES182/SA182S21	SES180	-1.52801	-45.4921	-43.9641
BLOCK18/SES182/SA182S23	SES117	-1.37516	-45.3426	-43.9674
BLOCK18/SES182/SA182S23	SES144	-1.11475	-45.0822	-43.9674
BLOCK18/SES182/SA182S23	SES180	-1.02584	-44.9933	-43.9674
BLOCK18/SES182/SA182S23	SES275	-0.326015	-44.2935	-43.9674
BLOCK18/SES182/SA182S25	SES007	-0.448093	-43.862	-43.4139
BLOCK18/SES182/SA182S25	SES162	-0.892685	-44.3066	-43.4139
BLOCK18/SES182/SA182S25	SES177	-1.14174	-44.5557	-43.4139
BLOCK18/SES182/SA182S25	SES180	-1.34022	-44.7542	-43.4139
BLOCK18/SES184/SA184S12	SES177	-1.79518	-45.2516	-43.4564
BLOCK18/SES184/SA184S12	SES180	-1.39391	-44.8503	-43.4564
BLOCK18/SES184/SA184S12	SES189	-1.85689	-45.3133	-43.4564
BLOCK18/SES184/SA184S12	SES292	-1.60849	-45.0649	-43.4564
BLOCK18/SES184/SA184S13	SES101	-2.23076	-45.4591	-43.2283
BLOCK18/SES184/SA184S13	SES177	-1.33999	-44.5683	-43.2283
BLOCK18/SES184/SA184S13	SES180	-1.23273	-44.461	-43.2283
BLOCK18/SES184/SA184S13	SES292	-1.75703	-44.9853	-43.2283
BLOCK18/SES184/SA184S22	SES177	-1.43967	-44.0055	-42.5658
BLOCK18/SES184/SA184S22	SES180	-1.39347	-43.9593	-42.5658
BLOCK18/SES184/SA184S22	SES189	-2.51751	-45.0833	-42.5658
BLOCK18/SES184/SA184S22	SES292	-1.80268	-44.3685	-42.5658
BLOCK18/SES184/SA184S25	SES101	-1.31809	-43.5285	-42.2104
BLOCK18/SES184/SA184S25	SES177	-1.71022	-43.9207	-42.2104
BLOCK18/SES184/SA184S25	SES180	-1.01848	-43.2289	-42.2104
BLOCK18/SES184/SA184S25	SES292	-1.16405	-43.3745	-42.2104
BLOCK18/SES184/SA184S27	SES083	-1.53651	-44.6801	-43.1436
BLOCK18/SES184/SA184S27	SES177	-1.24974	-44.3933	-43.1436
BLOCK18/SES184/SA184S27	SES202	-1.67749	-44.8211	-43.1436
BLOCK18/SES184/SA184S27	SES292	-1.45334	-44.5969	-43.1436
BLOCK20/SES204/SA204S12	SES062	-2.04407	-44.8239	-42.7799
BLOCK20/SES204/SA204S12	SES083	-2.67583	-45.4557	-42.7799
BLOCK20/SES204/SA204S12	SES206	-0.648918	-43.4288	-42.7799
BLOCK20/SES204/SA204S12	SES226	-1.86322	-44.6431	-42.7799
BLOCK20/SES204/SA204S14	SES068	-2.54078	-44.6785	-42.1377
BLOCK20/SES204/SA204S14	SES087	-0.516918	-42.6546	-42.1377
BLOCK20/SES204/SA204S14	SES206	-1.06201	-43.1997	-42.1377
BLOCK20/SES204/SA204S14	SES226	-1.71765	-43.8554	-42.1377
BLOCK20/SES204/SA204S22	SES068	-3.11069	-45.9909	-42.8802
BLOCK20/SES204/SA204S22	SES082	-3.27505	-46.1553	-42.8802
BLOCK20/SES204/SA204S22	SES083	-2.974	-45.8542	-42.8802
BLOCK20/SES204/SA204S22	SES206	-1.16136	-44.0416	-42.8802
BLOCK20/SES204/SA204S25	SES062	-2.59438	-45.8047	-43.2103
BLOCK20/SES204/SA204S25	SES083	-2.73475	-45.9451	-43.2103
BLOCK20/SES204/SA204S25	SES206	-0.684986	-43.8953	-43.2103
BLOCK20/SES204/SA204S25	SES226	-1.82727	-45.0376	-43.2103
BLOCK20/SES204/SA204S27	SES068	-3.45495	-46.7316	-43.2767
BLOCK20/SES204/SA204S27	SES082	-2.16264	-45.4393	-43.2767
BLOCK20/SES204/SA204S27	SES087	-0.862209	-44.1389	-43.2767
BLOCK20/SES204/SA204S27	SES206	-0.854313	-44.131	-43.2767
BLOCK20/SES207/SA207S10	SES127	-1.38797	-45.1228	-43.7348
BLOCK20/SES207/SA207S10	SES183	-1.39651	-45.1314	-43.7348
BLOCK20/SES207/SA207S10	SES189	-1.32429	-45.0591	-43.7348
BLOCK20/SES207/SA207S10	SES292	-1.71592	-45.4508	-43.7348
BLOCK20/SES207/SA207S11	SES127	-2.42075	-46.1661	-43.7454
BLOCK20/SES207/SA207S11	SES183	-2.01848	-45.7639	-43.7454
BLOCK20/SES207/SA207S11	SES187	-0.840572	-44.586	-43.7454
BLOCK20/SES207/SA207S11	SES292	-1.8672	-45.6126	-43.7454
BLOCK20/SES207/SA207S25	SES068	-1.29027	-44.9202	-43.63
BLOCK20/SES207/SA207S25	SES083	-2.46324	-46.0932	-43.63
BLOCK20/SES207/SA207S25	SES127	-1.35891	-44.9889	-43.63
BLOCK20/SES207/SA207S25	SES187	-0.610573	-44.2405	-43.63
BLOCK20/SES207/SA207S27	SES127	-2.0222	-46.0444	-44.0222
BLOCK20/SES207/SA207S27	SES183	-1.1231	-45.1453	-44.0222
BLOCK20/SES207/SA207S27	SES187	-1.18951	-45.2117	-44.0222
BLOCK20/SES207/SA207S27	SES292	-1.81749	-45.8397	-44.0222
BLOCK20/SES207/SA207S29	SES083	-2.19898	-45.6412	-43.4422
BLOCK20/SES207/SA207S29	SES085	-0.908665	-44.3509	-43.4422
BLOCK20/SES207/SA207S29	SES172	-1.52247	-44.9647	-43.4422
BLOCK20/SES207/SA207S29	SES189	-2.36527	-45.8075	-43.4422
BLOCK22/SES221/SA221S12	SES068	-1.733	-44.9731	-43.2401
BLOCK22/SES221/SA221S12	SES143	-2.23883	-45.4789	-43.2401
BLOCK22/SES221/SA221S12	SES175	-1.0281	-44.2682	-43.2401
BLOCK22/SES221/SA221S12	SES202	-0.999447	-44.2395	-43.2401
BLOCK22/SES221/SA221S15	SES085	-2.56496	-46.9404	-44.3754
BLOCK22/SES221/SA221S15	SES143	-3.15178	-47.5272	-44.3754
BLOCK22/SES221/SA221S15	SES175	-1.38832	-45.7637	-44.3754
BLOCK22/SES221/SA221S15	SES187	-1.32748	-45.7029	-44.3754
BLOCK22/SES221/SA221S23	SES068	-1.81462	-45.194	-43.3794
BLOCK22/SES221/SA221S23	SES143	-2.76053	-46.1399	-43.3794
BLOCK22/SES221/SA221S23	SES175	-1.1409	-44.5203	-43.3794
BLOCK22/SES221/SA221S23	SES189	-0.469284	-43.8487	-43.3794
BLOCK22/SES221/SA221S27	SES085	-2.6871	-45.9646	-43.2775
BLOCK22/SES221/SA221S27	SES143	-2.54749	-45.8249	-43.2775
BLOCK22/SES221/SA221S27	SES175	-1.33914	-44.6166	-43.2775
BLOCK22/SES221/SA221S27	SES189	-0.0782585	-43.3557	-43.2775
BLOCK22/SES221/SA221S29	SES085	-4.08113	-48.3892	-44.308
BLOCK22/SES221/SA221S29	SES143	-2.67228	-46.9803	-44.308
BLOCK22/SES221/SA221S29	SES175	-0.652363	-44.9604	-44.308
BLOCK22/SES221/SA221S29	SES187	-1.11296	-45.421	-44.308
BLOCK22/SES223/SA223S11	SES143	-1.48709	-45.6724	-44.1853
BLOCK22/SES223/SA223S11	SES144	-2.50368	-46.689	-44.1853
BLOCK22/SES223/SA223S11	SES175	-1.0412	-45.2265	-44.1853
BLOCK22/SES223/SA223S11	SES187	-1.44901	-45.6343	-44.1853
BLOCK22/SES223/SA223S13	SES068	-1.66525	-47.1046	-45.4394
BLOCK22/SES223/SA223S13	SES143	-2.37709	-47.8165	-45.4394
BLOCK22/SES223/SA223S13	SES146	-2.8743	-48.3137	-45.4394
BLOCK22/SES223/SA223S13	SES202	-1.86456	-47.3039	-45.4394
BLOCK22/SES223/SA223S22	SES143	-1.77161	-46.0113	-44.2397
BLOCK22/SES223/SA223S22	SES144	-2.1506	-46.3903	-44.2397
BLOCK22/SES223/SA223S22	SES175	-1.35126	-45.591	-44.2397
BLOCK22/SES223/SA223S22	SES187	-1.01071	-45.2504	-44.2397
BLOCK22/SES223/SA223S25	SES068	-1.47122	-45.5696	-44.0984
BLOCK22/SES223/SA223S25	SES143	-2.12114	-46.2195	-44.0984
BLOCK22/SES223/SA223S25	SES175	-1.11452	-45.2129	-44.0984
BLOCK22/SES223/SA223S25	SES187	-1.04271	-45.1411	-44.0984
BLOCK22/SES223/SA223S27	SES143	-1.56895	-46.148	-44.579
BLOCK22/SES223/SA223S27	SES146	-1.71852	-46.2976	-44.579
BLOCK22/SES223/SA223S27	SES187	-0.961056	-45.5401	-44.579
BLOCK22/SES223/SA223S27	SES292	-1.51155	-46.0906	-44.579
BLOCK27/SES273/SA273S12	SES099	-0.17041	-42.5297	-42.3592
BLOCK27/SES273/SA273S12	SES104	-0.489323	-42.8486	-42.3592
BLOCK27/SES273/SA273S12	SES125	-0.793934	-43.1532	-42.3592
BLOCK27/SES273/SA273S12	SES206	-0.08815	-42.4474	-42.3592
BLOCK27/SES273/SA273S13	SES099	-0.552315	-42.6558	-42.1035
BLOCK27/SES273/SA273S13	SES104	-0.710098	-42.8136	-42.1035
BLOCK27/SES273/SA273S13	SES206	-0.618107	-42.7216	-42.1035
BLOCK27/SES273/SA273S13	SES292	-3.16145	-45.265	-42.1035
BLOCK27/SES273/SA273S21	SES099	-0.123234	-42.7347	-42.6115
BLOCK27/SES273/SA273S21	SES148	-2.47143	-45.0829	-42.6115
BLOCK27/SES273/SA273S21	SES149	-0.909283	-43.5208	-42.6115
BLOCK27/SES273/SA273S21	SES177	-4.08268	-46.6942	-42.6115
BLOCK27/SES273/SA273S25	SES104	-0.628273	-43.1725	-42.5443
BLOCK27/SES273/SA273S25	SES125	-1.12259	-43.6668	-42.5443
BLOCK27/SES273/SA273S25	SES158	-0.385494	-42.9298	-42.5443
BLOCK27/SES273/SA273S25	SES206	-0.216045	-42.7603	-42.5443
BLOCK27/SES273/SA273S27	SES099	-0.337143	-42.5417	-42.2046
BLOCK27/SES273/SA273S27	SES104	-0.879471	-43.084	-42.2046
BLOCK27/SES273/SA273S27	SES149	-0.689278	-42.8938	-42.2046
BLOCK27/SES273/SA273S27	SES275	-1.86804	-44.0726	-42.2046
BLOCK27/SES274/SA274S10	SES105	-1.30231	-43.6944	-42.3921
BLOCK27/SES274/SA274S10	SES125	-0.832138	-43.2242	-42.3921
BLOCK27/SES274/SA274S10	SES129	-1.08168	-43.4738	-42.3921
BLOCK27/SES274/SA274S10	SES158	-1.14467	-43.5367	-42.3921
BLOCK27/SES274/SA274S11	SES105	-1.29697	-43.8614	-42.5644
BLOCK27/SES274/SA274S11	SES149	-0.886997	-43.4514	-42.5644
BLOCK27/SES274/SA274S11	SES158	-0.929409	-43.4939	-42.5644
BLOCK27/SES274/SA274S11	SES275	-1.34031	-43.9048	-42.5644
BLOCK27/SES274/SA274S21	SES105	-1.01795	-43.9102	-42.8923
BLOCK27/SES274/SA274S21	SES129	-1.13389	-44.0261	-42.8923
BLOCK27/SES274/SA274S21	SES149	-0.642654	-43.5349	-42.8923
BLOCK27/SES274/SA274S21	SES158	-2.08345	-44.9757	-42.8923
BLOCK27/SES274/SA274S24	SES105	-0.913696	-44.0502	-43.1365
BLOCK27/SES274/SA274S24	SES129	-2.05788	-45.1944	-43.1365
BLOCK27/SES274/SA274S24	SES149	-0.361176	-43.4977	-43.1365
BLOCK27/SES274/SA274S24	SES158	-1.82487	-44.9614	-43.1365
BLOCK27/SES274/SA274S29	SES105	-1.7754	-44.4053	-42.6299
BLOCK27/SES274/SA274S29	SES106	-1.57668	-44.2066	-42.6299
BLOCK27/SES274/SA274S29	SES120	-2.14273	-44.7726	-42.6299
BLOCK27/SES274/SA274S29	SES275	-1.17766	-43.8075	-42.6299
BLOCK27/SES276/SA276S16	SES148	-1.68037	-45.0153	-43.3349
BLOCK27/SES276/SA276S16	SES172	-1.51112	-44.846	-43.3349
BLOCK27/SES276/SA276S16	SES180	-2.1277	-45.4626	-43.3349
BLOCK27/SES276/SA276S16	SES292	-1.5815	-44.9164	-43.3349
BLOCK27/SES276/SA276S17	SES101	-1.95396	-45.3299	-43.376
BLOCK27/SES276/SA276S17	SES177	-1.45457	-44.8305	-43.376
BLOCK27/SES276/SA276S17	SES180	-1.6389	-45.0149	-43.376
BLOCK27/SES276/SA276S17	SES292	-1.68777	-45.0637	-43.376
BLOCK27/SES276/SA276S24	SES101	-1.20374	-43.6218	-42.418
BLOCK27/SES276/SA276S24	SES177	-1.83538	-44.2534	-42.418
BLOCK27/SES276/SA276S24	SES180	-1.55687	-43.9749	-42.418
BLOCK27/SES276/SA276S24	SES292	-2.02981	-44.4479	-42.418
BLOCK27/SES276/SA276S26	SES101	-2.68057	-45.422	-42.7414
BLOCK27/SES276/SA276S26	SES177	-1.25293	-43.9944	-42.7414
BLOCK27/SES276/SA276S26	SES180	-0.966599	-43.708	-42.7414
BLOCK27/SES276/SA276S26	SES292	-1.08358	-43.825	-42.7414
BLOCK27/SES276/SA276S28	SES101	-2.51408	-45.4228	-42.9087
BLOCK27/SES276/SA276S28	SES177	-2.09573	-45.0045	-42.9087
BLOCK27/SES276/SA276S28	SES180	-1.38874	-44.2975	-42.9087
BLOCK27/SES276/SA276S28	SES292	-1.67748	-44.5862	-42.9087
BLOCK27/SES277/SA277S12	SES101	-0.980434	-44.7187	-43.7382
BLOCK27/SES277/SA277S12	SES177	-1.49833	-45.2366	-43.7382
BLOCK27/SES277/SA277S12	SES180	-2.00854	-45.7468	-43.7382
BLOCK27/SES277/SA277S12	SES292	-2.54217	-46.2804	-43.7382
BLOCK27/SES277/SA277S14	SES177	-1.25282	-45.5035	-44.2506
BLOCK27/SES277/SA277S14	SES180	-2.58353	-46.8342	-44.2506
BLOCK27/SES277/SA277S14	SES189	-1.23374	-45.4844	-44.2506
BLOCK27/SES277/SA277S14	SES292	-2.94325	-47.1939	-44.2506
BLOCK27/SES277/SA277S21	SES177	-0.732239	-43.9494	-43.2171
BLOCK27/SES277/SA277S21	SES180	-2.23878	-45.4559	-43.2171
BLOCK27/SES277/SA277S21	SES189	-1.05717	-44.2743	-43.2171
BLOCK27/SES277/SA277S21	SES292	-2.90369	-46.1208	-43.2171
BLOCK27/SES277/SA277S24	SES144	-1.57636	-45.7347	-44.1583
BLOCK27/SES277/SA277S24	SES177	-0.956982	-45.1153	-44.1583
BLOCK27/SES277/SA277S24	SES180	-2.49787	-46.6562	-44.1583
BLOCK27/SES277/SA277S24	SES189	-1.24424	-45.4026	-44.1583
BLOCK27/SES277/SA277S29	SES177	-1.13418	-43.3136	-42.1794
BLOCK27/SES277/SA277S29	SES180	-1.26698	-43.4464	-42.1794
BLOCK27/SES277/SA277S29	SES202	-1.30676	-43.4862	-42.1794
BLOCK27/SES277/SA277S29	SES292	-2.19427	-44.3737	-42.1794
BLOCK27/SES279/SA279S09	SES120	-1.46529	-44.3261	-42.8609
BLOCK27/SES279/SA279S09	SES146	-1.61188	-44.4727	-42.8609
BLOCK27/SES279/SA279S09	SES206	-2.0207	-44.8816	-42.8609
BLOCK27/SES279/SA279S09	SES226	-2.1888	-45.0497	-42.8609
BLOCK27/SES279/SA279S10	SES099	-0.982437	-43.8812	-42.8987
BLOCK27/SES279/SA279S10	SES206	-1.26193	-44.1607	-42.8987
BLOCK27/SES279/SA279S10	SES226	-1.5615	-44.4602	-42.8987
BLOCK27/SES279/SA279S10	SES292	-1.41837	-44.3171	-42.8987
BLOCK27/SES279/SA279S20	SES099	-1.73875	-45.2892	-43.5505
BLOCK27/SES279/SA279S20	SES206	-0.897449	-44.4479	-43.5505
BLOCK27/SES279/SA279S20	SES226	-1.99963	-45.5501	-43.5505
BLOCK27/SES279/SA279S20	SES292	-0.95396	-44.5044	-43.5505
BLOCK27/SES279/SA279S26	SES099	-1.33671	-44.507	-43.1703
BLOCK27/SES279/SA279S26	SES206	-0.780571	-43.9509	-43.1703
BLOCK27/SES279/SA279S26	SES226	-1.25608	-44.4264	-43.1703
BLOCK27/SES279/SA279S26	SES292	-1.58035	-44.7506	-43.1703
BLOCK27/SES279/SA279S28	SES099	-1.77381	-43.5753	-41.8015
BLOCK27/SES279/SA279S28	SES120	-1.29276	-43.0943	-41.8015
BLOCK27/SES279/SA279S28	SES177	-2.50853	-44.3101	-41.8015
BLOCK27/SES279/SA279S28	SES206	-1.6715	-43.473	-41.8015
BLOCK29/SES290/SA290S12	SES162	-1.76953	-44.334	-42.5644
BLOCK29/SES290/SA290S12	SES177	-1.56649	-44.1309	-42.5644
BLOCK29/SES290/SA290S12	SES180	-2.47711	-45.0416	-42.5644
BLOCK29/SES290/SA290S12	SES292	-1.69271	-44.2572	-42.5644
BLOCK29/SES290/SA290S13	SES007	-2.64562	-45.8447	-43.199
BLOCK29/SES290/SA290S13	SES162	-2.51207	-45.7111	-43.199
BLOCK29/SES290/SA290S13	SES177	-1.19862	-44.3976	-43.199
BLOCK29/SES290/SA290S13	SES180	-2.32396	-45.523	-43.199
BLOCK29/SES290/SA290S22	SES177	-1.24699	-43.8363	-42.5894
BLOCK29/SES290/SA290S22	SES180	-1.66347	-44.2528	-42.5894
BLOCK29/SES290/SA290S22	SES202	-1.42076	-44.0101	-42.5894
BLOCK29/SES290/SA290S22	SES292	-2.02643	-44.6158	-42.5894
BLOCK29/SES290/SA290S25	SES162	-1.50969	-44.1603	-42.6506
BLOCK29/SES290/SA290S25	SES177	-1.32378	-43.9744	-42.6506
BLOCK29/SES290/SA290S25	SES180	-1.39755	-44.0481	-42.6506
BLOCK29/SES290/SA290S25	SES292	-1.45214	-44.1027	-42.6506
BLOCK29/SES290/SA290S29	SES177	-0.65276	-43.2246	-42.5718
BLOCK29/SES290/SA290S29	SES180	-1.19187	-43.7637	-42.5718
BLOCK29/SES290/SA290S29	SES275	-1.80315	-44.375	-42.5718
BLOCK29/SES290/SA290S29	SES292	-1.20796	-43.7798	-42.5718
BLOCK29/SES291/SA291S11	SES105	-2.63514	-46.3805	-43.7453
BLOCK29/SES291/SA291S11	SES125	-1.03635	-44.7817	-43.7453
BLOCK29/SES291/SA291S11	SES158	-0.943752	-44.6891	-43.7453
BLOCK29/SES291/SA291S11	SES275	-3.50424	-47.2496	-43.7453
BLOCK29/SES291/SA291S12	SES158	0.0752869	-43.3365	-43.4118
BLOCK29/SES291/SA291S12	SES226	-0.840183	-44.252	-43.4118
BLOCK29/SES291/SA291S12	SES270	-0.0851555	-43.4969	-43.4118
BLOCK29/SES291/SA291S12	SES275	-3.9161	-47.3279	-43.4118
BLOCK29/SES291/SA291S22	SES082	-0.857803	-44.1867	-43.3289
BLOCK29/SES291/SA291S22	SES158	-0.723606	-44.0525	-43.3289
BLOCK29/SES291/SA291S22	SES259	-1.21849	-44.5473	-43.3289
BLOCK29/SES291/SA291S22	SES275	-2.97914	-46.308	-43.3289
BLOCK29/SES291/SA291S24	SES104	-0.411049	-42.7007	-42.2897
BLOCK29/SES291/SA291S24	SES125	-0.319359	-42.609	-42.2897
BLOCK29/SES291/SA291S24	SES158	-0.540535	-42.8302	-42.2897
BLOCK29/SES291/SA291S24	SES275	-3.54072	-45.8304	-42.2897
BLOCK29/SES291/SA291S27	SES158	-0.1334	-42.6009	-42.4675
BLOCK29/SES291/SA291S27	SES172	-5.37915	-47.8467	-42.4675
BLOCK29/SES291/SA291S27	SES275	-3.92984	-46.3974	-42.4675
BLOCK29/SES291/SA291S27	SES292	-3.38545	-45.853	-42.4675
