BLOCK00/SES002/SA002S12	SES002	1.29673	-39.6607	-40.9575
BLOCK00/SES002/SA002S13	SES002	2.06001	-39.2299	-41.2899
BLOCK00/SES002/SA002S23	SES002	1.18505	-39.5246	-40.7096
BLOCK00/SES002/SA002S26	SES002	2.03532	-39.0351	-41.0705
BLOCK00/SES002/SA002S28	SES002	1.21073	-39.603	-40.8137
BLOCK00/SES007/SA007S14	SES007	0.906467	-39.0788	-39.9852
BLOCK00/SES007/SA007S15	SES007	0.54842	-40.2225	-40.7709
BLOCK00/SES007/SA007S24	SES007	0.578365	-40.1953	-40.7737
BLOCK00/SES007/SA007S27	SES007	0.297268	-40.9246	-41.2219
BLOCK00/SES007/SA007S29	SES007	0.183708	-39.8817	-40.0654
BLOCK00/SES008/SA008S11	SES008	1.0598	-39.9412	-41.001
BLOCK00/SES008/SA008S12	SES008	0.0679321	-40.9929	-41.0608
BLOCK00/SES008/SA008S19	SES008	1.13246	-39.6206	-40.7531
BLOCK00/SES008/SA008S22	SES008	0.938362	-40.5389	-41.4772
BLOCK00/SES008/SA008S29	SES008	1.13217	-39.4958	-40.628
BLOCK01/SES014/SA014S10	SES014	1.95346	-39.2604	-41.2138
BLOCK01/SES014/SA014S12	SES014	2.67643	-37.3631	-40.0395
BLOCK01/SES014/SA014S24	SES014	1.44466	-39.3592	-40.8038
BLOCK01/SES014/SA014S26	SES014	2.44074	-37.1239	-39.5647
BLOCK01/SES014/SA014S28	SES014	2.42629	-37.6079	-40.0342
BLOCK01/SES016/SA016S12	SES016	1.25575	-41.0818	-42.3375
BLOCK01/SES016/SA016S13	SES016	1.10891	-40.0439	-41.1528
BLOCK01/SES016/SA016S22	SES016	0.49865	-41.0229	-41.5216
BLOCK01/SES016/SA016S25	SES016	1.44775	-38.2727	-39.7205
BLOCK01/SES016/SA016S27	SES016	1.44162	-38.8818	-40.3234
BLOCK01/SES019/SA019S13	SES019	2.79365	-39.9721	-42.7657
BLOCK01/SES019/SA019S14	SES019	1.66526	-40.3644	-42.0297
BLOCK01/SES019/SA019S22	SES019	2.54354	-39.79	-42.3336
BLOCK01/SES019/SA019S25	SES019	2.44074	-40.1593	-42.6001
BLOCK01/SES019/SA019S29	SES019	2.86335	-39.8866	-42.7499
BLOCK02/SES029/SA029S11	SES029	1.00787	-39.7903	-40.7982
BLOCK02/SES029/SA029S12	SES029	0.290108	-40.0985	-40.3886
BLOCK02/SES029/SA029S20	SES029	0.261494	-41.2967	-41.5582
BLOCK02/SES029/SA029S25	SES029	0.665871	-39.6824	-40.3483
BLOCK02/SES029/SA029S28	SES029	0.39481	-40.5306	-40.9254
BLOCK04/SES042/SA042S12	SES042	2.08997	-38.641	-40.7309
BLOCK04/SES042/SA042S15	SES042	2.32935	-38.861	-41.1903
BLOCK04/SES042/SA042S22	SES042	3.28004	-37.2406	-40.5207
BLOCK04/SES042/SA042S25	SES042	2.11223	-39.9386	-42.0508
BLOCK04/SES042/SA042S27	SES042	1.85147	-38.8042	-40.6556
BLOCK04/SES048/SA048S11	SES048	1.11912	-39.7272	-40.8463
BLOCK04/SES048/SA048S12	SES048	0.413624	-40.2555	-40.6691
BLOCK04/SES048/SA048S20	SES048	0.980839	-39.5282	-40.5091
BLOCK04/SES048/SA048S23	SES048	1.18742	-40.086	-41.2734
BLOCK04/SES048/SA048S27	SES048	0.854195	-39.2159	-40.0701
BLOCK06/SES060/SA060S11	SES060	1.15798	-39.6205	-40.7785
BLOCK06/SES060/SA060S12	SES060	-1.32808	-42.0909	-40.7628
BLOCK06/SES060/SA060S22	SES060	-0.240929	-41.5791	-41.3382
BLOCK06/SES060/SA060S24	SES060	0.867519	-39.6992	-40.5668
BLOCK06/SES060/SA060S28	SES060	0.949623	-38.3589	-39.3085
BLOCK06/SES062/SA062S10	SES062	0.665806	-39.6903	-40.3561
BLOCK06/SES062/SA062S11	SES062	1.07241	-39.425	-40.4974
BLOCK06/SES062/SA062S21	SES062	1.73091	-37.5092	-39.2401
BLOCK06/SES062/SA062S26	SES062	0.576466	-38.991	-39.5674
BLOCK06/SES062/SA062S29	SES062	1.02567	-38.7028	-39.7285
BLOCK06/SES068/SA068S14	SES068	0.381126	-40.2399	-40.621
BLOCK06/SES068/SA068S15	SES068	0.671066	-39.4062	-40.0773
BLOCK06/SES068/SA068S23	SES068	0.994568	-40.1813	-41.1758
BLOCK06/SES068/SA068S27	SES068	1.49111	-38.848	-40.3391
BLOCK06/SES068/SA068S29	SES068	0.957409	-39.5147	-40.4721
BLOCK08/SES082/SA082S12	SES082	0.741554	-41.2675	-42.009
BLOCK08/SES082/SA082S14	SES082	0.411121	-41.4199	-41.8311
BLOCK08/SES082/SA082S21	SES082	0.756954	-40.5268	-41.2838
BLOCK08/SES082/SA082S24	SES082	0.854866	-40.1864	-41.0413
BLOCK08/SES082/SA082S28	SES082	0.561611	-40.7806	-41.3422
BLOCK08/SES083/SA083S14	SES083	-0.571285	-41.0192	-40.4479
BLOCK08/SES083/SA083S15	SES083	0.205383	-40.253	-40.4584
BLOCK08/SES083/SA083S24	SES083	-0.125248	-40.773	-40.6478
BLOCK08/SES083/SA083S26	SES083	0.938419	-39.7779	-40.7164
BLOCK08/SES083/SA083S29	SES083	-0.135387	-40.2466	-40.1112
BLOCK08/SES085/SA085S10	SES085	0.00180054	-40.4222	-40.424
BLOCK08/SES085/SA085S13	SES085	0.294991	-40.6001	-40.8951
BLOCK08/SES085/SA085S22	SES085	-1.82042	-42.5073	-40.6869
BLOCK08/SES085/SA085S26	SES085	-0.530228	-40.828	-40.2978
BLOCK08/SES085/SA085S28	SES085	0.504097	-40.0673	-40.5714
BLOCK08/SES087/SA087S15	SES087	1.64245	-39.8735	-41.516
BLOCK08/SES087/SA087S16	SES087	1.5301	-39.8514	-41.3815
BLOCK08/SES087/SA087S24	SES087	1.46084	-40.0645	-41.5254
BLOCK08/SES087/SA087S26	SES087	1.44677	-38.752	-40.1988
BLOCK08/SES087/SA087S29	SES087	1.83327	-39.5846	-41.4179
BLOCK09/SES099/SA099S15	SES099	0.989933	-40.4143	-41.4043
BLOCK09/SES099/SA099S16	SES099	1.08234	-40.2855	-41.3679
BLOCK09/SES099/SA099S24	SES099	1.40944	-39.4244	-40.8338
BLOCK09/SES099/SA099S26	SES099	1.22283	-39.7311	-40.954
BLOCK09/SES099/SA099S29	SES099	1.39557	-39.5918	-40.9874
BLOCK10/SES101/SA101S11	SES101	0.347206	-40.0514	-40.3986
BLOCK10/SES101/SA101S13	SES101	0.840214	-39.5032	-40.3434
BLOCK10/SES101/SA101S22	SES101	0.878605	-40.4452	-41.3238
BLOCK10/SES101/SA101S24	SES101	1.19469	-39.7874	-40.9821
BLOCK10/SES101/SA101S28	SES101	0.261806	-40.7486	-41.0104
BLOCK10/SES104/SA104S11	SES104	1.23444	-38.8374	-40.0719
BLOCK10/SES104/SA104S12	SES104	1.60555	-38.6043	-40.2098
BLOCK10/SES104/SA104S21	SES104	1.17669	-39.5923	-40.769
BLOCK10/SES104/SA104S24	SES104	1.1749	-39.9505	-41.1254
BLOCK10/SES104/SA104S28	SES104	1.03221	-39.7166	-40.7488
BLOCK10/SES105/SA105S12	SES105	0.482853	-41.2347	-41.7175
BLOCK10/SES105/SA105S13	SES105	0.885677	-40.642	-41.5277
BLOCK10/SES105/SA105S22	SES105	0.409363	-41.6652	-42.0746
BLOCK10/SES105/SA105S26	SES105	1.2053	-40.5542	-41.7595
BLOCK10/SES105/SA105S29	SES105	0.642464	-40.5861	-41.2286
BLOCK10/SES106/SA106S09	SES106	1.44447	-41.0427	-42.4871
BLOCK10/SES106/SA106S11	SES106	1.54362	-39.3709	-40.9145
BLOCK10/SES106/SA106S22	SES106	2.51092	-39.7658	-42.2767
BLOCK10/SES106/SA106S27	SES106	1.26607	-39.8914	-41.1575
BLOCK10/SES106/SA106S29	SES106	0.975349	-39.8315	-40.8069
BLOCK11/SES117/SA117S12	SES117	0.773762	-40.1324	-40.9061
BLOCK11/SES117/SA117S13	SES117	0.098896	-40.4694	-40.5683
BLOCK11/SES117/SA117S23	SES117	1.2822	-40.8592	-42.1414
BLOCK11/SES117/SA117S25	SES117	0.568588	-41.3276	-41.8962
BLOCK11/SES117/SA117S28	SES117	1.02127	-40.993	-42.0143
BLOCK12/SES120/SA120S08	SES120	1.17026	-41.4215	-42.5918
BLOCK12/SES120/SA120S11	SES120	0.553165	-42.6968	-43.25
BLOCK12/SES120/SA120S22	SES120	0.279449	-40.8238	-41.1033
BLOCK12/SES120/SA120S24	SES120	0.651943	-40.6953	-41.3473
BLOCK12/SES120/SA120S28	SES120	0.131084	-42.3349	-42.4659
BLOCK12/SES125/SA125S13	SES125	1.50664	-39.1186	-40.6253
BLOCK12/SES125/SA125S14	SES125	1.31944	-39.7218	-41.0412
BLOCK12/SES125/SA125S25	SES125	1.86936	-39.0895	-40.9588
BLOCK12/SES125/SA125S27	SES125	1.63438	-38.7107	-40.3451
BLOCK12/SES125/SA125S29	SES125	1.49639	-39.1517	-40.6481
BLOCK12/SES127/SA127S11	SES127	0.722626	-40.4325	-41.1552
BLOCK12/SES127/SA127S12	SES127	-0.515919	-40.671	-40.1551
BLOCK12/SES127/SA127S23	SES127	0.424767	-40.3321	-40.7569
BLOCK12/SES127/SA127S25	SES127	-0.673843	-41.1966	-40.5228
BLOCK12/SES127/SA127S27	SES127	0.808525	-39.5998	-40.4083
BLOCK12/SES129/SA129S11	SES129	1.37606	-38.928	-40.3041
BLOCK12/SES129/SA129S12	SES129	0.779686	-39.3858	-40.1655
BLOCK12/SES129/SA129S22	SES129	0.865223	-39.762	-40.6272
BLOCK12/SES129/SA129S27	SES129	1.20343	-39.2459	-40.4493
BLOCK12/SES129/SA129S29	SES129	1.53413	-38.9655	-40.4996
BLOCK14/SES142/SA142S11	SES142	1.34039	-39.8941	-41.2345
BLOCK14/SES142/SA142S12	SES142	0.617561	-40.6612	-41.2788
BLOCK14/SES142/SA142S24	SES142	1.30159	-40.006	-41.3076
BLOCK14/SES142/SA142S27	SES142	1.5624	-39.6551	-41.2175
BLOCK14/SES142/SA142S29	SES142	1.49956	-39.1747	-40.6742
BLOCK14/SES143/SA143S12	SES143	1.17847	-40.1902	-41.3687
BLOCK14/SES143/SA143S13	SES143	0.637619	-40.7973	-41.4349
BLOCK14/SES143/SA143S23	SES143	1.00921	-40.5964	-41.6056
BLOCK14/SES143/SA143S25	SES143	0.58688	-40.7302	-41.3171
BLOCK14/SES143/SA143S28	SES143	1.03204	-39.8029	-40.8349
BLOCK14/SES144/SA144S09	SES144	0.71051	-40.153	-40.8635
BLOCK14/SES144/SA144S11	SES144	0.504948	-41.3959	-41.9008
BLOCK14/SES144/SA144S21	SES144	-0.0397682	-41.1001	-41.0603
BLOCK14/SES144/SA144S25	SES144	0.55835	-40.8585	-41.4168
BLOCK14/SES144/SA144S29	SES144	0.154011	-40.7271	-40.8811
BLOCK14/SES146/SA146S14	SES146	0.367039	-41.3456	-41.7127
BLOCK14/SES146/SA146S15	SES146	-0.0631714	-41.161	-41.0979
BLOCK14/SES146/SA146S24	SES146	0.270412	-41.0718	-41.3422
BLOCK14/SES146/SA146S26	SES146	0.879066	-41.0256	-41.9047
BLOCK14/SES146/SA146S29	SES146	0.522881	-41.574	-42.0969
BLOCK14/SES147/SA147S11	SES147	1.40314	-40.2585	-41.6616
BLOCK14/SES147/SA147S13	SES147	1.6583	-39.2612	-40.9195
BLOCK14/SES147/SA147S23	SES147	1.14285	-40.5994	-41.7422
BLOCK14/SES147/SA147S26	SES147	0.946354	-40.527	-41.4733
BLOCK14/SES147/SA147S28	SES147	1.48488	-39.9358	-41.4207
BLOCK14/SES148/SA148S10	SES148	0.881496	-39.8359	-40.7174
BLOCK14/SES148/SA148S12	SES148	0.657463	-40.753	-41.4105
BLOCK14/SES148/SA148S22	SES148	1.01741	-39.2127	-40.2301
BLOCK14/SES148/SA148S26	SES148	0.418991	-40.1395	-40.5585
BLOCK14/SES148/SA148S29	SES148	0.449287	-40.7513	-41.2006
BLOCK14/SES149/SA149S13	SES149	-0.141724	-40.9067	-40.7649
BLOCK14/SES149/SA149S14	SES149	0.383797	-40.013	-40.3968
BLOCK14/SES149/SA149S24	SES149	1.124	-39.7353	-40.8593
BLOCK14/SES149/SA149S26	SES149	1.66639	-39.0505	-40.7169
BLOCK14/SES149/SA149S28	SES149	1.6865	-38.4127	-40.0992
BLOCK15/SES158/SA158S13	SES158	1.1164	-40.5324	-41.6488
BLOCK15/SES158/SA158S14	SES158	1.936	-39.9074	-41.8434
BLOCK15/SES158/SA158S23	SES158	1.09534	-40.0656	-41.161
BLOCK15/SES158/SA158S26	SES158	1.76588	-39.6956	-41.4615
BLOCK15/SES158/SA158S28	SES158	1.1229	-40.4123	-41.5352
BLOCK16/SES162/SA162S10	SES162	0.788609	-41.3127	-42.1013
BLOCK16/SES162/SA162S11	SES162	1.00746	-40.0097	-41.0171
BLOCK16/SES162/SA162S21	SES162	1.41356	-39.8952	-41.3088
BLOCK16/SES162/SA162S24	SES162	0.763145	-40.4599	-41.2231
BLOCK16/SES162/SA162S27	SES162	1.27838	-40.5422	-41.8206
BLOCK16/SES167/SA167S14	SES167	0.80262	-39.2856	-40.0882
BLOCK16/SES167/SA167S15	SES167	1.34157	-39.5937	-40.9353
BLOCK16/SES167/SA167S21	SES167	1.09224	-39.0304	-40.1227
BLOCK16/SES167/SA167S25	SES167	1.18491	-39.7037	-40.8886
BLOCK16/SES167/SA167S29	SES167	2.23882	-38.0914	-40.3302
BLOCK17/SES172/SA172S12	SES172	1.2185	-40.1365	-41.355
BLOCK17/SES172/SA172S13	SES172	1.64284	-39.9612	-41.6041
BLOCK17/SES172/SA172S23	SES172	0.521305	-39.3393	-39.8606
BLOCK17/SES172/SA172S27	SES172	0.472855	-40.56	-41.0328
BLOCK17/SES172/SA172S29	SES172	0.987991	-40.203	-41.191
BLOCK17/SES175/SA175S11	SES175	1.14515	-39.6864	-40.8315
BLOCK17/SES175/SA175S13	SES175	0.934616	-39.7599	-40.6945
BLOCK17/SES175/SA175S23	SES175	1.22524	-40.0644	-41.2896
BLOCK17/SES175/SA175S25	SES175	0.559952	-41.6441	-42.204
BLOCK17/SES175/SA175S28	SES175	1.1917	-39.6096	-40.8013
BLOCK17/SES177/SA177S15	SES177	-0.146049	-40.8606	-40.7146
BLOCK17/SES177/SA177S17	SES177	0.158314	-40.5327	-40.691
BLOCK17/SES177/SA177S23	SES177	-0.127033	-41.0781	-40.9511
BLOCK17/SES177/SA177S26	SES177	0.608398	-38.8622	-39.4706
BLOCK17/SES177/SA177S28	SES177	0.679962	-39.659	-40.339
BLOCK18/SES180/SA180S13	SES180	0.422112	-40.5707	-40.9929
BLOCK18/SES180/SA180S15	SES180	0.487217	-40.5792	-41.0665
BLOCK18/SES180/SA180S24	SES180	0.513153	-39.3276	-39.8407
BLOCK18/SES180/SA180S26	SES180	0.580704	-39.9964	-40.5771
BLOCK18/SES180/SA180S29	SES180	0.721588	-40.5214	-41.243
BLOCK18/SES183/SA183S13	SES183	0.908154	-40.6093	-41.5175
BLOCK18/SES183/SA183S14	SES183	0.341763	-41.1869	-41.5287
BLOCK18/SES183/SA183S24	SES183	0.966347	-40.9096	-41.876
BLOCK18/SES183/SA183S27	SES183	0.986645	-40.3878	-41.3744
BLOCK18/SES183/SA183S29	SES183	0.837921	-40.2327	-41.0706
BLOCK18/SES187/SA187S13	SES187	0.787331	-41.0039	-41.7912
BLOCK18/SES187/SA187S14	SES187	0.677952	-40.9415	-41.6195
BLOCK18/SES187/SA187S24	SES187	1.13635	-40.2726	-41.4089
BLOCK18/SES187/SA187S27	SES187	1.15812	-39.9403	-41.0984
BLOCK18/SES187/SA187S29	SES187	1.09509	-40.5628	-41.6579
BLOCK18/SES189/SA189S10	SES189	1.47742	-41.8483	-43.3257
BLOCK18/SES189/SA189S13	SES189	1.46439	-42.3387	-43.8031
BLOCK18/SES189/SA189S24	SES189	1.85228	-41.0932	-42.9454
BLOCK18/SES189/SA189S26	SES189	1.34325	-40.9868	-42.33
BLOCK18/SES189/SA189S29	SES189	1.96195	-40.8756	-42.8376
BLOCK20/SES202/SA202S12	SES202	1.19514	-41.0231	-42.2183
BLOCK20/SES202/SA202S14	SES202	2.43336	-39.3027	-41.7361
BLOCK20/SES202/SA202S24	SES202	1.24633	-40.3442	-41.5906
BLOCK20/SES202/SA202S27	SES202	1.53554	-38.968	-40.5036
BLOCK20/SES202/SA202S29	SES202	1.9367	-38.8963	-40.833
BLOCK20/SES206/SA206S15	SES206	0.0667305	-40.1049	-40.1716
BLOCK20/SES206/SA206S17	SES206	1.60366	-38.9298	-40.5335
BLOCK20/SES206/SA206S24	SES206	1.7406	-38.6888	-40.4294
BLOCK20/SES206/SA206S27	SES206	1.63224	-39.6053	-41.2375
BLOCK20/SES206/SA206S29	SES206	1.62207	-38.5118	-40.1339
BLOCK22/SES226/SA226S12	SES226	1.36418	-40.186	-41.5502
BLOCK22/SES226/SA226S13	SES226	-0.0407906	-41.4423	-41.4015
BLOCK22/SES226/SA226S20	SES226	1.29784	-40.4194	-41.7173
BLOCK22/SES226/SA226S23	SES226	1.52874	-39.6772	-41.2059
BLOCK22/SES226/SA226S28	SES226	1.78423	-39.4126	-41.1969
BLOCK25/SES259/SA259S13	SES259	2.76072	-38.4254	-41.1861
BLOCK25/SES259/SA259S14	SES259	1.34468	-39.6242	-40.9688
BLOCK25/SES259/SA259S22	SES259	1.26927	-39.4804	-40.7496
BLOCK25/SES259/SA259S24	SES259	1.79536	-38.7452	-40.5406
BLOCK25/SES259/SA259S28	SES259	1.63035	-38.7877	-40.418
BLOCK27/SES270/SA270S14	SES270	1.93478	-40.4411	-42.3759
BLOCK27/SES270/SA270S16	SES270	0.586445	-40.7534	-41.3398
BLOCK27/SES270/SA270S22	SES270	2.02022	-39.6877	-41.7079
BLOCK27/SES270/SA270S26	SES270	1.29538	-41.0408	-42.3361
BLOCK27/SES270/SA270S28	SES270	0.672012	-40.415	-41.087
BLOCK27/SES275/SA275S17	SES275	1.0422	-40.7884	-41.8306
BLOCK27/SES275/SA275S18	SES275	0.112019	-40.8481	-40.9602
BLOCK27/SES275/SA275S24	SES275	0.398434	-42.0329	-42.4313
BLOCK27/SES275/SA275S26	SES275	0.708824	-40.2906	-40.9995
BLOCK27/SES275/SA275S28	SES275	0.211258	-40.6929	-40.9042
BLOCK29/SES292/SA292S10	SES292	0.0858841	-40.9416	-41.0275
BLOCK29/SES292/SA292S12	SES292	0.159134	-41.3875	-41.5466
BLOCK29/SES292/SA292S22	SES292	0.67728	-39.9187	-40.596
BLOCK29/SES292/SA292S24	SES292	0.265018	-40.4862	-40.7512
BLOCK29/SES292/SA292S27	SES292	0.145267	-40.0434	-40.1887
BLOCK00/SES001/SA001S14	SES062	-1.7956	-42.9094	-41.1138
BLOCK00/SES001/SA001S14	SES082	-1.76701	-42.8808	-41.1138
BLOCK00/SES001/SA001S14	SES106	-1.61409	-42.7279	-41.1138
BLOCK00/SES001/SA001S14	SES206	-1.47538	-42.5891	-41.1138
BLOCK00/SES001/SA001S15	SES062	-1.59219	-41.9226	-40.3304
BLOCK00/SES001/SA001S15	SES104	-2.13474	-42.4652	-40.3304
BLOCK00/SES001/SA001S15	SES106	-1.95751	-42.2879	-40.3304
BLOCK00/SES001/SA001S15	SES206	-1.37039	-41.7008	-40.3304
BLOCK00/SES001/SA001S24	SES062	-2.35591	-44.0037	-41.6478
BLOCK00/SES001/SA001S24	SES082	-2.50068	-44.1485	-41.6478
BLOCK00/SES001/SA001S24	SES087	-2.25758	-43.9054	-41.6478
BLOCK00/SES001/SA001S24	SES206	-1.71387	-43.3617	-41.6478
BLOCK00/SES001/SA001S27	SES062	-1.3576	-41.7361	-40.3785
BLOCK00/SES001/SA001S27	SES082	-2.80174	-43.1802	-40.3785
BLOCK00/SES001/SA001S27	SES087	-2.25628	-42.6347	-40.3785
BLOCK00/SES001/SA001S27	SES206	-2.91277	-43.2912	-40.3785
BLOCK00/SES001/SA001S29	SES062	-2.2821	-43.4131	-41.131
BLOCK00/SES001/SA001S29	SES082	-1.48268	-42.6137	-41.131
BLOCK00/SES001/SA001S29	SES158	-1.15559	-42.2866	-41.131
BLOCK00/SES001/SA001S29	SES206	-2.4888	-43.6198	-41.131
BLOCK00/SES003/SA003S11	SES002	-0.371273	-41.8013	-41.4301
BLOCK00/SES003/SA003S11	SES019	-0.755795	-42.1859	-41.4301
BLOCK00/SES003/SA003S11	SES082	0.259922	-41.1702	-41.4301
BLOCK00/SES003/SA003S11	SES125	-0.728317	-42.1584	-41.4301
BLOCK00/SES003/SA003S15	SES016	-2.93484	-43.9826	-41.0478
BLOCK00/SES003/SA003S15	SES019	-0.812527	-41.8603	-41.0478
BLOCK00/SES003/SA003S15	SES062	-1.47196	-42.5197	-41.0478
BLOCK00/SES003/SA003S15	SES206	-1.13608	-42.1839	-41.0478
BLOCK00/SES003/SA003S22	SES002	-1.15043	-42.0039	-40.8535
BLOCK00/SES003/SA003S22	SES062	-0.914364	-41.7678	-40.8535
BLOCK00/SES003/SA003S22	SES082	-0.507587	-41.361	-40.8535
BLOCK00/SES003/SA003S22	SES087	-0.811676	-41.6651	-40.8535
BLOCK00/SES003/SA003S25	SES062	-2.05315	-43.5733	-41.5202
BLOCK00/SES003/SA003S25	SES082	-0.685791	-42.206	-41.5202
BLOCK00/SES003/SA003S25	SES087	-0.821682	-42.3419	-41.5202
BLOCK00/SES003/SA003S25	SES206	-0.974354	-42.4945	-41.5202
BLOCK00/SES003/SA003S29	SES002	-0.83033	-42.289	-41.4587
BLOCK00/SES003/SA003S29	SES062	-1.6167	-43.0754	-41.4587
BLOCK00/SES003/SA003S29	SES082	-0.270931	-41.7296	-41.4587
BLOCK00/SES003/SA003S29	SES087	-1.61395	-43.0726	-41.4587
BLOCK00/SES004/SA004S12	SES083	-2.29329	-43.4385	-41.1452
BLOCK00/SES004/SA004S12	SES148	-2.23724	-43.3825	-41.1452
BLOCK00/SES004/SA004S12	SES172	-1.19313	-42.3384	-41.1452
BLOCK00/SES004/SA004S12	SES292	-2.46164	-43.6069	-41.1452
BLOCK00/SES004/SA004S17	SES083	-1.77129	-43.2682	-41.4969
BLOCK00/SES004/SA004S17	SES162	-0.98708	-42.484	-41.4969
BLOCK00/SES004/SA004S17	SES172	-1.90005	-43.397	-41.4969
BLOCK00/SES004/SA004S17	SES292	-1.9236	-43.4205	-41.4969
BLOCK00/SES004/SA004S24	SES083	-2.14705	-42.7748	-40.6277
BLOCK00/SES004/SA004S24	SES148	-1.96954	-42.5973	-40.6277
BLOCK00/SES004/SA004S24	SES172	-0.987247	-41.615	-40.6277
BLOCK00/SES004/SA004S24	SES292	-1.717	-42.3447	-40.6277
BLOCK00/SES004/SA004S26	SES083	-1.90557	-42.6424	-40.7368
BLOCK00/SES004/SA004S26	SES127	-1.00333	-41.7402	-40.7368
BLOCK00/SES004/SA004S26	SES148	-2.35829	-43.0951	-40.7368
BLOCK00/SES004/SA004S26	SES292	-1.48577	-42.2226	-40.7368
BLOCK00/SES004/SA004S28	SES083	-2.43017	-42.7345	-40.3044
BLOCK00/SES004/SA004S28	SES127	-1.5764	-41.8808	-40.3044
BLOCK00/SES004/SA004S28	SES187	-1.31882	-41.6232	-40.3044
BLOCK00/SES004/SA004S28	SES292	-2.48131	-42.7857	-40.3044
BLOCK00/SES006/SA006S10	SES014	-2.15714	-45.4358	-43.2786
BLOCK00/SES006/SA006S10	SES158	-0.654507	-43.9331	-43.2786
BLOCK00/SES006/SA006S10	SES226	-2.55661	-45.8352	-43.2786
BLOCK00/SES006/SA006S10	SES270	-0.40094	-43.6796	-43.2786
BLOCK00/SES006/SA006S11	SES158	-0.671322	-43.7486	-43.0772
BLOCK00/SES006/SA006S11	SES226	-1.8249	-44.9021	-43.0772
BLOCK00/SES006/SA006S11	SES270	-0.207317	-43.2845	-43.0772
BLOCK00/SES006/SA006S11	SES275	-3.04159	-46.1188	-43.0772
BLOCK00/SES006/SA006S23	SES062	-1.25253	-43.4217	-42.1691
BLOCK00/SES006/SA006S23	SES105	-2.40171	-44.5708	-42.1691
BLOCK00/SES006/SA006S23	SES158	-0.689747	-42.8589	-42.1691
BLOCK00/SES006/SA006S23	SES275	-2.2003	-44.3694	-42.1691
BLOCK00/SES006/SA006S26	SES104	-1.75915	-43.509	-41.7499
BLOCK00/SES006/SA006S26	SES158	-0.291069	-42.041	-41.7499
BLOCK00/SES006/SA006S26	SES270	0.201012	-41.5489	-41.7499
BLOCK00/SES006/SA006S26	SES275	-3.13195	-44.8818	-41.7499
BLOCK00/SES006/SA006S28	SES007	-2.28833	-44.9325	-42.6442
BLOCK00/SES006/SA006S28	SES105	-2.85254	-45.4967	-42.6442
BLOCK00/SES006/SA006S28	SES158	-1.21774	-43.8619	-42.6442
BLOCK00/SES006/SA006S28	SES275	-3.03595	-45.6801	-42.6442
BLOCK00/SES009/SA009S12	SES083	-1.7219	-42.5627	-40.8408
BLOCK00/SES009/SA009S12	SES148	-1.39554	-42.2363	-40.8408
BLOCK00/SES009/SA009S12	SES177	-1.33484	-42.1756	-40.8408
BLOCK00/SES009/SA009S12	SES292	-1.10269	-41.9435	-40.8408
BLOCK00/SES009/SA009S15	SES007	-0.113731	-40.2051	-40.0913
BLOCK00/SES009/SA009S15	SES099	-3.64545	-43.7368	-40.0913
BLOCK00/SES009/SA009S15	SES148	-2.03132	-42.1227	-40.0913
BLOCK00/SES009/SA009S15	SES172	-1.867	-41.9583	-40.0913
BLOCK00/SES009/SA009S24	SES146	-1.1705	-41.4997	-40.3292
BLOCK00/SES009/SA009S24	SES148	-1.69834	-42.0276	-40.3292
BLOCK00/SES009/SA009S24	SES177	-1.26283	-41.5921	-40.3292
BLOCK00/SES009/SA009S24	SES292	-1.24442	-41.5737	-40.3292
BLOCK00/SES009/SA009S26	SES083	-2.38619	-43.2899	-40.9037
BLOCK00/SES009/SA009S26	SES101	-1.78783	-42.6916	-40.9037
BLOCK00/SES009/SA009S26	SES120	-1.1239	-42.0276	-40.9037
BLOCK00/SES009/SA009S26	SES177	-1.55807	-42.4618	-40.9037
BLOCK00/SES009/SA009S29	SES083	-1.47845	-41.8623	-40.3838
BLOCK00/SES009/SA009S29	SES101	-1.34413	-41.7279	-40.3838
BLOCK00/SES009/SA009S29	SES177	-1.26368	-41.6475	-40.3838
BLOCK00/SES009/SA009S29	SES292	-1.62943	-42.0132	-40.3838
BLOCK01/SES011/SA011S10	SES019	-0.89333	-42.5957	-41.7023
BLOCK01/SES011/SA011S10	SES042	-0.358353	-42.0607	-41.7023
BLOCK01/SES011/SA011S10	SES082	-2.28178	-43.9841	-41.7023
BLOCK01/SES011/SA011S10	SES206	-0.615276	-42.3176	-41.7023
BLOCK01/SES011/SA011S11	SES019	-0.938171	-42.659	-41.7208
BLOCK01/SES011/SA011S11	SES042	-1.36431	-43.0851	-41.7208
BLOCK01/SES011/SA011S11	SES082	-2.68434	-44.4051	-41.7208
BLOCK01/SES011/SA011S11	SES206	-0.527287	-42.2481	-41.7208
BLOCK01/SES011/SA011S22	SES019	-0.516132	-42.1836	-41.6675
BLOCK01/SES011/SA011S22	SES042	-0.741028	-42.4085	-41.6675
BLOCK01/SES011/SA011S22	SES082	-1.6778	-43.3453	-41.6675
BLOCK01/SES011/SA011S22	SES206	-0.310555	-41.9781	-41.6675
BLOCK01/SES011/SA011S24	SES019	-0.678116	-41.8651	-41.187
BLOCK01/SES011/SA011S24	SES042	-0.178661	-41.3656	-41.187
BLOCK01/SES011/SA011S24	SES104	-1.20361	-42.3906	-41.187
BLOCK01/SES011/SA011S24	SES206	-0.0145264	-41.2015	-41.187
BLOCK01/SES011/SA011S27	SES082	0.289959	-40.821	-41.1109
BLOCK01/SES011/SA011S27	SES087	-0.952492	-42.0634	-41.1109
BLOCK01/SES011/SA011S27	SES125	-0.447037	-41.558	-41.1109
BLOCK01/SES011/SA011S27	SES206	-0.127533	-41.2385	-41.1109
BLOCK01/SES012/SA012S11	SES007	-1.55392	-41.7301	-40.1762
BLOCK01/SES012/SA012S11	SES082	-1.19865	-41.3748	-40.1762
BLOCK01/SES012/SA012S11	SES083	-2.07082	-42.247	-40.1762
BLOCK01/SES012/SA012S11	SES206	-0.85659	-41.0327	-40.1762
BLOCK01/SES012/SA012S14	SES082	-1.18026	-42.071	-40.8907
BLOCK01/SES012/SA012S14	SES087	-1.63186	-42.5226	-40.8907
BLOCK01/SES012/SA012S14	SES206	-0.715946	-41.6067	-40.8907
BLOCK01/SES012/SA012S14	SES292	-2.19675	-43.0875	-40.8907
BLOCK01/SES012/SA012S24	SES082	-0.0869827	-41.9372	-41.8502
BLOCK01/SES012/SA012S24	SES087	-1.32073	-43.1709	-41.8502
BLOCK01/SES012/SA012S24	SES120	-3.73685	-45.587	-41.8502
BLOCK01/SES012/SA012S24	SES206	-0.295158	-42.1454	-41.8502
BLOCK01/SES012/SA012S26	SES019	-1.95978	-42.978	-41.0182
BLOCK01/SES012/SA012S26	SES082	-1.78849	-42.8067	-41.0182
BLOCK01/SES012/SA012S26	SES206	-0.393997	-41.4122	-41.0182
BLOCK01/SES012/SA012S26	SES292	-2.26231	-43.2805	-41.0182
BLOCK01/SES012/SA012S29	SES062	-1.24201	-41.7147	-40.4727
BLOCK01/SES012/SA012S29	SES082	-1.28806	-41.7608	-40.4727
BLOCK01/SES012/SA012S29	SES083	-2.01846	-42.4912	-40.4727
BLOCK01/SES012/SA012S29	SES206	-1.13414	-41.6068	-40.4727
BLOCK01/SES013/SA013S16	SES062	-2.61282	-43.7018	-41.0889
BLOCK01/SES013/SA013S16	SES106	-0.500443	-41.5894	-41.0889
BLOCK01/SES013/SA013S16	SES206	-1.04177	-42.1307	-41.0889
BLOCK01/SES013/SA013S16	SES226	-0.542656	-41.6316	-41.0889
BLOCK01/SES013/SA013S17	SES062	-2.42268	-42.8908	-40.4681
BLOCK01/SES013/SA013S17	SES106	-1.06349	-41.5316	-40.4681
BLOCK01/SES013/SA013S17	SES206	-0.554581	-41.0227	-40.4681
BLOCK01/SES013/SA013S17	SES226	0.286945	-40.1812	-40.4681
BLOCK01/SES013/SA013S23	SES104	-0.726921	-42.1456	-41.4187
BLOCK01/SES013/SA013S23	SES106	-0.194347	-41.613	-41.4187
BLOCK01/SES013/SA013S23	SES206	-0.488342	-41.907	-41.4187
BLOCK01/SES013/SA013S23	SES270	-0.296345	-41.715	-41.4187
BLOCK01/SES013/SA013S25	SES042	-1.58833	-42.4069	-40.8185
BLOCK01/SES013/SA013S25	SES104	-0.703228	-41.5218	-40.8185
BLOCK01/SES013/SA013S25	SES106	0.0201378	-40.7984	-40.8185
BLOCK01/SES013/SA013S25	SES206	-0.784592	-41.6031	-40.8185
BLOCK01/SES013/SA013S29	SES062	-2.50811	-43.6469	-41.1388
BLOCK01/SES013/SA013S29	SES104	-1.15993	-42.2987	-41.1388
BLOCK01/SES013/SA013S29	SES106	-0.100723	-41.2395	-41.1388
BLOCK01/SES013/SA013S29	SES206	-1.14563	-42.2844	-41.1388
BLOCK02/SES021/SA021S13	SES016	-3.44741	-43.8078	-40.3603
BLOCK02/SES021/SA021S13	SES029	-2.64708	-43.0074	-40.3603
BLOCK02/SES021/SA021S13	SES087	-1.53207	-41.8924	-40.3603
BLOCK02/SES021/SA021S13	SES206	-0.220921	-40.5813	-40.3603
BLOCK02/SES021/SA021S15	SES087	-1.04258	-40.3295	-39.2869
BLOCK02/SES021/SA021S15	SES125	-0.515442	-39.8023	-39.2869
BLOCK02/SES021/SA021S15	SES206	-0.317867	-39.6048	-39.2869
BLOCK02/SES021/SA021S15	SES226	-1.74009	-41.027	-39.2869
BLOCK02/SES021/SA021S23	SES062	-2.29154	-43.6464	-41.3549
BLOCK02/SES021/SA021S23	SES087	-1.33102	-42.6859	-41.3549
BLOCK02/SES021/SA021S23	SES206	-0.818432	-42.1733	-41.3549
BLOCK02/SES021/SA021S23	SES226	-0.718422	-42.0733	-41.3549
BLOCK02/SES021/SA021S27	SES002	-0.991402	-41.1219	-40.1305
BLOCK02/SES021/SA021S27	SES016	-4.13154	-44.262	-40.1305
BLOCK02/SES021/SA021S27	SES019	-1.81487	-41.9453	-40.1305
BLOCK02/SES021/SA021S27	SES062	-1.17194	-41.3024	-40.1305
BLOCK02/SES021/SA021S29	SES087	-1.36831	-41.2553	-39.8869
BLOCK02/SES021/SA021S29	SES125	-0.873375	-40.7603	-39.8869
BLOCK02/SES021/SA021S29	SES206	-0.645161	-40.5321	-39.8869
BLOCK02/SES021/SA021S29	SES226	-0.970776	-40.8577	-39.8869
BLOCK04/SES043/SA043S09	SES083	-1.98466	-44.0211	-42.0365
BLOCK04/SES043/SA043S09	SES101	-2.30872	-44.3452	-42.0365
BLOCK04/SES043/SA043S09	SES144	-0.522339	-42.5588	-42.0365
BLOCK04/SES043/SA043S09	SES172	-2.89212	-44.9286	-42.0365
BLOCK04/SES043/SA043S11	SES083	-1.00703	-41.7639	-40.7569
BLOCK04/SES043/SA043S11	SES101	-1.28258	-42.0394	-40.7569
BLOCK04/SES043/SA043S11	SES144	-0.520481	-41.2773	-40.7569
BLOCK04/SES043/SA043S11	SES172	-1.3813	-42.1382	-40.7569
BLOCK04/SES043/SA043S23	SES083	-0.82856	-41.9806	-41.152
BLOCK04/SES043/SA043S23	SES144	0.000576019	-41.1515	-41.152
BLOCK04/SES043/SA043S23	SES177	-1.93534	-43.0874	-41.152
BLOCK04/SES043/SA043S23	SES275	-0.625431	-41.7775	-41.152
BLOCK04/SES043/SA043S26	SES083	-1.19912	-42.426	-41.2268
BLOCK04/SES043/SA043S26	SES101	-1.64817	-42.875	-41.2268
BLOCK04/SES043/SA043S26	SES144	-0.54995	-41.7768	-41.2268
BLOCK04/SES043/SA043S26	SES177	-1.67856	-42.9054	-41.2268
BLOCK04/SES043/SA043S28	SES016	-1.69064	-42.3645	-40.6739
BLOCK04/SES043/SA043S28	SES083	-1.01011	-41.684	-40.6739
BLOCK04/SES043/SA043S28	SES101	-1.17706	-41.8509	-40.6739
BLOCK04/SES043/SA043S28	SES144	-0.810799	-41.4847	-40.6739
BLOCK04/SES044/SA044S10	SES127	-2.80548	-46.3443	-43.5388
BLOCK04/SES044/SA044S10	SES144	-0.523079	-44.0619	-43.5388
BLOCK04/SES044/SA044S10	SES147	-2.60522	-46.144	-43.5388
BLOCK04/SES044/SA044S10	SES148	-2.86872	-46.4075	-43.5388
BLOCK04/SES044/SA044S11	SES101	-2.16558	-44.8017	-42.6361
BLOCK04/SES044/SA044S11	SES144	0.0495872	-42.5865	-42.6361
BLOCK04/SES044/SA044S11	SES147	-1.75118	-44.3873	-42.6361
BLOCK04/SES044/SA044S11	SES177	-1.971	-44.6071	-42.6361
BLOCK04/SES044/SA044S24	SES007	-2.08849	-44.118	-42.0295
BLOCK04/SES044/SA044S24	SES101	-1.3078	-43.3373	-42.0295
BLOCK04/SES044/SA044S24	SES147	-1.76638	-43.7959	-42.0295
BLOCK04/SES044/SA044S24	SES177	-1.30934	-43.3389	-42.0295
BLOCK04/SES044/SA044S26	SES007	-1.76837	-43.6436	-41.8752
BLOCK04/SES044/SA044S26	SES016	-0.955078	-42.8303	-41.8752
BLOCK04/SES044/SA044S26	SES101	-1.03756	-42.9128	-41.8752
BLOCK04/SES044/SA044S26	SES147	-1.05461	-42.9298	-41.8752
BLOCK04/SES044/SA044S29	SES007	-1.28305	-42.1337	-40.8506
BLOCK04/SES044/SA044S29	SES101	-1.09888	-41.9495	-40.8506
BLOCK04/SES044/SA044S29	SES147	-2.14649	-42.9971	-40.8506
BLOCK04/SES044/SA044S29	SES177	-1.74753	-42.5982	-40.8506
BLOCK04/SES046/SA046S13	SES101	-2.74738	-44.701	-41.9536
BLOCK04/SES046/SA046S13	SES144	-0.954182	-42.9078	-41.9536
BLOCK04/SES046/SA046S13	SES147	-2.66195	-44.6156	-41.9536
BLOCK04/SES046/SA046S13	SES177	-1.55622	-43.5098	-41.9536
BLOCK04/SES046/SA046S15	SES048	-2.06579	-42.5267	-40.4609
BLOCK04/SES046/SA046S15	SES083	-1.2893	-41.7502	-40.4609
BLOCK04/SES046/SA046S15	SES120	-2.59728	-43.0582	-40.4609
BLOCK04/SES046/SA046S15	SES148	-1.1738	-41.6347	-40.4609
BLOCK04/SES046/SA046S22	SES101	-1.42441	-42.8812	-41.4568
BLOCK04/SES046/SA046S22	SES144	-1.07248	-42.5292	-41.4568
BLOCK04/SES046/SA046S22	SES147	-3.00797	-44.4647	-41.4568
BLOCK04/SES046/SA046S22	SES172	-0.982388	-42.4392	-41.4568
BLOCK04/SES046/SA046S25	SES083	-1.59076	-42.7486	-41.1579
BLOCK04/SES046/SA046S25	SES127	-1.30161	-42.4595	-41.1579
BLOCK04/SES046/SA046S25	SES144	-1.3519	-42.5098	-41.1579
BLOCK04/SES046/SA046S25	SES148	-0.875595	-42.0335	-41.1579
BLOCK04/SES046/SA046S28	SES007	-2.3499	-44.3899	-42.04
BLOCK04/SES046/SA046S28	SES105	-2.11848	-44.1585	-42.04
BLOCK04/SES046/SA046S28	SES147	-1.95263	-43.9927	-42.04
BLOCK04/SES046/SA046S28	SES148	-1.51408	-43.5541	-42.04
BLOCK04/SES049/SA049S16	SES104	-1.16626	-43.3954	-42.2291
BLOCK04/SES049/SA049S16	SES106	-0.850857	-43.08	-42.2291
BLOCK04/SES049/SA049S16	SES120	-3.11988	-45.349	-42.2291
BLOCK04/SES049/SA049S16	SES206	-1.30481	-43.5339	-42.2291
BLOCK04/SES049/SA049S18	SES099	0.0544701	-43.0531	-43.1076
BLOCK04/SES049/SA049S18	SES104	-1.58981	-44.6974	-43.1076
BLOCK04/SES049/SA049S18	SES125	-1.73521	-44.8428	-43.1076
BLOCK04/SES049/SA049S18	SES206	-1.62608	-44.7336	-43.1076
BLOCK04/SES049/SA049S25	SES087	-0.71693	-42.6866	-41.9697
BLOCK04/SES049/SA049S25	SES104	-1.02319	-42.9929	-41.9697
BLOCK04/SES049/SA049S25	SES125	-1.19855	-43.1683	-41.9697
BLOCK04/SES049/SA049S25	SES206	-0.378971	-42.3487	-41.9697
BLOCK04/SES049/SA049S27	SES099	-0.0969772	-41.6016	-41.5047
BLOCK04/SES049/SA049S27	SES104	-0.31126	-41.8159	-41.5047
BLOCK04/SES049/SA049S27	SES125	-0.784439	-42.2891	-41.5047
BLOCK04/SES049/SA049S27	SES206	-0.762375	-42.267	-41.5047
BLOCK04/SES049/SA049S29	SES099	0.209194	-40.1859	-40.3951
BLOCK04/SES049/SA049S29	SES104	-0.0920219	-40.4871	-40.3951
BLOCK04/SES049/SA049S29	SES125	-0.901203	-41.2963	-40.3951
BLOCK04/SES049/SA049S29	SES206	-0.129673	-40.5248	-40.3951
BLOCK06/SES063/SA063S09	SES068	-1.54988	-42.7851	-41.2353
BLOCK06/SES063/SA063S09	SES083	-0.437298	-41.6726	-41.2353
BLOCK06/SES063/SA063S09	SES177	-0.73275	-41.968	-41.2353
BLOCK06/SES063/SA063S09	SES187	-1.35999	-42.5952	-41.2353
BLOCK06/SES063/SA063S10	SES068	-1.62624	-43.3697	-41.7434
BLOCK06/SES063/SA063S10	SES083	-0.581352	-42.3248	-41.7434
BLOCK06/SES063/SA063S10	SES172	-0.888493	-42.6319	-41.7434
BLOCK06/SES063/SA063S10	SES187	-0.913483	-42.6569	-41.7434
BLOCK06/SES063/SA063S20	SES068	-1.87955	-43.3495	-41.47
BLOCK06/SES063/SA063S20	SES083	-0.953621	-42.4236	-41.47
BLOCK06/SES063/SA063S20	SES172	-1.04221	-42.5122	-41.47
BLOCK06/SES063/SA063S20	SES187	-0.512997	-41.983	-41.47
BLOCK06/SES063/SA063S24	SES029	-2.65588	-43.5161	-40.8602
BLOCK06/SES063/SA063S24	SES083	-0.149246	-41.0094	-40.8602
BLOCK06/SES063/SA063S24	SES177	-0.818981	-41.6792	-40.8602
BLOCK06/SES063/SA063S24	SES189	-1.34965	-42.2098	-40.8602
BLOCK06/SES063/SA063S27	SES083	0.0824738	-42.2875	-42.37
BLOCK06/SES063/SA063S27	SES172	-0.265667	-42.6356	-42.37
BLOCK06/SES063/SA063S27	SES187	-1.77409	-44.1441	-42.37
BLOCK06/SES063/SA063S27	SES292	-1.44802	-43.818	-42.37
BLOCK06/SES067/SA067S12	SES083	-1.90087	-42.7376	-40.8367
BLOCK06/SES067/SA067S12	SES172	-2.68977	-43.5265	-40.8367
BLOCK06/SES067/SA067S12	SES202	-0.181026	-41.0177	-40.8367
BLOCK06/SES067/SA067S12	SES292	-1.68324	-42.5199	-40.8367
BLOCK06/SES067/SA067S14	SES085	-1.60233	-41.9916	-40.3893
BLOCK06/SES067/SA067S14	SES177	-1.40451	-41.7938	-40.3893
BLOCK06/SES067/SA067S14	SES183	-1.15785	-41.5472	-40.3893
BLOCK06/SES067/SA067S14	SES202	-0.473892	-40.8632	-40.3893
BLOCK06/SES067/SA067S21	SES144	-1.7306	-43.2169	-41.4863
BLOCK06/SES067/SA067S21	SES177	-1.04857	-42.5349	-41.4863
BLOCK06/SES067/SA067S21	SES183	-2.77124	-44.2575	-41.4863
BLOCK06/SES067/SA067S21	SES189	-0.979191	-42.4655	-41.4863
BLOCK06/SES067/SA067S25	SES085	-0.853054	-41.8927	-41.0396
BLOCK06/SES067/SA067S25	SES177	-1.34593	-42.3855	-41.0396
BLOCK06/SES067/SA067S25	SES183	-1.52428	-42.5639	-41.0396
BLOCK06/SES067/SA067S25	SES202	-0.980885	-42.0205	-41.0396
BLOCK06/SES067/SA067S29	SES085	-0.95488	-41.9803	-41.0254
BLOCK06/SES067/SA067S29	SES177	-1.8519	-42.8773	-41.0254
BLOCK06/SES067/SA067S29	SES183	-1.39399	-42.4194	-41.0254
BLOCK06/SES067/SA067S29	SES202	0.251358	-40.774	-41.0254
BLOCK06/SES069/SA069S12	SES029	-2.53009	-43.1747	-40.6447
BLOCK06/SES069/SA069S12	SES082	-0.810928	-41.4556	-40.6447
BLOCK06/SES069/SA069S12	SES087	-1.56818	-42.2128	-40.6447
BLOCK06/SES069/SA069S12	SES206	-0.689846	-41.3345	-40.6447
BLOCK06/SES069/SA069S13	SES029	-2.4805	-43.3549	-40.8744
BLOCK06/SES069/SA069S13	SES087	-2.03912	-42.9135	-40.8744
BLOCK06/SES069/SA069S13	SES206	-1.74395	-42.6183	-40.8744
BLOCK06/SES069/SA069S13	SES226	-1.44645	-42.3208	-40.8744
BLOCK06/SES069/SA069S23	SES029	-1.82655	-41.3692	-39.5427
BLOCK06/SES069/SA069S23	SES087	-1.55016	-41.0928	-39.5427
BLOCK06/SES069/SA069S23	SES206	-1.33132	-40.874	-39.5427
BLOCK06/SES069/SA069S23	SES226	-0.854809	-40.3975	-39.5427
BLOCK06/SES069/SA069S25	SES087	-1.57113	-41.627	-40.0558
BLOCK06/SES069/SA069S25	SES206	-1.75405	-41.8099	-40.0558
BLOCK06/SES069/SA069S25	SES226	-0.958542	-41.0144	-40.0558
BLOCK06/SES069/SA069S25	SES270	-0.850449	-40.9063	-40.0558
BLOCK06/SES069/SA069S27	SES087	-1.88123	-42.0745	-40.1932
BLOCK06/SES069/SA069S27	SES206	-0.198521	-40.3918	-40.1932
BLOCK06/SES069/SA069S27	SES226	-0.39769	-40.5909	-40.1932
BLOCK06/SES069/SA069S27	SES270	-0.485966	-40.6792	-40.1932
BLOCK08/SES081/SA081S11	SES060	-1.4811	-42.378	-40.8969
BLOCK08/SES081/SA081S11	SES062	-3.5449	-44.4418	-40.8969
BLOCK08/SES081/SA081S11	SES117	-2.49085	-43.3877	-40.8969
BLOCK08/SES081/SA081S11	SES162	-2.24075	-43.1376	-40.8969
BLOCK08/SES081/SA081S13	SES016	-1.52399	-41.7936	-40.2696
BLOCK08/SES081/SA081S13	SES060	-0.656101	-40.9257	-40.2696
BLOCK08/SES081/SA081S13	SES068	-0.673695	-40.9433	-40.2696
BLOCK08/SES081/SA081S13	SES129	-1.97272	-42.2424	-40.2696
BLOCK08/SES081/SA081S24	SES060	-1.04371	-41.4969	-40.4532
BLOCK08/SES081/SA081S24	SES068	-0.692642	-41.1458	-40.4532
BLOCK08/SES081/SA081S24	SES117	-1.77105	-42.2242	-40.4532
BLOCK08/SES081/SA081S24	SES275	-1.41628	-41.8694	-40.4532
BLOCK08/SES081/SA081S27	SES007	-0.811943	-41.5993	-40.7874
BLOCK08/SES081/SA081S27	SES060	-1.55003	-42.3374	-40.7874
BLOCK08/SES081/SA081S27	SES117	-0.987774	-41.7752	-40.7874
BLOCK08/SES081/SA081S27	SES275	-1.5432	-42.3306	-40.7874
BLOCK08/SES081/SA081S29	SES007	-1.37578	-41.7248	-40.349
BLOCK08/SES081/SA081S29	SES060	-1.03512	-41.3841	-40.349
BLOCK08/SES081/SA081S29	SES117	-1.55099	-41.9	-40.349
BLOCK08/SES081/SA081S29	SES275	-1.95824	-42.3073	-40.349
BLOCK08/SES086/SA086S11	SES029	-3.77138	-46.4582	-42.6868
BLOCK08/SES086/SA086S11	SES082	-1.89899	-44.5858	-42.6868
BLOCK08/SES086/SA086S11	SES087	-0.781105	-43.4679	-42.6868
BLOCK08/SES086/SA086S11	SES206	-2.05617	-44.743	-42.6868
BLOCK08/SES086/SA086S12	SES029	-3.98693	-46.1593	-42.1723
BLOCK08/SES086/SA086S12	SES082	-2.12277	-44.2951	-42.1723
BLOCK08/SES086/SA086S12	SES087	0.305668	-41.8667	-42.1723
BLOCK08/SES086/SA086S12	SES206	-1.10816	-43.2805	-42.1723
BLOCK08/SES086/SA086S20	SES029	-3.76525	-44.5228	-40.7576
BLOCK08/SES086/SA086S20	SES082	-1.99416	-42.7517	-40.7576
BLOCK08/SES086/SA086S20	SES087	0.400902	-40.3567	-40.7576
BLOCK08/SES086/SA086S20	SES206	-0.440426	-41.198	-40.7576
BLOCK08/SES086/SA086S24	SES087	-0.138325	-41.9944	-41.8561
BLOCK08/SES086/SA086S24	SES104	-1.42746	-43.2835	-41.8561
BLOCK08/SES086/SA086S24	SES120	-3.55675	-45.4128	-41.8561
BLOCK08/SES086/SA086S24	SES206	-0.295696	-42.1518	-41.8561
BLOCK08/SES086/SA086S28	SES029	-3.05095	-43.8745	-40.8236
BLOCK08/SES086/SA086S28	SES082	-1.77922	-42.6028	-40.8236
BLOCK08/SES086/SA086S28	SES087	-0.0563316	-40.8799	-40.8236
BLOCK08/SES086/SA086S28	SES206	-0.891415	-41.715	-40.8236
BLOCK08/SES089/SA089S13	SES087	-1.40298	-42.7261	-41.3231
BLOCK08/SES089/SA089S13	SES206	-1.58484	-42.9079	-41.3231
BLOCK08/SES089/SA089S13	SES226	-1.68081	-43.0039	-41.3231
BLOCK08/SES089/SA089S13	SES270	-2.2383	-43.5614	-41.3231
BLOCK08/SES089/SA089S14	SES062	-1.39575	-42.448	-41.0523
BLOCK08/SES089/SA089S14	SES087	-0.536175	-41.5885	-41.0523
BLOCK08/SES089/SA089S14	SES206	-0.440845	-41.4931	-41.0523
BLOCK08/SES089/SA089S14	SES226	-0.829594	-41.8819	-41.0523
BLOCK08/SES089/SA089S23	SES087	-0.423729	-42.1982	-41.7745
BLOCK08/SES089/SA089S23	SES206	-0.613766	-42.3883	-41.7745
BLOCK08/SES089/SA089S23	SES226	-1.15641	-42.9309	-41.7745
BLOCK08/SES089/SA089S23	SES270	-1.69302	-43.4675	-41.7745
BLOCK08/SES089/SA089S25	SES062	-1.88391	-42.9275	-41.0435
BLOCK08/SES089/SA089S25	SES087	-0.179577	-41.2231	-41.0435
BLOCK08/SES089/SA089S25	SES206	-0.486546	-41.5301	-41.0435
BLOCK08/SES089/SA089S25	SES226	-0.826557	-41.8701	-41.0435
BLOCK08/SES089/SA089S28	SES062	-1.26484	-42.3069	-41.042
BLOCK08/SES089/SA089S28	SES087	-0.40633	-41.4484	-41.042
BLOCK08/SES089/SA089S28	SES206	-0.333637	-41.3757	-41.042
BLOCK08/SES089/SA089S28	SES226	-0.838345	-41.8804	-41.042
BLOCK09/SES097/SA097S11	SES099	0.118851	-41.5462	-41.665
BLOCK09/SES097/SA097S11	SES125	-1.63668	-43.3017	-41.665
BLOCK09/SES097/SA097S11	SES206	-1.37396	-43.039	-41.665
BLOCK09/SES097/SA097S11	SES226	-0.471481	-42.1365	-41.665
BLOCK09/SES097/SA097S14	SES062	-1.6896	-43.0711	-41.3815
BLOCK09/SES097/SA097S14	SES099	-0.133934	-41.5154	-41.3815
BLOCK09/SES097/SA097S14	SES104	-1.19798	-42.5795	-41.3815
BLOCK09/SES097/SA097S14	SES206	-0.90163	-42.2831	-41.3815
BLOCK09/SES097/SA097S22	SES099	0.502861	-41.0803	-41.5832
BLOCK09/SES097/SA097S22	SES206	-0.903843	-42.487	-41.5832
BLOCK09/SES097/SA097S22	SES226	-1.25822	-42.8414	-41.5832
BLOCK09/SES097/SA097S22	SES270	-0.0436401	-41.6268	-41.5832
BLOCK09/SES097/SA097S26	SES099	0.219479	-40.7975	-41.0169
BLOCK09/SES097/SA097S26	SES120	-2.75218	-43.7691	-41.0169
BLOCK09/SES097/SA097S26	SES206	-0.824898	-41.8418	-41.0169
BLOCK09/SES097/SA097S26	SES226	-1.46898	-42.4859	-41.0169
BLOCK09/SES097/SA097S28	SES099	-0.341908	-41.7602	-41.4182
BLOCK09/SES097/SA097S28	SES120	-2.50915	-43.9274	-41.4182
BLOCK09/SES097/SA097S28	SES206	-1.70517	-43.1234	-41.4182
BLOCK09/SES097/SA097S28	SES226	-1.62186	-43.0401	-41.4182
BLOCK09/SES098/SA098S11	SES127	-2.25417	-44.3536	-42.0994
BLOCK09/SES098/SA098S11	SES144	-1.33453	-43.434	-42.0994
BLOCK09/SES098/SA098S11	SES147	-0.72773	-42.8272	-42.0994
BLOCK09/SES098/SA098S11	SES148	-2.90192	-45.0014	-42.0994
BLOCK09/SES098/SA098S12	SES127	-3.56981	-46.8758	-43.306
BLOCK09/SES098/SA098S12	SES144	-1.43882	-44.7448	-43.306
BLOCK09/SES098/SA098S12	SES147	-2.29248	-45.5985	-43.306
BLOCK09/SES098/SA098S12	SES189	-0.888618	-44.1946	-43.306
BLOCK09/SES098/SA098S20	SES127	-2.79764	-45.4036	-42.606
BLOCK09/SES098/SA098S20	SES147	-1.92883	-44.5348	-42.606
BLOCK09/SES098/SA098S20	SES148	-3.23215	-45.8381	-42.606
BLOCK09/SES098/SA098S20	SES292	-3.68145	-46.2874	-42.606
BLOCK09/SES098/SA098S23	SES127	-2.16272	-44.2694	-42.1067
BLOCK09/SES098/SA098S23	SES147	-0.909149	-43.0159	-42.1067
BLOCK09/SES098/SA098S23	SES187	-1.06646	-43.1732	-42.1067
BLOCK09/SES098/SA098S23	SES292	-2.21046	-44.3172	-42.1067
BLOCK09/SES098/SA098S27	SES127	-2.77758	-45.0513	-42.2737
BLOCK09/SES098/SA098S27	SES147	-2.18108	-44.4548	-42.2737
BLOCK09/SES098/SA098S27	SES148	-2.9826	-45.2563	-42.2737
BLOCK09/SES098/SA098S27	SES292	-2.80234	-45.076	-42.2737
BLOCK10/SES102/SA102S13	SES101	-0.731647	-43.0831	-42.3515
BLOCK10/SES102/SA102S13	SES105	-2.04641	-44.3979	-42.3515
BLOCK10/SES102/SA102S13	SES120	-1.45984	-43.8113	-42.3515
BLOCK10/SES102/SA102S13	SES158	-6.28952	-48.641	-42.3515
BLOCK10/SES102/SA102S14	SES007	-0.603539	-41.2785	-40.6749
BLOCK10/SES102/SA102S14	SES101	-0.531311	-41.2063	-40.6749
BLOCK10/SES102/SA102S14	SES105	-0.934605	-41.6096	-40.6749
BLOCK10/SES102/SA102S14	SES147	-1.80317	-42.4781	-40.6749
BLOCK10/SES102/SA102S22	SES007	-1.71136	-42.5515	-40.8401
BLOCK10/SES102/SA102S22	SES101	-0.422703	-41.2628	-40.8401
BLOCK10/SES102/SA102S22	SES105	-0.87442	-41.7145	-40.8401
BLOCK10/SES102/SA102S22	SES158	-4.03988	-44.88	-40.8401
BLOCK10/SES102/SA102S25	SES007	-0.804493	-41.8097	-41.0052
BLOCK10/SES102/SA102S25	SES101	-0.484364	-41.4896	-41.0052
BLOCK10/SES102/SA102S25	SES105	-0.974583	-41.9798	-41.0052
BLOCK10/SES102/SA102S25	SES147	-2.48207	-43.4873	-41.0052
BLOCK10/SES102/SA102S27	SES007	-1.13824	-42.5457	-41.4075
BLOCK10/SES102/SA102S27	SES101	-0.687241	-42.0947	-41.4075
BLOCK10/SES102/SA102S27	SES105	-1.28558	-42.6931	-41.4075
BLOCK10/SES102/SA102S27	SES147	-1.44753	-42.855	-41.4075
BLOCK10/SES103/SA103S14	SES105	-1.84605	-44.4473	-42.6013
BLOCK10/SES103/SA103S14	SES106	-0.327068	-42.9283	-42.6013
BLOCK10/SES103/SA103S14	SES120	-3.15374	-45.755	-42.6013
BLOCK10/SES103/SA103S14	SES206	-1.29521	-43.8965	-42.6013
BLOCK10/SES103/SA103S15	SES099	-0.602901	-43.7014	-43.0985
BLOCK10/SES103/SA103S15	SES101	-3.97601	-47.0745	-43.0985
BLOCK10/SES103/SA103S15	SES104	-0.904133	-44.0026	-43.0985
BLOCK10/SES103/SA103S15	SES125	-0.566357	-43.6648	-43.0985
BLOCK10/SES103/SA103S24	SES104	-0.997063	-42.8616	-41.8645
BLOCK10/SES103/SA103S24	SES125	-0.701511	-42.566	-41.8645
BLOCK10/SES103/SA103S24	SES148	-2.24937	-44.1139	-41.8645
BLOCK10/SES103/SA103S24	SES158	-0.385365	-42.2499	-41.8645
BLOCK10/SES103/SA103S26	SES104	-1.08701	-43.4982	-42.4112
BLOCK10/SES103/SA103S26	SES106	-0.736031	-43.1472	-42.4112
BLOCK10/SES103/SA103S26	SES125	-0.946781	-43.358	-42.4112
BLOCK10/SES103/SA103S26	SES148	-2.59466	-45.0059	-42.4112
BLOCK10/SES103/SA103S28	SES104	-1.61206	-44.0426	-42.4305
BLOCK10/SES103/SA103S28	SES106	-0.893326	-43.3239	-42.4305
BLOCK10/SES103/SA103S28	SES125	-1.46328	-43.8938	-42.4305
BLOCK10/SES103/SA103S28	SES206	-1.94319	-44.3737	-42.4305
BLOCK12/SES121/SA121S12	SES042	-1.36044	-44.774	-43.4135
BLOCK12/SES121/SA121S12	SES087	-0.868862	-44.2824	-43.4135
BLOCK12/SES121/SA121S12	SES105	-1.08498	-44.4985	-43.4135
BLOCK12/SES121/SA121S12	SES206	-0.679844	-44.0934	-43.4135
BLOCK12/SES121/SA121S14	SES007	-2.64563	-46.4325	-43.7869
BLOCK12/SES121/SA121S14	SES105	-2.45521	-46.2421	-43.7869
BLOCK12/SES121/SA121S14	SES106	-0.942165	-44.7291	-43.7869
BLOCK12/SES121/SA121S14	SES206	-1.49785	-45.2847	-43.7869
BLOCK12/SES121/SA121S23	SES105	-2.73043	-46.7009	-43.9705
BLOCK12/SES121/SA121S23	SES106	-0.837772	-44.8083	-43.9705
BLOCK12/SES121/SA121S23	SES120	-3.21702	-47.1875	-43.9705
BLOCK12/SES121/SA121S23	SES206	-1.19052	-45.161	-43.9705
BLOCK12/SES121/SA121S25	SES007	-2.4679	-46.9921	-44.5242
BLOCK12/SES121/SA121S25	SES105	-2.70454	-47.2287	-44.5242
BLOCK12/SES121/SA121S25	SES106	-1.18335	-45.7075	-44.5242
BLOCK12/SES121/SA121S25	SES206	-1.80194	-46.3261	-44.5242
BLOCK12/SES121/SA121S27	SES087	-0.355633	-43.4263	-43.0707
BLOCK12/SES121/SA121S27	SES105	-3.48257	-46.5532	-43.0707
BLOCK12/SES121/SA121S27	SES120	-2.62763	-45.6983	-43.0707
BLOCK12/SES121/SA121S27	SES206	-1.17943	-44.2501	-43.0707
BLOCK12/SES124/SA124S16	SES042	-0.360378	-41.4137	-41.0533
BLOCK12/SES124/SA124S16	SES082	-0.756344	-41.8096	-41.0533
BLOCK12/SES124/SA124S16	SES183	-3.37482	-44.4281	-41.0533
BLOCK12/SES124/SA124S16	SES206	-1.03278	-42.086	-41.0533
BLOCK12/SES124/SA124S17	SES105	-2.09575	-44.2964	-42.2007
BLOCK12/SES124/SA124S17	SES149	-1.8606	-44.0613	-42.2007
BLOCK12/SES124/SA124S17	SES158	-2.2678	-44.4685	-42.2007
BLOCK12/SES124/SA124S17	SES275	-3.11242	-45.3131	-42.2007
BLOCK12/SES124/SA124S23	SES105	-2.01854	-42.039	-40.0205
BLOCK12/SES124/SA124S23	SES125	0.120243	-39.9002	-40.0205
BLOCK12/SES124/SA124S23	SES129	-3.42801	-43.4485	-40.0205
BLOCK12/SES124/SA124S23	SES158	-0.640442	-40.6609	-40.0205
BLOCK12/SES124/SA124S26	SES105	-2.70734	-43.4685	-40.7612
BLOCK12/SES124/SA124S26	SES125	0.0812111	-40.68	-40.7612
BLOCK12/SES124/SA124S26	SES129	-3.72796	-44.4891	-40.7612
BLOCK12/SES124/SA124S26	SES158	-0.851944	-41.6131	-40.7612
BLOCK12/SES124/SA124S28	SES104	-0.872967	-41.5077	-40.6347
BLOCK12/SES124/SA124S28	SES106	-0.32814	-40.9628	-40.6347
BLOCK12/SES124/SA124S28	SES125	-0.239048	-40.8737	-40.6347
BLOCK12/SES124/SA124S28	SES275	-3.22333	-43.858	-40.6347
BLOCK12/SES126/SA126S13	SES007	-2.25815	-44.991	-42.7328
BLOCK12/SES126/SA126S13	SES162	-1.81702	-44.5498	-42.7328
BLOCK12/SES126/SA126S13	SES177	-1.39977	-44.1326	-42.7328
BLOCK12/SES126/SA126S13	SES180	-2.14752	-44.8803	-42.7328
BLOCK12/SES126/SA126S14	SES144	-1.18071	-42.4101	-41.2294
BLOCK12/SES126/SA126S14	SES148	-1.93531	-43.1647	-41.2294
BLOCK12/SES126/SA126S14	SES177	-1.02003	-42.2495	-41.2294
BLOCK12/SES126/SA126S14	SES180	-1.51085	-42.7403	-41.2294
BLOCK12/SES126/SA126S20	SES007	-1.69425	-43.2175	-41.5232
BLOCK12/SES126/SA126S20	SES162	-1.85668	-43.3799	-41.5232
BLOCK12/SES126/SA126S20	SES172	-2.7574	-44.2806	-41.5232
BLOCK12/SES126/SA126S20	SES180	-2.51984	-44.043	-41.5232
BLOCK12/SES126/SA126S24	SES120	-1.30021	-42.2387	-40.9385
BLOCK12/SES126/SA126S24	SES162	-1.30795	-42.2464	-40.9385
BLOCK12/SES126/SA126S24	SES177	-1.35976	-42.2982	-40.9385
BLOCK12/SES126/SA126S24	SES180	-1.21716	-42.1556	-40.9385
BLOCK12/SES126/SA126S26	SES120	-0.938267	-42.6189	-41.6806
BLOCK12/SES126/SA126S26	SES177	-1.37412	-43.0547	-41.6806
BLOCK12/SES126/SA126S26	SES180	-1.21206	-42.8927	-41.6806
BLOCK12/SES126/SA126S26	SES202	-2.61798	-44.2986	-41.6806
BLOCK12/SES128/SA128S10	SES087	-1.93266	-43.1182	-41.1856
BLOCK12/SES128/SA128S10	SES206	-1.30666	-42.4922	-41.1856
BLOCK12/SES128/SA128S10	SES226	-0.712265	-41.8978	-41.1856
BLOCK12/SES128/SA128S10	SES270	-0.607208	-41.7928	-41.1856
BLOCK12/SES128/SA128S12	SES120	-2.5231	-43.8495	-41.3264
BLOCK12/SES128/SA128S12	SES158	-1.10893	-42.4353	-41.3264
BLOCK12/SES128/SA128S12	SES206	-0.978016	-42.3044	-41.3264
BLOCK12/SES128/SA128S12	SES226	-1.1321	-42.4585	-41.3264
BLOCK12/SES128/SA128S21	SES106	-2.26656	-44.5724	-42.3059
BLOCK12/SES128/SA128S21	SES120	-2.35579	-44.6617	-42.3059
BLOCK12/SES128/SA128S21	SES206	-2.08602	-44.3919	-42.3059
BLOCK12/SES128/SA128S21	SES226	-1.19809	-43.504	-42.3059
BLOCK12/SES128/SA128S24	SES087	-1.87628	-43.5719	-41.6956
BLOCK12/SES128/SA128S24	SES120	-1.18366	-42.8793	-41.6956
BLOCK12/SES128/SA128S24	SES206	-1.43123	-43.1268	-41.6956
BLOCK12/SES128/SA128S24	SES226	-1.63776	-43.3334	-41.6956
BLOCK12/SES128/SA128S27	SES099	-0.471645	-41.3727	-40.901
BLOCK12/SES128/SA128S27	SES120	-1.75163	-42.6526	-40.901
BLOCK12/SES128/SA128S27	SES206	-1.1203	-42.0213	-40.901
BLOCK12/SES128/SA128S27	SES226	-0.825188	-41.7262	-40.901
BLOCK13/SES130/SA130S13	SES143	-1.9669	-44.8825	-42.9156
BLOCK13/SES130/SA130S13	SES144	-0.417133	-43.3327	-42.9156
BLOCK13/SES130/SA130S13	SES146	-0.737675	-43.6533	-42.9156
BLOCK13/SES130/SA130S13	SES275	-3.24018	-46.1558	-42.9156
BLOCK13/SES130/SA130S15	SES143	-1.96865	-43.5467	-41.5781
BLOCK13/SES130/SA130S15	SES144	-0.78307	-42.3612	-41.5781
BLOCK13/SES130/SA130S15	SES146	-0.768051	-42.3461	-41.5781
BLOCK13/SES130/SA130S15	SES275	-1.60203	-43.1801	-41.5781
BLOCK13/SES130/SA130S23	SES127	-2.66739	-45.5604	-42.893
BLOCK13/SES130/SA130S23	SES144	-1.34378	-44.2368	-42.893
BLOCK13/SES130/SA130S23	SES146	-1.72899	-44.622	-42.893
BLOCK13/SES130/SA130S23	SES162	-1.25141	-44.1444	-42.893
BLOCK13/SES130/SA130S25	SES127	-1.9689	-43.2918	-41.3229
BLOCK13/SES130/SA130S25	SES144	-0.655064	-41.978	-41.3229
BLOCK13/SES130/SA130S25	SES146	-0.700817	-42.0237	-41.3229
BLOCK13/SES130/SA130S25	SES275	-1.11024	-42.4332	-41.3229
BLOCK13/SES130/SA130S28	SES127	-1.47286	-42.9645	-41.4916
BLOCK13/SES130/SA130S28	SES144	-1.04759	-42.5392	-41.4916
BLOCK13/SES130/SA130S28	SES146	-1.11106	-42.6027	-41.4916
BLOCK13/SES130/SA130S28	SES275	-0.658665	-42.1503	-41.4916
BLOCK13/SES131/SA131S13	SES002	-1.95106	-45.4362	-43.4851
BLOCK13/SES131/SA131S13	SES007	-2.72814	-46.2133	-43.4851
BLOCK13/SES131/SA131S13	SES099	-1.38335	-44.8685	-43.4851
BLOCK13/SES131/SA131S13	SES105	-1.68829	-45.1734	-43.4851
BLOCK13/SES131/SA131S14	SES104	-0.900112	-42.7511	-41.851
BLOCK13/SES131/SA131S14	SES106	-0.451309	-42.3023	-41.851
BLOCK13/SES131/SA131S14	SES125	-1.13743	-42.9885	-41.851
BLOCK13/SES131/SA131S14	SES148	-2.14329	-43.9943	-41.851
BLOCK13/SES131/SA131S20	SES104	-1.2717	-44.1469	-42.8752
BLOCK13/SES131/SA131S20	SES106	-0.560837	-43.436	-42.8752
BLOCK13/SES131/SA131S20	SES125	-1.26575	-44.1409	-42.8752
BLOCK13/SES131/SA131S20	SES148	-2.75114	-45.6263	-42.8752
BLOCK13/SES131/SA131S22	SES099	-0.751656	-42.9412	-42.1895
BLOCK13/SES131/SA131S22	SES104	-1.26641	-43.4559	-42.1895
BLOCK13/SES131/SA131S22	SES125	-1.10891	-43.2985	-42.1895
BLOCK13/SES131/SA131S22	SES206	-1.72714	-43.9167	-42.1895
BLOCK13/SES131/SA131S29	SES087	-1.0737	-43.9525	-42.8788
BLOCK13/SES131/SA131S29	SES104	-1.66293	-44.5418	-42.8788
BLOCK13/SES131/SA131S29	SES125	-1.34133	-44.2202	-42.8788
BLOCK13/SES131/SA131S29	SES206	-1.25718	-44.136	-42.8788
BLOCK13/SES132/SA132S11	SES083	-2.15553	-43.2736	-41.118
BLOCK13/SES132/SA132S11	SES120	0.0526962	-41.0653	-41.118
BLOCK13/SES132/SA132S11	SES127	-1.59295	-42.711	-41.118
BLOCK13/SES132/SA132S11	SES275	-1.28194	-42.4	-41.118
BLOCK13/SES132/SA132S12	SES083	-1.53622	-42.414	-40.8778
BLOCK13/SES132/SA132S12	SES143	-1.51614	-42.394	-40.8778
BLOCK13/SES132/SA132S12	SES144	-1.34867	-42.2265	-40.8778
BLOCK13/SES132/SA132S12	SES148	-1.3175	-42.1953	-40.8778
BLOCK13/SES132/SA132S22	SES062	-1.13509	-42.1315	-40.9964
BLOCK13/SES132/SA132S22	SES083	-1.41047	-42.4069	-40.9964
BLOCK13/SES132/SA132S22	SES127	-1.19653	-42.193	-40.9964
BLOCK13/SES132/SA132S22	SES275	-0.929363	-41.9258	-40.9964
BLOCK13/SES132/SA132S24	SES007	-0.399773	-41.02	-40.6202
BLOCK13/SES132/SA132S24	SES083	-1.77023	-42.3905	-40.6202
BLOCK13/SES132/SA132S24	SES127	-1.92646	-42.5467	-40.6202
BLOCK13/SES132/SA132S24	SES275	-1.05838	-41.6786	-40.6202
BLOCK13/SES132/SA132S27	SES083	-1.99978	-43.3006	-41.3009
BLOCK13/SES132/SA132S27	SES120	-0.282429	-41.5833	-41.3009
BLOCK13/SES132/SA132S27	SES127	-2.00641	-43.3073	-41.3009
BLOCK13/SES132/SA132S27	SES275	-1.73274	-43.0336	-41.3009
BLOCK14/SES141/SA141S09	SES143	-1.15811	-42.432	-41.2739
BLOCK14/SES141/SA141S09	SES144	-0.817791	-42.0917	-41.2739
BLOCK14/SES141/SA141S09	SES162	-1.25256	-42.5265	-41.2739
BLOCK14/SES141/SA141S09	SES180	-1.29603	-42.5699	-41.2739
BLOCK14/SES141/SA141S15	SES127	-1.91497	-43.0875	-41.1725
BLOCK14/SES141/SA141S15	SES144	-1.15458	-42.3271	-41.1725
BLOCK14/SES141/SA141S15	SES162	-1.40385	-42.5764	-41.1725
BLOCK14/SES141/SA141S15	SES180	-0.95306	-42.1256	-41.1725
BLOCK14/SES141/SA141S24	SES127	-1.23949	-41.9132	-40.6737
BLOCK14/SES141/SA141S24	SES144	-1.44826	-42.122	-40.6737
BLOCK14/SES141/SA141S24	SES162	-0.902264	-41.576	-40.6737
BLOCK14/SES141/SA141S24	SES183	-1.81345	-42.4872	-40.6737
BLOCK14/SES141/SA141S26	SES142	-1.39763	-42.918	-41.5203
BLOCK14/SES141/SA141S26	SES144	-1.384	-42.9043	-41.5203
BLOCK14/SES141/SA141S26	SES172	-1.53993	-43.0603	-41.5203
BLOCK14/SES141/SA141S26	SES180	-0.930798	-42.4511	-41.5203
BLOCK14/SES141/SA141S29	SES127	-0.726406	-41.5439	-40.8175
BLOCK14/SES141/SA141S29	SES142	-0.373539	-41.191	-40.8175
BLOCK14/SES141/SA141S29	SES144	-1.04873	-41.8662	-40.8175
BLOCK14/SES141/SA141S29	SES180	-0.857956	-41.6754	-40.8175
BLOCK15/SES157/SA157S08	SES083	-2.41579	-43.9722	-41.5564
BLOCK15/SES157/SA157S08	SES127	-1.96269	-43.5191	-41.5564
BLOCK15/SES157/SA157S08	SES148	-1.30692	-42.8633	-41.5564
BLOCK15/SES157/SA157S08	SES292	-1.8562	-43.4126	-41.5564
BLOCK15/SES157/SA157S11	SES083	-2.59393	-44.1597	-41.5658
BLOCK15/SES157/SA157S11	SES127	-2.0709	-43.6367	-41.5658
BLOCK15/SES157/SA157S11	SES148	-1.37946	-42.9452	-41.5658
BLOCK15/SES157/SA157S11	SES292	-2.38551	-43.9513	-41.5658
BLOCK15/SES157/SA157S21	SES127	-1.88136	-43.0177	-41.1364
BLOCK15/SES157/SA157S21	SES148	-0.861984	-41.9984	-41.1364
BLOCK15/SES157/SA157S21	SES158	-4.13156	-45.2679	-41.1364
BLOCK15/SES157/SA157S21	SES292	-1.43876	-42.5751	-41.1364
BLOCK15/SES157/SA157S24	SES127	-1.25256	-42.5501	-41.2975
BLOCK15/SES157/SA157S24	SES148	-1.3241	-42.6216	-41.2975
BLOCK15/SES157/SA157S24	SES183	-1.66048	-42.958	-41.2975
BLOCK15/SES157/SA157S24	SES292	-2.11684	-43.4143	-41.2975
BLOCK15/SES157/SA157S26	SES007	-0.777496	-41.6679	-40.8904
BLOCK15/SES157/SA157S26	SES127	-1.11432	-42.0047	-40.8904
BLOCK15/SES157/SA157S26	SES147	-1.73861	-42.629	-40.8904
BLOCK15/SES157/SA157S26	SES148	-1.2748	-42.1652	-40.8904
BLOCK16/SES161/SA161S10	SES007	-2.25504	-44.8469	-42.5918
BLOCK16/SES161/SA161S10	SES105	-1.65541	-44.2473	-42.5918
BLOCK16/SES161/SA161S10	SES158	-2.04246	-44.6343	-42.5918
BLOCK16/SES161/SA161S10	SES275	-2.12058	-44.7124	-42.5918
BLOCK16/SES161/SA161S12	SES007	-1.73777	-43.9341	-42.1963
BLOCK16/SES161/SA161S12	SES105	-2.17991	-44.3762	-42.1963
BLOCK16/SES161/SA161S12	SES158	-1.01544	-43.2118	-42.1963
BLOCK16/SES161/SA161S12	SES275	-1.82417	-44.0205	-42.1963
BLOCK16/SES161/SA161S20	SES007	-2.43133	-45.7745	-43.3432
BLOCK16/SES161/SA161S20	SES105	-2.39198	-45.7352	-43.3432
BLOCK16/SES161/SA161S20	SES158	-1.25154	-44.5947	-43.3432
BLOCK16/SES161/SA161S20	SES275	-2.97985	-46.3231	-43.3432
BLOCK16/SES161/SA161S23	SES007	-2.18136	-44.2529	-42.0715
BLOCK16/SES161/SA161S23	SES105	-1.27506	-43.3466	-42.0715
BLOCK16/SES161/SA161S23	SES148	-1.72432	-43.7959	-42.0715
BLOCK16/SES161/SA161S23	SES158	-0.838009	-42.9095	-42.0715
BLOCK16/SES161/SA161S28	SES007	-3.14698	-45.5422	-42.3953
BLOCK16/SES161/SA161S28	SES105	-2.5569	-44.9522	-42.3953
BLOCK16/SES161/SA161S28	SES158	-0.88773	-43.283	-42.3953
BLOCK16/SES161/SA161S28	SES206	-1.19478	-43.59	-42.3953
BLOCK16/SES164/SA164S11	SES104	-1.37003	-42.5806	-41.2106
BLOCK16/SES164/SA164S11	SES125	-0.431828	-41.6424	-41.2106
BLOCK16/SES164/SA164S11	SES158	-7.62939e-05	-41.2106	-41.2106
BLOCK16/SES164/SA164S11	SES206	-1.8997	-43.1103	-41.2106
BLOCK16/SES164/SA164S13	SES099	-1.14839	-43.4859	-42.3375
BLOCK16/SES164/SA164S13	SES104	-1.46629	-43.8038	-42.3375
BLOCK16/SES164/SA164S13	SES125	-1.71589	-44.0534	-42.3375
BLOCK16/SES164/SA164S13	SES206	-1.57788	-43.9154	-42.3375
BLOCK16/SES164/SA164S24	SES002	-0.683247	-42.52	-41.8367
BLOCK16/SES164/SA164S24	SES099	-0.136433	-41.9732	-41.8367
BLOCK16/SES164/SA164S24	SES125	-1.27198	-43.1087	-41.8367
BLOCK16/SES164/SA164S24	SES226	-0.467316	-42.3041	-41.8367
BLOCK16/SES164/SA164S27	SES087	-2.3208	-44.2773	-41.9565
BLOCK16/SES164/SA164S27	SES125	-1.10973	-43.0662	-41.9565
BLOCK16/SES164/SA164S27	SES206	-1.70742	-43.6639	-41.9565
BLOCK16/SES164/SA164S27	SES226	-0.964245	-42.9207	-41.9565
BLOCK16/SES164/SA164S29	SES002	0.10973	-41.8508	-41.9605
BLOCK16/SES164/SA164S29	SES019	-0.631165	-42.5917	-41.9605
BLOCK16/SES164/SA164S29	SES125	-0.766602	-42.7271	-41.9605
BLOCK16/SES164/SA164S29	SES226	-0.720184	-42.6807	-41.9605
BLOCK16/SES169/SA169S13	SES117	-1.68791	-43.1933	-41.5054
BLOCK16/SES169/SA169S13	SES144	-1.12389	-42.6293	-41.5054
BLOCK16/SES169/SA169S13	SES146	-1.59136	-43.0968	-41.5054
BLOCK16/SES169/SA169S13	SES162	-1.48395	-42.9893	-41.5054
BLOCK16/SES169/SA169S14	SES144	-0.987919	-41.6661	-40.6782
BLOCK16/SES169/SA169S14	SES148	-1.25607	-41.9343	-40.6782
BLOCK16/SES169/SA169S14	SES177	-1.21258	-41.8908	-40.6782
BLOCK16/SES169/SA169S14	SES180	-2.08456	-42.7628	-40.6782
BLOCK16/SES169/SA169S24	SES117	-0.98608	-43.3367	-42.3506
BLOCK16/SES169/SA169S24	SES144	-0.676006	-43.0266	-42.3506
BLOCK16/SES169/SA169S24	SES146	-1.10101	-43.4516	-42.3506
BLOCK16/SES169/SA169S24	SES162	-1.32972	-43.6803	-42.3506
BLOCK16/SES169/SA169S27	SES127	-1.55168	-42.9423	-41.3906
BLOCK16/SES169/SA169S27	SES129	-1.66397	-43.0545	-41.3906
BLOCK16/SES169/SA169S27	SES144	-1.1902	-42.5808	-41.3906
BLOCK16/SES169/SA169S27	SES146	-0.929562	-42.3201	-41.3906
BLOCK16/SES169/SA169S29	SES144	-0.545803	-41.3536	-40.8078
BLOCK16/SES169/SA169S29	SES162	-1.09775	-41.9055	-40.8078
BLOCK16/SES169/SA169S29	SES177	-1.78463	-42.5924	-40.8078
BLOCK16/SES169/SA169S29	SES180	-1.26436	-42.0721	-40.8078
BLOCK17/SES171/SA171S12	SES083	-1.32858	-43.574	-42.2454
BLOCK17/SES171/SA171S12	SES148	-1.62381	-43.8692	-42.2454
BLOCK17/SES171/SA171S12	SES172	-1.2601	-43.5055	-42.2454
BLOCK17/SES171/SA171S12	SES292	-2.26624	-44.5117	-42.2454
BLOCK17/SES171/SA171S15	SES148	-1.87213	-44.3675	-42.4953
BLOCK17/SES171/SA171S15	SES177	-1.79903	-44.2944	-42.4953
BLOCK17/SES171/SA171S15	SES180	-3.83777	-46.3331	-42.4953
BLOCK17/SES171/SA171S15	SES292	-3.64485	-46.1402	-42.4953
BLOCK17/SES171/SA171S22	SES007	-1.40835	-42.7254	-41.3171
BLOCK17/SES171/SA171S22	SES148	-1.59135	-42.9084	-41.3171
BLOCK17/SES171/SA171S22	SES177	-0.789516	-42.1066	-41.3171
BLOCK17/SES171/SA171S22	SES180	-2.25361	-43.5707	-41.3171
BLOCK17/SES171/SA171S25	SES101	-2.53825	-44.7635	-42.2252
BLOCK17/SES171/SA171S25	SES120	-3.15946	-45.3847	-42.2252
BLOCK17/SES171/SA171S25	SES177	-1.43708	-43.6623	-42.2252
BLOCK17/SES171/SA171S25	SES180	-2.9164	-45.1416	-42.2252
BLOCK17/SES171/SA171S27	SES177	-0.64481	-42.4453	-41.8005
BLOCK17/SES171/SA171S27	SES180	-2.61452	-44.415	-41.8005
BLOCK17/SES171/SA171S27	SES189	-1.18085	-42.9814	-41.8005
BLOCK17/SES171/SA171S27	SES292	-2.46895	-44.2695	-41.8005
BLOCK17/SES173/SA173S13	SES162	-2.37615	-44.8942	-42.5181
BLOCK17/SES173/SA173S13	SES177	-2.07687	-44.5949	-42.5181
BLOCK17/SES173/SA173S13	SES180	-2.91393	-45.432	-42.5181
BLOCK17/SES173/SA173S13	SES292	-1.61074	-44.1288	-42.5181
BLOCK17/SES173/SA173S14	SES007	-1.59325	-44.2658	-42.6726
BLOCK17/SES173/SA173S14	SES162	-2.29994	-44.9725	-42.6726
BLOCK17/SES173/SA173S14	SES177	-1.29769	-43.9703	-42.6726
BLOCK17/SES173/SA173S14	SES180	-3.12975	-45.8023	-42.6726
BLOCK17/SES173/SA173S24	SES144	-1.49689	-44.63	-43.1332
BLOCK17/SES173/SA173S24	SES162	-2.3241	-45.4572	-43.1332
BLOCK17/SES173/SA173S24	SES177	-1.8022	-44.9354	-43.1332
BLOCK17/SES173/SA173S24	SES180	-3.10013	-46.2333	-43.1332
BLOCK17/SES173/SA173S27	SES162	-2.55887	-45.1192	-42.5603
BLOCK17/SES173/SA173S27	SES177	-1.82286	-44.3832	-42.5603
BLOCK17/SES173/SA173S27	SES180	-2.199	-44.7593	-42.5603
BLOCK17/SES173/SA173S27	SES292	-1.19123	-43.7516	-42.5603
BLOCK17/SES173/SA173S29	SES162	-2.54747	-44.8305	-42.283
BLOCK17/SES173/SA173S29	SES175	-1.8134	-44.0964	-42.283
BLOCK17/SES173/SA173S29	SES177	-2.3246	-44.6076	-42.283
BLOCK17/SES173/SA173S29	SES292	-3.88824	-46.1713	-42.283
BLOCK18/SES182/SA182S10	SES144	-1.15263	-42.6448	-41.4922
BLOCK18/SES182/SA182S10	SES177	-1.2468	-42.739	-41.4922
BLOCK18/SES182/SA182S10	SES180	-2.31348	-43.8057	-41.4922
BLOCK18/SES182/SA182S10	SES275	-0.611183	-42.1034	-41.4922
BLOCK18/SES182/SA182S12	SES144	-0.454407	-41.5844	-41.13
BLOCK18/SES182/SA182S12	SES177	-0.61504	-41.7451	-41.13
BLOCK18/SES182/SA182S12	SES180	-1.03603	-42.1661	-41.13
BLOCK18/SES182/SA182S12	SES275	-0.950775	-42.0808	-41.13
BLOCK18/SES182/SA182S21	SES117	-1.53032	-43.6752	-42.1449
BLOCK18/SES182/SA182S21	SES144	-1.32776	-43.4726	-42.1449
BLOCK18/SES182/SA182S21	SES162	-0.765919	-42.9108	-42.1449
BLOCK18/SES182/SA182S21	SES180	-1.72338	-43.8682	-42.1449
BLOCK18/SES182/SA182S23	SES117	-1.4072	-43.296	-41.8888
BLOCK18/SES182/SA182S23	SES144	-1.24109	-43.1298	-41.8888
BLOCK18/SES182/SA182S23	SES180	-1.66803	-43.5568	-41.8888
BLOCK18/SES182/SA182S23	SES275	-0.69141	-42.5802	-41.8888
BLOCK18/SES182/SA182S25	SES007	-0.51046	-42.163	-41.6525
BLOCK18/SES182/SA182S25	SES162	-0.930737	-42.5833	-41.6525
BLOCK18/SES182/SA182S25	SES177	-0.882812	-42.5353	-41.6525
BLOCK18/SES182/SA182S25	SES180	-1.66665	-43.3192	-41.6525
BLOCK18/SES184/SA184S12	SES177	-1.8668	-43.54	-41.6732
BLOCK18/SES184/SA184S12	SES180	-1.90595	-43.5792	-41.6732
BLOCK18/SES184/SA184S12	SES189	-1.70482	-43.3781	-41.6732
BLOCK18/SES184/SA184S12	SES292	-1.60549	-43.2787	-41.6732
BLOCK18/SES184/SA184S13	SES101	-1.53014	-42.9191	-41.3889
BLOCK18/SES184/SA184S13	SES177	-1.2517	-42.6406	-41.3889
BLOCK18/SES184/SA184S13	SES180	-1.2061	-42.595	-41.3889
BLOCK18/SES184/SA184S13	SES292	-1.79232	-43.1812	-41.3889
BLOCK18/SES184/SA184S22	SES177	-1.55019	-41.9984	-40.4482
BLOCK18/SES184/SA184S22	SES180	-1.38924	-41.8374	-40.4482
BLOCK18/SES184/SA184S22	SES189	-2.45969	-42.9079	-40.4482
BLOCK18/SES184/SA184S22	SES292	-2.07693	-42.5251	-40.4482
BLOCK18/SES184/SA184S25	SES101	-0.812744	-41.191	-40.3783
BLOCK18/SES184/SA184S25	SES177	-1.4713	-41.8496	-40.3783
BLOCK18/SES184/SA184S25	SES180	-0.950874	-41.3291	-40.3783
BLOCK18/SES184/SA184S25	SES292	-1.22705	-41.6053	-40.3783
BLOCK18/SES184/SA184S27	SES083	-1.46508	-42.5444	-41.0793
BLOCK18/SES184/SA184S27	SES177	-1.2475	-42.3268	-41.0793
BLOCK18/SES184/SA184S27	SES202	-1.89778	-42.9771	-41.0793
BLOCK18/SES184/SA184S27	SES292	-1.47109	-42.5504	-41.0793
BLOCK20/SES204/SA204S12	SES062	-1.46464	-42.083	-40.6183
BLOCK20/SES204/SA204S12	SES083	-2.22495	-42.8433	-40.6183
BLOCK20/SES204/SA204S12	SES206	-0.626041	-41.2444	-40.6183
BLOCK20/SES204/SA204S12	SES226	-1.86832	-42.4866	-40.6183
BLOCK20/SES204/SA204S14	SES068	-2.80701	-42.6855	-39.8785
BLOCK20/SES204/SA204S14	SES087	-0.47879	-40.3573	-39.8785
BLOCK20/SES204/SA204S14	SES206	-0.901062	-40.7796	-39.8785
BLOCK20/SES204/SA204S14	SES226	-1.60947	-41.488	-39.8785
BLOCK20/SES204/SA204S22	SES068	-3.41457	-44.1642	-40.7496
BLOCK20/SES204/SA204S22	SES082	-2.81984	-43.5695	-40.7496
BLOCK20/SES204/SA204S22	SES083	-2.69816	-43.4478	-40.7496
BLOCK20/SES204/SA204S22	SES206	-1.23098	-41.9806	-40.7496
BLOCK20/SES204/SA204S25	SES062	-2.19518	-43.2704	-41.0752
BLOCK20/SES204/SA204S25	SES083	-2.30935	-43.3846	-41.0752
BLOCK20/SES204/SA204S25	SES206	-0.66877	-41.744	-41.0752
BLOCK20/SES204/SA204S25	SES226	-1.87311	-42.9483	-41.0752
BLOCK20/SES204/SA204S27	SES068	-3.7269	-44.8701	-41.1432
BLOCK20/SES204/SA204S27	SES082	-1.80828	-42.9515	-41.1432
BLOCK20/SES204/SA204S27	SES087	-1.00322	-42.1464	-41.1432
BLOCK20/SES204/SA204S27	SES206	-0.891651	-42.0348	-41.1432
BLOCK20/SES207/SA207S10	SES127	-1.18387	-42.9998	-41.816
BLOCK20/SES207/SA207S10	SES183	-1.65035	-43.4663	-41.816
BLOCK20/SES207/SA207S10	SES189	-1.39067	-43.2066	-41.816
BLOCK20/SES207/SA207S10	SES292	-1.84328	-43.6592	-41.816
BLOCK20/SES207/SA207S11	SES127	-2.39872	-44.1153	-41.7166
BLOCK20/SES207/SA207S11	SES183	-2.26122	-43.9778	-41.7166
BLOCK20/SES207/SA207S11	SES187	-1.27852	-42.9951	-41.7166
BLOCK20/SES207/SA207S11	SES292	-2.15677	-43.8733	-41.7166
BLOCK20/SES207/SA207S25	SES068	-1.33945	-42.8679	-41.5285
BLOCK20/SES207/SA207S25	SES083	-2.66664	-44.1951	-41.5285
BLOCK20/SES207/SA207S25	SES127	-1.56984	-43.0983	-41.5285
BLOCK20/SES207/SA207S25	SES187	-0.713875	-42.2424	-41.5285
BLOCK20/SES207/SA207S27	SES127	-1.80093	-43.8024	-42.0015
BLOCK20/SES207/SA207S27	SES183	-1.19357	-43.195	-42.0015
BLOCK20/SES207/SA207S27	SES187	-1.25574	-43.2572	-42.0015
BLOCK20/SES207/SA207S27	SES292	-1.85531	-43.8568	-42.0015
BLOCK20/SES207/SA207S29	SES083	-2.46751	-43.995	-41.5275
BLOCK20/SES207/SA207S29	SES085	-0.571209	-42.0987	-41.5275
BLOCK20/SES207/SA207S29	SES172	-1.38513	-42.9126	-41.5275
BLOCK20/SES207/SA207S29	SES189	-2.07193	-43.5994	-41.5275
BLOCK22/SES221/SA221S12	SES068	-1.60815	-42.8992	-41.291
BLOCK22/SES221/SA221S12	SES143	-2.24644	-43.5375	-41.291
BLOCK22/SES221/SA221S12	SES175	-0.659088	-41.9501	-41.291
BLOCK22/SES221/SA221S12	SES202	-0.767933	-42.0589	-41.291
BLOCK22/SES221/SA221S15	SES085	-2.24335	-44.577	-42.3337
BLOCK22/SES221/SA221S15	SES143	-2.7396	-45.0733	-42.3337
BLOCK22/SES221/SA221S15	SES175	-1.8646	-44.1983	-42.3337
BLOCK22/SES221/SA221S15	SES187	-1.29717	-43.6309	-42.3337
BLOCK22/SES221/SA221S23	SES068	-1.75497	-43.2446	-41.4896
BLOCK22/SES221/SA221S23	SES143	-2.55256	-44.0422	-41.4896
BLOCK22/SES221/SA221S23	SES175	-0.786903	-42.2765	-41.4896
BLOCK22/SES221/SA221S23	SES189	-0.308857	-41.7984	-41.4896
BLOCK22/SES221/SA221S27	SES085	-2.26548	-43.7746	-41.5091
BLOCK22/SES221/SA221S27	SES143	-1.99105	-43.5001	-41.5091
BLOCK22/SES221/SA221S27	SES175	-1.34776	-42.8568	-41.5091
BLOCK22/SES221/SA221S27	SES189	0.117809	-41.3913	-41.5091
BLOCK22/SES221/SA221S29	SES085	-3.30029	-45.6356	-42.3353
BLOCK22/SES221/SA221S29	SES143	-2.66257	-44.9979	-42.3353
BLOCK22/SES221/SA221S29	SES175	-1.11532	-43.4506	-42.3353
BLOCK22/SES221/SA221S29	SES187	-0.847004	-43.1823	-42.3353
BLOCK22/SES223/SA223S11	SES143	-1.43139	-43.5853	-42.1539
BLOCK22/SES223/SA223S11	SES144	-2.42076	-44.5746	-42.1539
BLOCK22/SES223/SA223S11	SES175	-1.0019	-43.1558	-42.1539
BLOCK22/SES223/SA223S11	SES187	-1.93252	-44.0864	-42.1539
BLOCK22/SES223/SA223S13	SES068	-1.82889	-44.864	-43.0351
BLOCK22/SES223/SA223S13	SES143	-2.75297	-45.7881	-43.0351
BLOCK22/SES223/SA223S13	SES146	-3.17929	-46.2144	-43.0351
BLOCK22/SES223/SA223S13	SES202	-2.02906	-45.0642	-43.0351
BLOCK22/SES223/SA223S22	SES143	-1.60491	-43.7545	-42.1496
BLOCK22/SES223/SA223S22	SES144	-2.27701	-44.4266	-42.1496
BLOCK22/SES223/SA223S22	SES175	-1.46442	-43.614	-42.1496
BLOCK22/SES223/SA223S22	SES187	-1.41866	-43.5682	-42.1496
BLOCK22/SES223/SA223S25	SES068	-1.32162	-43.6236	-42.302
BLOCK22/SES223/SA223S25	SES143	-1.89613	-44.1981	-42.302
BLOCK22/SES223/SA223S25	SES175	-0.723984	-43.026	-42.302
BLOCK22/SES223/SA223S25	SES187	-1.13963	-43.4416	-42.302
BLOCK22/SES223/SA223S27	SES143	-1.48664	-43.9939	-42.5073
BLOCK22/SES223/SA223S27	SES146	-2.05901	-44.5663	-42.5073
BLOCK22/SES223/SA223S27	SES187	-1.50718	-44.0145	-42.5073
BLOCK22/SES223/SA223S27	SES292	-2.17726	-44.6845	-42.5073
BLOCK27/SES273/SA273S12	SES099	-0.0571136	-40.2148	-40.1577
BLOCK27/SES273/SA273S12	SES104	-0.53751	-40.6952	-40.1577
BLOCK27/SES273/SA273S12	SES125	-0.565018	-40.7227	-40.1577
BLOCK27/SES273/SA273S12	SES206	-0.17461	-40.3323	-40.1577
BLOCK27/SES273/SA273S13	SES099	-0.297443	-40.2534	-39.9559
BLOCK27/SES273/SA273S13	SES104	-0.674454	-40.6304	-39.9559
BLOCK27/SES273/SA273S13	SES206	-0.500889	-40.4568	-39.9559
BLOCK27/SES273/SA273S13	SES292	-2.82885	-42.7848	-39.9559
BLOCK27/SES273/SA273S21	SES099	0.12162	-40.3085	-40.4301
BLOCK27/SES273/SA273S21	SES148	-2.51343	-42.9436	-40.4301
BLOCK27/SES273/SA273S21	SES149	-1.0225	-41.4526	-40.4301
BLOCK27/SES273/SA273S21	SES177	-3.6784	-44.1085	-40.4301
BLOCK27/SES273/SA273S25	SES104	-0.931843	-41.3042	-40.3724
BLOCK27/SES273/SA273S25	SES125	-1.03732	-41.4097	-40.3724
BLOCK27/SES273/SA273S25	SES158	-0.24361	-40.616	-40.3724
BLOCK27/SES273/SA273S25	SES206	-0.17923	-40.5516	-40.3724
BLOCK27/SES273/SA273S27	SES099	-0.315948	-40.4164	-40.1004
BLOCK27/SES273/SA273S27	SES104	-0.920021	-41.0204	-40.1004
BLOCK27/SES273/SA273S27	SES149	-0.571838	-40.6722	-40.1004
BLOCK27/SES273/SA273S27	SES275	-1.42693	-41.5273	-40.1004
BLOCK27/SES274/SA274S10	SES105	-0.745369	-41.1374	-40.3921
BLOCK27/SES274/SA274S10	SES125	-0.662895	-41.055	-40.3921
BLOCK27/SES274/SA274S10	SES129	-0.676609	-41.0687	-40.3921
BLOCK27/SES274/SA274S10	SES158	-1.20511	-41.5972	-40.3921
BLOCK27/SES274/SA274S11	SES105	-1.26864	-41.6229	-40.3542
BLOCK27/SES274/SA274S11	SES149	-0.835857	-41.1901	-40.3542
BLOCK27/SES274/SA274S11	SES158	-0.984203	-41.3384	-40.3542
BLOCK27/SES274/SA274S11	SES275	-1.09509	-41.4493	-40.3542
BLOCK27/SES274/SA274S21	SES105	-0.848499	-41.6883	-40.8398
BLOCK27/SES274/SA274S21	SES129	-1.27311	-42.1129	-40.8398
BLOCK27/SES274/SA274S21	SES149	-0.611244	-41.451	-40.8398
BLOCK27/SES274/SA274S21	SES158	-1.61525	-42.455	-40.8398
BLOCK27/SES274/SA274S24	SES105	-0.580082	-41.4941	-40.914
BLOCK27/SES274/SA274S24	SES129	-2.10686	-43.0209	-40.914
BLOCK27/SES274/SA274S24	SES149	-0.683731	-41.5978	-40.914
BLOCK27/SES274/SA274S24	SES158	-1.52064	-42.4347	-40.914
BLOCK27/SES274/SA274S29	SES105	-1.30169	-41.786	-40.4843
BLOCK27/SES274/SA274S29	SES106	-1.81182	-42.2961	-40.4843
BLOCK27/SES274/SA274S29	SES120	-2.13194	-42.6162	-40.4843
BLOCK27/SES274/SA274S29	SES275	-0.989456	-41.4737	-40.4843
BLOCK27/SES276/SA276S16	SES148	-1.88877	-43.2673	-41.3786
BLOCK27/SES276/SA276S16	SES172	-2.58613	-43.9647	-41.3786
BLOCK27/SES276/SA276S16	SES180	-2.90138	-44.28	-41.3786
BLOCK27/SES276/SA276S16	SES292	-1.11492	-42.4935	-41.3786
BLOCK27/SES276/SA276S17	SES101	-1.60008	-42.9865	-41.3865
BLOCK27/SES276/SA276S17	SES177	-1.61922	-43.0057	-41.3865
BLOCK27/SES276/SA276S17	SES180	-1.85796	-43.2444	-41.3865
BLOCK27/SES276/SA276S17	SES292	-1.84918	-43.2356	-41.3865
BLOCK27/SES276/SA276S24	SES101	-0.81337	-41.3012	-40.4879
BLOCK27/SES276/SA276S24	SES177	-1.41973	-41.9076	-40.4879
BLOCK27/SES276/SA276S24	SES180	-1.80469	-42.2926	-40.4879
BLOCK27/SES276/SA276S24	SES292	-1.65564	-42.1435	-40.4879
BLOCK27/SES276/SA276S26	SES101	-2.06985	-42.9647	-40.8949
BLOCK27/SES276/SA276S26	SES177	-1.17915	-42.074	-40.8949
BLOCK27/SES276/SA276S26	SES180	-1.15642	-42.0513	-40.8949
BLOCK27/SES276/SA276S26	SES292	-1.05193	-41.9468	-40.8949
BLOCK27/SES276/SA276S28	SES101	-2.05999	-43.0495	-40.9895
BLOCK27/SES276/SA276S28	SES177	-1.8301	-42.8196	-40.9895
BLOCK27/SES276/SA276S28	SES180	-1.44659	-42.4361	-40.9895
BLOCK27/SES276/SA276S28	SES292	-2.06528	-43.0548	-40.9895
BLOCK27/SES277/SA277S12	SES101	-0.734058	-42.3946	-41.6605
BLOCK27/SES277/SA277S12	SES177	-1.44983	-43.1104	-41.6605
BLOCK27/SES277/SA277S12	SES180	-2.22295	-43.8835	-41.6605
BLOCK27/SES277/SA277S12	SES292	-1.94183	-43.6024	-41.6605
BLOCK27/SES277/SA277S14	SES177	-1.46891	-43.7736	-42.3047
BLOCK27/SES277/SA277S14	SES180	-2.33868	-44.6434	-42.3047
BLOCK27/SES277/SA277S14	SES189	-1.07107	-43.3758	-42.3047
BLOCK27/SES277/SA277S14	SES292	-2.30838	-44.6131	-42.3047
BLOCK27/SES277/SA277S21	SES177	-0.780972	-41.8625	-41.0815
BLOCK27/SES277/SA277S21	SES180	-2.38776	-43.4693	-41.0815
BLOCK27/SES277/SA277S21	SES189	-1.09851	-42.18	-41.0815
BLOCK27/SES277/SA277S21	SES292	-2.17607	-43.2576	-41.0815
BLOCK27/SES277/SA277S24	SES144	-1.43699	-43.6502	-42.2132
BLOCK27/SES277/SA277S24	SES177	-0.960999	-43.1742	-42.2132
BLOCK27/SES277/SA277S24	SES180	-2.19223	-44.4054	-42.2132
BLOCK27/SES277/SA277S24	SES189	-1.21444	-43.4276	-42.2132
BLOCK27/SES277/SA277S29	SES177	-1.10077	-41.2903	-40.1895
BLOCK27/SES277/SA277S29	SES180	-1.40125	-41.5908	-40.1895
BLOCK27/SES277/SA277S29	SES202	-1.40184	-41.5914	-40.1895
BLOCK27/SES277/SA277S29	SES292	-2.23767	-42.4272	-40.1895
BLOCK27/SES279/SA279S09	SES120	-1.51367	-42.3455	-40.8319
BLOCK27/SES279/SA279S09	SES146	-1.2975	-42.1294	-40.8319
BLOCK27/SES279/SA279S09	SES206	-1.7884	-42.6203	-40.8319
BLOCK27/SES279/SA279S09	SES226	-1.80585	-42.6377	-40.8319
BLOCK27/SES279/SA279S10	SES099	-0.690342	-41.4118	-40.7214
BLOCK27/SES279/SA279S10	SES206	-1.04461	-41.766	-40.7214
BLOCK27/SES279/SA279S10	SES226	-1.77311	-42.4945	-40.7214
BLOCK27/SES279/SA279S10	SES292	-1.4248	-42.1462	-40.7214
BLOCK27/SES279/SA279S20	SES099	-1.5198	-42.7826	-41.2628
BLOCK27/SES279/SA279S20	SES206	-0.710548	-41.9733	-41.2628
BLOCK27/SES279/SA279S20	SES226	-1.80407	-43.0668	-41.2628
BLOCK27/SES279/SA279S20	SES292	-1.10509	-42.3679	-41.2628
BLOCK27/SES279/SA279S26	SES099	-1.22405	-42.167	-40.943
BLOCK27/SES279/SA279S26	SES206	-0.310551	-41.2535	-40.943
BLOCK27/SES279/SA279S26	SES226	-1.3774	-42.3204	-40.943
BLOCK27/SES279/SA279S26	SES292	-1.56902	-42.512	-40.943
BLOCK27/SES279/SA279S28	SES099	-1.46931	-41.1961	-39.7267
BLOCK27/SES279/SA279S28	SES120	-1.47329	-41.2	-39.7267
BLOCK27/SES279/SA279S28	SES177	-2.48623	-42.213	-39.7267
BLOCK27/SES279/SA279S28	SES206	-1.5322	-41.2589	-39.7267
BLOCK29/SES290/SA290S12	SES162	-1.56221	-42.1821	-40.6199
BLOCK29/SES290/SA290S12	SES177	-1.4809	-42.1008	-40.6199
BLOCK29/SES290/SA290S12	SES180	-2.28487	-42.9048	-40.6199
BLOCK29/SES290/SA290S12	SES292	-2.83717	-43.4571	-40.6199
BLOCK29/SES290/SA290S13	SES007	-2.51632	-43.7163	-41.2
BLOCK29/SES290/SA290S13	SES162	-2.28285	-43.4828	-41.2
BLOCK29/SES290/SA290S13	SES177	-1.41122	-42.6112	-41.2
BLOCK29/SES290/SA290S13	SES180	-1.94613	-43.1461	-41.2
BLOCK29/SES290/SA290S22	SES177	-1.07806	-41.7775	-40.6994
BLOCK29/SES290/SA290S22	SES180	-1.46557	-42.165	-40.6994
BLOCK29/SES290/SA290S22	SES202	-1.37265	-42.0721	-40.6994
BLOCK29/SES290/SA290S22	SES292	-1.91973	-42.6191	-40.6994
BLOCK29/SES290/SA290S25	SES162	-1.27259	-41.9068	-40.6342
BLOCK29/SES290/SA290S25	SES177	-1.14221	-41.7764	-40.6342
BLOCK29/SES290/SA290S25	SES180	-1.56322	-42.1974	-40.6342
BLOCK29/SES290/SA290S25	SES292	-2.12492	-42.7591	-40.6342
BLOCK29/SES290/SA290S29	SES177	-0.456921	-41.1035	-40.6466
BLOCK29/SES290/SA290S29	SES180	-0.860996	-41.5076	-40.6466
BLOCK29/SES290/SA290S29	SES275	-1.63298	-42.2796	-40.6466
BLOCK29/SES290/SA290S29	SES292	-1.36912	-42.0157	-40.6466
BLOCK29/SES291/SA291S11	SES105	-2.62699	-44.1476	-41.5206
BLOCK29/SES291/SA291S11	SES125	-1.1031	-42.6237	-41.5206
BLOCK29/SES291/SA291S11	SES158	-0.922256	-42.4429	-41.5206
BLOCK29/SES291/SA291S11	SES275	-3.24099	-44.7616	-41.5206
BLOCK29/SES291/SA291S12	SES158	0.123257	-40.979	-41.1023
BLOCK29/SES291/SA291S12	SES226	-1.11544	-42.2177	-41.1023
BLOCK29/SES291/SA291S12	SES270	0.330711	-40.7716	-41.1023
BLOCK29/SES291/SA291S12	SES275	-4.21519	-45.3175	-41.1023
BLOCK29/SES291/SA291S22	SES082	-0.913948	-42.062	-41.148
BLOCK29/SES291/SA291S22	SES158	-0.559334	-41.7074	-41.148
BLOCK29/SES291/SA291S22	SES259	-1.27143	-42.4195	-41.148
BLOCK29/SES291/SA291S22	SES275	-2.8813	-44.0293	-41.148
BLOCK29/SES291/SA291S24	SES104	-0.317272	-40.4519	-40.1346
BLOCK29/SES291/SA291S24	SES125	-0.351559	-40.4862	-40.1346
BLOCK29/SES291/SA291S24	SES158	-0.40707	-40.5417	-40.1346
BLOCK29/SES291/SA291S24	SES275	-3.47931	-43.6139	-40.1346
BLOCK29/SES291/SA291S27	SES158	-0.334099	-40.5687	-40.2346
BLOCK29/SES291/SA291S27	SES172	-4.95634	-45.1909	-40.2346
BLOCK29/SES291/SA291S27	SES275	-3.35678	-43.5914	-40.2346
BLOCK29/SES291/SA291S27	SES292	-2.85875	-43.0933	-40.2346
