BLOCK00/SES002/SA002S12	SES002	1.32358	-39.6425	-40.966
BLOCK00/SES002/SA002S13	SES002	2.08265	-39.207	-41.2897
BLOCK00/SES002/SA002S23	SES002	1.16678	-39.5411	-40.7079
BLOCK00/SES002/SA002S26	SES002	1.98382	-39.0752	-41.059
BLOCK00/SES002/SA002S28	SES002	1.19183	-39.605	-40.7969
BLOCK00/SES007/SA007S14	SES007	0.92028	-39.0743	-39.9946
BLOCK00/SES007/SA007S15	SES007	0.521503	-40.2488	-40.7703
BLOCK00/SES007/SA007S24	SES007	0.601963	-40.1705	-40.7725
BLOCK00/SES007/SA007S27	SES007	0.303112	-40.9193	-41.2224
BLOCK00/SES007/SA007S29	SES007	0.177219	-39.8815	-40.0588
BLOCK00/SES008/SA008S11	SES008	1.00867	-39.9827	-40.9914
BLOCK00/SES008/SA008S12	SES008	0.0643196	-40.9963	-41.0606
BLOCK00/SES008/SA008S19	SES008	1.13174	-39.6212	-40.7529
BLOCK00/SES008/SA008S22	SES008	0.930637	-40.5508	-41.4814
BLOCK00/SES008/SA008S29	SES008	1.11683	-39.5071	-40.6239
BLOCK01/SES014/SA014S10	SES014	1.98007	-39.2394	-41.2195
BLOCK01/SES014/SA014S12	SES014	2.65867	-37.383	-40.0416
BLOCK01/SES014/SA014S24	SES014	1.45301	-39.349	-40.802
BLOCK01/SES014/SA014S26	SES014	2.43567	-37.1211	-39.5568
BLOCK01/SES014/SA014S28	SES014	2.45376	-37.5792	-40.0329
BLOCK01/SES016/SA016S12	SES016	1.2483	-41.0831	-42.3314
BLOCK01/SES016/SA016S13	SES016	1.10852	-40.0455	-41.154
BLOCK01/SES016/SA016S22	SES016	0.488472	-41.0332	-41.5217
BLOCK01/SES016/SA016S25	SES016	1.45528	-38.2643	-39.7196
BLOCK01/SES016/SA016S27	SES016	1.44513	-38.8791	-40.3242
BLOCK01/SES019/SA019S13	SES019	2.77354	-39.9721	-42.7456
BLOCK01/SES019/SA019S14	SES019	1.6604	-40.3644	-42.0248
BLOCK01/SES019/SA019S22	SES019	2.53011	-39.79	-42.3201
BLOCK01/SES019/SA019S25	SES019	2.42559	-40.1593	-42.5849
BLOCK01/SES019/SA019S29	SES019	2.85738	-39.8866	-42.7439
BLOCK02/SES029/SA029S11	SES029	1.02246	-39.7767	-40.7992
BLOCK02/SES029/SA029S12	SES029	0.292034	-40.1006	-40.3927
BLOCK02/SES029/SA029S20	SES029	0.317955	-41.2393	-41.5573
BLOCK02/SES029/SA029S25	SES029	0.677017	-39.6655	-40.3425
BLOCK02/SES029/SA029S28	SES029	0.379864	-40.5486	-40.9285
BLOCK04/SES042/SA042S12	SES042	2.11149	-38.6106	-40.7221
BLOCK04/SES042/SA042S15	SES042	2.3315	-38.8587	-41.1902
BLOCK04/SES042/SA042S22	SES042	3.25634	-37.26	-40.5163
BLOCK04/SES042/SA042S25	SES042	2.13728	-39.9019	-42.0392
BLOCK04/SES042/SA042S27	SES042	1.79416	-38.8574	-40.6516
BLOCK04/SES048/SA048S11	SES048	1.10676	-39.7422	-40.849
BLOCK04/SES048/SA048S12	SES048	0.399193	-40.2733	-40.6725
BLOCK04/SES048/SA048S20	SES048	0.949642	-39.5603	-40.51
BLOCK04/SES048/SA048S23	SES048	1.18226	-40.0901	-41.2723
BLOCK04/SES048/SA048S27	SES048	0.869385	-39.2064	-40.0758
BLOCK06/SES060/SA060S11	SES060	1.17521	-39.6005	-40.7757
BLOCK06/SES060/SA060S12	SES060	-1.31882	-42.0896	-40.7708
BLOCK06/SES060/SA060S22	SES060	-0.285614	-41.6232	-41.3376
BLOCK06/SES060/SA060S24	SES060	0.874256	-39.691	-40.5652
BLOCK06/SES060/SA060S28	SES060	0.960987	-38.354	-39.315
BLOCK06/SES062/SA062S10	SES062	0.728287	-39.6267	-40.355
BLOCK06/SES062/SA062S11	SES062	1.10288	-39.3942	-40.4971
BLOCK06/SES062/SA062S21	SES062	1.69327	-37.5516	-39.2449
BLOCK06/SES062/SA062S26	SES062	0.604179	-38.968	-39.5722
BLOCK06/SES062/SA062S29	SES062	1.06067	-38.6721	-39.7328
BLOCK06/SES068/SA068S14	SES068	0.382561	-40.2347	-40.6173
BLOCK06/SES068/SA068S15	SES068	0.667454	-39.4099	-40.0774
BLOCK06/SES068/SA068S23	SES068	0.939941	-40.2376	-41.1776
BLOCK06/SES068/SA068S27	SES068	1.45666	-38.8736	-40.3303
BLOCK06/SES068/SA068S29	SES068	0.950722	-39.5214	-40.4722
BLOCK08/SES082/SA082S12	SES082	0.7384	-41.2675	-42.0059
BLOCK08/SES082/SA082S14	SES082	0.416203	-41.4199	-41.8362
BLOCK08/SES082/SA082S21	SES082	0.752514	-40.5268	-41.2793
BLOCK08/SES082/SA082S24	SES082	0.867126	-40.1864	-41.0536
BLOCK08/SES082/SA082S28	SES082	0.563877	-40.7806	-41.3445
BLOCK08/SES083/SA083S14	SES083	-0.566601	-41.0192	-40.4526
BLOCK08/SES083/SA083S15	SES083	0.202438	-40.253	-40.4555
BLOCK08/SES083/SA083S24	SES083	-0.120773	-40.773	-40.6523
BLOCK08/SES083/SA083S26	SES083	0.952408	-39.7779	-40.7303
BLOCK08/SES083/SA083S29	SES083	-0.134621	-40.2466	-40.112
BLOCK08/SES085/SA085S10	SES085	0.00302887	-40.4212	-40.4243
BLOCK08/SES085/SA085S13	SES085	0.249226	-40.6406	-40.8898
BLOCK08/SES085/SA085S22	SES085	-1.75266	-42.4443	-40.6916
BLOCK08/SES085/SA085S26	SES085	-0.649708	-40.9441	-40.2944
BLOCK08/SES085/SA085S28	SES085	0.517647	-40.0535	-40.5712
BLOCK08/SES087/SA087S15	SES087	1.63654	-39.8735	-41.5101
BLOCK08/SES087/SA087S16	SES087	1.5295	-39.8514	-41.3809
BLOCK08/SES087/SA087S24	SES087	1.46515	-40.0645	-41.5297
BLOCK08/SES087/SA087S26	SES087	1.44594	-38.752	-40.1979
BLOCK08/SES087/SA087S29	SES087	1.83545	-39.5846	-41.4201
BLOCK09/SES099/SA099S15	SES099	0.989475	-40.4143	-41.4038
BLOCK09/SES099/SA099S16	SES099	1.08126	-40.2855	-41.3668
BLOCK09/SES099/SA099S24	SES099	1.4132	-39.4244	-40.8376
BLOCK09/SES099/SA099S26	SES099	1.21663	-39.7311	-40.9478
BLOCK09/SES099/SA099S29	SES099	1.39444	-39.5918	-40.9863
BLOCK10/SES101/SA101S11	SES101	0.339722	-40.0514	-40.3912
BLOCK10/SES101/SA101S13	SES101	0.831364	-39.5032	-40.3346
BLOCK10/SES101/SA101S22	SES101	0.875282	-40.4452	-41.3205
BLOCK10/SES101/SA101S24	SES101	1.18945	-39.7874	-40.9769
BLOCK10/SES101/SA101S28	SES101	0.266628	-40.7486	-41.0153
BLOCK10/SES104/SA104S11	SES104	1.22675	-38.8507	-40.0774
BLOCK10/SES104/SA104S12	SES104	1.599	-38.6105	-40.2095
BLOCK10/SES104/SA104S21	SES104	1.20454	-39.5693	-40.7738
BLOCK10/SES104/SA104S24	SES104	1.15846	-39.9603	-41.1187
BLOCK10/SES104/SA104S28	SES104	1.02049	-39.7331	-40.7536
BLOCK10/SES105/SA105S12	SES105	0.484234	-41.2347	-41.7189
BLOCK10/SES105/SA105S13	SES105	0.884018	-40.642	-41.526
BLOCK10/SES105/SA105S22	SES105	0.412594	-41.6652	-42.0778
BLOCK10/SES105/SA105S26	SES105	1.22202	-40.5542	-41.7762
BLOCK10/SES105/SA105S29	SES105	0.638824	-40.5861	-41.2249
BLOCK10/SES106/SA106S09	SES106	1.48629	-40.997	-42.4833
BLOCK10/SES106/SA106S11	SES106	1.5414	-39.3654	-40.9068
BLOCK10/SES106/SA106S22	SES106	2.4985	-39.7731	-42.2716
BLOCK10/SES106/SA106S27	SES106	1.22568	-39.9278	-41.1535
BLOCK10/SES106/SA106S29	SES106	0.968616	-39.8371	-40.8057
BLOCK11/SES117/SA117S12	SES117	0.771206	-40.1305	-40.9017
BLOCK11/SES117/SA117S13	SES117	0.0811462	-40.4926	-40.5738
BLOCK11/SES117/SA117S23	SES117	1.31238	-40.8165	-42.1289
BLOCK11/SES117/SA117S25	SES117	0.543385	-41.345	-41.8884
BLOCK11/SES117/SA117S28	SES117	1.06889	-40.9446	-42.0135
BLOCK12/SES120/SA120S08	SES120	1.19625	-41.4066	-42.6028
BLOCK12/SES120/SA120S11	SES120	0.5042	-42.7379	-43.2421
BLOCK12/SES120/SA120S22	SES120	0.274189	-40.8249	-41.0991
BLOCK12/SES120/SA120S24	SES120	0.682709	-40.6708	-41.3535
BLOCK12/SES120/SA120S28	SES120	0.0987816	-42.3689	-42.4677
BLOCK12/SES125/SA125S13	SES125	1.4539	-39.1679	-40.6218
BLOCK12/SES125/SA125S14	SES125	1.28493	-39.7546	-41.0395
BLOCK12/SES125/SA125S25	SES125	1.84123	-39.1176	-40.9589
BLOCK12/SES125/SA125S27	SES125	1.64112	-38.6985	-40.3396
BLOCK12/SES125/SA125S29	SES125	1.46852	-39.1815	-40.6501
BLOCK12/SES127/SA127S11	SES127	0.728752	-40.4325	-41.1613
BLOCK12/SES127/SA127S12	SES127	-0.522549	-40.671	-40.1485
BLOCK12/SES127/SA127S23	SES127	0.428371	-40.3321	-40.7605
BLOCK12/SES127/SA127S25	SES127	-0.678249	-41.1966	-40.5184
BLOCK12/SES127/SA127S27	SES127	0.805683	-39.5998	-40.4054
BLOCK12/SES129/SA129S11	SES129	1.38051	-38.9234	-40.3039
BLOCK12/SES129/SA129S12	SES129	0.774406	-39.3922	-40.1666
BLOCK12/SES129/SA129S22	SES129	0.837154	-39.7778	-40.615
BLOCK12/SES129/SA129S27	SES129	1.21964	-39.2308	-40.4504
BLOCK12/SES129/SA129S29	SES129	1.50782	-38.9877	-40.4955
BLOCK14/SES142/SA142S11	SES142	1.34076	-39.8941	-41.2348
BLOCK14/SES142/SA142S12	SES142	0.619282	-40.6612	-41.2805
BLOCK14/SES142/SA142S24	SES142	1.30581	-40.006	-41.3118
BLOCK14/SES142/SA142S27	SES142	1.55906	-39.6551	-41.2141
BLOCK14/SES142/SA142S29	SES142	1.49734	-39.1747	-40.672
BLOCK14/SES143/SA143S12	SES143	1.17065	-40.1979	-41.3686
BLOCK14/SES143/SA143S13	SES143	0.636703	-40.7986	-41.4353
BLOCK14/SES143/SA143S23	SES143	0.981895	-40.6245	-41.6064
BLOCK14/SES143/SA143S25	SES143	0.605995	-40.7203	-41.3263
BLOCK14/SES143/SA143S28	SES143	1.02645	-39.804	-40.8305
BLOCK14/SES144/SA144S09	SES144	0.643158	-40.2166	-40.8597
BLOCK14/SES144/SA144S11	SES144	0.503735	-41.3989	-41.9027
BLOCK14/SES144/SA144S21	SES144	-0.0560493	-41.1155	-41.0595
BLOCK14/SES144/SA144S25	SES144	0.532326	-40.889	-41.4213
BLOCK14/SES144/SA144S29	SES144	0.179905	-40.6976	-40.8775
BLOCK14/SES146/SA146S14	SES146	0.364773	-41.3444	-41.7092
BLOCK14/SES146/SA146S15	SES146	-0.068119	-41.1614	-41.0933
BLOCK14/SES146/SA146S24	SES146	0.26944	-41.073	-41.3424
BLOCK14/SES146/SA146S26	SES146	0.875252	-41.0264	-41.9017
BLOCK14/SES146/SA146S29	SES146	0.518997	-41.5742	-42.0932
BLOCK14/SES147/SA147S11	SES147	1.40277	-40.2585	-41.6612
BLOCK14/SES147/SA147S13	SES147	1.66237	-39.2612	-40.9236
BLOCK14/SES147/SA147S23	SES147	1.14288	-40.5994	-41.7423
BLOCK14/SES147/SA147S26	SES147	0.945374	-40.527	-41.4723
BLOCK14/SES147/SA147S28	SES147	1.48978	-39.9358	-41.4256
BLOCK14/SES148/SA148S10	SES148	0.881985	-39.8409	-40.7228
BLOCK14/SES148/SA148S12	SES148	0.647083	-40.7599	-41.407
BLOCK14/SES148/SA148S22	SES148	1.01778	-39.2138	-40.2316
BLOCK14/SES148/SA148S26	SES148	0.417686	-40.1406	-40.5583
BLOCK14/SES148/SA148S29	SES148	0.47094	-40.7429	-41.2138
BLOCK14/SES149/SA149S13	SES149	-0.18663	-40.9525	-40.7659
BLOCK14/SES149/SA149S14	SES149	0.321754	-40.0724	-40.3942
BLOCK14/SES149/SA149S24	SES149	1.11139	-39.7475	-40.8589
BLOCK14/SES149/SA149S26	SES149	1.64083	-39.0772	-40.718
BLOCK14/SES149/SA149S28	SES149	1.70247	-38.3926	-40.095
BLOCK15/SES158/SA158S13	SES158	0.974651	-40.6825	-41.6572
BLOCK15/SES158/SA158S14	SES158	1.84035	-40.016	-41.8564
BLOCK15/SES158/SA158S23	SES158	1.04849	-40.1136	-41.1621
BLOCK15/SES158/SA158S26	SES158	1.74884	-39.7134	-41.4622
BLOCK15/SES158/SA158S28	SES158	1.11705	-40.4283	-41.5453
BLOCK16/SES162/SA162S10	SES162	0.791889	-41.3163	-42.1082
BLOCK16/SES162/SA162S11	SES162	1.00231	-40.0116	-41.0139
BLOCK16/SES162/SA162S21	SES162	1.4059	-39.9006	-41.3065
BLOCK16/SES162/SA162S24	SES162	0.77462	-40.4533	-41.2279
BLOCK16/SES162/SA162S27	SES162	1.27506	-40.5456	-41.8207
BLOCK16/SES167/SA167S14	SES167	0.799404	-39.2843	-40.0837
BLOCK16/SES167/SA167S15	SES167	1.33903	-39.5934	-40.9324
BLOCK16/SES167/SA167S21	SES167	1.08977	-39.031	-40.1207
BLOCK16/SES167/SA167S25	SES167	1.18639	-39.7026	-40.889
BLOCK16/SES167/SA167S29	SES167	2.24216	-38.0917	-40.3338
BLOCK17/SES172/SA172S12	SES172	1.25059	-40.1057	-41.3563
BLOCK17/SES172/SA172S13	SES172	1.63594	-39.9706	-41.6065
BLOCK17/SES172/SA172S23	SES172	0.517166	-39.3372	-39.8544
BLOCK17/SES172/SA172S27	SES172	0.511497	-40.5221	-41.0336
BLOCK17/SES172/SA172S29	SES172	0.99572	-40.1898	-41.1855
BLOCK17/SES175/SA175S11	SES175	1.14904	-39.6856	-40.8347
BLOCK17/SES175/SA175S13	SES175	0.930813	-39.7607	-40.6915
BLOCK17/SES175/SA175S23	SES175	1.22624	-40.0632	-41.2894
BLOCK17/SES175/SA175S25	SES175	0.561546	-41.6428	-42.2044
BLOCK17/SES175/SA175S28	SES175	1.19522	-39.6104	-40.8056
BLOCK17/SES177/SA177S15	SES177	-0.149654	-40.8612	-40.7116
BLOCK17/SES177/SA177S17	SES177	0.142654	-40.5447	-40.6873
BLOCK17/SES177/SA177S23	SES177	-0.21703	-41.1622	-40.9452
BLOCK17/SES177/SA177S26	SES177	0.557262	-38.9093	-39.4666
BLOCK17/SES177/SA177S28	SES177	0.657482	-39.6844	-40.3419
BLOCK18/SES180/SA180S13	SES180	0.379581	-40.6106	-40.9902
BLOCK18/SES180/SA180S15	SES180	0.446342	-40.617	-41.0633
BLOCK18/SES180/SA180S24	SES180	0.474342	-39.3692	-39.8435
BLOCK18/SES180/SA180S26	SES180	0.534317	-40.0459	-40.5802
BLOCK18/SES180/SA180S29	SES180	0.747929	-40.491	-41.2389
BLOCK18/SES183/SA183S13	SES183	0.888245	-40.6236	-41.5119
BLOCK18/SES183/SA183S14	SES183	0.335548	-41.1933	-41.5288
BLOCK18/SES183/SA183S24	SES183	0.973442	-40.8961	-41.8696
BLOCK18/SES183/SA183S27	SES183	0.979794	-40.3838	-41.3636
BLOCK18/SES183/SA183S29	SES183	0.828629	-40.242	-41.0706
BLOCK18/SES187/SA187S13	SES187	0.728539	-41.0534	-41.7819
BLOCK18/SES187/SA187S14	SES187	0.675503	-40.9528	-41.6283
BLOCK18/SES187/SA187S24	SES187	1.09466	-40.3098	-41.4044
BLOCK18/SES187/SA187S27	SES187	1.14466	-39.9527	-41.0974
BLOCK18/SES187/SA187S29	SES187	1.03319	-40.625	-41.6582
BLOCK18/SES189/SA189S10	SES189	1.45933	-41.8683	-43.3277
BLOCK18/SES189/SA189S13	SES189	1.45652	-42.3486	-43.8052
BLOCK18/SES189/SA189S24	SES189	1.84912	-41.1051	-42.9542
BLOCK18/SES189/SA189S26	SES189	1.3394	-40.9897	-42.3291
BLOCK18/SES189/SA189S29	SES189	1.96778	-40.8711	-42.8389
BLOCK20/SES202/SA202S12	SES202	1.19018	-41.0266	-42.2168
BLOCK20/SES202/SA202S14	SES202	2.42604	-39.3083	-41.7344
BLOCK20/SES202/SA202S24	SES202	1.25055	-40.3453	-41.5959
BLOCK20/SES202/SA202S27	SES202	1.53778	-38.9681	-40.5058
BLOCK20/SES202/SA202S29	SES202	1.93631	-38.899	-40.8353
BLOCK20/SES206/SA206S15	SES206	0.0659752	-40.1049	-40.1709
BLOCK20/SES206/SA206S17	SES206	1.60334	-38.9298	-40.5331
BLOCK20/SES206/SA206S24	SES206	1.73874	-38.6888	-40.4275
BLOCK20/SES206/SA206S27	SES206	1.62936	-39.6053	-41.2346
BLOCK20/SES206/SA206S29	SES206	1.61687	-38.5118	-40.1287
BLOCK22/SES226/SA226S12	SES226	1.35656	-40.186	-41.5426
BLOCK22/SES226/SA226S13	SES226	-0.0463448	-41.4423	-41.3959
BLOCK22/SES226/SA226S20	SES226	1.30136	-40.4194	-41.7208
BLOCK22/SES226/SA226S23	SES226	1.52272	-39.6772	-41.1999
BLOCK22/SES226/SA226S28	SES226	1.77977	-39.4126	-41.1924
BLOCK25/SES259/SA259S13	SES259	2.75832	-38.4355	-41.1939
BLOCK25/SES259/SA259S14	SES259	1.39104	-39.5928	-40.9838
BLOCK25/SES259/SA259S22	SES259	1.31127	-39.4478	-40.7591
BLOCK25/SES259/SA259S24	SES259	1.81487	-38.7331	-40.5479
BLOCK25/SES259/SA259S28	SES259	1.64117	-38.7751	-40.4163
BLOCK27/SES270/SA270S14	SES270	1.92558	-40.4411	-42.3667
BLOCK27/SES270/SA270S16	SES270	0.583324	-40.7534	-41.3367
BLOCK27/SES270/SA270S22	SES270	2.0193	-39.6877	-41.707
BLOCK27/SES270/SA270S26	SES270	1.29652	-41.0408	-42.3373
BLOCK27/SES270/SA270S28	SES270	0.665001	-40.415	-41.08
BLOCK27/SES275/SA275S17	SES275	1.01303	-40.8127	-41.8257
BLOCK27/SES275/SA275S18	SES275	-0.0136681	-40.9699	-40.9562
BLOCK27/SES275/SA275S24	SES275	0.409206	-42.0169	-42.4261
BLOCK27/SES275/SA275S26	SES275	0.618717	-40.3816	-41.0003
BLOCK27/SES275/SA275S28	SES275	0.202202	-40.7035	-40.9057
BLOCK29/SES292/SA292S10	SES292	0.0852356	-40.9421	-41.0274
BLOCK29/SES292/SA292S12	SES292	0.161518	-41.386	-41.5475
BLOCK29/SES292/SA292S22	SES292	0.669395	-39.9204	-40.5898
BLOCK29/SES292/SA292S24	SES292	0.252964	-40.4873	-40.7403
BLOCK29/SES292/SA292S27	SES292	0.148701	-40.042	-40.1907
BLOCK00/SES001/SA001S14	SES062	-1.65874	-42.7684	-41.1097
BLOCK00/SES001/SA001S14	SES082	-1.77109	-42.8808	-41.1097
BLOCK00/SES001/SA001S14	SES106	-1.67199	-42.7817	-41.1097
BLOCK00/SES001/SA001S14	SES206	-1.47946	-42.5891	-41.1097
BLOCK00/SES001/SA001S15	SES062	-1.6572	-41.9871	-40.3299
BLOCK00/SES001/SA001S15	SES104	-2.14388	-42.4738	-40.3299
BLOCK00/SES001/SA001S15	SES106	-1.95066	-42.2806	-40.3299
BLOCK00/SES001/SA001S15	SES206	-1.37092	-41.7008	-40.3299
BLOCK00/SES001/SA001S24	SES062	-2.54106	-44.1832	-41.6422
BLOCK00/SES001/SA001S24	SES082	-2.50632	-44.1485	-41.6422
BLOCK00/SES001/SA001S24	SES087	-2.26322	-43.9054	-41.6422
BLOCK00/SES001/SA001S24	SES206	-1.71951	-43.3617	-41.6422
BLOCK00/SES001/SA001S27	SES062	-1.44255	-41.8183	-40.3758
BLOCK00/SES001/SA001S27	SES082	-2.80445	-43.1802	-40.3758
BLOCK00/SES001/SA001S27	SES087	-2.25898	-42.6347	-40.3758
BLOCK00/SES001/SA001S27	SES206	-2.91547	-43.2912	-40.3758
BLOCK00/SES001/SA001S29	SES062	-2.33842	-43.4797	-41.1413
BLOCK00/SES001/SA001S29	SES082	-1.4724	-42.6137	-41.1413
BLOCK00/SES001/SA001S29	SES158	-1.1085	-42.2498	-41.1413
BLOCK00/SES001/SA001S29	SES206	-2.47851	-43.6198	-41.1413
BLOCK00/SES003/SA003S11	SES002	-0.361229	-41.7846	-41.4233
BLOCK00/SES003/SA003S11	SES019	-0.762524	-42.1859	-41.4233
BLOCK00/SES003/SA003S11	SES082	0.253193	-41.1702	-41.4233
BLOCK00/SES003/SA003S11	SES125	-0.744522	-42.1679	-41.4233
BLOCK00/SES003/SA003S15	SES016	-2.93944	-43.9852	-41.0457
BLOCK00/SES003/SA003S15	SES019	-0.814568	-41.8603	-41.0457
BLOCK00/SES003/SA003S15	SES062	-1.51418	-42.5599	-41.0457
BLOCK00/SES003/SA003S15	SES206	-1.13812	-42.1839	-41.0457
BLOCK00/SES003/SA003S22	SES002	-1.15136	-41.9995	-40.8482
BLOCK00/SES003/SA003S22	SES062	-0.986294	-41.8344	-40.8482
BLOCK00/SES003/SA003S22	SES082	-0.512894	-41.361	-40.8482
BLOCK00/SES003/SA003S22	SES087	-0.816982	-41.6651	-40.8482
BLOCK00/SES003/SA003S25	SES062	-1.95721	-43.479	-41.5218
BLOCK00/SES003/SA003S25	SES082	-0.684162	-42.206	-41.5218
BLOCK00/SES003/SA003S25	SES087	-0.820053	-42.3419	-41.5218
BLOCK00/SES003/SA003S25	SES206	-0.972725	-42.4945	-41.5218
BLOCK00/SES003/SA003S29	SES002	-0.818501	-42.2742	-41.4557
BLOCK00/SES003/SA003S29	SES062	-1.6645	-43.1202	-41.4557
BLOCK00/SES003/SA003S29	SES082	-0.273895	-41.7296	-41.4557
BLOCK00/SES003/SA003S29	SES087	-1.61691	-43.0726	-41.4557
BLOCK00/SES004/SA004S12	SES083	-2.29393	-43.4385	-41.1446
BLOCK00/SES004/SA004S12	SES148	-2.23004	-43.3746	-41.1446
BLOCK00/SES004/SA004S12	SES172	-1.26753	-42.4121	-41.1446
BLOCK00/SES004/SA004S12	SES292	-2.45541	-43.6	-41.1446
BLOCK00/SES004/SA004S17	SES083	-1.77773	-43.2682	-41.4905
BLOCK00/SES004/SA004S17	SES162	-1.01165	-42.5021	-41.4905
BLOCK00/SES004/SA004S17	SES172	-1.83341	-43.3239	-41.4905
BLOCK00/SES004/SA004S17	SES292	-1.93844	-43.4289	-41.4905
BLOCK00/SES004/SA004S24	SES083	-2.1426	-42.7748	-40.6322
BLOCK00/SES004/SA004S24	SES148	-1.96231	-42.5945	-40.6322
BLOCK00/SES004/SA004S24	SES172	-0.978565	-41.6108	-40.6322
BLOCK00/SES004/SA004S24	SES292	-1.71302	-42.3452	-40.6322
BLOCK00/SES004/SA004S26	SES083	-1.89893	-42.6424	-40.7435
BLOCK00/SES004/SA004S26	SES127	-0.996681	-41.7402	-40.7435
BLOCK00/SES004/SA004S26	SES148	-2.35702	-43.1005	-40.7435
BLOCK00/SES004/SA004S26	SES292	-1.49388	-42.2374	-40.7435
BLOCK00/SES004/SA004S28	SES083	-2.43812	-42.7345	-40.2964
BLOCK00/SES004/SA004S28	SES127	-1.58435	-41.8808	-40.2964
BLOCK00/SES004/SA004S28	SES187	-1.27652	-41.5729	-40.2964
BLOCK00/SES004/SA004S28	SES292	-2.4924	-42.7888	-40.2964
BLOCK00/SES006/SA006S10	SES014	-2.15991	-45.4492	-43.2893
BLOCK00/SES006/SA006S10	SES158	-0.424381	-43.7137	-43.2893
BLOCK00/SES006/SA006S10	SES226	-2.54595	-45.8352	-43.2893
BLOCK00/SES006/SA006S10	SES270	-0.390282	-43.6796	-43.2893
BLOCK00/SES006/SA006S11	SES158	-0.525249	-43.607	-43.0818
BLOCK00/SES006/SA006S11	SES226	-1.82037	-44.9021	-43.0818
BLOCK00/SES006/SA006S11	SES270	-0.202782	-43.2845	-43.0818
BLOCK00/SES006/SA006S11	SES275	-3.06636	-46.1481	-43.0818
BLOCK00/SES006/SA006S23	SES062	-1.26561	-43.4356	-42.17
BLOCK00/SES006/SA006S23	SES105	-2.40081	-44.5708	-42.17
BLOCK00/SES006/SA006S23	SES158	-0.520805	-42.6908	-42.17
BLOCK00/SES006/SA006S23	SES275	-2.17713	-44.3472	-42.17
BLOCK00/SES006/SA006S26	SES104	-1.79836	-43.5606	-41.7622
BLOCK00/SES006/SA006S26	SES158	-0.259525	-42.0217	-41.7622
BLOCK00/SES006/SA006S26	SES270	0.213333	-41.5489	-41.7622
BLOCK00/SES006/SA006S26	SES275	-3.14132	-44.9035	-41.7622
BLOCK00/SES006/SA006S28	SES007	-2.28477	-44.9273	-42.6425
BLOCK00/SES006/SA006S28	SES105	-2.85421	-45.4967	-42.6425
BLOCK00/SES006/SA006S28	SES158	-1.12843	-43.7709	-42.6425
BLOCK00/SES006/SA006S28	SES275	-3.0965	-45.739	-42.6425
BLOCK00/SES009/SA009S12	SES083	-1.72753	-42.5627	-40.8352
BLOCK00/SES009/SA009S12	SES148	-1.39919	-42.2344	-40.8352
BLOCK00/SES009/SA009S12	SES177	-1.24414	-42.0793	-40.8352
BLOCK00/SES009/SA009S12	SES292	-1.10959	-41.9448	-40.8352
BLOCK00/SES009/SA009S15	SES007	-0.114258	-40.204	-40.0897
BLOCK00/SES009/SA009S15	SES099	-3.64706	-43.7368	-40.0897
BLOCK00/SES009/SA009S15	SES148	-2.02748	-42.1172	-40.0897
BLOCK00/SES009/SA009S15	SES172	-1.94053	-42.0303	-40.0897
BLOCK00/SES009/SA009S24	SES146	-1.17406	-41.5016	-40.3275
BLOCK00/SES009/SA009S24	SES148	-1.69993	-42.0274	-40.3275
BLOCK00/SES009/SA009S24	SES177	-1.28769	-41.6152	-40.3275
BLOCK00/SES009/SA009S24	SES292	-1.25844	-41.5859	-40.3275
BLOCK00/SES009/SA009S26	SES083	-2.3879	-43.2899	-40.902
BLOCK00/SES009/SA009S26	SES101	-1.78954	-42.6916	-40.902
BLOCK00/SES009/SA009S26	SES120	-1.12195	-42.024	-40.902
BLOCK00/SES009/SA009S26	SES177	-1.56119	-42.4632	-40.902
BLOCK00/SES009/SA009S29	SES083	-1.47811	-41.8623	-40.3841
BLOCK00/SES009/SA009S29	SES101	-1.34379	-41.7279	-40.3841
BLOCK00/SES009/SA009S29	SES177	-1.2346	-41.6187	-40.3841
BLOCK00/SES009/SA009S29	SES292	-1.63134	-42.0155	-40.3841
BLOCK01/SES011/SA011S10	SES019	-0.869904	-42.5957	-41.7258
BLOCK01/SES011/SA011S10	SES042	-0.387028	-42.1128	-41.7258
BLOCK01/SES011/SA011S10	SES082	-2.25835	-43.9841	-41.7258
BLOCK01/SES011/SA011S10	SES206	-0.59185	-42.3176	-41.7258
BLOCK01/SES011/SA011S11	SES019	-0.907692	-42.659	-41.7513
BLOCK01/SES011/SA011S11	SES042	-1.40046	-43.1517	-41.7513
BLOCK01/SES011/SA011S11	SES082	-2.65386	-44.4051	-41.7513
BLOCK01/SES011/SA011S11	SES206	-0.496807	-42.2481	-41.7513
BLOCK01/SES011/SA011S22	SES019	-0.483852	-42.1836	-41.6998
BLOCK01/SES011/SA011S22	SES042	-0.702625	-42.4024	-41.6998
BLOCK01/SES011/SA011S22	SES082	-1.64552	-43.3453	-41.6998
BLOCK01/SES011/SA011S22	SES206	-0.278275	-41.9781	-41.6998
BLOCK01/SES011/SA011S24	SES019	-0.664951	-41.8651	-41.2001
BLOCK01/SES011/SA011S24	SES042	-0.162807	-41.363	-41.2001
BLOCK01/SES011/SA011S24	SES104	-1.19982	-42.4	-41.2001
BLOCK01/SES011/SA011S24	SES206	-0.00136185	-41.2015	-41.2001
BLOCK01/SES011/SA011S27	SES082	0.283062	-40.821	-41.104
BLOCK01/SES011/SA011S27	SES087	-0.959389	-42.0634	-41.104
BLOCK01/SES011/SA011S27	SES125	-0.44936	-41.5534	-41.104
BLOCK01/SES011/SA011S27	SES206	-0.13443	-41.2385	-41.104
BLOCK01/SES012/SA012S11	SES007	-1.50475	-41.6742	-40.1695
BLOCK01/SES012/SA012S11	SES082	-1.20533	-41.3748	-40.1695
BLOCK01/SES012/SA012S11	SES083	-2.0775	-42.247	-40.1695
BLOCK01/SES012/SA012S11	SES206	-0.86327	-41.0327	-40.1695
BLOCK01/SES012/SA012S14	SES082	-1.18036	-42.071	-40.8906
BLOCK01/SES012/SA012S14	SES087	-1.63195	-42.5226	-40.8906
BLOCK01/SES012/SA012S14	SES206	-0.716042	-41.6067	-40.8906
BLOCK01/SES012/SA012S14	SES292	-2.21768	-43.1083	-40.8906
BLOCK01/SES012/SA012S24	SES082	-0.0888824	-41.9372	-41.8483
BLOCK01/SES012/SA012S24	SES087	-1.32263	-43.1709	-41.8483
BLOCK01/SES012/SA012S24	SES120	-3.90899	-45.7573	-41.8483
BLOCK01/SES012/SA012S24	SES206	-0.297058	-42.1454	-41.8483
BLOCK01/SES012/SA012S26	SES019	-1.96325	-42.978	-41.0147
BLOCK01/SES012/SA012S26	SES082	-1.79196	-42.8067	-41.0147
BLOCK01/SES012/SA012S26	SES206	-0.397469	-41.4122	-41.0147
BLOCK01/SES012/SA012S26	SES292	-2.27359	-43.2883	-41.0147
BLOCK01/SES012/SA012S29	SES062	-1.35541	-41.8256	-40.4702
BLOCK01/SES012/SA012S29	SES082	-1.29058	-41.7608	-40.4702
BLOCK01/SES012/SA012S29	SES083	-2.02098	-42.4912	-40.4702
BLOCK01/SES012/SA012S29	SES206	-1.13665	-41.6068	-40.4702
BLOCK01/SES013/SA013S16	SES062	-2.56018	-43.6479	-41.0877
BLOCK01/SES013/SA013S16	SES106	-0.501019	-41.5887	-41.0877
BLOCK01/SES013/SA013S16	SES206	-1.04304	-42.1307	-41.0877
BLOCK01/SES013/SA013S16	SES226	-0.543922	-41.6316	-41.0877
BLOCK01/SES013/SA013S17	SES062	-2.34834	-42.8222	-40.4739
BLOCK01/SES013/SA013S17	SES106	-1.08587	-41.5598	-40.4739
BLOCK01/SES013/SA013S17	SES206	-0.548817	-41.0227	-40.4739
BLOCK01/SES013/SA013S17	SES226	0.292709	-40.1812	-40.4739
BLOCK01/SES013/SA013S23	SES104	-0.775982	-42.189	-41.4131
BLOCK01/SES013/SA013S23	SES106	-0.191547	-41.6046	-41.4131
BLOCK01/SES013/SA013S23	SES206	-0.493958	-41.907	-41.4131
BLOCK01/SES013/SA013S23	SES270	-0.30196	-41.715	-41.4131
BLOCK01/SES013/SA013S25	SES042	-1.55936	-42.3928	-40.8335
BLOCK01/SES013/SA013S25	SES104	-0.71669	-41.5502	-40.8335
BLOCK01/SES013/SA013S25	SES106	0.0216103	-40.8119	-40.8335
BLOCK01/SES013/SA013S25	SES206	-0.769638	-41.6031	-40.8335
BLOCK01/SES013/SA013S29	SES062	-2.6425	-43.7867	-41.1442
BLOCK01/SES013/SA013S29	SES104	-1.18723	-42.3315	-41.1442
BLOCK01/SES013/SA013S29	SES106	-0.104542	-41.2488	-41.1442
BLOCK01/SES013/SA013S29	SES206	-1.14014	-42.2844	-41.1442
BLOCK02/SES021/SA021S13	SES016	-3.45342	-43.8112	-40.3578
BLOCK02/SES021/SA021S13	SES029	-2.66666	-43.0244	-40.3578
BLOCK02/SES021/SA021S13	SES087	-1.53464	-41.8924	-40.3578
BLOCK02/SES021/SA021S13	SES206	-0.223492	-40.5813	-40.3578
BLOCK02/SES021/SA021S15	SES087	-1.0363	-40.3295	-39.2932
BLOCK02/SES021/SA021S15	SES125	-0.548534	-39.8417	-39.2932
BLOCK02/SES021/SA021S15	SES206	-0.311588	-39.6048	-39.2932
BLOCK02/SES021/SA021S15	SES226	-1.73381	-41.027	-39.2932
BLOCK02/SES021/SA021S23	SES062	-2.2766	-43.6409	-41.3643
BLOCK02/SES021/SA021S23	SES087	-1.32166	-42.6859	-41.3643
BLOCK02/SES021/SA021S23	SES206	-0.809071	-42.1733	-41.3643
BLOCK02/SES021/SA021S23	SES226	-0.709061	-42.0733	-41.3643
BLOCK02/SES021/SA021S27	SES002	-1.02394	-41.1552	-40.1312
BLOCK02/SES021/SA021S27	SES016	-4.13272	-44.264	-40.1312
BLOCK02/SES021/SA021S27	SES019	-1.81412	-41.9453	-40.1312
BLOCK02/SES021/SA021S27	SES062	-1.19123	-41.3225	-40.1312
BLOCK02/SES021/SA021S29	SES087	-1.36858	-41.2553	-39.8867
BLOCK02/SES021/SA021S29	SES125	-0.897022	-40.7837	-39.8867
BLOCK02/SES021/SA021S29	SES206	-0.645435	-40.5321	-39.8867
BLOCK02/SES021/SA021S29	SES226	-0.97105	-40.8577	-39.8867
BLOCK04/SES043/SA043S09	SES083	-1.9845	-44.0211	-42.0366
BLOCK04/SES043/SA043S09	SES101	-2.30856	-44.3452	-42.0366
BLOCK04/SES043/SA043S09	SES144	-0.541344	-42.578	-42.0366
BLOCK04/SES043/SA043S09	SES172	-2.8794	-44.916	-42.0366
BLOCK04/SES043/SA043S11	SES083	-1.01001	-41.7639	-40.7539
BLOCK04/SES043/SA043S11	SES101	-1.28556	-42.0394	-40.7539
BLOCK04/SES043/SA043S11	SES144	-0.466614	-41.2205	-40.7539
BLOCK04/SES043/SA043S11	SES172	-1.39471	-42.1486	-40.7539
BLOCK04/SES043/SA043S23	SES083	-0.826389	-41.9806	-41.1542
BLOCK04/SES043/SA043S23	SES144	0.0232086	-41.131	-41.1542
BLOCK04/SES043/SA043S23	SES177	-1.92768	-43.0819	-41.1542
BLOCK04/SES043/SA043S23	SES275	-0.639904	-41.7941	-41.1542
BLOCK04/SES043/SA043S26	SES083	-1.20048	-42.426	-41.2255
BLOCK04/SES043/SA043S26	SES101	-1.64953	-42.875	-41.2255
BLOCK04/SES043/SA043S26	SES144	-0.511288	-41.7368	-41.2255
BLOCK04/SES043/SA043S26	SES177	-1.73769	-42.9632	-41.2255
BLOCK04/SES043/SA043S28	SES016	-1.69592	-42.3695	-40.6735
BLOCK04/SES043/SA043S28	SES083	-1.01045	-41.684	-40.6735
BLOCK04/SES043/SA043S28	SES101	-1.1774	-41.8509	-40.6735
BLOCK04/SES043/SA043S28	SES144	-0.823723	-41.4973	-40.6735
BLOCK04/SES044/SA044S10	SES127	-2.80667	-46.3443	-43.5376
BLOCK04/SES044/SA044S10	SES144	-0.382133	-43.9198	-43.5376
BLOCK04/SES044/SA044S10	SES147	-2.60641	-46.144	-43.5376
BLOCK04/SES044/SA044S10	SES148	-2.88537	-46.423	-43.5376
BLOCK04/SES044/SA044S11	SES101	-2.16256	-44.8017	-42.6392
BLOCK04/SES044/SA044S11	SES144	0.0157051	-42.6234	-42.6392
BLOCK04/SES044/SA044S11	SES147	-1.74816	-44.3873	-42.6392
BLOCK04/SES044/SA044S11	SES177	-1.94944	-44.5886	-42.6392
BLOCK04/SES044/SA044S24	SES007	-2.13932	-44.1779	-42.0385
BLOCK04/SES044/SA044S24	SES101	-1.29878	-43.3373	-42.0385
BLOCK04/SES044/SA044S24	SES147	-1.75735	-43.7959	-42.0385
BLOCK04/SES044/SA044S24	SES177	-1.28945	-43.328	-42.0385
BLOCK04/SES044/SA044S26	SES007	-1.73861	-43.5971	-41.8585
BLOCK04/SES044/SA044S26	SES016	-0.979122	-42.8376	-41.8585
BLOCK04/SES044/SA044S26	SES101	-1.05423	-42.9128	-41.8585
BLOCK04/SES044/SA044S26	SES147	-1.07129	-42.9298	-41.8585
BLOCK04/SES044/SA044S29	SES007	-1.36474	-42.2064	-40.8417
BLOCK04/SES044/SA044S29	SES101	-1.10783	-41.9495	-40.8417
BLOCK04/SES044/SA044S29	SES147	-2.15543	-42.9971	-40.8417
BLOCK04/SES044/SA044S29	SES177	-1.91541	-42.7571	-40.8417
BLOCK04/SES046/SA046S13	SES101	-2.74469	-44.701	-41.9563
BLOCK04/SES046/SA046S13	SES144	-1.03433	-42.9906	-41.9563
BLOCK04/SES046/SA046S13	SES147	-2.65926	-44.6156	-41.9563
BLOCK04/SES046/SA046S13	SES177	-1.56141	-43.5177	-41.9563
BLOCK04/SES046/SA046S15	SES048	-2.09454	-42.5664	-40.4718
BLOCK04/SES046/SA046S15	SES083	-1.27841	-41.7502	-40.4718
BLOCK04/SES046/SA046S15	SES120	-2.57061	-43.0424	-40.4718
BLOCK04/SES046/SA046S15	SES148	-1.16228	-41.6341	-40.4718
BLOCK04/SES046/SA046S22	SES101	-1.42345	-42.8812	-41.4577
BLOCK04/SES046/SA046S22	SES144	-1.13111	-42.5888	-41.4577
BLOCK04/SES046/SA046S22	SES147	-3.00701	-44.4647	-41.4577
BLOCK04/SES046/SA046S22	SES172	-0.995613	-42.4533	-41.4577
BLOCK04/SES046/SA046S25	SES083	-1.57716	-42.7486	-41.1715
BLOCK04/SES046/SA046S25	SES127	-1.28801	-42.4595	-41.1715
BLOCK04/SES046/SA046S25	SES144	-1.35547	-42.527	-41.1715
BLOCK04/SES046/SA046S25	SES148	-0.860527	-42.032	-41.1715
BLOCK04/SES046/SA046S28	SES007	-2.36951	-44.4078	-42.0383
BLOCK04/SES046/SA046S28	SES105	-2.12023	-44.1585	-42.0383
BLOCK04/SES046/SA046S28	SES147	-1.95438	-43.9927	-42.0383
BLOCK04/SES046/SA046S28	SES148	-1.52076	-43.559	-42.0383
BLOCK04/SES049/SA049S16	SES104	-1.18268	-43.4035	-42.2208
BLOCK04/SES049/SA049S16	SES106	-0.932323	-43.1531	-42.2208
BLOCK04/SES049/SA049S16	SES120	-3.33695	-45.5577	-42.2208
BLOCK04/SES049/SA049S16	SES206	-1.31314	-43.5339	-42.2208
BLOCK04/SES049/SA049S18	SES099	0.0529747	-43.0531	-43.1061
BLOCK04/SES049/SA049S18	SES104	-1.59616	-44.7022	-43.1061
BLOCK04/SES049/SA049S18	SES125	-1.72622	-44.8323	-43.1061
BLOCK04/SES049/SA049S18	SES206	-1.62757	-44.7336	-43.1061
BLOCK04/SES049/SA049S25	SES087	-0.722038	-42.6866	-41.9646
BLOCK04/SES049/SA049S25	SES104	-1.01023	-42.9748	-41.9646
BLOCK04/SES049/SA049S25	SES125	-1.22372	-43.1883	-41.9646
BLOCK04/SES049/SA049S25	SES206	-0.384079	-42.3487	-41.9646
BLOCK04/SES049/SA049S27	SES099	-0.100914	-41.6016	-41.5007
BLOCK04/SES049/SA049S27	SES104	-0.308617	-41.8093	-41.5007
BLOCK04/SES049/SA049S27	SES125	-0.816353	-42.3171	-41.5007
BLOCK04/SES049/SA049S27	SES206	-0.766312	-42.267	-41.5007
BLOCK04/SES049/SA049S29	SES099	0.202572	-40.1859	-40.3885
BLOCK04/SES049/SA049S29	SES104	-0.106289	-40.4948	-40.3885
BLOCK04/SES049/SA049S29	SES125	-0.934139	-41.3226	-40.3885
BLOCK04/SES049/SA049S29	SES206	-0.136295	-40.5248	-40.3885
BLOCK06/SES063/SA063S09	SES068	-1.51345	-42.7496	-41.2362
BLOCK06/SES063/SA063S09	SES083	-0.436398	-41.6726	-41.2362
BLOCK06/SES063/SA063S09	SES177	-0.918285	-42.1544	-41.2362
BLOCK06/SES063/SA063S09	SES187	-1.31125	-42.5474	-41.2362
BLOCK06/SES063/SA063S10	SES068	-1.62485	-43.3658	-41.741
BLOCK06/SES063/SA063S10	SES083	-0.583794	-42.3248	-41.741
BLOCK06/SES063/SA063S10	SES172	-0.916103	-42.6571	-41.741
BLOCK06/SES063/SA063S10	SES187	-0.817989	-42.559	-41.741
BLOCK06/SES063/SA063S20	SES068	-1.90259	-43.3797	-41.4771
BLOCK06/SES063/SA063S20	SES083	-0.946484	-42.4236	-41.4771
BLOCK06/SES063/SA063S20	SES172	-1.05714	-42.5343	-41.4771
BLOCK06/SES063/SA063S20	SES187	-0.465202	-41.9423	-41.4771
BLOCK06/SES063/SA063S24	SES029	-2.71307	-43.579	-40.8659
BLOCK06/SES063/SA063S24	SES083	-0.143528	-41.0094	-40.8659
BLOCK06/SES063/SA063S24	SES177	-0.966827	-41.8327	-40.8659
BLOCK06/SES063/SA063S24	SES189	-1.37236	-42.2383	-40.8659
BLOCK06/SES063/SA063S27	SES083	0.0803604	-42.2875	-42.3679
BLOCK06/SES063/SA063S27	SES172	-0.264153	-42.632	-42.3679
BLOCK06/SES063/SA063S27	SES187	-1.76949	-44.1374	-42.3679
BLOCK06/SES063/SA063S27	SES292	-1.44645	-43.8143	-42.3679
BLOCK06/SES067/SA067S12	SES083	-1.90121	-42.7376	-40.8363
BLOCK06/SES067/SA067S12	SES172	-2.69084	-43.5272	-40.8363
BLOCK06/SES067/SA067S12	SES202	-0.177952	-41.0143	-40.8363
BLOCK06/SES067/SA067S12	SES292	-1.68764	-42.524	-40.8363
BLOCK06/SES067/SA067S14	SES085	-1.72746	-42.114	-40.3866
BLOCK06/SES067/SA067S14	SES177	-1.3978	-41.7844	-40.3866
BLOCK06/SES067/SA067S14	SES183	-1.17267	-41.5592	-40.3866
BLOCK06/SES067/SA067S14	SES202	-0.473381	-40.8599	-40.3866
BLOCK06/SES067/SA067S21	SES144	-1.50991	-42.999	-41.4891
BLOCK06/SES067/SA067S21	SES177	-1.03617	-42.5253	-41.4891
BLOCK06/SES067/SA067S21	SES183	-2.79806	-44.2871	-41.4891
BLOCK06/SES067/SA067S21	SES189	-0.964382	-42.4535	-41.4891
BLOCK06/SES067/SA067S25	SES085	-0.993519	-42.0387	-41.0452
BLOCK06/SES067/SA067S25	SES177	-1.36635	-42.4115	-41.0452
BLOCK06/SES067/SA067S25	SES183	-1.55012	-42.5953	-41.0452
BLOCK06/SES067/SA067S25	SES202	-0.986748	-42.0319	-41.0452
BLOCK06/SES067/SA067S29	SES085	-1.04242	-42.0673	-41.0248
BLOCK06/SES067/SA067S29	SES177	-1.93072	-42.9556	-41.0248
BLOCK06/SES067/SA067S29	SES183	-1.43244	-42.4573	-41.0248
BLOCK06/SES067/SA067S29	SES202	0.248974	-40.7759	-41.0248
BLOCK06/SES069/SA069S12	SES029	-2.54953	-43.189	-40.6395
BLOCK06/SES069/SA069S12	SES082	-0.816071	-41.4556	-40.6395
BLOCK06/SES069/SA069S12	SES087	-1.57332	-42.2128	-40.6395
BLOCK06/SES069/SA069S12	SES206	-0.694988	-41.3345	-40.6395
BLOCK06/SES069/SA069S13	SES029	-2.51408	-43.3799	-40.8658
BLOCK06/SES069/SA069S13	SES087	-2.04768	-42.9135	-40.8658
BLOCK06/SES069/SA069S13	SES206	-1.75251	-42.6183	-40.8658
BLOCK06/SES069/SA069S13	SES226	-1.45502	-42.3208	-40.8658
BLOCK06/SES069/SA069S23	SES029	-1.82832	-41.3635	-39.5351
BLOCK06/SES069/SA069S23	SES087	-1.5577	-41.0928	-39.5351
BLOCK06/SES069/SA069S23	SES206	-1.33887	-40.874	-39.5351
BLOCK06/SES069/SA069S23	SES226	-0.862358	-40.3975	-39.5351
BLOCK06/SES069/SA069S25	SES087	-1.57475	-41.627	-40.0522
BLOCK06/SES069/SA069S25	SES206	-1.75766	-41.8099	-40.0522
BLOCK06/SES069/SA069S25	SES226	-0.962154	-41.0144	-40.0522
BLOCK06/SES069/SA069S25	SES270	-0.854061	-40.9063	-40.0522
BLOCK06/SES069/SA069S27	SES087	-1.87577	-42.0745	-40.1987
BLOCK06/SES069/SA069S27	SES206	-0.193066	-40.3918	-40.1987
BLOCK06/SES069/SA069S27	SES226	-0.392235	-40.5909	-40.1987
BLOCK06/SES069/SA069S27	SES270	-0.480511	-40.6792	-40.1987
BLOCK08/SES081/SA081S11	SES060	-1.48377	-42.3797	-40.8959
BLOCK08/SES081/SA081S11	SES062	-3.30877	-44.2047	-40.8959
BLOCK08/SES081/SA081S11	SES117	-2.4823	-43.3782	-40.8959
BLOCK08/SES081/SA081S11	SES162	-2.26177	-43.1577	-40.8959
BLOCK08/SES081/SA081S13	SES016	-1.52999	-41.7988	-40.2688
BLOCK08/SES081/SA081S13	SES060	-0.664452	-40.9333	-40.2688
BLOCK08/SES081/SA081S13	SES068	-0.673481	-40.9423	-40.2688
BLOCK08/SES081/SA081S13	SES129	-1.95274	-42.2215	-40.2688
BLOCK08/SES081/SA081S24	SES060	-1.04202	-41.4954	-40.4533
BLOCK08/SES081/SA081S24	SES068	-0.705463	-41.1588	-40.4533
BLOCK08/SES081/SA081S24	SES117	-1.78133	-42.2347	-40.4533
BLOCK08/SES081/SA081S24	SES275	-1.4652	-41.9185	-40.4533
BLOCK08/SES081/SA081S27	SES007	-0.719128	-41.4959	-40.7768
BLOCK08/SES081/SA081S27	SES060	-1.57238	-42.3492	-40.7768
BLOCK08/SES081/SA081S27	SES117	-0.983139	-41.7599	-40.7768
BLOCK08/SES081/SA081S27	SES275	-1.50537	-42.2821	-40.7768
BLOCK08/SES081/SA081S29	SES007	-1.33311	-41.6869	-40.3538
BLOCK08/SES081/SA081S29	SES060	-1.03543	-41.3892	-40.3538
BLOCK08/SES081/SA081S29	SES117	-1.58365	-41.9374	-40.3538
BLOCK08/SES081/SA081S29	SES275	-1.9644	-42.3182	-40.3538
BLOCK08/SES086/SA086S11	SES029	-3.75497	-46.4438	-42.6888
BLOCK08/SES086/SA086S11	SES082	-1.89702	-44.5858	-42.6888
BLOCK08/SES086/SA086S11	SES087	-0.779129	-43.4679	-42.6888
BLOCK08/SES086/SA086S11	SES206	-2.0542	-44.743	-42.6888
BLOCK08/SES086/SA086S12	SES029	-3.96911	-46.1392	-42.1701
BLOCK08/SES086/SA086S12	SES082	-2.12497	-44.2951	-42.1701
BLOCK08/SES086/SA086S12	SES087	0.303463	-41.8667	-42.1701
BLOCK08/SES086/SA086S12	SES206	-1.11036	-43.2805	-42.1701
BLOCK08/SES086/SA086S20	SES029	-3.78292	-44.5413	-40.7583
BLOCK08/SES086/SA086S20	SES082	-1.99339	-42.7517	-40.7583
BLOCK08/SES086/SA086S20	SES087	0.401669	-40.3567	-40.7583
BLOCK08/SES086/SA086S20	SES206	-0.439659	-41.198	-40.7583
BLOCK08/SES086/SA086S24	SES087	-0.140324	-41.9944	-41.8541
BLOCK08/SES086/SA086S24	SES104	-1.43728	-43.2914	-41.8541
BLOCK08/SES086/SA086S24	SES120	-3.72383	-45.5779	-41.8541
BLOCK08/SES086/SA086S24	SES206	-0.297695	-42.1518	-41.8541
BLOCK08/SES086/SA086S28	SES029	-3.03449	-43.8581	-40.8236
BLOCK08/SES086/SA086S28	SES082	-1.77921	-42.6028	-40.8236
BLOCK08/SES086/SA086S28	SES087	-0.0563202	-40.8799	-40.8236
BLOCK08/SES086/SA086S28	SES206	-0.891403	-41.715	-40.8236
BLOCK08/SES089/SA089S13	SES087	-1.40952	-42.7261	-41.3166
BLOCK08/SES089/SA089S13	SES206	-1.59138	-42.9079	-41.3166
BLOCK08/SES089/SA089S13	SES226	-1.68735	-43.0039	-41.3166
BLOCK08/SES089/SA089S13	SES270	-2.24485	-43.5614	-41.3166
BLOCK08/SES089/SA089S14	SES062	-1.664	-42.7128	-41.0488
BLOCK08/SES089/SA089S14	SES087	-0.539642	-41.5885	-41.0488
BLOCK08/SES089/SA089S14	SES206	-0.444313	-41.4931	-41.0488
BLOCK08/SES089/SA089S14	SES226	-0.833061	-41.8819	-41.0488
BLOCK08/SES089/SA089S23	SES087	-0.420536	-42.1982	-41.7777
BLOCK08/SES089/SA089S23	SES206	-0.610573	-42.3883	-41.7777
BLOCK08/SES089/SA089S23	SES226	-1.15321	-42.9309	-41.7777
BLOCK08/SES089/SA089S23	SES270	-1.68983	-43.4675	-41.7777
BLOCK08/SES089/SA089S25	SES062	-1.84616	-42.8853	-41.0391
BLOCK08/SES089/SA089S25	SES087	-0.183987	-41.2231	-41.0391
BLOCK08/SES089/SA089S25	SES206	-0.490955	-41.5301	-41.0391
BLOCK08/SES089/SA089S25	SES226	-0.830967	-41.8701	-41.0391
BLOCK08/SES089/SA089S28	SES062	-1.24184	-42.2807	-41.0389
BLOCK08/SES089/SA089S28	SES087	-0.409496	-41.4484	-41.0389
BLOCK08/SES089/SA089S28	SES206	-0.336803	-41.3757	-41.0389
BLOCK08/SES089/SA089S28	SES226	-0.841511	-41.8804	-41.0389
BLOCK09/SES097/SA097S11	SES099	0.108311	-41.5462	-41.6545
BLOCK09/SES097/SA097S11	SES125	-1.63473	-43.2892	-41.6545
BLOCK09/SES097/SA097S11	SES206	-1.3845	-43.039	-41.6545
BLOCK09/SES097/SA097S11	SES226	-0.482021	-42.1365	-41.6545
BLOCK09/SES097/SA097S14	SES062	-1.6808	-43.0667	-41.3859
BLOCK09/SES097/SA097S14	SES099	-0.129566	-41.5154	-41.3859
BLOCK09/SES097/SA097S14	SES104	-1.20883	-42.5947	-41.3859
BLOCK09/SES097/SA097S14	SES206	-0.897263	-42.2831	-41.3859
BLOCK09/SES097/SA097S22	SES099	0.504345	-41.0803	-41.5846
BLOCK09/SES097/SA097S22	SES206	-0.902359	-42.487	-41.5846
BLOCK09/SES097/SA097S22	SES226	-1.25674	-42.8414	-41.5846
BLOCK09/SES097/SA097S22	SES270	-0.0421562	-41.6268	-41.5846
BLOCK09/SES097/SA097S26	SES099	0.224018	-40.7975	-41.0215
BLOCK09/SES097/SA097S26	SES120	-2.84505	-43.8665	-41.0215
BLOCK09/SES097/SA097S26	SES206	-0.820358	-41.8418	-41.0215
BLOCK09/SES097/SA097S26	SES226	-1.46444	-42.4859	-41.0215
BLOCK09/SES097/SA097S28	SES099	-0.349537	-41.7602	-41.4106
BLOCK09/SES097/SA097S28	SES120	-2.68457	-44.0952	-41.4106
BLOCK09/SES097/SA097S28	SES206	-1.7128	-43.1234	-41.4106
BLOCK09/SES097/SA097S28	SES226	-1.62949	-43.0401	-41.4106
BLOCK09/SES098/SA098S11	SES127	-2.25798	-44.3536	-42.0956
BLOCK09/SES098/SA098S11	SES144	-1.27478	-43.3704	-42.0956
BLOCK09/SES098/SA098S11	SES147	-0.731533	-42.8272	-42.0956
BLOCK09/SES098/SA098S11	SES148	-2.90242	-44.9981	-42.0956
BLOCK09/SES098/SA098S12	SES127	-3.56839	-46.8758	-43.3074
BLOCK09/SES098/SA098S12	SES144	-1.21705	-44.5245	-43.3074
BLOCK09/SES098/SA098S12	SES147	-2.29106	-45.5985	-43.3074
BLOCK09/SES098/SA098S12	SES189	-0.847157	-44.1546	-43.3074
BLOCK09/SES098/SA098S20	SES127	-2.79948	-45.4036	-42.6041
BLOCK09/SES098/SA098S20	SES147	-1.93066	-44.5348	-42.6041
BLOCK09/SES098/SA098S20	SES148	-3.23312	-45.8372	-42.6041
BLOCK09/SES098/SA098S20	SES292	-3.71036	-46.3145	-42.6041
BLOCK09/SES098/SA098S23	SES127	-2.16886	-44.2694	-42.1006
BLOCK09/SES098/SA098S23	SES147	-0.915291	-43.0159	-42.1006
BLOCK09/SES098/SA098S23	SES187	-1.08134	-43.1819	-42.1006
BLOCK09/SES098/SA098S23	SES292	-2.20827	-44.3088	-42.1006
BLOCK09/SES098/SA098S27	SES127	-2.78141	-45.0513	-42.2699
BLOCK09/SES098/SA098S27	SES147	-2.18492	-44.4548	-42.2699
BLOCK09/SES098/SA098S27	SES148	-2.97849	-45.2484	-42.2699
BLOCK09/SES098/SA098S27	SES292	-2.78952	-45.0594	-42.2699
BLOCK10/SES102/SA102S13	SES101	-0.736954	-43.0831	-42.3462
BLOCK10/SES102/SA102S13	SES105	-2.05171	-44.3979	-42.3462
BLOCK10/SES102/SA102S13	SES120	-1.34987	-43.696	-42.3462
BLOCK10/SES102/SA102S13	SES158	-6.01883	-48.365	-42.3462
BLOCK10/SES102/SA102S14	SES007	-0.609249	-41.2829	-40.6736
BLOCK10/SES102/SA102S14	SES101	-0.532635	-41.2063	-40.6736
BLOCK10/SES102/SA102S14	SES105	-0.935928	-41.6096	-40.6736
BLOCK10/SES102/SA102S14	SES147	-1.80449	-42.4781	-40.6736
BLOCK10/SES102/SA102S22	SES007	-1.67863	-42.5201	-40.8415
BLOCK10/SES102/SA102S22	SES101	-0.42131	-41.2628	-40.8415
BLOCK10/SES102/SA102S22	SES105	-0.873028	-41.7145	-40.8415
BLOCK10/SES102/SA102S22	SES158	-3.9971	-44.8386	-40.8415
BLOCK10/SES102/SA102S25	SES007	-0.837173	-41.8409	-41.0038
BLOCK10/SES102/SA102S25	SES101	-0.485813	-41.4896	-41.0038
BLOCK10/SES102/SA102S25	SES105	-0.976032	-41.9798	-41.0038
BLOCK10/SES102/SA102S25	SES147	-2.48352	-43.4873	-41.0038
BLOCK10/SES102/SA102S27	SES007	-1.17982	-42.5875	-41.4077
BLOCK10/SES102/SA102S27	SES101	-0.687035	-42.0947	-41.4077
BLOCK10/SES102/SA102S27	SES105	-1.28537	-42.6931	-41.4077
BLOCK10/SES102/SA102S27	SES147	-1.44732	-42.855	-41.4077
BLOCK10/SES103/SA103S14	SES105	-1.84833	-44.4473	-42.599
BLOCK10/SES103/SA103S14	SES106	-0.33712	-42.9361	-42.599
BLOCK10/SES103/SA103S14	SES120	-3.43871	-46.0377	-42.599
BLOCK10/SES103/SA103S14	SES206	-1.29749	-43.8965	-42.599
BLOCK10/SES103/SA103S15	SES099	-0.607536	-43.7014	-43.0938
BLOCK10/SES103/SA103S15	SES101	-3.98064	-47.0745	-43.0938
BLOCK10/SES103/SA103S15	SES104	-0.913914	-44.0077	-43.0938
BLOCK10/SES103/SA103S15	SES125	-0.573727	-43.6676	-43.0938
BLOCK10/SES103/SA103S24	SES104	-1.01114	-42.8783	-41.8672
BLOCK10/SES103/SA103S24	SES125	-0.697617	-42.5648	-41.8672
BLOCK10/SES103/SA103S24	SES148	-2.24817	-44.1154	-41.8672
BLOCK10/SES103/SA103S24	SES158	-0.299835	-42.167	-41.8672
BLOCK10/SES103/SA103S26	SES104	-1.12218	-43.5315	-42.4093
BLOCK10/SES103/SA103S26	SES106	-0.748386	-43.1577	-42.4093
BLOCK10/SES103/SA103S26	SES125	-0.956043	-43.3654	-42.4093
BLOCK10/SES103/SA103S26	SES148	-2.59713	-45.0065	-42.4093
BLOCK10/SES103/SA103S28	SES104	-1.6171	-44.0515	-42.4344
BLOCK10/SES103/SA103S28	SES106	-0.901508	-43.3359	-42.4344
BLOCK10/SES103/SA103S28	SES125	-1.42465	-43.8591	-42.4344
BLOCK10/SES103/SA103S28	SES206	-1.93933	-44.3737	-42.4344
BLOCK12/SES121/SA121S12	SES042	-1.45139	-44.8566	-43.4052
BLOCK12/SES121/SA121S12	SES087	-0.877167	-44.2824	-43.4052
BLOCK12/SES121/SA121S12	SES105	-1.09328	-44.4985	-43.4052
BLOCK12/SES121/SA121S12	SES206	-0.688148	-44.0934	-43.4052
BLOCK12/SES121/SA121S14	SES007	-2.54361	-46.3277	-43.7841
BLOCK12/SES121/SA121S14	SES105	-2.45805	-46.2421	-43.7841
BLOCK12/SES121/SA121S14	SES106	-0.951992	-44.736	-43.7841
BLOCK12/SES121/SA121S14	SES206	-1.50069	-45.2847	-43.7841
BLOCK12/SES121/SA121S23	SES105	-2.7277	-46.7009	-43.9732
BLOCK12/SES121/SA121S23	SES106	-0.804359	-44.7776	-43.9732
BLOCK12/SES121/SA121S23	SES120	-3.35375	-47.327	-43.9732
BLOCK12/SES121/SA121S23	SES206	-1.18779	-45.161	-43.9732
BLOCK12/SES121/SA121S25	SES007	-2.34403	-46.8722	-44.5281
BLOCK12/SES121/SA121S25	SES105	-2.7006	-47.2287	-44.5281
BLOCK12/SES121/SA121S25	SES106	-1.2402	-45.7683	-44.5281
BLOCK12/SES121/SA121S25	SES206	-1.79801	-46.3261	-44.5281
BLOCK12/SES121/SA121S27	SES087	-0.353577	-43.4263	-43.0727
BLOCK12/SES121/SA121S27	SES105	-3.48051	-46.5532	-43.0727
BLOCK12/SES121/SA121S27	SES120	-2.65542	-45.7282	-43.0727
BLOCK12/SES121/SA121S27	SES206	-1.17737	-44.2501	-43.0727
BLOCK12/SES124/SA124S16	SES042	-0.34515	-41.3913	-41.0462
BLOCK12/SES124/SA124S16	SES082	-0.763439	-41.8096	-41.0462
BLOCK12/SES124/SA124S16	SES183	-3.39364	-44.4398	-41.0462
BLOCK12/SES124/SA124S16	SES206	-1.03987	-42.086	-41.0462
BLOCK12/SES124/SA124S17	SES105	-2.09792	-44.2964	-42.1985
BLOCK12/SES124/SA124S17	SES149	-1.9773	-44.1758	-42.1985
BLOCK12/SES124/SA124S17	SES158	-2.31873	-44.5172	-42.1985
BLOCK12/SES124/SA124S17	SES275	-3.11234	-45.3109	-42.1985
BLOCK12/SES124/SA124S23	SES105	-2.01838	-42.039	-40.0206
BLOCK12/SES124/SA124S23	SES125	0.105907	-39.9147	-40.0206
BLOCK12/SES124/SA124S23	SES129	-3.3521	-43.3727	-40.0206
BLOCK12/SES124/SA124S23	SES158	-0.591545	-40.6122	-40.0206
BLOCK12/SES124/SA124S26	SES105	-2.71191	-43.4685	-40.7566
BLOCK12/SES124/SA124S26	SES125	0.059948	-40.6966	-40.7566
BLOCK12/SES124/SA124S26	SES129	-3.75312	-44.5097	-40.7566
BLOCK12/SES124/SA124S26	SES158	-0.875298	-41.6319	-40.7566
BLOCK12/SES124/SA124S28	SES104	-0.909554	-41.5323	-40.6227
BLOCK12/SES124/SA124S28	SES106	-0.326115	-40.9489	-40.6227
BLOCK12/SES124/SA124S28	SES125	-0.243027	-40.8658	-40.6227
BLOCK12/SES124/SA124S28	SES275	-3.27213	-43.8949	-40.6227
BLOCK12/SES126/SA126S13	SES007	-2.25026	-44.9983	-42.7481
BLOCK12/SES126/SA126S13	SES162	-1.80583	-44.5539	-42.7481
BLOCK12/SES126/SA126S13	SES177	-1.2863	-44.0344	-42.7481
BLOCK12/SES126/SA126S13	SES180	-2.10702	-44.8551	-42.7481
BLOCK12/SES126/SA126S14	SES144	-1.25886	-42.4865	-41.2276
BLOCK12/SES126/SA126S14	SES148	-1.94293	-43.1706	-41.2276
BLOCK12/SES126/SA126S14	SES177	-0.937717	-42.1653	-41.2276
BLOCK12/SES126/SA126S14	SES180	-1.53364	-42.7613	-41.2276
BLOCK12/SES126/SA126S20	SES007	-1.6799	-43.1984	-41.5185
BLOCK12/SES126/SA126S20	SES162	-1.89709	-43.4156	-41.5185
BLOCK12/SES126/SA126S20	SES172	-2.77188	-44.2904	-41.5185
BLOCK12/SES126/SA126S20	SES180	-2.58459	-44.1031	-41.5185
BLOCK12/SES126/SA126S24	SES120	-1.35242	-42.2872	-40.9348
BLOCK12/SES126/SA126S24	SES162	-1.33308	-42.2678	-40.9348
BLOCK12/SES126/SA126S24	SES177	-1.3555	-42.2903	-40.9348
BLOCK12/SES126/SA126S24	SES180	-1.21172	-42.1465	-40.9348
BLOCK12/SES126/SA126S26	SES120	-0.903633	-42.5897	-41.6861
BLOCK12/SES126/SA126S26	SES177	-1.3974	-43.0835	-41.6861
BLOCK12/SES126/SA126S26	SES180	-1.18407	-42.8701	-41.6861
BLOCK12/SES126/SA126S26	SES202	-2.63818	-44.3242	-41.6861
BLOCK12/SES128/SA128S10	SES087	-1.93447	-43.1182	-41.1838
BLOCK12/SES128/SA128S10	SES206	-1.30847	-42.4922	-41.1838
BLOCK12/SES128/SA128S10	SES226	-0.714077	-41.8978	-41.1838
BLOCK12/SES128/SA128S10	SES270	-0.60902	-41.7928	-41.1838
BLOCK12/SES128/SA128S12	SES120	-2.75268	-44.0758	-41.3231
BLOCK12/SES128/SA128S12	SES158	-1.09628	-42.4194	-41.3231
BLOCK12/SES128/SA128S12	SES206	-0.981342	-42.3044	-41.3231
BLOCK12/SES128/SA128S12	SES226	-1.13543	-42.4585	-41.3231
BLOCK12/SES128/SA128S21	SES106	-2.24092	-44.5402	-42.2993
BLOCK12/SES128/SA128S21	SES120	-2.50243	-44.8017	-42.2993
BLOCK12/SES128/SA128S21	SES206	-2.09257	-44.3919	-42.2993
BLOCK12/SES128/SA128S21	SES226	-1.20464	-43.504	-42.2993
BLOCK12/SES128/SA128S24	SES087	-1.87595	-43.5719	-41.6959
BLOCK12/SES128/SA128S24	SES120	-1.28832	-42.9843	-41.6959
BLOCK12/SES128/SA128S24	SES206	-1.4309	-43.1268	-41.6959
BLOCK12/SES128/SA128S24	SES226	-1.63744	-43.3334	-41.6959
BLOCK12/SES128/SA128S27	SES099	-0.473507	-41.3727	-40.8992
BLOCK12/SES128/SA128S27	SES120	-1.807	-42.7062	-40.8992
BLOCK12/SES128/SA128S27	SES206	-1.12216	-42.0213	-40.8992
BLOCK12/SES128/SA128S27	SES226	-0.827049	-41.7262	-40.8992
BLOCK13/SES130/SA130S13	SES143	-1.96905	-44.88	-42.9109
BLOCK13/SES130/SA130S13	SES144	-0.451466	-43.3624	-42.9109
BLOCK13/SES130/SA130S13	SES146	-0.741405	-43.6523	-42.9109
BLOCK13/SES130/SA130S13	SES275	-3.32581	-46.2368	-42.9109
BLOCK13/SES130/SA130S15	SES143	-1.96457	-43.5457	-41.5812
BLOCK13/SES130/SA130S15	SES144	-0.74258	-42.3237	-41.5812
BLOCK13/SES130/SA130S15	SES146	-0.764782	-42.3459	-41.5812
BLOCK13/SES130/SA130S15	SES275	-1.60283	-43.184	-41.5812
BLOCK13/SES130/SA130S23	SES127	-2.65866	-45.5604	-42.9017
BLOCK13/SES130/SA130S23	SES144	-1.30918	-44.2109	-42.9017
BLOCK13/SES130/SA130S23	SES146	-1.71903	-44.6208	-42.9017
BLOCK13/SES130/SA130S23	SES162	-1.24884	-44.1506	-42.9017
BLOCK13/SES130/SA130S25	SES127	-1.96976	-43.2918	-41.3221
BLOCK13/SES130/SA130S25	SES144	-0.598225	-41.9203	-41.3221
BLOCK13/SES130/SA130S25	SES146	-0.697891	-42.02	-41.3221
BLOCK13/SES130/SA130S25	SES275	-1.07765	-42.3997	-41.3221
BLOCK13/SES130/SA130S28	SES127	-1.47821	-42.9645	-41.4863
BLOCK13/SES130/SA130S28	SES144	-1.08519	-42.5715	-41.4863
BLOCK13/SES130/SA130S28	SES146	-1.11589	-42.6022	-41.4863
BLOCK13/SES130/SA130S28	SES275	-0.678738	-42.165	-41.4863
BLOCK13/SES131/SA131S13	SES002	-1.90372	-45.3982	-43.4945
BLOCK13/SES131/SA131S13	SES007	-2.55637	-46.0508	-43.4945
BLOCK13/SES131/SA131S13	SES099	-1.37399	-44.8685	-43.4945
BLOCK13/SES131/SA131S13	SES105	-1.67893	-45.1734	-43.4945
BLOCK13/SES131/SA131S14	SES104	-0.938675	-42.7917	-41.853
BLOCK13/SES131/SA131S14	SES106	-0.44828	-42.3013	-41.853
BLOCK13/SES131/SA131S14	SES125	-1.15543	-43.0084	-41.853
BLOCK13/SES131/SA131S14	SES148	-2.13647	-43.9894	-41.853
BLOCK13/SES131/SA131S20	SES104	-1.30604	-44.1793	-42.8733
BLOCK13/SES131/SA131S20	SES106	-0.543068	-43.4164	-42.8733
BLOCK13/SES131/SA131S20	SES125	-1.28913	-44.1624	-42.8733
BLOCK13/SES131/SA131S20	SES148	-2.75592	-45.6292	-42.8733
BLOCK13/SES131/SA131S22	SES099	-0.752502	-42.9412	-42.1887
BLOCK13/SES131/SA131S22	SES104	-1.28156	-43.4702	-42.1887
BLOCK13/SES131/SA131S22	SES125	-1.12297	-43.3117	-42.1887
BLOCK13/SES131/SA131S22	SES206	-1.72799	-43.9167	-42.1887
BLOCK13/SES131/SA131S29	SES087	-1.07421	-43.9525	-42.8783
BLOCK13/SES131/SA131S29	SES104	-1.67515	-44.5535	-42.8783
BLOCK13/SES131/SA131S29	SES125	-1.35269	-44.231	-42.8783
BLOCK13/SES131/SA131S29	SES206	-1.25769	-44.136	-42.8783
BLOCK13/SES132/SA132S11	SES083	-2.15329	-43.2736	-41.1203
BLOCK13/SES132/SA132S11	SES120	0.0765648	-41.0437	-41.1203
BLOCK13/SES132/SA132S11	SES127	-1.5907	-42.711	-41.1203
BLOCK13/SES132/SA132S11	SES275	-1.33162	-42.4519	-41.1203
BLOCK13/SES132/SA132S12	SES083	-1.53603	-42.414	-40.878
BLOCK13/SES132/SA132S12	SES143	-1.51396	-42.392	-40.878
BLOCK13/SES132/SA132S12	SES144	-1.33833	-42.2163	-40.878
BLOCK13/SES132/SA132S12	SES148	-1.31877	-42.1968	-40.878
BLOCK13/SES132/SA132S22	SES062	-0.99078	-41.9852	-40.9944
BLOCK13/SES132/SA132S22	SES083	-1.41253	-42.4069	-40.9944
BLOCK13/SES132/SA132S22	SES127	-1.19859	-42.193	-40.9944
BLOCK13/SES132/SA132S22	SES275	-0.922432	-41.9168	-40.9944
BLOCK13/SES132/SA132S24	SES007	-0.400032	-41.0249	-40.6249
BLOCK13/SES132/SA132S24	SES083	-1.76556	-42.3905	-40.6249
BLOCK13/SES132/SA132S24	SES127	-1.9218	-42.5467	-40.6249
BLOCK13/SES132/SA132S24	SES275	-1.05605	-41.681	-40.6249
BLOCK13/SES132/SA132S27	SES083	-1.99929	-43.3006	-41.3013
BLOCK13/SES132/SA132S27	SES120	-0.337009	-41.6384	-41.3013
BLOCK13/SES132/SA132S27	SES127	-2.00592	-43.3073	-41.3013
BLOCK13/SES132/SA132S27	SES275	-1.7802	-43.0815	-41.3013
BLOCK14/SES141/SA141S09	SES143	-1.16569	-42.435	-41.2693
BLOCK14/SES141/SA141S09	SES144	-0.805668	-42.075	-41.2693
BLOCK14/SES141/SA141S09	SES162	-1.26144	-42.5308	-41.2693
BLOCK14/SES141/SA141S09	SES180	-1.30457	-42.5739	-41.2693
BLOCK14/SES141/SA141S15	SES127	-1.9137	-43.0875	-41.1738
BLOCK14/SES141/SA141S15	SES144	-1.02766	-42.2015	-41.1738
BLOCK14/SES141/SA141S15	SES162	-1.40364	-42.5774	-41.1738
BLOCK14/SES141/SA141S15	SES180	-0.956116	-42.1299	-41.1738
BLOCK14/SES141/SA141S24	SES127	-1.24389	-41.9132	-40.6693
BLOCK14/SES141/SA141S24	SES144	-1.40463	-42.074	-40.6693
BLOCK14/SES141/SA141S24	SES162	-0.908543	-41.5779	-40.6693
BLOCK14/SES141/SA141S24	SES183	-1.80958	-42.4789	-40.6693
BLOCK14/SES141/SA141S26	SES142	-1.39502	-42.918	-41.523
BLOCK14/SES141/SA141S26	SES144	-1.29123	-42.8142	-41.523
BLOCK14/SES141/SA141S26	SES172	-1.58064	-43.1036	-41.523
BLOCK14/SES141/SA141S26	SES180	-1.00994	-42.5329	-41.523
BLOCK14/SES141/SA141S29	SES127	-0.72427	-41.5439	-40.8196
BLOCK14/SES141/SA141S29	SES142	-0.371403	-41.191	-40.8196
BLOCK14/SES141/SA141S29	SES144	-0.962498	-41.7821	-40.8196
BLOCK14/SES141/SA141S29	SES180	-0.866486	-41.6861	-40.8196
BLOCK15/SES157/SA157S08	SES083	-2.41546	-43.9722	-41.5567
BLOCK15/SES157/SA157S08	SES127	-1.96236	-43.5191	-41.5567
BLOCK15/SES157/SA157S08	SES148	-1.31575	-42.8725	-41.5567
BLOCK15/SES157/SA157S08	SES292	-1.85037	-43.4071	-41.5567
BLOCK15/SES157/SA157S11	SES083	-2.59646	-44.1597	-41.5632
BLOCK15/SES157/SA157S11	SES127	-2.07343	-43.6367	-41.5632
BLOCK15/SES157/SA157S11	SES148	-1.38523	-42.9485	-41.5632
BLOCK15/SES157/SA157S11	SES292	-2.38714	-43.9504	-41.5632
BLOCK15/SES157/SA157S21	SES127	-1.88049	-43.0177	-41.1373
BLOCK15/SES157/SA157S21	SES148	-0.864407	-42.0017	-41.1373
BLOCK15/SES157/SA157S21	SES158	-4.08308	-45.2203	-41.1373
BLOCK15/SES157/SA157S21	SES292	-1.44236	-42.5796	-41.1373
BLOCK15/SES157/SA157S24	SES127	-1.24436	-42.5501	-41.3057
BLOCK15/SES157/SA157S24	SES148	-1.31662	-42.6223	-41.3057
BLOCK15/SES157/SA157S24	SES183	-1.64388	-42.9496	-41.3057
BLOCK15/SES157/SA157S24	SES292	-2.12172	-43.4274	-41.3057
BLOCK15/SES157/SA157S26	SES007	-0.746895	-41.6407	-40.8938
BLOCK15/SES157/SA157S26	SES127	-1.11087	-42.0047	-40.8938
BLOCK15/SES157/SA157S26	SES147	-1.73517	-42.629	-40.8938
BLOCK15/SES157/SA157S26	SES148	-1.27411	-42.1679	-40.8938
BLOCK16/SES161/SA161S10	SES007	-2.18613	-44.7771	-42.591
BLOCK16/SES161/SA161S10	SES105	-1.65627	-44.2473	-42.591
BLOCK16/SES161/SA161S10	SES158	-1.95037	-44.5414	-42.591
BLOCK16/SES161/SA161S10	SES275	-2.14829	-44.7393	-42.591
BLOCK16/SES161/SA161S12	SES007	-1.64181	-43.8377	-42.1959
BLOCK16/SES161/SA161S12	SES105	-2.18032	-44.3762	-42.1959
BLOCK16/SES161/SA161S12	SES158	-1.044	-43.2399	-42.1959
BLOCK16/SES161/SA161S12	SES275	-1.88762	-44.0835	-42.1959
BLOCK16/SES161/SA161S20	SES007	-2.40837	-45.7509	-43.3425
BLOCK16/SES161/SA161S20	SES105	-2.39265	-45.7352	-43.3425
BLOCK16/SES161/SA161S20	SES158	-1.27023	-44.6128	-43.3425
BLOCK16/SES161/SA161S20	SES275	-3.06383	-46.4064	-43.3425
BLOCK16/SES161/SA161S23	SES007	-2.20053	-44.2654	-42.0649
BLOCK16/SES161/SA161S23	SES105	-1.2817	-43.3466	-42.0649
BLOCK16/SES161/SA161S23	SES148	-1.73223	-43.7971	-42.0649
BLOCK16/SES161/SA161S23	SES158	-0.845036	-42.9099	-42.0649
BLOCK16/SES161/SA161S28	SES007	-3.05537	-45.4562	-42.4009
BLOCK16/SES161/SA161S28	SES105	-2.5513	-44.9522	-42.4009
BLOCK16/SES161/SA161S28	SES158	-0.884708	-43.2856	-42.4009
BLOCK16/SES161/SA161S28	SES206	-1.18918	-43.59	-42.4009
BLOCK16/SES164/SA164S11	SES104	-1.42596	-42.6416	-41.2157
BLOCK16/SES164/SA164S11	SES125	-0.422455	-41.6381	-41.2157
BLOCK16/SES164/SA164S11	SES158	0.0313263	-41.1843	-41.2157
BLOCK16/SES164/SA164S11	SES206	-1.89461	-43.1103	-41.2157
BLOCK16/SES164/SA164S13	SES099	-1.14651	-43.4859	-42.3394
BLOCK16/SES164/SA164S13	SES104	-1.49831	-43.8377	-42.3394
BLOCK16/SES164/SA164S13	SES125	-1.71883	-44.0582	-42.3394
BLOCK16/SES164/SA164S13	SES206	-1.57601	-43.9154	-42.3394
BLOCK16/SES164/SA164S24	SES002	-0.606674	-42.4483	-41.8417
BLOCK16/SES164/SA164S24	SES099	-0.131516	-41.9732	-41.8417
BLOCK16/SES164/SA164S24	SES125	-1.29207	-43.1337	-41.8417
BLOCK16/SES164/SA164S24	SES226	-0.462399	-42.3041	-41.8417
BLOCK16/SES164/SA164S27	SES087	-2.32526	-44.2773	-41.952
BLOCK16/SES164/SA164S27	SES125	-1.10059	-43.0526	-41.952
BLOCK16/SES164/SA164S27	SES206	-1.71187	-43.6639	-41.952
BLOCK16/SES164/SA164S27	SES226	-0.9687	-42.9207	-41.952
BLOCK16/SES164/SA164S29	SES002	0.121277	-41.8216	-41.9429
BLOCK16/SES164/SA164S29	SES019	-0.648792	-42.5917	-41.9429
BLOCK16/SES164/SA164S29	SES125	-0.72506	-42.6679	-41.9429
BLOCK16/SES164/SA164S29	SES226	-0.737812	-42.6807	-41.9429
BLOCK16/SES169/SA169S13	SES117	-1.72563	-43.2326	-41.507
BLOCK16/SES169/SA169S13	SES144	-1.13048	-42.6375	-41.507
BLOCK16/SES169/SA169S13	SES146	-1.58627	-43.0933	-41.507
BLOCK16/SES169/SA169S13	SES162	-1.48719	-42.9942	-41.507
BLOCK16/SES169/SA169S14	SES144	-1.01506	-41.694	-40.6789
BLOCK16/SES169/SA169S14	SES148	-1.25683	-41.9358	-40.6789
BLOCK16/SES169/SA169S14	SES177	-1.23018	-41.9091	-40.6789
BLOCK16/SES169/SA169S14	SES180	-2.20597	-42.8849	-40.6789
BLOCK16/SES169/SA169S24	SES117	-0.955887	-43.3127	-42.3568
BLOCK16/SES169/SA169S24	SES144	-0.602341	-42.9592	-42.3568
BLOCK16/SES169/SA169S24	SES146	-1.09392	-43.4508	-42.3568
BLOCK16/SES169/SA169S24	SES162	-1.32941	-43.6862	-42.3568
BLOCK16/SES169/SA169S27	SES127	-1.54654	-42.9423	-41.3957
BLOCK16/SES169/SA169S27	SES129	-1.69408	-43.0898	-41.3957
BLOCK16/SES169/SA169S27	SES144	-1.18957	-42.5853	-41.3957
BLOCK16/SES169/SA169S27	SES146	-0.922878	-42.3186	-41.3957
BLOCK16/SES169/SA169S29	SES144	-0.586624	-41.3939	-40.8073
BLOCK16/SES169/SA169S29	SES162	-1.09773	-41.905	-40.8073
BLOCK16/SES169/SA169S29	SES177	-1.80515	-42.6124	-40.8073
BLOCK16/SES169/SA169S29	SES180	-1.39908	-42.2064	-40.8073
BLOCK17/SES171/SA171S12	SES083	-1.33119	-43.574	-42.2428
BLOCK17/SES171/SA171S12	SES148	-1.63041	-43.8732	-42.2428
BLOCK17/SES171/SA171S12	SES172	-1.21947	-43.4623	-42.2428
BLOCK17/SES171/SA171S12	SES292	-2.28726	-44.5301	-42.2428
BLOCK17/SES171/SA171S15	SES148	-1.86556	-44.3629	-42.4974
BLOCK17/SES171/SA171S15	SES177	-1.89244	-44.3898	-42.4974
BLOCK17/SES171/SA171S15	SES180	-3.83353	-46.3309	-42.4974
BLOCK17/SES171/SA171S15	SES292	-3.65669	-46.1541	-42.4974
BLOCK17/SES171/SA171S22	SES007	-1.52096	-42.8452	-41.3242
BLOCK17/SES171/SA171S22	SES148	-1.57869	-42.9029	-41.3242
BLOCK17/SES171/SA171S22	SES177	-0.99931	-42.3236	-41.3242
BLOCK17/SES171/SA171S22	SES180	-2.43393	-43.7582	-41.3242
BLOCK17/SES171/SA171S25	SES101	-2.53474	-44.7635	-42.2287
BLOCK17/SES171/SA171S25	SES120	-3.14062	-45.3694	-42.2287
BLOCK17/SES171/SA171S25	SES177	-1.46074	-43.6895	-42.2287
BLOCK17/SES171/SA171S25	SES180	-2.87425	-45.103	-42.2287
BLOCK17/SES171/SA171S27	SES177	-0.665855	-42.4624	-41.7965
BLOCK17/SES171/SA171S27	SES180	-2.68029	-44.4768	-41.7965
BLOCK17/SES171/SA171S27	SES189	-1.21181	-43.0083	-41.7965
BLOCK17/SES171/SA171S27	SES292	-2.47647	-44.273	-41.7965
BLOCK17/SES173/SA173S13	SES162	-2.38092	-44.9034	-42.5225
BLOCK17/SES173/SA173S13	SES177	-2.10036	-44.6228	-42.5225
BLOCK17/SES173/SA173S13	SES180	-3.0506	-45.5731	-42.5225
BLOCK17/SES173/SA173S13	SES292	-1.60954	-44.132	-42.5225
BLOCK17/SES173/SA173S14	SES007	-1.61506	-44.2839	-42.6688
BLOCK17/SES173/SA173S14	SES162	-2.32303	-44.9919	-42.6688
BLOCK17/SES173/SA173S14	SES177	-1.35032	-44.0191	-42.6688
BLOCK17/SES173/SA173S14	SES180	-3.13866	-45.8075	-42.6688
BLOCK17/SES173/SA173S24	SES144	-1.33858	-44.4695	-43.1309
BLOCK17/SES173/SA173S24	SES162	-2.34715	-45.478	-43.1309
BLOCK17/SES173/SA173S24	SES177	-1.70762	-44.8385	-43.1309
BLOCK17/SES173/SA173S24	SES180	-3.01578	-46.1467	-43.1309
BLOCK17/SES173/SA173S27	SES162	-2.58032	-45.1395	-42.5592
BLOCK17/SES173/SA173S27	SES177	-1.76271	-44.3219	-42.5592
BLOCK17/SES173/SA173S27	SES180	-2.20316	-44.7624	-42.5592
BLOCK17/SES173/SA173S27	SES292	-1.1723	-43.7315	-42.5592
BLOCK17/SES173/SA173S29	SES162	-2.56905	-44.8504	-42.2814
BLOCK17/SES173/SA173S29	SES175	-1.81631	-44.0977	-42.2814
BLOCK17/SES173/SA173S29	SES177	-2.31583	-44.5972	-42.2814
BLOCK17/SES173/SA173S29	SES292	-3.90292	-46.1843	-42.2814
BLOCK18/SES182/SA182S10	SES144	-1.16696	-42.6613	-41.4943
BLOCK18/SES182/SA182S10	SES177	-1.29955	-42.7939	-41.4943
BLOCK18/SES182/SA182S10	SES180	-2.30497	-43.7993	-41.4943
BLOCK18/SES182/SA182S10	SES275	-0.606705	-42.101	-41.4943
BLOCK18/SES182/SA182S12	SES144	-0.402229	-41.5393	-41.137
BLOCK18/SES182/SA182S12	SES177	-0.583942	-41.721	-41.137
BLOCK18/SES182/SA182S12	SES180	-1.07462	-42.2117	-41.137
BLOCK18/SES182/SA182S12	SES275	-0.931602	-42.0686	-41.137
BLOCK18/SES182/SA182S21	SES117	-1.57997	-43.7185	-42.1385
BLOCK18/SES182/SA182S21	SES144	-1.36646	-43.505	-42.1385
BLOCK18/SES182/SA182S21	SES162	-0.780865	-42.9194	-42.1385
BLOCK18/SES182/SA182S21	SES180	-1.75248	-43.891	-42.1385
BLOCK18/SES182/SA182S23	SES117	-1.40014	-43.2927	-41.8926
BLOCK18/SES182/SA182S23	SES144	-1.20657	-43.0991	-41.8926
BLOCK18/SES182/SA182S23	SES180	-1.7336	-43.6262	-41.8926
BLOCK18/SES182/SA182S23	SES275	-0.659676	-42.5522	-41.8926
BLOCK18/SES182/SA182S25	SES007	-0.521454	-42.1756	-41.6541
BLOCK18/SES182/SA182S25	SES162	-0.923519	-42.5776	-41.6541
BLOCK18/SES182/SA182S25	SES177	-0.859669	-42.5138	-41.6541
BLOCK18/SES182/SA182S25	SES180	-1.70875	-43.3629	-41.6541
BLOCK18/SES184/SA184S12	SES177	-1.99257	-43.67	-41.6774
BLOCK18/SES184/SA184S12	SES180	-1.90804	-43.5854	-41.6774
BLOCK18/SES184/SA184S12	SES189	-1.69015	-43.3675	-41.6774
BLOCK18/SES184/SA184S12	SES292	-1.63066	-43.3081	-41.6774
BLOCK18/SES184/SA184S13	SES101	-1.52725	-42.9191	-41.3918
BLOCK18/SES184/SA184S13	SES177	-1.24448	-42.6363	-41.3918
BLOCK18/SES184/SA184S13	SES180	-1.21033	-42.6021	-41.3918
BLOCK18/SES184/SA184S13	SES292	-1.78201	-43.1738	-41.3918
BLOCK18/SES184/SA184S22	SES177	-1.53843	-41.9888	-40.4503
BLOCK18/SES184/SA184S22	SES180	-1.43649	-41.8868	-40.4503
BLOCK18/SES184/SA184S22	SES189	-2.50772	-42.9581	-40.4503
BLOCK18/SES184/SA184S22	SES292	-2.06796	-42.5183	-40.4503
BLOCK18/SES184/SA184S25	SES101	-0.813999	-41.191	-40.377
BLOCK18/SES184/SA184S25	SES177	-1.50227	-41.8793	-40.377
BLOCK18/SES184/SA184S25	SES180	-1.00618	-41.3832	-40.377
BLOCK18/SES184/SA184S25	SES292	-1.22093	-41.5979	-40.377
BLOCK18/SES184/SA184S27	SES083	-1.46494	-42.5444	-41.0795
BLOCK18/SES184/SA184S27	SES177	-1.23154	-42.311	-41.0795
BLOCK18/SES184/SA184S27	SES202	-1.90319	-42.9827	-41.0795
BLOCK18/SES184/SA184S27	SES292	-1.46998	-42.5495	-41.0795
BLOCK20/SES204/SA204S12	SES062	-1.54584	-42.1616	-40.6158
BLOCK20/SES204/SA204S12	SES083	-2.2275	-42.8433	-40.6158
BLOCK20/SES204/SA204S12	SES206	-0.628597	-41.2444	-40.6158
BLOCK20/SES204/SA204S12	SES226	-1.87088	-42.4866	-40.6158
BLOCK20/SES204/SA204S14	SES068	-2.80271	-42.6825	-39.8798
BLOCK20/SES204/SA204S14	SES087	-0.477539	-40.3573	-39.8798
BLOCK20/SES204/SA204S14	SES206	-0.899811	-40.7796	-39.8798
BLOCK20/SES204/SA204S14	SES226	-1.60822	-41.488	-39.8798
BLOCK20/SES204/SA204S22	SES068	-3.40172	-44.1557	-40.754
BLOCK20/SES204/SA204S22	SES082	-2.81549	-43.5695	-40.754
BLOCK20/SES204/SA204S22	SES083	-2.69381	-43.4478	-40.754
BLOCK20/SES204/SA204S22	SES206	-1.22663	-41.9806	-40.754
BLOCK20/SES204/SA204S25	SES062	-2.09943	-43.1756	-41.0761
BLOCK20/SES204/SA204S25	SES083	-2.30843	-43.3846	-41.0761
BLOCK20/SES204/SA204S25	SES206	-0.667854	-41.744	-41.0761
BLOCK20/SES204/SA204S25	SES226	-1.87219	-42.9483	-41.0761
BLOCK20/SES204/SA204S27	SES068	-3.69533	-44.8466	-41.1513
BLOCK20/SES204/SA204S27	SES082	-1.8002	-42.9515	-41.1513
BLOCK20/SES204/SA204S27	SES087	-0.995144	-42.1464	-41.1513
BLOCK20/SES204/SA204S27	SES206	-0.883572	-42.0348	-41.1513
BLOCK20/SES207/SA207S10	SES127	-1.17855	-42.9998	-41.8213
BLOCK20/SES207/SA207S10	SES183	-1.63169	-43.453	-41.8213
BLOCK20/SES207/SA207S10	SES189	-1.37233	-43.1936	-41.8213
BLOCK20/SES207/SA207S10	SES292	-1.83825	-43.6595	-41.8213
BLOCK20/SES207/SA207S11	SES127	-2.39624	-44.1153	-41.719
BLOCK20/SES207/SA207S11	SES183	-2.27062	-43.9897	-41.719
BLOCK20/SES207/SA207S11	SES187	-1.33686	-43.0559	-41.719
BLOCK20/SES207/SA207S11	SES292	-2.1618	-43.8808	-41.719
BLOCK20/SES207/SA207S25	SES068	-1.32642	-42.848	-41.5216
BLOCK20/SES207/SA207S25	SES083	-2.67351	-44.1951	-41.5216
BLOCK20/SES207/SA207S25	SES127	-1.57671	-43.0983	-41.5216
BLOCK20/SES207/SA207S25	SES187	-0.773125	-42.2947	-41.5216
BLOCK20/SES207/SA207S27	SES127	-1.8054	-43.8024	-41.997
BLOCK20/SES207/SA207S27	SES183	-1.19083	-43.1878	-41.997
BLOCK20/SES207/SA207S27	SES187	-1.29332	-43.2903	-41.997
BLOCK20/SES207/SA207S27	SES292	-1.86605	-43.863	-41.997
BLOCK20/SES207/SA207S29	SES083	-2.47036	-43.995	-41.5246
BLOCK20/SES207/SA207S29	SES085	-0.577927	-42.1026	-41.5246
BLOCK20/SES207/SA207S29	SES172	-1.31042	-42.8351	-41.5246
BLOCK20/SES207/SA207S29	SES189	-2.05974	-43.5844	-41.5246
BLOCK22/SES221/SA221S12	SES068	-1.6306	-42.9245	-41.2939
BLOCK22/SES221/SA221S12	SES143	-2.24493	-43.5388	-41.2939
BLOCK22/SES221/SA221S12	SES175	-0.650791	-41.9447	-41.2939
BLOCK22/SES221/SA221S12	SES202	-0.754925	-42.0488	-41.2939
BLOCK22/SES221/SA221S15	SES085	-2.21418	-44.5494	-42.3352
BLOCK22/SES221/SA221S15	SES143	-2.73067	-45.0659	-42.3352
BLOCK22/SES221/SA221S15	SES175	-1.86205	-44.1973	-42.3352
BLOCK22/SES221/SA221S15	SES187	-1.33604	-43.6713	-42.3352
BLOCK22/SES221/SA221S23	SES068	-1.72273	-43.2058	-41.4831
BLOCK22/SES221/SA221S23	SES143	-2.53597	-44.019	-41.4831
BLOCK22/SES221/SA221S23	SES175	-0.795536	-42.2786	-41.4831
BLOCK22/SES221/SA221S23	SES189	-0.306465	-41.7895	-41.4831
BLOCK22/SES221/SA221S27	SES085	-2.26681	-43.7726	-41.5058
BLOCK22/SES221/SA221S27	SES143	-1.99395	-43.4997	-41.5058
BLOCK22/SES221/SA221S27	SES175	-1.34375	-42.8495	-41.5058
BLOCK22/SES221/SA221S27	SES189	0.120792	-41.385	-41.5058
BLOCK22/SES221/SA221S29	SES085	-3.42896	-45.7634	-42.3345
BLOCK22/SES221/SA221S29	SES143	-2.68511	-45.0196	-42.3345
BLOCK22/SES221/SA221S29	SES175	-1.11325	-43.4477	-42.3345
BLOCK22/SES221/SA221S29	SES187	-0.864407	-43.1989	-42.3345
BLOCK22/SES223/SA223S11	SES143	-1.43845	-43.5927	-42.1543
BLOCK22/SES223/SA223S11	SES144	-2.30671	-44.461	-42.1543
BLOCK22/SES223/SA223S11	SES175	-1.00484	-43.1591	-42.1543
BLOCK22/SES223/SA223S11	SES187	-1.94971	-44.104	-42.1543
BLOCK22/SES223/SA223S13	SES068	-1.7678	-44.8083	-43.0405
BLOCK22/SES223/SA223S13	SES143	-2.73371	-45.7742	-43.0405
BLOCK22/SES223/SA223S13	SES146	-3.17353	-46.2141	-43.0405
BLOCK22/SES223/SA223S13	SES202	-2.01131	-45.0518	-43.0405
BLOCK22/SES223/SA223S22	SES143	-1.61184	-43.7567	-42.1449
BLOCK22/SES223/SA223S22	SES144	-2.25988	-44.4048	-42.1449
BLOCK22/SES223/SA223S22	SES175	-1.47107	-43.6159	-42.1449
BLOCK22/SES223/SA223S22	SES187	-1.44004	-43.5849	-42.1449
BLOCK22/SES223/SA223S25	SES068	-1.25839	-43.5684	-42.31
BLOCK22/SES223/SA223S25	SES143	-1.88692	-44.1969	-42.31
BLOCK22/SES223/SA223S25	SES175	-0.715042	-43.025	-42.31
BLOCK22/SES223/SA223S25	SES187	-1.11429	-43.4243	-42.31
BLOCK22/SES223/SA223S27	SES143	-1.5131	-44.0211	-42.508
BLOCK22/SES223/SA223S27	SES146	-2.05917	-44.5672	-42.508
BLOCK22/SES223/SA223S27	SES187	-1.51127	-44.0193	-42.508
BLOCK22/SES223/SA223S27	SES292	-2.1693	-44.6773	-42.508
BLOCK27/SES273/SA273S12	SES099	-0.0619469	-40.2148	-40.1529
BLOCK27/SES273/SA273S12	SES104	-0.549911	-40.7028	-40.1529
BLOCK27/SES273/SA273S12	SES125	-0.568924	-40.7218	-40.1529
BLOCK27/SES273/SA273S12	SES206	-0.179443	-40.3323	-40.1529
BLOCK27/SES273/SA273S13	SES099	-0.296898	-40.2534	-39.9565
BLOCK27/SES273/SA273S13	SES104	-0.676903	-40.6334	-39.9565
BLOCK27/SES273/SA273S13	SES206	-0.500343	-40.4568	-39.9565
BLOCK27/SES273/SA273S13	SES292	-2.84079	-42.7973	-39.9565
BLOCK27/SES273/SA273S21	SES099	0.114887	-40.3085	-40.4234
BLOCK27/SES273/SA273S21	SES148	-2.51157	-42.935	-40.4234
BLOCK27/SES273/SA273S21	SES149	-1.02933	-41.4527	-40.4234
BLOCK27/SES273/SA273S21	SES177	-3.70126	-44.1247	-40.4234
BLOCK27/SES273/SA273S25	SES104	-0.942322	-41.305	-40.3627
BLOCK27/SES273/SA273S25	SES125	-1.11247	-41.4751	-40.3627
BLOCK27/SES273/SA273S25	SES158	-0.285011	-40.6477	-40.3627
BLOCK27/SES273/SA273S25	SES206	-0.188911	-40.5516	-40.3627
BLOCK27/SES273/SA273S27	SES099	-0.321018	-40.4164	-40.0953
BLOCK27/SES273/SA273S27	SES104	-0.932156	-41.0275	-40.0953
BLOCK27/SES273/SA273S27	SES149	-0.583641	-40.679	-40.0953
BLOCK27/SES273/SA273S27	SES275	-1.44078	-41.5361	-40.0953
BLOCK27/SES274/SA274S10	SES105	-0.74633	-41.1374	-40.3911
BLOCK27/SES274/SA274S10	SES125	-0.683056	-41.0742	-40.3911
BLOCK27/SES274/SA274S10	SES129	-0.734688	-41.1258	-40.3911
BLOCK27/SES274/SA274S10	SES158	-1.2141	-41.6052	-40.3911
BLOCK27/SES274/SA274S11	SES105	-1.26697	-41.6229	-40.3559
BLOCK27/SES274/SA274S11	SES149	-0.929554	-41.2854	-40.3559
BLOCK27/SES274/SA274S11	SES158	-1.0115	-41.3674	-40.3559
BLOCK27/SES274/SA274S11	SES275	-1.09615	-41.452	-40.3559
BLOCK27/SES274/SA274S21	SES105	-0.848358	-41.6883	-40.8399
BLOCK27/SES274/SA274S21	SES129	-1.31545	-42.1554	-40.8399
BLOCK27/SES274/SA274S21	SES149	-0.682358	-41.5223	-40.8399
BLOCK27/SES274/SA274S21	SES158	-1.81654	-42.6564	-40.8399
BLOCK27/SES274/SA274S24	SES105	-0.578102	-41.4941	-40.916
BLOCK27/SES274/SA274S24	SES129	-2.09348	-43.0095	-40.916
BLOCK27/SES274/SA274S24	SES149	-0.62743	-41.5434	-40.916
BLOCK27/SES274/SA274S24	SES158	-1.78988	-42.7059	-40.916
BLOCK27/SES274/SA274S29	SES105	-1.30505	-41.786	-40.4809
BLOCK27/SES274/SA274S29	SES106	-1.84391	-42.3248	-40.4809
BLOCK27/SES274/SA274S29	SES120	-2.32227	-42.8032	-40.4809
BLOCK27/SES274/SA274S29	SES275	-1.01774	-41.4987	-40.4809
BLOCK27/SES276/SA276S16	SES148	-1.89412	-43.2702	-41.376
BLOCK27/SES276/SA276S16	SES172	-2.58237	-43.9584	-41.376
BLOCK27/SES276/SA276S16	SES180	-2.94064	-44.3167	-41.376
BLOCK27/SES276/SA276S16	SES292	-1.10861	-42.4847	-41.376
BLOCK27/SES276/SA276S17	SES101	-1.60455	-42.9865	-41.382
BLOCK27/SES276/SA276S17	SES177	-1.6665	-43.0485	-41.382
BLOCK27/SES276/SA276S17	SES180	-1.91722	-43.2992	-41.382
BLOCK27/SES276/SA276S17	SES292	-1.8605	-43.2425	-41.382
BLOCK27/SES276/SA276S24	SES101	-0.815922	-41.3012	-40.4853
BLOCK27/SES276/SA276S24	SES177	-1.38485	-41.8702	-40.4853
BLOCK27/SES276/SA276S24	SES180	-1.89636	-42.3817	-40.4853
BLOCK27/SES276/SA276S24	SES292	-1.65775	-42.1431	-40.4853
BLOCK27/SES276/SA276S26	SES101	-2.0747	-42.9647	-40.89
BLOCK27/SES276/SA276S26	SES177	-1.19679	-42.0868	-40.89
BLOCK27/SES276/SA276S26	SES180	-1.1373	-42.0273	-40.89
BLOCK27/SES276/SA276S26	SES292	-1.05861	-41.9486	-40.89
BLOCK27/SES276/SA276S28	SES101	-2.07156	-43.0495	-40.978
BLOCK27/SES276/SA276S28	SES177	-1.83567	-42.8136	-40.978
BLOCK27/SES276/SA276S28	SES180	-1.51205	-42.49	-40.978
BLOCK27/SES276/SA276S28	SES292	-2.0772	-43.0552	-40.978
BLOCK27/SES277/SA277S12	SES101	-0.734154	-42.3946	-41.6604
BLOCK27/SES277/SA277S12	SES177	-1.5115	-43.1719	-41.6604
BLOCK27/SES277/SA277S12	SES180	-2.32616	-43.9866	-41.6604
BLOCK27/SES277/SA277S12	SES292	-1.94071	-43.6012	-41.6604
BLOCK27/SES277/SA277S14	SES177	-1.50517	-43.8152	-42.31
BLOCK27/SES277/SA277S14	SES180	-2.3752	-44.6852	-42.31
BLOCK27/SES277/SA277S14	SES189	-1.09139	-43.4014	-42.31
BLOCK27/SES277/SA277S14	SES292	-2.30213	-44.6121	-42.31
BLOCK27/SES277/SA277S21	SES177	-0.880905	-41.961	-41.0801
BLOCK27/SES277/SA277S21	SES180	-2.44579	-43.5259	-41.0801
BLOCK27/SES277/SA277S21	SES189	-1.0606	-42.1407	-41.0801
BLOCK27/SES277/SA277S21	SES292	-2.17999	-43.2601	-41.0801
BLOCK27/SES277/SA277S24	SES144	-1.4271	-43.6437	-42.2166
BLOCK27/SES277/SA277S24	SES177	-1.01335	-43.2299	-42.2166
BLOCK27/SES277/SA277S24	SES180	-2.22456	-44.4412	-42.2166
BLOCK27/SES277/SA277S24	SES189	-1.24521	-43.4618	-42.2166
BLOCK27/SES277/SA277S29	SES177	-1.13965	-41.328	-40.1884
BLOCK27/SES277/SA277S29	SES180	-1.42498	-41.6134	-40.1884
BLOCK27/SES277/SA277S29	SES202	-1.40812	-41.5965	-40.1884
BLOCK27/SES277/SA277S29	SES292	-2.2384	-42.4268	-40.1884
BLOCK27/SES279/SA279S09	SES120	-1.59435	-42.4258	-40.8315
BLOCK27/SES279/SA279S09	SES146	-1.29852	-42.13	-40.8315
BLOCK27/SES279/SA279S09	SES206	-1.78878	-42.6203	-40.8315
BLOCK27/SES279/SA279S09	SES226	-1.80623	-42.6377	-40.8315
BLOCK27/SES279/SA279S10	SES099	-0.692074	-41.4118	-40.7197
BLOCK27/SES279/SA279S10	SES206	-1.04634	-41.766	-40.7197
BLOCK27/SES279/SA279S10	SES226	-1.77485	-42.4945	-40.7197
BLOCK27/SES279/SA279S10	SES292	-1.43391	-42.1536	-40.7197
BLOCK27/SES279/SA279S20	SES099	-1.50414	-42.7826	-41.2784
BLOCK27/SES279/SA279S20	SES206	-0.694885	-41.9733	-41.2784
BLOCK27/SES279/SA279S20	SES226	-1.7884	-43.0668	-41.2784
BLOCK27/SES279/SA279S20	SES292	-1.09739	-42.3758	-41.2784
BLOCK27/SES279/SA279S26	SES099	-1.21453	-42.167	-40.9525
BLOCK27/SES279/SA279S26	SES206	-0.301025	-41.2535	-40.9525
BLOCK27/SES279/SA279S26	SES226	-1.36787	-42.3204	-40.9525
BLOCK27/SES279/SA279S26	SES292	-1.55738	-42.5099	-40.9525
BLOCK27/SES279/SA279S28	SES099	-1.47041	-41.1961	-39.7256
BLOCK27/SES279/SA279S28	SES120	-1.5081	-41.2337	-39.7256
BLOCK27/SES279/SA279S28	SES177	-2.52224	-42.2479	-39.7256
BLOCK27/SES279/SA279S28	SES206	-1.53331	-41.2589	-39.7256
BLOCK29/SES290/SA290S12	SES162	-1.58163	-42.2042	-40.6226
BLOCK29/SES290/SA290S12	SES177	-1.48848	-42.1111	-40.6226
BLOCK29/SES290/SA290S12	SES180	-2.42661	-43.0492	-40.6226
BLOCK29/SES290/SA290S12	SES292	-2.83799	-43.4606	-40.6226
BLOCK29/SES290/SA290S13	SES007	-2.56389	-43.7548	-41.1909
BLOCK29/SES290/SA290S13	SES162	-2.29959	-43.4905	-41.1909
BLOCK29/SES290/SA290S13	SES177	-1.44464	-42.6355	-41.1909
BLOCK29/SES290/SA290S13	SES180	-2.06326	-43.2541	-41.1909
BLOCK29/SES290/SA290S22	SES177	-1.17013	-41.8662	-40.696
BLOCK29/SES290/SA290S22	SES180	-1.51065	-42.2067	-40.696
BLOCK29/SES290/SA290S22	SES202	-1.37357	-42.0696	-40.696
BLOCK29/SES290/SA290S22	SES292	-1.91959	-42.6156	-40.696
BLOCK29/SES290/SA290S25	SES162	-1.27962	-41.9144	-40.6348
BLOCK29/SES290/SA290S25	SES177	-1.14826	-41.783	-40.6348
BLOCK29/SES290/SA290S25	SES180	-1.59595	-42.2307	-40.6348
BLOCK29/SES290/SA290S25	SES292	-2.11315	-42.7479	-40.6348
BLOCK29/SES290/SA290S29	SES177	-0.502064	-41.1364	-40.6343
BLOCK29/SES290/SA290S29	SES180	-0.916714	-41.551	-40.6343
BLOCK29/SES290/SA290S29	SES275	-1.6325	-42.2668	-40.6343
BLOCK29/SES290/SA290S29	SES292	-1.38099	-42.0153	-40.6343
BLOCK29/SES291/SA291S11	SES105	-2.62571	-44.1476	-41.5219
BLOCK29/SES291/SA291S11	SES125	-1.08366	-42.6056	-41.5219
BLOCK29/SES291/SA291S11	SES158	-0.985691	-42.5076	-41.5219
BLOCK29/SES291/SA291S11	SES275	-3.29455	-44.8165	-41.5219
BLOCK29/SES291/SA291S12	SES158	0.114101	-40.9889	-41.103
BLOCK29/SES291/SA291S12	SES226	-1.11478	-42.2177	-41.103
BLOCK29/SES291/SA291S12	SES270	0.331371	-40.7716	-41.103
BLOCK29/SES291/SA291S12	SES275	-4.32469	-45.4277	-41.103
BLOCK29/SES291/SA291S22	SES082	-0.917198	-42.062	-41.1448
BLOCK29/SES291/SA291S22	SES158	-0.598015	-41.7428	-41.1448
BLOCK29/SES291/SA291S22	SES259	-1.32171	-42.4665	-41.1448
BLOCK29/SES291/SA291S22	SES275	-2.99751	-44.1423	-41.1448
BLOCK29/SES291/SA291S24	SES104	-0.329586	-40.4614	-40.1318
BLOCK29/SES291/SA291S24	SES125	-0.377899	-40.5097	-40.1318
BLOCK29/SES291/SA291S24	SES158	-0.400063	-40.5319	-40.1318
BLOCK29/SES291/SA291S24	SES275	-3.55872	-43.6906	-40.1318
BLOCK29/SES291/SA291S27	SES158	-0.357971	-40.5927	-40.2347
BLOCK29/SES291/SA291S27	SES172	-4.96178	-45.1965	-40.2347
BLOCK29/SES291/SA291S27	SES275	-3.41814	-43.6528	-40.2347
BLOCK29/SES291/SA291S27	SES292	-2.86537	-43.1001	-40.2347
