BLOCK00/SES002/SA002S12	SES002	1.49115	-39.7004	-41.1915
BLOCK00/SES002/SA002S13	SES002	1.64364	-39.9568	-41.6005
BLOCK00/SES002/SA002S23	SES002	1.45898	-39.6124	-41.0714
BLOCK00/SES002/SA002S26	SES002	1.56507	-39.5929	-41.158
BLOCK00/SES002/SA002S28	SES002	0.952461	-40.3131	-41.2656
BLOCK00/SES007/SA007S14	SES007	0.975044	-39.2842	-40.2593
BLOCK00/SES007/SA007S15	SES007	0.616093	-40.6442	-41.2603
BLOCK00/SES007/SA007S24	SES007	0.549957	-40.8336	-41.3836
BLOCK00/SES007/SA007S27	SES007	0.397804	-41.2592	-41.657
BLOCK00/SES007/SA007S29	SES007	0.131931	-40.2645	-40.3965
BLOCK00/SES008/SA008S11	SES008	0.798038	-40.6598	-41.4579
BLOCK00/SES008/SA008S12	SES008	0.250496	-41.313	-41.5635
BLOCK00/SES008/SA008S19	SES008	1.13461	-39.9466	-41.0812
BLOCK00/SES008/SA008S22	SES008	0.945717	-40.835	-41.7807
BLOCK00/SES008/SA008S29	SES008	1.03013	-39.8864	-40.9166
BLOCK01/SES014/SA014S10	SES014	1.31696	-40.2389	-41.5558
BLOCK01/SES014/SA014S12	SES014	2.42385	-37.886	-40.3099
BLOCK01/SES014/SA014S24	SES014	1.14793	-39.6822	-40.8302
BLOCK01/SES014/SA014S26	SES014	2.36514	-37.3703	-39.7354
BLOCK01/SES014/SA014S28	SES014	2.37471	-37.8833	-40.258
BLOCK01/SES016/SA016S12	SES016	1.26949	-41.9187	-43.1882
BLOCK01/SES016/SA016S13	SES016	1.12244	-40.5813	-41.7038
BLOCK01/SES016/SA016S22	SES016	0.518101	-41.5824	-42.1005
BLOCK01/SES016/SA016S25	SES016	1.77491	-38.3624	-40.1373
BLOCK01/SES016/SA016S27	SES016	1.3422	-39.123	-40.4652
BLOCK01/SES019/SA019S13	SES019	2.88829	-40.1982	-43.0865
BLOCK01/SES019/SA019S14	SES019	1.8746	-40.6995	-42.5741
BLOCK01/SES019/SA019S22	SES019	2.66966	-40.0315	-42.7011
BLOCK01/SES019/SA019S25	SES019	2.53817	-40.4439	-42.9821
BLOCK01/SES019/SA019S29	SES019	3.27067	-39.9538	-43.2245
BLOCK02/SES029/SA029S11	SES029	1.17767	-40.2316	-41.4093
BLOCK02/SES029/SA029S12	SES029	-0.0754929	-40.8417	-40.7662
BLOCK02/SES029/SA029S20	SES029	0.00593185	-41.8702	-41.8761
BLOCK02/SES029/SA029S25	SES029	0.360329	-40.4669	-40.8272
BLOCK02/SES029/SA029S28	SES029	0.102406	-41.3021	-41.4045
BLOCK04/SES042/SA042S12	SES042	2.31765	-38.6021	-40.9197
BLOCK04/SES042/SA042S15	SES042	2.21912	-39.337	-41.5561
BLOCK04/SES042/SA042S22	SES042	2.78233	-37.6888	-40.4712
BLOCK04/SES042/SA042S25	SES042	2.13201	-40.1834	-42.3154
BLOCK04/SES042/SA042S27	SES042	1.7297	-38.966	-40.6957
BLOCK04/SES048/SA048S11	SES048	1.1814	-39.9691	-41.1505
BLOCK04/SES048/SA048S12	SES048	0.387188	-40.3377	-40.7249
BLOCK04/SES048/SA048S20	SES048	0.953987	-39.7963	-40.7503
BLOCK04/SES048/SA048S23	SES048	1.38257	-40.0977	-41.4803
BLOCK04/SES048/SA048S27	SES048	0.909241	-39.3606	-40.2699
BLOCK06/SES060/SA060S11	SES060	1.17628	-40.0676	-41.2439
BLOCK06/SES060/SA060S12	SES060	-2.1373	-43.0357	-40.8984
BLOCK06/SES060/SA060S22	SES060	-0.457546	-42.2192	-41.7617
BLOCK06/SES060/SA060S24	SES060	0.635822	-40.3366	-40.9725
BLOCK06/SES060/SA060S28	SES060	0.910786	-38.5988	-39.5096
BLOCK06/SES062/SA062S10	SES062	0.646152	-40.4089	-41.055
BLOCK06/SES062/SA062S11	SES062	1.07529	-39.7362	-40.8115
BLOCK06/SES062/SA062S21	SES062	1.56645	-37.9761	-39.5426
BLOCK06/SES062/SA062S26	SES062	0.668159	-39.19	-39.8582
BLOCK06/SES062/SA062S29	SES062	1.25326	-38.6755	-39.9288
BLOCK06/SES068/SA068S14	SES068	0.273354	-40.6379	-40.9113
BLOCK06/SES068/SA068S15	SES068	1.0195	-39.1193	-40.1388
BLOCK06/SES068/SA068S23	SES068	0.593636	-41.2781	-41.8717
BLOCK06/SES068/SA068S27	SES068	1.30415	-39.1117	-40.4158
BLOCK06/SES068/SA068S29	SES068	0.781193	-40.0264	-40.8076
BLOCK08/SES082/SA082S12	SES082	0.335335	-42.0051	-42.3405
BLOCK08/SES082/SA082S14	SES082	0.330833	-41.9861	-42.3169
BLOCK08/SES082/SA082S21	SES082	0.87421	-40.8564	-41.7306
BLOCK08/SES082/SA082S24	SES082	1.0761	-40.3546	-41.4307
BLOCK08/SES082/SA082S28	SES082	0.445435	-41.276	-41.7214
BLOCK08/SES083/SA083S14	SES083	-0.239838	-41.215	-40.9751
BLOCK08/SES083/SA083S15	SES083	0.132057	-40.9586	-41.0907
BLOCK08/SES083/SA083S24	SES083	-0.154961	-41.2277	-41.0728
BLOCK08/SES083/SA083S26	SES083	0.914917	-40.2975	-41.2124
BLOCK08/SES083/SA083S29	SES083	0.082901	-40.6229	-40.7058
BLOCK08/SES085/SA085S10	SES085	0.0667343	-40.7087	-40.7754
BLOCK08/SES085/SA085S13	SES085	-0.123081	-41.5857	-41.4626
BLOCK08/SES085/SA085S22	SES085	-2.25687	-43.3358	-41.0789
BLOCK08/SES085/SA085S26	SES085	-0.795425	-41.1784	-40.383
BLOCK08/SES085/SA085S28	SES085	0.553585	-40.4715	-41.0251
BLOCK08/SES087/SA087S15	SES087	1.41738	-40.4304	-41.8478
BLOCK08/SES087/SA087S16	SES087	1.61584	-40.0966	-41.7125
BLOCK08/SES087/SA087S24	SES087	1.3135	-40.4718	-41.7853
BLOCK08/SES087/SA087S26	SES087	1.22226	-39.2785	-40.5008
BLOCK08/SES087/SA087S29	SES087	1.82122	-40.1355	-41.9568
BLOCK09/SES099/SA099S15	SES099	0.83847	-40.9139	-41.7524
BLOCK09/SES099/SA099S16	SES099	0.890839	-40.7238	-41.6147
BLOCK09/SES099/SA099S24	SES099	1.22578	-39.842	-41.0678
BLOCK09/SES099/SA099S26	SES099	1.16484	-40.0415	-41.2064
BLOCK09/SES099/SA099S29	SES099	1.27414	-40.0095	-41.2836
BLOCK10/SES101/SA101S11	SES101	0.531487	-40.1959	-40.7274
BLOCK10/SES101/SA101S13	SES101	0.994946	-39.8159	-40.8108
BLOCK10/SES101/SA101S22	SES101	0.661957	-41.1433	-41.8052
BLOCK10/SES101/SA101S24	SES101	1.04303	-40.2517	-41.2947
BLOCK10/SES101/SA101S28	SES101	-0.321293	-41.7765	-41.4552
BLOCK10/SES104/SA104S11	SES104	0.951416	-39.3165	-40.2679
BLOCK10/SES104/SA104S12	SES104	1.43685	-39.0857	-40.5226
BLOCK10/SES104/SA104S21	SES104	1.29398	-39.9819	-41.2759
BLOCK10/SES104/SA104S24	SES104	0.984703	-40.44	-41.4247
BLOCK10/SES104/SA104S28	SES104	0.929813	-40.1245	-41.0543
BLOCK10/SES105/SA105S12	SES105	0.532242	-41.5983	-42.1306
BLOCK10/SES105/SA105S13	SES105	0.977348	-40.7365	-41.7138
BLOCK10/SES105/SA105S22	SES105	0.233253	-42.1451	-42.3783
BLOCK10/SES105/SA105S26	SES105	1.33416	-40.7647	-42.0989
BLOCK10/SES105/SA105S29	SES105	0.562424	-41.0633	-41.6258
BLOCK10/SES106/SA106S09	SES106	1.35633	-41.2239	-42.5802
BLOCK10/SES106/SA106S11	SES106	1.48445	-39.5528	-41.0372
BLOCK10/SES106/SA106S22	SES106	2.49871	-39.799	-42.2977
BLOCK10/SES106/SA106S27	SES106	1.32323	-40.0638	-41.3871
BLOCK10/SES106/SA106S29	SES106	1.07099	-40.2429	-41.3139
BLOCK11/SES117/SA117S12	SES117	0.156651	-41.0974	-41.2541
BLOCK11/SES117/SA117S13	SES117	0.137684	-41.0732	-41.2108
BLOCK11/SES117/SA117S23	SES117	1.57927	-41.5959	-43.1752
BLOCK11/SES117/SA117S25	SES117	0.62067	-41.6981	-42.3188
BLOCK11/SES117/SA117S28	SES117	1.0985	-41.4261	-42.5246
BLOCK12/SES120/SA120S08	SES120	1.0885	-42.2999	-43.3884
BLOCK12/SES120/SA120S11	SES120	0.299538	-43.5095	-43.809
BLOCK12/SES120/SA120S22	SES120	0.635624	-40.9333	-41.5689
BLOCK12/SES120/SA120S24	SES120	0.530529	-41.4152	-41.9458
BLOCK12/SES120/SA120S28	SES120	0.370075	-42.579	-42.9491
BLOCK12/SES125/SA125S13	SES125	1.7642	-39.4241	-41.1883
BLOCK12/SES125/SA125S14	SES125	1.04863	-40.2829	-41.3315
BLOCK12/SES125/SA125S25	SES125	1.93406	-39.4442	-41.3782
BLOCK12/SES125/SA125S27	SES125	1.58811	-38.8279	-40.416
BLOCK12/SES125/SA125S29	SES125	1.77109	-39.4492	-41.2203
BLOCK12/SES127/SA127S11	SES127	0.624969	-40.7407	-41.3656
BLOCK12/SES127/SA127S12	SES127	-0.528072	-41.0964	-40.5683
BLOCK12/SES127/SA127S23	SES127	0.357555	-40.8025	-41.16
BLOCK12/SES127/SA127S25	SES127	-0.32806	-41.1267	-40.7987
BLOCK12/SES127/SA127S27	SES127	0.770538	-40.1294	-40.9
BLOCK12/SES129/SA129S11	SES129	1.10978	-39.5704	-40.6802
BLOCK12/SES129/SA129S12	SES129	1.01424	-39.3782	-40.3925
BLOCK12/SES129/SA129S22	SES129	0.963207	-40.1191	-41.0823
BLOCK12/SES129/SA129S27	SES129	1.11817	-39.418	-40.5361
BLOCK12/SES129/SA129S29	SES129	1.51836	-39.0297	-40.548
BLOCK14/SES142/SA142S11	SES142	1.62521	-40.4852	-42.1104
BLOCK14/SES142/SA142S12	SES142	0.564453	-41.6843	-42.2487
BLOCK14/SES142/SA142S24	SES142	1.66795	-40.4321	-42.1001
BLOCK14/SES142/SA142S27	SES142	1.87246	-40.2095	-42.082
BLOCK14/SES142/SA142S29	SES142	1.97446	-39.4506	-41.4251
BLOCK14/SES143/SA143S12	SES143	1.02255	-40.8034	-41.8259
BLOCK14/SES143/SA143S13	SES143	0.671108	-41.3793	-42.0504
BLOCK14/SES143/SA143S23	SES143	1.09782	-41.1288	-42.2266
BLOCK14/SES143/SA143S25	SES143	0.50108	-41.4205	-41.9215
BLOCK14/SES143/SA143S28	SES143	1.01191	-40.3478	-41.3597
BLOCK14/SES144/SA144S09	SES144	0.939209	-40.3883	-41.3275
BLOCK14/SES144/SA144S11	SES144	0.494205	-41.8536	-42.3478
BLOCK14/SES144/SA144S21	SES144	0.173954	-41.5089	-41.6829
BLOCK14/SES144/SA144S25	SES144	0.503426	-41.4802	-41.9836
BLOCK14/SES144/SA144S29	SES144	0.00056076	-41.4329	-41.4335
BLOCK14/SES146/SA146S14	SES146	0.496532	-41.5603	-42.0568
BLOCK14/SES146/SA146S15	SES146	0.117378	-41.3886	-41.5059
BLOCK14/SES146/SA146S24	SES146	0.293194	-41.4707	-41.7639
BLOCK14/SES146/SA146S26	SES146	0.753452	-41.7158	-42.4693
BLOCK14/SES146/SA146S29	SES146	0.492947	-42.2298	-42.7228
BLOCK14/SES147/SA147S11	SES147	1.17477	-41.0585	-42.2332
BLOCK14/SES147/SA147S13	SES147	1.27038	-40.0635	-41.3338
BLOCK14/SES147/SA147S23	SES147	0.824635	-41.4355	-42.2601
BLOCK14/SES147/SA147S26	SES147	0.528316	-41.2721	-41.8004
BLOCK14/SES147/SA147S28	SES147	1.2272	-40.5207	-41.7479
BLOCK14/SES148/SA148S10	SES148	1.11164	-40.1019	-41.2136
BLOCK14/SES148/SA148S12	SES148	0.686321	-41.1308	-41.8171
BLOCK14/SES148/SA148S22	SES148	1.16371	-39.4646	-40.6283
BLOCK14/SES148/SA148S26	SES148	0.355881	-40.6649	-41.0208
BLOCK14/SES148/SA148S29	SES148	0.500309	-41.1341	-41.6344
BLOCK14/SES149/SA149S13	SES149	0.154865	-41.1286	-41.2834
BLOCK14/SES149/SA149S14	SES149	0.447964	-40.336	-40.7839
BLOCK14/SES149/SA149S24	SES149	1.36431	-39.8445	-41.2088
BLOCK14/SES149/SA149S26	SES149	1.68602	-39.3666	-41.0526
BLOCK14/SES149/SA149S28	SES149	2.29041	-38.588	-40.8784
BLOCK15/SES158/SA158S13	SES158	1.02	-41.1401	-42.1601
BLOCK15/SES158/SA158S14	SES158	1.65978	-40.2847	-41.9445
BLOCK15/SES158/SA158S23	SES158	0.900764	-40.5059	-41.4066
BLOCK15/SES158/SA158S26	SES158	1.68561	-40.0245	-41.7101
BLOCK15/SES158/SA158S28	SES158	0.868942	-41.1365	-42.0054
BLOCK16/SES162/SA162S10	SES162	0.903481	-41.5828	-42.4863
BLOCK16/SES162/SA162S11	SES162	0.781734	-40.5979	-41.3796
BLOCK16/SES162/SA162S21	SES162	1.37403	-40.5319	-41.9059
BLOCK16/SES162/SA162S24	SES162	0.981258	-41.0863	-42.0675
BLOCK16/SES162/SA162S27	SES162	1.16699	-40.9992	-42.1662
BLOCK16/SES167/SA167S14	SES167	0.787094	-39.7474	-40.5345
BLOCK16/SES167/SA167S15	SES167	1.17183	-40.4344	-41.6062
BLOCK16/SES167/SA167S21	SES167	1.05922	-39.5499	-40.6092
BLOCK16/SES167/SA167S25	SES167	1.51823	-40.0081	-41.5263
BLOCK16/SES167/SA167S29	SES167	1.83352	-38.7538	-40.5873
BLOCK17/SES172/SA172S12	SES172	1.27952	-40.2058	-41.4853
BLOCK17/SES172/SA172S13	SES172	1.79517	-40.378	-42.1731
BLOCK17/SES172/SA172S23	SES172	0.738228	-39.3734	-40.1116
BLOCK17/SES172/SA172S27	SES172	0.491894	-40.7356	-41.2275
BLOCK17/SES172/SA172S29	SES172	1.26247	-40.2753	-41.5378
BLOCK17/SES175/SA175S11	SES175	1.08458	-40.3293	-41.4139
BLOCK17/SES175/SA175S13	SES175	1.30117	-40.2572	-41.5584
BLOCK17/SES175/SA175S23	SES175	1.42635	-40.5242	-41.9505
BLOCK17/SES175/SA175S25	SES175	0.69165	-42.1234	-42.8151
BLOCK17/SES175/SA175S28	SES175	1.42358	-40.1839	-41.6075
BLOCK17/SES177/SA177S15	SES177	-0.116684	-41.453	-41.3364
BLOCK17/SES177/SA177S17	SES177	0.336929	-40.8951	-41.232
BLOCK17/SES177/SA177S23	SES177	-0.202145	-41.5629	-41.3607
BLOCK17/SES177/SA177S26	SES177	0.542133	-39.3464	-39.8885
BLOCK17/SES177/SA177S28	SES177	0.935009	-39.7063	-40.6413
BLOCK18/SES180/SA180S13	SES180	0.458317	-40.8946	-41.3529
BLOCK18/SES180/SA180S15	SES180	0.831112	-40.9701	-41.8013
BLOCK18/SES180/SA180S24	SES180	0.904644	-39.3858	-40.2904
BLOCK18/SES180/SA180S26	SES180	0.755856	-40.381	-41.1369
BLOCK18/SES180/SA180S29	SES180	0.718113	-41.094	-41.8121
BLOCK18/SES183/SA183S13	SES183	0.680477	-41.5269	-42.2073
BLOCK18/SES183/SA183S14	SES183	0.499714	-41.5113	-42.011
BLOCK18/SES183/SA183S24	SES183	0.828747	-41.4248	-42.2535
BLOCK18/SES183/SA183S27	SES183	0.905365	-40.9534	-41.8588
BLOCK18/SES183/SA183S29	SES183	1.28757	-40.3624	-41.65
BLOCK18/SES187/SA187S13	SES187	1.14102	-41.3656	-42.5066
BLOCK18/SES187/SA187S14	SES187	0.926258	-41.3441	-42.2703
BLOCK18/SES187/SA187S24	SES187	0.802696	-40.8909	-41.6936
BLOCK18/SES187/SA187S27	SES187	1.29047	-40.4087	-41.6992
BLOCK18/SES187/SA187S29	SES187	0.881924	-41.2837	-42.1657
BLOCK18/SES189/SA189S10	SES189	1.23201	-42.7808	-44.0129
BLOCK18/SES189/SA189S13	SES189	1.78633	-42.7327	-44.5191
BLOCK18/SES189/SA189S24	SES189	1.53625	-42.0989	-43.6352
BLOCK18/SES189/SA189S26	SES189	1.04615	-41.9578	-43.004
BLOCK18/SES189/SA189S29	SES189	1.67889	-41.7221	-43.401
BLOCK20/SES202/SA202S12	SES202	1.17281	-41.697	-42.8698
BLOCK20/SES202/SA202S14	SES202	2.49241	-39.8417	-42.3342
BLOCK20/SES202/SA202S24	SES202	1.33395	-40.7718	-42.1058
BLOCK20/SES202/SA202S27	SES202	1.51529	-39.5041	-41.0194
BLOCK20/SES202/SA202S29	SES202	1.92635	-39.4763	-41.4026
BLOCK20/SES206/SA206S15	SES206	0.0326424	-40.4497	-40.4824
BLOCK20/SES206/SA206S17	SES206	1.43567	-39.2739	-40.7096
BLOCK20/SES206/SA206S24	SES206	1.57684	-39.185	-40.7619
BLOCK20/SES206/SA206S27	SES206	1.50423	-40.0193	-41.5236
BLOCK20/SES206/SA206S29	SES206	1.45464	-38.9091	-40.3638
BLOCK22/SES226/SA226S12	SES226	1.37939	-40.9119	-42.2913
BLOCK22/SES226/SA226S13	SES226	0.383152	-41.4054	-41.7885
BLOCK22/SES226/SA226S20	SES226	1.29927	-40.7921	-42.0914
BLOCK22/SES226/SA226S23	SES226	1.60951	-39.973	-41.5825
BLOCK22/SES226/SA226S28	SES226	1.75133	-39.7982	-41.5495
BLOCK25/SES259/SA259S13	SES259	2.75875	-38.9027	-41.6615
BLOCK25/SES259/SA259S14	SES259	1.72362	-39.7463	-41.47
BLOCK25/SES259/SA259S22	SES259	1.3281	-39.9019	-41.23
BLOCK25/SES259/SA259S24	SES259	1.7912	-39.0768	-40.868
BLOCK25/SES259/SA259S28	SES259	1.65548	-39.0979	-40.7534
BLOCK27/SES270/SA270S14	SES270	1.97848	-40.7346	-42.7131
BLOCK27/SES270/SA270S16	SES270	0.366974	-41.2383	-41.6053
BLOCK27/SES270/SA270S22	SES270	2.38588	-39.827	-42.2129
BLOCK27/SES270/SA270S26	SES270	0.988987	-41.8628	-42.8518
BLOCK27/SES270/SA270S28	SES270	0.669773	-40.7389	-41.4087
BLOCK27/SES275/SA275S17	SES275	0.945724	-41.3868	-42.3325
BLOCK27/SES275/SA275S18	SES275	0.194695	-41.2329	-41.4276
BLOCK27/SES275/SA275S24	SES275	0.413403	-42.3637	-42.7771
BLOCK27/SES275/SA275S26	SES275	0.876572	-40.4018	-41.2784
BLOCK27/SES275/SA275S28	SES275	0.312634	-40.8017	-41.1143
BLOCK29/SES292/SA292S10	SES292	-0.0269051	-41.4452	-41.4183
BLOCK29/SES292/SA292S12	SES292	-0.215233	-42.1808	-41.9656
BLOCK29/SES292/SA292S22	SES292	0.725357	-40.1034	-40.8287
BLOCK29/SES292/SA292S24	SES292	0.161194	-40.774	-40.9352
BLOCK29/SES292/SA292S27	SES292	0.0264206	-40.5723	-40.5987
BLOCK00/SES001/SA001S14	SES062	-1.89268	-43.7051	-41.8125
BLOCK00/SES001/SA001S14	SES082	-1.50841	-43.3209	-41.8125
BLOCK00/SES001/SA001S14	SES106	-1.43769	-43.2502	-41.8125
BLOCK00/SES001/SA001S14	SES206	-1.37503	-43.1875	-41.8125
BLOCK00/SES001/SA001S15	SES062	-1.3833	-42.1605	-40.7772
BLOCK00/SES001/SA001S15	SES104	-2.05278	-42.8299	-40.7772
BLOCK00/SES001/SA001S15	SES106	-1.51117	-42.2883	-40.7772
BLOCK00/SES001/SA001S15	SES206	-0.891666	-41.6688	-40.7772
BLOCK00/SES001/SA001S24	SES062	-2.53773	-44.6386	-42.1009
BLOCK00/SES001/SA001S24	SES082	-2.17399	-44.2749	-42.1009
BLOCK00/SES001/SA001S24	SES087	-1.71612	-43.817	-42.1009
BLOCK00/SES001/SA001S24	SES206	-1.35704	-43.458	-42.1009
BLOCK00/SES001/SA001S27	SES062	-1.66893	-42.5899	-40.921
BLOCK00/SES001/SA001S27	SES082	-2.26123	-43.1822	-40.921
BLOCK00/SES001/SA001S27	SES087	-2.31649	-43.2375	-40.921
BLOCK00/SES001/SA001S27	SES206	-2.43274	-43.3537	-40.921
BLOCK00/SES001/SA001S29	SES062	-2.28668	-44.0802	-41.7935
BLOCK00/SES001/SA001S29	SES082	-1.45082	-43.2443	-41.7935
BLOCK00/SES001/SA001S29	SES158	-1.25847	-43.052	-41.7935
BLOCK00/SES001/SA001S29	SES206	-2.14056	-43.934	-41.7935
BLOCK00/SES003/SA003S11	SES002	-0.518711	-42.2226	-41.7039
BLOCK00/SES003/SA003S11	SES019	-0.738117	-42.442	-41.7039
BLOCK00/SES003/SA003S11	SES082	0.328102	-41.3758	-41.7039
BLOCK00/SES003/SA003S11	SES125	-1.02393	-42.7278	-41.7039
BLOCK00/SES003/SA003S15	SES016	-2.82706	-44.2146	-41.3875
BLOCK00/SES003/SA003S15	SES019	-0.976826	-42.3643	-41.3875
BLOCK00/SES003/SA003S15	SES062	-1.88107	-43.2686	-41.3875
BLOCK00/SES003/SA003S15	SES206	-0.681355	-42.0689	-41.3875
BLOCK00/SES003/SA003S22	SES002	-0.663193	-41.9898	-41.3266
BLOCK00/SES003/SA003S22	SES062	-0.865116	-42.1917	-41.3266
BLOCK00/SES003/SA003S22	SES082	-0.445679	-41.7723	-41.3266
BLOCK00/SES003/SA003S22	SES087	-0.791512	-42.1181	-41.3266
BLOCK00/SES003/SA003S25	SES062	-2.06541	-43.833	-41.7676
BLOCK00/SES003/SA003S25	SES082	-0.147522	-41.9152	-41.7676
BLOCK00/SES003/SA003S25	SES087	-0.789539	-42.5572	-41.7676
BLOCK00/SES003/SA003S25	SES206	-0.68285	-42.4505	-41.7676
BLOCK00/SES003/SA003S29	SES002	-0.844585	-42.5435	-41.6989
BLOCK00/SES003/SA003S29	SES062	-2.15895	-43.8578	-41.6989
BLOCK00/SES003/SA003S29	SES082	-0.153156	-41.852	-41.6989
BLOCK00/SES003/SA003S29	SES087	-1.05708	-42.756	-41.6989
BLOCK00/SES004/SA004S12	SES083	-2.6485	-44.6148	-41.9663
BLOCK00/SES004/SA004S12	SES148	-2.2723	-44.2386	-41.9663
BLOCK00/SES004/SA004S12	SES172	-1.49854	-43.4648	-41.9663
BLOCK00/SES004/SA004S12	SES292	-2.05994	-44.0262	-41.9663
BLOCK00/SES004/SA004S17	SES083	-2.26278	-44.247	-41.9842
BLOCK00/SES004/SA004S17	SES162	-1.31677	-43.301	-41.9842
BLOCK00/SES004/SA004S17	SES172	-1.89781	-43.882	-41.9842
BLOCK00/SES004/SA004S17	SES292	-2.34693	-44.3311	-41.9842
BLOCK00/SES004/SA004S24	SES083	-2.24057	-43.7517	-41.5112
BLOCK00/SES004/SA004S24	SES148	-1.96521	-43.4764	-41.5112
BLOCK00/SES004/SA004S24	SES172	-1.27657	-42.7877	-41.5112
BLOCK00/SES004/SA004S24	SES292	-1.492	-43.0032	-41.5112
BLOCK00/SES004/SA004S26	SES083	-2.33039	-43.9363	-41.606
BLOCK00/SES004/SA004S26	SES127	-2.06621	-43.6722	-41.606
BLOCK00/SES004/SA004S26	SES148	-2.65404	-44.26	-41.606
BLOCK00/SES004/SA004S26	SES292	-1.909	-43.515	-41.606
BLOCK00/SES004/SA004S28	SES083	-2.77186	-43.7624	-40.9906
BLOCK00/SES004/SA004S28	SES127	-1.85644	-42.847	-40.9906
BLOCK00/SES004/SA004S28	SES187	-1.3102	-42.3008	-40.9906
BLOCK00/SES004/SA004S28	SES292	-2.3617	-43.3523	-40.9906
BLOCK00/SES006/SA006S10	SES014	-2.49498	-46.2989	-43.8039
BLOCK00/SES006/SA006S10	SES158	-0.411148	-44.215	-43.8039
BLOCK00/SES006/SA006S10	SES226	-2.42482	-46.2287	-43.8039
BLOCK00/SES006/SA006S10	SES270	-0.562489	-44.3664	-43.8039
BLOCK00/SES006/SA006S11	SES158	-0.612484	-44.23	-43.6176
BLOCK00/SES006/SA006S11	SES226	-1.87607	-45.4936	-43.6176
BLOCK00/SES006/SA006S11	SES270	-0.35083	-43.9684	-43.6176
BLOCK00/SES006/SA006S11	SES275	-2.14888	-45.7664	-43.6176
BLOCK00/SES006/SA006S23	SES062	-1.62343	-44.1561	-42.5327
BLOCK00/SES006/SA006S23	SES105	-2.28555	-44.8182	-42.5327
BLOCK00/SES006/SA006S23	SES158	-0.730598	-43.2633	-42.5327
BLOCK00/SES006/SA006S23	SES275	-1.72066	-44.2533	-42.5327
BLOCK00/SES006/SA006S26	SES104	-1.84546	-44.1047	-42.2592
BLOCK00/SES006/SA006S26	SES158	-0.153309	-42.4125	-42.2592
BLOCK00/SES006/SA006S26	SES270	0.0916748	-42.1676	-42.2592
BLOCK00/SES006/SA006S26	SES275	-2.48888	-44.7481	-42.2592
BLOCK00/SES006/SA006S28	SES007	-2.15212	-45.3535	-43.2014
BLOCK00/SES006/SA006S28	SES105	-2.67772	-45.8791	-43.2014
BLOCK00/SES006/SA006S28	SES158	-0.990685	-44.1921	-43.2014
BLOCK00/SES006/SA006S28	SES275	-2.57914	-45.7805	-43.2014
BLOCK00/SES009/SA009S12	SES083	-2.02283	-43.0415	-41.0187
BLOCK00/SES009/SA009S12	SES148	-1.68222	-42.7009	-41.0187
BLOCK00/SES009/SA009S12	SES177	-1.77746	-42.7962	-41.0187
BLOCK00/SES009/SA009S12	SES292	-1.47244	-42.4911	-41.0187
BLOCK00/SES009/SA009S15	SES007	-0.209896	-40.2742	-40.0643
BLOCK00/SES009/SA009S15	SES099	-3.40006	-43.4644	-40.0643
BLOCK00/SES009/SA009S15	SES148	-2.13519	-42.1995	-40.0643
BLOCK00/SES009/SA009S15	SES172	-1.97102	-42.0353	-40.0643
BLOCK00/SES009/SA009S24	SES146	-1.12128	-41.713	-40.5917
BLOCK00/SES009/SA009S24	SES148	-1.64317	-42.2349	-40.5917
BLOCK00/SES009/SA009S24	SES177	-1.47806	-42.0698	-40.5917
BLOCK00/SES009/SA009S24	SES292	-1.60976	-42.2015	-40.5917
BLOCK00/SES009/SA009S26	SES083	-2.09265	-43.148	-41.0553
BLOCK00/SES009/SA009S26	SES101	-2.26649	-43.3218	-41.0553
BLOCK00/SES009/SA009S26	SES120	-1.31986	-42.3752	-41.0553
BLOCK00/SES009/SA009S26	SES177	-2.0699	-43.1252	-41.0553
BLOCK00/SES009/SA009S29	SES083	-1.40729	-42.0095	-40.6022
BLOCK00/SES009/SA009S29	SES101	-1.77844	-42.3807	-40.6022
BLOCK00/SES009/SA009S29	SES177	-1.77346	-42.3757	-40.6022
BLOCK00/SES009/SA009S29	SES292	-1.67842	-42.2807	-40.6022
BLOCK01/SES011/SA011S10	SES019	-0.674835	-42.6305	-41.9557
BLOCK01/SES011/SA011S10	SES042	0.0416107	-41.9141	-41.9557
BLOCK01/SES011/SA011S10	SES082	-2.06746	-44.0232	-41.9557
BLOCK01/SES011/SA011S10	SES206	-0.806381	-42.7621	-41.9557
BLOCK01/SES011/SA011S11	SES019	-1.01014	-43.6062	-42.5961
BLOCK01/SES011/SA011S11	SES042	-0.784176	-43.3802	-42.5961
BLOCK01/SES011/SA011S11	SES082	-2.02897	-44.625	-42.5961
BLOCK01/SES011/SA011S11	SES206	-0.503628	-43.0997	-42.5961
BLOCK01/SES011/SA011S22	SES019	0.0864677	-42.1752	-42.2616
BLOCK01/SES011/SA011S22	SES042	0.332737	-41.9289	-42.2616
BLOCK01/SES011/SA011S22	SES082	-1.08138	-43.343	-42.2616
BLOCK01/SES011/SA011S22	SES206	-0.73267	-42.9943	-42.2616
BLOCK01/SES011/SA011S24	SES019	-0.812206	-42.4884	-41.6762
BLOCK01/SES011/SA011S24	SES042	-0.372643	-42.0488	-41.6762
BLOCK01/SES011/SA011S24	SES104	-1.33906	-43.0152	-41.6762
BLOCK01/SES011/SA011S24	SES206	-0.546177	-42.2223	-41.6762
BLOCK01/SES011/SA011S27	SES082	0.26112	-41.1139	-41.375
BLOCK01/SES011/SA011S27	SES087	-0.788242	-42.1633	-41.375
BLOCK01/SES011/SA011S27	SES125	-0.393982	-41.769	-41.375
BLOCK01/SES011/SA011S27	SES206	-0.219131	-41.5942	-41.375
BLOCK01/SES012/SA012S11	SES007	-1.19439	-41.6003	-40.406
BLOCK01/SES012/SA012S11	SES082	-1.38231	-41.7883	-40.406
BLOCK01/SES012/SA012S11	SES083	-1.65839	-42.0643	-40.406
BLOCK01/SES012/SA012S11	SES206	-1.2247	-41.6307	-40.406
BLOCK01/SES012/SA012S14	SES082	-1.35501	-42.4583	-41.1032
BLOCK01/SES012/SA012S14	SES087	-1.40633	-42.5096	-41.1032
BLOCK01/SES012/SA012S14	SES206	-1.25651	-42.3597	-41.1032
BLOCK01/SES012/SA012S14	SES292	-2.04528	-43.1485	-41.1032
BLOCK01/SES012/SA012S24	SES082	-0.219231	-42.2072	-41.9879
BLOCK01/SES012/SA012S24	SES087	-1.3298	-43.3177	-41.9879
BLOCK01/SES012/SA012S24	SES120	-3.53198	-45.5199	-41.9879
BLOCK01/SES012/SA012S24	SES206	-0.623585	-42.6115	-41.9879
BLOCK01/SES012/SA012S26	SES019	-2.21417	-43.5125	-41.2983
BLOCK01/SES012/SA012S26	SES082	-1.50737	-42.8057	-41.2983
BLOCK01/SES012/SA012S26	SES206	-0.358189	-41.6565	-41.2983
BLOCK01/SES012/SA012S26	SES292	-1.96537	-43.2637	-41.2983
BLOCK01/SES012/SA012S29	SES062	-1.31664	-42.1112	-40.7946
BLOCK01/SES012/SA012S29	SES082	-1.28542	-42.08	-40.7946
BLOCK01/SES012/SA012S29	SES083	-1.81605	-42.6106	-40.7946
BLOCK01/SES012/SA012S29	SES206	-1.21973	-42.0143	-40.7946
BLOCK01/SES013/SA013S16	SES062	-2.41757	-43.9684	-41.5508
BLOCK01/SES013/SA013S16	SES106	-0.518646	-42.0695	-41.5508
BLOCK01/SES013/SA013S16	SES206	-1.0335	-42.5843	-41.5508
BLOCK01/SES013/SA013S16	SES226	-0.539047	-42.0899	-41.5508
BLOCK01/SES013/SA013S17	SES062	-2.11979	-42.7375	-40.6178
BLOCK01/SES013/SA013S17	SES106	-1.07592	-41.6937	-40.6178
BLOCK01/SES013/SA013S17	SES206	-0.318954	-40.9367	-40.6178
BLOCK01/SES013/SA013S17	SES226	-0.274746	-40.8925	-40.6178
BLOCK01/SES013/SA013S23	SES104	-1.46328	-43.1023	-41.639
BLOCK01/SES013/SA013S23	SES106	-0.236656	-41.8757	-41.639
BLOCK01/SES013/SA013S23	SES206	-0.935219	-42.5743	-41.639
BLOCK01/SES013/SA013S23	SES270	-0.55698	-42.196	-41.639
BLOCK01/SES013/SA013S25	SES042	-1.62084	-42.6908	-41.07
BLOCK01/SES013/SA013S25	SES104	-1.21333	-42.2833	-41.07
BLOCK01/SES013/SA013S25	SES106	-0.659946	-41.7299	-41.07
BLOCK01/SES013/SA013S25	SES206	-0.912113	-41.9821	-41.07
BLOCK01/SES013/SA013S29	SES062	-2.51477	-43.789	-41.2743
BLOCK01/SES013/SA013S29	SES104	-1.42971	-42.704	-41.2743
BLOCK01/SES013/SA013S29	SES106	-0.629326	-41.9036	-41.2743
BLOCK01/SES013/SA013S29	SES206	-1.358	-42.6323	-41.2743
BLOCK02/SES021/SA021S13	SES016	-3.85947	-44.839	-40.9795
BLOCK02/SES021/SA021S13	SES029	-2.71844	-43.6979	-40.9795
BLOCK02/SES021/SA021S13	SES087	-1.18235	-42.1618	-40.9795
BLOCK02/SES021/SA021S13	SES206	-0.220898	-41.2004	-40.9795
BLOCK02/SES021/SA021S15	SES087	-0.673958	-40.5546	-39.8807
BLOCK02/SES021/SA021S15	SES125	-0.360271	-40.2409	-39.8807
BLOCK02/SES021/SA021S15	SES206	-0.174797	-40.0555	-39.8807
BLOCK02/SES021/SA021S15	SES226	-1.54289	-41.4236	-39.8807
BLOCK02/SES021/SA021S23	SES062	-2.76833	-44.6492	-41.8809
BLOCK02/SES021/SA021S23	SES087	-1.0238	-42.9047	-41.8809
BLOCK02/SES021/SA021S23	SES206	-1.31686	-43.1977	-41.8809
BLOCK02/SES021/SA021S23	SES226	-0.916264	-42.7971	-41.8809
BLOCK02/SES021/SA021S27	SES002	-1.00964	-41.4153	-40.4057
BLOCK02/SES021/SA021S27	SES016	-4.1611	-44.5668	-40.4057
BLOCK02/SES021/SA021S27	SES019	-1.89206	-42.2977	-40.4057
BLOCK02/SES021/SA021S27	SES062	-1.23944	-41.6451	-40.4057
BLOCK02/SES021/SA021S29	SES087	-1.18188	-41.443	-40.2612
BLOCK02/SES021/SA021S29	SES125	-0.763653	-41.0248	-40.2612
BLOCK02/SES021/SA021S29	SES206	-0.726097	-40.9873	-40.2612
BLOCK02/SES021/SA021S29	SES226	-1.23932	-41.5005	-40.2612
BLOCK04/SES043/SA043S09	SES083	-1.78923	-44.4549	-42.6657
BLOCK04/SES043/SA043S09	SES101	-2.28855	-44.9542	-42.6657
BLOCK04/SES043/SA043S09	SES144	-0.813038	-43.4787	-42.6657
BLOCK04/SES043/SA043S09	SES172	-2.74888	-45.4146	-42.6657
BLOCK04/SES043/SA043S11	SES083	-0.973782	-42.0517	-41.0779
BLOCK04/SES043/SA043S11	SES101	-1.43605	-42.514	-41.0779
BLOCK04/SES043/SA043S11	SES144	-0.824848	-41.9028	-41.0779
BLOCK04/SES043/SA043S11	SES172	-1.26478	-42.3427	-41.0779
BLOCK04/SES043/SA043S23	SES083	-0.792332	-42.6063	-41.8139
BLOCK04/SES043/SA043S23	SES144	-0.00388718	-41.8178	-41.8139
BLOCK04/SES043/SA043S23	SES177	-2.36055	-44.1745	-41.8139
BLOCK04/SES043/SA043S23	SES275	-0.684372	-42.4983	-41.8139
BLOCK04/SES043/SA043S26	SES083	-1.22272	-42.9787	-41.756
BLOCK04/SES043/SA043S26	SES101	-1.29914	-43.0551	-41.756
BLOCK04/SES043/SA043S26	SES144	-0.579529	-42.3355	-41.756
BLOCK04/SES043/SA043S26	SES177	-1.81041	-43.5664	-41.756
BLOCK04/SES043/SA043S28	SES016	-1.56994	-42.5936	-41.0237
BLOCK04/SES043/SA043S28	SES083	-0.881241	-41.9049	-41.0237
BLOCK04/SES043/SA043S28	SES101	-1.19015	-42.2138	-41.0237
BLOCK04/SES043/SA043S28	SES144	-0.879711	-41.9034	-41.0237
BLOCK04/SES044/SA044S10	SES127	-3.09898	-47.3916	-44.2926
BLOCK04/SES044/SA044S10	SES144	-0.800167	-45.0928	-44.2926
BLOCK04/SES044/SA044S10	SES147	-2.67879	-46.9714	-44.2926
BLOCK04/SES044/SA044S10	SES148	-2.9298	-47.2224	-44.2926
BLOCK04/SES044/SA044S11	SES101	-1.73714	-44.9497	-43.2126
BLOCK04/SES044/SA044S11	SES144	-0.295982	-43.5086	-43.2126
BLOCK04/SES044/SA044S11	SES147	-1.88837	-45.1009	-43.2126
BLOCK04/SES044/SA044S11	SES177	-2.39547	-45.608	-43.2126
BLOCK04/SES044/SA044S24	SES007	-2.56804	-45.4238	-42.8558
BLOCK04/SES044/SA044S24	SES101	-1.49104	-44.3468	-42.8558
BLOCK04/SES044/SA044S24	SES147	-2.09922	-44.955	-42.8558
BLOCK04/SES044/SA044S24	SES177	-2.03693	-44.8927	-42.8558
BLOCK04/SES044/SA044S26	SES007	-1.7189	-43.8701	-42.1512
BLOCK04/SES044/SA044S26	SES016	-0.686203	-42.8374	-42.1512
BLOCK04/SES044/SA044S26	SES101	-1.19162	-43.3428	-42.1512
BLOCK04/SES044/SA044S26	SES147	-1.47666	-43.6278	-42.1512
BLOCK04/SES044/SA044S29	SES007	-2.38107	-43.7243	-41.3433
BLOCK04/SES044/SA044S29	SES101	-1.03935	-42.3826	-41.3433
BLOCK04/SES044/SA044S29	SES147	-2.14743	-43.4907	-41.3433
BLOCK04/SES044/SA044S29	SES177	-2.4931	-43.8363	-41.3433
BLOCK04/SES046/SA046S13	SES101	-3.58284	-46.0152	-42.4324
BLOCK04/SES046/SA046S13	SES144	-1.27749	-43.7099	-42.4324
BLOCK04/SES046/SA046S13	SES147	-2.37697	-44.8094	-42.4324
BLOCK04/SES046/SA046S13	SES177	-1.60834	-44.0407	-42.4324
BLOCK04/SES046/SA046S15	SES048	-2.41646	-43.4964	-41.0799
BLOCK04/SES046/SA046S15	SES083	-1.06454	-42.1445	-41.0799
BLOCK04/SES046/SA046S15	SES120	-2.14952	-43.2295	-41.0799
BLOCK04/SES046/SA046S15	SES148	-0.912796	-41.9927	-41.0799
BLOCK04/SES046/SA046S22	SES101	-1.54158	-43.6166	-42.075
BLOCK04/SES046/SA046S22	SES144	-1.06553	-43.1406	-42.075
BLOCK04/SES046/SA046S22	SES147	-2.38157	-44.4566	-42.075
BLOCK04/SES046/SA046S22	SES172	-1.18106	-43.2561	-42.075
BLOCK04/SES046/SA046S25	SES083	-1.8252	-43.5096	-41.6844
BLOCK04/SES046/SA046S25	SES127	-1.62344	-43.3078	-41.6844
BLOCK04/SES046/SA046S25	SES144	-1.28563	-42.97	-41.6844
BLOCK04/SES046/SA046S25	SES148	-1.28273	-42.9671	-41.6844
BLOCK04/SES046/SA046S28	SES007	-2.74279	-45.1293	-42.3865
BLOCK04/SES046/SA046S28	SES105	-2.21805	-44.6046	-42.3865
BLOCK04/SES046/SA046S28	SES147	-2.00079	-44.3873	-42.3865
BLOCK04/SES046/SA046S28	SES148	-1.84388	-44.2304	-42.3865
BLOCK04/SES049/SA049S16	SES104	-0.987717	-43.5995	-42.6118
BLOCK04/SES049/SA049S16	SES106	-0.854206	-43.466	-42.6118
BLOCK04/SES049/SA049S16	SES120	-2.71463	-45.3264	-42.6118
BLOCK04/SES049/SA049S16	SES206	-1.04772	-43.6595	-42.6118
BLOCK04/SES049/SA049S18	SES099	0.276859	-43.3684	-43.6453
BLOCK04/SES049/SA049S18	SES104	-1.37723	-45.0225	-43.6453
BLOCK04/SES049/SA049S18	SES125	-1.86187	-45.5071	-43.6453
BLOCK04/SES049/SA049S18	SES206	-1.39081	-45.0361	-43.6453
BLOCK04/SES049/SA049S25	SES087	-0.632175	-42.9307	-42.2985
BLOCK04/SES049/SA049S25	SES104	-1.09925	-43.3978	-42.2985
BLOCK04/SES049/SA049S25	SES125	-1.67682	-43.9753	-42.2985
BLOCK04/SES049/SA049S25	SES206	-0.666039	-42.9646	-42.2985
BLOCK04/SES049/SA049S27	SES099	-0.349628	-42.2129	-41.8633
BLOCK04/SES049/SA049S27	SES104	-0.315006	-42.1783	-41.8633
BLOCK04/SES049/SA049S27	SES125	-1.07321	-42.9365	-41.8633
BLOCK04/SES049/SA049S27	SES206	-0.600185	-42.4635	-41.8633
BLOCK04/SES049/SA049S29	SES099	0.0742912	-40.8292	-40.9035
BLOCK04/SES049/SA049S29	SES104	-0.211617	-41.1151	-40.9035
BLOCK04/SES049/SA049S29	SES125	-0.800068	-41.7036	-40.9035
BLOCK04/SES049/SA049S29	SES206	-0.370266	-41.2738	-40.9035
BLOCK06/SES063/SA063S09	SES068	-1.51655	-43.0017	-41.4851
BLOCK06/SES063/SA063S09	SES083	-1.04052	-42.5257	-41.4851
BLOCK06/SES063/SA063S09	SES177	-1.23002	-42.7152	-41.4851
BLOCK06/SES063/SA063S09	SES187	-1.51346	-42.9986	-41.4851
BLOCK06/SES063/SA063S10	SES068	-2.42423	-44.7045	-42.2803
BLOCK06/SES063/SA063S10	SES083	-0.401173	-42.6815	-42.2803
BLOCK06/SES063/SA063S10	SES172	-0.531719	-42.812	-42.2803
BLOCK06/SES063/SA063S10	SES187	-0.650963	-42.9313	-42.2803
BLOCK06/SES063/SA063S20	SES068	-2.73906	-44.6432	-41.9041
BLOCK06/SES063/SA063S20	SES083	-1.41584	-43.32	-41.9041
BLOCK06/SES063/SA063S20	SES172	-1.26462	-43.1687	-41.9041
BLOCK06/SES063/SA063S20	SES187	-0.527489	-42.4316	-41.9041
BLOCK06/SES063/SA063S24	SES029	-2.4637	-43.7783	-41.3146
BLOCK06/SES063/SA063S24	SES083	-0.576477	-41.8911	-41.3146
BLOCK06/SES063/SA063S24	SES177	-0.947762	-42.2624	-41.3146
BLOCK06/SES063/SA063S24	SES189	-1.04645	-42.3611	-41.3146
BLOCK06/SES063/SA063S27	SES083	-0.321072	-43.0194	-42.6984
BLOCK06/SES063/SA063S27	SES172	-0.889954	-43.5883	-42.6984
BLOCK06/SES063/SA063S27	SES187	-1.7812	-44.4796	-42.6984
BLOCK06/SES063/SA063S27	SES292	-2.33862	-45.037	-42.6984
BLOCK06/SES067/SA067S12	SES083	-2.27739	-43.7845	-41.5071
BLOCK06/SES067/SA067S12	SES172	-2.82758	-44.3347	-41.5071
BLOCK06/SES067/SA067S12	SES202	0.163399	-41.3437	-41.5071
BLOCK06/SES067/SA067S12	SES292	-1.49145	-42.9985	-41.5071
BLOCK06/SES067/SA067S14	SES085	-1.41072	-42.3572	-40.9465
BLOCK06/SES067/SA067S14	SES177	-1.71715	-42.6637	-40.9465
BLOCK06/SES067/SA067S14	SES183	-1.81519	-42.7617	-40.9465
BLOCK06/SES067/SA067S14	SES202	-0.602127	-41.5486	-40.9465
BLOCK06/SES067/SA067S21	SES144	-0.815208	-43.429	-42.6138
BLOCK06/SES067/SA067S21	SES177	-0.895348	-43.5091	-42.6138
BLOCK06/SES067/SA067S21	SES183	-4.68328	-47.2971	-42.6138
BLOCK06/SES067/SA067S21	SES189	-0.312485	-42.9263	-42.6138
BLOCK06/SES067/SA067S25	SES085	-1.00803	-42.7619	-41.7538
BLOCK06/SES067/SA067S25	SES177	-1.25888	-43.0127	-41.7538
BLOCK06/SES067/SA067S25	SES183	-1.87539	-43.6292	-41.7538
BLOCK06/SES067/SA067S25	SES202	-0.400665	-42.1545	-41.7538
BLOCK06/SES067/SA067S29	SES085	-0.887169	-42.4502	-41.563
BLOCK06/SES067/SA067S29	SES177	-2.09517	-43.6582	-41.563
BLOCK06/SES067/SA067S29	SES183	-1.83961	-43.4027	-41.563
BLOCK06/SES067/SA067S29	SES202	-0.117844	-41.6809	-41.563
BLOCK06/SES069/SA069S12	SES029	-2.32372	-43.3723	-41.0485
BLOCK06/SES069/SA069S12	SES082	-0.861561	-41.9101	-41.0485
BLOCK06/SES069/SA069S12	SES087	-1.27736	-42.3259	-41.0485
BLOCK06/SES069/SA069S12	SES206	-1.0596	-42.1082	-41.0485
BLOCK06/SES069/SA069S13	SES029	-2.16493	-43.3517	-41.1868
BLOCK06/SES069/SA069S13	SES087	-1.84727	-43.0341	-41.1868
BLOCK06/SES069/SA069S13	SES206	-1.61152	-42.7983	-41.1868
BLOCK06/SES069/SA069S13	SES226	-1.32779	-42.5146	-41.1868
BLOCK06/SES069/SA069S23	SES029	-1.74926	-41.7451	-39.9959
BLOCK06/SES069/SA069S23	SES087	-1.28231	-41.2782	-39.9959
BLOCK06/SES069/SA069S23	SES206	-1.26597	-41.2618	-39.9959
BLOCK06/SES069/SA069S23	SES226	-0.584652	-40.5805	-39.9959
BLOCK06/SES069/SA069S25	SES087	-1.24443	-41.5339	-40.2895
BLOCK06/SES069/SA069S25	SES206	-1.68148	-41.971	-40.2895
BLOCK06/SES069/SA069S25	SES226	-0.67881	-40.9683	-40.2895
BLOCK06/SES069/SA069S25	SES270	-1.09253	-41.382	-40.2895
BLOCK06/SES069/SA069S27	SES087	-1.49683	-42.0423	-40.5455
BLOCK06/SES069/SA069S27	SES206	-0.395527	-40.941	-40.5455
BLOCK06/SES069/SA069S27	SES226	-0.503185	-41.0487	-40.5455
BLOCK06/SES069/SA069S27	SES270	-0.560856	-41.1063	-40.5455
BLOCK08/SES081/SA081S11	SES060	-1.69435	-43.1459	-41.4515
BLOCK08/SES081/SA081S11	SES062	-3.63021	-45.0817	-41.4515
BLOCK08/SES081/SA081S11	SES117	-2.0866	-43.5381	-41.4515
BLOCK08/SES081/SA081S11	SES162	-2.18746	-43.639	-41.4515
BLOCK08/SES081/SA081S13	SES016	-1.1937	-41.8229	-40.6292
BLOCK08/SES081/SA081S13	SES060	-0.551067	-41.1803	-40.6292
BLOCK08/SES081/SA081S13	SES068	-0.507114	-41.1363	-40.6292
BLOCK08/SES081/SA081S13	SES129	-1.71489	-42.3441	-40.6292
BLOCK08/SES081/SA081S24	SES060	-0.894226	-42.0441	-41.1499
BLOCK08/SES081/SA081S24	SES068	-1.24012	-42.39	-41.1499
BLOCK08/SES081/SA081S24	SES117	-1.68332	-42.8332	-41.1499
BLOCK08/SES081/SA081S24	SES275	-2.24957	-43.3994	-41.1499
BLOCK08/SES081/SA081S27	SES007	-1.34428	-42.4798	-41.1355
BLOCK08/SES081/SA081S27	SES060	-2.00744	-43.1429	-41.1355
BLOCK08/SES081/SA081S27	SES117	-0.958687	-42.0942	-41.1355
BLOCK08/SES081/SA081S27	SES275	-2.16008	-43.2956	-41.1355
BLOCK08/SES081/SA081S29	SES007	-1.45144	-42.3853	-40.9338
BLOCK08/SES081/SA081S29	SES060	-0.895283	-41.8291	-40.9338
BLOCK08/SES081/SA081S29	SES117	-1.22908	-42.1629	-40.9338
BLOCK08/SES081/SA081S29	SES275	-2.21553	-43.1494	-40.9338
BLOCK08/SES086/SA086S11	SES029	-3.66689	-46.6105	-42.9436
BLOCK08/SES086/SA086S11	SES082	-1.99038	-44.934	-42.9436
BLOCK08/SES086/SA086S11	SES087	-1.10609	-44.0497	-42.9436
BLOCK08/SES086/SA086S11	SES206	-2.48785	-45.4315	-42.9436
BLOCK08/SES086/SA086S12	SES029	-3.46546	-45.9311	-42.4656
BLOCK08/SES086/SA086S12	SES082	-2.12695	-44.5926	-42.4656
BLOCK08/SES086/SA086S12	SES087	0.0811958	-42.3844	-42.4656
BLOCK08/SES086/SA086S12	SES206	-1.87525	-44.3409	-42.4656
BLOCK08/SES086/SA086S20	SES029	-2.60838	-43.6996	-41.0912
BLOCK08/SES086/SA086S20	SES082	-1.67173	-42.7629	-41.0912
BLOCK08/SES086/SA086S20	SES087	0.253319	-40.8379	-41.0912
BLOCK08/SES086/SA086S20	SES206	-0.535538	-41.6267	-41.0912
BLOCK08/SES086/SA086S24	SES087	-0.185112	-42.2212	-42.0361
BLOCK08/SES086/SA086S24	SES104	-1.79371	-43.8298	-42.0361
BLOCK08/SES086/SA086S24	SES120	-3.16811	-45.2042	-42.0361
BLOCK08/SES086/SA086S24	SES206	-0.676502	-42.7126	-42.0361
BLOCK08/SES086/SA086S28	SES029	-2.53279	-43.6982	-41.1654
BLOCK08/SES086/SA086S28	SES082	-1.44456	-42.6099	-41.1654
BLOCK08/SES086/SA086S28	SES087	0.0440903	-41.1213	-41.1654
BLOCK08/SES086/SA086S28	SES206	-0.81131	-41.9767	-41.1654
BLOCK08/SES089/SA089S13	SES087	-0.863552	-42.5064	-41.6429
BLOCK08/SES089/SA089S13	SES206	-1.12462	-42.7675	-41.6429
BLOCK08/SES089/SA089S13	SES226	-1.34662	-42.9895	-41.6429
BLOCK08/SES089/SA089S13	SES270	-2.01881	-43.6617	-41.6429
BLOCK08/SES089/SA089S14	SES062	-1.90151	-43.2703	-41.3688
BLOCK08/SES089/SA089S14	SES087	-0.275982	-41.6448	-41.3688
BLOCK08/SES089/SA089S14	SES206	-0.354256	-41.7231	-41.3688
BLOCK08/SES089/SA089S14	SES226	-0.616127	-41.9849	-41.3688
BLOCK08/SES089/SA089S23	SES087	-0.0161324	-42.2561	-42.24
BLOCK08/SES089/SA089S23	SES206	-0.711876	-42.9519	-42.24
BLOCK08/SES089/SA089S23	SES226	-1.1669	-43.4069	-42.24
BLOCK08/SES089/SA089S23	SES270	-1.62869	-43.8687	-42.24
BLOCK08/SES089/SA089S25	SES062	-1.94448	-43.407	-41.4625
BLOCK08/SES089/SA089S25	SES087	-0.114498	-41.577	-41.4625
BLOCK08/SES089/SA089S25	SES206	-1.02271	-42.4852	-41.4625
BLOCK08/SES089/SA089S25	SES226	-0.449375	-41.9119	-41.4625
BLOCK08/SES089/SA089S28	SES062	-1.54287	-42.818	-41.2751
BLOCK08/SES089/SA089S28	SES087	-0.304176	-41.5793	-41.2751
BLOCK08/SES089/SA089S28	SES206	-0.162022	-41.4371	-41.2751
BLOCK08/SES089/SA089S28	SES226	-0.522511	-41.7976	-41.2751
BLOCK09/SES097/SA097S11	SES099	0.121136	-41.9516	-42.0727
BLOCK09/SES097/SA097S11	SES125	-1.9874	-44.0601	-42.0727
BLOCK09/SES097/SA097S11	SES206	-1.89728	-43.97	-42.0727
BLOCK09/SES097/SA097S11	SES226	-0.465603	-42.5383	-42.0727
BLOCK09/SES097/SA097S14	SES062	-1.76291	-43.4866	-41.7237
BLOCK09/SES097/SA097S14	SES099	-0.514595	-42.2383	-41.7237
BLOCK09/SES097/SA097S14	SES104	-1.12029	-42.844	-41.7237
BLOCK09/SES097/SA097S14	SES206	-1.44286	-43.1666	-41.7237
BLOCK09/SES097/SA097S22	SES099	0.444855	-41.2996	-41.7444
BLOCK09/SES097/SA097S22	SES206	-1.38632	-43.1307	-41.7444
BLOCK09/SES097/SA097S22	SES226	-1.23198	-42.9764	-41.7444
BLOCK09/SES097/SA097S22	SES270	-0.0454292	-41.7898	-41.7444
BLOCK09/SES097/SA097S26	SES099	0.48114	-40.8298	-41.3109
BLOCK09/SES097/SA097S26	SES120	-2.06738	-43.3783	-41.3109
BLOCK09/SES097/SA097S26	SES206	-1.02234	-42.3332	-41.3109
BLOCK09/SES097/SA097S26	SES226	-1.06997	-42.3809	-41.3109
BLOCK09/SES097/SA097S28	SES099	-0.435318	-42.0352	-41.5999
BLOCK09/SES097/SA097S28	SES120	-2.53404	-44.134	-41.5999
BLOCK09/SES097/SA097S28	SES206	-1.81726	-43.4172	-41.5999
BLOCK09/SES097/SA097S28	SES226	-1.67999	-43.2799	-41.5999
BLOCK09/SES098/SA098S11	SES127	-3.02185	-45.7518	-42.7299
BLOCK09/SES098/SA098S11	SES144	-1.60861	-44.3385	-42.7299
BLOCK09/SES098/SA098S11	SES147	-1.08506	-43.815	-42.7299
BLOCK09/SES098/SA098S11	SES148	-3.25186	-45.9818	-42.7299
BLOCK09/SES098/SA098S12	SES127	-4.30508	-48.4028	-44.0977
BLOCK09/SES098/SA098S12	SES144	-2.11313	-46.2109	-44.0977
BLOCK09/SES098/SA098S12	SES147	-2.499	-46.5967	-44.0977
BLOCK09/SES098/SA098S12	SES189	-1.15208	-45.2498	-44.0977
BLOCK09/SES098/SA098S20	SES127	-4.26131	-47.5801	-43.3188
BLOCK09/SES098/SA098S20	SES147	-1.79403	-45.1128	-43.3188
BLOCK09/SES098/SA098S20	SES148	-3.6016	-46.9204	-43.3188
BLOCK09/SES098/SA098S20	SES292	-4.51565	-47.8344	-43.3188
BLOCK09/SES098/SA098S23	SES127	-1.82376	-44.9251	-43.1014
BLOCK09/SES098/SA098S23	SES147	-0.93679	-44.0382	-43.1014
BLOCK09/SES098/SA098S23	SES187	-0.802525	-43.9039	-43.1014
BLOCK09/SES098/SA098S23	SES292	-2.38863	-45.49	-43.1014
BLOCK09/SES098/SA098S27	SES127	-3.02092	-46.0876	-43.0667
BLOCK09/SES098/SA098S27	SES147	-2.16665	-45.2334	-43.0667
BLOCK09/SES098/SA098S27	SES148	-3.74797	-46.8147	-43.0667
BLOCK09/SES098/SA098S27	SES292	-2.86599	-45.9327	-43.0667
BLOCK10/SES102/SA102S13	SES101	-0.960587	-44.1826	-43.222
BLOCK10/SES102/SA102S13	SES105	-1.39661	-44.6186	-43.222
BLOCK10/SES102/SA102S13	SES120	-1.03117	-44.2532	-43.222
BLOCK10/SES102/SA102S13	SES158	-5.29823	-48.5203	-43.222
BLOCK10/SES102/SA102S14	SES007	-0.382912	-41.5694	-41.1864
BLOCK10/SES102/SA102S14	SES101	-0.237602	-41.424	-41.1864
BLOCK10/SES102/SA102S14	SES105	-0.840187	-42.0266	-41.1864
BLOCK10/SES102/SA102S14	SES147	-1.79726	-42.9837	-41.1864
BLOCK10/SES102/SA102S22	SES007	-1.3863	-42.779	-41.3927
BLOCK10/SES102/SA102S22	SES101	-0.263721	-41.6564	-41.3927
BLOCK10/SES102/SA102S22	SES105	-0.684032	-42.0767	-41.3927
BLOCK10/SES102/SA102S22	SES158	-3.57806	-44.9707	-41.3927
BLOCK10/SES102/SA102S25	SES007	-0.929836	-42.2231	-41.2932
BLOCK10/SES102/SA102S25	SES101	-0.199162	-41.4924	-41.2932
BLOCK10/SES102/SA102S25	SES105	-1.14079	-42.434	-41.2932
BLOCK10/SES102/SA102S25	SES147	-2.72162	-44.0148	-41.2932
BLOCK10/SES102/SA102S27	SES007	-1.39859	-43.2769	-41.8783
BLOCK10/SES102/SA102S27	SES101	-0.731693	-42.61	-41.8783
BLOCK10/SES102/SA102S27	SES105	-1.23606	-43.1143	-41.8783
BLOCK10/SES102/SA102S27	SES147	-1.84174	-43.72	-41.8783
BLOCK10/SES103/SA103S14	SES105	-1.81194	-44.8558	-43.0438
BLOCK10/SES103/SA103S14	SES106	-0.795006	-43.8388	-43.0438
BLOCK10/SES103/SA103S14	SES120	-2.50163	-45.5455	-43.0438
BLOCK10/SES103/SA103S14	SES206	-1.69651	-44.7403	-43.0438
BLOCK10/SES103/SA103S15	SES099	-0.779995	-44.5542	-43.7742
BLOCK10/SES103/SA103S15	SES101	-3.30744	-47.0816	-43.7742
BLOCK10/SES103/SA103S15	SES104	-1.10298	-44.8772	-43.7742
BLOCK10/SES103/SA103S15	SES125	-0.78928	-44.5635	-43.7742
BLOCK10/SES103/SA103S24	SES104	-0.747402	-43.1787	-42.4313
BLOCK10/SES103/SA103S24	SES125	-0.80901	-43.2403	-42.4313
BLOCK10/SES103/SA103S24	SES148	-2.26196	-44.6933	-42.4313
BLOCK10/SES103/SA103S24	SES158	-0.17971	-42.611	-42.4313
BLOCK10/SES103/SA103S26	SES104	-1.74417	-44.4991	-42.7549
BLOCK10/SES103/SA103S26	SES106	-0.938374	-43.6933	-42.7549
BLOCK10/SES103/SA103S26	SES125	-1.04463	-43.7996	-42.7549
BLOCK10/SES103/SA103S26	SES148	-2.71762	-45.4726	-42.7549
BLOCK10/SES103/SA103S28	SES104	-1.76663	-45.0536	-43.287
BLOCK10/SES103/SA103S28	SES106	-1.29909	-44.586	-43.287
BLOCK10/SES103/SA103S28	SES125	-1.74263	-45.0296	-43.287
BLOCK10/SES103/SA103S28	SES206	-2.03958	-45.3265	-43.287
BLOCK12/SES121/SA121S12	SES042	-1.49068	-45.3523	-43.8617
BLOCK12/SES121/SA121S12	SES087	-0.857338	-44.719	-43.8617
BLOCK12/SES121/SA121S12	SES105	-0.917843	-44.7795	-43.8617
BLOCK12/SES121/SA121S12	SES206	-0.905571	-44.7672	-43.8617
BLOCK12/SES121/SA121S14	SES007	-2.54735	-47.0988	-44.5514
BLOCK12/SES121/SA121S14	SES105	-2.19067	-46.7421	-44.5514
BLOCK12/SES121/SA121S14	SES106	-1.08392	-45.6353	-44.5514
BLOCK12/SES121/SA121S14	SES206	-1.65208	-46.2035	-44.5514
BLOCK12/SES121/SA121S23	SES105	-2.40368	-47.0978	-44.6941
BLOCK12/SES121/SA121S23	SES106	-0.834103	-45.5283	-44.6941
BLOCK12/SES121/SA121S23	SES120	-3.44548	-48.1396	-44.6941
BLOCK12/SES121/SA121S23	SES206	-1.14036	-45.8345	-44.6941
BLOCK12/SES121/SA121S25	SES007	-1.98797	-47.3463	-45.3584
BLOCK12/SES121/SA121S25	SES105	-2.46158	-47.8199	-45.3584
BLOCK12/SES121/SA121S25	SES106	-1.35689	-46.7152	-45.3584
BLOCK12/SES121/SA121S25	SES206	-1.68255	-47.0409	-45.3584
BLOCK12/SES121/SA121S27	SES087	-0.0178337	-43.7582	-43.7403
BLOCK12/SES121/SA121S27	SES105	-3.32687	-47.0672	-43.7403
BLOCK12/SES121/SA121S27	SES120	-2.49934	-46.2397	-43.7403
BLOCK12/SES121/SA121S27	SES206	-0.983143	-44.7235	-43.7403
BLOCK12/SES124/SA124S16	SES042	-0.634773	-42.3619	-41.7271
BLOCK12/SES124/SA124S16	SES082	-1.02917	-42.7563	-41.7271
BLOCK12/SES124/SA124S16	SES183	-3.12094	-44.848	-41.7271
BLOCK12/SES124/SA124S16	SES206	-1.28014	-43.0072	-41.7271
BLOCK12/SES124/SA124S17	SES105	-2.07423	-44.7174	-42.6431
BLOCK12/SES124/SA124S17	SES149	-2.32107	-44.9642	-42.6431
BLOCK12/SES124/SA124S17	SES158	-2.50851	-45.1516	-42.6431
BLOCK12/SES124/SA124S17	SES275	-1.9288	-44.5719	-42.6431
BLOCK12/SES124/SA124S23	SES105	-2.03769	-42.3408	-40.3031
BLOCK12/SES124/SA124S23	SES125	-0.264786	-40.5679	-40.3031
BLOCK12/SES124/SA124S23	SES129	-3.44579	-43.7489	-40.3031
BLOCK12/SES124/SA124S23	SES158	-0.505962	-40.8091	-40.3031
BLOCK12/SES124/SA124S26	SES105	-2.2874	-43.2922	-41.0048
BLOCK12/SES124/SA124S26	SES125	-0.257641	-41.2625	-41.0048
BLOCK12/SES124/SA124S26	SES129	-3.09039	-44.0952	-41.0048
BLOCK12/SES124/SA124S26	SES158	-1.03112	-42.0359	-41.0048
BLOCK12/SES124/SA124S28	SES104	-0.908844	-41.7184	-40.8095
BLOCK12/SES124/SA124S28	SES106	-0.505688	-41.3152	-40.8095
BLOCK12/SES124/SA124S28	SES125	-0.604164	-41.4137	-40.8095
BLOCK12/SES124/SA124S28	SES275	-2.26718	-43.0767	-40.8095
BLOCK12/SES126/SA126S13	SES007	-2.33796	-45.8715	-43.5336
BLOCK12/SES126/SA126S13	SES162	-1.97539	-45.509	-43.5336
BLOCK12/SES126/SA126S13	SES177	-1.26527	-44.7988	-43.5336
BLOCK12/SES126/SA126S13	SES180	-1.78934	-45.3229	-43.5336
BLOCK12/SES126/SA126S14	SES144	-1.2541	-43.0317	-41.7776
BLOCK12/SES126/SA126S14	SES148	-1.39637	-43.174	-41.7776
BLOCK12/SES126/SA126S14	SES177	-0.793373	-42.571	-41.7776
BLOCK12/SES126/SA126S14	SES180	-1.28484	-43.0624	-41.7776
BLOCK12/SES126/SA126S20	SES007	-2.0992	-44.2845	-42.1853
BLOCK12/SES126/SA126S20	SES162	-2.22026	-44.4056	-42.1853
BLOCK12/SES126/SA126S20	SES172	-2.70653	-44.8919	-42.1853
BLOCK12/SES126/SA126S20	SES180	-2.70318	-44.8885	-42.1853
BLOCK12/SES126/SA126S24	SES120	-1.05328	-42.7424	-41.6891
BLOCK12/SES126/SA126S24	SES162	-1.67171	-43.3608	-41.6891
BLOCK12/SES126/SA126S24	SES177	-0.836773	-42.5259	-41.6891
BLOCK12/SES126/SA126S24	SES180	-0.947441	-42.6365	-41.6891
BLOCK12/SES126/SA126S26	SES120	-1.04068	-43.6502	-42.6095
BLOCK12/SES126/SA126S26	SES177	-0.879604	-43.4891	-42.6095
BLOCK12/SES126/SA126S26	SES180	-1.24734	-43.8568	-42.6095
BLOCK12/SES126/SA126S26	SES202	-2.86509	-45.4746	-42.6095
BLOCK12/SES128/SA128S10	SES087	-1.86877	-43.3993	-41.5305
BLOCK12/SES128/SA128S10	SES206	-1.42567	-42.9562	-41.5305
BLOCK12/SES128/SA128S10	SES226	-0.778042	-42.3086	-41.5305
BLOCK12/SES128/SA128S10	SES270	-0.472179	-42.0027	-41.5305
BLOCK12/SES128/SA128S12	SES120	-2.60112	-44.3503	-41.7491
BLOCK12/SES128/SA128S12	SES158	-1.03548	-42.7846	-41.7491
BLOCK12/SES128/SA128S12	SES206	-0.680141	-42.4293	-41.7491
BLOCK12/SES128/SA128S12	SES226	-1.24863	-42.9978	-41.7491
BLOCK12/SES128/SA128S21	SES106	-2.10157	-44.5417	-42.4401
BLOCK12/SES128/SA128S21	SES120	-2.49623	-44.9363	-42.4401
BLOCK12/SES128/SA128S21	SES206	-0.864075	-43.3042	-42.4401
BLOCK12/SES128/SA128S21	SES226	-1.08997	-43.5301	-42.4401
BLOCK12/SES128/SA128S24	SES087	-1.43333	-43.4065	-41.9732
BLOCK12/SES128/SA128S24	SES120	-1.16585	-43.139	-41.9732
BLOCK12/SES128/SA128S24	SES206	-0.935493	-42.9087	-41.9732
BLOCK12/SES128/SA128S24	SES226	-1.25809	-43.2313	-41.9732
BLOCK12/SES128/SA128S27	SES099	-0.432804	-41.495	-41.0622
BLOCK12/SES128/SA128S27	SES120	-1.77498	-42.8372	-41.0622
BLOCK12/SES128/SA128S27	SES206	-0.580364	-41.6425	-41.0622
BLOCK12/SES128/SA128S27	SES226	-0.709419	-41.7716	-41.0622
BLOCK13/SES130/SA130S13	SES143	-2.22279	-45.4091	-43.1863
BLOCK13/SES130/SA130S13	SES144	-0.302643	-43.489	-43.1863
BLOCK13/SES130/SA130S13	SES146	-0.607269	-43.7936	-43.1863
BLOCK13/SES130/SA130S13	SES275	-3.04582	-46.2322	-43.1863
BLOCK13/SES130/SA130S15	SES143	-2.26025	-44.1173	-41.857
BLOCK13/SES130/SA130S15	SES144	-1.07438	-42.9314	-41.857
BLOCK13/SES130/SA130S15	SES146	-0.858574	-42.7156	-41.857
BLOCK13/SES130/SA130S15	SES275	-1.46229	-43.3193	-41.857
BLOCK13/SES130/SA130S23	SES127	-2.98437	-46.2396	-43.2553
BLOCK13/SES130/SA130S23	SES144	-1.49617	-44.7514	-43.2553
BLOCK13/SES130/SA130S23	SES146	-1.28982	-44.5451	-43.2553
BLOCK13/SES130/SA130S23	SES162	-1.47734	-44.7326	-43.2553
BLOCK13/SES130/SA130S25	SES127	-2.27175	-43.9063	-41.6345
BLOCK13/SES130/SA130S25	SES144	-0.785019	-42.4195	-41.6345
BLOCK13/SES130/SA130S25	SES146	-0.94183	-42.5763	-41.6345
BLOCK13/SES130/SA130S25	SES275	-1.15913	-42.7936	-41.6345
BLOCK13/SES130/SA130S28	SES127	-1.56393	-43.3563	-41.7924
BLOCK13/SES130/SA130S28	SES144	-1.07851	-42.8709	-41.7924
BLOCK13/SES130/SA130S28	SES146	-1.23235	-43.0247	-41.7924
BLOCK13/SES130/SA130S28	SES275	-0.759254	-42.5516	-41.7924
BLOCK13/SES131/SA131S13	SES002	-1.47195	-45.4252	-43.9533
BLOCK13/SES131/SA131S13	SES007	-2.48325	-46.4365	-43.9533
BLOCK13/SES131/SA131S13	SES099	-1.3004	-45.2537	-43.9533
BLOCK13/SES131/SA131S13	SES105	-1.6092	-45.5625	-43.9533
BLOCK13/SES131/SA131S14	SES104	-0.770126	-43.1273	-42.3572
BLOCK13/SES131/SA131S14	SES106	-0.392925	-42.7501	-42.3572
BLOCK13/SES131/SA131S14	SES125	-1.06472	-43.4219	-42.3572
BLOCK13/SES131/SA131S14	SES148	-2.00869	-44.3659	-42.3572
BLOCK13/SES131/SA131S20	SES104	-1.34494	-44.7292	-43.3843
BLOCK13/SES131/SA131S20	SES106	-0.632668	-44.0169	-43.3843
BLOCK13/SES131/SA131S20	SES125	-1.4496	-44.8339	-43.3843
BLOCK13/SES131/SA131S20	SES148	-2.89314	-46.2774	-43.3843
BLOCK13/SES131/SA131S22	SES099	-1.16479	-43.8629	-42.6981
BLOCK13/SES131/SA131S22	SES104	-1.38725	-44.0853	-42.6981
BLOCK13/SES131/SA131S22	SES125	-1.37883	-44.0769	-42.6981
BLOCK13/SES131/SA131S22	SES206	-1.62809	-44.3262	-42.6981
BLOCK13/SES131/SA131S29	SES087	-1.02992	-44.4443	-43.4144
BLOCK13/SES131/SA131S29	SES104	-1.85596	-45.2703	-43.4144
BLOCK13/SES131/SA131S29	SES125	-1.68132	-45.0957	-43.4144
BLOCK13/SES131/SA131S29	SES206	-1.49348	-44.9078	-43.4144
BLOCK13/SES132/SA132S11	SES083	-1.94184	-43.3253	-41.3835
BLOCK13/SES132/SA132S11	SES120	-0.418949	-41.8024	-41.3835
BLOCK13/SES132/SA132S11	SES127	-1.03222	-42.4157	-41.3835
BLOCK13/SES132/SA132S11	SES275	-1.53123	-42.9147	-41.3835
BLOCK13/SES132/SA132S12	SES083	-1.51661	-42.7418	-41.2252
BLOCK13/SES132/SA132S12	SES143	-1.55301	-42.7782	-41.2252
BLOCK13/SES132/SA132S12	SES144	-1.47852	-42.7037	-41.2252
BLOCK13/SES132/SA132S12	SES148	-1.56717	-42.7924	-41.2252
BLOCK13/SES132/SA132S22	SES062	-1.12693	-42.3933	-41.2663
BLOCK13/SES132/SA132S22	SES083	-1.26744	-42.5338	-41.2663
BLOCK13/SES132/SA132S22	SES127	-0.746918	-42.0132	-41.2663
BLOCK13/SES132/SA132S22	SES275	-1.18232	-42.4487	-41.2663
BLOCK13/SES132/SA132S24	SES007	-0.696522	-41.9205	-41.224
BLOCK13/SES132/SA132S24	SES083	-2.16687	-43.3909	-41.224
BLOCK13/SES132/SA132S24	SES127	-1.8003	-43.0243	-41.224
BLOCK13/SES132/SA132S24	SES275	-1.45907	-42.6831	-41.224
BLOCK13/SES132/SA132S27	SES083	-2.24232	-44.0384	-41.796
BLOCK13/SES132/SA132S27	SES120	-0.317337	-42.1134	-41.796
BLOCK13/SES132/SA132S27	SES127	-1.38232	-43.1784	-41.796
BLOCK13/SES132/SA132S27	SES275	-1.72445	-43.5205	-41.796
BLOCK14/SES141/SA141S09	SES143	-0.964119	-42.9273	-41.9632
BLOCK14/SES141/SA141S09	SES144	-1.0732	-43.0364	-41.9632
BLOCK14/SES141/SA141S09	SES162	-0.997112	-42.9603	-41.9632
BLOCK14/SES141/SA141S09	SES180	-1.08746	-43.0507	-41.9632
BLOCK14/SES141/SA141S15	SES127	-0.978771	-42.9317	-41.953
BLOCK14/SES141/SA141S15	SES144	-1.12006	-43.073	-41.953
BLOCK14/SES141/SA141S15	SES162	-1.26622	-43.2192	-41.953
BLOCK14/SES141/SA141S15	SES180	-0.551231	-42.5042	-41.953
BLOCK14/SES141/SA141S24	SES127	-0.88002	-42.315	-41.435
BLOCK14/SES141/SA141S24	SES144	-1.51668	-42.9517	-41.435
BLOCK14/SES141/SA141S24	SES162	-0.854275	-42.2893	-41.435
BLOCK14/SES141/SA141S24	SES183	-2.19576	-43.6307	-41.435
BLOCK14/SES141/SA141S26	SES142	-1.62066	-43.8622	-42.2416
BLOCK14/SES141/SA141S26	SES144	-1.85886	-44.1004	-42.2416
BLOCK14/SES141/SA141S26	SES172	-1.1905	-43.4321	-42.2416
BLOCK14/SES141/SA141S26	SES180	-1.15523	-43.3968	-42.2416
BLOCK14/SES141/SA141S29	SES127	-0.815842	-42.3399	-41.5241
BLOCK14/SES141/SA141S29	SES142	-0.808624	-42.3327	-41.5241
BLOCK14/SES141/SA141S29	SES144	-1.41093	-42.935	-41.5241
BLOCK14/SES141/SA141S29	SES180	-0.892063	-42.4161	-41.5241
BLOCK15/SES157/SA157S08	SES083	-2.91605	-44.8911	-41.975
BLOCK15/SES157/SA157S08	SES127	-1.80122	-43.7763	-41.975
BLOCK15/SES157/SA157S08	SES148	-1.2144	-43.1894	-41.975
BLOCK15/SES157/SA157S08	SES292	-2.13591	-44.111	-41.975
BLOCK15/SES157/SA157S11	SES083	-2.82398	-44.7891	-41.9651
BLOCK15/SES157/SA157S11	SES127	-2.06644	-44.0315	-41.9651
BLOCK15/SES157/SA157S11	SES148	-1.49528	-43.4604	-41.9651
BLOCK15/SES157/SA157S11	SES292	-2.31114	-44.2762	-41.9651
BLOCK15/SES157/SA157S21	SES127	-1.74	-43.1982	-41.4582
BLOCK15/SES157/SA157S21	SES148	-0.977623	-42.4358	-41.4582
BLOCK15/SES157/SA157S21	SES158	-4.38547	-45.8437	-41.4582
BLOCK15/SES157/SA157S21	SES292	-1.61372	-43.0719	-41.4582
BLOCK15/SES157/SA157S24	SES127	-1.81647	-43.3055	-41.4891
BLOCK15/SES157/SA157S24	SES148	-1.58266	-43.0717	-41.4891
BLOCK15/SES157/SA157S24	SES183	-2.1139	-43.603	-41.4891
BLOCK15/SES157/SA157S24	SES292	-2.10996	-43.599	-41.4891
BLOCK15/SES157/SA157S26	SES007	-0.97971	-42.1965	-41.2167
BLOCK15/SES157/SA157S26	SES127	-1.08794	-42.3047	-41.2167
BLOCK15/SES157/SA157S26	SES147	-1.94897	-43.1657	-41.2167
BLOCK15/SES157/SA157S26	SES148	-1.50204	-42.7188	-41.2167
BLOCK16/SES161/SA161S10	SES007	-2.28262	-45.5119	-43.2293
BLOCK16/SES161/SA161S10	SES105	-1.7274	-44.9567	-43.2293
BLOCK16/SES161/SA161S10	SES158	-1.96532	-45.1946	-43.2293
BLOCK16/SES161/SA161S10	SES275	-1.71245	-44.9417	-43.2293
BLOCK16/SES161/SA161S12	SES007	-1.52111	-44.4153	-42.8942
BLOCK16/SES161/SA161S12	SES105	-1.83025	-44.7244	-42.8942
BLOCK16/SES161/SA161S12	SES158	-1.16253	-44.0567	-42.8942
BLOCK16/SES161/SA161S12	SES275	-1.47055	-44.3647	-42.8942
BLOCK16/SES161/SA161S20	SES007	-2.62946	-46.6223	-43.9929
BLOCK16/SES161/SA161S20	SES105	-2.23944	-46.2323	-43.9929
BLOCK16/SES161/SA161S20	SES158	-1.66586	-45.6587	-43.9929
BLOCK16/SES161/SA161S20	SES275	-2.33896	-46.3318	-43.9929
BLOCK16/SES161/SA161S23	SES007	-1.89333	-44.538	-42.6447
BLOCK16/SES161/SA161S23	SES105	-1.0365	-43.6812	-42.6447
BLOCK16/SES161/SA161S23	SES148	-1.8379	-44.4826	-42.6447
BLOCK16/SES161/SA161S23	SES158	-0.602131	-43.2468	-42.6447
BLOCK16/SES161/SA161S28	SES007	-2.7764	-45.7161	-42.9397
BLOCK16/SES161/SA161S28	SES105	-2.11492	-45.0546	-42.9397
BLOCK16/SES161/SA161S28	SES158	-0.80994	-43.7496	-42.9397
BLOCK16/SES161/SA161S28	SES206	-1.30567	-44.2454	-42.9397
BLOCK16/SES164/SA164S11	SES104	-1.64316	-43.0649	-41.4218
BLOCK16/SES164/SA164S11	SES125	-0.594681	-42.0164	-41.4218
BLOCK16/SES164/SA164S11	SES158	-0.010437	-41.4322	-41.4218
BLOCK16/SES164/SA164S11	SES206	-1.92672	-43.3485	-41.4218
BLOCK16/SES164/SA164S13	SES099	-1.15288	-43.9439	-42.791
BLOCK16/SES164/SA164S13	SES104	-2.0849	-44.8759	-42.791
BLOCK16/SES164/SA164S13	SES125	-1.48833	-44.2793	-42.791
BLOCK16/SES164/SA164S13	SES206	-2.07389	-44.8649	-42.791
BLOCK16/SES164/SA164S24	SES002	-0.881706	-43.0263	-42.1446
BLOCK16/SES164/SA164S24	SES099	-1.02254	-43.1671	-42.1446
BLOCK16/SES164/SA164S24	SES125	-1.85946	-44.004	-42.1446
BLOCK16/SES164/SA164S24	SES226	-1.16409	-43.3086	-42.1446
BLOCK16/SES164/SA164S27	SES087	-2.25098	-44.6278	-42.3768
BLOCK16/SES164/SA164S27	SES125	-1.62528	-44.0021	-42.3768
BLOCK16/SES164/SA164S27	SES206	-1.92684	-44.3036	-42.3768
BLOCK16/SES164/SA164S27	SES226	-1.36121	-43.738	-42.3768
BLOCK16/SES164/SA164S29	SES002	-0.218811	-42.1703	-41.9515
BLOCK16/SES164/SA164S29	SES019	-1.62934	-43.5809	-41.9515
BLOCK16/SES164/SA164S29	SES125	-1.37556	-43.3271	-41.9515
BLOCK16/SES164/SA164S29	SES226	-1.30264	-43.2542	-41.9515
BLOCK16/SES169/SA169S13	SES117	-1.40302	-43.2581	-41.855
BLOCK16/SES169/SA169S13	SES144	-1.40141	-43.2564	-41.855
BLOCK16/SES169/SA169S13	SES146	-1.56522	-43.4202	-41.855
BLOCK16/SES169/SA169S13	SES162	-1.6755	-43.5305	-41.855
BLOCK16/SES169/SA169S14	SES144	-0.858997	-41.8869	-41.0279
BLOCK16/SES169/SA169S14	SES148	-0.829285	-41.8572	-41.0279
BLOCK16/SES169/SA169S14	SES177	-1.5533	-42.5812	-41.0279
BLOCK16/SES169/SA169S14	SES180	-2.63105	-43.659	-41.0279
BLOCK16/SES169/SA169S24	SES117	-0.843525	-43.5437	-42.7002
BLOCK16/SES169/SA169S24	SES144	-1.35099	-44.0511	-42.7002
BLOCK16/SES169/SA169S24	SES146	-1.57333	-44.2735	-42.7002
BLOCK16/SES169/SA169S24	SES162	-1.80045	-44.5006	-42.7002
BLOCK16/SES169/SA169S27	SES127	-1.60316	-43.4118	-41.8087
BLOCK16/SES169/SA169S27	SES129	-1.56946	-43.3781	-41.8087
BLOCK16/SES169/SA169S27	SES144	-1.60873	-43.4174	-41.8087
BLOCK16/SES169/SA169S27	SES146	-0.946163	-42.7548	-41.8087
BLOCK16/SES169/SA169S29	SES144	-0.846172	-42.1712	-41.3251
BLOCK16/SES169/SA169S29	SES162	-0.849236	-42.1743	-41.3251
BLOCK16/SES169/SA169S29	SES177	-2.19423	-43.5193	-41.3251
BLOCK16/SES169/SA169S29	SES180	-1.79916	-43.1242	-41.3251
BLOCK17/SES171/SA171S12	SES083	-1.10796	-43.9039	-42.7959
BLOCK17/SES171/SA171S12	SES148	-1.34768	-44.1436	-42.7959
BLOCK17/SES171/SA171S12	SES172	-1.23745	-44.0333	-42.7959
BLOCK17/SES171/SA171S12	SES292	-1.90619	-44.7021	-42.7959
BLOCK17/SES171/SA171S15	SES148	-1.97617	-44.9961	-43.0199
BLOCK17/SES171/SA171S15	SES177	-2.1145	-45.1344	-43.0199
BLOCK17/SES171/SA171S15	SES180	-3.41101	-46.4309	-43.0199
BLOCK17/SES171/SA171S15	SES292	-3.60441	-46.6243	-43.0199
BLOCK17/SES171/SA171S22	SES007	-1.88929	-43.6002	-41.711
BLOCK17/SES171/SA171S22	SES148	-1.30978	-43.0207	-41.711
BLOCK17/SES171/SA171S22	SES177	-0.766903	-42.4779	-41.711
BLOCK17/SES171/SA171S22	SES180	-2.1887	-43.8997	-41.711
BLOCK17/SES171/SA171S25	SES101	-3.09648	-46.1572	-43.0607
BLOCK17/SES171/SA171S25	SES120	-2.82468	-45.8854	-43.0607
BLOCK17/SES171/SA171S25	SES177	-1.3544	-44.4151	-43.0607
BLOCK17/SES171/SA171S25	SES180	-2.50468	-45.5654	-43.0607
BLOCK17/SES171/SA171S27	SES177	-1.04809	-43.5403	-42.4922
BLOCK17/SES171/SA171S27	SES180	-2.57466	-45.0668	-42.4922
BLOCK17/SES171/SA171S27	SES189	-0.988411	-43.4806	-42.4922
BLOCK17/SES171/SA171S27	SES292	-2.98942	-45.4816	-42.4922
BLOCK17/SES173/SA173S13	SES162	-3.28811	-46.9207	-43.6326
BLOCK17/SES173/SA173S13	SES177	-2.27959	-45.9122	-43.6326
BLOCK17/SES173/SA173S13	SES180	-3.06616	-46.6988	-43.6326
BLOCK17/SES173/SA173S13	SES292	-2.02886	-45.6615	-43.6326
BLOCK17/SES173/SA173S14	SES007	-3.05469	-46.7594	-43.7047
BLOCK17/SES173/SA173S14	SES162	-2.28838	-45.9931	-43.7047
BLOCK17/SES173/SA173S14	SES177	-1.46119	-45.1659	-43.7047
BLOCK17/SES173/SA173S14	SES180	-2.91352	-46.6183	-43.7047
BLOCK17/SES173/SA173S24	SES144	-1.61677	-45.7469	-44.1301
BLOCK17/SES173/SA173S24	SES162	-2.73336	-46.8635	-44.1301
BLOCK17/SES173/SA173S24	SES177	-2.28951	-46.4196	-44.1301
BLOCK17/SES173/SA173S24	SES180	-3.49118	-47.6213	-44.1301
BLOCK17/SES173/SA173S27	SES162	-3.19918	-46.6777	-43.4785
BLOCK17/SES173/SA173S27	SES177	-1.91013	-45.3887	-43.4785
BLOCK17/SES173/SA173S27	SES180	-2.5599	-46.0385	-43.4785
BLOCK17/SES173/SA173S27	SES292	-2.5158	-45.9943	-43.4785
BLOCK17/SES173/SA173S29	SES162	-2.56871	-45.9758	-43.4071
BLOCK17/SES173/SA173S29	SES175	-2.03706	-45.4442	-43.4071
BLOCK17/SES173/SA173S29	SES177	-1.97832	-45.3854	-43.4071
BLOCK17/SES173/SA173S29	SES292	-3.28292	-46.69	-43.4071
BLOCK18/SES182/SA182S10	SES144	-1.0937	-42.9969	-41.9032
BLOCK18/SES182/SA182S10	SES177	-1.39542	-43.2986	-41.9032
BLOCK18/SES182/SA182S10	SES180	-2.73534	-44.6386	-41.9032
BLOCK18/SES182/SA182S10	SES275	-1.48244	-43.3857	-41.9032
BLOCK18/SES182/SA182S12	SES144	-0.856564	-42.6419	-41.7854
BLOCK18/SES182/SA182S12	SES177	-1.2022	-42.9875	-41.7854
BLOCK18/SES182/SA182S12	SES180	-1.59417	-43.3795	-41.7854
BLOCK18/SES182/SA182S12	SES275	-1.35776	-43.1431	-41.7854
BLOCK18/SES182/SA182S21	SES117	-1.18288	-43.9958	-42.813
BLOCK18/SES182/SA182S21	SES144	-1.56845	-44.3814	-42.813
BLOCK18/SES182/SA182S21	SES162	-1.05683	-43.8698	-42.813
BLOCK18/SES182/SA182S21	SES180	-1.8004	-44.6134	-42.813
BLOCK18/SES182/SA182S23	SES117	-1.30767	-43.6021	-42.2944
BLOCK18/SES182/SA182S23	SES144	-1.44893	-43.7434	-42.2944
BLOCK18/SES182/SA182S23	SES180	-1.87883	-44.1733	-42.2944
BLOCK18/SES182/SA182S23	SES275	-0.809444	-43.1039	-42.2944
BLOCK18/SES182/SA182S25	SES007	-1.11206	-43.462	-42.35
BLOCK18/SES182/SA182S25	SES162	-0.769516	-43.1195	-42.35
BLOCK18/SES182/SA182S25	SES177	-1.02922	-43.3792	-42.35
BLOCK18/SES182/SA182S25	SES180	-1.55093	-43.9009	-42.35
BLOCK18/SES184/SA184S12	SES177	-2.20897	-44.2303	-42.0213
BLOCK18/SES184/SA184S12	SES180	-1.54905	-43.5704	-42.0213
BLOCK18/SES184/SA184S12	SES189	-2.05221	-44.0736	-42.0213
BLOCK18/SES184/SA184S12	SES292	-2.24952	-44.2709	-42.0213
BLOCK18/SES184/SA184S13	SES101	-2.09615	-43.8969	-41.8008
BLOCK18/SES184/SA184S13	SES177	-1.59742	-43.3982	-41.8008
BLOCK18/SES184/SA184S13	SES180	-1.29714	-43.0979	-41.8008
BLOCK18/SES184/SA184S13	SES292	-1.81818	-43.619	-41.8008
BLOCK18/SES184/SA184S22	SES177	-1.43125	-42.2819	-40.8507
BLOCK18/SES184/SA184S22	SES180	-1.10808	-41.9588	-40.8507
BLOCK18/SES184/SA184S22	SES189	-2.66289	-43.5136	-40.8507
BLOCK18/SES184/SA184S22	SES292	-1.62018	-42.4709	-40.8507
BLOCK18/SES184/SA184S25	SES101	-1.61237	-42.3967	-40.7843
BLOCK18/SES184/SA184S25	SES177	-1.93371	-42.718	-40.7843
BLOCK18/SES184/SA184S25	SES180	-1.4414	-42.2257	-40.7843
BLOCK18/SES184/SA184S25	SES292	-1.41057	-42.1949	-40.7843
BLOCK18/SES184/SA184S27	SES083	-1.99031	-43.4111	-41.4208
BLOCK18/SES184/SA184S27	SES177	-1.33495	-42.7557	-41.4208
BLOCK18/SES184/SA184S27	SES202	-2.77562	-44.1964	-41.4208
BLOCK18/SES184/SA184S27	SES292	-1.69566	-43.1164	-41.4208
BLOCK20/SES204/SA204S12	SES062	-1.68521	-42.7231	-41.0379
BLOCK20/SES204/SA204S12	SES083	-2.48732	-43.5253	-41.0379
BLOCK20/SES204/SA204S12	SES206	-0.995411	-42.0333	-41.0379
BLOCK20/SES204/SA204S12	SES226	-2.11607	-43.154	-41.0379
BLOCK20/SES204/SA204S14	SES068	-2.74454	-43.0183	-40.2737
BLOCK20/SES204/SA204S14	SES087	-0.480186	-40.7539	-40.2737
BLOCK20/SES204/SA204S14	SES206	-1.15806	-41.4318	-40.2737
BLOCK20/SES204/SA204S14	SES226	-1.60201	-41.8757	-40.2737
BLOCK20/SES204/SA204S22	SES068	-2.8849	-44.0349	-41.1501
BLOCK20/SES204/SA204S22	SES082	-3.00684	-44.1569	-41.1501
BLOCK20/SES204/SA204S22	SES083	-2.72917	-43.8792	-41.1501
BLOCK20/SES204/SA204S22	SES206	-1.34737	-42.4974	-41.1501
BLOCK20/SES204/SA204S25	SES062	-2.29733	-43.6889	-41.3915
BLOCK20/SES204/SA204S25	SES083	-2.38385	-43.7754	-41.3915
BLOCK20/SES204/SA204S25	SES206	-0.733856	-42.1254	-41.3915
BLOCK20/SES204/SA204S25	SES226	-1.69787	-43.0894	-41.3915
BLOCK20/SES204/SA204S27	SES068	-3.41829	-45.0325	-41.6142
BLOCK20/SES204/SA204S27	SES082	-1.91764	-43.5319	-41.6142
BLOCK20/SES204/SA204S27	SES087	-0.997791	-42.612	-41.6142
BLOCK20/SES204/SA204S27	SES206	-1.15693	-42.7712	-41.6142
BLOCK20/SES207/SA207S10	SES127	-0.793198	-43.0303	-42.2371
BLOCK20/SES207/SA207S10	SES183	-2.01051	-44.2476	-42.2371
BLOCK20/SES207/SA207S10	SES189	-1.62561	-43.8627	-42.2371
BLOCK20/SES207/SA207S10	SES292	-1.53984	-43.7769	-42.2371
BLOCK20/SES207/SA207S11	SES127	-2.31227	-44.3359	-42.0236
BLOCK20/SES207/SA207S11	SES183	-2.14954	-44.1732	-42.0236
BLOCK20/SES207/SA207S11	SES187	-1.24694	-43.2706	-42.0236
BLOCK20/SES207/SA207S11	SES292	-1.92704	-43.9507	-42.0236
BLOCK20/SES207/SA207S25	SES068	-1.785	-44.0888	-42.3038
BLOCK20/SES207/SA207S25	SES083	-2.66013	-44.9639	-42.3038
BLOCK20/SES207/SA207S25	SES127	-1.43505	-43.7389	-42.3038
BLOCK20/SES207/SA207S25	SES187	-0.496754	-42.8006	-42.3038
BLOCK20/SES207/SA207S27	SES127	-1.67097	-44.2233	-42.5523
BLOCK20/SES207/SA207S27	SES183	-1.52885	-44.0811	-42.5523
BLOCK20/SES207/SA207S27	SES187	-1.534	-44.0863	-42.5523
BLOCK20/SES207/SA207S27	SES292	-1.84618	-44.3985	-42.5523
BLOCK20/SES207/SA207S29	SES083	-2.53672	-44.5792	-42.0424
BLOCK20/SES207/SA207S29	SES085	-1.32544	-43.3679	-42.0424
BLOCK20/SES207/SA207S29	SES172	-2.14332	-44.1858	-42.0424
BLOCK20/SES207/SA207S29	SES189	-1.84924	-43.8917	-42.0424
BLOCK22/SES221/SA221S12	SES068	-2.43938	-44.4811	-42.0418
BLOCK22/SES221/SA221S12	SES143	-2.47829	-44.52	-42.0418
BLOCK22/SES221/SA221S12	SES175	-1.00969	-43.0514	-42.0418
BLOCK22/SES221/SA221S12	SES202	-0.751534	-42.7933	-42.0418
BLOCK22/SES221/SA221S15	SES085	-2.87695	-46.0144	-43.1374
BLOCK22/SES221/SA221S15	SES143	-2.97784	-46.1152	-43.1374
BLOCK22/SES221/SA221S15	SES175	-1.4287	-44.5661	-43.1374
BLOCK22/SES221/SA221S15	SES187	-1.20587	-44.3433	-43.1374
BLOCK22/SES221/SA221S23	SES068	-2.27926	-44.4898	-42.2105
BLOCK22/SES221/SA221S23	SES143	-2.6755	-44.886	-42.2105
BLOCK22/SES221/SA221S23	SES175	-1.27959	-43.4901	-42.2105
BLOCK22/SES221/SA221S23	SES189	-0.403316	-42.6139	-42.2105
BLOCK22/SES221/SA221S27	SES085	-2.28906	-44.7432	-42.4542
BLOCK22/SES221/SA221S27	SES143	-2.07085	-44.525	-42.4542
BLOCK22/SES221/SA221S27	SES175	-1.62017	-44.0743	-42.4542
BLOCK22/SES221/SA221S27	SES189	0.422802	-42.0314	-42.4542
BLOCK22/SES221/SA221S29	SES085	-4.65569	-48.035	-43.3794
BLOCK22/SES221/SA221S29	SES143	-3.00233	-46.3817	-43.3794
BLOCK22/SES221/SA221S29	SES175	-1.82272	-45.2021	-43.3794
BLOCK22/SES221/SA221S29	SES187	-0.908695	-44.2881	-43.3794
BLOCK22/SES223/SA223S11	SES143	-1.27639	-44.4332	-43.1568
BLOCK22/SES223/SA223S11	SES144	-2.3209	-45.4777	-43.1568
BLOCK22/SES223/SA223S11	SES175	-0.629078	-43.7859	-43.1568
BLOCK22/SES223/SA223S11	SES187	-1.83744	-44.9942	-43.1568
BLOCK22/SES223/SA223S13	SES068	-2.03712	-45.5555	-43.5184
BLOCK22/SES223/SA223S13	SES143	-2.72507	-46.2434	-43.5184
BLOCK22/SES223/SA223S13	SES146	-3.36294	-46.8813	-43.5184
BLOCK22/SES223/SA223S13	SES202	-1.90159	-45.4199	-43.5184
BLOCK22/SES223/SA223S22	SES143	-1.30225	-44.3968	-43.0945
BLOCK22/SES223/SA223S22	SES144	-2.08445	-45.179	-43.0945
BLOCK22/SES223/SA223S22	SES175	-0.9734	-44.0679	-43.0945
BLOCK22/SES223/SA223S22	SES187	-1.10046	-44.195	-43.0945
BLOCK22/SES223/SA223S25	SES068	-1.93637	-44.8776	-42.9412
BLOCK22/SES223/SA223S25	SES143	-1.5611	-44.5023	-42.9412
BLOCK22/SES223/SA223S25	SES175	-0.902149	-43.8434	-42.9412
BLOCK22/SES223/SA223S25	SES187	-1.30122	-44.2425	-42.9412
BLOCK22/SES223/SA223S27	SES143	-1.72747	-44.702	-42.9745
BLOCK22/SES223/SA223S27	SES146	-2.03593	-45.0104	-42.9745
BLOCK22/SES223/SA223S27	SES187	-1.66631	-44.6408	-42.9745
BLOCK22/SES223/SA223S27	SES292	-2.75231	-45.7268	-42.9745
BLOCK27/SES273/SA273S12	SES099	-0.28664	-40.5781	-40.2914
BLOCK27/SES273/SA273S12	SES104	-0.697922	-40.9894	-40.2914
BLOCK27/SES273/SA273S12	SES125	-0.950611	-41.2421	-40.2914
BLOCK27/SES273/SA273S12	SES206	-0.487762	-40.7792	-40.2914
BLOCK27/SES273/SA273S13	SES099	-0.498402	-40.6917	-40.1933
BLOCK27/SES273/SA273S13	SES104	-1.00167	-41.195	-40.1933
BLOCK27/SES273/SA273S13	SES206	-0.847752	-41.041	-40.1933
BLOCK27/SES273/SA273S13	SES292	-2.40093	-42.5942	-40.1933
BLOCK27/SES273/SA273S21	SES099	0.0152359	-40.6958	-40.711
BLOCK27/SES273/SA273S21	SES148	-2.67834	-43.3893	-40.711
BLOCK27/SES273/SA273S21	SES149	-0.978176	-41.6892	-40.711
BLOCK27/SES273/SA273S21	SES177	-3.46234	-44.1733	-40.711
BLOCK27/SES273/SA273S25	SES104	-0.9883	-41.6708	-40.6825
BLOCK27/SES273/SA273S25	SES125	-1.25391	-41.9364	-40.6825
BLOCK27/SES273/SA273S25	SES158	-0.317665	-41.0002	-40.6825
BLOCK27/SES273/SA273S25	SES206	-0.409943	-41.0924	-40.6825
BLOCK27/SES273/SA273S27	SES099	-0.574512	-40.9558	-40.3813
BLOCK27/SES273/SA273S27	SES104	-1.07906	-41.4603	-40.3813
BLOCK27/SES273/SA273S27	SES149	-0.633549	-41.0148	-40.3813
BLOCK27/SES273/SA273S27	SES275	-1.23671	-41.618	-40.3813
BLOCK27/SES274/SA274S10	SES105	-0.880726	-41.4547	-40.574
BLOCK27/SES274/SA274S10	SES125	-1.01206	-41.5861	-40.574
BLOCK27/SES274/SA274S10	SES129	-0.429405	-41.0034	-40.574
BLOCK27/SES274/SA274S10	SES158	-1.44501	-42.019	-40.574
BLOCK27/SES274/SA274S11	SES105	-1.31332	-42.007	-40.6937
BLOCK27/SES274/SA274S11	SES149	-1.244	-41.9377	-40.6937
BLOCK27/SES274/SA274S11	SES158	-1.14311	-41.8368	-40.6937
BLOCK27/SES274/SA274S11	SES275	-0.809589	-41.5033	-40.6937
BLOCK27/SES274/SA274S21	SES105	-1.03048	-41.9791	-40.9487
BLOCK27/SES274/SA274S21	SES129	-1.12632	-42.075	-40.9487
BLOCK27/SES274/SA274S21	SES149	-1.25853	-42.2072	-40.9487
BLOCK27/SES274/SA274S21	SES158	-2.17556	-43.1242	-40.9487
BLOCK27/SES274/SA274S24	SES105	-0.41642	-41.6662	-41.2498
BLOCK27/SES274/SA274S24	SES129	-1.81255	-43.0623	-41.2498
BLOCK27/SES274/SA274S24	SES149	-0.931599	-42.1814	-41.2498
BLOCK27/SES274/SA274S24	SES158	-2.12936	-43.3792	-41.2498
BLOCK27/SES274/SA274S29	SES105	-1.37884	-42.382	-41.0032
BLOCK27/SES274/SA274S29	SES106	-2.2271	-43.2303	-41.0032
BLOCK27/SES274/SA274S29	SES120	-1.88439	-42.8876	-41.0032
BLOCK27/SES274/SA274S29	SES275	-0.932678	-41.9359	-41.0032
BLOCK27/SES276/SA276S16	SES148	-1.79572	-44.0155	-42.2198
BLOCK27/SES276/SA276S16	SES172	-2.34578	-44.5655	-42.2198
BLOCK27/SES276/SA276S16	SES180	-3.2712	-45.491	-42.2198
BLOCK27/SES276/SA276S16	SES292	-1.1039	-43.3237	-42.2198
BLOCK27/SES276/SA276S17	SES101	-1.42606	-43.1864	-41.7604
BLOCK27/SES276/SA276S17	SES177	-1.70127	-43.4616	-41.7604
BLOCK27/SES276/SA276S17	SES180	-2.13811	-43.8985	-41.7604
BLOCK27/SES276/SA276S17	SES292	-1.8283	-43.5886	-41.7604
BLOCK27/SES276/SA276S24	SES101	-0.83448	-41.7021	-40.8676
BLOCK27/SES276/SA276S24	SES177	-1.83428	-42.7019	-40.8676
BLOCK27/SES276/SA276S24	SES180	-1.96883	-42.8365	-40.8676
BLOCK27/SES276/SA276S24	SES292	-1.86457	-42.7322	-40.8676
BLOCK27/SES276/SA276S26	SES101	-2.03635	-43.4956	-41.4593
BLOCK27/SES276/SA276S26	SES177	-1.46523	-42.9245	-41.4593
BLOCK27/SES276/SA276S26	SES180	-1.30012	-42.7594	-41.4593
BLOCK27/SES276/SA276S26	SES292	-1.12129	-42.5806	-41.4593
BLOCK27/SES276/SA276S28	SES101	-2.02419	-43.5817	-41.5575
BLOCK27/SES276/SA276S28	SES177	-1.98338	-43.5409	-41.5575
BLOCK27/SES276/SA276S28	SES180	-1.55078	-43.1083	-41.5575
BLOCK27/SES276/SA276S28	SES292	-1.97026	-43.5278	-41.5575
BLOCK27/SES277/SA277S12	SES101	-1.57934	-43.8667	-42.2874
BLOCK27/SES277/SA277S12	SES177	-2.18557	-44.473	-42.2874
BLOCK27/SES277/SA277S12	SES180	-2.96146	-45.2489	-42.2874
BLOCK27/SES277/SA277S12	SES292	-2.96806	-45.2555	-42.2874
BLOCK27/SES277/SA277S14	SES177	-1.57795	-44.5948	-43.0169
BLOCK27/SES277/SA277S14	SES180	-1.86144	-44.8783	-43.0169
BLOCK27/SES277/SA277S14	SES189	-0.85442	-43.8713	-43.0169
BLOCK27/SES277/SA277S14	SES292	-2.86869	-45.8856	-43.0169
BLOCK27/SES277/SA277S21	SES177	-0.883026	-42.5817	-41.6987
BLOCK27/SES277/SA277S21	SES180	-2.00739	-43.7061	-41.6987
BLOCK27/SES277/SA277S21	SES189	-1.09035	-42.789	-41.6987
BLOCK27/SES277/SA277S21	SES292	-2.51287	-44.2116	-41.6987
BLOCK27/SES277/SA277S24	SES144	-1.70644	-44.5827	-42.8763
BLOCK27/SES277/SA277S24	SES177	-1.4542	-44.3305	-42.8763
BLOCK27/SES277/SA277S24	SES180	-2.49412	-45.3704	-42.8763
BLOCK27/SES277/SA277S24	SES189	-1.1864	-44.0627	-42.8763
BLOCK27/SES277/SA277S29	SES177	-1.21424	-42.0149	-40.8006
BLOCK27/SES277/SA277S29	SES180	-1.42038	-42.221	-40.8006
BLOCK27/SES277/SA277S29	SES202	-1.65273	-42.4533	-40.8006
BLOCK27/SES277/SA277S29	SES292	-2.20474	-43.0054	-40.8006
BLOCK27/SES279/SA279S09	SES120	-1.79262	-43.1019	-41.3093
BLOCK27/SES279/SA279S09	SES146	-1.57412	-42.8834	-41.3093
BLOCK27/SES279/SA279S09	SES206	-1.37041	-42.6797	-41.3093
BLOCK27/SES279/SA279S09	SES226	-1.81441	-43.1237	-41.3093
BLOCK27/SES279/SA279S10	SES099	-0.436626	-41.4691	-41.0324
BLOCK27/SES279/SA279S10	SES206	-0.733826	-41.7663	-41.0324
BLOCK27/SES279/SA279S10	SES226	-1.49407	-42.5265	-41.0324
BLOCK27/SES279/SA279S10	SES292	-1.46389	-42.4963	-41.0324
BLOCK27/SES279/SA279S20	SES099	-1.24576	-42.7284	-41.4826
BLOCK27/SES279/SA279S20	SES206	-0.831669	-42.3143	-41.4826
BLOCK27/SES279/SA279S20	SES226	-1.87422	-43.3568	-41.4826
BLOCK27/SES279/SA279S20	SES292	-0.587238	-42.0698	-41.4826
BLOCK27/SES279/SA279S26	SES099	-0.926125	-42.3792	-41.4531
BLOCK27/SES279/SA279S26	SES206	-0.195896	-41.649	-41.4531
BLOCK27/SES279/SA279S26	SES226	-1.22256	-42.6756	-41.4531
BLOCK27/SES279/SA279S26	SES292	-1.47126	-42.9243	-41.4531
BLOCK27/SES279/SA279S28	SES099	-0.999245	-41.0218	-40.0226
BLOCK27/SES279/SA279S28	SES120	-1.65456	-41.6771	-40.0226
BLOCK27/SES279/SA279S28	SES177	-2.86898	-42.8916	-40.0226
BLOCK27/SES279/SA279S28	SES206	-1.16197	-41.1846	-40.0226
BLOCK29/SES290/SA290S12	SES162	-2.01482	-43.1865	-41.1717
BLOCK29/SES290/SA290S12	SES177	-1.63	-42.8017	-41.1717
BLOCK29/SES290/SA290S12	SES180	-2.65121	-43.8229	-41.1717
BLOCK29/SES290/SA290S12	SES292	-2.85154	-44.0232	-41.1717
BLOCK29/SES290/SA290S13	SES007	-3.3381	-45.4813	-42.1432
BLOCK29/SES290/SA290S13	SES162	-2.65948	-44.8027	-42.1432
BLOCK29/SES290/SA290S13	SES177	-0.999836	-43.1431	-42.1432
BLOCK29/SES290/SA290S13	SES180	-1.85028	-43.9935	-42.1432
BLOCK29/SES290/SA290S22	SES177	-0.8381	-42.6164	-41.7783
BLOCK29/SES290/SA290S22	SES180	-1.11109	-42.8894	-41.7783
BLOCK29/SES290/SA290S22	SES202	-1.56281	-43.3412	-41.7783
BLOCK29/SES290/SA290S22	SES292	-2.33068	-44.109	-41.7783
BLOCK29/SES290/SA290S25	SES162	-1.62123	-42.9277	-41.3064
BLOCK29/SES290/SA290S25	SES177	-0.971558	-42.278	-41.3064
BLOCK29/SES290/SA290S25	SES180	-1.31255	-42.619	-41.3064
BLOCK29/SES290/SA290S25	SES292	-2.2104	-43.5168	-41.3064
BLOCK29/SES290/SA290S29	SES177	-0.239185	-41.4496	-41.2105
BLOCK29/SES290/SA290S29	SES180	-0.966446	-42.1769	-41.2105
BLOCK29/SES290/SA290S29	SES275	-2.22358	-43.434	-41.2105
BLOCK29/SES290/SA290S29	SES292	-1.42448	-42.6349	-41.2105
BLOCK29/SES291/SA291S11	SES105	-2.52491	-44.4408	-41.9159
BLOCK29/SES291/SA291S11	SES125	-1.33523	-43.2511	-41.9159
BLOCK29/SES291/SA291S11	SES158	-1.08569	-43.0016	-41.9159
BLOCK29/SES291/SA291S11	SES275	-2.38593	-44.3018	-41.9159
BLOCK29/SES291/SA291S12	SES158	0.0943947	-41.1929	-41.2872
BLOCK29/SES291/SA291S12	SES226	-1.10317	-42.3904	-41.2872
BLOCK29/SES291/SA291S12	SES270	-0.235081	-41.5223	-41.2872
BLOCK29/SES291/SA291S12	SES275	-3.15453	-44.4418	-41.2872
BLOCK29/SES291/SA291S22	SES082	-0.884575	-42.2248	-41.3402
BLOCK29/SES291/SA291S22	SES158	-0.689236	-42.0294	-41.3402
BLOCK29/SES291/SA291S22	SES259	-1.51757	-42.8577	-41.3402
BLOCK29/SES291/SA291S22	SES275	-2.62023	-43.9604	-41.3402
BLOCK29/SES291/SA291S24	SES104	-0.635948	-40.961	-40.3251
BLOCK29/SES291/SA291S24	SES125	-0.181767	-40.5068	-40.3251
BLOCK29/SES291/SA291S24	SES158	-0.654793	-40.9799	-40.3251
BLOCK29/SES291/SA291S24	SES275	-2.66933	-42.9944	-40.3251
BLOCK29/SES291/SA291S27	SES158	-0.270962	-40.8327	-40.5618
BLOCK29/SES291/SA291S27	SES172	-4.31929	-44.8811	-40.5618
BLOCK29/SES291/SA291S27	SES275	-2.78652	-43.3483	-40.5618
BLOCK29/SES291/SA291S27	SES292	-2.09811	-42.6599	-40.5618
