BLOCK00/SES002/SA002S12	SES002	1.32653	-41.1062	-42.4327
BLOCK00/SES002/SA002S13	SES002	1.89155	-40.8862	-42.7778
BLOCK00/SES002/SA002S23	SES002	1.20386	-40.9663	-42.1701
BLOCK00/SES002/SA002S26	SES002	1.9357	-40.6277	-42.5634
BLOCK00/SES002/SA002S28	SES002	1.49379	-40.9249	-42.4186
BLOCK00/SES007/SA007S14	SES007	1.17888	-40.3273	-41.5062
BLOCK00/SES007/SA007S15	SES007	0.596046	-41.7702	-42.3662
BLOCK00/SES007/SA007S24	SES007	0.577381	-41.5225	-42.0998
BLOCK00/SES007/SA007S27	SES007	0.397957	-42.2517	-42.6497
BLOCK00/SES007/SA007S29	SES007	0.117771	-41.288	-41.4058
BLOCK00/SES008/SA008S11	SES008	1.08981	-41.3354	-42.4252
BLOCK00/SES008/SA008S12	SES008	0.287254	-42.3385	-42.6257
BLOCK00/SES008/SA008S19	SES008	1.31742	-40.8581	-42.1755
BLOCK00/SES008/SA008S22	SES008	1.16411	-41.7206	-42.8847
BLOCK00/SES008/SA008S29	SES008	1.13737	-40.9526	-42.0899
BLOCK01/SES014/SA014S10	SES014	1.9753	-40.7274	-42.7027
BLOCK01/SES014/SA014S12	SES014	2.7046	-38.8241	-41.5287
BLOCK01/SES014/SA014S24	SES014	1.47839	-40.8269	-42.3053
BLOCK01/SES014/SA014S26	SES014	2.22411	-38.7354	-40.9595
BLOCK01/SES014/SA014S28	SES014	2.58935	-39.0284	-41.6178
BLOCK01/SES016/SA016S12	SES016	1.43881	-42.3749	-43.8137
BLOCK01/SES016/SA016S13	SES016	1.08605	-41.3249	-42.4109
BLOCK01/SES016/SA016S22	SES016	0.396561	-42.3069	-42.7035
BLOCK01/SES016/SA016S25	SES016	1.37373	-39.6422	-41.0159
BLOCK01/SES016/SA016S27	SES016	1.62418	-40.2287	-41.8528
BLOCK01/SES019/SA019S13	SES019	2.81477	-41.3523	-44.167
BLOCK01/SES019/SA019S14	SES019	1.62157	-41.847	-43.4686
BLOCK01/SES019/SA019S22	SES019	2.39598	-41.2395	-43.6355
BLOCK01/SES019/SA019S25	SES019	2.35854	-41.5082	-43.8667
BLOCK01/SES019/SA019S29	SES019	2.85435	-41.4694	-44.3238
BLOCK02/SES029/SA029S11	SES029	1.14544	-41.0007	-42.1462
BLOCK02/SES029/SA029S12	SES029	0.42886	-41.4092	-41.838
BLOCK02/SES029/SA029S20	SES029	0.480064	-42.3808	-42.8609
BLOCK02/SES029/SA029S25	SES029	0.666248	-40.9877	-41.654
BLOCK02/SES029/SA029S28	SES029	0.153065	-42.1535	-42.3066
BLOCK04/SES042/SA042S12	SES042	2.09858	-40.01	-42.1086
BLOCK04/SES042/SA042S15	SES042	2.24804	-40.3847	-42.6327
BLOCK04/SES042/SA042S22	SES042	3.16125	-38.8191	-41.9804
BLOCK04/SES042/SA042S25	SES042	2.25075	-41.3737	-43.6244
BLOCK04/SES042/SA042S27	SES042	2.09454	-40.123	-42.2175
BLOCK04/SES048/SA048S11	SES048	1.16085	-41.0675	-42.2284
BLOCK04/SES048/SA048S12	SES048	0.475803	-41.6753	-42.1511
BLOCK04/SES048/SA048S20	SES048	0.99958	-40.9773	-41.9769
BLOCK04/SES048/SA048S23	SES048	1.20869	-41.5988	-42.8075
BLOCK04/SES048/SA048S27	SES048	0.679119	-40.9772	-41.6563
BLOCK06/SES060/SA060S11	SES060	1.27654	-40.8583	-42.1349
BLOCK06/SES060/SA060S12	SES060	-1.00755	-43.1175	-42.11
BLOCK06/SES060/SA060S22	SES060	-0.330811	-43.0632	-42.7324
BLOCK06/SES060/SA060S24	SES060	0.79953	-41.111	-41.9105
BLOCK06/SES060/SA060S28	SES060	1.07031	-39.6285	-40.6988
BLOCK06/SES062/SA062S10	SES062	0.685558	-41.1747	-41.8603
BLOCK06/SES062/SA062S11	SES062	1.31932	-40.647	-41.9663
BLOCK06/SES062/SA062S21	SES062	1.82424	-39.031	-40.8552
BLOCK06/SES062/SA062S26	SES062	0.340771	-40.6093	-40.9501
BLOCK06/SES062/SA062S29	SES062	1.26641	-39.8785	-41.1449
BLOCK06/SES068/SA068S14	SES068	0.510025	-41.4892	-41.9993
BLOCK06/SES068/SA068S15	SES068	0.858795	-40.616	-41.4748
BLOCK06/SES068/SA068S23	SES068	0.743164	-41.7424	-42.4855
BLOCK06/SES068/SA068S27	SES068	1.4387	-40.241	-41.6797
BLOCK06/SES068/SA068S29	SES068	0.940578	-40.9084	-41.8489
BLOCK08/SES082/SA082S12	SES082	0.735062	-42.8881	-43.6231
BLOCK08/SES082/SA082S14	SES082	0.646393	-42.6914	-43.3378
BLOCK08/SES082/SA082S21	SES082	0.90229	-41.894	-42.7963
BLOCK08/SES082/SA082S24	SES082	0.872353	-41.8164	-42.6888
BLOCK08/SES082/SA082S28	SES082	0.531429	-42.3357	-42.8672
BLOCK08/SES083/SA083S14	SES083	-0.62167	-42.4048	-41.7832
BLOCK08/SES083/SA083S15	SES083	0.233227	-41.6828	-41.9161
BLOCK08/SES083/SA083S24	SES083	-0.0888519	-42.2485	-42.1597
BLOCK08/SES083/SA083S26	SES083	0.565048	-41.5079	-42.0729
BLOCK08/SES083/SA083S29	SES083	-0.414478	-41.9338	-41.5193
BLOCK08/SES085/SA085S10	SES085	0.127289	-41.7954	-41.9227
BLOCK08/SES085/SA085S13	SES085	0.414055	-41.839	-42.253
BLOCK08/SES085/SA085S22	SES085	-1.16618	-43.3442	-42.1781
BLOCK08/SES085/SA085S26	SES085	-0.575954	-42.3002	-41.7242
BLOCK08/SES085/SA085S28	SES085	0.601295	-41.3884	-41.9897
BLOCK08/SES087/SA087S15	SES087	1.49644	-41.4758	-42.9723
BLOCK08/SES087/SA087S16	SES087	1.4352	-41.4291	-42.8643
BLOCK08/SES087/SA087S24	SES087	1.50818	-41.39	-42.8982
BLOCK08/SES087/SA087S26	SES087	1.44062	-40.2605	-41.7011
BLOCK08/SES087/SA087S29	SES087	1.68256	-41.1825	-42.8651
BLOCK09/SES099/SA099S15	SES099	1.03555	-41.9245	-42.9601
BLOCK09/SES099/SA099S16	SES099	1.20978	-41.6102	-42.8199
BLOCK09/SES099/SA099S24	SES099	1.57545	-40.9063	-42.4817
BLOCK09/SES099/SA099S26	SES099	1.38199	-41.1179	-42.4999
BLOCK09/SES099/SA099S29	SES099	1.33353	-41.0907	-42.4243
BLOCK10/SES101/SA101S11	SES101	0.355026	-41.4382	-41.7933
BLOCK10/SES101/SA101S13	SES101	0.812416	-40.9162	-41.7287
BLOCK10/SES101/SA101S22	SES101	0.925491	-41.6567	-42.5822
BLOCK10/SES101/SA101S24	SES101	1.14058	-41.1115	-42.2521
BLOCK10/SES101/SA101S28	SES101	0.150139	-42.0699	-42.22
BLOCK10/SES104/SA104S11	SES104	1.57132	-40.0031	-41.5745
BLOCK10/SES104/SA104S12	SES104	1.46836	-40.2365	-41.7049
BLOCK10/SES104/SA104S21	SES104	1.10249	-41.0706	-42.1731
BLOCK10/SES104/SA104S24	SES104	0.927654	-41.6711	-42.5988
BLOCK10/SES104/SA104S28	SES104	1.305	-41.0253	-42.3303
BLOCK10/SES105/SA105S12	SES105	0.59446	-42.5165	-43.1109
BLOCK10/SES105/SA105S13	SES105	1.02202	-41.97	-42.992
BLOCK10/SES105/SA105S22	SES105	0.540623	-43.0409	-43.5815
BLOCK10/SES105/SA105S26	SES105	1.42979	-41.8577	-43.2875
BLOCK10/SES105/SA105S29	SES105	0.713959	-41.9001	-42.6141
BLOCK10/SES106/SA106S09	SES106	1.16925	-42.7334	-43.9026
BLOCK10/SES106/SA106S11	SES106	1.29112	-41.0434	-42.3345
BLOCK10/SES106/SA106S22	SES106	2.50922	-41.0546	-43.5639
BLOCK10/SES106/SA106S27	SES106	1.35515	-41.3125	-42.6677
BLOCK10/SES106/SA106S29	SES106	0.91922	-41.346	-42.2652
BLOCK11/SES117/SA117S12	SES117	0.655342	-41.6604	-42.3157
BLOCK11/SES117/SA117S13	SES117	0.397423	-41.5589	-41.9563
BLOCK11/SES117/SA117S23	SES117	1.34147	-42.2085	-43.5499
BLOCK11/SES117/SA117S25	SES117	0.600376	-42.5595	-43.1599
BLOCK11/SES117/SA117S28	SES117	1.02585	-42.3253	-43.3511
BLOCK12/SES120/SA120S08	SES120	1.06867	-42.8011	-43.8697
BLOCK12/SES120/SA120S11	SES120	0.636677	-43.957	-44.5937
BLOCK12/SES120/SA120S22	SES120	0.37656	-42.1075	-42.484
BLOCK12/SES120/SA120S24	SES120	0.416664	-42.445	-42.8617
BLOCK12/SES120/SA120S28	SES120	0.0920334	-43.813	-43.905
BLOCK12/SES125/SA125S13	SES125	2.04902	-40.3242	-42.3732
BLOCK12/SES125/SA125S14	SES125	1.38493	-41.2281	-42.613
BLOCK12/SES125/SA125S25	SES125	1.88728	-40.7113	-42.5986
BLOCK12/SES125/SA125S27	SES125	2.01843	-39.8846	-41.903
BLOCK12/SES125/SA125S29	SES125	1.61303	-40.6374	-42.2505
BLOCK12/SES127/SA127S11	SES127	0.555794	-41.9086	-42.4644
BLOCK12/SES127/SA127S12	SES127	-0.421707	-41.9576	-41.5359
BLOCK12/SES127/SA127S23	SES127	0.145031	-41.958	-42.1031
BLOCK12/SES127/SA127S25	SES127	-0.30027	-42.1808	-41.8805
BLOCK12/SES127/SA127S27	SES127	0.729977	-40.916	-41.646
BLOCK12/SES129/SA129S11	SES129	1.18542	-40.5934	-41.7789
BLOCK12/SES129/SA129S12	SES129	0.837738	-40.6572	-41.4949
BLOCK12/SES129/SA129S22	SES129	1.21444	-40.741	-41.9554
BLOCK12/SES129/SA129S27	SES129	1.22518	-40.7165	-41.9417
BLOCK12/SES129/SA129S29	SES129	1.19376	-40.5878	-41.7816
BLOCK14/SES142/SA142S11	SES142	1.25566	-41.444	-42.6996
BLOCK14/SES142/SA142S12	SES142	0.889744	-41.9022	-42.7919
BLOCK14/SES142/SA142S24	SES142	1.3867	-41.2206	-42.6073
BLOCK14/SES142/SA142S27	SES142	1.49065	-41.1079	-42.5985
BLOCK14/SES142/SA142S29	SES142	1.83987	-40.2971	-42.1369
BLOCK14/SES143/SA143S12	SES143	1.07406	-41.5696	-42.6437
BLOCK14/SES143/SA143S13	SES143	0.593803	-42.1732	-42.767
BLOCK14/SES143/SA143S23	SES143	0.841122	-42.1133	-42.9544
BLOCK14/SES143/SA143S25	SES143	0.614616	-41.9976	-42.6123
BLOCK14/SES143/SA143S28	SES143	0.810616	-41.2706	-42.0812
BLOCK14/SES144/SA144S09	SES144	0.852783	-41.5487	-42.4015
BLOCK14/SES144/SA144S11	SES144	0.672466	-42.6236	-43.2961
BLOCK14/SES144/SA144S21	SES144	0.294285	-42.2966	-42.5909
BLOCK14/SES144/SA144S25	SES144	0.696308	-42.1337	-42.83
BLOCK14/SES144/SA144S29	SES144	0.188362	-42.1473	-42.3357
BLOCK14/SES146/SA146S14	SES146	0.374851	-42.7368	-43.1117
BLOCK14/SES146/SA146S15	SES146	-0.0118637	-42.5284	-42.5166
BLOCK14/SES146/SA146S24	SES146	0.309929	-42.4537	-42.7636
BLOCK14/SES146/SA146S26	SES146	1.04515	-42.2935	-43.3387
BLOCK14/SES146/SA146S29	SES146	0.452717	-43.0444	-43.4971
BLOCK14/SES147/SA147S11	SES147	1.35603	-41.7421	-43.0982
BLOCK14/SES147/SA147S13	SES147	1.47826	-40.8467	-42.325
BLOCK14/SES147/SA147S23	SES147	1.0358	-42.1217	-43.1575
BLOCK14/SES147/SA147S26	SES147	0.889347	-41.9637	-42.8531
BLOCK14/SES147/SA147S28	SES147	1.75224	-41.1989	-42.9512
BLOCK14/SES148/SA148S10	SES148	1.06629	-41.1831	-42.2494
BLOCK14/SES148/SA148S12	SES148	0.564785	-42.2234	-42.7882
BLOCK14/SES148/SA148S22	SES148	0.811504	-40.8584	-41.6699
BLOCK14/SES148/SA148S26	SES148	0.499794	-41.4535	-41.9533
BLOCK14/SES148/SA148S29	SES148	0.375168	-42.2651	-42.6403
BLOCK14/SES149/SA149S13	SES149	-0.124931	-42.3977	-42.2728
BLOCK14/SES149/SA149S14	SES149	0.584717	-41.3524	-41.9371
BLOCK14/SES149/SA149S24	SES149	1.13659	-41.2352	-42.3718
BLOCK14/SES149/SA149S26	SES149	1.73131	-40.62	-42.3513
BLOCK14/SES149/SA149S28	SES149	1.81271	-39.8281	-41.6408
BLOCK15/SES158/SA158S13	SES158	1.19145	-42.0607	-43.2521
BLOCK15/SES158/SA158S14	SES158	2.112	-41.6073	-43.7193
BLOCK15/SES158/SA158S23	SES158	1.05974	-41.6427	-42.7024
BLOCK15/SES158/SA158S26	SES158	1.78409	-41.3037	-43.0878
BLOCK15/SES158/SA158S28	SES158	1.16273	-41.9316	-43.0943
BLOCK16/SES162/SA162S10	SES162	0.898289	-42.6864	-43.5847
BLOCK16/SES162/SA162S11	SES162	0.796547	-41.4996	-42.2962
BLOCK16/SES162/SA162S21	SES162	1.47633	-41.317	-42.7933
BLOCK16/SES162/SA162S24	SES162	1.17974	-41.6405	-42.8202
BLOCK16/SES162/SA162S27	SES162	1.11597	-42.1637	-43.2797
BLOCK16/SES167/SA167S14	SES167	0.728783	-40.6727	-41.4015
BLOCK16/SES167/SA167S15	SES167	1.50455	-40.8533	-42.3579
BLOCK16/SES167/SA167S21	SES167	1.20563	-40.3445	-41.5501
BLOCK16/SES167/SA167S25	SES167	1.64956	-40.8553	-42.5048
BLOCK16/SES167/SA167S29	SES167	2.01276	-39.586	-41.5988
BLOCK17/SES172/SA172S12	SES172	0.998482	-41.7547	-42.7532
BLOCK17/SES172/SA172S13	SES172	1.57039	-41.4	-42.9703
BLOCK17/SES172/SA172S23	SES172	0.713856	-40.4279	-41.1417
BLOCK17/SES172/SA172S27	SES172	0.601025	-41.8667	-42.4677
BLOCK17/SES172/SA172S29	SES172	1.09989	-41.5208	-42.6206
BLOCK17/SES175/SA175S11	SES175	1.12479	-41.164	-42.2888
BLOCK17/SES175/SA175S13	SES175	0.859741	-41.246	-42.1058
BLOCK17/SES175/SA175S23	SES175	1.30467	-41.3036	-42.6083
BLOCK17/SES175/SA175S25	SES175	0.537056	-42.9861	-43.5231
BLOCK17/SES175/SA175S28	SES175	1.00676	-41.0774	-42.0842
BLOCK17/SES177/SA177S15	SES177	-0.10952	-42.1527	-42.0431
BLOCK17/SES177/SA177S17	SES177	0.0438652	-42.0103	-42.0542
BLOCK17/SES177/SA177S23	SES177	-0.213795	-42.5268	-42.313
BLOCK17/SES177/SA177S26	SES177	0.430656	-40.3502	-40.7808
BLOCK17/SES177/SA177S28	SES177	0.634735	-40.8882	-41.5229
BLOCK18/SES180/SA180S13	SES180	0.449139	-41.8449	-42.2941
BLOCK18/SES180/SA180S15	SES180	0.730953	-41.8293	-42.5603
BLOCK18/SES180/SA180S24	SES180	0.581532	-40.6282	-41.2097
BLOCK18/SES180/SA180S26	SES180	0.682911	-41.2768	-41.9597
BLOCK18/SES180/SA180S29	SES180	0.721584	-41.8976	-42.6192
BLOCK18/SES183/SA183S13	SES183	0.861938	-42.1161	-42.9781
BLOCK18/SES183/SA183S14	SES183	0.358429	-42.5847	-42.9431
BLOCK18/SES183/SA183S24	SES183	1.0612	-42.2822	-43.3434
BLOCK18/SES183/SA183S27	SES183	1.01965	-41.8695	-42.8892
BLOCK18/SES183/SA183S29	SES183	0.99799	-41.4532	-42.4512
BLOCK18/SES187/SA187S13	SES187	0.606457	-42.4133	-43.0198
BLOCK18/SES187/SA187S14	SES187	0.489182	-42.5101	-42.9993
BLOCK18/SES187/SA187S24	SES187	1.28598	-41.4942	-42.7802
BLOCK18/SES187/SA187S27	SES187	1.13319	-41.2917	-42.4249
BLOCK18/SES187/SA187S29	SES187	0.855572	-42.2762	-43.1317
BLOCK18/SES189/SA189S10	SES189	1.33108	-43.3018	-44.6329
BLOCK18/SES189/SA189S13	SES189	1.35783	-43.7191	-45.0769
BLOCK18/SES189/SA189S24	SES189	1.72292	-42.5988	-44.3218
BLOCK18/SES189/SA189S26	SES189	1.02716	-42.6244	-43.6516
BLOCK18/SES189/SA189S29	SES189	1.9851	-42.1372	-44.1223
BLOCK20/SES202/SA202S12	SES202	0.920197	-42.6365	-43.5567
BLOCK20/SES202/SA202S14	SES202	2.35071	-40.7364	-43.0871
BLOCK20/SES202/SA202S24	SES202	1.48742	-41.5732	-43.0606
BLOCK20/SES202/SA202S27	SES202	1.47465	-40.4228	-41.8975
BLOCK20/SES202/SA202S29	SES202	1.92359	-40.1573	-42.0808
BLOCK20/SES206/SA206S15	SES206	-0.000171661	-41.6799	-41.6797
BLOCK20/SES206/SA206S17	SES206	1.67159	-40.3735	-42.045
BLOCK20/SES206/SA206S24	SES206	1.61444	-40.1737	-41.7881
BLOCK20/SES206/SA206S27	SES206	1.50415	-41.1388	-42.643
BLOCK20/SES206/SA206S29	SES206	1.54905	-40.0128	-41.5618
BLOCK22/SES226/SA226S12	SES226	1.45036	-41.5509	-43.0012
BLOCK22/SES226/SA226S13	SES226	-0.0934792	-42.8447	-42.7512
BLOCK22/SES226/SA226S20	SES226	1.19784	-42.0008	-43.1986
BLOCK22/SES226/SA226S23	SES226	1.55969	-41.1046	-42.6643
BLOCK22/SES226/SA226S28	SES226	1.64467	-40.9369	-42.5816
BLOCK25/SES259/SA259S13	SES259	2.54779	-40.1144	-42.6622
BLOCK25/SES259/SA259S14	SES259	1.52213	-40.9428	-42.465
BLOCK25/SES259/SA259S22	SES259	1.37785	-40.8117	-42.1896
BLOCK25/SES259/SA259S24	SES259	1.59622	-40.448	-42.0442
BLOCK25/SES259/SA259S28	SES259	1.61871	-40.2688	-41.8875
BLOCK27/SES270/SA270S14	SES270	1.94212	-42.0398	-43.9819
BLOCK27/SES270/SA270S16	SES270	0.526768	-42.3442	-42.871
BLOCK27/SES270/SA270S22	SES270	2.46639	-41.0056	-43.472
BLOCK27/SES270/SA270S26	SES270	1.29531	-42.5575	-43.8528
BLOCK27/SES270/SA270S28	SES270	0.875862	-41.7274	-42.6033
BLOCK27/SES275/SA275S17	SES275	1.08133	-42.1546	-43.2359
BLOCK27/SES275/SA275S18	SES275	0.146049	-42.1689	-42.3149
BLOCK27/SES275/SA275S24	SES275	0.446095	-43.4827	-43.9288
BLOCK27/SES275/SA275S26	SES275	0.93544	-41.5537	-42.4891
BLOCK27/SES275/SA275S28	SES275	0.350994	-42.0412	-42.3922
BLOCK29/SES292/SA292S10	SES292	0.241306	-42.3114	-42.5527
BLOCK29/SES292/SA292S12	SES292	0.0544434	-42.8583	-42.9127
BLOCK29/SES292/SA292S22	SES292	0.618237	-41.4071	-42.0253
BLOCK29/SES292/SA292S24	SES292	0.0836525	-41.9081	-41.9918
BLOCK29/SES292/SA292S27	SES292	0.0197983	-41.5233	-41.5431
BLOCK00/SES001/SA001S14	SES062	-1.78299	-44.324	-42.541
BLOCK00/SES001/SA001S14	SES082	-1.91492	-44.4559	-42.541
BLOCK00/SES001/SA001S14	SES106	-2.05417	-44.5951	-42.541
BLOCK00/SES001/SA001S14	SES206	-1.82957	-44.3705	-42.541
BLOCK00/SES001/SA001S15	SES062	-1.62968	-43.4379	-41.8082
BLOCK00/SES001/SA001S15	SES104	-2.47245	-44.2807	-41.8082
BLOCK00/SES001/SA001S15	SES106	-2.36411	-44.1723	-41.8082
BLOCK00/SES001/SA001S15	SES206	-1.36138	-43.1696	-41.8082
BLOCK00/SES001/SA001S24	SES062	-2.67852	-45.8504	-43.1719
BLOCK00/SES001/SA001S24	SES082	-2.48916	-45.661	-43.1719
BLOCK00/SES001/SA001S24	SES087	-2.27236	-45.4442	-43.1719
BLOCK00/SES001/SA001S24	SES206	-1.91208	-45.0839	-43.1719
BLOCK00/SES001/SA001S27	SES062	-1.5549	-43.4388	-41.8839
BLOCK00/SES001/SA001S27	SES082	-2.41165	-44.2956	-41.8839
BLOCK00/SES001/SA001S27	SES087	-2.26021	-44.1441	-41.8839
BLOCK00/SES001/SA001S27	SES206	-2.61293	-44.4968	-41.8839
BLOCK00/SES001/SA001S29	SES062	-2.50066	-45.1113	-42.6107
BLOCK00/SES001/SA001S29	SES082	-1.54537	-44.1561	-42.6107
BLOCK00/SES001/SA001S29	SES158	-1.06092	-43.6716	-42.6107
BLOCK00/SES001/SA001S29	SES206	-2.82666	-45.4373	-42.6107
BLOCK00/SES003/SA003S11	SES002	-0.684315	-43.5969	-42.9126
BLOCK00/SES003/SA003S11	SES019	-1.08652	-43.9991	-42.9126
BLOCK00/SES003/SA003S11	SES082	0.121635	-42.791	-42.9126
BLOCK00/SES003/SA003S11	SES125	-0.92807	-43.8407	-42.9126
BLOCK00/SES003/SA003S15	SES016	-2.60089	-45.0546	-42.4537
BLOCK00/SES003/SA003S15	SES019	-0.891724	-43.3455	-42.4537
BLOCK00/SES003/SA003S15	SES062	-1.24781	-43.7016	-42.4537
BLOCK00/SES003/SA003S15	SES206	-1.03762	-43.4914	-42.4537
BLOCK00/SES003/SA003S22	SES002	-1.44911	-43.6895	-42.2404
BLOCK00/SES003/SA003S22	SES062	-1.12522	-43.3656	-42.2404
BLOCK00/SES003/SA003S22	SES082	-0.586636	-42.827	-42.2404
BLOCK00/SES003/SA003S22	SES087	-0.898067	-43.1384	-42.2404
BLOCK00/SES003/SA003S25	SES062	-2.40158	-45.3802	-42.9786
BLOCK00/SES003/SA003S25	SES082	-0.708794	-43.6874	-42.9786
BLOCK00/SES003/SA003S25	SES087	-0.899414	-43.878	-42.9786
BLOCK00/SES003/SA003S25	SES206	-1.26729	-44.2459	-42.9786
BLOCK00/SES003/SA003S29	SES002	-1.297	-44.3172	-43.0202
BLOCK00/SES003/SA003S29	SES062	-1.84233	-44.8625	-43.0202
BLOCK00/SES003/SA003S29	SES082	-0.181732	-43.202	-43.0202
BLOCK00/SES003/SA003S29	SES087	-1.39487	-44.4151	-43.0202
BLOCK00/SES004/SA004S12	SES083	-2.25623	-44.7816	-42.5254
BLOCK00/SES004/SA004S12	SES148	-2.06521	-44.5906	-42.5254
BLOCK00/SES004/SA004S12	SES172	-1.20977	-43.7352	-42.5254
BLOCK00/SES004/SA004S12	SES292	-2.14936	-44.6748	-42.5254
BLOCK00/SES004/SA004S17	SES083	-1.98282	-44.7766	-42.7938
BLOCK00/SES004/SA004S17	SES162	-0.842754	-43.6365	-42.7938
BLOCK00/SES004/SA004S17	SES172	-2.0604	-44.8542	-42.7938
BLOCK00/SES004/SA004S17	SES292	-1.98137	-44.7751	-42.7938
BLOCK00/SES004/SA004S24	SES083	-1.97056	-44.0748	-42.1042
BLOCK00/SES004/SA004S24	SES148	-1.95951	-44.0637	-42.1042
BLOCK00/SES004/SA004S24	SES172	-1.01233	-43.1165	-42.1042
BLOCK00/SES004/SA004S24	SES292	-1.3687	-43.4729	-42.1042
BLOCK00/SES004/SA004S26	SES083	-1.76168	-43.9362	-42.1745
BLOCK00/SES004/SA004S26	SES127	-1.41434	-43.5888	-42.1745
BLOCK00/SES004/SA004S26	SES148	-2.37456	-44.549	-42.1745
BLOCK00/SES004/SA004S26	SES292	-1.97642	-44.1509	-42.1745
BLOCK00/SES004/SA004S28	SES083	-2.68837	-44.2556	-41.5672
BLOCK00/SES004/SA004S28	SES127	-1.52002	-43.0872	-41.5672
BLOCK00/SES004/SA004S28	SES187	-1.1159	-42.6831	-41.5672
BLOCK00/SES004/SA004S28	SES292	-2.78389	-44.3511	-41.5672
BLOCK00/SES006/SA006S10	SES014	-2.37065	-47.1911	-44.8204
BLOCK00/SES006/SA006S10	SES158	-0.421032	-45.2414	-44.8204
BLOCK00/SES006/SA006S10	SES226	-3.02373	-47.8441	-44.8204
BLOCK00/SES006/SA006S10	SES270	-0.35268	-45.1731	-44.8204
BLOCK00/SES006/SA006S11	SES158	-0.729801	-45.3262	-44.5964
BLOCK00/SES006/SA006S11	SES226	-2.26502	-46.8614	-44.5964
BLOCK00/SES006/SA006S11	SES270	-0.113632	-44.71	-44.5964
BLOCK00/SES006/SA006S11	SES275	-2.97103	-47.5674	-44.5964
BLOCK00/SES006/SA006S23	SES062	-1.23114	-44.8885	-43.6573
BLOCK00/SES006/SA006S23	SES105	-2.14581	-45.8031	-43.6573
BLOCK00/SES006/SA006S23	SES158	-0.751358	-44.4087	-43.6573
BLOCK00/SES006/SA006S23	SES275	-1.96599	-45.6233	-43.6573
BLOCK00/SES006/SA006S26	SES104	-1.54653	-44.8504	-43.3038
BLOCK00/SES006/SA006S26	SES158	-0.190384	-43.4942	-43.3038
BLOCK00/SES006/SA006S26	SES270	0.367947	-42.9359	-43.3038
BLOCK00/SES006/SA006S26	SES275	-2.7582	-46.062	-43.3038
BLOCK00/SES006/SA006S28	SES007	-1.94293	-46.1995	-44.2565
BLOCK00/SES006/SA006S28	SES105	-2.67731	-46.9338	-44.2565
BLOCK00/SES006/SA006S28	SES158	-1.18392	-45.4405	-44.2565
BLOCK00/SES006/SA006S28	SES275	-3.16747	-47.424	-44.2565
BLOCK00/SES009/SA009S12	SES083	-1.79747	-44.1781	-42.3806
BLOCK00/SES009/SA009S12	SES148	-1.39357	-43.7742	-42.3806
BLOCK00/SES009/SA009S12	SES177	-1.50432	-43.8849	-42.3806
BLOCK00/SES009/SA009S12	SES292	-1.23202	-43.6126	-42.3806
BLOCK00/SES009/SA009S15	SES007	-0.0409622	-41.6329	-41.5919
BLOCK00/SES009/SA009S15	SES099	-4.41164	-46.0035	-41.5919
BLOCK00/SES009/SA009S15	SES148	-2.09371	-43.6856	-41.5919
BLOCK00/SES009/SA009S15	SES172	-1.74643	-43.3383	-41.5919
BLOCK00/SES009/SA009S24	SES146	-1.10503	-42.9268	-41.8218
BLOCK00/SES009/SA009S24	SES148	-1.58926	-43.4111	-41.8218
BLOCK00/SES009/SA009S24	SES177	-1.10946	-42.9313	-41.8218
BLOCK00/SES009/SA009S24	SES292	-1.16644	-42.9883	-41.8218
BLOCK00/SES009/SA009S26	SES083	-2.06406	-44.5228	-42.4587
BLOCK00/SES009/SA009S26	SES101	-1.67235	-44.1311	-42.4587
BLOCK00/SES009/SA009S26	SES120	-0.787624	-43.2464	-42.4587
BLOCK00/SES009/SA009S26	SES177	-1.54114	-43.9999	-42.4587
BLOCK00/SES009/SA009S29	SES083	-1.57674	-43.34	-41.7632
BLOCK00/SES009/SA009S29	SES101	-1.6349	-43.3981	-41.7632
BLOCK00/SES009/SA009S29	SES177	-1.2719	-43.0351	-41.7632
BLOCK00/SES009/SA009S29	SES292	-1.56521	-43.3284	-41.7632
BLOCK01/SES011/SA011S10	SES019	-0.91391	-44.0038	-43.0898
BLOCK01/SES011/SA011S10	SES042	-0.519974	-43.6098	-43.0898
BLOCK01/SES011/SA011S10	SES082	-2.02837	-45.1182	-43.0898
BLOCK01/SES011/SA011S10	SES206	-0.648998	-43.7388	-43.0898
BLOCK01/SES011/SA011S11	SES019	-0.65337	-44.2051	-43.5517
BLOCK01/SES011/SA011S11	SES042	-0.984512	-44.5362	-43.5517
BLOCK01/SES011/SA011S11	SES082	-2.21654	-45.7682	-43.5517
BLOCK01/SES011/SA011S11	SES206	-0.428646	-43.9803	-43.5517
BLOCK01/SES011/SA011S22	SES019	-0.129585	-43.4661	-43.3365
BLOCK01/SES011/SA011S22	SES042	-0.687294	-44.0238	-43.3365
BLOCK01/SES011/SA011S22	SES082	-1.47002	-44.8065	-43.3365
BLOCK01/SES011/SA011S22	SES206	-0.365452	-43.702	-43.3365
BLOCK01/SES011/SA011S24	SES019	-0.714321	-43.3325	-42.6182
BLOCK01/SES011/SA011S24	SES042	-0.35738	-42.9755	-42.6182
BLOCK01/SES011/SA011S24	SES104	-1.09744	-43.7156	-42.6182
BLOCK01/SES011/SA011S24	SES206	-0.069149	-42.6873	-42.6182
BLOCK01/SES011/SA011S27	SES082	0.457703	-42.1571	-42.6148
BLOCK01/SES011/SA011S27	SES087	-0.955746	-43.5705	-42.6148
BLOCK01/SES011/SA011S27	SES125	-0.397572	-43.0123	-42.6148
BLOCK01/SES011/SA011S27	SES206	-0.0379601	-42.6527	-42.6148
BLOCK01/SES012/SA012S11	SES007	-1.91294	-43.5907	-41.6777
BLOCK01/SES012/SA012S11	SES082	-1.11775	-42.7955	-41.6777
BLOCK01/SES012/SA012S11	SES083	-2.09209	-43.7698	-41.6777
BLOCK01/SES012/SA012S11	SES206	-0.748535	-42.4263	-41.6777
BLOCK01/SES012/SA012S14	SES082	-1.05674	-43.4685	-42.4118
BLOCK01/SES012/SA012S14	SES087	-1.51469	-43.9265	-42.4118
BLOCK01/SES012/SA012S14	SES206	-0.476265	-42.888	-42.4118
BLOCK01/SES012/SA012S14	SES292	-2.46338	-44.8752	-42.4118
BLOCK01/SES012/SA012S24	SES082	0.0409126	-43.3355	-43.3764
BLOCK01/SES012/SA012S24	SES087	-1.22325	-44.5997	-43.3764
BLOCK01/SES012/SA012S24	SES120	-3.72517	-47.1016	-43.3764
BLOCK01/SES012/SA012S24	SES206	-0.360153	-43.7366	-43.3764
BLOCK01/SES012/SA012S26	SES019	-2.2729	-44.724	-42.4511
BLOCK01/SES012/SA012S26	SES082	-1.57649	-44.0276	-42.4511
BLOCK01/SES012/SA012S26	SES206	-0.342861	-42.794	-42.4511
BLOCK01/SES012/SA012S26	SES292	-2.40263	-44.8537	-42.4511
BLOCK01/SES012/SA012S29	SES062	-1.3955	-43.3912	-41.9957
BLOCK01/SES012/SA012S29	SES082	-0.805023	-42.8007	-41.9957
BLOCK01/SES012/SA012S29	SES083	-2.04176	-44.0374	-41.9957
BLOCK01/SES012/SA012S29	SES206	-0.830273	-42.8259	-41.9957
BLOCK01/SES013/SA013S16	SES062	-2.81592	-45.421	-42.6051
BLOCK01/SES013/SA013S16	SES106	-0.590664	-43.1958	-42.6051
BLOCK01/SES013/SA013S16	SES206	-1.2269	-43.832	-42.6051
BLOCK01/SES013/SA013S16	SES226	-0.278557	-42.8837	-42.6051
BLOCK01/SES013/SA013S17	SES062	-2.65886	-44.6997	-42.0408
BLOCK01/SES013/SA013S17	SES106	-0.825748	-42.8666	-42.0408
BLOCK01/SES013/SA013S17	SES206	-0.234959	-42.2758	-42.0408
BLOCK01/SES013/SA013S17	SES226	0.575447	-41.4654	-42.0408
BLOCK01/SES013/SA013S23	SES104	-0.930996	-43.788	-42.857
BLOCK01/SES013/SA013S23	SES106	-0.502178	-43.3592	-42.857
BLOCK01/SES013/SA013S23	SES206	-0.973366	-43.8304	-42.857
BLOCK01/SES013/SA013S23	SES270	-0.393436	-43.2505	-42.857
BLOCK01/SES013/SA013S25	SES042	-1.6609	-44.1215	-42.4606
BLOCK01/SES013/SA013S25	SES104	-0.727768	-43.1884	-42.4606
BLOCK01/SES013/SA013S25	SES106	-0.0111771	-42.4718	-42.4606
BLOCK01/SES013/SA013S25	SES206	-0.934978	-43.3956	-42.4606
BLOCK01/SES013/SA013S29	SES062	-2.66274	-45.3716	-42.7088
BLOCK01/SES013/SA013S29	SES104	-1.15224	-43.8611	-42.7088
BLOCK01/SES013/SA013S29	SES106	0.118137	-42.5907	-42.7088
BLOCK01/SES013/SA013S29	SES206	-1.40858	-44.1174	-42.7088
BLOCK02/SES021/SA021S13	SES016	-2.9329	-44.9732	-42.0403
BLOCK02/SES021/SA021S13	SES029	-2.60612	-44.6465	-42.0403
BLOCK02/SES021/SA021S13	SES087	-1.41862	-43.459	-42.0403
BLOCK02/SES021/SA021S13	SES206	-0.134045	-42.1744	-42.0403
BLOCK02/SES021/SA021S15	SES087	-1.04383	-41.8698	-40.826
BLOCK02/SES021/SA021S15	SES125	-0.506565	-41.3325	-40.826
BLOCK02/SES021/SA021S15	SES206	-0.159172	-40.9851	-40.826
BLOCK02/SES021/SA021S15	SES226	-1.53445	-42.3604	-40.826
BLOCK02/SES021/SA021S23	SES062	-2.34163	-45.2117	-42.87
BLOCK02/SES021/SA021S23	SES087	-1.39149	-44.2615	-42.87
BLOCK02/SES021/SA021S23	SES206	-1.02765	-43.8977	-42.87
BLOCK02/SES021/SA021S23	SES226	-0.788231	-43.6583	-42.87
BLOCK02/SES021/SA021S27	SES002	-1.05932	-42.5722	-41.5129
BLOCK02/SES021/SA021S27	SES016	-3.49043	-45.0033	-41.5129
BLOCK02/SES021/SA021S27	SES019	-1.80867	-43.3215	-41.5129
BLOCK02/SES021/SA021S27	SES062	-1.15886	-42.6717	-41.5129
BLOCK02/SES021/SA021S29	SES087	-1.43351	-42.8844	-41.4509
BLOCK02/SES021/SA021S29	SES125	-0.927189	-42.3781	-41.4509
BLOCK02/SES021/SA021S29	SES206	-0.756695	-42.2076	-41.4509
BLOCK02/SES021/SA021S29	SES226	-0.998158	-42.4491	-41.4509
BLOCK04/SES043/SA043S09	SES083	-1.35748	-44.848	-43.4905
BLOCK04/SES043/SA043S09	SES101	-2.32119	-45.8117	-43.4905
BLOCK04/SES043/SA043S09	SES144	-0.739769	-44.2303	-43.4905
BLOCK04/SES043/SA043S09	SES172	-3.15326	-46.6438	-43.4905
BLOCK04/SES043/SA043S11	SES083	-0.674393	-42.9102	-42.2359
BLOCK04/SES043/SA043S11	SES101	-1.55159	-43.7874	-42.2359
BLOCK04/SES043/SA043S11	SES144	-0.606281	-42.8421	-42.2359
BLOCK04/SES043/SA043S11	SES172	-1.37164	-43.6075	-42.2359
BLOCK04/SES043/SA043S23	SES083	-0.528271	-43.0079	-42.4796
BLOCK04/SES043/SA043S23	SES144	-0.0498657	-42.5295	-42.4796
BLOCK04/SES043/SA043S23	SES177	-1.81806	-44.2977	-42.4796
BLOCK04/SES043/SA043S23	SES275	-0.522739	-43.0024	-42.4796
BLOCK04/SES043/SA043S26	SES083	-0.984219	-43.6863	-42.7021
BLOCK04/SES043/SA043S26	SES101	-1.59907	-44.3011	-42.7021
BLOCK04/SES043/SA043S26	SES144	-0.386044	-43.0881	-42.7021
BLOCK04/SES043/SA043S26	SES177	-1.36124	-44.0633	-42.7021
BLOCK04/SES043/SA043S28	SES016	-1.28645	-43.45	-42.1636
BLOCK04/SES043/SA043S28	SES083	-0.885899	-43.0495	-42.1636
BLOCK04/SES043/SA043S28	SES101	-0.92767	-43.0912	-42.1636
BLOCK04/SES043/SA043S28	SES144	-0.713154	-42.8767	-42.1636
BLOCK04/SES044/SA044S10	SES127	-3.12608	-47.835	-44.709
BLOCK04/SES044/SA044S10	SES144	-0.281937	-44.9909	-44.709
BLOCK04/SES044/SA044S10	SES147	-2.60807	-47.317	-44.709
BLOCK04/SES044/SA044S10	SES148	-2.63792	-47.3469	-44.709
BLOCK04/SES044/SA044S11	SES101	-1.83756	-45.7356	-43.8981
BLOCK04/SES044/SA044S11	SES144	0.0555916	-43.8425	-43.8981
BLOCK04/SES044/SA044S11	SES147	-2.04354	-45.9416	-43.8981
BLOCK04/SES044/SA044S11	SES177	-1.74907	-45.6472	-43.8981
BLOCK04/SES044/SA044S24	SES007	-2.27111	-45.4717	-43.2006
BLOCK04/SES044/SA044S24	SES101	-1.45421	-44.6548	-43.2006
BLOCK04/SES044/SA044S24	SES147	-1.89069	-45.0913	-43.2006
BLOCK04/SES044/SA044S24	SES177	-1.81197	-45.0125	-43.2006
BLOCK04/SES044/SA044S26	SES007	-2.02192	-45.0838	-43.0619
BLOCK04/SES044/SA044S26	SES016	-1.07539	-44.1373	-43.0619
BLOCK04/SES044/SA044S26	SES101	-1.74138	-44.8033	-43.0619
BLOCK04/SES044/SA044S26	SES147	-1.07549	-44.1374	-43.0619
BLOCK04/SES044/SA044S29	SES007	-1.26418	-43.7518	-42.4876
BLOCK04/SES044/SA044S29	SES101	-1.0042	-43.4918	-42.4876
BLOCK04/SES044/SA044S29	SES147	-1.85848	-44.3461	-42.4876
BLOCK04/SES044/SA044S29	SES177	-1.76345	-44.251	-42.4876
BLOCK04/SES046/SA046S13	SES101	-2.14585	-45.3705	-43.2247
BLOCK04/SES046/SA046S13	SES144	-1.04492	-44.2696	-43.2247
BLOCK04/SES046/SA046S13	SES147	-2.51077	-45.7354	-43.2247
BLOCK04/SES046/SA046S13	SES177	-1.47815	-44.7028	-43.2247
BLOCK04/SES046/SA046S15	SES048	-2.18203	-43.8827	-41.7007
BLOCK04/SES046/SA046S15	SES083	-1.09843	-42.7991	-41.7007
BLOCK04/SES046/SA046S15	SES120	-3.00388	-44.7046	-41.7007
BLOCK04/SES046/SA046S15	SES148	-1.33967	-43.0404	-41.7007
BLOCK04/SES046/SA046S22	SES101	-1.87331	-44.6354	-42.7621
BLOCK04/SES046/SA046S22	SES144	-1.21618	-43.9783	-42.7621
BLOCK04/SES046/SA046S22	SES147	-3.18117	-45.9433	-42.7621
BLOCK04/SES046/SA046S22	SES172	-1.49572	-44.2578	-42.7621
BLOCK04/SES046/SA046S25	SES083	-1.56605	-44.0646	-42.4985
BLOCK04/SES046/SA046S25	SES127	-1.41411	-43.9126	-42.4985
BLOCK04/SES046/SA046S25	SES144	-1.40098	-43.8995	-42.4985
BLOCK04/SES046/SA046S25	SES148	-0.822117	-43.3206	-42.4985
BLOCK04/SES046/SA046S28	SES007	-2.49583	-45.9129	-43.4171
BLOCK04/SES046/SA046S28	SES105	-2.30146	-45.7185	-43.4171
BLOCK04/SES046/SA046S28	SES147	-1.88451	-45.3016	-43.4171
BLOCK04/SES046/SA046S28	SES148	-1.6011	-45.0182	-43.4171
BLOCK04/SES049/SA049S16	SES104	-1.12481	-44.9926	-43.8678
BLOCK04/SES049/SA049S16	SES106	-0.855236	-44.7231	-43.8678
BLOCK04/SES049/SA049S16	SES120	-3.09823	-46.9661	-43.8678
BLOCK04/SES049/SA049S16	SES206	-1.04273	-44.9106	-43.8678
BLOCK04/SES049/SA049S18	SES099	0.114277	-44.647	-44.7612
BLOCK04/SES049/SA049S18	SES104	-1.31491	-46.0762	-44.7612
BLOCK04/SES049/SA049S18	SES125	-1.95795	-46.7192	-44.7612
BLOCK04/SES049/SA049S18	SES206	-1.55509	-46.3163	-44.7612
BLOCK04/SES049/SA049S25	SES087	-0.58247	-44.1948	-43.6124
BLOCK04/SES049/SA049S25	SES104	-1.20002	-44.8124	-43.6124
BLOCK04/SES049/SA049S25	SES125	-1.24284	-44.8552	-43.6124
BLOCK04/SES049/SA049S25	SES206	-0.510811	-44.1232	-43.6124
BLOCK04/SES049/SA049S27	SES099	-0.238636	-43.1911	-42.9525
BLOCK04/SES049/SA049S27	SES104	-0.368237	-43.3207	-42.9525
BLOCK04/SES049/SA049S27	SES125	-1.08758	-44.0401	-42.9525
BLOCK04/SES049/SA049S27	SES206	-0.8503	-43.8028	-42.9525
BLOCK04/SES049/SA049S29	SES099	0.234047	-41.8865	-42.1205
BLOCK04/SES049/SA049S29	SES104	0.0187645	-42.1018	-42.1205
BLOCK04/SES049/SA049S29	SES125	-0.863487	-42.984	-42.1205
BLOCK04/SES049/SA049S29	SES206	-0.0775185	-42.1981	-42.1205
BLOCK06/SES063/SA063S09	SES068	-1.54446	-44.2073	-42.6629
BLOCK06/SES063/SA063S09	SES083	-0.349632	-43.0125	-42.6629
BLOCK06/SES063/SA063S09	SES177	-0.85976	-43.5226	-42.6629
BLOCK06/SES063/SA063S09	SES187	-1.27095	-43.9338	-42.6629
BLOCK06/SES063/SA063S10	SES068	-1.74448	-44.8677	-43.1232
BLOCK06/SES063/SA063S10	SES083	-0.625397	-43.7486	-43.1232
BLOCK06/SES063/SA063S10	SES172	-0.875568	-43.9988	-43.1232
BLOCK06/SES063/SA063S10	SES187	-1.28474	-44.408	-43.1232
BLOCK06/SES063/SA063S20	SES068	-1.81445	-44.7043	-42.8898
BLOCK06/SES063/SA063S20	SES083	-1.1485	-44.0383	-42.8898
BLOCK06/SES063/SA063S20	SES172	-0.863705	-43.7535	-42.8898
BLOCK06/SES063/SA063S20	SES187	-0.456654	-43.3465	-42.8898
BLOCK06/SES063/SA063S24	SES029	-2.8688	-45.0579	-42.1891
BLOCK06/SES063/SA063S24	SES083	-0.204445	-42.3936	-42.1891
BLOCK06/SES063/SA063S24	SES177	-0.471813	-42.6609	-42.1891
BLOCK06/SES063/SA063S24	SES189	-1.28645	-43.4756	-42.1891
BLOCK06/SES063/SA063S27	SES083	0.207317	-43.3891	-43.5965
BLOCK06/SES063/SA063S27	SES172	-0.0497437	-43.6462	-43.5965
BLOCK06/SES063/SA063S27	SES187	-1.72658	-45.323	-43.5965
BLOCK06/SES063/SA063S27	SES292	-1.48833	-45.0848	-43.5965
BLOCK06/SES067/SA067S12	SES083	-1.80931	-44.3123	-42.503
BLOCK06/SES067/SA067S12	SES172	-2.51035	-45.0133	-42.503
BLOCK06/SES067/SA067S12	SES202	-0.387753	-42.8907	-42.503
BLOCK06/SES067/SA067S12	SES292	-1.43618	-43.9391	-42.503
BLOCK06/SES067/SA067S14	SES085	-1.61322	-43.4564	-41.8431
BLOCK06/SES067/SA067S14	SES177	-1.47768	-43.3208	-41.8431
BLOCK06/SES067/SA067S14	SES183	-1.63291	-43.4761	-41.8431
BLOCK06/SES067/SA067S14	SES202	-0.724873	-42.568	-41.8431
BLOCK06/SES067/SA067S21	SES144	-1.47807	-44.4854	-43.0073
BLOCK06/SES067/SA067S21	SES177	-1.07579	-44.0831	-43.0073
BLOCK06/SES067/SA067S21	SES183	-3.14678	-46.1541	-43.0073
BLOCK06/SES067/SA067S21	SES189	-0.578041	-43.5854	-43.0073
BLOCK06/SES067/SA067S25	SES085	-1.22079	-43.7905	-42.5698
BLOCK06/SES067/SA067S25	SES177	-0.956924	-43.5267	-42.5698
BLOCK06/SES067/SA067S25	SES183	-1.31652	-43.8863	-42.5698
BLOCK06/SES067/SA067S25	SES202	-0.952679	-43.5224	-42.5698
BLOCK06/SES067/SA067S29	SES085	-0.983803	-43.5472	-42.5634
BLOCK06/SES067/SA067S29	SES177	-1.62345	-44.1869	-42.5634
BLOCK06/SES067/SA067S29	SES183	-1.03814	-43.6016	-42.5634
BLOCK06/SES067/SA067S29	SES202	-0.0222969	-42.5857	-42.5634
BLOCK06/SES069/SA069S12	SES029	-2.33977	-44.5469	-42.2071
BLOCK06/SES069/SA069S12	SES082	-0.757885	-42.965	-42.2071
BLOCK06/SES069/SA069S12	SES087	-1.74913	-43.9562	-42.2071
BLOCK06/SES069/SA069S12	SES206	-0.862301	-43.0694	-42.2071
BLOCK06/SES069/SA069S13	SES029	-2.89113	-45.1298	-42.2387
BLOCK06/SES069/SA069S13	SES087	-2.20714	-44.4458	-42.2387
BLOCK06/SES069/SA069S13	SES206	-1.92322	-44.1619	-42.2387
BLOCK06/SES069/SA069S13	SES226	-1.53672	-43.7754	-42.2387
BLOCK06/SES069/SA069S23	SES029	-1.97665	-42.9979	-41.0213
BLOCK06/SES069/SA069S23	SES087	-2.00881	-43.0301	-41.0213
BLOCK06/SES069/SA069S23	SES206	-1.58646	-42.6077	-41.0213
BLOCK06/SES069/SA069S23	SES226	-1.21646	-42.2377	-41.0213
BLOCK06/SES069/SA069S25	SES087	-1.70695	-43.1828	-41.4758
BLOCK06/SES069/SA069S25	SES206	-2.10525	-43.5811	-41.4758
BLOCK06/SES069/SA069S25	SES226	-0.943329	-42.4191	-41.4758
BLOCK06/SES069/SA069S25	SES270	-1.14517	-42.621	-41.4758
BLOCK06/SES069/SA069S27	SES087	-2.01825	-43.7073	-41.689
BLOCK06/SES069/SA069S27	SES206	-0.354446	-42.0435	-41.689
BLOCK06/SES069/SA069S27	SES226	-0.364639	-42.0537	-41.689
BLOCK06/SES069/SA069S27	SES270	-0.566395	-42.2554	-41.689
BLOCK08/SES081/SA081S11	SES060	-1.8055	-44.0734	-42.2678
BLOCK08/SES081/SA081S11	SES062	-3.40456	-45.6724	-42.2678
BLOCK08/SES081/SA081S11	SES117	-2.59694	-44.8648	-42.2678
BLOCK08/SES081/SA081S11	SES162	-2.27433	-44.5422	-42.2678
BLOCK08/SES081/SA081S13	SES016	-1.32653	-43.0286	-41.7021
BLOCK08/SES081/SA081S13	SES060	-0.649406	-42.3515	-41.7021
BLOCK08/SES081/SA081S13	SES068	-0.758663	-42.4607	-41.7021
BLOCK08/SES081/SA081S13	SES129	-1.95879	-43.6609	-41.7021
BLOCK08/SES081/SA081S24	SES060	-1.0079	-42.8314	-41.8235
BLOCK08/SES081/SA081S24	SES068	-0.68716	-42.5107	-41.8235
BLOCK08/SES081/SA081S24	SES117	-2.06221	-43.8857	-41.8235
BLOCK08/SES081/SA081S24	SES275	-1.66674	-43.4903	-41.8235
BLOCK08/SES081/SA081S27	SES007	-1.16182	-43.3021	-42.1403
BLOCK08/SES081/SA081S27	SES060	-1.83814	-43.9785	-42.1403
BLOCK08/SES081/SA081S27	SES117	-0.952637	-43.093	-42.1403
BLOCK08/SES081/SA081S27	SES275	-1.62666	-43.767	-42.1403
BLOCK08/SES081/SA081S29	SES007	-1.43309	-43.015	-41.5819
BLOCK08/SES081/SA081S29	SES060	-1.01452	-42.5964	-41.5819
BLOCK08/SES081/SA081S29	SES117	-1.6956	-43.2775	-41.5819
BLOCK08/SES081/SA081S29	SES275	-2.00395	-43.5858	-41.5819
BLOCK08/SES086/SA086S11	SES029	-4.65151	-48.8057	-44.1542
BLOCK08/SES086/SA086S11	SES082	-1.91061	-46.0648	-44.1542
BLOCK08/SES086/SA086S11	SES087	-0.815796	-44.97	-44.1542
BLOCK08/SES086/SA086S11	SES206	-2.02463	-46.1788	-44.1542
BLOCK08/SES086/SA086S12	SES029	-4.77892	-48.4655	-43.6865
BLOCK08/SES086/SA086S12	SES082	-2.08393	-45.7705	-43.6865
BLOCK08/SES086/SA086S12	SES087	0.495674	-43.1909	-43.6865
BLOCK08/SES086/SA086S12	SES206	-1.19533	-44.8819	-43.6865
BLOCK08/SES086/SA086S20	SES029	-4.00108	-46.3298	-42.3288
BLOCK08/SES086/SA086S20	SES082	-1.97581	-44.3046	-42.3288
BLOCK08/SES086/SA086S20	SES087	0.53672	-41.792	-42.3288
BLOCK08/SES086/SA086S20	SES206	-0.312862	-42.6416	-42.3288
BLOCK08/SES086/SA086S24	SES087	-0.157555	-43.5242	-43.3666
BLOCK08/SES086/SA086S24	SES104	-1.16643	-44.5331	-43.3666
BLOCK08/SES086/SA086S24	SES120	-3.37581	-46.7425	-43.3666
BLOCK08/SES086/SA086S24	SES206	-0.433781	-43.8004	-43.3666
BLOCK08/SES086/SA086S28	SES029	-3.37052	-45.7131	-42.3426
BLOCK08/SES086/SA086S28	SES082	-1.88382	-44.2264	-42.3426
BLOCK08/SES086/SA086S28	SES087	-0.0834808	-42.426	-42.3426
BLOCK08/SES086/SA086S28	SES206	-0.635891	-42.9785	-42.3426
BLOCK08/SES089/SA089S13	SES087	-1.50446	-44.3857	-42.8812
BLOCK08/SES089/SA089S13	SES206	-1.41693	-44.2981	-42.8812
BLOCK08/SES089/SA089S13	SES226	-1.47095	-44.3522	-42.8812
BLOCK08/SES089/SA089S13	SES270	-2.08636	-44.9676	-42.8812
BLOCK08/SES089/SA089S14	SES062	-1.38368	-43.9278	-42.5441
BLOCK08/SES089/SA089S14	SES087	-0.137516	-42.6816	-42.5441
BLOCK08/SES089/SA089S14	SES206	-0.468605	-43.0127	-42.5441
BLOCK08/SES089/SA089S14	SES226	-0.750656	-43.2948	-42.5441
BLOCK08/SES089/SA089S23	SES087	-0.705944	-44.0012	-43.2953
BLOCK08/SES089/SA089S23	SES206	-0.663773	-43.959	-43.2953
BLOCK08/SES089/SA089S23	SES226	-1.15617	-44.4514	-43.2953
BLOCK08/SES089/SA089S23	SES270	-1.78052	-45.0758	-43.2953
BLOCK08/SES089/SA089S25	SES062	-2.24979	-44.864	-42.6142
BLOCK08/SES089/SA089S25	SES087	-0.274708	-42.8889	-42.6142
BLOCK08/SES089/SA089S25	SES206	-0.654411	-43.2686	-42.6142
BLOCK08/SES089/SA089S25	SES226	-0.710037	-43.3243	-42.6142
BLOCK08/SES089/SA089S28	SES062	-1.33416	-43.8426	-42.5085
BLOCK08/SES089/SA089S28	SES087	-0.478813	-42.9873	-42.5085
BLOCK08/SES089/SA089S28	SES206	-0.218079	-42.7265	-42.5085
BLOCK08/SES089/SA089S28	SES226	-0.960453	-43.4689	-42.5085
BLOCK09/SES097/SA097S11	SES099	0.0841827	-43.1288	-43.213
BLOCK09/SES097/SA097S11	SES125	-1.55826	-44.7713	-43.213
BLOCK09/SES097/SA097S11	SES206	-1.81449	-45.0275	-43.213
BLOCK09/SES097/SA097S11	SES226	-0.323765	-43.5368	-43.213
BLOCK09/SES097/SA097S14	SES062	-1.94239	-44.963	-43.0206
BLOCK09/SES097/SA097S14	SES099	-0.307514	-43.3282	-43.0206
BLOCK09/SES097/SA097S14	SES104	-0.999863	-44.0205	-43.0206
BLOCK09/SES097/SA097S14	SES206	-1.38163	-44.4023	-43.0206
BLOCK09/SES097/SA097S22	SES099	0.485474	-42.6247	-43.1102
BLOCK09/SES097/SA097S22	SES206	-1.0351	-44.1453	-43.1102
BLOCK09/SES097/SA097S22	SES226	-1.53032	-44.6405	-43.1102
BLOCK09/SES097/SA097S22	SES270	0.187798	-42.9224	-43.1102
BLOCK09/SES097/SA097S26	SES099	0.294743	-42.4809	-42.7757
BLOCK09/SES097/SA097S26	SES120	-2.17399	-44.9496	-42.7757
BLOCK09/SES097/SA097S26	SES206	-0.774902	-43.5506	-42.7757
BLOCK09/SES097/SA097S26	SES226	-1.21132	-43.987	-42.7757
BLOCK09/SES097/SA097S28	SES099	-0.369198	-43.3088	-42.9396
BLOCK09/SES097/SA097S28	SES120	-2.39792	-45.3375	-42.9396
BLOCK09/SES097/SA097S28	SES206	-1.71096	-44.6506	-42.9396
BLOCK09/SES097/SA097S28	SES226	-1.66733	-44.6069	-42.9396
BLOCK09/SES098/SA098S11	SES127	-2.54282	-45.9408	-43.3979
BLOCK09/SES098/SA098S11	SES144	-1.36945	-44.7674	-43.3979
BLOCK09/SES098/SA098S11	SES147	-0.843586	-44.2415	-43.3979
BLOCK09/SES098/SA098S11	SES148	-2.76672	-46.1647	-43.3979
BLOCK09/SES098/SA098S12	SES127	-3.33792	-47.9722	-44.6342
BLOCK09/SES098/SA098S12	SES144	-1.19218	-45.8264	-44.6342
BLOCK09/SES098/SA098S12	SES147	-1.697	-46.3312	-44.6342
BLOCK09/SES098/SA098S12	SES189	-1.31969	-45.9539	-44.6342
BLOCK09/SES098/SA098S20	SES127	-2.62822	-46.6026	-43.9744
BLOCK09/SES098/SA098S20	SES147	-1.81873	-45.7932	-43.9744
BLOCK09/SES098/SA098S20	SES148	-2.96474	-46.9392	-43.9744
BLOCK09/SES098/SA098S20	SES292	-3.60202	-47.5764	-43.9744
BLOCK09/SES098/SA098S23	SES127	-1.7212	-45.1861	-43.4649
BLOCK09/SES098/SA098S23	SES147	-1.10199	-44.5669	-43.4649
BLOCK09/SES098/SA098S23	SES187	-0.715679	-44.1805	-43.4649
BLOCK09/SES098/SA098S23	SES292	-1.90046	-45.3653	-43.4649
BLOCK09/SES098/SA098S27	SES127	-2.48307	-46.247	-43.764
BLOCK09/SES098/SA098S27	SES147	-2.327	-46.091	-43.764
BLOCK09/SES098/SA098S27	SES148	-3.29713	-47.0611	-43.764
BLOCK09/SES098/SA098S27	SES292	-2.87288	-46.6369	-43.764
BLOCK10/SES102/SA102S13	SES101	-0.743408	-44.4824	-43.739
BLOCK10/SES102/SA102S13	SES105	-1.95721	-45.6962	-43.739
BLOCK10/SES102/SA102S13	SES120	-1.44114	-45.1801	-43.739
BLOCK10/SES102/SA102S13	SES158	-5.39633	-49.1353	-43.739
BLOCK10/SES102/SA102S14	SES007	-0.55637	-42.4057	-41.8493
BLOCK10/SES102/SA102S14	SES101	-0.576622	-42.4259	-41.8493
BLOCK10/SES102/SA102S14	SES105	-0.886185	-42.7355	-41.8493
BLOCK10/SES102/SA102S14	SES147	-1.77966	-43.6289	-41.8493
BLOCK10/SES102/SA102S22	SES007	-1.59624	-43.8662	-42.27
BLOCK10/SES102/SA102S22	SES101	-0.642551	-42.9125	-42.27
BLOCK10/SES102/SA102S22	SES105	-0.658001	-42.928	-42.27
BLOCK10/SES102/SA102S22	SES158	-3.5239	-45.7939	-42.27
BLOCK10/SES102/SA102S25	SES007	-0.919411	-43.385	-42.4656
BLOCK10/SES102/SA102S25	SES101	-0.739338	-43.205	-42.4656
BLOCK10/SES102/SA102S25	SES105	-1.01378	-43.4794	-42.4656
BLOCK10/SES102/SA102S25	SES147	-2.42662	-44.8923	-42.4656
BLOCK10/SES102/SA102S27	SES007	-1.27787	-43.9954	-42.7176
BLOCK10/SES102/SA102S27	SES101	-0.823177	-43.5407	-42.7176
BLOCK10/SES102/SA102S27	SES105	-1.32764	-44.0452	-42.7176
BLOCK10/SES102/SA102S27	SES147	-1.57177	-44.2893	-42.7176
BLOCK10/SES103/SA103S14	SES105	-1.93304	-45.9667	-44.0337
BLOCK10/SES103/SA103S14	SES106	-0.719482	-44.7532	-44.0337
BLOCK10/SES103/SA103S14	SES120	-2.86125	-46.895	-44.0337
BLOCK10/SES103/SA103S14	SES206	-1.69164	-45.7253	-44.0337
BLOCK10/SES103/SA103S15	SES099	-0.709362	-45.2691	-44.5597
BLOCK10/SES103/SA103S15	SES101	-3.4784	-48.0381	-44.5597
BLOCK10/SES103/SA103S15	SES104	-1.12343	-45.6831	-44.5597
BLOCK10/SES103/SA103S15	SES125	-0.840115	-45.3998	-44.5597
BLOCK10/SES103/SA103S24	SES104	-0.97002	-44.3125	-43.3425
BLOCK10/SES103/SA103S24	SES125	-0.878544	-44.221	-43.3425
BLOCK10/SES103/SA103S24	SES148	-2.56996	-45.9124	-43.3425
BLOCK10/SES103/SA103S24	SES158	-0.412037	-43.7545	-43.3425
BLOCK10/SES103/SA103S26	SES104	-1.43036	-45.2227	-43.7924
BLOCK10/SES103/SA103S26	SES106	-0.602612	-44.395	-43.7924
BLOCK10/SES103/SA103S26	SES125	-1.25879	-45.0512	-43.7924
BLOCK10/SES103/SA103S26	SES148	-3.24674	-47.0391	-43.7924
BLOCK10/SES103/SA103S28	SES104	-1.70676	-45.5417	-43.835
BLOCK10/SES103/SA103S28	SES106	-0.764179	-44.5992	-43.835
BLOCK10/SES103/SA103S28	SES125	-1.9027	-45.7377	-43.835
BLOCK10/SES103/SA103S28	SES206	-2.30281	-46.1378	-43.835
BLOCK12/SES121/SA121S12	SES042	-1.77551	-46.4397	-44.6642
BLOCK12/SES121/SA121S12	SES087	-1.41265	-46.0768	-44.6642
BLOCK12/SES121/SA121S12	SES105	-1.05271	-45.7169	-44.6642
BLOCK12/SES121/SA121S12	SES206	-0.840698	-45.5049	-44.6642
BLOCK12/SES121/SA121S14	SES007	-3.11376	-48.2541	-45.1404
BLOCK12/SES121/SA121S14	SES105	-2.27676	-47.4171	-45.1404
BLOCK12/SES121/SA121S14	SES106	-1.21585	-46.3562	-45.1404
BLOCK12/SES121/SA121S14	SES206	-1.719	-46.8594	-45.1404
BLOCK12/SES121/SA121S23	SES105	-2.76941	-47.9768	-45.2074
BLOCK12/SES121/SA121S23	SES106	-0.857624	-46.065	-45.2074
BLOCK12/SES121/SA121S23	SES120	-3.18969	-48.3971	-45.2074
BLOCK12/SES121/SA121S23	SES206	-1.66451	-46.8719	-45.2074
BLOCK12/SES121/SA121S25	SES007	-2.66755	-48.5292	-45.8617
BLOCK12/SES121/SA121S25	SES105	-2.41039	-48.272	-45.8617
BLOCK12/SES121/SA121S25	SES106	-1.26831	-47.13	-45.8617
BLOCK12/SES121/SA121S25	SES206	-1.84622	-47.7079	-45.8617
BLOCK12/SES121/SA121S27	SES087	-0.333164	-44.8231	-44.49
BLOCK12/SES121/SA121S27	SES105	-3.47567	-47.9656	-44.49
BLOCK12/SES121/SA121S27	SES120	-2.2629	-46.7529	-44.49
BLOCK12/SES121/SA121S27	SES206	-0.982857	-45.4728	-44.49
BLOCK12/SES124/SA124S16	SES042	-0.242203	-42.8137	-42.5715
BLOCK12/SES124/SA124S16	SES082	-0.706738	-43.2783	-42.5715
BLOCK12/SES124/SA124S16	SES183	-3.04338	-45.6149	-42.5715
BLOCK12/SES124/SA124S16	SES206	-0.7873	-43.3588	-42.5715
BLOCK12/SES124/SA124S17	SES105	-2.2382	-45.9392	-43.701
BLOCK12/SES124/SA124S17	SES149	-1.69894	-45.4	-43.701
BLOCK12/SES124/SA124S17	SES158	-2.34986	-46.0509	-43.701
BLOCK12/SES124/SA124S17	SES275	-2.92699	-46.628	-43.701
BLOCK12/SES124/SA124S23	SES105	-1.97622	-43.307	-41.3308
BLOCK12/SES124/SA124S23	SES125	0.131218	-41.1996	-41.3308
BLOCK12/SES124/SA124S23	SES129	-3.38356	-44.7143	-41.3308
BLOCK12/SES124/SA124S23	SES158	-0.753399	-42.0842	-41.3308
BLOCK12/SES124/SA124S26	SES105	-2.57978	-44.8661	-42.2863
BLOCK12/SES124/SA124S26	SES125	-0.0528069	-42.3391	-42.2863
BLOCK12/SES124/SA124S26	SES129	-4.09986	-46.3861	-42.2863
BLOCK12/SES124/SA124S26	SES158	-0.85458	-43.1409	-42.2863
BLOCK12/SES124/SA124S28	SES104	-0.305939	-42.5122	-42.2063
BLOCK12/SES124/SA124S28	SES106	-0.42329	-42.6296	-42.2063
BLOCK12/SES124/SA124S28	SES125	-0.236599	-42.4429	-42.2063
BLOCK12/SES124/SA124S28	SES275	-2.68155	-44.8878	-42.2063
BLOCK12/SES126/SA126S13	SES007	-2.51044	-46.5859	-44.0754
BLOCK12/SES126/SA126S13	SES162	-1.9066	-45.982	-44.0754
BLOCK12/SES126/SA126S13	SES177	-1.2369	-45.3123	-44.0754
BLOCK12/SES126/SA126S13	SES180	-2.10196	-46.1774	-44.0754
BLOCK12/SES126/SA126S14	SES144	-1.16046	-43.7349	-42.5744
BLOCK12/SES126/SA126S14	SES148	-1.6488	-44.2232	-42.5744
BLOCK12/SES126/SA126S14	SES177	-0.685234	-43.2596	-42.5744
BLOCK12/SES126/SA126S14	SES180	-1.02868	-43.6031	-42.5744
BLOCK12/SES126/SA126S20	SES007	-1.51262	-44.5065	-42.9939
BLOCK12/SES126/SA126S20	SES162	-1.77838	-44.7723	-42.9939
BLOCK12/SES126/SA126S20	SES172	-3.22472	-46.2187	-42.9939
BLOCK12/SES126/SA126S20	SES180	-2.22113	-45.2151	-42.9939
BLOCK12/SES126/SA126S24	SES120	-1.06916	-43.477	-42.4079
BLOCK12/SES126/SA126S24	SES162	-1.47068	-43.8785	-42.4079
BLOCK12/SES126/SA126S24	SES177	-1.20049	-43.6083	-42.4079
BLOCK12/SES126/SA126S24	SES180	-1.00479	-43.4126	-42.4079
BLOCK12/SES126/SA126S26	SES120	-0.494164	-43.5985	-43.1043
BLOCK12/SES126/SA126S26	SES177	-1.58625	-44.6906	-43.1043
BLOCK12/SES126/SA126S26	SES180	-1.3786	-44.4829	-43.1043
BLOCK12/SES126/SA126S26	SES202	-2.09192	-45.1962	-43.1043
BLOCK12/SES128/SA128S10	SES087	-2.05877	-44.6758	-42.6171
BLOCK12/SES128/SA128S10	SES206	-1.33076	-43.9478	-42.6171
BLOCK12/SES128/SA128S10	SES226	-0.747604	-43.3647	-42.6171
BLOCK12/SES128/SA128S10	SES270	-0.679432	-43.2965	-42.6171
BLOCK12/SES128/SA128S12	SES120	-2.58067	-45.2438	-42.6632
BLOCK12/SES128/SA128S12	SES158	-1.24213	-43.9053	-42.6632
BLOCK12/SES128/SA128S12	SES206	-1.11843	-43.7816	-42.6632
BLOCK12/SES128/SA128S12	SES226	-1.22756	-43.8907	-42.6632
BLOCK12/SES128/SA128S21	SES106	-2.25112	-46.0849	-43.8338
BLOCK12/SES128/SA128S21	SES120	-2.30894	-46.1427	-43.8338
BLOCK12/SES128/SA128S21	SES206	-1.75835	-45.5921	-43.8338
BLOCK12/SES128/SA128S21	SES226	-1.41879	-45.2525	-43.8338
BLOCK12/SES128/SA128S24	SES087	-1.71992	-44.9129	-43.193
BLOCK12/SES128/SA128S24	SES120	-1.25159	-44.4445	-43.193
BLOCK12/SES128/SA128S24	SES206	-1.39227	-44.5852	-43.193
BLOCK12/SES128/SA128S24	SES226	-1.56291	-44.7559	-43.193
BLOCK12/SES128/SA128S27	SES099	-0.429749	-42.9386	-42.5088
BLOCK12/SES128/SA128S27	SES120	-1.58451	-44.0933	-42.5088
BLOCK12/SES128/SA128S27	SES206	-0.935844	-43.4447	-42.5088
BLOCK12/SES128/SA128S27	SES226	-0.789062	-43.2979	-42.5088
BLOCK13/SES130/SA130S13	SES143	-2.70779	-46.7864	-44.0786
BLOCK13/SES130/SA130S13	SES144	-0.617134	-44.6957	-44.0786
BLOCK13/SES130/SA130S13	SES146	-0.969059	-45.0477	-44.0786
BLOCK13/SES130/SA130S13	SES275	-2.93905	-47.0177	-44.0786
BLOCK13/SES130/SA130S15	SES143	-2.18161	-45.1442	-42.9626
BLOCK13/SES130/SA130S15	SES144	-0.756588	-43.7192	-42.9626
BLOCK13/SES130/SA130S15	SES146	-0.632492	-43.5951	-42.9626
BLOCK13/SES130/SA130S15	SES275	-1.34367	-44.3063	-42.9626
BLOCK13/SES130/SA130S23	SES127	-2.25678	-46.7025	-44.4457
BLOCK13/SES130/SA130S23	SES144	-1.52859	-45.9743	-44.4457
BLOCK13/SES130/SA130S23	SES146	-1.19483	-45.6405	-44.4457
BLOCK13/SES130/SA130S23	SES162	-1.02784	-45.4735	-44.4457
BLOCK13/SES130/SA130S25	SES127	-1.87058	-44.5532	-42.6826
BLOCK13/SES130/SA130S25	SES144	-0.776524	-43.4592	-42.6826
BLOCK13/SES130/SA130S25	SES146	-0.931625	-43.6143	-42.6826
BLOCK13/SES130/SA130S25	SES275	-0.721645	-43.4043	-42.6826
BLOCK13/SES130/SA130S28	SES127	-1.5085	-44.396	-42.8874
BLOCK13/SES130/SA130S28	SES144	-1.04491	-43.9324	-42.8874
BLOCK13/SES130/SA130S28	SES146	-1.06331	-43.9508	-42.8874
BLOCK13/SES130/SA130S28	SES275	-0.666424	-43.5539	-42.8874
BLOCK13/SES131/SA131S13	SES002	-1.8166	-46.7315	-44.9149
BLOCK13/SES131/SA131S13	SES007	-3.19293	-48.1078	-44.9149
BLOCK13/SES131/SA131S13	SES099	-1.44728	-46.3621	-44.9149
BLOCK13/SES131/SA131S13	SES105	-1.70028	-46.6151	-44.9149
BLOCK13/SES131/SA131S14	SES104	-0.852604	-44.0697	-43.2171
BLOCK13/SES131/SA131S14	SES106	-0.410301	-43.6274	-43.2171
BLOCK13/SES131/SA131S14	SES125	-1.34192	-44.559	-43.2171
BLOCK13/SES131/SA131S14	SES148	-2.29473	-45.5118	-43.2171
BLOCK13/SES131/SA131S20	SES104	-1.21903	-45.543	-44.3239
BLOCK13/SES131/SA131S20	SES106	-0.618904	-44.9428	-44.3239
BLOCK13/SES131/SA131S20	SES125	-1.42141	-45.7453	-44.3239
BLOCK13/SES131/SA131S20	SES148	-3.34949	-47.6734	-44.3239
BLOCK13/SES131/SA131S22	SES099	-0.898903	-44.5342	-43.6353
BLOCK13/SES131/SA131S22	SES104	-1.4255	-45.0608	-43.6353
BLOCK13/SES131/SA131S22	SES125	-1.44824	-45.0836	-43.6353
BLOCK13/SES131/SA131S22	SES206	-1.58323	-45.2186	-43.6353
BLOCK13/SES131/SA131S29	SES087	-1.34055	-45.586	-44.2454
BLOCK13/SES131/SA131S29	SES104	-1.73957	-45.985	-44.2454
BLOCK13/SES131/SA131S29	SES125	-1.80092	-46.0463	-44.2454
BLOCK13/SES131/SA131S29	SES206	-1.42265	-45.668	-44.2454
BLOCK13/SES132/SA132S11	SES083	-2.07472	-44.5043	-42.4296
BLOCK13/SES132/SA132S11	SES120	-0.126663	-42.5562	-42.4296
BLOCK13/SES132/SA132S11	SES127	-1.30604	-43.7356	-42.4296
BLOCK13/SES132/SA132S11	SES275	-1.30309	-43.7326	-42.4296
BLOCK13/SES132/SA132S12	SES083	-1.51396	-43.7243	-42.2103
BLOCK13/SES132/SA132S12	SES143	-1.66149	-43.8718	-42.2103
BLOCK13/SES132/SA132S12	SES144	-1.23289	-43.4432	-42.2103
BLOCK13/SES132/SA132S12	SES148	-1.36411	-43.5744	-42.2103
BLOCK13/SES132/SA132S22	SES062	-0.7365	-43.0633	-42.3268
BLOCK13/SES132/SA132S22	SES083	-1.26937	-43.5961	-42.3268
BLOCK13/SES132/SA132S22	SES127	-1.10529	-43.432	-42.3268
BLOCK13/SES132/SA132S22	SES275	-0.70882	-43.0356	-42.3268
BLOCK13/SES132/SA132S24	SES007	-0.25951	-42.3101	-42.0506
BLOCK13/SES132/SA132S24	SES083	-1.74232	-43.7929	-42.0506
BLOCK13/SES132/SA132S24	SES127	-1.71842	-43.769	-42.0506
BLOCK13/SES132/SA132S24	SES275	-0.87299	-42.9235	-42.0506
BLOCK13/SES132/SA132S27	SES083	-2.03593	-44.8145	-42.7785
BLOCK13/SES132/SA132S27	SES120	-0.318195	-43.0967	-42.7785
BLOCK13/SES132/SA132S27	SES127	-1.87783	-44.6564	-42.7785
BLOCK13/SES132/SA132S27	SES275	-1.62208	-44.4006	-42.7785
BLOCK14/SES141/SA141S09	SES143	-1.2172	-43.8659	-42.6487
BLOCK14/SES141/SA141S09	SES144	-0.895802	-43.5445	-42.6487
BLOCK14/SES141/SA141S09	SES162	-1.2822	-43.9309	-42.6487
BLOCK14/SES141/SA141S09	SES180	-1.18065	-43.8294	-42.6487
BLOCK14/SES141/SA141S15	SES127	-1.73526	-44.1931	-42.4578
BLOCK14/SES141/SA141S15	SES144	-1.3402	-43.798	-42.4578
BLOCK14/SES141/SA141S15	SES162	-1.23359	-43.6914	-42.4578
BLOCK14/SES141/SA141S15	SES180	-1.02614	-43.484	-42.4578
BLOCK14/SES141/SA141S24	SES127	-0.993397	-43.0295	-42.0361
BLOCK14/SES141/SA141S24	SES144	-1.39594	-43.4321	-42.0361
BLOCK14/SES141/SA141S24	SES162	-1.03979	-43.0759	-42.0361
BLOCK14/SES141/SA141S24	SES183	-1.70169	-43.7378	-42.0361
BLOCK14/SES141/SA141S26	SES142	-1.29596	-44.2724	-42.9764
BLOCK14/SES141/SA141S26	SES144	-1.19527	-44.1717	-42.9764
BLOCK14/SES141/SA141S26	SES172	-1.65343	-44.6299	-42.9764
BLOCK14/SES141/SA141S26	SES180	-1.17231	-44.1487	-42.9764
BLOCK14/SES141/SA141S29	SES127	-0.515766	-42.7961	-42.2804
BLOCK14/SES141/SA141S29	SES142	-0.294701	-42.5751	-42.2804
BLOCK14/SES141/SA141S29	SES144	-0.977489	-43.2578	-42.2804
BLOCK14/SES141/SA141S29	SES180	-0.879322	-43.1597	-42.2804
BLOCK15/SES157/SA157S08	SES083	-2.32682	-45.3979	-43.0711
BLOCK15/SES157/SA157S08	SES127	-1.92942	-45.0005	-43.0711
BLOCK15/SES157/SA157S08	SES148	-1.14656	-44.2177	-43.0711
BLOCK15/SES157/SA157S08	SES292	-1.81543	-44.8865	-43.0711
BLOCK15/SES157/SA157S11	SES083	-2.03094	-45.1092	-43.0782
BLOCK15/SES157/SA157S11	SES127	-2.05074	-45.129	-43.0782
BLOCK15/SES157/SA157S11	SES148	-1.29287	-44.3711	-43.0782
BLOCK15/SES157/SA157S11	SES292	-1.99512	-45.0734	-43.0782
BLOCK15/SES157/SA157S21	SES127	-1.6757	-44.1353	-42.4596
BLOCK15/SES157/SA157S21	SES148	-1.02468	-43.4843	-42.4596
BLOCK15/SES157/SA157S21	SES158	-4.45412	-46.9137	-42.4596
BLOCK15/SES157/SA157S21	SES292	-1.60096	-44.0605	-42.4596
BLOCK15/SES157/SA157S24	SES127	-1.37733	-44.2008	-42.8235
BLOCK15/SES157/SA157S24	SES148	-1.32054	-44.144	-42.8235
BLOCK15/SES157/SA157S24	SES183	-1.75522	-44.5787	-42.8235
BLOCK15/SES157/SA157S24	SES292	-1.47693	-44.3004	-42.8235
BLOCK15/SES157/SA157S26	SES007	-0.714226	-42.937	-42.2228
BLOCK15/SES157/SA157S26	SES127	-0.762989	-42.9858	-42.2228
BLOCK15/SES157/SA157S26	SES147	-2.16936	-44.3922	-42.2228
BLOCK15/SES157/SA157S26	SES148	-1.26865	-43.4915	-42.2228
BLOCK16/SES161/SA161S10	SES007	-2.3864	-46.4905	-44.1041
BLOCK16/SES161/SA161S10	SES105	-1.44361	-45.5477	-44.1041
BLOCK16/SES161/SA161S10	SES158	-1.68821	-45.7923	-44.1041
BLOCK16/SES161/SA161S10	SES275	-1.9879	-46.092	-44.1041
BLOCK16/SES161/SA161S12	SES007	-1.77859	-45.3675	-43.5889
BLOCK16/SES161/SA161S12	SES105	-2.02229	-45.6112	-43.5889
BLOCK16/SES161/SA161S12	SES158	-1.15556	-44.7445	-43.5889
BLOCK16/SES161/SA161S12	SES275	-1.9648	-45.5537	-43.5889
BLOCK16/SES161/SA161S20	SES007	-2.40585	-47.1284	-44.7225
BLOCK16/SES161/SA161S20	SES105	-1.94546	-46.668	-44.7225
BLOCK16/SES161/SA161S20	SES158	-1.40871	-46.1312	-44.7225
BLOCK16/SES161/SA161S20	SES275	-2.94308	-47.6656	-44.7225
BLOCK16/SES161/SA161S23	SES007	-2.14154	-45.6268	-43.4853
BLOCK16/SES161/SA161S23	SES105	-1.11728	-44.6026	-43.4853
BLOCK16/SES161/SA161S23	SES148	-2.06617	-45.5515	-43.4853
BLOCK16/SES161/SA161S23	SES158	-0.837097	-44.3224	-43.4853
BLOCK16/SES161/SA161S28	SES007	-3.1053	-46.8509	-43.7456
BLOCK16/SES161/SA161S28	SES105	-2.52499	-46.2706	-43.7456
BLOCK16/SES161/SA161S28	SES158	-0.8587	-44.6043	-43.7456
BLOCK16/SES161/SA161S28	SES206	-1.51559	-45.2612	-43.7456
BLOCK16/SES164/SA164S11	SES104	-1.18274	-43.9837	-42.801
BLOCK16/SES164/SA164S11	SES125	-0.55793	-43.3589	-42.801
BLOCK16/SES164/SA164S11	SES158	0.197601	-42.6034	-42.801
BLOCK16/SES164/SA164S11	SES206	-1.508	-44.309	-42.801
BLOCK16/SES164/SA164S13	SES099	-0.708355	-44.6511	-43.9428
BLOCK16/SES164/SA164S13	SES104	-1.21175	-45.1545	-43.9428
BLOCK16/SES164/SA164S13	SES125	-1.47318	-45.416	-43.9428
BLOCK16/SES164/SA164S13	SES206	-2.43236	-46.3751	-43.9428
BLOCK16/SES164/SA164S24	SES002	-0.163181	-43.5678	-43.4046
BLOCK16/SES164/SA164S24	SES099	-0.382973	-43.7876	-43.4046
BLOCK16/SES164/SA164S24	SES125	-1.18435	-44.589	-43.4046
BLOCK16/SES164/SA164S24	SES226	-0.519539	-43.9242	-43.4046
BLOCK16/SES164/SA164S27	SES087	-1.85002	-45.3434	-43.4934
BLOCK16/SES164/SA164S27	SES125	-1.10089	-44.5943	-43.4934
BLOCK16/SES164/SA164S27	SES206	-2.02667	-45.5201	-43.4934
BLOCK16/SES164/SA164S27	SES226	-0.872631	-44.366	-43.4934
BLOCK16/SES164/SA164S29	SES002	0.438084	-43.0473	-43.4854
BLOCK16/SES164/SA164S29	SES019	-0.756401	-44.2418	-43.4854
BLOCK16/SES164/SA164S29	SES125	-0.84584	-44.3312	-43.4854
BLOCK16/SES164/SA164S29	SES226	-1.0577	-44.5431	-43.4854
BLOCK16/SES169/SA169S13	SES117	-1.5554	-44.5051	-42.9497
BLOCK16/SES169/SA169S13	SES144	-1.04533	-43.995	-42.9497
BLOCK16/SES169/SA169S13	SES146	-1.43613	-44.3858	-42.9497
BLOCK16/SES169/SA169S13	SES162	-1.43568	-44.3854	-42.9497
BLOCK16/SES169/SA169S14	SES144	-1.01114	-43.131	-42.1199
BLOCK16/SES169/SA169S14	SES148	-1.31649	-43.4364	-42.1199
BLOCK16/SES169/SA169S14	SES177	-1.24088	-43.3608	-42.1199
BLOCK16/SES169/SA169S14	SES180	-1.87555	-43.9954	-42.1199
BLOCK16/SES169/SA169S24	SES117	-0.886059	-44.6	-43.714
BLOCK16/SES169/SA169S24	SES144	-0.752354	-44.4663	-43.714
BLOCK16/SES169/SA169S24	SES146	-1.16774	-44.8817	-43.714
BLOCK16/SES169/SA169S24	SES162	-1.15754	-44.8715	-43.714
BLOCK16/SES169/SA169S27	SES127	-1.35636	-44.0421	-42.6858
BLOCK16/SES169/SA169S27	SES129	-1.6368	-44.3226	-42.6858
BLOCK16/SES169/SA169S27	SES144	-1.26381	-43.9496	-42.6858
BLOCK16/SES169/SA169S27	SES146	-0.992657	-43.6784	-42.6858
BLOCK16/SES169/SA169S29	SES144	-0.608673	-42.8058	-42.1971
BLOCK16/SES169/SA169S29	SES162	-1.10455	-43.3017	-42.1971
BLOCK16/SES169/SA169S29	SES177	-1.85379	-44.0509	-42.1971
BLOCK16/SES169/SA169S29	SES180	-1.14623	-43.3434	-42.1971
BLOCK17/SES171/SA171S12	SES083	-1.28975	-44.887	-43.5972
BLOCK17/SES171/SA171S12	SES148	-1.76089	-45.3581	-43.5972
BLOCK17/SES171/SA171S12	SES172	-1.22668	-44.8239	-43.5972
BLOCK17/SES171/SA171S12	SES292	-2.26486	-45.8621	-43.5972
BLOCK17/SES171/SA171S15	SES148	-1.53782	-45.3907	-43.8529
BLOCK17/SES171/SA171S15	SES177	-1.39508	-45.248	-43.8529
BLOCK17/SES171/SA171S15	SES180	-2.99866	-46.8516	-43.8529
BLOCK17/SES171/SA171S15	SES292	-3.44702	-47.2999	-43.8529
BLOCK17/SES171/SA171S22	SES007	-1.52638	-44.3914	-42.8651
BLOCK17/SES171/SA171S22	SES148	-1.11258	-43.9776	-42.8651
BLOCK17/SES171/SA171S22	SES177	-0.49015	-43.3552	-42.8651
BLOCK17/SES171/SA171S22	SES180	-1.85264	-44.7177	-42.8651
BLOCK17/SES171/SA171S25	SES101	-2.41495	-46.0888	-43.6738
BLOCK17/SES171/SA171S25	SES120	-2.72954	-46.4034	-43.6738
BLOCK17/SES171/SA171S25	SES177	-1.17382	-44.8476	-43.6738
BLOCK17/SES171/SA171S25	SES180	-2.44447	-46.1183	-43.6738
BLOCK17/SES171/SA171S27	SES177	-0.893208	-44.1144	-43.2212
BLOCK17/SES171/SA171S27	SES180	-2.62182	-45.843	-43.2212
BLOCK17/SES171/SA171S27	SES189	-1.19025	-44.4114	-43.2212
BLOCK17/SES171/SA171S27	SES292	-2.59871	-45.8199	-43.2212
BLOCK17/SES173/SA173S13	SES162	-2.11185	-46.1151	-44.0033
BLOCK17/SES173/SA173S13	SES177	-2.04984	-46.0531	-44.0033
BLOCK17/SES173/SA173S13	SES180	-2.65321	-46.6565	-44.0033
BLOCK17/SES173/SA173S13	SES292	-1.2761	-45.2794	-44.0033
BLOCK17/SES173/SA173S14	SES007	-1.90756	-46.0485	-44.1409
BLOCK17/SES173/SA173S14	SES162	-1.95875	-46.0997	-44.1409
BLOCK17/SES173/SA173S14	SES177	-1.48302	-45.6239	-44.1409
BLOCK17/SES173/SA173S14	SES180	-2.70775	-46.8487	-44.1409
BLOCK17/SES173/SA173S24	SES144	-1.32418	-45.8155	-44.4914
BLOCK17/SES173/SA173S24	SES162	-2.03916	-46.5305	-44.4914
BLOCK17/SES173/SA173S24	SES177	-1.87703	-46.3684	-44.4914
BLOCK17/SES173/SA173S24	SES180	-2.77633	-47.2677	-44.4914
BLOCK17/SES173/SA173S27	SES162	-2.53956	-46.6462	-44.1067
BLOCK17/SES173/SA173S27	SES177	-1.87489	-45.9816	-44.1067
BLOCK17/SES173/SA173S27	SES180	-2.82248	-46.9292	-44.1067
BLOCK17/SES173/SA173S27	SES292	-1.70879	-45.8155	-44.1067
BLOCK17/SES173/SA173S29	SES162	-1.94233	-45.577	-43.6346
BLOCK17/SES173/SA173S29	SES175	-1.22498	-44.8596	-43.6346
BLOCK17/SES173/SA173S29	SES177	-2.12247	-45.7571	-43.6346
BLOCK17/SES173/SA173S29	SES292	-2.69703	-46.3316	-43.6346
BLOCK18/SES182/SA182S10	SES144	-1.43032	-44.1756	-42.7452
BLOCK18/SES182/SA182S10	SES177	-1.13363	-43.8789	-42.7452
BLOCK18/SES182/SA182S10	SES180	-2.0845	-44.8297	-42.7452
BLOCK18/SES182/SA182S10	SES275	-0.538467	-43.2837	-42.7452
BLOCK18/SES182/SA182S12	SES144	-0.408817	-42.9725	-42.5637
BLOCK18/SES182/SA182S12	SES177	-0.599274	-43.163	-42.5637
BLOCK18/SES182/SA182S12	SES180	-1.09554	-43.6592	-42.5637
BLOCK18/SES182/SA182S12	SES275	-0.50354	-43.0673	-42.5637
BLOCK18/SES182/SA182S21	SES117	-1.88888	-45.2833	-43.3944
BLOCK18/SES182/SA182S21	SES144	-1.4582	-44.8526	-43.3944
BLOCK18/SES182/SA182S21	SES162	-0.894352	-44.2887	-43.3944
BLOCK18/SES182/SA182S21	SES180	-1.72949	-45.1239	-43.3944
BLOCK18/SES182/SA182S23	SES117	-1.48005	-44.7919	-43.3118
BLOCK18/SES182/SA182S23	SES144	-1.40493	-44.7168	-43.3118
BLOCK18/SES182/SA182S23	SES180	-1.74676	-45.0586	-43.3118
BLOCK18/SES182/SA182S23	SES275	-0.366817	-43.6786	-43.3118
BLOCK18/SES182/SA182S25	SES007	-0.702904	-43.6792	-42.9762
BLOCK18/SES182/SA182S25	SES162	-1.01643	-43.9927	-42.9762
BLOCK18/SES182/SA182S25	SES177	-1.03197	-44.0082	-42.9762
BLOCK18/SES182/SA182S25	SES180	-1.53469	-44.5109	-42.9762
BLOCK18/SES184/SA184S12	SES177	-1.494	-44.4774	-42.9834
BLOCK18/SES184/SA184S12	SES180	-1.59724	-44.5806	-42.9834
BLOCK18/SES184/SA184S12	SES189	-2.17722	-45.1606	-42.9834
BLOCK18/SES184/SA184S12	SES292	-1.5834	-44.5668	-42.9834
BLOCK18/SES184/SA184S13	SES101	-2.18806	-44.7832	-42.5952
BLOCK18/SES184/SA184S13	SES177	-1.25636	-43.8515	-42.5952
BLOCK18/SES184/SA184S13	SES180	-1.60925	-44.2044	-42.5952
BLOCK18/SES184/SA184S13	SES292	-1.8217	-44.4169	-42.5952
BLOCK18/SES184/SA184S22	SES177	-1.53515	-43.4822	-41.9471
BLOCK18/SES184/SA184S22	SES180	-1.45621	-43.4033	-41.9471
BLOCK18/SES184/SA184S22	SES189	-2.68067	-44.6278	-41.9471
BLOCK18/SES184/SA184S22	SES292	-1.65787	-43.605	-41.9471
BLOCK18/SES184/SA184S25	SES101	-1.21846	-42.8593	-41.6408
BLOCK18/SES184/SA184S25	SES177	-1.56357	-43.2044	-41.6408
BLOCK18/SES184/SA184S25	SES180	-1.13118	-42.772	-41.6408
BLOCK18/SES184/SA184S25	SES292	-1.15434	-42.7952	-41.6408
BLOCK18/SES184/SA184S27	SES083	-1.5054	-44.0439	-42.5385
BLOCK18/SES184/SA184S27	SES177	-1.18756	-43.726	-42.5385
BLOCK18/SES184/SA184S27	SES202	-1.76873	-44.3072	-42.5385
BLOCK18/SES184/SA184S27	SES292	-1.30988	-43.8483	-42.5385
BLOCK20/SES204/SA204S12	SES062	-1.62252	-43.7553	-42.1328
BLOCK20/SES204/SA204S12	SES083	-2.22086	-44.3536	-42.1328
BLOCK20/SES204/SA204S12	SES206	-0.704437	-42.8372	-42.1328
BLOCK20/SES204/SA204S12	SES226	-1.78548	-43.9183	-42.1328
BLOCK20/SES204/SA204S14	SES068	-2.67322	-44.1202	-41.447
BLOCK20/SES204/SA204S14	SES087	-0.495125	-41.9421	-41.447
BLOCK20/SES204/SA204S14	SES206	-1.08372	-42.5307	-41.447
BLOCK20/SES204/SA204S14	SES226	-1.68683	-43.1338	-41.447
BLOCK20/SES204/SA204S22	SES068	-3.29089	-45.4406	-42.1497
BLOCK20/SES204/SA204S22	SES082	-2.71888	-44.8686	-42.1497
BLOCK20/SES204/SA204S22	SES083	-2.85198	-45.0017	-42.1497
BLOCK20/SES204/SA204S22	SES206	-1.15355	-43.3033	-42.1497
BLOCK20/SES204/SA204S25	SES062	-2.23135	-44.7743	-42.5429
BLOCK20/SES204/SA204S25	SES083	-2.61261	-45.1555	-42.5429
BLOCK20/SES204/SA204S25	SES206	-0.65134	-43.1943	-42.5429
BLOCK20/SES204/SA204S25	SES226	-1.67081	-44.2137	-42.5429
BLOCK20/SES204/SA204S27	SES068	-3.48546	-46.0596	-42.5742
BLOCK20/SES204/SA204S27	SES082	-1.9425	-44.5167	-42.5742
BLOCK20/SES204/SA204S27	SES087	-0.905167	-43.4793	-42.5742
BLOCK20/SES204/SA204S27	SES206	-0.953941	-43.5281	-42.5742
BLOCK20/SES207/SA207S10	SES127	-1.3249	-44.4099	-43.085
BLOCK20/SES207/SA207S10	SES183	-1.6114	-44.6964	-43.085
BLOCK20/SES207/SA207S10	SES189	-1.44035	-44.5254	-43.085
BLOCK20/SES207/SA207S10	SES292	-1.40306	-44.4881	-43.085
BLOCK20/SES207/SA207S11	SES127	-2.55154	-45.6945	-43.143
BLOCK20/SES207/SA207S11	SES183	-2.18073	-45.3237	-43.143
BLOCK20/SES207/SA207S11	SES187	-0.828056	-43.9711	-43.143
BLOCK20/SES207/SA207S11	SES292	-1.88954	-45.0325	-43.143
BLOCK20/SES207/SA207S25	SES068	-1.4536	-44.4759	-43.0223
BLOCK20/SES207/SA207S25	SES083	-2.44966	-45.472	-43.0223
BLOCK20/SES207/SA207S25	SES127	-1.21246	-44.2348	-43.0223
BLOCK20/SES207/SA207S25	SES187	-0.774418	-43.7968	-43.0223
BLOCK20/SES207/SA207S27	SES127	-1.74062	-45.3208	-43.5802
BLOCK20/SES207/SA207S27	SES183	-1.15761	-44.7378	-43.5802
BLOCK20/SES207/SA207S27	SES187	-1.04289	-44.6231	-43.5802
BLOCK20/SES207/SA207S27	SES292	-1.7173	-45.2975	-43.5802
BLOCK20/SES207/SA207S29	SES083	-2.02806	-44.9839	-42.9558
BLOCK20/SES207/SA207S29	SES085	-0.965736	-43.9216	-42.9558
BLOCK20/SES207/SA207S29	SES172	-1.47707	-44.4329	-42.9558
BLOCK20/SES207/SA207S29	SES189	-1.84127	-44.7971	-42.9558
BLOCK22/SES221/SA221S12	SES068	-1.75972	-44.4099	-42.6502
BLOCK22/SES221/SA221S12	SES143	-1.98618	-44.6364	-42.6502
BLOCK22/SES221/SA221S12	SES175	-0.503143	-43.1533	-42.6502
BLOCK22/SES221/SA221S12	SES202	-0.77203	-43.4222	-42.6502
BLOCK22/SES221/SA221S15	SES085	-2.43269	-46.2605	-43.8278
BLOCK22/SES221/SA221S15	SES143	-2.77914	-46.607	-43.8278
BLOCK22/SES221/SA221S15	SES175	-1.25709	-45.0849	-43.8278
BLOCK22/SES221/SA221S15	SES187	-1.29055	-45.1184	-43.8278
BLOCK22/SES221/SA221S23	SES068	-1.89994	-44.7602	-42.8603
BLOCK22/SES221/SA221S23	SES143	-2.94539	-45.8057	-42.8603
BLOCK22/SES221/SA221S23	SES175	-0.960232	-43.8205	-42.8603
BLOCK22/SES221/SA221S23	SES189	-0.584068	-43.4444	-42.8603
BLOCK22/SES221/SA221S27	SES085	-2.69067	-45.5842	-42.8935
BLOCK22/SES221/SA221S27	SES143	-2.16267	-45.0562	-42.8935
BLOCK22/SES221/SA221S27	SES175	-1.39003	-44.2835	-42.8935
BLOCK22/SES221/SA221S27	SES189	0.00687408	-42.8866	-42.8935
BLOCK22/SES221/SA221S29	SES085	-3.66301	-47.4249	-43.7619
BLOCK22/SES221/SA221S29	SES143	-2.77749	-46.5394	-43.7619
BLOCK22/SES221/SA221S29	SES175	-0.999088	-44.761	-43.7619
BLOCK22/SES221/SA221S29	SES187	-0.758087	-44.52	-43.7619
BLOCK22/SES223/SA223S11	SES143	-1.59948	-45.2073	-43.6078
BLOCK22/SES223/SA223S11	SES144	-2.38903	-45.9969	-43.6078
BLOCK22/SES223/SA223S11	SES175	-1.07666	-44.6845	-43.6078
BLOCK22/SES223/SA223S11	SES187	-1.58082	-45.1887	-43.6078
BLOCK22/SES223/SA223S13	SES068	-1.62112	-46.3674	-44.7463
BLOCK22/SES223/SA223S13	SES143	-2.37828	-47.1246	-44.7463
BLOCK22/SES223/SA223S13	SES146	-2.76387	-47.5102	-44.7463
BLOCK22/SES223/SA223S13	SES202	-2.0485	-46.7948	-44.7463
BLOCK22/SES223/SA223S22	SES143	-1.44579	-45.1284	-43.6826
BLOCK22/SES223/SA223S22	SES144	-2.16071	-45.8433	-43.6826
BLOCK22/SES223/SA223S22	SES175	-0.974575	-44.6571	-43.6826
BLOCK22/SES223/SA223S22	SES187	-1.33706	-45.0196	-43.6826
BLOCK22/SES223/SA223S25	SES068	-1.44993	-44.8993	-43.4494
BLOCK22/SES223/SA223S25	SES143	-1.79937	-45.2487	-43.4494
BLOCK22/SES223/SA223S25	SES175	-1.15629	-44.6056	-43.4494
BLOCK22/SES223/SA223S25	SES187	-1.24252	-44.6919	-43.4494
BLOCK22/SES223/SA223S27	SES143	-1.08407	-45.2453	-44.1612
BLOCK22/SES223/SA223S27	SES146	-1.28059	-45.4418	-44.1612
BLOCK22/SES223/SA223S27	SES187	-1.30384	-45.465	-44.1612
BLOCK22/SES223/SA223S27	SES292	-2.2044	-46.3656	-44.1612
BLOCK27/SES273/SA273S12	SES099	-0.157478	-41.8078	-41.6504
BLOCK27/SES273/SA273S12	SES104	-0.512623	-42.163	-41.6504
BLOCK27/SES273/SA273S12	SES125	-0.734524	-42.3849	-41.6504
BLOCK27/SES273/SA273S12	SES206	-0.258949	-41.9093	-41.6504
BLOCK27/SES273/SA273S13	SES099	-0.274601	-41.7849	-41.5103
BLOCK27/SES273/SA273S13	SES104	-0.563953	-42.0743	-41.5103
BLOCK27/SES273/SA273S13	SES206	-0.507671	-42.018	-41.5103
BLOCK27/SES273/SA273S13	SES292	-2.72408	-44.2344	-41.5103
BLOCK27/SES273/SA273S21	SES099	-0.0536652	-41.9489	-41.8952
BLOCK27/SES273/SA273S21	SES148	-2.87573	-44.771	-41.8952
BLOCK27/SES273/SA273S21	SES149	-0.615017	-42.5102	-41.8952
BLOCK27/SES273/SA273S21	SES177	-3.06158	-44.9568	-41.8952
BLOCK27/SES273/SA273S25	SES104	-0.837898	-42.7271	-41.8892
BLOCK27/SES273/SA273S25	SES125	-1.06804	-42.9572	-41.8892
BLOCK27/SES273/SA273S25	SES158	-0.191101	-42.0803	-41.8892
BLOCK27/SES273/SA273S25	SES206	-0.22488	-42.1141	-41.8892
BLOCK27/SES273/SA273S27	SES099	-0.367386	-41.962	-41.5946
BLOCK27/SES273/SA273S27	SES104	-0.693623	-42.2882	-41.5946
BLOCK27/SES273/SA273S27	SES149	-0.724087	-42.3187	-41.5946
BLOCK27/SES273/SA273S27	SES275	-1.76226	-43.3569	-41.5946
BLOCK27/SES274/SA274S10	SES105	-1.03595	-42.769	-41.733
BLOCK27/SES274/SA274S10	SES125	-0.843182	-42.5762	-41.733
BLOCK27/SES274/SA274S10	SES129	-0.736889	-42.4699	-41.733
BLOCK27/SES274/SA274S10	SES158	-1.61974	-43.3528	-41.733
BLOCK27/SES274/SA274S11	SES105	-1.17611	-43.0209	-41.8448
BLOCK27/SES274/SA274S11	SES149	-0.737808	-42.5826	-41.8448
BLOCK27/SES274/SA274S11	SES158	-0.960487	-42.8053	-41.8448
BLOCK27/SES274/SA274S11	SES275	-1.22756	-43.0723	-41.8448
BLOCK27/SES274/SA274S21	SES105	-0.935524	-43.2169	-42.2813
BLOCK27/SES274/SA274S21	SES129	-0.855564	-43.1369	-42.2813
BLOCK27/SES274/SA274S21	SES149	-0.677898	-42.9592	-42.2813
BLOCK27/SES274/SA274S21	SES158	-1.87781	-44.1591	-42.2813
BLOCK27/SES274/SA274S24	SES105	-0.89706	-43.3005	-42.4034
BLOCK27/SES274/SA274S24	SES129	-1.64917	-44.0526	-42.4034
BLOCK27/SES274/SA274S24	SES149	-0.549545	-42.9529	-42.4034
BLOCK27/SES274/SA274S24	SES158	-1.79999	-44.2034	-42.4034
BLOCK27/SES274/SA274S29	SES105	-1.48566	-43.447	-41.9613
BLOCK27/SES274/SA274S29	SES106	-1.93327	-43.8946	-41.9613
BLOCK27/SES274/SA274S29	SES120	-2.19158	-44.1529	-41.9613
BLOCK27/SES274/SA274S29	SES275	-1.04763	-43.009	-41.9613
BLOCK27/SES276/SA276S16	SES148	-1.63697	-44.4497	-42.8127
BLOCK27/SES276/SA276S16	SES172	-1.94241	-44.7551	-42.8127
BLOCK27/SES276/SA276S16	SES180	-2.47942	-45.2921	-42.8127
BLOCK27/SES276/SA276S16	SES292	-1.32447	-44.1371	-42.8127
BLOCK27/SES276/SA276S17	SES101	-2.17056	-44.982	-42.8115
BLOCK27/SES276/SA276S17	SES177	-1.58035	-44.3918	-42.8115
BLOCK27/SES276/SA276S17	SES180	-1.72906	-44.5405	-42.8115
BLOCK27/SES276/SA276S17	SES292	-1.80514	-44.6166	-42.8115
BLOCK27/SES276/SA276S24	SES101	-1.27949	-43.0808	-41.8013
BLOCK27/SES276/SA276S24	SES177	-1.63349	-43.4348	-41.8013
BLOCK27/SES276/SA276S24	SES180	-1.62144	-43.4227	-41.8013
BLOCK27/SES276/SA276S24	SES292	-2.18969	-43.991	-41.8013
BLOCK27/SES276/SA276S26	SES101	-2.53877	-44.6303	-42.0915
BLOCK27/SES276/SA276S26	SES177	-1.36628	-43.4578	-42.0915
BLOCK27/SES276/SA276S26	SES180	-1.26688	-43.3584	-42.0915
BLOCK27/SES276/SA276S26	SES292	-1.09763	-43.1891	-42.0915
BLOCK27/SES276/SA276S28	SES101	-1.91491	-44.1716	-42.2567
BLOCK27/SES276/SA276S28	SES177	-1.75266	-44.0093	-42.2567
BLOCK27/SES276/SA276S28	SES180	-1.0359	-43.2926	-42.2567
BLOCK27/SES276/SA276S28	SES292	-2.11544	-44.3721	-42.2567
BLOCK27/SES277/SA277S12	SES101	-0.839149	-43.8926	-43.0534
BLOCK27/SES277/SA277S12	SES177	-1.35895	-44.4124	-43.0534
BLOCK27/SES277/SA277S12	SES180	-1.97211	-45.0255	-43.0534
BLOCK27/SES277/SA277S12	SES292	-2.6274	-45.6808	-43.0534
BLOCK27/SES277/SA277S14	SES177	-1.41332	-44.9878	-43.5745
BLOCK27/SES277/SA277S14	SES180	-2.35423	-45.9287	-43.5745
BLOCK27/SES277/SA277S14	SES189	-1.26302	-44.8375	-43.5745
BLOCK27/SES277/SA277S14	SES292	-3.20604	-46.7805	-43.5745
BLOCK27/SES277/SA277S21	SES177	-0.771675	-43.3902	-42.6185
BLOCK27/SES277/SA277S21	SES180	-2.12381	-44.7423	-42.6185
BLOCK27/SES277/SA277S21	SES189	-1.03985	-43.6584	-42.6185
BLOCK27/SES277/SA277S21	SES292	-2.95399	-45.5725	-42.6185
BLOCK27/SES277/SA277S24	SES144	-1.67218	-45.2734	-43.6012
BLOCK27/SES277/SA277S24	SES177	-0.999866	-44.6011	-43.6012
BLOCK27/SES277/SA277S24	SES180	-2.44512	-46.0463	-43.6012
BLOCK27/SES277/SA277S24	SES189	-1.61993	-45.2211	-43.6012
BLOCK27/SES277/SA277S29	SES177	-1.18264	-42.7309	-41.5483
BLOCK27/SES277/SA277S29	SES180	-1.32265	-42.8709	-41.5483
BLOCK27/SES277/SA277S29	SES202	-1.25422	-42.8025	-41.5483
BLOCK27/SES277/SA277S29	SES292	-2.24863	-43.7969	-41.5483
BLOCK27/SES279/SA279S09	SES120	-1.49152	-43.794	-42.3025
BLOCK27/SES279/SA279S09	SES146	-1.38111	-43.6836	-42.3025
BLOCK27/SES279/SA279S09	SES206	-1.93815	-44.2407	-42.3025
BLOCK27/SES279/SA279S09	SES226	-1.8904	-44.1929	-42.3025
BLOCK27/SES279/SA279S10	SES099	-0.721287	-42.9334	-42.2122
BLOCK27/SES279/SA279S10	SES206	-1.14974	-43.3619	-42.2122
BLOCK27/SES279/SA279S10	SES226	-1.58144	-43.7936	-42.2122
BLOCK27/SES279/SA279S10	SES292	-1.43145	-43.6436	-42.2122
BLOCK27/SES279/SA279S20	SES099	-1.51022	-44.3172	-42.8069
BLOCK27/SES279/SA279S20	SES206	-1.09552	-43.9025	-42.8069
BLOCK27/SES279/SA279S20	SES226	-1.92434	-44.7313	-42.8069
BLOCK27/SES279/SA279S20	SES292	-0.903057	-43.71	-42.8069
BLOCK27/SES279/SA279S26	SES099	-1.33971	-43.8539	-42.5142
BLOCK27/SES279/SA279S26	SES206	-0.777203	-43.2914	-42.5142
BLOCK27/SES279/SA279S26	SES226	-1.03617	-43.5504	-42.5142
BLOCK27/SES279/SA279S26	SES292	-1.57885	-44.093	-42.5142
BLOCK27/SES279/SA279S28	SES099	-1.47633	-42.6021	-41.1258
BLOCK27/SES279/SA279S28	SES120	-1.26534	-42.3912	-41.1258
BLOCK27/SES279/SA279S28	SES177	-2.62157	-43.7474	-41.1258
BLOCK27/SES279/SA279S28	SES206	-1.81504	-42.9408	-41.1258
BLOCK29/SES290/SA290S12	SES162	-1.41063	-43.4047	-41.9941
BLOCK29/SES290/SA290S12	SES177	-1.51097	-43.505	-41.9941
BLOCK29/SES290/SA290S12	SES180	-2.16331	-44.1574	-41.9941
BLOCK29/SES290/SA290S12	SES292	-2.40568	-44.3997	-41.9941
BLOCK29/SES290/SA290S13	SES007	-2.67804	-45.3112	-42.6331
BLOCK29/SES290/SA290S13	SES162	-2.247	-44.8801	-42.6331
BLOCK29/SES290/SA290S13	SES177	-1.21519	-43.8483	-42.6331
BLOCK29/SES290/SA290S13	SES180	-1.44127	-44.0744	-42.6331
BLOCK29/SES290/SA290S22	SES177	-1.26403	-43.3642	-42.1001
BLOCK29/SES290/SA290S22	SES180	-1.34223	-43.4424	-42.1001
BLOCK29/SES290/SA290S22	SES202	-1.38886	-43.489	-42.1001
BLOCK29/SES290/SA290S22	SES292	-2.2623	-44.3624	-42.1001
BLOCK29/SES290/SA290S25	SES162	-1.34715	-43.4162	-42.0691
BLOCK29/SES290/SA290S25	SES177	-0.899235	-42.9683	-42.0691
BLOCK29/SES290/SA290S25	SES180	-1.189	-43.2581	-42.0691
BLOCK29/SES290/SA290S25	SES292	-1.79126	-43.8603	-42.0691
BLOCK29/SES290/SA290S29	SES177	-0.422699	-42.4007	-41.978
BLOCK29/SES290/SA290S29	SES180	-0.832787	-42.8107	-41.978
BLOCK29/SES290/SA290S29	SES275	-1.64049	-43.6185	-41.978
BLOCK29/SES290/SA290S29	SES292	-1.15315	-43.1311	-41.978
BLOCK29/SES291/SA291S11	SES105	-2.79741	-45.7947	-42.9973
BLOCK29/SES291/SA291S11	SES125	-1.16811	-44.1654	-42.9973
BLOCK29/SES291/SA291S11	SES158	-0.972691	-43.9699	-42.9973
BLOCK29/SES291/SA291S11	SES275	-3.51935	-46.5166	-42.9973
BLOCK29/SES291/SA291S12	SES158	0.0842628	-42.619	-42.7033
BLOCK29/SES291/SA291S12	SES226	-0.974106	-43.6774	-42.7033
BLOCK29/SES291/SA291S12	SES270	0.167427	-42.5359	-42.7033
BLOCK29/SES291/SA291S12	SES275	-4.01635	-46.7197	-42.7033
BLOCK29/SES291/SA291S22	SES082	-0.927246	-43.5103	-42.583
BLOCK29/SES291/SA291S22	SES158	-0.583855	-43.1669	-42.583
BLOCK29/SES291/SA291S22	SES259	-1.20113	-43.7842	-42.583
BLOCK29/SES291/SA291S22	SES275	-3.22032	-45.8034	-42.583
BLOCK29/SES291/SA291S24	SES104	-0.311775	-41.9172	-41.6055
BLOCK29/SES291/SA291S24	SES125	-0.181835	-41.7873	-41.6055
BLOCK29/SES291/SA291S24	SES158	-0.422943	-42.0284	-41.6055
BLOCK29/SES291/SA291S24	SES275	-3.48174	-45.0872	-41.6055
BLOCK29/SES291/SA291S27	SES158	-0.0692024	-41.8886	-41.8194
BLOCK29/SES291/SA291S27	SES172	-4.95801	-46.7774	-41.8194
BLOCK29/SES291/SA291S27	SES275	-3.83188	-45.6513	-41.8194
BLOCK29/SES291/SA291S27	SES292	-2.97593	-44.7953	-41.8194
