BLOCK00/SES002/SA002S12	SES002	-0.303852	-50.8679	-50.5641
BLOCK00/SES002/SA002S13	SES002	0.359596	-51.4143	-51.7739
BLOCK00/SES002/SA002S23	SES002	-0.270081	-51.2403	-50.9702
BLOCK00/SES002/SA002S26	SES002	0.0747757	-50.6531	-50.7279
BLOCK00/SES002/SA002S28	SES002	0.295753	-50.7486	-51.0444
BLOCK00/SES007/SA007S14	SES007	0.543785	-49.7147	-50.2584
BLOCK00/SES007/SA007S15	SES007	-0.110497	-51.78	-51.6695
BLOCK00/SES007/SA007S24	SES007	0.334114	-50.0944	-50.4286
BLOCK00/SES007/SA007S27	SES007	0.128258	-53.4046	-53.5329
BLOCK00/SES007/SA007S29	SES007	-0.660934	-52.1958	-51.5349
BLOCK00/SES008/SA008S11	SES008	0.71632	-53.9952	-54.7115
BLOCK00/SES008/SA008S12	SES008	0.139496	-53.8488	-53.9883
BLOCK00/SES008/SA008S19	SES008	0.443466	-54.7688	-55.2123
BLOCK00/SES008/SA008S22	SES008	-0.0191383	-53.6543	-53.6351
BLOCK00/SES008/SA008S29	SES008	0.917255	-53.5699	-54.4871
BLOCK01/SES014/SA014S10	SES014	0.248619	-53.1826	-53.4313
BLOCK01/SES014/SA014S12	SES014	0.834274	-50.8346	-51.6688
BLOCK01/SES014/SA014S24	SES014	0.576004	-50.6693	-51.2453
BLOCK01/SES014/SA014S26	SES014	1.27714	-49.4063	-50.6834
BLOCK01/SES014/SA014S28	SES014	0.570278	-52.5351	-53.1054
BLOCK01/SES016/SA016S12	SES016	-0.570732	-56.71	-56.1392
BLOCK01/SES016/SA016S13	SES016	-0.158791	-52.973	-52.8142
BLOCK01/SES016/SA016S22	SES016	-0.277401	-52.7121	-52.4347
BLOCK01/SES016/SA016S25	SES016	0.173325	-49.8446	-50.0179
BLOCK01/SES016/SA016S27	SES016	1.022	-50.2005	-51.2225
BLOCK01/SES019/SA019S13	SES019	0.0882759	-51.9412	-52.0294
BLOCK01/SES019/SA019S14	SES019	-0.240421	-54.7466	-54.5062
BLOCK01/SES019/SA019S22	SES019	0.38512	-51.5796	-51.9647
BLOCK01/SES019/SA019S25	SES019	0.627682	-52.6024	-53.23
BLOCK01/SES019/SA019S29	SES019	0.739632	-53.1596	-53.8992
BLOCK02/SES029/SA029S11	SES029	-0.472507	-52.6293	-52.1568
BLOCK02/SES029/SA029S12	SES029	-0.0341034	-50.6181	-50.584
BLOCK02/SES029/SA029S20	SES029	-0.404961	-53.9344	-53.5294
BLOCK02/SES029/SA029S25	SES029	-0.0847702	-51.9899	-51.9051
BLOCK02/SES029/SA029S28	SES029	-0.389492	-52.9978	-52.6083
BLOCK04/SES042/SA042S12	SES042	0.933708	-51.1685	-52.1022
BLOCK04/SES042/SA042S15	SES042	1.22923	-48.2932	-49.5225
BLOCK04/SES042/SA042S22	SES042	1.978	-47.3332	-49.3112
BLOCK04/SES042/SA042S25	SES042	1.38375	-50.7206	-52.1044
BLOCK04/SES042/SA042S27	SES042	2.09801	-47.6884	-49.7864
BLOCK04/SES048/SA048S11	SES048	0.00287247	-50.5089	-50.5118
BLOCK04/SES048/SA048S12	SES048	-0.0103455	-51.0689	-51.0586
BLOCK04/SES048/SA048S20	SES048	0.581379	-50.0188	-50.6001
BLOCK04/SES048/SA048S23	SES048	0.155972	-53.2602	-53.4162
BLOCK04/SES048/SA048S27	SES048	-0.504951	-51.0253	-50.5204
BLOCK06/SES060/SA060S11	SES060	0.371033	-49.5051	-49.8762
BLOCK06/SES060/SA060S12	SES060	-0.0904274	-51.7545	-51.6641
BLOCK06/SES060/SA060S22	SES060	-0.209881	-52.7617	-52.5519
BLOCK06/SES060/SA060S24	SES060	0.98204	-50.0886	-51.0706
BLOCK06/SES060/SA060S28	SES060	0.407455	-49.6985	-50.106
BLOCK06/SES062/SA062S10	SES062	0.448498	-49.9748	-50.4232
BLOCK06/SES062/SA062S11	SES062	0.151951	-52.5824	-52.7344
BLOCK06/SES062/SA062S21	SES062	0.615459	-48.3395	-48.9549
BLOCK06/SES062/SA062S26	SES062	0.344803	-51.3244	-51.6692
BLOCK06/SES062/SA062S29	SES062	0.157051	-50.205	-50.362
BLOCK06/SES068/SA068S14	SES068	-0.595982	-52.5002	-51.9042
BLOCK06/SES068/SA068S15	SES068	0.132656	-51.3256	-51.4583
BLOCK06/SES068/SA068S23	SES068	-0.287334	-53.1649	-52.8775
BLOCK06/SES068/SA068S27	SES068	-0.0765953	-50.9548	-50.8782
BLOCK06/SES068/SA068S29	SES068	0.121693	-51.9852	-52.1069
BLOCK08/SES082/SA082S12	SES082	-0.71315	-52.8629	-52.1497
BLOCK08/SES082/SA082S14	SES082	-0.600586	-54.3709	-53.7703
BLOCK08/SES082/SA082S21	SES082	-0.121254	-53.1871	-53.0658
BLOCK08/SES082/SA082S24	SES082	0.193615	-51.4669	-51.6605
BLOCK08/SES082/SA082S28	SES082	0.0823402	-52.1471	-52.2294
BLOCK08/SES083/SA083S14	SES083	-0.528511	-52.8795	-52.3509
BLOCK08/SES083/SA083S15	SES083	0.146633	-50.1656	-50.3123
BLOCK08/SES083/SA083S24	SES083	-0.340504	-51.6542	-51.3137
BLOCK08/SES083/SA083S26	SES083	0.33057	-50.3309	-50.6614
BLOCK08/SES083/SA083S29	SES083	-0.12801	-51.0348	-50.9068
BLOCK08/SES085/SA085S10	SES085	0.0308685	-52.0507	-52.0815
BLOCK08/SES085/SA085S13	SES085	-0.126324	-52.8945	-52.7682
BLOCK08/SES085/SA085S22	SES085	-0.655609	-53.9118	-53.2562
BLOCK08/SES085/SA085S26	SES085	-0.175571	-51.9006	-51.725
BLOCK08/SES085/SA085S28	SES085	-0.112854	-51.3647	-51.2519
BLOCK08/SES087/SA087S15	SES087	0.311592	-53.2623	-53.5739
BLOCK08/SES087/SA087S16	SES087	0.269844	-54.381	-54.6508
BLOCK08/SES087/SA087S24	SES087	0.0668793	-49.5735	-49.6403
BLOCK08/SES087/SA087S26	SES087	-0.213291	-50.5683	-50.355
BLOCK08/SES087/SA087S29	SES087	0.620911	-53.2065	-53.8274
BLOCK09/SES099/SA099S15	SES099	0.390858	-50.6875	-51.0784
BLOCK09/SES099/SA099S16	SES099	-0.162235	-53.3129	-53.1507
BLOCK09/SES099/SA099S24	SES099	-0.311382	-53.2841	-52.9727
BLOCK09/SES099/SA099S26	SES099	0.658348	-50.6547	-51.313
BLOCK09/SES099/SA099S29	SES099	-0.00307846	-52.3106	-52.3075
BLOCK10/SES101/SA101S11	SES101	0.218128	-49.9634	-50.1815
BLOCK10/SES101/SA101S13	SES101	0.269203	-49.7418	-50.011
BLOCK10/SES101/SA101S22	SES101	-0.0448799	-53.5007	-53.4558
BLOCK10/SES101/SA101S24	SES101	0.508869	-49.994	-50.5028
BLOCK10/SES101/SA101S28	SES101	-0.390717	-52.4006	-52.0099
BLOCK10/SES104/SA104S11	SES104	0.367256	-49.8106	-50.1778
BLOCK10/SES104/SA104S12	SES104	-0.686813	-53.9393	-53.2525
BLOCK10/SES104/SA104S21	SES104	-1.94451	-55.4718	-53.5273
BLOCK10/SES104/SA104S24	SES104	-0.0351448	-50.3352	-50.3001
BLOCK10/SES104/SA104S28	SES104	0.579571	-52.3006	-52.8802
BLOCK10/SES105/SA105S12	SES105	0.42881	-50.0332	-50.4621
BLOCK10/SES105/SA105S13	SES105	0.442657	-49.9138	-50.3565
BLOCK10/SES105/SA105S22	SES105	-0.00756454	-51.8581	-51.8505
BLOCK10/SES105/SA105S26	SES105	0.467155	-51.3667	-51.8339
BLOCK10/SES105/SA105S29	SES105	0.276276	-50.1853	-50.4615
BLOCK10/SES106/SA106S09	SES106	0.453526	-50.8418	-51.2953
BLOCK10/SES106/SA106S11	SES106	0.483555	-50.3658	-50.8493
BLOCK10/SES106/SA106S22	SES106	0.39444	-50.7051	-51.0995
BLOCK10/SES106/SA106S27	SES106	0.281223	-49.9868	-50.268
BLOCK10/SES106/SA106S29	SES106	0.691635	-48.8582	-49.5499
BLOCK11/SES117/SA117S12	SES117	-0.77803	-53.4768	-52.6987
BLOCK11/SES117/SA117S13	SES117	-0.866745	-54.3809	-53.5141
BLOCK11/SES117/SA117S23	SES117	0.389599	-53.9749	-54.3645
BLOCK11/SES117/SA117S25	SES117	-0.285332	-52.7134	-52.4281
BLOCK11/SES117/SA117S28	SES117	-0.0461884	-53.362	-53.3159
BLOCK12/SES120/SA120S08	SES120	-0.283936	-50.7492	-50.4652
BLOCK12/SES120/SA120S11	SES120	0.0579987	-51.1848	-51.2428
BLOCK12/SES120/SA120S22	SES120	-0.40593	-51.3221	-50.9162
BLOCK12/SES120/SA120S24	SES120	0.553223	-51.3367	-51.89
BLOCK12/SES120/SA120S28	SES120	-0.368843	-54.5304	-54.1616
BLOCK12/SES125/SA125S13	SES125	1.1254	-48.9415	-50.0669
BLOCK12/SES125/SA125S14	SES125	0.295341	-49.5071	-49.8024
BLOCK12/SES125/SA125S25	SES125	1.29561	-51.1185	-52.4141
BLOCK12/SES125/SA125S27	SES125	1.34074	-49.3366	-50.6773
BLOCK12/SES125/SA125S29	SES125	0.955719	-51.3311	-52.2868
BLOCK12/SES127/SA127S11	SES127	-0.324326	-53.6745	-53.3502
BLOCK12/SES127/SA127S12	SES127	0.381901	-50.987	-51.3689
BLOCK12/SES127/SA127S23	SES127	-0.0462418	-51.203	-51.1568
BLOCK12/SES127/SA127S25	SES127	-1.45146	-53.4884	-52.0369
BLOCK12/SES127/SA127S27	SES127	-0.0683441	-51.7282	-51.6598
BLOCK12/SES129/SA129S11	SES129	0.181004	-50.6308	-50.8118
BLOCK12/SES129/SA129S12	SES129	0.915722	-50.0569	-50.9726
BLOCK12/SES129/SA129S22	SES129	-0.00520706	-52.361	-52.3558
BLOCK12/SES129/SA129S27	SES129	1.19019	-51.468	-52.6582
BLOCK12/SES129/SA129S29	SES129	0.168083	-49.9752	-50.1433
BLOCK14/SES142/SA142S11	SES142	1.622	-51.5248	-53.1468
BLOCK14/SES142/SA142S12	SES142	0.89077	-52.789	-53.6798
BLOCK14/SES142/SA142S24	SES142	2.31165	-50.6948	-53.0065
BLOCK14/SES142/SA142S27	SES142	1.33529	-51.5637	-52.899
BLOCK14/SES142/SA142S29	SES142	1.83949	-49.9158	-51.7552
BLOCK14/SES143/SA143S12	SES143	-0.15501	-52.1921	-52.0371
BLOCK14/SES143/SA143S13	SES143	-0.165218	-52.9458	-52.7806
BLOCK14/SES143/SA143S23	SES143	0.46442	-52.7796	-53.244
BLOCK14/SES143/SA143S25	SES143	0.414505	-52.4943	-52.9088
BLOCK14/SES143/SA143S28	SES143	0.0624428	-50.4315	-50.4939
BLOCK14/SES144/SA144S09	SES144	-0.376175	-52.776	-52.3998
BLOCK14/SES144/SA144S11	SES144	-0.0867767	-52.8682	-52.7814
BLOCK14/SES144/SA144S21	SES144	-0.444981	-53.5857	-53.1407
BLOCK14/SES144/SA144S25	SES144	-0.239258	-52.6567	-52.4174
BLOCK14/SES144/SA144S29	SES144	-0.294052	-53.1382	-52.8441
BLOCK14/SES146/SA146S14	SES146	0.0991631	-52.0014	-52.1005
BLOCK14/SES146/SA146S15	SES146	-0.442368	-53.6188	-53.1764
BLOCK14/SES146/SA146S24	SES146	0.0777931	-49.9525	-50.0302
BLOCK14/SES146/SA146S26	SES146	0.808144	-49.66	-50.4681
BLOCK14/SES146/SA146S29	SES146	0.213379	-50.8617	-51.0751
BLOCK14/SES147/SA147S11	SES147	-0.259182	-50.573	-50.3138
BLOCK14/SES147/SA147S13	SES147	-0.161648	-51.4402	-51.2785
BLOCK14/SES147/SA147S23	SES147	0.0709343	-51.9803	-52.0513
BLOCK14/SES147/SA147S26	SES147	0.125862	-51.603	-51.7289
BLOCK14/SES147/SA147S28	SES147	0.323093	-52.3281	-52.6512
BLOCK14/SES148/SA148S10	SES148	1.30865	-52.2762	-53.5848
BLOCK14/SES148/SA148S12	SES148	0.145103	-53.5668	-53.7119
BLOCK14/SES148/SA148S22	SES148	0.595863	-52.6732	-53.269
BLOCK14/SES148/SA148S26	SES148	-1.45811	-52.518	-51.0599
BLOCK14/SES148/SA148S29	SES148	-0.478935	-52.9409	-52.4619
BLOCK14/SES149/SA149S13	SES149	-1.03696	-49.7802	-48.7432
BLOCK14/SES149/SA149S14	SES149	-0.356709	-53.2932	-52.9365
BLOCK14/SES149/SA149S24	SES149	0.262188	-52.7701	-53.0323
BLOCK14/SES149/SA149S26	SES149	0.528091	-49.5766	-50.1047
BLOCK14/SES149/SA149S28	SES149	0.00186539	-52.3192	-52.321
BLOCK15/SES158/SA158S13	SES158	1.10944	-48.0372	-49.1467
BLOCK15/SES158/SA158S14	SES158	0.0941048	-52.0243	-52.1184
BLOCK15/SES158/SA158S23	SES158	0.673073	-48.7687	-49.4418
BLOCK15/SES158/SA158S26	SES158	1.3891	-49.4535	-50.8426
BLOCK15/SES158/SA158S28	SES158	0.278877	-51.0311	-51.31
BLOCK16/SES162/SA162S10	SES162	-0.198555	-51.4675	-51.2689
BLOCK16/SES162/SA162S11	SES162	0.168732	-50.7147	-50.8834
BLOCK16/SES162/SA162S21	SES162	0.554516	-51.6134	-52.168
BLOCK16/SES162/SA162S24	SES162	0.0930824	-51.9136	-52.0067
BLOCK16/SES162/SA162S27	SES162	0.0106049	-51.7596	-51.7702
BLOCK16/SES167/SA167S14	SES167	0.975243	-52.9862	-53.9615
BLOCK16/SES167/SA167S15	SES167	0.772964	-53.7177	-54.4907
BLOCK16/SES167/SA167S21	SES167	1.2543	-53.7154	-54.9697
BLOCK16/SES167/SA167S25	SES167	1.39224	-54.1326	-55.5249
BLOCK16/SES167/SA167S29	SES167	1.64842	-53.3883	-55.0367
BLOCK17/SES172/SA172S12	SES172	-0.190205	-51.7762	-51.586
BLOCK17/SES172/SA172S13	SES172	-0.0798111	-53.0004	-52.9206
BLOCK17/SES172/SA172S23	SES172	-0.157391	-51.7209	-51.5635
BLOCK17/SES172/SA172S27	SES172	-0.0641518	-53.6325	-53.5684
BLOCK17/SES172/SA172S29	SES172	-0.0088768	-54.3057	-54.2968
BLOCK17/SES175/SA175S11	SES175	0.710762	-51.6738	-52.3846
BLOCK17/SES175/SA175S13	SES175	0.0908432	-50.1664	-50.2572
BLOCK17/SES175/SA175S23	SES175	0.545559	-52.5827	-53.1283
BLOCK17/SES175/SA175S25	SES175	0.441696	-52.7958	-53.2375
BLOCK17/SES175/SA175S28	SES175	0.048748	-52.2101	-52.2588
BLOCK17/SES177/SA177S15	SES177	0.123688	-51.4225	-51.5462
BLOCK17/SES177/SA177S17	SES177	-0.196705	-52.4859	-52.2892
BLOCK17/SES177/SA177S23	SES177	-0.0533943	-52.428	-52.3746
BLOCK17/SES177/SA177S26	SES177	0.252708	-48.5127	-48.7654
BLOCK17/SES177/SA177S28	SES177	0.382092	-49.9755	-50.3575
BLOCK18/SES180/SA180S13	SES180	0.0912552	-51.3763	-51.4675
BLOCK18/SES180/SA180S15	SES180	-0.281807	-52.9878	-52.706
BLOCK18/SES180/SA180S24	SES180	0.135483	-49.2818	-49.4173
BLOCK18/SES180/SA180S26	SES180	-0.159256	-50.6946	-50.5354
BLOCK18/SES180/SA180S29	SES180	0.117935	-52.0862	-52.2041
BLOCK18/SES183/SA183S13	SES183	0.247894	-52.8463	-53.0942
BLOCK18/SES183/SA183S14	SES183	-0.84502	-50.4923	-49.6472
BLOCK18/SES183/SA183S24	SES183	0.559784	-52.3398	-52.8996
BLOCK18/SES183/SA183S27	SES183	0.356117	-54.2337	-54.5898
BLOCK18/SES183/SA183S29	SES183	0.930168	-51.6386	-52.5688
BLOCK18/SES187/SA187S13	SES187	0.424595	-53.6156	-54.0402
BLOCK18/SES187/SA187S14	SES187	0.127819	-52.1063	-52.2342
BLOCK18/SES187/SA187S24	SES187	0.226559	-56.2263	-56.4529
BLOCK18/SES187/SA187S27	SES187	-0.395855	-55.7802	-55.3843
BLOCK18/SES187/SA187S29	SES187	0.237095	-52.6059	-52.843
BLOCK18/SES189/SA189S10	SES189	2.13843	-52.0046	-54.143
BLOCK18/SES189/SA189S13	SES189	2.65822	-52.4487	-55.107
BLOCK18/SES189/SA189S24	SES189	2.00182	-50.6203	-52.6221
BLOCK18/SES189/SA189S26	SES189	1.23091	-52.1186	-53.3495
BLOCK18/SES189/SA189S29	SES189	2.0257	-52.2346	-54.2603
BLOCK20/SES202/SA202S12	SES202	0.79261	-52.2315	-53.0241
BLOCK20/SES202/SA202S14	SES202	1.26988	-51.0895	-52.3594
BLOCK20/SES202/SA202S24	SES202	0.359734	-52.9359	-53.2957
BLOCK20/SES202/SA202S27	SES202	0.659485	-51.8763	-52.5358
BLOCK20/SES202/SA202S29	SES202	1.00264	-50.7056	-51.7083
BLOCK20/SES206/SA206S15	SES206	-1.05519	-50.9472	-49.892
BLOCK20/SES206/SA206S17	SES206	-0.207996	-50.6656	-50.4576
BLOCK20/SES206/SA206S24	SES206	0.585022	-49.3026	-49.8877
BLOCK20/SES206/SA206S27	SES206	0.373009	-50.8113	-51.1843
BLOCK20/SES206/SA206S29	SES206	0.819798	-47.809	-48.6288
BLOCK22/SES226/SA226S12	SES226	-0.0459862	-51.2411	-51.1951
BLOCK22/SES226/SA226S13	SES226	-0.858143	-50.4624	-49.6042
BLOCK22/SES226/SA226S20	SES226	-0.0531311	-52.3644	-52.3112
BLOCK22/SES226/SA226S23	SES226	0.0511093	-51.4704	-51.5215
BLOCK22/SES226/SA226S28	SES226	0.648464	-52.1048	-52.7533
BLOCK25/SES259/SA259S13	SES259	1.10471	-47.2592	-48.3639
BLOCK25/SES259/SA259S14	SES259	0.701153	-49.3551	-50.0563
BLOCK25/SES259/SA259S22	SES259	1.01711	-47.4692	-48.4863
BLOCK25/SES259/SA259S24	SES259	1.54121	-47.2537	-48.7949
BLOCK25/SES259/SA259S28	SES259	0.856304	-48.735	-49.5913
BLOCK27/SES270/SA270S14	SES270	0.257271	-51.7755	-52.0328
BLOCK27/SES270/SA270S16	SES270	-0.24577	-51.4033	-51.1576
BLOCK27/SES270/SA270S22	SES270	0.30938	-51.4759	-51.7853
BLOCK27/SES270/SA270S26	SES270	-0.088707	-52.6676	-52.5789
BLOCK27/SES270/SA270S28	SES270	0.00925064	-52.9418	-52.9511
BLOCK27/SES275/SA275S17	SES275	0.147148	-51.6347	-51.7818
BLOCK27/SES275/SA275S18	SES275	-0.381596	-51.463	-51.0814
BLOCK27/SES275/SA275S24	SES275	-0.0629501	-52.7938	-52.7308
BLOCK27/SES275/SA275S26	SES275	-0.0250664	-51.5159	-51.4908
BLOCK27/SES275/SA275S28	SES275	-0.0430603	-51.0256	-50.9825
BLOCK29/SES292/SA292S10	SES292	0.460236	-51.0739	-51.5342
BLOCK29/SES292/SA292S12	SES292	-0.415409	-54.1019	-53.6865
BLOCK29/SES292/SA292S22	SES292	-0.500572	-51.6289	-51.1283
BLOCK29/SES292/SA292S24	SES292	-0.124763	-53.1923	-53.0676
BLOCK29/SES292/SA292S27	SES292	-0.513844	-51.9061	-51.3922
BLOCK00/SES001/SA001S14	SES062	-0.712021	-52.2758	-51.5638
BLOCK00/SES001/SA001S14	SES082	-0.489025	-52.0528	-51.5638
BLOCK00/SES001/SA001S14	SES106	-0.641315	-52.2051	-51.5638
BLOCK00/SES001/SA001S14	SES206	-0.903233	-52.467	-51.5638
BLOCK00/SES001/SA001S15	SES062	-0.321247	-51.3593	-51.038
BLOCK00/SES001/SA001S15	SES104	-0.475155	-51.5132	-51.038
BLOCK00/SES001/SA001S15	SES106	-0.741253	-51.7793	-51.038
BLOCK00/SES001/SA001S15	SES206	-1.05652	-52.0945	-51.038
BLOCK00/SES001/SA001S24	SES062	-1.51942	-50.7682	-49.2487
BLOCK00/SES001/SA001S24	SES082	-1.64593	-50.8947	-49.2487
BLOCK00/SES001/SA001S24	SES087	-0.756905	-50.0056	-49.2487
BLOCK00/SES001/SA001S24	SES206	-1.41772	-50.6665	-49.2487
BLOCK00/SES001/SA001S27	SES062	-0.706463	-51.6904	-50.9839
BLOCK00/SES001/SA001S27	SES082	-1.07816	-52.0621	-50.9839
BLOCK00/SES001/SA001S27	SES087	-0.691196	-51.6751	-50.9839
BLOCK00/SES001/SA001S27	SES206	-1.35779	-52.3417	-50.9839
BLOCK00/SES001/SA001S29	SES062	-0.933712	-52.6956	-51.7619
BLOCK00/SES001/SA001S29	SES082	-0.495651	-52.2576	-51.7619
BLOCK00/SES001/SA001S29	SES158	-0.604031	-52.3659	-51.7619
BLOCK00/SES001/SA001S29	SES206	-0.883518	-52.6454	-51.7619
BLOCK00/SES003/SA003S11	SES002	-0.534157	-54.3189	-53.7847
BLOCK00/SES003/SA003S11	SES019	-1.18328	-54.968	-53.7847
BLOCK00/SES003/SA003S11	SES082	-0.160336	-53.945	-53.7847
BLOCK00/SES003/SA003S11	SES125	-0.407047	-54.1917	-53.7847
BLOCK00/SES003/SA003S15	SES016	-1.26589	-51.8486	-50.5827
BLOCK00/SES003/SA003S15	SES019	-1.34628	-51.929	-50.5827
BLOCK00/SES003/SA003S15	SES062	-0.711399	-51.2941	-50.5827
BLOCK00/SES003/SA003S15	SES206	-1.03234	-51.6151	-50.5827
BLOCK00/SES003/SA003S22	SES002	-0.623684	-50.7053	-50.0817
BLOCK00/SES003/SA003S22	SES062	-0.503708	-50.5854	-50.0817
BLOCK00/SES003/SA003S22	SES082	-0.858871	-50.9405	-50.0817
BLOCK00/SES003/SA003S22	SES087	-0.726456	-50.8081	-50.0817
BLOCK00/SES003/SA003S25	SES062	-1.41547	-56.9784	-55.5629
BLOCK00/SES003/SA003S25	SES082	-1.24708	-56.81	-55.5629
BLOCK00/SES003/SA003S25	SES087	-0.69315	-56.2561	-55.5629
BLOCK00/SES003/SA003S25	SES206	-2.69273	-58.2557	-55.5629
BLOCK00/SES003/SA003S29	SES002	-0.441551	-54.5494	-54.1078
BLOCK00/SES003/SA003S29	SES062	-0.664486	-54.7723	-54.1078
BLOCK00/SES003/SA003S29	SES082	-0.804424	-54.9123	-54.1078
BLOCK00/SES003/SA003S29	SES087	-0.52005	-54.6279	-54.1078
BLOCK00/SES004/SA004S12	SES083	-1.5389	-54.1962	-52.6573
BLOCK00/SES004/SA004S12	SES148	-2.11123	-54.7685	-52.6573
BLOCK00/SES004/SA004S12	SES172	-0.953091	-53.6104	-52.6573
BLOCK00/SES004/SA004S12	SES292	-1.48411	-54.1414	-52.6573
BLOCK00/SES004/SA004S17	SES083	-1.39506	-54.0876	-52.6926
BLOCK00/SES004/SA004S17	SES162	-1.26414	-53.9567	-52.6926
BLOCK00/SES004/SA004S17	SES172	-0.740509	-53.4331	-52.6926
BLOCK00/SES004/SA004S17	SES292	-1.17745	-53.87	-52.6926
BLOCK00/SES004/SA004S24	SES083	-0.78429	-52.2074	-51.4231
BLOCK00/SES004/SA004S24	SES148	-2.06021	-53.4833	-51.4231
BLOCK00/SES004/SA004S24	SES172	-0.780064	-52.2032	-51.4231
BLOCK00/SES004/SA004S24	SES292	-0.978436	-52.4015	-51.4231
BLOCK00/SES004/SA004S26	SES083	-0.522274	-52.2823	-51.76
BLOCK00/SES004/SA004S26	SES127	-1.09728	-52.8573	-51.76
BLOCK00/SES004/SA004S26	SES148	-2.23654	-53.9966	-51.76
BLOCK00/SES004/SA004S26	SES292	-0.699703	-52.4597	-51.76
BLOCK00/SES004/SA004S28	SES083	-1.86655	-55.339	-53.4725
BLOCK00/SES004/SA004S28	SES127	-1.8823	-55.3548	-53.4725
BLOCK00/SES004/SA004S28	SES187	-0.897518	-54.37	-53.4725
BLOCK00/SES004/SA004S28	SES292	-1.51717	-54.9896	-53.4725
BLOCK00/SES006/SA006S10	SES014	-2.2284	-53.8679	-51.6395
BLOCK00/SES006/SA006S10	SES158	-0.972717	-52.6123	-51.6395
BLOCK00/SES006/SA006S10	SES226	-1.74409	-53.3836	-51.6395
BLOCK00/SES006/SA006S10	SES270	-1.02705	-52.6666	-51.6395
BLOCK00/SES006/SA006S11	SES158	-1.71241	-54.8649	-53.1525
BLOCK00/SES006/SA006S11	SES226	-1.66191	-54.8144	-53.1525
BLOCK00/SES006/SA006S11	SES270	-0.96257	-54.1151	-53.1525
BLOCK00/SES006/SA006S11	SES275	-1.53502	-54.6875	-53.1525
BLOCK00/SES006/SA006S23	SES062	-1.74988	-56.1481	-54.3982
BLOCK00/SES006/SA006S23	SES105	-2.10899	-56.5072	-54.3982
BLOCK00/SES006/SA006S23	SES158	-2.16109	-56.5593	-54.3982
BLOCK00/SES006/SA006S23	SES275	-1.43877	-55.837	-54.3982
BLOCK00/SES006/SA006S26	SES104	-1.26284	-54.4791	-53.2163
BLOCK00/SES006/SA006S26	SES158	-1.31887	-54.5352	-53.2163
BLOCK00/SES006/SA006S26	SES270	-0.588844	-53.8051	-53.2163
BLOCK00/SES006/SA006S26	SES275	-1.37575	-54.5921	-53.2163
BLOCK00/SES006/SA006S28	SES007	-0.71246	-52.5766	-51.8641
BLOCK00/SES006/SA006S28	SES105	-1.08916	-52.9533	-51.8641
BLOCK00/SES006/SA006S28	SES158	-0.619869	-52.484	-51.8641
BLOCK00/SES006/SA006S28	SES275	-0.987549	-52.8517	-51.8641
BLOCK00/SES009/SA009S12	SES083	-0.66486	-52.1823	-51.5175
BLOCK00/SES009/SA009S12	SES148	-1.74733	-53.2648	-51.5175
BLOCK00/SES009/SA009S12	SES177	-0.868763	-52.3862	-51.5175
BLOCK00/SES009/SA009S12	SES292	-0.889381	-52.4068	-51.5175
BLOCK00/SES009/SA009S15	SES007	-0.100899	-50.4715	-50.3706
BLOCK00/SES009/SA009S15	SES099	-0.602657	-50.9732	-50.3706
BLOCK00/SES009/SA009S15	SES148	-1.98244	-52.353	-50.3706
BLOCK00/SES009/SA009S15	SES172	-0.404324	-50.7749	-50.3706
BLOCK00/SES009/SA009S24	SES146	-0.949738	-52.704	-51.7543
BLOCK00/SES009/SA009S24	SES148	-1.89159	-53.6459	-51.7543
BLOCK00/SES009/SA009S24	SES177	-0.833344	-52.5876	-51.7543
BLOCK00/SES009/SA009S24	SES292	-0.88554	-52.6398	-51.7543
BLOCK00/SES009/SA009S26	SES083	-1.30787	-53.1365	-51.8287
BLOCK00/SES009/SA009S26	SES101	-1.55594	-53.3846	-51.8287
BLOCK00/SES009/SA009S26	SES120	-0.839218	-52.6679	-51.8287
BLOCK00/SES009/SA009S26	SES177	-1.08875	-52.9174	-51.8287
BLOCK00/SES009/SA009S29	SES083	-0.616322	-52.8706	-52.2543
BLOCK00/SES009/SA009S29	SES101	-0.768711	-53.023	-52.2543
BLOCK00/SES009/SA009S29	SES177	-0.927406	-53.1817	-52.2543
BLOCK00/SES009/SA009S29	SES292	-0.809174	-53.0635	-52.2543
BLOCK01/SES011/SA011S10	SES019	-0.648979	-51.905	-51.2561
BLOCK01/SES011/SA011S10	SES042	0.0513191	-51.2047	-51.2561
BLOCK01/SES011/SA011S10	SES082	-0.874237	-52.1303	-51.2561
BLOCK01/SES011/SA011S10	SES206	-0.410938	-51.667	-51.2561
BLOCK01/SES011/SA011S11	SES019	-1.45343	-52.8963	-51.4428
BLOCK01/SES011/SA011S11	SES042	0.216591	-51.2262	-51.4428
BLOCK01/SES011/SA011S11	SES082	-1.64014	-53.083	-51.4428
BLOCK01/SES011/SA011S11	SES206	-0.559475	-52.0023	-51.4428
BLOCK01/SES011/SA011S22	SES019	-0.82951	-52.9955	-52.166
BLOCK01/SES011/SA011S22	SES042	-0.377785	-52.5438	-52.166
BLOCK01/SES011/SA011S22	SES082	-1.50686	-53.6729	-52.166
BLOCK01/SES011/SA011S22	SES206	-0.504173	-52.6702	-52.166
BLOCK01/SES011/SA011S24	SES019	-1.07993	-52.6147	-51.5347
BLOCK01/SES011/SA011S24	SES042	0.4641	-51.0706	-51.5347
BLOCK01/SES011/SA011S24	SES104	-0.562763	-52.0975	-51.5347
BLOCK01/SES011/SA011S24	SES206	-0.337933	-51.8727	-51.5347
BLOCK01/SES011/SA011S27	SES082	-0.66156	-53.2909	-52.6293
BLOCK01/SES011/SA011S27	SES087	-0.410233	-53.0395	-52.6293
BLOCK01/SES011/SA011S27	SES125	-0.0973434	-52.7266	-52.6293
BLOCK01/SES011/SA011S27	SES206	-0.497368	-53.1267	-52.6293
BLOCK01/SES012/SA012S11	SES007	0.0828133	-48.7979	-48.8807
BLOCK01/SES012/SA012S11	SES082	-1.12891	-50.0097	-48.8807
BLOCK01/SES012/SA012S11	SES083	0.0934105	-48.7873	-48.8807
BLOCK01/SES012/SA012S11	SES206	-0.613277	-49.494	-48.8807
BLOCK01/SES012/SA012S14	SES082	-0.246113	-50.5652	-50.3191
BLOCK01/SES012/SA012S14	SES087	-0.448689	-50.7678	-50.3191
BLOCK01/SES012/SA012S14	SES206	-0.661255	-50.9804	-50.3191
BLOCK01/SES012/SA012S14	SES292	-0.931511	-51.2506	-50.3191
BLOCK01/SES012/SA012S24	SES082	-0.404911	-52.0057	-51.6008
BLOCK01/SES012/SA012S24	SES087	-1.21891	-52.8197	-51.6008
BLOCK01/SES012/SA012S24	SES120	-1.25881	-52.8596	-51.6008
BLOCK01/SES012/SA012S24	SES206	-0.954662	-52.5554	-51.6008
BLOCK01/SES012/SA012S26	SES019	-2.30809	-52.7193	-50.4112
BLOCK01/SES012/SA012S26	SES082	-1.40279	-51.814	-50.4112
BLOCK01/SES012/SA012S26	SES206	-0.499619	-50.9108	-50.4112
BLOCK01/SES012/SA012S26	SES292	-0.832298	-51.2435	-50.4112
BLOCK01/SES012/SA012S29	SES062	-1.44227	-50.8444	-49.4021
BLOCK01/SES012/SA012S29	SES082	-0.64204	-50.0441	-49.4021
BLOCK01/SES012/SA012S29	SES083	-0.118931	-49.521	-49.4021
BLOCK01/SES012/SA012S29	SES206	-0.172646	-49.5747	-49.4021
BLOCK01/SES013/SA013S16	SES062	-1.4636	-55.1268	-53.6632
BLOCK01/SES013/SA013S16	SES106	-1.78962	-55.4529	-53.6632
BLOCK01/SES013/SA013S16	SES206	-2.1162	-55.7794	-53.6632
BLOCK01/SES013/SA013S16	SES226	-0.750893	-54.4141	-53.6632
BLOCK01/SES013/SA013S17	SES062	-1.04363	-54.6659	-53.6223
BLOCK01/SES013/SA013S17	SES106	-1.59057	-55.2128	-53.6223
BLOCK01/SES013/SA013S17	SES206	-1.61828	-55.2406	-53.6223
BLOCK01/SES013/SA013S17	SES226	-0.563808	-54.1861	-53.6223
BLOCK01/SES013/SA013S23	SES104	-1.05496	-55.5223	-54.4674
BLOCK01/SES013/SA013S23	SES106	-0.719486	-55.1869	-54.4674
BLOCK01/SES013/SA013S23	SES206	-1.70063	-56.168	-54.4674
BLOCK01/SES013/SA013S23	SES270	-1.06921	-55.5366	-54.4674
BLOCK01/SES013/SA013S25	SES042	-1.13749	-53.5444	-52.4069
BLOCK01/SES013/SA013S25	SES104	-0.956009	-53.3629	-52.4069
BLOCK01/SES013/SA013S25	SES106	-0.626518	-53.0334	-52.4069
BLOCK01/SES013/SA013S25	SES206	-1.47438	-53.8813	-52.4069
BLOCK01/SES013/SA013S29	SES062	-0.749241	-54.2744	-53.5252
BLOCK01/SES013/SA013S29	SES104	-0.7803	-54.3055	-53.5252
BLOCK01/SES013/SA013S29	SES106	-0.619167	-54.1443	-53.5252
BLOCK01/SES013/SA013S29	SES206	-1.77572	-55.3009	-53.5252
BLOCK02/SES021/SA021S13	SES016	-1.71668	-52.2104	-50.4937
BLOCK02/SES021/SA021S13	SES029	-1.45696	-51.9507	-50.4937
BLOCK02/SES021/SA021S13	SES087	-0.686604	-51.1803	-50.4937
BLOCK02/SES021/SA021S13	SES206	-1.12651	-51.6202	-50.4937
BLOCK02/SES021/SA021S15	SES087	-0.481705	-51.6539	-51.1722
BLOCK02/SES021/SA021S15	SES125	-0.145157	-51.3173	-51.1722
BLOCK02/SES021/SA021S15	SES206	-0.989201	-52.1614	-51.1722
BLOCK02/SES021/SA021S15	SES226	-1.05308	-52.2253	-51.1722
BLOCK02/SES021/SA021S23	SES062	-1.76419	-56.0857	-54.3215
BLOCK02/SES021/SA021S23	SES087	-0.164829	-54.4863	-54.3215
BLOCK02/SES021/SA021S23	SES206	-1.70326	-56.0247	-54.3215
BLOCK02/SES021/SA021S23	SES226	-0.781918	-55.1034	-54.3215
BLOCK02/SES021/SA021S27	SES002	-1.35185	-54.3087	-52.9569
BLOCK02/SES021/SA021S27	SES016	-2.8313	-55.7882	-52.9569
BLOCK02/SES021/SA021S27	SES019	-1.32708	-54.2839	-52.9569
BLOCK02/SES021/SA021S27	SES062	-1.01295	-53.9698	-52.9569
BLOCK02/SES021/SA021S29	SES087	0.12635	-53.6662	-53.7926
BLOCK02/SES021/SA021S29	SES125	-1.1313	-54.9239	-53.7926
BLOCK02/SES021/SA021S29	SES206	-0.770649	-54.5632	-53.7926
BLOCK02/SES021/SA021S29	SES226	-0.833645	-54.6262	-53.7926
BLOCK04/SES043/SA043S09	SES083	-0.791508	-52.1804	-51.3889
BLOCK04/SES043/SA043S09	SES101	-1.76253	-53.1515	-51.3889
BLOCK04/SES043/SA043S09	SES144	-0.499031	-51.888	-51.3889
BLOCK04/SES043/SA043S09	SES172	-0.785324	-52.1742	-51.3889
BLOCK04/SES043/SA043S11	SES083	-0.0701485	-50.9374	-50.8672
BLOCK04/SES043/SA043S11	SES101	-0.925808	-51.793	-50.8672
BLOCK04/SES043/SA043S11	SES144	-0.964725	-51.832	-50.8672
BLOCK04/SES043/SA043S11	SES172	-0.352627	-51.2199	-50.8672
BLOCK04/SES043/SA043S23	SES083	-0.63353	-53.2654	-52.6318
BLOCK04/SES043/SA043S23	SES144	-0.698872	-53.3307	-52.6318
BLOCK04/SES043/SA043S23	SES177	-0.550465	-53.1823	-52.6318
BLOCK04/SES043/SA043S23	SES275	-0.692604	-53.3244	-52.6318
BLOCK04/SES043/SA043S26	SES083	-0.572926	-51.2036	-50.6307
BLOCK04/SES043/SA043S26	SES101	-1.45213	-52.0828	-50.6307
BLOCK04/SES043/SA043S26	SES144	-0.246639	-50.8773	-50.6307
BLOCK04/SES043/SA043S26	SES177	-0.598244	-51.2289	-50.6307
BLOCK04/SES043/SA043S28	SES016	-1.09282	-52.353	-51.2601
BLOCK04/SES043/SA043S28	SES083	-0.123684	-51.3838	-51.2601
BLOCK04/SES043/SA043S28	SES101	-0.745728	-52.0059	-51.2601
BLOCK04/SES043/SA043S28	SES144	-0.863403	-52.1235	-51.2601
BLOCK04/SES044/SA044S10	SES127	-0.732437	-54.8115	-54.0791
BLOCK04/SES044/SA044S10	SES144	-0.393925	-54.473	-54.0791
BLOCK04/SES044/SA044S10	SES147	-1.46171	-55.5408	-54.0791
BLOCK04/SES044/SA044S10	SES148	-1.74856	-55.8277	-54.0791
BLOCK04/SES044/SA044S11	SES101	-1.56227	-53.5569	-51.9946
BLOCK04/SES044/SA044S11	SES144	-0.137554	-52.1322	-51.9946
BLOCK04/SES044/SA044S11	SES147	-1.05924	-53.0539	-51.9946
BLOCK04/SES044/SA044S11	SES177	-0.756531	-52.7512	-51.9946
BLOCK04/SES044/SA044S24	SES007	-0.872532	-52.3836	-51.5111
BLOCK04/SES044/SA044S24	SES101	-0.967754	-52.4788	-51.5111
BLOCK04/SES044/SA044S24	SES147	-1.44585	-52.9569	-51.5111
BLOCK04/SES044/SA044S24	SES177	-0.605152	-52.1162	-51.5111
BLOCK04/SES044/SA044S26	SES007	-1.52467	-54.215	-52.6903
BLOCK04/SES044/SA044S26	SES016	-1.00477	-53.695	-52.6903
BLOCK04/SES044/SA044S26	SES101	-1.46147	-54.1517	-52.6903
BLOCK04/SES044/SA044S26	SES147	-0.819214	-53.5095	-52.6903
BLOCK04/SES044/SA044S29	SES007	-1.75772	-53.0461	-51.2884
BLOCK04/SES044/SA044S29	SES101	-0.967525	-52.2559	-51.2884
BLOCK04/SES044/SA044S29	SES147	-0.834225	-52.1226	-51.2884
BLOCK04/SES044/SA044S29	SES177	-0.69849	-51.9869	-51.2884
BLOCK04/SES046/SA046S13	SES101	-1.4675	-56.2324	-54.7649
BLOCK04/SES046/SA046S13	SES144	-0.203259	-54.9681	-54.7649
BLOCK04/SES046/SA046S13	SES147	-0.930073	-55.6949	-54.7649
BLOCK04/SES046/SA046S13	SES177	-0.925354	-55.6902	-54.7649
BLOCK04/SES046/SA046S15	SES048	-1.64433	-52.3331	-50.6887
BLOCK04/SES046/SA046S15	SES083	-1.04297	-51.7317	-50.6887
BLOCK04/SES046/SA046S15	SES120	-1.18019	-51.8689	-50.6887
BLOCK04/SES046/SA046S15	SES148	-1.25228	-51.941	-50.6887
BLOCK04/SES046/SA046S22	SES101	-1.26188	-53.9776	-52.7157
BLOCK04/SES046/SA046S22	SES144	-0.689217	-53.4049	-52.7157
BLOCK04/SES046/SA046S22	SES147	-0.52562	-53.2413	-52.7157
BLOCK04/SES046/SA046S22	SES172	-1.14945	-53.8651	-52.7157
BLOCK04/SES046/SA046S25	SES083	-0.435219	-50.7997	-50.3645
BLOCK04/SES046/SA046S25	SES127	-1.41305	-51.7775	-50.3645
BLOCK04/SES046/SA046S25	SES144	-0.635395	-50.9999	-50.3645
BLOCK04/SES046/SA046S25	SES148	-1.87151	-52.236	-50.3645
BLOCK04/SES046/SA046S28	SES007	-0.884895	-53.943	-53.0581
BLOCK04/SES046/SA046S28	SES105	-1.882	-54.9401	-53.0581
BLOCK04/SES046/SA046S28	SES147	-1.06394	-54.1221	-53.0581
BLOCK04/SES046/SA046S28	SES148	-1.74234	-54.8005	-53.0581
BLOCK04/SES049/SA049S16	SES104	-2.62497	-58.9021	-56.2772
BLOCK04/SES049/SA049S16	SES106	-6.6021	-62.8793	-56.2772
BLOCK04/SES049/SA049S16	SES120	-1.40514	-57.6823	-56.2772
BLOCK04/SES049/SA049S16	SES206	-2.09091	-58.3681	-56.2772
BLOCK04/SES049/SA049S18	SES099	-0.25235	-54.4448	-54.1924
BLOCK04/SES049/SA049S18	SES104	-2.11825	-56.3107	-54.1924
BLOCK04/SES049/SA049S18	SES125	-1.77061	-55.963	-54.1924
BLOCK04/SES049/SA049S18	SES206	-2.68323	-56.8756	-54.1924
BLOCK04/SES049/SA049S25	SES087	-1.56676	-56.5823	-55.0155
BLOCK04/SES049/SA049S25	SES104	-2.02003	-57.0356	-55.0155
BLOCK04/SES049/SA049S25	SES125	-4.14066	-59.1562	-55.0155
BLOCK04/SES049/SA049S25	SES206	-1.60384	-56.6194	-55.0155
BLOCK04/SES049/SA049S27	SES099	-0.944481	-55.361	-54.4166
BLOCK04/SES049/SA049S27	SES104	-1.7771	-56.1937	-54.4166
BLOCK04/SES049/SA049S27	SES125	-2.12087	-56.5374	-54.4166
BLOCK04/SES049/SA049S27	SES206	-2.51881	-56.9354	-54.4166
BLOCK04/SES049/SA049S29	SES099	-0.4142	-53.8864	-53.4722
BLOCK04/SES049/SA049S29	SES104	-1.39867	-54.8709	-53.4722
BLOCK04/SES049/SA049S29	SES125	-1.61076	-55.083	-53.4722
BLOCK04/SES049/SA049S29	SES206	-1.77832	-55.2506	-53.4722
BLOCK06/SES063/SA063S09	SES068	-0.802853	-52.9214	-52.1185
BLOCK06/SES063/SA063S09	SES083	-0.763077	-52.8816	-52.1185
BLOCK06/SES063/SA063S09	SES177	-0.283096	-52.4016	-52.1185
BLOCK06/SES063/SA063S09	SES187	-0.991207	-53.1097	-52.1185
BLOCK06/SES063/SA063S10	SES068	-0.902126	-52.9699	-52.0678
BLOCK06/SES063/SA063S10	SES083	-0.180088	-52.2479	-52.0678
BLOCK06/SES063/SA063S10	SES172	-0.360062	-52.4279	-52.0678
BLOCK06/SES063/SA063S10	SES187	-1.25007	-53.3179	-52.0678
BLOCK06/SES063/SA063S20	SES068	-1.27116	-52.6731	-51.4019
BLOCK06/SES063/SA063S20	SES083	-1.2318	-52.6337	-51.4019
BLOCK06/SES063/SA063S20	SES172	-1.11643	-52.5184	-51.4019
BLOCK06/SES063/SA063S20	SES187	-0.428799	-51.8307	-51.4019
BLOCK06/SES063/SA063S24	SES029	-1.27821	-52.0212	-50.743
BLOCK06/SES063/SA063S24	SES083	-0.182774	-50.9258	-50.743
BLOCK06/SES063/SA063S24	SES177	-0.119637	-50.8626	-50.743
BLOCK06/SES063/SA063S24	SES189	-2.21084	-52.9538	-50.743
BLOCK06/SES063/SA063S27	SES083	-0.292431	-50.8403	-50.5479
BLOCK06/SES063/SA063S27	SES172	-0.862278	-51.4101	-50.5479
BLOCK06/SES063/SA063S27	SES187	-0.807209	-51.3551	-50.5479
BLOCK06/SES063/SA063S27	SES292	-1.41155	-51.9594	-50.5479
BLOCK06/SES067/SA067S12	SES083	-1.3409	-53.5473	-52.2064
BLOCK06/SES067/SA067S12	SES172	-1.21546	-53.4219	-52.2064
BLOCK06/SES067/SA067S12	SES202	0.345989	-51.8604	-52.2064
BLOCK06/SES067/SA067S12	SES292	-1.44247	-53.6489	-52.2064
BLOCK06/SES067/SA067S14	SES085	-1.11079	-52.507	-51.3962
BLOCK06/SES067/SA067S14	SES177	-0.801277	-52.1975	-51.3962
BLOCK06/SES067/SA067S14	SES183	0.227123	-51.1691	-51.3962
BLOCK06/SES067/SA067S14	SES202	-0.847317	-52.2435	-51.3962
BLOCK06/SES067/SA067S21	SES144	0.44339	-54.2122	-54.6556
BLOCK06/SES067/SA067S21	SES177	-0.377804	-55.0334	-54.6556
BLOCK06/SES067/SA067S21	SES183	-0.821445	-55.4771	-54.6556
BLOCK06/SES067/SA067S21	SES189	0.0254135	-54.6302	-54.6556
BLOCK06/SES067/SA067S25	SES085	-0.854244	-51.6239	-50.7697
BLOCK06/SES067/SA067S25	SES177	-0.27235	-51.0421	-50.7697
BLOCK06/SES067/SA067S25	SES183	-0.459187	-51.2289	-50.7697
BLOCK06/SES067/SA067S25	SES202	0.0182953	-50.7514	-50.7697
BLOCK06/SES067/SA067S29	SES085	-0.979729	-54.4401	-53.4604
BLOCK06/SES067/SA067S29	SES177	-0.767178	-54.2275	-53.4604
BLOCK06/SES067/SA067S29	SES183	0.0138359	-53.4465	-53.4604
BLOCK06/SES067/SA067S29	SES202	0.213772	-53.2466	-53.4604
BLOCK06/SES069/SA069S12	SES029	-0.898659	-52.8871	-51.9884
BLOCK06/SES069/SA069S12	SES082	-0.60825	-52.5967	-51.9884
BLOCK06/SES069/SA069S12	SES087	-0.131458	-52.1199	-51.9884
BLOCK06/SES069/SA069S12	SES206	-0.328918	-52.3173	-51.9884
BLOCK06/SES069/SA069S13	SES029	-1.6414	-55.4823	-53.8409
BLOCK06/SES069/SA069S13	SES087	-0.648766	-54.4897	-53.8409
BLOCK06/SES069/SA069S13	SES206	-1.05769	-54.8986	-53.8409
BLOCK06/SES069/SA069S13	SES226	-0.649406	-54.4903	-53.8409
BLOCK06/SES069/SA069S23	SES029	-0.622128	-51.7122	-51.0901
BLOCK06/SES069/SA069S23	SES087	0.0816879	-51.0084	-51.0901
BLOCK06/SES069/SA069S23	SES206	-1.1496	-52.2397	-51.0901
BLOCK06/SES069/SA069S23	SES226	-0.107327	-51.1974	-51.0901
BLOCK06/SES069/SA069S25	SES087	-0.779495	-52.4471	-51.6676
BLOCK06/SES069/SA069S25	SES206	-1.61903	-53.2866	-51.6676
BLOCK06/SES069/SA069S25	SES226	-0.165028	-51.8326	-51.6676
BLOCK06/SES069/SA069S25	SES270	-0.644287	-52.3119	-51.6676
BLOCK06/SES069/SA069S27	SES087	-0.406406	-52.9904	-52.584
BLOCK06/SES069/SA069S27	SES206	-0.631905	-53.2159	-52.584
BLOCK06/SES069/SA069S27	SES226	-0.0825882	-52.6666	-52.584
BLOCK06/SES069/SA069S27	SES270	-0.392258	-52.9763	-52.584
BLOCK08/SES081/SA081S11	SES060	-0.518982	-54.4217	-53.9027
BLOCK08/SES081/SA081S11	SES062	-1.70628	-55.609	-53.9027
BLOCK08/SES081/SA081S11	SES117	-0.893085	-54.7958	-53.9027
BLOCK08/SES081/SA081S11	SES162	-0.241016	-54.1438	-53.9027
BLOCK08/SES081/SA081S13	SES016	-0.274254	-51.5136	-51.2393
BLOCK08/SES081/SA081S13	SES060	0.192287	-51.0471	-51.2393
BLOCK08/SES081/SA081S13	SES068	-0.277943	-51.5173	-51.2393
BLOCK08/SES081/SA081S13	SES129	-0.402378	-51.6417	-51.2393
BLOCK08/SES081/SA081S24	SES060	-0.768974	-53.7101	-52.9411
BLOCK08/SES081/SA081S24	SES068	-0.750343	-53.6915	-52.9411
BLOCK08/SES081/SA081S24	SES117	-1.168	-54.1091	-52.9411
BLOCK08/SES081/SA081S24	SES275	-1.82789	-54.769	-52.9411
BLOCK08/SES081/SA081S27	SES007	-0.964722	-53.3174	-52.3526
BLOCK08/SES081/SA081S27	SES060	-0.332729	-52.6854	-52.3526
BLOCK08/SES081/SA081S27	SES117	0.00576782	-52.3469	-52.3526
BLOCK08/SES081/SA081S27	SES275	-1.14301	-53.4957	-52.3526
BLOCK08/SES081/SA081S29	SES007	-0.753155	-52.354	-51.6009
BLOCK08/SES081/SA081S29	SES060	0.188431	-51.4125	-51.6009
BLOCK08/SES081/SA081S29	SES117	-0.574169	-52.1751	-51.6009
BLOCK08/SES081/SA081S29	SES275	-1.27786	-52.8787	-51.6009
BLOCK08/SES086/SA086S11	SES029	-2.29527	-56.2345	-53.9392
BLOCK08/SES086/SA086S11	SES082	-1.29214	-55.2314	-53.9392
BLOCK08/SES086/SA086S11	SES087	-0.547497	-54.4867	-53.9392
BLOCK08/SES086/SA086S11	SES206	-1.26261	-55.2018	-53.9392
BLOCK08/SES086/SA086S12	SES029	-1.88875	-53.4978	-51.609
BLOCK08/SES086/SA086S12	SES082	-1.31675	-52.9258	-51.609
BLOCK08/SES086/SA086S12	SES087	-0.309589	-51.9186	-51.609
BLOCK08/SES086/SA086S12	SES206	-0.654671	-52.2637	-51.609
BLOCK08/SES086/SA086S20	SES029	-1.06806	-51.9265	-50.8584
BLOCK08/SES086/SA086S20	SES082	-1.60844	-52.4669	-50.8584
BLOCK08/SES086/SA086S20	SES087	-0.77039	-51.6288	-50.8584
BLOCK08/SES086/SA086S20	SES206	-0.746407	-51.6048	-50.8584
BLOCK08/SES086/SA086S24	SES087	-0.931602	-52.2782	-51.3466
BLOCK08/SES086/SA086S24	SES104	-1.40184	-52.7484	-51.3466
BLOCK08/SES086/SA086S24	SES120	-1.23569	-52.5822	-51.3466
BLOCK08/SES086/SA086S24	SES206	-0.680641	-52.0272	-51.3466
BLOCK08/SES086/SA086S28	SES029	-1.32806	-51.5028	-50.1748
BLOCK08/SES086/SA086S28	SES082	-0.264339	-50.4391	-50.1748
BLOCK08/SES086/SA086S28	SES087	-0.409363	-50.5841	-50.1748
BLOCK08/SES086/SA086S28	SES206	-0.567581	-50.7424	-50.1748
BLOCK08/SES089/SA089S13	SES087	-0.0556335	-54.2588	-54.2032
BLOCK08/SES089/SA089S13	SES206	-1.3735	-55.5767	-54.2032
BLOCK08/SES089/SA089S13	SES226	-0.553848	-54.7571	-54.2032
BLOCK08/SES089/SA089S13	SES270	-1.06119	-55.2644	-54.2032
BLOCK08/SES089/SA089S14	SES062	-0.512558	-53.6919	-53.1794
BLOCK08/SES089/SA089S14	SES087	-0.811062	-53.9904	-53.1794
BLOCK08/SES089/SA089S14	SES206	-1.34728	-54.5266	-53.1794
BLOCK08/SES089/SA089S14	SES226	-1.10408	-54.2834	-53.1794
BLOCK08/SES089/SA089S23	SES087	-0.170872	-55.1471	-54.9762
BLOCK08/SES089/SA089S23	SES206	-1.91058	-56.8868	-54.9762
BLOCK08/SES089/SA089S23	SES226	-0.350632	-55.3268	-54.9762
BLOCK08/SES089/SA089S23	SES270	-0.868359	-55.8446	-54.9762
BLOCK08/SES089/SA089S25	SES062	-1.11102	-54.2087	-53.0976
BLOCK08/SES089/SA089S25	SES087	-0.61779	-53.7154	-53.0976
BLOCK08/SES089/SA089S25	SES206	-1.98221	-55.0799	-53.0976
BLOCK08/SES089/SA089S25	SES226	-0.205101	-53.3027	-53.0976
BLOCK08/SES089/SA089S28	SES062	-0.898037	-54.8757	-53.9777
BLOCK08/SES089/SA089S28	SES087	-0.120739	-54.0984	-53.9777
BLOCK08/SES089/SA089S28	SES206	-1.07306	-55.0507	-53.9777
BLOCK08/SES089/SA089S28	SES226	-0.125313	-54.103	-53.9777
BLOCK09/SES097/SA097S11	SES099	-0.338486	-55.6933	-55.3548
BLOCK09/SES097/SA097S11	SES125	-4.95493	-60.3097	-55.3548
BLOCK09/SES097/SA097S11	SES206	-2.77518	-58.13	-55.3548
BLOCK09/SES097/SA097S11	SES226	-1.08377	-56.4386	-55.3548
BLOCK09/SES097/SA097S14	SES062	-1.0051	-56.8485	-55.8434
BLOCK09/SES097/SA097S14	SES099	-0.457241	-56.3007	-55.8434
BLOCK09/SES097/SA097S14	SES104	-1.47049	-57.3139	-55.8434
BLOCK09/SES097/SA097S14	SES206	-2.745	-58.5884	-55.8434
BLOCK09/SES097/SA097S22	SES099	-0.467361	-56.1239	-55.6566
BLOCK09/SES097/SA097S22	SES206	-2.42992	-58.0865	-55.6566
BLOCK09/SES097/SA097S22	SES226	-1.16194	-56.8185	-55.6566
BLOCK09/SES097/SA097S22	SES270	0.0127144	-55.6438	-55.6566
BLOCK09/SES097/SA097S26	SES099	-0.708126	-55.338	-54.6299
BLOCK09/SES097/SA097S26	SES120	-0.488926	-55.1188	-54.6299
BLOCK09/SES097/SA097S26	SES206	-1.79398	-56.4239	-54.6299
BLOCK09/SES097/SA097S26	SES226	-0.693787	-55.3237	-54.6299
BLOCK09/SES097/SA097S28	SES099	-0.484562	-54.0356	-53.5511
BLOCK09/SES097/SA097S28	SES120	-1.02468	-54.5757	-53.5511
BLOCK09/SES097/SA097S28	SES206	-2.16883	-55.7199	-53.5511
BLOCK09/SES097/SA097S28	SES226	-1.61437	-55.1654	-53.5511
BLOCK09/SES098/SA098S11	SES127	-1.90864	-54.5149	-52.6063
BLOCK09/SES098/SA098S11	SES144	-0.962818	-53.5691	-52.6063
BLOCK09/SES098/SA098S11	SES147	-0.722172	-53.3285	-52.6063
BLOCK09/SES098/SA098S11	SES148	-3.35836	-55.9647	-52.6063
BLOCK09/SES098/SA098S12	SES127	-2.73122	-58.8074	-56.0762
BLOCK09/SES098/SA098S12	SES144	-1.00379	-57.08	-56.0762
BLOCK09/SES098/SA098S12	SES147	-0.324806	-56.401	-56.0762
BLOCK09/SES098/SA098S12	SES189	-0.304531	-56.3807	-56.0762
BLOCK09/SES098/SA098S20	SES127	-1.68993	-56.2379	-54.548
BLOCK09/SES098/SA098S20	SES147	-0.0829849	-54.631	-54.548
BLOCK09/SES098/SA098S20	SES148	-2.81524	-57.3632	-54.548
BLOCK09/SES098/SA098S20	SES292	-1.69714	-56.2451	-54.548
BLOCK09/SES098/SA098S23	SES127	-0.882858	-53.6931	-52.8102
BLOCK09/SES098/SA098S23	SES147	-0.325298	-53.1355	-52.8102
BLOCK09/SES098/SA098S23	SES187	-0.324986	-53.1352	-52.8102
BLOCK09/SES098/SA098S23	SES292	-1.29569	-54.1059	-52.8102
BLOCK09/SES098/SA098S27	SES127	-2.76175	-56.2303	-53.4686
BLOCK09/SES098/SA098S27	SES147	-1.77943	-55.248	-53.4686
BLOCK09/SES098/SA098S27	SES148	-3.01213	-56.4807	-53.4686
BLOCK09/SES098/SA098S27	SES292	-1.24046	-54.709	-53.4686
BLOCK10/SES102/SA102S13	SES101	-0.837807	-52.8256	-51.9877
BLOCK10/SES102/SA102S13	SES105	-1.26724	-53.255	-51.9877
BLOCK10/SES102/SA102S13	SES120	-1.24633	-53.2341	-51.9877
BLOCK10/SES102/SA102S13	SES158	-1.83999	-53.8277	-51.9877
BLOCK10/SES102/SA102S14	SES007	-0.141804	-50.4513	-50.3095
BLOCK10/SES102/SA102S14	SES101	-0.426205	-50.7357	-50.3095
BLOCK10/SES102/SA102S14	SES105	-0.898983	-51.2084	-50.3095
BLOCK10/SES102/SA102S14	SES147	-1.63359	-51.943	-50.3095
BLOCK10/SES102/SA102S22	SES007	-0.320835	-50.1719	-49.8511
BLOCK10/SES102/SA102S22	SES101	-0.811771	-50.6628	-49.8511
BLOCK10/SES102/SA102S22	SES105	-0.559292	-50.4103	-49.8511
BLOCK10/SES102/SA102S22	SES158	-1.07615	-50.9272	-49.8511
BLOCK10/SES102/SA102S25	SES007	-0.304283	-50.2504	-49.9461
BLOCK10/SES102/SA102S25	SES101	-1.04782	-50.9939	-49.9461
BLOCK10/SES102/SA102S25	SES105	-0.771084	-50.7172	-49.9461
BLOCK10/SES102/SA102S25	SES147	-2.19988	-52.146	-49.9461
BLOCK10/SES102/SA102S27	SES007	-0.958237	-54.6451	-53.6868
BLOCK10/SES102/SA102S27	SES101	-0.820267	-54.5071	-53.6868
BLOCK10/SES102/SA102S27	SES105	-1.26028	-54.9471	-53.6868
BLOCK10/SES102/SA102S27	SES147	-1.33774	-55.0246	-53.6868
BLOCK10/SES103/SA103S14	SES105	-0.210938	-51.1468	-50.9359
BLOCK10/SES103/SA103S14	SES106	-1.5989	-52.5348	-50.9359
BLOCK10/SES103/SA103S14	SES120	-1.1688	-52.1047	-50.9359
BLOCK10/SES103/SA103S14	SES206	-0.6838	-51.6197	-50.9359
BLOCK10/SES103/SA103S15	SES099	-1.13224	-56.2669	-55.1347
BLOCK10/SES103/SA103S15	SES101	-3.57832	-58.713	-55.1347
BLOCK10/SES103/SA103S15	SES104	-1.21959	-56.3543	-55.1347
BLOCK10/SES103/SA103S15	SES125	-6.91049	-62.0452	-55.1347
BLOCK10/SES103/SA103S24	SES104	-0.878803	-53.3537	-52.4749
BLOCK10/SES103/SA103S24	SES125	-1.13354	-53.6085	-52.4749
BLOCK10/SES103/SA103S24	SES148	-1.6711	-54.146	-52.4749
BLOCK10/SES103/SA103S24	SES158	-1.10022	-53.5752	-52.4749
BLOCK10/SES103/SA103S26	SES104	-0.764191	-52.6734	-51.9092
BLOCK10/SES103/SA103S26	SES106	-1.39808	-53.3073	-51.9092
BLOCK10/SES103/SA103S26	SES125	-1.3597	-53.2689	-51.9092
BLOCK10/SES103/SA103S26	SES148	-2.21844	-54.1277	-51.9092
BLOCK10/SES103/SA103S28	SES104	-0.887981	-55.9213	-55.0333
BLOCK10/SES103/SA103S28	SES106	-6.12343	-61.1567	-55.0333
BLOCK10/SES103/SA103S28	SES125	-1.92846	-56.9618	-55.0333
BLOCK10/SES103/SA103S28	SES206	-1.03793	-56.0712	-55.0333
BLOCK12/SES121/SA121S12	SES042	-1.25314	-52.747	-51.4939
BLOCK12/SES121/SA121S12	SES087	-1.44072	-52.9346	-51.4939
BLOCK12/SES121/SA121S12	SES105	0.0556564	-51.4382	-51.4939
BLOCK12/SES121/SA121S12	SES206	-0.895241	-52.3891	-51.4939
BLOCK12/SES121/SA121S14	SES007	-1.03238	-52.1947	-51.1623
BLOCK12/SES121/SA121S14	SES105	-0.435471	-51.5978	-51.1623
BLOCK12/SES121/SA121S14	SES106	-1.25158	-52.4139	-51.1623
BLOCK12/SES121/SA121S14	SES206	-0.989708	-52.152	-51.1623
BLOCK12/SES121/SA121S23	SES105	-0.0817299	-51.5399	-51.4582
BLOCK12/SES121/SA121S23	SES106	-0.916904	-52.3751	-51.4582
BLOCK12/SES121/SA121S23	SES120	-1.09846	-52.5567	-51.4582
BLOCK12/SES121/SA121S23	SES206	-0.134071	-51.5923	-51.4582
BLOCK12/SES121/SA121S25	SES007	-0.688084	-52.2101	-51.5221
BLOCK12/SES121/SA121S25	SES105	-0.450665	-51.9727	-51.5221
BLOCK12/SES121/SA121S25	SES106	-0.592979	-52.115	-51.5221
BLOCK12/SES121/SA121S25	SES206	-1.5745	-53.0966	-51.5221
BLOCK12/SES121/SA121S27	SES087	-0.667847	-52.8263	-52.1584
BLOCK12/SES121/SA121S27	SES105	-0.689816	-52.8482	-52.1584
BLOCK12/SES121/SA121S27	SES120	-0.244556	-52.403	-52.1584
BLOCK12/SES121/SA121S27	SES206	-0.498158	-52.6566	-52.1584
BLOCK12/SES124/SA124S16	SES042	-0.0825081	-49.857	-49.7745
BLOCK12/SES124/SA124S16	SES082	-1.08329	-50.8578	-49.7745
BLOCK12/SES124/SA124S16	SES183	-0.831104	-50.6056	-49.7745
BLOCK12/SES124/SA124S16	SES206	-0.831078	-50.6056	-49.7745
BLOCK12/SES124/SA124S17	SES105	-0.467815	-51.8793	-51.4115
BLOCK12/SES124/SA124S17	SES149	-1.04029	-52.4518	-51.4115
BLOCK12/SES124/SA124S17	SES158	-0.788319	-52.1998	-51.4115
BLOCK12/SES124/SA124S17	SES275	-0.455395	-51.8669	-51.4115
BLOCK12/SES124/SA124S23	SES105	-0.847366	-51.3887	-50.5414
BLOCK12/SES124/SA124S23	SES125	0.718826	-49.8226	-50.5414
BLOCK12/SES124/SA124S23	SES129	0.0617867	-50.4796	-50.5414
BLOCK12/SES124/SA124S23	SES158	-0.134079	-50.6755	-50.5414
BLOCK12/SES124/SA124S26	SES105	-0.624271	-52.7101	-52.0858
BLOCK12/SES124/SA124S26	SES125	0.241837	-51.844	-52.0858
BLOCK12/SES124/SA124S26	SES129	-0.745049	-52.8309	-52.0858
BLOCK12/SES124/SA124S26	SES158	-0.188362	-52.2742	-52.0858
BLOCK12/SES124/SA124S28	SES104	-0.287182	-50.8587	-50.5715
BLOCK12/SES124/SA124S28	SES106	0.117081	-50.4544	-50.5715
BLOCK12/SES124/SA124S28	SES125	-0.153	-50.7245	-50.5715
BLOCK12/SES124/SA124S28	SES275	-1.03051	-51.602	-50.5715
BLOCK12/SES126/SA126S13	SES007	-1.37576	-53.7566	-52.3809
BLOCK12/SES126/SA126S13	SES162	-0.279442	-52.6603	-52.3809
BLOCK12/SES126/SA126S13	SES177	-0.451935	-52.8328	-52.3809
BLOCK12/SES126/SA126S13	SES180	-0.109673	-52.4906	-52.3809
BLOCK12/SES126/SA126S14	SES144	-0.0555115	-51.3326	-51.2771
BLOCK12/SES126/SA126S14	SES148	-1.15215	-52.4292	-51.2771
BLOCK12/SES126/SA126S14	SES177	-0.205547	-51.4826	-51.2771
BLOCK12/SES126/SA126S14	SES180	0.420166	-50.8569	-51.2771
BLOCK12/SES126/SA126S20	SES007	-1.00088	-52.7695	-51.7687
BLOCK12/SES126/SA126S20	SES162	-0.435699	-52.2044	-51.7687
BLOCK12/SES126/SA126S20	SES172	-1.99614	-53.7648	-51.7687
BLOCK12/SES126/SA126S20	SES180	-0.472118	-52.2408	-51.7687
BLOCK12/SES126/SA126S24	SES120	-0.528214	-52.5295	-52.0013
BLOCK12/SES126/SA126S24	SES162	-0.0986214	-52.0999	-52.0013
BLOCK12/SES126/SA126S24	SES177	-0.341259	-52.3425	-52.0013
BLOCK12/SES126/SA126S24	SES180	0.685825	-51.3154	-52.0013
BLOCK12/SES126/SA126S26	SES120	-0.405781	-52.3512	-51.9454
BLOCK12/SES126/SA126S26	SES177	-0.697906	-52.6433	-51.9454
BLOCK12/SES126/SA126S26	SES180	-0.267536	-52.2129	-51.9454
BLOCK12/SES126/SA126S26	SES202	-0.943317	-52.8887	-51.9454
BLOCK12/SES128/SA128S10	SES087	-0.8395	-50.5526	-49.7131
BLOCK12/SES128/SA128S10	SES206	-1.5141	-51.2272	-49.7131
BLOCK12/SES128/SA128S10	SES226	-1.37749	-51.0906	-49.7131
BLOCK12/SES128/SA128S10	SES270	-0.727654	-50.4408	-49.7131
BLOCK12/SES128/SA128S12	SES120	-0.469242	-51.3724	-50.9032
BLOCK12/SES128/SA128S12	SES158	-0.903923	-51.8071	-50.9032
BLOCK12/SES128/SA128S12	SES206	-0.36916	-51.2723	-50.9032
BLOCK12/SES128/SA128S12	SES226	-0.80035	-51.7035	-50.9032
BLOCK12/SES128/SA128S21	SES106	-0.963299	-55.3831	-54.4198
BLOCK12/SES128/SA128S21	SES120	-0.783745	-55.2036	-54.4198
BLOCK12/SES128/SA128S21	SES206	-2.04612	-56.4659	-54.4198
BLOCK12/SES128/SA128S21	SES226	0.13274	-54.2871	-54.4198
BLOCK12/SES128/SA128S24	SES087	-0.758625	-52.1877	-51.429
BLOCK12/SES128/SA128S24	SES120	-0.59811	-52.0272	-51.429
BLOCK12/SES128/SA128S24	SES206	-1.06487	-52.4939	-51.429
BLOCK12/SES128/SA128S24	SES226	-0.85133	-52.2804	-51.429
BLOCK12/SES128/SA128S27	SES099	-0.393684	-50.1715	-49.7778
BLOCK12/SES128/SA128S27	SES120	-0.460083	-50.2379	-49.7778
BLOCK12/SES128/SA128S27	SES206	-0.855232	-50.633	-49.7778
BLOCK12/SES128/SA128S27	SES226	-0.382427	-50.1602	-49.7778
BLOCK13/SES130/SA130S13	SES143	-0.650455	-54.8358	-54.1853
BLOCK13/SES130/SA130S13	SES144	-0.63726	-54.8226	-54.1853
BLOCK13/SES130/SA130S13	SES146	-1.16655	-55.3519	-54.1853
BLOCK13/SES130/SA130S13	SES275	-1.30745	-55.4928	-54.1853
BLOCK13/SES130/SA130S15	SES143	-1.12154	-53.462	-52.3404
BLOCK13/SES130/SA130S15	SES144	-0.145531	-52.486	-52.3404
BLOCK13/SES130/SA130S15	SES146	-0.360867	-52.7013	-52.3404
BLOCK13/SES130/SA130S15	SES275	-0.793198	-53.1336	-52.3404
BLOCK13/SES130/SA130S23	SES127	-0.574024	-54.7745	-54.2005
BLOCK13/SES130/SA130S23	SES144	-0.639908	-54.8404	-54.2005
BLOCK13/SES130/SA130S23	SES146	-0.192738	-54.3932	-54.2005
BLOCK13/SES130/SA130S23	SES162	-1.77486	-55.9753	-54.2005
BLOCK13/SES130/SA130S25	SES127	-1.39872	-51.6976	-50.2989
BLOCK13/SES130/SA130S25	SES144	-0.720245	-51.0191	-50.2989
BLOCK13/SES130/SA130S25	SES146	-0.101284	-50.4001	-50.2989
BLOCK13/SES130/SA130S25	SES275	-0.107643	-50.4065	-50.2989
BLOCK13/SES130/SA130S28	SES127	-1.53045	-54.1007	-52.5702
BLOCK13/SES130/SA130S28	SES144	-1.25316	-53.8234	-52.5702
BLOCK13/SES130/SA130S28	SES146	-0.383701	-52.9539	-52.5702
BLOCK13/SES130/SA130S28	SES275	-0.804214	-53.3744	-52.5702
BLOCK13/SES131/SA131S13	SES002	-1.02182	-53.9182	-52.8964
BLOCK13/SES131/SA131S13	SES007	-1.21961	-54.116	-52.8964
BLOCK13/SES131/SA131S13	SES099	-0.490154	-53.3866	-52.8964
BLOCK13/SES131/SA131S13	SES105	-0.442085	-53.3385	-52.8964
BLOCK13/SES131/SA131S14	SES104	-0.69936	-51.4403	-50.741
BLOCK13/SES131/SA131S14	SES106	-2.75362	-53.4946	-50.741
BLOCK13/SES131/SA131S14	SES125	-1.58613	-52.3271	-50.741
BLOCK13/SES131/SA131S14	SES148	-1.13945	-51.8804	-50.741
BLOCK13/SES131/SA131S20	SES104	-0.666161	-55.4438	-54.7776
BLOCK13/SES131/SA131S20	SES106	-2.38179	-57.1594	-54.7776
BLOCK13/SES131/SA131S20	SES125	-0.943226	-55.7208	-54.7776
BLOCK13/SES131/SA131S20	SES148	-1.20855	-55.9862	-54.7776
BLOCK13/SES131/SA131S22	SES099	-0.457588	-51.3603	-50.9027
BLOCK13/SES131/SA131S22	SES104	-0.984241	-51.887	-50.9027
BLOCK13/SES131/SA131S22	SES125	-0.400738	-51.3035	-50.9027
BLOCK13/SES131/SA131S22	SES206	-1.32933	-52.2321	-50.9027
BLOCK13/SES131/SA131S29	SES087	-1.0955	-54.2031	-53.1076
BLOCK13/SES131/SA131S29	SES104	-1.62825	-54.7359	-53.1076
BLOCK13/SES131/SA131S29	SES125	-1.40787	-54.5155	-53.1076
BLOCK13/SES131/SA131S29	SES206	-2.25266	-55.3603	-53.1076
BLOCK13/SES132/SA132S11	SES083	-0.377777	-49.9305	-49.5527
BLOCK13/SES132/SA132S11	SES120	0.0278435	-49.5249	-49.5527
BLOCK13/SES132/SA132S11	SES127	-0.427025	-49.9797	-49.5527
BLOCK13/SES132/SA132S11	SES275	-0.911045	-50.4637	-49.5527
BLOCK13/SES132/SA132S12	SES083	-0.953213	-51.9657	-51.0125
BLOCK13/SES132/SA132S12	SES143	-0.974216	-51.9867	-51.0125
BLOCK13/SES132/SA132S12	SES144	0.231255	-50.7813	-51.0125
BLOCK13/SES132/SA132S12	SES148	0.0789604	-50.9336	-51.0125
BLOCK13/SES132/SA132S22	SES062	-0.468613	-51.2144	-50.7458
BLOCK13/SES132/SA132S22	SES083	-0.254997	-51.0008	-50.7458
BLOCK13/SES132/SA132S22	SES127	-0.619873	-51.3657	-50.7458
BLOCK13/SES132/SA132S22	SES275	-0.881077	-51.6269	-50.7458
BLOCK13/SES132/SA132S24	SES007	-0.749184	-50.6868	-49.9376
BLOCK13/SES132/SA132S24	SES083	-0.419918	-50.3575	-49.9376
BLOCK13/SES132/SA132S24	SES127	-0.66629	-50.6039	-49.9376
BLOCK13/SES132/SA132S24	SES275	-0.811665	-50.7493	-49.9376
BLOCK13/SES132/SA132S27	SES083	-0.905159	-53.9754	-53.0702
BLOCK13/SES132/SA132S27	SES120	-0.304329	-53.3746	-53.0702
BLOCK13/SES132/SA132S27	SES127	-0.820621	-53.8909	-53.0702
BLOCK13/SES132/SA132S27	SES275	-0.875717	-53.9459	-53.0702
BLOCK14/SES141/SA141S09	SES143	-0.431671	-51.7896	-51.358
BLOCK14/SES141/SA141S09	SES144	0.0509148	-51.3071	-51.358
BLOCK14/SES141/SA141S09	SES162	-0.600895	-51.9589	-51.358
BLOCK14/SES141/SA141S09	SES180	0.0796471	-51.2783	-51.358
BLOCK14/SES141/SA141S15	SES127	-0.127396	-51.4832	-51.3558
BLOCK14/SES141/SA141S15	SES144	0.0516357	-51.3041	-51.3558
BLOCK14/SES141/SA141S15	SES162	-0.572647	-51.9284	-51.3558
BLOCK14/SES141/SA141S15	SES180	-0.293167	-51.6489	-51.3558
BLOCK14/SES141/SA141S24	SES127	0.111755	-50.8129	-50.9246
BLOCK14/SES141/SA141S24	SES144	-0.534561	-51.4592	-50.9246
BLOCK14/SES141/SA141S24	SES162	-0.210522	-51.1351	-50.9246
BLOCK14/SES141/SA141S24	SES183	-1.09626	-52.0209	-50.9246
BLOCK14/SES141/SA141S26	SES142	-0.184013	-52.7016	-52.5175
BLOCK14/SES141/SA141S26	SES144	-0.544971	-53.0625	-52.5175
BLOCK14/SES141/SA141S26	SES172	-0.629017	-53.1466	-52.5175
BLOCK14/SES141/SA141S26	SES180	0.194016	-52.3235	-52.5175
BLOCK14/SES141/SA141S29	SES127	0.448425	-50.0151	-50.4636
BLOCK14/SES141/SA141S29	SES142	0.357948	-50.1056	-50.4636
BLOCK14/SES141/SA141S29	SES144	-0.123169	-50.5867	-50.4636
BLOCK14/SES141/SA141S29	SES180	0.579174	-49.8844	-50.4636
BLOCK15/SES157/SA157S08	SES083	-0.604008	-52.2694	-51.6654
BLOCK15/SES157/SA157S08	SES127	-1.30669	-52.9721	-51.6654
BLOCK15/SES157/SA157S08	SES148	-1.66388	-53.3292	-51.6654
BLOCK15/SES157/SA157S08	SES292	-1.17585	-52.8412	-51.6654
BLOCK15/SES157/SA157S11	SES083	-1.26508	-53.4188	-52.1537
BLOCK15/SES157/SA157S11	SES127	-1.88568	-54.0394	-52.1537
BLOCK15/SES157/SA157S11	SES148	-1.98923	-54.1429	-52.1537
BLOCK15/SES157/SA157S11	SES292	-1.16811	-53.3218	-52.1537
BLOCK15/SES157/SA157S21	SES127	-0.39336	-53.0858	-52.6925
BLOCK15/SES157/SA157S21	SES148	-0.898586	-53.5911	-52.6925
BLOCK15/SES157/SA157S21	SES158	-2.41571	-55.1082	-52.6925
BLOCK15/SES157/SA157S21	SES292	-0.61895	-53.3114	-52.6925
BLOCK15/SES157/SA157S24	SES127	-0.435177	-52.0269	-51.5917
BLOCK15/SES157/SA157S24	SES148	-1.08105	-52.6727	-51.5917
BLOCK15/SES157/SA157S24	SES183	-0.968925	-52.5606	-51.5917
BLOCK15/SES157/SA157S24	SES292	-1.05781	-52.6495	-51.5917
BLOCK15/SES157/SA157S26	SES007	0.182011	-50.3149	-50.4969
BLOCK15/SES157/SA157S26	SES127	-0.5289	-51.0258	-50.4969
BLOCK15/SES157/SA157S26	SES147	-1.13617	-51.6331	-50.4969
BLOCK15/SES157/SA157S26	SES148	-1.36491	-51.8618	-50.4969
BLOCK16/SES161/SA161S10	SES007	-0.359489	-51.2774	-50.9179
BLOCK16/SES161/SA161S10	SES105	0.1637	-50.7542	-50.9179
BLOCK16/SES161/SA161S10	SES158	-0.324093	-51.242	-50.9179
BLOCK16/SES161/SA161S10	SES275	-0.890808	-51.8087	-50.9179
BLOCK16/SES161/SA161S12	SES007	-1.25472	-52.9129	-51.6582
BLOCK16/SES161/SA161S12	SES105	-0.265129	-51.9233	-51.6582
BLOCK16/SES161/SA161S12	SES158	-1.23727	-52.8954	-51.6582
BLOCK16/SES161/SA161S12	SES275	-0.126415	-51.7846	-51.6582
BLOCK16/SES161/SA161S20	SES007	-0.502483	-52.1884	-51.6859
BLOCK16/SES161/SA161S20	SES105	-0.967243	-52.6531	-51.6859
BLOCK16/SES161/SA161S20	SES158	-0.0755157	-51.7614	-51.6859
BLOCK16/SES161/SA161S20	SES275	-1.2644	-52.9503	-51.6859
BLOCK16/SES161/SA161S23	SES007	-1.57997	-54.8504	-53.2704
BLOCK16/SES161/SA161S23	SES105	-0.659714	-53.9301	-53.2704
BLOCK16/SES161/SA161S23	SES148	-0.829967	-54.1004	-53.2704
BLOCK16/SES161/SA161S23	SES158	-1.537	-54.8074	-53.2704
BLOCK16/SES161/SA161S28	SES007	-0.8106	-50.6684	-49.8578
BLOCK16/SES161/SA161S28	SES105	-0.790848	-50.6487	-49.8578
BLOCK16/SES161/SA161S28	SES158	-0.336929	-50.1947	-49.8578
BLOCK16/SES161/SA161S28	SES206	-0.600945	-50.4588	-49.8578
BLOCK16/SES164/SA164S11	SES104	-0.319035	-52.9035	-52.5845
BLOCK16/SES164/SA164S11	SES125	-0.235554	-52.82	-52.5845
BLOCK16/SES164/SA164S11	SES158	-1.477	-54.0615	-52.5845
BLOCK16/SES164/SA164S11	SES206	-1.54218	-54.1267	-52.5845
BLOCK16/SES164/SA164S13	SES099	-0.60257	-54.327	-53.7244
BLOCK16/SES164/SA164S13	SES104	-1.25962	-54.984	-53.7244
BLOCK16/SES164/SA164S13	SES125	-1.88576	-55.6102	-53.7244
BLOCK16/SES164/SA164S13	SES206	-2.17365	-55.898	-53.7244
BLOCK16/SES164/SA164S24	SES002	0.11533	-53.0953	-53.2106
BLOCK16/SES164/SA164S24	SES099	-0.0223885	-53.233	-53.2106
BLOCK16/SES164/SA164S24	SES125	-0.637897	-53.8485	-53.2106
BLOCK16/SES164/SA164S24	SES226	0.488258	-52.7224	-53.2106
BLOCK16/SES164/SA164S27	SES087	-0.378418	-54.1496	-53.7712
BLOCK16/SES164/SA164S27	SES125	-0.674301	-54.4455	-53.7712
BLOCK16/SES164/SA164S27	SES206	-2.1046	-55.8758	-53.7712
BLOCK16/SES164/SA164S27	SES226	-0.297115	-54.0683	-53.7712
BLOCK16/SES164/SA164S29	SES002	0.330631	-52.1987	-52.5293
BLOCK16/SES164/SA164S29	SES019	-0.772144	-53.3015	-52.5293
BLOCK16/SES164/SA164S29	SES125	-0.0872536	-52.6166	-52.5293
BLOCK16/SES164/SA164S29	SES226	-0.608334	-53.1377	-52.5293
BLOCK16/SES169/SA169S13	SES117	-1.61179	-53.5806	-51.9688
BLOCK16/SES169/SA169S13	SES144	-0.397602	-52.3664	-51.9688
BLOCK16/SES169/SA169S13	SES146	-0.739162	-52.708	-51.9688
BLOCK16/SES169/SA169S13	SES162	-1.0554	-53.0242	-51.9688
BLOCK16/SES169/SA169S14	SES144	-0.53133	-50.4665	-49.9352
BLOCK16/SES169/SA169S14	SES148	-1.09845	-51.0336	-49.9352
BLOCK16/SES169/SA169S14	SES177	-0.230145	-50.1653	-49.9352
BLOCK16/SES169/SA169S14	SES180	-0.463577	-50.3988	-49.9352
BLOCK16/SES169/SA169S24	SES117	-0.741302	-53.9394	-53.1981
BLOCK16/SES169/SA169S24	SES144	-0.0926781	-53.2908	-53.1981
BLOCK16/SES169/SA169S24	SES146	-0.754414	-53.9525	-53.1981
BLOCK16/SES169/SA169S24	SES162	-1.305	-54.5031	-53.1981
BLOCK16/SES169/SA169S27	SES127	-0.163151	-50.694	-50.5308
BLOCK16/SES169/SA169S27	SES129	-0.414871	-50.9457	-50.5308
BLOCK16/SES169/SA169S27	SES144	-0.562881	-51.0937	-50.5308
BLOCK16/SES169/SA169S27	SES146	-0.7896	-51.3204	-50.5308
BLOCK16/SES169/SA169S29	SES144	-0.205868	-50.294	-50.0881
BLOCK16/SES169/SA169S29	SES162	-0.507172	-50.5953	-50.0881
BLOCK16/SES169/SA169S29	SES177	-0.517101	-50.6052	-50.0881
BLOCK16/SES169/SA169S29	SES180	-0.437969	-50.5261	-50.0881
BLOCK17/SES171/SA171S12	SES083	-1.52886	-55.2133	-53.6845
BLOCK17/SES171/SA171S12	SES148	-1.38943	-55.0739	-53.6845
BLOCK17/SES171/SA171S12	SES172	-0.731255	-54.4157	-53.6845
BLOCK17/SES171/SA171S12	SES292	-1.84462	-55.5291	-53.6845
BLOCK17/SES171/SA171S15	SES148	-1.97194	-56.3052	-54.3332
BLOCK17/SES171/SA171S15	SES177	-1.38437	-55.7176	-54.3332
BLOCK17/SES171/SA171S15	SES180	-0.818012	-55.1513	-54.3332
BLOCK17/SES171/SA171S15	SES292	-1.84652	-56.1798	-54.3332
BLOCK17/SES171/SA171S22	SES007	-1.06711	-52.6284	-51.5612
BLOCK17/SES171/SA171S22	SES148	-1.30344	-52.8647	-51.5612
BLOCK17/SES171/SA171S22	SES177	-0.999599	-52.5608	-51.5612
BLOCK17/SES171/SA171S22	SES180	-1.77675	-53.338	-51.5612
BLOCK17/SES171/SA171S25	SES101	-2.21323	-57.6699	-55.4567
BLOCK17/SES171/SA171S25	SES120	-2.02534	-57.482	-55.4567
BLOCK17/SES171/SA171S25	SES177	-0.884541	-56.3412	-55.4567
BLOCK17/SES171/SA171S25	SES180	-0.982403	-56.4391	-55.4567
BLOCK17/SES171/SA171S27	SES177	-0.310001	-52.6404	-52.3304
BLOCK17/SES171/SA171S27	SES180	-0.840244	-53.1706	-52.3304
BLOCK17/SES171/SA171S27	SES189	-1.45747	-53.7879	-52.3304
BLOCK17/SES171/SA171S27	SES292	-1.29333	-53.6237	-52.3304
BLOCK17/SES173/SA173S13	SES162	-0.101395	-52.3762	-52.2748
BLOCK17/SES173/SA173S13	SES177	0.0787582	-52.196	-52.2748
BLOCK17/SES173/SA173S13	SES180	-0.527615	-52.8024	-52.2748
BLOCK17/SES173/SA173S13	SES292	-1.75438	-54.0291	-52.2748
BLOCK17/SES173/SA173S14	SES007	-7.9028	-62.6392	-54.7365
BLOCK17/SES173/SA173S14	SES162	-6.50919	-61.2456	-54.7365
BLOCK17/SES173/SA173S14	SES177	-2.05366	-56.7901	-54.7365
BLOCK17/SES173/SA173S14	SES180	-7.24992	-61.9864	-54.7365
BLOCK17/SES173/SA173S24	SES144	-1.14977	-57.0028	-55.853
BLOCK17/SES173/SA173S24	SES162	-1.93161	-57.7846	-55.853
BLOCK17/SES173/SA173S24	SES177	-0.746552	-56.5996	-55.853
BLOCK17/SES173/SA173S24	SES180	-1.98206	-57.8351	-55.853
BLOCK17/SES173/SA173S27	SES162	-0.108566	-53.6867	-53.5781
BLOCK17/SES173/SA173S27	SES177	-0.0601196	-53.6382	-53.5781
BLOCK17/SES173/SA173S27	SES180	0.40818	-53.1699	-53.5781
BLOCK17/SES173/SA173S27	SES292	-1.93603	-55.5141	-53.5781
BLOCK17/SES173/SA173S29	SES162	-0.846649	-57.9886	-57.1419
BLOCK17/SES173/SA173S29	SES175	0.817921	-56.324	-57.1419
BLOCK17/SES173/SA173S29	SES177	-0.224148	-57.3661	-57.1419
BLOCK17/SES173/SA173S29	SES292	-1.80533	-58.9473	-57.1419
BLOCK18/SES182/SA182S10	SES144	-0.259964	-49.4069	-49.1469
BLOCK18/SES182/SA182S10	SES177	-0.0211487	-49.168	-49.1469
BLOCK18/SES182/SA182S10	SES180	-0.53054	-49.6774	-49.1469
BLOCK18/SES182/SA182S10	SES275	-0.308155	-49.4551	-49.1469
BLOCK18/SES182/SA182S12	SES144	0.0306473	-50.4441	-50.4748
BLOCK18/SES182/SA182S12	SES177	0.0747566	-50.4	-50.4748
BLOCK18/SES182/SA182S12	SES180	-0.621517	-51.0963	-50.4748
BLOCK18/SES182/SA182S12	SES275	-0.643349	-51.1181	-50.4748
BLOCK18/SES182/SA182S21	SES117	-0.28973	-51.4506	-51.1608
BLOCK18/SES182/SA182S21	SES144	0.264519	-50.8963	-51.1608
BLOCK18/SES182/SA182S21	SES162	0.0161934	-51.1446	-51.1608
BLOCK18/SES182/SA182S21	SES180	-0.548275	-51.7091	-51.1608
BLOCK18/SES182/SA182S23	SES117	-1.02744	-52.9849	-51.9575
BLOCK18/SES182/SA182S23	SES144	-0.42828	-52.3857	-51.9575
BLOCK18/SES182/SA182S23	SES180	-1.25682	-53.2143	-51.9575
BLOCK18/SES182/SA182S23	SES275	-0.586098	-52.5436	-51.9575
BLOCK18/SES182/SA182S25	SES007	0.0824089	-50.5355	-50.6179
BLOCK18/SES182/SA182S25	SES162	0.0482788	-50.5696	-50.6179
BLOCK18/SES182/SA182S25	SES177	0.0333633	-50.5845	-50.6179
BLOCK18/SES182/SA182S25	SES180	-0.0166817	-50.6345	-50.6179
BLOCK18/SES184/SA184S12	SES177	-0.673855	-52.1315	-51.4577
BLOCK18/SES184/SA184S12	SES180	-0.869499	-52.3272	-51.4577
BLOCK18/SES184/SA184S12	SES189	-2.16137	-53.619	-51.4577
BLOCK18/SES184/SA184S12	SES292	-1.06705	-52.5247	-51.4577
BLOCK18/SES184/SA184S13	SES101	-0.966663	-54.5049	-53.5382
BLOCK18/SES184/SA184S13	SES177	-0.977772	-54.516	-53.5382
BLOCK18/SES184/SA184S13	SES180	-0.473789	-54.012	-53.5382
BLOCK18/SES184/SA184S13	SES292	-0.812374	-54.3506	-53.5382
BLOCK18/SES184/SA184S22	SES177	-0.650566	-53.0342	-52.3837
BLOCK18/SES184/SA184S22	SES180	-0.321751	-52.7054	-52.3837
BLOCK18/SES184/SA184S22	SES189	-2.77651	-55.1602	-52.3837
BLOCK18/SES184/SA184S22	SES292	-0.990604	-53.3743	-52.3837
BLOCK18/SES184/SA184S25	SES101	-0.810085	-53.1435	-52.3334
BLOCK18/SES184/SA184S25	SES177	-0.782116	-53.1155	-52.3334
BLOCK18/SES184/SA184S25	SES180	-0.558884	-52.8923	-52.3334
BLOCK18/SES184/SA184S25	SES292	-0.880123	-53.2135	-52.3334
BLOCK18/SES184/SA184S27	SES083	-0.369026	-53.3422	-52.9732
BLOCK18/SES184/SA184S27	SES177	-0.584366	-53.5576	-52.9732
BLOCK18/SES184/SA184S27	SES202	-0.965797	-53.939	-52.9732
BLOCK18/SES184/SA184S27	SES292	-0.9231	-53.8963	-52.9732
BLOCK20/SES204/SA204S12	SES062	-1.12932	-51.5285	-50.3992
BLOCK20/SES204/SA204S12	SES083	-0.942242	-51.3414	-50.3992
BLOCK20/SES204/SA204S12	SES206	-1.56253	-51.9617	-50.3992
BLOCK20/SES204/SA204S12	SES226	-2.02821	-52.4274	-50.3992
BLOCK20/SES204/SA204S14	SES068	-0.64819	-50.6256	-49.9774
BLOCK20/SES204/SA204S14	SES087	-0.5588	-50.5362	-49.9774
BLOCK20/SES204/SA204S14	SES206	-1.66151	-51.6389	-49.9774
BLOCK20/SES204/SA204S14	SES226	-1.56665	-51.5441	-49.9774
BLOCK20/SES204/SA204S22	SES068	-0.679718	-51.9053	-51.2256
BLOCK20/SES204/SA204S22	SES082	-2.32196	-53.5475	-51.2256
BLOCK20/SES204/SA204S22	SES083	-1.18085	-52.4064	-51.2256
BLOCK20/SES204/SA204S22	SES206	-1.70235	-52.9279	-51.2256
BLOCK20/SES204/SA204S25	SES062	-1.24339	-52.0658	-50.8224
BLOCK20/SES204/SA204S25	SES083	-0.773891	-51.5963	-50.8224
BLOCK20/SES204/SA204S25	SES206	-1.5402	-52.3626	-50.8224
BLOCK20/SES204/SA204S25	SES226	-1.55792	-52.3803	-50.8224
BLOCK20/SES204/SA204S27	SES068	-0.599277	-53.9491	-53.3499
BLOCK20/SES204/SA204S27	SES082	-1.96181	-55.3117	-53.3499
BLOCK20/SES204/SA204S27	SES087	-0.938984	-54.2888	-53.3499
BLOCK20/SES204/SA204S27	SES206	-2.19587	-55.5457	-53.3499
BLOCK20/SES207/SA207S10	SES127	-0.956394	-52.6605	-51.7041
BLOCK20/SES207/SA207S10	SES183	-0.719818	-52.4239	-51.7041
BLOCK20/SES207/SA207S10	SES189	-1.84988	-53.554	-51.7041
BLOCK20/SES207/SA207S10	SES292	-1.41093	-53.115	-51.7041
BLOCK20/SES207/SA207S11	SES127	-1.69443	-57.0998	-55.4054
BLOCK20/SES207/SA207S11	SES183	-0.3885	-55.7939	-55.4054
BLOCK20/SES207/SA207S11	SES187	-2.24448	-57.6499	-55.4054
BLOCK20/SES207/SA207S11	SES292	-1.15648	-56.5619	-55.4054
BLOCK20/SES207/SA207S25	SES068	-0.86237	-53.6386	-52.7762
BLOCK20/SES207/SA207S25	SES083	-1.19944	-53.9757	-52.7762
BLOCK20/SES207/SA207S25	SES127	-0.110214	-52.8864	-52.7762
BLOCK20/SES207/SA207S25	SES187	-0.852768	-53.629	-52.7762
BLOCK20/SES207/SA207S27	SES127	-0.952312	-54.1679	-53.2156
BLOCK20/SES207/SA207S27	SES183	-0.20594	-53.4215	-53.2156
BLOCK20/SES207/SA207S27	SES187	-1.16719	-54.3828	-53.2156
BLOCK20/SES207/SA207S27	SES292	-1.73407	-54.9497	-53.2156
BLOCK20/SES207/SA207S29	SES083	-1.80898	-54.6504	-52.8414
BLOCK20/SES207/SA207S29	SES085	-1.79045	-54.6319	-52.8414
BLOCK20/SES207/SA207S29	SES172	-1.37247	-54.2139	-52.8414
BLOCK20/SES207/SA207S29	SES189	-2.57682	-55.4183	-52.8414
BLOCK22/SES221/SA221S12	SES068	-1.23991	-52.5308	-51.2909
BLOCK22/SES221/SA221S12	SES143	-0.365864	-51.6568	-51.2909
BLOCK22/SES221/SA221S12	SES175	0.665085	-50.6258	-51.2909
BLOCK22/SES221/SA221S12	SES202	0.241287	-51.0496	-51.2909
BLOCK22/SES221/SA221S15	SES085	-0.667442	-54.5348	-53.8673
BLOCK22/SES221/SA221S15	SES143	-0.340939	-54.2083	-53.8673
BLOCK22/SES221/SA221S15	SES175	0.551136	-53.3162	-53.8673
BLOCK22/SES221/SA221S15	SES187	-0.0133896	-53.8807	-53.8673
BLOCK22/SES221/SA221S23	SES068	-1.18517	-52.8866	-51.7015
BLOCK22/SES221/SA221S23	SES143	-0.23447	-51.9359	-51.7015
BLOCK22/SES221/SA221S23	SES175	0.433102	-51.2684	-51.7015
BLOCK22/SES221/SA221S23	SES189	-0.0785408	-51.78	-51.7015
BLOCK22/SES221/SA221S27	SES085	-0.216213	-54.6831	-54.4669
BLOCK22/SES221/SA221S27	SES143	0.441368	-54.0255	-54.4669
BLOCK22/SES221/SA221S27	SES175	0.333164	-54.1337	-54.4669
BLOCK22/SES221/SA221S27	SES189	0.658047	-53.8089	-54.4669
BLOCK22/SES221/SA221S29	SES085	-0.133148	-54.7718	-54.6386
BLOCK22/SES221/SA221S29	SES143	0.125034	-54.5136	-54.6386
BLOCK22/SES221/SA221S29	SES175	1.04313	-53.5955	-54.6386
BLOCK22/SES221/SA221S29	SES187	0.955055	-53.6836	-54.6386
BLOCK22/SES223/SA223S11	SES143	-0.910053	-53.9838	-53.0737
BLOCK22/SES223/SA223S11	SES144	-0.918575	-53.9923	-53.0737
BLOCK22/SES223/SA223S11	SES175	-0.191963	-53.2657	-53.0737
BLOCK22/SES223/SA223S11	SES187	-0.663219	-53.7369	-53.0737
BLOCK22/SES223/SA223S13	SES068	-2.22054	-55.3789	-53.1584
BLOCK22/SES223/SA223S13	SES143	-0.889023	-54.0474	-53.1584
BLOCK22/SES223/SA223S13	SES146	-1.18615	-54.3445	-53.1584
BLOCK22/SES223/SA223S13	SES202	0.925724	-52.2326	-53.1584
BLOCK22/SES223/SA223S22	SES143	-0.621292	-53.9134	-53.2921
BLOCK22/SES223/SA223S22	SES144	-1.11635	-54.4085	-53.2921
BLOCK22/SES223/SA223S22	SES175	-0.816528	-54.1087	-53.2921
BLOCK22/SES223/SA223S22	SES187	-0.190266	-53.4824	-53.2921
BLOCK22/SES223/SA223S25	SES068	-1.719	-54.8966	-53.1776
BLOCK22/SES223/SA223S25	SES143	-0.677181	-53.8548	-53.1776
BLOCK22/SES223/SA223S25	SES175	-0.135471	-53.3131	-53.1776
BLOCK22/SES223/SA223S25	SES187	-0.686024	-53.8636	-53.1776
BLOCK22/SES223/SA223S27	SES143	-0.14418	-56.2868	-56.1426
BLOCK22/SES223/SA223S27	SES146	-1.49707	-57.6397	-56.1426
BLOCK22/SES223/SA223S27	SES187	-0.0105705	-56.1532	-56.1426
BLOCK22/SES223/SA223S27	SES292	-1.13853	-57.2811	-56.1426
BLOCK27/SES273/SA273S12	SES099	-0.0753059	-50.2068	-50.1315
BLOCK27/SES273/SA273S12	SES104	-0.509716	-50.6412	-50.1315
BLOCK27/SES273/SA273S12	SES125	-1.33687	-51.4683	-50.1315
BLOCK27/SES273/SA273S12	SES206	-0.180988	-50.3125	-50.1315
BLOCK27/SES273/SA273S13	SES099	-0.352142	-51.7822	-51.43
BLOCK27/SES273/SA273S13	SES104	-1.14432	-52.5744	-51.43
BLOCK27/SES273/SA273S13	SES206	-0.997753	-52.4278	-51.43
BLOCK27/SES273/SA273S13	SES292	-0.778996	-52.209	-51.43
BLOCK27/SES273/SA273S21	SES099	0.160606	-51.4109	-51.5715
BLOCK27/SES273/SA273S21	SES148	-2.50779	-54.0793	-51.5715
BLOCK27/SES273/SA273S21	SES149	-2.54942	-54.121	-51.5715
BLOCK27/SES273/SA273S21	SES177	-0.532822	-52.1044	-51.5715
BLOCK27/SES273/SA273S25	SES104	-1.07774	-52.1805	-51.1028
BLOCK27/SES273/SA273S25	SES125	-0.899288	-52.002	-51.1028
BLOCK27/SES273/SA273S25	SES158	0.122475	-50.9803	-51.1028
BLOCK27/SES273/SA273S25	SES206	-0.870117	-51.9729	-51.1028
BLOCK27/SES273/SA273S27	SES099	-0.573986	-51.6856	-51.1116
BLOCK27/SES273/SA273S27	SES104	-1.62379	-52.7354	-51.1116
BLOCK27/SES273/SA273S27	SES149	-1.14297	-52.2546	-51.1116
BLOCK27/SES273/SA273S27	SES275	-0.89909	-52.0107	-51.1116
BLOCK27/SES274/SA274S10	SES105	-1.71125	-53.7206	-52.0094
BLOCK27/SES274/SA274S10	SES125	-0.591637	-52.601	-52.0094
BLOCK27/SES274/SA274S10	SES129	-0.160782	-52.1701	-52.0094
BLOCK27/SES274/SA274S10	SES158	-1.9028	-53.9122	-52.0094
BLOCK27/SES274/SA274S11	SES105	-0.667587	-51.2474	-50.5798
BLOCK27/SES274/SA274S11	SES149	-0.974426	-51.5543	-50.5798
BLOCK27/SES274/SA274S11	SES158	-0.952835	-51.5327	-50.5798
BLOCK27/SES274/SA274S11	SES275	-0.543667	-51.1235	-50.5798
BLOCK27/SES274/SA274S21	SES105	-1.12861	-51.0245	-49.8959
BLOCK27/SES274/SA274S21	SES129	0.0648842	-49.831	-49.8959
BLOCK27/SES274/SA274S21	SES149	-0.824177	-50.72	-49.8959
BLOCK27/SES274/SA274S21	SES158	-1.56109	-51.457	-49.8959
BLOCK27/SES274/SA274S24	SES105	-1.76177	-52.9025	-51.1407
BLOCK27/SES274/SA274S24	SES129	0.021225	-51.1195	-51.1407
BLOCK27/SES274/SA274S24	SES149	-0.863499	-52.0042	-51.1407
BLOCK27/SES274/SA274S24	SES158	-2.18353	-53.3243	-51.1407
BLOCK27/SES274/SA274S29	SES105	-1.59787	-53.291	-51.6931
BLOCK27/SES274/SA274S29	SES106	-3.06017	-54.7533	-51.6931
BLOCK27/SES274/SA274S29	SES120	-0.762337	-52.4554	-51.6931
BLOCK27/SES274/SA274S29	SES275	-0.649506	-52.3426	-51.6931
BLOCK27/SES276/SA276S16	SES148	-2.01846	-53.9481	-51.9297
BLOCK27/SES276/SA276S16	SES172	-0.544514	-52.4742	-51.9297
BLOCK27/SES276/SA276S16	SES180	-1.07517	-53.0048	-51.9297
BLOCK27/SES276/SA276S16	SES292	-1.11622	-53.0459	-51.9297
BLOCK27/SES276/SA276S17	SES101	-1.00848	-53.9769	-52.9684
BLOCK27/SES276/SA276S17	SES177	-0.972858	-53.9413	-52.9684
BLOCK27/SES276/SA276S17	SES180	-0.213318	-53.1817	-52.9684
BLOCK27/SES276/SA276S17	SES292	-0.833275	-53.8017	-52.9684
BLOCK27/SES276/SA276S24	SES101	-1.08683	-51.4466	-50.3598
BLOCK27/SES276/SA276S24	SES177	-0.269054	-50.6288	-50.3598
BLOCK27/SES276/SA276S24	SES180	-0.409824	-50.7696	-50.3598
BLOCK27/SES276/SA276S24	SES292	-1.12622	-51.486	-50.3598
BLOCK27/SES276/SA276S26	SES101	-1.69583	-55.7641	-54.0682
BLOCK27/SES276/SA276S26	SES177	-0.701263	-54.7695	-54.0682
BLOCK27/SES276/SA276S26	SES180	-0.959705	-55.0279	-54.0682
BLOCK27/SES276/SA276S26	SES292	-0.737431	-54.8057	-54.0682
BLOCK27/SES276/SA276S28	SES101	-1.10843	-53.8994	-52.791
BLOCK27/SES276/SA276S28	SES177	-0.70364	-53.4946	-52.791
BLOCK27/SES276/SA276S28	SES180	-0.454624	-53.2456	-52.791
BLOCK27/SES276/SA276S28	SES292	-0.51627	-53.3072	-52.791
BLOCK27/SES277/SA277S12	SES101	-1.1419	-53.7035	-52.5616
BLOCK27/SES277/SA277S12	SES177	-0.869755	-53.4314	-52.5616
BLOCK27/SES277/SA277S12	SES180	-0.418095	-52.9797	-52.5616
BLOCK27/SES277/SA277S12	SES292	-1.23542	-53.797	-52.5616
BLOCK27/SES277/SA277S14	SES177	-0.391682	-53.6037	-53.212
BLOCK27/SES277/SA277S14	SES180	-1.01056	-54.2226	-53.212
BLOCK27/SES277/SA277S14	SES189	-1.00634	-54.2184	-53.212
BLOCK27/SES277/SA277S14	SES292	-1.75739	-54.9694	-53.212
BLOCK27/SES277/SA277S21	SES177	-0.122341	-51.2269	-51.1045
BLOCK27/SES277/SA277S21	SES180	-1.53429	-52.6388	-51.1045
BLOCK27/SES277/SA277S21	SES189	-1.72023	-52.8248	-51.1045
BLOCK27/SES277/SA277S21	SES292	-1.2801	-52.3846	-51.1045
BLOCK27/SES277/SA277S24	SES144	-1.31337	-54.1142	-52.8008
BLOCK27/SES277/SA277S24	SES177	-0.414669	-53.2155	-52.8008
BLOCK27/SES277/SA277S24	SES180	-0.799965	-53.6007	-52.8008
BLOCK27/SES277/SA277S24	SES189	-1.03834	-53.8391	-52.8008
BLOCK27/SES277/SA277S29	SES177	-0.515903	-51.6094	-51.0935
BLOCK27/SES277/SA277S29	SES180	-0.415211	-51.5087	-51.0935
BLOCK27/SES277/SA277S29	SES202	-0.722675	-51.8162	-51.0935
BLOCK27/SES277/SA277S29	SES292	-1.05503	-52.1485	-51.0935
BLOCK27/SES279/SA279S09	SES120	-1.32527	-51.6483	-50.323
BLOCK27/SES279/SA279S09	SES146	-0.93185	-51.2549	-50.323
BLOCK27/SES279/SA279S09	SES206	-0.862186	-51.1852	-50.323
BLOCK27/SES279/SA279S09	SES226	-1.59697	-51.92	-50.323
BLOCK27/SES279/SA279S10	SES099	-0.406433	-50.6101	-50.2037
BLOCK27/SES279/SA279S10	SES206	-1.06511	-51.2688	-50.2037
BLOCK27/SES279/SA279S10	SES226	-1.45694	-51.6606	-50.2037
BLOCK27/SES279/SA279S10	SES292	-0.357407	-50.5611	-50.2037
BLOCK27/SES279/SA279S20	SES099	-0.369308	-50.1851	-49.8158
BLOCK27/SES279/SA279S20	SES206	-0.74741	-50.5632	-49.8158
BLOCK27/SES279/SA279S20	SES226	-1.14075	-50.9565	-49.8158
BLOCK27/SES279/SA279S20	SES292	-0.648941	-50.4647	-49.8158
BLOCK27/SES279/SA279S26	SES099	-0.330376	-51.0927	-50.7623
BLOCK27/SES279/SA279S26	SES206	-0.517952	-51.2802	-50.7623
BLOCK27/SES279/SA279S26	SES226	-0.732136	-51.4944	-50.7623
BLOCK27/SES279/SA279S26	SES292	-0.520138	-51.2824	-50.7623
BLOCK27/SES279/SA279S28	SES099	-0.332478	-50.9905	-50.6581
BLOCK27/SES279/SA279S28	SES120	-0.0815201	-50.7396	-50.6581
BLOCK27/SES279/SA279S28	SES177	-0.94849	-51.6066	-50.6581
BLOCK27/SES279/SA279S28	SES206	-1.02767	-51.6857	-50.6581
BLOCK29/SES290/SA290S12	SES162	-0.0718956	-49.7239	-49.652
BLOCK29/SES290/SA290S12	SES177	-0.24651	-49.8985	-49.652
BLOCK29/SES290/SA290S12	SES180	-0.360622	-50.0126	-49.652
BLOCK29/SES290/SA290S12	SES292	-1.61101	-51.263	-49.652
BLOCK29/SES290/SA290S13	SES007	-1.47534	-53.6249	-52.1495
BLOCK29/SES290/SA290S13	SES162	-0.635002	-52.7845	-52.1495
BLOCK29/SES290/SA290S13	SES177	-0.460369	-52.6099	-52.1495
BLOCK29/SES290/SA290S13	SES180	-0.403858	-52.5534	-52.1495
BLOCK29/SES290/SA290S22	SES177	-0.0569649	-51.9308	-51.8738
BLOCK29/SES290/SA290S22	SES180	-0.232719	-52.1065	-51.8738
BLOCK29/SES290/SA290S22	SES202	-0.622204	-52.496	-51.8738
BLOCK29/SES290/SA290S22	SES292	-1.53705	-53.4108	-51.8738
BLOCK29/SES290/SA290S25	SES162	-2.00608	-52.6578	-50.6517
BLOCK29/SES290/SA290S25	SES177	-0.470074	-51.1218	-50.6517
BLOCK29/SES290/SA290S25	SES180	-1.98317	-52.6349	-50.6517
BLOCK29/SES290/SA290S25	SES292	-1.04904	-51.7008	-50.6517
BLOCK29/SES290/SA290S29	SES177	-0.946877	-52.3188	-51.3719
BLOCK29/SES290/SA290S29	SES180	-0.356285	-51.7282	-51.3719
BLOCK29/SES290/SA290S29	SES275	-1.28347	-52.6554	-51.3719
BLOCK29/SES290/SA290S29	SES292	-1.39491	-52.7668	-51.3719
BLOCK29/SES291/SA291S11	SES105	-0.685062	-51.8067	-51.1216
BLOCK29/SES291/SA291S11	SES125	-3.37884	-54.5004	-51.1216
BLOCK29/SES291/SA291S11	SES158	-0.185059	-51.3066	-51.1216
BLOCK29/SES291/SA291S11	SES275	-1.07492	-52.1965	-51.1216
BLOCK29/SES291/SA291S12	SES158	0.194695	-47.8225	-48.0172
BLOCK29/SES291/SA291S12	SES226	-1.90978	-49.927	-48.0172
BLOCK29/SES291/SA291S12	SES270	0.450974	-47.5662	-48.0172
BLOCK29/SES291/SA291S12	SES275	-0.751022	-48.7682	-48.0172
BLOCK29/SES291/SA291S22	SES082	-1.53178	-52.8696	-51.3379
BLOCK29/SES291/SA291S22	SES158	-0.794044	-52.1319	-51.3379
BLOCK29/SES291/SA291S22	SES259	-1.32728	-52.6651	-51.3379
BLOCK29/SES291/SA291S22	SES275	-1.24846	-52.5863	-51.3379
BLOCK29/SES291/SA291S24	SES104	-0.232853	-51.5002	-51.2673
BLOCK29/SES291/SA291S24	SES125	-0.0892296	-51.3565	-51.2673
BLOCK29/SES291/SA291S24	SES158	0.0549622	-51.2124	-51.2673
BLOCK29/SES291/SA291S24	SES275	-0.933857	-52.2012	-51.2673
BLOCK29/SES291/SA291S27	SES158	0.272171	-51.2543	-51.5265
BLOCK29/SES291/SA291S27	SES172	-1.15889	-52.6854	-51.5265
BLOCK29/SES291/SA291S27	SES275	-1.30407	-52.8306	-51.5265
BLOCK29/SES291/SA291S27	SES292	-0.867489	-52.394	-51.5265
