BLOCK00/SES002/SA002S12	SES002	-0.0757217	-49.5779	-49.5021
BLOCK00/SES002/SA002S13	SES002	-0.135937	-50.8414	-50.7054
BLOCK00/SES002/SA002S23	SES002	0.0489502	-49.6631	-49.712
BLOCK00/SES002/SA002S26	SES002	-0.408325	-49.8603	-49.4519
BLOCK00/SES002/SA002S28	SES002	-0.0140076	-49.5368	-49.5228
BLOCK00/SES007/SA007S14	SES007	0.726109	-47.9823	-48.7084
BLOCK00/SES007/SA007S15	SES007	-0.018055	-50.134	-50.116
BLOCK00/SES007/SA007S24	SES007	0.4939	-48.5827	-49.0766
BLOCK00/SES007/SA007S27	SES007	0.0728455	-51.7664	-51.8393
BLOCK00/SES007/SA007S29	SES007	-0.318069	-50.6997	-50.3817
BLOCK00/SES008/SA008S11	SES008	0.701038	-52.4091	-53.1101
BLOCK00/SES008/SA008S12	SES008	0.670757	-51.9539	-52.6246
BLOCK00/SES008/SA008S19	SES008	-0.228256	-53.7693	-53.5411
BLOCK00/SES008/SA008S22	SES008	-0.0943756	-52.4796	-52.3852
BLOCK00/SES008/SA008S29	SES008	0.654942	-52.159	-52.814
BLOCK01/SES014/SA014S10	SES014	-0.0888939	-51.8629	-51.774
BLOCK01/SES014/SA014S12	SES014	0.418221	-49.6124	-50.0306
BLOCK01/SES014/SA014S24	SES014	-0.172985	-49.8051	-49.6321
BLOCK01/SES014/SA014S26	SES014	0.555416	-48.3812	-48.9366
BLOCK01/SES014/SA014S28	SES014	0.265553	-51.8746	-52.1402
BLOCK01/SES016/SA016S12	SES016	-1.01703	-55.056	-54.039
BLOCK01/SES016/SA016S13	SES016	0.108658	-49.9515	-50.0601
BLOCK01/SES016/SA016S22	SES016	0.399899	-49.4049	-49.8048
BLOCK01/SES016/SA016S25	SES016	-0.0494385	-48.5273	-48.4779
BLOCK01/SES016/SA016S27	SES016	1.12119	-48.3412	-49.4624
BLOCK01/SES019/SA019S13	SES019	0.0654144	-50.5071	-50.5725
BLOCK01/SES019/SA019S14	SES019	-0.440323	-53.4674	-53.0271
BLOCK01/SES019/SA019S22	SES019	0.259209	-50.1581	-50.4173
BLOCK01/SES019/SA019S25	SES019	0.49115	-51.6107	-52.1018
BLOCK01/SES019/SA019S29	SES019	0.41214	-51.9416	-52.3537
BLOCK02/SES029/SA029S11	SES029	-1.04871	-51.5438	-50.4951
BLOCK02/SES029/SA029S12	SES029	-0.247925	-48.8895	-48.6416
BLOCK02/SES029/SA029S20	SES029	-0.365803	-51.8758	-51.51
BLOCK02/SES029/SA029S25	SES029	0.0748062	-49.9351	-50.0099
BLOCK02/SES029/SA029S28	SES029	-0.323128	-51.5417	-51.2186
BLOCK04/SES042/SA042S12	SES042	0.316715	-50.0839	-50.4006
BLOCK04/SES042/SA042S15	SES042	0.160782	-47.3914	-47.5521
BLOCK04/SES042/SA042S22	SES042	1.48304	-46.1434	-47.6264
BLOCK04/SES042/SA042S25	SES042	0.0205765	-50.1388	-50.1594
BLOCK04/SES042/SA042S27	SES042	1.05512	-46.7401	-47.7952
BLOCK04/SES048/SA048S11	SES048	0.0881462	-48.4205	-48.5087
BLOCK04/SES048/SA048S12	SES048	-0.224007	-49.6714	-49.4474
BLOCK04/SES048/SA048S20	SES048	0.0099678	-49.267	-49.2769
BLOCK04/SES048/SA048S23	SES048	0.266762	-51.381	-51.6478
BLOCK04/SES048/SA048S27	SES048	-0.415401	-49.4145	-48.9991
BLOCK06/SES060/SA060S11	SES060	0.284275	-48.03	-48.3143
BLOCK06/SES060/SA060S12	SES060	-0.135689	-49.6585	-49.5228
BLOCK06/SES060/SA060S22	SES060	-1.37152	-52.2786	-50.9071
BLOCK06/SES060/SA060S24	SES060	0.408409	-49.3714	-49.7798
BLOCK06/SES060/SA060S28	SES060	0.534023	-48.1152	-48.6492
BLOCK06/SES062/SA062S10	SES062	-0.081604	-48.6717	-48.5901
BLOCK06/SES062/SA062S11	SES062	-0.343113	-51.4805	-51.1374
BLOCK06/SES062/SA062S21	SES062	-0.180706	-47.4954	-47.3147
BLOCK06/SES062/SA062S26	SES062	-0.350975	-50.333	-49.982
BLOCK06/SES062/SA062S29	SES062	-0.0555992	-48.8839	-48.8283
BLOCK06/SES068/SA068S14	SES068	-0.476879	-51.1316	-50.6547
BLOCK06/SES068/SA068S15	SES068	-0.340164	-50.7183	-50.3781
BLOCK06/SES068/SA068S23	SES068	0.0025444	-51.5558	-51.5583
BLOCK06/SES068/SA068S27	SES068	0.391903	-49.8056	-50.1975
BLOCK06/SES068/SA068S29	SES068	-0.195705	-51.143	-50.9473
BLOCK08/SES082/SA082S12	SES082	-1.33477	-52.241	-50.9062
BLOCK08/SES082/SA082S14	SES082	-1.05558	-53.7479	-52.6923
BLOCK08/SES082/SA082S21	SES082	-0.594128	-52.0669	-51.4728
BLOCK08/SES082/SA082S24	SES082	-0.184326	-50.9785	-50.7942
BLOCK08/SES082/SA082S28	SES082	-0.571766	-51.4605	-50.8887
BLOCK08/SES083/SA083S14	SES083	-0.0615997	-50.3194	-50.2578
BLOCK08/SES083/SA083S15	SES083	0.179897	-47.9619	-48.1418
BLOCK08/SES083/SA083S24	SES083	0.0436401	-49.2755	-49.3192
BLOCK08/SES083/SA083S26	SES083	-0.0944939	-49.2311	-49.1367
BLOCK08/SES083/SA083S29	SES083	-0.492298	-49.617	-49.1247
BLOCK08/SES085/SA085S10	SES085	-0.360031	-50.5923	-50.2323
BLOCK08/SES085/SA085S13	SES085	-0.64748	-51.7634	-51.1159
BLOCK08/SES085/SA085S22	SES085	-0.536705	-51.7465	-51.2098
BLOCK08/SES085/SA085S26	SES085	-0.0530472	-49.3105	-49.2575
BLOCK08/SES085/SA085S28	SES085	-0.135471	-50.2977	-50.1622
BLOCK08/SES087/SA087S15	SES087	-0.121429	-52.7184	-52.5969
BLOCK08/SES087/SA087S16	SES087	0.626671	-53.3896	-54.0163
BLOCK08/SES087/SA087S24	SES087	-0.459084	-49.3843	-48.9252
BLOCK08/SES087/SA087S26	SES087	-0.684898	-49.724	-49.0391
BLOCK08/SES087/SA087S29	SES087	-0.175335	-52.6273	-52.4519
BLOCK09/SES099/SA099S15	SES099	-0.208908	-50.3108	-50.1019
BLOCK09/SES099/SA099S16	SES099	-0.298828	-52.1561	-51.8572
BLOCK09/SES099/SA099S24	SES099	-0.769115	-52.3391	-51.57
BLOCK09/SES099/SA099S26	SES099	0.228115	-49.7333	-49.9614
BLOCK09/SES099/SA099S29	SES099	-0.135838	-51.0326	-50.8968
BLOCK10/SES101/SA101S11	SES101	-0.141048	-48.7448	-48.6038
BLOCK10/SES101/SA101S13	SES101	0.216316	-47.8766	-48.0929
BLOCK10/SES101/SA101S22	SES101	-0.161144	-52.1407	-51.9795
BLOCK10/SES101/SA101S24	SES101	0.32806	-48.351	-48.679
BLOCK10/SES101/SA101S28	SES101	-0.41687	-50.0373	-49.6204
BLOCK10/SES104/SA104S11	SES104	0.215874	-48.3311	-48.547
BLOCK10/SES104/SA104S12	SES104	-0.527824	-52.0272	-51.4994
BLOCK10/SES104/SA104S21	SES104	-2.03123	-54.0499	-52.0187
BLOCK10/SES104/SA104S24	SES104	-0.341919	-49.1949	-48.853
BLOCK10/SES104/SA104S28	SES104	-0.0541306	-51.4321	-51.3779
BLOCK10/SES105/SA105S12	SES105	0.157104	-49.3743	-49.5314
BLOCK10/SES105/SA105S13	SES105	0.0723801	-49.0551	-49.1275
BLOCK10/SES105/SA105S22	SES105	0.0166016	-50.4817	-50.4983
BLOCK10/SES105/SA105S26	SES105	0.252289	-50.554	-50.8063
BLOCK10/SES105/SA105S29	SES105	0.510796	-48.275	-48.7858
BLOCK10/SES106/SA106S09	SES106	0.210434	-49.9901	-50.2005
BLOCK10/SES106/SA106S11	SES106	0.161438	-49.1639	-49.3253
BLOCK10/SES106/SA106S22	SES106	0.325066	-49.4649	-49.7899
BLOCK10/SES106/SA106S27	SES106	0.0284386	-48.3751	-48.4035
BLOCK10/SES106/SA106S29	SES106	0.238083	-47.7243	-47.9624
BLOCK11/SES117/SA117S12	SES117	0.0617523	-51.1147	-51.1764
BLOCK11/SES117/SA117S13	SES117	-1.11367	-52.8206	-51.707
BLOCK11/SES117/SA117S23	SES117	0.315536	-51.9044	-52.22
BLOCK11/SES117/SA117S25	SES117	-0.0125656	-50.6611	-50.6486
BLOCK11/SES117/SA117S28	SES117	0.0926056	-51.5458	-51.6384
BLOCK12/SES120/SA120S08	SES120	-0.686604	-49.363	-48.6764
BLOCK12/SES120/SA120S11	SES120	-0.72562	-51.0219	-50.2963
BLOCK12/SES120/SA120S22	SES120	-0.0920334	-50.0123	-49.9203
BLOCK12/SES120/SA120S24	SES120	0.0377769	-49.7928	-49.8306
BLOCK12/SES120/SA120S28	SES120	-0.224709	-52.5982	-52.3735
BLOCK12/SES125/SA125S13	SES125	0.714596	-48.4332	-49.1478
BLOCK12/SES125/SA125S14	SES125	0.243614	-48.4712	-48.7148
BLOCK12/SES125/SA125S25	SES125	0.804138	-50.3015	-51.1056
BLOCK12/SES125/SA125S27	SES125	0.292809	-48.4468	-48.7396
BLOCK12/SES125/SA125S29	SES125	0.527817	-50.3933	-50.9212
BLOCK12/SES127/SA127S11	SES127	-0.441544	-52.218	-51.7765
BLOCK12/SES127/SA127S12	SES127	-0.18924	-49.6881	-49.4988
BLOCK12/SES127/SA127S23	SES127	-0.324215	-49.4233	-49.0991
BLOCK12/SES127/SA127S25	SES127	-0.995537	-51.0315	-50.0359
BLOCK12/SES127/SA127S27	SES127	-0.143982	-49.9384	-49.7945
BLOCK12/SES129/SA129S11	SES129	0.618031	-48.5511	-49.1691
BLOCK12/SES129/SA129S12	SES129	0.423019	-48.4748	-48.8978
BLOCK12/SES129/SA129S22	SES129	0.157955	-50.3995	-50.5575
BLOCK12/SES129/SA129S27	SES129	0.335793	-50.6998	-51.0356
BLOCK12/SES129/SA129S29	SES129	0.149384	-48.3784	-48.5278
BLOCK14/SES142/SA142S11	SES142	0.788555	-49.8634	-50.6519
BLOCK14/SES142/SA142S12	SES142	0.266846	-51.0435	-51.3104
BLOCK14/SES142/SA142S24	SES142	0.911976	-49.0799	-49.9919
BLOCK14/SES142/SA142S27	SES142	0.806377	-50.1814	-50.9878
BLOCK14/SES142/SA142S29	SES142	1.04076	-48.4754	-49.5161
BLOCK14/SES143/SA143S12	SES143	-0.171471	-50.3953	-50.2238
BLOCK14/SES143/SA143S13	SES143	-0.444618	-51.2118	-50.7672
BLOCK14/SES143/SA143S23	SES143	-0.138657	-50.9055	-50.7668
BLOCK14/SES143/SA143S25	SES143	0.0643234	-49.6796	-49.744
BLOCK14/SES143/SA143S28	SES143	-0.279583	-49.2962	-49.0166
BLOCK14/SES144/SA144S09	SES144	0.0579681	-50.8867	-50.9447
BLOCK14/SES144/SA144S11	SES144	0.345798	-50.958	-51.3038
BLOCK14/SES144/SA144S21	SES144	-0.220604	-52.1432	-51.9226
BLOCK14/SES144/SA144S25	SES144	-0.00134659	-51.0072	-51.0059
BLOCK14/SES144/SA144S29	SES144	-0.444973	-51.508	-51.0631
BLOCK14/SES146/SA146S14	SES146	0.227379	-50.6884	-50.9158
BLOCK14/SES146/SA146S15	SES146	-0.69656	-52.6519	-51.9554
BLOCK14/SES146/SA146S24	SES146	-0.364975	-49.111	-48.746
BLOCK14/SES146/SA146S26	SES146	0.37257	-48.3258	-48.6984
BLOCK14/SES146/SA146S29	SES146	0.12421	-49.7378	-49.862
BLOCK14/SES147/SA147S11	SES147	-0.279434	-49.0924	-48.813
BLOCK14/SES147/SA147S13	SES147	-0.199551	-49.5756	-49.3761
BLOCK14/SES147/SA147S23	SES147	0.119274	-49.9336	-50.0528
BLOCK14/SES147/SA147S26	SES147	0.0716629	-49.9426	-50.0142
BLOCK14/SES147/SA147S28	SES147	-0.000915527	-49.9736	-49.9727
BLOCK14/SES148/SA148S10	SES148	1.01931	-51.467	-52.4863
BLOCK14/SES148/SA148S12	SES148	-0.25922	-52.1967	-51.9375
BLOCK14/SES148/SA148S22	SES148	0.526897	-51.4713	-51.9982
BLOCK14/SES148/SA148S26	SES148	-1.46206	-51	-49.5379
BLOCK14/SES148/SA148S29	SES148	-0.243851	-51.4543	-51.2105
BLOCK14/SES149/SA149S13	SES149	-0.953289	-48.5748	-47.6215
BLOCK14/SES149/SA149S14	SES149	-0.452557	-51.9036	-51.4511
BLOCK14/SES149/SA149S24	SES149	0.249435	-51.7749	-52.0243
BLOCK14/SES149/SA149S26	SES149	0.688114	-48.4278	-49.1159
BLOCK14/SES149/SA149S28	SES149	-0.450169	-50.8959	-50.4458
BLOCK15/SES158/SA158S13	SES158	1.01651	-46.9568	-47.9733
BLOCK15/SES158/SA158S14	SES158	-0.0115929	-50.5844	-50.5728
BLOCK15/SES158/SA158S23	SES158	0.260098	-47.7672	-48.0273
BLOCK15/SES158/SA158S26	SES158	1.08332	-48.6256	-49.7089
BLOCK15/SES158/SA158S28	SES158	0.0308113	-50.1366	-50.1675
BLOCK16/SES162/SA162S10	SES162	0.498032	-49.6816	-50.1797
BLOCK16/SES162/SA162S11	SES162	-0.10593	-48.7974	-48.6914
BLOCK16/SES162/SA162S21	SES162	0.207054	-49.9457	-50.1528
BLOCK16/SES162/SA162S24	SES162	-0.0638924	-50.4897	-50.4258
BLOCK16/SES162/SA162S27	SES162	0.450653	-49.8355	-50.2862
BLOCK16/SES167/SA167S14	SES167	1.23454	-50.5411	-51.7756
BLOCK16/SES167/SA167S15	SES167	0.229759	-51.8855	-52.1153
BLOCK16/SES167/SA167S21	SES167	1.2138	-51.4907	-52.7045
BLOCK16/SES167/SA167S25	SES167	1.47717	-52.2306	-53.7078
BLOCK16/SES167/SA167S29	SES167	0.645275	-51.7899	-52.4351
BLOCK17/SES172/SA172S12	SES172	-0.22113	-50.8687	-50.6476
BLOCK17/SES172/SA172S13	SES172	0.0280838	-51.6974	-51.7255
BLOCK17/SES172/SA172S23	SES172	0.0782089	-49.9306	-50.0089
BLOCK17/SES172/SA172S27	SES172	-0.353786	-52.4996	-52.1458
BLOCK17/SES172/SA172S29	SES172	-0.597931	-53.3093	-52.7114
BLOCK17/SES175/SA175S11	SES175	-0.398853	-50.1328	-49.7339
BLOCK17/SES175/SA175S13	SES175	0.199482	-48.3506	-48.5501
BLOCK17/SES175/SA175S23	SES175	-0.0123405	-51.0059	-50.9935
BLOCK17/SES175/SA175S25	SES175	-0.438446	-51.0424	-50.6039
BLOCK17/SES175/SA175S28	SES175	-0.443722	-50.1196	-49.6758
BLOCK17/SES177/SA177S15	SES177	0.0932961	-49.8474	-49.9407
BLOCK17/SES177/SA177S17	SES177	-0.564068	-50.626	-50.0619
BLOCK17/SES177/SA177S23	SES177	-0.520172	-51.0758	-50.5556
BLOCK17/SES177/SA177S26	SES177	0.251606	-46.8122	-47.0638
BLOCK17/SES177/SA177S28	SES177	0.288029	-48.327	-48.615
BLOCK18/SES180/SA180S13	SES180	-0.318443	-50.4391	-50.1207
BLOCK18/SES180/SA180S15	SES180	0.0720825	-51.257	-51.3291
BLOCK18/SES180/SA180S24	SES180	-0.4226	-48.4113	-47.9887
BLOCK18/SES180/SA180S26	SES180	-0.34375	-49.2651	-48.9213
BLOCK18/SES180/SA180S29	SES180	-0.397221	-50.7156	-50.3184
BLOCK18/SES183/SA183S13	SES183	0.365498	-51.0161	-51.3816
BLOCK18/SES183/SA183S14	SES183	-0.6371	-48.725	-48.0879
BLOCK18/SES183/SA183S24	SES183	0.657558	-50.4208	-51.0784
BLOCK18/SES183/SA183S27	SES183	0.529861	-52.2505	-52.7804
BLOCK18/SES183/SA183S29	SES183	0.412792	-50.4439	-50.8567
BLOCK18/SES187/SA187S13	SES187	-0.333591	-51.5148	-51.1812
BLOCK18/SES187/SA187S14	SES187	-0.252125	-50.2827	-50.0306
BLOCK18/SES187/SA187S24	SES187	-0.26722	-53.4887	-53.2215
BLOCK18/SES187/SA187S27	SES187	-0.322556	-53.9522	-53.6296
BLOCK18/SES187/SA187S29	SES187	-0.0646667	-50.74	-50.6753
BLOCK18/SES189/SA189S10	SES189	1.00053	-49.5534	-50.5539
BLOCK18/SES189/SA189S13	SES189	1.69477	-50.2251	-51.9199
BLOCK18/SES189/SA189S24	SES189	1.58242	-48.7726	-50.355
BLOCK18/SES189/SA189S26	SES189	0.504971	-49.4817	-49.9867
BLOCK18/SES189/SA189S29	SES189	1.13654	-49.9341	-51.0706
BLOCK20/SES202/SA202S12	SES202	-0.0144272	-51.4936	-51.4792
BLOCK20/SES202/SA202S14	SES202	0.670952	-49.2123	-49.8832
BLOCK20/SES202/SA202S24	SES202	-0.327438	-51.3001	-50.9727
BLOCK20/SES202/SA202S27	SES202	0.283909	-50.3638	-50.6477
BLOCK20/SES202/SA202S29	SES202	0.630966	-49.2748	-49.9057
BLOCK20/SES206/SA206S15	SES206	-0.571404	-49.3731	-48.8017
BLOCK20/SES206/SA206S17	SES206	-0.0904465	-49.5415	-49.451
BLOCK20/SES206/SA206S24	SES206	0.761192	-47.9009	-48.6621
BLOCK20/SES206/SA206S27	SES206	-0.0597267	-49.7524	-49.6926
BLOCK20/SES206/SA206S29	SES206	0.453403	-46.7955	-47.2489
BLOCK22/SES226/SA226S12	SES226	-0.502937	-50.091	-49.5881
BLOCK22/SES226/SA226S13	SES226	-0.909798	-49.1028	-48.193
BLOCK22/SES226/SA226S20	SES226	-1.06686	-51.6286	-50.5618
BLOCK22/SES226/SA226S23	SES226	-0.214905	-50.724	-50.509
BLOCK22/SES226/SA226S28	SES226	-0.389778	-51.6694	-51.2796
BLOCK25/SES259/SA259S13	SES259	0.837681	-46.788	-47.6257
BLOCK25/SES259/SA259S14	SES259	0.617195	-48.1786	-48.7958
BLOCK25/SES259/SA259S22	SES259	0.487808	-47.0286	-47.5165
BLOCK25/SES259/SA259S24	SES259	0.660107	-46.8215	-47.4816
BLOCK25/SES259/SA259S28	SES259	0.296246	-47.9023	-48.1985
BLOCK27/SES270/SA270S14	SES270	0.410557	-51.3464	-51.7569
BLOCK27/SES270/SA270S16	SES270	-0.314632	-50.5782	-50.2635
BLOCK27/SES270/SA270S22	SES270	0.413952	-51.1051	-51.519
BLOCK27/SES270/SA270S26	SES270	0.212421	-51.8222	-52.0346
BLOCK27/SES270/SA270S28	SES270	-0.288727	-52.1707	-51.8819
BLOCK27/SES275/SA275S17	SES275	0.0203209	-50.2802	-50.3005
BLOCK27/SES275/SA275S18	SES275	0.116879	-49.3382	-49.4551
BLOCK27/SES275/SA275S24	SES275	-0.0325394	-51.0253	-50.9927
BLOCK27/SES275/SA275S26	SES275	-0.212219	-50.3005	-50.0883
BLOCK27/SES275/SA275S28	SES275	-0.372776	-50.089	-49.7162
BLOCK29/SES292/SA292S10	SES292	-0.440071	-50.0127	-49.5726
BLOCK29/SES292/SA292S12	SES292	-0.243221	-52.7369	-52.4937
BLOCK29/SES292/SA292S22	SES292	-0.540848	-50.5372	-49.9964
BLOCK29/SES292/SA292S24	SES292	-0.211617	-52.1219	-51.9102
BLOCK29/SES292/SA292S27	SES292	-0.341358	-50.5546	-50.2133
BLOCK00/SES001/SA001S14	SES062	-1.14012	-50.8549	-49.7148
BLOCK00/SES001/SA001S14	SES082	-1.60748	-51.3223	-49.7148
BLOCK00/SES001/SA001S14	SES106	-0.935844	-50.6507	-49.7148
BLOCK00/SES001/SA001S14	SES206	-1.35208	-51.0669	-49.7148
BLOCK00/SES001/SA001S15	SES062	-1.2192	-50.5997	-49.3805
BLOCK00/SES001/SA001S15	SES104	-1.24355	-50.6241	-49.3805
BLOCK00/SES001/SA001S15	SES106	-1.12618	-50.5067	-49.3805
BLOCK00/SES001/SA001S15	SES206	-1.01473	-50.3953	-49.3805
BLOCK00/SES001/SA001S24	SES062	-1.4758	-49.1378	-47.662
BLOCK00/SES001/SA001S24	SES082	-2.00289	-49.6649	-47.662
BLOCK00/SES001/SA001S24	SES087	-1.32527	-48.9873	-47.662
BLOCK00/SES001/SA001S24	SES206	-0.696384	-48.3584	-47.662
BLOCK00/SES001/SA001S27	SES062	-1.40705	-50.4134	-49.0064
BLOCK00/SES001/SA001S27	SES082	-1.87569	-50.8821	-49.0064
BLOCK00/SES001/SA001S27	SES087	-1.31946	-50.3258	-49.0064
BLOCK00/SES001/SA001S27	SES206	-1.10619	-50.1126	-49.0064
BLOCK00/SES001/SA001S29	SES062	-1.91467	-51.8865	-49.9718
BLOCK00/SES001/SA001S29	SES082	-1.58201	-51.5538	-49.9718
BLOCK00/SES001/SA001S29	SES158	-0.967167	-50.939	-49.9718
BLOCK00/SES001/SA001S29	SES206	-1.1543	-51.1261	-49.9718
BLOCK00/SES003/SA003S11	SES002	-1.39628	-53.4118	-52.0155
BLOCK00/SES003/SA003S11	SES019	-2.16586	-54.1814	-52.0155
BLOCK00/SES003/SA003S11	SES082	-1.00558	-53.0211	-52.0155
BLOCK00/SES003/SA003S11	SES125	-0.847504	-52.8631	-52.0155
BLOCK00/SES003/SA003S15	SES016	-1.25743	-49.7368	-48.4794
BLOCK00/SES003/SA003S15	SES019	-1.91295	-50.3924	-48.4794
BLOCK00/SES003/SA003S15	SES062	-1.01067	-49.4901	-48.4794
BLOCK00/SES003/SA003S15	SES206	-1.4427	-49.9221	-48.4794
BLOCK00/SES003/SA003S22	SES002	-1.40017	-50.0623	-48.6621
BLOCK00/SES003/SA003S22	SES062	-1.05609	-49.7182	-48.6621
BLOCK00/SES003/SA003S22	SES082	-2.1524	-50.8145	-48.6621
BLOCK00/SES003/SA003S22	SES087	-1.9429	-50.605	-48.6621
BLOCK00/SES003/SA003S25	SES062	-2.38259	-56.9552	-54.5726
BLOCK00/SES003/SA003S25	SES082	-2.23469	-56.8073	-54.5726
BLOCK00/SES003/SA003S25	SES087	-1.25003	-55.8226	-54.5726
BLOCK00/SES003/SA003S25	SES206	-2.00842	-56.581	-54.5726
BLOCK00/SES003/SA003S29	SES002	-1.06705	-53.5181	-52.4511
BLOCK00/SES003/SA003S29	SES062	-1.47809	-53.9292	-52.4511
BLOCK00/SES003/SA003S29	SES082	-1.29848	-53.7496	-52.4511
BLOCK00/SES003/SA003S29	SES087	-1.41343	-53.8645	-52.4511
BLOCK00/SES004/SA004S12	SES083	-1.43504	-51.9837	-50.5487
BLOCK00/SES004/SA004S12	SES148	-1.86788	-52.4165	-50.5487
BLOCK00/SES004/SA004S12	SES172	-0.580467	-51.1291	-50.5487
BLOCK00/SES004/SA004S12	SES292	-1.53482	-52.0835	-50.5487
BLOCK00/SES004/SA004S17	SES083	-1.10405	-51.235	-50.1309
BLOCK00/SES004/SA004S17	SES162	-0.616142	-50.7471	-50.1309
BLOCK00/SES004/SA004S17	SES172	-1.00633	-51.1372	-50.1309
BLOCK00/SES004/SA004S17	SES292	-1.18575	-51.3167	-50.1309
BLOCK00/SES004/SA004S24	SES083	-0.827866	-50.6559	-49.828
BLOCK00/SES004/SA004S24	SES148	-1.60165	-51.4297	-49.828
BLOCK00/SES004/SA004S24	SES172	-0.814983	-50.643	-49.828
BLOCK00/SES004/SA004S24	SES292	-1.06024	-50.8883	-49.828
BLOCK00/SES004/SA004S26	SES083	-0.723141	-50.3495	-49.6264
BLOCK00/SES004/SA004S26	SES127	-1.14949	-50.7759	-49.6264
BLOCK00/SES004/SA004S26	SES148	-1.73373	-51.3601	-49.6264
BLOCK00/SES004/SA004S26	SES292	-1.21857	-50.845	-49.6264
BLOCK00/SES004/SA004S28	SES083	-1.03412	-52.2589	-51.2248
BLOCK00/SES004/SA004S28	SES127	-0.760834	-51.9856	-51.2248
BLOCK00/SES004/SA004S28	SES187	-0.244034	-51.4688	-51.2248
BLOCK00/SES004/SA004S28	SES292	-1.33841	-52.5632	-51.2248
BLOCK00/SES006/SA006S10	SES014	-2.75105	-54.097	-51.346
BLOCK00/SES006/SA006S10	SES158	-1.1039	-52.4499	-51.346
BLOCK00/SES006/SA006S10	SES226	-2.23482	-53.5808	-51.346
BLOCK00/SES006/SA006S10	SES270	-0.634754	-51.9807	-51.346
BLOCK00/SES006/SA006S11	SES158	-1.9236	-54.3046	-52.381
BLOCK00/SES006/SA006S11	SES226	-2.37995	-54.7609	-52.381
BLOCK00/SES006/SA006S11	SES270	-1.01976	-53.4007	-52.381
BLOCK00/SES006/SA006S11	SES275	-1.52708	-53.908	-52.381
BLOCK00/SES006/SA006S23	SES062	-1.64711	-54.9969	-53.3498
BLOCK00/SES006/SA006S23	SES105	-1.70466	-55.0545	-53.3498
BLOCK00/SES006/SA006S23	SES158	-2.58902	-55.9388	-53.3498
BLOCK00/SES006/SA006S23	SES275	-0.950455	-54.3002	-53.3498
BLOCK00/SES006/SA006S26	SES104	-1.32736	-53.4295	-52.1021
BLOCK00/SES006/SA006S26	SES158	-1.53516	-53.6373	-52.1021
BLOCK00/SES006/SA006S26	SES270	-1.06642	-53.1685	-52.1021
BLOCK00/SES006/SA006S26	SES275	-1.43489	-53.537	-52.1021
BLOCK00/SES006/SA006S28	SES007	-0.486565	-51.5446	-51.0581
BLOCK00/SES006/SA006S28	SES105	-0.759605	-51.8177	-51.0581
BLOCK00/SES006/SA006S28	SES158	-0.965149	-52.0232	-51.0581
BLOCK00/SES006/SA006S28	SES275	-0.938545	-51.9966	-51.0581
BLOCK00/SES009/SA009S12	SES083	-1.07451	-51.3937	-50.3192
BLOCK00/SES009/SA009S12	SES148	-1.77018	-52.0894	-50.3192
BLOCK00/SES009/SA009S12	SES177	-0.753227	-51.0724	-50.3192
BLOCK00/SES009/SA009S12	SES292	-1.04054	-51.3597	-50.3192
BLOCK00/SES009/SA009S15	SES007	0.181599	-49.0845	-49.2661
BLOCK00/SES009/SA009S15	SES099	-1.0629	-50.329	-49.2661
BLOCK00/SES009/SA009S15	SES148	-1.65131	-50.9174	-49.2661
BLOCK00/SES009/SA009S15	SES172	-0.811562	-50.0777	-49.2661
BLOCK00/SES009/SA009S24	SES146	-1.04118	-51.5487	-50.5076
BLOCK00/SES009/SA009S24	SES148	-1.72437	-52.2319	-50.5076
BLOCK00/SES009/SA009S24	SES177	-0.375137	-50.8827	-50.5076
BLOCK00/SES009/SA009S24	SES292	-0.9823	-51.4899	-50.5076
BLOCK00/SES009/SA009S26	SES083	-1.3923	-51.8979	-50.5056
BLOCK00/SES009/SA009S26	SES101	-1.29642	-51.802	-50.5056
BLOCK00/SES009/SA009S26	SES120	-0.886261	-51.3918	-50.5056
BLOCK00/SES009/SA009S26	SES177	-0.916142	-51.4217	-50.5056
BLOCK00/SES009/SA009S29	SES083	-1.28416	-51.8771	-50.5929
BLOCK00/SES009/SA009S29	SES101	-0.969589	-51.5625	-50.5929
BLOCK00/SES009/SA009S29	SES177	-0.857838	-51.4508	-50.5929
BLOCK00/SES009/SA009S29	SES292	-0.806095	-51.399	-50.5929
BLOCK01/SES011/SA011S10	SES019	-1.03363	-51.3165	-50.2829
BLOCK01/SES011/SA011S10	SES042	-0.137791	-50.4207	-50.2829
BLOCK01/SES011/SA011S10	SES082	-1.42924	-51.7121	-50.2829
BLOCK01/SES011/SA011S10	SES206	-0.501778	-50.7846	-50.2829
BLOCK01/SES011/SA011S11	SES019	-1.652	-52.2542	-50.6022
BLOCK01/SES011/SA011S11	SES042	-0.618259	-51.2205	-50.6022
BLOCK01/SES011/SA011S11	SES082	-2.00625	-52.6084	-50.6022
BLOCK01/SES011/SA011S11	SES206	-0.625084	-51.2273	-50.6022
BLOCK01/SES011/SA011S22	SES019	-1.00142	-52.0442	-51.0428
BLOCK01/SES011/SA011S22	SES042	0.0118446	-51.0309	-51.0428
BLOCK01/SES011/SA011S22	SES082	-2.52282	-53.5656	-51.0428
BLOCK01/SES011/SA011S22	SES206	-0.397743	-51.4405	-51.0428
BLOCK01/SES011/SA011S24	SES019	-1.67043	-51.804	-50.1335
BLOCK01/SES011/SA011S24	SES042	0.33947	-49.7941	-50.1335
BLOCK01/SES011/SA011S24	SES104	-0.468639	-50.6022	-50.1335
BLOCK01/SES011/SA011S24	SES206	-0.532524	-50.6661	-50.1335
BLOCK01/SES011/SA011S27	SES082	-1.17473	-52.6061	-51.4314
BLOCK01/SES011/SA011S27	SES087	-1.42006	-52.8515	-51.4314
BLOCK01/SES011/SA011S27	SES125	-0.322079	-51.7535	-51.4314
BLOCK01/SES011/SA011S27	SES206	-1.07934	-52.5107	-51.4314
BLOCK01/SES012/SA012S11	SES007	0.000511169	-47.8233	-47.8238
BLOCK01/SES012/SA012S11	SES082	-1.9355	-49.7593	-47.8238
BLOCK01/SES012/SA012S11	SES083	-0.45916	-48.283	-47.8238
BLOCK01/SES012/SA012S11	SES206	-0.560234	-48.3841	-47.8238
BLOCK01/SES012/SA012S14	SES082	-1.04081	-49.7144	-48.6735
BLOCK01/SES012/SA012S14	SES087	-1.31162	-49.9852	-48.6735
BLOCK01/SES012/SA012S14	SES206	-0.547237	-49.2208	-48.6735
BLOCK01/SES012/SA012S14	SES292	-1.15131	-49.8249	-48.6735
BLOCK01/SES012/SA012S24	SES082	-1.56043	-52.3496	-50.7891
BLOCK01/SES012/SA012S24	SES087	-1.90829	-52.6974	-50.7891
BLOCK01/SES012/SA012S24	SES120	-1.74614	-52.5353	-50.7891
BLOCK01/SES012/SA012S24	SES206	-0.888405	-51.6775	-50.7891
BLOCK01/SES012/SA012S26	SES019	-1.87428	-50.9518	-49.0775
BLOCK01/SES012/SA012S26	SES082	-3.45399	-52.5315	-49.0775
BLOCK01/SES012/SA012S26	SES206	-0.719872	-49.7974	-49.0775
BLOCK01/SES012/SA012S26	SES292	-1.16663	-50.2441	-49.0775
BLOCK01/SES012/SA012S29	SES062	-0.781631	-49.4441	-48.6625
BLOCK01/SES012/SA012S29	SES082	-1.91008	-50.5726	-48.6625
BLOCK01/SES012/SA012S29	SES083	-0.752537	-49.415	-48.6625
BLOCK01/SES012/SA012S29	SES206	0.186413	-48.4761	-48.6625
BLOCK01/SES013/SA013S16	SES062	-1.56453	-54.2041	-52.6396
BLOCK01/SES013/SA013S16	SES106	-1.42128	-54.0608	-52.6396
BLOCK01/SES013/SA013S16	SES206	-1.61325	-54.2528	-52.6396
BLOCK01/SES013/SA013S16	SES226	-1.40841	-54.048	-52.6396
BLOCK01/SES013/SA013S17	SES062	-1.38606	-53.9064	-52.5204
BLOCK01/SES013/SA013S17	SES106	-2.2568	-54.7772	-52.5204
BLOCK01/SES013/SA013S17	SES206	-1.38327	-53.9036	-52.5204
BLOCK01/SES013/SA013S17	SES226	-1.01065	-53.531	-52.5204
BLOCK01/SES013/SA013S23	SES104	-1.34224	-54.7297	-53.3875
BLOCK01/SES013/SA013S23	SES106	-1.06939	-54.4569	-53.3875
BLOCK01/SES013/SA013S23	SES206	-1.63906	-55.0266	-53.3875
BLOCK01/SES013/SA013S23	SES270	-1.06088	-54.4484	-53.3875
BLOCK01/SES013/SA013S25	SES042	-2.09716	-53.0434	-50.9462
BLOCK01/SES013/SA013S25	SES104	-1.29282	-52.239	-50.9462
BLOCK01/SES013/SA013S25	SES106	-1.03535	-51.9815	-50.9462
BLOCK01/SES013/SA013S25	SES206	-1.39166	-52.3378	-50.9462
BLOCK01/SES013/SA013S29	SES062	-1.58466	-53.7066	-52.122
BLOCK01/SES013/SA013S29	SES104	-1.2419	-53.3639	-52.122
BLOCK01/SES013/SA013S29	SES106	-1.27101	-53.393	-52.122
BLOCK01/SES013/SA013S29	SES206	-2.01241	-54.1344	-52.122
BLOCK02/SES021/SA021S13	SES016	-1.22395	-50.8283	-49.6044
BLOCK02/SES021/SA021S13	SES029	-0.718735	-50.3231	-49.6044
BLOCK02/SES021/SA021S13	SES087	-0.807117	-50.4115	-49.6044
BLOCK02/SES021/SA021S13	SES206	-0.643524	-50.2479	-49.6044
BLOCK02/SES021/SA021S15	SES087	-0.57806	-50.4944	-49.9163
BLOCK02/SES021/SA021S15	SES125	-0.297947	-50.2143	-49.9163
BLOCK02/SES021/SA021S15	SES206	-0.893024	-50.8093	-49.9163
BLOCK02/SES021/SA021S15	SES226	-1.25121	-51.1675	-49.9163
BLOCK02/SES021/SA021S23	SES062	-1.53983	-54.9772	-53.4374
BLOCK02/SES021/SA021S23	SES087	-0.0491829	-53.4866	-53.4374
BLOCK02/SES021/SA021S23	SES206	-1.08862	-54.526	-53.4374
BLOCK02/SES021/SA021S23	SES226	-0.801315	-54.2387	-53.4374
BLOCK02/SES021/SA021S27	SES002	-1.8372	-53.7291	-51.8919
BLOCK02/SES021/SA021S27	SES016	-2.16924	-54.0612	-51.8919
BLOCK02/SES021/SA021S27	SES019	-1.57375	-53.4657	-51.8919
BLOCK02/SES021/SA021S27	SES062	-0.76215	-52.6541	-51.8919
BLOCK02/SES021/SA021S29	SES087	-0.662193	-53.4575	-52.7953
BLOCK02/SES021/SA021S29	SES125	-1.50495	-54.3003	-52.7953
BLOCK02/SES021/SA021S29	SES206	-0.970463	-53.7658	-52.7953
BLOCK02/SES021/SA021S29	SES226	-0.914997	-53.7103	-52.7953
BLOCK04/SES043/SA043S09	SES083	-0.14957	-49.244	-49.0944
BLOCK04/SES043/SA043S09	SES101	-0.865643	-49.9601	-49.0944
BLOCK04/SES043/SA043S09	SES144	-0.437798	-49.5322	-49.0944
BLOCK04/SES043/SA043S09	SES172	-0.850613	-49.9451	-49.0944
BLOCK04/SES043/SA043S11	SES083	-0.348633	-49.012	-48.6633
BLOCK04/SES043/SA043S11	SES101	-0.807255	-49.4706	-48.6633
BLOCK04/SES043/SA043S11	SES144	-0.396267	-49.0596	-48.6633
BLOCK04/SES043/SA043S11	SES172	-0.845058	-49.5084	-48.6633
BLOCK04/SES043/SA043S23	SES083	-0.0329666	-49.8876	-49.8547
BLOCK04/SES043/SA043S23	SES144	-0.0290031	-49.8837	-49.8547
BLOCK04/SES043/SA043S23	SES177	-0.329884	-50.1846	-49.8547
BLOCK04/SES043/SA043S23	SES275	-0.369156	-50.2238	-49.8547
BLOCK04/SES043/SA043S26	SES083	-0.507919	-49.5787	-49.0708
BLOCK04/SES043/SA043S26	SES101	-0.650463	-49.7212	-49.0708
BLOCK04/SES043/SA043S26	SES144	-0.028286	-49.0991	-49.0708
BLOCK04/SES043/SA043S26	SES177	-0.586269	-49.657	-49.0708
BLOCK04/SES043/SA043S28	SES016	-0.901611	-50.2836	-49.382
BLOCK04/SES043/SA043S28	SES083	-0.0639305	-49.4459	-49.382
BLOCK04/SES043/SA043S28	SES101	-0.372383	-49.7543	-49.382
BLOCK04/SES043/SA043S28	SES144	-0.63731	-50.0193	-49.382
BLOCK04/SES044/SA044S10	SES127	-1.1993	-53.298	-52.0987
BLOCK04/SES044/SA044S10	SES144	-0.0977745	-52.1964	-52.0987
BLOCK04/SES044/SA044S10	SES147	-0.654163	-52.7528	-52.0987
BLOCK04/SES044/SA044S10	SES148	-1.2753	-53.374	-52.0987
BLOCK04/SES044/SA044S11	SES101	-0.436352	-50.3146	-49.8782
BLOCK04/SES044/SA044S11	SES144	0.0598793	-49.8183	-49.8782
BLOCK04/SES044/SA044S11	SES147	-0.512512	-50.3907	-49.8782
BLOCK04/SES044/SA044S11	SES177	-0.803226	-50.6814	-49.8782
BLOCK04/SES044/SA044S24	SES007	-0.584988	-50.8714	-50.2865
BLOCK04/SES044/SA044S24	SES101	-0.193604	-50.4801	-50.2865
BLOCK04/SES044/SA044S24	SES147	-0.647381	-50.9338	-50.2865
BLOCK04/SES044/SA044S24	SES177	-0.740719	-51.0272	-50.2865
BLOCK04/SES044/SA044S26	SES007	-0.972424	-50.9962	-50.0238
BLOCK04/SES044/SA044S26	SES016	-0.90818	-50.932	-50.0238
BLOCK04/SES044/SA044S26	SES101	-1.08761	-51.1114	-50.0238
BLOCK04/SES044/SA044S26	SES147	-0.352921	-50.3767	-50.0238
BLOCK04/SES044/SA044S29	SES007	-0.771904	-50.0159	-49.244
BLOCK04/SES044/SA044S29	SES101	-0.0104446	-49.2544	-49.244
BLOCK04/SES044/SA044S29	SES147	-0.680218	-49.9242	-49.244
BLOCK04/SES044/SA044S29	SES177	-0.717468	-49.9615	-49.244
BLOCK04/SES046/SA046S13	SES101	-0.668789	-52.4789	-51.8101
BLOCK04/SES046/SA046S13	SES144	-0.441044	-52.2512	-51.8101
BLOCK04/SES046/SA046S13	SES147	-0.954491	-52.7646	-51.8101
BLOCK04/SES046/SA046S13	SES177	-0.966892	-52.777	-51.8101
BLOCK04/SES046/SA046S15	SES048	-0.39138	-49.0624	-48.671
BLOCK04/SES046/SA046S15	SES083	-0.500385	-49.1714	-48.671
BLOCK04/SES046/SA046S15	SES120	-1.12188	-49.7929	-48.671
BLOCK04/SES046/SA046S15	SES148	-1.21461	-49.8856	-48.671
BLOCK04/SES046/SA046S22	SES101	-0.67318	-50.9811	-50.308
BLOCK04/SES046/SA046S22	SES144	-0.467701	-50.7757	-50.308
BLOCK04/SES046/SA046S22	SES147	-0.536484	-50.8444	-50.308
BLOCK04/SES046/SA046S22	SES172	-0.464138	-50.7721	-50.308
BLOCK04/SES046/SA046S25	SES083	-0.690216	-49.0035	-48.3133
BLOCK04/SES046/SA046S25	SES127	-1.15007	-49.4634	-48.3133
BLOCK04/SES046/SA046S25	SES144	-1.35241	-49.6657	-48.3133
BLOCK04/SES046/SA046S25	SES148	-1.6532	-49.9665	-48.3133
BLOCK04/SES046/SA046S28	SES007	-0.721401	-51.2286	-50.5072
BLOCK04/SES046/SA046S28	SES105	-1.30208	-51.8093	-50.5072
BLOCK04/SES046/SA046S28	SES147	-0.865147	-51.3723	-50.5072
BLOCK04/SES046/SA046S28	SES148	-1.46115	-51.9683	-50.5072
BLOCK04/SES049/SA049S16	SES104	-2.82627	-57.9094	-55.0831
BLOCK04/SES049/SA049S16	SES106	-10.4748	-65.5579	-55.0831
BLOCK04/SES049/SA049S16	SES120	-1.721	-56.8041	-55.0831
BLOCK04/SES049/SA049S16	SES206	-2.64971	-57.7328	-55.0831
BLOCK04/SES049/SA049S18	SES099	0.13118	-53.1792	-53.3104
BLOCK04/SES049/SA049S18	SES104	-2.06913	-55.3795	-53.3104
BLOCK04/SES049/SA049S18	SES125	-1.66874	-54.9791	-53.3104
BLOCK04/SES049/SA049S18	SES206	-2.01439	-55.3248	-53.3104
BLOCK04/SES049/SA049S25	SES087	-2.15076	-55.7673	-53.6166
BLOCK04/SES049/SA049S25	SES104	-1.43661	-55.0532	-53.6166
BLOCK04/SES049/SA049S25	SES125	-3.19311	-56.8097	-53.6166
BLOCK04/SES049/SA049S25	SES206	-2.45407	-56.0706	-53.6166
BLOCK04/SES049/SA049S27	SES099	-0.481716	-53.7716	-53.2898
BLOCK04/SES049/SA049S27	SES104	-1.18186	-54.4717	-53.2898
BLOCK04/SES049/SA049S27	SES125	-1.18317	-54.473	-53.2898
BLOCK04/SES049/SA049S27	SES206	-1.83335	-55.1232	-53.2898
BLOCK04/SES049/SA049S29	SES099	-0.885113	-53.0353	-52.1502
BLOCK04/SES049/SA049S29	SES104	-1.53298	-53.6832	-52.1502
BLOCK04/SES049/SA049S29	SES125	-1.48433	-53.6346	-52.1502
BLOCK04/SES049/SA049S29	SES206	-1.50205	-53.6523	-52.1502
BLOCK06/SES063/SA063S09	SES068	-0.867237	-50.6802	-49.813
BLOCK06/SES063/SA063S09	SES083	-0.333397	-50.1464	-49.813
BLOCK06/SES063/SA063S09	SES177	-0.272755	-50.0857	-49.813
BLOCK06/SES063/SA063S09	SES187	-0.546619	-50.3596	-49.813
BLOCK06/SES063/SA063S10	SES068	-1.27721	-51.4923	-50.2151
BLOCK06/SES063/SA063S10	SES083	-0.398842	-50.614	-50.2151
BLOCK06/SES063/SA063S10	SES172	-0.559757	-50.7749	-50.2151
BLOCK06/SES063/SA063S10	SES187	-1.46103	-51.6762	-50.2151
BLOCK06/SES063/SA063S20	SES068	-1.37452	-50.5763	-49.2018
BLOCK06/SES063/SA063S20	SES083	-0.331333	-49.5332	-49.2018
BLOCK06/SES063/SA063S20	SES172	-0.924397	-50.1262	-49.2018
BLOCK06/SES063/SA063S20	SES187	-1.22412	-50.4259	-49.2018
BLOCK06/SES063/SA063S24	SES029	-1.46191	-50.1899	-48.7279
BLOCK06/SES063/SA063S24	SES083	0.0449333	-48.683	-48.7279
BLOCK06/SES063/SA063S24	SES177	-0.577438	-49.3054	-48.7279
BLOCK06/SES063/SA063S24	SES189	-0.71088	-49.4388	-48.7279
BLOCK06/SES063/SA063S27	SES083	-0.54163	-49.1146	-48.573
BLOCK06/SES063/SA063S27	SES172	-0.971733	-49.5447	-48.573
BLOCK06/SES063/SA063S27	SES187	-1.16589	-49.7388	-48.573
BLOCK06/SES063/SA063S27	SES292	-1.23086	-49.8038	-48.573
BLOCK06/SES067/SA067S12	SES083	-0.596039	-50.071	-49.475
BLOCK06/SES067/SA067S12	SES172	-1.28664	-50.7616	-49.475
BLOCK06/SES067/SA067S12	SES202	-0.348919	-49.8239	-49.475
BLOCK06/SES067/SA067S12	SES292	-1.1906	-50.6656	-49.475
BLOCK06/SES067/SA067S14	SES085	-1.3991	-49.8246	-48.4255
BLOCK06/SES067/SA067S14	SES177	-1.1718	-49.5973	-48.4255
BLOCK06/SES067/SA067S14	SES183	0.636269	-47.7892	-48.4255
BLOCK06/SES067/SA067S14	SES202	-0.853268	-49.2788	-48.4255
BLOCK06/SES067/SA067S21	SES144	-0.339539	-50.8322	-50.4926
BLOCK06/SES067/SA067S21	SES177	-0.837589	-51.3302	-50.4926
BLOCK06/SES067/SA067S21	SES183	-0.675365	-51.168	-50.4926
BLOCK06/SES067/SA067S21	SES189	-1.43	-51.9226	-50.4926
BLOCK06/SES067/SA067S25	SES085	-1.09016	-49.6607	-48.5705
BLOCK06/SES067/SA067S25	SES177	-0.859238	-49.4298	-48.5705
BLOCK06/SES067/SA067S25	SES183	0.0546989	-48.5158	-48.5705
BLOCK06/SES067/SA067S25	SES202	-0.560558	-49.1311	-48.5705
BLOCK06/SES067/SA067S29	SES085	-1.11721	-51.9795	-50.8623
BLOCK06/SES067/SA067S29	SES177	-0.908817	-51.7711	-50.8623
BLOCK06/SES067/SA067S29	SES183	0.289303	-50.573	-50.8623
BLOCK06/SES067/SA067S29	SES202	0.110237	-50.7521	-50.8623
BLOCK06/SES069/SA069S12	SES029	-1.14312	-51.6838	-50.5406
BLOCK06/SES069/SA069S12	SES082	-1.38233	-51.923	-50.5406
BLOCK06/SES069/SA069S12	SES087	-1.05514	-51.5958	-50.5406
BLOCK06/SES069/SA069S12	SES206	-0.721455	-51.2621	-50.5406
BLOCK06/SES069/SA069S13	SES029	-1.91454	-54.6291	-52.7145
BLOCK06/SES069/SA069S13	SES087	-0.403011	-53.1175	-52.7145
BLOCK06/SES069/SA069S13	SES206	-0.77607	-53.4906	-52.7145
BLOCK06/SES069/SA069S13	SES226	-1.22219	-53.9367	-52.7145
BLOCK06/SES069/SA069S23	SES029	-0.39077	-50.4849	-50.0941
BLOCK06/SES069/SA069S23	SES087	-0.0623169	-50.1564	-50.0941
BLOCK06/SES069/SA069S23	SES206	-1.11349	-51.2076	-50.0941
BLOCK06/SES069/SA069S23	SES226	-0.555447	-50.6496	-50.0941
BLOCK06/SES069/SA069S25	SES087	-0.92606	-51.3024	-50.3763
BLOCK06/SES069/SA069S25	SES206	-1.60124	-51.9776	-50.3763
BLOCK06/SES069/SA069S25	SES226	-0.30431	-50.6806	-50.3763
BLOCK06/SES069/SA069S25	SES270	-1.24976	-51.6261	-50.3763
BLOCK06/SES069/SA069S27	SES087	-0.170677	-51.6214	-51.4507
BLOCK06/SES069/SA069S27	SES206	-0.57246	-52.0232	-51.4507
BLOCK06/SES069/SA069S27	SES226	-0.444614	-51.8953	-51.4507
BLOCK06/SES069/SA069S27	SES270	-0.782902	-52.2336	-51.4507
BLOCK08/SES081/SA081S11	SES060	-0.280125	-52.4885	-52.2083
BLOCK08/SES081/SA081S11	SES062	-0.702309	-52.9107	-52.2083
BLOCK08/SES081/SA081S11	SES117	-1.06759	-53.2759	-52.2083
BLOCK08/SES081/SA081S11	SES162	-0.738914	-52.9473	-52.2083
BLOCK08/SES081/SA081S13	SES016	-0.415085	-49.6574	-49.2423
BLOCK08/SES081/SA081S13	SES060	0.250298	-48.992	-49.2423
BLOCK08/SES081/SA081S13	SES068	-0.445892	-49.6882	-49.2423
BLOCK08/SES081/SA081S13	SES129	-0.151558	-49.3938	-49.2423
BLOCK08/SES081/SA081S24	SES060	0.0484772	-51.1652	-51.2136
BLOCK08/SES081/SA081S24	SES068	-0.77916	-51.9928	-51.2136
BLOCK08/SES081/SA081S24	SES117	-0.640865	-51.8545	-51.2136
BLOCK08/SES081/SA081S24	SES275	-0.779747	-51.9934	-51.2136
BLOCK08/SES081/SA081S27	SES007	-0.387222	-50.6179	-50.2307
BLOCK08/SES081/SA081S27	SES060	-0.0421906	-50.2729	-50.2307
BLOCK08/SES081/SA081S27	SES117	-0.0294037	-50.2601	-50.2307
BLOCK08/SES081/SA081S27	SES275	-0.708282	-50.939	-50.2307
BLOCK08/SES081/SA081S29	SES007	-0.259274	-49.7833	-49.5241
BLOCK08/SES081/SA081S29	SES060	-0.0212784	-49.5453	-49.5241
BLOCK08/SES081/SA081S29	SES117	-0.0504341	-49.5745	-49.5241
BLOCK08/SES081/SA081S29	SES275	-0.905994	-50.4301	-49.5241
BLOCK08/SES086/SA086S11	SES029	-1.74147	-54.4502	-52.7087
BLOCK08/SES086/SA086S11	SES082	-3.1831	-55.8918	-52.7087
BLOCK08/SES086/SA086S11	SES087	-1.24012	-53.9488	-52.7087
BLOCK08/SES086/SA086S11	SES206	-1.49595	-54.2047	-52.7087
BLOCK08/SES086/SA086S12	SES029	-2.10423	-52.6242	-50.52
BLOCK08/SES086/SA086S12	SES082	-2.77209	-53.2921	-50.52
BLOCK08/SES086/SA086S12	SES087	-1.05869	-51.5787	-50.52
BLOCK08/SES086/SA086S12	SES206	-1.11931	-51.6393	-50.52
BLOCK08/SES086/SA086S20	SES029	-1.52542	-50.8973	-49.3718
BLOCK08/SES086/SA086S20	SES082	-1.78069	-51.1525	-49.3718
BLOCK08/SES086/SA086S20	SES087	-1.18373	-50.5556	-49.3718
BLOCK08/SES086/SA086S20	SES206	-1.01373	-50.3856	-49.3718
BLOCK08/SES086/SA086S24	SES087	-1.53865	-51.8677	-50.3291
BLOCK08/SES086/SA086S24	SES104	-1.14436	-51.4734	-50.3291
BLOCK08/SES086/SA086S24	SES120	-1.06022	-51.3893	-50.3291
BLOCK08/SES086/SA086S24	SES206	-0.684746	-51.0138	-50.3291
BLOCK08/SES086/SA086S28	SES029	-1.07868	-50.1133	-49.0346
BLOCK08/SES086/SA086S28	SES082	-1.70938	-50.744	-49.0346
BLOCK08/SES086/SA086S28	SES087	-0.935066	-49.9697	-49.0346
BLOCK08/SES086/SA086S28	SES206	-0.894142	-49.9288	-49.0346
BLOCK08/SES089/SA089S13	SES087	-0.756256	-53.7242	-52.968
BLOCK08/SES089/SA089S13	SES206	-0.963348	-53.9313	-52.968
BLOCK08/SES089/SA089S13	SES226	-0.889366	-53.8574	-52.968
BLOCK08/SES089/SA089S13	SES270	-1.36142	-54.3294	-52.968
BLOCK08/SES089/SA089S14	SES062	-1.29896	-53.128	-51.829
BLOCK08/SES089/SA089S14	SES087	-1.30114	-53.1302	-51.829
BLOCK08/SES089/SA089S14	SES206	-1.13243	-52.9614	-51.829
BLOCK08/SES089/SA089S14	SES226	-2.01271	-53.8417	-51.829
BLOCK08/SES089/SA089S23	SES087	-0.741196	-54.2588	-53.5176
BLOCK08/SES089/SA089S23	SES206	-1.61653	-55.1341	-53.5176
BLOCK08/SES089/SA089S23	SES226	-1.54312	-55.0607	-53.5176
BLOCK08/SES089/SA089S23	SES270	-1.906	-55.4236	-53.5176
BLOCK08/SES089/SA089S25	SES062	-1.68034	-53.8395	-52.1591
BLOCK08/SES089/SA089S25	SES087	-0.942883	-53.102	-52.1591
BLOCK08/SES089/SA089S25	SES206	-1.8874	-54.0465	-52.1591
BLOCK08/SES089/SA089S25	SES226	-0.224667	-52.3838	-52.1591
BLOCK08/SES089/SA089S28	SES062	-1.66975	-54.8377	-53.1679
BLOCK08/SES089/SA089S28	SES087	-0.483459	-53.6514	-53.1679
BLOCK08/SES089/SA089S28	SES206	-1.12984	-54.2978	-53.1679
BLOCK08/SES089/SA089S28	SES226	-0.712784	-53.8807	-53.1679
BLOCK09/SES097/SA097S11	SES099	-0.587822	-54.7638	-54.176
BLOCK09/SES097/SA097S11	SES125	-4.42165	-58.5977	-54.176
BLOCK09/SES097/SA097S11	SES206	-3.59827	-57.7743	-54.176
BLOCK09/SES097/SA097S11	SES226	-1.16082	-55.3368	-54.176
BLOCK09/SES097/SA097S14	SES062	-1.08125	-56.0876	-55.0064
BLOCK09/SES097/SA097S14	SES099	-0.646305	-55.6527	-55.0064
BLOCK09/SES097/SA097S14	SES104	-0.962864	-55.9692	-55.0064
BLOCK09/SES097/SA097S14	SES206	-2.66154	-57.6679	-55.0064
BLOCK09/SES097/SA097S22	SES099	-1.16314	-55.8117	-54.6486
BLOCK09/SES097/SA097S22	SES206	-1.93529	-56.5839	-54.6486
BLOCK09/SES097/SA097S22	SES226	-1.29855	-55.9471	-54.6486
BLOCK09/SES097/SA097S22	SES270	-0.689922	-55.3385	-54.6486
BLOCK09/SES097/SA097S26	SES099	-1.37063	-54.8762	-53.5056
BLOCK09/SES097/SA097S26	SES120	-0.680187	-54.1858	-53.5056
BLOCK09/SES097/SA097S26	SES206	-1.48638	-54.992	-53.5056
BLOCK09/SES097/SA097S26	SES226	-1.50018	-55.0058	-53.5056
BLOCK09/SES097/SA097S28	SES099	-0.81432	-53.1536	-52.3393
BLOCK09/SES097/SA097S28	SES120	-1.52614	-53.8654	-52.3393
BLOCK09/SES097/SA097S28	SES206	-2.23519	-54.5745	-52.3393
BLOCK09/SES097/SA097S28	SES226	-2.09907	-54.4384	-52.3393
BLOCK09/SES098/SA098S11	SES127	-2.13408	-51.8391	-49.705
BLOCK09/SES098/SA098S11	SES144	-1.31741	-51.0224	-49.705
BLOCK09/SES098/SA098S11	SES147	-0.904102	-50.6091	-49.705
BLOCK09/SES098/SA098S11	SES148	-2.9753	-52.6803	-49.705
BLOCK09/SES098/SA098S12	SES127	-2.27813	-54.2617	-51.9835
BLOCK09/SES098/SA098S12	SES144	-1.59792	-53.5815	-51.9835
BLOCK09/SES098/SA098S12	SES147	-0.546207	-52.5297	-51.9835
BLOCK09/SES098/SA098S12	SES189	-1.82958	-53.8131	-51.9835
BLOCK09/SES098/SA098S20	SES127	-2.10633	-53.3616	-51.2553
BLOCK09/SES098/SA098S20	SES147	-0.38847	-51.6437	-51.2553
BLOCK09/SES098/SA098S20	SES148	-2.11352	-53.3688	-51.2553
BLOCK09/SES098/SA098S20	SES292	-1.30724	-52.5625	-51.2553
BLOCK09/SES098/SA098S23	SES127	-1.26873	-51.6868	-50.4181
BLOCK09/SES098/SA098S23	SES147	-0.296959	-50.715	-50.4181
BLOCK09/SES098/SA098S23	SES187	-1.00222	-51.4203	-50.4181
BLOCK09/SES098/SA098S23	SES292	-1.33025	-51.7483	-50.4181
BLOCK09/SES098/SA098S27	SES127	-2.16781	-52.8331	-50.6653
BLOCK09/SES098/SA098S27	SES147	-1.32014	-51.9854	-50.6653
BLOCK09/SES098/SA098S27	SES148	-2.57409	-53.2394	-50.6653
BLOCK09/SES098/SA098S27	SES292	-1.30697	-51.9722	-50.6653
BLOCK10/SES102/SA102S13	SES101	-0.718956	-51.381	-50.662
BLOCK10/SES102/SA102S13	SES105	-1.145	-51.807	-50.662
BLOCK10/SES102/SA102S13	SES120	-1.5336	-52.1956	-50.662
BLOCK10/SES102/SA102S13	SES158	-1.21058	-51.8726	-50.662
BLOCK10/SES102/SA102S14	SES007	-0.0921898	-48.8655	-48.7733
BLOCK10/SES102/SA102S14	SES101	0.21096	-48.5624	-48.7733
BLOCK10/SES102/SA102S14	SES105	-0.355961	-49.1293	-48.7733
BLOCK10/SES102/SA102S14	SES147	-1.17878	-49.9521	-48.7733
BLOCK10/SES102/SA102S22	SES007	-0.362213	-48.4303	-48.0681
BLOCK10/SES102/SA102S22	SES101	-0.445679	-48.5138	-48.0681
BLOCK10/SES102/SA102S22	SES105	-0.446442	-48.5145	-48.0681
BLOCK10/SES102/SA102S22	SES158	-0.392635	-48.4607	-48.0681
BLOCK10/SES102/SA102S25	SES007	-0.397057	-48.6439	-48.2468
BLOCK10/SES102/SA102S25	SES101	-0.0757599	-48.3226	-48.2468
BLOCK10/SES102/SA102S25	SES105	-0.452812	-48.6996	-48.2468
BLOCK10/SES102/SA102S25	SES147	-1.57947	-49.8263	-48.2468
BLOCK10/SES102/SA102S27	SES007	-0.912132	-52.2599	-51.3477
BLOCK10/SES102/SA102S27	SES101	-1.16906	-52.5168	-51.3477
BLOCK10/SES102/SA102S27	SES105	-0.937408	-52.2851	-51.3477
BLOCK10/SES102/SA102S27	SES147	-1.03016	-52.3779	-51.3477
BLOCK10/SES103/SA103S14	SES105	-0.448322	-50.2542	-49.8059
BLOCK10/SES103/SA103S14	SES106	-1.91228	-51.7182	-49.8059
BLOCK10/SES103/SA103S14	SES120	-1.44391	-51.2498	-49.8059
BLOCK10/SES103/SA103S14	SES206	-1.14417	-50.9501	-49.8059
BLOCK10/SES103/SA103S15	SES099	-1.49889	-55.4754	-53.9765
BLOCK10/SES103/SA103S15	SES101	-3.69261	-57.6691	-53.9765
BLOCK10/SES103/SA103S15	SES104	-1.49429	-55.4708	-53.9765
BLOCK10/SES103/SA103S15	SES125	-6.11181	-60.0883	-53.9765
BLOCK10/SES103/SA103S24	SES104	-1.00245	-51.8627	-50.8602
BLOCK10/SES103/SA103S24	SES125	-1.40582	-52.266	-50.8602
BLOCK10/SES103/SA103S24	SES148	-1.75787	-52.6181	-50.8602
BLOCK10/SES103/SA103S24	SES158	-1.38221	-52.2424	-50.8602
BLOCK10/SES103/SA103S26	SES104	-0.962063	-51.5642	-50.6021
BLOCK10/SES103/SA103S26	SES106	-1.72282	-52.3249	-50.6021
BLOCK10/SES103/SA103S26	SES125	-1.44665	-52.0488	-50.6021
BLOCK10/SES103/SA103S26	SES148	-1.68951	-52.2916	-50.6021
BLOCK10/SES103/SA103S28	SES104	-1.39899	-55.1439	-53.7449
BLOCK10/SES103/SA103S28	SES106	-6.47299	-60.2179	-53.7449
BLOCK10/SES103/SA103S28	SES125	-1.50579	-55.2507	-53.7449
BLOCK10/SES103/SA103S28	SES206	-1.77686	-55.5218	-53.7449
BLOCK12/SES121/SA121S12	SES042	-1.31271	-51.3107	-49.998
BLOCK12/SES121/SA121S12	SES087	-1.59821	-51.5962	-49.998
BLOCK12/SES121/SA121S12	SES105	-0.0943527	-50.0924	-49.998
BLOCK12/SES121/SA121S12	SES206	-0.501698	-50.4997	-49.998
BLOCK12/SES121/SA121S14	SES007	-0.991058	-50.9009	-49.9098
BLOCK12/SES121/SA121S14	SES105	-0.451595	-50.3614	-49.9098
BLOCK12/SES121/SA121S14	SES106	-0.806961	-50.7168	-49.9098
BLOCK12/SES121/SA121S14	SES206	-1.13044	-51.0403	-49.9098
BLOCK12/SES121/SA121S23	SES105	-0.496269	-50.5768	-50.0805
BLOCK12/SES121/SA121S23	SES106	-1.6452	-51.7257	-50.0805
BLOCK12/SES121/SA121S23	SES120	-1.19411	-51.2746	-50.0805
BLOCK12/SES121/SA121S23	SES206	-0.562481	-50.643	-50.0805
BLOCK12/SES121/SA121S25	SES007	-0.82045	-50.4772	-49.6567
BLOCK12/SES121/SA121S25	SES105	-0.657742	-50.3145	-49.6567
BLOCK12/SES121/SA121S25	SES106	-0.631126	-50.2879	-49.6567
BLOCK12/SES121/SA121S25	SES206	-1.38787	-51.0446	-49.6567
BLOCK12/SES121/SA121S27	SES087	-1.37993	-52.4607	-51.0808
BLOCK12/SES121/SA121S27	SES105	-0.84071	-51.9215	-51.0808
BLOCK12/SES121/SA121S27	SES120	-0.522411	-51.6032	-51.0808
BLOCK12/SES121/SA121S27	SES206	-0.578281	-51.6591	-51.0808
BLOCK12/SES124/SA124S16	SES042	-0.263771	-48.4214	-48.1576
BLOCK12/SES124/SA124S16	SES082	-1.2623	-49.4199	-48.1576
BLOCK12/SES124/SA124S16	SES183	-0.875275	-49.0329	-48.1576
BLOCK12/SES124/SA124S16	SES206	-1.05848	-49.2161	-48.1576
BLOCK12/SES124/SA124S17	SES105	-0.234406	-49.6984	-49.464
BLOCK12/SES124/SA124S17	SES149	-0.952236	-50.4162	-49.464
BLOCK12/SES124/SA124S17	SES158	-1.29414	-50.7581	-49.464
BLOCK12/SES124/SA124S17	SES275	-0.632263	-50.0963	-49.464
BLOCK12/SES124/SA124S23	SES105	-1.20239	-49.9871	-48.7847
BLOCK12/SES124/SA124S23	SES125	-0.326084	-49.1108	-48.7847
BLOCK12/SES124/SA124S23	SES129	-0.686165	-49.4709	-48.7847
BLOCK12/SES124/SA124S23	SES158	-1.38721	-50.1719	-48.7847
BLOCK12/SES124/SA124S26	SES105	-1.08758	-51.1898	-50.1022
BLOCK12/SES124/SA124S26	SES125	-0.167606	-50.2698	-50.1022
BLOCK12/SES124/SA124S26	SES129	-1.30846	-51.4107	-50.1022
BLOCK12/SES124/SA124S26	SES158	-1.02363	-51.1258	-50.1022
BLOCK12/SES124/SA124S28	SES104	-0.45871	-49.6264	-49.1677
BLOCK12/SES124/SA124S28	SES106	-0.913235	-50.0809	-49.1677
BLOCK12/SES124/SA124S28	SES125	-0.260735	-49.4284	-49.1677
BLOCK12/SES124/SA124S28	SES275	-0.855255	-50.0229	-49.1677
BLOCK12/SES126/SA126S13	SES007	-0.620071	-51.4326	-50.8126
BLOCK12/SES126/SA126S13	SES162	-0.29882	-51.1114	-50.8126
BLOCK12/SES126/SA126S13	SES177	-1.01309	-51.8256	-50.8126
BLOCK12/SES126/SA126S13	SES180	-0.575439	-51.388	-50.8126
BLOCK12/SES126/SA126S14	SES144	-0.0992661	-49.6058	-49.5065
BLOCK12/SES126/SA126S14	SES148	-0.75296	-50.2595	-49.5065
BLOCK12/SES126/SA126S14	SES177	-0.390732	-49.8972	-49.5065
BLOCK12/SES126/SA126S14	SES180	-0.0257874	-49.5323	-49.5065
BLOCK12/SES126/SA126S20	SES007	-0.320782	-48.9326	-48.6118
BLOCK12/SES126/SA126S20	SES162	-0.275536	-48.8874	-48.6118
BLOCK12/SES126/SA126S20	SES172	-1.32031	-49.9321	-48.6118
BLOCK12/SES126/SA126S20	SES180	0.237328	-48.3745	-48.6118
BLOCK12/SES126/SA126S24	SES120	-0.608261	-49.949	-49.3407
BLOCK12/SES126/SA126S24	SES162	-0.137283	-49.478	-49.3407
BLOCK12/SES126/SA126S24	SES177	-0.623638	-49.9643	-49.3407
BLOCK12/SES126/SA126S24	SES180	0.30975	-49.031	-49.3407
BLOCK12/SES126/SA126S26	SES120	-0.731995	-51.0062	-50.2742
BLOCK12/SES126/SA126S26	SES177	-0.396275	-50.6705	-50.2742
BLOCK12/SES126/SA126S26	SES180	0.019413	-50.2548	-50.2742
BLOCK12/SES126/SA126S26	SES202	-0.786606	-51.0608	-50.2742
BLOCK12/SES128/SA128S10	SES087	-1.50933	-50.2651	-48.7558
BLOCK12/SES128/SA128S10	SES206	-1.33805	-50.0939	-48.7558
BLOCK12/SES128/SA128S10	SES226	-1.45581	-50.2116	-48.7558
BLOCK12/SES128/SA128S10	SES270	-1.19046	-49.9463	-48.7558
BLOCK12/SES128/SA128S12	SES120	-0.577019	-50.4619	-49.8849
BLOCK12/SES128/SA128S12	SES158	-1.4478	-51.3327	-49.8849
BLOCK12/SES128/SA128S12	SES206	-0.771675	-50.6566	-49.8849
BLOCK12/SES128/SA128S12	SES226	-1.50157	-51.3865	-49.8849
BLOCK12/SES128/SA128S21	SES106	-1.38916	-54.7722	-53.3831
BLOCK12/SES128/SA128S21	SES120	-1.00445	-54.3875	-53.3831
BLOCK12/SES128/SA128S21	SES206	-1.21178	-54.5949	-53.3831
BLOCK12/SES128/SA128S21	SES226	-0.35154	-53.7346	-53.3831
BLOCK12/SES128/SA128S24	SES087	-1.61242	-52.0502	-50.4378
BLOCK12/SES128/SA128S24	SES120	-0.535698	-50.9735	-50.4378
BLOCK12/SES128/SA128S24	SES206	-0.605949	-51.0438	-50.4378
BLOCK12/SES128/SA128S24	SES226	-1.48725	-51.9251	-50.4378
BLOCK12/SES128/SA128S27	SES099	-0.530895	-49.1446	-48.6137
BLOCK12/SES128/SA128S27	SES120	-0.477798	-49.0915	-48.6137
BLOCK12/SES128/SA128S27	SES206	-1.01558	-49.6293	-48.6137
BLOCK12/SES128/SA128S27	SES226	-1.49443	-50.1081	-48.6137
BLOCK13/SES130/SA130S13	SES143	-1.55018	-53.4159	-51.8657
BLOCK13/SES130/SA130S13	SES144	-0.440392	-52.3061	-51.8657
BLOCK13/SES130/SA130S13	SES146	-1.10234	-52.968	-51.8657
BLOCK13/SES130/SA130S13	SES275	-0.666492	-52.5322	-51.8657
BLOCK13/SES130/SA130S15	SES143	-1.71529	-51.8559	-50.1406
BLOCK13/SES130/SA130S15	SES144	-0.46896	-50.6096	-50.1406
BLOCK13/SES130/SA130S15	SES146	-1.35489	-51.4955	-50.1406
BLOCK13/SES130/SA130S15	SES275	-0.923683	-51.0643	-50.1406
BLOCK13/SES130/SA130S23	SES127	-1.22704	-53.3787	-52.1517
BLOCK13/SES130/SA130S23	SES144	-0.383774	-52.5354	-52.1517
BLOCK13/SES130/SA130S23	SES146	-0.724686	-52.8763	-52.1517
BLOCK13/SES130/SA130S23	SES162	-1.32114	-53.4728	-52.1517
BLOCK13/SES130/SA130S25	SES127	-1.85823	-50.1108	-48.2526
BLOCK13/SES130/SA130S25	SES144	-0.664158	-48.9167	-48.2526
BLOCK13/SES130/SA130S25	SES146	-0.100224	-48.3528	-48.2526
BLOCK13/SES130/SA130S25	SES275	-0.76577	-49.0183	-48.2526
BLOCK13/SES130/SA130S28	SES127	-1.35352	-52.3697	-51.0162
BLOCK13/SES130/SA130S28	SES144	-0.828114	-51.8443	-51.0162
BLOCK13/SES130/SA130S28	SES146	-0.517723	-51.5339	-51.0162
BLOCK13/SES130/SA130S28	SES275	-0.550449	-51.5666	-51.0162
BLOCK13/SES131/SA131S13	SES002	-1.04101	-52.5623	-51.5213
BLOCK13/SES131/SA131S13	SES007	-1.17707	-52.6984	-51.5213
BLOCK13/SES131/SA131S13	SES099	-0.849159	-52.3705	-51.5213
BLOCK13/SES131/SA131S13	SES105	-0.220627	-51.742	-51.5213
BLOCK13/SES131/SA131S14	SES104	-0.502731	-49.24	-48.7373
BLOCK13/SES131/SA131S14	SES106	-2.87843	-51.6157	-48.7373
BLOCK13/SES131/SA131S14	SES125	-0.79319	-49.5304	-48.7373
BLOCK13/SES131/SA131S14	SES148	-0.960205	-49.6975	-48.7373
BLOCK13/SES131/SA131S20	SES104	-1.51779	-54.8376	-53.3198
BLOCK13/SES131/SA131S20	SES106	-1.87597	-55.1957	-53.3198
BLOCK13/SES131/SA131S20	SES125	-1.02708	-54.3469	-53.3198
BLOCK13/SES131/SA131S20	SES148	-0.872364	-54.1921	-53.3198
BLOCK13/SES131/SA131S22	SES099	-0.760075	-49.9545	-49.1944
BLOCK13/SES131/SA131S22	SES104	-0.802509	-49.9969	-49.1944
BLOCK13/SES131/SA131S22	SES125	-0.397022	-49.5915	-49.1944
BLOCK13/SES131/SA131S22	SES206	-1.36271	-50.5571	-49.1944
BLOCK13/SES131/SA131S29	SES087	-1.41611	-52.7778	-51.3617
BLOCK13/SES131/SA131S29	SES104	-1.48775	-52.8495	-51.3617
BLOCK13/SES131/SA131S29	SES125	-1.27438	-52.6361	-51.3617
BLOCK13/SES131/SA131S29	SES206	-1.98802	-53.3497	-51.3617
BLOCK13/SES132/SA132S11	SES083	-0.569454	-48.769	-48.1996
BLOCK13/SES132/SA132S11	SES120	-0.282829	-48.4824	-48.1996
BLOCK13/SES132/SA132S11	SES127	-0.620197	-48.8198	-48.1996
BLOCK13/SES132/SA132S11	SES275	-0.503853	-48.7034	-48.1996
BLOCK13/SES132/SA132S12	SES083	-1.43603	-51.0675	-49.6314
BLOCK13/SES132/SA132S12	SES143	-1.28112	-50.9126	-49.6314
BLOCK13/SES132/SA132S12	SES144	-0.261703	-49.8932	-49.6314
BLOCK13/SES132/SA132S12	SES148	-0.495502	-50.1269	-49.6314
BLOCK13/SES132/SA132S22	SES062	-0.767361	-49.831	-49.0637
BLOCK13/SES132/SA132S22	SES083	-1.10442	-50.1681	-49.0637
BLOCK13/SES132/SA132S22	SES127	-0.634304	-49.698	-49.0637
BLOCK13/SES132/SA132S22	SES275	-0.855061	-49.9187	-49.0637
BLOCK13/SES132/SA132S24	SES007	-0.514587	-48.929	-48.4144
BLOCK13/SES132/SA132S24	SES083	-0.790951	-49.2054	-48.4144
BLOCK13/SES132/SA132S24	SES127	-0.545216	-48.9597	-48.4144
BLOCK13/SES132/SA132S24	SES275	-0.83979	-49.2542	-48.4144
BLOCK13/SES132/SA132S27	SES083	-1.30769	-52.8369	-51.5292
BLOCK13/SES132/SA132S27	SES120	-0.301075	-51.8303	-51.5292
BLOCK13/SES132/SA132S27	SES127	-0.884998	-52.4142	-51.5292
BLOCK13/SES132/SA132S27	SES275	-0.595623	-52.1248	-51.5292
BLOCK14/SES141/SA141S09	SES143	-0.853218	-50.1931	-49.3399
BLOCK14/SES141/SA141S09	SES144	-0.402546	-49.7424	-49.3399
BLOCK14/SES141/SA141S09	SES162	-0.505985	-49.8459	-49.3399
BLOCK14/SES141/SA141S09	SES180	-0.419674	-49.7595	-49.3399
BLOCK14/SES141/SA141S15	SES127	-0.316582	-50.1987	-49.8821
BLOCK14/SES141/SA141S15	SES144	-0.229416	-50.1115	-49.8821
BLOCK14/SES141/SA141S15	SES162	-0.164986	-50.0471	-49.8821
BLOCK14/SES141/SA141S15	SES180	-0.21933	-50.1015	-49.8821
BLOCK14/SES141/SA141S24	SES127	-0.784672	-50.1264	-49.3417
BLOCK14/SES141/SA141S24	SES144	-0.757599	-50.0993	-49.3417
BLOCK14/SES141/SA141S24	SES162	-0.134254	-49.476	-49.3417
BLOCK14/SES141/SA141S24	SES183	-0.96357	-50.3053	-49.3417
BLOCK14/SES141/SA141S26	SES142	-0.403988	-51.5246	-51.1206
BLOCK14/SES141/SA141S26	SES144	-0.334518	-51.4551	-51.1206
BLOCK14/SES141/SA141S26	SES172	-0.112823	-51.2334	-51.1206
BLOCK14/SES141/SA141S26	SES180	0.136818	-50.9838	-51.1206
BLOCK14/SES141/SA141S29	SES127	-0.376236	-49.0614	-48.6851
BLOCK14/SES141/SA141S29	SES142	-0.343513	-49.0286	-48.6851
BLOCK14/SES141/SA141S29	SES144	-0.321095	-49.0062	-48.6851
BLOCK14/SES141/SA141S29	SES180	-0.184452	-48.8696	-48.6851
BLOCK15/SES157/SA157S08	SES083	-0.765553	-50.6289	-49.8633
BLOCK15/SES157/SA157S08	SES127	-1.46727	-51.3306	-49.8633
BLOCK15/SES157/SA157S08	SES148	-1.24744	-51.1108	-49.8633
BLOCK15/SES157/SA157S08	SES292	-1.2119	-51.0752	-49.8633
BLOCK15/SES157/SA157S11	SES083	-1.42366	-51.7576	-50.334
BLOCK15/SES157/SA157S11	SES127	-1.89081	-52.2248	-50.334
BLOCK15/SES157/SA157S11	SES148	-1.88104	-52.215	-50.334
BLOCK15/SES157/SA157S11	SES292	-1.29918	-51.6332	-50.334
BLOCK15/SES157/SA157S21	SES127	-0.367805	-52.198	-51.8302
BLOCK15/SES157/SA157S21	SES148	-0.635567	-52.4658	-51.8302
BLOCK15/SES157/SA157S21	SES158	-2.10553	-53.9357	-51.8302
BLOCK15/SES157/SA157S21	SES292	-0.712193	-52.5424	-51.8302
BLOCK15/SES157/SA157S24	SES127	-1.25467	-50.9754	-49.7207
BLOCK15/SES157/SA157S24	SES148	-1.49836	-51.2191	-49.7207
BLOCK15/SES157/SA157S24	SES183	-1.503	-51.2237	-49.7207
BLOCK15/SES157/SA157S24	SES292	-1.47677	-51.1975	-49.7207
BLOCK15/SES157/SA157S26	SES007	-0.113499	-49.1318	-49.0183
BLOCK15/SES157/SA157S26	SES127	-0.923759	-49.9421	-49.0183
BLOCK15/SES157/SA157S26	SES147	-0.502411	-49.5207	-49.0183
BLOCK15/SES157/SA157S26	SES148	-1.48174	-50.5001	-49.0183
BLOCK16/SES161/SA161S10	SES007	-0.274471	-49.7737	-49.4992
BLOCK16/SES161/SA161S10	SES105	0.274689	-49.2245	-49.4992
BLOCK16/SES161/SA161S10	SES158	-0.448376	-49.9476	-49.4992
BLOCK16/SES161/SA161S10	SES275	-0.980824	-50.4801	-49.4992
BLOCK16/SES161/SA161S12	SES007	-0.670483	-50.7429	-50.0724
BLOCK16/SES161/SA161S12	SES105	-0.480633	-50.5531	-50.0724
BLOCK16/SES161/SA161S12	SES158	-2.10662	-52.1791	-50.0724
BLOCK16/SES161/SA161S12	SES275	-0.640358	-50.7128	-50.0724
BLOCK16/SES161/SA161S20	SES007	-0.514198	-50.2802	-49.766
BLOCK16/SES161/SA161S20	SES105	-0.974888	-50.7409	-49.766
BLOCK16/SES161/SA161S20	SES158	-0.702572	-50.4686	-49.766
BLOCK16/SES161/SA161S20	SES275	-1.19211	-50.9581	-49.766
BLOCK16/SES161/SA161S23	SES007	-1.46466	-53.2899	-51.8252
BLOCK16/SES161/SA161S23	SES105	-0.700363	-52.5256	-51.8252
BLOCK16/SES161/SA161S23	SES148	-0.570934	-52.3961	-51.8252
BLOCK16/SES161/SA161S23	SES158	-2.36467	-54.1899	-51.8252
BLOCK16/SES161/SA161S28	SES007	-1.04039	-49.4275	-48.3871
BLOCK16/SES161/SA161S28	SES105	-0.662743	-49.0498	-48.3871
BLOCK16/SES161/SA161S28	SES158	-0.135181	-48.5223	-48.3871
BLOCK16/SES161/SA161S28	SES206	-0.745644	-49.1327	-48.3871
BLOCK16/SES164/SA164S11	SES104	-1.21898	-52.5633	-51.3443
BLOCK16/SES164/SA164S11	SES125	-0.819191	-52.1635	-51.3443
BLOCK16/SES164/SA164S11	SES158	-2.07492	-53.4192	-51.3443
BLOCK16/SES164/SA164S11	SES206	-1.904	-53.2483	-51.3443
BLOCK16/SES164/SA164S13	SES099	-0.802189	-53.6155	-52.8133
BLOCK16/SES164/SA164S13	SES104	-1.41982	-54.2331	-52.8133
BLOCK16/SES164/SA164S13	SES125	-1.38436	-54.1976	-52.8133
BLOCK16/SES164/SA164S13	SES206	-2.1283	-54.9416	-52.8133
BLOCK16/SES164/SA164S24	SES002	-0.919472	-52.5559	-51.6364
BLOCK16/SES164/SA164S24	SES099	-0.378387	-52.0148	-51.6364
BLOCK16/SES164/SA164S24	SES125	-0.643581	-52.28	-51.6364
BLOCK16/SES164/SA164S24	SES226	-0.494423	-52.1308	-51.6364
BLOCK16/SES164/SA164S27	SES087	-1.16995	-53.9162	-52.7463
BLOCK16/SES164/SA164S27	SES125	-0.872902	-53.6192	-52.7463
BLOCK16/SES164/SA164S27	SES206	-1.9716	-54.7179	-52.7463
BLOCK16/SES164/SA164S27	SES226	-0.731514	-53.4778	-52.7463
BLOCK16/SES164/SA164S29	SES002	-1.11472	-52.9076	-51.7929
BLOCK16/SES164/SA164S29	SES019	-1.16801	-52.9609	-51.7929
BLOCK16/SES164/SA164S29	SES125	-0.520321	-52.3132	-51.7929
BLOCK16/SES164/SA164S29	SES226	-1.41309	-53.206	-51.7929
BLOCK16/SES169/SA169S13	SES117	-0.708656	-51.013	-50.3044
BLOCK16/SES169/SA169S13	SES144	-0.110073	-50.4145	-50.3044
BLOCK16/SES169/SA169S13	SES146	-1.07993	-51.3843	-50.3044
BLOCK16/SES169/SA169S13	SES162	-0.795948	-51.1003	-50.3044
BLOCK16/SES169/SA169S14	SES144	-0.258076	-48.6926	-48.4345
BLOCK16/SES169/SA169S14	SES148	-1.37754	-49.812	-48.4345
BLOCK16/SES169/SA169S14	SES177	-0.425537	-48.86	-48.4345
BLOCK16/SES169/SA169S14	SES180	-0.478218	-48.9127	-48.4345
BLOCK16/SES169/SA169S24	SES117	-0.303173	-51.7913	-51.4881
BLOCK16/SES169/SA169S24	SES144	-0.181171	-51.6693	-51.4881
BLOCK16/SES169/SA169S24	SES146	-1.07093	-52.5591	-51.4881
BLOCK16/SES169/SA169S24	SES162	-0.988876	-52.477	-51.4881
BLOCK16/SES169/SA169S27	SES127	-0.491261	-49.0449	-48.5537
BLOCK16/SES169/SA169S27	SES129	-0.572037	-49.1257	-48.5537
BLOCK16/SES169/SA169S27	SES144	-0.849072	-49.4027	-48.5537
BLOCK16/SES169/SA169S27	SES146	-1.00323	-49.5569	-48.5537
BLOCK16/SES169/SA169S29	SES144	0.0981102	-48.6836	-48.7817
BLOCK16/SES169/SA169S29	SES162	0.222969	-48.5588	-48.7817
BLOCK16/SES169/SA169S29	SES177	-0.623871	-49.4056	-48.7817
BLOCK16/SES169/SA169S29	SES180	-0.596096	-49.3778	-48.7817
BLOCK17/SES171/SA171S12	SES083	-1.16013	-53.2841	-52.124
BLOCK17/SES171/SA171S12	SES148	-1.18647	-53.3104	-52.124
BLOCK17/SES171/SA171S12	SES172	-0.575951	-52.6999	-52.124
BLOCK17/SES171/SA171S12	SES292	-1.36435	-53.4883	-52.124
BLOCK17/SES171/SA171S15	SES148	-1.36184	-52.9695	-51.6076
BLOCK17/SES171/SA171S15	SES177	-1.09978	-52.7074	-51.6076
BLOCK17/SES171/SA171S15	SES180	-0.577187	-52.1848	-51.6076
BLOCK17/SES171/SA171S15	SES292	-1.09743	-52.7051	-51.6076
BLOCK17/SES171/SA171S22	SES007	-0.683456	-50.388	-49.7045
BLOCK17/SES171/SA171S22	SES148	-1.61098	-51.3155	-49.7045
BLOCK17/SES171/SA171S22	SES177	-0.391041	-50.0956	-49.7045
BLOCK17/SES171/SA171S22	SES180	-1.16366	-50.8682	-49.7045
BLOCK17/SES171/SA171S25	SES101	-2.93415	-55.4735	-52.5393
BLOCK17/SES171/SA171S25	SES120	-1.55824	-54.0976	-52.5393
BLOCK17/SES171/SA171S25	SES177	-1.56812	-54.1074	-52.5393
BLOCK17/SES171/SA171S25	SES180	-1.89647	-54.4358	-52.5393
BLOCK17/SES171/SA171S27	SES177	-0.469093	-50.8297	-50.3606
BLOCK17/SES171/SA171S27	SES180	-0.901142	-51.2618	-50.3606
BLOCK17/SES171/SA171S27	SES189	-0.69315	-51.0538	-50.3606
BLOCK17/SES171/SA171S27	SES292	-1.14847	-51.5091	-50.3606
BLOCK17/SES173/SA173S13	SES162	-0.497269	-49.2201	-48.7228
BLOCK17/SES173/SA173S13	SES177	-0.398109	-49.1209	-48.7228
BLOCK17/SES173/SA173S13	SES180	-0.951	-49.6738	-48.7228
BLOCK17/SES173/SA173S13	SES292	-0.959568	-49.6824	-48.7228
BLOCK17/SES173/SA173S14	SES007	-2.55592	-54.1044	-51.5485
BLOCK17/SES173/SA173S14	SES162	-4.87419	-56.4227	-51.5485
BLOCK17/SES173/SA173S14	SES177	-4.74122	-56.2897	-51.5485
BLOCK17/SES173/SA173S14	SES180	-8.27761	-59.8261	-51.5485
BLOCK17/SES173/SA173S24	SES144	-1.5309	-53.3881	-51.8572
BLOCK17/SES173/SA173S24	SES162	-2.49662	-54.3538	-51.8572
BLOCK17/SES173/SA173S24	SES177	-1.19496	-53.0522	-51.8572
BLOCK17/SES173/SA173S24	SES180	-3.3658	-55.223	-51.8572
BLOCK17/SES173/SA173S27	SES162	-0.946583	-51.0686	-50.122
BLOCK17/SES173/SA173S27	SES177	-0.558407	-50.6804	-50.122
BLOCK17/SES173/SA173S27	SES180	-0.559986	-50.682	-50.122
BLOCK17/SES173/SA173S27	SES292	-0.871056	-50.993	-50.122
BLOCK17/SES173/SA173S29	SES162	-1.45393	-54.5872	-53.1333
BLOCK17/SES173/SA173S29	SES175	-0.908451	-54.0417	-53.1333
BLOCK17/SES173/SA173S29	SES177	-1.93871	-55.072	-53.1333
BLOCK17/SES173/SA173S29	SES292	-0.90752	-54.0408	-53.1333
BLOCK18/SES182/SA182S10	SES144	-0.874672	-47.8073	-46.9326
BLOCK18/SES182/SA182S10	SES177	-0.164711	-47.0973	-46.9326
BLOCK18/SES182/SA182S10	SES180	-0.74791	-47.6805	-46.9326
BLOCK18/SES182/SA182S10	SES275	-0.616192	-47.5488	-46.9326
BLOCK18/SES182/SA182S12	SES144	0.167767	-47.7331	-47.9009
BLOCK18/SES182/SA182S12	SES177	-0.103596	-48.0045	-47.9009
BLOCK18/SES182/SA182S12	SES180	-0.618572	-48.5195	-47.9009
BLOCK18/SES182/SA182S12	SES275	-0.224182	-48.1251	-47.9009
BLOCK18/SES182/SA182S21	SES117	-1.29208	-50.897	-49.605
BLOCK18/SES182/SA182S21	SES144	-0.842125	-50.4471	-49.605
BLOCK18/SES182/SA182S21	SES162	-0.134315	-49.7393	-49.605
BLOCK18/SES182/SA182S21	SES180	-1.06721	-50.6722	-49.605
BLOCK18/SES182/SA182S23	SES117	-1.11773	-51.3229	-50.2052
BLOCK18/SES182/SA182S23	SES144	-0.515404	-50.7206	-50.2052
BLOCK18/SES182/SA182S23	SES180	-2.01304	-52.2182	-50.2052
BLOCK18/SES182/SA182S23	SES275	-0.114262	-50.3195	-50.2052
BLOCK18/SES182/SA182S25	SES007	0.42918	-48.3677	-48.7969
BLOCK18/SES182/SA182S25	SES162	0.27544	-48.5215	-48.7969
BLOCK18/SES182/SA182S25	SES177	-0.538738	-49.3356	-48.7969
BLOCK18/SES182/SA182S25	SES180	0.0214958	-48.7754	-48.7969
BLOCK18/SES184/SA184S12	SES177	-0.615276	-50.8178	-50.2026
BLOCK18/SES184/SA184S12	SES180	-0.935402	-51.138	-50.2026
BLOCK18/SES184/SA184S12	SES189	-0.960697	-51.1633	-50.2026
BLOCK18/SES184/SA184S12	SES292	-1.11425	-51.3168	-50.2026
BLOCK18/SES184/SA184S13	SES101	-0.741695	-52.5056	-51.7639
BLOCK18/SES184/SA184S13	SES177	-0.819763	-52.5836	-51.7639
BLOCK18/SES184/SA184S13	SES180	-0.559044	-52.3229	-51.7639
BLOCK18/SES184/SA184S13	SES292	-1.19822	-52.9621	-51.7639
BLOCK18/SES184/SA184S22	SES177	-0.376106	-50.9518	-50.5757
BLOCK18/SES184/SA184S22	SES180	-0.196285	-50.772	-50.5757
BLOCK18/SES184/SA184S22	SES189	-1.20852	-51.7842	-50.5757
BLOCK18/SES184/SA184S22	SES292	-0.908241	-51.4839	-50.5757
BLOCK18/SES184/SA184S25	SES101	-1.23414	-52.095	-50.8609
BLOCK18/SES184/SA184S25	SES177	-1.06486	-51.9258	-50.8609
BLOCK18/SES184/SA184S25	SES180	-0.534088	-51.395	-50.8609
BLOCK18/SES184/SA184S25	SES292	-1.14295	-52.0039	-50.8609
BLOCK18/SES184/SA184S27	SES083	-0.677826	-51.5223	-50.8445
BLOCK18/SES184/SA184S27	SES177	-1.12302	-51.9675	-50.8445
BLOCK18/SES184/SA184S27	SES202	-0.740639	-51.5851	-50.8445
BLOCK18/SES184/SA184S27	SES292	-1.09588	-51.9403	-50.8445
BLOCK20/SES204/SA204S12	SES062	-0.998657	-50.465	-49.4663
BLOCK20/SES204/SA204S12	SES083	-1.24543	-50.7118	-49.4663
BLOCK20/SES204/SA204S12	SES206	-1.04109	-50.5074	-49.4663
BLOCK20/SES204/SA204S12	SES226	-2.15617	-51.6225	-49.4663
BLOCK20/SES204/SA204S14	SES068	-0.240273	-49.2949	-49.0547
BLOCK20/SES204/SA204S14	SES087	-0.580078	-49.6348	-49.0547
BLOCK20/SES204/SA204S14	SES206	-1.30679	-50.3615	-49.0547
BLOCK20/SES204/SA204S14	SES226	-1.9291	-50.9838	-49.0547
BLOCK20/SES204/SA204S22	SES068	-0.527134	-50.7792	-50.2521
BLOCK20/SES204/SA204S22	SES082	-2.33555	-52.5877	-50.2521
BLOCK20/SES204/SA204S22	SES083	-1.34497	-51.5971	-50.2521
BLOCK20/SES204/SA204S22	SES206	-1.44051	-51.6926	-50.2521
BLOCK20/SES204/SA204S25	SES062	-1.11094	-50.745	-49.6341
BLOCK20/SES204/SA204S25	SES083	-0.768948	-50.4031	-49.6341
BLOCK20/SES204/SA204S25	SES206	-1.48941	-51.1235	-49.6341
BLOCK20/SES204/SA204S25	SES226	-1.76522	-51.3993	-49.6341
BLOCK20/SES204/SA204S27	SES068	-1.0752	-53.209	-52.1338
BLOCK20/SES204/SA204S27	SES082	-2.15744	-54.2912	-52.1338
BLOCK20/SES204/SA204S27	SES087	-1.24147	-53.3753	-52.1338
BLOCK20/SES204/SA204S27	SES206	-1.8208	-53.9546	-52.1338
BLOCK20/SES207/SA207S10	SES127	-0.90411	-50.6626	-49.7585
BLOCK20/SES207/SA207S10	SES183	-0.699562	-50.458	-49.7585
BLOCK20/SES207/SA207S10	SES189	-1.35165	-51.1101	-49.7585
BLOCK20/SES207/SA207S10	SES292	-1.6343	-51.3928	-49.7585
BLOCK20/SES207/SA207S11	SES127	-1.51265	-54.7177	-53.2051
BLOCK20/SES207/SA207S11	SES183	-0.266834	-53.4719	-53.2051
BLOCK20/SES207/SA207S11	SES187	-2.25306	-55.4581	-53.2051
BLOCK20/SES207/SA207S11	SES292	-1.10037	-54.3054	-53.2051
BLOCK20/SES207/SA207S25	SES068	-0.424488	-51.5098	-51.0853
BLOCK20/SES207/SA207S25	SES083	-1.10799	-52.1933	-51.0853
BLOCK20/SES207/SA207S25	SES127	-0.558617	-51.6439	-51.0853
BLOCK20/SES207/SA207S25	SES187	-0.992046	-52.0773	-51.0853
BLOCK20/SES207/SA207S27	SES127	-1.23138	-52.373	-51.1416
BLOCK20/SES207/SA207S27	SES183	-0.301014	-51.4426	-51.1416
BLOCK20/SES207/SA207S27	SES187	-1.29174	-52.4334	-51.1416
BLOCK20/SES207/SA207S27	SES292	-1.86593	-53.0076	-51.1416
BLOCK20/SES207/SA207S29	SES083	-1.45776	-52.1636	-50.7059
BLOCK20/SES207/SA207S29	SES085	-1.41105	-52.1169	-50.7059
BLOCK20/SES207/SA207S29	SES172	-0.892048	-51.5979	-50.7059
BLOCK20/SES207/SA207S29	SES189	-2.14801	-52.8539	-50.7059
BLOCK22/SES221/SA221S12	SES068	-0.773006	-49.383	-48.61
BLOCK22/SES221/SA221S12	SES143	-0.838924	-49.4489	-48.61
BLOCK22/SES221/SA221S12	SES175	-0.448029	-49.058	-48.61
BLOCK22/SES221/SA221S12	SES202	-0.598785	-49.2088	-48.61
BLOCK22/SES221/SA221S15	SES085	-1.34269	-51.6556	-50.3129
BLOCK22/SES221/SA221S15	SES143	-0.927017	-51.2399	-50.3129
BLOCK22/SES221/SA221S15	SES175	-0.462246	-50.7751	-50.3129
BLOCK22/SES221/SA221S15	SES187	-0.845642	-51.1585	-50.3129
BLOCK22/SES221/SA221S23	SES068	-0.570892	-49.9393	-49.3684
BLOCK22/SES221/SA221S23	SES143	-0.946072	-50.3145	-49.3684
BLOCK22/SES221/SA221S23	SES175	-0.144604	-49.513	-49.3684
BLOCK22/SES221/SA221S23	SES189	-0.31501	-49.6834	-49.3684
BLOCK22/SES221/SA221S27	SES085	-0.631134	-51.3389	-50.7078
BLOCK22/SES221/SA221S27	SES143	-0.553341	-51.2611	-50.7078
BLOCK22/SES221/SA221S27	SES175	-0.930614	-51.6384	-50.7078
BLOCK22/SES221/SA221S27	SES189	-0.755558	-51.4634	-50.7078
BLOCK22/SES221/SA221S29	SES085	-0.326183	-51.3935	-51.0673
BLOCK22/SES221/SA221S29	SES143	-1.11568	-52.183	-51.0673
BLOCK22/SES221/SA221S29	SES175	-0.418316	-51.4856	-51.0673
BLOCK22/SES221/SA221S29	SES187	-0.241398	-51.3087	-51.0673
BLOCK22/SES223/SA223S11	SES143	-1.05799	-52.4426	-51.3846
BLOCK22/SES223/SA223S11	SES144	-1.26918	-52.6538	-51.3846
BLOCK22/SES223/SA223S11	SES175	-0.853184	-52.2378	-51.3846
BLOCK22/SES223/SA223S11	SES187	-1.23696	-52.6215	-51.3846
BLOCK22/SES223/SA223S13	SES068	-1.39157	-51.6925	-50.301
BLOCK22/SES223/SA223S13	SES143	-1.49521	-51.7962	-50.301
BLOCK22/SES223/SA223S13	SES146	-1.40116	-51.7021	-50.301
BLOCK22/SES223/SA223S13	SES202	-0.632103	-50.9331	-50.301
BLOCK22/SES223/SA223S22	SES143	-1.10892	-51.6364	-50.5275
BLOCK22/SES223/SA223S22	SES144	-1.24437	-51.7718	-50.5275
BLOCK22/SES223/SA223S22	SES175	-1.08312	-51.6106	-50.5275
BLOCK22/SES223/SA223S22	SES187	-0.746071	-51.2735	-50.5275
BLOCK22/SES223/SA223S25	SES068	-0.540367	-51.7213	-51.181
BLOCK22/SES223/SA223S25	SES143	-0.896629	-52.0776	-51.181
BLOCK22/SES223/SA223S25	SES175	-0.799789	-51.9807	-51.181
BLOCK22/SES223/SA223S25	SES187	-0.786812	-51.9678	-51.181
BLOCK22/SES223/SA223S27	SES143	-0.715641	-53.7752	-53.0595
BLOCK22/SES223/SA223S27	SES146	-1.09516	-54.1547	-53.0595
BLOCK22/SES223/SA223S27	SES187	-1.18127	-54.2408	-53.0595
BLOCK22/SES223/SA223S27	SES292	-0.658756	-53.7183	-53.0595
BLOCK27/SES273/SA273S12	SES099	-0.44799	-49.1747	-48.7267
BLOCK27/SES273/SA273S12	SES104	-0.398872	-49.1256	-48.7267
BLOCK27/SES273/SA273S12	SES125	-0.789768	-49.5165	-48.7267
BLOCK27/SES273/SA273S12	SES206	-0.357506	-49.0842	-48.7267
BLOCK27/SES273/SA273S13	SES099	-0.267635	-50.4445	-50.1769
BLOCK27/SES273/SA273S13	SES104	-0.645115	-50.822	-50.1769
BLOCK27/SES273/SA273S13	SES206	-1.05041	-51.2273	-50.1769
BLOCK27/SES273/SA273S13	SES292	-1.04894	-51.2258	-50.1769
BLOCK27/SES273/SA273S21	SES099	0.01017	-50.5328	-50.543
BLOCK27/SES273/SA273S21	SES148	-2.41652	-52.9595	-50.543
BLOCK27/SES273/SA273S21	SES149	-2.15504	-52.698	-50.543
BLOCK27/SES273/SA273S21	SES177	-0.499401	-51.0424	-50.543
BLOCK27/SES273/SA273S25	SES104	-0.943184	-50.7566	-49.8134
BLOCK27/SES273/SA273S25	SES125	-0.987583	-50.801	-49.8134
BLOCK27/SES273/SA273S25	SES158	-0.392036	-50.2055	-49.8134
BLOCK27/SES273/SA273S25	SES206	-1.11535	-50.9288	-49.8134
BLOCK27/SES273/SA273S27	SES099	-0.917049	-50.6853	-49.7682
BLOCK27/SES273/SA273S27	SES104	-0.72073	-50.489	-49.7682
BLOCK27/SES273/SA273S27	SES149	-1.12884	-50.8971	-49.7682
BLOCK27/SES273/SA273S27	SES275	-1.07843	-50.8467	-49.7682
BLOCK27/SES274/SA274S10	SES105	-1.94476	-52.1165	-50.1717
BLOCK27/SES274/SA274S10	SES125	-0.534721	-50.7065	-50.1717
BLOCK27/SES274/SA274S10	SES129	-0.635231	-50.807	-50.1717
BLOCK27/SES274/SA274S10	SES158	-1.65648	-51.8282	-50.1717
BLOCK27/SES274/SA274S11	SES105	-0.819641	-49.8819	-49.0623
BLOCK27/SES274/SA274S11	SES149	-1.31603	-50.3783	-49.0623
BLOCK27/SES274/SA274S11	SES158	-0.94273	-50.005	-49.0623
BLOCK27/SES274/SA274S11	SES275	-0.521553	-49.5838	-49.0623
BLOCK27/SES274/SA274S21	SES105	-1.31946	-49.5318	-48.2124
BLOCK27/SES274/SA274S21	SES129	-0.189949	-48.4023	-48.2124
BLOCK27/SES274/SA274S21	SES149	-1.38433	-49.5967	-48.2124
BLOCK27/SES274/SA274S21	SES158	-1.96614	-50.1785	-48.2124
BLOCK27/SES274/SA274S24	SES105	-1.35917	-51.1834	-49.8242
BLOCK27/SES274/SA274S24	SES129	-0.0414963	-49.8657	-49.8242
BLOCK27/SES274/SA274S24	SES149	-1.34171	-51.1659	-49.8242
BLOCK27/SES274/SA274S24	SES158	-1.64721	-51.4714	-49.8242
BLOCK27/SES274/SA274S29	SES105	-1.12256	-51.4411	-50.3186
BLOCK27/SES274/SA274S29	SES106	-3.60512	-53.9237	-50.3186
BLOCK27/SES274/SA274S29	SES120	-0.939793	-51.2584	-50.3186
BLOCK27/SES274/SA274S29	SES275	-0.528961	-50.8475	-50.3186
BLOCK27/SES276/SA276S16	SES148	-1.40339	-51.7778	-50.3744
BLOCK27/SES276/SA276S16	SES172	-0.455757	-50.8302	-50.3744
BLOCK27/SES276/SA276S16	SES180	-0.633945	-51.0083	-50.3744
BLOCK27/SES276/SA276S16	SES292	-0.816082	-51.1905	-50.3744
BLOCK27/SES276/SA276S17	SES101	-0.504913	-51.4143	-50.9094
BLOCK27/SES276/SA276S17	SES177	-1.14204	-52.0514	-50.9094
BLOCK27/SES276/SA276S17	SES180	-0.508038	-51.4174	-50.9094
BLOCK27/SES276/SA276S17	SES292	-1.0398	-51.9492	-50.9094
BLOCK27/SES276/SA276S24	SES101	-0.306942	-48.8637	-48.5568
BLOCK27/SES276/SA276S24	SES177	-0.414753	-48.9715	-48.5568
BLOCK27/SES276/SA276S24	SES180	-0.255001	-48.8118	-48.5568
BLOCK27/SES276/SA276S24	SES292	-0.98782	-49.5446	-48.5568
BLOCK27/SES276/SA276S26	SES101	-1.03912	-52.8067	-51.7676
BLOCK27/SES276/SA276S26	SES177	-0.979107	-52.7467	-51.7676
BLOCK27/SES276/SA276S26	SES180	-0.910099	-52.6777	-51.7676
BLOCK27/SES276/SA276S26	SES292	-0.46822	-52.2358	-51.7676
BLOCK27/SES276/SA276S28	SES101	-0.457573	-51.2121	-50.7546
BLOCK27/SES276/SA276S28	SES177	-0.737103	-51.4917	-50.7546
BLOCK27/SES276/SA276S28	SES180	-0.187603	-50.9422	-50.7546
BLOCK27/SES276/SA276S28	SES292	-0.872517	-51.6271	-50.7546
BLOCK27/SES277/SA277S12	SES101	-0.566715	-51.0652	-50.4985
BLOCK27/SES277/SA277S12	SES177	-1.04198	-51.5404	-50.4985
BLOCK27/SES277/SA277S12	SES180	-0.469307	-50.9678	-50.4985
BLOCK27/SES277/SA277S12	SES292	-1.17795	-51.6764	-50.4985
BLOCK27/SES277/SA277S14	SES177	-0.481934	-51.8558	-51.3738
BLOCK27/SES277/SA277S14	SES180	-1.30135	-52.6752	-51.3738
BLOCK27/SES277/SA277S14	SES189	-0.411934	-51.7858	-51.3738
BLOCK27/SES277/SA277S14	SES292	-1.42636	-52.8002	-51.3738
BLOCK27/SES277/SA277S21	SES177	-0.642975	-49.6783	-49.0353
BLOCK27/SES277/SA277S21	SES180	-1.36296	-50.3983	-49.0353
BLOCK27/SES277/SA277S21	SES189	-0.939411	-49.9747	-49.0353
BLOCK27/SES277/SA277S21	SES292	-1.06591	-50.1012	-49.0353
BLOCK27/SES277/SA277S24	SES144	-0.803699	-51.543	-50.7393
BLOCK27/SES277/SA277S24	SES177	-0.313438	-51.0528	-50.7393
BLOCK27/SES277/SA277S24	SES180	-0.872704	-51.612	-50.7393
BLOCK27/SES277/SA277S24	SES189	-0.289745	-51.0291	-50.7393
BLOCK27/SES277/SA277S29	SES177	-0.495525	-49.4049	-48.9094
BLOCK27/SES277/SA277S29	SES180	-0.379398	-49.2888	-48.9094
BLOCK27/SES277/SA277S29	SES202	-0.276962	-49.1864	-48.9094
BLOCK27/SES277/SA277S29	SES292	-1.12244	-50.0319	-48.9094
BLOCK27/SES279/SA279S09	SES120	-1.00298	-50.1363	-49.1333
BLOCK27/SES279/SA279S09	SES146	-0.81004	-49.9433	-49.1333
BLOCK27/SES279/SA279S09	SES206	-1.01981	-50.1531	-49.1333
BLOCK27/SES279/SA279S09	SES226	-1.73932	-50.8726	-49.1333
BLOCK27/SES279/SA279S10	SES099	-0.979969	-50.1379	-49.1579
BLOCK27/SES279/SA279S10	SES206	-1.64996	-50.8079	-49.1579
BLOCK27/SES279/SA279S10	SES226	-1.93479	-51.0927	-49.1579
BLOCK27/SES279/SA279S10	SES292	-0.841785	-49.9997	-49.1579
BLOCK27/SES279/SA279S20	SES099	-0.744091	-50.2043	-49.4602
BLOCK27/SES279/SA279S20	SES206	-0.999722	-50.4599	-49.4602
BLOCK27/SES279/SA279S20	SES226	-1.71094	-51.1712	-49.4602
BLOCK27/SES279/SA279S20	SES292	-0.412823	-49.8731	-49.4602
BLOCK27/SES279/SA279S26	SES099	-1.07182	-51.1327	-50.0609
BLOCK27/SES279/SA279S26	SES206	-1.26312	-51.324	-50.0609
BLOCK27/SES279/SA279S26	SES226	-1.17972	-51.2406	-50.0609
BLOCK27/SES279/SA279S26	SES292	-0.0585442	-50.1194	-50.0609
BLOCK27/SES279/SA279S28	SES099	-1.04325	-50.3898	-49.3465
BLOCK27/SES279/SA279S28	SES120	-1.16764	-50.5142	-49.3465
BLOCK27/SES279/SA279S28	SES177	-1.16002	-50.5065	-49.3465
BLOCK27/SES279/SA279S28	SES206	-1.47978	-50.8263	-49.3465
BLOCK29/SES290/SA290S12	SES162	-0.0640907	-46.8718	-46.8077
BLOCK29/SES290/SA290S12	SES177	-0.204166	-47.0119	-46.8077
BLOCK29/SES290/SA290S12	SES180	-0.615738	-47.4234	-46.8077
BLOCK29/SES290/SA290S12	SES292	-0.861805	-47.6695	-46.8077
BLOCK29/SES290/SA290S13	SES007	-0.60553	-50.3111	-49.7055
BLOCK29/SES290/SA290S13	SES162	-0.646084	-50.3516	-49.7055
BLOCK29/SES290/SA290S13	SES177	-0.446079	-50.1516	-49.7055
BLOCK29/SES290/SA290S13	SES180	-0.813385	-50.5189	-49.7055
BLOCK29/SES290/SA290S22	SES177	-0.262577	-49.4664	-49.2038
BLOCK29/SES290/SA290S22	SES180	-0.708363	-49.9122	-49.2038
BLOCK29/SES290/SA290S22	SES202	-0.793682	-49.9975	-49.2038
BLOCK29/SES290/SA290S22	SES292	-1.04443	-50.2483	-49.2038
BLOCK29/SES290/SA290S25	SES162	-1.32981	-49.6139	-48.2841
BLOCK29/SES290/SA290S25	SES177	-2.01538	-50.2994	-48.2841
BLOCK29/SES290/SA290S25	SES180	-4.06583	-52.3499	-48.2841
BLOCK29/SES290/SA290S25	SES292	-0.767857	-49.0519	-48.2841
BLOCK29/SES290/SA290S29	SES177	-0.957897	-50.356	-49.3981
BLOCK29/SES290/SA290S29	SES180	-0.902897	-50.301	-49.3981
BLOCK29/SES290/SA290S29	SES275	-0.487251	-49.8853	-49.3981
BLOCK29/SES290/SA290S29	SES292	-1.08085	-50.4789	-49.3981
BLOCK29/SES291/SA291S11	SES105	-0.47765	-50.448	-49.9703
BLOCK29/SES291/SA291S11	SES125	-3.08231	-53.0526	-49.9703
BLOCK29/SES291/SA291S11	SES158	-0.408569	-50.3789	-49.9703
BLOCK29/SES291/SA291S11	SES275	-1.23074	-51.2011	-49.9703
BLOCK29/SES291/SA291S12	SES158	0.837879	-46.3125	-47.1503
BLOCK29/SES291/SA291S12	SES226	-2.26497	-49.4153	-47.1503
BLOCK29/SES291/SA291S12	SES270	0.377831	-46.7725	-47.1503
BLOCK29/SES291/SA291S12	SES275	-1.11904	-48.2694	-47.1503
BLOCK29/SES291/SA291S22	SES082	-1.71239	-51.8947	-50.1823
BLOCK29/SES291/SA291S22	SES158	-0.565525	-50.7479	-50.1823
BLOCK29/SES291/SA291S22	SES259	-1.23813	-51.4205	-50.1823
BLOCK29/SES291/SA291S22	SES275	-1.54302	-51.7254	-50.1823
BLOCK29/SES291/SA291S24	SES104	-0.0400887	-49.6912	-49.6511
BLOCK29/SES291/SA291S24	SES125	-0.619228	-50.2704	-49.6511
BLOCK29/SES291/SA291S24	SES158	0.0941696	-49.557	-49.6511
BLOCK29/SES291/SA291S24	SES275	-0.978474	-50.6296	-49.6511
BLOCK29/SES291/SA291S27	SES158	0.103691	-50.316	-50.4197
BLOCK29/SES291/SA291S27	SES172	-1.18071	-51.6004	-50.4197
BLOCK29/SES291/SA291S27	SES275	-0.907032	-51.3267	-50.4197
BLOCK29/SES291/SA291S27	SES292	-0.662109	-51.0818	-50.4197
