BLOCK00/SES002/SA002S12	SES002	0.796664	-4.66998	-5.46664
BLOCK00/SES002/SA002S13	SES002	1.1467	-5.50638	-6.65309
BLOCK00/SES002/SA002S23	SES002	0.476086	-5.33534	-5.81143
BLOCK00/SES002/SA002S26	SES002	0.341957	-8.57783	-8.91978
BLOCK00/SES002/SA002S28	SES002	0.0278497	-7.44859	-7.47644
BLOCK00/SES007/SA007S14	SES007	0.447061	-4.4316	-4.87866
BLOCK00/SES007/SA007S15	SES007	0.0178676	-5.74378	-5.76165
BLOCK00/SES007/SA007S24	SES007	0.46033	-4.46538	-4.92571
BLOCK00/SES007/SA007S27	SES007	-0.10055	-7.5267	-7.42615
BLOCK00/SES007/SA007S29	SES007	-0.326824	-4.53696	-4.21014
BLOCK00/SES008/SA008S11	SES008	1.61628	-1.71801	-3.33429
BLOCK00/SES008/SA008S12	SES008	0.736044	-2.55317	-3.28921
BLOCK00/SES008/SA008S19	SES008	1.30597	-2.55344	-3.85942
BLOCK00/SES008/SA008S22	SES008	0.635899	-4.21004	-4.84594
BLOCK00/SES008/SA008S29	SES008	1.24982	-1.59659	-2.84641
BLOCK01/SES014/SA014S10	SES014	-0.0174584	-5.00044	-4.98298
BLOCK01/SES014/SA014S12	SES014	1.5281	-3.52733	-5.05543
BLOCK01/SES014/SA014S24	SES014	1.83874	-3.88562	-5.72437
BLOCK01/SES014/SA014S26	SES014	1.88695	-4.97588	-6.86283
BLOCK01/SES014/SA014S28	SES014	3.38152	-0.680599	-4.06212
BLOCK01/SES016/SA016S12	SES016	0.581896	-7.1412	-7.72309
BLOCK01/SES016/SA016S13	SES016	0.840451	-5.99601	-6.83646
BLOCK01/SES016/SA016S22	SES016	0.374812	-6.15907	-6.53388
BLOCK01/SES016/SA016S25	SES016	0.566621	-4.44907	-5.01569
BLOCK01/SES016/SA016S27	SES016	0.523514	-8.00348	-8.527
BLOCK01/SES019/SA019S13	SES019	2.21374	-5.19533	-7.40907
BLOCK01/SES019/SA019S14	SES019	1.29846	-5.40812	-6.70657
BLOCK01/SES019/SA019S22	SES019	1.93411	-3.6314	-5.5655
BLOCK01/SES019/SA019S25	SES019	1.2868	-6.26762	-7.55443
BLOCK01/SES019/SA019S29	SES019	2.47452	-6.22573	-8.70025
BLOCK02/SES029/SA029S11	SES029	0.817409	-3.8632	-4.68061
BLOCK02/SES029/SA029S12	SES029	-0.3306	-5.72626	-5.39566
BLOCK02/SES029/SA029S20	SES029	0.509444	-3.25323	-3.76267
BLOCK02/SES029/SA029S25	SES029	0.284063	-4.98564	-5.2697
BLOCK02/SES029/SA029S28	SES029	-0.212904	-5.16931	-4.9564
BLOCK04/SES042/SA042S12	SES042	1.5705	-5.03396	-6.60446
BLOCK04/SES042/SA042S15	SES042	0.937449	-5.88306	-6.8205
BLOCK04/SES042/SA042S22	SES042	2.75544	-9.85629	-12.6117
BLOCK04/SES042/SA042S25	SES042	1.20885	-8.13926	-9.34811
BLOCK04/SES042/SA042S27	SES042	2.18935	-8.04443	-10.2338
BLOCK04/SES048/SA048S11	SES048	0.664426	-3.35957	-4.02399
BLOCK04/SES048/SA048S12	SES048	0.0275092	-5.92448	-5.95199
BLOCK04/SES048/SA048S20	SES048	0.730704	-4.7177	-5.44841
BLOCK04/SES048/SA048S23	SES048	1.47379	-2.93995	-4.41374
BLOCK04/SES048/SA048S27	SES048	-0.324098	-5.54876	-5.22466
BLOCK06/SES060/SA060S11	SES060	1.06227	-5.61116	-6.67344
BLOCK06/SES060/SA060S12	SES060	0.121375	-8.38699	-8.50836
BLOCK06/SES060/SA060S22	SES060	-1.4642	-7.91512	-6.45092
BLOCK06/SES060/SA060S24	SES060	0.621416	-2.88818	-3.5096
BLOCK06/SES060/SA060S28	SES060	0.932307	-2.09444	-3.02674
BLOCK06/SES062/SA062S10	SES062	-0.318767	-5.46842	-5.14965
BLOCK06/SES062/SA062S11	SES062	0.0795751	-6.96467	-7.04425
BLOCK06/SES062/SA062S21	SES062	0.390047	-1.20759	-1.59764
BLOCK06/SES062/SA062S26	SES062	0.0618887	-4.69412	-4.75601
BLOCK06/SES062/SA062S29	SES062	0.709519	-2.62527	-3.33479
BLOCK06/SES068/SA068S14	SES068	0.228057	-4.16846	-4.39652
BLOCK06/SES068/SA068S15	SES068	0.657794	-4.7983	-5.45609
BLOCK06/SES068/SA068S23	SES068	0.423736	-5.67957	-6.1033
BLOCK06/SES068/SA068S27	SES068	0.872822	-4.52662	-5.39944
BLOCK06/SES068/SA068S29	SES068	0.0560203	-5.92286	-5.97888
BLOCK08/SES082/SA082S12	SES082	-1.09284	-5.73378	-4.64094
BLOCK08/SES082/SA082S14	SES082	0.239063	-4.44001	-4.67907
BLOCK08/SES082/SA082S21	SES082	0.29078	-3.69222	-3.983
BLOCK08/SES082/SA082S24	SES082	0.0236344	-6.10144	-6.12507
BLOCK08/SES082/SA082S28	SES082	0.280261	-6.00553	-6.28579
BLOCK08/SES083/SA083S14	SES083	0.123512	-4.03076	-4.15427
BLOCK08/SES083/SA083S15	SES083	0.541254	-5.54708	-6.08834
BLOCK08/SES083/SA083S24	SES083	0.230016	-4.98769	-5.21771
BLOCK08/SES083/SA083S26	SES083	-0.314211	-7.49639	-7.18217
BLOCK08/SES083/SA083S29	SES083	0.215275	-5.88988	-6.10515
BLOCK08/SES085/SA085S10	SES085	0.562257	-3.49494	-4.0572
BLOCK08/SES085/SA085S13	SES085	0.173245	-6.64532	-6.81856
BLOCK08/SES085/SA085S22	SES085	0.727252	-3.16888	-3.89613
BLOCK08/SES085/SA085S26	SES085	-0.20495	-7.78749	-7.58254
BLOCK08/SES085/SA085S28	SES085	0.685748	-3.56701	-4.25276
BLOCK08/SES087/SA087S15	SES087	0.837181	-5.36484	-6.20202
BLOCK08/SES087/SA087S16	SES087	2.05471	-3.66365	-5.71836
BLOCK08/SES087/SA087S24	SES087	0.654645	-8.64288	-9.29753
BLOCK08/SES087/SA087S26	SES087	0.504044	-5.01189	-5.51593
BLOCK08/SES087/SA087S29	SES087	1.54674	-2.72299	-4.26973
BLOCK09/SES099/SA099S15	SES099	1.71833	-5.23726	-6.95559
BLOCK09/SES099/SA099S16	SES099	1.53194	-2.09215	-3.62409
BLOCK09/SES099/SA099S24	SES099	1.71062	-3.82284	-5.53346
BLOCK09/SES099/SA099S26	SES099	1.3159	-5.03249	-6.34839
BLOCK09/SES099/SA099S29	SES099	1.77168	-5.26573	-7.03741
BLOCK10/SES101/SA101S11	SES101	0.426881	-4.58153	-5.00841
BLOCK10/SES101/SA101S13	SES101	0.762134	-0.752144	-1.51428
BLOCK10/SES101/SA101S22	SES101	1.37782	-4.39431	-5.77213
BLOCK10/SES101/SA101S24	SES101	0.14376	-4.99826	-5.14202
BLOCK10/SES101/SA101S28	SES101	0.974984	-4.37663	-5.35161
BLOCK10/SES104/SA104S11	SES104	0.981789	-3.37825	-4.36004
BLOCK10/SES104/SA104S12	SES104	0.767662	-4.6617	-5.42937
BLOCK10/SES104/SA104S21	SES104	1.09339	-4.29386	-5.38726
BLOCK10/SES104/SA104S24	SES104	-0.520761	-8.30109	-7.78033
BLOCK10/SES104/SA104S28	SES104	1.01914	-6.75463	-7.77377
BLOCK10/SES105/SA105S12	SES105	1.24152	-5.82252	-7.06404
BLOCK10/SES105/SA105S13	SES105	-0.0381041	-6.52641	-6.48831
BLOCK10/SES105/SA105S22	SES105	0.257403	-6.15126	-6.40866
BLOCK10/SES105/SA105S26	SES105	0.342915	-6.93025	-7.27316
BLOCK10/SES105/SA105S29	SES105	0.935527	-3.4853	-4.42082
BLOCK10/SES106/SA106S09	SES106	0.218643	-8.62983	-8.84848
BLOCK10/SES106/SA106S11	SES106	1.26645	-4.47054	-5.73699
BLOCK10/SES106/SA106S22	SES106	1.96205	-8.17968	-10.1417
BLOCK10/SES106/SA106S27	SES106	1.07249	-4.50815	-5.58064
BLOCK10/SES106/SA106S29	SES106	1.19184	-5.08377	-6.27561
BLOCK11/SES117/SA117S12	SES117	0.201567	-6.32568	-6.52725
BLOCK11/SES117/SA117S13	SES117	-0.347744	-4.93692	-4.58917
BLOCK11/SES117/SA117S23	SES117	1.40284	-8.06463	-9.46747
BLOCK11/SES117/SA117S25	SES117	0.699616	-5.14195	-5.84157
BLOCK11/SES117/SA117S28	SES117	1.31012	-7.81138	-9.12149
BLOCK12/SES120/SA120S08	SES120	0.331254	-8.47708	-8.80834
BLOCK12/SES120/SA120S11	SES120	1.21534	-11.9674	-13.1827
BLOCK12/SES120/SA120S22	SES120	0.344042	-5.43922	-5.78326
BLOCK12/SES120/SA120S24	SES120	-0.261478	-10.3542	-10.0927
BLOCK12/SES120/SA120S28	SES120	0.209789	-8.21437	-8.42416
BLOCK12/SES125/SA125S13	SES125	0.974472	-7.72114	-8.69561
BLOCK12/SES125/SA125S14	SES125	0.979247	-8.57724	-9.55649
BLOCK12/SES125/SA125S25	SES125	1.8234	-5.70985	-7.53325
BLOCK12/SES125/SA125S27	SES125	1.606	-6.33649	-7.9425
BLOCK12/SES125/SA125S29	SES125	0.759227	-5.13334	-5.89257
BLOCK12/SES127/SA127S11	SES127	0.435609	-4.25285	-4.68845
BLOCK12/SES127/SA127S12	SES127	0.956252	-0.844112	-1.80036
BLOCK12/SES127/SA127S23	SES127	0.396206	-2.92348	-3.31969
BLOCK12/SES127/SA127S25	SES127	-0.591496	-3.09094	-2.49945
BLOCK12/SES127/SA127S27	SES127	0.863583	-2.97805	-3.84163
BLOCK12/SES129/SA129S11	SES129	0.810491	-2.64512	-3.45561
BLOCK12/SES129/SA129S12	SES129	0.632861	-2.45092	-3.08378
BLOCK12/SES129/SA129S22	SES129	0.49888	-2.98361	-3.48249
BLOCK12/SES129/SA129S27	SES129	1.23762	-2.72719	-3.96481
BLOCK12/SES129/SA129S29	SES129	0.0899591	-7.78708	-7.87704
BLOCK14/SES142/SA142S11	SES142	1.34355	-3.66544	-5.009
BLOCK14/SES142/SA142S12	SES142	1.12688	-7.98944	-9.11632
BLOCK14/SES142/SA142S24	SES142	0.900178	-6.65055	-7.55073
BLOCK14/SES142/SA142S27	SES142	0.464271	-6.43537	-6.89964
BLOCK14/SES142/SA142S29	SES142	0.629395	-6.32221	-6.9516
BLOCK14/SES143/SA143S12	SES143	0.979474	-4.40055	-5.38002
BLOCK14/SES143/SA143S13	SES143	0.870397	-4.26247	-5.13287
BLOCK14/SES143/SA143S23	SES143	0.342214	-4.49808	-4.8403
BLOCK14/SES143/SA143S25	SES143	0.0979862	-7.55719	-7.65517
BLOCK14/SES143/SA143S28	SES143	0.915671	-6.26987	-7.18554
BLOCK14/SES144/SA144S09	SES144	0.406108	-4.20908	-4.61519
BLOCK14/SES144/SA144S11	SES144	0.407581	-4.1759	-4.58348
BLOCK14/SES144/SA144S21	SES144	-0.584577	-4.38845	-3.80387
BLOCK14/SES144/SA144S25	SES144	0.472703	-4.54031	-5.01301
BLOCK14/SES144/SA144S29	SES144	-0.531507	-6.72113	-6.18962
BLOCK14/SES146/SA146S14	SES146	0.0880852	-5.46077	-5.54886
BLOCK14/SES146/SA146S15	SES146	0.469074	-5.81535	-6.28442
BLOCK14/SES146/SA146S24	SES146	0.428035	-6.63797	-7.06601
BLOCK14/SES146/SA146S26	SES146	0.746353	-5.53157	-6.27792
BLOCK14/SES146/SA146S29	SES146	0.209019	-6.87809	-7.08711
BLOCK14/SES147/SA147S11	SES147	0.405283	-5.74159	-6.14687
BLOCK14/SES147/SA147S13	SES147	0.88275	-2.73726	-3.62001
BLOCK14/SES147/SA147S23	SES147	0.53305	-3.28842	-3.82147
BLOCK14/SES147/SA147S26	SES147	0.782341	-3.23497	-4.01731
BLOCK14/SES147/SA147S28	SES147	1.2361	-1.48184	-2.71794
BLOCK14/SES148/SA148S10	SES148	0.721815	-2.52545	-3.24726
BLOCK14/SES148/SA148S12	SES148	0.405155	-4.78997	-5.19512
BLOCK14/SES148/SA148S22	SES148	0.773937	-2.21418	-2.98812
BLOCK14/SES148/SA148S26	SES148	0.16882	-2.00446	-2.17328
BLOCK14/SES148/SA148S29	SES148	-0.724839	-5.87013	-5.14529
BLOCK14/SES149/SA149S13	SES149	-0.168347	-4.80203	-4.63369
BLOCK14/SES149/SA149S14	SES149	0.0416071	-3.15148	-3.19309
BLOCK14/SES149/SA149S24	SES149	1.11754	-3.31876	-4.43631
BLOCK14/SES149/SA149S26	SES149	0.874312	-4.34778	-5.22209
BLOCK14/SES149/SA149S28	SES149	1.7451	0.667703	-1.07739
BLOCK15/SES158/SA158S13	SES158	1.65701	-7.7052	-9.36221
BLOCK15/SES158/SA158S14	SES158	2.34381	-7.96299	-10.3068
BLOCK15/SES158/SA158S23	SES158	1.21321	-6.02367	-7.23688
BLOCK15/SES158/SA158S26	SES158	2.0161	-7.78767	-9.80377
BLOCK15/SES158/SA158S28	SES158	0.761578	-7.25902	-8.0206
BLOCK16/SES162/SA162S10	SES162	0.116024	-7.19859	-7.31462
BLOCK16/SES162/SA162S11	SES162	0.636779	-3.22558	-3.86236
BLOCK16/SES162/SA162S21	SES162	0.766137	-3.78084	-4.54697
BLOCK16/SES162/SA162S24	SES162	1.22187	-3.40359	-4.62545
BLOCK16/SES162/SA162S27	SES162	1.22159	-7.04195	-8.26353
BLOCK16/SES167/SA167S14	SES167	1.51323	-1.69135	-3.20458
BLOCK16/SES167/SA167S15	SES167	1.34753	-1.18229	-2.52981
BLOCK16/SES167/SA167S21	SES167	2.00207	0.0043951	-1.99767
BLOCK16/SES167/SA167S25	SES167	2.4876	-2.318	-4.8056
BLOCK16/SES167/SA167S29	SES167	2.44069	0.441416	-1.99927
BLOCK17/SES172/SA172S12	SES172	0.0800791	-5.85289	-5.93297
BLOCK17/SES172/SA172S13	SES172	0.705344	-5.71694	-6.42228
BLOCK17/SES172/SA172S23	SES172	0.515303	-2.92638	-3.44168
BLOCK17/SES172/SA172S27	SES172	-0.0324764	-7.10028	-7.0678
BLOCK17/SES172/SA172S29	SES172	0.995737	-3.41962	-4.41536
BLOCK17/SES175/SA175S11	SES175	0.415427	-6.58117	-6.9966
BLOCK17/SES175/SA175S13	SES175	0.857509	-1.11758	-1.97509
BLOCK17/SES175/SA175S23	SES175	0.571833	-2.93001	-3.50185
BLOCK17/SES175/SA175S25	SES175	0.579691	-5.60571	-6.1854
BLOCK17/SES175/SA175S28	SES175	0.887157	-4.55802	-5.44518
BLOCK17/SES177/SA177S15	SES177	-0.089572	-6.04278	-5.95321
BLOCK17/SES177/SA177S17	SES177	0.245495	-5.47641	-5.7219
BLOCK17/SES177/SA177S23	SES177	-0.598407	-5.65025	-5.05184
BLOCK17/SES177/SA177S26	SES177	0.554419	-1.87783	-2.43225
BLOCK17/SES177/SA177S28	SES177	0.00827837	-6.91484	-6.92311
BLOCK18/SES180/SA180S13	SES180	0.374328	-8.21579	-8.59012
BLOCK18/SES180/SA180S15	SES180	0.445329	-3.28809	-3.73342
BLOCK18/SES180/SA180S24	SES180	0.617574	-3.21063	-3.82821
BLOCK18/SES180/SA180S26	SES180	-0.0806332	-5.03485	-4.95421
BLOCK18/SES180/SA180S29	SES180	-0.238644	-7.5081	-7.26946
BLOCK18/SES183/SA183S13	SES183	0.579926	-4.98834	-5.56827
BLOCK18/SES183/SA183S14	SES183	-0.433319	-5.47722	-5.0439
BLOCK18/SES183/SA183S24	SES183	0.622426	-6.71937	-7.3418
BLOCK18/SES183/SA183S27	SES183	0.990616	-5.36433	-6.35495
BLOCK18/SES183/SA183S29	SES183	1.53629	-3.39907	-4.93537
BLOCK18/SES187/SA187S13	SES187	0.346853	-7.03771	-7.38457
BLOCK18/SES187/SA187S14	SES187	-0.0542727	-7.74754	-7.69327
BLOCK18/SES187/SA187S24	SES187	0.907646	-5.24322	-6.15086
BLOCK18/SES187/SA187S27	SES187	0.777436	-4.14851	-4.92594
BLOCK18/SES187/SA187S29	SES187	0.480008	-8.6693	-9.14931
BLOCK18/SES189/SA189S10	SES189	1.17181	-6.28173	-7.45354
BLOCK18/SES189/SA189S13	SES189	1.07494	-10.4854	-11.5604
BLOCK18/SES189/SA189S24	SES189	0.980973	-5.84246	-6.82343
BLOCK18/SES189/SA189S26	SES189	0.72212	-6.17991	-6.90203
BLOCK18/SES189/SA189S29	SES189	1.32176	-5.44898	-6.77074
BLOCK20/SES202/SA202S12	SES202	1.33708	-8.85521	-10.1923
BLOCK20/SES202/SA202S14	SES202	1.32604	-6.58879	-7.91483
BLOCK20/SES202/SA202S24	SES202	0.0842156	-7.99418	-8.07839
BLOCK20/SES202/SA202S27	SES202	0.903381	-4.49394	-5.39732
BLOCK20/SES202/SA202S29	SES202	0.650732	-5.94934	-6.60008
BLOCK20/SES206/SA206S15	SES206	-0.358569	-3.66536	-3.30679
BLOCK20/SES206/SA206S17	SES206	0.717877	-5.90473	-6.62261
BLOCK20/SES206/SA206S24	SES206	0.900283	-3.68148	-4.58176
BLOCK20/SES206/SA206S27	SES206	1.65486	-6.53587	-8.19074
BLOCK20/SES206/SA206S29	SES206	1.20107	-6.79801	-7.99908
BLOCK22/SES226/SA226S12	SES226	2.04289	-3.71646	-5.75934
BLOCK22/SES226/SA226S13	SES226	-1.04676	-5.27148	-4.22472
BLOCK22/SES226/SA226S20	SES226	0.819509	-4.24802	-5.06753
BLOCK22/SES226/SA226S23	SES226	0.470493	-3.68565	-4.15615
BLOCK22/SES226/SA226S28	SES226	1.25411	-3.37551	-4.62962
BLOCK25/SES259/SA259S13	SES259	2.47431	-4.6504	-7.12471
BLOCK25/SES259/SA259S14	SES259	1.8659	-4.45306	-6.31896
BLOCK25/SES259/SA259S22	SES259	0.79257	-4.86916	-5.66173
BLOCK25/SES259/SA259S24	SES259	1.05567	-5.89267	-6.94835
BLOCK25/SES259/SA259S28	SES259	0.854032	-5.12929	-5.98332
BLOCK27/SES270/SA270S14	SES270	1.76654	-3.97749	-5.74403
BLOCK27/SES270/SA270S16	SES270	0.396262	-3.9564	-4.35266
BLOCK27/SES270/SA270S22	SES270	1.61172	-3.82268	-5.4344
BLOCK27/SES270/SA270S26	SES270	1.83299	-5.10824	-6.94123
BLOCK27/SES270/SA270S28	SES270	2.1189	-2.11869	-4.23759
BLOCK27/SES275/SA275S17	SES275	-0.0844097	-4.9386	-4.85419
BLOCK27/SES275/SA275S18	SES275	-0.427205	-5.82469	-5.39748
BLOCK27/SES275/SA275S24	SES275	0.243024	-5.43246	-5.67548
BLOCK27/SES275/SA275S26	SES275	0.610666	-4.25529	-4.86596
BLOCK27/SES275/SA275S28	SES275	0.0961261	-4.83564	-4.93176
BLOCK29/SES292/SA292S10	SES292	-0.154274	-4.53608	-4.3818
BLOCK29/SES292/SA292S12	SES292	0.830534	-5.97069	-6.80123
BLOCK29/SES292/SA292S22	SES292	-0.0442443	-5.5638	-5.51956
BLOCK29/SES292/SA292S24	SES292	0.573538	-2.91574	-3.48928
BLOCK29/SES292/SA292S27	SES292	-0.44949	-4.42911	-3.97962
BLOCK00/SES001/SA001S14	SES062	-2.43247	-10.4618	-8.02931
BLOCK00/SES001/SA001S14	SES082	-0.537703	-8.56701	-8.02931
BLOCK00/SES001/SA001S14	SES106	-0.875276	-8.90459	-8.02931
BLOCK00/SES001/SA001S14	SES206	-0.988983	-9.01829	-8.02931
BLOCK00/SES001/SA001S15	SES062	-2.14242	-8.30295	-6.16053
BLOCK00/SES001/SA001S15	SES104	-0.702979	-6.86351	-6.16053
BLOCK00/SES001/SA001S15	SES106	-0.507194	-6.66773	-6.16053
BLOCK00/SES001/SA001S15	SES206	-1.67421	-7.83475	-6.16053
BLOCK00/SES001/SA001S24	SES062	-3.76944	-11.8636	-8.09416
BLOCK00/SES001/SA001S24	SES082	-1.61566	-9.70983	-8.09416
BLOCK00/SES001/SA001S24	SES087	-4.31929	-12.4135	-8.09416
BLOCK00/SES001/SA001S24	SES206	-1.67189	-9.76606	-8.09416
BLOCK00/SES001/SA001S27	SES062	-1.30842	-4.52478	-3.21636
BLOCK00/SES001/SA001S27	SES082	-0.607535	-3.8239	-3.21636
BLOCK00/SES001/SA001S27	SES087	-1.10443	-4.32079	-3.21636
BLOCK00/SES001/SA001S27	SES206	-1.61513	-4.83149	-3.21636
BLOCK00/SES001/SA001S29	SES062	-2.30158	-9.28373	-6.98215
BLOCK00/SES001/SA001S29	SES082	-0.930409	-7.91256	-6.98215
BLOCK00/SES001/SA001S29	SES158	-0.621438	-7.60359	-6.98215
BLOCK00/SES001/SA001S29	SES206	-2.01025	-8.9924	-6.98215
BLOCK00/SES003/SA003S11	SES002	0.467804	-3.3268	-3.7946
BLOCK00/SES003/SA003S11	SES019	-1.23636	-5.03096	-3.7946
BLOCK00/SES003/SA003S11	SES082	-0.425002	-4.2196	-3.7946
BLOCK00/SES003/SA003S11	SES125	-1.05583	-4.85043	-3.7946
BLOCK00/SES003/SA003S15	SES016	-1.6165	-6.97759	-5.36109
BLOCK00/SES003/SA003S15	SES019	-2.29596	-7.65705	-5.36109
BLOCK00/SES003/SA003S15	SES062	-0.221398	-5.58249	-5.36109
BLOCK00/SES003/SA003S15	SES206	-0.671484	-6.03257	-5.36109
BLOCK00/SES003/SA003S22	SES002	-0.962037	-5.74797	-4.78593
BLOCK00/SES003/SA003S22	SES062	-0.715591	-5.50152	-4.78593
BLOCK00/SES003/SA003S22	SES082	-1.04121	-5.82714	-4.78593
BLOCK00/SES003/SA003S22	SES087	-1.18954	-5.97547	-4.78593
BLOCK00/SES003/SA003S25	SES062	-1.97351	-8.70642	-6.73291
BLOCK00/SES003/SA003S25	SES082	-1.68685	-8.41976	-6.73291
BLOCK00/SES003/SA003S25	SES087	0.35292	-6.37999	-6.73291
BLOCK00/SES003/SA003S25	SES206	-1.32564	-8.05855	-6.73291
BLOCK00/SES003/SA003S29	SES002	-0.289662	-4.82952	-4.53986
BLOCK00/SES003/SA003S29	SES062	-1.75725	-6.2971	-4.53986
BLOCK00/SES003/SA003S29	SES082	-0.984272	-5.52413	-4.53986
BLOCK00/SES003/SA003S29	SES087	-1.14072	-5.68057	-4.53986
BLOCK00/SES004/SA004S12	SES083	-0.690894	-4.06808	-3.37718
BLOCK00/SES004/SA004S12	SES148	-1.37057	-4.74775	-3.37718
BLOCK00/SES004/SA004S12	SES172	0.0683858	-3.3088	-3.37718
BLOCK00/SES004/SA004S12	SES292	-0.872038	-4.24922	-3.37718
BLOCK00/SES004/SA004S17	SES083	-0.872252	-4.91884	-4.04658
BLOCK00/SES004/SA004S17	SES162	-0.35255	-4.39913	-4.04658
BLOCK00/SES004/SA004S17	SES172	0.0337114	-4.01287	-4.04658
BLOCK00/SES004/SA004S17	SES292	-1.25555	-5.30213	-4.04658
BLOCK00/SES004/SA004S24	SES083	-0.940611	-5.77523	-4.83462
BLOCK00/SES004/SA004S24	SES148	-1.35804	-6.19266	-4.83462
BLOCK00/SES004/SA004S24	SES172	0.138557	-4.69606	-4.83462
BLOCK00/SES004/SA004S24	SES292	-1.1655	-6.00012	-4.83462
BLOCK00/SES004/SA004S26	SES083	-0.536573	-6.47175	-5.93518
BLOCK00/SES004/SA004S26	SES127	-1.28563	-7.2208	-5.93518
BLOCK00/SES004/SA004S26	SES148	-2.63044	-8.56562	-5.93518
BLOCK00/SES004/SA004S26	SES292	-0.928687	-6.86386	-5.93518
BLOCK00/SES004/SA004S28	SES083	-0.601329	-1.92836	-1.32703
BLOCK00/SES004/SA004S28	SES127	0.148696	-1.17833	-1.32703
BLOCK00/SES004/SA004S28	SES187	-0.0539694	-1.381	-1.32703
BLOCK00/SES004/SA004S28	SES292	-0.469655	-1.79668	-1.32703
BLOCK00/SES006/SA006S10	SES014	-2.47689	-12.9365	-10.4596
BLOCK00/SES006/SA006S10	SES158	-3.29806	-13.7577	-10.4596
BLOCK00/SES006/SA006S10	SES226	-4.09871	-14.5584	-10.4596
BLOCK00/SES006/SA006S10	SES270	-2.52207	-12.9817	-10.4596
BLOCK00/SES006/SA006S11	SES158	-3.18247	-11.885	-8.70253
BLOCK00/SES006/SA006S11	SES226	-2.89721	-11.5997	-8.70253
BLOCK00/SES006/SA006S11	SES270	-1.76009	-10.4626	-8.70253
BLOCK00/SES006/SA006S11	SES275	-0.555719	-9.25825	-8.70253
BLOCK00/SES006/SA006S23	SES062	-4.20675	-12.2153	-8.00854
BLOCK00/SES006/SA006S23	SES105	-3.57181	-11.5804	-8.00854
BLOCK00/SES006/SA006S23	SES158	-3.12725	-11.1358	-8.00854
BLOCK00/SES006/SA006S23	SES275	-1.53973	-9.54827	-8.00854
BLOCK00/SES006/SA006S26	SES104	-3.77543	-12.9919	-9.21647
BLOCK00/SES006/SA006S26	SES158	-3.28273	-12.4992	-9.21647
BLOCK00/SES006/SA006S26	SES270	-1.50869	-10.7252	-9.21647
BLOCK00/SES006/SA006S26	SES275	-0.328173	-9.54464	-9.21647
BLOCK00/SES006/SA006S28	SES007	-1.90059	-10.5795	-8.67894
BLOCK00/SES006/SA006S28	SES105	-2.48665	-11.1656	-8.67894
BLOCK00/SES006/SA006S28	SES158	-2.04297	-10.7219	-8.67894
BLOCK00/SES006/SA006S28	SES275	-1.23348	-9.91242	-8.67894
BLOCK00/SES009/SA009S12	SES083	-2.0471	-9.01019	-6.96309
BLOCK00/SES009/SA009S12	SES148	-2.66078	-9.62387	-6.96309
BLOCK00/SES009/SA009S12	SES177	-0.919446	-7.88253	-6.96309
BLOCK00/SES009/SA009S12	SES292	-1.22043	-8.18352	-6.96309
BLOCK00/SES009/SA009S15	SES007	-1.45547	-7.72616	-6.27069
BLOCK00/SES009/SA009S15	SES099	-3.39155	-9.66223	-6.27069
BLOCK00/SES009/SA009S15	SES148	-2.56115	-8.83184	-6.27069
BLOCK00/SES009/SA009S15	SES172	-0.812897	-7.08358	-6.27069
BLOCK00/SES009/SA009S24	SES146	-1.08374	-8.52376	-7.44002
BLOCK00/SES009/SA009S24	SES148	-3.34467	-10.7847	-7.44002
BLOCK00/SES009/SA009S24	SES177	-0.772192	-8.21221	-7.44002
BLOCK00/SES009/SA009S24	SES292	-1.20776	-8.64778	-7.44002
BLOCK00/SES009/SA009S26	SES083	-2.1594	-7.72147	-5.56207
BLOCK00/SES009/SA009S26	SES101	-2.21531	-7.77737	-5.56207
BLOCK00/SES009/SA009S26	SES120	-1.60937	-7.17144	-5.56207
BLOCK00/SES009/SA009S26	SES177	-0.98265	-6.54472	-5.56207
BLOCK00/SES009/SA009S29	SES083	-1.96294	-7.68051	-5.71757
BLOCK00/SES009/SA009S29	SES101	-1.71179	-7.42936	-5.71757
BLOCK00/SES009/SA009S29	SES177	-0.670054	-6.38762	-5.71757
BLOCK00/SES009/SA009S29	SES292	-1.27588	-6.99344	-5.71757
BLOCK01/SES011/SA011S10	SES019	-2.7874	-12.7857	-9.99826
BLOCK01/SES011/SA011S10	SES042	-0.732725	-10.731	-9.99826
BLOCK01/SES011/SA011S10	SES082	-1.46144	-11.4597	-9.99826
BLOCK01/SES011/SA011S10	SES206	-0.64748	-10.6457	-9.99826
BLOCK01/SES011/SA011S11	SES019	-1.69798	-10.2668	-8.5688
BLOCK01/SES011/SA011S11	SES042	-0.605764	-9.17456	-8.5688
BLOCK01/SES011/SA011S11	SES082	-0.585683	-9.15448	-8.5688
BLOCK01/SES011/SA011S11	SES206	-1.91712	-10.4859	-8.5688
BLOCK01/SES011/SA011S22	SES019	-1.35962	-10.9484	-9.58873
BLOCK01/SES011/SA011S22	SES042	0.746614	-8.84212	-9.58873
BLOCK01/SES011/SA011S22	SES082	-0.432306	-10.021	-9.58873
BLOCK01/SES011/SA011S22	SES206	-1.17558	-10.7643	-9.58873
BLOCK01/SES011/SA011S24	SES019	-2.34843	-10.6085	-8.26003
BLOCK01/SES011/SA011S24	SES042	0.448644	-7.81139	-8.26003
BLOCK01/SES011/SA011S24	SES104	-0.91324	-9.17327	-8.26003
BLOCK01/SES011/SA011S24	SES206	-0.421795	-8.68183	-8.26003
BLOCK01/SES011/SA011S27	SES082	-0.200685	-7.58017	-7.37949
BLOCK01/SES011/SA011S27	SES087	-3.5485	-10.928	-7.37949
BLOCK01/SES011/SA011S27	SES125	-1.14421	-8.52369	-7.37949
BLOCK01/SES011/SA011S27	SES206	-1.27645	-8.65594	-7.37949
BLOCK01/SES012/SA012S11	SES007	-1.4063	-5.78965	-4.38336
BLOCK01/SES012/SA012S11	SES082	-0.495777	-4.87913	-4.38336
BLOCK01/SES012/SA012S11	SES083	-1.11588	-5.49923	-4.38336
BLOCK01/SES012/SA012S11	SES206	-0.449882	-4.83324	-4.38336
BLOCK01/SES012/SA012S14	SES082	-0.145496	-7.39633	-7.25083
BLOCK01/SES012/SA012S14	SES087	-1.7482	-8.99904	-7.25083
BLOCK01/SES012/SA012S14	SES206	0.0940204	-7.15681	-7.25083
BLOCK01/SES012/SA012S14	SES292	-0.584938	-7.83577	-7.25083
BLOCK01/SES012/SA012S24	SES082	-0.345814	-9.16029	-8.81447
BLOCK01/SES012/SA012S24	SES087	-2.00654	-10.821	-8.81447
BLOCK01/SES012/SA012S24	SES120	-1.88806	-10.7025	-8.81447
BLOCK01/SES012/SA012S24	SES206	-1.12454	-9.93901	-8.81447
BLOCK01/SES012/SA012S26	SES019	-4.93928	-14.4266	-9.48736
BLOCK01/SES012/SA012S26	SES082	-0.0967665	-9.58413	-9.48736
BLOCK01/SES012/SA012S26	SES206	0.374136	-9.11323	-9.48736
BLOCK01/SES012/SA012S26	SES292	-0.247218	-9.73458	-9.48736
BLOCK01/SES012/SA012S29	SES062	-1.18011	-3.82898	-2.64887
BLOCK01/SES012/SA012S29	SES082	-0.16539	-2.81426	-2.64887
BLOCK01/SES012/SA012S29	SES083	-1.25298	-3.90185	-2.64887
BLOCK01/SES012/SA012S29	SES206	-0.0863307	-2.7352	-2.64887
BLOCK01/SES013/SA013S16	SES062	-3.2055	-11.464	-8.25851
BLOCK01/SES013/SA013S16	SES106	-1.99422	-10.2527	-8.25851
BLOCK01/SES013/SA013S16	SES206	-1.8434	-10.1019	-8.25851
BLOCK01/SES013/SA013S16	SES226	-2.29917	-10.5577	-8.25851
BLOCK01/SES013/SA013S17	SES062	-1.59126	-7.15967	-5.56841
BLOCK01/SES013/SA013S17	SES106	-2.14169	-7.7101	-5.56841
BLOCK01/SES013/SA013S17	SES206	-0.827321	-6.39573	-5.56841
BLOCK01/SES013/SA013S17	SES226	-0.431681	-6.00009	-5.56841
BLOCK01/SES013/SA013S23	SES104	-0.513445	-7.0957	-6.58225
BLOCK01/SES013/SA013S23	SES106	-1.02329	-7.60554	-6.58225
BLOCK01/SES013/SA013S23	SES206	-1.09354	-7.6758	-6.58225
BLOCK01/SES013/SA013S23	SES270	-1.47598	-8.05823	-6.58225
BLOCK01/SES013/SA013S25	SES042	-3.68152	-10.155	-6.47353
BLOCK01/SES013/SA013S25	SES104	0.42172	-6.05181	-6.47353
BLOCK01/SES013/SA013S25	SES106	-0.426905	-6.90043	-6.47353
BLOCK01/SES013/SA013S25	SES206	-0.760796	-7.23433	-6.47353
BLOCK01/SES013/SA013S29	SES062	-3.37747	-10.81	-7.4325
BLOCK01/SES013/SA013S29	SES104	-0.634758	-8.06726	-7.4325
BLOCK01/SES013/SA013S29	SES106	-0.748932	-8.18143	-7.4325
BLOCK01/SES013/SA013S29	SES206	-1.28557	-8.71807	-7.4325
BLOCK02/SES021/SA021S13	SES016	-2.09471	-7.92755	-5.83284
BLOCK02/SES021/SA021S13	SES029	-1.55361	-7.38645	-5.83284
BLOCK02/SES021/SA021S13	SES087	-2.15393	-7.98676	-5.83284
BLOCK02/SES021/SA021S13	SES206	-0.989849	-6.82269	-5.83284
BLOCK02/SES021/SA021S15	SES087	-0.564738	-5.94184	-5.3771
BLOCK02/SES021/SA021S15	SES125	-0.636399	-6.0135	-5.3771
BLOCK02/SES021/SA021S15	SES206	-1.68958	-7.06668	-5.3771
BLOCK02/SES021/SA021S15	SES226	-1.43251	-6.80961	-5.3771
BLOCK02/SES021/SA021S23	SES062	-2.7824	-9.18331	-6.40091
BLOCK02/SES021/SA021S23	SES087	-0.0912681	-6.49218	-6.40091
BLOCK02/SES021/SA021S23	SES206	-1.00812	-7.40903	-6.40091
BLOCK02/SES021/SA021S23	SES226	-0.298277	-6.69919	-6.40091
BLOCK02/SES021/SA021S27	SES002	-2.05536	-5.68323	-3.62787
BLOCK02/SES021/SA021S27	SES016	-4.51659	-8.14446	-3.62787
BLOCK02/SES021/SA021S27	SES019	-1.59617	-5.22404	-3.62787
BLOCK02/SES021/SA021S27	SES062	-1.51658	-5.14445	-3.62787
BLOCK02/SES021/SA021S29	SES087	-0.73155	-6.40105	-5.6695
BLOCK02/SES021/SA021S29	SES125	-1.06737	-6.73687	-5.6695
BLOCK02/SES021/SA021S29	SES206	0.244638	-5.42487	-5.6695
BLOCK02/SES021/SA021S29	SES226	-0.782191	-6.45169	-5.6695
BLOCK04/SES043/SA043S09	SES083	-0.121298	-7.32297	-7.20168
BLOCK04/SES043/SA043S09	SES101	-0.678133	-7.87981	-7.20168
BLOCK04/SES043/SA043S09	SES144	-0.318303	-7.51998	-7.20168
BLOCK04/SES043/SA043S09	SES172	-0.95007	-8.15175	-7.20168
BLOCK04/SES043/SA043S11	SES083	-0.431096	-3.99935	-3.56826
BLOCK04/SES043/SA043S11	SES101	-0.585982	-4.15424	-3.56826
BLOCK04/SES043/SA043S11	SES144	-0.193859	-3.76211	-3.56826
BLOCK04/SES043/SA043S11	SES172	-1.30374	-4.87199	-3.56826
BLOCK04/SES043/SA043S23	SES083	-0.186655	-4.98016	-4.79351
BLOCK04/SES043/SA043S23	SES144	0.549764	-4.24374	-4.79351
BLOCK04/SES043/SA043S23	SES177	-0.876527	-5.67004	-4.79351
BLOCK04/SES043/SA043S23	SES275	-0.254505	-5.04801	-4.79351
BLOCK04/SES043/SA043S26	SES083	-0.751863	-10.3999	-9.64802
BLOCK04/SES043/SA043S26	SES101	-0.48204	-10.1301	-9.64802
BLOCK04/SES043/SA043S26	SES144	0.176662	-9.47135	-9.64802
BLOCK04/SES043/SA043S26	SES177	-1.45923	-11.1072	-9.64802
BLOCK04/SES043/SA043S28	SES016	-1.92788	-7.30389	-5.37601
BLOCK04/SES043/SA043S28	SES083	-0.700191	-6.0762	-5.37601
BLOCK04/SES043/SA043S28	SES101	-0.539669	-5.91568	-5.37601
BLOCK04/SES043/SA043S28	SES144	-1.39205	-6.76806	-5.37601
BLOCK04/SES044/SA044S10	SES127	-4.13903	-14.5431	-10.4041
BLOCK04/SES044/SA044S10	SES144	-0.258271	-10.6624	-10.4041
BLOCK04/SES044/SA044S10	SES147	-2.43042	-12.8345	-10.4041
BLOCK04/SES044/SA044S10	SES148	-3.12972	-13.5338	-10.4041
BLOCK04/SES044/SA044S11	SES101	-1.12485	-8.85772	-7.73287
BLOCK04/SES044/SA044S11	SES144	0.0618849	-7.67099	-7.73287
BLOCK04/SES044/SA044S11	SES147	-1.57366	-9.30653	-7.73287
BLOCK04/SES044/SA044S11	SES177	-1.79096	-9.52383	-7.73287
BLOCK04/SES044/SA044S24	SES007	-1.20413	-8.79025	-7.58612
BLOCK04/SES044/SA044S24	SES101	0.0441012	-7.54202	-7.58612
BLOCK04/SES044/SA044S24	SES147	-1.11143	-8.69756	-7.58612
BLOCK04/SES044/SA044S24	SES177	-1.27053	-8.85666	-7.58612
BLOCK04/SES044/SA044S26	SES007	-1.51384	-5.94674	-4.43291
BLOCK04/SES044/SA044S26	SES016	-1.30095	-5.73385	-4.43291
BLOCK04/SES044/SA044S26	SES101	-1.5365	-5.9694	-4.43291
BLOCK04/SES044/SA044S26	SES147	-0.892889	-5.3258	-4.43291
BLOCK04/SES044/SA044S29	SES007	-2.25838	-7.5901	-5.33173
BLOCK04/SES044/SA044S29	SES101	-1.83154	-7.16327	-5.33173
BLOCK04/SES044/SA044S29	SES147	-1.40839	-6.74012	-5.33173
BLOCK04/SES044/SA044S29	SES177	-2.24666	-7.57839	-5.33173
BLOCK04/SES046/SA046S13	SES101	-0.681915	-7.87556	-7.19364
BLOCK04/SES046/SA046S13	SES144	-0.781389	-7.97503	-7.19364
BLOCK04/SES046/SA046S13	SES147	-1.08337	-8.27701	-7.19364
BLOCK04/SES046/SA046S13	SES177	-1.39279	-8.58643	-7.19364
BLOCK04/SES046/SA046S15	SES048	0.231173	-3.42131	-3.65248
BLOCK04/SES046/SA046S15	SES083	-0.519438	-4.17192	-3.65248
BLOCK04/SES046/SA046S15	SES120	-2.25592	-5.9084	-3.65248
BLOCK04/SES046/SA046S15	SES148	-1.31495	-4.96743	-3.65248
BLOCK04/SES046/SA046S22	SES101	-0.626715	-7.14795	-6.52123
BLOCK04/SES046/SA046S22	SES144	0.111756	-6.40947	-6.52123
BLOCK04/SES046/SA046S22	SES147	-0.697678	-7.21891	-6.52123
BLOCK04/SES046/SA046S22	SES172	-0.1535	-6.67473	-6.52123
BLOCK04/SES046/SA046S25	SES083	-0.750293	-4.60707	-3.85678
BLOCK04/SES046/SA046S25	SES127	-1.19179	-5.04857	-3.85678
BLOCK04/SES046/SA046S25	SES144	-0.567017	-4.4238	-3.85678
BLOCK04/SES046/SA046S25	SES148	-0.617707	-4.47449	-3.85678
BLOCK04/SES046/SA046S28	SES007	-1.7457	-7.06388	-5.31818
BLOCK04/SES046/SA046S28	SES105	-1.49599	-6.81417	-5.31818
BLOCK04/SES046/SA046S28	SES147	-1.12618	-6.44436	-5.31818
BLOCK04/SES046/SA046S28	SES148	-1.92117	-7.23935	-5.31818
BLOCK04/SES049/SA049S16	SES104	-0.703893	-8.41547	-7.71158
BLOCK04/SES049/SA049S16	SES106	-2.68897	-10.4005	-7.71158
BLOCK04/SES049/SA049S16	SES120	-1.57419	-9.28577	-7.71158
BLOCK04/SES049/SA049S16	SES206	-1.52992	-9.2415	-7.71158
BLOCK04/SES049/SA049S18	SES099	0.00882626	-6.99039	-6.99922
BLOCK04/SES049/SA049S18	SES104	-0.566473	-7.56569	-6.99922
BLOCK04/SES049/SA049S18	SES125	-1.57006	-8.56928	-6.99922
BLOCK04/SES049/SA049S18	SES206	-1.52966	-8.52888	-6.99922
BLOCK04/SES049/SA049S25	SES087	-0.960398	-8.00864	-7.04824
BLOCK04/SES049/SA049S25	SES104	-0.00909996	-7.05734	-7.04824
BLOCK04/SES049/SA049S25	SES125	-1.71596	-8.7642	-7.04824
BLOCK04/SES049/SA049S25	SES206	-0.778622	-7.82686	-7.04824
BLOCK04/SES049/SA049S27	SES099	-1.01685	-3.18623	-2.16939
BLOCK04/SES049/SA049S27	SES104	0.285833	-1.88355	-2.16939
BLOCK04/SES049/SA049S27	SES125	-1.31845	-3.48783	-2.16939
BLOCK04/SES049/SA049S27	SES206	-1.15614	-3.32552	-2.16939
BLOCK04/SES049/SA049S29	SES099	0.683333	-2.90817	-3.5915
BLOCK04/SES049/SA049S29	SES104	0.999413	-2.59209	-3.5915
BLOCK04/SES049/SA049S29	SES125	0.0605302	-3.53097	-3.5915
BLOCK04/SES049/SA049S29	SES206	-0.561214	-4.15272	-3.5915
BLOCK06/SES063/SA063S09	SES068	-1.99403	-9.73542	-7.74138
BLOCK06/SES063/SA063S09	SES083	-0.286821	-8.0282	-7.74138
BLOCK06/SES063/SA063S09	SES177	-0.8706	-8.61198	-7.74138
BLOCK06/SES063/SA063S09	SES187	-1.58952	-9.3309	-7.74138
BLOCK06/SES063/SA063S10	SES068	-2.10311	-8.92291	-6.8198
BLOCK06/SES063/SA063S10	SES083	-1.05523	-7.87503	-6.8198
BLOCK06/SES063/SA063S10	SES172	-1.95866	-8.77846	-6.8198
BLOCK06/SES063/SA063S10	SES187	-1.49991	-8.31971	-6.8198
BLOCK06/SES063/SA063S20	SES068	-1.76672	-9.92659	-8.15988
BLOCK06/SES063/SA063S20	SES083	-0.795964	-8.95584	-8.15988
BLOCK06/SES063/SA063S20	SES172	-0.826988	-8.98687	-8.15988
BLOCK06/SES063/SA063S20	SES187	-0.789097	-8.94898	-8.15988
BLOCK06/SES063/SA063S24	SES029	-2.11102	-9.95861	-7.84759
BLOCK06/SES063/SA063S24	SES083	0.0717907	-7.7758	-7.84759
BLOCK06/SES063/SA063S24	SES177	-0.767176	-8.61477	-7.84759
BLOCK06/SES063/SA063S24	SES189	-1.01092	-8.85851	-7.84759
BLOCK06/SES063/SA063S27	SES083	-0.405704	-8.57421	-8.16851
BLOCK06/SES063/SA063S27	SES172	-1.25313	-9.42164	-8.16851
BLOCK06/SES063/SA063S27	SES187	-1.63188	-9.80039	-8.16851
BLOCK06/SES063/SA063S27	SES292	-1.34629	-9.5148	-8.16851
BLOCK06/SES067/SA067S12	SES083	-1.17752	-5.97888	-4.80136
BLOCK06/SES067/SA067S12	SES172	-1.8475	-6.64886	-4.80136
BLOCK06/SES067/SA067S12	SES202	-1.00481	-5.80617	-4.80136
BLOCK06/SES067/SA067S12	SES292	-1.41139	-6.21275	-4.80136
BLOCK06/SES067/SA067S14	SES085	-0.39747	-3.07719	-2.67972
BLOCK06/SES067/SA067S14	SES177	-1.51722	-4.19694	-2.67972
BLOCK06/SES067/SA067S14	SES183	0.879143	-1.80058	-2.67972
BLOCK06/SES067/SA067S14	SES202	-1.19033	-3.87005	-2.67972
BLOCK06/SES067/SA067S21	SES144	-1.43274	-6.6666	-5.23387
BLOCK06/SES067/SA067S21	SES177	-1.29883	-6.5327	-5.23387
BLOCK06/SES067/SA067S21	SES183	-0.57934	-5.81321	-5.23387
BLOCK06/SES067/SA067S21	SES189	-1.54627	-6.78014	-5.23387
BLOCK06/SES067/SA067S25	SES085	-1.64537	-8.29848	-6.65311
BLOCK06/SES067/SA067S25	SES177	-0.899567	-7.55268	-6.65311
BLOCK06/SES067/SA067S25	SES183	-0.725986	-7.3791	-6.65311
BLOCK06/SES067/SA067S25	SES202	-0.791673	-7.44479	-6.65311
BLOCK06/SES067/SA067S29	SES085	-2.82763	-10.1151	-7.28744
BLOCK06/SES067/SA067S29	SES177	-2.84941	-10.1368	-7.28744
BLOCK06/SES067/SA067S29	SES183	-0.0514889	-7.33892	-7.28744
BLOCK06/SES067/SA067S29	SES202	-1.77981	-9.06724	-7.28744
BLOCK06/SES069/SA069S12	SES029	-2.02175	-6.10986	-4.08811
BLOCK06/SES069/SA069S12	SES082	-0.528369	-4.61648	-4.08811
BLOCK06/SES069/SA069S12	SES087	-1.21802	-5.30613	-4.08811
BLOCK06/SES069/SA069S12	SES206	-0.44011	-4.52822	-4.08811
BLOCK06/SES069/SA069S13	SES029	-1.76989	-5.06164	-3.29175
BLOCK06/SES069/SA069S13	SES087	-0.274809	-3.56656	-3.29175
BLOCK06/SES069/SA069S13	SES206	-0.96678	-4.25853	-3.29175
BLOCK06/SES069/SA069S13	SES226	0.598102	-2.69365	-3.29175
BLOCK06/SES069/SA069S23	SES029	0.073795	-1.6841	-1.75789
BLOCK06/SES069/SA069S23	SES087	1.04145	-0.716441	-1.75789
BLOCK06/SES069/SA069S23	SES206	0.224261	-1.53363	-1.75789
BLOCK06/SES069/SA069S23	SES226	0.718476	-1.03942	-1.75789
BLOCK06/SES069/SA069S25	SES087	-0.383605	-4.53819	-4.15458
BLOCK06/SES069/SA069S25	SES206	-1.86852	-6.0231	-4.15458
BLOCK06/SES069/SA069S25	SES226	0.112513	-4.04207	-4.15458
BLOCK06/SES069/SA069S25	SES270	-1.07452	-5.2291	-4.15458
BLOCK06/SES069/SA069S27	SES087	-1.55063	-6.59144	-5.04082
BLOCK06/SES069/SA069S27	SES206	-0.45151	-5.49233	-5.04082
BLOCK06/SES069/SA069S27	SES226	-0.182267	-5.22308	-5.04082
BLOCK06/SES069/SA069S27	SES270	-1.13053	-6.17134	-5.04082
BLOCK08/SES081/SA081S11	SES060	-2.22994	-9.61726	-7.38732
BLOCK08/SES081/SA081S11	SES062	-1.71234	-9.09966	-7.38732
BLOCK08/SES081/SA081S11	SES117	-2.37729	-9.76461	-7.38732
BLOCK08/SES081/SA081S11	SES162	-2.38706	-9.77437	-7.38732
BLOCK08/SES081/SA081S13	SES016	-2.04229	-7.31887	-5.27658
BLOCK08/SES081/SA081S13	SES060	-1.01705	-6.29363	-5.27658
BLOCK08/SES081/SA081S13	SES068	-0.993476	-6.27006	-5.27658
BLOCK08/SES081/SA081S13	SES129	-3.04361	-8.32019	-5.27658
BLOCK08/SES081/SA081S24	SES060	-0.757803	-6.72297	-5.96517
BLOCK08/SES081/SA081S24	SES068	-0.802018	-6.76719	-5.96517
BLOCK08/SES081/SA081S24	SES117	-1.69257	-7.65774	-5.96517
BLOCK08/SES081/SA081S24	SES275	-1.34894	-7.31411	-5.96517
BLOCK08/SES081/SA081S27	SES007	-1.4227	-12.0102	-10.5875
BLOCK08/SES081/SA081S27	SES060	-2.19888	-12.7864	-10.5875
BLOCK08/SES081/SA081S27	SES117	-1.57423	-12.1617	-10.5875
BLOCK08/SES081/SA081S27	SES275	-2.78712	-13.3746	-10.5875
BLOCK08/SES081/SA081S29	SES007	-0.921696	-10.5787	-9.65703
BLOCK08/SES081/SA081S29	SES060	-1.01002	-10.667	-9.65703
BLOCK08/SES081/SA081S29	SES117	-1.58797	-11.245	-9.65703
BLOCK08/SES081/SA081S29	SES275	-2.48955	-12.1466	-9.65703
BLOCK08/SES086/SA086S11	SES029	-3.16166	-12.9818	-9.82011
BLOCK08/SES086/SA086S11	SES082	-0.681419	-10.5015	-9.82011
BLOCK08/SES086/SA086S11	SES087	0.167795	-9.65231	-9.82011
BLOCK08/SES086/SA086S11	SES206	-0.805051	-10.6252	-9.82011
BLOCK08/SES086/SA086S12	SES029	-2.14278	-9.72997	-7.58719
BLOCK08/SES086/SA086S12	SES082	-1.33575	-8.92293	-7.58719
BLOCK08/SES086/SA086S12	SES087	0.353658	-7.23353	-7.58719
BLOCK08/SES086/SA086S12	SES206	-1.32943	-8.91662	-7.58719
BLOCK08/SES086/SA086S20	SES029	-1.80045	-9.11918	-7.31873
BLOCK08/SES086/SA086S20	SES082	-0.922199	-8.24093	-7.31873
BLOCK08/SES086/SA086S20	SES087	0.0579147	-7.26082	-7.31873
BLOCK08/SES086/SA086S20	SES206	-0.922586	-8.24132	-7.31873
BLOCK08/SES086/SA086S24	SES087	0.338668	-7.99083	-8.3295
BLOCK08/SES086/SA086S24	SES104	-0.25326	-8.58276	-8.3295
BLOCK08/SES086/SA086S24	SES120	0.319567	-8.00993	-8.3295
BLOCK08/SES086/SA086S24	SES206	0.183987	-8.14551	-8.3295
BLOCK08/SES086/SA086S28	SES029	-2.09664	-7.24057	-5.14394
BLOCK08/SES086/SA086S28	SES082	-0.877616	-6.02155	-5.14394
BLOCK08/SES086/SA086S28	SES087	0.229562	-4.91438	-5.14394
BLOCK08/SES086/SA086S28	SES206	-0.303788	-5.44773	-5.14394
BLOCK08/SES089/SA089S13	SES087	-0.960958	-8.438	-7.47704
BLOCK08/SES089/SA089S13	SES206	-1.68715	-9.1642	-7.47704
BLOCK08/SES089/SA089S13	SES226	-0.358998	-7.83604	-7.47704
BLOCK08/SES089/SA089S13	SES270	-0.321394	-7.79844	-7.47704
BLOCK08/SES089/SA089S14	SES062	-1.55899	-8.11443	-6.55544
BLOCK08/SES089/SA089S14	SES087	0.316051	-6.23939	-6.55544
BLOCK08/SES089/SA089S14	SES206	-0.954847	-7.51029	-6.55544
BLOCK08/SES089/SA089S14	SES226	-1.09775	-7.65319	-6.55544
BLOCK08/SES089/SA089S23	SES087	-0.76427	-10.7568	-9.99254
BLOCK08/SES089/SA089S23	SES206	-0.619706	-10.6123	-9.99254
BLOCK08/SES089/SA089S23	SES226	-1.28664	-11.2792	-9.99254
BLOCK08/SES089/SA089S23	SES270	-2.03721	-12.0298	-9.99254
BLOCK08/SES089/SA089S25	SES062	-1.86777	-8.76089	-6.89312
BLOCK08/SES089/SA089S25	SES087	-0.498694	-7.39182	-6.89312
BLOCK08/SES089/SA089S25	SES206	-1.10137	-7.9945	-6.89312
BLOCK08/SES089/SA089S25	SES226	-0.705099	-7.59822	-6.89312
BLOCK08/SES089/SA089S28	SES062	-1.8744	-7.84276	-5.96836
BLOCK08/SES089/SA089S28	SES087	-0.0444403	-6.0128	-5.96836
BLOCK08/SES089/SA089S28	SES206	-1.11357	-7.08192	-5.96836
BLOCK08/SES089/SA089S28	SES226	-0.346407	-6.31476	-5.96836
BLOCK09/SES097/SA097S11	SES099	0.608309	-4.94807	-5.55638
BLOCK09/SES097/SA097S11	SES125	-0.978419	-6.5348	-5.55638
BLOCK09/SES097/SA097S11	SES206	-1.01609	-6.57247	-5.55638
BLOCK09/SES097/SA097S11	SES226	0.805585	-4.75079	-5.55638
BLOCK09/SES097/SA097S14	SES062	-2.33328	-6.94539	-4.61211
BLOCK09/SES097/SA097S14	SES099	-0.97238	-5.58449	-4.61211
BLOCK09/SES097/SA097S14	SES104	-1.06411	-5.67622	-4.61211
BLOCK09/SES097/SA097S14	SES206	-1.78924	-6.40135	-4.61211
BLOCK09/SES097/SA097S22	SES099	0.209918	-5.25092	-5.46084
BLOCK09/SES097/SA097S22	SES206	-0.99226	-6.4531	-5.46084
BLOCK09/SES097/SA097S22	SES226	-0.759119	-6.21996	-5.46084
BLOCK09/SES097/SA097S22	SES270	-1.66451	-7.12535	-5.46084
BLOCK09/SES097/SA097S26	SES099	0.492115	-6.48387	-6.97598
BLOCK09/SES097/SA097S26	SES120	-1.09288	-8.06886	-6.97598
BLOCK09/SES097/SA097S26	SES206	-1.32086	-8.29684	-6.97598
BLOCK09/SES097/SA097S26	SES226	-0.487392	-7.46337	-6.97598
BLOCK09/SES097/SA097S28	SES099	0.892409	-4.56028	-5.45269
BLOCK09/SES097/SA097S28	SES120	-0.977859	-6.43055	-5.45269
BLOCK09/SES097/SA097S28	SES206	-0.723407	-6.17609	-5.45269
BLOCK09/SES097/SA097S28	SES226	-0.751389	-6.20408	-5.45269
BLOCK09/SES098/SA098S11	SES127	-1.85132	-7.5747	-5.72338
BLOCK09/SES098/SA098S11	SES144	-1.27372	-6.9971	-5.72338
BLOCK09/SES098/SA098S11	SES147	-0.915593	-6.63898	-5.72338
BLOCK09/SES098/SA098S11	SES148	-2.55512	-8.2785	-5.72338
BLOCK09/SES098/SA098S12	SES127	-2.75132	-10.6006	-7.84928
BLOCK09/SES098/SA098S12	SES144	-2.02359	-9.87287	-7.84928
BLOCK09/SES098/SA098S12	SES147	-1.5492	-9.39849	-7.84928
BLOCK09/SES098/SA098S12	SES189	-2.19839	-10.0477	-7.84928
BLOCK09/SES098/SA098S20	SES127	-4.07758	-13.887	-9.80944
BLOCK09/SES098/SA098S20	SES147	-3.06161	-12.871	-9.80944
BLOCK09/SES098/SA098S20	SES148	-3.51055	-13.32	-9.80944
BLOCK09/SES098/SA098S20	SES292	-0.771379	-10.5808	-9.80944
BLOCK09/SES098/SA098S23	SES127	-1.88191	-8.92168	-7.03977
BLOCK09/SES098/SA098S23	SES147	-1.84527	-8.88505	-7.03977
BLOCK09/SES098/SA098S23	SES187	-1.3852	-8.42497	-7.03977
BLOCK09/SES098/SA098S23	SES292	-1.5141	-8.55387	-7.03977
BLOCK09/SES098/SA098S27	SES127	-3.4326	-11.0495	-7.61687
BLOCK09/SES098/SA098S27	SES147	-2.03205	-9.64892	-7.61687
BLOCK09/SES098/SA098S27	SES148	-2.94911	-10.566	-7.61687
BLOCK09/SES098/SA098S27	SES292	-1.43121	-9.04808	-7.61687
BLOCK10/SES102/SA102S13	SES101	-0.809241	-9.66533	-8.85609
BLOCK10/SES102/SA102S13	SES105	-1.30507	-10.1612	-8.85609
BLOCK10/SES102/SA102S13	SES120	-1.97977	-10.8359	-8.85609
BLOCK10/SES102/SA102S13	SES158	-0.545795	-9.40188	-8.85609
BLOCK10/SES102/SA102S14	SES007	-0.162332	-4.66539	-4.50306
BLOCK10/SES102/SA102S14	SES101	-1.36484	-5.8679	-4.50306
BLOCK10/SES102/SA102S14	SES105	-1.22965	-5.73271	-4.50306
BLOCK10/SES102/SA102S14	SES147	-2.64672	-7.14978	-4.50306
BLOCK10/SES102/SA102S22	SES007	-1.15804	-6.81507	-5.65703
BLOCK10/SES102/SA102S22	SES101	-0.995576	-6.6526	-5.65703
BLOCK10/SES102/SA102S22	SES105	-0.690364	-6.34739	-5.65703
BLOCK10/SES102/SA102S22	SES158	-1.23175	-6.88877	-5.65703
BLOCK10/SES102/SA102S25	SES007	-0.495902	-5.73899	-5.24309
BLOCK10/SES102/SA102S25	SES101	-0.990657	-6.23375	-5.24309
BLOCK10/SES102/SA102S25	SES105	-1.64754	-6.89063	-5.24309
BLOCK10/SES102/SA102S25	SES147	-2.27082	-7.51392	-5.24309
BLOCK10/SES102/SA102S27	SES007	-0.190366	-4.9208	-4.73044
BLOCK10/SES102/SA102S27	SES101	0.1627	-4.56774	-4.73044
BLOCK10/SES102/SA102S27	SES105	-1.28729	-6.01772	-4.73044
BLOCK10/SES102/SA102S27	SES147	-1.68911	-6.41955	-4.73044
BLOCK10/SES103/SA103S14	SES105	-1.19476	-11.8357	-10.641
BLOCK10/SES103/SA103S14	SES106	-2.01417	-12.6551	-10.641
BLOCK10/SES103/SA103S14	SES120	-2.43315	-13.0741	-10.641
BLOCK10/SES103/SA103S14	SES206	-1.48623	-12.1272	-10.641
BLOCK10/SES103/SA103S15	SES099	-2.26164	-13.0813	-10.8196
BLOCK10/SES103/SA103S15	SES101	-3.5981	-14.4177	-10.8196
BLOCK10/SES103/SA103S15	SES104	-0.762965	-11.5826	-10.8196
BLOCK10/SES103/SA103S15	SES125	-3.86533	-14.685	-10.8196
BLOCK10/SES103/SA103S24	SES104	-0.437412	-6.83928	-6.40187
BLOCK10/SES103/SA103S24	SES125	-3.65087	-10.0527	-6.40187
BLOCK10/SES103/SA103S24	SES148	-2.76869	-9.17056	-6.40187
BLOCK10/SES103/SA103S24	SES158	-2.19745	-8.59932	-6.40187
BLOCK10/SES103/SA103S26	SES104	-0.507365	-9.82598	-9.31861
BLOCK10/SES103/SA103S26	SES106	-0.720496	-10.0391	-9.31861
BLOCK10/SES103/SA103S26	SES125	-1.72416	-11.0428	-9.31861
BLOCK10/SES103/SA103S26	SES148	-3.47605	-12.7947	-9.31861
BLOCK10/SES103/SA103S28	SES104	-0.628124	-11.289	-10.6609
BLOCK10/SES103/SA103S28	SES106	-2.24629	-12.9072	-10.6609
BLOCK10/SES103/SA103S28	SES125	-3.63696	-14.2979	-10.6609
BLOCK10/SES103/SA103S28	SES206	-2.30872	-12.9696	-10.6609
BLOCK12/SES121/SA121S12	SES042	-2.39064	-9.63458	-7.24394
BLOCK12/SES121/SA121S12	SES087	-1.17979	-8.42372	-7.24394
BLOCK12/SES121/SA121S12	SES105	-0.370972	-7.61491	-7.24394
BLOCK12/SES121/SA121S12	SES206	-0.695829	-7.93976	-7.24394
BLOCK12/SES121/SA121S14	SES007	-1.59207	-13.3115	-11.7194
BLOCK12/SES121/SA121S14	SES105	-1.43047	-13.1499	-11.7194
BLOCK12/SES121/SA121S14	SES106	-1.78803	-13.5074	-11.7194
BLOCK12/SES121/SA121S14	SES206	-1.15282	-12.8722	-11.7194
BLOCK12/SES121/SA121S23	SES105	-1.49364	-11.3749	-9.88126
BLOCK12/SES121/SA121S23	SES106	-1.38294	-11.2642	-9.88126
BLOCK12/SES121/SA121S23	SES120	-1.23162	-11.1129	-9.88126
BLOCK12/SES121/SA121S23	SES206	0.415171	-9.46609	-9.88126
BLOCK12/SES121/SA121S25	SES007	-1.12808	-13.1938	-12.0658
BLOCK12/SES121/SA121S25	SES105	-1.3136	-13.3793	-12.0658
BLOCK12/SES121/SA121S25	SES106	-0.793271	-12.859	-12.0658
BLOCK12/SES121/SA121S25	SES206	-0.150225	-12.216	-12.0658
BLOCK12/SES121/SA121S27	SES087	-0.139686	-11.5946	-11.4549
BLOCK12/SES121/SA121S27	SES105	-2.65593	-14.1108	-11.4549
BLOCK12/SES121/SA121S27	SES120	0.0933456	-11.3615	-11.4549
BLOCK12/SES121/SA121S27	SES206	-0.773293	-12.2282	-11.4549
BLOCK12/SES124/SA124S16	SES042	-0.220141	-5.30069	-5.08054
BLOCK12/SES124/SA124S16	SES082	-1.56829	-6.64883	-5.08054
BLOCK12/SES124/SA124S16	SES183	-0.624294	-5.70484	-5.08054
BLOCK12/SES124/SA124S16	SES206	-2.14403	-7.22457	-5.08054
BLOCK12/SES124/SA124S17	SES105	-1.6589	-9.45707	-7.79817
BLOCK12/SES124/SA124S17	SES149	-1.17153	-8.9697	-7.79817
BLOCK12/SES124/SA124S17	SES158	-1.94227	-9.74045	-7.79817
BLOCK12/SES124/SA124S17	SES275	-1.93463	-9.7328	-7.79817
BLOCK12/SES124/SA124S23	SES105	-2.66941	-6.86325	-4.19385
BLOCK12/SES124/SA124S23	SES125	1.46214	-2.73171	-4.19385
BLOCK12/SES124/SA124S23	SES129	-1.60326	-5.7971	-4.19385
BLOCK12/SES124/SA124S23	SES158	-1.11726	-5.3111	-4.19385
BLOCK12/SES124/SA124S26	SES105	-2.60605	-9.13112	-6.52506
BLOCK12/SES124/SA124S26	SES125	-0.287993	-6.81306	-6.52506
BLOCK12/SES124/SA124S26	SES129	-2.23885	-8.76391	-6.52506
BLOCK12/SES124/SA124S26	SES158	-1.25193	-7.77699	-6.52506
BLOCK12/SES124/SA124S28	SES104	-0.182881	-5.54346	-5.36058
BLOCK12/SES124/SA124S28	SES106	-0.303813	-5.66439	-5.36058
BLOCK12/SES124/SA124S28	SES125	0.862721	-4.49786	-5.36058
BLOCK12/SES124/SA124S28	SES275	-1.69338	-7.05396	-5.36058
BLOCK12/SES126/SA126S13	SES007	-1.16506	-8.9175	-7.75244
BLOCK12/SES126/SA126S13	SES162	-2.05608	-9.80852	-7.75244
BLOCK12/SES126/SA126S13	SES177	-1.03449	-8.78693	-7.75244
BLOCK12/SES126/SA126S13	SES180	-1.37977	-9.1322	-7.75244
BLOCK12/SES126/SA126S14	SES144	-0.868716	-6.47727	-5.60855
BLOCK12/SES126/SA126S14	SES148	-2.16665	-7.7752	-5.60855
BLOCK12/SES126/SA126S14	SES177	-0.782965	-6.39152	-5.60855
BLOCK12/SES126/SA126S14	SES180	-0.993607	-6.60216	-5.60855
BLOCK12/SES126/SA126S20	SES007	-1.14515	-4.67186	-3.52671
BLOCK12/SES126/SA126S20	SES162	-0.809818	-4.33653	-3.52671
BLOCK12/SES126/SA126S20	SES172	-0.841606	-4.36831	-3.52671
BLOCK12/SES126/SA126S20	SES180	-0.273803	-3.80051	-3.52671
BLOCK12/SES126/SA126S24	SES120	-0.543481	-5.7368	-5.19332
BLOCK12/SES126/SA126S24	SES162	-0.870642	-6.06396	-5.19332
BLOCK12/SES126/SA126S24	SES177	-0.299881	-5.4932	-5.19332
BLOCK12/SES126/SA126S24	SES180	-0.861795	-6.05512	-5.19332
BLOCK12/SES126/SA126S26	SES120	-0.411787	-5.12004	-4.70826
BLOCK12/SES126/SA126S26	SES177	-1.27021	-5.97847	-4.70826
BLOCK12/SES126/SA126S26	SES180	-0.371598	-5.07985	-4.70826
BLOCK12/SES126/SA126S26	SES202	-0.874115	-5.58237	-4.70826
BLOCK12/SES128/SA128S10	SES087	-1.12829	-6.89234	-5.76405
BLOCK12/SES128/SA128S10	SES206	-0.70327	-6.46732	-5.76405
BLOCK12/SES128/SA128S10	SES226	-0.396809	-6.16086	-5.76405
BLOCK12/SES128/SA128S10	SES270	-1.01057	-6.77462	-5.76405
BLOCK12/SES128/SA128S12	SES120	-0.532794	-8.10352	-7.57073
BLOCK12/SES128/SA128S12	SES158	-1.68215	-9.25288	-7.57073
BLOCK12/SES128/SA128S12	SES206	-0.361787	-7.93251	-7.57073
BLOCK12/SES128/SA128S12	SES226	-1.95576	-9.52649	-7.57073
BLOCK12/SES128/SA128S21	SES106	-2.43577	-8.42381	-5.98804
BLOCK12/SES128/SA128S21	SES120	-0.804968	-6.79301	-5.98804
BLOCK12/SES128/SA128S21	SES206	-1.17434	-7.16238	-5.98804
BLOCK12/SES128/SA128S21	SES226	-1.01458	-7.00261	-5.98804
BLOCK12/SES128/SA128S24	SES087	-0.818454	-8.84795	-8.02949
BLOCK12/SES128/SA128S24	SES120	-0.187744	-8.21724	-8.02949
BLOCK12/SES128/SA128S24	SES206	-0.489618	-8.51911	-8.02949
BLOCK12/SES128/SA128S24	SES226	-1.48721	-9.5167	-8.02949
BLOCK12/SES128/SA128S27	SES099	-0.37672	-6.63255	-6.25583
BLOCK12/SES128/SA128S27	SES120	-0.885348	-7.14118	-6.25583
BLOCK12/SES128/SA128S27	SES206	-1.27091	-7.52674	-6.25583
BLOCK12/SES128/SA128S27	SES226	-0.689763	-6.9456	-6.25583
BLOCK13/SES130/SA130S13	SES143	-0.389062	-7.15832	-6.76925
BLOCK13/SES130/SA130S13	SES144	0.061902	-6.70735	-6.76925
BLOCK13/SES130/SA130S13	SES146	-1.70342	-8.47268	-6.76925
BLOCK13/SES130/SA130S13	SES275	-1.83676	-8.60602	-6.76925
BLOCK13/SES130/SA130S15	SES143	-0.705499	-5.19224	-4.48674
BLOCK13/SES130/SA130S15	SES144	0.0504179	-4.43632	-4.48674
BLOCK13/SES130/SA130S15	SES146	-0.918374	-5.40511	-4.48674
BLOCK13/SES130/SA130S15	SES275	-1.15838	-5.64511	-4.48674
BLOCK13/SES130/SA130S23	SES127	-0.218157	-4.63043	-4.41227
BLOCK13/SES130/SA130S23	SES144	0.668694	-3.74358	-4.41227
BLOCK13/SES130/SA130S23	SES146	-0.733312	-5.14558	-4.41227
BLOCK13/SES130/SA130S23	SES162	0.219887	-4.19238	-4.41227
BLOCK13/SES130/SA130S25	SES127	-0.77677	-2.89444	-2.11767
BLOCK13/SES130/SA130S25	SES144	-0.0323379	-2.15001	-2.11767
BLOCK13/SES130/SA130S25	SES146	-0.249544	-2.36721	-2.11767
BLOCK13/SES130/SA130S25	SES275	-1.11098	-3.22865	-2.11767
BLOCK13/SES130/SA130S28	SES127	-1.02932	-5.82046	-4.79114
BLOCK13/SES130/SA130S28	SES144	-1.2731	-6.06424	-4.79114
BLOCK13/SES130/SA130S28	SES146	-1.07164	-5.86278	-4.79114
BLOCK13/SES130/SA130S28	SES275	-0.968862	-5.76	-4.79114
BLOCK13/SES131/SA131S13	SES002	-2.31817	-8.51654	-6.19837
BLOCK13/SES131/SA131S13	SES007	-1.5856	-7.78397	-6.19837
BLOCK13/SES131/SA131S13	SES099	-0.902958	-7.10133	-6.19837
BLOCK13/SES131/SA131S13	SES105	-0.821527	-7.0199	-6.19837
BLOCK13/SES131/SA131S14	SES104	-0.550282	-2.46481	-1.91453
BLOCK13/SES131/SA131S14	SES106	-3.17756	-5.09208	-1.91453
BLOCK13/SES131/SA131S14	SES125	-1.57161	-3.48614	-1.91453
BLOCK13/SES131/SA131S14	SES148	-0.276831	-2.19136	-1.91453
BLOCK13/SES131/SA131S20	SES104	-2.08891	-10.2217	-8.13282
BLOCK13/SES131/SA131S20	SES106	-2.14251	-10.2753	-8.13282
BLOCK13/SES131/SA131S20	SES125	-1.63631	-9.76914	-8.13282
BLOCK13/SES131/SA131S20	SES148	-2.32525	-10.4581	-8.13282
BLOCK13/SES131/SA131S22	SES099	-1.80775	-7.04606	-5.23832
BLOCK13/SES131/SA131S22	SES104	-0.592206	-5.83052	-5.23832
BLOCK13/SES131/SA131S22	SES125	-0.435643	-5.67396	-5.23832
BLOCK13/SES131/SA131S22	SES206	-1.85954	-7.09786	-5.23832
BLOCK13/SES131/SA131S29	SES087	-1.9059	-8.91402	-7.00813
BLOCK13/SES131/SA131S29	SES104	-2.96678	-9.9749	-7.00813
BLOCK13/SES131/SA131S29	SES125	-4.72562	-11.7337	-7.00813
BLOCK13/SES131/SA131S29	SES206	-3.65068	-10.6588	-7.00813
BLOCK13/SES132/SA132S11	SES083	-1.15784	-9.46037	-8.30254
BLOCK13/SES132/SA132S11	SES120	0.484987	-7.81755	-8.30254
BLOCK13/SES132/SA132S11	SES127	-2.62847	-10.931	-8.30254
BLOCK13/SES132/SA132S11	SES275	-1.1034	-9.40593	-8.30254
BLOCK13/SES132/SA132S12	SES083	-1.38174	-6.27467	-4.89293
BLOCK13/SES132/SA132S12	SES143	-1.68856	-6.58149	-4.89293
BLOCK13/SES132/SA132S12	SES144	-1.05182	-5.94475	-4.89293
BLOCK13/SES132/SA132S12	SES148	-0.719493	-5.61242	-4.89293
BLOCK13/SES132/SA132S22	SES062	-1.05025	-7.84342	-6.79317
BLOCK13/SES132/SA132S22	SES083	-1.13282	-7.92599	-6.79317
BLOCK13/SES132/SA132S22	SES127	-1.97608	-8.76925	-6.79317
BLOCK13/SES132/SA132S22	SES275	-1.3014	-8.09457	-6.79317
BLOCK13/SES132/SA132S24	SES007	-1.10489	-6.21062	-5.10573
BLOCK13/SES132/SA132S24	SES083	-1.33602	-6.44175	-5.10573
BLOCK13/SES132/SA132S24	SES127	-2.26404	-7.36977	-5.10573
BLOCK13/SES132/SA132S24	SES275	-1.25589	-6.36162	-5.10573
BLOCK13/SES132/SA132S27	SES083	-2.59677	-10.5925	-7.99568
BLOCK13/SES132/SA132S27	SES120	0.0462713	-7.94941	-7.99568
BLOCK13/SES132/SA132S27	SES127	-4.84561	-12.8413	-7.99568
BLOCK13/SES132/SA132S27	SES275	-2.47119	-10.4669	-7.99568
BLOCK14/SES141/SA141S09	SES143	-0.913666	-5.38772	-4.47405
BLOCK14/SES141/SA141S09	SES144	-0.413104	-4.88716	-4.47405
BLOCK14/SES141/SA141S09	SES162	-0.682732	-5.15679	-4.47405
BLOCK14/SES141/SA141S09	SES180	-0.644639	-5.11869	-4.47405
BLOCK14/SES141/SA141S15	SES127	-0.657138	-6.52743	-5.87029
BLOCK14/SES141/SA141S15	SES144	-1.1317	-7.00199	-5.87029
BLOCK14/SES141/SA141S15	SES162	-1.41749	-7.28778	-5.87029
BLOCK14/SES141/SA141S15	SES180	-0.735966	-6.60626	-5.87029
BLOCK14/SES141/SA141S24	SES127	-1.59064	-8.04766	-6.45702
BLOCK14/SES141/SA141S24	SES144	-1.93376	-8.39079	-6.45702
BLOCK14/SES141/SA141S24	SES162	-0.788169	-7.24519	-6.45702
BLOCK14/SES141/SA141S24	SES183	-1.85185	-8.30887	-6.45702
BLOCK14/SES141/SA141S26	SES142	0.00774384	-6.51168	-6.51943
BLOCK14/SES141/SA141S26	SES144	-1.21638	-7.7358	-6.51943
BLOCK14/SES141/SA141S26	SES172	-0.579422	-7.09885	-6.51943
BLOCK14/SES141/SA141S26	SES180	-0.627366	-7.14679	-6.51943
BLOCK14/SES141/SA141S29	SES127	-0.228767	-4.82853	-4.59977
BLOCK14/SES141/SA141S29	SES142	0.239041	-4.36072	-4.59977
BLOCK14/SES141/SA141S29	SES144	-0.844534	-5.4443	-4.59977
BLOCK14/SES141/SA141S29	SES180	-0.476696	-5.07646	-4.59977
BLOCK15/SES157/SA157S08	SES083	-1.1792	-5.37674	-4.19755
BLOCK15/SES157/SA157S08	SES127	-1.26695	-5.4645	-4.19755
BLOCK15/SES157/SA157S08	SES148	-1.29117	-5.48871	-4.19755
BLOCK15/SES157/SA157S08	SES292	-1.51943	-5.71698	-4.19755
BLOCK15/SES157/SA157S11	SES083	-1.3896	-5.95003	-4.56043
BLOCK15/SES157/SA157S11	SES127	-2.01819	-6.57862	-4.56043
BLOCK15/SES157/SA157S11	SES148	-2.15026	-6.71069	-4.56043
BLOCK15/SES157/SA157S11	SES292	-1.26929	-5.82971	-4.56043
BLOCK15/SES157/SA157S21	SES127	-0.281712	-2.75039	-2.46868
BLOCK15/SES157/SA157S21	SES148	-0.0866921	-2.55537	-2.46868
BLOCK15/SES157/SA157S21	SES158	-4.44058	-6.90926	-2.46868
BLOCK15/SES157/SA157S21	SES292	-0.823532	-3.29221	-2.46868
BLOCK15/SES157/SA157S24	SES127	-1.41062	-7.12799	-5.71736
BLOCK15/SES157/SA157S24	SES148	-1.40456	-7.12193	-5.71736
BLOCK15/SES157/SA157S24	SES183	-1.83601	-7.55337	-5.71736
BLOCK15/SES157/SA157S24	SES292	-2.01464	-7.73201	-5.71736
BLOCK15/SES157/SA157S26	SES007	-1.6386	-5.64269	-4.0041
BLOCK15/SES157/SA157S26	SES127	-0.569435	-4.57353	-4.0041
BLOCK15/SES157/SA157S26	SES147	-1.07653	-5.08063	-4.0041
BLOCK15/SES157/SA157S26	SES148	-1.66224	-5.66634	-4.0041
BLOCK16/SES161/SA161S10	SES007	-1.21752	-7.74202	-6.5245
BLOCK16/SES161/SA161S10	SES105	-0.722341	-7.24684	-6.5245
BLOCK16/SES161/SA161S10	SES158	-1.31678	-7.84128	-6.5245
BLOCK16/SES161/SA161S10	SES275	-0.974814	-7.49932	-6.5245
BLOCK16/SES161/SA161S12	SES007	-1.70726	-11.595	-9.8877
BLOCK16/SES161/SA161S12	SES105	-2.23516	-12.1229	-9.8877
BLOCK16/SES161/SA161S12	SES158	-2.26225	-12.1499	-9.8877
BLOCK16/SES161/SA161S12	SES275	-1.53892	-11.4266	-9.8877
BLOCK16/SES161/SA161S20	SES007	-1.21949	-11.5084	-10.2889
BLOCK16/SES161/SA161S20	SES105	-1.31305	-11.6019	-10.2889
BLOCK16/SES161/SA161S20	SES158	-0.126356	-10.4152	-10.2889
BLOCK16/SES161/SA161S20	SES275	-2.45536	-12.7442	-10.2889
BLOCK16/SES161/SA161S23	SES007	-0.978987	-12.2835	-11.3045
BLOCK16/SES161/SA161S23	SES105	-0.592817	-11.8973	-11.3045
BLOCK16/SES161/SA161S23	SES148	-0.551919	-11.8564	-11.3045
BLOCK16/SES161/SA161S23	SES158	-2.9945	-14.299	-11.3045
BLOCK16/SES161/SA161S28	SES007	-1.27361	-10.8786	-9.60502
BLOCK16/SES161/SA161S28	SES105	-2.54841	-12.1534	-9.60502
BLOCK16/SES161/SA161S28	SES158	-0.536948	-10.142	-9.60502
BLOCK16/SES161/SA161S28	SES206	-1.13364	-10.7387	-9.60502
BLOCK16/SES164/SA164S11	SES104	-0.354935	-5.00845	-4.65352
BLOCK16/SES164/SA164S11	SES125	-0.33752	-4.99104	-4.65352
BLOCK16/SES164/SA164S11	SES158	-2.73682	-7.39034	-4.65352
BLOCK16/SES164/SA164S11	SES206	-0.829144	-5.48266	-4.65352
BLOCK16/SES164/SA164S13	SES099	-2.06956	-7.40515	-5.33559
BLOCK16/SES164/SA164S13	SES104	-1.31286	-6.64844	-5.33559
BLOCK16/SES164/SA164S13	SES125	-2.2324	-7.56798	-5.33559
BLOCK16/SES164/SA164S13	SES206	-2.71153	-8.04712	-5.33559
BLOCK16/SES164/SA164S24	SES002	0.28968	-4.388	-4.67768
BLOCK16/SES164/SA164S24	SES099	-1.23466	-5.91235	-4.67768
BLOCK16/SES164/SA164S24	SES125	-1.09229	-5.76998	-4.67768
BLOCK16/SES164/SA164S24	SES226	-0.108515	-4.7862	-4.67768
BLOCK16/SES164/SA164S27	SES087	-0.687094	-6.54763	-5.86054
BLOCK16/SES164/SA164S27	SES125	-1.53179	-7.39233	-5.86054
BLOCK16/SES164/SA164S27	SES206	-1.89471	-7.75525	-5.86054
BLOCK16/SES164/SA164S27	SES226	-1.03148	-6.89202	-5.86054
BLOCK16/SES164/SA164S29	SES002	-0.488553	-4.63861	-4.15006
BLOCK16/SES164/SA164S29	SES019	-1.75964	-5.9097	-4.15006
BLOCK16/SES164/SA164S29	SES125	-1.61064	-5.7607	-4.15006
BLOCK16/SES164/SA164S29	SES226	-1.32759	-5.47764	-4.15006
BLOCK16/SES169/SA169S13	SES117	-1.3661	-7.98477	-6.61867
BLOCK16/SES169/SA169S13	SES144	-1.47603	-8.0947	-6.61867
BLOCK16/SES169/SA169S13	SES146	-1.05573	-7.6744	-6.61867
BLOCK16/SES169/SA169S13	SES162	-1.31193	-7.9306	-6.61867
BLOCK16/SES169/SA169S14	SES144	-0.919887	-4.08401	-3.16413
BLOCK16/SES169/SA169S14	SES148	-0.899071	-4.0632	-3.16413
BLOCK16/SES169/SA169S14	SES177	-0.631644	-3.79577	-3.16413
BLOCK16/SES169/SA169S14	SES180	-1.20525	-4.36938	-3.16413
BLOCK16/SES169/SA169S24	SES117	-0.342452	-6.32553	-5.98308
BLOCK16/SES169/SA169S24	SES144	-0.502389	-6.48547	-5.98308
BLOCK16/SES169/SA169S24	SES146	-0.990356	-6.97344	-5.98308
BLOCK16/SES169/SA169S24	SES162	-0.290155	-6.27323	-5.98308
BLOCK16/SES169/SA169S27	SES127	-0.741318	-6.74451	-6.00319
BLOCK16/SES169/SA169S27	SES129	-0.583275	-6.58646	-6.00319
BLOCK16/SES169/SA169S27	SES144	-1.11066	-7.11385	-6.00319
BLOCK16/SES169/SA169S27	SES146	-0.818184	-6.82137	-6.00319
BLOCK16/SES169/SA169S29	SES144	-0.62922	-3.76069	-3.13147
BLOCK16/SES169/SA169S29	SES162	-1.05933	-4.1908	-3.13147
BLOCK16/SES169/SA169S29	SES177	-1.19577	-4.32724	-3.13147
BLOCK16/SES169/SA169S29	SES180	-0.872075	-4.00355	-3.13147
BLOCK17/SES171/SA171S12	SES083	-1.89924	-7.30249	-5.40325
BLOCK17/SES171/SA171S12	SES148	-2.29755	-7.7008	-5.40325
BLOCK17/SES171/SA171S12	SES172	-2.12623	-7.52948	-5.40325
BLOCK17/SES171/SA171S12	SES292	-2.16625	-7.5695	-5.40325
BLOCK17/SES171/SA171S15	SES148	-1.84317	-7.77967	-5.93649
BLOCK17/SES171/SA171S15	SES177	-1.89321	-7.82971	-5.93649
BLOCK17/SES171/SA171S15	SES180	-3.58329	-9.51978	-5.93649
BLOCK17/SES171/SA171S15	SES292	-2.08781	-8.0243	-5.93649
BLOCK17/SES171/SA171S22	SES007	-1.02217	-3.51118	-2.48901
BLOCK17/SES171/SA171S22	SES148	-0.228302	-2.71731	-2.48901
BLOCK17/SES171/SA171S22	SES177	-0.576533	-3.06554	-2.48901
BLOCK17/SES171/SA171S22	SES180	-1.56836	-4.05737	-2.48901
BLOCK17/SES171/SA171S25	SES101	-1.50179	-8.27822	-6.77642
BLOCK17/SES171/SA171S25	SES120	-3.57293	-10.3494	-6.77642
BLOCK17/SES171/SA171S25	SES177	-1.13238	-7.90881	-6.77642
BLOCK17/SES171/SA171S25	SES180	-1.54128	-8.31771	-6.77642
BLOCK17/SES171/SA171S27	SES177	-1.14149	-7.74008	-6.59859
BLOCK17/SES171/SA171S27	SES180	-2.11467	-8.71326	-6.59859
BLOCK17/SES171/SA171S27	SES189	-0.820842	-7.41944	-6.59859
BLOCK17/SES171/SA171S27	SES292	-1.33899	-7.93759	-6.59859
BLOCK17/SES173/SA173S13	SES162	-3.48972	-9.73297	-6.24325
BLOCK17/SES173/SA173S13	SES177	-0.995413	-7.23866	-6.24325
BLOCK17/SES173/SA173S13	SES180	-1.3306	-7.57385	-6.24325
BLOCK17/SES173/SA173S13	SES292	-0.104186	-6.34743	-6.24325
BLOCK17/SES173/SA173S14	SES007	-1.36747	-6.98562	-5.61816
BLOCK17/SES173/SA173S14	SES162	-2.12558	-7.74373	-5.61816
BLOCK17/SES173/SA173S14	SES177	-0.862234	-6.48039	-5.61816
BLOCK17/SES173/SA173S14	SES180	-1.4233	-7.04146	-5.61816
BLOCK17/SES173/SA173S24	SES144	-2.06837	-8.35595	-6.28758
BLOCK17/SES173/SA173S24	SES162	-1.74326	-8.03085	-6.28758
BLOCK17/SES173/SA173S24	SES177	0.02527	-6.26231	-6.28758
BLOCK17/SES173/SA173S24	SES180	-1.63574	-7.92332	-6.28758
BLOCK17/SES173/SA173S27	SES162	-3.62415	-10.5864	-6.9622
BLOCK17/SES173/SA173S27	SES177	-1.2909	-8.2531	-6.9622
BLOCK17/SES173/SA173S27	SES180	-1.64119	-8.60339	-6.9622
BLOCK17/SES173/SA173S27	SES292	-0.567704	-7.52991	-6.9622
BLOCK17/SES173/SA173S29	SES162	-2.33946	-5.94871	-3.60926
BLOCK17/SES173/SA173S29	SES175	-1.07384	-4.68309	-3.60926
BLOCK17/SES173/SA173S29	SES177	-0.892727	-4.50199	-3.60926
BLOCK17/SES173/SA173S29	SES292	-1.30022	-4.90947	-3.60926
BLOCK18/SES182/SA182S10	SES144	-1.22587	-7.23748	-6.01162
BLOCK18/SES182/SA182S10	SES177	-1.14569	-7.15731	-6.01162
BLOCK18/SES182/SA182S10	SES180	-1.88471	-7.89632	-6.01162
BLOCK18/SES182/SA182S10	SES275	-0.862161	-6.87378	-6.01162
BLOCK18/SES182/SA182S12	SES144	-1.0822	-6.99367	-5.91147
BLOCK18/SES182/SA182S12	SES177	-1.26591	-7.17738	-5.91147
BLOCK18/SES182/SA182S12	SES180	-2.33819	-8.24966	-5.91147
BLOCK18/SES182/SA182S12	SES275	-1.06132	-6.97279	-5.91147
BLOCK18/SES182/SA182S21	SES117	-1.42922	-9.35796	-7.92874
BLOCK18/SES182/SA182S21	SES144	-1.19337	-9.1221	-7.92874
BLOCK18/SES182/SA182S21	SES162	-1.15561	-9.08434	-7.92874
BLOCK18/SES182/SA182S21	SES180	-2.40702	-10.3358	-7.92874
BLOCK18/SES182/SA182S23	SES117	-1.99864	-11.8682	-9.86952
BLOCK18/SES182/SA182S23	SES144	-3.01677	-12.8863	-9.86952
BLOCK18/SES182/SA182S23	SES180	-4.63572	-14.5052	-9.86952
BLOCK18/SES182/SA182S23	SES275	-2.7958	-12.6653	-9.86952
BLOCK18/SES182/SA182S25	SES007	-0.159077	-6.74198	-6.5829
BLOCK18/SES182/SA182S25	SES162	-1.14204	-7.72494	-6.5829
BLOCK18/SES182/SA182S25	SES177	-0.866129	-7.44903	-6.5829
BLOCK18/SES182/SA182S25	SES180	-2.29087	-8.87377	-6.5829
BLOCK18/SES184/SA184S12	SES177	-0.543544	-4.96017	-4.41663
BLOCK18/SES184/SA184S12	SES180	-0.528781	-4.94541	-4.41663
BLOCK18/SES184/SA184S12	SES189	-2.60829	-7.02492	-4.41663
BLOCK18/SES184/SA184S12	SES292	-0.327952	-4.74458	-4.41663
BLOCK18/SES184/SA184S13	SES101	-1.05372	-6.22672	-5.173
BLOCK18/SES184/SA184S13	SES177	-1.15059	-6.32359	-5.173
BLOCK18/SES184/SA184S13	SES180	-0.735761	-5.90876	-5.173
BLOCK18/SES184/SA184S13	SES292	-1.45054	-6.62354	-5.173
BLOCK18/SES184/SA184S22	SES177	-1.16441	-5.85851	-4.69411
BLOCK18/SES184/SA184S22	SES180	-0.188656	-4.88276	-4.69411
BLOCK18/SES184/SA184S22	SES189	-1.43444	-6.12855	-4.69411
BLOCK18/SES184/SA184S22	SES292	-1.14338	-5.83748	-4.69411
BLOCK18/SES184/SA184S25	SES101	-0.682142	-4.42984	-3.7477
BLOCK18/SES184/SA184S25	SES177	-1.34837	-5.09607	-3.7477
BLOCK18/SES184/SA184S25	SES180	-0.600444	-4.34814	-3.7477
BLOCK18/SES184/SA184S25	SES292	-0.590485	-4.33819	-3.7477
BLOCK18/SES184/SA184S27	SES083	-1.49234	-5.77441	-4.28207
BLOCK18/SES184/SA184S27	SES177	-1.3999	-5.68198	-4.28207
BLOCK18/SES184/SA184S27	SES202	-1.6597	-5.94178	-4.28207
BLOCK18/SES184/SA184S27	SES292	-1.20807	-5.49014	-4.28207
BLOCK20/SES204/SA204S12	SES062	-0.690138	-6.0165	-5.32637
BLOCK20/SES204/SA204S12	SES083	-1.38064	-6.70701	-5.32637
BLOCK20/SES204/SA204S12	SES206	-0.857893	-6.18426	-5.32637
BLOCK20/SES204/SA204S12	SES226	-1.1935	-6.51986	-5.32637
BLOCK20/SES204/SA204S14	SES068	-0.134595	-3.89218	-3.75758
BLOCK20/SES204/SA204S14	SES087	0.341953	-3.41563	-3.75758
BLOCK20/SES204/SA204S14	SES206	-0.822073	-4.57965	-3.75758
BLOCK20/SES204/SA204S14	SES226	-1.76691	-5.5245	-3.75758
BLOCK20/SES204/SA204S22	SES068	-0.702514	-6.00332	-5.30081
BLOCK20/SES204/SA204S22	SES082	-1.34684	-6.64765	-5.30081
BLOCK20/SES204/SA204S22	SES083	-2.19493	-7.49574	-5.30081
BLOCK20/SES204/SA204S22	SES206	-0.693641	-5.99445	-5.30081
BLOCK20/SES204/SA204S25	SES062	-1.12114	-6.79899	-5.67785
BLOCK20/SES204/SA204S25	SES083	-1.67301	-7.35086	-5.67785
BLOCK20/SES204/SA204S25	SES206	-0.981103	-6.65895	-5.67785
BLOCK20/SES204/SA204S25	SES226	-0.637989	-6.31584	-5.67785
BLOCK20/SES204/SA204S27	SES068	-0.997693	-7.29444	-6.29675
BLOCK20/SES204/SA204S27	SES082	-1.67451	-7.97126	-6.29675
BLOCK20/SES204/SA204S27	SES087	0.19811	-6.09864	-6.29675
BLOCK20/SES204/SA204S27	SES206	-1.4079	-7.70465	-6.29675
BLOCK20/SES207/SA207S10	SES127	-1.8375	-6.59821	-4.76071
BLOCK20/SES207/SA207S10	SES183	-0.837553	-5.59826	-4.76071
BLOCK20/SES207/SA207S10	SES189	-0.5652	-5.32591	-4.76071
BLOCK20/SES207/SA207S10	SES292	-1.2324	-5.99311	-4.76071
BLOCK20/SES207/SA207S11	SES127	-1.30546	-6.03771	-4.73224
BLOCK20/SES207/SA207S11	SES183	-0.931876	-5.66412	-4.73224
BLOCK20/SES207/SA207S11	SES187	-0.933471	-5.66572	-4.73224
BLOCK20/SES207/SA207S11	SES292	-0.735532	-5.46778	-4.73224
BLOCK20/SES207/SA207S25	SES068	-0.916202	-7.19974	-6.28354
BLOCK20/SES207/SA207S25	SES083	-1.44113	-7.72467	-6.28354
BLOCK20/SES207/SA207S25	SES127	-0.502834	-6.78637	-6.28354
BLOCK20/SES207/SA207S25	SES187	-0.915156	-7.19869	-6.28354
BLOCK20/SES207/SA207S27	SES127	-1.3535	-8.70965	-7.35615
BLOCK20/SES207/SA207S27	SES183	-1.28095	-8.6371	-7.35615
BLOCK20/SES207/SA207S27	SES187	-1.27311	-8.62926	-7.35615
BLOCK20/SES207/SA207S27	SES292	-1.42369	-8.77984	-7.35615
BLOCK20/SES207/SA207S29	SES083	-1.7923	-5.73694	-3.94464
BLOCK20/SES207/SA207S29	SES085	-1.11739	-5.06203	-3.94464
BLOCK20/SES207/SA207S29	SES172	-0.121768	-4.0664	-3.94464
BLOCK20/SES207/SA207S29	SES189	-3.53963	-7.48426	-3.94464
BLOCK22/SES221/SA221S12	SES068	-0.68304	-5.64799	-4.96495
BLOCK22/SES221/SA221S12	SES143	-0.812758	-5.77771	-4.96495
BLOCK22/SES221/SA221S12	SES175	-0.476595	-5.44155	-4.96495
BLOCK22/SES221/SA221S12	SES202	-0.293705	-5.25866	-4.96495
BLOCK22/SES221/SA221S15	SES085	-0.307458	-5.59341	-5.28596
BLOCK22/SES221/SA221S15	SES143	-1.08779	-6.37375	-5.28596
BLOCK22/SES221/SA221S15	SES175	-0.792161	-6.07812	-5.28596
BLOCK22/SES221/SA221S15	SES187	-1.56494	-6.85089	-5.28596
BLOCK22/SES221/SA221S23	SES068	-0.200106	-5.89374	-5.69363
BLOCK22/SES221/SA221S23	SES143	-1.17729	-6.87092	-5.69363
BLOCK22/SES221/SA221S23	SES175	-0.857091	-6.55072	-5.69363
BLOCK22/SES221/SA221S23	SES189	-1.40465	-7.09828	-5.69363
BLOCK22/SES221/SA221S27	SES085	-0.0898032	-5.77622	-5.68641
BLOCK22/SES221/SA221S27	SES143	-1.10563	-6.79205	-5.68641
BLOCK22/SES221/SA221S27	SES175	-0.48788	-6.17429	-5.68641
BLOCK22/SES221/SA221S27	SES189	-2.29042	-7.97683	-5.68641
BLOCK22/SES221/SA221S29	SES085	-0.883476	-9.2589	-8.37542
BLOCK22/SES221/SA221S29	SES143	-1.18866	-9.56408	-8.37542
BLOCK22/SES221/SA221S29	SES175	-0.49701	-8.87243	-8.37542
BLOCK22/SES221/SA221S29	SES187	-2.17513	-10.5506	-8.37542
BLOCK22/SES223/SA223S11	SES143	-0.791425	-7.93663	-7.1452
BLOCK22/SES223/SA223S11	SES144	-2.71195	-9.85715	-7.1452
BLOCK22/SES223/SA223S11	SES175	-0.76934	-7.91454	-7.1452
BLOCK22/SES223/SA223S11	SES187	-1.64248	-8.78768	-7.1452
BLOCK22/SES223/SA223S13	SES068	-0.505929	-8.98955	-8.48362
BLOCK22/SES223/SA223S13	SES143	-1.47883	-9.96245	-8.48362
BLOCK22/SES223/SA223S13	SES146	-1.41674	-9.90036	-8.48362
BLOCK22/SES223/SA223S13	SES202	-0.761475	-9.2451	-8.48362
BLOCK22/SES223/SA223S22	SES143	-0.992147	-6.4359	-5.44375
BLOCK22/SES223/SA223S22	SES144	-2.09971	-7.54346	-5.44375
BLOCK22/SES223/SA223S22	SES175	-1.25799	-6.70174	-5.44375
BLOCK22/SES223/SA223S22	SES187	-0.894418	-6.33817	-5.44375
BLOCK22/SES223/SA223S25	SES068	-0.619722	-7.02903	-6.4093
BLOCK22/SES223/SA223S25	SES143	-0.942529	-7.35183	-6.4093
BLOCK22/SES223/SA223S25	SES175	-0.448787	-6.85809	-6.4093
BLOCK22/SES223/SA223S25	SES187	-1.47296	-7.88226	-6.4093
BLOCK22/SES223/SA223S27	SES143	-0.87291	-8.98126	-8.10835
BLOCK22/SES223/SA223S27	SES146	-1.7419	-9.85025	-8.10835
BLOCK22/SES223/SA223S27	SES187	-0.920733	-9.02908	-8.10835
BLOCK22/SES223/SA223S27	SES292	-0.514748	-8.62309	-8.10835
BLOCK27/SES273/SA273S12	SES099	-0.237969	-6.77571	-6.53774
BLOCK27/SES273/SA273S12	SES104	-0.333749	-6.87149	-6.53774
BLOCK27/SES273/SA273S12	SES125	-0.877088	-7.41483	-6.53774
BLOCK27/SES273/SA273S12	SES206	0.169987	-6.36775	-6.53774
BLOCK27/SES273/SA273S13	SES099	-0.756683	-3.75957	-3.00289
BLOCK27/SES273/SA273S13	SES104	-0.914618	-3.91751	-3.00289
BLOCK27/SES273/SA273S13	SES206	-0.972931	-3.97582	-3.00289
BLOCK27/SES273/SA273S13	SES292	-0.412684	-3.41557	-3.00289
BLOCK27/SES273/SA273S21	SES099	-1.04487	-5.37465	-4.32977
BLOCK27/SES273/SA273S21	SES148	-2.93308	-7.26285	-4.32977
BLOCK27/SES273/SA273S21	SES149	-1.98586	-6.31563	-4.32977
BLOCK27/SES273/SA273S21	SES177	-1.58112	-5.9109	-4.32977
BLOCK27/SES273/SA273S25	SES104	-0.104273	-7.28415	-7.17988
BLOCK27/SES273/SA273S25	SES125	-0.92933	-8.10921	-7.17988
BLOCK27/SES273/SA273S25	SES158	0.189709	-6.99017	-7.17988
BLOCK27/SES273/SA273S25	SES206	-0.266022	-7.4459	-7.17988
BLOCK27/SES273/SA273S27	SES099	-0.922323	-3.12352	-2.2012
BLOCK27/SES273/SA273S27	SES104	-1.1193	-3.3205	-2.2012
BLOCK27/SES273/SA273S27	SES149	-1.16756	-3.36876	-2.2012
BLOCK27/SES273/SA273S27	SES275	-1.34116	-3.54236	-2.2012
BLOCK27/SES274/SA274S10	SES105	-2.76697	-5.21916	-2.45218
BLOCK27/SES274/SA274S10	SES125	-3.33976	-5.79194	-2.45218
BLOCK27/SES274/SA274S10	SES129	-1.09767	-3.54985	-2.45218
BLOCK27/SES274/SA274S10	SES158	-5.15933	-7.61152	-2.45218
BLOCK27/SES274/SA274S11	SES105	-2.00325	-6.75572	-4.75248
BLOCK27/SES274/SA274S11	SES149	-1.45796	-6.21043	-4.75248
BLOCK27/SES274/SA274S11	SES158	-1.92585	-6.67833	-4.75248
BLOCK27/SES274/SA274S11	SES275	-1.48646	-6.23894	-4.75248
BLOCK27/SES274/SA274S21	SES105	-1.60996	-6.6855	-5.07554
BLOCK27/SES274/SA274S21	SES129	-0.642871	-5.71841	-5.07554
BLOCK27/SES274/SA274S21	SES149	-1.49526	-6.5708	-5.07554
BLOCK27/SES274/SA274S21	SES158	-3.01341	-8.08895	-5.07554
BLOCK27/SES274/SA274S24	SES105	-1.93401	-7.07019	-5.13618
BLOCK27/SES274/SA274S24	SES129	-0.242396	-5.37858	-5.13618
BLOCK27/SES274/SA274S24	SES149	-1.74604	-6.88222	-5.13618
BLOCK27/SES274/SA274S24	SES158	-3.57375	-8.70993	-5.13618
BLOCK27/SES274/SA274S29	SES105	-2.31929	-6.71078	-4.39149
BLOCK27/SES274/SA274S29	SES106	-2.55966	-6.95115	-4.39149
BLOCK27/SES274/SA274S29	SES120	-1.45699	-5.84847	-4.39149
BLOCK27/SES274/SA274S29	SES275	-1.10887	-5.50035	-4.39149
BLOCK27/SES276/SA276S16	SES148	-1.73479	-7.02436	-5.28958
BLOCK27/SES276/SA276S16	SES172	-0.103017	-5.3926	-5.28958
BLOCK27/SES276/SA276S16	SES180	-0.486695	-5.77627	-5.28958
BLOCK27/SES276/SA276S16	SES292	-0.819343	-6.10892	-5.28958
BLOCK27/SES276/SA276S17	SES101	-0.92918	-5.97899	-5.04981
BLOCK27/SES276/SA276S17	SES177	-0.79827	-5.84808	-5.04981
BLOCK27/SES276/SA276S17	SES180	-0.759647	-5.80946	-5.04981
BLOCK27/SES276/SA276S17	SES292	-0.506979	-5.55679	-5.04981
BLOCK27/SES276/SA276S24	SES101	-0.662474	-4.63105	-3.96858
BLOCK27/SES276/SA276S24	SES177	-0.799413	-4.76799	-3.96858
BLOCK27/SES276/SA276S24	SES180	-0.961334	-4.92991	-3.96858
BLOCK27/SES276/SA276S24	SES292	-1.29456	-5.26314	-3.96858
BLOCK27/SES276/SA276S26	SES101	-1.11101	-2.93359	-1.82258
BLOCK27/SES276/SA276S26	SES177	-0.582821	-2.4054	-1.82258
BLOCK27/SES276/SA276S26	SES180	-0.443171	-2.26575	-1.82258
BLOCK27/SES276/SA276S26	SES292	0.00505328	-1.81753	-1.82258
BLOCK27/SES276/SA276S28	SES101	-0.601388	-3.28698	-2.68559
BLOCK27/SES276/SA276S28	SES177	-0.714216	-3.39981	-2.68559
BLOCK27/SES276/SA276S28	SES180	-0.0927367	-2.77833	-2.68559
BLOCK27/SES276/SA276S28	SES292	-0.331542	-3.01713	-2.68559
BLOCK27/SES277/SA277S12	SES101	-0.772232	-8.44278	-7.67055
BLOCK27/SES277/SA277S12	SES177	-1.75223	-9.42278	-7.67055
BLOCK27/SES277/SA277S12	SES180	-2.00414	-9.67469	-7.67055
BLOCK27/SES277/SA277S12	SES292	-1.34093	-9.01147	-7.67055
BLOCK27/SES277/SA277S14	SES177	-1.46268	-8.5182	-7.05551
BLOCK27/SES277/SA277S14	SES180	-1.84485	-8.90037	-7.05551
BLOCK27/SES277/SA277S14	SES189	-0.442689	-7.4982	-7.05551
BLOCK27/SES277/SA277S14	SES292	-1.9091	-8.96461	-7.05551
BLOCK27/SES277/SA277S21	SES177	-0.861503	-7.47362	-6.61211
BLOCK27/SES277/SA277S21	SES180	-1.55106	-8.16317	-6.61211
BLOCK27/SES277/SA277S21	SES189	-0.513165	-7.12528	-6.61211
BLOCK27/SES277/SA277S21	SES292	-1.2561	-7.86821	-6.61211
BLOCK27/SES277/SA277S24	SES144	-1.02309	-9.0149	-7.99181
BLOCK27/SES277/SA277S24	SES177	-1.87158	-9.86338	-7.99181
BLOCK27/SES277/SA277S24	SES180	-1.89726	-9.88906	-7.99181
BLOCK27/SES277/SA277S24	SES189	-0.511226	-8.50303	-7.99181
BLOCK27/SES277/SA277S29	SES177	-0.995502	-4.06358	-3.06808
BLOCK27/SES277/SA277S29	SES180	-0.865157	-3.93323	-3.06808
BLOCK27/SES277/SA277S29	SES202	-1.09537	-4.16345	-3.06808
BLOCK27/SES277/SA277S29	SES292	-0.995486	-4.06356	-3.06808
BLOCK27/SES279/SA279S09	SES120	-1.33493	-5.39906	-4.06413
BLOCK27/SES279/SA279S09	SES146	-1.24158	-5.30571	-4.06413
BLOCK27/SES279/SA279S09	SES206	-0.279938	-4.34407	-4.06413
BLOCK27/SES279/SA279S09	SES226	-1.87767	-5.9418	-4.06413
BLOCK27/SES279/SA279S10	SES099	-0.11276	-5.31021	-5.19745
BLOCK27/SES279/SA279S10	SES206	-1.19944	-6.39689	-5.19745
BLOCK27/SES279/SA279S10	SES226	-2.10989	-7.30734	-5.19745
BLOCK27/SES279/SA279S10	SES292	-0.0703349	-5.26779	-5.19745
BLOCK27/SES279/SA279S20	SES099	-1.53332	-8.46047	-6.92715
BLOCK27/SES279/SA279S20	SES206	-0.327209	-7.25436	-6.92715
BLOCK27/SES279/SA279S20	SES226	-1.38838	-8.31553	-6.92715
BLOCK27/SES279/SA279S20	SES292	0.289052	-6.6381	-6.92715
BLOCK27/SES279/SA279S26	SES099	0.574192	-6.84889	-7.42308
BLOCK27/SES279/SA279S26	SES206	-0.458884	-7.88197	-7.42308
BLOCK27/SES279/SA279S26	SES226	-2.54885	-9.97193	-7.42308
BLOCK27/SES279/SA279S26	SES292	0.0465732	-7.37651	-7.42308
BLOCK27/SES279/SA279S28	SES099	-0.110483	-2.23787	-2.12739
BLOCK27/SES279/SA279S28	SES120	-1.04302	-3.17041	-2.12739
BLOCK27/SES279/SA279S28	SES177	-1.23754	-3.36492	-2.12739
BLOCK27/SES279/SA279S28	SES206	-0.799651	-2.92704	-2.12739
BLOCK29/SES290/SA290S12	SES162	-0.774919	-5.80797	-5.03305
BLOCK29/SES290/SA290S12	SES177	-1.13992	-6.17297	-5.03305
BLOCK29/SES290/SA290S12	SES180	-0.928001	-5.96105	-5.03305
BLOCK29/SES290/SA290S12	SES292	-1.4412	-6.47425	-5.03305
BLOCK29/SES290/SA290S13	SES007	-0.850547	-5.80224	-4.95169
BLOCK29/SES290/SA290S13	SES162	-1.4145	-6.36618	-4.95169
BLOCK29/SES290/SA290S13	SES177	-0.831686	-5.78338	-4.95169
BLOCK29/SES290/SA290S13	SES180	-0.851758	-5.80345	-4.95169
BLOCK29/SES290/SA290S22	SES177	-0.786299	-5.60645	-4.82015
BLOCK29/SES290/SA290S22	SES180	-1.37474	-6.19489	-4.82015
BLOCK29/SES290/SA290S22	SES202	-0.565072	-5.38522	-4.82015
BLOCK29/SES290/SA290S22	SES292	-0.786499	-5.60665	-4.82015
BLOCK29/SES290/SA290S25	SES162	-1.31675	-7.01696	-5.70022
BLOCK29/SES290/SA290S25	SES177	-0.904864	-6.60508	-5.70022
BLOCK29/SES290/SA290S25	SES180	-1.41443	-7.11465	-5.70022
BLOCK29/SES290/SA290S25	SES292	-0.826692	-6.52691	-5.70022
BLOCK29/SES290/SA290S29	SES177	-0.502891	-3.23141	-2.72852
BLOCK29/SES290/SA290S29	SES180	-0.187366	-2.91588	-2.72852
BLOCK29/SES290/SA290S29	SES275	-0.218736	-2.94725	-2.72852
BLOCK29/SES290/SA290S29	SES292	-0.612804	-3.34132	-2.72852
BLOCK29/SES291/SA291S11	SES105	-1.51047	-8.46687	-6.95641
BLOCK29/SES291/SA291S11	SES125	-1.21013	-8.16654	-6.95641
BLOCK29/SES291/SA291S11	SES158	-1.11401	-8.07042	-6.95641
BLOCK29/SES291/SA291S11	SES275	-1.59094	-8.54735	-6.95641
BLOCK29/SES291/SA291S12	SES158	0.553404	-7.68477	-8.23818
BLOCK29/SES291/SA291S12	SES226	-2.34826	-10.5864	-8.23818
BLOCK29/SES291/SA291S12	SES270	-0.816724	-9.0549	-8.23818
BLOCK29/SES291/SA291S12	SES275	-3.47022	-11.7084	-8.23818
BLOCK29/SES291/SA291S22	SES082	-0.84901	-6.48084	-5.63183
BLOCK29/SES291/SA291S22	SES158	-0.293136	-5.92496	-5.63183
BLOCK29/SES291/SA291S22	SES259	-0.862073	-6.4939	-5.63183
BLOCK29/SES291/SA291S22	SES275	-1.95751	-7.58934	-5.63183
BLOCK29/SES291/SA291S24	SES104	-0.14569	-6.68285	-6.53716
BLOCK29/SES291/SA291S24	SES125	-0.559539	-7.0967	-6.53716
BLOCK29/SES291/SA291S24	SES158	0.0178151	-6.51935	-6.53716
BLOCK29/SES291/SA291S24	SES275	-2.03415	-8.57131	-6.53716
BLOCK29/SES291/SA291S27	SES158	-0.0483832	-4.62813	-4.57975
BLOCK29/SES291/SA291S27	SES172	-2.33491	-6.91465	-4.57975
BLOCK29/SES291/SA291S27	SES275	-1.46872	-6.04847	-4.57975
BLOCK29/SES291/SA291S27	SES292	-0.684639	-5.26439	-4.57975
