BLOCK00/SES002/SA002S12	SES002	0.235168	-1.23215	-1.46732
BLOCK00/SES002/SA002S13	SES002	0.669689	-1.18731	-1.857
BLOCK00/SES002/SA002S23	SES002	0.41086	-1.42241	-1.83327
BLOCK00/SES002/SA002S26	SES002	0.243243	-1.60903	-1.85227
BLOCK00/SES002/SA002S28	SES002	0.239536	-1.20284	-1.44238
BLOCK00/SES007/SA007S14	SES007	0.664276	0.00552921	-0.658746
BLOCK00/SES007/SA007S15	SES007	0.174688	-0.909878	-1.08457
BLOCK00/SES007/SA007S24	SES007	0.457233	-0.784564	-1.2418
BLOCK00/SES007/SA007S27	SES007	0.352147	-1.1722	-1.52434
BLOCK00/SES007/SA007S29	SES007	0.14372	-0.819736	-0.963455
BLOCK00/SES008/SA008S11	SES008	1.16347	-0.492691	-1.65616
BLOCK00/SES008/SA008S12	SES008	0.839377	-0.714147	-1.55352
BLOCK00/SES008/SA008S19	SES008	0.856972	-0.480553	-1.33753
BLOCK00/SES008/SA008S22	SES008	0.598997	-1.73574	-2.33474
BLOCK00/SES008/SA008S29	SES008	1.04699	-0.469997	-1.51699
BLOCK01/SES014/SA014S10	SES014	0.677631	-0.807956	-1.48559
BLOCK01/SES014/SA014S12	SES014	1.54137	0.452578	-1.08879
BLOCK01/SES014/SA014S24	SES014	0.763749	-0.740464	-1.50421
BLOCK01/SES014/SA014S26	SES014	1.32933	0.408177	-0.921158
BLOCK01/SES014/SA014S28	SES014	1.8282	1.0362	-0.792
BLOCK01/SES016/SA016S12	SES016	0.699958	-1.90845	-2.60841
BLOCK01/SES016/SA016S13	SES016	1.44423	-0.281405	-1.72564
BLOCK01/SES016/SA016S22	SES016	1.16453	-0.0469936	-1.21152
BLOCK01/SES016/SA016S25	SES016	0.994716	0.480125	-0.514591
BLOCK01/SES016/SA016S27	SES016	1.30565	0.0721	-1.23355
BLOCK01/SES019/SA019S13	SES019	2.28779	-1.06988	-3.35767
BLOCK01/SES019/SA019S14	SES019	1.34827	-1.48004	-2.82831
BLOCK01/SES019/SA019S22	SES019	1.74491	-0.596596	-2.34151
BLOCK01/SES019/SA019S25	SES019	2.10577	-0.907281	-3.01305
BLOCK01/SES019/SA019S29	SES019	2.82503	-0.954495	-3.77952
BLOCK02/SES029/SA029S11	SES029	0.786005	0.348269	-0.437735
BLOCK02/SES029/SA029S12	SES029	0.124537	-0.571267	-0.695803
BLOCK02/SES029/SA029S20	SES029	0.54289	-0.262861	-0.805752
BLOCK02/SES029/SA029S25	SES029	0.22555	-0.366792	-0.592342
BLOCK02/SES029/SA029S28	SES029	0.244153	-0.570508	-0.814661
BLOCK04/SES042/SA042S12	SES042	1.19129	-0.0858222	-1.27711
BLOCK04/SES042/SA042S15	SES042	1.3933	0.674846	-0.718458
BLOCK04/SES042/SA042S22	SES042	1.96866	0.523233	-1.44542
BLOCK04/SES042/SA042S25	SES042	0.778091	-1.3216	-2.09969
BLOCK04/SES042/SA042S27	SES042	1.20728	-0.173126	-1.38041
BLOCK04/SES048/SA048S11	SES048	0.726447	-0.410324	-1.13677
BLOCK04/SES048/SA048S12	SES048	-0.0547639	-1.37827	-1.32351
BLOCK04/SES048/SA048S20	SES048	-0.0987642	-0.661664	-0.5629
BLOCK04/SES048/SA048S23	SES048	0.695047	-0.811313	-1.50636
BLOCK04/SES048/SA048S27	SES048	0.0578012	-1.05371	-1.11151
BLOCK06/SES060/SA060S11	SES060	0.838227	-0.082393	-0.92062
BLOCK06/SES060/SA060S12	SES060	0.14573	-0.560909	-0.706639
BLOCK06/SES060/SA060S22	SES060	0.219384	-1.19952	-1.41891
BLOCK06/SES060/SA060S24	SES060	0.914069	0.224919	-0.68915
BLOCK06/SES060/SA060S28	SES060	0.824034	0.790719	-0.0333154
BLOCK06/SES062/SA062S10	SES062	-0.0764479	-0.669284	-0.592836
BLOCK06/SES062/SA062S11	SES062	0.597228	-0.692786	-1.29001
BLOCK06/SES062/SA062S21	SES062	0.527013	0.0486549	-0.478358
BLOCK06/SES062/SA062S26	SES062	0.162769	-0.241929	-0.404698
BLOCK06/SES062/SA062S29	SES062	0.693527	0.257353	-0.436174
BLOCK06/SES068/SA068S14	SES068	0.262799	-0.899174	-1.16197
BLOCK06/SES068/SA068S15	SES068	0.549238	-0.735865	-1.2851
BLOCK06/SES068/SA068S23	SES068	0.381926	-0.977723	-1.35965
BLOCK06/SES068/SA068S27	SES068	1.029	-0.298853	-1.32785
BLOCK06/SES068/SA068S29	SES068	0.373498	-0.542574	-0.916072
BLOCK08/SES082/SA082S12	SES082	-0.107251	-2.13965	-2.0324
BLOCK08/SES082/SA082S14	SES082	0.173201	-1.84957	-2.02277
BLOCK08/SES082/SA082S21	SES082	0.383364	-1.81804	-2.20141
BLOCK08/SES082/SA082S24	SES082	0.129764	-1.66913	-1.79889
BLOCK08/SES082/SA082S28	SES082	0.441906	-1.40736	-1.84927
BLOCK08/SES083/SA083S14	SES083	-0.181454	-1.1094	-0.927951
BLOCK08/SES083/SA083S15	SES083	0.330804	-0.551523	-0.882327
BLOCK08/SES083/SA083S24	SES083	0.209166	-0.87839	-1.08756
BLOCK08/SES083/SA083S26	SES083	0.670572	-1.04314	-1.71371
BLOCK08/SES083/SA083S29	SES083	-0.186304	-1.04919	-0.862889
BLOCK08/SES085/SA085S10	SES085	0.205865	-0.634635	-0.8405
BLOCK08/SES085/SA085S13	SES085	-0.130293	-1.22962	-1.09932
BLOCK08/SES085/SA085S22	SES085	0.29588	-0.43543	-0.73131
BLOCK08/SES085/SA085S26	SES085	0.1756	-0.878381	-1.05398
BLOCK08/SES085/SA085S28	SES085	0.625313	-0.158438	-0.783751
BLOCK08/SES087/SA087S15	SES087	0.945304	-1.16009	-2.10539
BLOCK08/SES087/SA087S16	SES087	0.913595	-1.12678	-2.04037
BLOCK08/SES087/SA087S24	SES087	0.70524	-1.05089	-1.75613
BLOCK08/SES087/SA087S26	SES087	0.525019	-0.416109	-0.941128
BLOCK08/SES087/SA087S29	SES087	0.973766	-0.726533	-1.7003
BLOCK09/SES099/SA099S15	SES099	0.672564	-1.39793	-2.07049
BLOCK09/SES099/SA099S16	SES099	0.674493	-1.26799	-1.94248
BLOCK09/SES099/SA099S24	SES099	0.540577	-1.36018	-1.90076
BLOCK09/SES099/SA099S26	SES099	0.931187	-1.13515	-2.06633
BLOCK09/SES099/SA099S29	SES099	0.677488	-0.811921	-1.48941
BLOCK10/SES101/SA101S11	SES101	0.33392	-0.66201	-0.99593
BLOCK10/SES101/SA101S13	SES101	0.81497	0.133412	-0.681558
BLOCK10/SES101/SA101S22	SES101	0.367187	-1.21184	-1.57903
BLOCK10/SES101/SA101S24	SES101	0.596043	-0.927049	-1.52309
BLOCK10/SES101/SA101S28	SES101	0.459675	-0.704604	-1.16428
BLOCK10/SES104/SA104S11	SES104	1.13691	-0.449514	-1.58642
BLOCK10/SES104/SA104S12	SES104	0.873314	-0.714424	-1.58774
BLOCK10/SES104/SA104S21	SES104	0.303775	-1.7322	-2.03597
BLOCK10/SES104/SA104S24	SES104	0.359901	-1.71604	-2.07594
BLOCK10/SES104/SA104S28	SES104	0.75457	-1.31618	-2.07075
BLOCK10/SES105/SA105S12	SES105	0.429091	-1.98774	-2.41683
BLOCK10/SES105/SA105S13	SES105	0.384582	-1.49711	-1.88169
BLOCK10/SES105/SA105S22	SES105	0.258474	-1.96618	-2.22465
BLOCK10/SES105/SA105S26	SES105	0.842202	-1.30662	-2.14882
BLOCK10/SES105/SA105S29	SES105	0.753906	-0.675727	-1.42963
BLOCK10/SES106/SA106S09	SES106	0.575172	-1.8579	-2.43307
BLOCK10/SES106/SA106S11	SES106	0.659121	-0.755431	-1.41455
BLOCK10/SES106/SA106S22	SES106	1.21726	-1.35706	-2.57432
BLOCK10/SES106/SA106S27	SES106	0.611188	-0.899726	-1.51091
BLOCK10/SES106/SA106S29	SES106	0.545721	-0.928472	-1.47419
BLOCK11/SES117/SA117S12	SES117	0.882045	-1.0864	-1.96845
BLOCK11/SES117/SA117S13	SES117	0.102057	-1.50758	-1.60963
BLOCK11/SES117/SA117S23	SES117	1.03678	-1.12896	-2.16574
BLOCK11/SES117/SA117S25	SES117	0.795455	-1.76885	-2.56431
BLOCK11/SES117/SA117S28	SES117	1.01309	-1.05634	-2.06943
BLOCK12/SES120/SA120S08	SES120	0.670561	-1.3901	-2.06066
BLOCK12/SES120/SA120S11	SES120	0.318924	-2.08409	-2.40302
BLOCK12/SES120/SA120S22	SES120	0.344309	-1.10535	-1.44966
BLOCK12/SES120/SA120S24	SES120	0.128686	-1.80413	-1.93281
BLOCK12/SES120/SA120S28	SES120	-0.474661	-3.04525	-2.57059
BLOCK12/SES125/SA125S13	SES125	1.06311	-0.435917	-1.49903
BLOCK12/SES125/SA125S14	SES125	0.396092	-1.63384	-2.02993
BLOCK12/SES125/SA125S25	SES125	1.27804	-0.547411	-1.82546
BLOCK12/SES125/SA125S27	SES125	1.1313	-0.215393	-1.3467
BLOCK12/SES125/SA125S29	SES125	1.02506	-0.502325	-1.52738
BLOCK12/SES127/SA127S11	SES127	0.431038	-1.40346	-1.8345
BLOCK12/SES127/SA127S12	SES127	0.22381	0.0738746	-0.149936
BLOCK12/SES127/SA127S23	SES127	0.418752	-0.802587	-1.22134
BLOCK12/SES127/SA127S25	SES127	-0.0563452	-0.985391	-0.929046
BLOCK12/SES127/SA127S27	SES127	0.334885	-1.05876	-1.39365
BLOCK12/SES129/SA129S11	SES129	0.916419	-0.149657	-1.06608
BLOCK12/SES129/SA129S12	SES129	0.970171	-0.00644037	-0.976611
BLOCK12/SES129/SA129S22	SES129	0.191532	-1.13253	-1.32406
BLOCK12/SES129/SA129S27	SES129	0.887719	-0.481832	-1.36955
BLOCK12/SES129/SA129S29	SES129	0.473417	-0.568368	-1.04179
BLOCK14/SES142/SA142S11	SES142	1.02124	-0.461367	-1.48261
BLOCK14/SES142/SA142S12	SES142	0.770788	-0.717749	-1.48854
BLOCK14/SES142/SA142S24	SES142	0.736736	-0.628914	-1.36565
BLOCK14/SES142/SA142S27	SES142	1.06666	-0.327783	-1.39444
BLOCK14/SES142/SA142S29	SES142	0.838346	0.27176	-0.566586
BLOCK14/SES143/SA143S12	SES143	0.514829	-0.899925	-1.41475
BLOCK14/SES143/SA143S13	SES143	0.399848	-1.04505	-1.4449
BLOCK14/SES143/SA143S23	SES143	0.437466	-1.04533	-1.48279
BLOCK14/SES143/SA143S25	SES143	0.688755	-0.227237	-0.915991
BLOCK14/SES143/SA143S28	SES143	0.62059	-0.437298	-1.05789
BLOCK14/SES144/SA144S09	SES144	0.68117	-0.813636	-1.49481
BLOCK14/SES144/SA144S11	SES144	0.446743	-0.924112	-1.37086
BLOCK14/SES144/SA144S21	SES144	-0.272079	-1.82458	-1.55251
BLOCK14/SES144/SA144S25	SES144	0.423497	-1.16581	-1.58931
BLOCK14/SES144/SA144S29	SES144	-0.194552	-1.66877	-1.47422
BLOCK14/SES146/SA146S14	SES146	0.768007	-1.42105	-2.18906
BLOCK14/SES146/SA146S15	SES146	0.170694	-1.5331	-1.70379
BLOCK14/SES146/SA146S24	SES146	0.387084	-1.23505	-1.62213
BLOCK14/SES146/SA146S26	SES146	0.704681	-0.774859	-1.47954
BLOCK14/SES146/SA146S29	SES146	0.00348413	-1.94205	-1.94554
BLOCK14/SES147/SA147S11	SES147	0.872719	-0.928059	-1.80078
BLOCK14/SES147/SA147S13	SES147	1.09024	0.131691	-0.958554
BLOCK14/SES147/SA147S23	SES147	0.215444	-1.52357	-1.73902
BLOCK14/SES147/SA147S26	SES147	0.85474	-0.750164	-1.6049
BLOCK14/SES147/SA147S28	SES147	0.887486	-0.490998	-1.37848
BLOCK14/SES148/SA148S10	SES148	0.705098	-0.538542	-1.24364
BLOCK14/SES148/SA148S12	SES148	-0.0215679	-1.6859	-1.66434
BLOCK14/SES148/SA148S22	SES148	0.997567	-0.106463	-1.10403
BLOCK14/SES148/SA148S26	SES148	-0.167884	-0.812501	-0.644617
BLOCK14/SES148/SA148S29	SES148	0.0379187	-1.14991	-1.18783
BLOCK14/SES149/SA149S13	SES149	-0.347167	-2.41487	-2.06771
BLOCK14/SES149/SA149S14	SES149	0.364791	-0.486301	-0.851092
BLOCK14/SES149/SA149S24	SES149	0.546357	-0.605465	-1.15182
BLOCK14/SES149/SA149S26	SES149	0.580123	0.00274791	-0.577375
BLOCK14/SES149/SA149S28	SES149	1.00805	0.210948	-0.797099
BLOCK15/SES158/SA158S13	SES158	0.54609	-1.4927	-2.03879
BLOCK15/SES158/SA158S14	SES158	0.701723	-1.77004	-2.47176
BLOCK15/SES158/SA158S23	SES158	0.925906	-0.825601	-1.75151
BLOCK15/SES158/SA158S26	SES158	0.954478	-1.49083	-2.44531
BLOCK15/SES158/SA158S28	SES158	0.378739	-1.34311	-1.72185
BLOCK16/SES162/SA162S10	SES162	0.541532	-1.73316	-2.27469
BLOCK16/SES162/SA162S11	SES162	0.638728	-0.720326	-1.35905
BLOCK16/SES162/SA162S21	SES162	1.07531	-0.71909	-1.7944
BLOCK16/SES162/SA162S24	SES162	0.426015	-1.28786	-1.71388
BLOCK16/SES162/SA162S27	SES162	0.82135	-1.3267	-2.14805
BLOCK16/SES167/SA167S14	SES167	1.04423	0.495871	-0.548362
BLOCK16/SES167/SA167S15	SES167	1.01783	-0.0210828	-1.03891
BLOCK16/SES167/SA167S21	SES167	1.22293	0.369892	-0.853041
BLOCK16/SES167/SA167S25	SES167	1.79581	0.449598	-1.34621
BLOCK16/SES167/SA167S29	SES167	1.6	0.909678	-0.690325
BLOCK17/SES172/SA172S12	SES172	0.665251	-1.20852	-1.87377
BLOCK17/SES172/SA172S13	SES172	0.867289	-1.02126	-1.88855
BLOCK17/SES172/SA172S23	SES172	0.839088	-0.0617886	-0.900877
BLOCK17/SES172/SA172S27	SES172	0.676696	-1.21116	-1.88786
BLOCK17/SES172/SA172S29	SES172	1.0159	-0.619479	-1.63538
BLOCK17/SES175/SA175S11	SES175	0.326099	-0.656656	-0.982755
BLOCK17/SES175/SA175S13	SES175	0.378346	-0.309401	-0.687747
BLOCK17/SES175/SA175S23	SES175	0.566124	-0.607385	-1.17351
BLOCK17/SES175/SA175S25	SES175	0.255166	-1.52483	-1.78
BLOCK17/SES175/SA175S28	SES175	0.185843	-0.38536	-0.571203
BLOCK17/SES177/SA177S15	SES177	0.190782	-1.15361	-1.34439
BLOCK17/SES177/SA177S17	SES177	0.113191	-1.59289	-1.70608
BLOCK17/SES177/SA177S23	SES177	-0.104766	-1.62697	-1.5222
BLOCK17/SES177/SA177S26	SES177	0.720542	0.160277	-0.560264
BLOCK17/SES177/SA177S28	SES177	0.561959	-0.783262	-1.34522
BLOCK18/SES180/SA180S13	SES180	-0.0856539	-1.78567	-1.70002
BLOCK18/SES180/SA180S15	SES180	0.253767	-1.29005	-1.54382
BLOCK18/SES180/SA180S24	SES180	0.339468	-0.42691	-0.766378
BLOCK18/SES180/SA180S26	SES180	0.438191	-0.905969	-1.34416
BLOCK18/SES180/SA180S29	SES180	0.573674	-0.773605	-1.34728
BLOCK18/SES183/SA183S13	SES183	1.05123	-0.799251	-1.85048
BLOCK18/SES183/SA183S14	SES183	-0.46937	-2.15575	-1.68638
BLOCK18/SES183/SA183S24	SES183	1.14115	-1.10643	-2.24759
BLOCK18/SES183/SA183S27	SES183	0.922263	-1.19406	-2.11633
BLOCK18/SES183/SA183S29	SES183	0.751482	-1.04517	-1.79665
BLOCK18/SES187/SA187S13	SES187	0.284076	-1.41518	-1.69925
BLOCK18/SES187/SA187S14	SES187	0.329741	-1.54502	-1.87476
BLOCK18/SES187/SA187S24	SES187	0.535509	-1.35447	-1.88998
BLOCK18/SES187/SA187S27	SES187	0.672736	-1.2545	-1.92724
BLOCK18/SES187/SA187S29	SES187	0.433002	-1.50181	-1.93481
BLOCK18/SES189/SA189S10	SES189	0.913365	-1.23259	-2.14595
BLOCK18/SES189/SA189S13	SES189	0.458694	-1.77241	-2.2311
BLOCK18/SES189/SA189S24	SES189	0.764754	-0.375844	-1.1406
BLOCK18/SES189/SA189S26	SES189	0.411354	-0.712137	-1.12349
BLOCK18/SES189/SA189S29	SES189	1.06078	-0.663462	-1.72424
BLOCK20/SES202/SA202S12	SES202	0.546798	-1.04444	-1.59124
BLOCK20/SES202/SA202S14	SES202	1.36843	-0.353681	-1.72211
BLOCK20/SES202/SA202S24	SES202	0.619942	-1.19776	-1.8177
BLOCK20/SES202/SA202S27	SES202	0.741211	-0.103953	-0.845164
BLOCK20/SES202/SA202S29	SES202	0.733399	-0.096973	-0.830372
BLOCK20/SES206/SA206S15	SES206	-0.450073	-1.50124	-1.05117
BLOCK20/SES206/SA206S17	SES206	0.626326	-0.986313	-1.61264
BLOCK20/SES206/SA206S24	SES206	1.31451	0.0679353	-1.24658
BLOCK20/SES206/SA206S27	SES206	0.893108	-1.30403	-2.19714
BLOCK20/SES206/SA206S29	SES206	0.7729	-0.416496	-1.1894
BLOCK22/SES226/SA226S12	SES226	0.613399	-1.45405	-2.06745
BLOCK22/SES226/SA226S13	SES226	-0.526858	-2.54385	-2.01699
BLOCK22/SES226/SA226S20	SES226	0.461037	-1.64149	-2.10253
BLOCK22/SES226/SA226S23	SES226	1.04863	-0.644215	-1.69285
BLOCK22/SES226/SA226S28	SES226	1.07479	-0.599716	-1.6745
BLOCK25/SES259/SA259S13	SES259	2.0629	-0.438845	-2.50175
BLOCK25/SES259/SA259S14	SES259	1.18954	-0.885338	-2.07488
BLOCK25/SES259/SA259S22	SES259	0.746471	-0.845712	-1.59218
BLOCK25/SES259/SA259S24	SES259	1.32284	-0.599719	-1.92256
BLOCK25/SES259/SA259S28	SES259	0.907345	-0.605706	-1.51305
BLOCK27/SES270/SA270S14	SES270	1.41214	-1.93572	-3.34786
BLOCK27/SES270/SA270S16	SES270	0.616336	-1.82379	-2.44012
BLOCK27/SES270/SA270S22	SES270	1.42601	-1.34209	-2.7681
BLOCK27/SES270/SA270S26	SES270	0.571291	-2.62994	-3.20123
BLOCK27/SES270/SA270S28	SES270	0.893668	-1.71327	-2.60694
BLOCK27/SES275/SA275S17	SES275	0.659537	-0.509727	-1.16926
BLOCK27/SES275/SA275S18	SES275	-0.047449	-1.13905	-1.0916
BLOCK27/SES275/SA275S24	SES275	0.0985229	-2.00372	-2.10224
BLOCK27/SES275/SA275S26	SES275	0.313173	-0.959602	-1.27277
BLOCK27/SES275/SA275S28	SES275	0.262503	-1.08704	-1.34955
BLOCK29/SES292/SA292S10	SES292	-0.152049	-0.891507	-0.739458
BLOCK29/SES292/SA292S12	SES292	0.249264	-1.32358	-1.57285
BLOCK29/SES292/SA292S22	SES292	0.290582	-1.28868	-1.57927
BLOCK29/SES292/SA292S24	SES292	0.0113055	-1.14463	-1.15593
BLOCK29/SES292/SA292S27	SES292	-0.210767	-1.39374	-1.18298
BLOCK00/SES001/SA001S14	SES062	-1.7929	-3.34637	-1.55346
BLOCK00/SES001/SA001S14	SES082	-1.03243	-2.5859	-1.55346
BLOCK00/SES001/SA001S14	SES106	-1.15499	-2.70846	-1.55346
BLOCK00/SES001/SA001S14	SES206	-1.73626	-3.28972	-1.55346
BLOCK00/SES001/SA001S15	SES062	-1.5482	-2.90193	-1.35373
BLOCK00/SES001/SA001S15	SES104	-1.43411	-2.78784	-1.35373
BLOCK00/SES001/SA001S15	SES106	-1.1877	-2.54143	-1.35373
BLOCK00/SES001/SA001S15	SES206	-1.48061	-2.83434	-1.35373
BLOCK00/SES001/SA001S24	SES062	-1.47911	-3.25693	-1.77782
BLOCK00/SES001/SA001S24	SES082	-0.509704	-2.28753	-1.77782
BLOCK00/SES001/SA001S24	SES087	-1.41447	-3.19229	-1.77782
BLOCK00/SES001/SA001S24	SES206	-1.17493	-2.95275	-1.77782
BLOCK00/SES001/SA001S27	SES062	-1.06356	-1.73884	-0.675282
BLOCK00/SES001/SA001S27	SES082	-1.15388	-1.82916	-0.675282
BLOCK00/SES001/SA001S27	SES087	-0.668182	-1.34346	-0.675282
BLOCK00/SES001/SA001S27	SES206	-1.13484	-1.81012	-0.675282
BLOCK00/SES001/SA001S29	SES062	-1.59199	-3.07792	-1.48593
BLOCK00/SES001/SA001S29	SES082	-0.831364	-2.3173	-1.48593
BLOCK00/SES001/SA001S29	SES158	-0.98048	-2.46641	-1.48593
BLOCK00/SES001/SA001S29	SES206	-1.40801	-2.89394	-1.48593
BLOCK00/SES003/SA003S11	SES002	-0.361488	-2.33504	-1.97355
BLOCK00/SES003/SA003S11	SES019	-1.34937	-3.32292	-1.97355
BLOCK00/SES003/SA003S11	SES082	-0.388155	-2.36171	-1.97355
BLOCK00/SES003/SA003S11	SES125	-1.38833	-3.36188	-1.97355
BLOCK00/SES003/SA003S15	SES016	-1.75719	-2.44029	-0.683102
BLOCK00/SES003/SA003S15	SES019	-2.07873	-2.76183	-0.683102
BLOCK00/SES003/SA003S15	SES062	-0.253639	-0.936741	-0.683102
BLOCK00/SES003/SA003S15	SES206	-0.869237	-1.55234	-0.683102
BLOCK00/SES003/SA003S22	SES002	-0.342662	-1.76394	-1.42127
BLOCK00/SES003/SA003S22	SES062	-0.429304	-1.85058	-1.42127
BLOCK00/SES003/SA003S22	SES082	-1.04265	-2.46392	-1.42127
BLOCK00/SES003/SA003S22	SES087	-1.12804	-2.54932	-1.42127
BLOCK00/SES003/SA003S25	SES062	-2.05793	-4.30543	-2.2475
BLOCK00/SES003/SA003S25	SES082	-1.18923	-3.43673	-2.2475
BLOCK00/SES003/SA003S25	SES087	-1.19738	-3.44488	-2.2475
BLOCK00/SES003/SA003S25	SES206	-1.64205	-3.88955	-2.2475
BLOCK00/SES003/SA003S29	SES002	-1.13273	-2.8277	-1.69497
BLOCK00/SES003/SA003S29	SES062	-1.54871	-3.24368	-1.69497
BLOCK00/SES003/SA003S29	SES082	-1.06058	-2.75556	-1.69497
BLOCK00/SES003/SA003S29	SES087	-1.94601	-3.64098	-1.69497
BLOCK00/SES004/SA004S12	SES083	-1.45694	-2.44976	-0.992816
BLOCK00/SES004/SA004S12	SES148	-1.17319	-2.16601	-0.992816
BLOCK00/SES004/SA004S12	SES172	0.204	-0.788816	-0.992816
BLOCK00/SES004/SA004S12	SES292	-1.21419	-2.20701	-0.992816
BLOCK00/SES004/SA004S17	SES083	-1.10562	-2.23255	-1.12694
BLOCK00/SES004/SA004S17	SES162	-0.925942	-2.05288	-1.12694
BLOCK00/SES004/SA004S17	SES172	-0.166556	-1.29349	-1.12694
BLOCK00/SES004/SA004S17	SES292	-1.10771	-2.23465	-1.12694
BLOCK00/SES004/SA004S24	SES083	-1.15574	-1.98797	-0.832221
BLOCK00/SES004/SA004S24	SES148	-1.74815	-2.58037	-0.832221
BLOCK00/SES004/SA004S24	SES172	-0.0553959	-0.887617	-0.832221
BLOCK00/SES004/SA004S24	SES292	-1.11601	-1.94823	-0.832221
BLOCK00/SES004/SA004S26	SES083	-1.37874	-2.20584	-0.827101
BLOCK00/SES004/SA004S26	SES127	-1.3752	-2.2023	-0.827101
BLOCK00/SES004/SA004S26	SES148	-2.35747	-3.18457	-0.827101
BLOCK00/SES004/SA004S26	SES292	-1.62999	-2.45709	-0.827101
BLOCK00/SES004/SA004S28	SES083	-1.36654	-2.00791	-0.641368
BLOCK00/SES004/SA004S28	SES127	-0.937932	-1.5793	-0.641368
BLOCK00/SES004/SA004S28	SES187	-0.663187	-1.30456	-0.641368
BLOCK00/SES004/SA004S28	SES292	-1.65568	-2.29705	-0.641368
BLOCK00/SES006/SA006S10	SES014	-2.58057	-5.72232	-3.14175
BLOCK00/SES006/SA006S10	SES158	-2.03897	-5.18071	-3.14175
BLOCK00/SES006/SA006S10	SES226	-3.30863	-6.45038	-3.14175
BLOCK00/SES006/SA006S10	SES270	-1.38276	-4.52451	-3.14175
BLOCK00/SES006/SA006S11	SES158	-1.67681	-4.9627	-3.28589
BLOCK00/SES006/SA006S11	SES226	-2.00376	-5.28965	-3.28589
BLOCK00/SES006/SA006S11	SES270	-0.534505	-3.82039	-3.28589
BLOCK00/SES006/SA006S11	SES275	-1.95478	-5.24067	-3.28589
BLOCK00/SES006/SA006S23	SES062	-2.69686	-5.32706	-2.63019
BLOCK00/SES006/SA006S23	SES105	-2.61878	-5.24897	-2.63019
BLOCK00/SES006/SA006S23	SES158	-1.37977	-4.00997	-2.63019
BLOCK00/SES006/SA006S23	SES275	-1.81623	-4.44642	-2.63019
BLOCK00/SES006/SA006S26	SES104	-3.02589	-5.67601	-2.65011
BLOCK00/SES006/SA006S26	SES158	-1.64262	-4.29273	-2.65011
BLOCK00/SES006/SA006S26	SES270	-0.66414	-3.31425	-2.65011
BLOCK00/SES006/SA006S26	SES275	-1.80121	-4.45133	-2.65011
BLOCK00/SES006/SA006S28	SES007	-1.8732	-4.87019	-2.99699
BLOCK00/SES006/SA006S28	SES105	-2.42409	-5.42108	-2.99699
BLOCK00/SES006/SA006S28	SES158	-1.07281	-4.0698	-2.99699
BLOCK00/SES006/SA006S28	SES275	-1.84776	-4.84475	-2.99699
BLOCK00/SES009/SA009S12	SES083	-2.51529	-3.96853	-1.45324
BLOCK00/SES009/SA009S12	SES148	-2.21953	-3.67277	-1.45324
BLOCK00/SES009/SA009S12	SES177	-0.481648	-1.93489	-1.45324
BLOCK00/SES009/SA009S12	SES292	-1.26509	-2.71833	-1.45324
BLOCK00/SES009/SA009S15	SES007	-0.359755	-1.40387	-1.04411
BLOCK00/SES009/SA009S15	SES099	-2.4688	-3.51291	-1.04411
BLOCK00/SES009/SA009S15	SES148	-1.44215	-2.48626	-1.04411
BLOCK00/SES009/SA009S15	SES172	-0.699602	-1.74372	-1.04411
BLOCK00/SES009/SA009S24	SES146	-0.963227	-2.25609	-1.29287
BLOCK00/SES009/SA009S24	SES148	-1.92046	-3.21333	-1.29287
BLOCK00/SES009/SA009S24	SES177	-0.662756	-1.95562	-1.29287
BLOCK00/SES009/SA009S24	SES292	-1.39877	-2.69164	-1.29287
BLOCK00/SES009/SA009S26	SES083	-2.44947	-4.35115	-1.90169
BLOCK00/SES009/SA009S26	SES101	-2.21318	-4.11487	-1.90169
BLOCK00/SES009/SA009S26	SES120	-1.20543	-3.10711	-1.90169
BLOCK00/SES009/SA009S26	SES177	-0.676477	-2.57816	-1.90169
BLOCK00/SES009/SA009S29	SES083	-1.84098	-3.17369	-1.33271
BLOCK00/SES009/SA009S29	SES101	-1.54218	-2.87489	-1.33271
BLOCK00/SES009/SA009S29	SES177	-0.47863	-1.81134	-1.33271
BLOCK00/SES009/SA009S29	SES292	-1.03675	-2.36946	-1.33271
BLOCK01/SES011/SA011S10	SES019	-1.49437	-3.72308	-2.22871
BLOCK01/SES011/SA011S10	SES042	-0.236447	-2.46515	-2.22871
BLOCK01/SES011/SA011S10	SES082	-1.79899	-4.0277	-2.22871
BLOCK01/SES011/SA011S10	SES206	-1.07374	-3.30245	-2.22871
BLOCK01/SES011/SA011S11	SES019	-1.4393	-4.01219	-2.57289
BLOCK01/SES011/SA011S11	SES042	-0.197112	-2.77	-2.57289
BLOCK01/SES011/SA011S11	SES082	-0.973689	-3.54658	-2.57289
BLOCK01/SES011/SA011S11	SES206	-1.40929	-3.98218	-2.57289
BLOCK01/SES011/SA011S22	SES019	-1.35204	-3.882	-2.52996
BLOCK01/SES011/SA011S22	SES042	0.310883	-2.21908	-2.52996
BLOCK01/SES011/SA011S22	SES082	-1.70145	-4.23141	-2.52996
BLOCK01/SES011/SA011S22	SES206	-0.819702	-3.34966	-2.52996
BLOCK01/SES011/SA011S24	SES019	-1.43682	-3.35256	-1.91574
BLOCK01/SES011/SA011S24	SES042	0.520738	-1.395	-1.91574
BLOCK01/SES011/SA011S24	SES104	-1.20701	-3.12274	-1.91574
BLOCK01/SES011/SA011S24	SES206	-0.714718	-2.63046	-1.91574
BLOCK01/SES011/SA011S27	SES082	-0.362107	-2.19726	-1.83515
BLOCK01/SES011/SA011S27	SES087	-1.59609	-3.43125	-1.83515
BLOCK01/SES011/SA011S27	SES125	-1.07084	-2.90599	-1.83515
BLOCK01/SES011/SA011S27	SES206	-0.60606	-2.44121	-1.83515
BLOCK01/SES012/SA012S11	SES007	-0.501937	-1.5875	-1.08556
BLOCK01/SES012/SA012S11	SES082	-1.09136	-2.17693	-1.08556
BLOCK01/SES012/SA012S11	SES083	-1.30705	-2.39261	-1.08556
BLOCK01/SES012/SA012S11	SES206	-1.4099	-2.49546	-1.08556
BLOCK01/SES012/SA012S14	SES082	-0.296715	-1.97113	-1.67442
BLOCK01/SES012/SA012S14	SES087	-2.26073	-3.93515	-1.67442
BLOCK01/SES012/SA012S14	SES206	-1.22012	-2.89454	-1.67442
BLOCK01/SES012/SA012S14	SES292	-1.15705	-2.83146	-1.67442
BLOCK01/SES012/SA012S24	SES082	-1.11541	-3.72961	-2.6142
BLOCK01/SES012/SA012S24	SES087	-1.58377	-4.19797	-2.6142
BLOCK01/SES012/SA012S24	SES120	-1.72365	-4.33784	-2.6142
BLOCK01/SES012/SA012S24	SES206	-1.03693	-3.65113	-2.6142
BLOCK01/SES012/SA012S26	SES019	-3.69943	-5.34576	-1.64633
BLOCK01/SES012/SA012S26	SES082	-1.90834	-3.55468	-1.64633
BLOCK01/SES012/SA012S26	SES206	-0.8747	-2.52103	-1.64633
BLOCK01/SES012/SA012S26	SES292	-0.932238	-2.57857	-1.64633
BLOCK01/SES012/SA012S29	SES062	-1.14311	-2.30814	-1.16503
BLOCK01/SES012/SA012S29	SES082	-0.960044	-2.12507	-1.16503
BLOCK01/SES012/SA012S29	SES083	-1.81432	-2.97935	-1.16503
BLOCK01/SES012/SA012S29	SES206	-0.897509	-2.06254	-1.16503
BLOCK01/SES013/SA013S16	SES062	-2.43036	-4.81141	-2.38105
BLOCK01/SES013/SA013S16	SES106	-1.18482	-3.56587	-2.38105
BLOCK01/SES013/SA013S16	SES206	-1.24832	-3.62937	-2.38105
BLOCK01/SES013/SA013S16	SES226	-1.03414	-3.41519	-2.38105
BLOCK01/SES013/SA013S17	SES062	-1.98011	-3.55837	-1.57826
BLOCK01/SES013/SA013S17	SES106	-1.46491	-3.04317	-1.57826
BLOCK01/SES013/SA013S17	SES206	-1.16153	-2.73979	-1.57826
BLOCK01/SES013/SA013S17	SES226	-0.613873	-2.19214	-1.57826
BLOCK01/SES013/SA013S23	SES104	-1.87976	-4.34123	-2.46146
BLOCK01/SES013/SA013S23	SES106	-1.27973	-3.7412	-2.46146
BLOCK01/SES013/SA013S23	SES206	-1.77697	-4.23844	-2.46146
BLOCK01/SES013/SA013S23	SES270	-0.477758	-2.93922	-2.46146
BLOCK01/SES013/SA013S25	SES042	-2.54071	-4.72775	-2.18705
BLOCK01/SES013/SA013S25	SES104	-1.15722	-3.34427	-2.18705
BLOCK01/SES013/SA013S25	SES106	-0.610544	-2.79759	-2.18705
BLOCK01/SES013/SA013S25	SES206	-1.63739	-3.82443	-2.18705
BLOCK01/SES013/SA013S29	SES062	-2.96249	-4.99775	-2.03526
BLOCK01/SES013/SA013S29	SES104	-2.04439	-4.07965	-2.03526
BLOCK01/SES013/SA013S29	SES106	-0.879226	-2.91449	-2.03526
BLOCK01/SES013/SA013S29	SES206	-1.93312	-3.96838	-2.03526
BLOCK02/SES021/SA021S13	SES016	-1.40903	-2.69474	-1.28571
BLOCK02/SES021/SA021S13	SES029	-0.624674	-1.91039	-1.28571
BLOCK02/SES021/SA021S13	SES087	-1.93728	-3.22299	-1.28571
BLOCK02/SES021/SA021S13	SES206	-1.26376	-2.54947	-1.28571
BLOCK02/SES021/SA021S15	SES087	-1.03999	-2.12232	-1.08233
BLOCK02/SES021/SA021S15	SES125	-1.47543	-2.55776	-1.08233
BLOCK02/SES021/SA021S15	SES206	-0.879061	-1.96139	-1.08233
BLOCK02/SES021/SA021S15	SES226	-1.77011	-2.85244	-1.08233
BLOCK02/SES021/SA021S23	SES062	-2.14884	-4.02361	-1.87477
BLOCK02/SES021/SA021S23	SES087	-1.06161	-2.93638	-1.87477
BLOCK02/SES021/SA021S23	SES206	-1.53252	-3.40729	-1.87477
BLOCK02/SES021/SA021S23	SES226	-1.32044	-3.19521	-1.87477
BLOCK02/SES021/SA021S27	SES002	-0.699621	-1.54763	-0.84801
BLOCK02/SES021/SA021S27	SES016	-2.28859	-3.1366	-0.84801
BLOCK02/SES021/SA021S27	SES019	-1.42127	-2.26928	-0.84801
BLOCK02/SES021/SA021S27	SES062	-0.934686	-1.7827	-0.84801
BLOCK02/SES021/SA021S29	SES087	-1.301	-2.46003	-1.15904
BLOCK02/SES021/SA021S29	SES125	-1.48221	-2.64125	-1.15904
BLOCK02/SES021/SA021S29	SES206	-1.20458	-2.36362	-1.15904
BLOCK02/SES021/SA021S29	SES226	-2.03333	-3.19237	-1.15904
BLOCK04/SES043/SA043S09	SES083	-0.603495	-2.72684	-2.12335
BLOCK04/SES043/SA043S09	SES101	-0.923736	-3.04708	-2.12335
BLOCK04/SES043/SA043S09	SES144	-0.222295	-2.34564	-2.12335
BLOCK04/SES043/SA043S09	SES172	-1.12855	-3.2519	-2.12335
BLOCK04/SES043/SA043S11	SES083	-0.382828	-1.9259	-1.54307
BLOCK04/SES043/SA043S11	SES101	-0.740224	-2.2833	-1.54307
BLOCK04/SES043/SA043S11	SES144	-0.177389	-1.72046	-1.54307
BLOCK04/SES043/SA043S11	SES172	-0.96546	-2.50853	-1.54307
BLOCK04/SES043/SA043S23	SES083	-0.856828	-2.28092	-1.42409
BLOCK04/SES043/SA043S23	SES144	-0.197106	-1.6212	-1.42409
BLOCK04/SES043/SA043S23	SES177	-0.905656	-2.32975	-1.42409
BLOCK04/SES043/SA043S23	SES275	-0.876323	-2.30042	-1.42409
BLOCK04/SES043/SA043S26	SES083	-0.758226	-2.62683	-1.86861
BLOCK04/SES043/SA043S26	SES101	-0.92825	-2.79685	-1.86861
BLOCK04/SES043/SA043S26	SES144	-0.190272	-2.05888	-1.86861
BLOCK04/SES043/SA043S26	SES177	-0.991332	-2.85994	-1.86861
BLOCK04/SES043/SA043S28	SES016	-2.07317	-3.48282	-1.40965
BLOCK04/SES043/SA043S28	SES083	-0.267319	-1.67697	-1.40965
BLOCK04/SES043/SA043S28	SES101	-0.66722	-2.07687	-1.40965
BLOCK04/SES043/SA043S28	SES144	-0.412308	-1.82195	-1.40965
BLOCK04/SES044/SA044S10	SES127	-2.53192	-5.4551	-2.92318
BLOCK04/SES044/SA044S10	SES144	-0.115796	-3.03898	-2.92318
BLOCK04/SES044/SA044S10	SES147	-2.53616	-5.45934	-2.92318
BLOCK04/SES044/SA044S10	SES148	-2.40568	-5.32886	-2.92318
BLOCK04/SES044/SA044S11	SES101	-1.04374	-3.18243	-2.13869
BLOCK04/SES044/SA044S11	SES144	-0.0481882	-2.18688	-2.13869
BLOCK04/SES044/SA044S11	SES147	-1.5884	-3.72709	-2.13869
BLOCK04/SES044/SA044S11	SES177	-1.48308	-3.62177	-2.13869
BLOCK04/SES044/SA044S24	SES007	-1.47633	-3.16545	-1.68912
BLOCK04/SES044/SA044S24	SES101	-0.782171	-2.47129	-1.68912
BLOCK04/SES044/SA044S24	SES147	-1.73711	-3.42624	-1.68912
BLOCK04/SES044/SA044S24	SES177	-1.65537	-3.34449	-1.68912
BLOCK04/SES044/SA044S26	SES007	-1.09444	-2.85734	-1.76289
BLOCK04/SES044/SA044S26	SES016	-1.43661	-3.1995	-1.76289
BLOCK04/SES044/SA044S26	SES101	-0.838736	-2.60163	-1.76289
BLOCK04/SES044/SA044S26	SES147	-1.23549	-2.99838	-1.76289
BLOCK04/SES044/SA044S29	SES007	-1.84903	-2.93533	-1.0863
BLOCK04/SES044/SA044S29	SES101	-0.501727	-1.58803	-1.0863
BLOCK04/SES044/SA044S29	SES147	-2.03719	-3.1235	-1.0863
BLOCK04/SES044/SA044S29	SES177	-1.89887	-2.98517	-1.0863
BLOCK04/SES046/SA046S13	SES101	-0.580365	-2.26308	-1.68272
BLOCK04/SES046/SA046S13	SES144	-0.131025	-1.81374	-1.68272
BLOCK04/SES046/SA046S13	SES147	-1.54482	-3.22753	-1.68272
BLOCK04/SES046/SA046S13	SES177	-1.49408	-3.1768	-1.68272
BLOCK04/SES046/SA046S15	SES048	-0.539838	-1.29779	-0.757954
BLOCK04/SES046/SA046S15	SES083	-1.05985	-1.8178	-0.757954
BLOCK04/SES046/SA046S15	SES120	-2.20906	-2.96701	-0.757954
BLOCK04/SES046/SA046S15	SES148	-1.54547	-2.30343	-0.757954
BLOCK04/SES046/SA046S22	SES101	-0.575757	-2.10805	-1.5323
BLOCK04/SES046/SA046S22	SES144	-0.251971	-1.78427	-1.5323
BLOCK04/SES046/SA046S22	SES147	-1.80587	-3.33817	-1.5323
BLOCK04/SES046/SA046S22	SES172	-0.511487	-2.04378	-1.5323
BLOCK04/SES046/SA046S25	SES083	-0.594735	-2.39055	-1.79581
BLOCK04/SES046/SA046S25	SES127	-1.42684	-3.22265	-1.79581
BLOCK04/SES046/SA046S25	SES144	-1.10499	-2.9008	-1.79581
BLOCK04/SES046/SA046S25	SES148	-1.62691	-3.42273	-1.79581
BLOCK04/SES046/SA046S28	SES007	-1.42749	-3.05877	-1.63128
BLOCK04/SES046/SA046S28	SES105	-1.23323	-2.86451	-1.63128
BLOCK04/SES046/SA046S28	SES147	-0.663547	-2.29483	-1.63128
BLOCK04/SES046/SA046S28	SES148	-1.27602	-2.9073	-1.63128
BLOCK04/SES049/SA049S16	SES104	-0.964083	-3.44221	-2.47812
BLOCK04/SES049/SA049S16	SES106	-1.91171	-4.38983	-2.47812
BLOCK04/SES049/SA049S16	SES120	-1.5427	-4.02083	-2.47812
BLOCK04/SES049/SA049S16	SES206	-1.48845	-3.96658	-2.47812
BLOCK04/SES049/SA049S18	SES099	-1.09437	-4.32358	-3.22921
BLOCK04/SES049/SA049S18	SES104	-1.48928	-4.71849	-3.22921
BLOCK04/SES049/SA049S18	SES125	-1.75421	-4.98342	-3.22921
BLOCK04/SES049/SA049S18	SES206	-1.92372	-5.15293	-3.22921
BLOCK04/SES049/SA049S25	SES087	-2.07284	-5.25028	-3.17744
BLOCK04/SES049/SA049S25	SES104	-1.01034	-4.18778	-3.17744
BLOCK04/SES049/SA049S25	SES125	-1.53089	-4.70833	-3.17744
BLOCK04/SES049/SA049S25	SES206	-0.844806	-4.02225	-3.17744
BLOCK04/SES049/SA049S27	SES099	-0.109742	-2.77071	-2.66097
BLOCK04/SES049/SA049S27	SES104	0.0583057	-2.60267	-2.66097
BLOCK04/SES049/SA049S27	SES125	-1.96619	-4.62716	-2.66097
BLOCK04/SES049/SA049S27	SES206	-1.28578	-3.94675	-2.66097
BLOCK04/SES049/SA049S29	SES099	-0.352077	-2.46397	-2.11189
BLOCK04/SES049/SA049S29	SES104	-0.161856	-2.27375	-2.11189
BLOCK04/SES049/SA049S29	SES125	-1.02975	-3.14165	-2.11189
BLOCK04/SES049/SA049S29	SES206	-1.20053	-3.31242	-2.11189
BLOCK06/SES063/SA063S09	SES068	-1.05715	-2.89926	-1.8421
BLOCK06/SES063/SA063S09	SES083	-0.615147	-2.45725	-1.8421
BLOCK06/SES063/SA063S09	SES177	-0.81543	-2.65753	-1.8421
BLOCK06/SES063/SA063S09	SES187	-1.16161	-3.00372	-1.8421
BLOCK06/SES063/SA063S10	SES068	-1.93712	-3.97111	-2.03398
BLOCK06/SES063/SA063S10	SES083	-0.587054	-2.62104	-2.03398
BLOCK06/SES063/SA063S10	SES172	-0.686996	-2.72098	-2.03398
BLOCK06/SES063/SA063S10	SES187	-0.676863	-2.71085	-2.03398
BLOCK06/SES063/SA063S20	SES068	-1.74044	-3.36928	-1.62885
BLOCK06/SES063/SA063S20	SES083	-0.355966	-1.98481	-1.62885
BLOCK06/SES063/SA063S20	SES172	-0.955287	-2.58413	-1.62885
BLOCK06/SES063/SA063S20	SES187	-0.609831	-2.23868	-1.62885
BLOCK06/SES063/SA063S24	SES029	-0.453453	-1.78557	-1.33211
BLOCK06/SES063/SA063S24	SES083	0.267864	-1.06425	-1.33211
BLOCK06/SES063/SA063S24	SES177	-0.818901	-2.15101	-1.33211
BLOCK06/SES063/SA063S24	SES189	-0.303914	-1.63603	-1.33211
BLOCK06/SES063/SA063S27	SES083	-0.395077	-2.17181	-1.77674
BLOCK06/SES063/SA063S27	SES172	-1.37928	-3.15602	-1.77674
BLOCK06/SES063/SA063S27	SES187	-0.679173	-2.45591	-1.77674
BLOCK06/SES063/SA063S27	SES292	-1.33306	-3.1098	-1.77674
BLOCK06/SES067/SA067S12	SES083	-1.09222	-2.01141	-0.919191
BLOCK06/SES067/SA067S12	SES172	-1.37789	-2.29708	-0.919191
BLOCK06/SES067/SA067S12	SES202	-0.588829	-1.50802	-0.919191
BLOCK06/SES067/SA067S12	SES292	-1.72809	-2.64728	-0.919191
BLOCK06/SES067/SA067S14	SES085	-1.099	-1.49299	-0.393996
BLOCK06/SES067/SA067S14	SES177	-1.30911	-1.70311	-0.393996
BLOCK06/SES067/SA067S14	SES183	-0.135906	-0.529901	-0.393996
BLOCK06/SES067/SA067S14	SES202	-0.828428	-1.22242	-0.393996
BLOCK06/SES067/SA067S21	SES144	-0.70831	-1.75137	-1.04305
BLOCK06/SES067/SA067S21	SES177	-0.629429	-1.67248	-1.04305
BLOCK06/SES067/SA067S21	SES183	-0.407179	-1.45023	-1.04305
BLOCK06/SES067/SA067S21	SES189	-1.16455	-2.2076	-1.04305
BLOCK06/SES067/SA067S25	SES085	-1.4348	-2.56133	-1.12653
BLOCK06/SES067/SA067S25	SES177	-1.17855	-2.30508	-1.12653
BLOCK06/SES067/SA067S25	SES183	-1.00897	-2.1355	-1.12653
BLOCK06/SES067/SA067S25	SES202	-1.42934	-2.55587	-1.12653
BLOCK06/SES067/SA067S29	SES085	-2.14973	-3.45462	-1.30489
BLOCK06/SES067/SA067S29	SES177	-1.62923	-2.93412	-1.30489
BLOCK06/SES067/SA067S29	SES183	-0.8004	-2.10529	-1.30489
BLOCK06/SES067/SA067S29	SES202	-0.82369	-2.12858	-1.30489
BLOCK06/SES069/SA069S12	SES029	-1.76379	-3.27699	-1.5132
BLOCK06/SES069/SA069S12	SES082	-0.82928	-2.34248	-1.5132
BLOCK06/SES069/SA069S12	SES087	-1.38777	-2.90097	-1.5132
BLOCK06/SES069/SA069S12	SES206	-0.810337	-2.32354	-1.5132
BLOCK06/SES069/SA069S13	SES029	-2.59442	-3.79102	-1.1966
BLOCK06/SES069/SA069S13	SES087	-1.11609	-2.31269	-1.1966
BLOCK06/SES069/SA069S13	SES206	-1.0653	-2.2619	-1.1966
BLOCK06/SES069/SA069S13	SES226	-0.679579	-1.87618	-1.1966
BLOCK06/SES069/SA069S23	SES029	-0.262499	-0.845588	-0.583089
BLOCK06/SES069/SA069S23	SES087	-0.0691099	-0.652199	-0.583089
BLOCK06/SES069/SA069S23	SES206	-1.46268	-2.04576	-0.583089
BLOCK06/SES069/SA069S23	SES226	-0.612854	-1.19594	-0.583089
BLOCK06/SES069/SA069S25	SES087	-1.27416	-2.09878	-0.824613
BLOCK06/SES069/SA069S25	SES206	-2.52658	-3.35119	-0.824613
BLOCK06/SES069/SA069S25	SES226	-0.953817	-1.77843	-0.824613
BLOCK06/SES069/SA069S25	SES270	-1.54793	-2.37254	-0.824613
BLOCK06/SES069/SA069S27	SES087	-1.71133	-3.15113	-1.43981
BLOCK06/SES069/SA069S27	SES206	-1.28443	-2.72424	-1.43981
BLOCK06/SES069/SA069S27	SES226	-0.625951	-2.06576	-1.43981
BLOCK06/SES069/SA069S27	SES270	-1.08981	-2.52962	-1.43981
BLOCK08/SES081/SA081S11	SES060	-1.64648	-2.93521	-1.28873
BLOCK08/SES081/SA081S11	SES062	-1.14172	-2.43045	-1.28873
BLOCK08/SES081/SA081S11	SES117	-2.77786	-4.06659	-1.28873
BLOCK08/SES081/SA081S11	SES162	-2.27573	-3.56446	-1.28873
BLOCK08/SES081/SA081S13	SES016	-0.575732	-1.52013	-0.944396
BLOCK08/SES081/SA081S13	SES060	-0.22078	-1.16518	-0.944396
BLOCK08/SES081/SA081S13	SES068	-0.722658	-1.66705	-0.944396
BLOCK08/SES081/SA081S13	SES129	-1.82359	-2.76798	-0.944396
BLOCK08/SES081/SA081S24	SES060	-0.316626	-1.49941	-1.18279
BLOCK08/SES081/SA081S24	SES068	-0.399619	-1.58241	-1.18279
BLOCK08/SES081/SA081S24	SES117	-1.89591	-3.0787	-1.18279
BLOCK08/SES081/SA081S24	SES275	-1.198	-2.38078	-1.18279
BLOCK08/SES081/SA081S27	SES007	-0.806416	-2.24362	-1.4372
BLOCK08/SES081/SA081S27	SES060	-1.0405	-2.4777	-1.4372
BLOCK08/SES081/SA081S27	SES117	-1.12653	-2.56373	-1.4372
BLOCK08/SES081/SA081S27	SES275	-1.23482	-2.67202	-1.4372
BLOCK08/SES081/SA081S29	SES007	-0.553613	-1.93211	-1.3785
BLOCK08/SES081/SA081S29	SES060	-0.410373	-1.78887	-1.3785
BLOCK08/SES081/SA081S29	SES117	-1.51488	-2.89338	-1.3785
BLOCK08/SES081/SA081S29	SES275	-1.22877	-2.60727	-1.3785
BLOCK08/SES086/SA086S11	SES029	-2.47829	-4.93936	-2.46107
BLOCK08/SES086/SA086S11	SES082	-1.77961	-4.24067	-2.46107
BLOCK08/SES086/SA086S11	SES087	-0.797835	-3.2589	-2.46107
BLOCK08/SES086/SA086S11	SES206	-1.54551	-4.00658	-2.46107
BLOCK08/SES086/SA086S12	SES029	-1.37454	-3.07343	-1.69889
BLOCK08/SES086/SA086S12	SES082	-2.05384	-3.75273	-1.69889
BLOCK08/SES086/SA086S12	SES087	-0.174809	-1.8737	-1.69889
BLOCK08/SES086/SA086S12	SES206	-1.19398	-2.89288	-1.69889
BLOCK08/SES086/SA086S20	SES029	-2.00361	-3.15738	-1.15377
BLOCK08/SES086/SA086S20	SES082	-2.08767	-3.24144	-1.15377
BLOCK08/SES086/SA086S20	SES087	-0.0520617	-1.20583	-1.15377
BLOCK08/SES086/SA086S20	SES206	-0.920901	-2.07467	-1.15377
BLOCK08/SES086/SA086S24	SES087	-0.387183	-2.74803	-2.36085
BLOCK08/SES086/SA086S24	SES104	-1.69017	-4.05101	-2.36085
BLOCK08/SES086/SA086S24	SES120	-1.69696	-4.05781	-2.36085
BLOCK08/SES086/SA086S24	SES206	-0.282312	-2.64316	-2.36085
BLOCK08/SES086/SA086S28	SES029	-1.87121	-3.43573	-1.56453
BLOCK08/SES086/SA086S28	SES082	-1.33583	-2.90035	-1.56453
BLOCK08/SES086/SA086S28	SES087	-0.409516	-1.97404	-1.56453
BLOCK08/SES086/SA086S28	SES206	-1.02421	-2.58873	-1.56453
BLOCK08/SES089/SA089S13	SES087	-1.33969	-3.26431	-1.92462
BLOCK08/SES089/SA089S13	SES206	-1.80136	-3.72598	-1.92462
BLOCK08/SES089/SA089S13	SES226	-1.35477	-3.27939	-1.92462
BLOCK08/SES089/SA089S13	SES270	-2.34836	-4.27297	-1.92462
BLOCK08/SES089/SA089S14	SES062	-1.13114	-2.86999	-1.73886
BLOCK08/SES089/SA089S14	SES087	-0.343923	-2.08278	-1.73886
BLOCK08/SES089/SA089S14	SES206	-0.948682	-2.68754	-1.73886
BLOCK08/SES089/SA089S14	SES226	-1.21316	-2.95201	-1.73886
BLOCK08/SES089/SA089S23	SES087	-0.826644	-2.943	-2.11636
BLOCK08/SES089/SA089S23	SES206	-1.18024	-3.2966	-2.11636
BLOCK08/SES089/SA089S23	SES226	-1.43321	-3.54957	-2.11636
BLOCK08/SES089/SA089S23	SES270	-2.34535	-4.46171	-2.11636
BLOCK08/SES089/SA089S25	SES062	-1.33623	-3.0452	-1.70897
BLOCK08/SES089/SA089S25	SES087	-0.486557	-2.19553	-1.70897
BLOCK08/SES089/SA089S25	SES206	-2.13314	-3.84211	-1.70897
BLOCK08/SES089/SA089S25	SES226	-0.779976	-2.48895	-1.70897
BLOCK08/SES089/SA089S28	SES062	-0.98292	-2.78936	-1.80644
BLOCK08/SES089/SA089S28	SES087	-0.0268779	-1.83332	-1.80644
BLOCK08/SES089/SA089S28	SES206	-1.03209	-2.83853	-1.80644
BLOCK08/SES089/SA089S28	SES226	-0.585927	-2.39237	-1.80644
BLOCK09/SES097/SA097S11	SES099	0.158545	-1.95618	-2.11473
BLOCK09/SES097/SA097S11	SES125	-1.76965	-3.88438	-2.11473
BLOCK09/SES097/SA097S11	SES206	-0.828555	-2.94328	-2.11473
BLOCK09/SES097/SA097S11	SES226	-0.382521	-2.49725	-2.11473
BLOCK09/SES097/SA097S14	SES062	-1.53153	-3.74855	-2.21702
BLOCK09/SES097/SA097S14	SES099	-0.538427	-2.75544	-2.21702
BLOCK09/SES097/SA097S14	SES104	-0.853649	-3.07067	-2.21702
BLOCK09/SES097/SA097S14	SES206	-1.53007	-3.74709	-2.21702
BLOCK09/SES097/SA097S22	SES099	-0.289462	-2.73477	-2.44531
BLOCK09/SES097/SA097S22	SES206	-1.30859	-3.7539	-2.44531
BLOCK09/SES097/SA097S22	SES226	-1.08735	-3.53266	-2.44531
BLOCK09/SES097/SA097S22	SES270	-0.469536	-2.91484	-2.44531
BLOCK09/SES097/SA097S26	SES099	-0.376539	-2.67991	-2.30337
BLOCK09/SES097/SA097S26	SES120	-0.828404	-3.13178	-2.30337
BLOCK09/SES097/SA097S26	SES206	-1.2462	-3.54958	-2.30337
BLOCK09/SES097/SA097S26	SES226	-0.861969	-3.16534	-2.30337
BLOCK09/SES097/SA097S28	SES099	-0.274149	-2.57037	-2.29623
BLOCK09/SES097/SA097S28	SES120	-1.04376	-3.33999	-2.29623
BLOCK09/SES097/SA097S28	SES206	-1.83291	-4.12914	-2.29623
BLOCK09/SES097/SA097S28	SES226	-1.46687	-3.76309	-2.29623
BLOCK09/SES098/SA098S11	SES127	-1.6334	-2.97908	-1.34567
BLOCK09/SES098/SA098S11	SES144	-1.46329	-2.80897	-1.34567
BLOCK09/SES098/SA098S11	SES147	-1.1035	-2.44918	-1.34567
BLOCK09/SES098/SA098S11	SES148	-2.72416	-4.06984	-1.34567
BLOCK09/SES098/SA098S12	SES127	-2.33903	-4.75899	-2.41996
BLOCK09/SES098/SA098S12	SES144	-2.31367	-4.73363	-2.41996
BLOCK09/SES098/SA098S12	SES147	-1.45996	-3.87992	-2.41996
BLOCK09/SES098/SA098S12	SES189	-1.72395	-4.14392	-2.41996
BLOCK09/SES098/SA098S20	SES127	-2.83532	-4.72286	-1.88754
BLOCK09/SES098/SA098S20	SES147	-1.92454	-3.81208	-1.88754
BLOCK09/SES098/SA098S20	SES148	-2.99871	-4.88625	-1.88754
BLOCK09/SES098/SA098S20	SES292	-1.12435	-3.01189	-1.88754
BLOCK09/SES098/SA098S23	SES127	-1.60705	-3.00317	-1.39612
BLOCK09/SES098/SA098S23	SES147	-1.48988	-2.886	-1.39612
BLOCK09/SES098/SA098S23	SES187	-1.32195	-2.71807	-1.39612
BLOCK09/SES098/SA098S23	SES292	-0.827108	-2.22323	-1.39612
BLOCK09/SES098/SA098S27	SES127	-2.97695	-4.66119	-1.68424
BLOCK09/SES098/SA098S27	SES147	-2.93424	-4.61848	-1.68424
BLOCK09/SES098/SA098S27	SES148	-3.25913	-4.94337	-1.68424
BLOCK09/SES098/SA098S27	SES292	-0.980415	-2.66465	-1.68424
BLOCK10/SES102/SA102S13	SES101	-0.665871	-2.54742	-1.88154
BLOCK10/SES102/SA102S13	SES105	-0.970836	-2.85238	-1.88154
BLOCK10/SES102/SA102S13	SES120	-1.7279	-3.60944	-1.88154
BLOCK10/SES102/SA102S13	SES158	-1.51276	-3.3943	-1.88154
BLOCK10/SES102/SA102S14	SES007	-0.133965	-1.03496	-0.900999
BLOCK10/SES102/SA102S14	SES101	-0.116648	-1.01765	-0.900999
BLOCK10/SES102/SA102S14	SES105	-0.311206	-1.2122	-0.900999
BLOCK10/SES102/SA102S14	SES147	-2.4821	-3.3831	-0.900999
BLOCK10/SES102/SA102S22	SES007	-0.901887	-2.12474	-1.22285
BLOCK10/SES102/SA102S22	SES101	-0.551948	-1.7748	-1.22285
BLOCK10/SES102/SA102S22	SES105	-0.461554	-1.68441	-1.22285
BLOCK10/SES102/SA102S22	SES158	-1.54594	-2.76879	-1.22285
BLOCK10/SES102/SA102S25	SES007	-0.595008	-2.07574	-1.48073
BLOCK10/SES102/SA102S25	SES101	-0.0673932	-1.54812	-1.48073
BLOCK10/SES102/SA102S25	SES105	-1.05643	-2.53716	-1.48073
BLOCK10/SES102/SA102S25	SES147	-2.55342	-4.03415	-1.48073
BLOCK10/SES102/SA102S27	SES007	-0.792306	-2.24339	-1.45108
BLOCK10/SES102/SA102S27	SES101	-0.304728	-1.75581	-1.45108
BLOCK10/SES102/SA102S27	SES105	-1.2395	-2.69058	-1.45108
BLOCK10/SES102/SA102S27	SES147	-2.12999	-3.58107	-1.45108
BLOCK10/SES103/SA103S14	SES105	-1.9067	-4.40285	-2.49615
BLOCK10/SES103/SA103S14	SES106	-1.20572	-3.70187	-2.49615
BLOCK10/SES103/SA103S14	SES120	-2.05035	-4.5465	-2.49615
BLOCK10/SES103/SA103S14	SES206	-1.66209	-4.15824	-2.49615
BLOCK10/SES103/SA103S15	SES099	-1.84203	-4.98894	-3.14691
BLOCK10/SES103/SA103S15	SES101	-2.96969	-6.1166	-3.14691
BLOCK10/SES103/SA103S15	SES104	-1.35702	-4.50393	-3.14691
BLOCK10/SES103/SA103S15	SES125	-1.87309	-5.02	-3.14691
BLOCK10/SES103/SA103S24	SES104	-1.58822	-4.30494	-2.71672
BLOCK10/SES103/SA103S24	SES125	-2.17201	-4.88872	-2.71672
BLOCK10/SES103/SA103S24	SES148	-2.65908	-5.3758	-2.71672
BLOCK10/SES103/SA103S24	SES158	-1.3081	-4.02481	-2.71672
BLOCK10/SES103/SA103S26	SES104	-1.30767	-4.06891	-2.76123
BLOCK10/SES103/SA103S26	SES106	-0.866634	-3.62787	-2.76123
BLOCK10/SES103/SA103S26	SES125	-1.24463	-4.00587	-2.76123
BLOCK10/SES103/SA103S26	SES148	-3.27837	-6.03961	-2.76123
BLOCK10/SES103/SA103S28	SES104	-1.43851	-4.30714	-2.86863
BLOCK10/SES103/SA103S28	SES106	-0.897634	-3.76627	-2.86863
BLOCK10/SES103/SA103S28	SES125	-1.53396	-4.4026	-2.86863
BLOCK10/SES103/SA103S28	SES206	-2.49834	-5.36697	-2.86863
BLOCK12/SES121/SA121S12	SES042	-2.15933	-5.33463	-3.17529
BLOCK12/SES121/SA121S12	SES087	-1.22831	-4.4036	-3.17529
BLOCK12/SES121/SA121S12	SES105	-0.911977	-4.08727	-3.17529
BLOCK12/SES121/SA121S12	SES206	-1.10517	-4.28046	-3.17529
BLOCK12/SES121/SA121S14	SES007	-1.21793	-4.27309	-3.05516
BLOCK12/SES121/SA121S14	SES105	-1.86301	-4.91817	-3.05516
BLOCK12/SES121/SA121S14	SES106	-1.4527	-4.50786	-3.05516
BLOCK12/SES121/SA121S14	SES206	-1.34179	-4.39695	-3.05516
BLOCK12/SES121/SA121S23	SES105	-1.90051	-4.64546	-2.74495
BLOCK12/SES121/SA121S23	SES106	-1.01481	-3.75976	-2.74495
BLOCK12/SES121/SA121S23	SES120	-1.33712	-4.08207	-2.74495
BLOCK12/SES121/SA121S23	SES206	-0.220414	-2.96537	-2.74495
BLOCK12/SES121/SA121S25	SES007	-0.605596	-3.78124	-3.17565
BLOCK12/SES121/SA121S25	SES105	-2.03874	-5.21439	-3.17565
BLOCK12/SES121/SA121S25	SES106	-0.852735	-4.02838	-3.17565
BLOCK12/SES121/SA121S25	SES206	-1.30088	-4.47653	-3.17565
BLOCK12/SES121/SA121S27	SES087	-0.278506	-2.88968	-2.61117
BLOCK12/SES121/SA121S27	SES105	-2.79348	-5.40465	-2.61117
BLOCK12/SES121/SA121S27	SES120	-0.633973	-3.24515	-2.61117
BLOCK12/SES121/SA121S27	SES206	-0.251931	-2.86311	-2.61117
BLOCK12/SES124/SA124S16	SES042	-0.0365949	-1.5227	-1.4861
BLOCK12/SES124/SA124S16	SES082	-0.900551	-2.38666	-1.4861
BLOCK12/SES124/SA124S16	SES183	-1.17917	-2.66527	-1.4861
BLOCK12/SES124/SA124S16	SES206	-0.869722	-2.35583	-1.4861
BLOCK12/SES124/SA124S17	SES105	-1.07324	-3.34938	-2.27614
BLOCK12/SES124/SA124S17	SES149	-1.69379	-3.96993	-2.27614
BLOCK12/SES124/SA124S17	SES158	-2.71361	-4.98975	-2.27614
BLOCK12/SES124/SA124S17	SES275	-1.0928	-3.36894	-2.27614
BLOCK12/SES124/SA124S23	SES105	-2.13135	-2.97465	-0.843297
BLOCK12/SES124/SA124S23	SES125	0.0555438	-0.787753	-0.843297
BLOCK12/SES124/SA124S23	SES129	-1.91346	-2.75676	-0.843297
BLOCK12/SES124/SA124S23	SES158	-0.334509	-1.17781	-0.843297
BLOCK12/SES124/SA124S26	SES105	-1.59692	-3.17116	-1.57424
BLOCK12/SES124/SA124S26	SES125	-0.64	-2.21424	-1.57424
BLOCK12/SES124/SA124S26	SES129	-1.82969	-3.40393	-1.57424
BLOCK12/SES124/SA124S26	SES158	-1.29412	-2.86836	-1.57424
BLOCK12/SES124/SA124S28	SES104	-0.157128	-1.44029	-1.28316
BLOCK12/SES124/SA124S28	SES106	-0.859539	-2.1427	-1.28316
BLOCK12/SES124/SA124S28	SES125	-0.206668	-1.48983	-1.28316
BLOCK12/SES124/SA124S28	SES275	-1.56801	-2.85116	-1.28316
BLOCK12/SES126/SA126S13	SES007	-0.725098	-2.29716	-1.57206
BLOCK12/SES126/SA126S13	SES162	-1.63399	-3.20605	-1.57206
BLOCK12/SES126/SA126S13	SES177	-0.956272	-2.52834	-1.57206
BLOCK12/SES126/SA126S13	SES180	-1.23512	-2.80718	-1.57206
BLOCK12/SES126/SA126S14	SES144	-0.61806	-1.70546	-1.0874
BLOCK12/SES126/SA126S14	SES148	-1.52538	-2.61278	-1.0874
BLOCK12/SES126/SA126S14	SES177	-0.540961	-1.62836	-1.0874
BLOCK12/SES126/SA126S14	SES180	-1.24851	-2.33591	-1.0874
BLOCK12/SES126/SA126S20	SES007	-0.736533	-1.92597	-1.18944
BLOCK12/SES126/SA126S20	SES162	-1.61332	-2.80276	-1.18944
BLOCK12/SES126/SA126S20	SES172	-1.41458	-2.60402	-1.18944
BLOCK12/SES126/SA126S20	SES180	-1.43882	-2.62825	-1.18944
BLOCK12/SES126/SA126S24	SES120	-0.620257	-1.72558	-1.10533
BLOCK12/SES126/SA126S24	SES162	-1.52066	-2.62599	-1.10533
BLOCK12/SES126/SA126S24	SES177	-0.3503	-1.45563	-1.10533
BLOCK12/SES126/SA126S24	SES180	-0.957098	-2.06243	-1.10533
BLOCK12/SES126/SA126S26	SES120	-0.537114	-2.07872	-1.54161
BLOCK12/SES126/SA126S26	SES177	-1.05276	-2.59437	-1.54161
BLOCK12/SES126/SA126S26	SES180	-1.33817	-2.87978	-1.54161
BLOCK12/SES126/SA126S26	SES202	-1.82139	-3.363	-1.54161
BLOCK12/SES128/SA128S10	SES087	-2.49851	-4.33522	-1.83672
BLOCK12/SES128/SA128S10	SES206	-1.58818	-3.4249	-1.83672
BLOCK12/SES128/SA128S10	SES226	-1.26818	-3.1049	-1.83672
BLOCK12/SES128/SA128S10	SES270	-0.828406	-2.66512	-1.83672
BLOCK12/SES128/SA128S12	SES120	-1.07188	-2.81587	-1.74399
BLOCK12/SES128/SA128S12	SES158	-1.21612	-2.96011	-1.74399
BLOCK12/SES128/SA128S12	SES206	-0.968522	-2.71251	-1.74399
BLOCK12/SES128/SA128S12	SES226	-1.45042	-3.19441	-1.74399
BLOCK12/SES128/SA128S21	SES106	-1.57928	-3.9019	-2.32262
BLOCK12/SES128/SA128S21	SES120	-1.5417	-3.86432	-2.32262
BLOCK12/SES128/SA128S21	SES206	-1.75791	-4.08053	-2.32262
BLOCK12/SES128/SA128S21	SES226	-0.800922	-3.12354	-2.32262
BLOCK12/SES128/SA128S24	SES087	-1.40221	-3.51918	-2.11696
BLOCK12/SES128/SA128S24	SES120	-0.815091	-2.93205	-2.11696
BLOCK12/SES128/SA128S24	SES206	-0.577932	-2.6949	-2.11696
BLOCK12/SES128/SA128S24	SES226	-1.50049	-3.61745	-2.11696
BLOCK12/SES128/SA128S27	SES099	-0.593802	-1.86693	-1.27313
BLOCK12/SES128/SA128S27	SES120	-0.72212	-1.99525	-1.27313
BLOCK12/SES128/SA128S27	SES206	-0.748288	-2.02142	-1.27313
BLOCK12/SES128/SA128S27	SES226	-0.736124	-2.00925	-1.27313
BLOCK13/SES130/SA130S13	SES143	-0.268281	-2.0894	-1.82112
BLOCK13/SES130/SA130S13	SES144	-0.130619	-1.95174	-1.82112
BLOCK13/SES130/SA130S13	SES146	-1.36028	-3.1814	-1.82112
BLOCK13/SES130/SA130S13	SES275	-1.9153	-3.73642	-1.82112
BLOCK13/SES130/SA130S15	SES143	-1.11648	-2.19034	-1.07386
BLOCK13/SES130/SA130S15	SES144	-0.226262	-1.30013	-1.07386
BLOCK13/SES130/SA130S15	SES146	-1.01288	-2.08675	-1.07386
BLOCK13/SES130/SA130S15	SES275	-1.24359	-2.31745	-1.07386
BLOCK13/SES130/SA130S23	SES127	-1.27322	-3.00369	-1.73047
BLOCK13/SES130/SA130S23	SES144	-1.62579	-3.35627	-1.73047
BLOCK13/SES130/SA130S23	SES146	-1.07752	-2.80799	-1.73047
BLOCK13/SES130/SA130S23	SES162	-0.811337	-2.54181	-1.73047
BLOCK13/SES130/SA130S25	SES127	-0.909274	-2.08264	-1.17336
BLOCK13/SES130/SA130S25	SES144	-0.961655	-2.13502	-1.17336
BLOCK13/SES130/SA130S25	SES146	-1.00857	-2.18193	-1.17336
BLOCK13/SES130/SA130S25	SES275	-1.11738	-2.29075	-1.17336
BLOCK13/SES130/SA130S28	SES127	-0.969106	-2.59442	-1.62531
BLOCK13/SES130/SA130S28	SES144	-1.37954	-3.00485	-1.62531
BLOCK13/SES130/SA130S28	SES146	-0.688086	-2.3134	-1.62531
BLOCK13/SES130/SA130S28	SES275	-0.745635	-2.37095	-1.62531
BLOCK13/SES131/SA131S13	SES002	-2.4584	-6.00471	-3.54631
BLOCK13/SES131/SA131S13	SES007	-1.58374	-5.13005	-3.54631
BLOCK13/SES131/SA131S13	SES099	-1.09706	-4.64336	-3.54631
BLOCK13/SES131/SA131S13	SES105	-1.3793	-4.92561	-3.54631
BLOCK13/SES131/SA131S14	SES104	-0.969708	-2.30313	-1.33342
BLOCK13/SES131/SA131S14	SES106	-1.61254	-2.94596	-1.33342
BLOCK13/SES131/SA131S14	SES125	-1.09748	-2.4309	-1.33342
BLOCK13/SES131/SA131S14	SES148	-0.494318	-1.82774	-1.33342
BLOCK13/SES131/SA131S20	SES104	-1.44388	-4.18995	-2.74607
BLOCK13/SES131/SA131S20	SES106	-1.4204	-4.16647	-2.74607
BLOCK13/SES131/SA131S20	SES125	-1.69141	-4.43748	-2.74607
BLOCK13/SES131/SA131S20	SES148	-1.56293	-4.309	-2.74607
BLOCK13/SES131/SA131S22	SES099	-0.997721	-2.7699	-1.77218
BLOCK13/SES131/SA131S22	SES104	-0.93937	-2.71155	-1.77218
BLOCK13/SES131/SA131S22	SES125	-1.01331	-2.78549	-1.77218
BLOCK13/SES131/SA131S22	SES206	-1.33411	-3.10629	-1.77218
BLOCK13/SES131/SA131S29	SES087	-0.902181	-3.34751	-2.44533
BLOCK13/SES131/SA131S29	SES104	-2.04664	-4.49197	-2.44533
BLOCK13/SES131/SA131S29	SES125	-1.95637	-4.4017	-2.44533
BLOCK13/SES131/SA131S29	SES206	-1.43196	-3.87729	-2.44533
BLOCK13/SES132/SA132S11	SES083	-1.55234	-2.77064	-1.2183
BLOCK13/SES132/SA132S11	SES120	0.219679	-0.998624	-1.2183
BLOCK13/SES132/SA132S11	SES127	-1.37836	-2.59666	-1.2183
BLOCK13/SES132/SA132S11	SES275	-1.49058	-2.70889	-1.2183
BLOCK13/SES132/SA132S12	SES083	-0.925392	-1.96514	-1.03975
BLOCK13/SES132/SA132S12	SES143	-1.49417	-2.53392	-1.03975
BLOCK13/SES132/SA132S12	SES144	-0.409499	-1.44925	-1.03975
BLOCK13/SES132/SA132S12	SES148	-0.582909	-1.62266	-1.03975
BLOCK13/SES132/SA132S22	SES062	-0.783099	-2.14782	-1.36472
BLOCK13/SES132/SA132S22	SES083	-1.74316	-3.10787	-1.36472
BLOCK13/SES132/SA132S22	SES127	-1.22978	-2.5945	-1.36472
BLOCK13/SES132/SA132S22	SES275	-0.736859	-2.10158	-1.36472
BLOCK13/SES132/SA132S24	SES007	-0.630828	-1.44477	-0.813942
BLOCK13/SES132/SA132S24	SES083	-1.57878	-2.39272	-0.813942
BLOCK13/SES132/SA132S24	SES127	-1.94147	-2.75542	-0.813942
BLOCK13/SES132/SA132S24	SES275	-0.784645	-1.59859	-0.813942
BLOCK13/SES132/SA132S27	SES083	-2.27474	-4.18303	-1.90829
BLOCK13/SES132/SA132S27	SES120	0.0103818	-1.89791	-1.90829
BLOCK13/SES132/SA132S27	SES127	-2.1741	-4.08239	-1.90829
BLOCK13/SES132/SA132S27	SES275	-1.83686	-3.74515	-1.90829
BLOCK14/SES141/SA141S09	SES143	-1.0904	-2.10759	-1.01719
BLOCK14/SES141/SA141S09	SES144	-0.723616	-1.74081	-1.01719
BLOCK14/SES141/SA141S09	SES162	-1.26164	-2.27883	-1.01719
BLOCK14/SES141/SA141S09	SES180	-0.989081	-2.00627	-1.01719
BLOCK14/SES141/SA141S15	SES127	-1.31082	-2.54713	-1.23632
BLOCK14/SES141/SA141S15	SES144	-1.53944	-2.77576	-1.23632
BLOCK14/SES141/SA141S15	SES162	-2.16356	-3.39988	-1.23632
BLOCK14/SES141/SA141S15	SES180	-1.13431	-2.37063	-1.23632
BLOCK14/SES141/SA141S24	SES127	-1.04504	-2.15952	-1.11449
BLOCK14/SES141/SA141S24	SES144	-1.57267	-2.68716	-1.11449
BLOCK14/SES141/SA141S24	SES162	-1.59425	-2.70874	-1.11449
BLOCK14/SES141/SA141S24	SES183	-1.85722	-2.9717	-1.11449
BLOCK14/SES141/SA141S26	SES142	-0.365556	-1.92482	-1.55926
BLOCK14/SES141/SA141S26	SES144	-1.1584	-2.71767	-1.55926
BLOCK14/SES141/SA141S26	SES172	-0.489842	-2.04911	-1.55926
BLOCK14/SES141/SA141S26	SES180	-0.933374	-2.49264	-1.55926
BLOCK14/SES141/SA141S29	SES127	-0.387861	-1.58519	-1.19733
BLOCK14/SES141/SA141S29	SES142	0.175866	-1.02146	-1.19733
BLOCK14/SES141/SA141S29	SES144	-1.07492	-2.27224	-1.19733
BLOCK14/SES141/SA141S29	SES180	-0.719159	-1.91649	-1.19733
BLOCK15/SES157/SA157S08	SES083	-1.54631	-3.26732	-1.72102
BLOCK15/SES157/SA157S08	SES127	-0.945896	-2.66691	-1.72102
BLOCK15/SES157/SA157S08	SES148	-1.22005	-2.94107	-1.72102
BLOCK15/SES157/SA157S08	SES292	-1.9134	-3.63441	-1.72102
BLOCK15/SES157/SA157S11	SES083	-1.44594	-3.24254	-1.7966
BLOCK15/SES157/SA157S11	SES127	-1.33045	-3.12705	-1.7966
BLOCK15/SES157/SA157S11	SES148	-1.78941	-3.58601	-1.7966
BLOCK15/SES157/SA157S11	SES292	-1.61556	-3.41215	-1.7966
BLOCK15/SES157/SA157S21	SES127	-0.503953	-2.00939	-1.50543
BLOCK15/SES157/SA157S21	SES148	-0.0570129	-1.56245	-1.50543
BLOCK15/SES157/SA157S21	SES158	-3.58224	-5.08767	-1.50543
BLOCK15/SES157/SA157S21	SES292	-0.96352	-2.46895	-1.50543
BLOCK15/SES157/SA157S24	SES127	-0.96187	-2.63741	-1.67554
BLOCK15/SES157/SA157S24	SES148	-1.09801	-2.77355	-1.67554
BLOCK15/SES157/SA157S24	SES183	-1.53166	-3.2072	-1.67554
BLOCK15/SES157/SA157S24	SES292	-2.03403	-3.70957	-1.67554
BLOCK15/SES157/SA157S26	SES007	-0.813011	-2.07105	-1.25804
BLOCK15/SES157/SA157S26	SES127	-0.751765	-2.0098	-1.25804
BLOCK15/SES157/SA157S26	SES147	-1.36904	-2.62708	-1.25804
BLOCK15/SES157/SA157S26	SES148	-1.21192	-2.46996	-1.25804
BLOCK16/SES161/SA161S10	SES007	-1.07156	-3.62566	-2.5541
BLOCK16/SES161/SA161S10	SES105	-1.13878	-3.69288	-2.5541
BLOCK16/SES161/SA161S10	SES158	-1.62642	-4.18052	-2.5541
BLOCK16/SES161/SA161S10	SES275	-0.959015	-3.51311	-2.5541
BLOCK16/SES161/SA161S12	SES007	-1.53795	-3.43663	-1.89868
BLOCK16/SES161/SA161S12	SES105	-2.14529	-4.04398	-1.89868
BLOCK16/SES161/SA161S12	SES158	-1.47262	-3.3713	-1.89868
BLOCK16/SES161/SA161S12	SES275	-1.48237	-3.38106	-1.89868
BLOCK16/SES161/SA161S20	SES007	-1.45984	-4.14755	-2.68771
BLOCK16/SES161/SA161S20	SES105	-2.27862	-4.96633	-2.68771
BLOCK16/SES161/SA161S20	SES158	-1.04535	-3.73306	-2.68771
BLOCK16/SES161/SA161S20	SES275	-1.51223	-4.19994	-2.68771
BLOCK16/SES161/SA161S23	SES007	-1.79825	-3.81492	-2.01667
BLOCK16/SES161/SA161S23	SES105	-1.09121	-3.10788	-2.01667
BLOCK16/SES161/SA161S23	SES148	-1.18107	-3.19773	-2.01667
BLOCK16/SES161/SA161S23	SES158	-1.51626	-3.53293	-2.01667
BLOCK16/SES161/SA161S28	SES007	-1.53512	-3.07667	-1.54155
BLOCK16/SES161/SA161S28	SES105	-2.27333	-3.81488	-1.54155
BLOCK16/SES161/SA161S28	SES158	-0.83433	-2.37588	-1.54155
BLOCK16/SES161/SA161S28	SES206	-0.998611	-2.54016	-1.54155
BLOCK16/SES164/SA164S11	SES104	-1.09416	-3.46058	-2.36642
BLOCK16/SES164/SA164S11	SES125	-1.47635	-3.84277	-2.36642
BLOCK16/SES164/SA164S11	SES158	-0.79865	-3.16507	-2.36642
BLOCK16/SES164/SA164S11	SES206	-1.67299	-4.03941	-2.36642
BLOCK16/SES164/SA164S13	SES099	-1.50031	-4.24235	-2.74204
BLOCK16/SES164/SA164S13	SES104	-1.65459	-4.39663	-2.74204
BLOCK16/SES164/SA164S13	SES125	-2.4448	-5.18684	-2.74204
BLOCK16/SES164/SA164S13	SES206	-2.00794	-4.74998	-2.74204
BLOCK16/SES164/SA164S24	SES002	-0.598255	-2.77171	-2.17346
BLOCK16/SES164/SA164S24	SES099	-1.37225	-3.54571	-2.17346
BLOCK16/SES164/SA164S24	SES125	-2.44568	-4.61913	-2.17346
BLOCK16/SES164/SA164S24	SES226	0.375072	-1.79839	-2.17346
BLOCK16/SES164/SA164S27	SES087	-1.92281	-4.80324	-2.88042
BLOCK16/SES164/SA164S27	SES125	-2.03137	-4.91179	-2.88042
BLOCK16/SES164/SA164S27	SES206	-1.84527	-4.72569	-2.88042
BLOCK16/SES164/SA164S27	SES226	-0.610384	-3.4908	-2.88042
BLOCK16/SES164/SA164S29	SES002	-0.580345	-2.83092	-2.25057
BLOCK16/SES164/SA164S29	SES019	-1.59262	-3.84319	-2.25057
BLOCK16/SES164/SA164S29	SES125	-2.11364	-4.36422	-2.25057
BLOCK16/SES164/SA164S29	SES226	-0.824163	-3.07473	-2.25057
BLOCK16/SES169/SA169S13	SES117	-1.15408	-2.75633	-1.60225
BLOCK16/SES169/SA169S13	SES144	-0.517724	-2.11998	-1.60225
BLOCK16/SES169/SA169S13	SES146	-0.941383	-2.54364	-1.60225
BLOCK16/SES169/SA169S13	SES162	-0.95513	-2.55738	-1.60225
BLOCK16/SES169/SA169S14	SES144	-1.33707	-2.0559	-0.718834
BLOCK16/SES169/SA169S14	SES148	-1.18139	-1.90023	-0.718834
BLOCK16/SES169/SA169S14	SES177	-0.493331	-1.21216	-0.718834
BLOCK16/SES169/SA169S14	SES180	-1.21325	-1.93209	-0.718834
BLOCK16/SES169/SA169S24	SES117	-0.999191	-3.2358	-2.23661
BLOCK16/SES169/SA169S24	SES144	-0.584109	-2.82072	-2.23661
BLOCK16/SES169/SA169S24	SES146	-0.656352	-2.89297	-2.23661
BLOCK16/SES169/SA169S24	SES162	-0.841931	-3.07854	-2.23661
BLOCK16/SES169/SA169S27	SES127	-0.807989	-2.29218	-1.48419
BLOCK16/SES169/SA169S27	SES129	-0.72842	-2.21261	-1.48419
BLOCK16/SES169/SA169S27	SES144	-0.590832	-2.07502	-1.48419
BLOCK16/SES169/SA169S27	SES146	-0.242656	-1.72684	-1.48419
BLOCK16/SES169/SA169S29	SES144	-0.350251	-1.11251	-0.762256
BLOCK16/SES169/SA169S29	SES162	-0.488846	-1.2511	-0.762256
BLOCK16/SES169/SA169S29	SES177	-0.780672	-1.54293	-0.762256
BLOCK16/SES169/SA169S29	SES180	-0.917119	-1.67938	-0.762256
BLOCK17/SES171/SA171S12	SES083	-1.18813	-3.42353	-2.2354
BLOCK17/SES171/SA171S12	SES148	-1.59172	-3.82711	-2.2354
BLOCK17/SES171/SA171S12	SES172	-0.757808	-2.9932	-2.2354
BLOCK17/SES171/SA171S12	SES292	-2.48821	-4.72361	-2.2354
BLOCK17/SES171/SA171S15	SES148	-1.46586	-3.69401	-2.22815
BLOCK17/SES171/SA171S15	SES177	-0.832237	-3.06039	-2.22815
BLOCK17/SES171/SA171S15	SES180	-2.3338	-4.56196	-2.22815
BLOCK17/SES171/SA171S15	SES292	-1.62819	-3.85635	-2.22815
BLOCK17/SES171/SA171S22	SES007	-1.09467	-2.32033	-1.22566
BLOCK17/SES171/SA171S22	SES148	-1.4494	-2.67506	-1.22566
BLOCK17/SES171/SA171S22	SES177	-0.556349	-1.78201	-1.22566
BLOCK17/SES171/SA171S22	SES180	-2.08605	-3.31171	-1.22566
BLOCK17/SES171/SA171S25	SES101	-1.14181	-3.01167	-1.86986
BLOCK17/SES171/SA171S25	SES120	-2.23536	-4.10522	-1.86986
BLOCK17/SES171/SA171S25	SES177	-0.71377	-2.58363	-1.86986
BLOCK17/SES171/SA171S25	SES180	-1.59199	-3.46184	-1.86986
BLOCK17/SES171/SA171S27	SES177	-0.711584	-2.53444	-1.82286
BLOCK17/SES171/SA171S27	SES180	-2.35051	-4.17337	-1.82286
BLOCK17/SES171/SA171S27	SES189	-0.445063	-2.26792	-1.82286
BLOCK17/SES171/SA171S27	SES292	-1.63232	-3.45517	-1.82286
BLOCK17/SES173/SA173S13	SES162	-3.85963	-5.29312	-1.43348
BLOCK17/SES173/SA173S13	SES177	-1.4265	-2.85998	-1.43348
BLOCK17/SES173/SA173S13	SES180	-3.12239	-4.55588	-1.43348
BLOCK17/SES173/SA173S13	SES292	-0.462768	-1.89625	-1.43348
BLOCK17/SES173/SA173S14	SES007	-1.33827	-3.2116	-1.87332
BLOCK17/SES173/SA173S14	SES162	-2.98549	-4.85881	-1.87332
BLOCK17/SES173/SA173S14	SES177	-0.902353	-2.77567	-1.87332
BLOCK17/SES173/SA173S14	SES180	-2.54118	-4.41451	-1.87332
BLOCK17/SES173/SA173S24	SES144	-1.85351	-3.70562	-1.85211
BLOCK17/SES173/SA173S24	SES162	-2.67481	-4.52692	-1.85211
BLOCK17/SES173/SA173S24	SES177	-0.77442	-2.62653	-1.85211
BLOCK17/SES173/SA173S24	SES180	-2.77792	-4.63003	-1.85211
BLOCK17/SES173/SA173S27	SES162	-3.749	-5.1203	-1.37129
BLOCK17/SES173/SA173S27	SES177	-1.47059	-2.84188	-1.37129
BLOCK17/SES173/SA173S27	SES180	-2.33355	-3.70484	-1.37129
BLOCK17/SES173/SA173S27	SES292	-0.120585	-1.49188	-1.37129
BLOCK17/SES173/SA173S29	SES162	-2.80188	-4.29585	-1.49398
BLOCK17/SES173/SA173S29	SES175	-1.28501	-2.77899	-1.49398
BLOCK17/SES173/SA173S29	SES177	-0.779126	-2.2731	-1.49398
BLOCK17/SES173/SA173S29	SES292	-1.57889	-3.07287	-1.49398
BLOCK18/SES182/SA182S10	SES144	-1.27532	-3.15297	-1.87765
BLOCK18/SES182/SA182S10	SES177	-0.996989	-2.87464	-1.87765
BLOCK18/SES182/SA182S10	SES180	-1.45059	-3.32824	-1.87765
BLOCK18/SES182/SA182S10	SES275	0.0410895	-1.83656	-1.87765
BLOCK18/SES182/SA182S12	SES144	-0.033793	-1.2186	-1.18481
BLOCK18/SES182/SA182S12	SES177	-0.516803	-1.70161	-1.18481
BLOCK18/SES182/SA182S12	SES180	-0.979101	-2.16391	-1.18481
BLOCK18/SES182/SA182S12	SES275	-0.0825884	-1.2674	-1.18481
BLOCK18/SES182/SA182S21	SES117	-1.6843	-3.98928	-2.30498
BLOCK18/SES182/SA182S21	SES144	-0.690949	-2.99593	-2.30498
BLOCK18/SES182/SA182S21	SES162	-0.740291	-3.04527	-2.30498
BLOCK18/SES182/SA182S21	SES180	-1.81359	-4.11857	-2.30498
BLOCK18/SES182/SA182S23	SES117	-1.56899	-3.90101	-2.33202
BLOCK18/SES182/SA182S23	SES144	-1.09032	-3.42233	-2.33202
BLOCK18/SES182/SA182S23	SES180	-2.36771	-4.69973	-2.33202
BLOCK18/SES182/SA182S23	SES275	-0.327505	-2.65952	-2.33202
BLOCK18/SES182/SA182S25	SES007	0.198647	-2.48079	-2.67944
BLOCK18/SES182/SA182S25	SES162	-0.429125	-3.10856	-2.67944
BLOCK18/SES182/SA182S25	SES177	-0.730918	-3.41036	-2.67944
BLOCK18/SES182/SA182S25	SES180	-1.87107	-4.55051	-2.67944
BLOCK18/SES184/SA184S12	SES177	-1.62946	-3.25419	-1.62472
BLOCK18/SES184/SA184S12	SES180	-1.74724	-3.37196	-1.62472
BLOCK18/SES184/SA184S12	SES189	-1.37487	-2.99959	-1.62472
BLOCK18/SES184/SA184S12	SES292	-0.893061	-2.51778	-1.62472
BLOCK18/SES184/SA184S13	SES101	-1.23225	-2.80569	-1.57344
BLOCK18/SES184/SA184S13	SES177	-1.1251	-2.69853	-1.57344
BLOCK18/SES184/SA184S13	SES180	-1.61068	-3.18412	-1.57344
BLOCK18/SES184/SA184S13	SES292	-1.82454	-3.39798	-1.57344
BLOCK18/SES184/SA184S22	SES177	-1.44792	-2.64781	-1.19989
BLOCK18/SES184/SA184S22	SES180	-1.21259	-2.41248	-1.19989
BLOCK18/SES184/SA184S22	SES189	-1.52082	-2.72071	-1.19989
BLOCK18/SES184/SA184S22	SES292	-1.45371	-2.6536	-1.19989
BLOCK18/SES184/SA184S25	SES101	-1.02961	-1.8524	-0.822786
BLOCK18/SES184/SA184S25	SES177	-1.58787	-2.41066	-0.822786
BLOCK18/SES184/SA184S25	SES180	-0.97778	-1.80057	-0.822786
BLOCK18/SES184/SA184S25	SES292	-0.851214	-1.674	-0.822786
BLOCK18/SES184/SA184S27	SES083	-0.777099	-2.53889	-1.76179
BLOCK18/SES184/SA184S27	SES177	-0.555045	-2.31684	-1.76179
BLOCK18/SES184/SA184S27	SES202	-0.793469	-2.55526	-1.76179
BLOCK18/SES184/SA184S27	SES292	-0.978966	-2.74076	-1.76179
BLOCK20/SES204/SA204S12	SES062	-0.545828	-1.36954	-0.823714
BLOCK20/SES204/SA204S12	SES083	-1.80206	-2.62578	-0.823714
BLOCK20/SES204/SA204S12	SES206	-0.682761	-1.50648	-0.823714
BLOCK20/SES204/SA204S12	SES226	-1.68545	-2.50917	-0.823714
BLOCK20/SES204/SA204S14	SES068	-0.619248	-0.880625	-0.261377
BLOCK20/SES204/SA204S14	SES087	-0.0131003	-0.274477	-0.261377
BLOCK20/SES204/SA204S14	SES206	-1.19831	-1.45969	-0.261377
BLOCK20/SES204/SA204S14	SES226	-1.96346	-2.22484	-0.261377
BLOCK20/SES204/SA204S22	SES068	-0.542117	-1.62715	-1.08503
BLOCK20/SES204/SA204S22	SES082	-1.36932	-2.45436	-1.08503
BLOCK20/SES204/SA204S22	SES083	-2.62415	-3.70919	-1.08503
BLOCK20/SES204/SA204S22	SES206	-0.810418	-1.89545	-1.08503
BLOCK20/SES204/SA204S25	SES062	-0.702051	-1.55108	-0.849025
BLOCK20/SES204/SA204S25	SES083	-2.37847	-3.2275	-0.849025
BLOCK20/SES204/SA204S25	SES206	-0.754941	-1.60397	-0.849025
BLOCK20/SES204/SA204S25	SES226	-1.38757	-2.23659	-0.849025
BLOCK20/SES204/SA204S27	SES068	-1.03846	-2.47359	-1.43513
BLOCK20/SES204/SA204S27	SES082	-1.62214	-3.05727	-1.43513
BLOCK20/SES204/SA204S27	SES087	-0.358274	-1.79341	-1.43513
BLOCK20/SES204/SA204S27	SES206	-1.33794	-2.77307	-1.43513
BLOCK20/SES207/SA207S10	SES127	-1.51077	-3.09959	-1.58882
BLOCK20/SES207/SA207S10	SES183	-1.40397	-2.99279	-1.58882
BLOCK20/SES207/SA207S10	SES189	-1.2811	-2.86992	-1.58882
BLOCK20/SES207/SA207S10	SES292	-1.28377	-2.87259	-1.58882
BLOCK20/SES207/SA207S11	SES127	-1.55218	-3.47997	-1.92779
BLOCK20/SES207/SA207S11	SES183	-1.53783	-3.46562	-1.92779
BLOCK20/SES207/SA207S11	SES187	-0.895625	-2.82341	-1.92779
BLOCK20/SES207/SA207S11	SES292	-0.801474	-2.72926	-1.92779
BLOCK20/SES207/SA207S25	SES068	-1.40311	-2.8557	-1.45259
BLOCK20/SES207/SA207S25	SES083	-1.23664	-2.68923	-1.45259
BLOCK20/SES207/SA207S25	SES127	-0.872962	-2.32555	-1.45259
BLOCK20/SES207/SA207S25	SES187	-0.790564	-2.24315	-1.45259
BLOCK20/SES207/SA207S27	SES127	-1.57677	-3.5312	-1.95443
BLOCK20/SES207/SA207S27	SES183	-1.64624	-3.60067	-1.95443
BLOCK20/SES207/SA207S27	SES187	-0.999407	-2.95384	-1.95443
BLOCK20/SES207/SA207S27	SES292	-1.61976	-3.57419	-1.95443
BLOCK20/SES207/SA207S29	SES083	-1.39764	-2.7178	-1.32016
BLOCK20/SES207/SA207S29	SES085	-1.40978	-2.72994	-1.32016
BLOCK20/SES207/SA207S29	SES172	-0.563623	-1.88378	-1.32016
BLOCK20/SES207/SA207S29	SES189	-1.44618	-2.76634	-1.32016
BLOCK22/SES221/SA221S12	SES068	-0.206275	-0.746074	-0.539799
BLOCK22/SES221/SA221S12	SES143	-1.99896	-2.53876	-0.539799
BLOCK22/SES221/SA221S12	SES175	-1.28232	-1.82212	-0.539799
BLOCK22/SES221/SA221S12	SES202	-1.07417	-1.61397	-0.539799
BLOCK22/SES221/SA221S15	SES085	-0.567844	-1.52495	-0.957103
BLOCK22/SES221/SA221S15	SES143	-2.28114	-3.23824	-0.957103
BLOCK22/SES221/SA221S15	SES175	-1.18254	-2.13964	-0.957103
BLOCK22/SES221/SA221S15	SES187	-1.47697	-2.43408	-0.957103
BLOCK22/SES221/SA221S23	SES068	-0.386066	-1.33027	-0.944203
BLOCK22/SES221/SA221S23	SES143	-1.96577	-2.90997	-0.944203
BLOCK22/SES221/SA221S23	SES175	-1.111	-2.05521	-0.944203
BLOCK22/SES221/SA221S23	SES189	-1.50907	-2.45327	-0.944203
BLOCK22/SES221/SA221S27	SES085	0.0755745	-0.741395	-0.816969
BLOCK22/SES221/SA221S27	SES143	-1.4702	-2.28717	-0.816969
BLOCK22/SES221/SA221S27	SES175	-0.812128	-1.6291	-0.816969
BLOCK22/SES221/SA221S27	SES189	-0.774298	-1.59127	-0.816969
BLOCK22/SES221/SA221S29	SES085	-0.0842961	-1.11137	-1.02707
BLOCK22/SES221/SA221S29	SES143	-1.2876	-2.31467	-1.02707
BLOCK22/SES221/SA221S29	SES175	-0.562858	-1.58993	-1.02707
BLOCK22/SES221/SA221S29	SES187	-1.39072	-2.41779	-1.02707
BLOCK22/SES223/SA223S11	SES143	-1.64852	-3.3813	-1.73278
BLOCK22/SES223/SA223S11	SES144	-2.37894	-4.11172	-1.73278
BLOCK22/SES223/SA223S11	SES175	-1.01916	-2.75194	-1.73278
BLOCK22/SES223/SA223S11	SES187	-2.03426	-3.76704	-1.73278
BLOCK22/SES223/SA223S13	SES068	-0.779687	-2.70076	-1.92107
BLOCK22/SES223/SA223S13	SES143	-2.26443	-4.1855	-1.92107
BLOCK22/SES223/SA223S13	SES146	-2.67363	-4.5947	-1.92107
BLOCK22/SES223/SA223S13	SES202	-2.72262	-4.64369	-1.92107
BLOCK22/SES223/SA223S22	SES143	-1.75226	-3.53793	-1.78567
BLOCK22/SES223/SA223S22	SES144	-2.60458	-4.39025	-1.78567
BLOCK22/SES223/SA223S22	SES175	-1.15463	-2.9403	-1.78567
BLOCK22/SES223/SA223S22	SES187	-1.49274	-3.27841	-1.78567
BLOCK22/SES223/SA223S25	SES068	-0.778597	-2.3637	-1.5851
BLOCK22/SES223/SA223S25	SES143	-1.65809	-3.24319	-1.5851
BLOCK22/SES223/SA223S25	SES175	-1.22188	-2.80698	-1.5851
BLOCK22/SES223/SA223S25	SES187	-2.00161	-3.58671	-1.5851
BLOCK22/SES223/SA223S27	SES143	-0.865831	-2.87448	-2.00865
BLOCK22/SES223/SA223S27	SES146	-1.82906	-3.83771	-2.00865
BLOCK22/SES223/SA223S27	SES187	-1.70684	-3.71549	-2.00865
BLOCK22/SES223/SA223S27	SES292	-0.388584	-2.39724	-2.00865
BLOCK27/SES273/SA273S12	SES099	-0.320254	-1.97553	-1.65527
BLOCK27/SES273/SA273S12	SES104	-0.662233	-2.3175	-1.65527
BLOCK27/SES273/SA273S12	SES125	-1.62085	-3.27612	-1.65527
BLOCK27/SES273/SA273S12	SES206	-0.763984	-2.41926	-1.65527
BLOCK27/SES273/SA273S13	SES099	-0.529163	-1.82928	-1.30012
BLOCK27/SES273/SA273S13	SES104	-0.916298	-2.21642	-1.30012
BLOCK27/SES273/SA273S13	SES206	-1.54181	-2.84193	-1.30012
BLOCK27/SES273/SA273S13	SES292	-1.36542	-2.66554	-1.30012
BLOCK27/SES273/SA273S21	SES099	-0.682062	-2.36499	-1.68293
BLOCK27/SES273/SA273S21	SES148	-2.28056	-3.96349	-1.68293
BLOCK27/SES273/SA273S21	SES149	-1.37028	-3.0532	-1.68293
BLOCK27/SES273/SA273S21	SES177	-1.77754	-3.46047	-1.68293
BLOCK27/SES273/SA273S25	SES104	-1.05694	-3.04967	-1.99273
BLOCK27/SES273/SA273S25	SES125	-2.23029	-4.22302	-1.99273
BLOCK27/SES273/SA273S25	SES158	-0.430534	-2.42326	-1.99273
BLOCK27/SES273/SA273S25	SES206	-0.835953	-2.82868	-1.99273
BLOCK27/SES273/SA273S27	SES099	-0.411804	-1.52448	-1.11267
BLOCK27/SES273/SA273S27	SES104	-0.858578	-1.97125	-1.11267
BLOCK27/SES273/SA273S27	SES149	-1.03963	-2.1523	-1.11267
BLOCK27/SES273/SA273S27	SES275	-1.21899	-2.33166	-1.11267
BLOCK27/SES274/SA274S10	SES105	-1.69109	-2.44865	-0.757561
BLOCK27/SES274/SA274S10	SES125	-1.46899	-2.22655	-0.757561
BLOCK27/SES274/SA274S10	SES129	-0.128804	-0.886365	-0.757561
BLOCK27/SES274/SA274S10	SES158	-2.77726	-3.53482	-0.757561
BLOCK27/SES274/SA274S11	SES105	-1.09622	-1.92164	-0.825414
BLOCK27/SES274/SA274S11	SES149	-1.36542	-2.19084	-0.825414
BLOCK27/SES274/SA274S11	SES158	-1.23248	-2.05789	-0.825414
BLOCK27/SES274/SA274S11	SES275	-0.377889	-1.2033	-0.825414
BLOCK27/SES274/SA274S21	SES105	-1.53223	-2.21637	-0.684136
BLOCK27/SES274/SA274S21	SES129	-0.495114	-1.17925	-0.684136
BLOCK27/SES274/SA274S21	SES149	-1.13582	-1.81996	-0.684136
BLOCK27/SES274/SA274S21	SES158	-2.90207	-3.58621	-0.684136
BLOCK27/SES274/SA274S24	SES105	-1.47374	-2.34187	-0.868126
BLOCK27/SES274/SA274S24	SES129	-0.0284114	-0.896537	-0.868126
BLOCK27/SES274/SA274S24	SES149	-1.51264	-2.38076	-0.868126
BLOCK27/SES274/SA274S24	SES158	-3.90214	-4.77027	-0.868126
BLOCK27/SES274/SA274S29	SES105	-1.43907	-2.55262	-1.11355
BLOCK27/SES274/SA274S29	SES106	-1.82536	-2.93891	-1.11355
BLOCK27/SES274/SA274S29	SES120	-0.958719	-2.07227	-1.11355
BLOCK27/SES274/SA274S29	SES275	-0.924409	-2.03796	-1.11355
BLOCK27/SES276/SA276S16	SES148	-1.20825	-2.21398	-1.00573
BLOCK27/SES276/SA276S16	SES172	-0.238815	-1.24455	-1.00573
BLOCK27/SES276/SA276S16	SES180	-1.80828	-2.81401	-1.00573
BLOCK27/SES276/SA276S16	SES292	-1.21562	-2.22135	-1.00573
BLOCK27/SES276/SA276S17	SES101	-1.11386	-2.65927	-1.54541
BLOCK27/SES276/SA276S17	SES177	-1.32283	-2.86824	-1.54541
BLOCK27/SES276/SA276S17	SES180	-1.49304	-3.03845	-1.54541
BLOCK27/SES276/SA276S17	SES292	-1.39596	-2.94137	-1.54541
BLOCK27/SES276/SA276S24	SES101	-0.639693	-1.56885	-0.929153
BLOCK27/SES276/SA276S24	SES177	-0.8611	-1.79025	-0.929153
BLOCK27/SES276/SA276S24	SES180	-1.74111	-2.67027	-0.929153
BLOCK27/SES276/SA276S24	SES292	-2.00151	-2.93066	-0.929153
BLOCK27/SES276/SA276S26	SES101	-1.66151	-2.80666	-1.14515
BLOCK27/SES276/SA276S26	SES177	-1.01967	-2.16482	-1.14515
BLOCK27/SES276/SA276S26	SES180	-0.402146	-1.5473	-1.14515
BLOCK27/SES276/SA276S26	SES292	-0.6364	-1.78155	-1.14515
BLOCK27/SES276/SA276S28	SES101	-0.419711	-1.25003	-0.83032
BLOCK27/SES276/SA276S28	SES177	-1.0502	-1.88052	-0.83032
BLOCK27/SES276/SA276S28	SES180	-0.157677	-0.987998	-0.83032
BLOCK27/SES276/SA276S28	SES292	-0.666228	-1.49655	-0.83032
BLOCK27/SES277/SA277S12	SES101	-0.523533	-2.82317	-2.29963
BLOCK27/SES277/SA277S12	SES177	-1.13078	-3.43042	-2.29963
BLOCK27/SES277/SA277S12	SES180	-2.09099	-4.39062	-2.29963
BLOCK27/SES277/SA277S12	SES292	-2.05479	-4.35442	-2.29963
BLOCK27/SES277/SA277S14	SES177	-1.07959	-3.73464	-2.65505
BLOCK27/SES277/SA277S14	SES180	-2.58711	-5.24216	-2.65505
BLOCK27/SES277/SA277S14	SES189	-0.49628	-3.15133	-2.65505
BLOCK27/SES277/SA277S14	SES292	-2.23334	-4.88839	-2.65505
BLOCK27/SES277/SA277S21	SES177	-0.337541	-2.13476	-1.79722
BLOCK27/SES277/SA277S21	SES180	-1.86951	-3.66673	-1.79722
BLOCK27/SES277/SA277S21	SES189	0.138631	-1.65859	-1.79722
BLOCK27/SES277/SA277S21	SES292	-2.05956	-3.85678	-1.79722
BLOCK27/SES277/SA277S24	SES144	-1.08069	-3.96775	-2.88705
BLOCK27/SES277/SA277S24	SES177	-1.02277	-3.90982	-2.88705
BLOCK27/SES277/SA277S24	SES180	-2.95144	-5.83849	-2.88705
BLOCK27/SES277/SA277S24	SES189	-0.338261	-3.22532	-2.88705
BLOCK27/SES277/SA277S29	SES177	-0.897039	-1.97552	-1.07848
BLOCK27/SES277/SA277S29	SES180	-1.7598	-2.83828	-1.07848
BLOCK27/SES277/SA277S29	SES202	-0.908364	-1.98685	-1.07848
BLOCK27/SES277/SA277S29	SES292	-1.66099	-2.73948	-1.07848
BLOCK27/SES279/SA279S09	SES120	-1.39193	-2.89442	-1.5025
BLOCK27/SES279/SA279S09	SES146	-1.73596	-3.23846	-1.5025
BLOCK27/SES279/SA279S09	SES206	-1.28736	-2.78986	-1.5025
BLOCK27/SES279/SA279S09	SES226	-2.18741	-3.68991	-1.5025
BLOCK27/SES279/SA279S10	SES099	-0.954855	-2.30716	-1.3523
BLOCK27/SES279/SA279S10	SES206	-1.23615	-2.58845	-1.3523
BLOCK27/SES279/SA279S10	SES226	-1.80811	-3.16041	-1.3523
BLOCK27/SES279/SA279S10	SES292	-0.555505	-1.9078	-1.3523
BLOCK27/SES279/SA279S20	SES099	-1.7942	-3.63827	-1.84407
BLOCK27/SES279/SA279S20	SES206	-0.6497	-2.49377	-1.84407
BLOCK27/SES279/SA279S20	SES226	-1.92586	-3.76993	-1.84407
BLOCK27/SES279/SA279S20	SES292	-0.394638	-2.23871	-1.84407
BLOCK27/SES279/SA279S26	SES099	-1.40693	-3.29614	-1.88921
BLOCK27/SES279/SA279S26	SES206	-0.879679	-2.76888	-1.88921
BLOCK27/SES279/SA279S26	SES226	-2.1214	-4.01061	-1.88921
BLOCK27/SES279/SA279S26	SES292	-0.733761	-2.62297	-1.88921
BLOCK27/SES279/SA279S28	SES099	-0.987186	-1.55925	-0.572066
BLOCK27/SES279/SA279S28	SES120	-0.750328	-1.32239	-0.572066
BLOCK27/SES279/SA279S28	SES177	-1.29726	-1.86933	-0.572066
BLOCK27/SES279/SA279S28	SES206	-1.0783	-1.65037	-0.572066
BLOCK29/SES290/SA290S12	SES162	-0.340163	-0.760165	-0.420002
BLOCK29/SES290/SA290S12	SES177	-0.353882	-0.773884	-0.420002
BLOCK29/SES290/SA290S12	SES180	-1.39756	-1.81756	-0.420002
BLOCK29/SES290/SA290S12	SES292	-1.35292	-1.77292	-0.420002
BLOCK29/SES290/SA290S13	SES007	-0.398283	-0.998525	-0.600242
BLOCK29/SES290/SA290S13	SES162	-1.61882	-2.21906	-0.600242
BLOCK29/SES290/SA290S13	SES177	-0.542279	-1.14252	-0.600242
BLOCK29/SES290/SA290S13	SES180	-0.868058	-1.4683	-0.600242
BLOCK29/SES290/SA290S22	SES177	-0.441701	-1.26921	-0.82751
BLOCK29/SES290/SA290S22	SES180	-0.991119	-1.81863	-0.82751
BLOCK29/SES290/SA290S22	SES202	-0.802662	-1.63017	-0.82751
BLOCK29/SES290/SA290S22	SES292	-0.821944	-1.64945	-0.82751
BLOCK29/SES290/SA290S25	SES162	-0.726606	-1.57114	-0.844539
BLOCK29/SES290/SA290S25	SES177	-0.689916	-1.53446	-0.844539
BLOCK29/SES290/SA290S25	SES180	-0.580947	-1.42549	-0.844539
BLOCK29/SES290/SA290S25	SES292	-0.582059	-1.4266	-0.844539
BLOCK29/SES290/SA290S29	SES177	-0.188126	-1.14324	-0.955115
BLOCK29/SES290/SA290S29	SES180	-0.491875	-1.44699	-0.955115
BLOCK29/SES290/SA290S29	SES275	-0.663239	-1.61835	-0.955115
BLOCK29/SES290/SA290S29	SES292	-0.466086	-1.4212	-0.955115
BLOCK29/SES291/SA291S11	SES105	-1.88663	-4.23205	-2.34542
BLOCK29/SES291/SA291S11	SES125	-0.913847	-3.25927	-2.34542
BLOCK29/SES291/SA291S11	SES158	-1.01772	-3.36315	-2.34542
BLOCK29/SES291/SA291S11	SES275	-1.74148	-4.0869	-2.34542
BLOCK29/SES291/SA291S12	SES158	0.313972	-1.61122	-1.9252
BLOCK29/SES291/SA291S12	SES226	-1.25002	-3.17521	-1.9252
BLOCK29/SES291/SA291S12	SES270	-0.206554	-2.13175	-1.9252
BLOCK29/SES291/SA291S12	SES275	-2.72438	-4.64957	-1.9252
BLOCK29/SES291/SA291S22	SES082	-0.844663	-2.60653	-1.76187
BLOCK29/SES291/SA291S22	SES158	-1.22097	-2.98284	-1.76187
BLOCK29/SES291/SA291S22	SES259	-1.46266	-3.22453	-1.76187
BLOCK29/SES291/SA291S22	SES275	-2.03427	-3.79614	-1.76187
BLOCK29/SES291/SA291S24	SES104	-0.0721657	-1.40946	-1.3373
BLOCK29/SES291/SA291S24	SES125	-0.404725	-1.74202	-1.3373
BLOCK29/SES291/SA291S24	SES158	-0.126749	-1.46404	-1.3373
BLOCK29/SES291/SA291S24	SES275	-2.17153	-3.50882	-1.3373
BLOCK29/SES291/SA291S27	SES158	-0.210612	-1.44112	-1.23051
BLOCK29/SES291/SA291S27	SES172	-2.41908	-3.64959	-1.23051
BLOCK29/SES291/SA291S27	SES275	-2.24579	-3.4763	-1.23051
BLOCK29/SES291/SA291S27	SES292	-0.69079	-1.9213	-1.23051
