BLOCK00/SES002/SA002S12	SES002	1.12603	-38.8125	-39.9385
BLOCK00/SES002/SA002S13	SES002	1.67616	-38.4511	-40.1272
BLOCK00/SES002/SA002S23	SES002	1.10874	-38.4406	-39.5493
BLOCK00/SES002/SA002S26	SES002	1.57544	-38.2835	-39.859
BLOCK00/SES002/SA002S28	SES002	0.928738	-38.6176	-39.5463
BLOCK00/SES007/SA007S14	SES007	0.730305	-38.2354	-38.9657
BLOCK00/SES007/SA007S15	SES007	0.236504	-39.3716	-39.6081
BLOCK00/SES007/SA007S24	SES007	0.244957	-39.2474	-39.4923
BLOCK00/SES007/SA007S27	SES007	0.155487	-40.0075	-40.163
BLOCK00/SES007/SA007S29	SES007	-0.000511169	-38.8258	-38.8253
BLOCK00/SES008/SA008S11	SES008	1.04054	-39.0592	-40.0997
BLOCK00/SES008/SA008S12	SES008	0.368599	-39.9069	-40.2755
BLOCK00/SES008/SA008S19	SES008	1.33429	-38.2518	-39.5861
BLOCK00/SES008/SA008S22	SES008	1.09885	-39.4014	-40.5003
BLOCK00/SES008/SA008S29	SES008	1.30755	-38.4465	-39.754
BLOCK01/SES014/SA014S10	SES014	1.6606	-38.3268	-39.9874
BLOCK01/SES014/SA014S12	SES014	2.36567	-36.648	-39.0137
BLOCK01/SES014/SA014S24	SES014	1.27235	-38.3116	-39.584
BLOCK01/SES014/SA014S26	SES014	1.85823	-36.6293	-38.4875
BLOCK01/SES014/SA014S28	SES014	2.36002	-36.5473	-38.9073
BLOCK01/SES016/SA016S12	SES016	0.955692	-40.4458	-41.4015
BLOCK01/SES016/SA016S13	SES016	1.03749	-39.3267	-40.3642
BLOCK01/SES016/SA016S22	SES016	0.712952	-39.8865	-40.5994
BLOCK01/SES016/SA016S25	SES016	1.33832	-37.4091	-38.7474
BLOCK01/SES016/SA016S27	SES016	1.37866	-37.8755	-39.2542
BLOCK01/SES019/SA019S13	SES019	2.50834	-39.0449	-41.5532
BLOCK01/SES019/SA019S14	SES019	1.84267	-39.0736	-40.9163
BLOCK01/SES019/SA019S22	SES019	2.54528	-38.7887	-41.334
BLOCK01/SES019/SA019S25	SES019	2.33619	-39.0833	-41.4195
BLOCK01/SES019/SA019S29	SES019	3.18241	-38.7018	-41.8842
BLOCK02/SES029/SA029S11	SES029	1.01211	-38.8001	-39.8122
BLOCK02/SES029/SA029S12	SES029	0.19656	-39.0391	-39.2356
BLOCK02/SES029/SA029S20	SES029	0.250271	-40.2409	-40.4912
BLOCK02/SES029/SA029S25	SES029	0.392204	-38.9753	-39.3675
BLOCK02/SES029/SA029S28	SES029	0.152321	-39.8916	-40.0439
BLOCK04/SES042/SA042S12	SES042	2.00755	-37.5308	-39.5383
BLOCK04/SES042/SA042S15	SES042	2.28532	-37.9107	-40.1961
BLOCK04/SES042/SA042S22	SES042	3.12032	-36.1562	-39.2765
BLOCK04/SES042/SA042S25	SES042	2.28933	-38.6561	-40.9454
BLOCK04/SES042/SA042S27	SES042	2.14296	-37.5886	-39.7316
BLOCK04/SES048/SA048S11	SES048	0.997559	-38.7087	-39.7063
BLOCK04/SES048/SA048S12	SES048	0.628899	-38.9537	-39.5826
BLOCK04/SES048/SA048S20	SES048	0.819675	-38.6392	-39.4588
BLOCK04/SES048/SA048S23	SES048	1.36912	-38.7837	-40.1529
BLOCK04/SES048/SA048S27	SES048	0.71059	-38.2775	-38.988
BLOCK06/SES060/SA060S11	SES060	1.47071	-38.2563	-39.7271
BLOCK06/SES060/SA060S12	SES060	-0.738613	-40.4717	-39.7331
BLOCK06/SES060/SA060S22	SES060	-0.620338	-40.8789	-40.2586
BLOCK06/SES060/SA060S24	SES060	0.712387	-38.7428	-39.4552
BLOCK06/SES060/SA060S28	SES060	0.659443	-37.5008	-38.1602
BLOCK06/SES062/SA062S10	SES062	0.426651	-38.9984	-39.4251
BLOCK06/SES062/SA062S11	SES062	1.20263	-38.2056	-39.4082
BLOCK06/SES062/SA062S21	SES062	1.4388	-36.4907	-37.9295
BLOCK06/SES062/SA062S26	SES062	0.282036	-38.0637	-38.3457
BLOCK06/SES062/SA062S29	SES062	0.945503	-37.6236	-38.5691
BLOCK06/SES068/SA068S14	SES068	0.32193	-39.2416	-39.5635
BLOCK06/SES068/SA068S15	SES068	1.00424	-37.9847	-38.9889
BLOCK06/SES068/SA068S23	SES068	0.535961	-39.5223	-40.0583
BLOCK06/SES068/SA068S27	SES068	1.1629	-38.0964	-39.2593
BLOCK06/SES068/SA068S29	SES068	0.529488	-38.9725	-39.5019
BLOCK08/SES082/SA082S12	SES082	0.905689	-40.0388	-40.9444
BLOCK08/SES082/SA082S14	SES082	0.511734	-40.1906	-40.7023
BLOCK08/SES082/SA082S21	SES082	0.79081	-39.4728	-40.2636
BLOCK08/SES082/SA082S24	SES082	0.959557	-38.9341	-39.8937
BLOCK08/SES082/SA082S28	SES082	0.732239	-39.5832	-40.3155
BLOCK08/SES083/SA083S14	SES083	-0.547497	-40.0614	-39.5139
BLOCK08/SES083/SA083S15	SES083	-0.0430756	-39.4088	-39.3657
BLOCK08/SES083/SA083S24	SES083	-0.0269737	-39.6684	-39.6415
BLOCK08/SES083/SA083S26	SES083	0.770813	-39.0566	-39.8274
BLOCK08/SES083/SA083S29	SES083	-0.155102	-39.3305	-39.1754
BLOCK08/SES085/SA085S10	SES085	0.16143	-39.2119	-39.3733
BLOCK08/SES085/SA085S13	SES085	0.228706	-39.6308	-39.8595
BLOCK08/SES085/SA085S22	SES085	-1.79512	-41.6026	-39.8074
BLOCK08/SES085/SA085S26	SES085	-0.616531	-39.9328	-39.3162
BLOCK08/SES085/SA085S28	SES085	0.487556	-39.1082	-39.5958
BLOCK08/SES087/SA087S15	SES087	1.39962	-39.0488	-40.4484
BLOCK08/SES087/SA087S16	SES087	1.64875	-38.7267	-40.3755
BLOCK08/SES087/SA087S24	SES087	1.39106	-39.0688	-40.4598
BLOCK08/SES087/SA087S26	SES087	1.48022	-37.7225	-39.2027
BLOCK08/SES087/SA087S29	SES087	1.40549	-38.8572	-40.2626
BLOCK09/SES099/SA099S15	SES099	0.953686	-39.4552	-40.4089
BLOCK09/SES099/SA099S16	SES099	1.20482	-39.1641	-40.3689
BLOCK09/SES099/SA099S24	SES099	1.23674	-38.5359	-39.7726
BLOCK09/SES099/SA099S26	SES099	0.964478	-38.8116	-39.776
BLOCK09/SES099/SA099S29	SES099	1.11251	-38.7381	-39.8506
BLOCK10/SES101/SA101S11	SES101	0.431599	-39.0694	-39.501
BLOCK10/SES101/SA101S13	SES101	0.863056	-38.4873	-39.3503
BLOCK10/SES101/SA101S22	SES101	0.702579	-39.47	-40.1726
BLOCK10/SES101/SA101S24	SES101	1.11127	-38.7972	-39.9084
BLOCK10/SES101/SA101S28	SES101	-0.0159302	-40.1295	-40.1136
BLOCK10/SES104/SA104S11	SES104	1.42779	-37.6824	-39.1102
BLOCK10/SES104/SA104S12	SES104	1.57446	-37.6536	-39.2281
BLOCK10/SES104/SA104S21	SES104	1.33186	-38.4727	-39.8045
BLOCK10/SES104/SA104S24	SES104	1.04638	-38.9322	-39.9786
BLOCK10/SES104/SA104S28	SES104	1.40365	-38.3699	-39.7736
BLOCK10/SES105/SA105S12	SES105	0.382702	-40.1984	-40.5811
BLOCK10/SES105/SA105S13	SES105	0.777905	-39.6338	-40.4118
BLOCK10/SES105/SA105S22	SES105	0.319328	-40.6902	-41.0095
BLOCK10/SES105/SA105S26	SES105	1.08563	-39.6251	-40.7107
BLOCK10/SES105/SA105S29	SES105	0.466537	-39.7563	-40.2228
BLOCK10/SES106/SA106S09	SES106	1.63667	-39.8184	-41.4551
BLOCK10/SES106/SA106S11	SES106	1.32638	-38.4697	-39.7961
BLOCK10/SES106/SA106S22	SES106	2.32082	-38.5912	-40.912
BLOCK10/SES106/SA106S27	SES106	1.36638	-38.646	-40.0124
BLOCK10/SES106/SA106S29	SES106	0.927105	-38.7705	-39.6976
BLOCK11/SES117/SA117S12	SES117	0.0918427	-39.8892	-39.9811
BLOCK11/SES117/SA117S13	SES117	0.325958	-39.5855	-39.9114
BLOCK11/SES117/SA117S23	SES117	1.39544	-39.9104	-41.3059
BLOCK11/SES117/SA117S25	SES117	0.698986	-40.2563	-40.9553
BLOCK11/SES117/SA117S28	SES117	1.14391	-39.8448	-40.9887
BLOCK12/SES120/SA120S08	SES120	1.06403	-40.5249	-41.5889
BLOCK12/SES120/SA120S11	SES120	0.287285	-41.8557	-42.143
BLOCK12/SES120/SA120S22	SES120	0.57011	-39.5932	-40.1633
BLOCK12/SES120/SA120S24	SES120	0.803917	-39.6055	-40.4094
BLOCK12/SES120/SA120S28	SES120	0.571869	-40.9511	-41.523
BLOCK12/SES125/SA125S13	SES125	1.79868	-37.8608	-39.6595
BLOCK12/SES125/SA125S14	SES125	1.10629	-38.8659	-39.9722
BLOCK12/SES125/SA125S25	SES125	1.9819	-38.1343	-40.1162
BLOCK12/SES125/SA125S27	SES125	1.79594	-37.4668	-39.2627
BLOCK12/SES125/SA125S29	SES125	1.43888	-38.2644	-39.7033
BLOCK12/SES127/SA127S11	SES127	0.902866	-39.0251	-39.928
BLOCK12/SES127/SA127S12	SES127	-0.730038	-39.9939	-39.2638
BLOCK12/SES127/SA127S23	SES127	0.206623	-39.5612	-39.7678
BLOCK12/SES127/SA127S25	SES127	-0.745701	-40.2612	-39.5155
BLOCK12/SES127/SA127S27	SES127	0.526299	-38.7272	-39.2535
BLOCK12/SES129/SA129S11	SES129	1.09368	-38.1696	-39.2633
BLOCK12/SES129/SA129S12	SES129	0.872387	-38.0243	-38.8967
BLOCK12/SES129/SA129S22	SES129	1.05774	-38.2965	-39.3542
BLOCK12/SES129/SA129S27	SES129	1.22001	-37.9631	-39.1831
BLOCK12/SES129/SA129S29	SES129	1.21507	-38.0255	-39.2405
BLOCK14/SES142/SA142S11	SES142	1.6054	-38.9147	-40.5201
BLOCK14/SES142/SA142S12	SES142	1.05492	-39.5329	-40.5878
BLOCK14/SES142/SA142S24	SES142	1.56189	-39.0739	-40.6358
BLOCK14/SES142/SA142S27	SES142	1.86188	-38.6367	-40.4986
BLOCK14/SES142/SA142S29	SES142	1.89938	-38.0648	-39.9642
BLOCK14/SES143/SA143S12	SES143	0.947872	-39.449	-40.3968
BLOCK14/SES143/SA143S13	SES143	0.647915	-39.801	-40.4489
BLOCK14/SES143/SA143S23	SES143	0.911484	-39.6634	-40.5748
BLOCK14/SES143/SA143S25	SES143	0.555553	-39.9551	-40.5106
BLOCK14/SES143/SA143S28	SES143	0.83086	-39.1927	-40.0236
BLOCK14/SES144/SA144S09	SES144	0.698093	-39.1938	-39.8918
BLOCK14/SES144/SA144S11	SES144	0.771824	-40.1294	-40.9012
BLOCK14/SES144/SA144S21	SES144	0.052906	-40.1064	-40.1593
BLOCK14/SES144/SA144S25	SES144	0.462257	-39.8803	-40.3425
BLOCK14/SES144/SA144S29	SES144	0.21067	-39.8923	-40.103
BLOCK14/SES146/SA146S14	SES146	0.366993	-40.2184	-40.5854
BLOCK14/SES146/SA146S15	SES146	0.149242	-39.8671	-40.0163
BLOCK14/SES146/SA146S24	SES146	0.564751	-39.6651	-40.2298
BLOCK14/SES146/SA146S26	SES146	0.781467	-39.9562	-40.7376
BLOCK14/SES146/SA146S29	SES146	0.536293	-40.5124	-41.0487
BLOCK14/SES147/SA147S11	SES147	1.4001	-39.1914	-40.5915
BLOCK14/SES147/SA147S13	SES147	1.46957	-38.4531	-39.9227
BLOCK14/SES147/SA147S23	SES147	0.962742	-39.6832	-40.646
BLOCK14/SES147/SA147S26	SES147	0.658192	-39.5819	-40.2401
BLOCK14/SES147/SA147S28	SES147	1.1927	-39.2	-40.3927
BLOCK14/SES148/SA148S10	SES148	0.814545	-38.8155	-39.6301
BLOCK14/SES148/SA148S12	SES148	0.378502	-39.9493	-40.3278
BLOCK14/SES148/SA148S22	SES148	0.726254	-38.3366	-39.0629
BLOCK14/SES148/SA148S26	SES148	0.545876	-39.0275	-39.5734
BLOCK14/SES148/SA148S29	SES148	0.517384	-39.6776	-40.195
BLOCK14/SES149/SA149S13	SES149	0.244919	-39.5213	-39.7662
BLOCK14/SES149/SA149S14	SES149	0.45533	-38.894	-39.3493
BLOCK14/SES149/SA149S24	SES149	1.51997	-38.2889	-39.8089
BLOCK14/SES149/SA149S26	SES149	1.62912	-37.9665	-39.5957
BLOCK14/SES149/SA149S28	SES149	1.99966	-36.9771	-38.9768
BLOCK15/SES158/SA158S13	SES158	1.01163	-39.4927	-40.5043
BLOCK15/SES158/SA158S14	SES158	1.75226	-39.0458	-40.7981
BLOCK15/SES158/SA158S23	SES158	1.01125	-39.1216	-40.1329
BLOCK15/SES158/SA158S26	SES158	1.60778	-38.8006	-40.4084
BLOCK15/SES158/SA158S28	SES158	0.936012	-39.4095	-40.3455
BLOCK16/SES162/SA162S10	SES162	0.657257	-40.3228	-40.9801
BLOCK16/SES162/SA162S11	SES162	0.813931	-39.1028	-39.9167
BLOCK16/SES162/SA162S21	SES162	1.4013	-38.9716	-40.3729
BLOCK16/SES162/SA162S24	SES162	0.857021	-39.5311	-40.3881
BLOCK16/SES162/SA162S27	SES162	1.14155	-39.6123	-40.7538
BLOCK16/SES167/SA167S14	SES167	0.828815	-38.3076	-39.1365
BLOCK16/SES167/SA167S15	SES167	1.31158	-38.8535	-40.1651
BLOCK16/SES167/SA167S21	SES167	1.10951	-38.0783	-39.1878
BLOCK16/SES167/SA167S25	SES167	1.38173	-38.6429	-40.0246
BLOCK16/SES167/SA167S29	SES167	1.82127	-37.4041	-39.2254
BLOCK17/SES172/SA172S12	SES172	0.844128	-39.4382	-40.2823
BLOCK17/SES172/SA172S13	SES172	1.34992	-39.0717	-40.4217
BLOCK17/SES172/SA172S23	SES172	0.299557	-38.5164	-38.816
BLOCK17/SES172/SA172S27	SES172	0.456345	-39.5132	-39.9695
BLOCK17/SES172/SA172S29	SES172	0.869736	-39.2334	-40.1032
BLOCK17/SES175/SA175S11	SES175	1.18227	-38.8781	-40.0604
BLOCK17/SES175/SA175S13	SES175	0.809017	-39.0719	-39.8809
BLOCK17/SES175/SA175S23	SES175	1.43374	-39.0759	-40.5096
BLOCK17/SES175/SA175S25	SES175	0.539665	-40.6957	-41.2354
BLOCK17/SES175/SA175S28	SES175	1.31127	-38.7346	-40.0459
BLOCK17/SES177/SA177S15	SES177	-0.197243	-39.8918	-39.6946
BLOCK17/SES177/SA177S17	SES177	0.264954	-39.551	-39.8159
BLOCK17/SES177/SA177S23	SES177	-0.0132256	-40.0878	-40.0745
BLOCK17/SES177/SA177S26	SES177	0.679882	-37.8529	-38.5328
BLOCK17/SES177/SA177S28	SES177	0.632591	-38.637	-39.2696
BLOCK18/SES180/SA180S13	SES180	0.438297	-39.5029	-39.9412
BLOCK18/SES180/SA180S15	SES180	0.674927	-39.5643	-40.2392
BLOCK18/SES180/SA180S24	SES180	0.794247	-38.128	-38.9223
BLOCK18/SES180/SA180S26	SES180	0.79248	-38.9847	-39.7772
BLOCK18/SES180/SA180S29	SES180	0.676193	-39.6587	-40.3349
BLOCK18/SES183/SA183S13	SES183	0.889618	-39.7165	-40.6061
BLOCK18/SES183/SA183S14	SES183	0.0376434	-40.3625	-40.4002
BLOCK18/SES183/SA183S24	SES183	0.738949	-40.0166	-40.7555
BLOCK18/SES183/SA183S27	SES183	0.933567	-39.4189	-40.3525
BLOCK18/SES183/SA183S29	SES183	0.768333	-39.2374	-40.0057
BLOCK18/SES187/SA187S13	SES187	0.472492	-40.5711	-41.0436
BLOCK18/SES187/SA187S14	SES187	0.501534	-40.1552	-40.6568
BLOCK18/SES187/SA187S24	SES187	1.08335	-39.4141	-40.4975
BLOCK18/SES187/SA187S27	SES187	0.890339	-39.3307	-40.221
BLOCK18/SES187/SA187S29	SES187	0.548985	-40.224	-40.773
BLOCK18/SES189/SA189S10	SES189	1.08383	-41.2182	-42.302
BLOCK18/SES189/SA189S13	SES189	1.48201	-41.2583	-42.7403
BLOCK18/SES189/SA189S24	SES189	1.39128	-40.5004	-41.8916
BLOCK18/SES189/SA189S26	SES189	0.879665	-40.4687	-41.3484
BLOCK18/SES189/SA189S29	SES189	1.36473	-40.1438	-41.5085
BLOCK20/SES202/SA202S12	SES202	0.933052	-40.2411	-41.1741
BLOCK20/SES202/SA202S14	SES202	2.27386	-38.6203	-40.8942
BLOCK20/SES202/SA202S24	SES202	1.2274	-39.3967	-40.6241
BLOCK20/SES202/SA202S27	SES202	1.49537	-38.0364	-39.5318
BLOCK20/SES202/SA202S29	SES202	1.86395	-38.0642	-39.9282
BLOCK20/SES206/SA206S15	SES206	0.0784569	-39.029	-39.1074
BLOCK20/SES206/SA206S17	SES206	1.35762	-37.9987	-39.3563
BLOCK20/SES206/SA206S24	SES206	1.4398	-37.8486	-39.2884
BLOCK20/SES206/SA206S27	SES206	1.58533	-38.5027	-40.0881
BLOCK20/SES206/SA206S29	SES206	1.34395	-37.7362	-39.0802
BLOCK22/SES226/SA226S12	SES226	1.27324	-39.2923	-40.5655
BLOCK22/SES226/SA226S13	SES226	-0.01474	-40.2009	-40.1862
BLOCK22/SES226/SA226S20	SES226	1.31954	-39.3196	-40.6392
BLOCK22/SES226/SA226S23	SES226	1.25727	-38.8071	-40.0643
BLOCK22/SES226/SA226S28	SES226	1.77771	-38.3126	-40.0903
BLOCK25/SES259/SA259S13	SES259	2.65454	-37.4459	-40.1004
BLOCK25/SES259/SA259S14	SES259	1.74306	-38.1803	-39.9234
BLOCK25/SES259/SA259S22	SES259	1.11848	-38.5622	-39.6807
BLOCK25/SES259/SA259S24	SES259	1.50123	-37.8663	-39.3676
BLOCK25/SES259/SA259S28	SES259	1.39171	-37.8696	-39.2613
BLOCK27/SES270/SA270S14	SES270	1.76924	-39.6376	-41.4068
BLOCK27/SES270/SA270S16	SES270	0.519211	-39.6112	-40.1305
BLOCK27/SES270/SA270S22	SES270	2.05816	-38.5962	-40.6544
BLOCK27/SES270/SA270S26	SES270	1.41754	-39.8763	-41.2938
BLOCK27/SES270/SA270S28	SES270	0.877045	-39.2773	-40.1543
BLOCK27/SES275/SA275S17	SES275	0.999588	-39.7319	-40.7315
BLOCK27/SES275/SA275S18	SES275	0.185226	-39.6762	-39.8614
BLOCK27/SES275/SA275S24	SES275	0.394165	-40.9052	-41.2994
BLOCK27/SES275/SA275S26	SES275	0.738426	-39.2474	-39.9859
BLOCK27/SES275/SA275S28	SES275	0.280617	-39.6252	-39.9058
BLOCK29/SES292/SA292S10	SES292	0.0144463	-40.0271	-40.0416
BLOCK29/SES292/SA292S12	SES292	-0.1936	-40.8686	-40.675
BLOCK29/SES292/SA292S22	SES292	0.721306	-38.7904	-39.5117
BLOCK29/SES292/SA292S24	SES292	0.380478	-39.221	-39.6015
BLOCK29/SES292/SA292S27	SES292	0.0608788	-39.1577	-39.2186
BLOCK00/SES001/SA001S14	SES062	-1.95725	-41.9954	-40.0382
BLOCK00/SES001/SA001S14	SES082	-1.46491	-41.5031	-40.0382
BLOCK00/SES001/SA001S14	SES106	-1.34703	-41.3852	-40.0382
BLOCK00/SES001/SA001S14	SES206	-1.34354	-41.3817	-40.0382
BLOCK00/SES001/SA001S15	SES062	-1.67934	-41.0665	-39.3872
BLOCK00/SES001/SA001S15	SES104	-1.51617	-40.9033	-39.3872
BLOCK00/SES001/SA001S15	SES106	-1.23743	-40.6246	-39.3872
BLOCK00/SES001/SA001S15	SES206	-0.64254	-40.0297	-39.3872
BLOCK00/SES001/SA001S24	SES062	-2.64142	-43.1486	-40.5072
BLOCK00/SES001/SA001S24	SES082	-1.60867	-42.1159	-40.5072
BLOCK00/SES001/SA001S24	SES087	-1.50623	-42.0135	-40.5072
BLOCK00/SES001/SA001S24	SES206	-0.856331	-41.3636	-40.5072
BLOCK00/SES001/SA001S27	SES062	-1.93521	-41.2625	-39.3273
BLOCK00/SES001/SA001S27	SES082	-2.17944	-41.5067	-39.3273
BLOCK00/SES001/SA001S27	SES087	-2.01749	-41.3448	-39.3273
BLOCK00/SES001/SA001S27	SES206	-2.21005	-41.5374	-39.3273
BLOCK00/SES001/SA001S29	SES062	-2.61046	-42.6656	-40.0551
BLOCK00/SES001/SA001S29	SES082	-0.909092	-40.9642	-40.0551
BLOCK00/SES001/SA001S29	SES158	-0.849861	-40.905	-40.0551
BLOCK00/SES001/SA001S29	SES206	-1.73574	-41.7908	-40.0551
BLOCK00/SES003/SA003S11	SES002	-0.710217	-41.0732	-40.363
BLOCK00/SES003/SA003S11	SES019	-0.797443	-41.1604	-40.363
BLOCK00/SES003/SA003S11	SES082	0.145416	-40.2175	-40.363
BLOCK00/SES003/SA003S11	SES125	-0.514824	-40.8778	-40.363
BLOCK00/SES003/SA003S15	SES016	-2.16737	-41.9999	-39.8325
BLOCK00/SES003/SA003S15	SES019	-1.15164	-40.9841	-39.8325
BLOCK00/SES003/SA003S15	SES062	-1.78165	-41.6141	-39.8325
BLOCK00/SES003/SA003S15	SES206	-1.06312	-40.8956	-39.8325
BLOCK00/SES003/SA003S22	SES002	-0.810375	-40.6498	-39.8394
BLOCK00/SES003/SA003S22	SES062	-0.793884	-40.6333	-39.8394
BLOCK00/SES003/SA003S22	SES082	-0.33075	-40.1702	-39.8394
BLOCK00/SES003/SA003S22	SES087	-0.769321	-40.6087	-39.8394
BLOCK00/SES003/SA003S25	SES062	-2.20185	-42.5705	-40.3686
BLOCK00/SES003/SA003S25	SES082	-0.184666	-40.5533	-40.3686
BLOCK00/SES003/SA003S25	SES087	-0.444298	-40.8129	-40.3686
BLOCK00/SES003/SA003S25	SES206	-0.715099	-41.0837	-40.3686
BLOCK00/SES003/SA003S29	SES002	-0.888367	-41.358	-40.4696
BLOCK00/SES003/SA003S29	SES062	-1.85653	-42.3261	-40.4696
BLOCK00/SES003/SA003S29	SES082	-0.14122	-40.6108	-40.4696
BLOCK00/SES003/SA003S29	SES087	-1.13941	-41.609	-40.4696
BLOCK00/SES004/SA004S12	SES083	-2.21864	-42.4841	-40.2655
BLOCK00/SES004/SA004S12	SES148	-2.26574	-42.5312	-40.2655
BLOCK00/SES004/SA004S12	SES172	-1.29177	-41.5573	-40.2655
BLOCK00/SES004/SA004S12	SES292	-2.0023	-42.2678	-40.2655
BLOCK00/SES004/SA004S17	SES083	-1.90013	-42.3711	-40.471
BLOCK00/SES004/SA004S17	SES162	-1.05974	-41.5308	-40.471
BLOCK00/SES004/SA004S17	SES172	-1.92366	-42.3947	-40.471
BLOCK00/SES004/SA004S17	SES292	-1.79145	-42.2625	-40.471
BLOCK00/SES004/SA004S24	SES083	-2.00607	-41.9063	-39.9002
BLOCK00/SES004/SA004S24	SES148	-2.10957	-42.0098	-39.9002
BLOCK00/SES004/SA004S24	SES172	-1.15021	-41.0504	-39.9002
BLOCK00/SES004/SA004S24	SES292	-1.05458	-40.9548	-39.9002
BLOCK00/SES004/SA004S26	SES083	-1.69213	-41.4777	-39.7856
BLOCK00/SES004/SA004S26	SES127	-1.50249	-41.2881	-39.7856
BLOCK00/SES004/SA004S26	SES148	-2.27086	-42.0564	-39.7856
BLOCK00/SES004/SA004S26	SES292	-1.5608	-41.3464	-39.7856
BLOCK00/SES004/SA004S28	SES083	-1.88443	-41.0831	-39.1987
BLOCK00/SES004/SA004S28	SES127	-1.74853	-40.9472	-39.1987
BLOCK00/SES004/SA004S28	SES187	-1.55336	-40.7521	-39.1987
BLOCK00/SES004/SA004S28	SES292	-2.13964	-41.3383	-39.1987
BLOCK00/SES006/SA006S10	SES014	-2.66224	-45.0147	-42.3524
BLOCK00/SES006/SA006S10	SES158	-0.559124	-42.9116	-42.3524
BLOCK00/SES006/SA006S10	SES226	-2.67205	-45.0245	-42.3524
BLOCK00/SES006/SA006S10	SES270	-0.0442123	-42.3966	-42.3524
BLOCK00/SES006/SA006S11	SES158	-0.497749	-42.7167	-42.2189
BLOCK00/SES006/SA006S11	SES226	-1.54714	-43.7661	-42.2189
BLOCK00/SES006/SA006S11	SES270	0.218597	-42.0003	-42.2189
BLOCK00/SES006/SA006S11	SES275	-2.36037	-44.5793	-42.2189
BLOCK00/SES006/SA006S23	SES062	-1.94353	-43.0318	-41.0883
BLOCK00/SES006/SA006S23	SES105	-1.97318	-43.0615	-41.0883
BLOCK00/SES006/SA006S23	SES158	-0.856556	-41.9449	-41.0883
BLOCK00/SES006/SA006S23	SES275	-1.73095	-42.8193	-41.0883
BLOCK00/SES006/SA006S26	SES104	-1.73853	-42.5694	-40.8309
BLOCK00/SES006/SA006S26	SES158	0.0159607	-40.8149	-40.8309
BLOCK00/SES006/SA006S26	SES270	0.631996	-40.1989	-40.8309
BLOCK00/SES006/SA006S26	SES275	-2.40252	-43.2334	-40.8309
BLOCK00/SES006/SA006S28	SES007	-1.68967	-43.4756	-41.7859
BLOCK00/SES006/SA006S28	SES105	-2.25778	-44.0437	-41.7859
BLOCK00/SES006/SA006S28	SES158	-0.963257	-42.7492	-41.7859
BLOCK00/SES006/SA006S28	SES275	-2.19969	-43.9856	-41.7859
BLOCK00/SES009/SA009S12	SES083	-1.79175	-41.5249	-39.7332
BLOCK00/SES009/SA009S12	SES148	-1.53976	-41.273	-39.7332
BLOCK00/SES009/SA009S12	SES177	-1.691	-41.4242	-39.7332
BLOCK00/SES009/SA009S12	SES292	-1.16274	-40.8959	-39.7332
BLOCK00/SES009/SA009S15	SES007	-0.304897	-39.1352	-38.8303
BLOCK00/SES009/SA009S15	SES099	-2.96507	-41.7954	-38.8303
BLOCK00/SES009/SA009S15	SES148	-2.12159	-40.9519	-38.8303
BLOCK00/SES009/SA009S15	SES172	-1.76802	-40.5983	-38.8303
BLOCK00/SES009/SA009S24	SES146	-0.936428	-40.1644	-39.228
BLOCK00/SES009/SA009S24	SES148	-1.7259	-40.9539	-39.228
BLOCK00/SES009/SA009S24	SES177	-1.2829	-40.5109	-39.228
BLOCK00/SES009/SA009S24	SES292	-1.23806	-40.466	-39.228
BLOCK00/SES009/SA009S26	SES083	-1.8859	-41.6549	-39.769
BLOCK00/SES009/SA009S26	SES101	-1.71844	-41.4874	-39.769
BLOCK00/SES009/SA009S26	SES120	-1.18992	-40.9589	-39.769
BLOCK00/SES009/SA009S26	SES177	-1.53604	-41.305	-39.769
BLOCK00/SES009/SA009S29	SES083	-1.34157	-40.5454	-39.2038
BLOCK00/SES009/SA009S29	SES101	-1.34712	-40.5509	-39.2038
BLOCK00/SES009/SA009S29	SES177	-1.57019	-40.774	-39.2038
BLOCK00/SES009/SA009S29	SES292	-1.42863	-40.6324	-39.2038
BLOCK01/SES011/SA011S10	SES019	-0.873928	-41.4591	-40.5852
BLOCK01/SES011/SA011S10	SES042	-0.502987	-41.0882	-40.5852
BLOCK01/SES011/SA011S10	SES082	-2.03183	-42.617	-40.5852
BLOCK01/SES011/SA011S10	SES206	-0.80452	-41.3897	-40.5852
BLOCK01/SES011/SA011S11	SES019	-0.901859	-41.7089	-40.807
BLOCK01/SES011/SA011S11	SES042	-1.0531	-41.8601	-40.807
BLOCK01/SES011/SA011S11	SES082	-2.1868	-42.9938	-40.807
BLOCK01/SES011/SA011S11	SES206	-0.768692	-41.5757	-40.807
BLOCK01/SES011/SA011S22	SES019	-0.352139	-40.909	-40.5569
BLOCK01/SES011/SA011S22	SES042	-0.422859	-40.9798	-40.5569
BLOCK01/SES011/SA011S22	SES082	-1.3851	-41.942	-40.5569
BLOCK01/SES011/SA011S22	SES206	-0.219124	-40.776	-40.5569
BLOCK01/SES011/SA011S24	SES019	-0.678574	-40.8144	-40.1358
BLOCK01/SES011/SA011S24	SES042	-0.140347	-40.2762	-40.1358
BLOCK01/SES011/SA011S24	SES104	-1.08052	-41.2164	-40.1358
BLOCK01/SES011/SA011S24	SES206	0.277752	-39.8581	-40.1358
BLOCK01/SES011/SA011S27	SES082	0.0933037	-39.8709	-39.9642
BLOCK01/SES011/SA011S27	SES087	-0.971546	-40.9357	-39.9642
BLOCK01/SES011/SA011S27	SES125	-0.444698	-40.4089	-39.9642
BLOCK01/SES011/SA011S27	SES206	-0.250271	-40.2145	-39.9642
BLOCK01/SES012/SA012S11	SES007	-1.34079	-40.3835	-39.0428
BLOCK01/SES012/SA012S11	SES082	-1.1724	-40.2152	-39.0428
BLOCK01/SES012/SA012S11	SES083	-1.62693	-40.6697	-39.0428
BLOCK01/SES012/SA012S11	SES206	-1.03777	-40.0805	-39.0428
BLOCK01/SES012/SA012S14	SES082	-0.937325	-40.6982	-39.7608
BLOCK01/SES012/SA012S14	SES087	-1.52321	-41.2841	-39.7608
BLOCK01/SES012/SA012S14	SES206	-0.959656	-40.7205	-39.7608
BLOCK01/SES012/SA012S14	SES292	-1.95318	-41.714	-39.7608
BLOCK01/SES012/SA012S24	SES082	0.0279579	-40.7125	-40.7405
BLOCK01/SES012/SA012S24	SES087	-0.946812	-41.6873	-40.7405
BLOCK01/SES012/SA012S24	SES120	-3.18769	-43.9282	-40.7405
BLOCK01/SES012/SA012S24	SES206	-0.340893	-41.0814	-40.7405
BLOCK01/SES012/SA012S26	SES019	-2.04472	-42.0672	-40.0225
BLOCK01/SES012/SA012S26	SES082	-1.36266	-41.3851	-40.0225
BLOCK01/SES012/SA012S26	SES206	-0.406963	-40.4294	-40.0225
BLOCK01/SES012/SA012S26	SES292	-1.88699	-41.9095	-40.0225
BLOCK01/SES012/SA012S29	SES062	-1.54399	-40.9007	-39.3567
BLOCK01/SES012/SA012S29	SES082	-1.13445	-40.4911	-39.3567
BLOCK01/SES012/SA012S29	SES083	-2.08405	-41.4407	-39.3567
BLOCK01/SES012/SA012S29	SES206	-1.23971	-40.5964	-39.3567
BLOCK01/SES013/SA013S16	SES062	-2.62774	-42.8585	-40.2308
BLOCK01/SES013/SA013S16	SES106	-0.32959	-40.5604	-40.2308
BLOCK01/SES013/SA013S16	SES206	-0.761444	-40.9922	-40.2308
BLOCK01/SES013/SA013S16	SES226	0.0401268	-40.1906	-40.2308
BLOCK01/SES013/SA013S17	SES062	-2.44837	-41.8934	-39.445
BLOCK01/SES013/SA013S17	SES106	-1.25688	-40.7019	-39.445
BLOCK01/SES013/SA013S17	SES206	-0.277317	-39.7223	-39.445
BLOCK01/SES013/SA013S17	SES226	0.0971985	-39.3478	-39.445
BLOCK01/SES013/SA013S23	SES104	-0.898418	-41.1846	-40.2862
BLOCK01/SES013/SA013S23	SES106	-0.580345	-40.8665	-40.2862
BLOCK01/SES013/SA013S23	SES206	-0.805836	-41.092	-40.2862
BLOCK01/SES013/SA013S23	SES270	-0.223137	-40.5093	-40.2862
BLOCK01/SES013/SA013S25	SES042	-1.45423	-41.1702	-39.716
BLOCK01/SES013/SA013S25	SES104	-1.04707	-40.7631	-39.716
BLOCK01/SES013/SA013S25	SES106	-0.538967	-40.255	-39.716
BLOCK01/SES013/SA013S25	SES206	-1.0259	-40.7419	-39.716
BLOCK01/SES013/SA013S29	SES062	-2.8345	-43.0161	-40.1816
BLOCK01/SES013/SA013S29	SES104	-1.13707	-41.3186	-40.1816
BLOCK01/SES013/SA013S29	SES106	-0.259438	-40.441	-40.1816
BLOCK01/SES013/SA013S29	SES206	-1.08175	-41.2633	-40.1816
BLOCK02/SES021/SA021S13	SES016	-2.46638	-41.7115	-39.2451
BLOCK02/SES021/SA021S13	SES029	-2.20091	-41.446	-39.2451
BLOCK02/SES021/SA021S13	SES087	-1.36433	-40.6095	-39.2451
BLOCK02/SES021/SA021S13	SES206	-0.646893	-39.892	-39.2451
BLOCK02/SES021/SA021S15	SES087	-0.870804	-39.1326	-38.2618
BLOCK02/SES021/SA021S15	SES125	-0.316452	-38.5782	-38.2618
BLOCK02/SES021/SA021S15	SES206	-0.0154114	-38.2772	-38.2618
BLOCK02/SES021/SA021S15	SES226	-1.27092	-39.5327	-38.2618
BLOCK02/SES021/SA021S23	SES062	-2.64373	-42.8931	-40.2493
BLOCK02/SES021/SA021S23	SES087	-1.02335	-41.2727	-40.2493
BLOCK02/SES021/SA021S23	SES206	-1.1056	-41.3549	-40.2493
BLOCK02/SES021/SA021S23	SES226	-0.530048	-40.7794	-40.2493
BLOCK02/SES021/SA021S27	SES002	-0.750782	-39.6945	-38.9438
BLOCK02/SES021/SA021S27	SES016	-3.49424	-42.438	-38.9438
BLOCK02/SES021/SA021S27	SES019	-1.96813	-40.9119	-38.9438
BLOCK02/SES021/SA021S27	SES062	-1.17742	-40.1212	-38.9438
BLOCK02/SES021/SA021S29	SES087	-1.45643	-40.2047	-38.7483
BLOCK02/SES021/SA021S29	SES125	-0.611797	-39.3601	-38.7483
BLOCK02/SES021/SA021S29	SES206	-0.569019	-39.3173	-38.7483
BLOCK02/SES021/SA021S29	SES226	-0.745144	-39.4934	-38.7483
BLOCK04/SES043/SA043S09	SES083	-2.00258	-42.9233	-40.9208
BLOCK04/SES043/SA043S09	SES101	-2.53146	-43.4522	-40.9208
BLOCK04/SES043/SA043S09	SES144	-0.279713	-41.2005	-40.9208
BLOCK04/SES043/SA043S09	SES172	-2.97599	-43.8967	-40.9208
BLOCK04/SES043/SA043S11	SES083	-0.748192	-40.5058	-39.7576
BLOCK04/SES043/SA043S11	SES101	-1.44651	-41.2041	-39.7576
BLOCK04/SES043/SA043S11	SES144	-0.557167	-40.3148	-39.7576
BLOCK04/SES043/SA043S11	SES172	-1.29332	-41.0509	-39.7576
BLOCK04/SES043/SA043S23	SES083	-0.474682	-40.5127	-40.038
BLOCK04/SES043/SA043S23	SES144	-0.0240936	-40.0621	-40.038
BLOCK04/SES043/SA043S23	SES177	-2.4383	-42.4763	-40.038
BLOCK04/SES043/SA043S23	SES275	-0.429478	-40.4675	-40.038
BLOCK04/SES043/SA043S26	SES083	-0.868057	-41.1026	-40.2345
BLOCK04/SES043/SA043S26	SES101	-1.54572	-41.7802	-40.2345
BLOCK04/SES043/SA043S26	SES144	-0.560795	-40.7953	-40.2345
BLOCK04/SES043/SA043S26	SES177	-1.52336	-41.7579	-40.2345
BLOCK04/SES043/SA043S28	SES016	-1.38853	-41.0573	-39.6688
BLOCK04/SES043/SA043S28	SES083	-0.680473	-40.3493	-39.6688
BLOCK04/SES043/SA043S28	SES101	-1.01988	-40.6887	-39.6688
BLOCK04/SES043/SA043S28	SES144	-0.730694	-40.3995	-39.6688
BLOCK04/SES044/SA044S10	SES127	-2.57871	-45.2283	-42.6496
BLOCK04/SES044/SA044S10	SES144	-0.371704	-43.0213	-42.6496
BLOCK04/SES044/SA044S10	SES147	-2.18767	-44.8373	-42.6496
BLOCK04/SES044/SA044S10	SES148	-2.49136	-45.141	-42.6496
BLOCK04/SES044/SA044S11	SES101	-1.92395	-43.5254	-41.6015
BLOCK04/SES044/SA044S11	SES144	0.27129	-41.3302	-41.6015
BLOCK04/SES044/SA044S11	SES147	-1.57912	-43.1806	-41.6015
BLOCK04/SES044/SA044S11	SES177	-1.85009	-43.4516	-41.6015
BLOCK04/SES044/SA044S24	SES007	-2.13255	-43.2811	-41.1486
BLOCK04/SES044/SA044S24	SES101	-1.55291	-42.7015	-41.1486
BLOCK04/SES044/SA044S24	SES147	-1.99216	-43.1407	-41.1486
BLOCK04/SES044/SA044S24	SES177	-2.07207	-43.2206	-41.1486
BLOCK04/SES044/SA044S26	SES007	-1.50363	-42.2661	-40.7625
BLOCK04/SES044/SA044S26	SES016	-1.1694	-41.9319	-40.7625
BLOCK04/SES044/SA044S26	SES101	-1.16116	-41.9236	-40.7625
BLOCK04/SES044/SA044S26	SES147	-1.08512	-41.8476	-40.7625
BLOCK04/SES044/SA044S29	SES007	-1.69318	-41.6244	-39.9312
BLOCK04/SES044/SA044S29	SES101	-1.14323	-41.0744	-39.9312
BLOCK04/SES044/SA044S29	SES147	-1.99869	-41.9299	-39.9312
BLOCK04/SES044/SA044S29	SES177	-1.87461	-41.8058	-39.9312
BLOCK04/SES046/SA046S13	SES101	-3.17732	-44.3267	-41.1494
BLOCK04/SES046/SA046S13	SES144	-0.706715	-41.8561	-41.1494
BLOCK04/SES046/SA046S13	SES147	-1.83712	-42.9865	-41.1494
BLOCK04/SES046/SA046S13	SES177	-1.5054	-42.6548	-41.1494
BLOCK04/SES046/SA046S15	SES048	-2.07998	-41.5785	-39.4985
BLOCK04/SES046/SA046S15	SES083	-0.97744	-40.476	-39.4985
BLOCK04/SES046/SA046S15	SES120	-2.36565	-41.8642	-39.4985
BLOCK04/SES046/SA046S15	SES148	-0.967339	-40.4659	-39.4985
BLOCK04/SES046/SA046S22	SES101	-1.35913	-41.9696	-40.6104
BLOCK04/SES046/SA046S22	SES144	-0.838692	-41.4491	-40.6104
BLOCK04/SES046/SA046S22	SES147	-2.26426	-42.8747	-40.6104
BLOCK04/SES046/SA046S22	SES172	-1.11966	-41.7301	-40.6104
BLOCK04/SES046/SA046S25	SES083	-1.46183	-41.6971	-40.2352
BLOCK04/SES046/SA046S25	SES127	-1.28652	-41.5218	-40.2352
BLOCK04/SES046/SA046S25	SES144	-1.34179	-41.577	-40.2352
BLOCK04/SES046/SA046S25	SES148	-1.08289	-41.3181	-40.2352
BLOCK04/SES046/SA046S28	SES007	-3.52197	-44.5157	-40.9937
BLOCK04/SES046/SA046S28	SES105	-2.08703	-43.0807	-40.9937
BLOCK04/SES046/SA046S28	SES147	-1.86179	-42.8555	-40.9937
BLOCK04/SES046/SA046S28	SES148	-1.63438	-42.6281	-40.9937
BLOCK04/SES049/SA049S16	SES104	-1.42779	-42.6953	-41.2675
BLOCK04/SES049/SA049S16	SES106	-0.702011	-41.9695	-41.2675
BLOCK04/SES049/SA049S16	SES120	-2.26003	-43.5275	-41.2675
BLOCK04/SES049/SA049S16	SES206	-1.04003	-42.3075	-41.2675
BLOCK04/SES049/SA049S18	SES099	-0.00519943	-42.2279	-42.2227
BLOCK04/SES049/SA049S18	SES104	-1.79565	-44.0183	-42.2227
BLOCK04/SES049/SA049S18	SES125	-1.99118	-44.2139	-42.2227
BLOCK04/SES049/SA049S18	SES206	-1.39636	-43.619	-42.2227
BLOCK04/SES049/SA049S25	SES087	-0.536213	-41.4864	-40.9502
BLOCK04/SES049/SA049S25	SES104	-0.689842	-41.64	-40.9502
BLOCK04/SES049/SA049S25	SES125	-1.16077	-42.1109	-40.9502
BLOCK04/SES049/SA049S25	SES206	-0.54945	-41.4996	-40.9502
BLOCK04/SES049/SA049S27	SES099	-0.150501	-40.6283	-40.4778
BLOCK04/SES049/SA049S27	SES104	-0.254848	-40.7327	-40.4778
BLOCK04/SES049/SA049S27	SES125	-0.893833	-41.3717	-40.4778
BLOCK04/SES049/SA049S27	SES206	-0.575138	-41.053	-40.4778
BLOCK04/SES049/SA049S29	SES099	0.0507202	-39.399	-39.4497
BLOCK04/SES049/SA049S29	SES104	-0.0728302	-39.5225	-39.4497
BLOCK04/SES049/SA049S29	SES125	-0.659458	-40.1092	-39.4497
BLOCK04/SES049/SA049S29	SES206	-0.3325	-39.7822	-39.4497
BLOCK06/SES063/SA063S09	SES068	-1.64165	-41.944	-40.3024
BLOCK06/SES063/SA063S09	SES083	-0.465298	-40.7677	-40.3024
BLOCK06/SES063/SA063S09	SES177	-1.02491	-41.3273	-40.3024
BLOCK06/SES063/SA063S09	SES187	-1.2422	-41.5446	-40.3024
BLOCK06/SES063/SA063S10	SES068	-1.81297	-42.7838	-40.9708
BLOCK06/SES063/SA063S10	SES083	-0.217945	-41.1888	-40.9708
BLOCK06/SES063/SA063S10	SES172	-0.595387	-41.5662	-40.9708
BLOCK06/SES063/SA063S10	SES187	-0.485455	-41.4563	-40.9708
BLOCK06/SES063/SA063S20	SES068	-2.01659	-42.7411	-40.7246
BLOCK06/SES063/SA063S20	SES083	-1.00135	-41.7259	-40.7246
BLOCK06/SES063/SA063S20	SES172	-0.552979	-41.2775	-40.7246
BLOCK06/SES063/SA063S20	SES187	-0.32766	-41.0522	-40.7246
BLOCK06/SES063/SA063S24	SES029	-2.83038	-42.8652	-40.0348
BLOCK06/SES063/SA063S24	SES083	-0.117905	-40.1528	-40.0348
BLOCK06/SES063/SA063S24	SES177	-0.62212	-40.657	-40.0348
BLOCK06/SES063/SA063S24	SES189	-1.08222	-41.1171	-40.0348
BLOCK06/SES063/SA063S27	SES083	-0.0461006	-41.5191	-41.473
BLOCK06/SES063/SA063S27	SES172	0.167702	-41.3053	-41.473
BLOCK06/SES063/SA063S27	SES187	-1.1407	-42.6137	-41.473
BLOCK06/SES063/SA063S27	SES292	-1.33934	-42.8123	-41.473
BLOCK06/SES067/SA067S12	SES083	-1.95062	-42.0451	-40.0944
BLOCK06/SES067/SA067S12	SES172	-2.74006	-42.8345	-40.0944
BLOCK06/SES067/SA067S12	SES202	-0.0554619	-40.1499	-40.0944
BLOCK06/SES067/SA067S12	SES292	-1.55208	-41.6465	-40.0944
BLOCK06/SES067/SA067S14	SES085	-1.56046	-41.1809	-39.6204
BLOCK06/SES067/SA067S14	SES177	-1.62903	-41.2495	-39.6204
BLOCK06/SES067/SA067S14	SES183	-1.13882	-40.7593	-39.6204
BLOCK06/SES067/SA067S14	SES202	-0.296101	-39.9165	-39.6204
BLOCK06/SES067/SA067S21	SES144	-0.899929	-41.7594	-40.8595
BLOCK06/SES067/SA067S21	SES177	-1.19902	-42.0585	-40.8595
BLOCK06/SES067/SA067S21	SES183	-2.76247	-43.6219	-40.8595
BLOCK06/SES067/SA067S21	SES189	-0.36729	-41.2267	-40.8595
BLOCK06/SES067/SA067S25	SES085	-0.659481	-40.9866	-40.3271
BLOCK06/SES067/SA067S25	SES177	-0.911064	-41.2382	-40.3271
BLOCK06/SES067/SA067S25	SES183	-1.53768	-41.8648	-40.3271
BLOCK06/SES067/SA067S25	SES202	-0.24765	-40.5748	-40.3271
BLOCK06/SES067/SA067S29	SES085	-1.28357	-41.6031	-40.3195
BLOCK06/SES067/SA067S29	SES177	-1.37222	-41.6918	-40.3195
BLOCK06/SES067/SA067S29	SES183	-1.53714	-41.8567	-40.3195
BLOCK06/SES067/SA067S29	SES202	0.162613	-40.1569	-40.3195
BLOCK06/SES069/SA069S12	SES029	-2.22027	-41.9072	-39.6869
BLOCK06/SES069/SA069S12	SES082	-0.670818	-40.3577	-39.6869
BLOCK06/SES069/SA069S12	SES087	-1.16906	-40.856	-39.6869
BLOCK06/SES069/SA069S12	SES206	-0.720364	-40.4073	-39.6869
BLOCK06/SES069/SA069S13	SES029	-2.42926	-42.2236	-39.7944
BLOCK06/SES069/SA069S13	SES087	-1.68956	-41.4839	-39.7944
BLOCK06/SES069/SA069S13	SES206	-1.44106	-41.2354	-39.7944
BLOCK06/SES069/SA069S13	SES226	-0.933285	-40.7277	-39.7944
BLOCK06/SES069/SA069S23	SES029	-1.29099	-39.8054	-38.5145
BLOCK06/SES069/SA069S23	SES087	-1.05384	-39.5683	-38.5145
BLOCK06/SES069/SA069S23	SES206	-1.09715	-39.6116	-38.5145
BLOCK06/SES069/SA069S23	SES226	-0.436241	-38.9507	-38.5145
BLOCK06/SES069/SA069S25	SES087	-1.28037	-40.2391	-38.9588
BLOCK06/SES069/SA069S25	SES206	-1.58054	-40.5393	-38.9588
BLOCK06/SES069/SA069S25	SES226	-0.428951	-39.3877	-38.9588
BLOCK06/SES069/SA069S25	SES270	-0.762154	-39.7209	-38.9588
BLOCK06/SES069/SA069S27	SES087	-1.66165	-40.7962	-39.1346
BLOCK06/SES069/SA069S27	SES206	-0.16383	-39.2984	-39.1346
BLOCK06/SES069/SA069S27	SES226	0.15073	-38.9839	-39.1346
BLOCK06/SES069/SA069S27	SES270	-0.653625	-39.7882	-39.1346
BLOCK08/SES081/SA081S11	SES060	-1.50172	-41.6395	-40.1378
BLOCK08/SES081/SA081S11	SES062	-3.33913	-43.477	-40.1378
BLOCK08/SES081/SA081S11	SES117	-2.13305	-42.2709	-40.1378
BLOCK08/SES081/SA081S11	SES162	-1.98199	-42.1198	-40.1378
BLOCK08/SES081/SA081S13	SES016	-1.02666	-40.3314	-39.3047
BLOCK08/SES081/SA081S13	SES060	-0.281944	-39.5866	-39.3047
BLOCK08/SES081/SA081S13	SES068	-0.799393	-40.1041	-39.3047
BLOCK08/SES081/SA081S13	SES129	-1.66514	-40.9698	-39.3047
BLOCK08/SES081/SA081S24	SES060	-0.836994	-40.4137	-39.5767
BLOCK08/SES081/SA081S24	SES068	-0.667229	-40.2439	-39.5767
BLOCK08/SES081/SA081S24	SES117	-1.47303	-41.0497	-39.5767
BLOCK08/SES081/SA081S24	SES275	-1.96656	-41.5433	-39.5767
BLOCK08/SES081/SA081S27	SES007	-0.671375	-40.5109	-39.8395
BLOCK08/SES081/SA081S27	SES060	-1.59439	-41.4339	-39.8395
BLOCK08/SES081/SA081S27	SES117	-0.690678	-40.5302	-39.8395
BLOCK08/SES081/SA081S27	SES275	-1.89791	-41.7374	-39.8395
BLOCK08/SES081/SA081S29	SES007	-1.17257	-40.5764	-39.4038
BLOCK08/SES081/SA081S29	SES060	-1.02069	-40.4245	-39.4038
BLOCK08/SES081/SA081S29	SES117	-1.29964	-40.7035	-39.4038
BLOCK08/SES081/SA081S29	SES275	-2.19944	-41.6033	-39.4038
BLOCK08/SES086/SA086S11	SES029	-3.76809	-45.4438	-41.6757
BLOCK08/SES086/SA086S11	SES082	-1.51287	-43.1886	-41.6757
BLOCK08/SES086/SA086S11	SES087	-0.590714	-42.2664	-41.6757
BLOCK08/SES086/SA086S11	SES206	-1.96678	-43.6425	-41.6757
BLOCK08/SES086/SA086S12	SES029	-3.9786	-44.9787	-41.0001
BLOCK08/SES086/SA086S12	SES082	-1.68477	-42.6848	-41.0001
BLOCK08/SES086/SA086S12	SES087	0.0896683	-40.9104	-41.0001
BLOCK08/SES086/SA086S12	SES206	-1.4405	-42.4406	-41.0001
BLOCK08/SES086/SA086S20	SES029	-2.77769	-42.7039	-39.9262
BLOCK08/SES086/SA086S20	SES082	-1.67202	-41.5982	-39.9262
BLOCK08/SES086/SA086S20	SES087	0.48032	-39.4459	-39.9262
BLOCK08/SES086/SA086S20	SES206	-0.411041	-40.3372	-39.9262
BLOCK08/SES086/SA086S24	SES087	0.055809	-40.7313	-40.7871
BLOCK08/SES086/SA086S24	SES104	-1.11521	-41.9024	-40.7871
BLOCK08/SES086/SA086S24	SES120	-2.83388	-43.621	-40.7871
BLOCK08/SES086/SA086S24	SES206	-0.417282	-41.2044	-40.7871
BLOCK08/SES086/SA086S28	SES029	-2.62297	-42.5377	-39.9147
BLOCK08/SES086/SA086S28	SES082	-1.31088	-41.2256	-39.9147
BLOCK08/SES086/SA086S28	SES087	0.333733	-39.581	-39.9147
BLOCK08/SES086/SA086S28	SES206	-0.405197	-40.3199	-39.9147
BLOCK08/SES089/SA089S13	SES087	-1.08028	-41.4339	-40.3536
BLOCK08/SES089/SA089S13	SES206	-1.28618	-41.6398	-40.3536
BLOCK08/SES089/SA089S13	SES226	-1.00125	-41.3549	-40.3536
BLOCK08/SES089/SA089S13	SES270	-2.06458	-42.4182	-40.3536
BLOCK08/SES089/SA089S14	SES062	-1.75589	-41.8271	-40.0712
BLOCK08/SES089/SA089S14	SES087	-0.146534	-40.2178	-40.0712
BLOCK08/SES089/SA089S14	SES206	-0.388523	-40.4597	-40.0712
BLOCK08/SES089/SA089S14	SES226	-0.495861	-40.5671	-40.0712
BLOCK08/SES089/SA089S23	SES087	-0.171783	-40.9118	-40.74
BLOCK08/SES089/SA089S23	SES206	-0.649765	-41.3898	-40.74
BLOCK08/SES089/SA089S23	SES226	-0.82618	-41.5662	-40.74
BLOCK08/SES089/SA089S23	SES270	-2.32306	-43.0631	-40.74
BLOCK08/SES089/SA089S25	SES062	-1.76448	-41.7397	-39.9752
BLOCK08/SES089/SA089S25	SES087	0.0503273	-39.9248	-39.9752
BLOCK08/SES089/SA089S25	SES206	-0.951199	-40.9264	-39.9752
BLOCK08/SES089/SA089S25	SES226	-0.367599	-40.3428	-39.9752
BLOCK08/SES089/SA089S28	SES062	-1.39268	-41.1516	-39.7589
BLOCK08/SES089/SA089S28	SES087	-0.338875	-40.0978	-39.7589
BLOCK08/SES089/SA089S28	SES206	-0.206882	-39.9658	-39.7589
BLOCK08/SES089/SA089S28	SES226	-0.594254	-40.3531	-39.7589
BLOCK09/SES097/SA097S11	SES099	0.444565	-40.3003	-40.7449
BLOCK09/SES097/SA097S11	SES125	-1.44736	-42.1922	-40.7449
BLOCK09/SES097/SA097S11	SES206	-1.35209	-42.0969	-40.7449
BLOCK09/SES097/SA097S11	SES226	-0.149891	-40.8947	-40.7449
BLOCK09/SES097/SA097S14	SES062	-1.87585	-42.2153	-40.3395
BLOCK09/SES097/SA097S14	SES099	-0.221035	-40.5605	-40.3395
BLOCK09/SES097/SA097S14	SES104	-0.752884	-41.0924	-40.3395
BLOCK09/SES097/SA097S14	SES206	-1.15541	-41.4949	-40.3395
BLOCK09/SES097/SA097S22	SES099	0.677376	-39.9824	-40.6598
BLOCK09/SES097/SA097S22	SES206	-0.961838	-41.6216	-40.6598
BLOCK09/SES097/SA097S22	SES226	-0.708324	-41.3681	-40.6598
BLOCK09/SES097/SA097S22	SES270	0.336224	-40.3236	-40.6598
BLOCK09/SES097/SA097S26	SES099	0.436386	-39.6379	-40.0743
BLOCK09/SES097/SA097S26	SES120	-1.58096	-41.6553	-40.0743
BLOCK09/SES097/SA097S26	SES206	-0.803364	-40.8777	-40.0743
BLOCK09/SES097/SA097S26	SES226	-1.26308	-41.3374	-40.0743
BLOCK09/SES097/SA097S28	SES099	-0.242764	-40.5795	-40.3368
BLOCK09/SES097/SA097S28	SES120	-1.9594	-42.2962	-40.3368
BLOCK09/SES097/SA097S28	SES206	-1.51523	-41.852	-40.3368
BLOCK09/SES097/SA097S28	SES226	-1.42918	-41.7659	-40.3368
BLOCK09/SES098/SA098S11	SES127	-2.32018	-43.5	-41.1799
BLOCK09/SES098/SA098S11	SES144	-1.27995	-42.4598	-41.1799
BLOCK09/SES098/SA098S11	SES147	-0.848988	-42.0288	-41.1799
BLOCK09/SES098/SA098S11	SES148	-2.72007	-43.8999	-41.1799
BLOCK09/SES098/SA098S12	SES127	-3.05543	-45.5458	-42.4904
BLOCK09/SES098/SA098S12	SES144	-1.25916	-43.7496	-42.4904
BLOCK09/SES098/SA098S12	SES147	-1.78343	-44.2738	-42.4904
BLOCK09/SES098/SA098S12	SES189	-1.45275	-43.9432	-42.4904
BLOCK09/SES098/SA098S20	SES127	-2.68732	-44.4598	-41.7725
BLOCK09/SES098/SA098S20	SES147	-2.11275	-43.8853	-41.7725
BLOCK09/SES098/SA098S20	SES148	-3.16478	-44.9373	-41.7725
BLOCK09/SES098/SA098S20	SES292	-4.02826	-45.8008	-41.7725
BLOCK09/SES098/SA098S23	SES127	-1.46564	-42.9464	-41.4807
BLOCK09/SES098/SA098S23	SES147	-0.620892	-42.1016	-41.4807
BLOCK09/SES098/SA098S23	SES187	-0.947014	-42.4277	-41.4807
BLOCK09/SES098/SA098S23	SES292	-2.0417	-43.5224	-41.4807
BLOCK09/SES098/SA098S27	SES127	-2.43612	-43.7891	-41.353
BLOCK09/SES098/SA098S27	SES147	-1.91743	-43.2704	-41.353
BLOCK09/SES098/SA098S27	SES148	-3.40208	-44.7551	-41.353
BLOCK09/SES098/SA098S27	SES292	-2.73987	-44.0929	-41.353
BLOCK10/SES102/SA102S13	SES101	-0.802113	-42.1455	-41.3434
BLOCK10/SES102/SA102S13	SES105	-2.18478	-43.5282	-41.3434
BLOCK10/SES102/SA102S13	SES120	-0.918781	-42.2622	-41.3434
BLOCK10/SES102/SA102S13	SES158	-4.53598	-45.8794	-41.3434
BLOCK10/SES102/SA102S14	SES007	-0.51022	-40.1927	-39.6825
BLOCK10/SES102/SA102S14	SES101	-0.279263	-39.9618	-39.6825
BLOCK10/SES102/SA102S14	SES105	-0.64257	-40.3251	-39.6825
BLOCK10/SES102/SA102S14	SES147	-1.41591	-41.0984	-39.6825
BLOCK10/SES102/SA102S22	SES007	-1.30196	-41.2627	-39.9607
BLOCK10/SES102/SA102S22	SES101	-0.209175	-40.1699	-39.9607
BLOCK10/SES102/SA102S22	SES105	-0.834309	-40.795	-39.9607
BLOCK10/SES102/SA102S22	SES158	-2.87162	-42.8323	-39.9607
BLOCK10/SES102/SA102S25	SES007	-0.807137	-40.7114	-39.9043
BLOCK10/SES102/SA102S25	SES101	-0.329933	-40.2342	-39.9043
BLOCK10/SES102/SA102S25	SES105	-0.924221	-40.8285	-39.9043
BLOCK10/SES102/SA102S25	SES147	-2.53799	-42.4423	-39.9043
BLOCK10/SES102/SA102S27	SES007	-1.34348	-41.6143	-40.2708
BLOCK10/SES102/SA102S27	SES101	-0.716091	-40.9869	-40.2708
BLOCK10/SES102/SA102S27	SES105	-1.32562	-41.5965	-40.2708
BLOCK10/SES102/SA102S27	SES147	-1.5387	-41.8095	-40.2708
BLOCK10/SES103/SA103S14	SES105	-1.23425	-42.9837	-41.7494
BLOCK10/SES103/SA103S14	SES106	-0.242485	-41.9919	-41.7494
BLOCK10/SES103/SA103S14	SES120	-2.63105	-44.3805	-41.7494
BLOCK10/SES103/SA103S14	SES206	-1.43714	-43.1865	-41.7494
BLOCK10/SES103/SA103S15	SES099	-0.285019	-42.5259	-42.2408
BLOCK10/SES103/SA103S15	SES101	-3.19146	-45.4323	-42.2408
BLOCK10/SES103/SA103S15	SES104	-0.911991	-43.1528	-42.2408
BLOCK10/SES103/SA103S15	SES125	-0.568272	-42.8091	-42.2408
BLOCK10/SES103/SA103S24	SES104	-0.85907	-41.8082	-40.9492
BLOCK10/SES103/SA103S24	SES125	-0.576794	-41.526	-40.9492
BLOCK10/SES103/SA103S24	SES148	-2.28311	-43.2323	-40.9492
BLOCK10/SES103/SA103S24	SES158	-0.222973	-41.1721	-40.9492
BLOCK10/SES103/SA103S26	SES104	-1.59362	-42.9866	-41.393
BLOCK10/SES103/SA103S26	SES106	-0.601734	-41.9947	-41.393
BLOCK10/SES103/SA103S26	SES125	-0.866192	-42.2592	-41.393
BLOCK10/SES103/SA103S26	SES148	-2.50844	-43.9014	-41.393
BLOCK10/SES103/SA103S28	SES104	-1.42213	-42.8053	-41.3831
BLOCK10/SES103/SA103S28	SES106	-0.736523	-42.1197	-41.3831
BLOCK10/SES103/SA103S28	SES125	-1.35491	-42.738	-41.3831
BLOCK10/SES103/SA103S28	SES206	-1.88019	-43.2633	-41.3831
BLOCK12/SES121/SA121S12	SES042	-1.72828	-43.8761	-42.1479
BLOCK12/SES121/SA121S12	SES087	-0.887638	-43.0355	-42.1479
BLOCK12/SES121/SA121S12	SES105	-0.943996	-43.0919	-42.1479
BLOCK12/SES121/SA121S12	SES206	-1.01739	-43.1652	-42.1479
BLOCK12/SES121/SA121S14	SES007	-2.55103	-45.2533	-42.7022
BLOCK12/SES121/SA121S14	SES105	-1.68404	-44.3863	-42.7022
BLOCK12/SES121/SA121S14	SES106	-0.887993	-43.5902	-42.7022
BLOCK12/SES121/SA121S14	SES206	-1.8682	-44.5704	-42.7022
BLOCK12/SES121/SA121S23	SES105	-2.05119	-45.0329	-42.9817
BLOCK12/SES121/SA121S23	SES106	-0.606602	-43.5883	-42.9817
BLOCK12/SES121/SA121S23	SES120	-2.72087	-45.7026	-42.9817
BLOCK12/SES121/SA121S23	SES206	-1.22772	-44.2094	-42.9817
BLOCK12/SES121/SA121S25	SES007	-1.97823	-45.3955	-43.4172
BLOCK12/SES121/SA121S25	SES105	-2.24967	-45.6669	-43.4172
BLOCK12/SES121/SA121S25	SES106	-0.760166	-44.1774	-43.4172
BLOCK12/SES121/SA121S25	SES206	-2.161	-45.5782	-43.4172
BLOCK12/SES121/SA121S27	SES087	-0.233158	-42.3008	-42.0676
BLOCK12/SES121/SA121S27	SES105	-2.84921	-44.9168	-42.0676
BLOCK12/SES121/SA121S27	SES120	-2.03241	-44.1	-42.0676
BLOCK12/SES121/SA121S27	SES206	-1.09422	-43.1618	-42.0676
BLOCK12/SES124/SA124S16	SES042	-0.558491	-40.7015	-40.143
BLOCK12/SES124/SA124S16	SES082	-0.650459	-40.7935	-40.143
BLOCK12/SES124/SA124S16	SES183	-2.97926	-43.1223	-40.143
BLOCK12/SES124/SA124S16	SES206	-0.58437	-40.7274	-40.143
BLOCK12/SES124/SA124S17	SES105	-1.42722	-42.5614	-41.1342
BLOCK12/SES124/SA124S17	SES149	-2.10443	-43.2386	-41.1342
BLOCK12/SES124/SA124S17	SES158	-2.1867	-43.3209	-41.1342
BLOCK12/SES124/SA124S17	SES275	-2.20716	-43.3413	-41.1342
BLOCK12/SES124/SA124S23	SES105	-1.78707	-40.713	-38.9259
BLOCK12/SES124/SA124S23	SES125	-0.035305	-38.9612	-38.9259
BLOCK12/SES124/SA124S23	SES129	-2.70758	-41.6335	-38.9259
BLOCK12/SES124/SA124S23	SES158	-0.700619	-39.6265	-38.9259
BLOCK12/SES124/SA124S26	SES105	-1.85994	-41.3811	-39.5212
BLOCK12/SES124/SA124S26	SES125	-0.173988	-39.6952	-39.5212
BLOCK12/SES124/SA124S26	SES129	-3.0519	-42.5731	-39.5212
BLOCK12/SES124/SA124S26	SES158	-1.14492	-40.6661	-39.5212
BLOCK12/SES124/SA124S28	SES104	-0.491753	-40.2187	-39.7269
BLOCK12/SES124/SA124S28	SES106	-0.628811	-40.3557	-39.7269
BLOCK12/SES124/SA124S28	SES125	-0.327705	-40.0546	-39.7269
BLOCK12/SES124/SA124S28	SES275	-2.15976	-41.8867	-39.7269
BLOCK12/SES126/SA126S13	SES007	-2.25385	-43.8917	-41.6378
BLOCK12/SES126/SA126S13	SES162	-1.6016	-43.2394	-41.6378
BLOCK12/SES126/SA126S13	SES177	-1.33105	-42.9689	-41.6378
BLOCK12/SES126/SA126S13	SES180	-2.0976	-43.7354	-41.6378
BLOCK12/SES126/SA126S14	SES144	-0.938946	-41.1675	-40.2285
BLOCK12/SES126/SA126S14	SES148	-1.83675	-42.0653	-40.2285
BLOCK12/SES126/SA126S14	SES177	-0.709141	-40.9377	-40.2285
BLOCK12/SES126/SA126S14	SES180	-1.16375	-41.3923	-40.2285
BLOCK12/SES126/SA126S20	SES007	-1.74427	-42.4123	-40.668
BLOCK12/SES126/SA126S20	SES162	-1.46682	-42.1349	-40.668
BLOCK12/SES126/SA126S20	SES172	-3.35339	-44.0214	-40.668
BLOCK12/SES126/SA126S20	SES180	-2.23166	-42.8997	-40.668
BLOCK12/SES126/SA126S24	SES120	-1.10583	-41.3238	-40.2179
BLOCK12/SES126/SA126S24	SES162	-1.16364	-41.3816	-40.2179
BLOCK12/SES126/SA126S24	SES177	-0.819458	-41.0374	-40.2179
BLOCK12/SES126/SA126S24	SES180	-0.940331	-41.1583	-40.2179
BLOCK12/SES126/SA126S26	SES120	-1.64878	-42.2714	-40.6226
BLOCK12/SES126/SA126S26	SES177	-1.40118	-42.0238	-40.6226
BLOCK12/SES126/SA126S26	SES180	-1.59186	-42.2145	-40.6226
BLOCK12/SES126/SA126S26	SES202	-1.95436	-42.577	-40.6226
BLOCK12/SES128/SA128S10	SES087	-1.92928	-42.0699	-40.1406
BLOCK12/SES128/SA128S10	SES206	-1.3022	-41.4428	-40.1406
BLOCK12/SES128/SA128S10	SES226	-0.639198	-40.7798	-40.1406
BLOCK12/SES128/SA128S10	SES270	-0.714588	-40.8552	-40.1406
BLOCK12/SES128/SA128S12	SES120	-2.08694	-42.3945	-40.3076
BLOCK12/SES128/SA128S12	SES158	-1.28535	-41.5929	-40.3076
BLOCK12/SES128/SA128S12	SES206	-0.65266	-40.9602	-40.3076
BLOCK12/SES128/SA128S12	SES226	-0.863476	-41.1711	-40.3076
BLOCK12/SES128/SA128S21	SES106	-2.01349	-42.6833	-40.6698
BLOCK12/SES128/SA128S21	SES120	-2.21293	-42.8828	-40.6698
BLOCK12/SES128/SA128S21	SES206	-1.83055	-42.5004	-40.6698
BLOCK12/SES128/SA128S21	SES226	-1.16496	-41.8348	-40.6698
BLOCK12/SES128/SA128S24	SES087	-1.51426	-42.0894	-40.5752
BLOCK12/SES128/SA128S24	SES120	-0.99239	-41.5676	-40.5752
BLOCK12/SES128/SA128S24	SES206	-1.10374	-41.6789	-40.5752
BLOCK12/SES128/SA128S24	SES226	-1.02416	-41.5993	-40.5752
BLOCK12/SES128/SA128S27	SES099	-0.142433	-40.0297	-39.8872
BLOCK12/SES128/SA128S27	SES120	-1.48551	-41.3728	-39.8872
BLOCK12/SES128/SA128S27	SES206	-0.846752	-40.734	-39.8872
BLOCK12/SES128/SA128S27	SES226	-0.306286	-40.1935	-39.8872
BLOCK13/SES130/SA130S13	SES143	-1.60186	-43.3871	-41.7852
BLOCK13/SES130/SA130S13	SES144	-0.313049	-42.0982	-41.7852
BLOCK13/SES130/SA130S13	SES146	-0.64209	-42.4273	-41.7852
BLOCK13/SES130/SA130S13	SES275	-2.58671	-44.3719	-41.7852
BLOCK13/SES130/SA130S15	SES143	-1.97603	-42.386	-40.4099
BLOCK13/SES130/SA130S15	SES144	-0.749153	-41.1591	-40.4099
BLOCK13/SES130/SA130S15	SES146	-0.48003	-40.89	-40.4099
BLOCK13/SES130/SA130S15	SES275	-1.48734	-41.8973	-40.4099
BLOCK13/SES130/SA130S23	SES127	-3.08938	-44.9267	-41.8373
BLOCK13/SES130/SA130S23	SES144	-1.6288	-43.4661	-41.8373
BLOCK13/SES130/SA130S23	SES146	-0.552673	-42.39	-41.8373
BLOCK13/SES130/SA130S23	SES162	-1.00383	-42.8411	-41.8373
BLOCK13/SES130/SA130S25	SES127	-2.05791	-42.2865	-40.2286
BLOCK13/SES130/SA130S25	SES144	-0.571316	-40.7999	-40.2286
BLOCK13/SES130/SA130S25	SES146	-0.59771	-40.8263	-40.2286
BLOCK13/SES130/SA130S25	SES275	-1.10386	-41.3325	-40.2286
BLOCK13/SES130/SA130S28	SES127	-1.53582	-42.0672	-40.5314
BLOCK13/SES130/SA130S28	SES144	-0.82613	-41.3576	-40.5314
BLOCK13/SES130/SA130S28	SES146	-0.800484	-41.3319	-40.5314
BLOCK13/SES130/SA130S28	SES275	-0.498852	-41.0303	-40.5314
BLOCK13/SES131/SA131S13	SES002	-1.68707	-44.1598	-42.4727
BLOCK13/SES131/SA131S13	SES007	-2.25824	-44.731	-42.4727
BLOCK13/SES131/SA131S13	SES099	-1.23255	-43.7053	-42.4727
BLOCK13/SES131/SA131S13	SES105	-1.27517	-43.7479	-42.4727
BLOCK13/SES131/SA131S14	SES104	-0.625145	-41.5336	-40.9085
BLOCK13/SES131/SA131S14	SES106	-0.256977	-41.1654	-40.9085
BLOCK13/SES131/SA131S14	SES125	-1.05882	-41.9673	-40.9085
BLOCK13/SES131/SA131S14	SES148	-1.97742	-42.8859	-40.9085
BLOCK13/SES131/SA131S20	SES104	-1.20876	-43.1437	-41.9349
BLOCK13/SES131/SA131S20	SES106	-0.334442	-42.2693	-41.9349
BLOCK13/SES131/SA131S20	SES125	-0.975639	-42.9105	-41.9349
BLOCK13/SES131/SA131S20	SES148	-2.93019	-44.8651	-41.9349
BLOCK13/SES131/SA131S22	SES099	-0.664917	-41.8819	-41.217
BLOCK13/SES131/SA131S22	SES104	-1.19679	-42.4138	-41.217
BLOCK13/SES131/SA131S22	SES125	-1.05806	-42.2751	-41.217
BLOCK13/SES131/SA131S22	SES206	-1.64264	-42.8597	-41.217
BLOCK13/SES131/SA131S29	SES087	-1.05217	-42.9188	-41.8667
BLOCK13/SES131/SA131S29	SES104	-1.31421	-43.1809	-41.8667
BLOCK13/SES131/SA131S29	SES125	-1.47363	-43.3403	-41.8667
BLOCK13/SES131/SA131S29	SES206	-1.38211	-43.2488	-41.8667
BLOCK13/SES132/SA132S11	SES083	-2.17911	-42.3036	-40.1245
BLOCK13/SES132/SA132S11	SES120	-0.23558	-40.3601	-40.1245
BLOCK13/SES132/SA132S11	SES127	-1.05475	-41.1792	-40.1245
BLOCK13/SES132/SA132S11	SES275	-1.16339	-41.2879	-40.1245
BLOCK13/SES132/SA132S12	SES083	-1.70429	-41.5871	-39.8828
BLOCK13/SES132/SA132S12	SES143	-1.63674	-41.5195	-39.8828
BLOCK13/SES132/SA132S12	SES144	-1.1623	-41.0451	-39.8828
BLOCK13/SES132/SA132S12	SES148	-1.37088	-41.2537	-39.8828
BLOCK13/SES132/SA132S22	SES062	-1.06523	-40.9419	-39.8766
BLOCK13/SES132/SA132S22	SES083	-1.66757	-41.5442	-39.8766
BLOCK13/SES132/SA132S22	SES127	-1.0256	-40.9022	-39.8766
BLOCK13/SES132/SA132S22	SES275	-0.958969	-40.8356	-39.8766
BLOCK13/SES132/SA132S24	SES007	-0.740173	-40.4549	-39.7147
BLOCK13/SES132/SA132S24	SES083	-2.06558	-41.7803	-39.7147
BLOCK13/SES132/SA132S24	SES127	-1.61763	-41.3323	-39.7147
BLOCK13/SES132/SA132S24	SES275	-1.33807	-41.0528	-39.7147
BLOCK13/SES132/SA132S27	SES083	-2.15233	-42.3996	-40.2472
BLOCK13/SES132/SA132S27	SES120	-0.300758	-40.548	-40.2472
BLOCK13/SES132/SA132S27	SES127	-1.40488	-41.6521	-40.2472
BLOCK13/SES132/SA132S27	SES275	-1.73409	-41.9813	-40.2472
BLOCK14/SES141/SA141S09	SES143	-0.944656	-41.4458	-40.5011
BLOCK14/SES141/SA141S09	SES144	-1.02474	-41.5259	-40.5011
BLOCK14/SES141/SA141S09	SES162	-1.28807	-41.7892	-40.5011
BLOCK14/SES141/SA141S09	SES180	-1.16561	-41.6667	-40.5011
BLOCK14/SES141/SA141S15	SES127	-1.5827	-41.9276	-40.3449
BLOCK14/SES141/SA141S15	SES144	-0.875404	-41.2203	-40.3449
BLOCK14/SES141/SA141S15	SES162	-1.25694	-41.6018	-40.3449
BLOCK14/SES141/SA141S15	SES180	-0.569839	-40.9147	-40.3449
BLOCK14/SES141/SA141S24	SES127	-1.2173	-41.0706	-39.8533
BLOCK14/SES141/SA141S24	SES144	-1.47648	-41.3298	-39.8533
BLOCK14/SES141/SA141S24	SES162	-1.13443	-40.9878	-39.8533
BLOCK14/SES141/SA141S24	SES183	-1.84182	-41.6952	-39.8533
BLOCK14/SES141/SA141S26	SES142	-1.41176	-42.1238	-40.712
BLOCK14/SES141/SA141S26	SES144	-1.9093	-42.6213	-40.712
BLOCK14/SES141/SA141S26	SES172	-1.92736	-42.6394	-40.712
BLOCK14/SES141/SA141S26	SES180	-0.862827	-41.5748	-40.712
BLOCK14/SES141/SA141S29	SES127	-0.619858	-40.6133	-39.9934
BLOCK14/SES141/SA141S29	SES142	-0.210636	-40.2041	-39.9934
BLOCK14/SES141/SA141S29	SES144	-1.43051	-41.424	-39.9934
BLOCK14/SES141/SA141S29	SES180	-0.626022	-40.6195	-39.9934
BLOCK15/SES157/SA157S08	SES083	-2.55179	-43.0913	-40.5395
BLOCK15/SES157/SA157S08	SES127	-2.36468	-42.9042	-40.5395
BLOCK15/SES157/SA157S08	SES148	-1.33055	-41.8701	-40.5395
BLOCK15/SES157/SA157S08	SES292	-1.77087	-42.3104	-40.5395
BLOCK15/SES157/SA157S11	SES083	-2.04034	-42.6172	-40.5769
BLOCK15/SES157/SA157S11	SES127	-1.8594	-42.4363	-40.5769
BLOCK15/SES157/SA157S11	SES148	-1.32416	-41.9011	-40.5769
BLOCK15/SES157/SA157S11	SES292	-2.01782	-42.5947	-40.5769
BLOCK15/SES157/SA157S21	SES127	-1.76466	-41.8477	-40.083
BLOCK15/SES157/SA157S21	SES148	-0.894028	-40.977	-40.083
BLOCK15/SES157/SA157S21	SES158	-3.5564	-43.6394	-40.083
BLOCK15/SES157/SA157S21	SES292	-1.49185	-41.5748	-40.083
BLOCK15/SES157/SA157S24	SES127	-2.20093	-42.536	-40.3351
BLOCK15/SES157/SA157S24	SES148	-1.39098	-41.7261	-40.3351
BLOCK15/SES157/SA157S24	SES183	-1.86347	-42.1986	-40.3351
BLOCK15/SES157/SA157S24	SES292	-1.77394	-42.109	-40.3351
BLOCK15/SES157/SA157S26	SES007	-0.99424	-40.7138	-39.7195
BLOCK15/SES157/SA157S26	SES127	-0.953438	-40.673	-39.7195
BLOCK15/SES157/SA157S26	SES147	-2.00153	-41.7211	-39.7195
BLOCK15/SES157/SA157S26	SES148	-1.38896	-41.1085	-39.7195
BLOCK16/SES161/SA161S10	SES007	-1.99844	-43.5981	-41.5996
BLOCK16/SES161/SA161S10	SES105	-1.32095	-42.9206	-41.5996
BLOCK16/SES161/SA161S10	SES158	-1.65905	-43.2587	-41.5996
BLOCK16/SES161/SA161S10	SES275	-1.75071	-43.3503	-41.5996
BLOCK16/SES161/SA161S12	SES007	-1.27282	-42.5326	-41.2598
BLOCK16/SES161/SA161S12	SES105	-1.56981	-42.8296	-41.2598
BLOCK16/SES161/SA161S12	SES158	-0.880108	-42.1399	-41.2598
BLOCK16/SES161/SA161S12	SES275	-1.32626	-42.5861	-41.2598
BLOCK16/SES161/SA161S20	SES007	-2.34895	-44.7936	-42.4446
BLOCK16/SES161/SA161S20	SES105	-1.67836	-44.123	-42.4446
BLOCK16/SES161/SA161S20	SES158	-1.20837	-43.653	-42.4446
BLOCK16/SES161/SA161S20	SES275	-2.15209	-44.5967	-42.4446
BLOCK16/SES161/SA161S23	SES007	-1.82452	-42.8123	-40.9878
BLOCK16/SES161/SA161S23	SES105	-1.07634	-42.0641	-40.9878
BLOCK16/SES161/SA161S23	SES148	-2.03401	-43.0218	-40.9878
BLOCK16/SES161/SA161S23	SES158	-0.83292	-41.8207	-40.9878
BLOCK16/SES161/SA161S28	SES007	-2.75204	-44.2307	-41.4787
BLOCK16/SES161/SA161S28	SES105	-1.96281	-43.4415	-41.4787
BLOCK16/SES161/SA161S28	SES158	-0.951309	-42.43	-41.4787
BLOCK16/SES161/SA161S28	SES206	-1.11846	-42.5972	-41.4787
BLOCK16/SES164/SA164S11	SES104	-1.51643	-41.6907	-40.1743
BLOCK16/SES164/SA164S11	SES125	-0.810326	-40.9846	-40.1743
BLOCK16/SES164/SA164S11	SES158	-0.0759697	-40.2503	-40.1743
BLOCK16/SES164/SA164S11	SES206	-1.74902	-41.9233	-40.1743
BLOCK16/SES164/SA164S13	SES099	-1.02661	-42.3398	-41.3132
BLOCK16/SES164/SA164S13	SES104	-1.78405	-43.0972	-41.3132
BLOCK16/SES164/SA164S13	SES125	-2.00675	-43.3199	-41.3132
BLOCK16/SES164/SA164S13	SES206	-1.91416	-43.2273	-41.3132
BLOCK16/SES164/SA164S24	SES002	-0.43948	-41.18	-40.7405
BLOCK16/SES164/SA164S24	SES099	-0.097538	-40.8381	-40.7405
BLOCK16/SES164/SA164S24	SES125	-1.47503	-42.2156	-40.7405
BLOCK16/SES164/SA164S24	SES226	-0.590778	-41.3313	-40.7405
BLOCK16/SES164/SA164S27	SES087	-2.13413	-43.085	-40.9508
BLOCK16/SES164/SA164S27	SES125	-1.20346	-42.1543	-40.9508
BLOCK16/SES164/SA164S27	SES206	-1.66338	-42.6142	-40.9508
BLOCK16/SES164/SA164S27	SES226	-1.31486	-42.2657	-40.9508
BLOCK16/SES164/SA164S29	SES002	0.145058	-40.6012	-40.7463
BLOCK16/SES164/SA164S29	SES019	-1.31522	-42.0615	-40.7463
BLOCK16/SES164/SA164S29	SES125	-1.05106	-41.7973	-40.7463
BLOCK16/SES164/SA164S29	SES226	-0.985451	-41.7317	-40.7463
BLOCK16/SES169/SA169S13	SES117	-1.55112	-42.0735	-40.5224
BLOCK16/SES169/SA169S13	SES144	-1.10843	-41.6309	-40.5224
BLOCK16/SES169/SA169S13	SES146	-1.0539	-41.5763	-40.5224
BLOCK16/SES169/SA169S13	SES162	-1.5474	-42.0698	-40.5224
BLOCK16/SES169/SA169S14	SES144	-0.668945	-40.2125	-39.5436
BLOCK16/SES169/SA169S14	SES148	-1.34757	-40.8911	-39.5436
BLOCK16/SES169/SA169S14	SES177	-1.45653	-41.0001	-39.5436
BLOCK16/SES169/SA169S14	SES180	-2.43919	-41.9828	-39.5436
BLOCK16/SES169/SA169S24	SES117	-0.954277	-42.1004	-41.1461
BLOCK16/SES169/SA169S24	SES144	-0.699917	-41.846	-41.1461
BLOCK16/SES169/SA169S24	SES146	-0.825775	-41.9719	-41.1461
BLOCK16/SES169/SA169S24	SES162	-1.69679	-42.8429	-41.1461
BLOCK16/SES169/SA169S27	SES127	-1.24051	-41.5773	-40.3368
BLOCK16/SES169/SA169S27	SES129	-1.22007	-41.5569	-40.3368
BLOCK16/SES169/SA169S27	SES144	-1.13266	-41.4695	-40.3368
BLOCK16/SES169/SA169S27	SES146	-0.322063	-40.6589	-40.3368
BLOCK16/SES169/SA169S29	SES144	-0.664612	-40.4634	-39.7988
BLOCK16/SES169/SA169S29	SES162	-0.849941	-40.6487	-39.7988
BLOCK16/SES169/SA169S29	SES177	-1.93836	-41.7371	-39.7988
BLOCK16/SES169/SA169S29	SES180	-1.4076	-41.2064	-39.7988
BLOCK17/SES171/SA171S12	SES083	-1.23209	-42.3286	-41.0965
BLOCK17/SES171/SA171S12	SES148	-1.58501	-42.6815	-41.0965
BLOCK17/SES171/SA171S12	SES172	-1.3711	-42.4676	-41.0965
BLOCK17/SES171/SA171S12	SES292	-2.26761	-43.3641	-41.0965
BLOCK17/SES171/SA171S15	SES148	-1.78004	-43.4096	-41.6296
BLOCK17/SES171/SA171S15	SES177	-1.75562	-43.3852	-41.6296
BLOCK17/SES171/SA171S15	SES180	-3.15464	-44.7842	-41.6296
BLOCK17/SES171/SA171S15	SES292	-3.56182	-45.1914	-41.6296
BLOCK17/SES171/SA171S22	SES007	-1.57843	-41.9132	-40.3348
BLOCK17/SES171/SA171S22	SES148	-1.32822	-41.663	-40.3348
BLOCK17/SES171/SA171S22	SES177	-0.724693	-41.0595	-40.3348
BLOCK17/SES171/SA171S22	SES180	-1.90218	-42.237	-40.3348
BLOCK17/SES171/SA171S25	SES101	-2.81681	-44.2323	-41.4155
BLOCK17/SES171/SA171S25	SES120	-2.63764	-44.0531	-41.4155
BLOCK17/SES171/SA171S25	SES177	-0.7356	-42.1511	-41.4155
BLOCK17/SES171/SA171S25	SES180	-2.48969	-43.9051	-41.4155
BLOCK17/SES171/SA171S27	SES177	-0.971169	-41.8142	-40.843
BLOCK17/SES171/SA171S27	SES180	-2.50867	-43.3517	-40.843
BLOCK17/SES171/SA171S27	SES189	-1.02307	-41.8661	-40.843
BLOCK17/SES171/SA171S27	SES292	-2.80193	-43.6449	-40.843
BLOCK17/SES173/SA173S13	SES162	-2.31867	-44.3983	-42.0797
BLOCK17/SES173/SA173S13	SES177	-2.76389	-44.8436	-42.0797
BLOCK17/SES173/SA173S13	SES180	-2.50432	-44.584	-42.0797
BLOCK17/SES173/SA173S13	SES292	-1.49745	-43.5771	-42.0797
BLOCK17/SES173/SA173S14	SES007	-2.22334	-44.1515	-41.9281
BLOCK17/SES173/SA173S14	SES162	-2.08368	-44.0118	-41.9281
BLOCK17/SES173/SA173S14	SES177	-2.02068	-43.9488	-41.9281
BLOCK17/SES173/SA173S14	SES180	-2.73553	-44.6637	-41.9281
BLOCK17/SES173/SA173S24	SES144	-1.56276	-43.9977	-42.4349
BLOCK17/SES173/SA173S24	SES162	-2.48793	-44.9229	-42.4349
BLOCK17/SES173/SA173S24	SES177	-2.63608	-45.071	-42.4349
BLOCK17/SES173/SA173S24	SES180	-3.10302	-45.538	-42.4349
BLOCK17/SES173/SA173S27	SES162	-2.51014	-44.3697	-41.8595
BLOCK17/SES173/SA173S27	SES177	-2.01863	-43.8781	-41.8595
BLOCK17/SES173/SA173S27	SES180	-2.21881	-44.0783	-41.8595
BLOCK17/SES173/SA173S27	SES292	-2.04795	-43.9075	-41.8595
BLOCK17/SES173/SA173S29	SES162	-2.62945	-44.3132	-41.6838
BLOCK17/SES173/SA173S29	SES175	-1.24294	-42.9267	-41.6838
BLOCK17/SES173/SA173S29	SES177	-2.47926	-44.1631	-41.6838
BLOCK17/SES173/SA173S29	SES292	-2.94845	-44.6322	-41.6838
BLOCK18/SES182/SA182S10	SES144	-0.745373	-41.1902	-40.4448
BLOCK18/SES182/SA182S10	SES177	-1.12939	-41.5742	-40.4448
BLOCK18/SES182/SA182S10	SES180	-2.29683	-42.7417	-40.4448
BLOCK18/SES182/SA182S10	SES275	-0.875568	-41.3204	-40.4448
BLOCK18/SES182/SA182S12	SES144	-0.284	-40.6614	-40.3774
BLOCK18/SES182/SA182S12	SES177	-0.588223	-40.9656	-40.3774
BLOCK18/SES182/SA182S12	SES180	-1.13037	-41.5077	-40.3774
BLOCK18/SES182/SA182S12	SES275	-0.924736	-41.3021	-40.3774
BLOCK18/SES182/SA182S21	SES117	-1.3394	-42.7406	-41.4012
BLOCK18/SES182/SA182S21	SES144	-1.00028	-42.4015	-41.4012
BLOCK18/SES182/SA182S21	SES162	-0.857819	-42.2591	-41.4012
BLOCK18/SES182/SA182S21	SES180	-1.48623	-42.8875	-41.4012
BLOCK18/SES182/SA182S23	SES117	-1.14825	-41.9305	-40.7823
BLOCK18/SES182/SA182S23	SES144	-1.36792	-42.1502	-40.7823
BLOCK18/SES182/SA182S23	SES180	-1.66035	-42.4426	-40.7823
BLOCK18/SES182/SA182S23	SES275	-1.10483	-41.8871	-40.7823
BLOCK18/SES182/SA182S25	SES007	-0.755142	-41.5187	-40.7636
BLOCK18/SES182/SA182S25	SES162	-0.534233	-41.2978	-40.7636
BLOCK18/SES182/SA182S25	SES177	-0.817936	-41.5815	-40.7636
BLOCK18/SES182/SA182S25	SES180	-1.45341	-42.217	-40.7636
BLOCK18/SES184/SA184S12	SES177	-2.13006	-42.7032	-40.5731
BLOCK18/SES184/SA184S12	SES180	-1.30172	-41.8749	-40.5731
BLOCK18/SES184/SA184S12	SES189	-2.04368	-42.6168	-40.5731
BLOCK18/SES184/SA184S12	SES292	-2.4531	-43.0262	-40.5731
BLOCK18/SES184/SA184S13	SES101	-1.90561	-42.116	-40.2104
BLOCK18/SES184/SA184S13	SES177	-1.35324	-41.5636	-40.2104
BLOCK18/SES184/SA184S13	SES180	-1.28935	-41.4997	-40.2104
BLOCK18/SES184/SA184S13	SES292	-2.02192	-42.2323	-40.2104
BLOCK18/SES184/SA184S22	SES177	-1.44147	-40.8353	-39.3938
BLOCK18/SES184/SA184S22	SES180	-1.26169	-40.6555	-39.3938
BLOCK18/SES184/SA184S22	SES189	-2.5919	-41.9857	-39.3938
BLOCK18/SES184/SA184S22	SES292	-1.39442	-40.7882	-39.3938
BLOCK18/SES184/SA184S25	SES101	-1.34619	-40.5637	-39.2175
BLOCK18/SES184/SA184S25	SES177	-1.47808	-40.6956	-39.2175
BLOCK18/SES184/SA184S25	SES180	-0.870251	-40.0878	-39.2175
BLOCK18/SES184/SA184S25	SES292	-1.06108	-40.2786	-39.2175
BLOCK18/SES184/SA184S27	SES083	-1.54213	-41.6539	-40.1118
BLOCK18/SES184/SA184S27	SES177	-0.997238	-41.109	-40.1118
BLOCK18/SES184/SA184S27	SES202	-2.19172	-42.3035	-40.1118
BLOCK18/SES184/SA184S27	SES292	-1.24091	-41.3527	-40.1118
BLOCK20/SES204/SA204S12	SES062	-1.69502	-41.1876	-39.4926
BLOCK20/SES204/SA204S12	SES083	-1.89113	-41.3838	-39.4926
BLOCK20/SES204/SA204S12	SES206	-0.833496	-40.3261	-39.4926
BLOCK20/SES204/SA204S12	SES226	-1.85294	-41.3456	-39.4926
BLOCK20/SES204/SA204S14	SES068	-2.18789	-41.2213	-39.0334
BLOCK20/SES204/SA204S14	SES087	-0.143646	-39.1771	-39.0334
BLOCK20/SES204/SA204S14	SES206	-1.05433	-40.0877	-39.0334
BLOCK20/SES204/SA204S14	SES226	-1.32478	-40.3582	-39.0334
BLOCK20/SES204/SA204S22	SES068	-2.96598	-42.6883	-39.7223
BLOCK20/SES204/SA204S22	SES082	-3.08444	-42.8068	-39.7223
BLOCK20/SES204/SA204S22	SES083	-2.25977	-41.9821	-39.7223
BLOCK20/SES204/SA204S22	SES206	-1.09526	-40.8176	-39.7223
BLOCK20/SES204/SA204S25	SES062	-2.16755	-42.1553	-39.9877
BLOCK20/SES204/SA204S25	SES083	-1.94087	-41.9286	-39.9877
BLOCK20/SES204/SA204S25	SES206	-0.881275	-40.869	-39.9877
BLOCK20/SES204/SA204S25	SES226	-1.77054	-41.7583	-39.9877
BLOCK20/SES204/SA204S27	SES068	-2.96536	-43.1655	-40.2002
BLOCK20/SES204/SA204S27	SES082	-2.03573	-42.2359	-40.2002
BLOCK20/SES204/SA204S27	SES087	-0.723148	-40.9233	-40.2002
BLOCK20/SES204/SA204S27	SES206	-0.873882	-41.0741	-40.2002
BLOCK20/SES207/SA207S10	SES127	-1.61158	-42.436	-40.8244
BLOCK20/SES207/SA207S10	SES183	-1.92456	-42.749	-40.8244
BLOCK20/SES207/SA207S10	SES189	-1.28919	-42.1136	-40.8244
BLOCK20/SES207/SA207S10	SES292	-1.61565	-42.4401	-40.8244
BLOCK20/SES207/SA207S11	SES127	-2.51355	-43.148	-40.6345
BLOCK20/SES207/SA207S11	SES183	-2.09215	-42.7266	-40.6345
BLOCK20/SES207/SA207S11	SES187	-1.30573	-41.9402	-40.6345
BLOCK20/SES207/SA207S11	SES292	-1.93801	-42.5725	-40.6345
BLOCK20/SES207/SA207S25	SES068	-1.82247	-42.2662	-40.4437
BLOCK20/SES207/SA207S25	SES083	-2.77705	-43.2208	-40.4437
BLOCK20/SES207/SA207S25	SES127	-1.45841	-41.9021	-40.4437
BLOCK20/SES207/SA207S25	SES187	-0.79752	-41.2413	-40.4437
BLOCK20/SES207/SA207S27	SES127	-1.79156	-42.7201	-40.9286
BLOCK20/SES207/SA207S27	SES183	-1.27499	-42.2036	-40.9286
BLOCK20/SES207/SA207S27	SES187	-1.31022	-42.2388	-40.9286
BLOCK20/SES207/SA207S27	SES292	-1.71772	-42.6463	-40.9286
BLOCK20/SES207/SA207S29	SES083	-2.2772	-42.8738	-40.5966
BLOCK20/SES207/SA207S29	SES085	-1.41105	-42.0076	-40.5966
BLOCK20/SES207/SA207S29	SES172	-1.78848	-42.3851	-40.5966
BLOCK20/SES207/SA207S29	SES189	-1.79454	-42.3911	-40.5966
BLOCK22/SES221/SA221S12	SES068	-2.01317	-42.5215	-40.5083
BLOCK22/SES221/SA221S12	SES143	-1.99067	-42.499	-40.5083
BLOCK22/SES221/SA221S12	SES175	-0.592186	-41.1005	-40.5083
BLOCK22/SES221/SA221S12	SES202	-0.689873	-41.1982	-40.5083
BLOCK22/SES221/SA221S15	SES085	-2.47066	-43.8808	-41.4102
BLOCK22/SES221/SA221S15	SES143	-2.6704	-44.0806	-41.4102
BLOCK22/SES221/SA221S15	SES175	-1.24235	-42.6525	-41.4102
BLOCK22/SES221/SA221S15	SES187	-1.09941	-42.5096	-41.4102
BLOCK22/SES221/SA221S23	SES068	-2.25519	-42.8779	-40.6227
BLOCK22/SES221/SA221S23	SES143	-2.70195	-43.3246	-40.6227
BLOCK22/SES221/SA221S23	SES175	-0.746395	-41.3691	-40.6227
BLOCK22/SES221/SA221S23	SES189	-0.295696	-40.9184	-40.6227
BLOCK22/SES221/SA221S27	SES085	-2.9232	-43.6194	-40.6962
BLOCK22/SES221/SA221S27	SES143	-1.87473	-42.571	-40.6962
BLOCK22/SES221/SA221S27	SES175	-0.876701	-41.5729	-40.6962
BLOCK22/SES221/SA221S27	SES189	0.149811	-40.5464	-40.6962
BLOCK22/SES221/SA221S29	SES085	-3.48359	-45.0517	-41.5681
BLOCK22/SES221/SA221S29	SES143	-2.36195	-43.93	-41.5681
BLOCK22/SES221/SA221S29	SES175	-0.327271	-41.8954	-41.5681
BLOCK22/SES221/SA221S29	SES187	-0.49564	-42.0637	-41.5681
BLOCK22/SES223/SA223S11	SES143	-1.32968	-42.6869	-41.3572
BLOCK22/SES223/SA223S11	SES144	-1.87006	-43.2272	-41.3572
BLOCK22/SES223/SA223S11	SES175	-1.00129	-42.3585	-41.3572
BLOCK22/SES223/SA223S11	SES187	-1.48859	-42.8458	-41.3572
BLOCK22/SES223/SA223S13	SES068	-2.12038	-44.5103	-42.3899
BLOCK22/SES223/SA223S13	SES143	-2.27164	-44.6615	-42.3899
BLOCK22/SES223/SA223S13	SES146	-2.64557	-45.0355	-42.3899
BLOCK22/SES223/SA223S13	SES202	-1.93637	-44.3263	-42.3899
BLOCK22/SES223/SA223S22	SES143	-1.34298	-42.8539	-41.5109
BLOCK22/SES223/SA223S22	SES144	-1.75069	-43.2616	-41.5109
BLOCK22/SES223/SA223S22	SES175	-0.701614	-42.2125	-41.5109
BLOCK22/SES223/SA223S22	SES187	-0.957512	-42.4684	-41.5109
BLOCK22/SES223/SA223S25	SES068	-1.26819	-42.6757	-41.4075
BLOCK22/SES223/SA223S25	SES143	-1.75939	-43.1669	-41.4075
BLOCK22/SES223/SA223S25	SES175	-0.680428	-42.0879	-41.4075
BLOCK22/SES223/SA223S25	SES187	-0.960186	-42.3677	-41.4075
BLOCK22/SES223/SA223S27	SES143	-1.53853	-42.9266	-41.388
BLOCK22/SES223/SA223S27	SES146	-1.65293	-43.041	-41.388
BLOCK22/SES223/SA223S27	SES187	-1.24819	-42.6362	-41.388
BLOCK22/SES223/SA223S27	SES292	-2.16894	-43.557	-41.388
BLOCK27/SES273/SA273S12	SES099	0.00811386	-39.1595	-39.1676
BLOCK27/SES273/SA273S12	SES104	-0.234547	-39.4021	-39.1676
BLOCK27/SES273/SA273S12	SES125	-0.609638	-39.7772	-39.1676
BLOCK27/SES273/SA273S12	SES206	-0.407269	-39.5749	-39.1676
BLOCK27/SES273/SA273S13	SES099	-0.572578	-39.4622	-38.8896
BLOCK27/SES273/SA273S13	SES104	-0.733517	-39.6231	-38.8896
BLOCK27/SES273/SA273S13	SES206	-0.775654	-39.6653	-38.8896
BLOCK27/SES273/SA273S13	SES292	-2.20868	-41.0983	-38.8896
BLOCK27/SES273/SA273S21	SES099	-0.124451	-39.5517	-39.4273
BLOCK27/SES273/SA273S21	SES148	-2.65176	-42.079	-39.4273
BLOCK27/SES273/SA273S21	SES149	-0.958553	-40.3858	-39.4273
BLOCK27/SES273/SA273S21	SES177	-3.87816	-43.3054	-39.4273
BLOCK27/SES273/SA273S25	SES104	-0.859249	-40.237	-39.3777
BLOCK27/SES273/SA273S25	SES125	-1.3283	-40.706	-39.3777
BLOCK27/SES273/SA273S25	SES158	-0.288078	-39.6658	-39.3777
BLOCK27/SES273/SA273S25	SES206	-0.308647	-39.6864	-39.3777
BLOCK27/SES273/SA273S27	SES099	-0.347088	-39.4207	-39.0736
BLOCK27/SES273/SA273S27	SES104	-0.735706	-39.8094	-39.0736
BLOCK27/SES273/SA273S27	SES149	-0.590939	-39.6646	-39.0736
BLOCK27/SES273/SA273S27	SES275	-1.29226	-40.3659	-39.0736
BLOCK27/SES274/SA274S10	SES105	-0.750706	-39.9494	-39.1987
BLOCK27/SES274/SA274S10	SES125	-0.988346	-40.1871	-39.1987
BLOCK27/SES274/SA274S10	SES129	-0.376987	-39.5757	-39.1987
BLOCK27/SES274/SA274S10	SES158	-1.42614	-40.6249	-39.1987
BLOCK27/SES274/SA274S11	SES105	-0.874146	-40.1982	-39.324
BLOCK27/SES274/SA274S11	SES149	-0.921635	-40.2457	-39.324
BLOCK27/SES274/SA274S11	SES158	-0.761978	-40.086	-39.324
BLOCK27/SES274/SA274S11	SES275	-0.264088	-39.5881	-39.324
BLOCK27/SES274/SA274S21	SES105	-0.79171	-40.4528	-39.6611
BLOCK27/SES274/SA274S21	SES129	-0.887924	-40.549	-39.6611
BLOCK27/SES274/SA274S21	SES149	-0.756187	-40.4173	-39.6611
BLOCK27/SES274/SA274S21	SES158	-1.95829	-41.6194	-39.6611
BLOCK27/SES274/SA274S24	SES105	-0.613052	-40.3832	-39.7701
BLOCK27/SES274/SA274S24	SES129	-1.0924	-40.8625	-39.7701
BLOCK27/SES274/SA274S24	SES149	-0.936028	-40.7062	-39.7701
BLOCK27/SES274/SA274S24	SES158	-1.91862	-41.6888	-39.7701
BLOCK27/SES274/SA274S29	SES105	-1.16464	-40.5185	-39.3539
BLOCK27/SES274/SA274S29	SES106	-1.8558	-41.2097	-39.3539
BLOCK27/SES274/SA274S29	SES120	-1.86931	-41.2232	-39.3539
BLOCK27/SES274/SA274S29	SES275	-0.771996	-40.1258	-39.3539
BLOCK27/SES276/SA276S16	SES148	-1.53229	-41.9677	-40.4354
BLOCK27/SES276/SA276S16	SES172	-1.85011	-42.2855	-40.4354
BLOCK27/SES276/SA276S16	SES180	-2.70912	-43.1445	-40.4354
BLOCK27/SES276/SA276S16	SES292	-1.16836	-41.6037	-40.4354
BLOCK27/SES276/SA276S17	SES101	-1.76609	-42.069	-40.3029
BLOCK27/SES276/SA276S17	SES177	-1.91534	-42.2182	-40.3029
BLOCK27/SES276/SA276S17	SES180	-1.70597	-42.0088	-40.3029
BLOCK27/SES276/SA276S17	SES292	-1.94449	-42.2474	-40.3029
BLOCK27/SES276/SA276S24	SES101	-1.2292	-40.6187	-39.3895
BLOCK27/SES276/SA276S24	SES177	-1.7494	-41.1389	-39.3895
BLOCK27/SES276/SA276S24	SES180	-1.72309	-41.1125	-39.3895
BLOCK27/SES276/SA276S24	SES292	-1.75465	-41.1441	-39.3895
BLOCK27/SES276/SA276S26	SES101	-1.92338	-41.7503	-39.8269
BLOCK27/SES276/SA276S26	SES177	-1.50948	-41.3364	-39.8269
BLOCK27/SES276/SA276S26	SES180	-1.11395	-40.9409	-39.8269
BLOCK27/SES276/SA276S26	SES292	-1.06482	-40.8917	-39.8269
BLOCK27/SES276/SA276S28	SES101	-2.19967	-42.0445	-39.8448
BLOCK27/SES276/SA276S28	SES177	-2.38214	-42.2269	-39.8448
BLOCK27/SES276/SA276S28	SES180	-1.43037	-41.2752	-39.8448
BLOCK27/SES276/SA276S28	SES292	-2.03713	-41.8819	-39.8448
BLOCK27/SES277/SA277S12	SES101	-1.12128	-41.8268	-40.7055
BLOCK27/SES277/SA277S12	SES177	-1.43423	-42.1398	-40.7055
BLOCK27/SES277/SA277S12	SES180	-2.23564	-42.9412	-40.7055
BLOCK27/SES277/SA277S12	SES292	-2.50579	-43.2113	-40.7055
BLOCK27/SES277/SA277S14	SES177	-1.15263	-42.5505	-41.3979
BLOCK27/SES277/SA277S14	SES180	-2.02033	-43.4182	-41.3979
BLOCK27/SES277/SA277S14	SES189	-0.820278	-42.2181	-41.3979
BLOCK27/SES277/SA277S14	SES292	-3.22703	-44.6249	-41.3979
BLOCK27/SES277/SA277S21	SES177	-0.762009	-40.9328	-40.1708
BLOCK27/SES277/SA277S21	SES180	-2.431	-42.6018	-40.1708
BLOCK27/SES277/SA277S21	SES189	-1.02845	-41.1992	-40.1708
BLOCK27/SES277/SA277S21	SES292	-2.60569	-42.7764	-40.1708
BLOCK27/SES277/SA277S24	SES144	-1.10407	-42.4505	-41.3464
BLOCK27/SES277/SA277S24	SES177	-0.787666	-42.1341	-41.3464
BLOCK27/SES277/SA277S24	SES180	-2.51779	-43.8642	-41.3464
BLOCK27/SES277/SA277S24	SES189	-1.17728	-42.5237	-41.3464
BLOCK27/SES277/SA277S29	SES177	-0.940693	-40.2996	-39.3589
BLOCK27/SES277/SA277S29	SES180	-1.04448	-40.4034	-39.3589
BLOCK27/SES277/SA277S29	SES202	-1.14398	-40.5029	-39.3589
BLOCK27/SES277/SA277S29	SES292	-1.90238	-41.2613	-39.3589
BLOCK27/SES279/SA279S09	SES120	-1.25911	-40.9554	-39.6963
BLOCK27/SES279/SA279S09	SES146	-1.31052	-41.0068	-39.6963
BLOCK27/SES279/SA279S09	SES206	-1.40831	-41.1046	-39.6963
BLOCK27/SES279/SA279S09	SES226	-1.76833	-41.4646	-39.6963
BLOCK27/SES279/SA279S10	SES099	-0.609642	-40.2843	-39.6746
BLOCK27/SES279/SA279S10	SES206	-0.736179	-40.4108	-39.6746
BLOCK27/SES279/SA279S10	SES226	-1.2689	-40.9435	-39.6746
BLOCK27/SES279/SA279S10	SES292	-1.31041	-40.985	-39.6746
BLOCK27/SES279/SA279S20	SES099	-1.16453	-41.2109	-40.0464
BLOCK27/SES279/SA279S20	SES206	-0.567123	-40.6135	-40.0464
BLOCK27/SES279/SA279S20	SES226	-1.65689	-41.7033	-40.0464
BLOCK27/SES279/SA279S20	SES292	-0.941845	-40.9883	-40.0464
BLOCK27/SES279/SA279S26	SES099	-0.976837	-40.8572	-39.8804
BLOCK27/SES279/SA279S26	SES206	-0.0940437	-39.9744	-39.8804
BLOCK27/SES279/SA279S26	SES226	-0.920959	-40.8013	-39.8804
BLOCK27/SES279/SA279S26	SES292	-1.50266	-41.383	-39.8804
BLOCK27/SES279/SA279S28	SES099	-0.946217	-39.5308	-38.5846
BLOCK27/SES279/SA279S28	SES120	-1.33474	-39.9194	-38.5846
BLOCK27/SES279/SA279S28	SES177	-2.25671	-40.8413	-38.5846
BLOCK27/SES279/SA279S28	SES206	-1.06094	-39.6456	-38.5846
BLOCK29/SES290/SA290S12	SES162	-1.3697	-41.1794	-39.8097
BLOCK29/SES290/SA290S12	SES177	-2.04527	-41.855	-39.8097
BLOCK29/SES290/SA290S12	SES180	-2.13221	-41.9419	-39.8097
BLOCK29/SES290/SA290S12	SES292	-2.61476	-42.4244	-39.8097
BLOCK29/SES290/SA290S13	SES007	-2.79947	-43.4006	-40.6011
BLOCK29/SES290/SA290S13	SES162	-2.45716	-43.0583	-40.6011
BLOCK29/SES290/SA290S13	SES177	-1.19686	-41.798	-40.6011
BLOCK29/SES290/SA290S13	SES180	-2.04291	-42.644	-40.6011
BLOCK29/SES290/SA290S22	SES177	-1.34021	-41.2667	-39.9264
BLOCK29/SES290/SA290S22	SES180	-1.55196	-41.4784	-39.9264
BLOCK29/SES290/SA290S22	SES202	-1.44585	-41.3723	-39.9264
BLOCK29/SES290/SA290S22	SES292	-2.22237	-42.1488	-39.9264
BLOCK29/SES290/SA290S25	SES162	-1.26647	-40.9726	-39.7062
BLOCK29/SES290/SA290S25	SES177	-0.877735	-40.5839	-39.7062
BLOCK29/SES290/SA290S25	SES180	-1.4935	-41.1997	-39.7062
BLOCK29/SES290/SA290S25	SES292	-1.77574	-41.4819	-39.7062
BLOCK29/SES290/SA290S29	SES177	-0.281174	-39.8384	-39.5572
BLOCK29/SES290/SA290S29	SES180	-0.707088	-40.2643	-39.5572
BLOCK29/SES290/SA290S29	SES275	-1.95905	-41.5162	-39.5572
BLOCK29/SES290/SA290S29	SES292	-1.28889	-40.8461	-39.5572
BLOCK29/SES291/SA291S11	SES105	-2.14506	-42.6704	-40.5253
BLOCK29/SES291/SA291S11	SES125	-1.04355	-41.5689	-40.5253
BLOCK29/SES291/SA291S11	SES158	-1.11518	-41.6405	-40.5253
BLOCK29/SES291/SA291S11	SES275	-2.72766	-43.253	-40.5253
BLOCK29/SES291/SA291S12	SES158	0.014801	-39.9342	-39.949
BLOCK29/SES291/SA291S12	SES226	-1.03749	-40.9865	-39.949
BLOCK29/SES291/SA291S12	SES270	0.142395	-39.8066	-39.949
BLOCK29/SES291/SA291S12	SES275	-3.54893	-43.4979	-39.949
BLOCK29/SES291/SA291S22	SES082	-0.844013	-40.8457	-40.0017
BLOCK29/SES291/SA291S22	SES158	-0.820915	-40.8226	-40.0017
BLOCK29/SES291/SA291S22	SES259	-1.25024	-41.252	-40.0017
BLOCK29/SES291/SA291S22	SES275	-2.66687	-42.6686	-40.0017
BLOCK29/SES291/SA291S24	SES104	-0.196568	-39.2258	-39.0293
BLOCK29/SES291/SA291S24	SES125	-0.11763	-39.1469	-39.0293
BLOCK29/SES291/SA291S24	SES158	-0.569916	-39.5992	-39.0293
BLOCK29/SES291/SA291S24	SES275	-2.594	-41.6233	-39.0293
BLOCK29/SES291/SA291S27	SES158	-0.114594	-39.3565	-39.2419
BLOCK29/SES291/SA291S27	SES172	-3.79283	-43.0347	-39.2419
BLOCK29/SES291/SA291S27	SES275	-2.83168	-42.0736	-39.2419
BLOCK29/SES291/SA291S27	SES292	-2.08665	-41.3286	-39.2419
