BLOCK00/SES002/SA002S12	SES002	1.28528	-43.7407	-45.026
BLOCK00/SES002/SA002S13	SES002	1.89489	-43.654	-45.5489
BLOCK00/SES002/SA002S23	SES002	1.57303	-43.5134	-45.0865
BLOCK00/SES002/SA002S26	SES002	1.74052	-43.3495	-45.09
BLOCK00/SES002/SA002S28	SES002	1.01108	-44.1247	-45.1358
BLOCK00/SES007/SA007S14	SES007	1.04357	-43.165	-44.2086
BLOCK00/SES007/SA007S15	SES007	0.655731	-44.5852	-45.241
BLOCK00/SES007/SA007S24	SES007	0.544865	-44.6367	-45.1815
BLOCK00/SES007/SA007S27	SES007	0.315258	-45.2171	-45.5323
BLOCK00/SES007/SA007S29	SES007	0.22113	-44.1292	-44.3504
BLOCK00/SES008/SA008S11	SES008	0.933525	-44.3338	-45.2673
BLOCK00/SES008/SA008S12	SES008	0.330898	-45.1665	-45.4973
BLOCK00/SES008/SA008S19	SES008	1.44289	-43.8512	-45.2941
BLOCK00/SES008/SA008S22	SES008	1.35793	-44.3192	-45.6771
BLOCK00/SES008/SA008S29	SES008	1.09444	-43.8537	-44.9482
BLOCK01/SES014/SA014S10	SES014	2.19988	-43.4182	-45.6181
BLOCK01/SES014/SA014S12	SES014	2.55815	-41.6371	-44.1952
BLOCK01/SES014/SA014S24	SES014	1.36349	-43.6352	-44.9987
BLOCK01/SES014/SA014S26	SES014	2.56127	-41.1303	-43.6916
BLOCK01/SES014/SA014S28	SES014	2.68393	-41.5662	-44.2501
BLOCK01/SES016/SA016S12	SES016	1.44302	-45.4391	-46.8821
BLOCK01/SES016/SA016S13	SES016	1.20274	-44.3295	-45.5322
BLOCK01/SES016/SA016S22	SES016	0.13052	-45.3972	-45.5277
BLOCK01/SES016/SA016S25	SES016	1.38828	-42.4875	-43.8758
BLOCK01/SES016/SA016S27	SES016	1.99193	-42.5637	-44.5556
BLOCK01/SES019/SA019S13	SES019	2.96591	-44.1121	-47.078
BLOCK01/SES019/SA019S14	SES019	1.82072	-44.6094	-46.4301
BLOCK01/SES019/SA019S22	SES019	2.70432	-43.9418	-46.6461
BLOCK01/SES019/SA019S25	SES019	2.52839	-44.2526	-46.781
BLOCK01/SES019/SA019S29	SES019	3.24096	-43.8025	-47.0434
BLOCK02/SES029/SA029S11	SES029	1.06139	-44.0425	-45.1039
BLOCK02/SES029/SA029S12	SES029	0.0817375	-44.6163	-44.698
BLOCK02/SES029/SA029S20	SES029	0.496319	-45.2701	-45.7665
BLOCK02/SES029/SA029S25	SES029	0.467442	-44.0787	-44.5462
BLOCK02/SES029/SA029S28	SES029	0.362705	-44.8488	-45.2115
BLOCK04/SES042/SA042S12	SES042	2.27582	-42.5792	-44.855
BLOCK04/SES042/SA042S15	SES042	2.2081	-43.1137	-45.3218
BLOCK04/SES042/SA042S22	SES042	3.18364	-41.4214	-44.605
BLOCK04/SES042/SA042S25	SES042	1.99618	-44.2322	-46.2284
BLOCK04/SES042/SA042S27	SES042	1.84104	-42.9145	-44.7555
BLOCK04/SES048/SA048S11	SES048	1.3146	-43.8554	-45.17
BLOCK04/SES048/SA048S12	SES048	0.663563	-44.1776	-44.8411
BLOCK04/SES048/SA048S20	SES048	0.955383	-43.8305	-44.7859
BLOCK04/SES048/SA048S23	SES048	1.27903	-44.3471	-45.6261
BLOCK04/SES048/SA048S27	SES048	0.835693	-43.6147	-44.4504
BLOCK06/SES060/SA060S11	SES060	1.49373	-43.6029	-45.0966
BLOCK06/SES060/SA060S12	SES060	-1.38858	-46.1661	-44.7775
BLOCK06/SES060/SA060S22	SES060	-0.0795708	-45.7058	-45.6262
BLOCK06/SES060/SA060S24	SES060	1.12751	-43.7862	-44.9137
BLOCK06/SES060/SA060S28	SES060	1.12355	-42.2982	-43.4218
BLOCK06/SES062/SA062S10	SES062	0.772873	-44.0852	-44.858
BLOCK06/SES062/SA062S11	SES062	1.23174	-43.5028	-44.7345
BLOCK06/SES062/SA062S21	SES062	2.14719	-41.4954	-43.6426
BLOCK06/SES062/SA062S26	SES062	0.594521	-43.2545	-43.849
BLOCK06/SES062/SA062S29	SES062	1.44795	-42.5226	-43.9706
BLOCK06/SES068/SA068S14	SES068	0.532383	-44.3729	-44.9053
BLOCK06/SES068/SA068S15	SES068	1.00996	-43.3841	-44.3941
BLOCK06/SES068/SA068S23	SES068	0.675755	-44.7862	-45.4619
BLOCK06/SES068/SA068S27	SES068	1.54871	-42.7806	-44.3293
BLOCK06/SES068/SA068S29	SES068	0.805786	-43.8168	-44.6226
BLOCK08/SES082/SA082S12	SES082	0.810799	-45.5398	-46.3506
BLOCK08/SES082/SA082S14	SES082	0.499191	-45.7239	-46.2231
BLOCK08/SES082/SA082S21	SES082	0.870724	-44.8447	-45.7154
BLOCK08/SES082/SA082S24	SES082	1.15569	-44.3204	-45.4761
BLOCK08/SES082/SA082S28	SES082	0.215851	-45.5589	-45.7747
BLOCK08/SES083/SA083S14	SES083	-0.565689	-45.3377	-44.772
BLOCK08/SES083/SA083S15	SES083	0.160088	-44.7802	-44.9403
BLOCK08/SES083/SA083S24	SES083	-0.0192566	-45.0094	-44.9902
BLOCK08/SES083/SA083S26	SES083	0.772812	-44.0602	-44.833
BLOCK08/SES083/SA083S29	SES083	-0.365166	-44.7587	-44.3935
BLOCK08/SES085/SA085S10	SES085	0.0469208	-44.5853	-44.6322
BLOCK08/SES085/SA085S13	SES085	0.237289	-45.0612	-45.2985
BLOCK08/SES085/SA085S22	SES085	-1.67364	-46.5506	-44.877
BLOCK08/SES085/SA085S26	SES085	-0.782429	-45.2347	-44.4523
BLOCK08/SES085/SA085S28	SES085	0.462543	-44.4611	-44.9237
BLOCK08/SES087/SA087S15	SES087	1.63293	-44.1119	-45.7448
BLOCK08/SES087/SA087S16	SES087	1.70936	-44.0384	-45.7477
BLOCK08/SES087/SA087S24	SES087	1.91166	-43.8798	-45.7914
BLOCK08/SES087/SA087S26	SES087	1.53155	-42.8904	-44.422
BLOCK08/SES087/SA087S29	SES087	1.76683	-44.0533	-45.8201
BLOCK09/SES099/SA099S15	SES099	1.09121	-44.779	-45.8702
BLOCK09/SES099/SA099S16	SES099	1.12102	-44.3901	-45.5112
BLOCK09/SES099/SA099S24	SES099	1.53831	-43.5746	-45.1129
BLOCK09/SES099/SA099S26	SES099	1.25261	-43.952	-45.2046
BLOCK09/SES099/SA099S29	SES099	1.41407	-43.8451	-45.2592
BLOCK10/SES101/SA101S11	SES101	0.390358	-44.1049	-44.4952
BLOCK10/SES101/SA101S13	SES101	1.22602	-43.3137	-44.5398
BLOCK10/SES101/SA101S22	SES101	1.10427	-44.5344	-45.6387
BLOCK10/SES101/SA101S24	SES101	1.3246	-43.977	-45.3016
BLOCK10/SES101/SA101S28	SES101	0.203812	-45.0167	-45.2205
BLOCK10/SES104/SA104S11	SES104	1.49593	-42.8763	-44.3722
BLOCK10/SES104/SA104S12	SES104	1.504	-42.9493	-44.4533
BLOCK10/SES104/SA104S21	SES104	1.20884	-43.8112	-45.02
BLOCK10/SES104/SA104S24	SES104	0.886333	-44.4318	-45.3181
BLOCK10/SES104/SA104S28	SES104	1.1254	-44.0711	-45.1965
BLOCK10/SES105/SA105S12	SES105	0.644337	-45.3018	-45.9462
BLOCK10/SES105/SA105S13	SES105	0.993786	-44.7753	-45.769
BLOCK10/SES105/SA105S22	SES105	0.317394	-46.0212	-46.3386
BLOCK10/SES105/SA105S26	SES105	1.44609	-44.6865	-46.1326
BLOCK10/SES105/SA105S29	SES105	0.581963	-44.8538	-45.4358
BLOCK10/SES106/SA106S09	SES106	1.46109	-45.1019	-46.563
BLOCK10/SES106/SA106S11	SES106	1.49453	-43.5184	-45.0129
BLOCK10/SES106/SA106S22	SES106	2.39735	-43.9555	-46.3529
BLOCK10/SES106/SA106S27	SES106	1.33607	-44.1981	-45.5342
BLOCK10/SES106/SA106S29	SES106	1.12545	-44.1044	-45.2299
BLOCK11/SES117/SA117S12	SES117	0.848797	-44.6146	-45.4634
BLOCK11/SES117/SA117S13	SES117	0.472576	-44.4001	-44.8726
BLOCK11/SES117/SA117S23	SES117	1.52072	-45.1957	-46.7164
BLOCK11/SES117/SA117S25	SES117	0.671818	-45.5203	-46.1921
BLOCK11/SES117/SA117S28	SES117	0.98362	-45.3259	-46.3095
BLOCK12/SES120/SA120S08	SES120	1.35682	-45.5839	-46.9407
BLOCK12/SES120/SA120S11	SES120	0.997227	-46.7115	-47.7087
BLOCK12/SES120/SA120S22	SES120	0.681049	-44.8807	-45.5618
BLOCK12/SES120/SA120S24	SES120	0.345119	-45.5704	-45.9155
BLOCK12/SES120/SA120S28	SES120	0.142704	-46.7104	-46.8531
BLOCK12/SES125/SA125S13	SES125	1.98786	-43.0321	-45.02
BLOCK12/SES125/SA125S14	SES125	1.23051	-44.0556	-45.2861
BLOCK12/SES125/SA125S25	SES125	1.9823	-43.3592	-45.3415
BLOCK12/SES125/SA125S27	SES125	1.67462	-42.8467	-44.5213
BLOCK12/SES125/SA125S29	SES125	1.92446	-43.2618	-45.1863
BLOCK12/SES127/SA127S11	SES127	0.891411	-44.4271	-45.3185
BLOCK12/SES127/SA127S12	SES127	-0.603161	-44.9442	-44.3411
BLOCK12/SES127/SA127S23	SES127	0.317966	-44.6314	-44.9494
BLOCK12/SES127/SA127S25	SES127	-0.649471	-45.2949	-44.6455
BLOCK12/SES127/SA127S27	SES127	0.865837	-44.06	-44.9258
BLOCK12/SES129/SA129S11	SES129	1.38808	-43.5201	-44.9082
BLOCK12/SES129/SA129S12	SES129	1.42411	-43.21	-44.6341
BLOCK12/SES129/SA129S22	SES129	1.3854	-43.6163	-45.0017
BLOCK12/SES129/SA129S27	SES129	1.51226	-43.3439	-44.8561
BLOCK12/SES129/SA129S29	SES129	1.8021	-43.0577	-44.8598
BLOCK14/SES142/SA142S11	SES142	1.45032	-44.2944	-45.7448
BLOCK14/SES142/SA142S12	SES142	0.3111	-45.5904	-45.9015
BLOCK14/SES142/SA142S24	SES142	1.35088	-44.3659	-45.7167
BLOCK14/SES142/SA142S27	SES142	1.92849	-43.7875	-45.716
BLOCK14/SES142/SA142S29	SES142	1.84772	-43.1931	-45.0408
BLOCK14/SES143/SA143S12	SES143	0.87096	-44.673	-45.5439
BLOCK14/SES143/SA143S13	SES143	0.740505	-44.9521	-45.6927
BLOCK14/SES143/SA143S23	SES143	0.755169	-45.1598	-45.9149
BLOCK14/SES143/SA143S25	SES143	0.62262	-44.7011	-45.3237
BLOCK14/SES143/SA143S28	SES143	1.04371	-44.0186	-45.0623
BLOCK14/SES144/SA144S09	SES144	0.840988	-44.4853	-45.3263
BLOCK14/SES144/SA144S11	SES144	0.841873	-45.3407	-46.1826
BLOCK14/SES144/SA144S21	SES144	0.28027	-45.2586	-45.5389
BLOCK14/SES144/SA144S25	SES144	0.436993	-45.4234	-45.8604
BLOCK14/SES144/SA144S29	SES144	0.0795021	-45.137	-45.2165
BLOCK14/SES146/SA146S14	SES146	0.673298	-45.2365	-45.9098
BLOCK14/SES146/SA146S15	SES146	0.303856	-45.2339	-45.5377
BLOCK14/SES146/SA146S24	SES146	0.366585	-45.1358	-45.5023
BLOCK14/SES146/SA146S26	SES146	0.840092	-45.3409	-46.181
BLOCK14/SES146/SA146S29	SES146	0.185711	-46.1887	-46.3744
BLOCK14/SES147/SA147S11	SES147	1.52501	-44.7304	-46.2555
BLOCK14/SES147/SA147S13	SES147	1.99342	-43.5764	-45.5698
BLOCK14/SES147/SA147S23	SES147	1.36896	-44.9946	-46.3635
BLOCK14/SES147/SA147S26	SES147	1.16037	-44.905	-46.0654
BLOCK14/SES147/SA147S28	SES147	1.99718	-43.9176	-45.9148
BLOCK14/SES148/SA148S10	SES148	1.12957	-44.0265	-45.156
BLOCK14/SES148/SA148S12	SES148	0.473103	-45.1616	-45.6348
BLOCK14/SES148/SA148S22	SES148	0.88419	-43.6423	-44.5265
BLOCK14/SES148/SA148S26	SES148	0.464272	-44.3502	-44.8145
BLOCK14/SES148/SA148S29	SES148	0.513489	-45.067	-45.5804
BLOCK14/SES149/SA149S13	SES149	-0.0850868	-45.2607	-45.1756
BLOCK14/SES149/SA149S14	SES149	0.574368	-44.1083	-44.6827
BLOCK14/SES149/SA149S24	SES149	1.38145	-43.8713	-45.2527
BLOCK14/SES149/SA149S26	SES149	1.89222	-43.253	-45.1452
BLOCK14/SES149/SA149S28	SES149	2.12468	-42.7157	-44.8404
BLOCK15/SES158/SA158S13	SES158	1.02633	-44.9304	-45.9567
BLOCK15/SES158/SA158S14	SES158	1.64272	-44.6354	-46.2781
BLOCK15/SES158/SA158S23	SES158	0.859058	-44.6422	-45.5012
BLOCK15/SES158/SA158S26	SES158	1.6967	-44.1712	-45.8679
BLOCK15/SES158/SA158S28	SES158	0.95919	-44.8855	-45.8447
BLOCK16/SES162/SA162S10	SES162	0.821709	-45.5309	-46.3526
BLOCK16/SES162/SA162S11	SES162	0.908337	-44.3188	-45.2271
BLOCK16/SES162/SA162S21	SES162	1.56955	-44.284	-45.8536
BLOCK16/SES162/SA162S24	SES162	0.838135	-44.9225	-45.7606
BLOCK16/SES162/SA162S27	SES162	1.33219	-44.9315	-46.2637
BLOCK16/SES167/SA167S14	SES167	0.829327	-43.5003	-44.3296
BLOCK16/SES167/SA167S15	SES167	1.42521	-44.0662	-45.4914
BLOCK16/SES167/SA167S21	SES167	1.23139	-42.9711	-44.2025
BLOCK16/SES167/SA167S25	SES167	1.60122	-43.8327	-45.4339
BLOCK16/SES167/SA167S29	SES167	1.85272	-42.5475	-44.4002
BLOCK17/SES172/SA172S12	SES172	1.22394	-44.3503	-45.5742
BLOCK17/SES172/SA172S13	SES172	1.78671	-44.0871	-45.8738
BLOCK17/SES172/SA172S23	SES172	0.936275	-43.1189	-44.0552
BLOCK17/SES172/SA172S27	SES172	0.633038	-44.6923	-45.3253
BLOCK17/SES172/SA172S29	SES172	1.3166	-44.2769	-45.5935
BLOCK17/SES175/SA175S11	SES175	1.44543	-43.9908	-45.4363
BLOCK17/SES175/SA175S13	SES175	1.0388	-44.1617	-45.2005
BLOCK17/SES175/SA175S23	SES175	1.32647	-44.3498	-45.6763
BLOCK17/SES175/SA175S25	SES175	0.600792	-45.9409	-46.5417
BLOCK17/SES175/SA175S28	SES175	0.958649	-44.0587	-45.0173
BLOCK17/SES177/SA177S15	SES177	-0.109375	-45.2164	-45.107
BLOCK17/SES177/SA177S17	SES177	0.148926	-44.8845	-45.0334
BLOCK17/SES177/SA177S23	SES177	-0.183907	-45.5018	-45.3179
BLOCK17/SES177/SA177S26	SES177	0.42577	-43.2781	-43.7038
BLOCK17/SES177/SA177S28	SES177	0.493015	-43.8622	-44.3552
BLOCK18/SES180/SA180S13	SES180	0.561123	-44.6687	-45.2298
BLOCK18/SES180/SA180S15	SES180	0.646515	-44.8815	-45.528
BLOCK18/SES180/SA180S24	SES180	0.618774	-43.448	-44.0668
BLOCK18/SES180/SA180S26	SES180	0.735878	-44.004	-44.7398
BLOCK18/SES180/SA180S29	SES180	0.793709	-44.8625	-45.6562
BLOCK18/SES183/SA183S13	SES183	0.782852	-45.2752	-46.0581
BLOCK18/SES183/SA183S14	SES183	0.628185	-45.2164	-45.8446
BLOCK18/SES183/SA183S24	SES183	1.04216	-45.0296	-46.0718
BLOCK18/SES183/SA183S27	SES183	0.96743	-44.722	-45.6894
BLOCK18/SES183/SA183S29	SES183	1.13829	-44.1756	-45.3138
BLOCK18/SES187/SA187S13	SES187	0.734653	-45.3477	-46.0824
BLOCK18/SES187/SA187S14	SES187	0.787125	-45.3143	-46.1015
BLOCK18/SES187/SA187S24	SES187	0.73745	-44.7174	-45.4549
BLOCK18/SES187/SA187S27	SES187	0.962177	-44.4666	-45.4287
BLOCK18/SES187/SA187S29	SES187	0.783356	-45.0054	-45.7887
BLOCK18/SES189/SA189S10	SES189	1.26676	-46.264	-47.5308
BLOCK18/SES189/SA189S13	SES189	1.5084	-46.7788	-48.2872
BLOCK18/SES189/SA189S24	SES189	1.52803	-45.6134	-47.1414
BLOCK18/SES189/SA189S26	SES189	0.970844	-45.6022	-46.573
BLOCK18/SES189/SA189S29	SES189	1.71122	-45.2071	-46.9183
BLOCK20/SES202/SA202S12	SES202	1.31371	-45.4934	-46.8071
BLOCK20/SES202/SA202S14	SES202	2.50603	-43.7676	-46.2736
BLOCK20/SES202/SA202S24	SES202	1.4431	-44.6735	-46.1166
BLOCK20/SES202/SA202S27	SES202	1.49497	-43.4509	-44.9459
BLOCK20/SES202/SA202S29	SES202	1.89521	-43.2441	-45.1393
BLOCK20/SES206/SA206S15	SES206	0.118347	-44.3265	-44.4448
BLOCK20/SES206/SA206S17	SES206	1.55603	-43.0358	-44.5919
BLOCK20/SES206/SA206S24	SES206	1.52726	-43.0198	-44.547
BLOCK20/SES206/SA206S27	SES206	1.73179	-43.5628	-45.2946
BLOCK20/SES206/SA206S29	SES206	1.56762	-42.7568	-44.3245
BLOCK22/SES226/SA226S12	SES226	1.38574	-44.6967	-46.0825
BLOCK22/SES226/SA226S13	SES226	-0.0295563	-45.7195	-45.6899
BLOCK22/SES226/SA226S20	SES226	1.2409	-44.7874	-46.0283
BLOCK22/SES226/SA226S23	SES226	1.68811	-43.719	-45.4071
BLOCK22/SES226/SA226S28	SES226	1.92306	-43.517	-45.4401
BLOCK25/SES259/SA259S13	SES259	3.00214	-42.4628	-45.4649
BLOCK25/SES259/SA259S14	SES259	1.79942	-43.5213	-45.3207
BLOCK25/SES259/SA259S22	SES259	1.39622	-43.7217	-45.1179
BLOCK25/SES259/SA259S24	SES259	1.68791	-42.9877	-44.6756
BLOCK25/SES259/SA259S28	SES259	1.74625	-42.9111	-44.6574
BLOCK27/SES270/SA270S14	SES270	1.95189	-44.8478	-46.7997
BLOCK27/SES270/SA270S16	SES270	0.754894	-44.8903	-45.6452
BLOCK27/SES270/SA270S22	SES270	2.48659	-43.7778	-46.2644
BLOCK27/SES270/SA270S26	SES270	1.34938	-45.4364	-46.7858
BLOCK27/SES270/SA270S28	SES270	0.714497	-44.6115	-45.326
BLOCK27/SES275/SA275S17	SES275	1.20799	-45.0295	-46.2375
BLOCK27/SES275/SA275S18	SES275	0.0905876	-45.2384	-45.329
BLOCK27/SES275/SA275S24	SES275	0.605465	-46.1285	-46.734
BLOCK27/SES275/SA275S26	SES275	1.13366	-44.2135	-45.3472
BLOCK27/SES275/SA275S28	SES275	0.364952	-44.8381	-45.203
BLOCK29/SES292/SA292S10	SES292	0.0422897	-45.3234	-45.3657
BLOCK29/SES292/SA292S12	SES292	0.0338898	-45.7681	-45.802
BLOCK29/SES292/SA292S22	SES292	0.902336	-44.0191	-44.9214
BLOCK29/SES292/SA292S24	SES292	0.236584	-44.6668	-44.9034
BLOCK29/SES292/SA292S27	SES292	0.054615	-44.3923	-44.4469
BLOCK00/SES001/SA001S14	SES062	-1.75412	-47.5089	-45.7548
BLOCK00/SES001/SA001S14	SES082	-2.24022	-47.995	-45.7548
BLOCK00/SES001/SA001S14	SES106	-1.6418	-47.3966	-45.7548
BLOCK00/SES001/SA001S14	SES206	-1.95994	-47.7147	-45.7548
BLOCK00/SES001/SA001S15	SES062	-1.56127	-46.4748	-44.9135
BLOCK00/SES001/SA001S15	SES104	-2.57263	-47.4861	-44.9135
BLOCK00/SES001/SA001S15	SES106	-1.70988	-46.6234	-44.9135
BLOCK00/SES001/SA001S15	SES206	-1.81358	-46.7271	-44.9135
BLOCK00/SES001/SA001S24	SES062	-2.74098	-48.7581	-46.0172
BLOCK00/SES001/SA001S24	SES082	-2.45927	-48.4764	-46.0172
BLOCK00/SES001/SA001S24	SES087	-2.22863	-48.2458	-46.0172
BLOCK00/SES001/SA001S24	SES206	-1.70319	-47.7203	-46.0172
BLOCK00/SES001/SA001S27	SES062	-1.42845	-46.325	-44.8966
BLOCK00/SES001/SA001S27	SES082	-2.5476	-47.4442	-44.8966
BLOCK00/SES001/SA001S27	SES087	-2.74855	-47.6451	-44.8966
BLOCK00/SES001/SA001S27	SES206	-2.65859	-47.5552	-44.8966
BLOCK00/SES001/SA001S29	SES062	-2.6058	-48.4721	-45.8662
BLOCK00/SES001/SA001S29	SES082	-2.12043	-47.9867	-45.8662
BLOCK00/SES001/SA001S29	SES158	-1.13997	-47.0062	-45.8662
BLOCK00/SES001/SA001S29	SES206	-3.04609	-48.9123	-45.8662
BLOCK00/SES003/SA003S11	SES002	-0.459484	-46.1626	-45.7031
BLOCK00/SES003/SA003S11	SES019	-1.02549	-46.7286	-45.7031
BLOCK00/SES003/SA003S11	SES082	0.25481	-45.4483	-45.7031
BLOCK00/SES003/SA003S11	SES125	-1.17007	-46.8732	-45.7031
BLOCK00/SES003/SA003S15	SES016	-3.2282	-48.4668	-45.2386
BLOCK00/SES003/SA003S15	SES019	-0.779728	-46.0184	-45.2386
BLOCK00/SES003/SA003S15	SES062	-1.51538	-46.754	-45.2386
BLOCK00/SES003/SA003S15	SES206	-1.35218	-46.5908	-45.2386
BLOCK00/SES003/SA003S22	SES002	-1.39873	-46.5755	-45.1768
BLOCK00/SES003/SA003S22	SES062	-1.25567	-46.4325	-45.1768
BLOCK00/SES003/SA003S22	SES082	-0.598492	-45.7753	-45.1768
BLOCK00/SES003/SA003S22	SES087	-0.976498	-46.1533	-45.1768
BLOCK00/SES003/SA003S25	SES062	-2.3362	-48.2056	-45.8694
BLOCK00/SES003/SA003S25	SES082	-0.244682	-46.1141	-45.8694
BLOCK00/SES003/SA003S25	SES087	-0.710838	-46.5802	-45.8694
BLOCK00/SES003/SA003S25	SES206	-1.17154	-47.0409	-45.8694
BLOCK00/SES003/SA003S29	SES002	-1.26717	-47.0413	-45.7741
BLOCK00/SES003/SA003S29	SES062	-2.06807	-47.8422	-45.7741
BLOCK00/SES003/SA003S29	SES082	-0.306705	-46.0808	-45.7741
BLOCK00/SES003/SA003S29	SES087	-1.32669	-47.1008	-45.7741
BLOCK00/SES004/SA004S12	SES083	-2.60886	-48.3046	-45.6957
BLOCK00/SES004/SA004S12	SES148	-1.97523	-47.671	-45.6957
BLOCK00/SES004/SA004S12	SES172	-1.45878	-47.1545	-45.6957
BLOCK00/SES004/SA004S12	SES292	-1.99725	-47.693	-45.6957
BLOCK00/SES004/SA004S17	SES083	-2.0568	-48.0749	-46.0181
BLOCK00/SES004/SA004S17	SES162	-1.19369	-47.2118	-46.0181
BLOCK00/SES004/SA004S17	SES172	-2.1969	-48.215	-46.0181
BLOCK00/SES004/SA004S17	SES292	-1.91003	-47.9281	-46.0181
BLOCK00/SES004/SA004S24	SES083	-2.20516	-47.2813	-45.0761
BLOCK00/SES004/SA004S24	SES148	-1.96459	-47.0407	-45.0761
BLOCK00/SES004/SA004S24	SES172	-1.20522	-46.2813	-45.0761
BLOCK00/SES004/SA004S24	SES292	-1.5081	-46.5842	-45.0761
BLOCK00/SES004/SA004S26	SES083	-2.08128	-47.4045	-45.3232
BLOCK00/SES004/SA004S26	SES127	-1.18683	-46.51	-45.3232
BLOCK00/SES004/SA004S26	SES148	-2.1562	-47.4794	-45.3232
BLOCK00/SES004/SA004S26	SES292	-1.73307	-47.0563	-45.3232
BLOCK00/SES004/SA004S28	SES083	-2.30311	-46.9593	-44.6561
BLOCK00/SES004/SA004S28	SES127	-1.5316	-46.1877	-44.6561
BLOCK00/SES004/SA004S28	SES187	-0.935001	-45.5911	-44.6561
BLOCK00/SES004/SA004S28	SES292	-2.41101	-47.0672	-44.6561
BLOCK00/SES006/SA006S10	SES014	-2.89219	-50.662	-47.7698
BLOCK00/SES006/SA006S10	SES158	-0.738693	-48.5085	-47.7698
BLOCK00/SES006/SA006S10	SES226	-3.37005	-51.1399	-47.7698
BLOCK00/SES006/SA006S10	SES270	-0.591084	-48.3609	-47.7698
BLOCK00/SES006/SA006S11	SES158	-0.99913	-48.5056	-47.5065
BLOCK00/SES006/SA006S11	SES226	-2.52562	-50.0321	-47.5065
BLOCK00/SES006/SA006S11	SES270	-0.344082	-47.8506	-47.5065
BLOCK00/SES006/SA006S11	SES275	-2.71437	-50.2209	-47.5065
BLOCK00/SES006/SA006S23	SES062	-2.53106	-48.8975	-46.3664
BLOCK00/SES006/SA006S23	SES105	-2.16877	-48.5352	-46.3664
BLOCK00/SES006/SA006S23	SES158	-0.946163	-47.3126	-46.3664
BLOCK00/SES006/SA006S23	SES275	-1.82394	-48.1903	-46.3664
BLOCK00/SES006/SA006S26	SES104	-1.79224	-47.9986	-46.2063
BLOCK00/SES006/SA006S26	SES158	0.0449905	-46.1614	-46.2063
BLOCK00/SES006/SA006S26	SES270	0.407448	-45.7989	-46.2063
BLOCK00/SES006/SA006S26	SES275	-2.51081	-48.7172	-46.2063
BLOCK00/SES006/SA006S28	SES007	-2.23304	-49.2473	-47.0143
BLOCK00/SES006/SA006S28	SES105	-2.61225	-49.6265	-47.0143
BLOCK00/SES006/SA006S28	SES158	-1.0677	-48.082	-47.0143
BLOCK00/SES006/SA006S28	SES275	-2.76033	-49.7746	-47.0143
BLOCK00/SES009/SA009S12	SES083	-1.95568	-47.1262	-45.1706
BLOCK00/SES009/SA009S12	SES148	-1.16844	-46.339	-45.1706
BLOCK00/SES009/SA009S12	SES177	-1.37003	-46.5406	-45.1706
BLOCK00/SES009/SA009S12	SES292	-1.04718	-46.2177	-45.1706
BLOCK00/SES009/SA009S15	SES007	-0.124905	-44.4292	-44.3043
BLOCK00/SES009/SA009S15	SES099	-5.53573	-49.84	-44.3043
BLOCK00/SES009/SA009S15	SES148	-1.99928	-46.3036	-44.3043
BLOCK00/SES009/SA009S15	SES172	-1.70685	-46.0112	-44.3043
BLOCK00/SES009/SA009S24	SES146	-0.989773	-45.6353	-44.6455
BLOCK00/SES009/SA009S24	SES148	-1.49792	-46.1434	-44.6455
BLOCK00/SES009/SA009S24	SES177	-1.10134	-45.7469	-44.6455
BLOCK00/SES009/SA009S24	SES292	-1.3047	-45.9502	-44.6455
BLOCK00/SES009/SA009S26	SES083	-2.15751	-47.3203	-45.1628
BLOCK00/SES009/SA009S26	SES101	-1.83241	-46.9952	-45.1628
BLOCK00/SES009/SA009S26	SES120	-1.08683	-46.2496	-45.1628
BLOCK00/SES009/SA009S26	SES177	-1.60008	-46.7629	-45.1628
BLOCK00/SES009/SA009S29	SES083	-1.65107	-46.3048	-44.6537
BLOCK00/SES009/SA009S29	SES101	-1.30128	-45.955	-44.6537
BLOCK00/SES009/SA009S29	SES177	-1.39801	-46.0518	-44.6537
BLOCK00/SES009/SA009S29	SES292	-1.31564	-45.9694	-44.6537
BLOCK01/SES011/SA011S10	SES019	-0.771126	-46.6395	-45.8684
BLOCK01/SES011/SA011S10	SES042	-0.286846	-46.1553	-45.8684
BLOCK01/SES011/SA011S10	SES082	-1.6056	-47.474	-45.8684
BLOCK01/SES011/SA011S10	SES206	-0.585865	-46.4543	-45.8684
BLOCK01/SES011/SA011S11	SES019	-0.738361	-47.3955	-46.6571
BLOCK01/SES011/SA011S11	SES042	-0.613941	-47.2711	-46.6571
BLOCK01/SES011/SA011S11	SES082	-2.15862	-48.8158	-46.6571
BLOCK01/SES011/SA011S11	SES206	-0.273342	-46.9305	-46.6571
BLOCK01/SES011/SA011S22	SES019	0.235966	-46.1985	-46.4345
BLOCK01/SES011/SA011S22	SES042	0.160271	-46.2742	-46.4345
BLOCK01/SES011/SA011S22	SES082	-1.34802	-47.7825	-46.4345
BLOCK01/SES011/SA011S22	SES206	-0.340961	-46.7755	-46.4345
BLOCK01/SES011/SA011S24	SES019	-0.521397	-46.1316	-45.6102
BLOCK01/SES011/SA011S24	SES042	-0.185112	-45.7954	-45.6102
BLOCK01/SES011/SA011S24	SES104	-0.980778	-46.591	-45.6102
BLOCK01/SES011/SA011S24	SES206	-0.267178	-45.8774	-45.6102
BLOCK01/SES011/SA011S27	SES082	0.359093	-44.9766	-45.3357
BLOCK01/SES011/SA011S27	SES087	-0.901596	-46.2373	-45.3357
BLOCK01/SES011/SA011S27	SES125	-0.39925	-45.735	-45.3357
BLOCK01/SES011/SA011S27	SES206	-0.243427	-45.5791	-45.3357
BLOCK01/SES012/SA012S11	SES007	-1.98552	-46.2401	-44.2545
BLOCK01/SES012/SA012S11	SES082	-1.51433	-45.7689	-44.2545
BLOCK01/SES012/SA012S11	SES083	-2.30259	-46.5571	-44.2545
BLOCK01/SES012/SA012S11	SES206	-0.992092	-45.2466	-44.2545
BLOCK01/SES012/SA012S14	SES082	-1.07125	-46.2527	-45.1814
BLOCK01/SES012/SA012S14	SES087	-1.5547	-46.7362	-45.1814
BLOCK01/SES012/SA012S14	SES206	-0.427013	-45.6085	-45.1814
BLOCK01/SES012/SA012S14	SES292	-2.741	-47.9225	-45.1814
BLOCK01/SES012/SA012S24	SES082	0.122513	-46.0306	-46.1531
BLOCK01/SES012/SA012S24	SES087	-0.712357	-46.8654	-46.1531
BLOCK01/SES012/SA012S24	SES120	-3.62465	-49.7777	-46.1531
BLOCK01/SES012/SA012S24	SES206	-0.103756	-46.2568	-46.1531
BLOCK01/SES012/SA012S26	SES019	-1.97269	-47.0771	-45.1044
BLOCK01/SES012/SA012S26	SES082	-1.61713	-46.7215	-45.1044
BLOCK01/SES012/SA012S26	SES206	-0.496941	-45.6013	-45.1044
BLOCK01/SES012/SA012S26	SES292	-2.43711	-47.5415	-45.1044
BLOCK01/SES012/SA012S29	SES062	-1.44865	-46.0878	-44.6392
BLOCK01/SES012/SA012S29	SES082	-0.866741	-45.5059	-44.6392
BLOCK01/SES012/SA012S29	SES083	-2.23374	-46.8729	-44.6392
BLOCK01/SES012/SA012S29	SES206	-1.08997	-45.7291	-44.6392
BLOCK01/SES013/SA013S16	SES062	-3.09453	-48.5017	-45.4072
BLOCK01/SES013/SA013S16	SES106	-0.725491	-46.1327	-45.4072
BLOCK01/SES013/SA013S16	SES206	-1.13836	-46.5456	-45.4072
BLOCK01/SES013/SA013S16	SES226	-0.181557	-45.5888	-45.4072
BLOCK01/SES013/SA013S17	SES062	-2.85404	-47.4961	-44.642
BLOCK01/SES013/SA013S17	SES106	-1.11538	-45.7574	-44.642
BLOCK01/SES013/SA013S17	SES206	-0.302513	-44.9446	-44.642
BLOCK01/SES013/SA013S17	SES226	0.145752	-44.4963	-44.642
BLOCK01/SES013/SA013S23	SES104	-1.13875	-46.7587	-45.62
BLOCK01/SES013/SA013S23	SES106	-0.491585	-46.1115	-45.62
BLOCK01/SES013/SA013S23	SES206	-0.943943	-46.5639	-45.62
BLOCK01/SES013/SA013S23	SES270	-0.494469	-46.1144	-45.62
BLOCK01/SES013/SA013S25	SES042	-1.354	-46.4164	-45.0624
BLOCK01/SES013/SA013S25	SES104	-0.861134	-45.9235	-45.0624
BLOCK01/SES013/SA013S25	SES106	-0.580235	-45.6426	-45.0624
BLOCK01/SES013/SA013S25	SES206	-1.01884	-46.0812	-45.0624
BLOCK01/SES013/SA013S29	SES062	-3.24466	-48.7065	-45.4618
BLOCK01/SES013/SA013S29	SES104	-1.26848	-46.7303	-45.4618
BLOCK01/SES013/SA013S29	SES106	-0.240189	-45.702	-45.4618
BLOCK01/SES013/SA013S29	SES206	-1.34696	-46.8088	-45.4618
BLOCK02/SES021/SA021S13	SES016	-3.182	-47.8552	-44.6732
BLOCK02/SES021/SA021S13	SES029	-2.74026	-47.4134	-44.6732
BLOCK02/SES021/SA021S13	SES087	-1.48692	-46.1601	-44.6732
BLOCK02/SES021/SA021S13	SES206	-0.590645	-45.2638	-44.6732
BLOCK02/SES021/SA021S15	SES087	-0.896614	-44.5432	-43.6466
BLOCK02/SES021/SA021S15	SES125	-0.543301	-44.1899	-43.6466
BLOCK02/SES021/SA021S15	SES206	0.124794	-43.5218	-43.6466
BLOCK02/SES021/SA021S15	SES226	-1.77373	-45.4203	-43.6466
BLOCK02/SES021/SA021S23	SES062	-2.6553	-48.4132	-45.7579
BLOCK02/SES021/SA021S23	SES087	-1.54319	-47.3011	-45.7579
BLOCK02/SES021/SA021S23	SES206	-1.1428	-46.9007	-45.7579
BLOCK02/SES021/SA021S23	SES226	-0.929237	-46.6871	-45.7579
BLOCK02/SES021/SA021S27	SES002	-1.08637	-45.462	-44.3756
BLOCK02/SES021/SA021S27	SES016	-4.08508	-48.4607	-44.3756
BLOCK02/SES021/SA021S27	SES019	-2.16312	-46.5388	-44.3756
BLOCK02/SES021/SA021S27	SES062	-1.49249	-45.8681	-44.3756
BLOCK02/SES021/SA021S29	SES087	-1.47255	-45.6092	-44.1367
BLOCK02/SES021/SA021S29	SES125	-0.793068	-44.9297	-44.1367
BLOCK02/SES021/SA021S29	SES206	-0.602966	-44.7396	-44.1367
BLOCK02/SES021/SA021S29	SES226	-1.28582	-45.4225	-44.1367
BLOCK04/SES043/SA043S09	SES083	-1.85781	-48.2376	-46.3797
BLOCK04/SES043/SA043S09	SES101	-2.90557	-49.2853	-46.3797
BLOCK04/SES043/SA043S09	SES144	-0.866467	-47.2462	-46.3797
BLOCK04/SES043/SA043S09	SES172	-3.43284	-49.8126	-46.3797
BLOCK04/SES043/SA043S11	SES083	-1.02775	-46.0488	-45.0211
BLOCK04/SES043/SA043S11	SES101	-1.67464	-46.6957	-45.0211
BLOCK04/SES043/SA043S11	SES144	-0.730911	-45.752	-45.0211
BLOCK04/SES043/SA043S11	SES172	-1.69948	-46.7205	-45.0211
BLOCK04/SES043/SA043S23	SES083	-0.954311	-46.4972	-45.5429
BLOCK04/SES043/SA043S23	SES144	-0.189014	-45.7319	-45.5429
BLOCK04/SES043/SA043S23	SES177	-1.96455	-47.5074	-45.5429
BLOCK04/SES043/SA043S23	SES275	-0.805393	-46.3482	-45.5429
BLOCK04/SES043/SA043S26	SES083	-0.913559	-46.7143	-45.8007
BLOCK04/SES043/SA043S26	SES101	-1.30934	-47.11	-45.8007
BLOCK04/SES043/SA043S26	SES144	-0.35268	-46.1534	-45.8007
BLOCK04/SES043/SA043S26	SES177	-1.69729	-47.498	-45.8007
BLOCK04/SES043/SA043S28	SES016	-1.76812	-46.6789	-44.9107
BLOCK04/SES043/SA043S28	SES083	-0.93145	-45.8422	-44.9107
BLOCK04/SES043/SA043S28	SES101	-1.10378	-46.0145	-44.9107
BLOCK04/SES043/SA043S28	SES144	-0.90485	-45.8156	-44.9107
BLOCK04/SES044/SA044S10	SES127	-3.06453	-51.0668	-48.0022
BLOCK04/SES044/SA044S10	SES144	-0.339695	-48.3419	-48.0022
BLOCK04/SES044/SA044S10	SES147	-2.6882	-50.6904	-48.0022
BLOCK04/SES044/SA044S10	SES148	-2.50583	-50.5081	-48.0022
BLOCK04/SES044/SA044S11	SES101	-2.35562	-49.3219	-46.9663
BLOCK04/SES044/SA044S11	SES144	-0.189793	-47.1561	-46.9663
BLOCK04/SES044/SA044S11	SES147	-2.38687	-49.3532	-46.9663
BLOCK04/SES044/SA044S11	SES177	-2.12535	-49.0917	-46.9663
BLOCK04/SES044/SA044S24	SES007	-2.31018	-48.919	-46.6088
BLOCK04/SES044/SA044S24	SES101	-1.28434	-47.8932	-46.6088
BLOCK04/SES044/SA044S24	SES147	-1.88698	-48.4958	-46.6088
BLOCK04/SES044/SA044S24	SES177	-1.91958	-48.5284	-46.6088
BLOCK04/SES044/SA044S26	SES007	-2.24946	-48.1653	-45.9158
BLOCK04/SES044/SA044S26	SES016	-1.199	-47.1148	-45.9158
BLOCK04/SES044/SA044S26	SES101	-1.58396	-47.4998	-45.9158
BLOCK04/SES044/SA044S26	SES147	-0.894661	-46.8105	-45.9158
BLOCK04/SES044/SA044S29	SES007	-1.70732	-47.001	-45.2936
BLOCK04/SES044/SA044S29	SES101	-0.872009	-46.1656	-45.2936
BLOCK04/SES044/SA044S29	SES147	-1.90212	-47.1958	-45.2936
BLOCK04/SES044/SA044S29	SES177	-1.82443	-47.1181	-45.2936
BLOCK04/SES046/SA046S13	SES101	-3.35849	-49.6127	-46.2542
BLOCK04/SES046/SA046S13	SES144	-0.984592	-47.2388	-46.2542
BLOCK04/SES046/SA046S13	SES147	-3.26844	-49.5227	-46.2542
BLOCK04/SES046/SA046S13	SES177	-1.2793	-47.5335	-46.2542
BLOCK04/SES046/SA046S15	SES048	-2.4187	-47.1132	-44.6945
BLOCK04/SES046/SA046S15	SES083	-1.10111	-45.7956	-44.6945
BLOCK04/SES046/SA046S15	SES120	-2.80762	-47.5021	-44.6945
BLOCK04/SES046/SA046S15	SES148	-1.32501	-46.0195	-44.6945
BLOCK04/SES046/SA046S22	SES101	-1.4409	-47.3085	-45.8676
BLOCK04/SES046/SA046S22	SES144	-1.11219	-46.9798	-45.8676
BLOCK04/SES046/SA046S22	SES147	-2.92484	-48.7925	-45.8676
BLOCK04/SES046/SA046S22	SES172	-1.49623	-47.3638	-45.8676
BLOCK04/SES046/SA046S25	SES083	-1.50188	-46.8505	-45.3486
BLOCK04/SES046/SA046S25	SES127	-1.61174	-46.9604	-45.3486
BLOCK04/SES046/SA046S25	SES144	-1.72622	-47.0749	-45.3486
BLOCK04/SES046/SA046S25	SES148	-0.899845	-46.2485	-45.3486
BLOCK04/SES046/SA046S28	SES007	-2.80806	-49.2117	-46.4037
BLOCK04/SES046/SA046S28	SES105	-2.59907	-49.0028	-46.4037
BLOCK04/SES046/SA046S28	SES147	-2.56029	-48.964	-46.4037
BLOCK04/SES046/SA046S28	SES148	-2.10704	-48.5107	-46.4037
BLOCK04/SES049/SA049S16	SES104	-1.28353	-47.9618	-46.6782
BLOCK04/SES049/SA049S16	SES106	-0.665798	-47.344	-46.6782
BLOCK04/SES049/SA049S16	SES120	-2.91029	-49.5885	-46.6782
BLOCK04/SES049/SA049S16	SES206	-1.21084	-47.8891	-46.6782
BLOCK04/SES049/SA049S18	SES099	0.203995	-47.3722	-47.5762
BLOCK04/SES049/SA049S18	SES104	-1.61948	-49.1957	-47.5762
BLOCK04/SES049/SA049S18	SES125	-1.70048	-49.2767	-47.5762
BLOCK04/SES049/SA049S18	SES206	-1.2355	-48.8117	-47.5762
BLOCK04/SES049/SA049S25	SES087	-0.705921	-46.9937	-46.2878
BLOCK04/SES049/SA049S25	SES104	-0.738503	-47.0263	-46.2878
BLOCK04/SES049/SA049S25	SES125	-1.5208	-47.8086	-46.2878
BLOCK04/SES049/SA049S25	SES206	-0.734127	-47.0219	-46.2878
BLOCK04/SES049/SA049S27	SES099	-0.199615	-45.9486	-45.749
BLOCK04/SES049/SA049S27	SES104	-0.507244	-46.2562	-45.749
BLOCK04/SES049/SA049S27	SES125	-1.33069	-47.0797	-45.749
BLOCK04/SES049/SA049S27	SES206	-0.849617	-46.5986	-45.749
BLOCK04/SES049/SA049S29	SES099	0.208244	-44.6176	-44.8259
BLOCK04/SES049/SA049S29	SES104	-0.083622	-44.9095	-44.8259
BLOCK04/SES049/SA049S29	SES125	-0.877041	-45.7029	-44.8259
BLOCK04/SES049/SA049S29	SES206	-0.0463905	-44.8723	-44.8259
BLOCK06/SES063/SA063S09	SES068	-1.60293	-47.023	-45.4201
BLOCK06/SES063/SA063S09	SES083	-0.582401	-46.0025	-45.4201
BLOCK06/SES063/SA063S09	SES177	-1.27977	-46.6998	-45.4201
BLOCK06/SES063/SA063S09	SES187	-1.42225	-46.8423	-45.4201
BLOCK06/SES063/SA063S10	SES068	-1.89754	-47.9576	-46.06
BLOCK06/SES063/SA063S10	SES083	-0.346985	-46.407	-46.06
BLOCK06/SES063/SA063S10	SES172	-0.574821	-46.6349	-46.06
BLOCK06/SES063/SA063S10	SES187	-1.2728	-47.3328	-46.06
BLOCK06/SES063/SA063S20	SES068	-2.26717	-47.8487	-45.5815
BLOCK06/SES063/SA063S20	SES083	-1.2447	-46.8262	-45.5815
BLOCK06/SES063/SA063S20	SES172	-1.06593	-46.6475	-45.5815
BLOCK06/SES063/SA063S20	SES187	-0.773376	-46.3549	-45.5815
BLOCK06/SES063/SA063S24	SES029	-2.63052	-47.5812	-44.9507
BLOCK06/SES063/SA063S24	SES083	-0.341904	-45.2926	-44.9507
BLOCK06/SES063/SA063S24	SES177	-0.981052	-45.9318	-44.9507
BLOCK06/SES063/SA063S24	SES189	-1.42183	-46.3725	-44.9507
BLOCK06/SES063/SA063S27	SES083	-0.26041	-46.7327	-46.4723
BLOCK06/SES063/SA063S27	SES172	-0.416519	-46.8888	-46.4723
BLOCK06/SES063/SA063S27	SES187	-1.4561	-47.9284	-46.4723
BLOCK06/SES063/SA063S27	SES292	-1.58079	-48.0531	-46.4723
BLOCK06/SES067/SA067S12	SES083	-2.42036	-47.6512	-45.2308
BLOCK06/SES067/SA067S12	SES172	-3.11888	-48.3497	-45.2308
BLOCK06/SES067/SA067S12	SES202	-0.245457	-45.4763	-45.2308
BLOCK06/SES067/SA067S12	SES292	-1.65927	-46.8901	-45.2308
BLOCK06/SES067/SA067S14	SES085	-1.7205	-46.4436	-44.7231
BLOCK06/SES067/SA067S14	SES177	-1.44741	-46.1705	-44.7231
BLOCK06/SES067/SA067S14	SES183	-1.53837	-46.2615	-44.7231
BLOCK06/SES067/SA067S14	SES202	-0.825996	-45.5491	-44.7231
BLOCK06/SES067/SA067S21	SES144	-1.09247	-47.2834	-46.1909
BLOCK06/SES067/SA067S21	SES177	-1.01979	-47.2107	-46.1909
BLOCK06/SES067/SA067S21	SES183	-4.27248	-50.4634	-46.1909
BLOCK06/SES067/SA067S21	SES189	-0.510101	-46.701	-46.1909
BLOCK06/SES067/SA067S25	SES085	-1.19535	-46.7281	-45.5328
BLOCK06/SES067/SA067S25	SES177	-1.27207	-46.8048	-45.5328
BLOCK06/SES067/SA067S25	SES183	-1.37075	-46.9035	-45.5328
BLOCK06/SES067/SA067S25	SES202	-0.788647	-46.3214	-45.5328
BLOCK06/SES067/SA067S29	SES085	-0.896908	-46.5074	-45.6105
BLOCK06/SES067/SA067S29	SES177	-1.60722	-47.2177	-45.6105
BLOCK06/SES067/SA067S29	SES183	-0.954678	-46.5651	-45.6105
BLOCK06/SES067/SA067S29	SES202	0.276096	-45.3344	-45.6105
BLOCK06/SES069/SA069S12	SES029	-2.52705	-47.5088	-44.9818
BLOCK06/SES069/SA069S12	SES082	-1.03907	-46.0208	-44.9818
BLOCK06/SES069/SA069S12	SES087	-1.71038	-46.6922	-44.9818
BLOCK06/SES069/SA069S12	SES206	-1.18907	-46.1708	-44.9818
BLOCK06/SES069/SA069S13	SES029	-2.52729	-47.6414	-45.1141
BLOCK06/SES069/SA069S13	SES087	-2.10686	-47.2209	-45.1141
BLOCK06/SES069/SA069S13	SES206	-1.71805	-46.8321	-45.1141
BLOCK06/SES069/SA069S13	SES226	-1.30984	-46.4239	-45.1141
BLOCK06/SES069/SA069S23	SES029	-1.67665	-45.3811	-43.7045
BLOCK06/SES069/SA069S23	SES087	-1.81095	-45.5154	-43.7045
BLOCK06/SES069/SA069S23	SES206	-1.64878	-45.3533	-43.7045
BLOCK06/SES069/SA069S23	SES226	-0.978222	-44.6827	-43.7045
BLOCK06/SES069/SA069S25	SES087	-1.25745	-45.5768	-44.3193
BLOCK06/SES069/SA069S25	SES206	-1.78615	-46.1055	-44.3193
BLOCK06/SES069/SA069S25	SES226	-1.02085	-45.3402	-44.3193
BLOCK06/SES069/SA069S25	SES270	-1.00214	-45.3215	-44.3193
BLOCK06/SES069/SA069S27	SES087	-1.73657	-46.1731	-44.4365
BLOCK06/SES069/SA069S27	SES206	-0.419209	-44.8557	-44.4365
BLOCK06/SES069/SA069S27	SES226	-0.364338	-44.8008	-44.4365
BLOCK06/SES069/SA069S27	SES270	-0.554966	-44.9915	-44.4365
BLOCK08/SES081/SA081S11	SES060	-1.97511	-47.1655	-45.1904
BLOCK08/SES081/SA081S11	SES062	-3.96925	-49.1597	-45.1904
BLOCK08/SES081/SA081S11	SES117	-2.84031	-48.0307	-45.1904
BLOCK08/SES081/SA081S11	SES162	-2.2108	-47.4012	-45.1904
BLOCK08/SES081/SA081S13	SES016	-1.19411	-45.6568	-44.4627
BLOCK08/SES081/SA081S13	SES060	-0.568119	-45.0308	-44.4627
BLOCK08/SES081/SA081S13	SES068	-0.519215	-44.9819	-44.4627
BLOCK08/SES081/SA081S13	SES129	-1.64426	-46.107	-44.4627
BLOCK08/SES081/SA081S24	SES060	-1.19601	-45.9528	-44.7568
BLOCK08/SES081/SA081S24	SES068	-0.869026	-45.6258	-44.7568
BLOCK08/SES081/SA081S24	SES117	-2.05668	-46.8135	-44.7568
BLOCK08/SES081/SA081S24	SES275	-1.89391	-46.6507	-44.7568
BLOCK08/SES081/SA081S27	SES007	-1.54056	-46.6145	-45.0739
BLOCK08/SES081/SA081S27	SES060	-1.68918	-46.7631	-45.0739
BLOCK08/SES081/SA081S27	SES117	-1.06004	-46.134	-45.0739
BLOCK08/SES081/SA081S27	SES275	-1.89692	-46.9708	-45.0739
BLOCK08/SES081/SA081S29	SES007	-1.57558	-46.0788	-44.5032
BLOCK08/SES081/SA081S29	SES060	-1.42474	-45.928	-44.5032
BLOCK08/SES081/SA081S29	SES117	-1.80634	-46.3096	-44.5032
BLOCK08/SES081/SA081S29	SES275	-2.24517	-46.7484	-44.5032
BLOCK08/SES086/SA086S11	SES029	-3.52816	-50.4678	-46.9396
BLOCK08/SES086/SA086S11	SES082	-1.63033	-48.57	-46.9396
BLOCK08/SES086/SA086S11	SES087	-0.52264	-47.4623	-46.9396
BLOCK08/SES086/SA086S11	SES206	-1.86703	-48.8067	-46.9396
BLOCK08/SES086/SA086S12	SES029	-3.73362	-50.2008	-46.4672
BLOCK08/SES086/SA086S12	SES082	-2.01044	-48.4776	-46.4672
BLOCK08/SES086/SA086S12	SES087	0.221218	-46.2459	-46.4672
BLOCK08/SES086/SA086S12	SES206	-1.24063	-47.7078	-46.4672
BLOCK08/SES086/SA086S20	SES029	-3.38226	-48.4372	-45.0549
BLOCK08/SES086/SA086S20	SES082	-1.52396	-46.5789	-45.0549
BLOCK08/SES086/SA086S20	SES087	0.436512	-44.6184	-45.0549
BLOCK08/SES086/SA086S20	SES206	-0.196346	-45.2513	-45.0549
BLOCK08/SES086/SA086S24	SES087	-0.13361	-46.1912	-46.0576
BLOCK08/SES086/SA086S24	SES104	-1.80915	-47.8667	-46.0576
BLOCK08/SES086/SA086S24	SES120	-3.65209	-49.7096	-46.0576
BLOCK08/SES086/SA086S24	SES206	-0.190289	-46.2478	-46.0576
BLOCK08/SES086/SA086S28	SES029	-2.75375	-47.8011	-45.0474
BLOCK08/SES086/SA086S28	SES082	-1.64548	-46.6928	-45.0474
BLOCK08/SES086/SA086S28	SES087	0.0845261	-44.9628	-45.0474
BLOCK08/SES086/SA086S28	SES206	-0.470547	-45.5179	-45.0474
BLOCK08/SES089/SA089S13	SES087	-1.56646	-47.1714	-45.6049
BLOCK08/SES089/SA089S13	SES206	-1.57443	-47.1794	-45.6049
BLOCK08/SES089/SA089S13	SES226	-1.58201	-47.1869	-45.6049
BLOCK08/SES089/SA089S13	SES270	-2.22321	-47.8281	-45.6049
BLOCK08/SES089/SA089S14	SES062	-1.98196	-47.3404	-45.3584
BLOCK08/SES089/SA089S14	SES087	-0.188606	-45.547	-45.3584
BLOCK08/SES089/SA089S14	SES206	-0.598679	-45.9571	-45.3584
BLOCK08/SES089/SA089S14	SES226	-0.790028	-46.1484	-45.3584
BLOCK08/SES089/SA089S23	SES087	-0.563255	-46.7391	-46.1758
BLOCK08/SES089/SA089S23	SES206	-0.838196	-47.014	-46.1758
BLOCK08/SES089/SA089S23	SES226	-0.749863	-46.9257	-46.1758
BLOCK08/SES089/SA089S23	SES270	-1.59627	-47.7721	-46.1758
BLOCK08/SES089/SA089S25	SES062	-2.21553	-47.4693	-45.2538
BLOCK08/SES089/SA089S25	SES087	-0.031559	-45.2853	-45.2538
BLOCK08/SES089/SA089S25	SES206	-0.985935	-46.2397	-45.2538
BLOCK08/SES089/SA089S25	SES226	-0.821449	-46.0752	-45.2538
BLOCK08/SES089/SA089S28	SES062	-1.84318	-47.2047	-45.3615
BLOCK08/SES089/SA089S28	SES087	-0.17466	-45.5362	-45.3615
BLOCK08/SES089/SA089S28	SES206	-0.155693	-45.5172	-45.3615
BLOCK08/SES089/SA089S28	SES226	-0.701099	-46.0626	-45.3615
BLOCK09/SES097/SA097S11	SES099	-0.0855179	-46.1625	-46.077
BLOCK09/SES097/SA097S11	SES125	-2.04441	-48.1214	-46.077
BLOCK09/SES097/SA097S11	SES206	-1.46796	-47.5449	-46.077
BLOCK09/SES097/SA097S11	SES226	-0.169685	-46.2466	-46.077
BLOCK09/SES097/SA097S14	SES062	-2.55398	-48.2667	-45.7128
BLOCK09/SES097/SA097S14	SES099	-0.466129	-46.1789	-45.7128
BLOCK09/SES097/SA097S14	SES104	-1.02188	-46.7346	-45.7128
BLOCK09/SES097/SA097S14	SES206	-1.20097	-46.9137	-45.7128
BLOCK09/SES097/SA097S22	SES099	0.471912	-45.442	-45.9139
BLOCK09/SES097/SA097S22	SES206	-1.14204	-47.0559	-45.9139
BLOCK09/SES097/SA097S22	SES226	-1.42531	-47.3392	-45.9139
BLOCK09/SES097/SA097S22	SES270	0.0992241	-45.8146	-45.9139
BLOCK09/SES097/SA097S26	SES099	-0.00583649	-45.4249	-45.4191
BLOCK09/SES097/SA097S26	SES120	-2.60167	-48.0208	-45.4191
BLOCK09/SES097/SA097S26	SES206	-0.960899	-46.38	-45.4191
BLOCK09/SES097/SA097S26	SES226	-1.03039	-46.4495	-45.4191
BLOCK09/SES097/SA097S28	SES099	-0.477665	-46.2295	-45.7518
BLOCK09/SES097/SA097S28	SES120	-2.55691	-48.3087	-45.7518
BLOCK09/SES097/SA097S28	SES206	-1.71603	-47.4678	-45.7518
BLOCK09/SES097/SA097S28	SES226	-1.41674	-47.1685	-45.7518
BLOCK09/SES098/SA098S11	SES127	-2.75343	-49.1462	-46.3928
BLOCK09/SES098/SA098S11	SES144	-1.55064	-47.9434	-46.3928
BLOCK09/SES098/SA098S11	SES147	-1.15817	-47.5509	-46.3928
BLOCK09/SES098/SA098S11	SES148	-2.58376	-48.9765	-46.3928
BLOCK09/SES098/SA098S12	SES127	-3.89566	-51.8446	-47.9489
BLOCK09/SES098/SA098S12	SES144	-1.58595	-49.5349	-47.9489
BLOCK09/SES098/SA098S12	SES147	-2.20512	-50.1541	-47.9489
BLOCK09/SES098/SA098S12	SES189	-1.24834	-49.1973	-47.9489
BLOCK09/SES098/SA098S20	SES127	-2.9994	-49.9794	-46.98
BLOCK09/SES098/SA098S20	SES147	-1.85897	-48.839	-46.98
BLOCK09/SES098/SA098S20	SES148	-3.33656	-50.3166	-46.98
BLOCK09/SES098/SA098S20	SES292	-3.10109	-50.0811	-46.98
BLOCK09/SES098/SA098S23	SES127	-2.07027	-48.4834	-46.4132
BLOCK09/SES098/SA098S23	SES147	-1.64476	-48.0579	-46.4132
BLOCK09/SES098/SA098S23	SES187	-0.792564	-47.2057	-46.4132
BLOCK09/SES098/SA098S23	SES292	-1.79461	-48.2078	-46.4132
BLOCK09/SES098/SA098S27	SES127	-2.63149	-49.4424	-46.8109
BLOCK09/SES098/SA098S27	SES147	-2.03291	-48.8438	-46.8109
BLOCK09/SES098/SA098S27	SES148	-3.15721	-49.9681	-46.8109
BLOCK09/SES098/SA098S27	SES292	-2.49826	-49.3092	-46.8109
BLOCK10/SES102/SA102S13	SES101	-0.744934	-47.5745	-46.8296
BLOCK10/SES102/SA102S13	SES105	-1.52359	-48.3532	-46.8296
BLOCK10/SES102/SA102S13	SES120	-1.47505	-48.3046	-46.8296
BLOCK10/SES102/SA102S13	SES158	-4.65636	-51.486	-46.8296
BLOCK10/SES102/SA102S14	SES007	-0.729408	-45.5757	-44.8463
BLOCK10/SES102/SA102S14	SES101	-0.720127	-45.5665	-44.8463
BLOCK10/SES102/SA102S14	SES105	-1.0207	-45.867	-44.8463
BLOCK10/SES102/SA102S14	SES147	-2.32285	-47.1692	-44.8463
BLOCK10/SES102/SA102S22	SES007	-1.43019	-46.7124	-45.2822
BLOCK10/SES102/SA102S22	SES101	-0.213448	-45.4956	-45.2822
BLOCK10/SES102/SA102S22	SES105	-0.569748	-45.8519	-45.2822
BLOCK10/SES102/SA102S22	SES158	-3.52006	-48.8023	-45.2822
BLOCK10/SES102/SA102S25	SES007	-0.769016	-46.0336	-45.2646
BLOCK10/SES102/SA102S25	SES101	-0.471996	-45.7366	-45.2646
BLOCK10/SES102/SA102S25	SES105	-0.955387	-46.22	-45.2646
BLOCK10/SES102/SA102S25	SES147	-2.56995	-47.8346	-45.2646
BLOCK10/SES102/SA102S27	SES007	-1.44582	-47.1359	-45.6901
BLOCK10/SES102/SA102S27	SES101	-1.18365	-46.8737	-45.6901
BLOCK10/SES102/SA102S27	SES105	-1.39065	-47.0807	-45.6901
BLOCK10/SES102/SA102S27	SES147	-2.0125	-47.7026	-45.6901
BLOCK10/SES103/SA103S14	SES105	-2.10107	-49.0306	-46.9295
BLOCK10/SES103/SA103S14	SES106	-0.910515	-47.84	-46.9295
BLOCK10/SES103/SA103S14	SES120	-2.99722	-49.9267	-46.9295
BLOCK10/SES103/SA103S14	SES206	-1.47484	-48.4043	-46.9295
BLOCK10/SES103/SA103S15	SES099	-0.596523	-48.2716	-47.675
BLOCK10/SES103/SA103S15	SES101	-3.3093	-50.9843	-47.675
BLOCK10/SES103/SA103S15	SES104	-0.891968	-48.567	-47.675
BLOCK10/SES103/SA103S15	SES125	-1.05368	-48.7287	-47.675
BLOCK10/SES103/SA103S24	SES104	-1.07572	-47.2034	-46.1277
BLOCK10/SES103/SA103S24	SES125	-0.930447	-47.0581	-46.1277
BLOCK10/SES103/SA103S24	SES148	-2.90693	-49.0346	-46.1277
BLOCK10/SES103/SA103S24	SES158	-0.413765	-46.5414	-46.1277
BLOCK10/SES103/SA103S26	SES104	-1.51346	-48.2765	-46.763
BLOCK10/SES103/SA103S26	SES106	-0.767578	-47.5306	-46.763
BLOCK10/SES103/SA103S26	SES125	-1.08944	-47.8525	-46.763
BLOCK10/SES103/SA103S26	SES148	-3.0193	-49.7823	-46.763
BLOCK10/SES103/SA103S28	SES104	-2.02655	-49.3442	-47.3176
BLOCK10/SES103/SA103S28	SES106	-1.15405	-48.4717	-47.3176
BLOCK10/SES103/SA103S28	SES125	-1.87356	-49.1912	-47.3176
BLOCK10/SES103/SA103S28	SES206	-2.71734	-50.035	-47.3176
BLOCK12/SES121/SA121S12	SES042	-1.56207	-49.3874	-47.8254
BLOCK12/SES121/SA121S12	SES087	-1.09789	-48.9233	-47.8254
BLOCK12/SES121/SA121S12	SES105	-1.55672	-49.3821	-47.8254
BLOCK12/SES121/SA121S12	SES206	-0.92033	-48.7457	-47.8254
BLOCK12/SES121/SA121S14	SES007	-2.77042	-51.1934	-48.423
BLOCK12/SES121/SA121S14	SES105	-2.5014	-50.9244	-48.423
BLOCK12/SES121/SA121S14	SES106	-1.42402	-49.847	-48.423
BLOCK12/SES121/SA121S14	SES206	-1.54411	-49.9671	-48.423
BLOCK12/SES121/SA121S23	SES105	-2.35585	-50.8982	-48.5423
BLOCK12/SES121/SA121S23	SES106	-0.421047	-48.9634	-48.5423
BLOCK12/SES121/SA121S23	SES120	-2.74815	-51.2905	-48.5423
BLOCK12/SES121/SA121S23	SES206	-1.14523	-49.6875	-48.5423
BLOCK12/SES121/SA121S25	SES007	-2.20343	-51.3741	-49.1706
BLOCK12/SES121/SA121S25	SES105	-2.75613	-51.9268	-49.1706
BLOCK12/SES121/SA121S25	SES106	-1.44097	-50.6116	-49.1706
BLOCK12/SES121/SA121S25	SES206	-1.53456	-50.7052	-49.1706
BLOCK12/SES121/SA121S27	SES087	0.00736618	-47.559	-47.5663
BLOCK12/SES121/SA121S27	SES105	-3.4896	-51.056	-47.5663
BLOCK12/SES121/SA121S27	SES120	-2.51493	-50.0813	-47.5663
BLOCK12/SES121/SA121S27	SES206	-0.905842	-48.4722	-47.5663
BLOCK12/SES124/SA124S16	SES042	-0.301338	-45.7966	-45.4952
BLOCK12/SES124/SA124S16	SES082	-0.845181	-46.3404	-45.4952
BLOCK12/SES124/SA124S16	SES183	-3.59345	-49.0887	-45.4952
BLOCK12/SES124/SA124S16	SES206	-1.25077	-46.746	-45.4952
BLOCK12/SES124/SA124S17	SES105	-2.08873	-48.8136	-46.7248
BLOCK12/SES124/SA124S17	SES149	-1.83787	-48.5627	-46.7248
BLOCK12/SES124/SA124S17	SES158	-1.69257	-48.4174	-46.7248
BLOCK12/SES124/SA124S17	SES275	-2.67768	-49.4025	-46.7248
BLOCK12/SES124/SA124S23	SES105	-2.16004	-46.447	-44.287
BLOCK12/SES124/SA124S23	SES125	0.00069809	-44.2863	-44.287
BLOCK12/SES124/SA124S23	SES129	-3.72775	-48.0147	-44.287
BLOCK12/SES124/SA124S23	SES158	-0.680271	-44.9672	-44.287
BLOCK12/SES124/SA124S26	SES105	-2.63755	-47.5918	-44.9542
BLOCK12/SES124/SA124S26	SES125	-0.355068	-45.3093	-44.9542
BLOCK12/SES124/SA124S26	SES129	-3.95267	-48.9069	-44.9542
BLOCK12/SES124/SA124S26	SES158	-0.793037	-45.7473	-44.9542
BLOCK12/SES124/SA124S28	SES104	-0.420948	-45.2576	-44.8367
BLOCK12/SES124/SA124S28	SES106	-0.312336	-45.149	-44.8367
BLOCK12/SES124/SA124S28	SES125	-0.185665	-45.0223	-44.8367
BLOCK12/SES124/SA124S28	SES275	-2.95125	-47.7879	-44.8367
BLOCK12/SES126/SA126S13	SES007	-2.75521	-49.7601	-47.0049
BLOCK12/SES126/SA126S13	SES162	-2.22504	-49.23	-47.0049
BLOCK12/SES126/SA126S13	SES177	-1.36896	-48.3739	-47.0049
BLOCK12/SES126/SA126S13	SES180	-2.43954	-49.4445	-47.0049
BLOCK12/SES126/SA126S14	SES144	-1.38681	-46.9359	-45.549
BLOCK12/SES126/SA126S14	SES148	-1.94625	-47.4953	-45.549
BLOCK12/SES126/SA126S14	SES177	-0.593349	-46.1424	-45.549
BLOCK12/SES126/SA126S14	SES180	-1.45369	-47.0027	-45.549
BLOCK12/SES126/SA126S20	SES007	-2.95044	-48.8833	-45.9329
BLOCK12/SES126/SA126S20	SES162	-1.93791	-47.8708	-45.9329
BLOCK12/SES126/SA126S20	SES172	-4.28396	-50.2169	-45.9329
BLOCK12/SES126/SA126S20	SES180	-2.74265	-48.6755	-45.9329
BLOCK12/SES126/SA126S24	SES120	-1.22792	-46.4831	-45.2552
BLOCK12/SES126/SA126S24	SES162	-1.6315	-46.8867	-45.2552
BLOCK12/SES126/SA126S24	SES177	-1.16125	-46.4164	-45.2552
BLOCK12/SES126/SA126S24	SES180	-1.15009	-46.4053	-45.2552
BLOCK12/SES126/SA126S26	SES120	-0.957447	-47.2606	-46.3032
BLOCK12/SES126/SA126S26	SES177	-1.42077	-47.7239	-46.3032
BLOCK12/SES126/SA126S26	SES180	-1.19884	-47.502	-46.3032
BLOCK12/SES126/SA126S26	SES202	-2.38395	-48.6871	-46.3032
BLOCK12/SES128/SA128S10	SES087	-2.25372	-47.7423	-45.4886
BLOCK12/SES128/SA128S10	SES206	-1.57305	-47.0617	-45.4886
BLOCK12/SES128/SA128S10	SES226	-0.580677	-46.0693	-45.4886
BLOCK12/SES128/SA128S10	SES270	-0.739628	-46.2282	-45.4886
BLOCK12/SES128/SA128S12	SES120	-2.519	-48.0998	-45.5808
BLOCK12/SES128/SA128S12	SES158	-1.12436	-46.7052	-45.5808
BLOCK12/SES128/SA128S12	SES206	-0.784386	-46.3652	-45.5808
BLOCK12/SES128/SA128S12	SES226	-1.09522	-46.676	-45.5808
BLOCK12/SES128/SA128S21	SES106	-2.87477	-49.3631	-46.4883
BLOCK12/SES128/SA128S21	SES120	-2.31635	-48.8047	-46.4883
BLOCK12/SES128/SA128S21	SES206	-1.5648	-48.0532	-46.4883
BLOCK12/SES128/SA128S21	SES226	-1.11968	-47.608	-46.4883
BLOCK12/SES128/SA128S24	SES087	-1.94718	-48.0751	-46.1279
BLOCK12/SES128/SA128S24	SES120	-0.978477	-47.1064	-46.1279
BLOCK12/SES128/SA128S24	SES206	-1.50702	-47.6349	-46.1279
BLOCK12/SES128/SA128S24	SES226	-1.36094	-47.4888	-46.1279
BLOCK12/SES128/SA128S27	SES099	-0.816715	-45.9782	-45.1615
BLOCK12/SES128/SA128S27	SES120	-1.87326	-47.0347	-45.1615
BLOCK12/SES128/SA128S27	SES206	-0.997932	-46.1594	-45.1615
BLOCK12/SES128/SA128S27	SES226	-0.863422	-46.0249	-45.1615
BLOCK13/SES130/SA130S13	SES143	-2.02436	-49.1848	-47.1605
BLOCK13/SES130/SA130S13	SES144	-0.692043	-47.8525	-47.1605
BLOCK13/SES130/SA130S13	SES146	-0.997505	-48.158	-47.1605
BLOCK13/SES130/SA130S13	SES275	-3.28821	-50.4487	-47.1605
BLOCK13/SES130/SA130S15	SES143	-1.83728	-47.8317	-45.9945
BLOCK13/SES130/SA130S15	SES144	-0.45005	-46.4445	-45.9945
BLOCK13/SES130/SA130S15	SES146	-0.522884	-46.5173	-45.9945
BLOCK13/SES130/SA130S15	SES275	-1.40917	-47.4036	-45.9945
BLOCK13/SES130/SA130S23	SES127	-2.03569	-49.4044	-47.3687
BLOCK13/SES130/SA130S23	SES144	-1.67537	-49.0441	-47.3687
BLOCK13/SES130/SA130S23	SES146	-0.884865	-48.2536	-47.3687
BLOCK13/SES130/SA130S23	SES162	-1.20142	-48.5701	-47.3687
BLOCK13/SES130/SA130S25	SES127	-1.88964	-47.5541	-45.6644
BLOCK13/SES130/SA130S25	SES144	-0.504299	-46.1687	-45.6644
BLOCK13/SES130/SA130S25	SES146	-0.980064	-46.6445	-45.6644
BLOCK13/SES130/SA130S25	SES275	-0.800877	-46.4653	-45.6644
BLOCK13/SES130/SA130S28	SES127	-1.6364	-47.3608	-45.7244
BLOCK13/SES130/SA130S28	SES144	-1.21879	-46.9432	-45.7244
BLOCK13/SES130/SA130S28	SES146	-1.23609	-46.9605	-45.7244
BLOCK13/SES130/SA130S28	SES275	-0.704346	-46.4287	-45.7244
BLOCK13/SES131/SA131S13	SES002	-1.73033	-49.5944	-47.864
BLOCK13/SES131/SA131S13	SES007	-3.09422	-50.9582	-47.864
BLOCK13/SES131/SA131S13	SES099	-1.49261	-49.3566	-47.864
BLOCK13/SES131/SA131S13	SES105	-1.82293	-49.687	-47.864
BLOCK13/SES131/SA131S14	SES104	-0.84866	-47.029	-46.1803
BLOCK13/SES131/SA131S14	SES106	-0.478077	-46.6584	-46.1803
BLOCK13/SES131/SA131S14	SES125	-1.38017	-47.5605	-46.1803
BLOCK13/SES131/SA131S14	SES148	-2.44458	-48.6249	-46.1803
BLOCK13/SES131/SA131S20	SES104	-1.34566	-48.6821	-47.3364
BLOCK13/SES131/SA131S20	SES106	-0.97942	-48.3159	-47.3364
BLOCK13/SES131/SA131S20	SES125	-1.49219	-48.8286	-47.3364
BLOCK13/SES131/SA131S20	SES148	-3.47796	-50.8144	-47.3364
BLOCK13/SES131/SA131S22	SES099	-1.10236	-47.7306	-46.6283
BLOCK13/SES131/SA131S22	SES104	-1.41227	-48.0405	-46.6283
BLOCK13/SES131/SA131S22	SES125	-1.1264	-47.7547	-46.6283
BLOCK13/SES131/SA131S22	SES206	-1.92281	-48.5511	-46.6283
BLOCK13/SES131/SA131S29	SES087	-1.27232	-48.5719	-47.2996
BLOCK13/SES131/SA131S29	SES104	-1.48323	-48.7828	-47.2996
BLOCK13/SES131/SA131S29	SES125	-1.70871	-49.0083	-47.2996
BLOCK13/SES131/SA131S29	SES206	-1.37157	-48.6712	-47.2996
BLOCK13/SES132/SA132S11	SES083	-2.07136	-47.3927	-45.3214
BLOCK13/SES132/SA132S11	SES120	-0.03965	-45.361	-45.3214
BLOCK13/SES132/SA132S11	SES127	-1.37042	-46.6918	-45.3214
BLOCK13/SES132/SA132S11	SES275	-1.16436	-46.4857	-45.3214
BLOCK13/SES132/SA132S12	SES083	-1.59447	-46.7242	-45.1297
BLOCK13/SES132/SA132S12	SES143	-1.3029	-46.4326	-45.1297
BLOCK13/SES132/SA132S12	SES144	-1.40301	-46.5327	-45.1297
BLOCK13/SES132/SA132S12	SES148	-1.37617	-46.5059	-45.1297
BLOCK13/SES132/SA132S22	SES062	-0.662064	-45.8349	-45.1728
BLOCK13/SES132/SA132S22	SES083	-1.44916	-46.622	-45.1728
BLOCK13/SES132/SA132S22	SES127	-0.990463	-46.1633	-45.1728
BLOCK13/SES132/SA132S22	SES275	-0.647945	-45.8208	-45.1728
BLOCK13/SES132/SA132S24	SES007	-0.529739	-45.4284	-44.8987
BLOCK13/SES132/SA132S24	SES083	-1.77595	-46.6746	-44.8987
BLOCK13/SES132/SA132S24	SES127	-1.91954	-46.8182	-44.8987
BLOCK13/SES132/SA132S24	SES275	-1.18089	-46.0795	-44.8987
BLOCK13/SES132/SA132S27	SES083	-2.02572	-47.618	-45.5923
BLOCK13/SES132/SA132S27	SES120	-0.273121	-45.8654	-45.5923
BLOCK13/SES132/SA132S27	SES127	-2.16712	-47.7594	-45.5923
BLOCK13/SES132/SA132S27	SES275	-1.80406	-47.3964	-45.5923
BLOCK14/SES141/SA141S09	SES143	-1.22009	-46.9457	-45.7256
BLOCK14/SES141/SA141S09	SES144	-1.04018	-46.7657	-45.7256
BLOCK14/SES141/SA141S09	SES162	-1.32824	-47.0538	-45.7256
BLOCK14/SES141/SA141S09	SES180	-1.44225	-47.1678	-45.7256
BLOCK14/SES141/SA141S15	SES127	-1.48866	-47.0071	-45.5185
BLOCK14/SES141/SA141S15	SES144	-1.48616	-47.0046	-45.5185
BLOCK14/SES141/SA141S15	SES162	-1.48695	-47.0054	-45.5185
BLOCK14/SES141/SA141S15	SES180	-1.40101	-46.9195	-45.5185
BLOCK14/SES141/SA141S24	SES127	-1.10578	-46.3029	-45.1971
BLOCK14/SES141/SA141S24	SES144	-1.40986	-46.6069	-45.1971
BLOCK14/SES141/SA141S24	SES162	-1.14563	-46.3427	-45.1971
BLOCK14/SES141/SA141S24	SES183	-2.13638	-47.3335	-45.1971
BLOCK14/SES141/SA141S26	SES142	-1.44437	-47.6071	-46.1628
BLOCK14/SES141/SA141S26	SES144	-1.45395	-47.6167	-46.1628
BLOCK14/SES141/SA141S26	SES172	-1.95512	-48.1179	-46.1628
BLOCK14/SES141/SA141S26	SES180	-1.40049	-47.5632	-46.1628
BLOCK14/SES141/SA141S29	SES127	-0.922333	-46.2342	-45.3119
BLOCK14/SES141/SA141S29	SES142	-0.66769	-45.9796	-45.3119
BLOCK14/SES141/SA141S29	SES144	-0.95771	-46.2696	-45.3119
BLOCK14/SES141/SA141S29	SES180	-0.843281	-46.1552	-45.3119
BLOCK15/SES157/SA157S08	SES083	-2.67773	-48.6786	-46.0009
BLOCK15/SES157/SA157S08	SES127	-1.88829	-47.8892	-46.0009
BLOCK15/SES157/SA157S08	SES148	-1.19268	-47.1936	-46.0009
BLOCK15/SES157/SA157S08	SES292	-2.03929	-48.0402	-46.0009
BLOCK15/SES157/SA157S11	SES083	-2.50432	-48.3349	-45.8306
BLOCK15/SES157/SA157S11	SES127	-1.95401	-47.7846	-45.8306
BLOCK15/SES157/SA157S11	SES148	-1.12485	-46.9554	-45.8306
BLOCK15/SES157/SA157S11	SES292	-1.96287	-47.7934	-45.8306
BLOCK15/SES157/SA157S21	SES127	-1.7353	-46.9708	-45.2355
BLOCK15/SES157/SA157S21	SES148	-0.774628	-46.0102	-45.2355
BLOCK15/SES157/SA157S21	SES158	-4.75525	-49.9908	-45.2355
BLOCK15/SES157/SA157S21	SES292	-1.73781	-46.9734	-45.2355
BLOCK15/SES157/SA157S24	SES127	-1.63626	-47.1247	-45.4884
BLOCK15/SES157/SA157S24	SES148	-1.05248	-46.5409	-45.4884
BLOCK15/SES157/SA157S24	SES183	-1.79459	-47.283	-45.4884
BLOCK15/SES157/SA157S24	SES292	-1.86982	-47.3582	-45.4884
BLOCK15/SES157/SA157S26	SES007	-0.802479	-45.9887	-45.1862
BLOCK15/SES157/SA157S26	SES127	-0.995026	-46.1813	-45.1862
BLOCK15/SES157/SA157S26	SES147	-2.40129	-47.5875	-45.1862
BLOCK15/SES157/SA157S26	SES148	-0.930737	-46.117	-45.1862
BLOCK16/SES161/SA161S10	SES007	-2.24997	-49.3178	-47.0678
BLOCK16/SES161/SA161S10	SES105	-1.52171	-48.5895	-47.0678
BLOCK16/SES161/SA161S10	SES158	-1.84998	-48.9178	-47.0678
BLOCK16/SES161/SA161S10	SES275	-1.95819	-49.026	-47.0678
BLOCK16/SES161/SA161S12	SES007	-1.57797	-48.1365	-46.5585
BLOCK16/SES161/SA161S12	SES105	-2.05413	-48.6127	-46.5585
BLOCK16/SES161/SA161S12	SES158	-1.22329	-47.7818	-46.5585
BLOCK16/SES161/SA161S12	SES275	-1.56507	-48.1236	-46.5585
BLOCK16/SES161/SA161S20	SES007	-2.1951	-50.1032	-47.9081
BLOCK16/SES161/SA161S20	SES105	-2.51162	-50.4197	-47.9081
BLOCK16/SES161/SA161S20	SES158	-1.826	-49.7341	-47.9081
BLOCK16/SES161/SA161S20	SES275	-2.49424	-50.4024	-47.9081
BLOCK16/SES161/SA161S23	SES007	-1.90918	-48.1724	-46.2632
BLOCK16/SES161/SA161S23	SES105	-1.34497	-47.6082	-46.2632
BLOCK16/SES161/SA161S23	SES148	-2.15869	-48.4219	-46.2632
BLOCK16/SES161/SA161S23	SES158	-1.04353	-47.3067	-46.2632
BLOCK16/SES161/SA161S28	SES007	-2.81429	-49.5142	-46.6999
BLOCK16/SES161/SA161S28	SES105	-2.69739	-49.3973	-46.6999
BLOCK16/SES161/SA161S28	SES158	-1.0662	-47.7661	-46.6999
BLOCK16/SES161/SA161S28	SES206	-1.49009	-48.19	-46.6999
BLOCK16/SES164/SA164S11	SES104	-1.04751	-46.5786	-45.5311
BLOCK16/SES164/SA164S11	SES125	-0.4151	-45.9462	-45.5311
BLOCK16/SES164/SA164S11	SES158	0.100185	-45.4309	-45.5311
BLOCK16/SES164/SA164S11	SES206	-1.6558	-47.1869	-45.5311
BLOCK16/SES164/SA164S13	SES099	-0.895355	-47.484	-46.5886
BLOCK16/SES164/SA164S13	SES104	-1.32925	-47.9179	-46.5886
BLOCK16/SES164/SA164S13	SES125	-1.79714	-48.3858	-46.5886
BLOCK16/SES164/SA164S13	SES206	-1.92437	-48.513	-46.5886
BLOCK16/SES164/SA164S24	SES002	-0.616611	-46.6617	-46.0451
BLOCK16/SES164/SA164S24	SES099	-1.04528	-47.0904	-46.0451
BLOCK16/SES164/SA164S24	SES125	-1.72217	-47.7673	-46.0451
BLOCK16/SES164/SA164S24	SES226	-0.592632	-46.6378	-46.0451
BLOCK16/SES164/SA164S27	SES087	-2.36887	-48.5728	-46.204
BLOCK16/SES164/SA164S27	SES125	-1.5461	-47.7501	-46.204
BLOCK16/SES164/SA164S27	SES206	-1.83725	-48.0412	-46.204
BLOCK16/SES164/SA164S27	SES226	-1.00192	-47.2059	-46.204
BLOCK16/SES164/SA164S29	SES002	-0.19339	-46.038	-45.8446
BLOCK16/SES164/SA164S29	SES019	-1.3222	-47.1668	-45.8446
BLOCK16/SES164/SA164S29	SES125	-1.11996	-46.9646	-45.8446
BLOCK16/SES164/SA164S29	SES226	-0.919914	-46.7645	-45.8446
BLOCK16/SES169/SA169S13	SES117	-1.35091	-47.353	-46.002
BLOCK16/SES169/SA169S13	SES144	-1.32376	-47.3258	-46.002
BLOCK16/SES169/SA169S13	SES146	-1.35872	-47.3608	-46.002
BLOCK16/SES169/SA169S13	SES162	-1.53244	-47.5345	-46.002
BLOCK16/SES169/SA169S14	SES144	-1.15519	-46.1151	-44.96
BLOCK16/SES169/SA169S14	SES148	-1.15824	-46.1182	-44.96
BLOCK16/SES169/SA169S14	SES177	-1.31462	-46.2746	-44.96
BLOCK16/SES169/SA169S14	SES180	-2.14425	-47.1042	-44.96
BLOCK16/SES169/SA169S24	SES117	-0.761642	-47.3816	-46.62
BLOCK16/SES169/SA169S24	SES144	-0.880875	-47.5009	-46.62
BLOCK16/SES169/SA169S24	SES146	-1.37409	-47.9941	-46.62
BLOCK16/SES169/SA169S24	SES162	-1.11093	-47.7309	-46.62
BLOCK16/SES169/SA169S27	SES127	-1.64719	-47.4546	-45.8074
BLOCK16/SES169/SA169S27	SES129	-1.50659	-47.314	-45.8074
BLOCK16/SES169/SA169S27	SES144	-1.70669	-47.5141	-45.8074
BLOCK16/SES169/SA169S27	SES146	-1.0256	-46.833	-45.8074
BLOCK16/SES169/SA169S29	SES144	-0.810078	-45.8424	-45.0324
BLOCK16/SES169/SA169S29	SES162	-1.11171	-46.1441	-45.0324
BLOCK16/SES169/SA169S29	SES177	-2.1587	-47.1911	-45.0324
BLOCK16/SES169/SA169S29	SES180	-1.31557	-46.3479	-45.0324
BLOCK17/SES171/SA171S12	SES083	-1.32041	-47.8688	-46.5483
BLOCK17/SES171/SA171S12	SES148	-1.7449	-48.2932	-46.5483
BLOCK17/SES171/SA171S12	SES172	-1.62822	-48.1766	-46.5483
BLOCK17/SES171/SA171S12	SES292	-2.03424	-48.5826	-46.5483
BLOCK17/SES171/SA171S15	SES148	-1.95444	-48.8223	-46.8678
BLOCK17/SES171/SA171S15	SES177	-1.46388	-48.3317	-46.8678
BLOCK17/SES171/SA171S15	SES180	-3.46649	-50.3343	-46.8678
BLOCK17/SES171/SA171S15	SES292	-3.37552	-50.2434	-46.8678
BLOCK17/SES171/SA171S22	SES007	-1.71646	-47.4182	-45.7017
BLOCK17/SES171/SA171S22	SES148	-1.3545	-47.0562	-45.7017
BLOCK17/SES171/SA171S22	SES177	-0.698681	-46.4004	-45.7017
BLOCK17/SES171/SA171S22	SES180	-1.85353	-47.5553	-45.7017
BLOCK17/SES171/SA171S25	SES101	-3.98698	-50.6655	-46.6785
BLOCK17/SES171/SA171S25	SES120	-2.59717	-49.2757	-46.6785
BLOCK17/SES171/SA171S25	SES177	-1.32855	-48.0071	-46.6785
BLOCK17/SES171/SA171S25	SES180	-2.44847	-49.127	-46.6785
BLOCK17/SES171/SA171S27	SES177	-0.942204	-46.96	-46.0178
BLOCK17/SES171/SA171S27	SES180	-2.64756	-48.6654	-46.0178
BLOCK17/SES171/SA171S27	SES189	-1.40373	-47.4216	-46.0178
BLOCK17/SES171/SA171S27	SES292	-2.72735	-48.7452	-46.0178
BLOCK17/SES173/SA173S13	SES162	-2.26177	-49.4227	-47.1609
BLOCK17/SES173/SA173S13	SES177	-2.14676	-49.3077	-47.1609
BLOCK17/SES173/SA173S13	SES180	-3.10846	-50.2694	-47.1609
BLOCK17/SES173/SA173S13	SES292	-1.55075	-48.7117	-47.1609
BLOCK17/SES173/SA173S14	SES007	-3.86981	-51.149	-47.2791
BLOCK17/SES173/SA173S14	SES162	-1.94786	-49.227	-47.2791
BLOCK17/SES173/SA173S14	SES177	-1.57755	-48.8567	-47.2791
BLOCK17/SES173/SA173S14	SES180	-3.41629	-50.6954	-47.2791
BLOCK17/SES173/SA173S24	SES144	-1.8497	-49.6467	-47.797
BLOCK17/SES173/SA173S24	SES162	-2.31157	-50.1085	-47.797
BLOCK17/SES173/SA173S24	SES177	-1.88932	-49.6863	-47.797
BLOCK17/SES173/SA173S24	SES180	-3.53034	-51.3273	-47.797
BLOCK17/SES173/SA173S27	SES162	-2.57602	-49.6245	-47.0485
BLOCK17/SES173/SA173S27	SES177	-2.03811	-49.0866	-47.0485
BLOCK17/SES173/SA173S27	SES180	-2.93511	-49.9836	-47.0485
BLOCK17/SES173/SA173S27	SES292	-2.2844	-49.3329	-47.0485
BLOCK17/SES173/SA173S29	SES162	-2.42974	-49.339	-46.9092
BLOCK17/SES173/SA173S29	SES175	-1.47229	-48.3815	-46.9092
BLOCK17/SES173/SA173S29	SES177	-1.82175	-48.731	-46.9092
BLOCK17/SES173/SA173S29	SES292	-2.47871	-49.3879	-46.9092
BLOCK18/SES182/SA182S10	SES144	-1.31425	-47.0464	-45.7321
BLOCK18/SES182/SA182S10	SES177	-1.02309	-46.7552	-45.7321
BLOCK18/SES182/SA182S10	SES180	-2.36528	-48.0974	-45.7321
BLOCK18/SES182/SA182S10	SES275	-0.772545	-46.5047	-45.7321
BLOCK18/SES182/SA182S12	SES144	-0.789257	-46.2433	-45.454
BLOCK18/SES182/SA182S12	SES177	-1.1092	-46.5632	-45.454
BLOCK18/SES182/SA182S12	SES180	-1.3825	-46.8365	-45.454
BLOCK18/SES182/SA182S12	SES275	-0.802608	-46.2567	-45.454
BLOCK18/SES182/SA182S21	SES117	-1.60583	-48.1115	-46.5056
BLOCK18/SES182/SA182S21	SES144	-1.38194	-47.8876	-46.5056
BLOCK18/SES182/SA182S21	SES162	-1.01072	-47.5163	-46.5056
BLOCK18/SES182/SA182S21	SES180	-1.61159	-48.1172	-46.5056
BLOCK18/SES182/SA182S23	SES117	-1.45762	-47.7624	-46.3048
BLOCK18/SES182/SA182S23	SES144	-1.27445	-47.5793	-46.3048
BLOCK18/SES182/SA182S23	SES180	-1.96095	-48.2658	-46.3048
BLOCK18/SES182/SA182S23	SES275	-0.619854	-46.9247	-46.3048
BLOCK18/SES182/SA182S25	SES007	-0.8228	-46.8093	-45.9865
BLOCK18/SES182/SA182S25	SES162	-0.784035	-46.7705	-45.9865
BLOCK18/SES182/SA182S25	SES177	-1.0008	-46.9873	-45.9865
BLOCK18/SES182/SA182S25	SES180	-1.61448	-47.6009	-45.9865
BLOCK18/SES184/SA184S12	SES177	-2.00887	-47.8834	-45.8746
BLOCK18/SES184/SA184S12	SES180	-2.17693	-48.0515	-45.8746
BLOCK18/SES184/SA184S12	SES189	-2.40576	-48.2803	-45.8746
BLOCK18/SES184/SA184S12	SES292	-2.30759	-48.1822	-45.8746
BLOCK18/SES184/SA184S13	SES101	-2.29467	-47.9757	-45.681
BLOCK18/SES184/SA184S13	SES177	-1.30328	-46.9843	-45.681
BLOCK18/SES184/SA184S13	SES180	-1.70016	-47.3812	-45.681
BLOCK18/SES184/SA184S13	SES292	-1.79602	-47.477	-45.681
BLOCK18/SES184/SA184S22	SES177	-1.85038	-46.6787	-44.8283
BLOCK18/SES184/SA184S22	SES180	-1.89816	-46.7265	-44.8283
BLOCK18/SES184/SA184S22	SES189	-3.02563	-47.854	-44.8283
BLOCK18/SES184/SA184S22	SES292	-1.97649	-46.8048	-44.8283
BLOCK18/SES184/SA184S25	SES101	-1.565	-46.271	-44.706
BLOCK18/SES184/SA184S25	SES177	-1.86646	-46.5725	-44.706
BLOCK18/SES184/SA184S25	SES180	-1.4561	-46.1621	-44.706
BLOCK18/SES184/SA184S25	SES292	-0.946125	-45.6521	-44.706
BLOCK18/SES184/SA184S27	SES083	-1.7335	-47.2378	-45.5043
BLOCK18/SES184/SA184S27	SES177	-1.07113	-46.5754	-45.5043
BLOCK18/SES184/SA184S27	SES202	-2.53025	-48.0345	-45.5043
BLOCK18/SES184/SA184S27	SES292	-1.4449	-46.9492	-45.5043
BLOCK20/SES204/SA204S12	SES062	-2.12237	-46.9879	-44.8656
BLOCK20/SES204/SA204S12	SES083	-2.72866	-47.5942	-44.8656
BLOCK20/SES204/SA204S12	SES206	-0.909683	-45.7753	-44.8656
BLOCK20/SES204/SA204S12	SES226	-1.93219	-46.7978	-44.8656
BLOCK20/SES204/SA204S14	SES068	-2.83712	-47.0203	-44.1832
BLOCK20/SES204/SA204S14	SES087	-0.191891	-44.3751	-44.1832
BLOCK20/SES204/SA204S14	SES206	-1.02612	-45.2093	-44.1832
BLOCK20/SES204/SA204S14	SES226	-1.79704	-45.9803	-44.1832
BLOCK20/SES204/SA204S22	SES068	-3.45501	-48.4674	-45.0124
BLOCK20/SES204/SA204S22	SES082	-2.62163	-47.634	-45.0124
BLOCK20/SES204/SA204S22	SES083	-2.85667	-47.869	-45.0124
BLOCK20/SES204/SA204S22	SES206	-1.30015	-46.3125	-45.0124
BLOCK20/SES204/SA204S25	SES062	-2.39141	-47.6253	-45.2339
BLOCK20/SES204/SA204S25	SES083	-2.56788	-47.8017	-45.2339
BLOCK20/SES204/SA204S25	SES206	-0.642323	-45.8762	-45.2339
BLOCK20/SES204/SA204S25	SES226	-1.48039	-46.7142	-45.2339
BLOCK20/SES204/SA204S27	SES068	-3.98711	-49.3271	-45.34
BLOCK20/SES204/SA204S27	SES082	-1.81244	-47.1524	-45.34
BLOCK20/SES204/SA204S27	SES087	-0.68829	-46.0283	-45.34
BLOCK20/SES204/SA204S27	SES206	-1.0394	-46.3794	-45.34
BLOCK20/SES207/SA207S10	SES127	-1.24447	-47.3499	-46.1054
BLOCK20/SES207/SA207S10	SES183	-1.69233	-47.7978	-46.1054
BLOCK20/SES207/SA207S10	SES189	-1.80002	-47.9055	-46.1054
BLOCK20/SES207/SA207S10	SES292	-1.46549	-47.5709	-46.1054
BLOCK20/SES207/SA207S11	SES127	-2.21564	-48.2115	-45.9959
BLOCK20/SES207/SA207S11	SES183	-2.3028	-48.2987	-45.9959
BLOCK20/SES207/SA207S11	SES187	-0.974403	-46.9703	-45.9959
BLOCK20/SES207/SA207S11	SES292	-1.83315	-47.829	-45.9959
BLOCK20/SES207/SA207S25	SES068	-1.437	-47.44	-46.003
BLOCK20/SES207/SA207S25	SES083	-2.36142	-48.3644	-46.003
BLOCK20/SES207/SA207S25	SES127	-1.20123	-47.2042	-46.003
BLOCK20/SES207/SA207S25	SES187	-0.717571	-46.7206	-46.003
BLOCK20/SES207/SA207S27	SES127	-1.87361	-48.4187	-46.5451
BLOCK20/SES207/SA207S27	SES183	-1.3099	-47.855	-46.5451
BLOCK20/SES207/SA207S27	SES187	-1.38112	-47.9262	-46.5451
BLOCK20/SES207/SA207S27	SES292	-1.84427	-48.3894	-46.5451
BLOCK20/SES207/SA207S29	SES083	-2.1866	-47.9551	-45.7685
BLOCK20/SES207/SA207S29	SES085	-0.885288	-46.6538	-45.7685
BLOCK20/SES207/SA207S29	SES172	-2.42585	-48.1943	-45.7685
BLOCK20/SES207/SA207S29	SES189	-2.24342	-48.0119	-45.7685
BLOCK22/SES221/SA221S12	SES068	-2.15294	-47.7434	-45.5905
BLOCK22/SES221/SA221S12	SES143	-2.22952	-47.82	-45.5905
BLOCK22/SES221/SA221S12	SES175	-1.33941	-46.9299	-45.5905
BLOCK22/SES221/SA221S12	SES202	-0.700176	-46.2906	-45.5905
BLOCK22/SES221/SA221S15	SES085	-2.93596	-49.6846	-46.7486
BLOCK22/SES221/SA221S15	SES143	-3.46472	-50.2134	-46.7486
BLOCK22/SES221/SA221S15	SES175	-1.64621	-48.3948	-46.7486
BLOCK22/SES221/SA221S15	SES187	-2.04777	-48.7964	-46.7486
BLOCK22/SES221/SA221S23	SES068	-2.11255	-48.0772	-45.9646
BLOCK22/SES221/SA221S23	SES143	-2.508	-48.4726	-45.9646
BLOCK22/SES221/SA221S23	SES175	-1.41034	-47.375	-45.9646
BLOCK22/SES221/SA221S23	SES189	-0.310619	-46.2753	-45.9646
BLOCK22/SES221/SA221S27	SES085	-3.67995	-49.4548	-45.7749
BLOCK22/SES221/SA221S27	SES143	-2.54389	-48.3187	-45.7749
BLOCK22/SES221/SA221S27	SES175	-1.75179	-47.5266	-45.7749
BLOCK22/SES221/SA221S27	SES189	-0.0720139	-45.8469	-45.7749
BLOCK22/SES221/SA221S29	SES085	-4.66101	-51.4404	-46.7794
BLOCK22/SES221/SA221S29	SES143	-3.48948	-50.2689	-46.7794
BLOCK22/SES221/SA221S29	SES175	-1.47667	-48.2561	-46.7794
BLOCK22/SES221/SA221S29	SES187	-1.31033	-48.0897	-46.7794
BLOCK22/SES223/SA223S11	SES143	-1.51136	-48.1591	-46.6478
BLOCK22/SES223/SA223S11	SES144	-2.62312	-49.2709	-46.6478
BLOCK22/SES223/SA223S11	SES175	-1.20013	-47.8479	-46.6478
BLOCK22/SES223/SA223S11	SES187	-1.86043	-48.5082	-46.6478
BLOCK22/SES223/SA223S13	SES068	-1.73925	-49.28	-47.5407
BLOCK22/SES223/SA223S13	SES143	-2.43301	-49.9737	-47.5407
BLOCK22/SES223/SA223S13	SES146	-2.71709	-50.2578	-47.5407
BLOCK22/SES223/SA223S13	SES202	-1.82167	-49.3624	-47.5407
BLOCK22/SES223/SA223S22	SES143	-1.52193	-48.2561	-46.7342
BLOCK22/SES223/SA223S22	SES144	-2.11162	-48.8458	-46.7342
BLOCK22/SES223/SA223S22	SES175	-1.23585	-47.97	-46.7342
BLOCK22/SES223/SA223S22	SES187	-1.39539	-48.1296	-46.7342
BLOCK22/SES223/SA223S25	SES068	-2.02013	-48.7795	-46.7593
BLOCK22/SES223/SA223S25	SES143	-1.69611	-48.4554	-46.7593
BLOCK22/SES223/SA223S25	SES175	-0.918552	-47.6779	-46.7593
BLOCK22/SES223/SA223S25	SES187	-1.51182	-48.2711	-46.7593
BLOCK22/SES223/SA223S27	SES143	-1.35218	-48.3679	-47.0158
BLOCK22/SES223/SA223S27	SES146	-1.76988	-48.7856	-47.0158
BLOCK22/SES223/SA223S27	SES187	-1.50033	-48.5161	-47.0158
BLOCK22/SES223/SA223S27	SES292	-1.87486	-48.8906	-47.0158
BLOCK27/SES273/SA273S12	SES099	-0.225582	-44.4874	-44.2618
BLOCK27/SES273/SA273S12	SES104	-0.481186	-44.743	-44.2618
BLOCK27/SES273/SA273S12	SES125	-0.752495	-45.0143	-44.2618
BLOCK27/SES273/SA273S12	SES206	0.0669365	-44.1949	-44.2618
BLOCK27/SES273/SA273S13	SES099	-0.382931	-44.4839	-44.101
BLOCK27/SES273/SA273S13	SES104	-1.06343	-45.1644	-44.101
BLOCK27/SES273/SA273S13	SES206	-0.551319	-44.6523	-44.101
BLOCK27/SES273/SA273S13	SES292	-2.99803	-47.099	-44.101
BLOCK27/SES273/SA273S21	SES099	0.170345	-44.4935	-44.6639
BLOCK27/SES273/SA273S21	SES148	-2.8094	-47.4733	-44.6639
BLOCK27/SES273/SA273S21	SES149	-0.969021	-45.6329	-44.6639
BLOCK27/SES273/SA273S21	SES177	-3.36431	-48.0282	-44.6639
BLOCK27/SES273/SA273S25	SES104	-1.00126	-45.6254	-44.6242
BLOCK27/SES273/SA273S25	SES125	-1.28521	-45.9094	-44.6242
BLOCK27/SES273/SA273S25	SES158	-0.489101	-45.1133	-44.6242
BLOCK27/SES273/SA273S25	SES206	-0.0911255	-44.7153	-44.6242
BLOCK27/SES273/SA273S27	SES099	-0.490566	-44.7496	-44.259
BLOCK27/SES273/SA273S27	SES104	-0.833279	-45.0923	-44.259
BLOCK27/SES273/SA273S27	SES149	-0.580509	-44.8395	-44.259
BLOCK27/SES273/SA273S27	SES275	-1.8234	-46.0824	-44.259
BLOCK27/SES274/SA274S10	SES105	-1.27192	-45.7287	-44.4567
BLOCK27/SES274/SA274S10	SES125	-0.984333	-45.4411	-44.4567
BLOCK27/SES274/SA274S10	SES129	-0.962349	-45.4191	-44.4567
BLOCK27/SES274/SA274S10	SES158	-1.44123	-45.898	-44.4567
BLOCK27/SES274/SA274S11	SES105	-1.41819	-46.2198	-44.8016
BLOCK27/SES274/SA274S11	SES149	-0.612133	-45.4137	-44.8016
BLOCK27/SES274/SA274S11	SES158	-0.82766	-45.6292	-44.8016
BLOCK27/SES274/SA274S11	SES275	-1.22923	-46.0308	-44.8016
BLOCK27/SES274/SA274S21	SES105	-1.37673	-46.4305	-45.0537
BLOCK27/SES274/SA274S21	SES129	-1.40059	-46.4543	-45.0537
BLOCK27/SES274/SA274S21	SES149	-0.36459	-45.4183	-45.0537
BLOCK27/SES274/SA274S21	SES158	-2.09548	-47.1492	-45.0537
BLOCK27/SES274/SA274S24	SES105	-1.59777	-46.8411	-45.2433
BLOCK27/SES274/SA274S24	SES129	-1.88421	-47.1275	-45.2433
BLOCK27/SES274/SA274S24	SES149	-0.519642	-45.763	-45.2433
BLOCK27/SES274/SA274S24	SES158	-1.85059	-47.0939	-45.2433
BLOCK27/SES274/SA274S29	SES105	-1.77292	-46.676	-44.9031
BLOCK27/SES274/SA274S29	SES106	-1.96237	-46.8655	-44.9031
BLOCK27/SES274/SA274S29	SES120	-2.09896	-47.0021	-44.9031
BLOCK27/SES274/SA274S29	SES275	-1.20621	-46.1093	-44.9031
BLOCK27/SES276/SA276S16	SES148	-1.53435	-47.4158	-45.8814
BLOCK27/SES276/SA276S16	SES172	-1.5157	-47.3971	-45.8814
BLOCK27/SES276/SA276S16	SES180	-2.42831	-48.3097	-45.8814
BLOCK27/SES276/SA276S16	SES292	-1.22148	-47.1029	-45.8814
BLOCK27/SES276/SA276S17	SES101	-2.02797	-47.7857	-45.7577
BLOCK27/SES276/SA276S17	SES177	-1.7535	-47.5112	-45.7577
BLOCK27/SES276/SA276S17	SES180	-1.97635	-47.734	-45.7577
BLOCK27/SES276/SA276S17	SES292	-1.45374	-47.2114	-45.7577
BLOCK27/SES276/SA276S24	SES101	-1.29358	-45.9827	-44.6892
BLOCK27/SES276/SA276S24	SES177	-1.78014	-46.4693	-44.6892
BLOCK27/SES276/SA276S24	SES180	-1.85727	-46.5464	-44.6892
BLOCK27/SES276/SA276S24	SES292	-2.27646	-46.9656	-44.6892
BLOCK27/SES276/SA276S26	SES101	-2.6784	-47.8023	-45.1239
BLOCK27/SES276/SA276S26	SES177	-1.28808	-46.412	-45.1239
BLOCK27/SES276/SA276S26	SES180	-1.49691	-46.6209	-45.1239
BLOCK27/SES276/SA276S26	SES292	-1.18073	-46.3047	-45.1239
BLOCK27/SES276/SA276S28	SES101	-2.26072	-47.5854	-45.3247
BLOCK27/SES276/SA276S28	SES177	-1.98431	-47.309	-45.3247
BLOCK27/SES276/SA276S28	SES180	-1.60533	-46.93	-45.3247
BLOCK27/SES276/SA276S28	SES292	-2.25214	-47.5769	-45.3247
BLOCK27/SES277/SA277S12	SES101	-0.874474	-47.1737	-46.2992
BLOCK27/SES277/SA277S12	SES177	-1.53807	-47.8373	-46.2992
BLOCK27/SES277/SA277S12	SES180	-2.50496	-48.8042	-46.2992
BLOCK27/SES277/SA277S12	SES292	-2.36757	-48.6668	-46.2992
BLOCK27/SES277/SA277S14	SES177	-1.35506	-47.9829	-46.6278
BLOCK27/SES277/SA277S14	SES180	-2.5004	-49.1282	-46.6278
BLOCK27/SES277/SA277S14	SES189	-1.18039	-47.8082	-46.6278
BLOCK27/SES277/SA277S14	SES292	-2.95391	-49.5817	-46.6278
BLOCK27/SES277/SA277S21	SES177	-0.879658	-46.5936	-45.7139
BLOCK27/SES277/SA277S21	SES180	-2.28993	-48.0038	-45.7139
BLOCK27/SES277/SA277S21	SES189	-0.952522	-46.6664	-45.7139
BLOCK27/SES277/SA277S21	SES292	-2.48634	-48.2003	-45.7139
BLOCK27/SES277/SA277S24	SES144	-2.09475	-48.7161	-46.6213
BLOCK27/SES277/SA277S24	SES177	-1.44466	-48.066	-46.6213
BLOCK27/SES277/SA277S24	SES180	-2.53105	-49.1524	-46.6213
BLOCK27/SES277/SA277S24	SES189	-1.58147	-48.2028	-46.6213
BLOCK27/SES277/SA277S29	SES177	-0.992477	-45.5813	-44.5888
BLOCK27/SES277/SA277S29	SES180	-1.50835	-46.0972	-44.5888
BLOCK27/SES277/SA277S29	SES202	-1.62782	-46.2166	-44.5888
BLOCK27/SES277/SA277S29	SES292	-2.06522	-46.6541	-44.5888
BLOCK27/SES279/SA279S09	SES120	-1.54092	-46.6518	-45.1109
BLOCK27/SES279/SA279S09	SES146	-1.62562	-46.7365	-45.1109
BLOCK27/SES279/SA279S09	SES206	-1.95384	-47.0647	-45.1109
BLOCK27/SES279/SA279S09	SES226	-2.15231	-47.2632	-45.1109
BLOCK27/SES279/SA279S10	SES099	-1.0732	-46.074	-45.0008
BLOCK27/SES279/SA279S10	SES206	-1.02346	-46.0243	-45.0008
BLOCK27/SES279/SA279S10	SES226	-1.83012	-46.8309	-45.0008
BLOCK27/SES279/SA279S10	SES292	-1.51037	-46.5112	-45.0008
BLOCK27/SES279/SA279S20	SES099	-1.7934	-47.4611	-45.6677
BLOCK27/SES279/SA279S20	SES206	-0.769112	-46.4368	-45.6677
BLOCK27/SES279/SA279S20	SES226	-1.87598	-47.5437	-45.6677
BLOCK27/SES279/SA279S20	SES292	-0.879318	-46.547	-45.6677
BLOCK27/SES279/SA279S26	SES099	-1.50575	-46.735	-45.2292
BLOCK27/SES279/SA279S26	SES206	-0.558029	-45.7873	-45.2292
BLOCK27/SES279/SA279S26	SES226	-1.51804	-46.7473	-45.2292
BLOCK27/SES279/SA279S26	SES292	-1.96485	-47.1941	-45.2292
BLOCK27/SES279/SA279S28	SES099	-1.83619	-45.7447	-43.9085
BLOCK27/SES279/SA279S28	SES120	-1.6304	-45.5389	-43.9085
BLOCK27/SES279/SA279S28	SES177	-2.85946	-46.768	-43.9085
BLOCK27/SES279/SA279S28	SES206	-1.83781	-45.7463	-43.9085
BLOCK29/SES290/SA290S12	SES162	-2.01297	-46.9691	-44.9561
BLOCK29/SES290/SA290S12	SES177	-1.58633	-46.5425	-44.9561
BLOCK29/SES290/SA290S12	SES180	-2.55442	-47.5106	-44.9561
BLOCK29/SES290/SA290S12	SES292	-2.27443	-47.2306	-44.9561
BLOCK29/SES290/SA290S13	SES007	-2.98486	-48.7983	-45.8134
BLOCK29/SES290/SA290S13	SES162	-2.22131	-48.0347	-45.8134
BLOCK29/SES290/SA290S13	SES177	-0.983593	-46.797	-45.8134
BLOCK29/SES290/SA290S13	SES180	-1.65955	-47.473	-45.8134
BLOCK29/SES290/SA290S22	SES177	-1.23922	-46.5081	-45.2689
BLOCK29/SES290/SA290S22	SES180	-1.48104	-46.7499	-45.2689
BLOCK29/SES290/SA290S22	SES202	-1.56821	-46.8371	-45.2689
BLOCK29/SES290/SA290S22	SES292	-1.92473	-47.1936	-45.2689
BLOCK29/SES290/SA290S25	SES162	-1.40055	-46.4322	-45.0317
BLOCK29/SES290/SA290S25	SES177	-1.05679	-46.0884	-45.0317
BLOCK29/SES290/SA290S25	SES180	-1.29877	-46.3304	-45.0317
BLOCK29/SES290/SA290S25	SES292	-1.66865	-46.7003	-45.0317
BLOCK29/SES290/SA290S29	SES177	-0.354713	-45.4035	-45.0488
BLOCK29/SES290/SA290S29	SES180	-0.947723	-45.9966	-45.0488
BLOCK29/SES290/SA290S29	SES275	-2.1762	-47.225	-45.0488
BLOCK29/SES290/SA290S29	SES292	-1.33965	-46.3885	-45.0488
BLOCK29/SES291/SA291S11	SES105	-3.20198	-49.0091	-45.8071
BLOCK29/SES291/SA291S11	SES125	-1.16298	-46.9701	-45.8071
BLOCK29/SES291/SA291S11	SES158	-0.997246	-46.8043	-45.8071
BLOCK29/SES291/SA291S11	SES275	-3.45642	-49.2635	-45.8071
BLOCK29/SES291/SA291S12	SES158	0.10363	-45.353	-45.4567
BLOCK29/SES291/SA291S12	SES226	-1.14686	-46.6035	-45.4567
BLOCK29/SES291/SA291S12	SES270	-0.0812683	-45.5379	-45.4567
BLOCK29/SES291/SA291S12	SES275	-3.83715	-49.2938	-45.4567
BLOCK29/SES291/SA291S22	SES082	-1.05176	-46.464	-45.4122
BLOCK29/SES291/SA291S22	SES158	-0.698536	-46.1108	-45.4122
BLOCK29/SES291/SA291S22	SES259	-1.2801	-46.6923	-45.4122
BLOCK29/SES291/SA291S22	SES275	-2.89216	-48.3044	-45.4122
BLOCK29/SES291/SA291S24	SES104	-0.316551	-44.5949	-44.2783
BLOCK29/SES291/SA291S24	SES125	-0.167858	-44.4462	-44.2783
BLOCK29/SES291/SA291S24	SES158	-0.634674	-44.913	-44.2783
BLOCK29/SES291/SA291S24	SES275	-3.59175	-47.8701	-44.2783
BLOCK29/SES291/SA291S27	SES158	-0.0662079	-44.6154	-44.5492
BLOCK29/SES291/SA291S27	SES172	-5.01182	-49.561	-44.5492
BLOCK29/SES291/SA291S27	SES275	-3.73223	-48.2814	-44.5492
BLOCK29/SES291/SA291S27	SES292	-3.05661	-47.6058	-44.5492
