BLOCK00/SES002/SA002S12	SES002	1.23218	-40.4549	-41.6871
BLOCK00/SES002/SA002S13	SES002	1.79823	-40.2861	-42.0844
BLOCK00/SES002/SA002S23	SES002	1.33865	-40.1192	-41.4579
BLOCK00/SES002/SA002S26	SES002	1.95289	-39.9855	-41.9384
BLOCK00/SES002/SA002S28	SES002	1.38353	-40.337	-41.7205
BLOCK00/SES007/SA007S14	SES007	1.0069	-39.7699	-40.7768
BLOCK00/SES007/SA007S15	SES007	0.687145	-40.9918	-41.679
BLOCK00/SES007/SA007S24	SES007	0.524818	-40.8782	-41.403
BLOCK00/SES007/SA007S27	SES007	0.393291	-41.5753	-41.9686
BLOCK00/SES007/SA007S29	SES007	0.163036	-40.5716	-40.7347
BLOCK00/SES008/SA008S11	SES008	1.14645	-40.63	-41.7765
BLOCK00/SES008/SA008S12	SES008	0.570244	-41.3832	-41.9535
BLOCK00/SES008/SA008S19	SES008	1.44031	-40.0253	-41.4656
BLOCK00/SES008/SA008S22	SES008	1.2228	-41.0898	-42.3126
BLOCK00/SES008/SA008S29	SES008	1.20192	-40.2221	-41.424
BLOCK01/SES014/SA014S10	SES014	1.93015	-40.1847	-42.1148
BLOCK01/SES014/SA014S12	SES014	2.66603	-38.175	-40.841
BLOCK01/SES014/SA014S24	SES014	1.64034	-39.978	-41.6183
BLOCK01/SES014/SA014S26	SES014	2.40067	-37.8263	-40.2269
BLOCK01/SES014/SA014S28	SES014	2.59186	-38.3119	-40.9037
BLOCK01/SES016/SA016S12	SES016	0.614647	-42.6403	-43.255
BLOCK01/SES016/SA016S13	SES016	1.17735	-40.6665	-41.8438
BLOCK01/SES016/SA016S22	SES016	0.310127	-41.7664	-42.0765
BLOCK01/SES016/SA016S25	SES016	1.23567	-39.3393	-40.5749
BLOCK01/SES016/SA016S27	SES016	1.64846	-39.5079	-41.1563
BLOCK01/SES019/SA019S13	SES019	2.99664	-40.5646	-43.5612
BLOCK01/SES019/SA019S14	SES019	1.81509	-40.9793	-42.7943
BLOCK01/SES019/SA019S22	SES019	2.55828	-40.477	-43.0353
BLOCK01/SES019/SA019S25	SES019	2.43798	-40.9658	-43.4038
BLOCK01/SES019/SA019S29	SES019	2.90936	-40.7812	-43.6906
BLOCK02/SES029/SA029S11	SES029	1.20628	-40.3124	-41.5186
BLOCK02/SES029/SA029S12	SES029	0.377098	-40.809	-41.1861
BLOCK02/SES029/SA029S20	SES029	0.439831	-41.8549	-42.2948
BLOCK02/SES029/SA029S25	SES029	0.523525	-40.5767	-41.1003
BLOCK02/SES029/SA029S28	SES029	0.194447	-41.5762	-41.7706
BLOCK04/SES042/SA042S12	SES042	2.22045	-39.3216	-41.542
BLOCK04/SES042/SA042S15	SES042	2.31793	-39.6793	-41.9972
BLOCK04/SES042/SA042S22	SES042	3.45941	-37.9305	-41.3899
BLOCK04/SES042/SA042S25	SES042	2.28445	-40.6246	-42.9091
BLOCK04/SES042/SA042S27	SES042	2.03792	-39.4677	-41.5056
BLOCK04/SES048/SA048S11	SES048	1.1292	-40.4605	-41.5897
BLOCK04/SES048/SA048S12	SES048	0.516937	-41.0012	-41.5181
BLOCK04/SES048/SA048S20	SES048	0.907948	-40.3959	-41.3038
BLOCK04/SES048/SA048S23	SES048	1.27464	-40.8062	-42.0808
BLOCK04/SES048/SA048S27	SES048	0.972679	-40.0281	-41.0008
BLOCK06/SES060/SA060S11	SES060	1.21542	-40.3451	-41.5605
BLOCK06/SES060/SA060S12	SES060	-1.41003	-42.9545	-41.5445
BLOCK06/SES060/SA060S22	SES060	-0.128117	-42.2881	-42.1599
BLOCK06/SES060/SA060S24	SES060	0.956852	-40.4028	-41.3596
BLOCK06/SES060/SA060S28	SES060	1.22986	-38.98	-40.2098
BLOCK06/SES062/SA062S10	SES062	0.759727	-40.582	-41.3418
BLOCK06/SES062/SA062S11	SES062	1.03861	-40.307	-41.3456
BLOCK06/SES062/SA062S21	SES062	1.70387	-38.3163	-40.0202
BLOCK06/SES062/SA062S26	SES062	0.535954	-39.8116	-40.3475
BLOCK06/SES062/SA062S29	SES062	1.30587	-39.2822	-40.588
BLOCK06/SES068/SA068S14	SES068	0.453987	-41.0012	-41.4552
BLOCK06/SES068/SA068S15	SES068	0.97723	-39.9115	-40.8888
BLOCK06/SES068/SA068S23	SES068	0.910275	-41.0063	-41.9166
BLOCK06/SES068/SA068S27	SES068	1.27562	-39.8087	-41.0843
BLOCK06/SES068/SA068S29	SES068	1.03165	-40.2891	-41.3208
BLOCK08/SES082/SA082S12	SES082	0.655666	-42.2461	-42.9018
BLOCK08/SES082/SA082S14	SES082	0.586895	-41.9792	-42.5661
BLOCK08/SES082/SA082S21	SES082	0.934692	-41.2018	-42.1365
BLOCK08/SES082/SA082S24	SES082	0.788406	-41.0803	-41.8687
BLOCK08/SES082/SA082S28	SES082	0.343098	-41.7446	-42.0877
BLOCK08/SES083/SA083S14	SES083	-0.595409	-41.9026	-41.3072
BLOCK08/SES083/SA083S15	SES083	0.149105	-41.1778	-41.3269
BLOCK08/SES083/SA083S24	SES083	-0.0280609	-41.4871	-41.459
BLOCK08/SES083/SA083S26	SES083	0.550045	-40.9209	-41.4709
BLOCK08/SES083/SA083S29	SES083	-0.537708	-41.4311	-40.8934
BLOCK08/SES085/SA085S10	SES085	-0.118782	-41.2368	-41.118
BLOCK08/SES085/SA085S13	SES085	0.459679	-41.2456	-41.7053
BLOCK08/SES085/SA085S22	SES085	-1.52939	-42.9346	-41.4053
BLOCK08/SES085/SA085S26	SES085	-0.775429	-41.8865	-41.1111
BLOCK08/SES085/SA085S28	SES085	0.564281	-40.7563	-41.3206
BLOCK08/SES087/SA087S15	SES087	1.63699	-40.6154	-42.2524
BLOCK08/SES087/SA087S16	SES087	1.49038	-40.6405	-42.1309
BLOCK08/SES087/SA087S24	SES087	1.54824	-40.6714	-42.2197
BLOCK08/SES087/SA087S26	SES087	1.42786	-39.5867	-41.0146
BLOCK08/SES087/SA087S29	SES087	1.58372	-40.5013	-42.085
BLOCK09/SES099/SA099S15	SES099	1.02996	-41.2369	-42.2669
BLOCK09/SES099/SA099S16	SES099	1.17161	-40.987	-42.1586
BLOCK09/SES099/SA099S24	SES099	1.45363	-40.1827	-41.6364
BLOCK09/SES099/SA099S26	SES099	1.29637	-40.3981	-41.6944
BLOCK09/SES099/SA099S29	SES099	1.44706	-40.3103	-41.7574
BLOCK10/SES101/SA101S11	SES101	0.333279	-40.8418	-41.1751
BLOCK10/SES101/SA101S13	SES101	0.92445	-40.2084	-41.1328
BLOCK10/SES101/SA101S22	SES101	1.1088	-40.9217	-42.0305
BLOCK10/SES101/SA101S24	SES101	1.06133	-40.764	-41.8253
BLOCK10/SES101/SA101S28	SES101	-0.00380707	-41.7477	-41.7439
BLOCK10/SES104/SA104S11	SES104	1.32973	-39.5426	-40.8723
BLOCK10/SES104/SA104S12	SES104	1.38984	-39.6152	-41.005
BLOCK10/SES104/SA104S21	SES104	0.971699	-40.5379	-41.5096
BLOCK10/SES104/SA104S24	SES104	0.953114	-41.0089	-41.962
BLOCK10/SES104/SA104S28	SES104	0.921787	-40.5959	-41.5177
BLOCK10/SES105/SA105S12	SES105	0.515968	-41.941	-42.457
BLOCK10/SES105/SA105S13	SES105	0.995224	-41.2749	-42.2701
BLOCK10/SES105/SA105S22	SES105	0.196018	-42.5076	-42.7036
BLOCK10/SES105/SA105S26	SES105	1.31258	-41.2687	-42.5813
BLOCK10/SES105/SA105S29	SES105	0.77858	-41.1744	-41.9529
BLOCK10/SES106/SA106S09	SES106	1.4803	-41.7911	-43.2714
BLOCK10/SES106/SA106S11	SES106	1.42024	-40.3055	-41.7257
BLOCK10/SES106/SA106S22	SES106	2.65145	-40.342	-42.9934
BLOCK10/SES106/SA106S27	SES106	1.3383	-40.5846	-41.9229
BLOCK10/SES106/SA106S29	SES106	0.904526	-40.6735	-41.5781
BLOCK11/SES117/SA117S12	SES117	0.679035	-41.0939	-41.7729
BLOCK11/SES117/SA117S13	SES117	0.286976	-41.2259	-41.5128
BLOCK11/SES117/SA117S23	SES117	1.48103	-41.4761	-42.9571
BLOCK11/SES117/SA117S25	SES117	0.669125	-41.8509	-42.52
BLOCK11/SES117/SA117S28	SES117	1.1205	-41.5955	-42.716
BLOCK12/SES120/SA120S08	SES120	0.895351	-42.4855	-43.3809
BLOCK12/SES120/SA120S11	SES120	0.312817	-43.6073	-43.9201
BLOCK12/SES120/SA120S22	SES120	0.363789	-41.5439	-41.9076
BLOCK12/SES120/SA120S24	SES120	0.661312	-41.6572	-42.3185
BLOCK12/SES120/SA120S28	SES120	-0.0554276	-43.5836	-43.5282
BLOCK12/SES125/SA125S13	SES125	1.71201	-39.8323	-41.5443
BLOCK12/SES125/SA125S14	SES125	1.1079	-40.8032	-41.9111
BLOCK12/SES125/SA125S25	SES125	1.88821	-39.9171	-41.8053
BLOCK12/SES125/SA125S27	SES125	2.05222	-39.2157	-41.2679
BLOCK12/SES125/SA125S29	SES125	1.43261	-40.0848	-41.5174
BLOCK12/SES127/SA127S11	SES127	0.647491	-41.1419	-41.7894
BLOCK12/SES127/SA127S12	SES127	-0.857979	-41.7742	-40.9162
BLOCK12/SES127/SA127S23	SES127	0.310833	-41.2272	-41.538
BLOCK12/SES127/SA127S25	SES127	0.0377045	-41.2102	-41.2479
BLOCK12/SES127/SA127S27	SES127	0.786777	-40.3645	-41.1513
BLOCK12/SES129/SA129S11	SES129	1.34846	-39.7818	-41.1303
BLOCK12/SES129/SA129S12	SES129	0.99461	-39.8769	-40.8715
BLOCK12/SES129/SA129S22	SES129	1.08538	-40.3001	-41.3855
BLOCK12/SES129/SA129S27	SES129	1.39141	-39.8972	-41.2886
BLOCK12/SES129/SA129S29	SES129	1.63878	-39.6586	-41.2974
BLOCK14/SES142/SA142S11	SES142	1.44569	-40.6757	-42.1214
BLOCK14/SES142/SA142S12	SES142	0.845707	-41.3546	-42.2003
BLOCK14/SES142/SA142S24	SES142	1.38238	-40.5778	-41.9602
BLOCK14/SES142/SA142S27	SES142	1.70769	-40.3332	-42.0409
BLOCK14/SES142/SA142S29	SES142	1.80138	-39.6954	-41.4968
BLOCK14/SES143/SA143S12	SES143	1.01238	-41.1164	-42.1288
BLOCK14/SES143/SA143S13	SES143	0.621151	-41.5934	-42.2145
BLOCK14/SES143/SA143S23	SES143	0.962627	-41.3421	-42.3048
BLOCK14/SES143/SA143S25	SES143	0.651428	-41.394	-42.0454
BLOCK14/SES143/SA143S28	SES143	0.785843	-40.7287	-41.5146
BLOCK14/SES144/SA144S09	SES144	0.808575	-40.9224	-41.7309
BLOCK14/SES144/SA144S11	SES144	0.405411	-42.3116	-42.717
BLOCK14/SES144/SA144S21	SES144	0.015461	-41.9401	-41.9556
BLOCK14/SES144/SA144S25	SES144	0.61256	-41.6065	-42.2191
BLOCK14/SES144/SA144S29	SES144	0.103302	-41.5564	-41.6597
BLOCK14/SES146/SA146S14	SES146	0.43602	-42.1207	-42.5567
BLOCK14/SES146/SA146S15	SES146	-0.0298119	-41.9332	-41.9034
BLOCK14/SES146/SA146S24	SES146	0.301956	-41.7533	-42.0553
BLOCK14/SES146/SA146S26	SES146	0.6991	-41.9421	-42.6412
BLOCK14/SES146/SA146S29	SES146	0.461231	-42.5096	-42.9709
BLOCK14/SES147/SA147S11	SES147	1.47749	-40.9583	-42.4358
BLOCK14/SES147/SA147S13	SES147	1.63871	-40.1409	-41.7796
BLOCK14/SES147/SA147S23	SES147	1.31209	-41.3888	-42.7009
BLOCK14/SES147/SA147S26	SES147	1.07295	-41.2303	-42.3032
BLOCK14/SES147/SA147S28	SES147	1.63164	-40.652	-42.2837
BLOCK14/SES148/SA148S10	SES148	1.01467	-40.4831	-41.4977
BLOCK14/SES148/SA148S12	SES148	0.585636	-41.5429	-42.1285
BLOCK14/SES148/SA148S22	SES148	0.835823	-40.1481	-40.9839
BLOCK14/SES148/SA148S26	SES148	0.407585	-40.9391	-41.3466
BLOCK14/SES148/SA148S29	SES148	0.453125	-41.6068	-42.0599
BLOCK14/SES149/SA149S13	SES149	0.0591316	-41.6058	-41.665
BLOCK14/SES149/SA149S14	SES149	0.388481	-40.827	-41.2155
BLOCK14/SES149/SA149S24	SES149	1.25464	-40.3848	-41.6394
BLOCK14/SES149/SA149S26	SES149	1.64618	-39.9577	-41.6039
BLOCK14/SES149/SA149S28	SES149	2.16763	-39.0301	-41.1977
BLOCK15/SES158/SA158S13	SES158	1.09317	-41.4013	-42.4945
BLOCK15/SES158/SA158S14	SES158	1.81114	-40.9555	-42.7666
BLOCK15/SES158/SA158S23	SES158	1.03815	-40.9477	-41.9858
BLOCK15/SES158/SA158S26	SES158	1.70076	-40.6132	-42.314
BLOCK15/SES158/SA158S28	SES158	1.09903	-41.2468	-42.3458
BLOCK16/SES162/SA162S10	SES162	0.784935	-42.1918	-42.9768
BLOCK16/SES162/SA162S11	SES162	0.796246	-41.0326	-41.8288
BLOCK16/SES162/SA162S21	SES162	1.61604	-40.765	-42.3811
BLOCK16/SES162/SA162S24	SES162	0.750378	-41.3754	-42.1258
BLOCK16/SES162/SA162S27	SES162	1.33131	-41.3624	-42.6937
BLOCK16/SES167/SA167S14	SES167	0.83572	-40.0431	-40.8789
BLOCK16/SES167/SA167S15	SES167	1.35053	-40.3612	-41.7117
BLOCK16/SES167/SA167S21	SES167	1.26048	-39.6399	-40.9004
BLOCK16/SES167/SA167S25	SES167	1.35723	-40.3638	-41.721
BLOCK16/SES167/SA167S29	SES167	1.67082	-39.2667	-40.9375
BLOCK17/SES172/SA172S12	SES172	1.53371	-40.6751	-42.2088
BLOCK17/SES172/SA172S13	SES172	1.58878	-40.8057	-42.3945
BLOCK17/SES172/SA172S23	SES172	0.644279	-39.9521	-40.5964
BLOCK17/SES172/SA172S27	SES172	0.649128	-41.2834	-41.9325
BLOCK17/SES172/SA172S29	SES172	0.879166	-41.0825	-41.9616
BLOCK17/SES175/SA175S11	SES175	1.11875	-40.596	-41.7148
BLOCK17/SES175/SA175S13	SES175	0.606003	-40.886	-41.492
BLOCK17/SES175/SA175S23	SES175	1.27519	-40.7676	-42.0428
BLOCK17/SES175/SA175S25	SES175	0.553543	-42.4001	-42.9536
BLOCK17/SES175/SA175S28	SES175	0.940887	-40.6054	-41.5463
BLOCK17/SES177/SA177S15	SES177	-0.23267	-41.6907	-41.458
BLOCK17/SES177/SA177S17	SES177	0.116673	-41.4487	-41.5653
BLOCK17/SES177/SA177S23	SES177	0.0373764	-41.7282	-41.7656
BLOCK17/SES177/SA177S26	SES177	0.555714	-39.6563	-40.212
BLOCK17/SES177/SA177S28	SES177	0.779842	-40.1906	-40.9705
BLOCK18/SES180/SA180S13	SES180	0.44696	-41.2668	-41.7138
BLOCK18/SES180/SA180S15	SES180	0.631172	-41.3234	-41.9546
BLOCK18/SES180/SA180S24	SES180	0.607147	-40.0047	-40.6119
BLOCK18/SES180/SA180S26	SES180	0.767712	-40.7734	-41.5411
BLOCK18/SES180/SA180S29	SES180	1.12274	-40.9855	-42.1082
BLOCK18/SES183/SA183S13	SES183	0.91597	-41.4919	-42.4078
BLOCK18/SES183/SA183S14	SES183	0.214092	-42.0575	-42.2716
BLOCK18/SES183/SA183S24	SES183	0.92474	-41.7895	-42.7142
BLOCK18/SES183/SA183S27	SES183	0.92424	-41.2894	-42.2137
BLOCK18/SES183/SA183S29	SES183	1.01507	-40.847	-41.8621
BLOCK18/SES187/SA187S13	SES187	0.734173	-41.6693	-42.4035
BLOCK18/SES187/SA187S14	SES187	0.788036	-41.6473	-42.4353
BLOCK18/SES187/SA187S24	SES187	1.10881	-40.985	-42.0938
BLOCK18/SES187/SA187S27	SES187	1.08173	-40.9201	-42.0018
BLOCK18/SES187/SA187S29	SES187	0.888168	-41.4303	-42.3185
BLOCK18/SES189/SA189S10	SES189	1.32532	-42.7229	-44.0482
BLOCK18/SES189/SA189S13	SES189	1.33361	-43.2283	-44.5619
BLOCK18/SES189/SA189S24	SES189	1.52892	-42.0854	-43.6143
BLOCK18/SES189/SA189S26	SES189	0.953365	-41.9535	-42.9068
BLOCK18/SES189/SA189S29	SES189	1.75699	-41.6469	-43.4039
BLOCK20/SES202/SA202S12	SES202	1.02204	-41.9497	-42.9717
BLOCK20/SES202/SA202S14	SES202	2.39574	-40.2113	-42.607
BLOCK20/SES202/SA202S24	SES202	1.35518	-41.14	-42.4952
BLOCK20/SES202/SA202S27	SES202	1.56438	-39.8164	-41.3808
BLOCK20/SES202/SA202S29	SES202	1.83994	-39.8465	-41.6865
BLOCK20/SES206/SA206S15	SES206	0.12994	-40.8473	-40.9772
BLOCK20/SES206/SA206S17	SES206	1.65973	-39.7118	-41.3715
BLOCK20/SES206/SA206S24	SES206	1.81921	-39.4219	-41.2412
BLOCK20/SES206/SA206S27	SES206	1.65212	-40.3705	-42.0226
BLOCK20/SES206/SA206S29	SES206	1.64519	-39.2579	-40.9031
BLOCK22/SES226/SA226S12	SES226	1.25071	-41.0569	-42.3076
BLOCK22/SES226/SA226S13	SES226	-0.273296	-42.3726	-42.0993
BLOCK22/SES226/SA226S20	SES226	1.13562	-41.3032	-42.4389
BLOCK22/SES226/SA226S23	SES226	1.65034	-40.3974	-42.0477
BLOCK22/SES226/SA226S28	SES226	1.71855	-40.223	-41.9415
BLOCK25/SES259/SA259S13	SES259	2.754	-39.1993	-41.9533
BLOCK25/SES259/SA259S14	SES259	1.3792	-40.2891	-41.6683
BLOCK25/SES259/SA259S22	SES259	1.32323	-40.2154	-41.5386
BLOCK25/SES259/SA259S24	SES259	1.6904	-39.6558	-41.3462
BLOCK25/SES259/SA259S28	SES259	1.64132	-39.6112	-41.2526
BLOCK27/SES270/SA270S14	SES270	1.80596	-41.4549	-43.2609
BLOCK27/SES270/SA270S16	SES270	0.56702	-41.6369	-42.2039
BLOCK27/SES270/SA270S22	SES270	2.25703	-40.3662	-42.6232
BLOCK27/SES270/SA270S26	SES270	1.36783	-41.7392	-43.107
BLOCK27/SES270/SA270S28	SES270	0.764439	-41.1419	-41.9064
BLOCK27/SES275/SA275S17	SES275	1.04435	-41.7086	-42.7529
BLOCK27/SES275/SA275S18	SES275	0.032917	-41.7487	-41.7817
BLOCK27/SES275/SA275S24	SES275	0.481319	-42.7665	-43.2478
BLOCK27/SES275/SA275S26	SES275	0.886288	-40.9767	-41.863
BLOCK27/SES275/SA275S28	SES275	0.280045	-41.3586	-41.6387
BLOCK29/SES292/SA292S10	SES292	-0.0105019	-41.9377	-41.9272
BLOCK29/SES292/SA292S12	SES292	0.104137	-42.2343	-42.3385
BLOCK29/SES292/SA292S22	SES292	0.63681	-40.7307	-41.3675
BLOCK29/SES292/SA292S24	SES292	0.267971	-41.1883	-41.4562
BLOCK29/SES292/SA292S27	SES292	-0.0360374	-40.9802	-40.9441
BLOCK00/SES001/SA001S14	SES062	-1.68212	-43.5847	-41.9026
BLOCK00/SES001/SA001S14	SES082	-1.81361	-43.7162	-41.9026
BLOCK00/SES001/SA001S14	SES106	-1.80989	-43.7125	-41.9026
BLOCK00/SES001/SA001S14	SES206	-1.63222	-43.5348	-41.9026
BLOCK00/SES001/SA001S15	SES062	-1.61143	-42.754	-41.1426
BLOCK00/SES001/SA001S15	SES104	-2.28291	-43.4255	-41.1426
BLOCK00/SES001/SA001S15	SES106	-2.2131	-43.3557	-41.1426
BLOCK00/SES001/SA001S15	SES206	-1.577	-42.7196	-41.1426
BLOCK00/SES001/SA001S24	SES062	-2.675	-45.156	-42.481
BLOCK00/SES001/SA001S24	SES082	-2.07066	-44.5517	-42.481
BLOCK00/SES001/SA001S24	SES087	-2.11745	-44.5985	-42.481
BLOCK00/SES001/SA001S24	SES206	-1.65924	-44.1403	-42.481
BLOCK00/SES001/SA001S27	SES062	-1.54357	-42.7229	-41.1793
BLOCK00/SES001/SA001S27	SES082	-2.54233	-43.7217	-41.1793
BLOCK00/SES001/SA001S27	SES087	-2.34562	-43.525	-41.1793
BLOCK00/SES001/SA001S27	SES206	-2.64431	-43.8237	-41.1793
BLOCK00/SES001/SA001S29	SES062	-2.0863	-44.0975	-42.0112
BLOCK00/SES001/SA001S29	SES082	-1.38558	-43.3968	-42.0112
BLOCK00/SES001/SA001S29	SES158	-1.15614	-43.1673	-42.0112
BLOCK00/SES001/SA001S29	SES206	-2.54972	-44.5609	-42.0112
BLOCK00/SES003/SA003S11	SES002	-0.522888	-42.7588	-42.2359
BLOCK00/SES003/SA003S11	SES019	-0.929482	-43.1654	-42.2359
BLOCK00/SES003/SA003S11	SES082	0.163574	-42.0723	-42.2359
BLOCK00/SES003/SA003S11	SES125	-0.80122	-43.0371	-42.2359
BLOCK00/SES003/SA003S15	SES016	-2.78591	-44.6024	-41.8165
BLOCK00/SES003/SA003S15	SES019	-0.82275	-42.6392	-41.8165
BLOCK00/SES003/SA003S15	SES062	-1.56948	-43.386	-41.8165
BLOCK00/SES003/SA003S15	SES206	-0.916885	-42.7334	-41.8165
BLOCK00/SES003/SA003S22	SES002	-1.40632	-42.9824	-41.5761
BLOCK00/SES003/SA003S22	SES062	-1.08939	-42.6655	-41.5761
BLOCK00/SES003/SA003S22	SES082	-0.700985	-42.277	-41.5761
BLOCK00/SES003/SA003S22	SES087	-0.86956	-42.4456	-41.5761
BLOCK00/SES003/SA003S25	SES062	-2.35927	-44.6953	-42.336
BLOCK00/SES003/SA003S25	SES082	-0.488068	-42.8241	-42.336
BLOCK00/SES003/SA003S25	SES087	-0.560299	-42.8963	-42.336
BLOCK00/SES003/SA003S25	SES206	-0.902718	-43.2388	-42.336
BLOCK00/SES003/SA003S29	SES002	-1.2813	-43.5652	-42.2839
BLOCK00/SES003/SA003S29	SES062	-1.96578	-44.2496	-42.2839
BLOCK00/SES003/SA003S29	SES082	-0.326202	-42.6101	-42.2839
BLOCK00/SES003/SA003S29	SES087	-1.47961	-43.7635	-42.2839
BLOCK00/SES004/SA004S12	SES083	-2.619	-44.3862	-41.7672
BLOCK00/SES004/SA004S12	SES148	-2.15077	-43.918	-41.7672
BLOCK00/SES004/SA004S12	SES172	-1.36865	-43.1359	-41.7672
BLOCK00/SES004/SA004S12	SES292	-2.4039	-44.1711	-41.7672
BLOCK00/SES004/SA004S17	SES083	-2.00784	-44.2596	-42.2518
BLOCK00/SES004/SA004S17	SES162	-1.17913	-43.4309	-42.2518
BLOCK00/SES004/SA004S17	SES172	-2.25023	-44.502	-42.2518
BLOCK00/SES004/SA004S17	SES292	-2.05787	-44.3096	-42.2518
BLOCK00/SES004/SA004S24	SES083	-2.19647	-43.6762	-41.4797
BLOCK00/SES004/SA004S24	SES148	-1.64051	-43.1202	-41.4797
BLOCK00/SES004/SA004S24	SES172	-1.15712	-42.6368	-41.4797
BLOCK00/SES004/SA004S24	SES292	-1.40586	-42.8855	-41.4797
BLOCK00/SES004/SA004S26	SES083	-2.04298	-43.5171	-41.4741
BLOCK00/SES004/SA004S26	SES127	-0.9655	-42.4396	-41.4741
BLOCK00/SES004/SA004S26	SES148	-2.39341	-43.8675	-41.4741
BLOCK00/SES004/SA004S26	SES292	-1.67628	-43.1504	-41.4741
BLOCK00/SES004/SA004S28	SES083	-2.464	-43.4881	-41.0241
BLOCK00/SES004/SA004S28	SES127	-1.64028	-42.6643	-41.0241
BLOCK00/SES004/SA004S28	SES187	-1.35473	-42.3788	-41.0241
BLOCK00/SES004/SA004S28	SES292	-2.73426	-43.7583	-41.0241
BLOCK00/SES006/SA006S10	SES014	-2.64285	-46.6339	-43.9911
BLOCK00/SES006/SA006S10	SES158	-0.812561	-44.8036	-43.9911
BLOCK00/SES006/SA006S10	SES226	-3.31518	-47.3062	-43.9911
BLOCK00/SES006/SA006S10	SES270	-0.52285	-44.5139	-43.9911
BLOCK00/SES006/SA006S11	SES158	-0.817509	-44.6518	-43.8343
BLOCK00/SES006/SA006S11	SES226	-2.20859	-46.0428	-43.8343
BLOCK00/SES006/SA006S11	SES270	-0.334095	-44.1683	-43.8343
BLOCK00/SES006/SA006S11	SES275	-2.84828	-46.6825	-43.8343
BLOCK00/SES006/SA006S23	SES062	-1.84884	-44.8589	-43.01
BLOCK00/SES006/SA006S23	SES105	-2.36403	-45.3741	-43.01
BLOCK00/SES006/SA006S23	SES158	-0.879662	-43.8897	-43.01
BLOCK00/SES006/SA006S23	SES275	-1.97573	-44.9858	-43.01
BLOCK00/SES006/SA006S26	SES104	-1.69838	-44.2043	-42.506
BLOCK00/SES006/SA006S26	SES158	-0.457821	-42.9638	-42.506
BLOCK00/SES006/SA006S26	SES270	0.186832	-42.3191	-42.506
BLOCK00/SES006/SA006S26	SES275	-2.63935	-45.1453	-42.506
BLOCK00/SES006/SA006S28	SES007	-1.87271	-45.4469	-43.5742
BLOCK00/SES006/SA006S28	SES105	-2.75397	-46.3281	-43.5742
BLOCK00/SES006/SA006S28	SES158	-1.50206	-45.0762	-43.5742
BLOCK00/SES006/SA006S28	SES275	-2.87868	-46.4529	-43.5742
BLOCK00/SES009/SA009S12	SES083	-1.92392	-43.6502	-41.7262
BLOCK00/SES009/SA009S12	SES148	-1.24683	-42.9731	-41.7262
BLOCK00/SES009/SA009S12	SES177	-1.45836	-43.1846	-41.7262
BLOCK00/SES009/SA009S12	SES292	-1.20775	-42.934	-41.7262
BLOCK00/SES009/SA009S15	SES007	0.049408	-40.9411	-40.9905
BLOCK00/SES009/SA009S15	SES099	-4.53706	-45.5276	-40.9905
BLOCK00/SES009/SA009S15	SES148	-2.01991	-43.0104	-40.9905
BLOCK00/SES009/SA009S15	SES172	-1.64405	-42.6346	-40.9905
BLOCK00/SES009/SA009S24	SES146	-1.28413	-42.4468	-41.1627
BLOCK00/SES009/SA009S24	SES148	-1.53222	-42.6949	-41.1627
BLOCK00/SES009/SA009S24	SES177	-1.0697	-42.2324	-41.1627
BLOCK00/SES009/SA009S24	SES292	-1.26389	-42.4266	-41.1627
BLOCK00/SES009/SA009S26	SES083	-2.23536	-43.9615	-41.7262
BLOCK00/SES009/SA009S26	SES101	-1.76096	-43.4871	-41.7262
BLOCK00/SES009/SA009S26	SES120	-1.04013	-42.7663	-41.7262
BLOCK00/SES009/SA009S26	SES177	-1.47067	-43.1968	-41.7262
BLOCK00/SES009/SA009S29	SES083	-1.74844	-42.8724	-41.124
BLOCK00/SES009/SA009S29	SES101	-1.57807	-42.702	-41.124
BLOCK00/SES009/SA009S29	SES177	-1.34523	-42.4692	-41.124
BLOCK00/SES009/SA009S29	SES292	-1.7486	-42.8726	-41.124
BLOCK01/SES011/SA011S10	SES019	-0.980877	-43.3384	-42.3575
BLOCK01/SES011/SA011S10	SES042	-0.156013	-42.5135	-42.3575
BLOCK01/SES011/SA011S10	SES082	-2.17115	-44.5287	-42.3575
BLOCK01/SES011/SA011S10	SES206	-0.79031	-43.1478	-42.3575
BLOCK01/SES011/SA011S11	SES019	-1.23332	-43.8359	-42.6025
BLOCK01/SES011/SA011S11	SES042	-1.16	-43.7625	-42.6025
BLOCK01/SES011/SA011S11	SES082	-2.5307	-45.1332	-42.6025
BLOCK01/SES011/SA011S11	SES206	-0.429985	-43.0325	-42.6025
BLOCK01/SES011/SA011S22	SES019	-0.470932	-42.8792	-42.4083
BLOCK01/SES011/SA011S22	SES042	-0.166279	-42.5746	-42.4083
BLOCK01/SES011/SA011S22	SES082	-1.45337	-43.8616	-42.4083
BLOCK01/SES011/SA011S22	SES206	-0.359299	-42.7676	-42.4083
BLOCK01/SES011/SA011S24	SES019	-0.871445	-42.78	-41.9086
BLOCK01/SES011/SA011S24	SES042	-0.161976	-42.0705	-41.9086
BLOCK01/SES011/SA011S24	SES104	-1.32012	-43.2287	-41.9086
BLOCK01/SES011/SA011S24	SES206	-0.0394096	-41.948	-41.9086
BLOCK01/SES011/SA011S27	SES082	0.513508	-41.4519	-41.9654
BLOCK01/SES011/SA011S27	SES087	-0.801144	-42.7666	-41.9654
BLOCK01/SES011/SA011S27	SES125	-0.434292	-42.3997	-41.9654
BLOCK01/SES011/SA011S27	SES206	0.139599	-41.8258	-41.9654
BLOCK01/SES012/SA012S11	SES007	-1.92711	-42.8822	-40.9551
BLOCK01/SES012/SA012S11	SES082	-1.31451	-42.2696	-40.9551
BLOCK01/SES012/SA012S11	SES083	-1.98669	-42.9418	-40.9551
BLOCK01/SES012/SA012S11	SES206	-0.918468	-41.8735	-40.9551
BLOCK01/SES012/SA012S14	SES082	-1.09489	-42.7572	-41.6623
BLOCK01/SES012/SA012S14	SES087	-1.63943	-43.3018	-41.6623
BLOCK01/SES012/SA012S14	SES206	-0.65469	-42.317	-41.6623
BLOCK01/SES012/SA012S14	SES292	-2.33675	-43.9991	-41.6623
BLOCK01/SES012/SA012S24	SES082	-0.156212	-42.7185	-42.5623
BLOCK01/SES012/SA012S24	SES087	-1.28396	-43.8462	-42.5623
BLOCK01/SES012/SA012S24	SES120	-3.81144	-46.3737	-42.5623
BLOCK01/SES012/SA012S24	SES206	-0.515171	-43.0774	-42.5623
BLOCK01/SES012/SA012S26	SES019	-2.29126	-44.0722	-41.781
BLOCK01/SES012/SA012S26	SES082	-1.55859	-43.3396	-41.781
BLOCK01/SES012/SA012S26	SES206	-0.477669	-42.2586	-41.781
BLOCK01/SES012/SA012S26	SES292	-2.48487	-44.2658	-41.781
BLOCK01/SES012/SA012S29	SES062	-1.42593	-42.6415	-41.2155
BLOCK01/SES012/SA012S29	SES082	-1.1714	-42.3869	-41.2155
BLOCK01/SES012/SA012S29	SES083	-1.58602	-42.8016	-41.2155
BLOCK01/SES012/SA012S29	SES206	-1.23644	-42.452	-41.2155
BLOCK01/SES013/SA013S16	SES062	-2.73399	-44.5848	-41.8508
BLOCK01/SES013/SA013S16	SES106	-0.933483	-42.7843	-41.8508
BLOCK01/SES013/SA013S16	SES206	-1.01751	-42.8683	-41.8508
BLOCK01/SES013/SA013S16	SES226	-0.420708	-42.2715	-41.8508
BLOCK01/SES013/SA013S17	SES062	-2.44146	-43.7166	-41.2752
BLOCK01/SES013/SA013S17	SES106	-1.04355	-42.3187	-41.2752
BLOCK01/SES013/SA013S17	SES206	-0.351089	-41.6263	-41.2752
BLOCK01/SES013/SA013S17	SES226	0.534981	-40.7402	-41.2752
BLOCK01/SES013/SA013S23	SES104	-0.975769	-43.1171	-42.1414
BLOCK01/SES013/SA013S23	SES106	-0.608734	-42.7501	-42.1414
BLOCK01/SES013/SA013S23	SES206	-0.73806	-42.8794	-42.1414
BLOCK01/SES013/SA013S23	SES270	-0.202068	-42.3434	-42.1414
BLOCK01/SES013/SA013S25	SES042	-1.54279	-43.1458	-41.603
BLOCK01/SES013/SA013S25	SES104	-0.921448	-42.5245	-41.603
BLOCK01/SES013/SA013S25	SES106	-0.233742	-41.8368	-41.603
BLOCK01/SES013/SA013S25	SES206	-0.844143	-42.4472	-41.603
BLOCK01/SES013/SA013S29	SES062	-2.9817	-44.8172	-41.8355
BLOCK01/SES013/SA013S29	SES104	-1.231	-43.0665	-41.8355
BLOCK01/SES013/SA013S29	SES106	-0.359722	-42.1952	-41.8355
BLOCK01/SES013/SA013S29	SES206	-1.48191	-43.3174	-41.8355
BLOCK02/SES021/SA021S13	SES016	-3.01207	-44.3645	-41.3524
BLOCK02/SES021/SA021S13	SES029	-2.38795	-43.7404	-41.3524
BLOCK02/SES021/SA021S13	SES087	-1.34709	-42.6995	-41.3524
BLOCK02/SES021/SA021S13	SES206	-0.119057	-41.4715	-41.3524
BLOCK02/SES021/SA021S15	SES087	-1.08857	-41.1777	-40.0892
BLOCK02/SES021/SA021S15	SES125	-0.712357	-40.8015	-40.0892
BLOCK02/SES021/SA021S15	SES206	-0.208752	-40.2979	-40.0892
BLOCK02/SES021/SA021S15	SES226	-1.62532	-41.7145	-40.0892
BLOCK02/SES021/SA021S23	SES062	-2.59179	-44.7509	-42.1591
BLOCK02/SES021/SA021S23	SES087	-1.50924	-43.6684	-42.1591
BLOCK02/SES021/SA021S23	SES206	-0.944744	-43.1039	-42.1591
BLOCK02/SES021/SA021S23	SES226	-0.864716	-43.0238	-42.1591
BLOCK02/SES021/SA021S27	SES002	-1.06363	-41.9723	-40.9087
BLOCK02/SES021/SA021S27	SES016	-3.72146	-44.6301	-40.9087
BLOCK02/SES021/SA021S27	SES019	-1.92942	-42.8381	-40.9087
BLOCK02/SES021/SA021S27	SES062	-1.16719	-42.0759	-40.9087
BLOCK02/SES021/SA021S29	SES087	-1.42064	-42.1862	-40.7656
BLOCK02/SES021/SA021S29	SES125	-0.849689	-41.6153	-40.7656
BLOCK02/SES021/SA021S29	SES206	-0.695023	-41.4606	-40.7656
BLOCK02/SES021/SA021S29	SES226	-0.947498	-41.7131	-40.7656
BLOCK04/SES043/SA043S09	SES083	-1.59838	-44.4296	-42.8312
BLOCK04/SES043/SA043S09	SES101	-2.5368	-45.368	-42.8312
BLOCK04/SES043/SA043S09	SES144	-0.651249	-43.4824	-42.8312
BLOCK04/SES043/SA043S09	SES172	-3.34048	-46.1717	-42.8312
BLOCK04/SES043/SA043S11	SES083	-0.847275	-42.4163	-41.569
BLOCK04/SES043/SA043S11	SES101	-1.57827	-43.1473	-41.569
BLOCK04/SES043/SA043S11	SES144	-0.726822	-42.2958	-41.569
BLOCK04/SES043/SA043S11	SES172	-1.64013	-43.2091	-41.569
BLOCK04/SES043/SA043S23	SES083	-0.772575	-42.6638	-41.8912
BLOCK04/SES043/SA043S23	SES144	-0.319492	-42.2107	-41.8912
BLOCK04/SES043/SA043S23	SES177	-1.83137	-43.7226	-41.8912
BLOCK04/SES043/SA043S23	SES275	-0.53244	-42.4236	-41.8912
BLOCK04/SES043/SA043S26	SES083	-1.12891	-43.1999	-42.0709
BLOCK04/SES043/SA043S26	SES101	-1.63522	-43.7062	-42.0709
BLOCK04/SES043/SA043S26	SES144	-0.49955	-42.5705	-42.0709
BLOCK04/SES043/SA043S26	SES177	-1.53565	-43.6066	-42.0709
BLOCK04/SES043/SA043S28	SES016	-1.36855	-42.8232	-41.4546
BLOCK04/SES043/SA043S28	SES083	-1.11341	-42.5681	-41.4546
BLOCK04/SES043/SA043S28	SES101	-1.03811	-42.4927	-41.4546
BLOCK04/SES043/SA043S28	SES144	-0.896084	-42.3507	-41.4546
BLOCK04/SES044/SA044S10	SES127	-2.88712	-47.0304	-44.1432
BLOCK04/SES044/SA044S10	SES144	-0.468838	-44.6121	-44.1432
BLOCK04/SES044/SA044S10	SES147	-2.41384	-46.5571	-44.1432
BLOCK04/SES044/SA044S10	SES148	-2.32373	-46.467	-44.1432
BLOCK04/SES044/SA044S11	SES101	-2.19709	-45.5258	-43.3287
BLOCK04/SES044/SA044S11	SES144	-0.0269279	-43.3556	-43.3287
BLOCK04/SES044/SA044S11	SES147	-1.90854	-45.2372	-43.3287
BLOCK04/SES044/SA044S11	SES177	-1.69809	-45.0268	-43.3287
BLOCK04/SES044/SA044S24	SES007	-2.30783	-45.1176	-42.8098
BLOCK04/SES044/SA044S24	SES101	-1.29105	-44.1008	-42.8098
BLOCK04/SES044/SA044S24	SES147	-2.01947	-44.8293	-42.8098
BLOCK04/SES044/SA044S24	SES177	-2.10511	-44.9149	-42.8098
BLOCK04/SES044/SA044S26	SES007	-1.84591	-44.3608	-42.5149
BLOCK04/SES044/SA044S26	SES016	-0.8153	-43.3302	-42.5149
BLOCK04/SES044/SA044S26	SES101	-1.15557	-43.6705	-42.5149
BLOCK04/SES044/SA044S26	SES147	-0.992336	-43.5072	-42.5149
BLOCK04/SES044/SA044S29	SES007	-1.46204	-43.2988	-41.8368
BLOCK04/SES044/SA044S29	SES101	-0.75383	-42.5906	-41.8368
BLOCK04/SES044/SA044S29	SES147	-1.83045	-43.6673	-41.8368
BLOCK04/SES044/SA044S29	SES177	-1.95325	-43.7901	-41.8368
BLOCK04/SES046/SA046S13	SES101	-3.235	-45.8675	-42.6325
BLOCK04/SES046/SA046S13	SES144	-0.842861	-43.4753	-42.6325
BLOCK04/SES046/SA046S13	SES147	-2.84148	-45.4739	-42.6325
BLOCK04/SES046/SA046S13	SES177	-1.13521	-43.7677	-42.6325
BLOCK04/SES046/SA046S15	SES048	-2.32924	-43.5502	-41.221
BLOCK04/SES046/SA046S15	SES083	-1.19911	-42.4201	-41.221
BLOCK04/SES046/SA046S15	SES120	-2.69604	-43.917	-41.221
BLOCK04/SES046/SA046S15	SES148	-1.33372	-42.5547	-41.221
BLOCK04/SES046/SA046S22	SES101	-1.73513	-43.9394	-42.2042
BLOCK04/SES046/SA046S22	SES144	-1.12516	-43.3294	-42.2042
BLOCK04/SES046/SA046S22	SES147	-3.10029	-45.3045	-42.2042
BLOCK04/SES046/SA046S22	SES172	-1.46572	-43.67	-42.2042
BLOCK04/SES046/SA046S25	SES083	-1.98016	-43.7746	-41.7944
BLOCK04/SES046/SA046S25	SES127	-1.23547	-43.0299	-41.7944
BLOCK04/SES046/SA046S25	SES144	-1.08555	-42.88	-41.7944
BLOCK04/SES046/SA046S25	SES148	-1.04592	-42.8404	-41.7944
BLOCK04/SES046/SA046S28	SES007	-2.69871	-45.4929	-42.7942
BLOCK04/SES046/SA046S28	SES105	-2.25745	-45.0517	-42.7942
BLOCK04/SES046/SA046S28	SES147	-2.53042	-45.3246	-42.7942
BLOCK04/SES046/SA046S28	SES148	-1.39315	-44.1874	-42.7942
BLOCK04/SES049/SA049S16	SES104	-1.00121	-44.092	-43.0907
BLOCK04/SES049/SA049S16	SES106	-0.849556	-43.9403	-43.0907
BLOCK04/SES049/SA049S16	SES120	-2.57362	-45.6644	-43.0907
BLOCK04/SES049/SA049S16	SES206	-0.981712	-44.0725	-43.0907
BLOCK04/SES049/SA049S18	SES099	-0.00658798	-43.8627	-43.8561
BLOCK04/SES049/SA049S18	SES104	-1.5749	-45.431	-43.8561
BLOCK04/SES049/SA049S18	SES125	-2.10839	-45.9645	-43.8561
BLOCK04/SES049/SA049S18	SES206	-1.64777	-45.5038	-43.8561
BLOCK04/SES049/SA049S25	SES087	-0.574825	-43.3853	-42.8105
BLOCK04/SES049/SA049S25	SES104	-0.961704	-43.7722	-42.8105
BLOCK04/SES049/SA049S25	SES125	-1.27044	-44.0809	-42.8105
BLOCK04/SES049/SA049S25	SES206	-0.604099	-43.4146	-42.8105
BLOCK04/SES049/SA049S27	SES099	-0.225601	-42.5155	-42.2899
BLOCK04/SES049/SA049S27	SES104	-0.30225	-42.5921	-42.2899
BLOCK04/SES049/SA049S27	SES125	-1.14651	-43.4364	-42.2899
BLOCK04/SES049/SA049S27	SES206	-0.766907	-43.0568	-42.2899
BLOCK04/SES049/SA049S29	SES099	0.299446	-41.0767	-41.3761
BLOCK04/SES049/SA049S29	SES104	0.106026	-41.2701	-41.3761
BLOCK04/SES049/SA049S29	SES125	-0.800446	-42.1766	-41.3761
BLOCK04/SES049/SA049S29	SES206	0.0169983	-41.3591	-41.3761
BLOCK06/SES063/SA063S09	SES068	-1.83734	-43.8406	-42.0033
BLOCK06/SES063/SA063S09	SES083	-0.756763	-42.7601	-42.0033
BLOCK06/SES063/SA063S09	SES177	-1.31549	-43.3188	-42.0033
BLOCK06/SES063/SA063S09	SES187	-1.44251	-43.4458	-42.0033
BLOCK06/SES063/SA063S10	SES068	-2.04055	-44.5643	-42.5237
BLOCK06/SES063/SA063S10	SES083	-0.539791	-43.0635	-42.5237
BLOCK06/SES063/SA063S10	SES172	-0.926357	-43.4501	-42.5237
BLOCK06/SES063/SA063S10	SES187	-1.07478	-43.5985	-42.5237
BLOCK06/SES063/SA063S20	SES068	-2.34027	-44.581	-42.2408
BLOCK06/SES063/SA063S20	SES083	-1.22196	-43.4627	-42.2408
BLOCK06/SES063/SA063S20	SES172	-0.928352	-43.1691	-42.2408
BLOCK06/SES063/SA063S20	SES187	-0.578487	-42.8193	-42.2408
BLOCK06/SES063/SA063S24	SES029	-2.94382	-44.6163	-41.6725
BLOCK06/SES063/SA063S24	SES083	-0.0612717	-41.7338	-41.6725
BLOCK06/SES063/SA063S24	SES177	-0.852486	-42.525	-41.6725
BLOCK06/SES063/SA063S24	SES189	-1.28209	-42.9546	-41.6725
BLOCK06/SES063/SA063S27	SES083	-0.438511	-43.4159	-42.9774
BLOCK06/SES063/SA063S27	SES172	-0.345016	-43.3224	-42.9774
BLOCK06/SES063/SA063S27	SES187	-1.71454	-44.6919	-42.9774
BLOCK06/SES063/SA063S27	SES292	-1.69744	-44.6748	-42.9774
BLOCK06/SES067/SA067S12	SES083	-2.05423	-43.9559	-41.9016
BLOCK06/SES067/SA067S12	SES172	-2.44744	-44.3491	-41.9016
BLOCK06/SES067/SA067S12	SES202	-0.227398	-42.129	-41.9016
BLOCK06/SES067/SA067S12	SES292	-1.58886	-43.4905	-41.9016
BLOCK06/SES067/SA067S14	SES085	-1.51527	-42.8356	-41.3204
BLOCK06/SES067/SA067S14	SES177	-1.32946	-42.6498	-41.3204
BLOCK06/SES067/SA067S14	SES183	-1.08386	-42.4042	-41.3204
BLOCK06/SES067/SA067S14	SES202	-0.597382	-41.9178	-41.3204
BLOCK06/SES067/SA067S21	SES144	-1.53688	-44.0418	-42.505
BLOCK06/SES067/SA067S21	SES177	-1.05941	-43.5644	-42.505
BLOCK06/SES067/SA067S21	SES183	-2.33252	-44.8375	-42.505
BLOCK06/SES067/SA067S21	SES189	-0.59016	-43.0951	-42.505
BLOCK06/SES067/SA067S25	SES085	-1.20985	-43.0702	-41.8603
BLOCK06/SES067/SA067S25	SES177	-0.967941	-42.8283	-41.8603
BLOCK06/SES067/SA067S25	SES183	-1.36292	-43.2232	-41.8603
BLOCK06/SES067/SA067S25	SES202	-0.864212	-42.7245	-41.8603
BLOCK06/SES067/SA067S29	SES085	-1.60815	-43.2495	-41.6414
BLOCK06/SES067/SA067S29	SES177	-1.75082	-43.3922	-41.6414
BLOCK06/SES067/SA067S29	SES183	-1.55316	-43.1945	-41.6414
BLOCK06/SES067/SA067S29	SES202	-0.158577	-41.7999	-41.6414
BLOCK06/SES069/SA069S12	SES029	-2.56966	-44.0834	-41.5137
BLOCK06/SES069/SA069S12	SES082	-0.790924	-42.3047	-41.5137
BLOCK06/SES069/SA069S12	SES087	-1.66814	-43.1819	-41.5137
BLOCK06/SES069/SA069S12	SES206	-0.827534	-42.3413	-41.5137
BLOCK06/SES069/SA069S13	SES029	-2.80973	-44.5577	-41.748
BLOCK06/SES069/SA069S13	SES087	-2.16713	-43.9151	-41.748
BLOCK06/SES069/SA069S13	SES206	-1.93714	-43.6851	-41.748
BLOCK06/SES069/SA069S13	SES226	-1.42836	-43.1763	-41.748
BLOCK06/SES069/SA069S23	SES029	-1.67379	-42.0313	-40.3576
BLOCK06/SES069/SA069S23	SES087	-1.65504	-42.0126	-40.3576
BLOCK06/SES069/SA069S23	SES206	-1.46274	-41.8203	-40.3576
BLOCK06/SES069/SA069S23	SES226	-1.1118	-41.4694	-40.3576
BLOCK06/SES069/SA069S25	SES087	-1.59677	-42.3493	-40.7525
BLOCK06/SES069/SA069S25	SES206	-1.87629	-42.6288	-40.7525
BLOCK06/SES069/SA069S25	SES226	-0.939899	-41.6924	-40.7525
BLOCK06/SES069/SA069S25	SES270	-0.852947	-41.6055	-40.7525
BLOCK06/SES069/SA069S27	SES087	-1.79828	-42.8074	-41.0091
BLOCK06/SES069/SA069S27	SES206	-0.244717	-41.2538	-41.0091
BLOCK06/SES069/SA069S27	SES226	-0.442009	-41.4511	-41.0091
BLOCK06/SES069/SA069S27	SES270	-0.561909	-41.571	-41.0091
BLOCK08/SES081/SA081S11	SES060	-1.74521	-43.4649	-41.7197
BLOCK08/SES081/SA081S11	SES062	-3.23835	-44.9581	-41.7197
BLOCK08/SES081/SA081S11	SES117	-2.58438	-44.3041	-41.7197
BLOCK08/SES081/SA081S11	SES162	-2.09027	-43.81	-41.7197
BLOCK08/SES081/SA081S13	SES016	-1.20861	-42.2182	-41.0096
BLOCK08/SES081/SA081S13	SES060	-0.781204	-41.7908	-41.0096
BLOCK08/SES081/SA081S13	SES068	-0.636379	-41.646	-41.0096
BLOCK08/SES081/SA081S13	SES129	-1.60333	-42.613	-41.0096
BLOCK08/SES081/SA081S24	SES060	-1.10078	-42.3808	-41.28
BLOCK08/SES081/SA081S24	SES068	-0.666672	-41.9467	-41.28
BLOCK08/SES081/SA081S24	SES117	-1.8265	-43.1065	-41.28
BLOCK08/SES081/SA081S24	SES275	-1.49755	-42.7776	-41.28
BLOCK08/SES081/SA081S27	SES007	-1.12506	-42.6911	-41.566
BLOCK08/SES081/SA081S27	SES060	-1.81824	-43.3843	-41.566
BLOCK08/SES081/SA081S27	SES117	-0.976837	-42.5429	-41.566
BLOCK08/SES081/SA081S27	SES275	-1.75092	-43.3169	-41.566
BLOCK08/SES081/SA081S29	SES007	-1.42118	-42.5294	-41.1082
BLOCK08/SES081/SA081S29	SES060	-1.03093	-42.1392	-41.1082
BLOCK08/SES081/SA081S29	SES117	-1.54465	-42.6529	-41.1082
BLOCK08/SES081/SA081S29	SES275	-2.13676	-43.245	-41.1082
BLOCK08/SES086/SA086S11	SES029	-4.07689	-47.5593	-43.4825
BLOCK08/SES086/SA086S11	SES082	-1.99652	-45.479	-43.4825
BLOCK08/SES086/SA086S11	SES087	-0.926991	-44.4095	-43.4825
BLOCK08/SES086/SA086S11	SES206	-1.993	-45.4755	-43.4825
BLOCK08/SES086/SA086S12	SES029	-4.11878	-47.0951	-42.9763
BLOCK08/SES086/SA086S12	SES082	-2.28756	-45.2639	-42.9763
BLOCK08/SES086/SA086S12	SES087	0.497456	-42.4789	-42.9763
BLOCK08/SES086/SA086S12	SES206	-1.04158	-44.0179	-42.9763
BLOCK08/SES086/SA086S20	SES029	-3.933	-45.5371	-41.6041
BLOCK08/SES086/SA086S20	SES082	-1.99448	-43.5986	-41.6041
BLOCK08/SES086/SA086S20	SES087	0.385464	-41.2186	-41.6041
BLOCK08/SES086/SA086S20	SES206	-0.381969	-41.9861	-41.6041
BLOCK08/SES086/SA086S24	SES087	-0.2169	-42.9352	-42.7183
BLOCK08/SES086/SA086S24	SES104	-1.22741	-43.9457	-42.7183
BLOCK08/SES086/SA086S24	SES120	-3.65223	-46.3705	-42.7183
BLOCK08/SES086/SA086S24	SES206	-0.386536	-43.1048	-42.7183
BLOCK08/SES086/SA086S28	SES029	-2.99628	-44.6486	-41.6524
BLOCK08/SES086/SA086S28	SES082	-1.7625	-43.4149	-41.6524
BLOCK08/SES086/SA086S28	SES087	-0.0805893	-41.733	-41.6524
BLOCK08/SES086/SA086S28	SES206	-0.74559	-42.398	-41.6524
BLOCK08/SES089/SA089S13	SES087	-1.53974	-43.696	-42.1563
BLOCK08/SES089/SA089S13	SES206	-1.53553	-43.6918	-42.1563
BLOCK08/SES089/SA089S13	SES226	-1.27104	-43.4273	-42.1563
BLOCK08/SES089/SA089S13	SES270	-1.95837	-44.1146	-42.1563
BLOCK08/SES089/SA089S14	SES062	-1.73611	-43.6257	-41.8896
BLOCK08/SES089/SA089S14	SES087	-0.0907898	-41.9804	-41.8896
BLOCK08/SES089/SA089S14	SES206	-0.490921	-42.3806	-41.8896
BLOCK08/SES089/SA089S14	SES226	-0.536995	-42.4266	-41.8896
BLOCK08/SES089/SA089S23	SES087	-0.775272	-43.4168	-42.6415
BLOCK08/SES089/SA089S23	SES206	-0.706085	-43.3476	-42.6415
BLOCK08/SES089/SA089S23	SES226	-1.17355	-43.8151	-42.6415
BLOCK08/SES089/SA089S23	SES270	-1.54761	-44.1891	-42.6415
BLOCK08/SES089/SA089S25	SES062	-2.47424	-44.4558	-41.9816
BLOCK08/SES089/SA089S25	SES087	-0.19453	-42.1761	-41.9816
BLOCK08/SES089/SA089S25	SES206	-0.596188	-42.5778	-41.9816
BLOCK08/SES089/SA089S25	SES226	-0.675663	-42.6572	-41.9816
BLOCK08/SES089/SA089S28	SES062	-1.63735	-43.5239	-41.8866
BLOCK08/SES089/SA089S28	SES087	-0.341446	-42.228	-41.8866
BLOCK08/SES089/SA089S28	SES206	-0.487755	-42.3743	-41.8866
BLOCK08/SES089/SA089S28	SES226	-0.655243	-42.5418	-41.8866
BLOCK09/SES097/SA097S11	SES099	0.129681	-42.3399	-42.4696
BLOCK09/SES097/SA097S11	SES125	-1.54634	-44.0159	-42.4696
BLOCK09/SES097/SA097S11	SES206	-1.80719	-44.2768	-42.4696
BLOCK09/SES097/SA097S11	SES226	-0.588905	-43.0585	-42.4696
BLOCK09/SES097/SA097S14	SES062	-2.42258	-44.4852	-42.0626
BLOCK09/SES097/SA097S14	SES099	-0.439232	-42.5018	-42.0626
BLOCK09/SES097/SA097S14	SES104	-1.20523	-43.2678	-42.0626
BLOCK09/SES097/SA097S14	SES206	-1.00203	-43.0646	-42.0626
BLOCK09/SES097/SA097S22	SES099	0.364353	-42.064	-42.4283
BLOCK09/SES097/SA097S22	SES206	-0.94442	-43.3727	-42.4283
BLOCK09/SES097/SA097S22	SES226	-1.56061	-43.9889	-42.4283
BLOCK09/SES097/SA097S22	SES270	0.0410728	-42.3872	-42.4283
BLOCK09/SES097/SA097S26	SES099	0.349117	-41.523	-41.8721
BLOCK09/SES097/SA097S26	SES120	-2.48914	-44.3612	-41.8721
BLOCK09/SES097/SA097S26	SES206	-0.912697	-42.7848	-41.8721
BLOCK09/SES097/SA097S26	SES226	-1.66531	-43.5374	-41.8721
BLOCK09/SES097/SA097S28	SES099	-0.440487	-42.6162	-42.1757
BLOCK09/SES097/SA097S28	SES120	-2.45572	-44.6314	-42.1757
BLOCK09/SES097/SA097S28	SES206	-1.73189	-43.9076	-42.1757
BLOCK09/SES097/SA097S28	SES226	-1.77366	-43.9493	-42.1757
BLOCK09/SES098/SA098S11	SES127	-2.30229	-45.1448	-42.8425
BLOCK09/SES098/SA098S11	SES144	-1.36224	-44.2048	-42.8425
BLOCK09/SES098/SA098S11	SES147	-0.919693	-43.7622	-42.8425
BLOCK09/SES098/SA098S11	SES148	-2.70211	-45.5447	-42.8425
BLOCK09/SES098/SA098S12	SES127	-3.42636	-47.3508	-43.9244
BLOCK09/SES098/SA098S12	SES144	-1.28771	-45.2121	-43.9244
BLOCK09/SES098/SA098S12	SES147	-2.03549	-45.9599	-43.9244
BLOCK09/SES098/SA098S12	SES189	-1.54086	-45.4653	-43.9244
BLOCK09/SES098/SA098S20	SES127	-2.87494	-46.1883	-43.3134
BLOCK09/SES098/SA098S20	SES147	-2.12251	-45.4359	-43.3134
BLOCK09/SES098/SA098S20	SES148	-3.24893	-46.5623	-43.3134
BLOCK09/SES098/SA098S20	SES292	-3.77672	-47.0901	-43.3134
BLOCK09/SES098/SA098S23	SES127	-1.99892	-44.7036	-42.7046
BLOCK09/SES098/SA098S23	SES147	-1.1469	-43.8515	-42.7046
BLOCK09/SES098/SA098S23	SES187	-0.811333	-43.516	-42.7046
BLOCK09/SES098/SA098S23	SES292	-2.19978	-44.9044	-42.7046
BLOCK09/SES098/SA098S27	SES127	-2.60145	-45.6327	-43.0313
BLOCK09/SES098/SA098S27	SES147	-2.31261	-45.3439	-43.0313
BLOCK09/SES098/SA098S27	SES148	-3.24452	-46.2758	-43.0313
BLOCK09/SES098/SA098S27	SES292	-3.15952	-46.1908	-43.0313
BLOCK10/SES102/SA102S13	SES101	-0.571117	-43.5621	-42.9909
BLOCK10/SES102/SA102S13	SES105	-2.06208	-45.053	-42.9909
BLOCK10/SES102/SA102S13	SES120	-1.80212	-44.7931	-42.9909
BLOCK10/SES102/SA102S13	SES158	-5.87837	-48.8693	-42.9909
BLOCK10/SES102/SA102S14	SES007	-0.622074	-41.9947	-41.3726
BLOCK10/SES102/SA102S14	SES101	-0.487236	-41.8599	-41.3726
BLOCK10/SES102/SA102S14	SES105	-0.923889	-42.2965	-41.3726
BLOCK10/SES102/SA102S14	SES147	-1.68349	-43.0561	-41.3726
BLOCK10/SES102/SA102S22	SES007	-1.6335	-43.325	-41.6915
BLOCK10/SES102/SA102S22	SES101	-0.531742	-42.2232	-41.6915
BLOCK10/SES102/SA102S22	SES105	-0.85516	-42.5467	-41.6915
BLOCK10/SES102/SA102S22	SES158	-3.7002	-45.3917	-41.6915
BLOCK10/SES102/SA102S25	SES007	-0.962208	-42.932	-41.9698
BLOCK10/SES102/SA102S25	SES101	-0.504749	-42.4746	-41.9698
BLOCK10/SES102/SA102S25	SES105	-0.854359	-42.8242	-41.9698
BLOCK10/SES102/SA102S25	SES147	-2.02236	-43.9922	-41.9698
BLOCK10/SES102/SA102S27	SES007	-1.26658	-43.3929	-42.1263
BLOCK10/SES102/SA102S27	SES101	-0.815693	-42.942	-42.1263
BLOCK10/SES102/SA102S27	SES105	-1.38483	-43.5111	-42.1263
BLOCK10/SES102/SA102S27	SES147	-1.46796	-43.5942	-42.1263
BLOCK10/SES103/SA103S14	SES105	-1.64489	-45.07	-43.4251
BLOCK10/SES103/SA103S14	SES106	-0.599739	-44.0248	-43.4251
BLOCK10/SES103/SA103S14	SES120	-3.08461	-46.5097	-43.4251
BLOCK10/SES103/SA103S14	SES206	-1.39846	-44.8236	-43.4251
BLOCK10/SES103/SA103S15	SES099	-0.581825	-44.5962	-44.0144
BLOCK10/SES103/SA103S15	SES101	-3.33102	-47.3454	-44.0144
BLOCK10/SES103/SA103S15	SES104	-0.739571	-44.7539	-44.0144
BLOCK10/SES103/SA103S15	SES125	-0.634361	-44.6487	-44.0144
BLOCK10/SES103/SA103S24	SES104	-0.999996	-43.7224	-42.7224
BLOCK10/SES103/SA103S24	SES125	-0.987724	-43.7101	-42.7224
BLOCK10/SES103/SA103S24	SES148	-2.09195	-44.8144	-42.7224
BLOCK10/SES103/SA103S24	SES158	-0.266766	-42.9892	-42.7224
BLOCK10/SES103/SA103S26	SES104	-1.06752	-44.2822	-43.2147
BLOCK10/SES103/SA103S26	SES106	-0.772152	-43.9869	-43.2147
BLOCK10/SES103/SA103S26	SES125	-1.1655	-44.3802	-43.2147
BLOCK10/SES103/SA103S26	SES148	-2.38367	-45.5984	-43.2147
BLOCK10/SES103/SA103S28	SES104	-1.76235	-44.979	-43.2166
BLOCK10/SES103/SA103S28	SES106	-1.27922	-44.4958	-43.2166
BLOCK10/SES103/SA103S28	SES125	-1.8648	-45.0814	-43.2166
BLOCK10/SES103/SA103S28	SES206	-2.05333	-45.27	-43.2166
BLOCK12/SES121/SA121S12	SES042	-1.45679	-45.6361	-44.1793
BLOCK12/SES121/SA121S12	SES087	-1.27194	-45.4513	-44.1793
BLOCK12/SES121/SA121S12	SES105	-1.03671	-45.216	-44.1793
BLOCK12/SES121/SA121S12	SES206	-0.823879	-45.0032	-44.1793
BLOCK12/SES121/SA121S14	SES007	-2.82032	-47.3827	-44.5623
BLOCK12/SES121/SA121S14	SES105	-2.31728	-46.8796	-44.5623
BLOCK12/SES121/SA121S14	SES106	-1.0467	-45.609	-44.5623
BLOCK12/SES121/SA121S14	SES206	-1.59743	-46.1598	-44.5623
BLOCK12/SES121/SA121S23	SES105	-2.66015	-47.3984	-44.7383
BLOCK12/SES121/SA121S23	SES106	-0.639103	-45.3774	-44.7383
BLOCK12/SES121/SA121S23	SES120	-2.92757	-47.6658	-44.7383
BLOCK12/SES121/SA121S23	SES206	-1.41637	-46.1546	-44.7383
BLOCK12/SES121/SA121S25	SES007	-2.52486	-47.822	-45.2972
BLOCK12/SES121/SA121S25	SES105	-2.7443	-48.0415	-45.2972
BLOCK12/SES121/SA121S25	SES106	-0.884106	-46.1813	-45.2972
BLOCK12/SES121/SA121S25	SES206	-2.14996	-47.4471	-45.2972
BLOCK12/SES121/SA121S27	SES087	-0.336666	-44.1405	-43.8039
BLOCK12/SES121/SA121S27	SES105	-3.67746	-47.4813	-43.8039
BLOCK12/SES121/SA121S27	SES120	-2.47051	-46.2744	-43.8039
BLOCK12/SES121/SA121S27	SES206	-1.38839	-45.1923	-43.8039
BLOCK12/SES124/SA124S16	SES042	-0.199871	-42.1899	-41.99
BLOCK12/SES124/SA124S16	SES082	-0.683647	-42.6737	-41.99
BLOCK12/SES124/SA124S16	SES183	-2.88034	-44.8703	-41.99
BLOCK12/SES124/SA124S16	SES206	-0.764496	-42.7545	-41.99
BLOCK12/SES124/SA124S17	SES105	-2.10885	-45.1236	-43.0148
BLOCK12/SES124/SA124S17	SES149	-2.22412	-45.2389	-43.0148
BLOCK12/SES124/SA124S17	SES158	-2.35289	-45.3677	-43.0148
BLOCK12/SES124/SA124S17	SES275	-3.122	-46.1368	-43.0148
BLOCK12/SES124/SA124S23	SES105	-2.12771	-42.7506	-40.6229
BLOCK12/SES124/SA124S23	SES125	0.117706	-40.5051	-40.6229
BLOCK12/SES124/SA124S23	SES129	-3.37152	-43.9944	-40.6229
BLOCK12/SES124/SA124S23	SES158	-0.657158	-41.28	-40.6229
BLOCK12/SES124/SA124S26	SES105	-2.49612	-44.0881	-41.592
BLOCK12/SES124/SA124S26	SES125	-0.0491295	-41.6411	-41.592
BLOCK12/SES124/SA124S26	SES129	-3.94934	-45.5413	-41.592
BLOCK12/SES124/SA124S26	SES158	-0.831017	-42.423	-41.592
BLOCK12/SES124/SA124S28	SES104	-0.344566	-41.8278	-41.4832
BLOCK12/SES124/SA124S28	SES106	-0.465332	-41.9485	-41.4832
BLOCK12/SES124/SA124S28	SES125	-0.0790596	-41.5623	-41.4832
BLOCK12/SES124/SA124S28	SES275	-2.83685	-44.32	-41.4832
BLOCK12/SES126/SA126S13	SES007	-2.16663	-45.6102	-43.4436
BLOCK12/SES126/SA126S13	SES162	-1.84355	-45.2871	-43.4436
BLOCK12/SES126/SA126S13	SES177	-1.22634	-44.6699	-43.4436
BLOCK12/SES126/SA126S13	SES180	-2.39012	-45.8337	-43.4436
BLOCK12/SES126/SA126S14	SES144	-0.940483	-43.0033	-42.0629
BLOCK12/SES126/SA126S14	SES148	-1.55315	-43.616	-42.0629
BLOCK12/SES126/SA126S14	SES177	-0.621212	-42.6841	-42.0629
BLOCK12/SES126/SA126S14	SES180	-1.27264	-43.3355	-42.0629
BLOCK12/SES126/SA126S20	SES007	-1.67069	-44.1043	-42.4336
BLOCK12/SES126/SA126S20	SES162	-2.00114	-44.4348	-42.4336
BLOCK12/SES126/SA126S20	SES172	-4.04774	-46.4814	-42.4336
BLOCK12/SES126/SA126S20	SES180	-2.41843	-44.8521	-42.4336
BLOCK12/SES126/SA126S24	SES120	-1.37543	-43.1313	-41.7559
BLOCK12/SES126/SA126S24	SES162	-1.83961	-43.5955	-41.7559
BLOCK12/SES126/SA126S24	SES177	-1.17543	-42.9313	-41.7559
BLOCK12/SES126/SA126S24	SES180	-1.13559	-42.8914	-41.7559
BLOCK12/SES126/SA126S26	SES120	-0.667358	-43.201	-42.5337
BLOCK12/SES126/SA126S26	SES177	-1.44793	-43.9816	-42.5337
BLOCK12/SES126/SA126S26	SES180	-1.51733	-44.051	-42.5337
BLOCK12/SES126/SA126S26	SES202	-2.47843	-45.0121	-42.5337
BLOCK12/SES128/SA128S10	SES087	-2.07623	-44.0912	-42.015
BLOCK12/SES128/SA128S10	SES206	-1.35644	-43.3714	-42.015
BLOCK12/SES128/SA128S10	SES226	-0.645557	-42.6605	-42.015
BLOCK12/SES128/SA128S10	SES270	-0.734894	-42.7499	-42.015
BLOCK12/SES128/SA128S12	SES120	-2.65393	-44.7287	-42.0748
BLOCK12/SES128/SA128S12	SES158	-1.30635	-43.3811	-42.0748
BLOCK12/SES128/SA128S12	SES206	-1.04692	-43.1217	-42.0748
BLOCK12/SES128/SA128S12	SES226	-1.08884	-43.1636	-42.0748
BLOCK12/SES128/SA128S21	SES106	-2.08607	-45.2196	-43.1336
BLOCK12/SES128/SA128S21	SES120	-2.38494	-45.5185	-43.1336
BLOCK12/SES128/SA128S21	SES206	-2.14405	-45.2776	-43.1336
BLOCK12/SES128/SA128S21	SES226	-1.55993	-44.6935	-43.1336
BLOCK12/SES128/SA128S24	SES087	-2.02318	-44.5377	-42.5145
BLOCK12/SES128/SA128S24	SES120	-1.35441	-43.8689	-42.5145
BLOCK12/SES128/SA128S24	SES206	-1.16963	-43.6842	-42.5145
BLOCK12/SES128/SA128S24	SES226	-1.61268	-44.1272	-42.5145
BLOCK12/SES128/SA128S27	SES099	-0.258919	-42.0679	-41.8089
BLOCK12/SES128/SA128S27	SES120	-1.67527	-43.4842	-41.8089
BLOCK12/SES128/SA128S27	SES206	-1.04811	-42.8571	-41.8089
BLOCK12/SES128/SA128S27	SES226	-0.826965	-42.6359	-41.8089
BLOCK13/SES130/SA130S13	SES143	-2.2093	-45.7026	-43.4933
BLOCK13/SES130/SA130S13	SES144	-0.948391	-44.4417	-43.4933
BLOCK13/SES130/SA130S13	SES146	-1.17857	-44.6718	-43.4933
BLOCK13/SES130/SA130S13	SES275	-3.35376	-46.847	-43.4933
BLOCK13/SES130/SA130S15	SES143	-2.07428	-44.5301	-42.4558
BLOCK13/SES130/SA130S15	SES144	-0.814125	-43.2699	-42.4558
BLOCK13/SES130/SA130S15	SES146	-0.626469	-43.0823	-42.4558
BLOCK13/SES130/SA130S15	SES275	-1.41518	-43.871	-42.4558
BLOCK13/SES130/SA130S23	SES127	-2.368	-46.0784	-43.7104
BLOCK13/SES130/SA130S23	SES144	-1.66939	-45.3797	-43.7104
BLOCK13/SES130/SA130S23	SES146	-1.41428	-45.1246	-43.7104
BLOCK13/SES130/SA130S23	SES162	-1.37789	-45.0883	-43.7104
BLOCK13/SES130/SA130S25	SES127	-1.58215	-43.6555	-42.0733
BLOCK13/SES130/SA130S25	SES144	-0.823891	-42.8972	-42.0733
BLOCK13/SES130/SA130S25	SES146	-0.782398	-42.8557	-42.0733
BLOCK13/SES130/SA130S25	SES275	-0.891708	-42.965	-42.0733
BLOCK13/SES130/SA130S28	SES127	-1.40643	-43.6207	-42.2143
BLOCK13/SES130/SA130S28	SES144	-1.11528	-43.3296	-42.2143
BLOCK13/SES130/SA130S28	SES146	-1.20413	-43.4184	-42.2143
BLOCK13/SES130/SA130S28	SES275	-0.787197	-43.0015	-42.2143
BLOCK13/SES131/SA131S13	SES002	-1.66222	-45.972	-44.3098
BLOCK13/SES131/SA131S13	SES007	-2.8765	-47.1863	-44.3098
BLOCK13/SES131/SA131S13	SES099	-1.34658	-45.6563	-44.3098
BLOCK13/SES131/SA131S13	SES105	-1.57009	-45.8799	-44.3098
BLOCK13/SES131/SA131S14	SES104	-0.72147	-43.2993	-42.5779
BLOCK13/SES131/SA131S14	SES106	-0.41024	-42.9881	-42.5779
BLOCK13/SES131/SA131S14	SES125	-1.22754	-43.8054	-42.5779
BLOCK13/SES131/SA131S14	SES148	-2.05743	-44.6353	-42.5779
BLOCK13/SES131/SA131S20	SES104	-1.05901	-44.7738	-43.7148
BLOCK13/SES131/SA131S20	SES106	-0.643284	-44.358	-43.7148
BLOCK13/SES131/SA131S20	SES125	-1.27724	-44.992	-43.7148
BLOCK13/SES131/SA131S20	SES148	-2.56271	-46.2775	-43.7148
BLOCK13/SES131/SA131S22	SES099	-0.829334	-43.7759	-42.9466
BLOCK13/SES131/SA131S22	SES104	-1.2988	-44.2454	-42.9466
BLOCK13/SES131/SA131S22	SES125	-1.20027	-44.1469	-42.9466
BLOCK13/SES131/SA131S22	SES206	-1.58885	-44.5355	-42.9466
BLOCK13/SES131/SA131S29	SES087	-1.26027	-44.8089	-43.5486
BLOCK13/SES131/SA131S29	SES104	-1.69382	-45.2424	-43.5486
BLOCK13/SES131/SA131S29	SES125	-1.61194	-45.1605	-43.5486
BLOCK13/SES131/SA131S29	SES206	-1.32243	-44.871	-43.5486
BLOCK13/SES132/SA132S11	SES083	-2.24271	-44.0588	-41.8161
BLOCK13/SES132/SA132S11	SES120	-0.214268	-42.0303	-41.8161
BLOCK13/SES132/SA132S11	SES127	-1.49557	-43.3116	-41.8161
BLOCK13/SES132/SA132S11	SES275	-1.17126	-42.9873	-41.8161
BLOCK13/SES132/SA132S12	SES083	-1.38226	-43.1038	-41.7215
BLOCK13/SES132/SA132S12	SES143	-1.33237	-43.0539	-41.7215
BLOCK13/SES132/SA132S12	SES144	-1.32736	-43.0489	-41.7215
BLOCK13/SES132/SA132S12	SES148	-1.25397	-42.9755	-41.7215
BLOCK13/SES132/SA132S22	SES062	-0.764576	-42.435	-41.6705
BLOCK13/SES132/SA132S22	SES083	-1.47868	-43.1492	-41.6705
BLOCK13/SES132/SA132S22	SES127	-1.0688	-42.7393	-41.6705
BLOCK13/SES132/SA132S22	SES275	-0.857536	-42.528	-41.6705
BLOCK13/SES132/SA132S24	SES007	-0.341743	-41.652	-41.3102
BLOCK13/SES132/SA132S24	SES083	-2.09417	-43.4044	-41.3102
BLOCK13/SES132/SA132S24	SES127	-1.92423	-43.2345	-41.3102
BLOCK13/SES132/SA132S24	SES275	-0.949486	-42.2597	-41.3102
BLOCK13/SES132/SA132S27	SES083	-2.3516	-44.4334	-42.0818
BLOCK13/SES132/SA132S27	SES120	-0.312843	-42.3946	-42.0818
BLOCK13/SES132/SA132S27	SES127	-1.89433	-43.9761	-42.0818
BLOCK13/SES132/SA132S27	SES275	-1.69506	-43.7768	-42.0818
BLOCK14/SES141/SA141S09	SES143	-1.05573	-43.2024	-42.1466
BLOCK14/SES141/SA141S09	SES144	-0.957703	-43.1044	-42.1466
BLOCK14/SES141/SA141S09	SES162	-1.33029	-43.4769	-42.1466
BLOCK14/SES141/SA141S09	SES180	-1.18224	-43.3289	-42.1466
BLOCK14/SES141/SA141S15	SES127	-1.55417	-43.4865	-41.9323
BLOCK14/SES141/SA141S15	SES144	-1.31202	-43.2444	-41.9323
BLOCK14/SES141/SA141S15	SES162	-1.3807	-43.313	-41.9323
BLOCK14/SES141/SA141S15	SES180	-0.908169	-42.8405	-41.9323
BLOCK14/SES141/SA141S24	SES127	-1.04184	-42.4929	-41.451
BLOCK14/SES141/SA141S24	SES144	-1.30387	-42.7549	-41.451
BLOCK14/SES141/SA141S24	SES162	-1.10842	-42.5595	-41.451
BLOCK14/SES141/SA141S24	SES183	-1.56572	-43.0168	-41.451
BLOCK14/SES141/SA141S26	SES142	-1.45381	-43.8842	-42.4304
BLOCK14/SES141/SA141S26	SES144	-1.30355	-43.734	-42.4304
BLOCK14/SES141/SA141S26	SES172	-1.6671	-44.0975	-42.4304
BLOCK14/SES141/SA141S26	SES180	-1.43708	-43.8675	-42.4304
BLOCK14/SES141/SA141S29	SES127	-0.805122	-42.3714	-41.5663
BLOCK14/SES141/SA141S29	SES142	-0.367298	-41.9336	-41.5663
BLOCK14/SES141/SA141S29	SES144	-1.26016	-42.8265	-41.5663
BLOCK14/SES141/SA141S29	SES180	-0.989529	-42.5558	-41.5663
BLOCK15/SES157/SA157S08	SES083	-2.75719	-45.2536	-42.4964
BLOCK15/SES157/SA157S08	SES127	-1.83847	-44.3349	-42.4964
BLOCK15/SES157/SA157S08	SES148	-1.12585	-43.6223	-42.4964
BLOCK15/SES157/SA157S08	SES292	-1.76959	-44.266	-42.4964
BLOCK15/SES157/SA157S11	SES083	-2.44434	-44.7374	-42.293
BLOCK15/SES157/SA157S11	SES127	-2.03418	-44.3272	-42.293
BLOCK15/SES157/SA157S11	SES148	-1.36559	-43.6586	-42.293
BLOCK15/SES157/SA157S11	SES292	-2.4415	-44.7345	-42.293
BLOCK15/SES157/SA157S21	SES127	-1.78457	-43.6246	-41.8401
BLOCK15/SES157/SA157S21	SES148	-0.965775	-42.8058	-41.8401
BLOCK15/SES157/SA157S21	SES158	-4.20552	-46.0456	-41.8401
BLOCK15/SES157/SA157S21	SES292	-1.67709	-43.5172	-41.8401
BLOCK15/SES157/SA157S24	SES127	-1.53074	-43.6345	-42.1038
BLOCK15/SES157/SA157S24	SES148	-1.40063	-43.5044	-42.1038
BLOCK15/SES157/SA157S24	SES183	-1.89161	-43.9954	-42.1038
BLOCK15/SES157/SA157S24	SES292	-1.85344	-43.9572	-42.1038
BLOCK15/SES157/SA157S26	SES007	-0.777512	-42.4027	-41.6252
BLOCK15/SES157/SA157S26	SES127	-1.05941	-42.6846	-41.6252
BLOCK15/SES157/SA157S26	SES147	-1.89768	-43.5229	-41.6252
BLOCK15/SES157/SA157S26	SES148	-1.21136	-42.8366	-41.6252
BLOCK16/SES161/SA161S10	SES007	-1.98247	-45.4265	-43.444
BLOCK16/SES161/SA161S10	SES105	-1.47814	-44.9222	-43.444
BLOCK16/SES161/SA161S10	SES158	-1.66977	-45.1138	-43.444
BLOCK16/SES161/SA161S10	SES275	-2.13538	-45.5794	-43.444
BLOCK16/SES161/SA161S12	SES007	-1.53722	-44.5047	-42.9675
BLOCK16/SES161/SA161S12	SES105	-1.89668	-44.8641	-42.9675
BLOCK16/SES161/SA161S12	SES158	-1.06954	-44.037	-42.9675
BLOCK16/SES161/SA161S12	SES275	-1.87418	-44.8416	-42.9675
BLOCK16/SES161/SA161S20	SES007	-2.62696	-46.7527	-44.1257
BLOCK16/SES161/SA161S20	SES105	-2.38459	-46.5103	-44.1257
BLOCK16/SES161/SA161S20	SES158	-1.32985	-45.4556	-44.1257
BLOCK16/SES161/SA161S20	SES275	-2.88809	-47.0138	-44.1257
BLOCK16/SES161/SA161S23	SES007	-2.14161	-44.914	-42.7724
BLOCK16/SES161/SA161S23	SES105	-1.32557	-44.098	-42.7724
BLOCK16/SES161/SA161S23	SES148	-1.67252	-44.445	-42.7724
BLOCK16/SES161/SA161S23	SES158	-0.840378	-43.6128	-42.7724
BLOCK16/SES161/SA161S28	SES007	-2.85204	-46.0277	-43.1756
BLOCK16/SES161/SA161S28	SES105	-2.48923	-45.6649	-43.1756
BLOCK16/SES161/SA161S28	SES158	-0.878475	-44.0541	-43.1756
BLOCK16/SES161/SA161S28	SES206	-1.36078	-44.5364	-43.1756
BLOCK16/SES164/SA164S11	SES104	-1.41516	-43.4118	-41.9966
BLOCK16/SES164/SA164S11	SES125	-0.543331	-42.5399	-41.9966
BLOCK16/SES164/SA164S11	SES158	-0.00584793	-42.0025	-41.9966
BLOCK16/SES164/SA164S11	SES206	-1.86681	-43.8634	-41.9966
BLOCK16/SES164/SA164S13	SES099	-0.952526	-44.1682	-43.2157
BLOCK16/SES164/SA164S13	SES104	-1.48869	-44.7044	-43.2157
BLOCK16/SES164/SA164S13	SES125	-1.55347	-44.7691	-43.2157
BLOCK16/SES164/SA164S13	SES206	-1.59804	-44.8137	-43.2157
BLOCK16/SES164/SA164S24	SES002	-0.29335	-43.0005	-42.7071
BLOCK16/SES164/SA164S24	SES099	-0.495544	-43.2027	-42.7071
BLOCK16/SES164/SA164S24	SES125	-1.21185	-43.919	-42.7071
BLOCK16/SES164/SA164S24	SES226	-0.616154	-43.3233	-42.7071
BLOCK16/SES164/SA164S27	SES087	-1.99867	-44.7703	-42.7717
BLOCK16/SES164/SA164S27	SES125	-1.10353	-43.8752	-42.7717
BLOCK16/SES164/SA164S27	SES206	-1.74198	-44.5136	-42.7717
BLOCK16/SES164/SA164S27	SES226	-0.912498	-43.6842	-42.7717
BLOCK16/SES164/SA164S29	SES002	0.324921	-42.4775	-42.8024
BLOCK16/SES164/SA164S29	SES019	-0.678307	-43.4807	-42.8024
BLOCK16/SES164/SA164S29	SES125	-0.613754	-43.4161	-42.8024
BLOCK16/SES164/SA164S29	SES226	-0.896137	-43.6985	-42.8024
BLOCK16/SES169/SA169S13	SES117	-1.7765	-44.0332	-42.2567
BLOCK16/SES169/SA169S13	SES144	-1.12301	-43.3797	-42.2567
BLOCK16/SES169/SA169S13	SES146	-1.6151	-43.8718	-42.2567
BLOCK16/SES169/SA169S13	SES162	-1.50777	-43.7645	-42.2567
BLOCK16/SES169/SA169S14	SES144	-1.08878	-42.6417	-41.5529
BLOCK16/SES169/SA169S14	SES148	-1.04061	-42.5935	-41.5529
BLOCK16/SES169/SA169S14	SES177	-1.05223	-42.6051	-41.5529
BLOCK16/SES169/SA169S14	SES180	-2.08662	-43.6395	-41.5529
BLOCK16/SES169/SA169S24	SES117	-0.943157	-43.9634	-43.0203
BLOCK16/SES169/SA169S24	SES144	-0.757305	-43.7776	-43.0203
BLOCK16/SES169/SA169S24	SES146	-1.32679	-44.347	-43.0203
BLOCK16/SES169/SA169S24	SES162	-1.42008	-44.4403	-43.0203
BLOCK16/SES169/SA169S27	SES127	-1.66262	-43.8303	-42.1677
BLOCK16/SES169/SA169S27	SES129	-1.84436	-44.0121	-42.1677
BLOCK16/SES169/SA169S27	SES144	-1.16145	-43.3292	-42.1677
BLOCK16/SES169/SA169S27	SES146	-1.08045	-43.2482	-42.1677
BLOCK16/SES169/SA169S29	SES144	-0.676178	-42.225	-41.5489
BLOCK16/SES169/SA169S29	SES162	-0.800522	-42.3494	-41.5489
BLOCK16/SES169/SA169S29	SES177	-1.92438	-43.4732	-41.5489
BLOCK16/SES169/SA169S29	SES180	-1.29196	-42.8408	-41.5489
BLOCK17/SES171/SA171S12	SES083	-1.4478	-44.3693	-42.9215
BLOCK17/SES171/SA171S12	SES148	-1.83646	-44.7579	-42.9215
BLOCK17/SES171/SA171S12	SES172	-1.49314	-44.4146	-42.9215
BLOCK17/SES171/SA171S12	SES292	-2.55624	-45.4777	-42.9215
BLOCK17/SES171/SA171S15	SES148	-1.73232	-45.0288	-43.2965
BLOCK17/SES171/SA171S15	SES177	-1.41179	-44.7083	-43.2965
BLOCK17/SES171/SA171S15	SES180	-3.95572	-47.2522	-43.2965
BLOCK17/SES171/SA171S15	SES292	-3.77997	-47.0764	-43.2965
BLOCK17/SES171/SA171S22	SES007	-1.58221	-43.6764	-42.0942
BLOCK17/SES171/SA171S22	SES148	-1.40612	-43.5003	-42.0942
BLOCK17/SES171/SA171S22	SES177	-0.716232	-42.8104	-42.0942
BLOCK17/SES171/SA171S22	SES180	-2.00246	-44.0966	-42.0942
BLOCK17/SES171/SA171S25	SES101	-2.88364	-45.9135	-43.0299
BLOCK17/SES171/SA171S25	SES120	-2.91631	-45.9462	-43.0299
BLOCK17/SES171/SA171S25	SES177	-1.1427	-44.1726	-43.0299
BLOCK17/SES171/SA171S25	SES180	-2.98832	-46.0182	-43.0299
BLOCK17/SES171/SA171S27	SES177	-0.933899	-43.4744	-42.5405
BLOCK17/SES171/SA171S27	SES180	-2.7752	-45.3157	-42.5405
BLOCK17/SES171/SA171S27	SES189	-1.11627	-43.6567	-42.5405
BLOCK17/SES171/SA171S27	SES292	-2.50534	-45.0458	-42.5405
BLOCK17/SES173/SA173S13	SES162	-2.22965	-45.7157	-43.4861
BLOCK17/SES173/SA173S13	SES177	-2.11193	-45.598	-43.4861
BLOCK17/SES173/SA173S13	SES180	-2.87819	-46.3643	-43.4861
BLOCK17/SES173/SA173S13	SES292	-1.70607	-45.1922	-43.4861
BLOCK17/SES173/SA173S14	SES007	-1.9937	-45.5802	-43.5865
BLOCK17/SES173/SA173S14	SES162	-2.34304	-45.9295	-43.5865
BLOCK17/SES173/SA173S14	SES177	-1.25744	-44.8439	-43.5865
BLOCK17/SES173/SA173S14	SES180	-3.22678	-46.8133	-43.5865
BLOCK17/SES173/SA173S24	SES144	-1.59307	-45.4938	-43.9007
BLOCK17/SES173/SA173S24	SES162	-2.47328	-46.374	-43.9007
BLOCK17/SES173/SA173S24	SES177	-2.12589	-46.0266	-43.9007
BLOCK17/SES173/SA173S24	SES180	-3.4279	-47.3286	-43.9007
BLOCK17/SES173/SA173S27	SES162	-2.86187	-46.2228	-43.3609
BLOCK17/SES173/SA173S27	SES177	-1.90986	-45.2708	-43.3609
BLOCK17/SES173/SA173S27	SES180	-2.68804	-46.049	-43.3609
BLOCK17/SES173/SA173S27	SES292	-1.82955	-45.1905	-43.3609
BLOCK17/SES173/SA173S29	SES162	-2.9551	-46.0001	-43.045
BLOCK17/SES173/SA173S29	SES175	-1.39812	-44.4431	-43.045
BLOCK17/SES173/SA173S29	SES177	-2.24631	-45.2913	-43.045
BLOCK17/SES173/SA173S29	SES292	-3.90563	-46.9506	-43.045
BLOCK18/SES182/SA182S10	SES144	-1.0709	-43.3514	-42.2805
BLOCK18/SES182/SA182S10	SES177	-0.86639	-43.1469	-42.2805
BLOCK18/SES182/SA182S10	SES180	-2.18727	-44.4677	-42.2805
BLOCK18/SES182/SA182S10	SES275	-0.421337	-42.7018	-42.2805
BLOCK18/SES182/SA182S12	SES144	-0.425224	-42.3739	-41.9487
BLOCK18/SES182/SA182S12	SES177	-0.786716	-42.7354	-41.9487
BLOCK18/SES182/SA182S12	SES180	-1.29832	-43.247	-41.9487
BLOCK18/SES182/SA182S12	SES275	-0.907356	-42.856	-41.9487
BLOCK18/SES182/SA182S21	SES117	-1.63451	-44.4981	-42.8636
BLOCK18/SES182/SA182S21	SES144	-1.37963	-44.2432	-42.8636
BLOCK18/SES182/SA182S21	SES162	-0.866722	-43.7303	-42.8636
BLOCK18/SES182/SA182S21	SES180	-1.79038	-44.654	-42.8636
BLOCK18/SES182/SA182S23	SES117	-1.55695	-44.2215	-42.6646
BLOCK18/SES182/SA182S23	SES144	-1.4036	-44.0682	-42.6646
BLOCK18/SES182/SA182S23	SES180	-1.79406	-44.4586	-42.6646
BLOCK18/SES182/SA182S23	SES275	-0.562096	-43.2267	-42.6646
BLOCK18/SES182/SA182S25	SES007	-0.692841	-43.0869	-42.394
BLOCK18/SES182/SA182S25	SES162	-1.08893	-43.483	-42.394
BLOCK18/SES182/SA182S25	SES177	-1.10923	-43.5033	-42.394
BLOCK18/SES182/SA182S25	SES180	-1.7564	-44.1504	-42.394
BLOCK18/SES184/SA184S12	SES177	-1.63202	-43.9624	-42.3304
BLOCK18/SES184/SA184S12	SES180	-1.95075	-44.2811	-42.3304
BLOCK18/SES184/SA184S12	SES189	-1.92611	-44.2565	-42.3304
BLOCK18/SES184/SA184S12	SES292	-1.9771	-44.3075	-42.3304
BLOCK18/SES184/SA184S13	SES101	-2.15269	-44.2361	-42.0834
BLOCK18/SES184/SA184S13	SES177	-1.3523	-43.4357	-42.0834
BLOCK18/SES184/SA184S13	SES180	-1.28205	-43.3655	-42.0834
BLOCK18/SES184/SA184S13	SES292	-1.72379	-43.8072	-42.0834
BLOCK18/SES184/SA184S22	SES177	-1.64826	-42.9663	-41.3181
BLOCK18/SES184/SA184S22	SES180	-1.44554	-42.7636	-41.3181
BLOCK18/SES184/SA184S22	SES189	-2.94369	-44.2617	-41.3181
BLOCK18/SES184/SA184S22	SES292	-1.83363	-43.1517	-41.3181
BLOCK18/SES184/SA184S25	SES101	-1.14946	-42.2689	-41.1195
BLOCK18/SES184/SA184S25	SES177	-1.61536	-42.7348	-41.1195
BLOCK18/SES184/SA184S25	SES180	-0.776466	-41.8959	-41.1195
BLOCK18/SES184/SA184S25	SES292	-0.978764	-42.0982	-41.1195
BLOCK18/SES184/SA184S27	SES083	-1.93413	-43.7873	-41.8532
BLOCK18/SES184/SA184S27	SES177	-1.40075	-43.2539	-41.8532
BLOCK18/SES184/SA184S27	SES202	-1.88951	-43.7427	-41.8532
BLOCK18/SES184/SA184S27	SES292	-1.48576	-43.3389	-41.8532
BLOCK20/SES204/SA204S12	SES062	-2.10613	-43.5289	-41.4228
BLOCK20/SES204/SA204S12	SES083	-2.33456	-43.7574	-41.4228
BLOCK20/SES204/SA204S12	SES206	-0.831924	-42.2547	-41.4228
BLOCK20/SES204/SA204S12	SES226	-1.81879	-43.2416	-41.4228
BLOCK20/SES204/SA204S14	SES068	-2.8223	-43.5568	-40.7345
BLOCK20/SES204/SA204S14	SES087	-0.643307	-41.3778	-40.7345
BLOCK20/SES204/SA204S14	SES206	-1.06248	-41.797	-40.7345
BLOCK20/SES204/SA204S14	SES226	-1.67559	-42.4101	-40.7345
BLOCK20/SES204/SA204S22	SES068	-3.34934	-44.8395	-41.4902
BLOCK20/SES204/SA204S22	SES082	-3.11312	-44.6033	-41.4902
BLOCK20/SES204/SA204S22	SES083	-3.01663	-44.5068	-41.4902
BLOCK20/SES204/SA204S22	SES206	-1.15646	-42.6466	-41.4902
BLOCK20/SES204/SA204S25	SES062	-2.21175	-44.1005	-41.8887
BLOCK20/SES204/SA204S25	SES083	-2.9064	-44.7951	-41.8887
BLOCK20/SES204/SA204S25	SES206	-0.630077	-42.5188	-41.8887
BLOCK20/SES204/SA204S25	SES226	-1.74922	-43.6379	-41.8887
BLOCK20/SES204/SA204S27	SES068	-3.62423	-45.5296	-41.9054
BLOCK20/SES204/SA204S27	SES082	-2.22379	-44.1292	-41.9054
BLOCK20/SES204/SA204S27	SES087	-0.977299	-42.8827	-41.9054
BLOCK20/SES204/SA204S27	SES206	-0.894325	-42.7997	-41.9054
BLOCK20/SES207/SA207S10	SES127	-1.31121	-43.8486	-42.5374
BLOCK20/SES207/SA207S10	SES183	-1.83963	-44.377	-42.5374
BLOCK20/SES207/SA207S10	SES189	-1.29145	-43.8288	-42.5374
BLOCK20/SES207/SA207S10	SES292	-1.34154	-43.8789	-42.5374
BLOCK20/SES207/SA207S11	SES127	-2.38314	-44.8654	-42.4823
BLOCK20/SES207/SA207S11	SES183	-2.23302	-44.7153	-42.4823
BLOCK20/SES207/SA207S11	SES187	-0.995476	-43.4777	-42.4823
BLOCK20/SES207/SA207S11	SES292	-1.92727	-44.4095	-42.4823
BLOCK20/SES207/SA207S25	SES068	-1.50647	-43.8898	-42.3834
BLOCK20/SES207/SA207S25	SES083	-2.51496	-44.8983	-42.3834
BLOCK20/SES207/SA207S25	SES127	-1.59605	-43.9794	-42.3834
BLOCK20/SES207/SA207S25	SES187	-0.88636	-43.2697	-42.3834
BLOCK20/SES207/SA207S27	SES127	-1.80666	-44.6857	-42.879
BLOCK20/SES207/SA207S27	SES183	-1.01062	-43.8896	-42.879
BLOCK20/SES207/SA207S27	SES187	-1.41473	-44.2937	-42.879
BLOCK20/SES207/SA207S27	SES292	-1.75587	-44.6349	-42.879
BLOCK20/SES207/SA207S29	SES083	-2.32964	-44.5431	-42.2135
BLOCK20/SES207/SA207S29	SES085	-0.93697	-43.1505	-42.2135
BLOCK20/SES207/SA207S29	SES172	-1.83639	-44.0499	-42.2135
BLOCK20/SES207/SA207S29	SES189	-2.11544	-44.3289	-42.2135
BLOCK22/SES221/SA221S12	SES068	-1.86285	-43.7701	-41.9072
BLOCK22/SES221/SA221S12	SES143	-2.23259	-44.1398	-41.9072
BLOCK22/SES221/SA221S12	SES175	-0.724346	-42.6316	-41.9072
BLOCK22/SES221/SA221S12	SES202	-1.08146	-42.9887	-41.9072
BLOCK22/SES221/SA221S15	SES085	-2.61874	-45.8359	-43.2171
BLOCK22/SES221/SA221S15	SES143	-2.59309	-45.8102	-43.2171
BLOCK22/SES221/SA221S15	SES175	-1.345	-44.5621	-43.2171
BLOCK22/SES221/SA221S15	SES187	-1.49143	-44.7086	-43.2171
BLOCK22/SES221/SA221S23	SES068	-1.80106	-44.0576	-42.2565
BLOCK22/SES221/SA221S23	SES143	-2.5013	-44.7578	-42.2565
BLOCK22/SES221/SA221S23	SES175	-0.620407	-42.8769	-42.2565
BLOCK22/SES221/SA221S23	SES189	-0.492931	-42.7494	-42.2565
BLOCK22/SES221/SA221S27	SES085	-3.26439	-45.5633	-42.2989
BLOCK22/SES221/SA221S27	SES143	-2.33876	-44.6376	-42.2989
BLOCK22/SES221/SA221S27	SES175	-1.21511	-43.514	-42.2989
BLOCK22/SES221/SA221S27	SES189	-0.0290604	-42.3279	-42.2989
BLOCK22/SES221/SA221S29	SES085	-3.37966	-46.5542	-43.1745
BLOCK22/SES221/SA221S29	SES143	-2.61709	-45.7916	-43.1745
BLOCK22/SES221/SA221S29	SES175	-1.45435	-44.6289	-43.1745
BLOCK22/SES221/SA221S29	SES187	-0.888992	-44.0635	-43.1745
BLOCK22/SES223/SA223S11	SES143	-1.61022	-44.5616	-42.9513
BLOCK22/SES223/SA223S11	SES144	-2.40164	-45.353	-42.9513
BLOCK22/SES223/SA223S11	SES175	-1.33655	-44.2879	-42.9513
BLOCK22/SES223/SA223S11	SES187	-1.52794	-44.4793	-42.9513
BLOCK22/SES223/SA223S13	SES068	-1.23861	-45.319	-44.0804
BLOCK22/SES223/SA223S13	SES143	-2.46465	-46.545	-44.0804
BLOCK22/SES223/SA223S13	SES146	-3.19748	-47.2778	-44.0804
BLOCK22/SES223/SA223S13	SES202	-2.21179	-46.2921	-44.0804
BLOCK22/SES223/SA223S22	SES143	-1.50128	-44.4361	-42.9348
BLOCK22/SES223/SA223S22	SES144	-2.18249	-45.1173	-42.9348
BLOCK22/SES223/SA223S22	SES175	-0.984871	-43.9197	-42.9348
BLOCK22/SES223/SA223S22	SES187	-1.44726	-44.3821	-42.9348
BLOCK22/SES223/SA223S25	SES068	-1.33484	-44.2255	-42.8907
BLOCK22/SES223/SA223S25	SES143	-1.74799	-44.6387	-42.8907
BLOCK22/SES223/SA223S25	SES175	-1.06814	-43.9588	-42.8907
BLOCK22/SES223/SA223S25	SES187	-1.20758	-44.0982	-42.8907
BLOCK22/SES223/SA223S27	SES143	-0.790436	-44.1006	-43.3102
BLOCK22/SES223/SA223S27	SES146	-2.19219	-45.5024	-43.3102
BLOCK22/SES223/SA223S27	SES187	-1.47525	-44.7855	-43.3102
BLOCK22/SES223/SA223S27	SES292	-2.13725	-45.4474	-43.3102
BLOCK27/SES273/SA273S12	SES099	-0.0336876	-41.0827	-41.049
BLOCK27/SES273/SA273S12	SES104	-0.257751	-41.3068	-41.049
BLOCK27/SES273/SA273S12	SES125	-0.688148	-41.7372	-41.049
BLOCK27/SES273/SA273S12	SES206	0.0289154	-41.0201	-41.049
BLOCK27/SES273/SA273S13	SES099	-0.424572	-41.2389	-40.8144
BLOCK27/SES273/SA273S13	SES104	-0.64254	-41.4569	-40.8144
BLOCK27/SES273/SA273S13	SES206	-0.455078	-41.2694	-40.8144
BLOCK27/SES273/SA273S13	SES292	-2.86736	-43.6817	-40.8144
BLOCK27/SES273/SA273S21	SES099	0.0218277	-41.2074	-41.2293
BLOCK27/SES273/SA273S21	SES148	-2.52543	-43.7547	-41.2293
BLOCK27/SES273/SA273S21	SES149	-1.08059	-42.3099	-41.2293
BLOCK27/SES273/SA273S21	SES177	-2.8807	-44.11	-41.2293
BLOCK27/SES273/SA273S25	SES104	-0.645763	-41.8865	-41.2407
BLOCK27/SES273/SA273S25	SES125	-1.00059	-42.2413	-41.2407
BLOCK27/SES273/SA273S25	SES158	-0.176659	-41.4174	-41.2407
BLOCK27/SES273/SA273S25	SES206	-0.183376	-41.4241	-41.2407
BLOCK27/SES273/SA273S27	SES099	-0.282421	-41.1924	-40.9099
BLOCK27/SES273/SA273S27	SES104	-0.691395	-41.6013	-40.9099
BLOCK27/SES273/SA273S27	SES149	-0.598232	-41.5082	-40.9099
BLOCK27/SES273/SA273S27	SES275	-1.71183	-42.6218	-40.9099
BLOCK27/SES274/SA274S10	SES105	-0.931934	-42.0787	-41.1468
BLOCK27/SES274/SA274S10	SES125	-0.89893	-42.0457	-41.1468
BLOCK27/SES274/SA274S10	SES129	-0.619808	-41.7666	-41.1468
BLOCK27/SES274/SA274S10	SES158	-1.25862	-42.4054	-41.1468
BLOCK27/SES274/SA274S11	SES105	-1.28122	-42.4207	-41.1394
BLOCK27/SES274/SA274S11	SES149	-1.00826	-42.1477	-41.1394
BLOCK27/SES274/SA274S11	SES158	-0.75491	-41.8943	-41.1394
BLOCK27/SES274/SA274S11	SES275	-1.13746	-42.2769	-41.1394
BLOCK27/SES274/SA274S21	SES105	-0.817192	-42.4453	-41.6281
BLOCK27/SES274/SA274S21	SES129	-0.966545	-42.5946	-41.6281
BLOCK27/SES274/SA274S21	SES149	-0.450588	-42.0787	-41.6281
BLOCK27/SES274/SA274S21	SES158	-1.76497	-43.393	-41.6281
BLOCK27/SES274/SA274S24	SES105	-0.691254	-42.4724	-41.7812
BLOCK27/SES274/SA274S24	SES129	-1.90426	-43.6854	-41.7812
BLOCK27/SES274/SA274S24	SES149	-0.635975	-42.4171	-41.7812
BLOCK27/SES274/SA274S24	SES158	-1.62861	-43.4098	-41.7812
BLOCK27/SES274/SA274S29	SES105	-1.42147	-42.74	-41.3186
BLOCK27/SES274/SA274S29	SES106	-2.0202	-43.3388	-41.3186
BLOCK27/SES274/SA274S29	SES120	-2.19934	-43.5179	-41.3186
BLOCK27/SES274/SA274S29	SES275	-1.024	-42.3426	-41.3186
BLOCK27/SES276/SA276S16	SES148	-1.68952	-43.8454	-42.1559
BLOCK27/SES276/SA276S16	SES172	-2.23175	-44.3877	-42.1559
BLOCK27/SES276/SA276S16	SES180	-2.41078	-44.5667	-42.1559
BLOCK27/SES276/SA276S16	SES292	-1.34053	-43.4965	-42.1559
BLOCK27/SES276/SA276S17	SES101	-1.7102	-43.8081	-42.0979
BLOCK27/SES276/SA276S17	SES177	-1.55767	-43.6555	-42.0979
BLOCK27/SES276/SA276S17	SES180	-1.85952	-43.9574	-42.0979
BLOCK27/SES276/SA276S17	SES292	-2.11197	-44.2098	-42.0979
BLOCK27/SES276/SA276S24	SES101	-0.960133	-42.2642	-41.304
BLOCK27/SES276/SA276S24	SES177	-1.61807	-42.9221	-41.304
BLOCK27/SES276/SA276S24	SES180	-1.57042	-42.8744	-41.304
BLOCK27/SES276/SA276S24	SES292	-1.89536	-43.1994	-41.304
BLOCK27/SES276/SA276S26	SES101	-1.87152	-43.6129	-41.7414
BLOCK27/SES276/SA276S26	SES177	-1.08215	-42.8235	-41.7414
BLOCK27/SES276/SA276S26	SES180	-1.17546	-42.9168	-41.7414
BLOCK27/SES276/SA276S26	SES292	-1.12839	-42.8698	-41.7414
BLOCK27/SES276/SA276S28	SES101	-2.19119	-44.0255	-41.8343
BLOCK27/SES276/SA276S28	SES177	-1.41784	-43.2522	-41.8343
BLOCK27/SES276/SA276S28	SES180	-1.28136	-43.1157	-41.8343
BLOCK27/SES276/SA276S28	SES292	-2.10405	-43.9384	-41.8343
BLOCK27/SES277/SA277S12	SES101	-0.875179	-43.4037	-42.5285
BLOCK27/SES277/SA277S12	SES177	-1.6221	-44.1506	-42.5285
BLOCK27/SES277/SA277S12	SES180	-2.2414	-44.7699	-42.5285
BLOCK27/SES277/SA277S12	SES292	-2.38538	-44.9139	-42.5285
BLOCK27/SES277/SA277S14	SES177	-1.26749	-44.2946	-43.0271
BLOCK27/SES277/SA277S14	SES180	-2.29314	-45.3203	-43.0271
BLOCK27/SES277/SA277S14	SES189	-0.961067	-43.9882	-43.0271
BLOCK27/SES277/SA277S14	SES292	-3.09256	-46.1197	-43.0271
BLOCK27/SES277/SA277S21	SES177	-0.729855	-42.6783	-41.9485
BLOCK27/SES277/SA277S21	SES180	-2.28727	-44.2357	-41.9485
BLOCK27/SES277/SA277S21	SES189	-1.16203	-43.1105	-41.9485
BLOCK27/SES277/SA277S21	SES292	-2.63695	-44.5854	-41.9485
BLOCK27/SES277/SA277S24	SES144	-1.62462	-44.5284	-42.9038
BLOCK27/SES277/SA277S24	SES177	-1.3479	-44.2517	-42.9038
BLOCK27/SES277/SA277S24	SES180	-2.61483	-45.5186	-42.9038
BLOCK27/SES277/SA277S24	SES189	-1.48013	-44.3839	-42.9038
BLOCK27/SES277/SA277S29	SES177	-1.19096	-42.2042	-41.0132
BLOCK27/SES277/SA277S29	SES180	-1.22498	-42.2382	-41.0132
BLOCK27/SES277/SA277S29	SES202	-1.26715	-42.2803	-41.0132
BLOCK27/SES277/SA277S29	SES292	-2.46684	-43.48	-41.0132
BLOCK27/SES279/SA279S09	SES120	-1.46149	-43.0508	-41.5893
BLOCK27/SES279/SA279S09	SES146	-1.4936	-43.0829	-41.5893
BLOCK27/SES279/SA279S09	SES206	-1.79983	-43.3891	-41.5893
BLOCK27/SES279/SA279S09	SES226	-1.82823	-43.4175	-41.5893
BLOCK27/SES279/SA279S10	SES099	-0.723034	-42.3225	-41.5994
BLOCK27/SES279/SA279S10	SES206	-1.05232	-42.6517	-41.5994
BLOCK27/SES279/SA279S10	SES226	-1.60917	-43.2086	-41.5994
BLOCK27/SES279/SA279S10	SES292	-1.38638	-42.9858	-41.5994
BLOCK27/SES279/SA279S20	SES099	-1.39001	-43.4684	-42.0784
BLOCK27/SES279/SA279S20	SES206	-0.797279	-42.8757	-42.0784
BLOCK27/SES279/SA279S20	SES226	-2.04468	-44.1231	-42.0784
BLOCK27/SES279/SA279S20	SES292	-0.922165	-43.0006	-42.0784
BLOCK27/SES279/SA279S26	SES099	-1.22149	-43.0065	-41.785
BLOCK27/SES279/SA279S26	SES206	-0.29512	-42.0801	-41.785
BLOCK27/SES279/SA279S26	SES226	-1.24087	-43.0259	-41.785
BLOCK27/SES279/SA279S26	SES292	-1.8063	-43.5913	-41.785
BLOCK27/SES279/SA279S28	SES099	-1.423	-41.8864	-40.4634
BLOCK27/SES279/SA279S28	SES120	-1.40256	-41.8659	-40.4634
BLOCK27/SES279/SA279S28	SES177	-2.40397	-42.8673	-40.4634
BLOCK27/SES279/SA279S28	SES206	-1.69997	-42.1633	-40.4634
BLOCK29/SES290/SA290S12	SES162	-1.97062	-43.2623	-41.2917
BLOCK29/SES290/SA290S12	SES177	-1.6044	-42.8961	-41.2917
BLOCK29/SES290/SA290S12	SES180	-2.35397	-43.6456	-41.2917
BLOCK29/SES290/SA290S12	SES292	-2.52814	-43.8198	-41.2917
BLOCK29/SES290/SA290S13	SES007	-2.85086	-44.7827	-41.9319
BLOCK29/SES290/SA290S13	SES162	-2.42289	-44.3548	-41.9319
BLOCK29/SES290/SA290S13	SES177	-1.23577	-43.1677	-41.9319
BLOCK29/SES290/SA290S13	SES180	-2.23381	-44.1657	-41.9319
BLOCK29/SES290/SA290S22	SES177	-1.29967	-42.6572	-41.3575
BLOCK29/SES290/SA290S22	SES180	-1.78897	-43.1465	-41.3575
BLOCK29/SES290/SA290S22	SES202	-1.66042	-43.0179	-41.3575
BLOCK29/SES290/SA290S22	SES292	-2.30564	-43.6632	-41.3575
BLOCK29/SES290/SA290S25	SES162	-1.56549	-42.9904	-41.4249
BLOCK29/SES290/SA290S25	SES177	-0.865723	-42.2906	-41.4249
BLOCK29/SES290/SA290S25	SES180	-1.69774	-43.1226	-41.4249
BLOCK29/SES290/SA290S25	SES292	-1.73612	-43.161	-41.4249
BLOCK29/SES290/SA290S29	SES177	-0.343922	-41.7475	-41.4036
BLOCK29/SES290/SA290S29	SES180	-1.13381	-42.5374	-41.4036
BLOCK29/SES290/SA290S29	SES275	-1.72178	-43.1254	-41.4036
BLOCK29/SES290/SA290S29	SES292	-1.25924	-42.6629	-41.4036
BLOCK29/SES291/SA291S11	SES105	-2.45373	-44.8088	-42.3551
BLOCK29/SES291/SA291S11	SES125	-1.19198	-43.5471	-42.3551
BLOCK29/SES291/SA291S11	SES158	-0.86158	-43.2167	-42.3551
BLOCK29/SES291/SA291S11	SES275	-3.40968	-45.7648	-42.3551
BLOCK29/SES291/SA291S12	SES158	0.14069	-41.8082	-41.9489
BLOCK29/SES291/SA291S12	SES226	-1.02699	-42.9759	-41.9489
BLOCK29/SES291/SA291S12	SES270	0.149071	-41.7998	-41.9489
BLOCK29/SES291/SA291S12	SES275	-3.69932	-45.6482	-41.9489
BLOCK29/SES291/SA291S22	SES082	-0.851509	-42.8038	-41.9523
BLOCK29/SES291/SA291S22	SES158	-0.615654	-42.568	-41.9523
BLOCK29/SES291/SA291S22	SES259	-1.10932	-43.0616	-41.9523
BLOCK29/SES291/SA291S22	SES275	-2.99518	-44.9475	-41.9523
BLOCK29/SES291/SA291S24	SES104	-0.230629	-41.1782	-40.9476
BLOCK29/SES291/SA291S24	SES125	-0.209881	-41.1574	-40.9476
BLOCK29/SES291/SA291S24	SES158	-0.487286	-41.4348	-40.9476
BLOCK29/SES291/SA291S24	SES275	-3.34375	-44.2913	-40.9476
BLOCK29/SES291/SA291S27	SES158	-0.0649986	-41.1629	-41.0979
BLOCK29/SES291/SA291S27	SES172	-5.31734	-46.4153	-41.0979
BLOCK29/SES291/SA291S27	SES275	-3.80822	-44.9061	-41.0979
BLOCK29/SES291/SA291S27	SES292	-2.75917	-43.8571	-41.0979
