BLOCK00/SES002/SA002S12	SES002	1.25388	-38.5366	-39.7905
BLOCK00/SES002/SA002S13	SES002	1.48478	-38.7027	-40.1875
BLOCK00/SES002/SA002S23	SES002	1.41442	-38.0152	-39.4296
BLOCK00/SES002/SA002S26	SES002	1.61741	-38.1351	-39.7525
BLOCK00/SES002/SA002S28	SES002	1.15939	-38.5161	-39.6755
BLOCK00/SES007/SA007S14	SES007	1.04165	-37.8033	-38.845
BLOCK00/SES007/SA007S15	SES007	0.471966	-39.4424	-39.9144
BLOCK00/SES007/SA007S24	SES007	0.551102	-39.2766	-39.8277
BLOCK00/SES007/SA007S27	SES007	0.0783691	-40.1057	-40.1841
BLOCK00/SES007/SA007S29	SES007	0.156517	-38.6043	-38.7608
BLOCK00/SES008/SA008S11	SES008	1.03974	-38.9664	-40.0061
BLOCK00/SES008/SA008S12	SES008	0.334373	-39.8034	-40.1378
BLOCK00/SES008/SA008S19	SES008	1.42573	-38.3867	-39.8124
BLOCK00/SES008/SA008S22	SES008	1.12679	-39.4226	-40.5494
BLOCK00/SES008/SA008S29	SES008	0.938713	-38.7357	-39.6744
BLOCK01/SES014/SA014S10	SES014	1.45725	-38.5384	-39.9956
BLOCK01/SES014/SA014S12	SES014	2.38412	-36.3242	-38.7083
BLOCK01/SES014/SA014S24	SES014	1.10176	-38.5774	-39.6792
BLOCK01/SES014/SA014S26	SES014	2.39286	-36.1295	-38.5224
BLOCK01/SES014/SA014S28	SES014	2.33335	-36.7683	-39.1016
BLOCK01/SES016/SA016S12	SES016	1.50545	-40.2014	-41.7068
BLOCK01/SES016/SA016S13	SES016	0.710827	-39.5834	-40.2942
BLOCK01/SES016/SA016S22	SES016	0.222466	-40.3204	-40.5428
BLOCK01/SES016/SA016S25	SES016	1.54498	-37.124	-38.669
BLOCK01/SES016/SA016S27	SES016	1.36301	-37.6983	-39.0613
BLOCK01/SES019/SA019S13	SES019	2.81565	-38.7827	-41.5984
BLOCK01/SES019/SA019S14	SES019	1.73553	-39.0101	-40.7456
BLOCK01/SES019/SA019S22	SES019	2.44857	-38.5248	-40.9734
BLOCK01/SES019/SA019S25	SES019	2.34011	-39.0204	-41.3605
BLOCK01/SES019/SA019S29	SES019	3.25129	-38.3234	-41.5747
BLOCK02/SES029/SA029S11	SES029	0.848511	-38.9409	-39.7894
BLOCK02/SES029/SA029S12	SES029	-0.060688	-39.6301	-39.5694
BLOCK02/SES029/SA029S20	SES029	0.186707	-40.3806	-40.5673
BLOCK02/SES029/SA029S25	SES029	0.323753	-38.9927	-39.3165
BLOCK02/SES029/SA029S28	SES029	-0.155079	-39.9319	-39.7768
BLOCK04/SES042/SA042S12	SES042	2.07218	-37.0293	-39.1015
BLOCK04/SES042/SA042S15	SES042	2.07656	-37.6561	-39.7326
BLOCK04/SES042/SA042S22	SES042	2.52465	-35.9903	-38.515
BLOCK04/SES042/SA042S25	SES042	1.97432	-38.5124	-40.4867
BLOCK04/SES042/SA042S27	SES042	1.55465	-37.3729	-38.9275
BLOCK04/SES048/SA048S11	SES048	1.12815	-38.3636	-39.4918
BLOCK04/SES048/SA048S12	SES048	0.648121	-38.5883	-39.2364
BLOCK04/SES048/SA048S20	SES048	0.789486	-38.3956	-39.1851
BLOCK04/SES048/SA048S23	SES048	1.30854	-38.6798	-39.9883
BLOCK04/SES048/SA048S27	SES048	0.961243	-37.8138	-38.775
BLOCK06/SES060/SA060S11	SES060	1.36188	-38.496	-39.8578
BLOCK06/SES060/SA060S12	SES060	-1.00786	-40.6881	-39.6802
BLOCK06/SES060/SA060S22	SES060	-0.231556	-40.6438	-40.4122
BLOCK06/SES060/SA060S24	SES060	0.486378	-39.0297	-39.5161
BLOCK06/SES060/SA060S28	SES060	0.74062	-37.1728	-37.9134
BLOCK06/SES062/SA062S10	SES062	0.391682	-38.9295	-39.3212
BLOCK06/SES062/SA062S11	SES062	0.95192	-38.391	-39.3429
BLOCK06/SES062/SA062S21	SES062	1.58412	-36.4811	-38.0652
BLOCK06/SES062/SA062S26	SES062	0.520386	-38.1385	-38.6588
BLOCK06/SES062/SA062S29	SES062	1.17212	-37.3029	-38.475
BLOCK06/SES068/SA068S14	SES068	0.16486	-39.1926	-39.3575
BLOCK06/SES068/SA068S15	SES068	0.93259	-37.7153	-38.6479
BLOCK06/SES068/SA068S23	SES068	0.714336	-39.3721	-40.0864
BLOCK06/SES068/SA068S27	SES068	0.926247	-38.071	-38.9972
BLOCK06/SES068/SA068S29	SES068	0.59248	-38.7537	-39.3462
BLOCK08/SES082/SA082S12	SES082	0.111729	-40.4297	-40.5415
BLOCK08/SES082/SA082S14	SES082	0.00356674	-40.5771	-40.5807
BLOCK08/SES082/SA082S21	SES082	0.812904	-39.4692	-40.2821
BLOCK08/SES082/SA082S24	SES082	0.789814	-39.1156	-39.9054
BLOCK08/SES082/SA082S28	SES082	0.519997	-39.6628	-40.1828
BLOCK08/SES083/SA083S14	SES083	-1.0591	-40.3639	-39.3048
BLOCK08/SES083/SA083S15	SES083	-0.674099	-40.0778	-39.4037
BLOCK08/SES083/SA083S24	SES083	-0.073143	-39.6965	-39.6233
BLOCK08/SES083/SA083S26	SES083	0.425076	-39.239	-39.6641
BLOCK08/SES083/SA083S29	SES083	-0.664291	-39.7189	-39.0546
BLOCK08/SES085/SA085S10	SES085	-0.0718117	-39.4687	-39.3968
BLOCK08/SES085/SA085S13	SES085	-0.0543251	-39.9304	-39.8761
BLOCK08/SES085/SA085S22	SES085	-1.3061	-40.9666	-39.6605
BLOCK08/SES085/SA085S26	SES085	-1.10941	-40.3517	-39.2423
BLOCK08/SES085/SA085S28	SES085	0.480747	-39.0719	-39.5526
BLOCK08/SES087/SA087S15	SES087	1.3793	-38.9199	-40.2992
BLOCK08/SES087/SA087S16	SES087	1.49214	-38.5537	-40.0459
BLOCK08/SES087/SA087S24	SES087	1.34766	-38.6368	-39.9845
BLOCK08/SES087/SA087S26	SES087	1.25099	-37.6315	-38.8825
BLOCK08/SES087/SA087S29	SES087	1.59013	-38.6586	-40.2487
BLOCK09/SES099/SA099S15	SES099	0.75806	-39.7176	-40.4757
BLOCK09/SES099/SA099S16	SES099	0.974525	-39.3287	-40.3033
BLOCK09/SES099/SA099S24	SES099	1.07104	-38.5195	-39.5905
BLOCK09/SES099/SA099S26	SES099	1.16942	-38.6362	-39.8056
BLOCK09/SES099/SA099S29	SES099	1.17823	-38.664	-39.8422
BLOCK10/SES101/SA101S11	SES101	0.192123	-39.0739	-39.266
BLOCK10/SES101/SA101S13	SES101	0.781891	-38.2061	-38.988
BLOCK10/SES101/SA101S22	SES101	0.392662	-39.8413	-40.234
BLOCK10/SES101/SA101S24	SES101	1.01508	-38.7038	-39.7188
BLOCK10/SES101/SA101S28	SES101	0.132359	-39.8285	-39.9608
BLOCK10/SES104/SA104S11	SES104	1.05705	-37.7424	-38.7995
BLOCK10/SES104/SA104S12	SES104	1.42039	-37.7064	-39.1268
BLOCK10/SES104/SA104S21	SES104	1.15947	-38.562	-39.7215
BLOCK10/SES104/SA104S24	SES104	0.761902	-39.0248	-39.7867
BLOCK10/SES104/SA104S28	SES104	0.982204	-38.3652	-39.3474
BLOCK10/SES105/SA105S12	SES105	0.561405	-39.9535	-40.5149
BLOCK10/SES105/SA105S13	SES105	0.804871	-39.5258	-40.3307
BLOCK10/SES105/SA105S22	SES105	0.24128	-40.6891	-40.9304
BLOCK10/SES105/SA105S26	SES105	1.13596	-39.4881	-40.624
BLOCK10/SES105/SA105S29	SES105	0.542889	-39.6381	-40.181
BLOCK10/SES106/SA106S09	SES106	1.50793	-39.5859	-41.0939
BLOCK10/SES106/SA106S11	SES106	1.41209	-38.1468	-39.5588
BLOCK10/SES106/SA106S22	SES106	2.41613	-38.102	-40.5181
BLOCK10/SES106/SA106S27	SES106	1.08695	-38.8236	-39.9105
BLOCK10/SES106/SA106S29	SES106	0.873104	-38.8345	-39.7076
BLOCK11/SES117/SA117S12	SES117	0.609112	-39.9712	-40.5803
BLOCK11/SES117/SA117S13	SES117	0.300556	-39.4306	-39.7311
BLOCK11/SES117/SA117S23	SES117	1.05647	-40.4429	-41.4994
BLOCK11/SES117/SA117S25	SES117	0.627991	-40.4627	-41.0907
BLOCK11/SES117/SA117S28	SES117	0.869839	-40.2013	-41.0711
BLOCK12/SES120/SA120S08	SES120	0.580517	-41.0318	-41.6123
BLOCK12/SES120/SA120S11	SES120	0.692905	-41.8967	-42.5896
BLOCK12/SES120/SA120S22	SES120	0.12151	-39.7234	-39.8449
BLOCK12/SES120/SA120S24	SES120	0.399006	-39.6887	-40.0877
BLOCK12/SES120/SA120S28	SES120	0.189922	-41.1883	-41.3783
BLOCK12/SES125/SA125S13	SES125	1.93655	-37.7296	-39.6661
BLOCK12/SES125/SA125S14	SES125	0.920876	-38.6926	-39.6135
BLOCK12/SES125/SA125S25	SES125	1.75989	-38.0452	-39.8051
BLOCK12/SES125/SA125S27	SES125	1.33969	-37.641	-38.9806
BLOCK12/SES125/SA125S29	SES125	1.72064	-37.8682	-39.5888
BLOCK12/SES127/SA127S11	SES127	0.826023	-38.7541	-39.5801
BLOCK12/SES127/SA127S12	SES127	-0.645622	-39.557	-38.9114
BLOCK12/SES127/SA127S23	SES127	-0.197571	-39.6753	-39.4777
BLOCK12/SES127/SA127S25	SES127	-0.0706291	-39.5439	-39.4733
BLOCK12/SES127/SA127S27	SES127	0.362534	-38.9647	-39.3272
BLOCK12/SES129/SA129S11	SES129	1.16783	-37.9985	-39.1664
BLOCK12/SES129/SA129S12	SES129	0.670219	-37.9419	-38.6121
BLOCK12/SES129/SA129S22	SES129	0.822956	-38.4954	-39.3184
BLOCK12/SES129/SA129S27	SES129	1.18455	-37.8949	-39.0795
BLOCK12/SES129/SA129S29	SES129	0.964516	-38.0374	-39.0019
BLOCK14/SES142/SA142S11	SES142	1.24353	-39.3597	-40.6032
BLOCK14/SES142/SA142S12	SES142	1.11517	-39.6692	-40.7843
BLOCK14/SES142/SA142S24	SES142	1.32389	-39.1657	-40.4896
BLOCK14/SES142/SA142S27	SES142	2.02659	-38.6288	-40.6554
BLOCK14/SES142/SA142S29	SES142	2.13826	-38.0738	-40.212
BLOCK14/SES143/SA143S12	SES143	0.950314	-39.5085	-40.4588
BLOCK14/SES143/SA143S13	SES143	0.579754	-39.9024	-40.4821
BLOCK14/SES143/SA143S23	SES143	0.95628	-39.77	-40.7262
BLOCK14/SES143/SA143S25	SES143	0.711765	-39.7088	-40.4206
BLOCK14/SES143/SA143S28	SES143	0.796387	-39.099	-39.8954
BLOCK14/SES144/SA144S09	SES144	0.622448	-39.1697	-39.7921
BLOCK14/SES144/SA144S11	SES144	0.447659	-40.5074	-40.955
BLOCK14/SES144/SA144S21	SES144	-0.274151	-40.4055	-40.1314
BLOCK14/SES144/SA144S25	SES144	0.428734	-39.8	-40.2288
BLOCK14/SES144/SA144S29	SES144	-0.0666733	-40.1254	-40.0588
BLOCK14/SES146/SA146S14	SES146	0.393742	-40.1499	-40.5436
BLOCK14/SES146/SA146S15	SES146	0.243267	-39.8017	-40.045
BLOCK14/SES146/SA146S24	SES146	0.353016	-39.9591	-40.3121
BLOCK14/SES146/SA146S26	SES146	0.884453	-39.9269	-40.8114
BLOCK14/SES146/SA146S29	SES146	0.144424	-40.8266	-40.971
BLOCK14/SES147/SA147S11	SES147	0.60173	-40.039	-40.6408
BLOCK14/SES147/SA147S13	SES147	1.41649	-38.4113	-39.8278
BLOCK14/SES147/SA147S23	SES147	0.657082	-39.9125	-40.5696
BLOCK14/SES147/SA147S26	SES147	0.449566	-39.8707	-40.3203
BLOCK14/SES147/SA147S28	SES147	1.01945	-39.0412	-40.0607
BLOCK14/SES148/SA148S10	SES148	-nan	-nan	-39.5427
BLOCK14/SES148/SA148S12	SES148	-nan	-nan	-40.1321
BLOCK14/SES148/SA148S22	SES148	-nan	-nan	-38.8448
BLOCK14/SES148/SA148S26	SES148	-nan	-nan	-39.3893
BLOCK14/SES148/SA148S29	SES148	-nan	-nan	-39.8785
BLOCK14/SES149/SA149S13	SES149	0.043705	-39.5531	-39.5968
BLOCK14/SES149/SA149S14	SES149	0.500946	-38.9086	-39.4095
BLOCK14/SES149/SA149S24	SES149	1.38116	-38.3383	-39.7194
BLOCK14/SES149/SA149S26	SES149	1.29162	-38.125	-39.4166
BLOCK14/SES149/SA149S28	SES149	1.43237	-37.3327	-38.765
BLOCK15/SES158/SA158S13	SES158	1.00811	-39.5891	-40.5973
BLOCK15/SES158/SA158S14	SES158	1.68396	-38.8355	-40.5195
BLOCK15/SES158/SA158S23	SES158	0.882767	-39.2521	-40.1349
BLOCK15/SES158/SA158S26	SES158	1.61863	-38.626	-40.2446
BLOCK15/SES158/SA158S28	SES158	0.408092	-39.9933	-40.4014
BLOCK16/SES162/SA162S10	SES162	0.718693	-40.1487	-40.8674
BLOCK16/SES162/SA162S11	SES162	0.711037	-39.3061	-40.0171
BLOCK16/SES162/SA162S21	SES162	1.35593	-39.0305	-40.3864
BLOCK16/SES162/SA162S24	SES162	0.804207	-39.5635	-40.3677
BLOCK16/SES162/SA162S27	SES162	0.891991	-39.8551	-40.7471
BLOCK16/SES167/SA167S14	SES167	0.566139	-38.3733	-38.9395
BLOCK16/SES167/SA167S15	SES167	1.20259	-38.9123	-40.1149
BLOCK16/SES167/SA167S21	SES167	0.966022	-37.8784	-38.8444
BLOCK16/SES167/SA167S25	SES167	1.32085	-38.8442	-40.1651
BLOCK16/SES167/SA167S29	SES167	1.77491	-37.3213	-39.0962
BLOCK17/SES172/SA172S12	SES172	1.06484	-38.9219	-39.9867
BLOCK17/SES172/SA172S13	SES172	1.5077	-38.8451	-40.3528
BLOCK17/SES172/SA172S23	SES172	0.221954	-38.3547	-38.5767
BLOCK17/SES172/SA172S27	SES172	0.553539	-39.3319	-39.8855
BLOCK17/SES172/SA172S29	SES172	1.50502	-38.5947	-40.0997
BLOCK17/SES175/SA175S11	SES175	1.03881	-38.7253	-39.7641
BLOCK17/SES175/SA175S13	SES175	1.02597	-39.0402	-40.0661
BLOCK17/SES175/SA175S23	SES175	1.22522	-39.1574	-40.3826
BLOCK17/SES175/SA175S25	SES175	0.539925	-40.8761	-41.416
BLOCK17/SES175/SA175S28	SES175	1.27755	-38.6723	-39.9498
BLOCK17/SES177/SA177S15	SES177	-0.0555916	-39.8516	-39.796
BLOCK17/SES177/SA177S17	SES177	0.282352	-39.5442	-39.8265
BLOCK17/SES177/SA177S23	SES177	-0.366066	-40.3044	-39.9383
BLOCK17/SES177/SA177S26	SES177	0.465771	-37.9686	-38.4344
BLOCK17/SES177/SA177S28	SES177	0.504982	-38.3841	-38.8891
BLOCK18/SES180/SA180S13	SES180	0.383224	-39.3971	-39.7803
BLOCK18/SES180/SA180S15	SES180	0.583549	-39.6269	-40.2105
BLOCK18/SES180/SA180S24	SES180	0.644363	-38.3329	-38.9773
BLOCK18/SES180/SA180S26	SES180	0.882874	-38.8166	-39.6994
BLOCK18/SES180/SA180S29	SES180	0.742146	-39.4543	-40.1964
BLOCK18/SES183/SA183S13	SES183	0.742588	-40.0672	-40.8098
BLOCK18/SES183/SA183S14	SES183	0.547592	-40.0681	-40.6157
BLOCK18/SES183/SA183S24	SES183	0.740997	-39.8671	-40.6081
BLOCK18/SES183/SA183S27	SES183	0.896862	-39.2789	-40.1758
BLOCK18/SES183/SA183S29	SES183	0.964233	-39.1724	-40.1366
BLOCK18/SES187/SA187S13	SES187	0.683029	-40.4761	-41.1591
BLOCK18/SES187/SA187S14	SES187	0.666359	-40.0534	-40.7198
BLOCK18/SES187/SA187S24	SES187	0.918053	-39.5748	-40.4928
BLOCK18/SES187/SA187S27	SES187	1.04145	-39.2081	-40.2496
BLOCK18/SES187/SA187S29	SES187	0.838772	-40.0344	-40.8732
BLOCK18/SES189/SA189S10	SES189	1.11039	-41.3527	-42.4631
BLOCK18/SES189/SA189S13	SES189	1.83211	-41.3721	-43.2042
BLOCK18/SES189/SA189S24	SES189	1.1523	-40.6396	-41.7919
BLOCK18/SES189/SA189S26	SES189	0.811142	-40.5052	-41.3163
BLOCK18/SES189/SA189S29	SES189	1.37835	-40.3334	-41.7117
BLOCK20/SES202/SA202S12	SES202	1.10283	-40.0997	-41.2025
BLOCK20/SES202/SA202S14	SES202	2.05437	-38.4715	-40.5259
BLOCK20/SES202/SA202S24	SES202	1.35994	-39.23	-40.59
BLOCK20/SES202/SA202S27	SES202	1.5946	-37.7564	-39.351
BLOCK20/SES202/SA202S29	SES202	1.84852	-38.0209	-39.8694
BLOCK20/SES206/SA206S15	SES206	0.000419617	-39.0751	-39.0756
BLOCK20/SES206/SA206S17	SES206	1.20325	-37.9444	-39.1476
BLOCK20/SES206/SA206S24	SES206	1.2714	-37.9025	-39.1739
BLOCK20/SES206/SA206S27	SES206	1.58587	-38.4924	-40.0782
BLOCK20/SES206/SA206S29	SES206	1.48431	-37.2621	-38.7464
BLOCK22/SES226/SA226S12	SES226	1.2424	-39.2992	-40.5416
BLOCK22/SES226/SA226S13	SES226	-0.022934	-40.2038	-40.1809
BLOCK22/SES226/SA226S20	SES226	1.16052	-39.3769	-40.5374
BLOCK22/SES226/SA226S23	SES226	1.30244	-38.7241	-40.0265
BLOCK22/SES226/SA226S28	SES226	1.61584	-38.4737	-40.0896
BLOCK25/SES259/SA259S13	SES259	2.68016	-37.3807	-40.0609
BLOCK25/SES259/SA259S14	SES259	1.60089	-38.3759	-39.9768
BLOCK25/SES259/SA259S22	SES259	1.25311	-38.3603	-39.6134
BLOCK25/SES259/SA259S24	SES259	1.83705	-37.471	-39.3081
BLOCK25/SES259/SA259S28	SES259	1.67719	-37.6651	-39.3423
BLOCK27/SES270/SA270S14	SES270	1.99423	-39.3386	-41.3328
BLOCK27/SES270/SA270S16	SES270	0.335354	-39.6713	-40.0067
BLOCK27/SES270/SA270S22	SES270	2.29612	-38.3872	-40.6833
BLOCK27/SES270/SA270S26	SES270	1.24726	-39.7905	-41.0378
BLOCK27/SES270/SA270S28	SES270	1.09555	-38.8823	-39.9778
BLOCK27/SES275/SA275S17	SES275	0.941902	-39.9653	-40.9072
BLOCK27/SES275/SA275S18	SES275	0.0979881	-39.9161	-40.0141
BLOCK27/SES275/SA275S24	SES275	0.409828	-40.7732	-41.183
BLOCK27/SES275/SA275S26	SES275	0.863972	-39.0989	-39.9629
BLOCK27/SES275/SA275S28	SES275	0.327076	-39.5552	-39.8823
BLOCK29/SES292/SA292S10	SES292	0.23127	-39.9627	-40.1939
BLOCK29/SES292/SA292S12	SES292	-0.13932	-40.7137	-40.5744
BLOCK29/SES292/SA292S22	SES292	0.279953	-39.0761	-39.3561
BLOCK29/SES292/SA292S24	SES292	0.137333	-39.4351	-39.5725
BLOCK29/SES292/SA292S27	SES292	0.0605507	-39.1709	-39.2314
BLOCK00/SES001/SA001S14	SES062	-1.38983	-41.6354	-40.2455
BLOCK00/SES001/SA001S14	SES082	-1.05502	-41.3005	-40.2455
BLOCK00/SES001/SA001S14	SES106	-0.857433	-41.103	-40.2455
BLOCK00/SES001/SA001S14	SES206	-0.941322	-41.1869	-40.2455
BLOCK00/SES001/SA001S15	SES062	-1.24069	-40.5372	-39.2965
BLOCK00/SES001/SA001S15	SES104	-1.57866	-40.8751	-39.2965
BLOCK00/SES001/SA001S15	SES106	-0.899757	-40.1962	-39.2965
BLOCK00/SES001/SA001S15	SES206	-0.766636	-40.0631	-39.2965
BLOCK00/SES001/SA001S24	SES062	-2.00629	-42.4412	-40.4349
BLOCK00/SES001/SA001S24	SES082	-1.82627	-42.2612	-40.4349
BLOCK00/SES001/SA001S24	SES087	-1.36086	-41.7958	-40.4349
BLOCK00/SES001/SA001S24	SES206	-1.40125	-41.8362	-40.4349
BLOCK00/SES001/SA001S27	SES062	-1.542	-40.8743	-39.3323
BLOCK00/SES001/SA001S27	SES082	-1.73263	-41.0649	-39.3323
BLOCK00/SES001/SA001S27	SES087	-1.75142	-41.0837	-39.3323
BLOCK00/SES001/SA001S27	SES206	-1.65379	-40.9861	-39.3323
BLOCK00/SES001/SA001S29	SES062	-2.52961	-42.9747	-40.4451
BLOCK00/SES001/SA001S29	SES082	-1.07549	-41.5206	-40.4451
BLOCK00/SES001/SA001S29	SES158	-0.801907	-41.247	-40.4451
BLOCK00/SES001/SA001S29	SES206	-1.34372	-41.7888	-40.4451
BLOCK00/SES003/SA003S11	SES002	-0.676918	-40.7257	-40.0488
BLOCK00/SES003/SA003S11	SES019	-0.959118	-41.0079	-40.0488
BLOCK00/SES003/SA003S11	SES082	0.140041	-39.9087	-40.0488
BLOCK00/SES003/SA003S11	SES125	-0.824791	-40.8736	-40.0488
BLOCK00/SES003/SA003S15	SES016	-2.11259	-41.9733	-39.8607
BLOCK00/SES003/SA003S15	SES019	-1.6209	-41.4816	-39.8607
BLOCK00/SES003/SA003S15	SES062	-1.37234	-41.233	-39.8607
BLOCK00/SES003/SA003S15	SES206	-0.646835	-40.5075	-39.8607
BLOCK00/SES003/SA003S22	SES002	-0.969627	-40.841	-39.8713
BLOCK00/SES003/SA003S22	SES062	-0.560982	-40.4323	-39.8713
BLOCK00/SES003/SA003S22	SES082	-0.452374	-40.3237	-39.8713
BLOCK00/SES003/SA003S22	SES087	-0.499397	-40.3707	-39.8713
BLOCK00/SES003/SA003S25	SES062	-1.98531	-42.1569	-40.1716
BLOCK00/SES003/SA003S25	SES082	-0.231567	-40.4032	-40.1716
BLOCK00/SES003/SA003S25	SES087	-0.500126	-40.6718	-40.1716
BLOCK00/SES003/SA003S25	SES206	-0.857605	-41.0292	-40.1716
BLOCK00/SES003/SA003S29	SES002	-0.981705	-41.1641	-40.1824
BLOCK00/SES003/SA003S29	SES062	-1.84589	-42.0283	-40.1824
BLOCK00/SES003/SA003S29	SES082	-0.400398	-40.5828	-40.1824
BLOCK00/SES003/SA003S29	SES087	-1.30089	-41.4833	-40.1824
BLOCK00/SES004/SA004S12	SES083	-2.88545	-43.4304	-40.5449
BLOCK00/SES004/SA004S12	SES148	-nan	-nan	-40.5449
BLOCK00/SES004/SA004S12	SES172	-1.4565	-42.0014	-40.5449
BLOCK00/SES004/SA004S12	SES292	-1.92733	-42.4722	-40.5449
BLOCK00/SES004/SA004S17	SES083	-2.53835	-43.3358	-40.7975
BLOCK00/SES004/SA004S17	SES162	-0.915306	-41.7128	-40.7975
BLOCK00/SES004/SA004S17	SES172	-1.49403	-42.2915	-40.7975
BLOCK00/SES004/SA004S17	SES292	-1.90926	-42.7068	-40.7975
BLOCK00/SES004/SA004S24	SES083	-2.299	-42.4573	-40.1583
BLOCK00/SES004/SA004S24	SES148	-nan	-nan	-40.1583
BLOCK00/SES004/SA004S24	SES172	-1.2403	-41.3986	-40.1583
BLOCK00/SES004/SA004S24	SES292	-1.6659	-41.8242	-40.1583
BLOCK00/SES004/SA004S26	SES083	-2.10067	-42.2457	-40.1451
BLOCK00/SES004/SA004S26	SES127	-1.59974	-41.7448	-40.1451
BLOCK00/SES004/SA004S26	SES148	-nan	-nan	-40.1451
BLOCK00/SES004/SA004S26	SES292	-1.7232	-41.8683	-40.1451
BLOCK00/SES004/SA004S28	SES083	-2.68674	-42.0282	-39.3414
BLOCK00/SES004/SA004S28	SES127	-2.33036	-41.6718	-39.3414
BLOCK00/SES004/SA004S28	SES187	-1.46105	-40.8025	-39.3414
BLOCK00/SES004/SA004S28	SES292	-2.60052	-41.942	-39.3414
BLOCK00/SES006/SA006S10	SES014	-2.56808	-45.1128	-42.5447
BLOCK00/SES006/SA006S10	SES158	-0.475807	-43.0205	-42.5447
BLOCK00/SES006/SA006S10	SES226	-3.03382	-45.5785	-42.5447
BLOCK00/SES006/SA006S10	SES270	-0.120541	-42.6652	-42.5447
BLOCK00/SES006/SA006S11	SES158	-0.473572	-42.6812	-42.2076
BLOCK00/SES006/SA006S11	SES226	-1.99486	-44.2025	-42.2076
BLOCK00/SES006/SA006S11	SES270	-0.39603	-42.6037	-42.2076
BLOCK00/SES006/SA006S11	SES275	-2.14425	-44.3519	-42.2076
BLOCK00/SES006/SA006S23	SES062	-1.47264	-42.5861	-41.1134
BLOCK00/SES006/SA006S23	SES105	-1.74828	-42.8617	-41.1134
BLOCK00/SES006/SA006S23	SES158	-0.441517	-41.5549	-41.1134
BLOCK00/SES006/SA006S23	SES275	-1.31387	-42.4273	-41.1134
BLOCK00/SES006/SA006S26	SES104	-1.93928	-42.6721	-40.7328
BLOCK00/SES006/SA006S26	SES158	0.0785866	-40.6543	-40.7328
BLOCK00/SES006/SA006S26	SES270	0.00329971	-40.7295	-40.7328
BLOCK00/SES006/SA006S26	SES275	-2.31927	-43.0521	-40.7328
BLOCK00/SES006/SA006S28	SES007	-1.58207	-43.3144	-41.7323
BLOCK00/SES006/SA006S28	SES105	-2.32473	-44.0571	-41.7323
BLOCK00/SES006/SA006S28	SES158	-1.04324	-42.7756	-41.7323
BLOCK00/SES006/SA006S28	SES275	-2.46108	-44.1934	-41.7323
BLOCK00/SES009/SA009S12	SES083	-2.39829	-41.9873	-39.589
BLOCK00/SES009/SA009S12	SES148	-nan	-nan	-39.589
BLOCK00/SES009/SA009S12	SES177	-1.88317	-41.4721	-39.589
BLOCK00/SES009/SA009S12	SES292	-1.34966	-40.9386	-39.589
BLOCK00/SES009/SA009S15	SES007	-0.278133	-38.9925	-38.7144
BLOCK00/SES009/SA009S15	SES099	-2.56563	-41.28	-38.7144
BLOCK00/SES009/SA009S15	SES148	-nan	-nan	-38.7144
BLOCK00/SES009/SA009S15	SES172	-2.32965	-41.044	-38.7144
BLOCK00/SES009/SA009S24	SES146	-1.22994	-40.3073	-39.0773
BLOCK00/SES009/SA009S24	SES148	-nan	-nan	-39.0773
BLOCK00/SES009/SA009S24	SES177	-1.5896	-40.6669	-39.0773
BLOCK00/SES009/SA009S24	SES292	-1.36834	-40.4457	-39.0773
BLOCK00/SES009/SA009S26	SES083	-2.16919	-41.9043	-39.7351
BLOCK00/SES009/SA009S26	SES101	-1.88922	-41.6243	-39.7351
BLOCK00/SES009/SA009S26	SES120	-1.42942	-41.1645	-39.7351
BLOCK00/SES009/SA009S26	SES177	-2.28232	-42.0174	-39.7351
BLOCK00/SES009/SA009S29	SES083	-1.53071	-40.5967	-39.066
BLOCK00/SES009/SA009S29	SES101	-1.39196	-40.458	-39.066
BLOCK00/SES009/SA009S29	SES177	-1.58714	-40.6531	-39.066
BLOCK00/SES009/SA009S29	SES292	-1.2481	-40.3141	-39.066
BLOCK01/SES011/SA011S10	SES019	-1.08045	-41.5062	-40.4257
BLOCK01/SES011/SA011S10	SES042	-0.859863	-41.2856	-40.4257
BLOCK01/SES011/SA011S10	SES082	-2.3729	-42.7986	-40.4257
BLOCK01/SES011/SA011S10	SES206	-1.09731	-41.523	-40.4257
BLOCK01/SES011/SA011S11	SES019	-0.994236	-42.0258	-41.0316
BLOCK01/SES011/SA011S11	SES042	-1.02251	-42.0541	-41.0316
BLOCK01/SES011/SA011S11	SES082	-2.03991	-43.0715	-41.0316
BLOCK01/SES011/SA011S11	SES206	-0.582993	-41.6146	-41.0316
BLOCK01/SES011/SA011S22	SES019	-0.340992	-41.1167	-40.7757
BLOCK01/SES011/SA011S22	SES042	-0.42477	-41.2005	-40.7757
BLOCK01/SES011/SA011S22	SES082	-1.44144	-42.2171	-40.7757
BLOCK01/SES011/SA011S22	SES206	-0.828018	-41.6037	-40.7757
BLOCK01/SES011/SA011S24	SES019	-1.05554	-41.1208	-40.0653
BLOCK01/SES011/SA011S24	SES042	-0.53479	-40.6001	-40.0653
BLOCK01/SES011/SA011S24	SES104	-1.75922	-41.8245	-40.0653
BLOCK01/SES011/SA011S24	SES206	-0.473923	-40.5392	-40.0653
BLOCK01/SES011/SA011S27	SES082	-0.25132	-39.9893	-39.738
BLOCK01/SES011/SA011S27	SES087	-0.931519	-40.6695	-39.738
BLOCK01/SES011/SA011S27	SES125	-0.709709	-40.4477	-39.738
BLOCK01/SES011/SA011S27	SES206	-0.199169	-39.9371	-39.738
BLOCK01/SES012/SA012S11	SES007	-0.958725	-39.5688	-38.6101
BLOCK01/SES012/SA012S11	SES082	-1.48999	-40.1001	-38.6101
BLOCK01/SES012/SA012S11	SES083	-1.53974	-40.1499	-38.6101
BLOCK01/SES012/SA012S11	SES206	-1.39512	-40.0052	-38.6101
BLOCK01/SES012/SA012S14	SES082	-1.12875	-40.6878	-39.5591
BLOCK01/SES012/SA012S14	SES087	-1.53881	-41.0979	-39.5591
BLOCK01/SES012/SA012S14	SES206	-0.900551	-40.4596	-39.5591
BLOCK01/SES012/SA012S14	SES292	-1.6475	-41.2066	-39.5591
BLOCK01/SES012/SA012S24	SES082	-0.361736	-40.8026	-40.4409
BLOCK01/SES012/SA012S24	SES087	-1.45529	-41.8962	-40.4409
BLOCK01/SES012/SA012S24	SES120	-2.77374	-43.2146	-40.4409
BLOCK01/SES012/SA012S24	SES206	-0.615421	-41.0563	-40.4409
BLOCK01/SES012/SA012S26	SES019	-2.42126	-42.1804	-39.7591
BLOCK01/SES012/SA012S26	SES082	-1.6288	-41.3879	-39.7591
BLOCK01/SES012/SA012S26	SES206	-0.528904	-40.288	-39.7591
BLOCK01/SES012/SA012S26	SES292	-1.85422	-41.6133	-39.7591
BLOCK01/SES012/SA012S29	SES062	-1.36683	-40.5899	-39.2231
BLOCK01/SES012/SA012S29	SES082	-1.56895	-40.792	-39.2231
BLOCK01/SES012/SA012S29	SES083	-1.93985	-41.1629	-39.2231
BLOCK01/SES012/SA012S29	SES206	-1.49416	-40.7172	-39.2231
BLOCK01/SES013/SA013S16	SES062	-2.11694	-42.1833	-40.0664
BLOCK01/SES013/SA013S16	SES106	-0.70826	-40.7746	-40.0664
BLOCK01/SES013/SA013S16	SES206	-1.10334	-41.1697	-40.0664
BLOCK01/SES013/SA013S16	SES226	-0.494331	-40.5607	-40.0664
BLOCK01/SES013/SA013S17	SES062	-1.58829	-40.9049	-39.3167
BLOCK01/SES013/SA013S17	SES106	-1.10904	-40.4257	-39.3167
BLOCK01/SES013/SA013S17	SES206	-0.507259	-39.8239	-39.3167
BLOCK01/SES013/SA013S17	SES226	-0.084137	-39.4008	-39.3167
BLOCK01/SES013/SA013S23	SES104	-1.31768	-41.5353	-40.2176
BLOCK01/SES013/SA013S23	SES106	-0.428051	-40.6457	-40.2176
BLOCK01/SES013/SA013S23	SES206	-0.854271	-41.0719	-40.2176
BLOCK01/SES013/SA013S23	SES270	-0.172714	-40.3904	-40.2176
BLOCK01/SES013/SA013S25	SES042	-1.69566	-41.3744	-39.6787
BLOCK01/SES013/SA013S25	SES104	-0.858257	-40.537	-39.6787
BLOCK01/SES013/SA013S25	SES106	-0.1852	-39.8639	-39.6787
BLOCK01/SES013/SA013S25	SES206	-0.728203	-40.4069	-39.6787
BLOCK01/SES013/SA013S29	SES062	-2.1719	-42.0564	-39.8845
BLOCK01/SES013/SA013S29	SES104	-1.72921	-41.6137	-39.8845
BLOCK01/SES013/SA013S29	SES106	-0.621468	-40.5059	-39.8845
BLOCK01/SES013/SA013S29	SES206	-1.33066	-41.2151	-39.8845
BLOCK02/SES021/SA021S13	SES016	-2.04541	-41.1483	-39.1029
BLOCK02/SES021/SA021S13	SES029	-1.75071	-40.8536	-39.1029
BLOCK02/SES021/SA021S13	SES087	-1.40033	-40.5032	-39.1029
BLOCK02/SES021/SA021S13	SES206	-0.24065	-39.3435	-39.1029
BLOCK02/SES021/SA021S15	SES087	-0.468784	-38.6159	-38.1472
BLOCK02/SES021/SA021S15	SES125	-0.634979	-38.7821	-38.1472
BLOCK02/SES021/SA021S15	SES206	-0.115891	-38.2631	-38.1472
BLOCK02/SES021/SA021S15	SES226	-1.33749	-39.4846	-38.1472
BLOCK02/SES021/SA021S23	SES062	-2.55535	-42.6431	-40.0878
BLOCK02/SES021/SA021S23	SES087	-1.08537	-41.1732	-40.0878
BLOCK02/SES021/SA021S23	SES206	-1.10153	-41.1893	-40.0878
BLOCK02/SES021/SA021S23	SES226	-0.962223	-41.05	-40.0878
BLOCK02/SES021/SA021S27	SES002	-0.947392	-39.8478	-38.9004
BLOCK02/SES021/SA021S27	SES016	-3.53733	-42.4378	-38.9004
BLOCK02/SES021/SA021S27	SES019	-1.8481	-40.7485	-38.9004
BLOCK02/SES021/SA021S27	SES062	-1.3812	-40.2816	-38.9004
BLOCK02/SES021/SA021S29	SES087	-1.20364	-39.8848	-38.6811
BLOCK02/SES021/SA021S29	SES125	-0.64465	-39.3258	-38.6811
BLOCK02/SES021/SA021S29	SES206	-0.424076	-39.1052	-38.6811
BLOCK02/SES021/SA021S29	SES226	-0.985916	-39.667	-38.6811
BLOCK04/SES043/SA043S09	SES083	-2.39285	-43.3467	-40.9539
BLOCK04/SES043/SA043S09	SES101	-1.96634	-42.9202	-40.9539
BLOCK04/SES043/SA043S09	SES144	-0.588753	-41.5426	-40.9539
BLOCK04/SES043/SA043S09	SES172	-2.2168	-43.1707	-40.9539
BLOCK04/SES043/SA043S11	SES083	-0.839195	-40.5554	-39.7162
BLOCK04/SES043/SA043S11	SES101	-1.42134	-41.1376	-39.7162
BLOCK04/SES043/SA043S11	SES144	-0.436218	-40.1525	-39.7162
BLOCK04/SES043/SA043S11	SES172	-1.2141	-40.9303	-39.7162
BLOCK04/SES043/SA043S23	SES083	-1.07017	-41.1031	-40.0329
BLOCK04/SES043/SA043S23	SES144	-0.269119	-40.302	-40.0329
BLOCK04/SES043/SA043S23	SES177	-2.00507	-42.038	-40.0329
BLOCK04/SES043/SA043S23	SES275	-0.49485	-40.5277	-40.0329
BLOCK04/SES043/SA043S26	SES083	-0.892021	-41.26	-40.368
BLOCK04/SES043/SA043S26	SES101	-1.45909	-41.8271	-40.368
BLOCK04/SES043/SA043S26	SES144	-0.628433	-40.9964	-40.368
BLOCK04/SES043/SA043S26	SES177	-1.22922	-41.5972	-40.368
BLOCK04/SES043/SA043S28	SES016	-1.46094	-41.1369	-39.676
BLOCK04/SES043/SA043S28	SES083	-0.738243	-40.4142	-39.676
BLOCK04/SES043/SA043S28	SES101	-0.951492	-40.6275	-39.676
BLOCK04/SES043/SA043S28	SES144	-0.816185	-40.4922	-39.676
BLOCK04/SES044/SA044S10	SES127	-2.34199	-45.3875	-43.0455
BLOCK04/SES044/SA044S10	SES144	-0.450729	-43.4963	-43.0455
BLOCK04/SES044/SA044S10	SES147	-1.73671	-44.7822	-43.0455
BLOCK04/SES044/SA044S10	SES148	-nan	-nan	-43.0455
BLOCK04/SES044/SA044S11	SES101	-1.91322	-43.9903	-42.0771
BLOCK04/SES044/SA044S11	SES144	-0.00806046	-42.0852	-42.0771
BLOCK04/SES044/SA044S11	SES147	-1.67728	-43.7544	-42.0771
BLOCK04/SES044/SA044S11	SES177	-1.57674	-43.6539	-42.0771
BLOCK04/SES044/SA044S24	SES007	-2.29704	-43.6839	-41.3869
BLOCK04/SES044/SA044S24	SES101	-1.20995	-42.5968	-41.3869
BLOCK04/SES044/SA044S24	SES147	-1.82357	-43.2105	-41.3869
BLOCK04/SES044/SA044S24	SES177	-1.37296	-42.7599	-41.3869
BLOCK04/SES044/SA044S26	SES007	-1.7533	-42.447	-40.6937
BLOCK04/SES044/SA044S26	SES016	-0.808475	-41.5021	-40.6937
BLOCK04/SES044/SA044S26	SES101	-1.09137	-41.785	-40.6937
BLOCK04/SES044/SA044S26	SES147	-0.814911	-41.5086	-40.6937
BLOCK04/SES044/SA044S29	SES007	-2.14182	-41.9772	-39.8354
BLOCK04/SES044/SA044S29	SES101	-1.07933	-40.9147	-39.8354
BLOCK04/SES044/SA044S29	SES147	-1.64103	-41.4764	-39.8354
BLOCK04/SES044/SA044S29	SES177	-1.53929	-41.3747	-39.8354
BLOCK04/SES046/SA046S13	SES101	-2.28672	-43.1692	-40.8825
BLOCK04/SES046/SA046S13	SES144	-1.28685	-42.1693	-40.8825
BLOCK04/SES046/SA046S13	SES147	-2.30237	-43.1849	-40.8825
BLOCK04/SES046/SA046S13	SES177	-1.56816	-42.4507	-40.8825
BLOCK04/SES046/SA046S15	SES048	-2.56711	-42.1986	-39.6315
BLOCK04/SES046/SA046S15	SES083	-1.08534	-40.7168	-39.6315
BLOCK04/SES046/SA046S15	SES120	-2.90358	-42.535	-39.6315
BLOCK04/SES046/SA046S15	SES148	-nan	-nan	-39.6315
BLOCK04/SES046/SA046S22	SES101	-1.17333	-41.7195	-40.5462
BLOCK04/SES046/SA046S22	SES144	-1.08361	-41.6298	-40.5462
BLOCK04/SES046/SA046S22	SES147	-1.69009	-42.2362	-40.5462
BLOCK04/SES046/SA046S22	SES172	-0.908211	-41.4544	-40.5462
BLOCK04/SES046/SA046S25	SES083	-2.13427	-42.5172	-40.383
BLOCK04/SES046/SA046S25	SES127	-1.27364	-41.6566	-40.383
BLOCK04/SES046/SA046S25	SES144	-1.3319	-41.7149	-40.383
BLOCK04/SES046/SA046S25	SES148	-nan	-nan	-40.383
BLOCK04/SES046/SA046S28	SES007	-3.04744	-43.9212	-40.8737
BLOCK04/SES046/SA046S28	SES105	-2.40979	-43.2835	-40.8737
BLOCK04/SES046/SA046S28	SES147	-1.93319	-42.8069	-40.8737
BLOCK04/SES046/SA046S28	SES148	-nan	-nan	-40.8737
BLOCK04/SES049/SA049S16	SES104	-1.22467	-42.3231	-41.0984
BLOCK04/SES049/SA049S16	SES106	-0.675907	-41.7743	-41.0984
BLOCK04/SES049/SA049S16	SES120	-2.26679	-43.3652	-41.0984
BLOCK04/SES049/SA049S16	SES206	-1.22907	-42.3275	-41.0984
BLOCK04/SES049/SA049S18	SES099	-0.401199	-42.5429	-42.1418
BLOCK04/SES049/SA049S18	SES104	-2.05431	-44.1961	-42.1418
BLOCK04/SES049/SA049S18	SES125	-2.14176	-44.2835	-42.1418
BLOCK04/SES049/SA049S18	SES206	-1.72198	-43.8637	-42.1418
BLOCK04/SES049/SA049S25	SES087	-0.932404	-41.6286	-40.6962
BLOCK04/SES049/SA049S25	SES104	-1.082	-41.7782	-40.6962
BLOCK04/SES049/SA049S25	SES125	-1.77269	-42.4689	-40.6962
BLOCK04/SES049/SA049S25	SES206	-0.730415	-41.4266	-40.6962
BLOCK04/SES049/SA049S27	SES099	-0.117916	-40.2306	-40.1126
BLOCK04/SES049/SA049S27	SES104	-0.399712	-40.5124	-40.1126
BLOCK04/SES049/SA049S27	SES125	-1.02188	-41.1345	-40.1126
BLOCK04/SES049/SA049S27	SES206	-0.775127	-40.8878	-40.1126
BLOCK04/SES049/SA049S29	SES099	0.346436	-39.0793	-39.4257
BLOCK04/SES049/SA049S29	SES104	-0.0825081	-39.5082	-39.4257
BLOCK04/SES049/SA049S29	SES125	-0.968758	-40.3944	-39.4257
BLOCK04/SES049/SA049S29	SES206	-0.346806	-39.7725	-39.4257
BLOCK06/SES063/SA063S09	SES068	-1.46332	-41.5372	-40.0738
BLOCK06/SES063/SA063S09	SES083	-1.25407	-41.3279	-40.0738
BLOCK06/SES063/SA063S09	SES177	-1.10479	-41.1786	-40.0738
BLOCK06/SES063/SA063S09	SES187	-1.25251	-41.3264	-40.0738
BLOCK06/SES063/SA063S10	SES068	-1.53923	-42.3164	-40.7772
BLOCK06/SES063/SA063S10	SES083	-0.830135	-41.6073	-40.7772
BLOCK06/SES063/SA063S10	SES172	-0.151134	-40.9283	-40.7772
BLOCK06/SES063/SA063S10	SES187	-0.654419	-41.4316	-40.7772
BLOCK06/SES063/SA063S20	SES068	-2.48355	-42.9537	-40.4701
BLOCK06/SES063/SA063S20	SES083	-1.68125	-42.1514	-40.4701
BLOCK06/SES063/SA063S20	SES172	-0.844395	-41.3145	-40.4701
BLOCK06/SES063/SA063S20	SES187	-0.651176	-41.1213	-40.4701
BLOCK06/SES063/SA063S24	SES029	-2.7463	-42.8121	-40.0658
BLOCK06/SES063/SA063S24	SES083	-0.946026	-41.0118	-40.0658
BLOCK06/SES063/SA063S24	SES177	-0.449352	-40.5151	-40.0658
BLOCK06/SES063/SA063S24	SES189	-0.755207	-40.821	-40.0658
BLOCK06/SES063/SA063S27	SES083	-0.914238	-42.4213	-41.507
BLOCK06/SES063/SA063S27	SES172	-0.750423	-42.2575	-41.507
BLOCK06/SES063/SA063S27	SES187	-1.34431	-42.8513	-41.507
BLOCK06/SES063/SA063S27	SES292	-1.82544	-43.3325	-41.507
BLOCK06/SES067/SA067S12	SES083	-2.1466	-42.3062	-40.1596
BLOCK06/SES067/SA067S12	SES172	-1.97702	-42.1366	-40.1596
BLOCK06/SES067/SA067S12	SES202	0.109596	-40.05	-40.1596
BLOCK06/SES067/SA067S12	SES292	-1.60024	-41.7598	-40.1596
BLOCK06/SES067/SA067S14	SES085	-1.07612	-40.6651	-39.589
BLOCK06/SES067/SA067S14	SES177	-1.10629	-40.6952	-39.589
BLOCK06/SES067/SA067S14	SES183	-1.97384	-41.5628	-39.589
BLOCK06/SES067/SA067S14	SES202	-0.244362	-39.8333	-39.589
BLOCK06/SES067/SA067S21	SES144	-1.44406	-42.2569	-40.8128
BLOCK06/SES067/SA067S21	SES177	-0.581406	-41.3942	-40.8128
BLOCK06/SES067/SA067S21	SES183	-2.83867	-43.6515	-40.8128
BLOCK06/SES067/SA067S21	SES189	-0.0309296	-40.8437	-40.8128
BLOCK06/SES067/SA067S25	SES085	-1.3385	-41.8013	-40.4628
BLOCK06/SES067/SA067S25	SES177	-1.18286	-41.6457	-40.4628
BLOCK06/SES067/SA067S25	SES183	-2.1295	-42.5923	-40.4628
BLOCK06/SES067/SA067S25	SES202	-0.428871	-40.8917	-40.4628
BLOCK06/SES067/SA067S29	SES085	-1.32267	-41.4504	-40.1278
BLOCK06/SES067/SA067S29	SES177	-1.37906	-41.5068	-40.1278
BLOCK06/SES067/SA067S29	SES183	-2.60992	-42.7377	-40.1278
BLOCK06/SES067/SA067S29	SES202	0.426544	-39.7012	-40.1278
BLOCK06/SES069/SA069S12	SES029	-2.66277	-42.321	-39.6583
BLOCK06/SES069/SA069S12	SES082	-0.961201	-40.6195	-39.6583
BLOCK06/SES069/SA069S12	SES087	-1.19359	-40.8518	-39.6583
BLOCK06/SES069/SA069S12	SES206	-0.952496	-40.6108	-39.6583
BLOCK06/SES069/SA069S13	SES029	-2.46946	-42.1948	-39.7253
BLOCK06/SES069/SA069S13	SES087	-1.42286	-41.1482	-39.7253
BLOCK06/SES069/SA069S13	SES206	-1.49165	-41.217	-39.7253
BLOCK06/SES069/SA069S13	SES226	-1.08534	-40.8106	-39.7253
BLOCK06/SES069/SA069S23	SES029	-1.3237	-39.7099	-38.3862
BLOCK06/SES069/SA069S23	SES087	-1.70262	-40.0889	-38.3862
BLOCK06/SES069/SA069S23	SES206	-1.21906	-39.6053	-38.3862
BLOCK06/SES069/SA069S23	SES226	-0.397732	-38.784	-38.3862
BLOCK06/SES069/SA069S25	SES087	-1.01417	-39.8593	-38.8452
BLOCK06/SES069/SA069S25	SES206	-1.56019	-40.4054	-38.8452
BLOCK06/SES069/SA069S25	SES226	-0.714954	-39.5601	-38.8452
BLOCK06/SES069/SA069S25	SES270	-0.689198	-39.5344	-38.8452
BLOCK06/SES069/SA069S27	SES087	-1.53333	-40.5554	-39.0221
BLOCK06/SES069/SA069S27	SES206	-0.408409	-39.4305	-39.0221
BLOCK06/SES069/SA069S27	SES226	-0.270599	-39.2927	-39.0221
BLOCK06/SES069/SA069S27	SES270	-0.54591	-39.568	-39.0221
BLOCK08/SES081/SA081S11	SES060	-1.92263	-41.9355	-40.0128
BLOCK08/SES081/SA081S11	SES062	-3.77282	-43.7856	-40.0128
BLOCK08/SES081/SA081S11	SES117	-1.80568	-41.8185	-40.0128
BLOCK08/SES081/SA081S11	SES162	-2.16488	-42.1777	-40.0128
BLOCK08/SES081/SA081S13	SES016	-1.31453	-40.3785	-39.064
BLOCK08/SES081/SA081S13	SES060	-0.805809	-39.8698	-39.064
BLOCK08/SES081/SA081S13	SES068	-0.78159	-39.8456	-39.064
BLOCK08/SES081/SA081S13	SES129	-2.09235	-41.1563	-39.064
BLOCK08/SES081/SA081S24	SES060	-1.14502	-40.6084	-39.4634
BLOCK08/SES081/SA081S24	SES068	-1.4677	-40.9311	-39.4634
BLOCK08/SES081/SA081S24	SES117	-1.58056	-41.0439	-39.4634
BLOCK08/SES081/SA081S24	SES275	-2.24813	-41.7115	-39.4634
BLOCK08/SES081/SA081S27	SES007	-2.21596	-41.8558	-39.6398
BLOCK08/SES081/SA081S27	SES060	-1.99242	-41.6322	-39.6398
BLOCK08/SES081/SA081S27	SES117	-0.988365	-40.6282	-39.6398
BLOCK08/SES081/SA081S27	SES275	-2.89318	-42.533	-39.6398
BLOCK08/SES081/SA081S29	SES007	-1.91131	-41.2579	-39.3466
BLOCK08/SES081/SA081S29	SES060	-1.74594	-41.0925	-39.3466
BLOCK08/SES081/SA081S29	SES117	-1.50951	-40.8561	-39.3466
BLOCK08/SES081/SA081S29	SES275	-2.73306	-42.0796	-39.3466
BLOCK08/SES086/SA086S11	SES029	-4.16449	-45.8998	-41.7354
BLOCK08/SES086/SA086S11	SES082	-1.73019	-43.4655	-41.7354
BLOCK08/SES086/SA086S11	SES087	-0.644909	-42.3803	-41.7354
BLOCK08/SES086/SA086S11	SES206	-1.87654	-43.6119	-41.7354
BLOCK08/SES086/SA086S12	SES029	-3.62105	-44.6109	-40.9899
BLOCK08/SES086/SA086S12	SES082	-2.1809	-43.1708	-40.9899
BLOCK08/SES086/SA086S12	SES087	-0.310547	-41.3004	-40.9899
BLOCK08/SES086/SA086S12	SES206	-1.275	-42.2649	-40.9899
BLOCK08/SES086/SA086S20	SES029	-3.38413	-43.1387	-39.7546
BLOCK08/SES086/SA086S20	SES082	-1.76106	-41.5157	-39.7546
BLOCK08/SES086/SA086S20	SES087	0.202114	-39.5525	-39.7546
BLOCK08/SES086/SA086S20	SES206	-0.162514	-39.9171	-39.7546
BLOCK08/SES086/SA086S24	SES087	-0.201485	-40.7042	-40.5027
BLOCK08/SES086/SA086S24	SES104	-1.80684	-42.3096	-40.5027
BLOCK08/SES086/SA086S24	SES120	-2.35228	-42.855	-40.5027
BLOCK08/SES086/SA086S24	SES206	-0.752151	-41.2549	-40.5027
BLOCK08/SES086/SA086S28	SES029	-2.72281	-42.4168	-39.694
BLOCK08/SES086/SA086S28	SES082	-1.69644	-41.3905	-39.694
BLOCK08/SES086/SA086S28	SES087	-0.0169296	-39.711	-39.694
BLOCK08/SES086/SA086S28	SES206	-0.842258	-40.5363	-39.694
BLOCK08/SES089/SA089S13	SES087	-1.32787	-41.5486	-40.2207
BLOCK08/SES089/SA089S13	SES206	-1.07205	-41.2928	-40.2207
BLOCK08/SES089/SA089S13	SES226	-1.06297	-41.2837	-40.2207
BLOCK08/SES089/SA089S13	SES270	-2.0665	-42.2872	-40.2207
BLOCK08/SES089/SA089S14	SES062	-1.44977	-41.4748	-40.025
BLOCK08/SES089/SA089S14	SES087	-0.224895	-40.2499	-40.025
BLOCK08/SES089/SA089S14	SES206	-0.0550194	-40.0801	-40.025
BLOCK08/SES089/SA089S14	SES226	-0.33094	-40.356	-40.025
BLOCK08/SES089/SA089S23	SES087	-0.248451	-41.0877	-40.8393
BLOCK08/SES089/SA089S23	SES206	-0.383244	-41.2225	-40.8393
BLOCK08/SES089/SA089S23	SES226	-1.20465	-42.0439	-40.8393
BLOCK08/SES089/SA089S23	SES270	-2.02903	-42.8683	-40.8393
BLOCK08/SES089/SA089S25	SES062	-1.76902	-41.69	-39.921
BLOCK08/SES089/SA089S25	SES087	-0.631458	-40.5524	-39.921
BLOCK08/SES089/SA089S25	SES206	-0.763885	-40.6848	-39.921
BLOCK08/SES089/SA089S25	SES226	-0.603394	-40.5244	-39.921
BLOCK08/SES089/SA089S28	SES062	-1.22735	-41.0628	-39.8354
BLOCK08/SES089/SA089S28	SES087	-0.176167	-40.0116	-39.8354
BLOCK08/SES089/SA089S28	SES206	0.138321	-39.6971	-39.8354
BLOCK08/SES089/SA089S28	SES226	-0.221474	-40.0569	-39.8354
BLOCK09/SES097/SA097S11	SES099	0.23172	-40.3111	-40.5429
BLOCK09/SES097/SA097S11	SES125	-1.85987	-42.4027	-40.5429
BLOCK09/SES097/SA097S11	SES206	-1.59047	-42.1333	-40.5429
BLOCK09/SES097/SA097S11	SES226	-0.532211	-41.0751	-40.5429
BLOCK09/SES097/SA097S14	SES062	-1.48942	-41.5634	-40.074
BLOCK09/SES097/SA097S14	SES099	-0.670616	-40.7446	-40.074
BLOCK09/SES097/SA097S14	SES104	-1.47579	-41.5498	-40.074
BLOCK09/SES097/SA097S14	SES206	-1.42674	-41.5007	-40.074
BLOCK09/SES097/SA097S22	SES099	0.220917	-40.0168	-40.2377
BLOCK09/SES097/SA097S22	SES206	-0.88459	-41.1223	-40.2377
BLOCK09/SES097/SA097S22	SES226	-1.30757	-41.5453	-40.2377
BLOCK09/SES097/SA097S22	SES270	0.0923462	-40.1454	-40.2377
BLOCK09/SES097/SA097S26	SES099	0.0921211	-39.8421	-39.9342
BLOCK09/SES097/SA097S26	SES120	-1.8523	-41.7865	-39.9342
BLOCK09/SES097/SA097S26	SES206	-1.17994	-41.1141	-39.9342
BLOCK09/SES097/SA097S26	SES226	-1.31986	-41.2541	-39.9342
BLOCK09/SES097/SA097S28	SES099	-0.417549	-40.5401	-40.1225
BLOCK09/SES097/SA097S28	SES120	-1.88633	-42.0089	-40.1225
BLOCK09/SES097/SA097S28	SES206	-1.71422	-41.8368	-40.1225
BLOCK09/SES097/SA097S28	SES226	-1.50177	-41.6243	-40.1225
BLOCK09/SES098/SA098S11	SES127	-3.2122	-44.4774	-41.2652
BLOCK09/SES098/SA098S11	SES144	-1.42857	-42.6937	-41.2652
BLOCK09/SES098/SA098S11	SES147	-1.03382	-42.299	-41.2652
BLOCK09/SES098/SA098S11	SES148	-nan	-nan	-41.2652
BLOCK09/SES098/SA098S12	SES127	-4.69735	-47.5743	-42.8769
BLOCK09/SES098/SA098S12	SES144	-1.85807	-44.735	-42.8769
BLOCK09/SES098/SA098S12	SES147	-1.86721	-44.7441	-42.8769
BLOCK09/SES098/SA098S12	SES189	-1.14563	-44.0226	-42.8769
BLOCK09/SES098/SA098S20	SES127	-3.55071	-45.5743	-42.0236
BLOCK09/SES098/SA098S20	SES147	-1.21979	-43.2434	-42.0236
BLOCK09/SES098/SA098S20	SES148	-nan	-nan	-42.0236
BLOCK09/SES098/SA098S20	SES292	-3.13764	-45.1612	-42.0236
BLOCK09/SES098/SA098S23	SES127	-2.57014	-44.1205	-41.5504
BLOCK09/SES098/SA098S23	SES147	-0.584198	-42.1346	-41.5504
BLOCK09/SES098/SA098S23	SES187	-0.860409	-42.4108	-41.5504
BLOCK09/SES098/SA098S23	SES292	-2.01707	-43.5675	-41.5504
BLOCK09/SES098/SA098S27	SES127	-2.90174	-44.6986	-41.7969
BLOCK09/SES098/SA098S27	SES147	-1.81171	-43.6086	-41.7969
BLOCK09/SES098/SA098S27	SES148	-nan	-nan	-41.7969
BLOCK09/SES098/SA098S27	SES292	-2.3971	-44.194	-41.7969
BLOCK10/SES102/SA102S13	SES101	-0.89975	-42.2984	-41.3987
BLOCK10/SES102/SA102S13	SES105	-1.25597	-42.6546	-41.3987
BLOCK10/SES102/SA102S13	SES120	-1.14076	-42.5394	-41.3987
BLOCK10/SES102/SA102S13	SES158	-4.66987	-46.0685	-41.3987
BLOCK10/SES102/SA102S14	SES007	-0.521336	-39.9731	-39.4518
BLOCK10/SES102/SA102S14	SES101	-0.465172	-39.917	-39.4518
BLOCK10/SES102/SA102S14	SES105	-0.942532	-40.3943	-39.4518
BLOCK10/SES102/SA102S14	SES147	-1.74561	-41.1974	-39.4518
BLOCK10/SES102/SA102S22	SES007	-1.48399	-41.3593	-39.8753
BLOCK10/SES102/SA102S22	SES101	-0.377098	-40.2524	-39.8753
BLOCK10/SES102/SA102S22	SES105	-0.687031	-40.5623	-39.8753
BLOCK10/SES102/SA102S22	SES158	-2.98693	-42.8622	-39.8753
BLOCK10/SES102/SA102S25	SES007	-0.988373	-40.8881	-39.8998
BLOCK10/SES102/SA102S25	SES101	-0.510303	-40.4101	-39.8998
BLOCK10/SES102/SA102S25	SES105	-1.0495	-40.9493	-39.8998
BLOCK10/SES102/SA102S25	SES147	-2.28682	-42.1866	-39.8998
BLOCK10/SES102/SA102S27	SES007	-1.55339	-41.9163	-40.3629
BLOCK10/SES102/SA102S27	SES101	-0.757915	-41.1208	-40.3629
BLOCK10/SES102/SA102S27	SES105	-1.25446	-41.6174	-40.3629
BLOCK10/SES102/SA102S27	SES147	-1.77822	-42.1412	-40.3629
BLOCK10/SES103/SA103S14	SES105	-1.85729	-43.2685	-41.4112
BLOCK10/SES103/SA103S14	SES106	-1.00454	-42.4157	-41.4112
BLOCK10/SES103/SA103S14	SES120	-2.19356	-43.6047	-41.4112
BLOCK10/SES103/SA103S14	SES206	-1.81186	-43.223	-41.4112
BLOCK10/SES103/SA103S15	SES099	-0.722454	-42.9551	-42.2326
BLOCK10/SES103/SA103S15	SES101	-2.77642	-45.009	-42.2326
BLOCK10/SES103/SA103S15	SES104	-1.26125	-43.4939	-42.2326
BLOCK10/SES103/SA103S15	SES125	-0.783798	-43.0164	-42.2326
BLOCK10/SES103/SA103S24	SES104	-1.33393	-42.0892	-40.7553
BLOCK10/SES103/SA103S24	SES125	-0.687233	-41.4425	-40.7553
BLOCK10/SES103/SA103S24	SES148	-nan	-nan	-40.7553
BLOCK10/SES103/SA103S24	SES158	-0.391594	-41.1469	-40.7553
BLOCK10/SES103/SA103S26	SES104	-1.49992	-42.9381	-41.4381
BLOCK10/SES103/SA103S26	SES106	-0.800957	-42.2391	-41.4381
BLOCK10/SES103/SA103S26	SES125	-0.817337	-42.2555	-41.4381
BLOCK10/SES103/SA103S26	SES148	-nan	-nan	-41.4381
BLOCK10/SES103/SA103S28	SES104	-1.61576	-43.2925	-41.6768
BLOCK10/SES103/SA103S28	SES106	-1.03777	-42.7145	-41.6768
BLOCK10/SES103/SA103S28	SES125	-1.10307	-42.7798	-41.6768
BLOCK10/SES103/SA103S28	SES206	-1.71407	-43.3908	-41.6768
BLOCK12/SES121/SA121S12	SES042	-1.83859	-44.1762	-42.3376
BLOCK12/SES121/SA121S12	SES087	-1.05492	-43.3925	-42.3376
BLOCK12/SES121/SA121S12	SES105	-0.98111	-43.3187	-42.3376
BLOCK12/SES121/SA121S12	SES206	-1.58759	-43.9252	-42.3376
BLOCK12/SES121/SA121S14	SES007	-1.80258	-44.6231	-42.8205
BLOCK12/SES121/SA121S14	SES105	-1.69612	-44.5166	-42.8205
BLOCK12/SES121/SA121S14	SES106	-1.30503	-44.1255	-42.8205
BLOCK12/SES121/SA121S14	SES206	-1.8452	-44.6657	-42.8205
BLOCK12/SES121/SA121S23	SES105	-1.90249	-45.3717	-43.4692
BLOCK12/SES121/SA121S23	SES106	-0.64307	-44.1123	-43.4692
BLOCK12/SES121/SA121S23	SES120	-2.32755	-45.7967	-43.4692
BLOCK12/SES121/SA121S23	SES206	-1.00043	-44.4696	-43.4692
BLOCK12/SES121/SA121S25	SES007	-1.27916	-44.9457	-43.6665
BLOCK12/SES121/SA121S25	SES105	-1.61906	-45.2856	-43.6665
BLOCK12/SES121/SA121S25	SES106	-1.11559	-44.7821	-43.6665
BLOCK12/SES121/SA121S25	SES206	-1.96291	-45.6295	-43.6665
BLOCK12/SES121/SA121S27	SES087	-0.395977	-42.5255	-42.1295
BLOCK12/SES121/SA121S27	SES105	-2.58945	-44.719	-42.1295
BLOCK12/SES121/SA121S27	SES120	-1.88264	-44.0122	-42.1295
BLOCK12/SES121/SA121S27	SES206	-1.20449	-43.334	-42.1295
BLOCK12/SES124/SA124S16	SES042	-0.911163	-41.0025	-40.0913
BLOCK12/SES124/SA124S16	SES082	-0.853798	-40.9451	-40.0913
BLOCK12/SES124/SA124S16	SES183	-2.44966	-42.541	-40.0913
BLOCK12/SES124/SA124S16	SES206	-1.22477	-41.3161	-40.0913
BLOCK12/SES124/SA124S17	SES105	-1.38097	-42.6692	-41.2882
BLOCK12/SES124/SA124S17	SES149	-2.31562	-43.6039	-41.2882
BLOCK12/SES124/SA124S17	SES158	-2.20972	-43.498	-41.2882
BLOCK12/SES124/SA124S17	SES275	-1.4739	-42.7622	-41.2882
BLOCK12/SES124/SA124S23	SES105	-1.93185	-40.7371	-38.8052
BLOCK12/SES124/SA124S23	SES125	-0.326111	-39.1314	-38.8052
BLOCK12/SES124/SA124S23	SES129	-2.48791	-41.2932	-38.8052
BLOCK12/SES124/SA124S23	SES158	-0.397488	-39.2027	-38.8052
BLOCK12/SES124/SA124S26	SES105	-2.28767	-41.7528	-39.4652
BLOCK12/SES124/SA124S26	SES125	-0.369694	-39.8349	-39.4652
BLOCK12/SES124/SA124S26	SES129	-2.18314	-41.6483	-39.4652
BLOCK12/SES124/SA124S26	SES158	-0.933102	-40.3983	-39.4652
BLOCK12/SES124/SA124S28	SES104	-0.592468	-40.1152	-39.5227
BLOCK12/SES124/SA124S28	SES106	-0.247013	-39.7697	-39.5227
BLOCK12/SES124/SA124S28	SES125	-0.402248	-39.925	-39.5227
BLOCK12/SES124/SA124S28	SES275	-1.75648	-41.2792	-39.5227
BLOCK12/SES126/SA126S13	SES007	-3.16569	-45.0234	-41.8577
BLOCK12/SES126/SA126S13	SES162	-2.25441	-44.1121	-41.8577
BLOCK12/SES126/SA126S13	SES177	-1.4041	-43.2618	-41.8577
BLOCK12/SES126/SA126S13	SES180	-2.30606	-44.1637	-41.8577
BLOCK12/SES126/SA126S14	SES144	-1.13958	-41.5818	-40.4423
BLOCK12/SES126/SA126S14	SES148	-nan	-nan	-40.4423
BLOCK12/SES126/SA126S14	SES177	-0.611343	-41.0536	-40.4423
BLOCK12/SES126/SA126S14	SES180	-1.19204	-41.6343	-40.4423
BLOCK12/SES126/SA126S20	SES007	-2.83628	-43.2532	-40.417
BLOCK12/SES126/SA126S20	SES162	-2.08316	-42.5001	-40.417
BLOCK12/SES126/SA126S20	SES172	-2.92212	-43.3391	-40.417
BLOCK12/SES126/SA126S20	SES180	-2.51429	-42.9313	-40.417
BLOCK12/SES126/SA126S24	SES120	-1.83715	-42.0734	-40.2362
BLOCK12/SES126/SA126S24	SES162	-1.70875	-41.945	-40.2362
BLOCK12/SES126/SA126S24	SES177	-0.963951	-41.2002	-40.2362
BLOCK12/SES126/SA126S24	SES180	-0.992878	-41.2291	-40.2362
BLOCK12/SES126/SA126S26	SES120	-1.77166	-42.6913	-40.9196
BLOCK12/SES126/SA126S26	SES177	-1.14658	-42.0662	-40.9196
BLOCK12/SES126/SA126S26	SES180	-1.75811	-42.6777	-40.9196
BLOCK12/SES126/SA126S26	SES202	-2.40247	-43.3221	-40.9196
BLOCK12/SES128/SA128S10	SES087	-1.96366	-42.0299	-40.0663
BLOCK12/SES128/SA128S10	SES206	-1.31129	-41.3776	-40.0663
BLOCK12/SES128/SA128S10	SES226	-0.826118	-40.8924	-40.0663
BLOCK12/SES128/SA128S10	SES270	-0.501919	-40.5682	-40.0663
BLOCK12/SES128/SA128S12	SES120	-1.80928	-42.1987	-40.3895
BLOCK12/SES128/SA128S12	SES158	-1.05409	-41.4436	-40.3895
BLOCK12/SES128/SA128S12	SES206	-0.869564	-41.259	-40.3895
BLOCK12/SES128/SA128S12	SES226	-1.05163	-41.4411	-40.3895
BLOCK12/SES128/SA128S21	SES106	-2.0105	-42.981	-40.9705
BLOCK12/SES128/SA128S21	SES120	-2.4892	-43.4597	-40.9705
BLOCK12/SES128/SA128S21	SES206	-1.83178	-42.8023	-40.9705
BLOCK12/SES128/SA128S21	SES226	-1.17207	-42.1426	-40.9705
BLOCK12/SES128/SA128S24	SES087	-1.00226	-41.4146	-40.4123
BLOCK12/SES128/SA128S24	SES120	-1.17085	-41.5832	-40.4123
BLOCK12/SES128/SA128S24	SES206	-0.757828	-41.1702	-40.4123
BLOCK12/SES128/SA128S24	SES226	-1.14576	-41.5581	-40.4123
BLOCK12/SES128/SA128S27	SES099	-0.221569	-39.6665	-39.445
BLOCK12/SES128/SA128S27	SES120	-1.5601	-41.0051	-39.445
BLOCK12/SES128/SA128S27	SES206	-0.693832	-40.1388	-39.445
BLOCK12/SES128/SA128S27	SES226	-0.562519	-40.0075	-39.445
BLOCK13/SES130/SA130S13	SES143	-2.6171	-44.1138	-41.4967
BLOCK13/SES130/SA130S13	SES144	-0.608067	-42.1047	-41.4967
BLOCK13/SES130/SA130S13	SES146	-1.61421	-43.1109	-41.4967
BLOCK13/SES130/SA130S13	SES275	-3.13381	-44.6305	-41.4967
BLOCK13/SES130/SA130S15	SES143	-2.53352	-42.9916	-40.4581
BLOCK13/SES130/SA130S15	SES144	-0.790951	-41.2491	-40.4581
BLOCK13/SES130/SA130S15	SES146	-0.60844	-41.0666	-40.4581
BLOCK13/SES130/SA130S15	SES275	-1.3783	-41.8364	-40.4581
BLOCK13/SES130/SA130S23	SES127	-2.89719	-44.8766	-41.9794
BLOCK13/SES130/SA130S23	SES144	-1.22215	-43.2016	-41.9794
BLOCK13/SES130/SA130S23	SES146	-0.98423	-42.9636	-41.9794
BLOCK13/SES130/SA130S23	SES162	-1.61401	-43.5934	-41.9794
BLOCK13/SES130/SA130S25	SES127	-2.1269	-42.4244	-40.2975
BLOCK13/SES130/SA130S25	SES144	-0.515388	-40.8129	-40.2975
BLOCK13/SES130/SA130S25	SES146	-0.726471	-41.024	-40.2975
BLOCK13/SES130/SA130S25	SES275	-0.720333	-41.0178	-40.2975
BLOCK13/SES130/SA130S28	SES127	-1.47541	-41.8863	-40.4109
BLOCK13/SES130/SA130S28	SES144	-0.939205	-41.3501	-40.4109
BLOCK13/SES130/SA130S28	SES146	-1.20644	-41.6173	-40.4109
BLOCK13/SES130/SA130S28	SES275	-0.690102	-41.101	-40.4109
BLOCK13/SES131/SA131S13	SES002	-2.0663	-44.5063	-42.44
BLOCK13/SES131/SA131S13	SES007	-2.29152	-44.7315	-42.44
BLOCK13/SES131/SA131S13	SES099	-1.59726	-44.0372	-42.44
BLOCK13/SES131/SA131S13	SES105	-1.65345	-44.0934	-42.44
BLOCK13/SES131/SA131S14	SES104	-0.810825	-41.6171	-40.8063
BLOCK13/SES131/SA131S14	SES106	-0.458782	-41.2651	-40.8063
BLOCK13/SES131/SA131S14	SES125	-1.13338	-41.9397	-40.8063
BLOCK13/SES131/SA131S14	SES148	-nan	-nan	-40.8063
BLOCK13/SES131/SA131S20	SES104	-1.35929	-43.3897	-42.0304
BLOCK13/SES131/SA131S20	SES106	-0.947163	-42.9776	-42.0304
BLOCK13/SES131/SA131S20	SES125	-1.43105	-43.4615	-42.0304
BLOCK13/SES131/SA131S20	SES148	-nan	-nan	-42.0304
BLOCK13/SES131/SA131S22	SES099	-1.23243	-42.4537	-41.2212
BLOCK13/SES131/SA131S22	SES104	-1.56628	-42.7875	-41.2212
BLOCK13/SES131/SA131S22	SES125	-1.44189	-42.6631	-41.2212
BLOCK13/SES131/SA131S22	SES206	-1.77879	-43	-41.2212
BLOCK13/SES131/SA131S29	SES087	-1.35979	-43.2637	-41.9039
BLOCK13/SES131/SA131S29	SES104	-1.71337	-43.6173	-41.9039
BLOCK13/SES131/SA131S29	SES125	-2.04139	-43.9453	-41.9039
BLOCK13/SES131/SA131S29	SES206	-1.68883	-43.5928	-41.9039
BLOCK13/SES132/SA132S11	SES083	-2.04931	-41.9033	-39.854
BLOCK13/SES132/SA132S11	SES120	-0.462502	-40.3165	-39.854
BLOCK13/SES132/SA132S11	SES127	-1.36018	-41.2142	-39.854
BLOCK13/SES132/SA132S11	SES275	-1.50712	-41.3611	-39.854
BLOCK13/SES132/SA132S12	SES083	-1.86798	-41.6463	-39.7783
BLOCK13/SES132/SA132S12	SES143	-1.72944	-41.5077	-39.7783
BLOCK13/SES132/SA132S12	SES144	-1.42003	-41.1983	-39.7783
BLOCK13/SES132/SA132S12	SES148	-nan	-nan	-39.7783
BLOCK13/SES132/SA132S22	SES062	-1.22649	-40.9658	-39.7393
BLOCK13/SES132/SA132S22	SES083	-1.5309	-41.2702	-39.7393
BLOCK13/SES132/SA132S22	SES127	-1.00467	-40.744	-39.7393
BLOCK13/SES132/SA132S22	SES275	-1.23701	-40.9763	-39.7393
BLOCK13/SES132/SA132S24	SES007	-0.948589	-40.5489	-39.6004
BLOCK13/SES132/SA132S24	SES083	-1.97609	-41.5764	-39.6004
BLOCK13/SES132/SA132S24	SES127	-1.61535	-41.2157	-39.6004
BLOCK13/SES132/SA132S24	SES275	-1.54828	-41.1486	-39.6004
BLOCK13/SES132/SA132S27	SES083	-2.24507	-42.4855	-40.2404
BLOCK13/SES132/SA132S27	SES120	-0.507355	-40.7478	-40.2404
BLOCK13/SES132/SA132S27	SES127	-1.72746	-41.9679	-40.2404
BLOCK13/SES132/SA132S27	SES275	-2.09871	-42.3391	-40.2404
BLOCK14/SES141/SA141S09	SES143	-1.08034	-41.5177	-40.4373
BLOCK14/SES141/SA141S09	SES144	-0.917946	-41.3553	-40.4373
BLOCK14/SES141/SA141S09	SES162	-1.20386	-41.6412	-40.4373
BLOCK14/SES141/SA141S09	SES180	-1.43672	-41.8741	-40.4373
BLOCK14/SES141/SA141S15	SES127	-1.84873	-42.0231	-40.1744
BLOCK14/SES141/SA141S15	SES144	-1.14035	-41.3147	-40.1744
BLOCK14/SES141/SA141S15	SES162	-1.4688	-41.6432	-40.1744
BLOCK14/SES141/SA141S15	SES180	-1.01545	-41.1898	-40.1744
BLOCK14/SES141/SA141S24	SES127	-1.18977	-40.9761	-39.7863
BLOCK14/SES141/SA141S24	SES144	-1.6889	-41.4752	-39.7863
BLOCK14/SES141/SA141S24	SES162	-0.731907	-40.5182	-39.7863
BLOCK14/SES141/SA141S24	SES183	-2.39633	-42.1826	-39.7863
BLOCK14/SES141/SA141S26	SES142	-1.67347	-42.4997	-40.8262
BLOCK14/SES141/SA141S26	SES144	-1.46266	-42.2889	-40.8262
BLOCK14/SES141/SA141S26	SES172	-0.994907	-41.8211	-40.8262
BLOCK14/SES141/SA141S26	SES180	-1.40562	-42.2318	-40.8262
BLOCK14/SES141/SA141S29	SES127	-0.875931	-40.7152	-39.8393
BLOCK14/SES141/SA141S29	SES142	-0.820152	-40.6595	-39.8393
BLOCK14/SES141/SA141S29	SES144	-1.27822	-41.1175	-39.8393
BLOCK14/SES141/SA141S29	SES180	-0.871933	-40.7113	-39.8393
BLOCK15/SES157/SA157S08	SES083	-3.26389	-43.7958	-40.5319
BLOCK15/SES157/SA157S08	SES127	-2.08332	-42.6153	-40.5319
BLOCK15/SES157/SA157S08	SES148	-nan	-nan	-40.5319
BLOCK15/SES157/SA157S08	SES292	-2.27143	-42.8034	-40.5319
BLOCK15/SES157/SA157S11	SES083	-2.35141	-42.8729	-40.5215
BLOCK15/SES157/SA157S11	SES127	-2.43059	-42.9521	-40.5215
BLOCK15/SES157/SA157S11	SES148	-nan	-nan	-40.5215
BLOCK15/SES157/SA157S11	SES292	-2.02448	-42.546	-40.5215
BLOCK15/SES157/SA157S21	SES127	-2.33598	-42.2353	-39.8993
BLOCK15/SES157/SA157S21	SES148	-nan	-nan	-39.8993
BLOCK15/SES157/SA157S21	SES158	-3.81293	-43.7123	-39.8993
BLOCK15/SES157/SA157S21	SES292	-1.67385	-41.5732	-39.8993
BLOCK15/SES157/SA157S24	SES127	-1.94532	-42.0682	-40.1229
BLOCK15/SES157/SA157S24	SES148	-nan	-nan	-40.1229
BLOCK15/SES157/SA157S24	SES183	-1.89366	-42.0166	-40.1229
BLOCK15/SES157/SA157S24	SES292	-1.81738	-41.9403	-40.1229
BLOCK15/SES157/SA157S26	SES007	-1.1222	-40.8983	-39.776
BLOCK15/SES157/SA157S26	SES127	-1.05699	-40.833	-39.776
BLOCK15/SES157/SA157S26	SES147	-1.7342	-41.5103	-39.776
BLOCK15/SES157/SA157S26	SES148	-nan	-nan	-39.776
BLOCK16/SES161/SA161S10	SES007	-1.96915	-43.8583	-41.8891
BLOCK16/SES161/SA161S10	SES105	-1.24376	-43.1329	-41.8891
BLOCK16/SES161/SA161S10	SES158	-1.95826	-43.8474	-41.8891
BLOCK16/SES161/SA161S10	SES275	-1.39179	-43.2809	-41.8891
BLOCK16/SES161/SA161S12	SES007	-1.31601	-42.7446	-41.4286
BLOCK16/SES161/SA161S12	SES105	-1.73203	-43.1606	-41.4286
BLOCK16/SES161/SA161S12	SES158	-1.15467	-42.5832	-41.4286
BLOCK16/SES161/SA161S12	SES275	-1.08007	-42.5086	-41.4286
BLOCK16/SES161/SA161S20	SES007	-1.9038	-44.5995	-42.6957
BLOCK16/SES161/SA161S20	SES105	-1.79409	-44.4898	-42.6957
BLOCK16/SES161/SA161S20	SES158	-1.57516	-44.2709	-42.6957
BLOCK16/SES161/SA161S20	SES275	-1.66385	-44.3596	-42.6957
BLOCK16/SES161/SA161S23	SES007	-1.68629	-42.6819	-40.9956
BLOCK16/SES161/SA161S23	SES105	-0.981483	-41.9771	-40.9956
BLOCK16/SES161/SA161S23	SES148	-nan	-nan	-40.9956
BLOCK16/SES161/SA161S23	SES158	-0.815422	-41.811	-40.9956
BLOCK16/SES161/SA161S28	SES007	-2.13166	-43.7526	-41.6209
BLOCK16/SES161/SA161S28	SES105	-1.96288	-43.5838	-41.6209
BLOCK16/SES161/SA161S28	SES158	-0.805794	-42.4267	-41.6209
BLOCK16/SES161/SA161S28	SES206	-1.33094	-42.9519	-41.6209
BLOCK16/SES164/SA164S11	SES104	-1.6046	-41.6893	-40.0847
BLOCK16/SES164/SA164S11	SES125	-0.766102	-40.8508	-40.0847
BLOCK16/SES164/SA164S11	SES158	0.164799	-39.9199	-40.0847
BLOCK16/SES164/SA164S11	SES206	-1.43876	-41.5234	-40.0847
BLOCK16/SES164/SA164S13	SES099	-1.18225	-42.5935	-41.4112
BLOCK16/SES164/SA164S13	SES104	-1.99666	-43.4079	-41.4112
BLOCK16/SES164/SA164S13	SES125	-2.11936	-43.5306	-41.4112
BLOCK16/SES164/SA164S13	SES206	-2.01777	-43.429	-41.4112
BLOCK16/SES164/SA164S24	SES002	-0.885883	-41.5174	-40.6315
BLOCK16/SES164/SA164S24	SES099	-0.556297	-41.1878	-40.6315
BLOCK16/SES164/SA164S24	SES125	-1.69589	-42.3274	-40.6315
BLOCK16/SES164/SA164S24	SES226	-0.838852	-41.4703	-40.6315
BLOCK16/SES164/SA164S27	SES087	-1.9662	-42.7721	-40.8059
BLOCK16/SES164/SA164S27	SES125	-1.39266	-42.1985	-40.8059
BLOCK16/SES164/SA164S27	SES206	-1.67952	-42.4854	-40.8059
BLOCK16/SES164/SA164S27	SES226	-1.32062	-42.1265	-40.8059
BLOCK16/SES164/SA164S29	SES002	-0.266392	-40.6723	-40.4059
BLOCK16/SES164/SA164S29	SES019	-1.23559	-41.6415	-40.4059
BLOCK16/SES164/SA164S29	SES125	-1.28382	-41.6897	-40.4059
BLOCK16/SES164/SA164S29	SES226	-1.36163	-41.7675	-40.4059
BLOCK16/SES169/SA169S13	SES117	-1.73277	-42.1734	-40.4406
BLOCK16/SES169/SA169S13	SES144	-1.49022	-41.9308	-40.4406
BLOCK16/SES169/SA169S13	SES146	-1.67741	-42.118	-40.4406
BLOCK16/SES169/SA169S13	SES162	-1.95219	-42.3928	-40.4406
BLOCK16/SES169/SA169S14	SES144	-1.18569	-40.7221	-39.5364
BLOCK16/SES169/SA169S14	SES148	-nan	-nan	-39.5364
BLOCK16/SES169/SA169S14	SES177	-1.40136	-40.9377	-39.5364
BLOCK16/SES169/SA169S14	SES180	-2.51279	-42.0492	-39.5364
BLOCK16/SES169/SA169S24	SES117	-1.18449	-42.1481	-40.9636
BLOCK16/SES169/SA169S24	SES144	-0.867615	-41.8312	-40.9636
BLOCK16/SES169/SA169S24	SES146	-1.61101	-42.5746	-40.9636
BLOCK16/SES169/SA169S24	SES162	-1.99861	-42.9622	-40.9636
BLOCK16/SES169/SA169S27	SES127	-1.51696	-41.6653	-40.1483
BLOCK16/SES169/SA169S27	SES129	-1.54824	-41.6966	-40.1483
BLOCK16/SES169/SA169S27	SES144	-1.41546	-41.5638	-40.1483
BLOCK16/SES169/SA169S27	SES146	-0.905457	-41.0538	-40.1483
BLOCK16/SES169/SA169S29	SES144	-0.849426	-40.7178	-39.8684
BLOCK16/SES169/SA169S29	SES162	-1.42397	-41.2923	-39.8684
BLOCK16/SES169/SA169S29	SES177	-2.21063	-42.079	-39.8684
BLOCK16/SES169/SA169S29	SES180	-2.08908	-41.9574	-39.8684
BLOCK17/SES171/SA171S12	SES083	-1.28596	-42.3983	-41.1124
BLOCK17/SES171/SA171S12	SES148	-nan	-nan	-41.1124
BLOCK17/SES171/SA171S12	SES172	-1.28211	-42.3945	-41.1124
BLOCK17/SES171/SA171S12	SES292	-2.33968	-43.4521	-41.1124
BLOCK17/SES171/SA171S15	SES148	-nan	-nan	-41.5354
BLOCK17/SES171/SA171S15	SES177	-0.957912	-42.4933	-41.5354
BLOCK17/SES171/SA171S15	SES180	-3.35113	-44.8865	-41.5354
BLOCK17/SES171/SA171S15	SES292	-2.60143	-44.1368	-41.5354
BLOCK17/SES171/SA171S22	SES007	-1.8379	-42.0702	-40.2323
BLOCK17/SES171/SA171S22	SES148	-nan	-nan	-40.2323
BLOCK17/SES171/SA171S22	SES177	-0.841896	-41.0742	-40.2323
BLOCK17/SES171/SA171S22	SES180	-2.21173	-42.4441	-40.2323
BLOCK17/SES171/SA171S25	SES101	-2.16749	-43.5382	-41.3707
BLOCK17/SES171/SA171S25	SES120	-3.22525	-44.596	-41.3707
BLOCK17/SES171/SA171S25	SES177	-1.30029	-42.671	-41.3707
BLOCK17/SES171/SA171S25	SES180	-2.08817	-43.4589	-41.3707
BLOCK17/SES171/SA171S27	SES177	-0.902977	-41.806	-40.903
BLOCK17/SES171/SA171S27	SES180	-2.26316	-43.1662	-40.903
BLOCK17/SES171/SA171S27	SES189	-1.0695	-41.9725	-40.903
BLOCK17/SES171/SA171S27	SES292	-2.62661	-43.5297	-40.903
BLOCK17/SES173/SA173S13	SES162	-2.37764	-44.6886	-42.311
BLOCK17/SES173/SA173S13	SES177	-1.84753	-44.1585	-42.311
BLOCK17/SES173/SA173S13	SES180	-3.72834	-46.0393	-42.311
BLOCK17/SES173/SA173S13	SES292	-1.50729	-43.8183	-42.311
BLOCK17/SES173/SA173S14	SES007	-3.92154	-45.8461	-41.9245
BLOCK17/SES173/SA173S14	SES162	-1.96991	-43.8944	-41.9245
BLOCK17/SES173/SA173S14	SES177	-1.44691	-43.3714	-41.9245
BLOCK17/SES173/SA173S14	SES180	-3.20847	-45.133	-41.9245
BLOCK17/SES173/SA173S24	SES144	-1.78674	-44.2219	-42.4352
BLOCK17/SES173/SA173S24	SES162	-2.33175	-44.7669	-42.4352
BLOCK17/SES173/SA173S24	SES177	-1.51268	-43.9478	-42.4352
BLOCK17/SES173/SA173S24	SES180	-4.36518	-46.8003	-42.4352
BLOCK17/SES173/SA173S27	SES162	-2.75308	-44.7605	-42.0074
BLOCK17/SES173/SA173S27	SES177	-1.80032	-43.8077	-42.0074
BLOCK17/SES173/SA173S27	SES180	-3.51099	-45.5184	-42.0074
BLOCK17/SES173/SA173S27	SES292	-2.20466	-44.2121	-42.0074
BLOCK17/SES173/SA173S29	SES162	-2.32997	-44.2658	-41.9358
BLOCK17/SES173/SA173S29	SES175	-1.94376	-43.8796	-41.9358
BLOCK17/SES173/SA173S29	SES177	-1.53909	-43.4749	-41.9358
BLOCK17/SES173/SA173S29	SES292	-2.55739	-44.4932	-41.9358
BLOCK18/SES182/SA182S10	SES144	-1.36745	-41.5571	-40.1896
BLOCK18/SES182/SA182S10	SES177	-1.26041	-41.45	-40.1896
BLOCK18/SES182/SA182S10	SES180	-2.66354	-42.8531	-40.1896
BLOCK18/SES182/SA182S10	SES275	-0.782795	-40.9724	-40.1896
BLOCK18/SES182/SA182S12	SES144	-0.588131	-40.8179	-40.2298
BLOCK18/SES182/SA182S12	SES177	-0.849049	-41.0788	-40.2298
BLOCK18/SES182/SA182S12	SES180	-1.15738	-41.3872	-40.2298
BLOCK18/SES182/SA182S12	SES275	-1.2312	-41.461	-40.2298
BLOCK18/SES182/SA182S21	SES117	-1.23965	-42.5578	-41.3181
BLOCK18/SES182/SA182S21	SES144	-1.64924	-42.9674	-41.3181
BLOCK18/SES182/SA182S21	SES162	-1.16097	-42.4791	-41.3181
BLOCK18/SES182/SA182S21	SES180	-2.06691	-43.385	-41.3181
BLOCK18/SES182/SA182S23	SES117	-1.22395	-41.9415	-40.7176
BLOCK18/SES182/SA182S23	SES144	-1.4637	-42.1813	-40.7176
BLOCK18/SES182/SA182S23	SES180	-2.19517	-42.9127	-40.7176
BLOCK18/SES182/SA182S23	SES275	-1.80064	-42.5182	-40.7176
BLOCK18/SES182/SA182S25	SES007	-1.52506	-42.4488	-40.9237
BLOCK18/SES182/SA182S25	SES162	-1.12075	-42.0445	-40.9237
BLOCK18/SES182/SA182S25	SES177	-1.30003	-42.2237	-40.9237
BLOCK18/SES182/SA182S25	SES180	-1.80148	-42.7252	-40.9237
BLOCK18/SES184/SA184S12	SES177	-1.66232	-42.2605	-40.5982
BLOCK18/SES184/SA184S12	SES180	-1.98663	-42.5849	-40.5982
BLOCK18/SES184/SA184S12	SES189	-2.22421	-42.8224	-40.5982
BLOCK18/SES184/SA184S12	SES292	-2.70279	-43.301	-40.5982
BLOCK18/SES184/SA184S13	SES101	-1.9171	-42.0702	-40.1531
BLOCK18/SES184/SA184S13	SES177	-1.02525	-41.1783	-40.1531
BLOCK18/SES184/SA184S13	SES180	-1.2908	-41.4439	-40.1531
BLOCK18/SES184/SA184S13	SES292	-1.71489	-41.868	-40.1531
BLOCK18/SES184/SA184S22	SES177	-1.40707	-40.7266	-39.3195
BLOCK18/SES184/SA184S22	SES180	-1.33329	-40.6528	-39.3195
BLOCK18/SES184/SA184S22	SES189	-2.57783	-41.8973	-39.3195
BLOCK18/SES184/SA184S22	SES292	-1.74959	-41.0691	-39.3195
BLOCK18/SES184/SA184S25	SES101	-1.16833	-40.3322	-39.1638
BLOCK18/SES184/SA184S25	SES177	-1.33706	-40.5009	-39.1638
BLOCK18/SES184/SA184S25	SES180	-1.11592	-40.2798	-39.1638
BLOCK18/SES184/SA184S25	SES292	-1.24953	-40.4134	-39.1638
BLOCK18/SES184/SA184S27	SES083	-2.28832	-42.1906	-39.9022
BLOCK18/SES184/SA184S27	SES177	-1.04458	-40.9468	-39.9022
BLOCK18/SES184/SA184S27	SES202	-2.03174	-41.934	-39.9022
BLOCK18/SES184/SA184S27	SES292	-1.60343	-41.5057	-39.9022
BLOCK20/SES204/SA204S12	SES062	-1.6195	-41.083	-39.4635
BLOCK20/SES204/SA204S12	SES083	-2.14507	-41.6085	-39.4635
BLOCK20/SES204/SA204S12	SES206	-0.834198	-40.2977	-39.4635
BLOCK20/SES204/SA204S12	SES226	-1.98915	-41.4526	-39.4635
BLOCK20/SES204/SA204S14	SES068	-2.5775	-41.3997	-38.8222
BLOCK20/SES204/SA204S14	SES087	-0.308418	-39.1306	-38.8222
BLOCK20/SES204/SA204S14	SES206	-1.12057	-39.9428	-38.8222
BLOCK20/SES204/SA204S14	SES226	-1.61006	-40.4322	-38.8222
BLOCK20/SES204/SA204S22	SES068	-2.63934	-42.3362	-39.6969
BLOCK20/SES204/SA204S22	SES082	-3.17868	-42.8755	-39.6969
BLOCK20/SES204/SA204S22	SES083	-2.72615	-42.423	-39.6969
BLOCK20/SES204/SA204S22	SES206	-0.893913	-40.5908	-39.6969
BLOCK20/SES204/SA204S25	SES062	-2.00377	-42.0506	-40.0468
BLOCK20/SES204/SA204S25	SES083	-2.29769	-42.3445	-40.0468
BLOCK20/SES204/SA204S25	SES206	-0.780529	-40.8274	-40.0468
BLOCK20/SES204/SA204S25	SES226	-1.81353	-41.8604	-40.0468
BLOCK20/SES204/SA204S27	SES068	-2.84136	-42.8317	-39.9904
BLOCK20/SES204/SA204S27	SES082	-2.24696	-42.2373	-39.9904
BLOCK20/SES204/SA204S27	SES087	-1.2301	-41.2205	-39.9904
BLOCK20/SES204/SA204S27	SES206	-0.894783	-40.8851	-39.9904
BLOCK20/SES207/SA207S10	SES127	-1.37316	-42.0536	-40.6804
BLOCK20/SES207/SA207S10	SES183	-1.72462	-42.405	-40.6804
BLOCK20/SES207/SA207S10	SES189	-1.45244	-42.1328	-40.6804
BLOCK20/SES207/SA207S10	SES292	-1.7419	-42.4223	-40.6804
BLOCK20/SES207/SA207S11	SES127	-2.35886	-42.8493	-40.4905
BLOCK20/SES207/SA207S11	SES183	-2.14791	-42.6384	-40.4905
BLOCK20/SES207/SA207S11	SES187	-1.70768	-42.1981	-40.4905
BLOCK20/SES207/SA207S11	SES292	-1.41469	-41.9052	-40.4905
BLOCK20/SES207/SA207S25	SES068	-1.70992	-42.3562	-40.6463
BLOCK20/SES207/SA207S25	SES083	-2.71845	-43.3648	-40.6463
BLOCK20/SES207/SA207S25	SES127	-1.95669	-42.603	-40.6463
BLOCK20/SES207/SA207S25	SES187	-0.896008	-41.5423	-40.6463
BLOCK20/SES207/SA207S27	SES127	-2.31187	-43.1492	-40.8374
BLOCK20/SES207/SA207S27	SES183	-1.39053	-42.2279	-40.8374
BLOCK20/SES207/SA207S27	SES187	-1.36765	-42.205	-40.8374
BLOCK20/SES207/SA207S27	SES292	-2.39057	-43.2279	-40.8374
BLOCK20/SES207/SA207S29	SES083	-2.81572	-43.188	-40.3723
BLOCK20/SES207/SA207S29	SES085	-1.02582	-41.3981	-40.3723
BLOCK20/SES207/SA207S29	SES172	-1.54885	-41.9211	-40.3723
BLOCK20/SES207/SA207S29	SES189	-2.00937	-42.3816	-40.3723
BLOCK22/SES221/SA221S12	SES068	-1.68591	-42.2752	-40.5893
BLOCK22/SES221/SA221S12	SES143	-1.84612	-42.4355	-40.5893
BLOCK22/SES221/SA221S12	SES175	-1.16898	-41.7583	-40.5893
BLOCK22/SES221/SA221S12	SES202	-0.558144	-41.1475	-40.5893
BLOCK22/SES221/SA221S15	SES085	-1.51292	-43.1535	-41.6406
BLOCK22/SES221/SA221S15	SES143	-2.58299	-44.2236	-41.6406
BLOCK22/SES221/SA221S15	SES175	-1.31094	-42.9515	-41.6406
BLOCK22/SES221/SA221S15	SES187	-1.27706	-42.9176	-41.6406
BLOCK22/SES221/SA221S23	SES068	-2.60003	-43.3872	-40.7872
BLOCK22/SES221/SA221S23	SES143	-2.73961	-43.5268	-40.7872
BLOCK22/SES221/SA221S23	SES175	-1.19389	-41.9811	-40.7872
BLOCK22/SES221/SA221S23	SES189	-0.575092	-41.3623	-40.7872
BLOCK22/SES221/SA221S27	SES085	-2.62099	-43.3684	-40.7474
BLOCK22/SES221/SA221S27	SES143	-1.91565	-42.6631	-40.7474
BLOCK22/SES221/SA221S27	SES175	-1.53612	-42.2836	-40.7474
BLOCK22/SES221/SA221S27	SES189	0.520832	-40.2266	-40.7474
BLOCK22/SES221/SA221S29	SES085	-1.91979	-43.4259	-41.5061
BLOCK22/SES221/SA221S29	SES143	-2.38731	-43.8935	-41.5061
BLOCK22/SES221/SA221S29	SES175	-1.479	-42.9851	-41.5061
BLOCK22/SES221/SA221S29	SES187	-0.169743	-41.6759	-41.5061
BLOCK22/SES223/SA223S11	SES143	-1.27106	-42.7588	-41.4878
BLOCK22/SES223/SA223S11	SES144	-2.57836	-44.0661	-41.4878
BLOCK22/SES223/SA223S11	SES175	-1.22148	-42.7092	-41.4878
BLOCK22/SES223/SA223S11	SES187	-1.52876	-43.0165	-41.4878
BLOCK22/SES223/SA223S13	SES068	-1.59133	-43.9163	-42.325
BLOCK22/SES223/SA223S13	SES143	-1.7465	-44.0715	-42.325
BLOCK22/SES223/SA223S13	SES146	-2.72147	-45.0465	-42.325
BLOCK22/SES223/SA223S13	SES202	-1.47209	-43.7971	-42.325
BLOCK22/SES223/SA223S22	SES143	-1.17346	-42.8977	-41.7243
BLOCK22/SES223/SA223S22	SES144	-2.32784	-44.0521	-41.7243
BLOCK22/SES223/SA223S22	SES175	-1.07063	-42.7949	-41.7243
BLOCK22/SES223/SA223S22	SES187	-1.17322	-42.8975	-41.7243
BLOCK22/SES223/SA223S25	SES068	-1.6989	-43.5025	-41.8036
BLOCK22/SES223/SA223S25	SES143	-1.44258	-43.2462	-41.8036
BLOCK22/SES223/SA223S25	SES175	-0.824825	-42.6284	-41.8036
BLOCK22/SES223/SA223S25	SES187	-1.27361	-43.0772	-41.8036
BLOCK22/SES223/SA223S27	SES143	-1.45113	-43.2326	-41.7814
BLOCK22/SES223/SA223S27	SES146	-1.8899	-43.6713	-41.7814
BLOCK22/SES223/SA223S27	SES187	-1.60125	-43.3827	-41.7814
BLOCK22/SES223/SA223S27	SES292	-1.89745	-43.6789	-41.7814
BLOCK27/SES273/SA273S12	SES099	-0.227051	-38.86	-38.6329
BLOCK27/SES273/SA273S12	SES104	-0.824207	-39.4572	-38.6329
BLOCK27/SES273/SA273S12	SES125	-1.11689	-39.7498	-38.6329
BLOCK27/SES273/SA273S12	SES206	-0.318733	-38.9517	-38.6329
BLOCK27/SES273/SA273S13	SES099	-0.498867	-39.096	-38.5971
BLOCK27/SES273/SA273S13	SES104	-0.813358	-39.4105	-38.5971
BLOCK27/SES273/SA273S13	SES206	-0.711857	-39.309	-38.5971
BLOCK27/SES273/SA273S13	SES292	-1.64997	-40.2471	-38.5971
BLOCK27/SES273/SA273S21	SES099	-0.211273	-39.0701	-38.8588
BLOCK27/SES273/SA273S21	SES148	-nan	-nan	-38.8588
BLOCK27/SES273/SA273S21	SES149	-1.42338	-40.2822	-38.8588
BLOCK27/SES273/SA273S21	SES177	-2.50758	-41.3664	-38.8588
BLOCK27/SES273/SA273S25	SES104	-1.37703	-40.4173	-39.0402
BLOCK27/SES273/SA273S25	SES125	-1.14753	-40.1878	-39.0402
BLOCK27/SES273/SA273S25	SES158	-0.552319	-39.5925	-39.0402
BLOCK27/SES273/SA273S25	SES206	-0.405293	-39.4455	-39.0402
BLOCK27/SES273/SA273S27	SES099	-0.613144	-39.579	-38.9659
BLOCK27/SES273/SA273S27	SES104	-1.30119	-40.267	-38.9659
BLOCK27/SES273/SA273S27	SES149	-0.782021	-39.7479	-38.9659
BLOCK27/SES273/SA273S27	SES275	-1.34103	-40.3069	-38.9659
BLOCK27/SES274/SA274S10	SES105	-1.11925	-39.9347	-38.8154
BLOCK27/SES274/SA274S10	SES125	-1.45776	-40.2732	-38.8154
BLOCK27/SES274/SA274S10	SES129	-0.360996	-39.1764	-38.8154
BLOCK27/SES274/SA274S10	SES158	-1.811	-40.6264	-38.8154
BLOCK27/SES274/SA274S11	SES105	-1.20211	-40.3121	-39.11
BLOCK27/SES274/SA274S11	SES149	-1.42559	-40.5356	-39.11
BLOCK27/SES274/SA274S11	SES158	-1.31011	-40.4201	-39.11
BLOCK27/SES274/SA274S11	SES275	-0.496231	-39.6062	-39.11
BLOCK27/SES274/SA274S21	SES105	-0.789841	-40.3967	-39.6069
BLOCK27/SES274/SA274S21	SES129	-0.434742	-40.0416	-39.6069
BLOCK27/SES274/SA274S21	SES149	-1.17008	-40.777	-39.6069
BLOCK27/SES274/SA274S21	SES158	-1.81624	-41.4231	-39.6069
BLOCK27/SES274/SA274S24	SES105	-0.561394	-39.8044	-39.243
BLOCK27/SES274/SA274S24	SES129	-0.785519	-40.0285	-39.243
BLOCK27/SES274/SA274S24	SES149	-1.77316	-41.0162	-39.243
BLOCK27/SES274/SA274S24	SES158	-2.17617	-41.4192	-39.243
BLOCK27/SES274/SA274S29	SES105	-1.24304	-40.681	-39.4379
BLOCK27/SES274/SA274S29	SES106	-2.19953	-41.6375	-39.4379
BLOCK27/SES274/SA274S29	SES120	-1.37677	-40.8147	-39.4379
BLOCK27/SES274/SA274S29	SES275	-0.700005	-40.138	-39.4379
BLOCK27/SES276/SA276S16	SES148	-nan	-nan	-40.7171
BLOCK27/SES276/SA276S16	SES172	-2.01397	-42.731	-40.7171
BLOCK27/SES276/SA276S16	SES180	-2.77837	-43.4954	-40.7171
BLOCK27/SES276/SA276S16	SES292	-1.49969	-42.2168	-40.7171
BLOCK27/SES276/SA276S17	SES101	-1.30336	-41.4758	-40.1724
BLOCK27/SES276/SA276S17	SES177	-1.70455	-41.877	-40.1724
BLOCK27/SES276/SA276S17	SES180	-2.0719	-42.2443	-40.1724
BLOCK27/SES276/SA276S17	SES292	-1.57898	-41.7514	-40.1724
BLOCK27/SES276/SA276S24	SES101	-1.23672	-40.4912	-39.2545
BLOCK27/SES276/SA276S24	SES177	-1.61136	-40.8658	-39.2545
BLOCK27/SES276/SA276S24	SES180	-2.0591	-41.3136	-39.2545
BLOCK27/SES276/SA276S24	SES292	-2.27406	-41.5285	-39.2545
BLOCK27/SES276/SA276S26	SES101	-2.34975	-41.9627	-39.613
BLOCK27/SES276/SA276S26	SES177	-1.36232	-40.9753	-39.613
BLOCK27/SES276/SA276S26	SES180	-1.59062	-41.2036	-39.613
BLOCK27/SES276/SA276S26	SES292	-1.62971	-41.2427	-39.613
BLOCK27/SES276/SA276S28	SES101	-1.76223	-41.6809	-39.9187
BLOCK27/SES276/SA276S28	SES177	-1.59484	-41.5135	-39.9187
BLOCK27/SES276/SA276S28	SES180	-1.54066	-41.4593	-39.9187
BLOCK27/SES276/SA276S28	SES292	-2.1932	-42.1119	-39.9187
BLOCK27/SES277/SA277S12	SES101	-1.07809	-42.0471	-40.969
BLOCK27/SES277/SA277S12	SES177	-1.96919	-42.9382	-40.969
BLOCK27/SES277/SA277S12	SES180	-2.9003	-43.8693	-40.969
BLOCK27/SES277/SA277S12	SES292	-3.12704	-44.096	-40.969
BLOCK27/SES277/SA277S14	SES177	-1.26845	-42.8585	-41.59
BLOCK27/SES277/SA277S14	SES180	-2.16525	-43.7553	-41.59
BLOCK27/SES277/SA277S14	SES189	-0.967873	-42.5579	-41.59
BLOCK27/SES277/SA277S14	SES292	-2.73932	-44.3293	-41.59
BLOCK27/SES277/SA277S21	SES177	-0.710548	-41.1442	-40.4336
BLOCK27/SES277/SA277S21	SES180	-2.84277	-43.2764	-40.4336
BLOCK27/SES277/SA277S21	SES189	-0.987019	-41.4207	-40.4336
BLOCK27/SES277/SA277S21	SES292	-2.47974	-42.9134	-40.4336
BLOCK27/SES277/SA277S24	SES144	-1.59999	-43.0786	-41.4786
BLOCK27/SES277/SA277S24	SES177	-1.55131	-43.0299	-41.4786
BLOCK27/SES277/SA277S24	SES180	-3.10871	-44.5873	-41.4786
BLOCK27/SES277/SA277S24	SES189	-1.26799	-42.7465	-41.4786
BLOCK27/SES277/SA277S29	SES177	-1.29922	-40.5819	-39.2826
BLOCK27/SES277/SA277S29	SES180	-1.67479	-40.9574	-39.2826
BLOCK27/SES277/SA277S29	SES202	-1.26177	-40.5444	-39.2826
BLOCK27/SES277/SA277S29	SES292	-2.43025	-41.7129	-39.2826
BLOCK27/SES279/SA279S09	SES120	-1.07898	-41.189	-40.11
BLOCK27/SES279/SA279S09	SES146	-1.10678	-41.2168	-40.11
BLOCK27/SES279/SA279S09	SES206	-1.15742	-41.2674	-40.11
BLOCK27/SES279/SA279S09	SES226	-1.40479	-41.5148	-40.11
BLOCK27/SES279/SA279S10	SES099	-0.273949	-39.9549	-39.6809
BLOCK27/SES279/SA279S10	SES206	-0.782951	-40.4639	-39.6809
BLOCK27/SES279/SA279S10	SES226	-1.31148	-40.9924	-39.6809
BLOCK27/SES279/SA279S10	SES292	-1.04204	-40.723	-39.6809
BLOCK27/SES279/SA279S20	SES099	-1.01145	-41.2504	-40.239
BLOCK27/SES279/SA279S20	SES206	-0.303097	-40.5421	-40.239
BLOCK27/SES279/SA279S20	SES226	-1.73932	-41.9783	-40.239
BLOCK27/SES279/SA279S20	SES292	-0.68755	-40.9265	-40.239
BLOCK27/SES279/SA279S26	SES099	-0.548725	-40.6881	-40.1394
BLOCK27/SES279/SA279S26	SES206	-0.775585	-40.915	-40.1394
BLOCK27/SES279/SA279S26	SES226	-1.3009	-41.4403	-40.1394
BLOCK27/SES279/SA279S26	SES292	-1.01646	-41.1559	-40.1394
BLOCK27/SES279/SA279S28	SES099	-0.823288	-39.3641	-38.5408
BLOCK27/SES279/SA279S28	SES120	-1.35802	-39.8989	-38.5408
BLOCK27/SES279/SA279S28	SES177	-2.6682	-41.209	-38.5408
BLOCK27/SES279/SA279S28	SES206	-0.85643	-39.3973	-38.5408
BLOCK29/SES290/SA290S12	SES162	-1.53619	-41.3132	-39.777
BLOCK29/SES290/SA290S12	SES177	-1.13123	-40.9082	-39.777
BLOCK29/SES290/SA290S12	SES180	-2.24051	-42.0175	-39.777
BLOCK29/SES290/SA290S12	SES292	-1.88821	-41.6652	-39.777
BLOCK29/SES290/SA290S13	SES007	-4.13819	-44.8898	-40.7516
BLOCK29/SES290/SA290S13	SES162	-2.37836	-43.13	-40.7516
BLOCK29/SES290/SA290S13	SES177	-1.04602	-41.7976	-40.7516
BLOCK29/SES290/SA290S13	SES180	-1.9904	-42.742	-40.7516
BLOCK29/SES290/SA290S22	SES177	-1.01736	-41.2201	-40.2027
BLOCK29/SES290/SA290S22	SES180	-1.12516	-41.3279	-40.2027
BLOCK29/SES290/SA290S22	SES202	-1.30719	-41.5099	-40.2027
BLOCK29/SES290/SA290S22	SES292	-2.48669	-42.6894	-40.2027
BLOCK29/SES290/SA290S25	SES162	-1.30206	-40.9279	-39.6259
BLOCK29/SES290/SA290S25	SES177	-0.950439	-40.5763	-39.6259
BLOCK29/SES290/SA290S25	SES180	-1.37338	-40.9992	-39.6259
BLOCK29/SES290/SA290S25	SES292	-1.53939	-41.1653	-39.6259
BLOCK29/SES290/SA290S29	SES177	-0.26461	-39.7851	-39.5205
BLOCK29/SES290/SA290S29	SES180	-1.16413	-40.6846	-39.5205
BLOCK29/SES290/SA290S29	SES275	-2.35273	-41.8732	-39.5205
BLOCK29/SES290/SA290S29	SES292	-1.35709	-40.8776	-39.5205
BLOCK29/SES291/SA291S11	SES105	-2.45688	-42.8028	-40.346
BLOCK29/SES291/SA291S11	SES125	-1.44509	-41.791	-40.346
BLOCK29/SES291/SA291S11	SES158	-0.934937	-41.2809	-40.346
BLOCK29/SES291/SA291S11	SES275	-2.52511	-42.8711	-40.346
BLOCK29/SES291/SA291S12	SES158	-0.0787811	-39.8716	-39.7928
BLOCK29/SES291/SA291S12	SES226	-1.04786	-40.8407	-39.7928
BLOCK29/SES291/SA291S12	SES270	-0.32996	-40.1228	-39.7928
BLOCK29/SES291/SA291S12	SES275	-3.31345	-43.1063	-39.7928
BLOCK29/SES291/SA291S22	SES082	-0.812607	-40.571	-39.7584
BLOCK29/SES291/SA291S22	SES158	-0.565125	-40.3235	-39.7584
BLOCK29/SES291/SA291S22	SES259	-1.18459	-40.943	-39.7584
BLOCK29/SES291/SA291S22	SES275	-2.55119	-42.3096	-39.7584
BLOCK29/SES291/SA291S24	SES104	-0.499653	-39.1667	-38.667
BLOCK29/SES291/SA291S24	SES125	-0.375221	-39.0423	-38.667
BLOCK29/SES291/SA291S24	SES158	-0.486397	-39.1534	-38.667
BLOCK29/SES291/SA291S24	SES275	-2.50272	-41.1698	-38.667
BLOCK29/SES291/SA291S27	SES158	0.135273	-39.0804	-39.2157
BLOCK29/SES291/SA291S27	SES172	-3.70582	-42.9215	-39.2157
BLOCK29/SES291/SA291S27	SES275	-2.77613	-41.9918	-39.2157
BLOCK29/SES291/SA291S27	SES292	-1.53537	-40.751	-39.2157
